read problem
[ 10 iterations]
real= [[23 12  2 27 21  0  0  0]
 [27  3  1 14 13 20 21  0]
 [27 23 28 22 25 19  6  0]
 [28  3 20 27 26  8 21  0]
 [16 21  2  6 25  4  0  0]
 [23  9 18 12 19 22 14  0]
 [27  3  2 22 17  4 21  0]
 [22 20  2 27 17 16 11  0]
 [25 21 28  3 13  4 14  0]
 [22  0  0  0  0  0  0  0]]
gen= [[23 23 23 23 23 23 23 23]
 [21  0  0 13 13 13 13 21]
 [23 19 19 19 19 19 19  6]
 [21 21  0  0  0  0  0  0]
 [ 6  6  6  6  6  6  6  6]
 [ 9 23 23  9  9  9  9  9]
 [ 4  4  4  4  4  4  4  0]
 [11 16 16  0  0  0  0  0]
 [ 4  4  4 21 21  4  4  4]
 [ 0 22  0  0  0  0  0  0]]
valid: gen=0.005
reward: norm=0.7389083680956301
[ 20 iterations]
real= [[22 28 10 15 11  8 14  0]
 [25  0  0  0  0  0  0  0]
 [26 12  1  6 19 20  9  0]
 [26 24  1  6 23 16  9  0]
 [18 17  0  0  0  0  0  0]
 [16  3 18  7 27  0  0  0]
 [23  5  1  8  6 20  9  0]
 [21 12 18  6 19  4 14  0]
 [14 23  5  7  0  0  0  0]
 [27  5  2 22 17 11  9  0]]
gen= [[ 0  0  0  0  0  0  0  0]
 [ 0  0  0  0  0  0  0  0]
 [ 9  0  0  0  0  0  0  0]
 [ 6  6  0  0  0  0  0  0]
 [17  0  0  0  0  0  0  0]
 [ 0  0  0  0  0  0  0  0]
 [ 9  6  9  0  0  0  0  0]
 [ 6  6  0  0  0  0  0  0]
 [23  0  0  0  0  0  0  0]
 [ 9  0  0  0  0  0  0  0]]
valid: gen=0.007
reward: norm=0.7362476782844978
[ 30 iterations]
real= [[23 26  1 12 17  8  3  0]
 [26 24 16 15 19  8  9  0]
 [25 28  2  6 21  8 16  0]
 [22 24  1  7  6  8  4  0]
 [28  3  2  1 21 22  9  0]
 [14 22  0  0  0  0  0  0]
 [23 21 28  7 19 20 14  0]
 [22 28  5  7 13 15 19  0]
 [23 12 11 22 17  8 18  0]
 [26  5  2  8 21  4 16  0]]
gen= [[ 0  0  0  0  0  0  0  0]
 [19  0  0  0  0  0  0  0]
 [ 6  0  0  0  0  0  0  0]
 [ 6  0  0  0  0  0  0  0]
 [ 9  0  0  0  0  0  0  0]
 [ 0  0  0  0  0  0  0  0]
 [19  0  0  0  0  0  0  0]
 [15  0  0  0  0  0  0  0]
 [ 0  0  0  0  0  0  0  0]
 [ 0  0  0  0  0  0  0  0]]
valid: gen=0.005
reward: norm=0.7380715753269644
[ 40 iterations]
real= [[23  3  5  7 13  6 14  0]
 [28  3  2 15 21 22 14  0]
 [26  5  1 12 21 20 16  0]
 [25  5 11  1 21  4 16  0]
 [18 26  2 14 13 17 10  0]
 [26 28  1  6 25 19 14  0]
 [ 4  3 11  0  0  0  0  0]
 [ 5  8 11  7 27  0  0  0]
 [25 20  2 27 17 15 18  0]
 [25 26 10 15 17 19 14  0]]
gen= [[ 6  6  6  6  6  0  0  0]
 [15 15 15 15 15  0  0  0]
 [16 16 16  0  0  0  0  0]
 [ 4 16  4 16  4  0  0  0]
 [13 13  0  0  0  0  0  0]
 [19 19 19 19 19 19  0  0]
 [ 4  4  4  4  4  0  0  0]
 [ 0  0  0  0  0  0  0  0]
 [15 15 15 15  0  0  0  0]
 [15 15 19 15 19 19  0  0]]
valid: gen=0.008
reward: norm=0.7263238375880896
[ 50 iterations]
real= [[26 23 28 25 19  4  5  0]
 [25 24 11 12  2 22  5  0]
 [26  3  7 12 17  8 13  0]
 [23 12  2  6 21 19 18  0]
 [ 5 24  7 27 21  0  0  0]
 [ 8  0  0  0  0  0  0  0]
 [27  3 10 25 17  4 16  0]
 [25 20 28  1 13  4 14  0]
 [18 12 28  7  5 16  0  0]
 [23 24  5  4 17 19 16  0]]
gen= [[19 19 19 19 19 19  0  0]
 [22 22 22  0  0  0  0  0]
 [13 13 17  0  0  0  0  0]
 [19 19 19 19 19 19  0  0]
 [21 21 21 21 21  0  0  0]
 [ 8  8  0  0  0  0  0  0]
 [ 4  4 16  4  4  4  0  0]
 [ 4  4  4  4  4  4  0  0]
 [12 16 16 16 16  0  0  0]
 [23 19  4 19 19 19  0  0]]
valid: gen=0.005
reward: norm=0.7220403964995633
[ 60 iterations]
real= [[23 12  2 27 21  0  0  0]
 [27  3  1 14 13 20 21  0]
 [27 23 28 22 25 19  6  0]
 [28  3 20 27 26  8 21  0]
 [16 21  2  6 25  4  0  0]
 [23  9 18 12 19 22 14  0]
 [27  3  2 22 17  4 21  0]
 [22 20  2 27 17 16 11  0]
 [25 21 28  3 13  4 14  0]
 [22  0  0  0  0  0  0  0]]
gen= [[21 21 21 21 21 21  0  0]
 [21 21 21 21 21 21  0  0]
 [ 6  6 19 19 19 19  0  0]
 [ 3 21 21 21 21 21  0  0]
 [ 6  6  6  6  6 21  0  0]
 [19 19 19 19 19 19  0  0]
 [22 22 17 21 21 21  0  0]
 [22 17 17 17 17 17  0  0]
 [21 21 21 21 21 21  0  0]
 [22 22 22 22 22  0  0  0]]
valid: gen=0.0
reward: norm=0.776357120465801
[ 70 iterations]
real= [[22 28 10 15 11  8 14  0]
 [25  0  0  0  0  0  0  0]
 [26 12  1  6 19 20  9  0]
 [26 24  1  6 23 16  9  0]
 [18 17  0  0  0  0  0  0]
 [16  3 18  7 27  0  0  0]
 [23  5  1  8  6 20  9  0]
 [21 12 18  6 19  4 14  0]
 [14 23  5  7  0  0  0  0]
 [27  5  2 22 17 11  9  0]]
gen= [[22 15 15 15 15 15  0  0]
 [25 25 25 25 25  0  0  0]
 [ 6  6  6  6  6 19  0  0]
 [ 6  6  6  6  6  6  0  0]
 [17 17 17 17 17 17  0  0]
 [ 3  3  3  3  3  3  0  0]
 [ 6  6  6  6  6  0  0  0]
 [21 21  6  6 21 19  0  0]
 [23 23 23 23 23  0  0  0]
 [17 17 17 17 17 17  0  0]]
valid: gen=0.0
reward: norm=0.7739106227625601
[ 80 iterations]
real= [[23 26  1 12 17  8  3  0]
 [26 24 16 15 19  8  9  0]
 [25 28  2  6 21  8 16  0]
 [22 24  1  7  6  8  4  0]
 [28  3  2  1 21 22  9  0]
 [14 22  0  0  0  0  0  0]
 [23 21 28  7 19 20 14  0]
 [22 28  5  7 13 15 19  0]
 [23 12 11 22 17  8 18  0]
 [26  5  2  8 21  4 16  0]]
gen= [[17 17 17 17 17 17  0  0]
 [24 15 15 15 19 19  0  0]
 [ 6  6  6  6  6 21  0  0]
 [ 6  6  6  6  6  4  0  0]
 [ 9  0 21 21 21 21  0  0]
 [22 22 22 22 22  0  0  0]
 [28 28 21 21 21 21  0  0]
 [28 15 13 13 13 13  0  0]
 [23  0 17 17 17 17  0  0]
 [21 21 21 21 21 21  0  0]]
valid: gen=0.0
reward: norm=0.7807066549092715
[ 90 iterations]
real= [[23  3  5  7 13  6 14  0]
 [28  3  2 15 21 22 14  0]
 [26  5  1 12 21 20 16  0]
 [25  5 11  1 21  4 16  0]
 [18 26  2 14 13 17 10  0]
 [26 28  1  6 25 19 14  0]
 [ 4  3 11  0  0  0  0  0]
 [ 5  8 11  7 27  0  0  0]
 [25 20  2 27 17 15 18  0]
 [25 26 10 15 17 19 14  0]]
gen= [[ 0  6  6  6 13 13  0  0]
 [28  0  0 15 21 21  0  0]
 [ 0  0  1  1 21 21  0  0]
 [ 0  0  0  1 21  4  0  0]
 [ 0  0  0 13 13 13  0  0]
 [28  6  6  6  6  0  0  0]
 [ 0  0  0  0  4  4  0  0]
 [ 0  0  0  0  7  0  0  0]
 [ 0  0  0 17 17 17  0  0]
 [26  0  0 17 17 17  0  0]]
valid: gen=0.0
reward: norm=0.8147644286959498
[ 100 iterations]
real= [[26 23 28 25 19  4  5  0]
 [25 24 11 12  2 22  5  0]
 [26  3  7 12 17  8 13  0]
 [23 12  2  6 21 19 18  0]
 [ 5 24  7 27 21  0  0  0]
 [ 8  0  0  0  0  0  0  0]
 [27  3 10 25 17  4 16  0]
 [25 20 28  1 13  4 14  0]
 [18 12 28  7  5 16  0  0]
 [23 24  5  4 17 19 16  0]]
gen= [[28  0  0  0 19  4  0  0]
 [24  0  0  0 25  0  0  0]
 [26  0  0  0 13 13  0  0]
 [23  0  0  6  6 19  0  0]
 [24  0  0  0 21  0  0  0]
 [ 0  0  0  0  8  0  0  0]
 [ 3  0  0  0 17  4  0  0]
 [28  0  0  1 13  4  0  0]
 [28  0  0  0 28  0  0  0]
 [24  0  0  0 17  4  0  0]]
valid: gen=0.0
reward: norm=0.8646452735368445
[ 110 iterations]
real= [[23 12  2 27 21  0  0  0]
 [27  3  1 14 13 20 21  0]
 [27 23 28 22 25 19  6  0]
 [28  3 20 27 26  8 21  0]
 [16 21  2  6 25  4  0  0]
 [23  9 18 12 19 22 14  0]
 [27  3  2 22 17  4 21  0]
 [22 20  2 27 17 16 11  0]
 [25 21 28  3 13  4 14  0]
 [22  0  0  0  0  0  0  0]]
gen= [[23  0  0  0 21  0  0  0]
 [ 3  0  1  1 13  0  0  0]
 [23  0  0  0 25 19  0  0]
 [26  0  0  0 21 21  0  0]
 [25  0  0  0 25  4  0  0]
 [ 9  9  0  0 19 19  0  0]
 [ 3  0  0  0 17  4  0  0]
 [ 0  0  0  0 17 17  0  0]
 [28  0  0  0 13  4  0  0]
 [22  0  0  0  0  0  0  0]]
valid: gen=0.007
reward: norm=0.8870430413550686
[ 120 iterations]
real= [[22 28 10 15 11  8 14  0]
 [25  0  0  0  0  0  0  0]
 [26 12  1  6 19 20  9  0]
 [26 24  1  6 23 16  9  0]
 [18 17  0  0  0  0  0  0]
 [16  3 18  7 27  0  0  0]
 [23  5  1  8  6 20  9  0]
 [21 12 18  6 19  4 14  0]
 [14 23  5  7  0  0  0  0]
 [27  5  2 22 17 11  9  0]]
gen= [[14 28  0  0  8  0  0  0]
 [25 25  0  0 25  0  0  0]
 [26  9  1  1 19  0  0  0]
 [26 24  1  1  6  0  0  0]
 [17  0  0  0 17  0  0  0]
 [ 3  3  0  0  3  0  0  0]
 [23  9  1  1  6 20  0  0]
 [14  0  0  6 21  4  0  0]
 [23 23  0  0 23  0  0  0]
 [ 9  9  0  0 17 17  0  0]]
valid: gen=0.009
reward: norm=0.9008280242683725
[ 130 iterations]
real= [[23 26  1 12 17  8  3  0]
 [26 24 16 15 19  8  9  0]
 [25 28  2  6 21  8 16  0]
 [22 24  1  7  6  8  4  0]
 [28  3  2  1 21 22  9  0]
 [14 22  0  0  0  0  0  0]
 [23 21 28  7 19 20 14  0]
 [22 28  5  7 13 15 19  0]
 [23 12 11 22 17  8 18  0]
 [26  5  2  8 21  4 16  0]]
gen= [[26 26  1  1 17 17  0  0]
 [26 24  0  0 19 19  0  0]
 [25 25  0  6 25 25  0  0]
 [24 24  1  1  6  4  0  0]
 [ 3  9  1  1 21  0  0  0]
 [14 14  0  0  0  0  0  0]
 [23 23  0  0 21 20 20  0]
 [13  0  0 13 13 19  0  0]
 [23 23 11 11 17 17  0  0]
 [26 26  0  0 21 21  0  0]]
valid: gen=0.005
reward: norm=0.9087881675086771
[ 140 iterations]
real= [[23  3  5  7 13  6 14  0]
 [28  3  2 15 21 22 14  0]
 [26  5  1 12 21 20 16  0]
 [25  5 11  1 21  4 16  0]
 [18 26  2 14 13 17 10  0]
 [26 28  1  6 25 19 14  0]
 [ 4  3 11  0  0  0  0  0]
 [ 5  8 11  7 27  0  0  0]
 [25 20  2 27 17 15 18  0]
 [25 26 10 15 17 19 14  0]]
gen= [[23 23  0  6 13  0  0  0]
 [ 3  3  0 21 21  0  0  0]
 [26 26  1  1 21 20 20 20]
 [25 25  1  1 25  0  0  0]
 [26 26 10 10 17  0  0  0]
 [26 26  1  6 25  0  0  0]
 [ 3  3 11 11  3  0  0  0]
 [ 7 11 11 11  0  0  0  0]
 [25 25  0 25 17 20 20 20]
 [26 26 10 10 17  0  0  0]]
valid: gen=0.002
reward: norm=0.8602048663266875
[ 150 iterations]
real= [[26 23 28 25 19  4  5  0]
 [25 24 11 12  2 22  5  0]
 [26  3  7 12 17  8 13  0]
 [23 12  2  6 21 19 18  0]
 [ 5 24  7 27 21  0  0  0]
 [ 8  0  0  0  0  0  0  0]
 [27  3 10 25 17  4 16  0]
 [25 20 28  1 13  4 14  0]
 [18 12 28  7  5 16  0  0]
 [23 24  5  4 17 19 16  0]]
gen= [[26 26  0 25 25  4  0  0]
 [24 24 11 25 25  0  0  0]
 [26 26  0 13 17  0  0  0]
 [23 23  0  6 21  0  0  0]
 [24 24  0 21 21  0  0  0]
 [ 0  0  0  0  0  0  0  0]
 [ 3  3 10 10 17  0  0  0]
 [25 20  1  1 13 20 20 20]
 [12 12  0  7  0  0  0  0]
 [24 24  0 17 17  4  0  0]]
valid: gen=0.003
reward: norm=0.8813458015151422
[ 160 iterations]
real= [[23 12  2 27 21  0  0  0]
 [27  3  1 14 13 20 21  0]
 [27 23 28 22 25 19  6  0]
 [28  3 20 27 26  8 21  0]
 [16 21  2  6 25  4  0  0]
 [23  9 18 12 19 22 14  0]
 [27  3  2 22 17  4 21  0]
 [22 20  2 27 17 16 11  0]
 [25 21 28  3 13  4 14  0]
 [22  0  0  0  0  0  0  0]]
gen= [[23 23  2 27 21  0  0  0]
 [ 3  3  1  1 13 20 20 20]
 [23 23  0  6 25  0  0  0]
 [26 26 20 27 21 20 20 20]
 [25 21  2  6 25  4  0  0]
 [23  9  9 14 23  0  0  0]
 [ 3  3  2 17 17  4  0  0]
 [22 20 11 17 17 20 20 20]
 [ 3  3  0 13 13  4  0  0]
 [22  0  0  0  0  0  0  0]]
valid: gen=0.003
reward: norm=0.9277827228121671
[ 170 iterations]
real= [[22 28 10 15 11  8 14  0]
 [25  0  0  0  0  0  0  0]
 [26 12  1  6 19 20  9  0]
 [26 24  1  6 23 16  9  0]
 [18 17  0  0  0  0  0  0]
 [16  3 18  7 27  0  0  0]
 [23  5  1  8  6 20  9  0]
 [21 12 18  6 19  4 14  0]
 [14 23  5  7  0  0  0  0]
 [27  5  2 22 17 11  9  0]]
gen= [[14 11 11 14  0  0  0  0]
 [25 25  0 25 25  0  0  0]
 [26  9  1  6 19 20 20 20]
 [23  9  1  6 23  0  0  0]
 [17  0  0 17 17  0  0  0]
 [ 3  3  0 27  3  0  0  0]
 [23  9  1  6 23 20 20 20]
 [14 12  0  6 21  4  4  0]
 [23 23  0 14 23  0  0  0]
 [ 9  9 11 27 17  0  0  0]]
valid: gen=0.002
reward: norm=0.9359830052814343
[ 180 iterations]
real= [[23 26  1 12 17  8  3  0]
 [26 24 16 15 19  8  9  0]
 [25 28  2  6 21  8 16  0]
 [22 24  1  7  6  8  4  0]
 [28  3  2  1 21 22  9  0]
 [14 22  0  0  0  0  0  0]
 [23 21 28  7 19 20 14  0]
 [22 28  5  7 13 15 19  0]
 [23 12 11 22 17  8 18  0]
 [26  5  2  8 21  4 16  0]]
gen= [[26  3  1 12 17  0  0  0]
 [26  9  9 15 19  0  0  0]
 [25 21  2  6 25 21  0  0]
 [24 24  1  6  4  4  4  0]
 [ 3  3  2  2 21 21  0  0]
 [14 14  0 14  0  0  0  0]
 [23 20 20  7 21 20 20 20]
 [22  0  0 15 13  0  0  0]
 [23 23 11 12 17  0  0  0]
 [26 26  2 16 21  4  4  0]]
valid: gen=0.009
reward: norm=0.9638114931868985
[ 190 iterations]
real= [[23  3  5  7 13  6 14  0]
 [28  3  2 15 21 22 14  0]
 [26  5  1 12 21 20 16  0]
 [25  5 11  1 21  4 16  0]
 [18 26  2 14 13 17 10  0]
 [26 28  1  6 25 19 14  0]
 [ 4  3 11  0  0  0  0  0]
 [ 5  8 11  7 27  0  0  0]
 [25 20  2 27 17 15 18  0]
 [25 26 10 15 17 19 14  0]]
gen= [[23  3  0  7 13  0  0  0]
 [14  3  2 15 21 21  0  0]
 [26 26 20 16 21 20 20 20]
 [25 21 11 16 21  4  4  0]
 [26 26  2 14 17 17  0  0]
 [26 26  1  6 25 19  0  0]
 [ 3  3 11  3  4  4  0  0]
 [ 7 11 11 27 27  0  0  0]
 [25 20  2 27 17 20 20 20]
 [26 26 10 15 17 19  0  0]]
valid: gen=0.007
reward: norm=0.9756486627043746
[ 200 iterations]
real= [[26 23 28 25 19  4  5  0]
 [25 24 11 12  2 22  5  0]
 [26  3  7 12 17  8 13  0]
 [23 12  2  6 21 19 18  0]
 [ 5 24  7 27 21  0  0  0]
 [ 8  0  0  0  0  0  0  0]
 [27  3 10 25 17  4 16  0]
 [25 20 28  1 13  4 14  0]
 [18 12 28  7  5 16  0  0]
 [23 24  5  4 17 19 16  0]]
gen= [[23 26  0 25 25  4  4  0]
 [25 24  2 12 25  0  0  0]
 [26  3  8  7 17 17  0  0]
 [23 23  2 12 21 19  0  0]
 [21 24  7  7 21 21  0  0]
 [ 8  0  8  0  8  0  0  0]
 [25  3 10 27 17  4  4  0]
 [14 20  1 14 13 20 20 20]
 [16 12 16  7  7  0  0  0]
 [23 24  0 16 17  4  4  0]]
valid: gen=0.0
reward: norm=0.9967718498168886
[ 210 iterations]
real= [[23 12  2 27 21  0  0  0]
 [27  3  1 14 13 20 21  0]
 [27 23 28 22 25 19  6  0]
 [28  3 20 27 26  8 21  0]
 [16 21  2  6 25  4  0  0]
 [23  9 18 12 19 22 14  0]
 [27  3  2 22 17  4 21  0]
 [22 20  2 27 17 16 11  0]
 [25 21 28  3 13  4 14  0]
 [22  0  0  0  0  0  0  0]]
gen= [[23 21  2 27 21 21  0  0]
 [14  3  1 27 13 20 20 20]
 [23 23  0 27 19 19 19  0]
 [26  3 20 27 21 20 20 20]
 [25 21  2  6 21  4  4  0]
 [23  9  9 12 19 19 19  0]
 [21  3  2 27 17  4  4  0]
 [16 20  2 27 17 20 20 20]
 [14  3  3 13 13  4  4  0]
 [22  0  0 22  0  0  0  0]]
valid: gen=0.001
reward: norm=1.0003796562782
[ 220 iterations]
real= [[22 28 10 15 11  8 14  0]
 [25  0  0  0  0  0  0  0]
 [26 12  1  6 19 20  9  0]
 [26 24  1  6 23 16  9  0]
 [18 17  0  0  0  0  0  0]
 [16  3 18  7 27  0  0  0]
 [23  5  1  8  6 20  9  0]
 [21 12 18  6 19  4 14  0]
 [14 23  5  7  0  0  0  0]
 [27  5  2 22 17 11  9  0]]
gen= [[14 14 11 15  0  8  0  0]
 [25 25  0 25 25  0  0  0]
 [26  9  1 12 19 19 20  0]
 [23 24  1  6 23  0  0  0]
 [17  0 18 18 17  0  0  0]
 [16  3 18  7  3  0  0  0]
 [23  9  1  6 20 20 20  0]
 [14 21 18 12 19  4  4  0]
 [23 23  7  7  7  0  0  0]
 [22  9  2 27 17 17  0  0]]
valid: gen=0.005
reward: norm=0.9890402871853731
[ 230 iterations]
real= [[23 26  1 12 17  8  3  0]
 [26 24 16 15 19  8  9  0]
 [25 28  2  6 21  8 16  0]
 [22 24  1  7  6  8  4  0]
 [28  3  2  1 21 22  9  0]
 [14 22  0  0  0  0  0  0]
 [23 21 28  7 19 20 14  0]
 [22 28  5  7 13 15 19  0]
 [23 12 11 22 17  8 18  0]
 [26  5  2  8 21  4 16  0]]
gen= [[26  3  1 12 17 17  0  0]
 [26 24  8 15 19 19  0  0]
 [16 21  2  6 25  8  0  0]
 [22 24  1  7  4  4  4  0]
 [21  3  2  1 21  0  0  0]
 [14 14  0 14  0  0  0  0]
 [23 21 20  7 19 19 20  0]
 [22 28 15  7 13 19  0  0]
 [23 23 11 12 17 17  0  0]
 [26 21  2 16 21  4  4  0]]
valid: gen=0.003
reward: norm=0.979430175667882
[ 240 iterations]
real= [[23  3  5  7 13  6 14  0]
 [28  3  2 15 21 22 14  0]
 [26  5  1 12 21 20 16  0]
 [25  5 11  1 21  4 16  0]
 [18 26  2 14 13 17 10  0]
 [26 28  1  6 25 19 14  0]
 [ 4  3 11  0  0  0  0  0]
 [ 5  8 11  7 27  0  0  0]
 [25 20  2 27 17 15 18  0]
 [25 26 10 15 17 19 14  0]]
gen= [[23  3  3  7 13 13  0  0]
 [14  3  2 15 21  0  0  0]
 [26 21  1 12 12 20  0  0]
 [16 21 11 16 25  4  4  0]
 [26 26 18 18 17 17  0  0]
 [26 26  1  6 19 19 19  0]
 [ 4  3 11  3  4  4  0  0]
 [27 27 11  7  0  8  0  0]
 [25 20 18 15 17 20  0  0]
 [26 26 10 15 17 19 19  0]]
valid: gen=0.001
reward: norm=0.9637409293123594
[ 250 iterations]
real= [[26 23 28 25 19  4  5  0]
 [25 24 11 12  2 22  5  0]
 [26  3  7 12 17  8 13  0]
 [23 12  2  6 21 19 18  0]
 [ 5 24  7 27 21  0  0  0]
 [ 8  0  0  0  0  0  0  0]
 [27  3 10 25 17  4 16  0]
 [25 20 28  1 13  4 14  0]
 [18 12 28  7  5 16  0  0]
 [23 24  5  4 17 19 16  0]]
gen= [[26 28  0 25 19  4  4  0]
 [25 24  2 12 12  0  0  0]
 [26  3  8 12 17  8  0  0]
 [23 21 18 12 19 19 19  0]
 [21 24  7  7 21  0  0  0]
 [ 8  0  8  0  8  8  0  0]
 [16  3 10 27 17  4  4  0]
 [14 28  1 13 13  4  4  0]
 [16 28 18 12 12  0  0  0]
 [23 24 16 16 17  4  4  0]]
valid: gen=0.004
reward: norm=0.9593066286009709
[ 260 iterations]
real= [[23 12  2 27 21  0  0  0]
 [27  3  1 14 13 20 21  0]
 [27 23 28 22 25 19  6  0]
 [28  3 20 27 26  8 21  0]
 [16 21  2  6 25  4  0  0]
 [23  9 18 12 19 22 14  0]
 [27  3  2 22 17  4 21  0]
 [22 20  2 27 17 16 11  0]
 [25 21 28  3 13  4 14  0]
 [22  0  0  0  0  0  0  0]]
gen= [[23 12  2 12 12  0  0  0]
 [14  3  1 27 13 20  0  0]
 [23 28  0  6 19 19 19  0]
 [26  3  8 27 21  8  8  0]
 [16 21  2  6 25  4  4  0]
 [23 12 18 12 19 19 19  0]
 [22  3  2 27 17  4  4  0]
 [16 20  2 27 17 20  0  0]
 [25  3  3 13 13  4  4  0]
 [22 22  0  0  0  0  0  0]]
valid: gen=0.006
reward: norm=0.9621881928389274
[ 270 iterations]
real= [[22 28 10 15 11  8 14  0]
 [25  0  0  0  0  0  0  0]
 [26 12  1  6 19 20  9  0]
 [26 24  1  6 23 16  9  0]
 [18 17  0  0  0  0  0  0]
 [16  3 18  7 27  0  0  0]
 [23  5  1  8  6 20  9  0]
 [21 12 18  6 19  4 14  0]
 [14 23  5  7  0  0  0  0]
 [27  5  2 22 17 11  9  0]]
gen= [[14 28 11 15  8  8  8  0]
 [25 25  0 25 25  0  0  0]
 [26 12  1 12 19 19  0  0]
 [23 24  1  6  6  0  0  0]
 [18 18 18 18 17  0  0  0]
 [16  3 18  7  0  0  0  0]
 [23  9  1  6  6  8  0  0]
 [14 12 18 12 19  4  4  0]
 [23 23  5  7  0  0  0  0]
 [22  9  2 27 17 17  0  0]]
valid: gen=0.001
reward: norm=0.9777513221624113
[ 280 iterations]
real= [[23 26  1 12 17  8  3  0]
 [26 24 16 15 19  8  9  0]
 [25 28  2  6 21  8 16  0]
 [22 24  1  7  6  8  4  0]
 [28  3  2  1 21 22  9  0]
 [14 22  0  0  0  0  0  0]
 [23 21 28  7 19 20 14  0]
 [22 28  5  7 13 15 19  0]
 [23 12 11 22 17  8 18  0]
 [26  5  2  8 21  4 16  0]]
gen= [[23 12  1 12 17  8  8  0]
 [26 24 16 15 19 19  8  0]
 [25 28  2  6 25  8  8  0]
 [22 24  1  6  6  4  4  0]
 [22  3  2  1 21  0  0  0]
 [22 14  0 14  0  0  0  0]
 [23 28 20  7 19 19 20  0]
 [22 28  5  7 13 19 19  0]
 [23 12 18 12 17  8  8  0]
 [26 26  2 16 21  4  4  0]]
valid: gen=0.009
reward: norm=0.9786099637278857
[ 290 iterations]
real= [[23  3  5  7 13  6 14  0]
 [28  3  2 15 21 22 14  0]
 [26  5  1 12 21 20 16  0]
 [25  5 11  1 21  4 16  0]
 [18 26  2 14 13 17 10  0]
 [26 28  1  6 25 19 14  0]
 [ 4  3 11  0  0  0  0  0]
 [ 5  8 11  7 27  0  0  0]
 [25 20  2 27 17 15 18  0]
 [25 26 10 15 17 19 14  0]]
gen= [[23  3  5  6 13 13  0  0]
 [22  3  2 15 21  0  0  0]
 [26 12  5 12 21 20 20  0]
 [25 21  5 16 25  4  4  0]
 [26 26 18 14 17 17  0  0]
 [26 28  1  6  6 19 19  0]
 [ 4  3 11  3  4  4  0  0]
 [27 27  5  7  8  8  0  0]
 [25 20 18 15 17 20 20  0]
 [26 26 10 15 17 19 19  0]]
valid: gen=0.004
reward: norm=0.9719264317158338
[ 300 iterations]
real= [[26 23 28 25 19  4  5  0]
 [25 24 11 12  2 22  5  0]
 [26  3  7 12 17  8 13  0]
 [23 12  2  6 21 19 18  0]
 [ 5 24  7 27 21  0  0  0]
 [ 8  0  0  0  0  0  0  0]
 [27  3 10 25 17  4 16  0]
 [25 20 28  1 13  4 14  0]
 [18 12 28  7  5 16  0  0]
 [23 24  5  4 17 19 16  0]]
gen= [[25 28  5  5 19  4  4  0]
 [25 12  5 12 25  0  0  0]
 [26 12  3  7 17  8  0  0]
 [23 12  2  6  6 19 19  0]
 [27 24  5  7 21  0  0  0]
 [ 8  0  0  8  8  8  0  0]
 [25  3 10 16 17  4  4  0]
 [25 28  1 14 13  4  4  0]
 [16 12  5  7 12  0  0  0]
 [23 24  5 16 17  4  4  0]]
valid: gen=0.006
reward: norm=0.9885478089400141
[ 310 iterations]
real= [[23 12  2 27 21  0  0  0]
 [27  3  1 14 13 20 21  0]
 [27 23 28 22 25 19  6  0]
 [28  3 20 27 26  8 21  0]
 [16 21  2  6 25  4  0  0]
 [23  9 18 12 19 22 14  0]
 [27  3  2 22 17  4 21  0]
 [22 20  2 27 17 16 11  0]
 [25 21 28  3 13  4 14  0]
 [22  0  0  0  0  0  0  0]]
gen= [[23 12  2 12 21 21  0  0]
 [14  3  1 14 13 20 20  0]
 [23 28  0  6  6 19 19  0]
 [26  3 20 27 21  8 20  0]
 [25 21  2  6  6  4  4  0]
 [23 12 18 12 19 19 19  0]
 [22  3  2 27 17  4  4  0]
 [16 20  2 16 17 20 20  0]
 [25  3  3 14 13  4  4  0]
 [22  0  0 22  0  0  0  0]]
valid: gen=0.005
reward: norm=0.9856874239862091
[ 320 iterations]
real= [[22 28 10 15 11  8 14  0]
 [25  0  0  0  0  0  0  0]
 [26 12  1  6 19 20  9  0]
 [26 24  1  6 23 16  9  0]
 [18 17  0  0  0  0  0  0]
 [16  3 18  7 27  0  0  0]
 [23  5  1  8  6 20  9  0]
 [21 12 18  6 19  4 14  0]
 [14 23  5  7  0  0  0  0]
 [27  5  2 22 17 11  9  0]]
gen= [[22 28 11 15  8  8  8  0]
 [25 25  0 25 25  0  0  0]
 [26 12  1  6  6 20 20  0]
 [23 24  1  6  6  6  0  0]
 [18  0 18 17 17  0  0  0]
 [16  3 16  7  0  0  0  0]
 [23  5  5  6  6  8  0  0]
 [14 12 18  6  6  4  4  0]
 [23  5  5  7  0  0  0  0]
 [22  5  5 27 17 17  0  0]]
valid: gen=0.003
reward: norm=0.9902557692722301
[ 330 iterations]
real= [[23 26  1 12 17  8  3  0]
 [26 24 16 15 19  8  9  0]
 [25 28  2  6 21  8 16  0]
 [22 24  1  7  6  8  4  0]
 [28  3  2  1 21 22  9  0]
 [14 22  0  0  0  0  0  0]
 [23 21 28  7 19 20 14  0]
 [22 28  5  7 13 15 19  0]
 [23 12 11 22 17  8 18  0]
 [26  5  2  8 21  4 16  0]]
gen= [[26 12  1 12 17  8  8  0]
 [26 24 16 15 19  8  8  0]
 [25 28  2  6  6  8  8  0]
 [22 24  1  6  6  4  4  0]
 [22  3  2  1 21 21  0  0]
 [22  0  0 14  0  0  0  0]
 [23 20 20  7 21 20 20  0]
 [22  5  5 15 13 19 19  0]
 [23 12 11 12 17  8  8  0]
 [26  5  5 26 21  4  4  0]]
valid: gen=0.003
reward: norm=0.9878703544805761
[ 340 iterations]
real= [[23  3  5  7 13  6 14  0]
 [28  3  2 15 21 22 14  0]
 [26  5  1 12 21 20 16  0]
 [25  5 11  1 21  4 16  0]
 [18 26  2 14 13 17 10  0]
 [26 28  1  6 25 19 14  0]
 [ 4  3 11  0  0  0  0  0]
 [ 5  8 11  7 27  0  0  0]
 [25 20  2 27 17 15 18  0]
 [25 26 10 15 17 19 14  0]]
gen= [[23  3  5  6  6  6  6  0]
 [22  3  2 15 21 21  0  0]
 [26 12  5 26 21 20 20  0]
 [25  5  5  1 21  4  4  0]
 [26 26  2 26 17  0  0  0]
 [26 26  1  6  6  6  6  0]
 [ 4  3 11 11  0  4  0  0]
 [27  5  5  7  0  8  0  0]
 [25 20  2 15 17 20 20  0]
 [26 26 10 15 17 19  0  0]]
valid: gen=0.006
reward: norm=0.9789801931927812
[ 350 iterations]
real= [[26 23 28 25 19  4  5  0]
 [25 24 11 12  2 22  5  0]
 [26  3  7 12 17  8 13  0]
 [23 12  2  6 21 19 18  0]
 [ 5 24  7 27 21  0  0  0]
 [ 8  0  0  0  0  0  0  0]
 [27  3 10 25 17  4 16  0]
 [25 20 28  1 13  4 14  0]
 [18 12 28  7  5 16  0  0]
 [23 24  5  4 17 19 16  0]]
gen= [[26  5  5 26  0  4  4  0]
 [25 12  5 12  0  0  0  0]
 [26 12  0  7  0  8  0  0]
 [23 12  2  6  6  6  6  0]
 [27  5  5  7  0  0  0  0]
 [ 8  0  0  0  0  8  0  0]
 [25  3 10 27  0  4  4  0]
 [25 20  1  1  0  4  4  0]
 [28 12  5  7  0  0  0  0]
 [23  5  5 16  0  4  4  0]]
valid: gen=0.011
reward: norm=0.9226531374467825
[ 360 iterations]
real= [[23 12  2 27 21  0  0  0]
 [27  3  1 14 13 20 21  0]
 [27 23 28 22 25 19  6  0]
 [28  3 20 27 26  8 21  0]
 [16 21  2  6 25  4  0  0]
 [23  9 18 12 19 22 14  0]
 [27  3  2 22 17  4 21  0]
 [22 20  2 27 17 16 11  0]
 [25 21 28  3 13  4 14  0]
 [22  0  0  0  0  0  0  0]]
gen= [[23 12  2 12  0  0  0  0]
 [27  3  1  1  0 20  0  0]
 [23 27  0  6  6  6  6  0]
 [26  3 20 26  0  8  0  0]
 [25 21  2  6  6  6  6  0]
 [23 12 18 12  0  9  9  0]
 [27  3  2 27  0  4  4  0]
 [27 20  2 27  0 20  0  0]
 [25  3  0 14  0  4  4  0]
 [22  0  0  0  0  0  0  0]]
valid: gen=0.011
reward: norm=0.9138773788127071
[ 370 iterations]
real= [[22 28 10 15 11  8 14  0]
 [25  0  0  0  0  0  0  0]
 [26 12  1  6 19 20  9  0]
 [26 24  1  6 23 16  9  0]
 [18 17  0  0  0  0  0  0]
 [16  3 18  7 27  0  0  0]
 [23  5  1  8  6 20  9  0]
 [21 12 18  6 19  4 14  0]
 [14 23  5  7  0  0  0  0]
 [27  5  2 22 17 11  9  0]]
gen= [[28 11 11 15  0  8  0  0]
 [25 25  0  0  0  0  0  0]
 [26  9  1  6  6  6  9  0]
 [26  9  1  6  6  6  9  0]
 [18  0 18  0  0  0  0  0]
 [27  3 16  7  0  0  0  0]
 [23  9  1  6  6  6  9  0]
 [14 12 18  6  6  6  6  0]
 [23  5  5  7  0  0  0  0]
 [27  9  2  0  0  9  9  0]]
valid: gen=0.013
reward: norm=0.9381658420164738
[ 380 iterations]
real= [[23 26  1 12 17  8  3  0]
 [26 24 16 15 19  8  9  0]
 [25 28  2  6 21  8 16  0]
 [22 24  1  7  6  8  4  0]
 [28  3  2  1 21 22  9  0]
 [14 22  0  0  0  0  0  0]
 [23 21 28  7 19 20 14  0]
 [22 28  5  7 13 15 19  0]
 [23 12 11 22 17  8 18  0]
 [26  5  2  8 21  4 16  0]]
gen= [[26  3  1  0  0  8  0  0]
 [26 24 16  0  0 16 16  0]
 [25 21  2  6  6 16 16  0]
 [22 24  1  6  6  6  0  0]
 [28  3  1  0  0  9  9  0]
 [22  0  0  0  0 22  0  0]
 [23 20 20  7  0 20  0  0]
 [28  5  5  7  0 19  0  0]
 [23 12 11  0  0  8  0  0]
 [26  5  2  0  0 16 16  0]]
valid: gen=0.006
reward: norm=0.9575321855906855
[ 390 iterations]
real= [[23  3  5  7 13  6 14  0]
 [28  3  2 15 21 22 14  0]
 [26  5  1 12 21 20 16  0]
 [25  5 11  1 21  4 16  0]
 [18 26  2 14 13 17 10  0]
 [26 28  1  6 25 19 14  0]
 [ 4  3 11  0  0  0  0  0]
 [ 5  8 11  7 27  0  0  0]
 [25 20  2 27 17 15 18  0]
 [25 26 10 15 17 19 14  0]]
gen= [[23  3  7  6  6  6  0  0]
 [28  3  2  0 22 22 22  0]
 [26 12  1  0 16 16 16  0]
 [25 21  1  0 16 16 16  0]
 [26 26  2  0  0  0  0  0]
 [26 26  1  6  6 19  0  0]
 [ 4  3 11  0  0  0  0  0]
 [27  5 11  0  0  8  0  0]
 [25 20  2  0  0 20  0  0]
 [26 26 10  0  0 19  0  0]]
valid: gen=0.012
reward: norm=0.9247405438118594
[ 400 iterations]
real= [[26 23 28 25 19  4  5  0]
 [25 24 11 12  2 22  5  0]
 [26  3  7 12 17  8 13  0]
 [23 12  2  6 21 19 18  0]
 [ 5 24  7 27 21  0  0  0]
 [ 8  0  0  0  0  0  0  0]
 [27  3 10 25 17  4 16  0]
 [25 20 28  1 13  4 14  0]
 [18 12 28  7  5 16  0  0]
 [23 24  5  4 17 19 16  0]]
gen= [[26 26  5  0 19 19  0  0]
 [25 24  2  0 22 22 22  0]
 [26  3  7  0  8  8  0  0]
 [23 12  2  6 19 19 19  0]
 [27 24  7  0  0  0  0  0]
 [ 8  0  0  0  0  8  0  0]
 [25  3 10  0 16 16 16  0]
 [25 20  1  0  0 20  0  0]
 [28 12 16  0 16 16 16  0]
 [23 24 16  0 19 19 16  0]]
valid: gen=0.018
reward: norm=0.942095677152653
[ 410 iterations]
real= [[23 12  2 27 21  0  0  0]
 [27  3  1 14 13 20 21  0]
 [27 23 28 22 25 19  6  0]
 [28  3 20 27 26  8 21  0]
 [16 21  2  6 25  4  0  0]
 [23  9 18 12 19 22 14  0]
 [27  3  2 22 17  4 21  0]
 [22 20  2 27 17 16 11  0]
 [25 21 28  3 13  4 14  0]
 [22  0  0  0  0  0  0  0]]
gen= [[23 21  2  0  0  0  0  0]
 [27  3  1  0  0 20  0  0]
 [25 25  0  6 19 19 22  0]
 [26  3 20  0  0  8  0  0]
 [25 21  2  6  6 16 16  0]
 [23  9  0  0 19 19 22  0]
 [27  3  2  0 22 22 22  0]
 [16 20  2  0 22 22 16  0]
 [25  3  0  0  0  0  0  0]
 [22  0  0  0 22 22  0  0]]
valid: gen=0.009
reward: norm=0.9469097274516165
[ 420 iterations]
real= [[22 28 10 15 11  8 14  0]
 [25  0  0  0  0  0  0  0]
 [26 12  1  6 19 20  9  0]
 [26 24  1  6 23 16  9  0]
 [18 17  0  0  0  0  0  0]
 [16  3 18  7 27  0  0  0]
 [23  5  1  8  6 20  9  0]
 [21 12 18  6 19  4 14  0]
 [14 23  5  7  0  0  0  0]
 [27  5  2 22 17 11  9  0]]
gen= [[28 28 11 22 22 22 22  0]
 [25 25  0  0  0  0  0  0]
 [26 26 20  6 19 19  9  0]
 [26 24  1  6  6 16 16  0]
 [18  0  0  0  0  0  0  0]
 [16  3  0  0 16 16 16  0]
 [23  9  1  6  6  8  0  0]
 [14 21  0  6 19 19 19  0]
 [23 23  0  0  0  0  0  0]
 [27  9  2 22 22 22 22  0]]
valid: gen=0.012
reward: norm=0.9602905450099316
[ 430 iterations]
real= [[23 26  1 12 17  8  3  0]
 [26 24 16 15 19  8  9  0]
 [25 28  2  6 21  8 16  0]
 [22 24  1  7  6  8  4  0]
 [28  3  2  1 21 22  9  0]
 [14 22  0  0  0  0  0  0]
 [23 21 28  7 19 20 14  0]
 [22 28  5  7 13 15 19  0]
 [23 12 11 22 17  8 18  0]
 [26  5  2  8 21  4 16  0]]
gen= [[26 26  0  1 17  8  0  0]
 [26 24  0 19 19 16 16  0]
 [25 21  0  6  6 16 16  0]
 [22 24  0 22 22 22 22  0]
 [28 21  2 22 22 22 22  0]
 [14 14  0 22 22 22  0  0]
 [23 21  0 19 19 19  0  0]
 [28 28  0 22 22 22 22  0]
 [23 12  0 22 22 22 22  0]
 [26 26  0 21 16 16 16  0]]
valid: gen=0.016
reward: norm=0.97704619817945
[ 440 iterations]
real= [[23  3  5  7 13  6 14  0]
 [28  3  2 15 21 22 14  0]
 [26  5  1 12 21 20 16  0]
 [25  5 11  1 21  4 16  0]
 [18 26  2 14 13 17 10  0]
 [26 28  1  6 25 19 14  0]
 [ 4  3 11  0  0  0  0  0]
 [ 5  8 11  7 27  0  0  0]
 [25 20  2 27 17 15 18  0]
 [25 26 10 15 17 19 14  0]]
gen= [[23  3  0  6  6  0  0  0]
 [28 21  0 22 22 22  0  0]
 [26 26  0  1 21 16 16  0]
 [25 21  0 25 25 16 16  0]
 [26 26  0 17 17 17  0  0]
 [26 26  0  6 19 19  0  0]
 [ 4  3  0  0  0  0  0  0]
 [27  0  0  7  0  8  0  0]
 [25 25  0 15 17 17  0  0]
 [26 26  0 15 17 17  0  0]]
valid: gen=0.011
reward: norm=0.9883490780981378
[ 450 iterations]
real= [[26 23 28 25 19  4  5  0]
 [25 24 11 12  2 22  5  0]
 [26  3  7 12 17  8 13  0]
 [23 12  2  6 21 19 18  0]
 [ 5 24  7 27 21  0  0  0]
 [ 8  0  0  0  0  0  0  0]
 [27  3 10 25 17  4 16  0]
 [25 20 28  1 13  4 14  0]
 [18 12 28  7  5 16  0  0]
 [23 24  5  4 17 19 16  0]]
gen= [[26 26  0 25  0  0  0  0]
 [25 24 11 22  0  0  0  0]
 [26 26  0  7 17  0  0  0]
 [23 21  0  6  0  0  0  0]
 [27 24  0  7  0  0  0  0]
 [ 8  0  0  0  0  0  0  0]
 [25  3 10 25 17  0  0  0]
 [25 20  0 25 13  0  0  0]
 [28 12  0  7  0  0  0  0]
 [23 24  0  0 17  0  0  0]]
valid: gen=0.027
reward: norm=0.8753434295810459
[ 460 iterations]
real= [[23 12  2 27 21  0  0  0]
 [27  3  1 14 13 20 21  0]
 [27 23 28 22 25 19  6  0]
 [28  3 20 27 26  8 21  0]
 [16 21  2  6 25  4  0  0]
 [23  9 18 12 19 22 14  0]
 [27  3  2 22 17  4 21  0]
 [22 20  2 27 17 16 11  0]
 [25 21 28  3 13  4 14  0]
 [22  0  0  0  0  0  0  0]]
gen= [[23 21  2  0  0  0  0  0]
 [14 21 20  0 13  0  0  0]
 [25 25  0 22  0  0  0  0]
 [26 21 20  0  0  0  0  0]
 [25 21  2  0  0  0  0  0]
 [23  9  0 22  0  0  0  0]
 [27 21  2 22 17  0  0  0]
 [16 20 11 22 17  0  0  0]
 [25 21  0  0 13  0  0  0]
 [22  0  0  0  0  0  0  0]]
valid: gen=0.021
reward: norm=0.8515903553535382
[ 470 iterations]
real= [[22 28 10 15 11  8 14  0]
 [25  0  0  0  0  0  0  0]
 [26 12  1  6 19 20  9  0]
 [26 24  1  6 23 16  9  0]
 [18 17  0  0  0  0  0  0]
 [16  3 18  7 27  0  0  0]
 [23  5  1  8  6 20  9  0]
 [21 12 18  6 19  4 14  0]
 [14 23  5  7  0  0  0  0]
 [27  5  2 22 17 11  9  0]]
gen= [[28 14 10 15  0  0  0  0]
 [25 25  0  0  0  0  0  0]
 [26 26 20  0  0  0  9  0]
 [26 24  1  0  0  0 16  0]
 [18  0 18  0  0  0  0  0]
 [16  3 16  7  0  0 16  0]
 [23 20 20  0  0  0  9  0]
 [14 21 18  0 21  0  0  0]
 [23 23  7  7  0  0  0  0]
 [27  9 11 22 17  0  9  0]]
valid: gen=0.015
reward: norm=0.883184505373645
[ 480 iterations]
real= [[23 26  1 12 17  8  3  0]
 [26 24 16 15 19  8  9  0]
 [25 28  2  6 21  8 16  0]
 [22 24  1  7  6  8  4  0]
 [28  3  2  1 21 22  9  0]
 [14 22  0  0  0  0  0  0]
 [23 21 28  7 19 20 14  0]
 [22 28  5  7 13 15 19  0]
 [23 12 11 22 17  8 18  0]
 [26  5  2  8 21  4 16  0]]
gen= [[26 26  1  0 17  0  0  0]
 [26 24 16 15  0  0 16  0]
 [25 21  2  0 21  0 16  0]
 [22 24  1  7  0  0  0  0]
 [28 21  2  0 21  0  9  0]
 [14 14  0  0  0  0  0  0]
 [23 21 20  7 21  0  0  0]
 [28 28  7  7 13  0  0  0]
 [23 12 11  0 17  0  0  0]
 [26 21  2  0 21  0 16  0]]
valid: gen=0.016
reward: norm=0.8782655602277178
[ 490 iterations]
real= [[23  3  5  7 13  6 14  0]
 [28  3  2 15 21 22 14  0]
 [26  5  1 12 21 20 16  0]
 [25  5 11  1 21  4 16  0]
 [18 26  2 14 13 17 10  0]
 [26 28  1  6 25 19 14  0]
 [ 4  3 11  0  0  0  0  0]
 [ 5  8 11  7 27  0  0  0]
 [25 20  2 27 17 15 18  0]
 [25 26 10 15 17 19 14  0]]
gen= [[23  3  7  7 13  0  0  0]
 [14 21  2 15 21  0  0  0]
 [26 21 20  0 21  0 16  0]
 [25 21 11  0 21  0 16  0]
 [26 26 10  0 17  0  0  0]
 [25 26  1  0  0  0  0  0]
 [ 4  3 11  0  0  0  0  0]
 [27 11 11  7  0  0  0  0]
 [25 20  2 15 17  0  0  0]
 [26 26 10 15 17  0  0  0]]
valid: gen=0.019
reward: norm=0.8707464767578417
