read problem
[ 10 iterations]
real= [[ 7 15 13 14 25 28  5  0  0  0  0  0  0  0  0  0  0  0  0  0  0]
 [ 7 26 22  2 25 28  0  0  0  0  0  0  0  0  0  0  0  0  0  0  0]
 [21 10  0  0  0  0  0  0  0  0  0  0  0  0  0  0  0  0  0  0  0]
 [ 7  6  9  8  5  0  0  0  0  0  0  0  0  0  0  0  0  0  0  0  0]
 [18 14 17 19  8 25  0  0  0  0  0  0  0  0  0  0  0  0  0  0  0]
 [ 6  0  0  0  0  0  0  0  0  0  0  0  0  0  0  0  0  0  0  0  0]
 [ 7 17  0  0  0  0  0  0  0  0  0  0  0  0  0  0  0  0  0  0  0]
 [23 24 17 14 20 28  5  0  0  0  0  0  0  0  0  0  0  0  0  0  0]
 [16 26 22  0  0  0  0  0  0  0  0  0  0  0  0  0  0  0  0  0  0]
 [ 5  0  0  0  0  0  0  0  0  0  0  0  0  0  0  0  0  0  0  0  0]]
gen= [[ 0  0  0  0  0  0  0  0  0  0  0  0  0  0  0  0  0  0  0  0  0]
 [22  0  0  0  0  0  0  0  0  0  0  0  0  0  0  0  0  0  0  0  0]
 [ 0  0  0  0  0  0  0  0  0  0  0  0  0  0  0  0  0  0  0  0  0]
 [ 0  0  0  0  0  0  0  0  0  0  0  0  0  0  0  0  0  0  0  0  0]
 [ 0  0  0  0  0  0  0  0  0  0  0  0  0  0  0  0  0  0  0  0  0]
 [ 0  0  0  0  0  0  0  0  0  0  0  0  0  0  0  0  0  0  0  0  0]
 [ 0  0  0  0  0  0  0  0  0  0  0  0  0  0  0  0  0  0  0  0  0]
 [ 0  0  0  0  0  0  0  0  0  0  0  0  0  0  0  0  0  0  0  0  0]
 [22  0  0  0  0  0  0  0  0  0  0  0  0  0  0  0  0  0  0  0  0]
 [ 5  0  0  0  0  0  0  0  0  0  0  0  0  0  0  5  0  0  0  0  0]]
valid: gen=0.009
reward: norm=0.8227991279791177
[ 20 iterations]
real= [[13  0  0  0  0  0  0  0  0  0  0  0  0  0  0  0  0  0  0  0  0]
 [22 12 17  0  0  0  0  0  0  0  0  0  0  0  0  0  0  0  0  0  0]
 [17  0  0  0  0  0  0  0  0  0  0  0  0  0  0  0  0  0  0  0  0]
 [15  7 22 13 17  9  0  0  0  0  0  0  0  0  0  0  0  0  0  0  0]
 [22  3  4  0  0  0  0  0  0  0  0  0  0  0  0  0  0  0  0  0  0]
 [ 5 11 28 12 10 23  0  0  0  0  0  0  0  0  0  0  0  0  0  0  0]
 [13  2  4  0  0  0  0  0  0  0  0  0  0  0  0  0  0  0  0  0  0]
 [ 7 20 19  3 13 22  0  0  0  0  0  0  0  0  0  0  0  0  0  0  0]
 [27  0  0  0  0  0  0  0  0  0  0  0  0  0  0  0  0  0  0  0  0]
 [27 26 15 24 10 17  9  4  5  0  0  0  0  0  0  0  0  0  0  0  0]]
gen= [[0 0 0 0 0 0 0 0 0 0 0 0 0 0 0 0 0 0 0 0 0]
 [0 0 0 0 0 0 0 0 0 0 0 0 0 0 0 0 0 0 0 0 0]
 [0 0 0 0 0 0 0 0 0 0 0 0 0 0 0 0 0 0 0 0 0]
 [0 0 0 0 0 0 0 0 0 0 0 0 0 0 0 0 0 0 0 0 0]
 [0 0 0 0 0 0 0 0 0 0 0 0 0 0 0 0 0 0 0 0 0]
 [0 0 0 0 0 0 0 0 0 0 0 0 0 0 0 0 0 0 0 0 0]
 [0 0 0 0 0 0 0 0 0 0 0 0 0 0 0 0 0 0 0 0 0]
 [0 0 0 0 0 0 0 0 0 0 0 0 0 0 0 0 0 0 0 0 0]
 [0 0 0 0 0 0 0 0 0 0 0 0 0 0 0 0 0 0 0 0 0]
 [0 0 0 0 0 0 0 0 0 0 0 0 0 0 0 0 0 0 0 0 0]]
valid: gen=0.001
reward: norm=0.8110663244595229
[ 30 iterations]
real= [[27 12 19 14 24  6  0  0  0  0  0  0  0  0  0  0  0  0  0  0  0]
 [27  8 10 14  0  0  0  0  0  0  0  0  0  0  0  0  0  0  0  0  0]
 [26 24 18 13 17 12  5 11  0  0  0  0  0  0  0  0  0  0  0  0  0]
 [23 26 15 21 16  4  5  0  0  0  0  0  0  0  0  0  0  0  0  0  0]
 [12 21 17 18 24 22  0  0  0  0  0  0  0  0  0  0  0  0  0  0  0]
 [23  0  0  0  0  0  0  0  0  0  0  0  0  0  0  0  0  0  0  0  0]
 [21  8 11  5 27  0  0  0  0  0  0  0  0  0  0  0  0  0  0  0  0]
 [20 25  8  3 13 17 12  0  0  0  0  0  0  0  0  0  0  0  0  0  0]
 [27  5  1  3 16 14  0  0  0  0  0  0  0  0  0  0  0  0  0  0  0]
 [23 26 17 13 16  9  8  0  0  0  0  0  0  0  0  0  0  0  0  0  0]]
gen= [[0 0 0 0 0 0 0 0 0 0 0 0 0 0 0 0 0 0 0 0 0]
 [0 0 0 0 0 0 0 0 0 0 0 0 0 0 0 0 0 0 0 0 0]
 [0 0 0 0 0 0 0 0 0 0 0 0 0 0 0 0 0 0 0 0 0]
 [0 0 0 0 0 0 0 0 0 0 0 0 0 0 0 0 0 0 0 0 0]
 [0 0 0 0 0 0 0 0 0 0 0 0 0 0 0 0 0 0 0 0 0]
 [0 0 0 0 0 0 0 0 0 0 0 0 0 0 0 0 0 0 0 0 0]
 [0 0 0 0 0 0 0 0 0 0 0 0 0 0 0 0 0 0 0 0 0]
 [0 0 0 0 0 0 0 0 0 0 0 0 0 0 0 0 0 0 0 0 0]
 [0 0 0 0 0 0 0 0 0 0 0 0 0 0 0 0 0 0 0 0 0]
 [0 0 0 0 0 0 0 0 0 0 0 0 0 0 0 0 0 0 0 0 0]]
valid: gen=0.0
reward: norm=0.8148377841251652
[ 40 iterations]
real= [[13 12  7  0  0  0  0  0  0  0  0  0  0  0  0  0  0  0  0  0  0]
 [18 11 20  4  0  0  0  0  0  0  0  0  0  0  0  0  0  0  0  0  0]
 [17  0  0  0  0  0  0  0  0  0  0  0  0  0  0  0  0  0  0  0  0]
 [26  6 19  4  5 11  0  0  0  0  0  0  0  0  0  0  0  0  0  0  0]
 [16 25  0  0  0  0  0  0  0  0  0  0  0  0  0  0  0  0  0  0  0]
 [27 25  2  9 22  0  0  0  0  0  0  0  0  0  0  0  0  0  0  0  0]
 [15 26 17 16  5 20  0  0  0  0  0  0  0  0  0  0  0  0  0  0  0]
 [11 16 17 26  0  0  0  0  0  0  0  0  0  0  0  0  0  0  0  0  0]
 [27 18  0  0  0  0  0  0  0  0  0  0  0  0  0  0  0  0  0  0  0]
 [27 11  8 25  2 19  9  7  0  0  0  0  0  0  0  0  0  0  0  0  0]]
gen= [[0 0 0 0 0 0 0 0 0 0 0 0 0 0 0 0 0 0 0 0 0]
 [0 0 0 0 0 0 0 0 0 0 0 0 0 0 0 0 0 0 0 0 0]
 [0 0 0 0 0 0 0 0 0 0 0 0 0 0 0 0 0 0 0 0 0]
 [0 0 0 0 0 0 0 0 0 0 0 0 0 0 0 0 0 0 0 0 0]
 [0 0 0 0 0 0 0 0 0 0 0 0 0 0 0 0 0 0 0 0 0]
 [0 0 0 0 0 0 0 0 0 0 0 0 0 0 0 0 0 0 0 0 0]
 [0 0 0 0 0 0 0 0 0 0 0 0 0 0 0 0 0 0 0 0 0]
 [0 0 0 0 0 0 0 0 0 0 0 0 0 0 0 0 0 0 0 0 0]
 [0 0 0 0 0 0 0 0 0 0 0 0 0 0 0 0 0 0 0 0 0]
 [0 0 0 0 0 0 0 0 0 0 0 0 0 0 0 0 0 0 0 0 0]]
valid: gen=0.0
reward: norm=0.8202335418605567
[ 50 iterations]
real= [[15 10 19  2  5  0  0  0  0  0  0  0  0  0  0  0  0  0  0  0  0]
 [15 10 17 19  0  0  0  0  0  0  0  0  0  0  0  0  0  0  0  0  0]
 [ 7 19 17 14 13 10  0  0  0  0  0  0  0  0  0  0  0  0  0  0  0]
 [ 7 20  0  0  0  0  0  0  0  0  0  0  0  0  0  0  0  0  0  0  0]
 [13  0  0  0  0  0  0  0  0  0  0  0  0  0  0  0  0  0  0  0  0]
 [19  0  0  0  0  0  0  0  0  0  0  0  0  0  0  0  0  0  0  0  0]
 [15  3  1  0  0  0  0  0  0  0  0  0  0  0  0  0  0  0  0  0  0]
 [28 20  4 14 13  9 23  0  0  0  0  0  0  0  0  0  0  0  0  0  0]
 [27 12  6  0  0  0  0  0  0  0  0  0  0  0  0  0  0  0  0  0  0]
 [27 23 22 17  0  0  0  0  0  0  0  0  0  0  0  0  0  0  0  0  0]]
gen= [[0 0 0 0 0 0 0 0 0 0 0 0 0 0 0 0 0 0 0 0 0]
 [0 0 0 0 0 0 0 0 0 0 0 0 0 0 0 0 0 0 0 0 0]
 [0 0 0 0 0 0 0 0 0 0 0 0 0 0 0 0 0 0 0 0 0]
 [0 0 0 0 0 0 0 0 0 0 0 0 0 0 0 0 0 0 0 0 0]
 [0 0 0 0 0 0 0 0 0 0 0 0 0 0 0 0 0 0 0 0 0]
 [0 0 0 0 0 0 0 0 0 0 0 0 0 0 0 0 0 0 0 0 0]
 [0 0 0 0 0 0 0 0 0 0 0 0 0 0 0 0 0 0 0 0 0]
 [0 0 0 0 0 0 0 0 0 0 0 0 0 0 0 0 0 0 0 0 0]
 [0 0 0 0 0 0 0 0 0 0 0 0 0 0 0 0 0 0 0 0 0]
 [0 0 0 0 0 0 0 0 0 0 0 0 0 0 0 0 0 0 0 0 0]]
valid: gen=0.0
reward: norm=0.811886670751655
[ 60 iterations]
real= [[ 7 15 13 14 25 28  5  0  0  0  0  0  0  0  0  0  0  0  0  0  0]
 [ 7 26 22  2 25 28  0  0  0  0  0  0  0  0  0  0  0  0  0  0  0]
 [21 10  0  0  0  0  0  0  0  0  0  0  0  0  0  0  0  0  0  0  0]
 [ 7  6  9  8  5  0  0  0  0  0  0  0  0  0  0  0  0  0  0  0  0]
 [18 14 17 19  8 25  0  0  0  0  0  0  0  0  0  0  0  0  0  0  0]
 [ 6  0  0  0  0  0  0  0  0  0  0  0  0  0  0  0  0  0  0  0  0]
 [ 7 17  0  0  0  0  0  0  0  0  0  0  0  0  0  0  0  0  0  0  0]
 [23 24 17 14 20 28  5  0  0  0  0  0  0  0  0  0  0  0  0  0  0]
 [16 26 22  0  0  0  0  0  0  0  0  0  0  0  0  0  0  0  0  0  0]
 [ 5  0  0  0  0  0  0  0  0  0  0  0  0  0  0  0  0  0  0  0  0]]
gen= [[0 0 0 0 0 0 0 0 0 0 0 0 0 0 0 0 0 0 0 0 0]
 [0 0 0 0 0 0 0 0 0 0 0 0 0 0 0 0 0 0 0 0 0]
 [0 0 0 0 0 0 0 0 0 0 0 0 0 0 0 0 0 0 0 0 0]
 [0 0 0 0 0 0 0 0 0 0 0 0 0 0 0 0 0 0 0 0 0]
 [0 0 0 0 0 0 0 0 0 0 0 0 0 0 0 0 0 0 0 0 0]
 [0 0 0 0 0 0 0 0 0 0 0 0 0 0 0 0 0 0 0 0 0]
 [0 0 0 0 0 0 0 0 0 0 0 0 0 0 0 0 0 0 0 0 0]
 [0 0 0 0 0 0 0 0 0 0 0 0 0 0 0 0 0 0 0 0 0]
 [0 0 0 0 0 0 0 0 0 0 0 0 0 0 0 0 0 0 0 0 0]
 [0 0 0 0 0 0 0 0 0 0 0 0 0 0 0 0 0 0 0 0 0]]
valid: gen=0.0
reward: norm=0.8135734936058119
[ 70 iterations]
real= [[13  0  0  0  0  0  0  0  0  0  0  0  0  0  0  0  0  0  0  0  0]
 [22 12 17  0  0  0  0  0  0  0  0  0  0  0  0  0  0  0  0  0  0]
 [17  0  0  0  0  0  0  0  0  0  0  0  0  0  0  0  0  0  0  0  0]
 [15  7 22 13 17  9  0  0  0  0  0  0  0  0  0  0  0  0  0  0  0]
 [22  3  4  0  0  0  0  0  0  0  0  0  0  0  0  0  0  0  0  0  0]
 [ 5 11 28 12 10 23  0  0  0  0  0  0  0  0  0  0  0  0  0  0  0]
 [13  2  4  0  0  0  0  0  0  0  0  0  0  0  0  0  0  0  0  0  0]
 [ 7 20 19  3 13 22  0  0  0  0  0  0  0  0  0  0  0  0  0  0  0]
 [27  0  0  0  0  0  0  0  0  0  0  0  0  0  0  0  0  0  0  0  0]
 [27 26 15 24 10 17  9  4  5  0  0  0  0  0  0  0  0  0  0  0  0]]
gen= [[0 0 0 0 0 0 0 0 0 0 0 0 0 0 0 0 0 0 0 0 0]
 [0 0 0 0 0 0 0 0 0 0 0 0 0 0 0 0 0 0 0 0 0]
 [0 0 0 0 0 0 0 0 0 0 0 0 0 0 0 0 0 0 0 0 0]
 [0 0 0 0 0 0 0 0 0 0 0 0 0 0 0 0 0 0 0 0 0]
 [0 0 0 0 0 0 0 0 0 0 0 0 0 0 0 0 0 0 0 0 0]
 [0 0 0 0 0 0 0 0 0 0 0 0 0 0 0 0 0 0 0 0 0]
 [0 0 0 0 0 0 0 0 0 0 0 0 0 0 0 0 0 0 0 0 0]
 [0 0 0 0 0 0 0 0 0 0 0 0 0 0 0 0 0 0 0 0 0]
 [0 0 0 0 0 0 0 0 0 0 0 0 0 0 0 0 0 0 0 0 0]
 [0 0 0 0 0 0 0 0 0 0 0 0 0 0 0 0 0 0 0 0 0]]
valid: gen=0.0
reward: norm=0.8110377555958631
[ 80 iterations]
real= [[27 12 19 14 24  6  0  0  0  0  0  0  0  0  0  0  0  0  0  0  0]
 [27  8 10 14  0  0  0  0  0  0  0  0  0  0  0  0  0  0  0  0  0]
 [26 24 18 13 17 12  5 11  0  0  0  0  0  0  0  0  0  0  0  0  0]
 [23 26 15 21 16  4  5  0  0  0  0  0  0  0  0  0  0  0  0  0  0]
 [12 21 17 18 24 22  0  0  0  0  0  0  0  0  0  0  0  0  0  0  0]
 [23  0  0  0  0  0  0  0  0  0  0  0  0  0  0  0  0  0  0  0  0]
 [21  8 11  5 27  0  0  0  0  0  0  0  0  0  0  0  0  0  0  0  0]
 [20 25  8  3 13 17 12  0  0  0  0  0  0  0  0  0  0  0  0  0  0]
 [27  5  1  3 16 14  0  0  0  0  0  0  0  0  0  0  0  0  0  0  0]
 [23 26 17 13 16  9  8  0  0  0  0  0  0  0  0  0  0  0  0  0  0]]
gen= [[0 0 0 0 0 0 0 0 0 0 0 0 0 0 0 0 0 0 0 0 0]
 [0 0 0 0 0 0 0 0 0 0 0 0 0 0 0 0 0 0 0 0 0]
 [0 0 0 0 0 0 0 0 0 0 0 0 0 0 0 0 0 0 0 0 0]
 [0 0 0 0 0 0 0 0 0 0 0 0 0 0 0 0 0 0 0 0 0]
 [0 0 0 0 0 0 0 0 0 0 0 0 0 0 0 0 0 0 0 0 0]
 [0 0 0 0 0 0 0 0 0 0 0 0 0 0 0 0 0 0 0 0 0]
 [0 0 0 0 0 0 0 0 0 0 0 0 0 0 0 0 0 0 0 0 0]
 [0 0 0 0 0 0 0 0 0 0 0 0 0 0 0 0 0 0 0 0 0]
 [0 0 0 0 0 0 0 0 0 0 0 0 0 0 0 0 0 0 0 0 0]
 [0 0 0 0 0 0 0 0 0 0 0 0 0 0 0 0 0 0 0 0 0]]
valid: gen=0.0
reward: norm=0.8148377841251652
[ 90 iterations]
real= [[13 12  7  0  0  0  0  0  0  0  0  0  0  0  0  0  0  0  0  0  0]
 [18 11 20  4  0  0  0  0  0  0  0  0  0  0  0  0  0  0  0  0  0]
 [17  0  0  0  0  0  0  0  0  0  0  0  0  0  0  0  0  0  0  0  0]
 [26  6 19  4  5 11  0  0  0  0  0  0  0  0  0  0  0  0  0  0  0]
 [16 25  0  0  0  0  0  0  0  0  0  0  0  0  0  0  0  0  0  0  0]
 [27 25  2  9 22  0  0  0  0  0  0  0  0  0  0  0  0  0  0  0  0]
 [15 26 17 16  5 20  0  0  0  0  0  0  0  0  0  0  0  0  0  0  0]
 [11 16 17 26  0  0  0  0  0  0  0  0  0  0  0  0  0  0  0  0  0]
 [27 18  0  0  0  0  0  0  0  0  0  0  0  0  0  0  0  0  0  0  0]
 [27 11  8 25  2 19  9  7  0  0  0  0  0  0  0  0  0  0  0  0  0]]
gen= [[0 0 0 0 0 0 0 0 0 0 0 0 0 0 0 0 0 0 0 0 0]
 [0 0 0 0 0 0 0 0 0 0 0 0 0 0 0 0 0 0 0 0 0]
 [0 0 0 0 0 0 0 0 0 0 0 0 0 0 0 0 0 0 0 0 0]
 [0 0 0 0 0 0 0 0 0 0 0 0 0 0 0 0 0 0 0 0 0]
 [0 0 0 0 0 0 0 0 0 0 0 0 0 0 0 0 0 0 0 0 0]
 [0 0 0 0 0 0 0 0 0 0 0 0 0 0 0 0 0 0 0 0 0]
 [0 0 0 0 0 0 0 0 0 0 0 0 0 0 0 0 0 0 0 0 0]
 [0 0 0 0 0 0 0 0 0 0 0 0 0 0 0 0 0 0 0 0 0]
 [0 0 0 0 0 0 0 0 0 0 0 0 0 0 0 0 0 0 0 0 0]
 [0 0 0 0 0 0 0 0 0 0 0 0 0 0 0 0 0 0 0 0 0]]
valid: gen=0.0
reward: norm=0.8202335418605567
[ 100 iterations]
real= [[15 10 19  2  5  0  0  0  0  0  0  0  0  0  0  0  0  0  0  0  0]
 [15 10 17 19  0  0  0  0  0  0  0  0  0  0  0  0  0  0  0  0  0]
 [ 7 19 17 14 13 10  0  0  0  0  0  0  0  0  0  0  0  0  0  0  0]
 [ 7 20  0  0  0  0  0  0  0  0  0  0  0  0  0  0  0  0  0  0  0]
 [13  0  0  0  0  0  0  0  0  0  0  0  0  0  0  0  0  0  0  0  0]
 [19  0  0  0  0  0  0  0  0  0  0  0  0  0  0  0  0  0  0  0  0]
 [15  3  1  0  0  0  0  0  0  0  0  0  0  0  0  0  0  0  0  0  0]
 [28 20  4 14 13  9 23  0  0  0  0  0  0  0  0  0  0  0  0  0  0]
 [27 12  6  0  0  0  0  0  0  0  0  0  0  0  0  0  0  0  0  0  0]
 [27 23 22 17  0  0  0  0  0  0  0  0  0  0  0  0  0  0  0  0  0]]
gen= [[0 0 0 0 0 0 0 0 0 0 0 0 0 0 0 0 0 0 0 0 0]
 [0 0 0 0 0 0 0 0 0 0 0 0 0 0 0 0 0 0 0 0 0]
 [0 0 0 0 0 0 0 0 0 0 0 0 0 0 0 0 0 0 0 0 0]
 [0 0 0 0 0 0 0 0 0 0 0 0 0 0 0 0 0 0 0 0 0]
 [0 0 0 0 0 0 0 0 0 0 0 0 0 0 0 0 0 0 0 0 0]
 [0 0 0 0 0 0 0 0 0 0 0 0 0 0 0 0 0 0 0 0 0]
 [0 0 0 0 0 0 0 0 0 0 0 0 0 0 0 0 0 0 0 0 0]
 [0 0 0 0 0 0 0 0 0 0 0 0 0 0 0 0 0 0 0 0 0]
 [0 0 0 0 0 0 0 0 0 0 0 0 0 0 0 0 0 0 0 0 0]
 [0 0 0 0 0 0 0 0 0 0 0 0 0 0 0 0 0 0 0 0 0]]
valid: gen=0.0
reward: norm=0.811886670751655
[ 110 iterations]
real= [[ 7 15 13 14 25 28  5  0  0  0  0  0  0  0  0  0  0  0  0  0  0]
 [ 7 26 22  2 25 28  0  0  0  0  0  0  0  0  0  0  0  0  0  0  0]
 [21 10  0  0  0  0  0  0  0  0  0  0  0  0  0  0  0  0  0  0  0]
 [ 7  6  9  8  5  0  0  0  0  0  0  0  0  0  0  0  0  0  0  0  0]
 [18 14 17 19  8 25  0  0  0  0  0  0  0  0  0  0  0  0  0  0  0]
 [ 6  0  0  0  0  0  0  0  0  0  0  0  0  0  0  0  0  0  0  0  0]
 [ 7 17  0  0  0  0  0  0  0  0  0  0  0  0  0  0  0  0  0  0  0]
 [23 24 17 14 20 28  5  0  0  0  0  0  0  0  0  0  0  0  0  0  0]
 [16 26 22  0  0  0  0  0  0  0  0  0  0  0  0  0  0  0  0  0  0]
 [ 5  0  0  0  0  0  0  0  0  0  0  0  0  0  0  0  0  0  0  0  0]]
gen= [[0 0 0 0 0 0 0 0 0 0 0 0 0 0 0 0 0 0 0 0 0]
 [0 0 0 0 0 0 0 0 0 0 0 0 0 0 0 0 0 0 0 0 0]
 [0 0 0 0 0 0 0 0 0 0 0 0 0 0 0 0 0 0 0 0 0]
 [0 0 0 0 0 0 0 0 0 0 0 0 0 0 0 0 0 0 0 0 0]
 [0 0 0 0 0 0 0 0 0 0 0 0 0 0 0 0 0 0 0 0 0]
 [0 0 0 0 0 0 0 0 0 0 0 0 0 0 0 0 0 0 0 0 0]
 [0 0 0 0 0 0 0 0 0 0 0 0 0 0 0 0 0 0 0 0 0]
 [0 0 0 0 0 0 0 0 0 0 0 0 0 0 0 0 0 0 0 0 0]
 [0 0 0 0 0 0 0 0 0 0 0 0 0 0 0 0 0 0 0 0 0]
 [0 0 0 0 0 0 0 0 0 0 0 0 0 0 0 0 0 0 0 0 0]]
valid: gen=0.0
reward: norm=0.8135734936058119
[ 120 iterations]
real= [[13  0  0  0  0  0  0  0  0  0  0  0  0  0  0  0  0  0  0  0  0]
 [22 12 17  0  0  0  0  0  0  0  0  0  0  0  0  0  0  0  0  0  0]
 [17  0  0  0  0  0  0  0  0  0  0  0  0  0  0  0  0  0  0  0  0]
 [15  7 22 13 17  9  0  0  0  0  0  0  0  0  0  0  0  0  0  0  0]
 [22  3  4  0  0  0  0  0  0  0  0  0  0  0  0  0  0  0  0  0  0]
 [ 5 11 28 12 10 23  0  0  0  0  0  0  0  0  0  0  0  0  0  0  0]
 [13  2  4  0  0  0  0  0  0  0  0  0  0  0  0  0  0  0  0  0  0]
 [ 7 20 19  3 13 22  0  0  0  0  0  0  0  0  0  0  0  0  0  0  0]
 [27  0  0  0  0  0  0  0  0  0  0  0  0  0  0  0  0  0  0  0  0]
 [27 26 15 24 10 17  9  4  5  0  0  0  0  0  0  0  0  0  0  0  0]]
gen= [[0 0 0 0 0 0 0 0 0 0 0 0 0 0 0 0 0 0 0 0 0]
 [0 0 0 0 0 0 0 0 0 0 0 0 0 0 0 0 0 0 0 0 0]
 [0 0 0 0 0 0 0 0 0 0 0 0 0 0 0 0 0 0 0 0 0]
 [0 0 0 0 0 0 0 0 0 0 0 0 0 0 0 0 0 0 0 0 0]
 [0 0 0 0 0 0 0 0 0 0 0 0 0 0 0 0 0 0 0 0 0]
 [0 0 0 0 0 0 0 0 0 0 0 0 0 0 0 0 0 0 0 0 0]
 [0 0 0 0 0 0 0 0 0 0 0 0 0 0 0 0 0 0 0 0 0]
 [0 0 0 0 0 0 0 0 0 0 0 0 0 0 0 0 0 0 0 0 0]
 [0 0 0 0 0 0 0 0 0 0 0 0 0 0 0 0 0 0 0 0 0]
 [0 0 0 0 0 0 0 0 0 0 0 0 0 0 0 0 0 0 0 0 0]]
valid: gen=0.0
reward: norm=0.8110377555958631
[ 130 iterations]
real= [[27 12 19 14 24  6  0  0  0  0  0  0  0  0  0  0  0  0  0  0  0]
 [27  8 10 14  0  0  0  0  0  0  0  0  0  0  0  0  0  0  0  0  0]
 [26 24 18 13 17 12  5 11  0  0  0  0  0  0  0  0  0  0  0  0  0]
 [23 26 15 21 16  4  5  0  0  0  0  0  0  0  0  0  0  0  0  0  0]
 [12 21 17 18 24 22  0  0  0  0  0  0  0  0  0  0  0  0  0  0  0]
 [23  0  0  0  0  0  0  0  0  0  0  0  0  0  0  0  0  0  0  0  0]
 [21  8 11  5 27  0  0  0  0  0  0  0  0  0  0  0  0  0  0  0  0]
 [20 25  8  3 13 17 12  0  0  0  0  0  0  0  0  0  0  0  0  0  0]
 [27  5  1  3 16 14  0  0  0  0  0  0  0  0  0  0  0  0  0  0  0]
 [23 26 17 13 16  9  8  0  0  0  0  0  0  0  0  0  0  0  0  0  0]]
gen= [[0 0 0 0 0 0 0 0 0 0 0 0 0 0 0 0 0 0 0 0 0]
 [0 0 0 0 0 0 0 0 0 0 0 0 0 0 0 0 0 0 0 0 0]
 [0 0 0 0 0 0 0 0 0 0 0 0 0 0 0 0 0 0 0 0 0]
 [0 0 0 0 0 0 0 0 0 0 0 0 0 0 0 0 0 0 0 0 0]
 [0 0 0 0 0 0 0 0 0 0 0 0 0 0 0 0 0 0 0 0 0]
 [0 0 0 0 0 0 0 0 0 0 0 0 0 0 0 0 0 0 0 0 0]
 [0 0 0 0 0 0 0 0 0 0 0 0 0 0 0 0 0 0 0 0 0]
 [0 0 0 0 0 0 0 0 0 0 0 0 0 0 0 0 0 0 0 0 0]
 [0 0 0 0 0 0 0 0 0 0 0 0 0 0 0 0 0 0 0 0 0]
 [0 0 0 0 0 0 0 0 0 0 0 0 0 0 0 0 0 0 0 0 0]]
valid: gen=0.005
reward: norm=0.8152194544135154
[ 140 iterations]
real= [[13 12  7  0  0  0  0  0  0  0  0  0  0  0  0  0  0  0  0  0  0]
 [18 11 20  4  0  0  0  0  0  0  0  0  0  0  0  0  0  0  0  0  0]
 [17  0  0  0  0  0  0  0  0  0  0  0  0  0  0  0  0  0  0  0  0]
 [26  6 19  4  5 11  0  0  0  0  0  0  0  0  0  0  0  0  0  0  0]
 [16 25  0  0  0  0  0  0  0  0  0  0  0  0  0  0  0  0  0  0  0]
 [27 25  2  9 22  0  0  0  0  0  0  0  0  0  0  0  0  0  0  0  0]
 [15 26 17 16  5 20  0  0  0  0  0  0  0  0  0  0  0  0  0  0  0]
 [11 16 17 26  0  0  0  0  0  0  0  0  0  0  0  0  0  0  0  0  0]
 [27 18  0  0  0  0  0  0  0  0  0  0  0  0  0  0  0  0  0  0  0]
 [27 11  8 25  2 19  9  7  0  0  0  0  0  0  0  0  0  0  0  0  0]]
gen= [[ 0  0  0  0  0  0  0  0  0  0  0  0  0  0  0  0  0  0  0  0  0]
 [18  0  0  0  0  0  0  0  0  0  0  0  0  0  0  0  0  0  0  0  0]
 [ 0  0  0  0  0  0  0  0  0  0  0  0  0  0  0  0  0  0  0  0  0]
 [11  0  0  0  0  0  0  0  0  0  0  0  0  0  0  0  0  0  0  0  0]
 [ 0  0  0  0  0  0  0  0  0  0  0  0  0  0  0  0  0  0  0  0  0]
 [22  0  0  0  0  0  0  0  0  0  0  0  0  0  0  0  0  0  0  0  0]
 [ 0  0  0  0  0  0  0  0  0  0  0  0  0  0  0  0  0  0  0  0  0]
 [11  0  0  0  0  0  0  0  0  0  0  0  0  0  0  0  0  0  0  0  0]
 [ 0  0  0  0  0  0  0  0  0  0  0  0  0  0  0  0  0  0  0  0  0]
 [ 0  0  0  0  0  0  0  0  0  0  0  0  0  0  0  0  0  0  0  0  0]]
valid: gen=0.014
reward: norm=0.8247028501793604
[ 150 iterations]
real= [[15 10 19  2  5  0  0  0  0  0  0  0  0  0  0  0  0  0  0  0  0]
 [15 10 17 19  0  0  0  0  0  0  0  0  0  0  0  0  0  0  0  0  0]
 [ 7 19 17 14 13 10  0  0  0  0  0  0  0  0  0  0  0  0  0  0  0]
 [ 7 20  0  0  0  0  0  0  0  0  0  0  0  0  0  0  0  0  0  0  0]
 [13  0  0  0  0  0  0  0  0  0  0  0  0  0  0  0  0  0  0  0  0]
 [19  0  0  0  0  0  0  0  0  0  0  0  0  0  0  0  0  0  0  0  0]
 [15  3  1  0  0  0  0  0  0  0  0  0  0  0  0  0  0  0  0  0  0]
 [28 20  4 14 13  9 23  0  0  0  0  0  0  0  0  0  0  0  0  0  0]
 [27 12  6  0  0  0  0  0  0  0  0  0  0  0  0  0  0  0  0  0  0]
 [27 23 22 17  0  0  0  0  0  0  0  0  0  0  0  0  0  0  0  0  0]]
gen= [[ 0 10  0  0  0  0  0  0  0  0  0  0  0  0  0  0  0  0  0  0  0]
 [10  0  0  0  0  0  0  0  0  0  0  0  0  0  0  0  0  0  0  0  0]
 [10  0  0  0  0  0  0  0  0  0  0  0  0  0  0  0  0  0  0  0  0]
 [ 0  0  0  0  0  0  0  0  0  0  0  0  0  0  0  0  0  0  0  0  0]
 [ 0 13 13  0  0  0  0  0  0  0  0  0  0  0  0  0  0  0  0  0  0]
 [ 0  0  0  0  0  0  0  0  0  0  0  0  0  0  0  0  0  0  0  0  0]
 [15  1  0  0  0  0  0  0  0  0  0  0  0  0  0  0  0  0  0  0  0]
 [23 23  0  0  0  0  0  0  0  0  0  0  0  0  0  0  0  0  0  0  0]
 [ 0  0  0  0  0  0  0  0  0  0  0  0  0  0  0  0  0  0  0  0  0]
 [22  0  0  0  0  0  0  0  0  0  0  0  0  0  0  0  0  0  0  0  0]]
valid: gen=0.016
reward: norm=0.8229804926716423
[ 160 iterations]
real= [[ 7 15 13 14 25 28  5  0  0  0  0  0  0  0  0  0  0  0  0  0  0]
 [ 7 26 22  2 25 28  0  0  0  0  0  0  0  0  0  0  0  0  0  0  0]
 [21 10  0  0  0  0  0  0  0  0  0  0  0  0  0  0  0  0  0  0  0]
 [ 7  6  9  8  5  0  0  0  0  0  0  0  0  0  0  0  0  0  0  0  0]
 [18 14 17 19  8 25  0  0  0  0  0  0  0  0  0  0  0  0  0  0  0]
 [ 6  0  0  0  0  0  0  0  0  0  0  0  0  0  0  0  0  0  0  0  0]
 [ 7 17  0  0  0  0  0  0  0  0  0  0  0  0  0  0  0  0  0  0  0]
 [23 24 17 14 20 28  5  0  0  0  0  0  0  0  0  0  0  0  0  0  0]
 [16 26 22  0  0  0  0  0  0  0  0  0  0  0  0  0  0  0  0  0  0]
 [ 5  0  0  0  0  0  0  0  0  0  0  0  0  0  0  0  0  0  0  0  0]]
gen= [[ 0  0  0  0  0  0  0  0  0  0  0  0  0  0  0  0  0  0  0  0  0]
 [26 26 26 26  0  0  0  0  0  0  0  0  0  0  0  0  0  0  0  0  0]
 [10 10  0  0  0  0  0  0  0  0  0  0  0  0  0  0  0  0  0  0  0]
 [ 0  0  0  0  0  0  0  0  0  0  0  0  0  0  0  0  0  0  0  0  0]
 [25  0  0  0  0  0  0  0  0  0  0  0  0 25  0  0  0  0  0  0  0]
 [ 6  0  0  0  0  0  0  0  0  0  0  0  0  0  0  0  0  0  0  0  0]
 [ 0  0  0  0  0  0  0  0  0  0  0  0  0  0 17  0  0  0  0  0  0]
 [ 0  0  0  0 23  0 23  0  0  0  0  0  0  0  0  0  0  0  0  0  0]
 [ 0  0  0  0  0  0  0  0  0  0  0  0  0  0  0  0  0  0  0  0  0]
 [ 0  0  0  0  0  0  0  0  0  0  0  0  0  0  0  0  0  0  0  0  0]]
valid: gen=0.017
reward: norm=0.8566050728181582
[ 170 iterations]
real= [[13  0  0  0  0  0  0  0  0  0  0  0  0  0  0  0  0  0  0  0  0]
 [22 12 17  0  0  0  0  0  0  0  0  0  0  0  0  0  0  0  0  0  0]
 [17  0  0  0  0  0  0  0  0  0  0  0  0  0  0  0  0  0  0  0  0]
 [15  7 22 13 17  9  0  0  0  0  0  0  0  0  0  0  0  0  0  0  0]
 [22  3  4  0  0  0  0  0  0  0  0  0  0  0  0  0  0  0  0  0  0]
 [ 5 11 28 12 10 23  0  0  0  0  0  0  0  0  0  0  0  0  0  0  0]
 [13  2  4  0  0  0  0  0  0  0  0  0  0  0  0  0  0  0  0  0  0]
 [ 7 20 19  3 13 22  0  0  0  0  0  0  0  0  0  0  0  0  0  0  0]
 [27  0  0  0  0  0  0  0  0  0  0  0  0  0  0  0  0  0  0  0  0]
 [27 26 15 24 10 17  9  4  5  0  0  0  0  0  0  0  0  0  0  0  0]]
gen= [[ 0  0  0  0  0  0  0  0  0  0  0  0  0  0  0  0  0  0  0  0  0]
 [22  0  0  0  0  0  0  0  0  0  0  0  0  0  0  0  0  0  0  0  0]
 [ 0  0  0  0  0  0  0  0  0  0  0  0  0  0  0  0  0  0  0  0  0]
 [22  0  0  0  0  0  0  0  0  0  0  0  0  0  0  0  0  0  0  0  0]
 [ 0  0  0  0  0  0  0  0  0  0  0  0  0  0  0  0  0  0  0  0  0]
 [ 0  5 11 10 10  0 10 10  0  0  0  0  0  0  0  0  0  0  0  0  0]
 [ 4  0  0  0  0  0  0  0  0  0  0  0  0  0  0  0  0  0  0  0  0]
 [ 0  0  0  0  0  0  0  0  0  0  0  0  0  0  0  0  0  0  0  0  0]
 [ 0  0  0  0  0  0  0  0  0  0  0  0  0  0  0  0  0  0  0  0  0]
 [10  0  0  0  0  0  0  0  0  0  0  0  0  0  0  0  0  0  0  0  0]]
valid: gen=0.02
reward: norm=0.8573003915324435
[ 180 iterations]
real= [[27 12 19 14 24  6  0  0  0  0  0  0  0  0  0  0  0  0  0  0  0]
 [27  8 10 14  0  0  0  0  0  0  0  0  0  0  0  0  0  0  0  0  0]
 [26 24 18 13 17 12  5 11  0  0  0  0  0  0  0  0  0  0  0  0  0]
 [23 26 15 21 16  4  5  0  0  0  0  0  0  0  0  0  0  0  0  0  0]
 [12 21 17 18 24 22  0  0  0  0  0  0  0  0  0  0  0  0  0  0  0]
 [23  0  0  0  0  0  0  0  0  0  0  0  0  0  0  0  0  0  0  0  0]
 [21  8 11  5 27  0  0  0  0  0  0  0  0  0  0  0  0  0  0  0  0]
 [20 25  8  3 13 17 12  0  0  0  0  0  0  0  0  0  0  0  0  0  0]
 [27  5  1  3 16 14  0  0  0  0  0  0  0  0  0  0  0  0  0  0  0]
 [23 26 17 13 16  9  8  0  0  0  0  0  0  0  0  0  0  0  0  0  0]]
gen= [[ 0  0  0  0  0  0  0  0  0  0  0  0  0  0  0  0  0  0  0  0  0]
 [10 10  0  0  0  0  0  0  0  0  0  0  0  0  0  0  0  0  0  0  0]
 [ 0  0 11 26 11  0  0  0  0  0  0  0  0  0  0  0  0  0  0  0  0]
 [ 0  0  0  0  0  0  0  0  0  0  0  0  0  0  0  0  0  0  0  0  0]
 [22 22  0  0  0  0  0  0  0  0  0  0  0  0  0  0  0  0  0  0  0]
 [ 0  0  0  0  0  0  0  0  0  0  0  0  0  0  0  0  0  0  0  0  0]
 [11 11 11 11 11  0  0  0  0  0  0  0  0  0  0  0  0  0  0  0  0]
 [ 3  3  3  3  3  0  0  0  0  0  0  0  0  0  0  0  0  0  0  0  0]
 [ 0  0 16  1  1  1  0  0  0  0  0  0  0  0  0  0  0  0  0  0  0]
 [ 0 26  9  0  0  0  0  0  0  0  0  0  0  0  0  0  0  0  0  0  0]]
valid: gen=0.018
reward: norm=0.8558409308589381
[ 190 iterations]
real= [[13 12  7  0  0  0  0  0  0  0  0  0  0  0  0  0  0  0  0  0  0]
 [18 11 20  4  0  0  0  0  0  0  0  0  0  0  0  0  0  0  0  0  0]
 [17  0  0  0  0  0  0  0  0  0  0  0  0  0  0  0  0  0  0  0  0]
 [26  6 19  4  5 11  0  0  0  0  0  0  0  0  0  0  0  0  0  0  0]
 [16 25  0  0  0  0  0  0  0  0  0  0  0  0  0  0  0  0  0  0  0]
 [27 25  2  9 22  0  0  0  0  0  0  0  0  0  0  0  0  0  0  0  0]
 [15 26 17 16  5 20  0  0  0  0  0  0  0  0  0  0  0  0  0  0  0]
 [11 16 17 26  0  0  0  0  0  0  0  0  0  0  0  0  0  0  0  0  0]
 [27 18  0  0  0  0  0  0  0  0  0  0  0  0  0  0  0  0  0  0  0]
 [27 11  8 25  2 19  9  7  0  0  0  0  0  0  0  0  0  0  0  0  0]]
gen= [[12  0  0  0  0  0  0  0  0  0  0  0  0  0  0  0  0  0  0  0  0]
 [11 11 11 11  0  0  0  0  0  0  0  0  0  0  0  0  0  0  0  0  0]
 [ 0  0  0  0  0  0  0  0  0  0  0  0  0  0  0  0  0  0  0  0  0]
 [ 0  0  0  0  0  0  0  0  0  0  0  0  0  0  0  0  0  0  0  0  0]
 [ 0  0  0  0  0  0  0  0  0  0  0  0  0  0  0  0  0  0  0  0  0]
 [ 0  0  0  0  0  0  0  0  0  0  0  0  0  0  0  0  0  0  0  0  0]
 [ 0 16 16 16  0  0  0  0  0  0  0  0  0  0  0  0  0  0  0  0  0]
 [ 0  0 16  0  0  0  0  0  0  0  0  0  0  0  0  0  0  0  0  0  0]
 [ 0  0  0 27  0  0  0  0  0  0  0  0  0  0  0  0  0  0  0  0  0]
 [ 9  0  0  0  0  0  0  0  0  0  0  0  0  0  0  0  0  0  0  0  0]]
valid: gen=0.027
reward: norm=0.8691194457510425
[ 200 iterations]
real= [[15 10 19  2  5  0  0  0  0  0  0  0  0  0  0  0  0  0  0  0  0]
 [15 10 17 19  0  0  0  0  0  0  0  0  0  0  0  0  0  0  0  0  0]
 [ 7 19 17 14 13 10  0  0  0  0  0  0  0  0  0  0  0  0  0  0  0]
 [ 7 20  0  0  0  0  0  0  0  0  0  0  0  0  0  0  0  0  0  0  0]
 [13  0  0  0  0  0  0  0  0  0  0  0  0  0  0  0  0  0  0  0  0]
 [19  0  0  0  0  0  0  0  0  0  0  0  0  0  0  0  0  0  0  0  0]
 [15  3  1  0  0  0  0  0  0  0  0  0  0  0  0  0  0  0  0  0  0]
 [28 20  4 14 13  9 23  0  0  0  0  0  0  0  0  0  0  0  0  0  0]
 [27 12  6  0  0  0  0  0  0  0  0  0  0  0  0  0  0  0  0  0  0]
 [27 23 22 17  0  0  0  0  0  0  0  0  0  0  0  0  0  0  0  0  0]]
gen= [[ 0 10 10 10 10  0  0  0  0  0  0  0  0  0  0  0  0  0  0  0  0]
 [ 0 10 10 10  0  0  0  0  0  0  0  0  0  0  0  0  0  0  0  0  0]
 [10 10 10 10 10  0  0  0  0  0  0  0  0  0  0  0  0  0  0  0  0]
 [20 20  0  0  0  0  0  0  0  0  0  0  0  0  0  0  0  0  0  0  0]
 [13  0  0  0  0  0  0  0  0  0  0  0  0  0  0  0  0  0  0  0  0]
 [ 0  0  0  0  0  0  0  0  0  0  0  0  0  0  0  0  0  0  0  0  0]
 [ 1  1  1  0  0  0  0  0  0  0  0  0  0  0  0  0  0  0  0  0  0]
 [ 9  0  0  0  0  0  0  0  0  0  0  0  0  0  0  0  0  0  0  0  0]
 [ 0 12  0  0  0  0  0  0  0  0  0  0  0  0  0  0  0  0  0  0  0]
 [ 0 23 23  0  0  0  0  0  0  0  0  0  0  0  0  0  0  0  0  0  0]]
valid: gen=0.013
reward: norm=0.8583812377882883
[ 210 iterations]
real= [[ 7 15 13 14 25 28  5  0  0  0  0  0  0  0  0  0  0  0  0  0  0]
 [ 7 26 22  2 25 28  0  0  0  0  0  0  0  0  0  0  0  0  0  0  0]
 [21 10  0  0  0  0  0  0  0  0  0  0  0  0  0  0  0  0  0  0  0]
 [ 7  6  9  8  5  0  0  0  0  0  0  0  0  0  0  0  0  0  0  0  0]
 [18 14 17 19  8 25  0  0  0  0  0  0  0  0  0  0  0  0  0  0  0]
 [ 6  0  0  0  0  0  0  0  0  0  0  0  0  0  0  0  0  0  0  0  0]
 [ 7 17  0  0  0  0  0  0  0  0  0  0  0  0  0  0  0  0  0  0  0]
 [23 24 17 14 20 28  5  0  0  0  0  0  0  0  0  0  0  0  0  0  0]
 [16 26 22  0  0  0  0  0  0  0  0  0  0  0  0  0  0  0  0  0  0]
 [ 5  0  0  0  0  0  0  0  0  0  0  0  0  0  0  0  0  0  0  0  0]]
gen= [[25  0  0  0  0  0  0  0  0  0  0  0  0  0  0  0  0  0  0  0  0]
 [26 26  0  0  0  0  0  0  0  0  0  0  0  0  0  0  0  0  0  0  0]
 [ 0  0 10 10  0  0  0  0  0  0  0  0  0  0  0  0  0  0  0  0  0]
 [ 0  0  9  9  9  0  0  0  0  0  0  0  0  0  0  0  0  0  0  0  0]
 [25 19  0  0  0  0  0  0  0  0  0  0  0  0  0  0  0  0  0  0  0]
 [ 0  0  0  0  0  0  0  0  0  0  0  0  0  0  0  0  0  0  0  0  0]
 [ 0  0  0  0  0  0  0  0  0  0  0  0  0  0  0  0  0  0  0  0  0]
 [23 23 23  0  0  0  0  0  0  0  0  0  0  0  0  0  0  0  0  0  0]
 [ 0 16  0  0  0  0  0  0  0  0  0  0  0  0  0  0  0  0  0  0  0]
 [ 0  0  5  0  0  0  0  0  0  0  0  0  0  0  0  0  0  0  0  0  0]]
valid: gen=0.024
reward: norm=0.8641003873122328
[ 220 iterations]
real= [[13  0  0  0  0  0  0  0  0  0  0  0  0  0  0  0  0  0  0  0  0]
 [22 12 17  0  0  0  0  0  0  0  0  0  0  0  0  0  0  0  0  0  0]
 [17  0  0  0  0  0  0  0  0  0  0  0  0  0  0  0  0  0  0  0  0]
 [15  7 22 13 17  9  0  0  0  0  0  0  0  0  0  0  0  0  0  0  0]
 [22  3  4  0  0  0  0  0  0  0  0  0  0  0  0  0  0  0  0  0  0]
 [ 5 11 28 12 10 23  0  0  0  0  0  0  0  0  0  0  0  0  0  0  0]
 [13  2  4  0  0  0  0  0  0  0  0  0  0  0  0  0  0  0  0  0  0]
 [ 7 20 19  3 13 22  0  0  0  0  0  0  0  0  0  0  0  0  0  0  0]
 [27  0  0  0  0  0  0  0  0  0  0  0  0  0  0  0  0  0  0  0  0]
 [27 26 15 24 10 17  9  4  5  0  0  0  0  0  0  0  0  0  0  0  0]]
gen= [[ 0  0  0  0  0  0  0  0  0  0  0  0  0  0  0  0  0  0  0  0  0]
 [22  0  0  0  0  0  0  0  0  0  0  0  0  0  0  0  0  0  0  0  0]
 [ 0  0  0  0  0  0  0  0  0  0  0  0  0  0  0  0  0  0  0  0  0]
 [22  9  9  0  0  0  0  0  0  0  0  0  0  0  0  0  0  0  0  0  0]
 [ 4  4  4  4  0  0  0  0  0  0  0  0  0  0  0  0  0  0  0  0  0]
 [10 10  0  0  0  0  0  0  0  0  0  0  0  0  0  0  0  0  0  0  0]
 [ 0  4  0  0  0  0  0  0  0  0  0  0  0  0  0  0  0  0  0  0  0]
 [ 0  0 22 22  0  0  0  0  0  0  0  0  0  0  0  0  0  0  0  0  0]
 [ 0  0  0  0  0  0  0  0  0  0  0  0  0  0  0  0  0  0  0  0  0]
 [ 9 26 26 10 10  0  0  0  0  0  0  0  0  0  0  0  0  0  0  0  0]]
valid: gen=0.015
reward: norm=0.8632817320540644
[ 230 iterations]
real= [[27 12 19 14 24  6  0  0  0  0  0  0  0  0  0  0  0  0  0  0  0]
 [27  8 10 14  0  0  0  0  0  0  0  0  0  0  0  0  0  0  0  0  0]
 [26 24 18 13 17 12  5 11  0  0  0  0  0  0  0  0  0  0  0  0  0]
 [23 26 15 21 16  4  5  0  0  0  0  0  0  0  0  0  0  0  0  0  0]
 [12 21 17 18 24 22  0  0  0  0  0  0  0  0  0  0  0  0  0  0  0]
 [23  0  0  0  0  0  0  0  0  0  0  0  0  0  0  0  0  0  0  0  0]
 [21  8 11  5 27  0  0  0  0  0  0  0  0  0  0  0  0  0  0  0  0]
 [20 25  8  3 13 17 12  0  0  0  0  0  0  0  0  0  0  0  0  0  0]
 [27  5  1  3 16 14  0  0  0  0  0  0  0  0  0  0  0  0  0  0  0]
 [23 26 17 13 16  9  8  0  0  0  0  0  0  0  0  0  0  0  0  0  0]]
gen= [[ 0  0  0  0  0  0  0  0  0  0  0  0  0  0  0  0  0  0  0  0  0]
 [10 10 10 10  0  0  0  0  0  0  0  0  0  0  0  0  0  0  0  0  0]
 [11 11 11  0  0  0  0  0  0  0  0  0  0  0  0  0  0  0  0  0  0]
 [26 26  0  0  0  0  0  0  0  0  0  0  0  0  0  0  0  0  0  0  0]
 [22 22  0  0  0  0  0  0  0  0  0  0  0  0  0  0  0  0  0  0  0]
 [ 0 23 23  0  0  0  0  0  0  0  0  0  0  0  0  0  0  0  0  0  0]
 [11 11 11  0  0  0  0  0  0  0  0  0  0  0  0  0  0  0  0  0  0]
 [ 3  3  3  0  0  0  0  0  0  0  0  0  0  0  0  0  0  0  0  0  0]
 [16 16 16  0  0  0  0  0  0  0  0  0  0  0  0  0  0  0  0  0  0]
 [26 26 16  0  0  0  0  0  0  0  0  0  0  0  0  0  0  0  0  0  0]]
valid: gen=0.025
reward: norm=0.8585034431114399
[ 240 iterations]
real= [[13 12  7  0  0  0  0  0  0  0  0  0  0  0  0  0  0  0  0  0  0]
 [18 11 20  4  0  0  0  0  0  0  0  0  0  0  0  0  0  0  0  0  0]
 [17  0  0  0  0  0  0  0  0  0  0  0  0  0  0  0  0  0  0  0  0]
 [26  6 19  4  5 11  0  0  0  0  0  0  0  0  0  0  0  0  0  0  0]
 [16 25  0  0  0  0  0  0  0  0  0  0  0  0  0  0  0  0  0  0  0]
 [27 25  2  9 22  0  0  0  0  0  0  0  0  0  0  0  0  0  0  0  0]
 [15 26 17 16  5 20  0  0  0  0  0  0  0  0  0  0  0  0  0  0  0]
 [11 16 17 26  0  0  0  0  0  0  0  0  0  0  0  0  0  0  0  0  0]
 [27 18  0  0  0  0  0  0  0  0  0  0  0  0  0  0  0  0  0  0  0]
 [27 11  8 25  2 19  9  7  0  0  0  0  0  0  0  0  0  0  0  0  0]]
gen= [[12 12  0  0  0  0  0  0  0  0  0  0  0  0  0  0  0  0  0  0  0]
 [ 0 11 11  4  0  0  0  0  0  0  0  0  0  0  0  0  0  0  0  0  0]
 [ 0  0  0  0  0  0  0  0  0  0  0  0  0  0  0  0  0  0  0  0  0]
 [11 11  4  0  0  0  0  0  0  0  0  0  0  0  0  0  0  0  0  0  0]
 [ 0 16 16 16  0  0  0  0  0  0  0  0  0  0  0  0  0  0  0  0  0]
 [22  9  9  0  0  0  0  0  0  0  0  0  0  0  0  0  0  0  0  0  0]
 [26  0  0  0  0  0  0  0  0  0  0  0  0  0  0  0  0  0  0  0  0]
 [11 11  0  0  0  0  0  0  0  0  0  0  0  0  0  0  0  0  0  0  0]
 [18 18  0  0  0  0  0  0  0  0  0  0  0  0  0  0  0  0  0  0  0]
 [11 11 11  0  0  0  0  0  0  0  0  0  0  0  0  0  0  0  0  0  0]]
valid: gen=0.028
reward: norm=0.877300837393286
[ 250 iterations]
real= [[15 10 19  2  5  0  0  0  0  0  0  0  0  0  0  0  0  0  0  0  0]
 [15 10 17 19  0  0  0  0  0  0  0  0  0  0  0  0  0  0  0  0  0]
 [ 7 19 17 14 13 10  0  0  0  0  0  0  0  0  0  0  0  0  0  0  0]
 [ 7 20  0  0  0  0  0  0  0  0  0  0  0  0  0  0  0  0  0  0  0]
 [13  0  0  0  0  0  0  0  0  0  0  0  0  0  0  0  0  0  0  0  0]
 [19  0  0  0  0  0  0  0  0  0  0  0  0  0  0  0  0  0  0  0  0]
 [15  3  1  0  0  0  0  0  0  0  0  0  0  0  0  0  0  0  0  0  0]
 [28 20  4 14 13  9 23  0  0  0  0  0  0  0  0  0  0  0  0  0  0]
 [27 12  6  0  0  0  0  0  0  0  0  0  0  0  0  0  0  0  0  0  0]
 [27 23 22 17  0  0  0  0  0  0  0  0  0  0  0  0  0  0  0  0  0]]
gen= [[10 10 10 10  0  0  0  0  0  0  0  0  0  0  0  0  0  0  0  0  0]
 [10 10 10 10 10  0  0  0  0  0  0  0  0  0  0  0  0  0  0  0  0]
 [10 10 10 10  0  0  0  0  0  0  0  0  0  0  0  0  0  0  0  0  0]
 [ 7 20 20 20  0  0  0  0  0  0  0  0  0  0  0  0  0  0  0  0  0]
 [13  0 13  0  0  0  0  0  0  0  0  0  0  0  0  0  0  0  0  0  0]
 [ 0  0  0  0 19 19 19  0  0  0  0  0  0  0  0  0  0  0  0  0  0]
 [ 0  3  3  3  0  0  0  0  0  0  0  0  0  0  0  0  0  0  0  0  0]
 [ 9  4  4  4  0  0  0  0  0  0  0  0  0  0  0  0  0  0  0  0  0]
 [ 0 12 12 12  0  0  0  0  0  0  0  0  0  0  0  0  0  0  0  0  0]
 [22 23 22 23  0  0  0  0  0  0  0  0  0  0  0  0  0  0  0  0  0]]
valid: gen=0.015
reward: norm=0.912126333802358
[ 260 iterations]
real= [[ 7 15 13 14 25 28  5  0  0  0  0  0  0  0  0  0  0  0  0  0  0]
 [ 7 26 22  2 25 28  0  0  0  0  0  0  0  0  0  0  0  0  0  0  0]
 [21 10  0  0  0  0  0  0  0  0  0  0  0  0  0  0  0  0  0  0  0]
 [ 7  6  9  8  5  0  0  0  0  0  0  0  0  0  0  0  0  0  0  0  0]
 [18 14 17 19  8 25  0  0  0  0  0  0  0  0  0  0  0  0  0  0  0]
 [ 6  0  0  0  0  0  0  0  0  0  0  0  0  0  0  0  0  0  0  0  0]
 [ 7 17  0  0  0  0  0  0  0  0  0  0  0  0  0  0  0  0  0  0  0]
 [23 24 17 14 20 28  5  0  0  0  0  0  0  0  0  0  0  0  0  0  0]
 [16 26 22  0  0  0  0  0  0  0  0  0  0  0  0  0  0  0  0  0  0]
 [ 5  0  0  0  0  0  0  0  0  0  0  0  0  0  0  0  0  0  0  0  0]]
gen= [[14 14 14  0  0  0  0  0  0  0  0  0  0  0  0  0  0  0  0  0  0]
 [26 26 26 26  0  0  0  0  0  0  0  0  0  0  0  0  0  0  0  0  0]
 [10 10 10 10 10  0  0  0  0  0  0  0  0  0  0  0  0  0  0  0  0]
 [ 9  9  9  9  0  0  0  0  0  0  0  0  0  0  0  0  0  0  0  0  0]
 [25 19 14 14  0  0  0  0  0  0  0  0  0  0  0  0  0  0  0  0  0]
 [ 6  6  6  0  0  0  0  0  0  0  0  0  0  0  0  0  0  0  0  0  0]
 [17  7  0  0  0  0  0  0  0  0  0  0  0  0  0  0  0  0  0  0  0]
 [23 23 20 23 14  0  0  0  0  0  0  0  0  0  0  0  0  0  0  0  0]
 [26 26 26 26 26 26  0  0  0  0  0  0  0  0  0  0  0  0  0  0  0]
 [ 0  5  5  0  0  0  0  0  0  0  0  0  0  0  0  0  0  0  0  0  0]]
valid: gen=0.017
reward: norm=0.9199788308742299
[ 270 iterations]
real= [[13  0  0  0  0  0  0  0  0  0  0  0  0  0  0  0  0  0  0  0  0]
 [22 12 17  0  0  0  0  0  0  0  0  0  0  0  0  0  0  0  0  0  0]
 [17  0  0  0  0  0  0  0  0  0  0  0  0  0  0  0  0  0  0  0  0]
 [15  7 22 13 17  9  0  0  0  0  0  0  0  0  0  0  0  0  0  0  0]
 [22  3  4  0  0  0  0  0  0  0  0  0  0  0  0  0  0  0  0  0  0]
 [ 5 11 28 12 10 23  0  0  0  0  0  0  0  0  0  0  0  0  0  0  0]
 [13  2  4  0  0  0  0  0  0  0  0  0  0  0  0  0  0  0  0  0  0]
 [ 7 20 19  3 13 22  0  0  0  0  0  0  0  0  0  0  0  0  0  0  0]
 [27  0  0  0  0  0  0  0  0  0  0  0  0  0  0  0  0  0  0  0  0]
 [27 26 15 24 10 17  9  4  5  0  0  0  0  0  0  0  0  0  0  0  0]]
gen= [[ 0 13 13  0  0  0  0  0  0  0  0  0  0  0  0  0  0  0  0  0  0]
 [22 22 22  0  0  0  0  0  0  0  0  0  0  0  0  0  0  0  0  0  0]
 [ 0 17  0  0  0  0  0  0  0  0  0  0  0  0  0  0  0  0  0  0  0]
 [ 9 22  0  0  0  0  0  0  0  0  0  0  0  0  0  0  0  0  0  0  0]
 [22  4  4  4  0  0  0  0  0  0  0  0  0  0  0  0  0  0  0  0  0]
 [11 11 11  0  0  0  0  0  0  0  0  0  0  0  0  0  0  0  0  0  0]
 [ 4  4  0  0  0  0  0  0  0  0  0  0  0  0  0  0  0  0  0  0  0]
 [22 22 20  0  0  0  0  0  0  0  0  0  0  0  0  0  0  0  0  0  0]
 [27  0  0  0  0  0  0  0  0  0  0  0  0  0  0  0  0  0  0  0  0]
 [26 26 26  0  0  0  0  0  0  0  0  0  0  0  0  0  0  0  0  0  0]]
valid: gen=0.015
reward: norm=0.909922055067324
[ 280 iterations]
real= [[27 12 19 14 24  6  0  0  0  0  0  0  0  0  0  0  0  0  0  0  0]
 [27  8 10 14  0  0  0  0  0  0  0  0  0  0  0  0  0  0  0  0  0]
 [26 24 18 13 17 12  5 11  0  0  0  0  0  0  0  0  0  0  0  0  0]
 [23 26 15 21 16  4  5  0  0  0  0  0  0  0  0  0  0  0  0  0  0]
 [12 21 17 18 24 22  0  0  0  0  0  0  0  0  0  0  0  0  0  0  0]
 [23  0  0  0  0  0  0  0  0  0  0  0  0  0  0  0  0  0  0  0  0]
 [21  8 11  5 27  0  0  0  0  0  0  0  0  0  0  0  0  0  0  0  0]
 [20 25  8  3 13 17 12  0  0  0  0  0  0  0  0  0  0  0  0  0  0]
 [27  5  1  3 16 14  0  0  0  0  0  0  0  0  0  0  0  0  0  0  0]
 [23 26 17 13 16  9  8  0  0  0  0  0  0  0  0  0  0  0  0  0  0]]
gen= [[24 24 24 12  0  0  0  0  0  0  0  0  0  0  0  0  0  0  0  0  0]
 [10 10 10 14  0  0  0  0  0  0  0  0  0  0  0  0  0  0  0  0  0]
 [11 26 26 26 26  0  0  0  0  0  0  0  0  0  0  0  0  0  0  0  0]
 [16 26 16 16 16  0  0  0  0  0  0  0  0  0  0  0  0  0  0  0  0]
 [22 12 12  0  0  0  0  0  0  0  0  0  0  0  0  0  0  0  0  0  0]
 [23 23 23  0  0  0  0  0  0  0  0  0  0  0  0  0  0  0  0  0  0]
 [11 11 11 11  0  0  0  0  0  0  0  0  0  0  0  0  0  0  0  0  0]
 [20 12 12 12  0  0  0  0  0  0  0  0  0  0  0  0  0  0  0  0  0]
 [16 16 16 16 16  0  0  0  0  0  0  0  0  0  0  0  0  0  0  0  0]
 [16 16 16 16  0  0  0  0  0  0  0  0  0  0  0  0  0  0  0  0  0]]
valid: gen=0.006
reward: norm=0.9458120598442663
[ 290 iterations]
real= [[13 12  7  0  0  0  0  0  0  0  0  0  0  0  0  0  0  0  0  0  0]
 [18 11 20  4  0  0  0  0  0  0  0  0  0  0  0  0  0  0  0  0  0]
 [17  0  0  0  0  0  0  0  0  0  0  0  0  0  0  0  0  0  0  0  0]
 [26  6 19  4  5 11  0  0  0  0  0  0  0  0  0  0  0  0  0  0  0]
 [16 25  0  0  0  0  0  0  0  0  0  0  0  0  0  0  0  0  0  0  0]
 [27 25  2  9 22  0  0  0  0  0  0  0  0  0  0  0  0  0  0  0  0]
 [15 26 17 16  5 20  0  0  0  0  0  0  0  0  0  0  0  0  0  0  0]
 [11 16 17 26  0  0  0  0  0  0  0  0  0  0  0  0  0  0  0  0  0]
 [27 18  0  0  0  0  0  0  0  0  0  0  0  0  0  0  0  0  0  0  0]
 [27 11  8 25  2 19  9  7  0  0  0  0  0  0  0  0  0  0  0  0  0]]
gen= [[12 12 12 12  0  0  0  0  0  0  0  0  0  0  0  0  0  0  0  0  0]
 [11 11 11 11 20  0  0  0  0  0  0  0  0  0  0  0  0  0  0  0  0]
 [17 17 17  0  0  0  0  0  0  0  0  0  0  0  0  0  0  0  0  0  0]
 [11 11 11 11  0  0  0  0  0  0  0  0  0  0  0  0  0  0  0  0  0]
 [16 16 16 16 16  0  0  0  0  0  0  0  0  0  0  0  0  0  0  0  0]
 [22 22  2  0  0  0  0  0  0  0  0  0  0  0  0  0  0  0  0  0  0]
 [16 16 16 16 16  0  0  0  0  0  0  0  0  0  0  0  0  0  0  0  0]
 [16 16 16 16  0  0  0  0  0  0  0  0  0  0  0  0  0  0  0  0  0]
 [18 18 18  0  0  0  0  0  0  0  0  0  0  0  0  0  0  0  0  0  0]
 [11 11 11 11  0  0  0  0  0  0  0  0  0  0  0  0  0  0  0  0  0]]
valid: gen=0.003
reward: norm=0.9581333827518157
[ 300 iterations]
real= [[15 10 19  2  5  0  0  0  0  0  0  0  0  0  0  0  0  0  0  0  0]
 [15 10 17 19  0  0  0  0  0  0  0  0  0  0  0  0  0  0  0  0  0]
 [ 7 19 17 14 13 10  0  0  0  0  0  0  0  0  0  0  0  0  0  0  0]
 [ 7 20  0  0  0  0  0  0  0  0  0  0  0  0  0  0  0  0  0  0  0]
 [13  0  0  0  0  0  0  0  0  0  0  0  0  0  0  0  0  0  0  0  0]
 [19  0  0  0  0  0  0  0  0  0  0  0  0  0  0  0  0  0  0  0  0]
 [15  3  1  0  0  0  0  0  0  0  0  0  0  0  0  0  0  0  0  0  0]
 [28 20  4 14 13  9 23  0  0  0  0  0  0  0  0  0  0  0  0  0  0]
 [27 12  6  0  0  0  0  0  0  0  0  0  0  0  0  0  0  0  0  0  0]
 [27 23 22 17  0  0  0  0  0  0  0  0  0  0  0  0  0  0  0  0  0]]
gen= [[10 10 10 10  0  0  0  0  0  0  0  0  0  0  0  0  0  0  0  0  0]
 [10 10 10 10  0  0  0  0  0  0  0  0  0  0  0  0  0  0  0  0  0]
 [10 10 10 10  0  0  0  0  0  0  0  0  0  0  0  0  0  0  0  0  0]
 [20 20 20  0  0  0  0  0  0  0  0  0  0  0  0  0  0  0  0  0  0]
 [13 13 13  0  0  0  0  0  0  0  0  0  0  0  0  0  0  0  0  0  0]
 [19 19 19  0  0  0  0  0  0  0  0  0  0  0  0  0  0  0  0  0  0]
 [15 15 15 15  0  0  0  0  0  0  0  0  0  0  0  0  0  0  0  0  0]
 [20 20 20 20  0  0  0  0  0  0  0  0  0  0  0  0  0  0  0  0  0]
 [12 12 12  0  0  0  0  0  0  0  0  0  0  0  0  0  0  0  0  0  0]
 [22 22 22 22  0  0  0  0  0  0  0  0  0  0  0  0  0  0  0  0  0]]
valid: gen=0.003
reward: norm=0.9504404203804944
[ 310 iterations]
real= [[ 7 15 13 14 25 28  5  0  0  0  0  0  0  0  0  0  0  0  0  0  0]
 [ 7 26 22  2 25 28  0  0  0  0  0  0  0  0  0  0  0  0  0  0  0]
 [21 10  0  0  0  0  0  0  0  0  0  0  0  0  0  0  0  0  0  0  0]
 [ 7  6  9  8  5  0  0  0  0  0  0  0  0  0  0  0  0  0  0  0  0]
 [18 14 17 19  8 25  0  0  0  0  0  0  0  0  0  0  0  0  0  0  0]
 [ 6  0  0  0  0  0  0  0  0  0  0  0  0  0  0  0  0  0  0  0  0]
 [ 7 17  0  0  0  0  0  0  0  0  0  0  0  0  0  0  0  0  0  0  0]
 [23 24 17 14 20 28  5  0  0  0  0  0  0  0  0  0  0  0  0  0  0]
 [16 26 22  0  0  0  0  0  0  0  0  0  0  0  0  0  0  0  0  0  0]
 [ 5  0  0  0  0  0  0  0  0  0  0  0  0  0  0  0  0  0  0  0  0]]
gen= [[15 28 28 14  0  0  0  0  0  0  0  0  0  0  0  0  0  0  0  0  0]
 [26 26  2  2  0  0  0  0  0  0  0  0  0  0  0  0  0  0  0  0  0]
 [10 10 10 10 10  0  0  0  0  0  0  0  0  0  0  0  0  0  0  0  0]
 [ 6  6  7  7  0  0  0  0  0  0  0  0  0  0  0  0  0  0  0  0  0]
 [25  8 14 14  0  0  0  0  0  0  0  0  0  0  0  0  0  0  0  0  0]
 [ 6  6  6  0  0  0  0  0  0  0  0  0  0  0  0  0  0  0  0  0  0]
 [ 7  7  7  7  0  0  0  0  0  0  0  0  0  0  0  0  0  0  0  0  0]
 [24 24 24 24  0  0  0  0  0  0  0  0  0  0  0  0  0  0  0  0  0]
 [16 16 16 16 16  0  0  0  0  0  0  0  0  0  0  0  0  0  0  0  0]
 [ 5  5  5  0  0  0  0  0  0  0  0  0  0  0  0  0  0  0  0  0  0]]
valid: gen=0.0
reward: norm=0.9569773177793175
[ 320 iterations]
real= [[13  0  0  0  0  0  0  0  0  0  0  0  0  0  0  0  0  0  0  0  0]
 [22 12 17  0  0  0  0  0  0  0  0  0  0  0  0  0  0  0  0  0  0]
 [17  0  0  0  0  0  0  0  0  0  0  0  0  0  0  0  0  0  0  0  0]
 [15  7 22 13 17  9  0  0  0  0  0  0  0  0  0  0  0  0  0  0  0]
 [22  3  4  0  0  0  0  0  0  0  0  0  0  0  0  0  0  0  0  0  0]
 [ 5 11 28 12 10 23  0  0  0  0  0  0  0  0  0  0  0  0  0  0  0]
 [13  2  4  0  0  0  0  0  0  0  0  0  0  0  0  0  0  0  0  0  0]
 [ 7 20 19  3 13 22  0  0  0  0  0  0  0  0  0  0  0  0  0  0  0]
 [27  0  0  0  0  0  0  0  0  0  0  0  0  0  0  0  0  0  0  0  0]
 [27 26 15 24 10 17  9  4  5  0  0  0  0  0  0  0  0  0  0  0  0]]
gen= [[13 13 13 13  0  0  0  0  0  0  0  0  0  0  0  0  0  0  0  0  0]
 [12 12 12 12  0  0  0  0  0  0  0  0  0  0  0  0  0  0  0  0  0]
 [17 17 17 17  0  0  0  0  0  0  0  0  0  0  0  0  0  0  0  0  0]
 [22 22 22  0  0  0  0  0  0  0  0  0  0  0  0  0  0  0  0  0  0]
 [22 22 22  0  0  0  0  0  0  0  0  0  0  0  0  0  0  0  0  0  0]
 [11 11 11 12  0  0  0  0  0  0  0  0  0  0  0  0  0  0  0  0  0]
 [ 2  2  2  0  0  0  0  0  0  0  0  0  0  0  0  0  0  0  0  0  0]
 [20 20 20 20  0  0  0  0  0  0  0  0  0  0  0  0  0  0  0  0  0]
 [27 27  0  0  0  0  0  0  0  0  0  0  0  0  0  0  0  0  0  0  0]
 [24 24 24 24  0  0  0  0  0  0  0  0  0  0  0  0  0  0  0  0  0]]
valid: gen=0.001
reward: norm=0.9500254326788367
[ 330 iterations]
real= [[27 12 19 14 24  6  0  0  0  0  0  0  0  0  0  0  0  0  0  0  0]
 [27  8 10 14  0  0  0  0  0  0  0  0  0  0  0  0  0  0  0  0  0]
 [26 24 18 13 17 12  5 11  0  0  0  0  0  0  0  0  0  0  0  0  0]
 [23 26 15 21 16  4  5  0  0  0  0  0  0  0  0  0  0  0  0  0  0]
 [12 21 17 18 24 22  0  0  0  0  0  0  0  0  0  0  0  0  0  0  0]
 [23  0  0  0  0  0  0  0  0  0  0  0  0  0  0  0  0  0  0  0  0]
 [21  8 11  5 27  0  0  0  0  0  0  0  0  0  0  0  0  0  0  0  0]
 [20 25  8  3 13 17 12  0  0  0  0  0  0  0  0  0  0  0  0  0  0]
 [27  5  1  3 16 14  0  0  0  0  0  0  0  0  0  0  0  0  0  0  0]
 [23 26 17 13 16  9  8  0  0  0  0  0  0  0  0  0  0  0  0  0  0]]
gen= [[24 24 24  0  0  0  0  0  0  0  0  0  0  0  0  0  0  0  0  0  0]
 [10 10 10 10  0  0  0  0  0  0  0  0  0  0  0  0  0  0  0  0  0]
 [24 24 24 24  0  0  0  0  0  0  0  0  0  0  0  0  0  0  0  0  0]
 [16 16 16 16  0  0  0  0  0  0  0  0  0  0  0  0  0  0  0  0  0]
 [24 24 24 24  0  0  0  0  0  0  0  0  0  0  0  0  0  0  0  0  0]
 [23 23 23 23  0  0  0  0  0  0  0  0  0  0  0  0  0  0  0  0  0]
 [11 11 11 11  0  0  0  0  0  0  0  0  0  0  0  0  0  0  0  0  0]
 [20 20 20  0  0  0  0  0  0  0  0  0  0  0  0  0  0  0  0  0  0]
 [16 16 16 16  0  0  0  0  0  0  0  0  0  0  0  0  0  0  0  0  0]
 [16 16 16  0  0  0  0  0  0  0  0  0  0  0  0  0  0  0  0  0  0]]
valid: gen=0.003
reward: norm=0.9432816568111364
[ 340 iterations]
real= [[13 12  7  0  0  0  0  0  0  0  0  0  0  0  0  0  0  0  0  0  0]
 [18 11 20  4  0  0  0  0  0  0  0  0  0  0  0  0  0  0  0  0  0]
 [17  0  0  0  0  0  0  0  0  0  0  0  0  0  0  0  0  0  0  0  0]
 [26  6 19  4  5 11  0  0  0  0  0  0  0  0  0  0  0  0  0  0  0]
 [16 25  0  0  0  0  0  0  0  0  0  0  0  0  0  0  0  0  0  0  0]
 [27 25  2  9 22  0  0  0  0  0  0  0  0  0  0  0  0  0  0  0  0]
 [15 26 17 16  5 20  0  0  0  0  0  0  0  0  0  0  0  0  0  0  0]
 [11 16 17 26  0  0  0  0  0  0  0  0  0  0  0  0  0  0  0  0  0]
 [27 18  0  0  0  0  0  0  0  0  0  0  0  0  0  0  0  0  0  0  0]
 [27 11  8 25  2 19  9  7  0  0  0  0  0  0  0  0  0  0  0  0  0]]
gen= [[12 12 12  0  0  0  0  0  0  0  0  0  0  0  0  0  0  0  0  0  0]
 [11 11 20 20  0  0  0  0  0  0  0  0  0  0  0  0  0  0  0  0  0]
 [17 17 17  0  0  0  0  0  0  0  0  0  0  0  0  0  0  0  0  0  0]
 [11 11 11  0  0  0  0  0  0  0  0  0  0  0  0  0  0  0  0  0  0]
 [16 16 16 16  0  0  0  0  0  0  0  0  0  0  0  0  0  0  0  0  0]
 [ 2  2  2  0  0  0  0  0  0  0  0  0  0  0  0  0  0  0  0  0  0]
 [16 16 16  0  0  0  0  0  0  0  0  0  0  0  0  0  0  0  0  0  0]
 [16 16 16  0  0  0  0  0  0  0  0  0  0  0  0  0  0  0  0  0  0]
 [27 18 18  0  0  0  0  0  0  0  0  0  0  0  0  0  0  0  0  0  0]
 [11 11  2  0  0  0  0  0  0  0  0  0  0  0  0  0  0  0  0  0  0]]
valid: gen=0.007
reward: norm=0.9324989081405978
[ 350 iterations]
real= [[15 10 19  2  5  0  0  0  0  0  0  0  0  0  0  0  0  0  0  0  0]
 [15 10 17 19  0  0  0  0  0  0  0  0  0  0  0  0  0  0  0  0  0]
 [ 7 19 17 14 13 10  0  0  0  0  0  0  0  0  0  0  0  0  0  0  0]
 [ 7 20  0  0  0  0  0  0  0  0  0  0  0  0  0  0  0  0  0  0  0]
 [13  0  0  0  0  0  0  0  0  0  0  0  0  0  0  0  0  0  0  0  0]
 [19  0  0  0  0  0  0  0  0  0  0  0  0  0  0  0  0  0  0  0  0]
 [15  3  1  0  0  0  0  0  0  0  0  0  0  0  0  0  0  0  0  0  0]
 [28 20  4 14 13  9 23  0  0  0  0  0  0  0  0  0  0  0  0  0  0]
 [27 12  6  0  0  0  0  0  0  0  0  0  0  0  0  0  0  0  0  0  0]
 [27 23 22 17  0  0  0  0  0  0  0  0  0  0  0  0  0  0  0  0  0]]
gen= [[10 10 10  0  0  0  0  0  0  0  0  0  0  0  0  0  0  0  0  0  0]
 [10 10 10  0  0  0  0  0  0  0  0  0  0  0  0  0  0  0  0  0  0]
 [10 10 10  0  0  0  0  0  0  0  0  0  0  0  0  0  0  0  0  0  0]
 [20 20 20 20  0  0  0  0  0  0  0  0  0  0  0  0  0  0  0  0  0]
 [13 13  0  0  0  0  0  0  0  0  0  0  0  0  0  0  0  0  0  0  0]
 [19 19  0  0  0  0  0  0  0  0  0  0  0  0  0  0  0  0  0  0  0]
 [15 15 15  0  0  0  0  0  0  0  0  0  0  0  0  0  0  0  0  0  0]
 [20 20 20  0  0  0  0  0  0  0  0  0  0  0  0  0  0  0  0  0  0]
 [12 12 12  0  0  0  0  0  0  0  0  0  0  0  0  0  0  0  0  0  0]
 [22 22  0  0  0  0  0  0  0  0  0  0  0  0  0  0  0  0  0  0  0]]
valid: gen=0.008
reward: norm=0.9188340988598865
[ 360 iterations]
real= [[ 7 15 13 14 25 28  5  0  0  0  0  0  0  0  0  0  0  0  0  0  0]
 [ 7 26 22  2 25 28  0  0  0  0  0  0  0  0  0  0  0  0  0  0  0]
 [21 10  0  0  0  0  0  0  0  0  0  0  0  0  0  0  0  0  0  0  0]
 [ 7  6  9  8  5  0  0  0  0  0  0  0  0  0  0  0  0  0  0  0  0]
 [18 14 17 19  8 25  0  0  0  0  0  0  0  0  0  0  0  0  0  0  0]
 [ 6  0  0  0  0  0  0  0  0  0  0  0  0  0  0  0  0  0  0  0  0]
 [ 7 17  0  0  0  0  0  0  0  0  0  0  0  0  0  0  0  0  0  0  0]
 [23 24 17 14 20 28  5  0  0  0  0  0  0  0  0  0  0  0  0  0  0]
 [16 26 22  0  0  0  0  0  0  0  0  0  0  0  0  0  0  0  0  0  0]
 [ 5  0  0  0  0  0  0  0  0  0  0  0  0  0  0  0  0  0  0  0  0]]
gen= [[15 15 28  0  0  0  0  0  0  0  0  0  0  0  0  0  0  0  0  0  0]
 [28 28  0  0  0  0  0  0  0  0  0  0  0  0  0  0  0  0  0  0  0]
 [10 10 10  0  0  0  0  0  0  0  0  0  0  0  0  0  0  0  0  0  0]
 [ 6  6  0  0  0  0  0  0  0  0  0  0  0  0  0  0  0  0  0  0  0]
 [ 8 14 14  0  0  0  0  0  0  0  0  0  0  0  0  0  0  0  0  0  0]
 [ 6  6  0  0  0  0  0  0  0  0  0  0  0  0  0  0  0  0  0  0  0]
 [ 7  7  7  0  0  0  0  0  0  0  0  0  0  0  0  0  0  0  0  0  0]
 [20 20 20  0  0  0  0  0  0  0  0  0  0  0  0  0  0  0  0  0  0]
 [16 16 16  0  0  0  0  0  0  0  0  0  0  0  0  0  0  0  0  0  0]
 [ 5  5  0  0  0  0  0  0  0  0  0  0  0  0  0  0  0  0  0  0  0]]
valid: gen=0.009
reward: norm=0.911676489474791
[ 370 iterations]
real= [[13  0  0  0  0  0  0  0  0  0  0  0  0  0  0  0  0  0  0  0  0]
 [22 12 17  0  0  0  0  0  0  0  0  0  0  0  0  0  0  0  0  0  0]
 [17  0  0  0  0  0  0  0  0  0  0  0  0  0  0  0  0  0  0  0  0]
 [15  7 22 13 17  9  0  0  0  0  0  0  0  0  0  0  0  0  0  0  0]
 [22  3  4  0  0  0  0  0  0  0  0  0  0  0  0  0  0  0  0  0  0]
 [ 5 11 28 12 10 23  0  0  0  0  0  0  0  0  0  0  0  0  0  0  0]
 [13  2  4  0  0  0  0  0  0  0  0  0  0  0  0  0  0  0  0  0  0]
 [ 7 20 19  3 13 22  0  0  0  0  0  0  0  0  0  0  0  0  0  0  0]
 [27  0  0  0  0  0  0  0  0  0  0  0  0  0  0  0  0  0  0  0  0]
 [27 26 15 24 10 17  9  4  5  0  0  0  0  0  0  0  0  0  0  0  0]]
gen= [[13 13  0  0  0  0  0  0  0  0  0  0  0  0  0  0  0  0  0  0  0]
 [12 12  0  0  0  0  0  0  0  0  0  0  0  0  0  0  0  0  0  0  0]
 [17 17  0  0  0  0  0  0  0  0  0  0  0  0  0  0  0  0  0  0  0]
 [22 22  0  0  0  0  0  0  0  0  0  0  0  0  0  0  0  0  0  0  0]
 [22 22  0  0  0  0  0  0  0  0  0  0  0  0  0  0  0  0  0  0  0]
 [11 11 10  0  0  0  0  0  0  0  0  0  0  0  0  0  0  0  0  0  0]
 [ 2  2  0  0  0  0  0  0  0  0  0  0  0  0  0  0  0  0  0  0  0]
 [20 20 20  0  0  0  0  0  0  0  0  0  0  0  0  0  0  0  0  0  0]
 [27 27  0  0  0  0  0  0  0  0  0  0  0  0  0  0  0  0  0  0  0]
 [24 24  0  0  0  0  0  0  0  0  0  0  0  0  0  0  0  0  0  0  0]]
valid: gen=0.011
reward: norm=0.8993940767540591
[ 380 iterations]
real= [[27 12 19 14 24  6  0  0  0  0  0  0  0  0  0  0  0  0  0  0  0]
 [27  8 10 14  0  0  0  0  0  0  0  0  0  0  0  0  0  0  0  0  0]
 [26 24 18 13 17 12  5 11  0  0  0  0  0  0  0  0  0  0  0  0  0]
 [23 26 15 21 16  4  5  0  0  0  0  0  0  0  0  0  0  0  0  0  0]
 [12 21 17 18 24 22  0  0  0  0  0  0  0  0  0  0  0  0  0  0  0]
 [23  0  0  0  0  0  0  0  0  0  0  0  0  0  0  0  0  0  0  0  0]
 [21  8 11  5 27  0  0  0  0  0  0  0  0  0  0  0  0  0  0  0  0]
 [20 25  8  3 13 17 12  0  0  0  0  0  0  0  0  0  0  0  0  0  0]
 [27  5  1  3 16 14  0  0  0  0  0  0  0  0  0  0  0  0  0  0  0]
 [23 26 17 13 16  9  8  0  0  0  0  0  0  0  0  0  0  0  0  0  0]]
gen= [[24 24  0  0  0  0  0  0  0  0  0  0  0  0  0  0  0  0  0  0  0]
 [10 10 10  0  0  0  0  0  0  0  0  0  0  0  0  0  0  0  0  0  0]
 [11 24  0  0  0  0  0  0  0  0  0  0  0  0  0  0  0  0  0  0  0]
 [16 16  0  0  0  0  0  0  0  0  0  0  0  0  0  0  0  0  0  0  0]
 [24 24 24  0  0  0  0  0  0  0  0  0  0  0  0  0  0  0  0  0  0]
 [23 23  0  0  0  0  0  0  0  0  0  0  0  0  0  0  0  0  0  0  0]
 [11 11  0  0  0  0  0  0  0  0  0  0  0  0  0  0  0  0  0  0  0]
 [20 20 20  0  0  0  0  0  0  0  0  0  0  0  0  0  0  0  0  0  0]
 [16 16 16  0  0  0  0  0  0  0  0  0  0  0  0  0  0  0  0  0  0]
 [16 16 16  0  0  0  0  0  0  0  0  0  0  0  0  0  0  0  0  0  0]]
valid: gen=0.021
reward: norm=0.8987623159009558
[ 390 iterations]
real= [[13 12  7  0  0  0  0  0  0  0  0  0  0  0  0  0  0  0  0  0  0]
 [18 11 20  4  0  0  0  0  0  0  0  0  0  0  0  0  0  0  0  0  0]
 [17  0  0  0  0  0  0  0  0  0  0  0  0  0  0  0  0  0  0  0  0]
 [26  6 19  4  5 11  0  0  0  0  0  0  0  0  0  0  0  0  0  0  0]
 [16 25  0  0  0  0  0  0  0  0  0  0  0  0  0  0  0  0  0  0  0]
 [27 25  2  9 22  0  0  0  0  0  0  0  0  0  0  0  0  0  0  0  0]
 [15 26 17 16  5 20  0  0  0  0  0  0  0  0  0  0  0  0  0  0  0]
 [11 16 17 26  0  0  0  0  0  0  0  0  0  0  0  0  0  0  0  0  0]
 [27 18  0  0  0  0  0  0  0  0  0  0  0  0  0  0  0  0  0  0  0]
 [27 11  8 25  2 19  9  7  0  0  0  0  0  0  0  0  0  0  0  0  0]]
gen= [[12 12  0  0  0  0  0  0  0  0  0  0  0  0  0  0  0  0  0  0  0]
 [11 11 20  0  0  0  0  0  0  0  0  0  0  0  0  0  0  0  0  0  0]
 [17 17  0  0  0  0  0  0  0  0  0  0  0  0  0  0  0  0  0  0  0]
 [11 11  0  0  0  0  0  0  0  0  0  0  0  0  0  0  0  0  0  0  0]
 [16 16  0  0  0  0  0  0  0  0  0  0  0  0  0  0  0  0  0  0  0]
 [22 22  2  0  0  0  0  0  0  0  0  0  0  0  0  0  0  0  0  0  0]
 [16 16 20  0  0  0  0  0  0  0  0  0  0  0  0  0  0  0  0  0  0]
 [16 16  0  0  0  0  0  0  0  0  0  0  0  0  0  0  0  0  0  0  0]
 [27 18  0  0  0  0  0  0  0  0  0  0  0  0  0  0  0  0  0  0  0]
 [11 11  0  0  0  0  0  0  0  0  0  0  0  0  0  0  0  0  0  0  0]]
valid: gen=0.024
reward: norm=0.9042937921600878
[ 400 iterations]
real= [[15 10 19  2  5  0  0  0  0  0  0  0  0  0  0  0  0  0  0  0  0]
 [15 10 17 19  0  0  0  0  0  0  0  0  0  0  0  0  0  0  0  0  0]
 [ 7 19 17 14 13 10  0  0  0  0  0  0  0  0  0  0  0  0  0  0  0]
 [ 7 20  0  0  0  0  0  0  0  0  0  0  0  0  0  0  0  0  0  0  0]
 [13  0  0  0  0  0  0  0  0  0  0  0  0  0  0  0  0  0  0  0  0]
 [19  0  0  0  0  0  0  0  0  0  0  0  0  0  0  0  0  0  0  0  0]
 [15  3  1  0  0  0  0  0  0  0  0  0  0  0  0  0  0  0  0  0  0]
 [28 20  4 14 13  9 23  0  0  0  0  0  0  0  0  0  0  0  0  0  0]
 [27 12  6  0  0  0  0  0  0  0  0  0  0  0  0  0  0  0  0  0  0]
 [27 23 22 17  0  0  0  0  0  0  0  0  0  0  0  0  0  0  0  0  0]]
gen= [[10 10 10  0  0  0  0  0  0  0  0  0  0  0  0  0  0  0  0  0  0]
 [10 10 10  0  0  0  0  0  0  0  0  0  0  0  0  0  0  0  0  0  0]
 [10 10  0  0  0  0  0  0  0  0  0  0  0  0  0  0  0  0  0  0  0]
 [20 20 20  0  0  0  0  0  0  0  0  0  0  0  0  0  0  0  0  0  0]
 [13 13  0  0  0  0  0  0  0  0  0  0  0  0  0  0  0  0  0  0  0]
 [19 19  0  0  0  0  0  0  0  0  0  0  0  0  0  0  0  0  0  0  0]
 [15 15 15  0  0  0  0  0  0  0  0  0  0  0  0  0  0  0  0  0  0]
 [20 20 20  0  0  0  0  0  0  0  0  0  0  0  0  0  0  0  0  0  0]
 [12 12 12  0  0  0  0  0  0  0  0  0  0  0  0  0  0  0  0  0  0]
 [22 23  0  0  0  0  0  0  0  0  0  0  0  0  0  0  0  0  0  0  0]]
valid: gen=0.02
reward: norm=0.8969175290971438
[ 410 iterations]
real= [[ 7 15 13 14 25 28  5  0  0  0  0  0  0  0  0  0  0  0  0  0  0]
 [ 7 26 22  2 25 28  0  0  0  0  0  0  0  0  0  0  0  0  0  0  0]
 [21 10  0  0  0  0  0  0  0  0  0  0  0  0  0  0  0  0  0  0  0]
 [ 7  6  9  8  5  0  0  0  0  0  0  0  0  0  0  0  0  0  0  0  0]
 [18 14 17 19  8 25  0  0  0  0  0  0  0  0  0  0  0  0  0  0  0]
 [ 6  0  0  0  0  0  0  0  0  0  0  0  0  0  0  0  0  0  0  0  0]
 [ 7 17  0  0  0  0  0  0  0  0  0  0  0  0  0  0  0  0  0  0  0]
 [23 24 17 14 20 28  5  0  0  0  0  0  0  0  0  0  0  0  0  0  0]
 [16 26 22  0  0  0  0  0  0  0  0  0  0  0  0  0  0  0  0  0  0]
 [ 5  0  0  0  0  0  0  0  0  0  0  0  0  0  0  0  0  0  0  0  0]]
gen= [[15 15  0  0  0  0  0  0  0  0  0  0  0  0  0  0  0  0  0  0  0]
 [26 26  0  0  0  0  0  0  0  0  0  0  0  0  0  0  0  0  0  0  0]
 [10 10  0  0  0  0  0  0  0  0  0  0  0  0  0  0  0  0  0  0  0]
 [ 6  6  0  0  0  0  0  0  0  0  0  0  0  0  0  0  0  0  0  0  0]
 [25 14 14  0  0  0  0  0  0  0  0  0  0  0  0  0  0  0  0  0  0]
 [ 6  6  6  0  0  0  0  0  0  0  0  0  0  0  0  0  0  0  0  0  0]
 [ 7  7  0  0  0  0  0  0  0  0  0  0  0  0  0  0  0  0  0  0  0]
 [20 20 20  0  0  0  0  0  0  0  0  0  0  0  0  0  0  0  0  0  0]
 [16 16  0  0  0  0  0  0  0  0  0  0  0  0  0  0  0  0  0  0  0]
 [ 5  5  0  0  0  0  0  0  0  0  0  0  0  0  0  0  0  0  0  0  0]]
valid: gen=0.011
reward: norm=0.8984450760641345
[ 420 iterations]
real= [[13  0  0  0  0  0  0  0  0  0  0  0  0  0  0  0  0  0  0  0  0]
 [22 12 17  0  0  0  0  0  0  0  0  0  0  0  0  0  0  0  0  0  0]
 [17  0  0  0  0  0  0  0  0  0  0  0  0  0  0  0  0  0  0  0  0]
 [15  7 22 13 17  9  0  0  0  0  0  0  0  0  0  0  0  0  0  0  0]
 [22  3  4  0  0  0  0  0  0  0  0  0  0  0  0  0  0  0  0  0  0]
 [ 5 11 28 12 10 23  0  0  0  0  0  0  0  0  0  0  0  0  0  0  0]
 [13  2  4  0  0  0  0  0  0  0  0  0  0  0  0  0  0  0  0  0  0]
 [ 7 20 19  3 13 22  0  0  0  0  0  0  0  0  0  0  0  0  0  0  0]
 [27  0  0  0  0  0  0  0  0  0  0  0  0  0  0  0  0  0  0  0  0]
 [27 26 15 24 10 17  9  4  5  0  0  0  0  0  0  0  0  0  0  0  0]]
gen= [[13 13  0  0  0  0  0  0  0  0  0  0  0  0  0  0  0  0  0  0  0]
 [22 22 22  0  0  0  0  0  0  0  0  0  0  0  0  0  0  0  0  0  0]
 [17 17 17  0  0  0  0  0  0  0  0  0  0  0  0  0  0  0  0  0  0]
 [22 15  0  0  0  0  0  0  0  0  0  0  0  0  0  0  0  0  0  0  0]
 [22 22  0  0  0  0  0  0  0  0  0  0  0  0  0  0  0  0  0  0  0]
 [11 11 11  0  0  0  0  0  0  0  0  0  0  0  0  0  0  0  0  0  0]
 [ 2  2  0  0  0  0  0  0  0  0  0  0  0  0  0  0  0  0  0  0  0]
 [20 20 20  0  0  0  0  0  0  0  0  0  0  0  0  0  0  0  0  0  0]
 [27 27  0  0  0  0  0  0  0  0  0  0  0  0  0  0  0  0  0  0  0]
 [26 26  0  0  0  0  0  0  0  0  0  0  0  0  0  0  0  0  0  0  0]]
valid: gen=0.011
reward: norm=0.898325890707178
[ 430 iterations]
real= [[27 12 19 14 24  6  0  0  0  0  0  0  0  0  0  0  0  0  0  0  0]
 [27  8 10 14  0  0  0  0  0  0  0  0  0  0  0  0  0  0  0  0  0]
 [26 24 18 13 17 12  5 11  0  0  0  0  0  0  0  0  0  0  0  0  0]
 [23 26 15 21 16  4  5  0  0  0  0  0  0  0  0  0  0  0  0  0  0]
 [12 21 17 18 24 22  0  0  0  0  0  0  0  0  0  0  0  0  0  0  0]
 [23  0  0  0  0  0  0  0  0  0  0  0  0  0  0  0  0  0  0  0  0]
 [21  8 11  5 27  0  0  0  0  0  0  0  0  0  0  0  0  0  0  0  0]
 [20 25  8  3 13 17 12  0  0  0  0  0  0  0  0  0  0  0  0  0  0]
 [27  5  1  3 16 14  0  0  0  0  0  0  0  0  0  0  0  0  0  0  0]
 [23 26 17 13 16  9  8  0  0  0  0  0  0  0  0  0  0  0  0  0  0]]
gen= [[24 24 24  0  0  0  0  0  0  0  0  0  0  0  0  0  0  0  0  0  0]
 [10 10 14  0  0  0  0  0  0  0  0  0  0  0  0  0  0  0  0  0  0]
 [11 11 24  0  0  0  0  0  0  0  0  0  0  0  0  0  0  0  0  0  0]
 [26 26 23  0  0  0  0  0  0  0  0  0  0  0  0  0  0  0  0  0  0]
 [24 24 24  0  0  0  0  0  0  0  0  0  0  0  0  0  0  0  0  0  0]
 [23 23  0  0  0  0  0  0  0  0  0  0  0  0  0  0  0  0  0  0  0]
 [11 11 11  0  0  0  0  0  0  0  0  0  0  0  0  0  0  0  0  0  0]
 [20 20 20  0  0  0  0  0  0  0  0  0  0  0  0  0  0  0  0  0  0]
 [16 16 16  0  0  0  0  0  0  0  0  0  0  0  0  0  0  0  0  0  0]
 [16 16  0  0  0  0  0  0  0  0  0  0  0  0  0  0  0  0  0  0  0]]
valid: gen=0.015
reward: norm=0.9020736166349966
[ 440 iterations]
real= [[13 12  7  0  0  0  0  0  0  0  0  0  0  0  0  0  0  0  0  0  0]
 [18 11 20  4  0  0  0  0  0  0  0  0  0  0  0  0  0  0  0  0  0]
 [17  0  0  0  0  0  0  0  0  0  0  0  0  0  0  0  0  0  0  0  0]
 [26  6 19  4  5 11  0  0  0  0  0  0  0  0  0  0  0  0  0  0  0]
 [16 25  0  0  0  0  0  0  0  0  0  0  0  0  0  0  0  0  0  0  0]
 [27 25  2  9 22  0  0  0  0  0  0  0  0  0  0  0  0  0  0  0  0]
 [15 26 17 16  5 20  0  0  0  0  0  0  0  0  0  0  0  0  0  0  0]
 [11 16 17 26  0  0  0  0  0  0  0  0  0  0  0  0  0  0  0  0  0]
 [27 18  0  0  0  0  0  0  0  0  0  0  0  0  0  0  0  0  0  0  0]
 [27 11  8 25  2 19  9  7  0  0  0  0  0  0  0  0  0  0  0  0  0]]
gen= [[12 12  0  0  0  0  0  0  0  0  0  0  0  0  0  0  0  0  0  0  0]
 [11 11 20  0  0  0  0  0  0  0  0  0  0  0  0  0  0  0  0  0  0]
 [17 17 17  0  0  0  0  0  0  0  0  0  0  0  0  0  0  0  0  0  0]
 [11 11  0  0  0  0  0  0  0  0  0  0  0  0  0  0  0  0  0  0  0]
 [16 16 16  0  0  0  0  0  0  0  0  0  0  0  0  0  0  0  0  0  0]
 [22 22  0  0  0  0  0  0  0  0  0  0  0  0  0  0  0  0  0  0  0]
 [16 16 20  0  0  0  0  0  0  0  0  0  0  0  0  0  0  0  0  0  0]
 [11 16 11  0  0  0  0  0  0  0  0  0  0  0  0  0  0  0  0  0  0]
 [27 18  0  0  0  0  0  0  0  0  0  0  0  0  0  0  0  0  0  0  0]
 [11 11  0  0  0  0  0  0  0  0  0  0  0  0  0  0  0  0  0  0  0]]
valid: gen=0.008
reward: norm=0.9151799060294041
[ 450 iterations]
real= [[15 10 19  2  5  0  0  0  0  0  0  0  0  0  0  0  0  0  0  0  0]
 [15 10 17 19  0  0  0  0  0  0  0  0  0  0  0  0  0  0  0  0  0]
 [ 7 19 17 14 13 10  0  0  0  0  0  0  0  0  0  0  0  0  0  0  0]
 [ 7 20  0  0  0  0  0  0  0  0  0  0  0  0  0  0  0  0  0  0  0]
 [13  0  0  0  0  0  0  0  0  0  0  0  0  0  0  0  0  0  0  0  0]
 [19  0  0  0  0  0  0  0  0  0  0  0  0  0  0  0  0  0  0  0  0]
 [15  3  1  0  0  0  0  0  0  0  0  0  0  0  0  0  0  0  0  0  0]
 [28 20  4 14 13  9 23  0  0  0  0  0  0  0  0  0  0  0  0  0  0]
 [27 12  6  0  0  0  0  0  0  0  0  0  0  0  0  0  0  0  0  0  0]
 [27 23 22 17  0  0  0  0  0  0  0  0  0  0  0  0  0  0  0  0  0]]
gen= [[10 10 10  0  0  0  0  0  0  0  0  0  0  0  0  0  0  0  0  0  0]
 [10 10 10  0  0  0  0  0  0  0  0  0  0  0  0  0  0  0  0  0  0]
 [10 10 14  0  0  0  0  0  0  0  0  0  0  0  0  0  0  0  0  0  0]
 [20 20 20  0  0  0  0  0  0  0  0  0  0  0  0  0  0  0  0  0  0]
 [13 13  0  0  0  0  0  0  0  0  0  0  0  0  0  0  0  0  0  0  0]
 [19 19  0  0  0  0  0  0  0  0  0  0  0  0  0  0  0  0  0  0  0]
 [15 15 15  0  0  0  0  0  0  0  0  0  0  0  0  0  0  0  0  0  0]
 [20 20 20  0  0  0  0  0  0  0  0  0  0  0  0  0  0  0  0  0  0]
 [12 12 12  0  0  0  0  0  0  0  0  0  0  0  0  0  0  0  0  0  0]
 [23 23 23  0  0  0  0  0  0  0  0  0  0  0  0  0  0  0  0  0  0]]
valid: gen=0.002
reward: norm=0.9173080546893974
[ 460 iterations]
real= [[ 7 15 13 14 25 28  5  0  0  0  0  0  0  0  0  0  0  0  0  0  0]
 [ 7 26 22  2 25 28  0  0  0  0  0  0  0  0  0  0  0  0  0  0  0]
 [21 10  0  0  0  0  0  0  0  0  0  0  0  0  0  0  0  0  0  0  0]
 [ 7  6  9  8  5  0  0  0  0  0  0  0  0  0  0  0  0  0  0  0  0]
 [18 14 17 19  8 25  0  0  0  0  0  0  0  0  0  0  0  0  0  0  0]
 [ 6  0  0  0  0  0  0  0  0  0  0  0  0  0  0  0  0  0  0  0  0]
 [ 7 17  0  0  0  0  0  0  0  0  0  0  0  0  0  0  0  0  0  0  0]
 [23 24 17 14 20 28  5  0  0  0  0  0  0  0  0  0  0  0  0  0  0]
 [16 26 22  0  0  0  0  0  0  0  0  0  0  0  0  0  0  0  0  0  0]
 [ 5  0  0  0  0  0  0  0  0  0  0  0  0  0  0  0  0  0  0  0  0]]
gen= [[15 28 14  0  0  0  0  0  0  0  0  0  0  0  0  0  0  0  0  0  0]
 [26 26 26  0  0  0  0  0  0  0  0  0  0  0  0  0  0  0  0  0  0]
 [10 10 10  0  0  0  0  0  0  0  0  0  0  0  0  0  0  0  0  0  0]
 [ 6  5  5  0  0  0  0  0  0  0  0  0  0  0  0  0  0  0  0  0  0]
 [25 14 14 14  0  0  0  0  0  0  0  0  0  0  0  0  0  0  0  0  0]
 [ 6  6  6  0  0  0  0  0  0  0  0  0  0  0  0  0  0  0  0  0  0]
 [ 7  7 17  0  0  0  0  0  0  0  0  0  0  0  0  0  0  0  0  0  0]
 [23 20 23  0  0  0  0  0  0  0  0  0  0  0  0  0  0  0  0  0  0]
 [16 16 26  0  0  0  0  0  0  0  0  0  0  0  0  0  0  0  0  0  0]
 [ 5  5  5  0  0  0  0  0  0  0  0  0  0  0  0  0  0  0  0  0  0]]
valid: gen=0.002
reward: norm=0.9268549533856493
[ 470 iterations]
real= [[13  0  0  0  0  0  0  0  0  0  0  0  0  0  0  0  0  0  0  0  0]
 [22 12 17  0  0  0  0  0  0  0  0  0  0  0  0  0  0  0  0  0  0]
 [17  0  0  0  0  0  0  0  0  0  0  0  0  0  0  0  0  0  0  0  0]
 [15  7 22 13 17  9  0  0  0  0  0  0  0  0  0  0  0  0  0  0  0]
 [22  3  4  0  0  0  0  0  0  0  0  0  0  0  0  0  0  0  0  0  0]
 [ 5 11 28 12 10 23  0  0  0  0  0  0  0  0  0  0  0  0  0  0  0]
 [13  2  4  0  0  0  0  0  0  0  0  0  0  0  0  0  0  0  0  0  0]
 [ 7 20 19  3 13 22  0  0  0  0  0  0  0  0  0  0  0  0  0  0  0]
 [27  0  0  0  0  0  0  0  0  0  0  0  0  0  0  0  0  0  0  0  0]
 [27 26 15 24 10 17  9  4  5  0  0  0  0  0  0  0  0  0  0  0  0]]
gen= [[13 13 13  0  0  0  0  0  0  0  0  0  0  0  0  0  0  0  0  0  0]
 [22 22 22 17  0  0  0  0  0  0  0  0  0  0  0  0  0  0  0  0  0]
 [17 17 17 17  0  0  0  0  0  0  0  0  0  0  0  0  0  0  0  0  0]
 [22 22 15  0  0  0  0  0  0  0  0  0  0  0  0  0  0  0  0  0  0]
 [22 22 22  0  0  0  0  0  0  0  0  0  0  0  0  0  0  0  0  0  0]
 [11 11 23 23  0  0  0  0  0  0  0  0  0  0  0  0  0  0  0  0  0]
 [ 2  2  2  0  0  0  0  0  0  0  0  0  0  0  0  0  0  0  0  0  0]
 [20 20 20 20  0  0  0  0  0  0  0  0  0  0  0  0  0  0  0  0  0]
 [27 27 27  0  0  0  0  0  0  0  0  0  0  0  0  0  0  0  0  0  0]
 [26 26 26 26  0  0  0  0  0  0  0  0  0  0  0  0  0  0  0  0  0]]
valid: gen=0.002
reward: norm=0.9622687751004319
[ 480 iterations]
real= [[27 12 19 14 24  6  0  0  0  0  0  0  0  0  0  0  0  0  0  0  0]
 [27  8 10 14  0  0  0  0  0  0  0  0  0  0  0  0  0  0  0  0  0]
 [26 24 18 13 17 12  5 11  0  0  0  0  0  0  0  0  0  0  0  0  0]
 [23 26 15 21 16  4  5  0  0  0  0  0  0  0  0  0  0  0  0  0  0]
 [12 21 17 18 24 22  0  0  0  0  0  0  0  0  0  0  0  0  0  0  0]
 [23  0  0  0  0  0  0  0  0  0  0  0  0  0  0  0  0  0  0  0  0]
 [21  8 11  5 27  0  0  0  0  0  0  0  0  0  0  0  0  0  0  0  0]
 [20 25  8  3 13 17 12  0  0  0  0  0  0  0  0  0  0  0  0  0  0]
 [27  5  1  3 16 14  0  0  0  0  0  0  0  0  0  0  0  0  0  0  0]
 [23 26 17 13 16  9  8  0  0  0  0  0  0  0  0  0  0  0  0  0  0]]
gen= [[24 24 24 14  0  0  0  0  0  0  0  0  0  0  0  0  0  0  0  0  0]
 [10 10 10 14  0  0  0  0  0  0  0  0  0  0  0  0  0  0  0  0  0]
 [11 11 11  5  0  0  0  0  0  0  0  0  0  0  0  0  0  0  0  0  0]
 [23 23 23 23 23  0  0  0  0  0  0  0  0  0  0  0  0  0  0  0  0]
 [24 24 24 17  0  0  0  0  0  0  0  0  0  0  0  0  0  0  0  0  0]
 [23 23 23 23 23  0  0  0  0  0  0  0  0  0  0  0  0  0  0  0  0]
 [11 11 11  5  0  0  0  0  0  0  0  0  0  0  0  0  0  0  0  0  0]
 [20 20 20 17  0  0  0  0  0  0  0  0  0  0  0  0  0  0  0  0  0]
 [16  5  5  5 14  0  0  0  0  0  0  0  0  0  0  0  0  0  0  0  0]
 [23 23 23 23  0  0  0  0  0  0  0  0  0  0  0  0  0  0  0  0  0]]
valid: gen=0.0
reward: norm=0.9653250202795941
[ 490 iterations]
real= [[13 12  7  0  0  0  0  0  0  0  0  0  0  0  0  0  0  0  0  0  0]
 [18 11 20  4  0  0  0  0  0  0  0  0  0  0  0  0  0  0  0  0  0]
 [17  0  0  0  0  0  0  0  0  0  0  0  0  0  0  0  0  0  0  0  0]
 [26  6 19  4  5 11  0  0  0  0  0  0  0  0  0  0  0  0  0  0  0]
 [16 25  0  0  0  0  0  0  0  0  0  0  0  0  0  0  0  0  0  0  0]
 [27 25  2  9 22  0  0  0  0  0  0  0  0  0  0  0  0  0  0  0  0]
 [15 26 17 16  5 20  0  0  0  0  0  0  0  0  0  0  0  0  0  0  0]
 [11 16 17 26  0  0  0  0  0  0  0  0  0  0  0  0  0  0  0  0  0]
 [27 18  0  0  0  0  0  0  0  0  0  0  0  0  0  0  0  0  0  0  0]
 [27 11  8 25  2 19  9  7  0  0  0  0  0  0  0  0  0  0  0  0  0]]
gen= [[12 12 12 12  0  0  0  0  0  0  0  0  0  0  0  0  0  0  0  0  0]
 [11 11 11 11 18  0  0  0  0  0  0  0  0  0  0  0  0  0  0  0  0]
 [17 17 17 17 17  0  0  0  0  0  0  0  0  0  0  0  0  0  0  0  0]
 [11 11 11  5  5  0  0  0  0  0  0  0  0  0  0  0  0  0  0  0  0]
 [16 16 16 16 25  0  0  0  0  0  0  0  0  0  0  0  0  0  0  0  0]
 [22 27 27  2  2  0  0  0  0  0  0  0  0  0  0  0  0  0  0  0  0]
 [16  5  5  5  5  0  0  0  0  0  0  0  0  0  0  0  0  0  0  0  0]
 [11 11 11 11 17  0  0  0  0  0  0  0  0  0  0  0  0  0  0  0  0]
 [27 27 27 18 18  0  0  0  0  0  0  0  0  0  0  0  0  0  0  0  0]
 [11 11 11 11 19  0  0  0  0  0  0  0  0  0  0  0  0  0  0  0  0]]
valid: gen=0.0
reward: norm=0.9559828215524554
