read problem
[ 10 iterations]
real= [[ 7 15 13 14 25 28  5  0  0  0  0  0  0  0  0  0  0  0  0  0  0]
 [ 7 26 22  2 25 28  0  0  0  0  0  0  0  0  0  0  0  0  0  0  0]
 [21 10  0  0  0  0  0  0  0  0  0  0  0  0  0  0  0  0  0  0  0]
 [ 7  6  9  8  5  0  0  0  0  0  0  0  0  0  0  0  0  0  0  0  0]
 [18 14 17 19  8 25  0  0  0  0  0  0  0  0  0  0  0  0  0  0  0]
 [ 6  0  0  0  0  0  0  0  0  0  0  0  0  0  0  0  0  0  0  0  0]
 [ 7 17  0  0  0  0  0  0  0  0  0  0  0  0  0  0  0  0  0  0  0]
 [23 24 17 14 20 28  5  0  0  0  0  0  0  0  0  0  0  0  0  0  0]
 [16 26 22  0  0  0  0  0  0  0  0  0  0  0  0  0  0  0  0  0  0]
 [ 5  0  0  0  0  0  0  0  0  0  0  0  0  0  0  0  0  0  0  0  0]]
gen= [[14 25  7  5  0  0  0  0  0  0  0  0  0  0  0  0  0  0  0  0  0]
 [ 2 25  7 26 22  0  0  0  0  0  0  0  0  0  0  0  0  0  0  0  0]
 [21 10  0  0  0  0  0  0  0  0  0  0  0  0  0  0  0  0  0  0  0]
 [ 6  5  7  0  0  0  0  0  0  0  0  0  0  0  0  0  0  0  0  0  0]
 [18 14  0  0  0  0  0  0  0  0  0  0  0  0  0  0  0  0  0  0  0]
 [ 6  0  0  0  0  0  0  0  0  0  0  0  0  0  0  0  0  0  0  0  0]
 [ 7 17  0  0  0  0  0  0  0  0  0  0  0  0  0  0  0  0  0  0  0]
 [14 23 20 24  0  0  0  0  0  0  0  0  0  0  0  0  0  0  0  0  0]
 [26 22 16  0  0  0  0  0  0  0  0  0  0  0  0  0  0  0  0  0  0]
 [ 5  0  0  0  0  0  0  0  0  0  0  0  0  0  0  0  0  0  0  0  0]]
valid: gen=0.596
reward: norm=0.9070534881718662
[ 20 iterations]
real= [[13  0  0  0  0  0  0  0  0  0  0  0  0  0  0  0  0  0  0  0  0]
 [22 12 17  0  0  0  0  0  0  0  0  0  0  0  0  0  0  0  0  0  0]
 [17  0  0  0  0  0  0  0  0  0  0  0  0  0  0  0  0  0  0  0  0]
 [15  7 22 13 17  9  0  0  0  0  0  0  0  0  0  0  0  0  0  0  0]
 [22  3  4  0  0  0  0  0  0  0  0  0  0  0  0  0  0  0  0  0  0]
 [ 5 11 28 12 10 23  0  0  0  0  0  0  0  0  0  0  0  0  0  0  0]
 [13  2  4  0  0  0  0  0  0  0  0  0  0  0  0  0  0  0  0  0  0]
 [ 7 20 19  3 13 22  0  0  0  0  0  0  0  0  0  0  0  0  0  0  0]
 [27  0  0  0  0  0  0  0  0  0  0  0  0  0  0  0  0  0  0  0  0]
 [27 26 15 24 10 17  9  4  5  0  0  0  0  0  0  0  0  0  0  0  0]]
gen= [[13  0  0  0  0  0  0  0  0  0  0  0  0  0  0  0  0  0  0  0  0]
 [17 12 22  0  0  0  0  0  0  0  0  0  0  0  0  0  0  0  0  0  0]
 [17  0  0  0  0  0  0  0  0  0  0  0  0  0  0  0  0  0  0  0  0]
 [ 7 13  0  0  0  0  0  0  0  0  0  0  0  0  0  0  0  0  0  0  0]
 [ 3  4 22  0  0  0  0  0  0  0  0  0  0  0  0  0  0  0  0  0  0]
 [23 10  5  0  0  0  0  0  0  0  0  0  0  0  0  0  0  0  0  0  0]
 [ 2 13  0  0  0  0  0  0  0  0  0  0  0  0  0  0  0  0  0  0  0]
 [20  3  7  0  0  0  0  0  0  0  0  0  0  0  0  0  0  0  0  0  0]
 [27  0  0  0  0  0  0  0  0  0  0  0  0  0  0  0  0  0  0  0  0]
 [26 27 24  0  0  0  0  0  0  0  0  0  0  0  0  0  0  0  0  0  0]]
valid: gen=0.436
reward: norm=0.8860083374556948
[ 30 iterations]
real= [[27 12 19 14 24  6  0  0  0  0  0  0  0  0  0  0  0  0  0  0  0]
 [27  8 10 14  0  0  0  0  0  0  0  0  0  0  0  0  0  0  0  0  0]
 [26 24 18 13 17 12  5 11  0  0  0  0  0  0  0  0  0  0  0  0  0]
 [23 26 15 21 16  4  5  0  0  0  0  0  0  0  0  0  0  0  0  0  0]
 [12 21 17 18 24 22  0  0  0  0  0  0  0  0  0  0  0  0  0  0  0]
 [23  0  0  0  0  0  0  0  0  0  0  0  0  0  0  0  0  0  0  0  0]
 [21  8 11  5 27  0  0  0  0  0  0  0  0  0  0  0  0  0  0  0  0]
 [20 25  8  3 13 17 12  0  0  0  0  0  0  0  0  0  0  0  0  0  0]
 [27  5  1  3 16 14  0  0  0  0  0  0  0  0  0  0  0  0  0  0  0]
 [23 26 17 13 16  9  8  0  0  0  0  0  0  0  0  0  0  0  0  0  0]]
gen= [[27 14 24  6 12  0  0  0  0  0  0  0  0  0  0  0  0  0  0  0  0]
 [27  8 10  0  0  0  0  0  0  0  0  0  0  0  0  0  0  0  0  0  0]
 [26 12 11 24  0  0  0  0  0  0  0  0  0  0  0  0  0  0  0  0  0]
 [23 26 21 15  4  5  0  0  0  0  0  0  0  0  0  0  0  0  0  0  0]
 [21 18 24 12  0  0  0  0  0  0  0  0  0  0  0  0  0  0  0  0  0]
 [23  0  0  0  0  0  0  0  0  0  0  0  0  0  0  0  0  0  0  0  0]
 [27  8 11  5  0  0  0  0  0  0  0  0  0  0  0  0  0  0  0  0  0]
 [25 20  8 17  3 12  0  0  0  0  0  0  0  0  0  0  0  0  0  0  0]
 [16 27  0  0  0  0  0  0  0  0  0  0  0  0  0  0  0  0  0  0  0]
 [26  8 23  9  0  0  0  0  0  0  0  0  0  0  0  0  0  0  0  0  0]]
valid: gen=0.577
reward: norm=0.9048850287199307
[ 40 iterations]
real= [[13 12  7  0  0  0  0  0  0  0  0  0  0  0  0  0  0  0  0  0  0]
 [18 11 20  4  0  0  0  0  0  0  0  0  0  0  0  0  0  0  0  0  0]
 [17  0  0  0  0  0  0  0  0  0  0  0  0  0  0  0  0  0  0  0  0]
 [26  6 19  4  5 11  0  0  0  0  0  0  0  0  0  0  0  0  0  0  0]
 [16 25  0  0  0  0  0  0  0  0  0  0  0  0  0  0  0  0  0  0  0]
 [27 25  2  9 22  0  0  0  0  0  0  0  0  0  0  0  0  0  0  0  0]
 [15 26 17 16  5 20  0  0  0  0  0  0  0  0  0  0  0  0  0  0  0]
 [11 16 17 26  0  0  0  0  0  0  0  0  0  0  0  0  0  0  0  0  0]
 [27 18  0  0  0  0  0  0  0  0  0  0  0  0  0  0  0  0  0  0  0]
 [27 11  8 25  2 19  9  7  0  0  0  0  0  0  0  0  0  0  0  0  0]]
gen= [[ 7 12 13  0  0  0  0  0  0  0  0  0  0  0  0  0  0  0  0  0  0]
 [20 18 11  4  0  0  0  0  0  0  0  0  0  0  0  0  0  0  0  0  0]
 [17  0  0  0  0  0  0  0  0  0  0  0  0  0  0  0  0  0  0  0  0]
 [26 11 19  4  5  0  0  0  0  0  0  0  0  0  0  0  0  0  0  0  0]
 [25 16  0  0  0  0  0  0  0  0  0  0  0  0  0  0  0  0  0  0  0]
 [27 25  2 22  0  0  0  0  0  0  0  0  0  0  0  0  0  0  0  0  0]
 [20 26 15 16  5  0  0  0  0  0  0  0  0  0  0  0  0  0  0  0  0]
 [26 11 17  0  0  0  0  0  0  0  0  0  0  0  0  0  0  0  0  0  0]
 [27 18  0  0  0  0  0  0  0  0  0  0  0  0  0  0  0  0  0  0  0]
 [27 25  2  8 11  0  0  0  0  0  0  0  0  0  0  0  0  0  0  0  0]]
valid: gen=0.606
reward: norm=0.9029575367231748
[ 50 iterations]
real= [[15 10 19  2  5  0  0  0  0  0  0  0  0  0  0  0  0  0  0  0  0]
 [15 10 17 19  0  0  0  0  0  0  0  0  0  0  0  0  0  0  0  0  0]
 [ 7 19 17 14 13 10  0  0  0  0  0  0  0  0  0  0  0  0  0  0  0]
 [ 7 20  0  0  0  0  0  0  0  0  0  0  0  0  0  0  0  0  0  0  0]
 [13  0  0  0  0  0  0  0  0  0  0  0  0  0  0  0  0  0  0  0  0]
 [19  0  0  0  0  0  0  0  0  0  0  0  0  0  0  0  0  0  0  0  0]
 [15  3  1  0  0  0  0  0  0  0  0  0  0  0  0  0  0  0  0  0  0]
 [28 20  4 14 13  9 23  0  0  0  0  0  0  0  0  0  0  0  0  0  0]
 [27 12  6  0  0  0  0  0  0  0  0  0  0  0  0  0  0  0  0  0  0]
 [27 23 22 17  0  0  0  0  0  0  0  0  0  0  0  0  0  0  0  0  0]]
gen= [[ 2 15  5  0  0  0  0  0  0  0  0  0  0  0  0  0  0  0  0  0  0]
 [17 10 15  0  0  0  0  0  0  0  0  0  0  0  0  0  0  0  0  0  0]
 [ 7 13 17  0  0  0  0  0  0  0  0  0  0  0  0  0  0  0  0  0  0]
 [20  7  0  0  0  0  0  0  0  0  0  0  0  0  0  0  0  0  0  0  0]
 [13  0  0  0  0  0  0  0  0  0  0  0  0  0  0  0  0  0  0  0  0]
 [19  0  0  0  0  0  0  0  0  0  0  0  0  0  0  0  0  0  0  0  0]
 [ 1 15  3  0  0  0  0  0  0  0  0  0  0  0  0  0  0  0  0  0  0]
 [20 23  4 14 13  0  0  0  0  0  0  0  0  0  0  0  0  0  0  0  0]
 [27  6  0  0  0  0  0  0  0  0  0  0  0  0  0  0  0  0  0  0  0]
 [27 23 17  0  0  0  0  0  0  0  0  0  0  0  0  0  0  0  0  0  0]]
valid: gen=0.502
reward: norm=0.8902506275761591
[ 60 iterations]
real= [[ 7 15 13 14 25 28  5  0  0  0  0  0  0  0  0  0  0  0  0  0  0]
 [ 7 26 22  2 25 28  0  0  0  0  0  0  0  0  0  0  0  0  0  0  0]
 [21 10  0  0  0  0  0  0  0  0  0  0  0  0  0  0  0  0  0  0  0]
 [ 7  6  9  8  5  0  0  0  0  0  0  0  0  0  0  0  0  0  0  0  0]
 [18 14 17 19  8 25  0  0  0  0  0  0  0  0  0  0  0  0  0  0  0]
 [ 6  0  0  0  0  0  0  0  0  0  0  0  0  0  0  0  0  0  0  0  0]
 [ 7 17  0  0  0  0  0  0  0  0  0  0  0  0  0  0  0  0  0  0  0]
 [23 24 17 14 20 28  5  0  0  0  0  0  0  0  0  0  0  0  0  0  0]
 [16 26 22  0  0  0  0  0  0  0  0  0  0  0  0  0  0  0  0  0  0]
 [ 5  0  0  0  0  0  0  0  0  0  0  0  0  0  0  0  0  0  0  0  0]]
gen= [[25  7  5 28  0  0  0  0  0  0  0  0  0  0  0  0  0  0  0  0  0]
 [25 26  2 28  0  0  0  0  0  0  0  0  0  0  0  0  0  0  0  0  0]
 [21 10  0  0  0  0  0  0  0  0  0  0  0  0  0  0  0  0  0  0  0]
 [ 8  7  5  9  0  0  0  0  0  0  0  0  0  0  0  0  0  0  0  0  0]
 [25  8 17 14 18 19  0  0  0  0  0  0  0  0  0  0  0  0  0  0  0]
 [ 6  0  0  0  0  0  0  0  0  0  0  0  0  0  0  0  0  0  0  0  0]
 [17  7  0  0  0  0  0  0  0  0  0  0  0  0  0  0  0  0  0  0  0]
 [20 23 24 17 14 28  0  0  0  0  0  0  0  0  0  0  0  0  0  0  0]
 [26 22  0  0  0  0  0  0  0  0  0  0  0  0  0  0  0  0  0  0  0]
 [ 5  0  0  0  0  0  0  0  0  0  0  0  0  0  0  0  0  0  0  0  0]]
valid: gen=0.598
reward: norm=0.8991610705226225
[ 70 iterations]
real= [[13  0  0  0  0  0  0  0  0  0  0  0  0  0  0  0  0  0  0  0  0]
 [22 12 17  0  0  0  0  0  0  0  0  0  0  0  0  0  0  0  0  0  0]
 [17  0  0  0  0  0  0  0  0  0  0  0  0  0  0  0  0  0  0  0  0]
 [15  7 22 13 17  9  0  0  0  0  0  0  0  0  0  0  0  0  0  0  0]
 [22  3  4  0  0  0  0  0  0  0  0  0  0  0  0  0  0  0  0  0  0]
 [ 5 11 28 12 10 23  0  0  0  0  0  0  0  0  0  0  0  0  0  0  0]
 [13  2  4  0  0  0  0  0  0  0  0  0  0  0  0  0  0  0  0  0  0]
 [ 7 20 19  3 13 22  0  0  0  0  0  0  0  0  0  0  0  0  0  0  0]
 [27  0  0  0  0  0  0  0  0  0  0  0  0  0  0  0  0  0  0  0  0]
 [27 26 15 24 10 17  9  4  5  0  0  0  0  0  0  0  0  0  0  0  0]]
gen= [[13  0  0  0  0  0  0  0  0  0  0  0  0  0  0  0  0  0  0  0  0]
 [22 12 17  0  0  0  0  0  0  0  0  0  0  0  0  0  0  0  0  0  0]
 [17  0  0  0  0  0  0  0  0  0  0  0  0  0  0  0  0  0  0  0  0]
 [15  7  9  0  0  0  0  0  0  0  0  0  0  0  0  0  0  0  0  0  0]
 [22  4  3  0  0  0  0  0  0  0  0  0  0  0  0  0  0  0  0  0  0]
 [23 11  5  0  0  0  0  0  0  0  0  0  0  0  0  0  0  0  0  0  0]
 [ 2 13  0  0  0  0  0  0  0  0  0  0  0  0  0  0  0  0  0  0  0]
 [20  7  3  0  0  0  0  0  0  0  0  0  0  0  0  0  0  0  0  0  0]
 [27  0  0  0  0  0  0  0  0  0  0  0  0  0  0  0  0  0  0  0  0]
 [26 27 17  0  0  0  0  0  0  0  0  0  0  0  0  0  0  0  0  0  0]]
valid: gen=0.437
reward: norm=0.8819182386287974
[ 80 iterations]
real= [[27 12 19 14 24  6  0  0  0  0  0  0  0  0  0  0  0  0  0  0  0]
 [27  8 10 14  0  0  0  0  0  0  0  0  0  0  0  0  0  0  0  0  0]
 [26 24 18 13 17 12  5 11  0  0  0  0  0  0  0  0  0  0  0  0  0]
 [23 26 15 21 16  4  5  0  0  0  0  0  0  0  0  0  0  0  0  0  0]
 [12 21 17 18 24 22  0  0  0  0  0  0  0  0  0  0  0  0  0  0  0]
 [23  0  0  0  0  0  0  0  0  0  0  0  0  0  0  0  0  0  0  0  0]
 [21  8 11  5 27  0  0  0  0  0  0  0  0  0  0  0  0  0  0  0  0]
 [20 25  8  3 13 17 12  0  0  0  0  0  0  0  0  0  0  0  0  0  0]
 [27  5  1  3 16 14  0  0  0  0  0  0  0  0  0  0  0  0  0  0  0]
 [23 26 17 13 16  9  8  0  0  0  0  0  0  0  0  0  0  0  0  0  0]]
gen= [[27  6 24 12 14 19  0  0  0  0  0  0  0  0  0  0  0  0  0  0  0]
 [27  8 10 14  0  0  0  0  0  0  0  0  0  0  0  0  0  0  0  0  0]
 [26 13 24 18 17  0  0  0  0  0  0  0  0  0  0  0  0  0  0  0  0]
 [26 23  5  4 15  0  0  0  0  0  0  0  0  0  0  0  0  0  0  0  0]
 [24 18 12 17 21  0  0  0  0  0  0  0  0  0  0  0  0  0  0  0  0]
 [23  0  0  0  0  0  0  0  0  0  0  0  0  0  0  0  0  0  0  0  0]
 [27 11  8  5  0  0  0  0  0  0  0  0  0  0  0  0  0  0  0  0  0]
 [20 25  8  3 13 17  0  0  0  0  0  0  0  0  0  0  0  0  0  0  0]
 [27  1 16  0  0  0  0  0  0  0  0  0  0  0  0  0  0  0  0  0  0]
 [26 13  8 23  0  0  0  0  0  0  0  0  0  0  0  0  0  0  0  0  0]]
valid: gen=0.607
reward: norm=0.9006735114691263
[ 90 iterations]
real= [[13 12  7  0  0  0  0  0  0  0  0  0  0  0  0  0  0  0  0  0  0]
 [18 11 20  4  0  0  0  0  0  0  0  0  0  0  0  0  0  0  0  0  0]
 [17  0  0  0  0  0  0  0  0  0  0  0  0  0  0  0  0  0  0  0  0]
 [26  6 19  4  5 11  0  0  0  0  0  0  0  0  0  0  0  0  0  0  0]
 [16 25  0  0  0  0  0  0  0  0  0  0  0  0  0  0  0  0  0  0  0]
 [27 25  2  9 22  0  0  0  0  0  0  0  0  0  0  0  0  0  0  0  0]
 [15 26 17 16  5 20  0  0  0  0  0  0  0  0  0  0  0  0  0  0  0]
 [11 16 17 26  0  0  0  0  0  0  0  0  0  0  0  0  0  0  0  0  0]
 [27 18  0  0  0  0  0  0  0  0  0  0  0  0  0  0  0  0  0  0  0]
 [27 11  8 25  2 19  9  7  0  0  0  0  0  0  0  0  0  0  0  0  0]]
gen= [[ 7 12 13  0  0  0  0  0  0  0  0  0  0  0  0  0  0  0  0  0  0]
 [20 18  4 11  0  0  0  0  0  0  0  0  0  0  0  0  0  0  0  0  0]
 [17  0  0  0  0  0  0  0  0  0  0  0  0  0  0  0  0  0  0  0  0]
 [26  6  4 11  5  0  0  0  0  0  0  0  0  0  0  0  0  0  0  0  0]
 [25 16  0  0  0  0  0  0  0  0  0  0  0  0  0  0  0  0  0  0  0]
 [ 2 25 27 22  0  0  0  0  0  0  0  0  0  0  0  0  0  0  0  0  0]
 [20 26 16 17  5  0  0  0  0  0  0  0  0  0  0  0  0  0  0  0  0]
 [26 17 11  0  0  0  0  0  0  0  0  0  0  0  0  0  0  0  0  0  0]
 [27 18  0  0  0  0  0  0  0  0  0  0  0  0  0  0  0  0  0  0  0]
 [25  2 27  8 11  0  0  0  0  0  0  0  0  0  0  0  0  0  0  0  0]]
valid: gen=0.601
reward: norm=0.9010585188274343
[ 100 iterations]
real= [[15 10 19  2  5  0  0  0  0  0  0  0  0  0  0  0  0  0  0  0  0]
 [15 10 17 19  0  0  0  0  0  0  0  0  0  0  0  0  0  0  0  0  0]
 [ 7 19 17 14 13 10  0  0  0  0  0  0  0  0  0  0  0  0  0  0  0]
 [ 7 20  0  0  0  0  0  0  0  0  0  0  0  0  0  0  0  0  0  0  0]
 [13  0  0  0  0  0  0  0  0  0  0  0  0  0  0  0  0  0  0  0  0]
 [19  0  0  0  0  0  0  0  0  0  0  0  0  0  0  0  0  0  0  0  0]
 [15  3  1  0  0  0  0  0  0  0  0  0  0  0  0  0  0  0  0  0  0]
 [28 20  4 14 13  9 23  0  0  0  0  0  0  0  0  0  0  0  0  0  0]
 [27 12  6  0  0  0  0  0  0  0  0  0  0  0  0  0  0  0  0  0  0]
 [27 23 22 17  0  0  0  0  0  0  0  0  0  0  0  0  0  0  0  0  0]]
gen= [[ 2  5 19 15  0  0  0  0  0  0  0  0  0  0  0  0  0  0  0  0  0]
 [17 19 15  0  0  0  0  0  0  0  0  0  0  0  0  0  0  0  0  0  0]
 [ 7 13 14 17 10  0  0  0  0  0  0  0  0  0  0  0  0  0  0  0  0]
 [20  7  0  0  0  0  0  0  0  0  0  0  0  0  0  0  0  0  0  0  0]
 [13  0  0  0  0  0  0  0  0  0  0  0  0  0  0  0  0  0  0  0  0]
 [19  0  0  0  0  0  0  0  0  0  0  0  0  0  0  0  0  0  0  0  0]
 [ 1 15  3  0  0  0  0  0  0  0  0  0  0  0  0  0  0  0  0  0  0]
 [20 23  4 13 14  9  0  0  0  0  0  0  0  0  0  0  0  0  0  0  0]
 [ 6 27 12  0  0  0  0  0  0  0  0  0  0  0  0  0  0  0  0  0  0]
 [27 23 17  0  0  0  0  0  0  0  0  0  0  0  0  0  0  0  0  0  0]]
valid: gen=0.527
reward: norm=0.891328422331321
[ 110 iterations]
real= [[ 7 15 13 14 25 28  5  0  0  0  0  0  0  0  0  0  0  0  0  0  0]
 [ 7 26 22  2 25 28  0  0  0  0  0  0  0  0  0  0  0  0  0  0  0]
 [21 10  0  0  0  0  0  0  0  0  0  0  0  0  0  0  0  0  0  0  0]
 [ 7  6  9  8  5  0  0  0  0  0  0  0  0  0  0  0  0  0  0  0  0]
 [18 14 17 19  8 25  0  0  0  0  0  0  0  0  0  0  0  0  0  0  0]
 [ 6  0  0  0  0  0  0  0  0  0  0  0  0  0  0  0  0  0  0  0  0]
 [ 7 17  0  0  0  0  0  0  0  0  0  0  0  0  0  0  0  0  0  0  0]
 [23 24 17 14 20 28  5  0  0  0  0  0  0  0  0  0  0  0  0  0  0]
 [16 26 22  0  0  0  0  0  0  0  0  0  0  0  0  0  0  0  0  0  0]
 [ 5  0  0  0  0  0  0  0  0  0  0  0  0  0  0  0  0  0  0  0  0]]
gen= [[25  7 13 14  0  0  0  0  0  0  0  0  0  0  0  0  0  0  0  0  0]
 [25 26  2 28  0  0  0  0  0  0  0  0  0  0  0  0  0  0  0  0  0]
 [10 21  0  0  0  0  0  0  0  0  0  0  0  0  0  0  0  0  0  0  0]
 [ 7  8  5  9  0  0  0  0  0  0  0  0  0  0  0  0  0  0  0  0  0]
 [25  8 18 17 14  0  0  0  0  0  0  0  0  0  0  0  0  0  0  0  0]
 [ 6  0  0  0  0  0  0  0  0  0  0  0  0  0  0  0  0  0  0  0  0]
 [ 7 17  0  0  0  0  0  0  0  0  0  0  0  0  0  0  0  0  0  0  0]
 [20 23 24 17 14  0  0  0  0  0  0  0  0  0  0  0  0  0  0  0  0]
 [26 22  0  0  0  0  0  0  0  0  0  0  0  0  0  0  0  0  0  0  0]
 [ 5  0  0  0  0  0  0  0  0  0  0  0  0  0  0  0  0  0  0  0  0]]
valid: gen=0.618
reward: norm=0.8956905412661069
[ 120 iterations]
real= [[13  0  0  0  0  0  0  0  0  0  0  0  0  0  0  0  0  0  0  0  0]
 [22 12 17  0  0  0  0  0  0  0  0  0  0  0  0  0  0  0  0  0  0]
 [17  0  0  0  0  0  0  0  0  0  0  0  0  0  0  0  0  0  0  0  0]
 [15  7 22 13 17  9  0  0  0  0  0  0  0  0  0  0  0  0  0  0  0]
 [22  3  4  0  0  0  0  0  0  0  0  0  0  0  0  0  0  0  0  0  0]
 [ 5 11 28 12 10 23  0  0  0  0  0  0  0  0  0  0  0  0  0  0  0]
 [13  2  4  0  0  0  0  0  0  0  0  0  0  0  0  0  0  0  0  0  0]
 [ 7 20 19  3 13 22  0  0  0  0  0  0  0  0  0  0  0  0  0  0  0]
 [27  0  0  0  0  0  0  0  0  0  0  0  0  0  0  0  0  0  0  0  0]
 [27 26 15 24 10 17  9  4  5  0  0  0  0  0  0  0  0  0  0  0  0]]
gen= [[13  0  0  0  0  0  0  0  0  0  0  0  0  0  0  0  0  0  0  0  0]
 [22 17 12  0  0  0  0  0  0  0  0  0  0  0  0  0  0  0  0  0  0]
 [17  0  0  0  0  0  0  0  0  0  0  0  0  0  0  0  0  0  0  0  0]
 [ 7 13  0  0  0  0  0  0  0  0  0  0  0  0  0  0  0  0  0  0  0]
 [ 4  3 22  0  0  0  0  0  0  0  0  0  0  0  0  0  0  0  0  0  0]
 [23  5 11  0  0  0  0  0  0  0  0  0  0  0  0  0  0  0  0  0  0]
 [ 2  4  0  0  0  0  0  0  0  0  0  0  0  0  0  0  0  0  0  0  0]
 [20  7  3  0  0  0  0  0  0  0  0  0  0  0  0  0  0  0  0  0  0]
 [27  0  0  0  0  0  0  0  0  0  0  0  0  0  0  0  0  0  0  0  0]
 [26 27 24  0  0  0  0  0  0  0  0  0  0  0  0  0  0  0  0  0  0]]
valid: gen=0.431
reward: norm=0.8809966526910293
[ 130 iterations]
real= [[27 12 19 14 24  6  0  0  0  0  0  0  0  0  0  0  0  0  0  0  0]
 [27  8 10 14  0  0  0  0  0  0  0  0  0  0  0  0  0  0  0  0  0]
 [26 24 18 13 17 12  5 11  0  0  0  0  0  0  0  0  0  0  0  0  0]
 [23 26 15 21 16  4  5  0  0  0  0  0  0  0  0  0  0  0  0  0  0]
 [12 21 17 18 24 22  0  0  0  0  0  0  0  0  0  0  0  0  0  0  0]
 [23  0  0  0  0  0  0  0  0  0  0  0  0  0  0  0  0  0  0  0  0]
 [21  8 11  5 27  0  0  0  0  0  0  0  0  0  0  0  0  0  0  0  0]
 [20 25  8  3 13 17 12  0  0  0  0  0  0  0  0  0  0  0  0  0  0]
 [27  5  1  3 16 14  0  0  0  0  0  0  0  0  0  0  0  0  0  0  0]
 [23 26 17 13 16  9  8  0  0  0  0  0  0  0  0  0  0  0  0  0  0]]
gen= [[27  6 24 14 19 12  0  0  0  0  0  0  0  0  0  0  0  0  0  0  0]
 [ 8 27  0  0  0  0  0  0  0  0  0  0  0  0  0  0  0  0  0  0  0]
 [26 18 13 24  0  0  0  0  0  0  0  0  0  0  0  0  0  0  0  0  0]
 [26 23  4  5 15  0  0  0  0  0  0  0  0  0  0  0  0  0  0  0  0]
 [21 18 24 22  0  0  0  0  0  0  0  0  0  0  0  0  0  0  0  0  0]
 [23  0  0  0  0  0  0  0  0  0  0  0  0  0  0  0  0  0  0  0  0]
 [27  8 11  5  0  0  0  0  0  0  0  0  0  0  0  0  0  0  0  0  0]
 [20 25 13 17  3 12  0  0  0  0  0  0  0  0  0  0  0  0  0  0  0]
 [27  1 16  0  0  0  0  0  0  0  0  0  0  0  0  0  0  0  0  0  0]
 [26  8 23  9  0  0  0  0  0  0  0  0  0  0  0  0  0  0  0  0  0]]
valid: gen=0.608
reward: norm=0.8982358370014368
[ 140 iterations]
real= [[13 12  7  0  0  0  0  0  0  0  0  0  0  0  0  0  0  0  0  0  0]
 [18 11 20  4  0  0  0  0  0  0  0  0  0  0  0  0  0  0  0  0  0]
 [17  0  0  0  0  0  0  0  0  0  0  0  0  0  0  0  0  0  0  0  0]
 [26  6 19  4  5 11  0  0  0  0  0  0  0  0  0  0  0  0  0  0  0]
 [16 25  0  0  0  0  0  0  0  0  0  0  0  0  0  0  0  0  0  0  0]
 [27 25  2  9 22  0  0  0  0  0  0  0  0  0  0  0  0  0  0  0  0]
 [15 26 17 16  5 20  0  0  0  0  0  0  0  0  0  0  0  0  0  0  0]
 [11 16 17 26  0  0  0  0  0  0  0  0  0  0  0  0  0  0  0  0  0]
 [27 18  0  0  0  0  0  0  0  0  0  0  0  0  0  0  0  0  0  0  0]
 [27 11  8 25  2 19  9  7  0  0  0  0  0  0  0  0  0  0  0  0  0]]
gen= [[ 7 13 12  0  0  0  0  0  0  0  0  0  0  0  0  0  0  0  0  0  0]
 [20 18  4 11  0  0  0  0  0  0  0  0  0  0  0  0  0  0  0  0  0]
 [17  0  0  0  0  0  0  0  0  0  0  0  0  0  0  0  0  0  0  0  0]
 [26  6  4 11  5  0  0  0  0  0  0  0  0  0  0  0  0  0  0  0  0]
 [25 16  0  0  0  0  0  0  0  0  0  0  0  0  0  0  0  0  0  0  0]
 [ 2 27 25  0  0  0  0  0  0  0  0  0  0  0  0  0  0  0  0  0  0]
 [26 20 17  5  0  0  0  0  0  0  0  0  0  0  0  0  0  0  0  0  0]
 [26 16 11  0  0  0  0  0  0  0  0  0  0  0  0  0  0  0  0  0  0]
 [27 18  0  0  0  0  0  0  0  0  0  0  0  0  0  0  0  0  0  0  0]
 [25  2 27  8 11  0  0  0  0  0  0  0  0  0  0  0  0  0  0  0  0]]
valid: gen=0.6
reward: norm=0.8977661232167564
[ 150 iterations]
real= [[15 10 19  2  5  0  0  0  0  0  0  0  0  0  0  0  0  0  0  0  0]
 [15 10 17 19  0  0  0  0  0  0  0  0  0  0  0  0  0  0  0  0  0]
 [ 7 19 17 14 13 10  0  0  0  0  0  0  0  0  0  0  0  0  0  0  0]
 [ 7 20  0  0  0  0  0  0  0  0  0  0  0  0  0  0  0  0  0  0  0]
 [13  0  0  0  0  0  0  0  0  0  0  0  0  0  0  0  0  0  0  0  0]
 [19  0  0  0  0  0  0  0  0  0  0  0  0  0  0  0  0  0  0  0  0]
 [15  3  1  0  0  0  0  0  0  0  0  0  0  0  0  0  0  0  0  0  0]
 [28 20  4 14 13  9 23  0  0  0  0  0  0  0  0  0  0  0  0  0  0]
 [27 12  6  0  0  0  0  0  0  0  0  0  0  0  0  0  0  0  0  0  0]
 [27 23 22 17  0  0  0  0  0  0  0  0  0  0  0  0  0  0  0  0  0]]
gen= [[ 2  5 19 15  0  0  0  0  0  0  0  0  0  0  0  0  0  0  0  0  0]
 [15 17 10  0  0  0  0  0  0  0  0  0  0  0  0  0  0  0  0  0  0]
 [13  7 19  0  0  0  0  0  0  0  0  0  0  0  0  0  0  0  0  0  0]
 [20  7  0  0  0  0  0  0  0  0  0  0  0  0  0  0  0  0  0  0  0]
 [13  0  0  0  0  0  0  0  0  0  0  0  0  0  0  0  0  0  0  0  0]
 [19  0  0  0  0  0  0  0  0  0  0  0  0  0  0  0  0  0  0  0  0]
 [ 1 15  3  0  0  0  0  0  0  0  0  0  0  0  0  0  0  0  0  0  0]
 [20 13 23 14  9  0  0  0  0  0  0  0  0  0  0  0  0  0  0  0  0]
 [27  6  0  0  0  0  0  0  0  0  0  0  0  0  0  0  0  0  0  0  0]
 [27 23 17  0  0  0  0  0  0  0  0  0  0  0  0  0  0  0  0  0  0]]
valid: gen=0.52
reward: norm=0.8899810588748083
[ 160 iterations]
real= [[ 7 15 13 14 25 28  5  0  0  0  0  0  0  0  0  0  0  0  0  0  0]
 [ 7 26 22  2 25 28  0  0  0  0  0  0  0  0  0  0  0  0  0  0  0]
 [21 10  0  0  0  0  0  0  0  0  0  0  0  0  0  0  0  0  0  0  0]
 [ 7  6  9  8  5  0  0  0  0  0  0  0  0  0  0  0  0  0  0  0  0]
 [18 14 17 19  8 25  0  0  0  0  0  0  0  0  0  0  0  0  0  0  0]
 [ 6  0  0  0  0  0  0  0  0  0  0  0  0  0  0  0  0  0  0  0  0]
 [ 7 17  0  0  0  0  0  0  0  0  0  0  0  0  0  0  0  0  0  0  0]
 [23 24 17 14 20 28  5  0  0  0  0  0  0  0  0  0  0  0  0  0  0]
 [16 26 22  0  0  0  0  0  0  0  0  0  0  0  0  0  0  0  0  0  0]
 [ 5  0  0  0  0  0  0  0  0  0  0  0  0  0  0  0  0  0  0  0  0]]
gen= [[25  7 13 14  0  0  0  0  0  0  0  0  0  0  0  0  0  0  0  0  0]
 [ 2 26  7  0  0  0  0  0  0  0  0  0  0  0  0  0  0  0  0  0  0]
 [10 21  0  0  0  0  0  0  0  0  0  0  0  0  0  0  0  0  0  0  0]
 [ 8  7  6  0  0  0  0  0  0  0  0  0  0  0  0  0  0  0  0  0  0]
 [25  8 18 14 17 19  0  0  0  0  0  0  0  0  0  0  0  0  0  0  0]
 [ 6  0  0  0  0  0  0  0  0  0  0  0  0  0  0  0  0  0  0  0  0]
 [ 7 17  0  0  0  0  0  0  0  0  0  0  0  0  0  0  0  0  0  0  0]
 [20 23 24 14 17  5  0  0  0  0  0  0  0  0  0  0  0  0  0  0  0]
 [26 16  0  0  0  0  0  0  0  0  0  0  0  0  0  0  0  0  0  0  0]
 [ 5  0  0  0  0  0  0  0  0  0  0  0  0  0  0  0  0  0  0  0  0]]
valid: gen=0.625
reward: norm=0.8955077723617978
[ 170 iterations]
real= [[13  0  0  0  0  0  0  0  0  0  0  0  0  0  0  0  0  0  0  0  0]
 [22 12 17  0  0  0  0  0  0  0  0  0  0  0  0  0  0  0  0  0  0]
 [17  0  0  0  0  0  0  0  0  0  0  0  0  0  0  0  0  0  0  0  0]
 [15  7 22 13 17  9  0  0  0  0  0  0  0  0  0  0  0  0  0  0  0]
 [22  3  4  0  0  0  0  0  0  0  0  0  0  0  0  0  0  0  0  0  0]
 [ 5 11 28 12 10 23  0  0  0  0  0  0  0  0  0  0  0  0  0  0  0]
 [13  2  4  0  0  0  0  0  0  0  0  0  0  0  0  0  0  0  0  0  0]
 [ 7 20 19  3 13 22  0  0  0  0  0  0  0  0  0  0  0  0  0  0  0]
 [27  0  0  0  0  0  0  0  0  0  0  0  0  0  0  0  0  0  0  0  0]
 [27 26 15 24 10 17  9  4  5  0  0  0  0  0  0  0  0  0  0  0  0]]
gen= [[13  0  0  0  0  0  0  0  0  0  0  0  0  0  0  0  0  0  0  0  0]
 [22 12 17  0  0  0  0  0  0  0  0  0  0  0  0  0  0  0  0  0  0]
 [17  0  0  0  0  0  0  0  0  0  0  0  0  0  0  0  0  0  0  0  0]
 [ 7 13  0  0  0  0  0  0  0  0  0  0  0  0  0  0  0  0  0  0  0]
 [ 4 22  3  0  0  0  0  0  0  0  0  0  0  0  0  0  0  0  0  0  0]
 [23 11  5  0  0  0  0  0  0  0  0  0  0  0  0  0  0  0  0  0  0]
 [ 2  4  0  0  0  0  0  0  0  0  0  0  0  0  0  0  0  0  0  0  0]
 [20  7  3  0  0  0  0  0  0  0  0  0  0  0  0  0  0  0  0  0  0]
 [27  0  0  0  0  0  0  0  0  0  0  0  0  0  0  0  0  0  0  0  0]
 [26 27  4  0  0  0  0  0  0  0  0  0  0  0  0  0  0  0  0  0  0]]
valid: gen=0.441
reward: norm=0.8775758522311193
[ 180 iterations]
real= [[27 12 19 14 24  6  0  0  0  0  0  0  0  0  0  0  0  0  0  0  0]
 [27  8 10 14  0  0  0  0  0  0  0  0  0  0  0  0  0  0  0  0  0]
 [26 24 18 13 17 12  5 11  0  0  0  0  0  0  0  0  0  0  0  0  0]
 [23 26 15 21 16  4  5  0  0  0  0  0  0  0  0  0  0  0  0  0  0]
 [12 21 17 18 24 22  0  0  0  0  0  0  0  0  0  0  0  0  0  0  0]
 [23  0  0  0  0  0  0  0  0  0  0  0  0  0  0  0  0  0  0  0  0]
 [21  8 11  5 27  0  0  0  0  0  0  0  0  0  0  0  0  0  0  0  0]
 [20 25  8  3 13 17 12  0  0  0  0  0  0  0  0  0  0  0  0  0  0]
 [27  5  1  3 16 14  0  0  0  0  0  0  0  0  0  0  0  0  0  0  0]
 [23 26 17 13 16  9  8  0  0  0  0  0  0  0  0  0  0  0  0  0  0]]
gen= [[27  6 14 24 12  0  0  0  0  0  0  0  0  0  0  0  0  0  0  0  0]
 [27  8 14 10  0  0  0  0  0  0  0  0  0  0  0  0  0  0  0  0  0]
 [26 13 18 11  5  0  0  0  0  0  0  0  0  0  0  0  0  0  0  0  0]
 [26 23  4  5 15  0  0  0  0  0  0  0  0  0  0  0  0  0  0  0  0]
 [21 18 17 12  0  0  0  0  0  0  0  0  0  0  0  0  0  0  0  0  0]
 [23  0  0  0  0  0  0  0  0  0  0  0  0  0  0  0  0  0  0  0  0]
 [ 8 27  0  0  0  0  0  0  0  0  0  0  0  0  0  0  0  0  0  0  0]
 [20 25 13  3 17 12  0  0  0  0  0  0  0  0  0  0  0  0  0  0  0]
 [ 1 27  0  0  0  0  0  0  0  0  0  0  0  0  0  0  0  0  0  0  0]
 [ 8 26 13 23  0  0  0  0  0  0  0  0  0  0  0  0  0  0  0  0  0]]
valid: gen=0.599
reward: norm=0.8972399345295122
[ 190 iterations]
real= [[13 12  7  0  0  0  0  0  0  0  0  0  0  0  0  0  0  0  0  0  0]
 [18 11 20  4  0  0  0  0  0  0  0  0  0  0  0  0  0  0  0  0  0]
 [17  0  0  0  0  0  0  0  0  0  0  0  0  0  0  0  0  0  0  0  0]
 [26  6 19  4  5 11  0  0  0  0  0  0  0  0  0  0  0  0  0  0  0]
 [16 25  0  0  0  0  0  0  0  0  0  0  0  0  0  0  0  0  0  0  0]
 [27 25  2  9 22  0  0  0  0  0  0  0  0  0  0  0  0  0  0  0  0]
 [15 26 17 16  5 20  0  0  0  0  0  0  0  0  0  0  0  0  0  0  0]
 [11 16 17 26  0  0  0  0  0  0  0  0  0  0  0  0  0  0  0  0  0]
 [27 18  0  0  0  0  0  0  0  0  0  0  0  0  0  0  0  0  0  0  0]
 [27 11  8 25  2 19  9  7  0  0  0  0  0  0  0  0  0  0  0  0  0]]
gen= [[ 7 13 12  0  0  0  0  0  0  0  0  0  0  0  0  0  0  0  0  0  0]
 [20  4 18 11  0  0  0  0  0  0  0  0  0  0  0  0  0  0  0  0  0]
 [17  0  0  0  0  0  0  0  0  0  0  0  0  0  0  0  0  0  0  0  0]
 [26  6  4  5 11  0  0  0  0  0  0  0  0  0  0  0  0  0  0  0  0]
 [25 16  0  0  0  0  0  0  0  0  0  0  0  0  0  0  0  0  0  0  0]
 [27 25  2  0  0  0  0  0  0  0  0  0  0  0  0  0  0  0  0  0  0]
 [20 26  5 17 15  0  0  0  0  0  0  0  0  0  0  0  0  0  0  0  0]
 [26 11 17  0  0  0  0  0  0  0  0  0  0  0  0  0  0  0  0  0  0]
 [27 18  0  0  0  0  0  0  0  0  0  0  0  0  0  0  0  0  0  0  0]
 [ 7 25  2  0  0  0  0  0  0  0  0  0  0  0  0  0  0  0  0  0  0]]
valid: gen=0.609
reward: norm=0.8986992083258512
[ 200 iterations]
real= [[15 10 19  2  5  0  0  0  0  0  0  0  0  0  0  0  0  0  0  0  0]
 [15 10 17 19  0  0  0  0  0  0  0  0  0  0  0  0  0  0  0  0  0]
 [ 7 19 17 14 13 10  0  0  0  0  0  0  0  0  0  0  0  0  0  0  0]
 [ 7 20  0  0  0  0  0  0  0  0  0  0  0  0  0  0  0  0  0  0  0]
 [13  0  0  0  0  0  0  0  0  0  0  0  0  0  0  0  0  0  0  0  0]
 [19  0  0  0  0  0  0  0  0  0  0  0  0  0  0  0  0  0  0  0  0]
 [15  3  1  0  0  0  0  0  0  0  0  0  0  0  0  0  0  0  0  0  0]
 [28 20  4 14 13  9 23  0  0  0  0  0  0  0  0  0  0  0  0  0  0]
 [27 12  6  0  0  0  0  0  0  0  0  0  0  0  0  0  0  0  0  0  0]
 [27 23 22 17  0  0  0  0  0  0  0  0  0  0  0  0  0  0  0  0  0]]
gen= [[ 2 15  5  0  0  0  0  0  0  0  0  0  0  0  0  0  0  0  0  0  0]
 [15 10 19  0  0  0  0  0  0  0  0  0  0  0  0  0  0  0  0  0  0]
 [13  7 19  0  0  0  0  0  0  0  0  0  0  0  0  0  0  0  0  0  0]
 [20  7  0  0  0  0  0  0  0  0  0  0  0  0  0  0  0  0  0  0  0]
 [13  0  0  0  0  0  0  0  0  0  0  0  0  0  0  0  0  0  0  0  0]
 [19  0  0  0  0  0  0  0  0  0  0  0  0  0  0  0  0  0  0  0  0]
 [ 1  3 15  0  0  0  0  0  0  0  0  0  0  0  0  0  0  0  0  0  0]
 [13 20  4 23  0  0  0  0  0  0  0  0  0  0  0  0  0  0  0  0  0]
 [ 6 27 12  0  0  0  0  0  0  0  0  0  0  0  0  0  0  0  0  0  0]
 [23 27 17  0  0  0  0  0  0  0  0  0  0  0  0  0  0  0  0  0  0]]
valid: gen=0.5
reward: norm=0.8865434541923188
[ 210 iterations]
real= [[ 7 15 13 14 25 28  5  0  0  0  0  0  0  0  0  0  0  0  0  0  0]
 [ 7 26 22  2 25 28  0  0  0  0  0  0  0  0  0  0  0  0  0  0  0]
 [21 10  0  0  0  0  0  0  0  0  0  0  0  0  0  0  0  0  0  0  0]
 [ 7  6  9  8  5  0  0  0  0  0  0  0  0  0  0  0  0  0  0  0  0]
 [18 14 17 19  8 25  0  0  0  0  0  0  0  0  0  0  0  0  0  0  0]
 [ 6  0  0  0  0  0  0  0  0  0  0  0  0  0  0  0  0  0  0  0  0]
 [ 7 17  0  0  0  0  0  0  0  0  0  0  0  0  0  0  0  0  0  0  0]
 [23 24 17 14 20 28  5  0  0  0  0  0  0  0  0  0  0  0  0  0  0]
 [16 26 22  0  0  0  0  0  0  0  0  0  0  0  0  0  0  0  0  0  0]
 [ 5  0  0  0  0  0  0  0  0  0  0  0  0  0  0  0  0  0  0  0  0]]
gen= [[25 13  7  0  0  0  0  0  0  0  0  0  0  0  0  0  0  0  0  0  0]
 [26 25  0  0  0  0  0  0  0  0  0  0  0  0  0  0  0  0  0  0  0]
 [21 10  0  0  0  0  0  0  0  0  0  0  0  0  0  0  0  0  0  0  0]
 [ 8  7  6  0  0  0  0  0  0  0  0  0  0  0  0  0  0  0  0  0  0]
 [25  8 18 14 17  0  0  0  0  0  0  0  0  0  0  0  0  0  0  0  0]
 [ 6  0  0  0  0  0  0  0  0  0  0  0  0  0  0  0  0  0  0  0  0]
 [ 7 17  0  0  0  0  0  0  0  0  0  0  0  0  0  0  0  0  0  0  0]
 [20 23 14 28  5  0  0  0  0  0  0  0  0  0  0  0  0  0  0  0  0]
 [26 16  0  0  0  0  0  0  0  0  0  0  0  0  0  0  0  0  0  0  0]
 [ 5  0  0  0  0  0  0  0  0  0  0  0  0  0  0  0  0  0  0  0  0]]
valid: gen=0.611
reward: norm=0.892001396101005
[ 220 iterations]
real= [[13  0  0  0  0  0  0  0  0  0  0  0  0  0  0  0  0  0  0  0  0]
 [22 12 17  0  0  0  0  0  0  0  0  0  0  0  0  0  0  0  0  0  0]
 [17  0  0  0  0  0  0  0  0  0  0  0  0  0  0  0  0  0  0  0  0]
 [15  7 22 13 17  9  0  0  0  0  0  0  0  0  0  0  0  0  0  0  0]
 [22  3  4  0  0  0  0  0  0  0  0  0  0  0  0  0  0  0  0  0  0]
 [ 5 11 28 12 10 23  0  0  0  0  0  0  0  0  0  0  0  0  0  0  0]
 [13  2  4  0  0  0  0  0  0  0  0  0  0  0  0  0  0  0  0  0  0]
 [ 7 20 19  3 13 22  0  0  0  0  0  0  0  0  0  0  0  0  0  0  0]
 [27  0  0  0  0  0  0  0  0  0  0  0  0  0  0  0  0  0  0  0  0]
 [27 26 15 24 10 17  9  4  5  0  0  0  0  0  0  0  0  0  0  0  0]]
gen= [[13  0  0  0  0  0  0  0  0  0  0  0  0  0  0  0  0  0  0  0  0]
 [17 22 12  0  0  0  0  0  0  0  0  0  0  0  0  0  0  0  0  0  0]
 [17  0  0  0  0  0  0  0  0  0  0  0  0  0  0  0  0  0  0  0  0]
 [13  7 15  0  0  0  0  0  0  0  0  0  0  0  0  0  0  0  0  0  0]
 [ 3  4 22  0  0  0  0  0  0  0  0  0  0  0  0  0  0  0  0  0  0]
 [23 11 28  0  0  0  0  0  0  0  0  0  0  0  0  0  0  0  0  0  0]
 [ 2 13  0  0  0  0  0  0  0  0  0  0  0  0  0  0  0  0  0  0  0]
 [20  7 22  0  0  0  0  0  0  0  0  0  0  0  0  0  0  0  0  0  0]
 [27  0  0  0  0  0  0  0  0  0  0  0  0  0  0  0  0  0  0  0  0]
 [26  4 27  0  0  0  0  0  0  0  0  0  0  0  0  0  0  0  0  0  0]]
valid: gen=0.435
reward: norm=0.876490679564681
[ 230 iterations]
real= [[27 12 19 14 24  6  0  0  0  0  0  0  0  0  0  0  0  0  0  0  0]
 [27  8 10 14  0  0  0  0  0  0  0  0  0  0  0  0  0  0  0  0  0]
 [26 24 18 13 17 12  5 11  0  0  0  0  0  0  0  0  0  0  0  0  0]
 [23 26 15 21 16  4  5  0  0  0  0  0  0  0  0  0  0  0  0  0  0]
 [12 21 17 18 24 22  0  0  0  0  0  0  0  0  0  0  0  0  0  0  0]
 [23  0  0  0  0  0  0  0  0  0  0  0  0  0  0  0  0  0  0  0  0]
 [21  8 11  5 27  0  0  0  0  0  0  0  0  0  0  0  0  0  0  0  0]
 [20 25  8  3 13 17 12  0  0  0  0  0  0  0  0  0  0  0  0  0  0]
 [27  5  1  3 16 14  0  0  0  0  0  0  0  0  0  0  0  0  0  0  0]
 [23 26 17 13 16  9  8  0  0  0  0  0  0  0  0  0  0  0  0  0  0]]
gen= [[27  6 14 12 19  0  0  0  0  0  0  0  0  0  0  0  0  0  0  0  0]
 [ 8 27  0  0  0  0  0  0  0  0  0  0  0  0  0  0  0  0  0  0  0]
 [26 13 18  5 11  0  0  0  0  0  0  0  0  0  0  0  0  0  0  0  0]
 [23 26  4  5 15  0  0  0  0  0  0  0  0  0  0  0  0  0  0  0  0]
 [21 18 22 12  0  0  0  0  0  0  0  0  0  0  0  0  0  0  0  0  0]
 [23  0  0  0  0  0  0  0  0  0  0  0  0  0  0  0  0  0  0  0  0]
 [27  8 21  0  0  0  0  0  0  0  0  0  0  0  0  0  0  0  0  0  0]
 [25 13 20 12  0  0  0  0  0  0  0  0  0  0  0  0  0  0  0  0  0]
 [ 1 27  0  0  0  0  0  0  0  0  0  0  0  0  0  0  0  0  0  0  0]
 [26 13  8 23  0  0  0  0  0  0  0  0  0  0  0  0  0  0  0  0  0]]
valid: gen=0.585
reward: norm=0.8958389977281065
[ 240 iterations]
real= [[13 12  7  0  0  0  0  0  0  0  0  0  0  0  0  0  0  0  0  0  0]
 [18 11 20  4  0  0  0  0  0  0  0  0  0  0  0  0  0  0  0  0  0]
 [17  0  0  0  0  0  0  0  0  0  0  0  0  0  0  0  0  0  0  0  0]
 [26  6 19  4  5 11  0  0  0  0  0  0  0  0  0  0  0  0  0  0  0]
 [16 25  0  0  0  0  0  0  0  0  0  0  0  0  0  0  0  0  0  0  0]
 [27 25  2  9 22  0  0  0  0  0  0  0  0  0  0  0  0  0  0  0  0]
 [15 26 17 16  5 20  0  0  0  0  0  0  0  0  0  0  0  0  0  0  0]
 [11 16 17 26  0  0  0  0  0  0  0  0  0  0  0  0  0  0  0  0  0]
 [27 18  0  0  0  0  0  0  0  0  0  0  0  0  0  0  0  0  0  0  0]
 [27 11  8 25  2 19  9  7  0  0  0  0  0  0  0  0  0  0  0  0  0]]
gen= [[ 7 13 12  0  0  0  0  0  0  0  0  0  0  0  0  0  0  0  0  0  0]
 [20  4 18 11  0  0  0  0  0  0  0  0  0  0  0  0  0  0  0  0  0]
 [17  0  0  0  0  0  0  0  0  0  0  0  0  0  0  0  0  0  0  0  0]
 [26  4 11  5 19  0  0  0  0  0  0  0  0  0  0  0  0  0  0  0  0]
 [25 16  0  0  0  0  0  0  0  0  0  0  0  0  0  0  0  0  0  0  0]
 [ 2 25 27 22  0  0  0  0  0  0  0  0  0  0  0  0  0  0  0  0  0]
 [26 20 16  5  0  0  0  0  0  0  0  0  0  0  0  0  0  0  0  0  0]
 [26 11 17  0  0  0  0  0  0  0  0  0  0  0  0  0  0  0  0  0  0]
 [27 18  0  0  0  0  0  0  0  0  0  0  0  0  0  0  0  0  0  0  0]
 [25  2  8 27 11  0  0  0  0  0  0  0  0  0  0  0  0  0  0  0  0]]
valid: gen=0.603
reward: norm=0.8991264089729163
[ 250 iterations]
real= [[15 10 19  2  5  0  0  0  0  0  0  0  0  0  0  0  0  0  0  0  0]
 [15 10 17 19  0  0  0  0  0  0  0  0  0  0  0  0  0  0  0  0  0]
 [ 7 19 17 14 13 10  0  0  0  0  0  0  0  0  0  0  0  0  0  0  0]
 [ 7 20  0  0  0  0  0  0  0  0  0  0  0  0  0  0  0  0  0  0  0]
 [13  0  0  0  0  0  0  0  0  0  0  0  0  0  0  0  0  0  0  0  0]
 [19  0  0  0  0  0  0  0  0  0  0  0  0  0  0  0  0  0  0  0  0]
 [15  3  1  0  0  0  0  0  0  0  0  0  0  0  0  0  0  0  0  0  0]
 [28 20  4 14 13  9 23  0  0  0  0  0  0  0  0  0  0  0  0  0  0]
 [27 12  6  0  0  0  0  0  0  0  0  0  0  0  0  0  0  0  0  0  0]
 [27 23 22 17  0  0  0  0  0  0  0  0  0  0  0  0  0  0  0  0  0]]
gen= [[ 2 10 15  0  0  0  0  0  0  0  0  0  0  0  0  0  0  0  0  0  0]
 [10 15 19  0  0  0  0  0  0  0  0  0  0  0  0  0  0  0  0  0  0]
 [ 7 13 14 19  0  0  0  0  0  0  0  0  0  0  0  0  0  0  0  0  0]
 [20  7  0  0  0  0  0  0  0  0  0  0  0  0  0  0  0  0  0  0  0]
 [13  0  0  0  0  0  0  0  0  0  0  0  0  0  0  0  0  0  0  0  0]
 [19  0  0  0  0  0  0  0  0  0  0  0  0  0  0  0  0  0  0  0  0]
 [ 1  3 15  0  0  0  0  0  0  0  0  0  0  0  0  0  0  0  0  0  0]
 [20 13 23  4 28  0  0  0  0  0  0  0  0  0  0  0  0  0  0  0  0]
 [ 6 12 27  0  0  0  0  0  0  0  0  0  0  0  0  0  0  0  0  0  0]
 [23 22 27  0  0  0  0  0  0  0  0  0  0  0  0  0  0  0  0  0  0]]
valid: gen=0.474
reward: norm=0.8874695892189902
[ 260 iterations]
real= [[ 7 15 13 14 25 28  5  0  0  0  0  0  0  0  0  0  0  0  0  0  0]
 [ 7 26 22  2 25 28  0  0  0  0  0  0  0  0  0  0  0  0  0  0  0]
 [21 10  0  0  0  0  0  0  0  0  0  0  0  0  0  0  0  0  0  0  0]
 [ 7  6  9  8  5  0  0  0  0  0  0  0  0  0  0  0  0  0  0  0  0]
 [18 14 17 19  8 25  0  0  0  0  0  0  0  0  0  0  0  0  0  0  0]
 [ 6  0  0  0  0  0  0  0  0  0  0  0  0  0  0  0  0  0  0  0  0]
 [ 7 17  0  0  0  0  0  0  0  0  0  0  0  0  0  0  0  0  0  0  0]
 [23 24 17 14 20 28  5  0  0  0  0  0  0  0  0  0  0  0  0  0  0]
 [16 26 22  0  0  0  0  0  0  0  0  0  0  0  0  0  0  0  0  0  0]
 [ 5  0  0  0  0  0  0  0  0  0  0  0  0  0  0  0  0  0  0  0  0]]
gen= [[25 13  7  0  0  0  0  0  0  0  0  0  0  0  0  0  0  0  0  0  0]
 [ 2 25  0  0  0  0  0  0  0  0  0  0  0  0  0  0  0  0  0  0  0]
 [10 21  0  0  0  0  0  0  0  0  0  0  0  0  0  0  0  0  0  0  0]
 [ 8  7  6  0  0  0  0  0  0  0  0  0  0  0  0  0  0  0  0  0  0]
 [25  8 18 14 19  0  0  0  0  0  0  0  0  0  0  0  0  0  0  0  0]
 [ 6  0  0  0  0  0  0  0  0  0  0  0  0  0  0  0  0  0  0  0  0]
 [ 7 17  0  0  0  0  0  0  0  0  0  0  0  0  0  0  0  0  0  0  0]
 [23 20 14  5 28  0  0  0  0  0  0  0  0  0  0  0  0  0  0  0  0]
 [26 16  0  0  0  0  0  0  0  0  0  0  0  0  0  0  0  0  0  0  0]
 [ 5  0  0  0  0  0  0  0  0  0  0  0  0  0  0  0  0  0  0  0  0]]
valid: gen=0.609
reward: norm=0.8927152374629621
[ 270 iterations]
real= [[13  0  0  0  0  0  0  0  0  0  0  0  0  0  0  0  0  0  0  0  0]
 [22 12 17  0  0  0  0  0  0  0  0  0  0  0  0  0  0  0  0  0  0]
 [17  0  0  0  0  0  0  0  0  0  0  0  0  0  0  0  0  0  0  0  0]
 [15  7 22 13 17  9  0  0  0  0  0  0  0  0  0  0  0  0  0  0  0]
 [22  3  4  0  0  0  0  0  0  0  0  0  0  0  0  0  0  0  0  0  0]
 [ 5 11 28 12 10 23  0  0  0  0  0  0  0  0  0  0  0  0  0  0  0]
 [13  2  4  0  0  0  0  0  0  0  0  0  0  0  0  0  0  0  0  0  0]
 [ 7 20 19  3 13 22  0  0  0  0  0  0  0  0  0  0  0  0  0  0  0]
 [27  0  0  0  0  0  0  0  0  0  0  0  0  0  0  0  0  0  0  0  0]
 [27 26 15 24 10 17  9  4  5  0  0  0  0  0  0  0  0  0  0  0  0]]
gen= [[13  0  0  0  0  0  0  0  0  0  0  0  0  0  0  0  0  0  0  0  0]
 [17 12 22  0  0  0  0  0  0  0  0  0  0  0  0  0  0  0  0  0  0]
 [17  0  0  0  0  0  0  0  0  0  0  0  0  0  0  0  0  0  0  0  0]
 [13  7 22  0  0  0  0  0  0  0  0  0  0  0  0  0  0  0  0  0  0]
 [ 4 22  3  0  0  0  0  0  0  0  0  0  0  0  0  0  0  0  0  0  0]
 [23 12 11  0  0  0  0  0  0  0  0  0  0  0  0  0  0  0  0  0  0]
 [ 2 13  0  0  0  0  0  0  0  0  0  0  0  0  0  0  0  0  0  0  0]
 [20 13  0  0  0  0  0  0  0  0  0  0  0  0  0  0  0  0  0  0  0]
 [27  0  0  0  0  0  0  0  0  0  0  0  0  0  0  0  0  0  0  0  0]
 [26  4 27  0  0  0  0  0  0  0  0  0  0  0  0  0  0  0  0  0  0]]
valid: gen=0.438
reward: norm=0.8783791739432646
[ 280 iterations]
real= [[27 12 19 14 24  6  0  0  0  0  0  0  0  0  0  0  0  0  0  0  0]
 [27  8 10 14  0  0  0  0  0  0  0  0  0  0  0  0  0  0  0  0  0]
 [26 24 18 13 17 12  5 11  0  0  0  0  0  0  0  0  0  0  0  0  0]
 [23 26 15 21 16  4  5  0  0  0  0  0  0  0  0  0  0  0  0  0  0]
 [12 21 17 18 24 22  0  0  0  0  0  0  0  0  0  0  0  0  0  0  0]
 [23  0  0  0  0  0  0  0  0  0  0  0  0  0  0  0  0  0  0  0  0]
 [21  8 11  5 27  0  0  0  0  0  0  0  0  0  0  0  0  0  0  0  0]
 [20 25  8  3 13 17 12  0  0  0  0  0  0  0  0  0  0  0  0  0  0]
 [27  5  1  3 16 14  0  0  0  0  0  0  0  0  0  0  0  0  0  0  0]
 [23 26 17 13 16  9  8  0  0  0  0  0  0  0  0  0  0  0  0  0  0]]
gen= [[ 6 19 14 27  0  0  0  0  0  0  0  0  0  0  0  0  0  0  0  0  0]
 [ 8 27 14 10  0  0  0  0  0  0  0  0  0  0  0  0  0  0  0  0  0]
 [13 26 18  5  0  0  0  0  0  0  0  0  0  0  0  0  0  0  0  0  0]
 [26 23  4 15  5  0  0  0  0  0  0  0  0  0  0  0  0  0  0  0  0]
 [12 18 21  0  0  0  0  0  0  0  0  0  0  0  0  0  0  0  0  0  0]
 [23  0  0  0  0  0  0  0  0  0  0  0  0  0  0  0  0  0  0  0  0]
 [ 8 27  5 11  0  0  0  0  0  0  0  0  0  0  0  0  0  0  0  0  0]
 [20 25  8  3 13 17  0  0  0  0  0  0  0  0  0  0  0  0  0  0  0]
 [ 1 14 27  5  0  0  0  0  0  0  0  0  0  0  0  0  0  0  0  0  0]
 [26 13 23  8  0  0  0  0  0  0  0  0  0  0  0  0  0  0  0  0  0]]
valid: gen=0.546
reward: norm=0.8950934015969363
[ 290 iterations]
real= [[13 12  7  0  0  0  0  0  0  0  0  0  0  0  0  0  0  0  0  0  0]
 [18 11 20  4  0  0  0  0  0  0  0  0  0  0  0  0  0  0  0  0  0]
 [17  0  0  0  0  0  0  0  0  0  0  0  0  0  0  0  0  0  0  0  0]
 [26  6 19  4  5 11  0  0  0  0  0  0  0  0  0  0  0  0  0  0  0]
 [16 25  0  0  0  0  0  0  0  0  0  0  0  0  0  0  0  0  0  0  0]
 [27 25  2  9 22  0  0  0  0  0  0  0  0  0  0  0  0  0  0  0  0]
 [15 26 17 16  5 20  0  0  0  0  0  0  0  0  0  0  0  0  0  0  0]
 [11 16 17 26  0  0  0  0  0  0  0  0  0  0  0  0  0  0  0  0  0]
 [27 18  0  0  0  0  0  0  0  0  0  0  0  0  0  0  0  0  0  0  0]
 [27 11  8 25  2 19  9  7  0  0  0  0  0  0  0  0  0  0  0  0  0]]
gen= [[ 7 13 12  0  0  0  0  0  0  0  0  0  0  0  0  0  0  0  0  0  0]
 [20 18  4 11  0  0  0  0  0  0  0  0  0  0  0  0  0  0  0  0  0]
 [17  0  0  0  0  0  0  0  0  0  0  0  0  0  0  0  0  0  0  0  0]
 [ 6 26  4  5 11  0  0  0  0  0  0  0  0  0  0  0  0  0  0  0  0]
 [25 16  0  0  0  0  0  0  0  0  0  0  0  0  0  0  0  0  0  0  0]
 [25  2 22 27  0  0  0  0  0  0  0  0  0  0  0  0  0  0  0  0  0]
 [20 26 16  5  0  0  0  0  0  0  0  0  0  0  0  0  0  0  0  0  0]
 [26 11 17  0  0  0  0  0  0  0  0  0  0  0  0  0  0  0  0  0  0]
 [27 18  0  0  0  0  0  0  0  0  0  0  0  0  0  0  0  0  0  0  0]
 [25  7  0  0  0  0  0  0  0  0  0  0  0  0  0  0  0  0  0  0  0]]
valid: gen=0.6
reward: norm=0.90127613680705
[ 300 iterations]
real= [[15 10 19  2  5  0  0  0  0  0  0  0  0  0  0  0  0  0  0  0  0]
 [15 10 17 19  0  0  0  0  0  0  0  0  0  0  0  0  0  0  0  0  0]
 [ 7 19 17 14 13 10  0  0  0  0  0  0  0  0  0  0  0  0  0  0  0]
 [ 7 20  0  0  0  0  0  0  0  0  0  0  0  0  0  0  0  0  0  0  0]
 [13  0  0  0  0  0  0  0  0  0  0  0  0  0  0  0  0  0  0  0  0]
 [19  0  0  0  0  0  0  0  0  0  0  0  0  0  0  0  0  0  0  0  0]
 [15  3  1  0  0  0  0  0  0  0  0  0  0  0  0  0  0  0  0  0  0]
 [28 20  4 14 13  9 23  0  0  0  0  0  0  0  0  0  0  0  0  0  0]
 [27 12  6  0  0  0  0  0  0  0  0  0  0  0  0  0  0  0  0  0  0]
 [27 23 22 17  0  0  0  0  0  0  0  0  0  0  0  0  0  0  0  0  0]]
gen= [[ 2 10 15  0  0  0  0  0  0  0  0  0  0  0  0  0  0  0  0  0  0]
 [10 15 19  0  0  0  0  0  0  0  0  0  0  0  0  0  0  0  0  0  0]
 [ 7 13 14 19  0  0  0  0  0  0  0  0  0  0  0  0  0  0  0  0  0]
 [ 7 20  0  0  0  0  0  0  0  0  0  0  0  0  0  0  0  0  0  0  0]
 [13  0  0  0  0  0  0  0  0  0  0  0  0  0  0  0  0  0  0  0  0]
 [19  0  0  0  0  0  0  0  0  0  0  0  0  0  0  0  0  0  0  0  0]
 [ 1 15  3  0  0  0  0  0  0  0  0  0  0  0  0  0  0  0  0  0  0]
 [23 13 20 14  0  0  0  0  0  0  0  0  0  0  0  0  0  0  0  0  0]
 [27  6  0  0  0  0  0  0  0  0  0  0  0  0  0  0  0  0  0  0  0]
 [23 17 27  0  0  0  0  0  0  0  0  0  0  0  0  0  0  0  0  0  0]]
valid: gen=0.487
reward: norm=0.8881460016435447
[ 310 iterations]
real= [[ 7 15 13 14 25 28  5  0  0  0  0  0  0  0  0  0  0  0  0  0  0]
 [ 7 26 22  2 25 28  0  0  0  0  0  0  0  0  0  0  0  0  0  0  0]
 [21 10  0  0  0  0  0  0  0  0  0  0  0  0  0  0  0  0  0  0  0]
 [ 7  6  9  8  5  0  0  0  0  0  0  0  0  0  0  0  0  0  0  0  0]
 [18 14 17 19  8 25  0  0  0  0  0  0  0  0  0  0  0  0  0  0  0]
 [ 6  0  0  0  0  0  0  0  0  0  0  0  0  0  0  0  0  0  0  0  0]
 [ 7 17  0  0  0  0  0  0  0  0  0  0  0  0  0  0  0  0  0  0  0]
 [23 24 17 14 20 28  5  0  0  0  0  0  0  0  0  0  0  0  0  0  0]
 [16 26 22  0  0  0  0  0  0  0  0  0  0  0  0  0  0  0  0  0  0]
 [ 5  0  0  0  0  0  0  0  0  0  0  0  0  0  0  0  0  0  0  0  0]]
gen= [[25 13  7  0  0  0  0  0  0  0  0  0  0  0  0  0  0  0  0  0  0]
 [25  7 26 22  0  0  0  0  0  0  0  0  0  0  0  0  0  0  0  0  0]
 [21 10  0  0  0  0  0  0  0  0  0  0  0  0  0  0  0  0  0  0  0]
 [ 8  7  6  0  0  0  0  0  0  0  0  0  0  0  0  0  0  0  0  0  0]
 [25  8 18 14 17  0  0  0  0  0  0  0  0  0  0  0  0  0  0  0  0]
 [ 6  0  0  0  0  0  0  0  0  0  0  0  0  0  0  0  0  0  0  0  0]
 [ 7 17  0  0  0  0  0  0  0  0  0  0  0  0  0  0  0  0  0  0  0]
 [20 23 14  5 28  0  0  0  0  0  0  0  0  0  0  0  0  0  0  0  0]
 [26 22  0  0  0  0  0  0  0  0  0  0  0  0  0  0  0  0  0  0  0]
 [ 5  0  0  0  0  0  0  0  0  0  0  0  0  0  0  0  0  0  0  0  0]]
valid: gen=0.607
reward: norm=0.8977684991651997
[ 320 iterations]
real= [[13  0  0  0  0  0  0  0  0  0  0  0  0  0  0  0  0  0  0  0  0]
 [22 12 17  0  0  0  0  0  0  0  0  0  0  0  0  0  0  0  0  0  0]
 [17  0  0  0  0  0  0  0  0  0  0  0  0  0  0  0  0  0  0  0  0]
 [15  7 22 13 17  9  0  0  0  0  0  0  0  0  0  0  0  0  0  0  0]
 [22  3  4  0  0  0  0  0  0  0  0  0  0  0  0  0  0  0  0  0  0]
 [ 5 11 28 12 10 23  0  0  0  0  0  0  0  0  0  0  0  0  0  0  0]
 [13  2  4  0  0  0  0  0  0  0  0  0  0  0  0  0  0  0  0  0  0]
 [ 7 20 19  3 13 22  0  0  0  0  0  0  0  0  0  0  0  0  0  0  0]
 [27  0  0  0  0  0  0  0  0  0  0  0  0  0  0  0  0  0  0  0  0]
 [27 26 15 24 10 17  9  4  5  0  0  0  0  0  0  0  0  0  0  0  0]]
gen= [[13  0  0  0  0  0  0  0  0  0  0  0  0  0  0  0  0  0  0  0  0]
 [12 17 22  0  0  0  0  0  0  0  0  0  0  0  0  0  0  0  0  0  0]
 [17  0  0  0  0  0  0  0  0  0  0  0  0  0  0  0  0  0  0  0  0]
 [13  7 15  0  0  0  0  0  0  0  0  0  0  0  0  0  0  0  0  0  0]
 [ 4 22  3  0  0  0  0  0  0  0  0  0  0  0  0  0  0  0  0  0  0]
 [23 11 10  0  0  0  0  0  0  0  0  0  0  0  0  0  0  0  0  0  0]
 [ 2 13  0  0  0  0  0  0  0  0  0  0  0  0  0  0  0  0  0  0  0]
 [20 13  0  0  0  0  0  0  0  0  0  0  0  0  0  0  0  0  0  0  0]
 [27  0  0  0  0  0  0  0  0  0  0  0  0  0  0  0  0  0  0  0  0]
 [26  4 27  0  0  0  0  0  0  0  0  0  0  0  0  0  0  0  0  0  0]]
valid: gen=0.444
reward: norm=0.8825107153308182
[ 330 iterations]
real= [[27 12 19 14 24  6  0  0  0  0  0  0  0  0  0  0  0  0  0  0  0]
 [27  8 10 14  0  0  0  0  0  0  0  0  0  0  0  0  0  0  0  0  0]
 [26 24 18 13 17 12  5 11  0  0  0  0  0  0  0  0  0  0  0  0  0]
 [23 26 15 21 16  4  5  0  0  0  0  0  0  0  0  0  0  0  0  0  0]
 [12 21 17 18 24 22  0  0  0  0  0  0  0  0  0  0  0  0  0  0  0]
 [23  0  0  0  0  0  0  0  0  0  0  0  0  0  0  0  0  0  0  0  0]
 [21  8 11  5 27  0  0  0  0  0  0  0  0  0  0  0  0  0  0  0  0]
 [20 25  8  3 13 17 12  0  0  0  0  0  0  0  0  0  0  0  0  0  0]
 [27  5  1  3 16 14  0  0  0  0  0  0  0  0  0  0  0  0  0  0  0]
 [23 26 17 13 16  9  8  0  0  0  0  0  0  0  0  0  0  0  0  0  0]]
gen= [[27  6 14 24 12  0  0  0  0  0  0  0  0  0  0  0  0  0  0  0  0]
 [ 8 14 10 27  0  0  0  0  0  0  0  0  0  0  0  0  0  0  0  0  0]
 [13 26 18  5  0  0  0  0  0  0  0  0  0  0  0  0  0  0  0  0  0]
 [26 23  4  5 15  0  0  0  0  0  0  0  0  0  0  0  0  0  0  0  0]
 [18 22 12 17  0  0  0  0  0  0  0  0  0  0  0  0  0  0  0  0  0]
 [23  0  0  0  0  0  0  0  0  0  0  0  0  0  0  0  0  0  0  0  0]
 [ 8 27  0  0  0  0  0  0  0  0  0  0  0  0  0  0  0  0  0  0  0]
 [25 13 20 12  0  0  0  0  0  0  0  0  0  0  0  0  0  0  0  0  0]
 [ 1 27  0  0  0  0  0  0  0  0  0  0  0  0  0  0  0  0  0  0  0]
 [13 26 23  8  0  0  0  0  0  0  0  0  0  0  0  0  0  0  0  0  0]]
valid: gen=0.591
reward: norm=0.9034357957436729
[ 340 iterations]
real= [[13 12  7  0  0  0  0  0  0  0  0  0  0  0  0  0  0  0  0  0  0]
 [18 11 20  4  0  0  0  0  0  0  0  0  0  0  0  0  0  0  0  0  0]
 [17  0  0  0  0  0  0  0  0  0  0  0  0  0  0  0  0  0  0  0  0]
 [26  6 19  4  5 11  0  0  0  0  0  0  0  0  0  0  0  0  0  0  0]
 [16 25  0  0  0  0  0  0  0  0  0  0  0  0  0  0  0  0  0  0  0]
 [27 25  2  9 22  0  0  0  0  0  0  0  0  0  0  0  0  0  0  0  0]
 [15 26 17 16  5 20  0  0  0  0  0  0  0  0  0  0  0  0  0  0  0]
 [11 16 17 26  0  0  0  0  0  0  0  0  0  0  0  0  0  0  0  0  0]
 [27 18  0  0  0  0  0  0  0  0  0  0  0  0  0  0  0  0  0  0  0]
 [27 11  8 25  2 19  9  7  0  0  0  0  0  0  0  0  0  0  0  0  0]]
gen= [[ 7 13 12  0  0  0  0  0  0  0  0  0  0  0  0  0  0  0  0  0  0]
 [20  4 18 11  0  0  0  0  0  0  0  0  0  0  0  0  0  0  0  0  0]
 [17  0  0  0  0  0  0  0  0  0  0  0  0  0  0  0  0  0  0  0  0]
 [26  6  4  5 11  0  0  0  0  0  0  0  0  0  0  0  0  0  0  0  0]
 [25 16  0  0  0  0  0  0  0  0  0  0  0  0  0  0  0  0  0  0  0]
 [ 2 25 27 22  0  0  0  0  0  0  0  0  0  0  0  0  0  0  0  0  0]
 [20 26 16 17  5  0  0  0  0  0  0  0  0  0  0  0  0  0  0  0  0]
 [26 11 17  0  0  0  0  0  0  0  0  0  0  0  0  0  0  0  0  0  0]
 [27 18  0  0  0  0  0  0  0  0  0  0  0  0  0  0  0  0  0  0  0]
 [25  7  0  0  0  0  0  0  0  0  0  0  0  0  0  0  0  0  0  0  0]]
valid: gen=0.616
reward: norm=0.9060679435242832
[ 350 iterations]
real= [[15 10 19  2  5  0  0  0  0  0  0  0  0  0  0  0  0  0  0  0  0]
 [15 10 17 19  0  0  0  0  0  0  0  0  0  0  0  0  0  0  0  0  0]
 [ 7 19 17 14 13 10  0  0  0  0  0  0  0  0  0  0  0  0  0  0  0]
 [ 7 20  0  0  0  0  0  0  0  0  0  0  0  0  0  0  0  0  0  0  0]
 [13  0  0  0  0  0  0  0  0  0  0  0  0  0  0  0  0  0  0  0  0]
 [19  0  0  0  0  0  0  0  0  0  0  0  0  0  0  0  0  0  0  0  0]
 [15  3  1  0  0  0  0  0  0  0  0  0  0  0  0  0  0  0  0  0  0]
 [28 20  4 14 13  9 23  0  0  0  0  0  0  0  0  0  0  0  0  0  0]
 [27 12  6  0  0  0  0  0  0  0  0  0  0  0  0  0  0  0  0  0  0]
 [27 23 22 17  0  0  0  0  0  0  0  0  0  0  0  0  0  0  0  0  0]]
gen= [[ 2 10 15  0  0  0  0  0  0  0  0  0  0  0  0  0  0  0  0  0  0]
 [15 19 17  0  0  0  0  0  0  0  0  0  0  0  0  0  0  0  0  0  0]
 [13  7 19  0  0  0  0  0  0  0  0  0  0  0  0  0  0  0  0  0  0]
 [20  7  0  0  0  0  0  0  0  0  0  0  0  0  0  0  0  0  0  0  0]
 [13  0  0  0  0  0  0  0  0  0  0  0  0  0  0  0  0  0  0  0  0]
 [19  0  0  0  0  0  0  0  0  0  0  0  0  0  0  0  0  0  0  0  0]
 [ 1 15  3  0  0  0  0  0  0  0  0  0  0  0  0  0  0  0  0  0  0]
 [13 20  4 23  0  0  0  0  0  0  0  0  0  0  0  0  0  0  0  0  0]
 [27  6  0  0  0  0  0  0  0  0  0  0  0  0  0  0  0  0  0  0  0]
 [23 22 27  0  0  0  0  0  0  0  0  0  0  0  0  0  0  0  0  0  0]]
valid: gen=0.481
reward: norm=0.8907048899515364
[ 360 iterations]
real= [[ 7 15 13 14 25 28  5  0  0  0  0  0  0  0  0  0  0  0  0  0  0]
 [ 7 26 22  2 25 28  0  0  0  0  0  0  0  0  0  0  0  0  0  0  0]
 [21 10  0  0  0  0  0  0  0  0  0  0  0  0  0  0  0  0  0  0  0]
 [ 7  6  9  8  5  0  0  0  0  0  0  0  0  0  0  0  0  0  0  0  0]
 [18 14 17 19  8 25  0  0  0  0  0  0  0  0  0  0  0  0  0  0  0]
 [ 6  0  0  0  0  0  0  0  0  0  0  0  0  0  0  0  0  0  0  0  0]
 [ 7 17  0  0  0  0  0  0  0  0  0  0  0  0  0  0  0  0  0  0  0]
 [23 24 17 14 20 28  5  0  0  0  0  0  0  0  0  0  0  0  0  0  0]
 [16 26 22  0  0  0  0  0  0  0  0  0  0  0  0  0  0  0  0  0  0]
 [ 5  0  0  0  0  0  0  0  0  0  0  0  0  0  0  0  0  0  0  0  0]]
gen= [[13  7 25  0  0  0  0  0  0  0  0  0  0  0  0  0  0  0  0  0  0]
 [ 2  7 25  0  0  0  0  0  0  0  0  0  0  0  0  0  0  0  0  0  0]
 [21 10  0  0  0  0  0  0  0  0  0  0  0  0  0  0  0  0  0  0  0]
 [ 7  8  9  5  0  0  0  0  0  0  0  0  0  0  0  0  0  0  0  0  0]
 [25  8 18 14 17  0  0  0  0  0  0  0  0  0  0  0  0  0  0  0  0]
 [ 6  0  0  0  0  0  0  0  0  0  0  0  0  0  0  0  0  0  0  0  0]
 [ 7 17  0  0  0  0  0  0  0  0  0  0  0  0  0  0  0  0  0  0  0]
 [20 23 17 14 24  0  0  0  0  0  0  0  0  0  0  0  0  0  0  0  0]
 [26 16 22  0  0  0  0  0  0  0  0  0  0  0  0  0  0  0  0  0  0]
 [ 5  0  0  0  0  0  0  0  0  0  0  0  0  0  0  0  0  0  0  0  0]]
valid: gen=0.616
reward: norm=0.9026542160685861
[ 370 iterations]
real= [[13  0  0  0  0  0  0  0  0  0  0  0  0  0  0  0  0  0  0  0  0]
 [22 12 17  0  0  0  0  0  0  0  0  0  0  0  0  0  0  0  0  0  0]
 [17  0  0  0  0  0  0  0  0  0  0  0  0  0  0  0  0  0  0  0  0]
 [15  7 22 13 17  9  0  0  0  0  0  0  0  0  0  0  0  0  0  0  0]
 [22  3  4  0  0  0  0  0  0  0  0  0  0  0  0  0  0  0  0  0  0]
 [ 5 11 28 12 10 23  0  0  0  0  0  0  0  0  0  0  0  0  0  0  0]
 [13  2  4  0  0  0  0  0  0  0  0  0  0  0  0  0  0  0  0  0  0]
 [ 7 20 19  3 13 22  0  0  0  0  0  0  0  0  0  0  0  0  0  0  0]
 [27  0  0  0  0  0  0  0  0  0  0  0  0  0  0  0  0  0  0  0  0]
 [27 26 15 24 10 17  9  4  5  0  0  0  0  0  0  0  0  0  0  0  0]]
gen= [[13  0  0  0  0  0  0  0  0  0  0  0  0  0  0  0  0  0  0  0  0]
 [22 12 17  0  0  0  0  0  0  0  0  0  0  0  0  0  0  0  0  0  0]
 [17  0  0  0  0  0  0  0  0  0  0  0  0  0  0  0  0  0  0  0  0]
 [13  7  9  0  0  0  0  0  0  0  0  0  0  0  0  0  0  0  0  0  0]
 [ 4 22  3  0  0  0  0  0  0  0  0  0  0  0  0  0  0  0  0  0  0]
 [23 28 11  0  0  0  0  0  0  0  0  0  0  0  0  0  0  0  0  0  0]
 [ 2 13  0  0  0  0  0  0  0  0  0  0  0  0  0  0  0  0  0  0  0]
 [13  7 20  0  0  0  0  0  0  0  0  0  0  0  0  0  0  0  0  0  0]
 [27  0  0  0  0  0  0  0  0  0  0  0  0  0  0  0  0  0  0  0  0]
 [26  4 27  0  0  0  0  0  0  0  0  0  0  0  0  0  0  0  0  0  0]]
valid: gen=0.447
reward: norm=0.889495374229854
[ 380 iterations]
real= [[27 12 19 14 24  6  0  0  0  0  0  0  0  0  0  0  0  0  0  0  0]
 [27  8 10 14  0  0  0  0  0  0  0  0  0  0  0  0  0  0  0  0  0]
 [26 24 18 13 17 12  5 11  0  0  0  0  0  0  0  0  0  0  0  0  0]
 [23 26 15 21 16  4  5  0  0  0  0  0  0  0  0  0  0  0  0  0  0]
 [12 21 17 18 24 22  0  0  0  0  0  0  0  0  0  0  0  0  0  0  0]
 [23  0  0  0  0  0  0  0  0  0  0  0  0  0  0  0  0  0  0  0  0]
 [21  8 11  5 27  0  0  0  0  0  0  0  0  0  0  0  0  0  0  0  0]
 [20 25  8  3 13 17 12  0  0  0  0  0  0  0  0  0  0  0  0  0  0]
 [27  5  1  3 16 14  0  0  0  0  0  0  0  0  0  0  0  0  0  0  0]
 [23 26 17 13 16  9  8  0  0  0  0  0  0  0  0  0  0  0  0  0  0]]
gen= [[ 6 19 27  0  0  0  0  0  0  0  0  0  0  0  0  0  0  0  0  0  0]
 [ 8 14 27  0  0  0  0  0  0  0  0  0  0  0  0  0  0  0  0  0  0]
 [13 26 18 24 12  0  0  0  0  0  0  0  0  0  0  0  0  0  0  0  0]
 [26 23  4 15  5  0  0  0  0  0  0  0  0  0  0  0  0  0  0  0  0]
 [18 22 24 17 12  0  0  0  0  0  0  0  0  0  0  0  0  0  0  0  0]
 [23  0  0  0  0  0  0  0  0  0  0  0  0  0  0  0  0  0  0  0  0]
 [ 8 11 27  5  0  0  0  0  0  0  0  0  0  0  0  0  0  0  0  0  0]
 [13 25 20  8  0  0  0  0  0  0  0  0  0  0  0  0  0  0  0  0  0]
 [ 1 27  3 14  5  0  0  0  0  0  0  0  0  0  0  0  0  0  0  0  0]
 [13 26 23  8  0  0  0  0  0  0  0  0  0  0  0  0  0  0  0  0  0]]
valid: gen=0.539
reward: norm=0.9015872537716991
[ 390 iterations]
real= [[13 12  7  0  0  0  0  0  0  0  0  0  0  0  0  0  0  0  0  0  0]
 [18 11 20  4  0  0  0  0  0  0  0  0  0  0  0  0  0  0  0  0  0]
 [17  0  0  0  0  0  0  0  0  0  0  0  0  0  0  0  0  0  0  0  0]
 [26  6 19  4  5 11  0  0  0  0  0  0  0  0  0  0  0  0  0  0  0]
 [16 25  0  0  0  0  0  0  0  0  0  0  0  0  0  0  0  0  0  0  0]
 [27 25  2  9 22  0  0  0  0  0  0  0  0  0  0  0  0  0  0  0  0]
 [15 26 17 16  5 20  0  0  0  0  0  0  0  0  0  0  0  0  0  0  0]
 [11 16 17 26  0  0  0  0  0  0  0  0  0  0  0  0  0  0  0  0  0]
 [27 18  0  0  0  0  0  0  0  0  0  0  0  0  0  0  0  0  0  0  0]
 [27 11  8 25  2 19  9  7  0  0  0  0  0  0  0  0  0  0  0  0  0]]
gen= [[ 7 13 12  0  0  0  0  0  0  0  0  0  0  0  0  0  0  0  0  0  0]
 [20  4 18 11  0  0  0  0  0  0  0  0  0  0  0  0  0  0  0  0  0]
 [17  0  0  0  0  0  0  0  0  0  0  0  0  0  0  0  0  0  0  0  0]
 [26  4 11  5 19  0  0  0  0  0  0  0  0  0  0  0  0  0  0  0  0]
 [25 16  0  0  0  0  0  0  0  0  0  0  0  0  0  0  0  0  0  0  0]
 [ 2 25 27 22  0  0  0  0  0  0  0  0  0  0  0  0  0  0  0  0  0]
 [20 26  5 17 15  0  0  0  0  0  0  0  0  0  0  0  0  0  0  0  0]
 [26 11 17  0  0  0  0  0  0  0  0  0  0  0  0  0  0  0  0  0  0]
 [18 27  0  0  0  0  0  0  0  0  0  0  0  0  0  0  0  0  0  0  0]
 [ 7 25  2  0  0  0  0  0  0  0  0  0  0  0  0  0  0  0  0  0  0]]
valid: gen=0.604
reward: norm=0.9084240793124996
[ 400 iterations]
real= [[15 10 19  2  5  0  0  0  0  0  0  0  0  0  0  0  0  0  0  0  0]
 [15 10 17 19  0  0  0  0  0  0  0  0  0  0  0  0  0  0  0  0  0]
 [ 7 19 17 14 13 10  0  0  0  0  0  0  0  0  0  0  0  0  0  0  0]
 [ 7 20  0  0  0  0  0  0  0  0  0  0  0  0  0  0  0  0  0  0  0]
 [13  0  0  0  0  0  0  0  0  0  0  0  0  0  0  0  0  0  0  0  0]
 [19  0  0  0  0  0  0  0  0  0  0  0  0  0  0  0  0  0  0  0  0]
 [15  3  1  0  0  0  0  0  0  0  0  0  0  0  0  0  0  0  0  0  0]
 [28 20  4 14 13  9 23  0  0  0  0  0  0  0  0  0  0  0  0  0  0]
 [27 12  6  0  0  0  0  0  0  0  0  0  0  0  0  0  0  0  0  0  0]
 [27 23 22 17  0  0  0  0  0  0  0  0  0  0  0  0  0  0  0  0  0]]
gen= [[ 2  5 15 19  0  0  0  0  0  0  0  0  0  0  0  0  0  0  0  0  0]
 [17 19 10 15  0  0  0  0  0  0  0  0  0  0  0  0  0  0  0  0  0]
 [13  7 19  0  0  0  0  0  0  0  0  0  0  0  0  0  0  0  0  0  0]
 [ 7 20  0  0  0  0  0  0  0  0  0  0  0  0  0  0  0  0  0  0  0]
 [13  0  0  0  0  0  0  0  0  0  0  0  0  0  0  0  0  0  0  0  0]
 [19  0  0  0  0  0  0  0  0  0  0  0  0  0  0  0  0  0  0  0  0]
 [ 1 15  3  0  0  0  0  0  0  0  0  0  0  0  0  0  0  0  0  0  0]
 [13 20 23  4  0  0  0  0  0  0  0  0  0  0  0  0  0  0  0  0  0]
 [ 6 12 27  0  0  0  0  0  0  0  0  0  0  0  0  0  0  0  0  0  0]
 [23 22 27 17  0  0  0  0  0  0  0  0  0  0  0  0  0  0  0  0  0]]
valid: gen=0.517
reward: norm=0.8961925669035807
[ 410 iterations]
real= [[ 7 15 13 14 25 28  5  0  0  0  0  0  0  0  0  0  0  0  0  0  0]
 [ 7 26 22  2 25 28  0  0  0  0  0  0  0  0  0  0  0  0  0  0  0]
 [21 10  0  0  0  0  0  0  0  0  0  0  0  0  0  0  0  0  0  0  0]
 [ 7  6  9  8  5  0  0  0  0  0  0  0  0  0  0  0  0  0  0  0  0]
 [18 14 17 19  8 25  0  0  0  0  0  0  0  0  0  0  0  0  0  0  0]
 [ 6  0  0  0  0  0  0  0  0  0  0  0  0  0  0  0  0  0  0  0  0]
 [ 7 17  0  0  0  0  0  0  0  0  0  0  0  0  0  0  0  0  0  0  0]
 [23 24 17 14 20 28  5  0  0  0  0  0  0  0  0  0  0  0  0  0  0]
 [16 26 22  0  0  0  0  0  0  0  0  0  0  0  0  0  0  0  0  0  0]
 [ 5  0  0  0  0  0  0  0  0  0  0  0  0  0  0  0  0  0  0  0  0]]
gen= [[13 25  7  0  0  0  0  0  0  0  0  0  0  0  0  0  0  0  0  0  0]
 [ 7 25  2 28 26  0  0  0  0  0  0  0  0  0  0  0  0  0  0  0  0]
 [10 21  0  0  0  0  0  0  0  0  0  0  0  0  0  0  0  0  0  0  0]
 [ 7  8  9  5  0  0  0  0  0  0  0  0  0  0  0  0  0  0  0  0  0]
 [25  8 18 17 14  0  0  0  0  0  0  0  0  0  0  0  0  0  0  0  0]
 [ 6  0  0  0  0  0  0  0  0  0  0  0  0  0  0  0  0  0  0  0  0]
 [ 7 17  0  0  0  0  0  0  0  0  0  0  0  0  0  0  0  0  0  0  0]
 [20 23 24 17  5  0  0  0  0  0  0  0  0  0  0  0  0  0  0  0  0]
 [26 16 22  0  0  0  0  0  0  0  0  0  0  0  0  0  0  0  0  0  0]
 [ 5  0  0  0  0  0  0  0  0  0  0  0  0  0  0  0  0  0  0  0  0]]
valid: gen=0.606
reward: norm=0.9021573124809207
[ 420 iterations]
real= [[13  0  0  0  0  0  0  0  0  0  0  0  0  0  0  0  0  0  0  0  0]
 [22 12 17  0  0  0  0  0  0  0  0  0  0  0  0  0  0  0  0  0  0]
 [17  0  0  0  0  0  0  0  0  0  0  0  0  0  0  0  0  0  0  0  0]
 [15  7 22 13 17  9  0  0  0  0  0  0  0  0  0  0  0  0  0  0  0]
 [22  3  4  0  0  0  0  0  0  0  0  0  0  0  0  0  0  0  0  0  0]
 [ 5 11 28 12 10 23  0  0  0  0  0  0  0  0  0  0  0  0  0  0  0]
 [13  2  4  0  0  0  0  0  0  0  0  0  0  0  0  0  0  0  0  0  0]
 [ 7 20 19  3 13 22  0  0  0  0  0  0  0  0  0  0  0  0  0  0  0]
 [27  0  0  0  0  0  0  0  0  0  0  0  0  0  0  0  0  0  0  0  0]
 [27 26 15 24 10 17  9  4  5  0  0  0  0  0  0  0  0  0  0  0  0]]
gen= [[13  0  0  0  0  0  0  0  0  0  0  0  0  0  0  0  0  0  0  0  0]
 [17 22 12  0  0  0  0  0  0  0  0  0  0  0  0  0  0  0  0  0  0]
 [17  0  0  0  0  0  0  0  0  0  0  0  0  0  0  0  0  0  0  0  0]
 [13  7 22  0  0  0  0  0  0  0  0  0  0  0  0  0  0  0  0  0  0]
 [ 4  3 22  0  0  0  0  0  0  0  0  0  0  0  0  0  0  0  0  0  0]
 [23 11 28  0  0  0  0  0  0  0  0  0  0  0  0  0  0  0  0  0  0]
 [13  2  4  0  0  0  0  0  0  0  0  0  0  0  0  0  0  0  0  0  0]
 [13  7 20  0  0  0  0  0  0  0  0  0  0  0  0  0  0  0  0  0  0]
 [27  0  0  0  0  0  0  0  0  0  0  0  0  0  0  0  0  0  0  0  0]
 [ 4 26 10  0  0  0  0  0  0  0  0  0  0  0  0  0  0  0  0  0  0]]
valid: gen=0.443
reward: norm=0.8884719561304337
[ 430 iterations]
real= [[27 12 19 14 24  6  0  0  0  0  0  0  0  0  0  0  0  0  0  0  0]
 [27  8 10 14  0  0  0  0  0  0  0  0  0  0  0  0  0  0  0  0  0]
 [26 24 18 13 17 12  5 11  0  0  0  0  0  0  0  0  0  0  0  0  0]
 [23 26 15 21 16  4  5  0  0  0  0  0  0  0  0  0  0  0  0  0  0]
 [12 21 17 18 24 22  0  0  0  0  0  0  0  0  0  0  0  0  0  0  0]
 [23  0  0  0  0  0  0  0  0  0  0  0  0  0  0  0  0  0  0  0  0]
 [21  8 11  5 27  0  0  0  0  0  0  0  0  0  0  0  0  0  0  0  0]
 [20 25  8  3 13 17 12  0  0  0  0  0  0  0  0  0  0  0  0  0  0]
 [27  5  1  3 16 14  0  0  0  0  0  0  0  0  0  0  0  0  0  0  0]
 [23 26 17 13 16  9  8  0  0  0  0  0  0  0  0  0  0  0  0  0  0]]
gen= [[ 6 27 12  0  0  0  0  0  0  0  0  0  0  0  0  0  0  0  0  0  0]
 [ 8 14 10 27  0  0  0  0  0  0  0  0  0  0  0  0  0  0  0  0  0]
 [13 26 18  5  0  0  0  0  0  0  0  0  0  0  0  0  0  0  0  0  0]
 [23 26  4 15  5  0  0  0  0  0  0  0  0  0  0  0  0  0  0  0  0]
 [18 21 24 22  0  0  0  0  0  0  0  0  0  0  0  0  0  0  0  0  0]
 [23  0  0  0  0  0  0  0  0  0  0  0  0  0  0  0  0  0  0  0  0]
 [ 8 11  5 27  0  0  0  0  0  0  0  0  0  0  0  0  0  0  0  0  0]
 [25 13 20 12  0  0  0  0  0  0  0  0  0  0  0  0  0  0  0  0  0]
 [ 1 27  5 14  3  0  0  0  0  0  0  0  0  0  0  0  0  0  0  0  0]
 [13 23 26  8  0  0  0  0  0  0  0  0  0  0  0  0  0  0  0  0  0]]
valid: gen=0.547
reward: norm=0.902096702196445
[ 440 iterations]
real= [[13 12  7  0  0  0  0  0  0  0  0  0  0  0  0  0  0  0  0  0  0]
 [18 11 20  4  0  0  0  0  0  0  0  0  0  0  0  0  0  0  0  0  0]
 [17  0  0  0  0  0  0  0  0  0  0  0  0  0  0  0  0  0  0  0  0]
 [26  6 19  4  5 11  0  0  0  0  0  0  0  0  0  0  0  0  0  0  0]
 [16 25  0  0  0  0  0  0  0  0  0  0  0  0  0  0  0  0  0  0  0]
 [27 25  2  9 22  0  0  0  0  0  0  0  0  0  0  0  0  0  0  0  0]
 [15 26 17 16  5 20  0  0  0  0  0  0  0  0  0  0  0  0  0  0  0]
 [11 16 17 26  0  0  0  0  0  0  0  0  0  0  0  0  0  0  0  0  0]
 [27 18  0  0  0  0  0  0  0  0  0  0  0  0  0  0  0  0  0  0  0]
 [27 11  8 25  2 19  9  7  0  0  0  0  0  0  0  0  0  0  0  0  0]]
gen= [[ 7 13 12  0  0  0  0  0  0  0  0  0  0  0  0  0  0  0  0  0  0]
 [20  4 18 11  0  0  0  0  0  0  0  0  0  0  0  0  0  0  0  0  0]
 [17  0  0  0  0  0  0  0  0  0  0  0  0  0  0  0  0  0  0  0  0]
 [ 6 26  4 11  5  0  0  0  0  0  0  0  0  0  0  0  0  0  0  0  0]
 [25 16  0  0  0  0  0  0  0  0  0  0  0  0  0  0  0  0  0  0  0]
 [25  2 22 27  0  0  0  0  0  0  0  0  0  0  0  0  0  0  0  0  0]
 [20 26 15 17  5  0  0  0  0  0  0  0  0  0  0  0  0  0  0  0  0]
 [26 16 17 11  0  0  0  0  0  0  0  0  0  0  0  0  0  0  0  0  0]
 [27 18  0  0  0  0  0  0  0  0  0  0  0  0  0  0  0  0  0  0  0]
 [ 2  7  0  0  0  0  0  0  0  0  0  0  0  0  0  0  0  0  0  0  0]]
valid: gen=0.606
reward: norm=0.9084264987420105
[ 450 iterations]
real= [[15 10 19  2  5  0  0  0  0  0  0  0  0  0  0  0  0  0  0  0  0]
 [15 10 17 19  0  0  0  0  0  0  0  0  0  0  0  0  0  0  0  0  0]
 [ 7 19 17 14 13 10  0  0  0  0  0  0  0  0  0  0  0  0  0  0  0]
 [ 7 20  0  0  0  0  0  0  0  0  0  0  0  0  0  0  0  0  0  0  0]
 [13  0  0  0  0  0  0  0  0  0  0  0  0  0  0  0  0  0  0  0  0]
 [19  0  0  0  0  0  0  0  0  0  0  0  0  0  0  0  0  0  0  0  0]
 [15  3  1  0  0  0  0  0  0  0  0  0  0  0  0  0  0  0  0  0  0]
 [28 20  4 14 13  9 23  0  0  0  0  0  0  0  0  0  0  0  0  0  0]
 [27 12  6  0  0  0  0  0  0  0  0  0  0  0  0  0  0  0  0  0  0]
 [27 23 22 17  0  0  0  0  0  0  0  0  0  0  0  0  0  0  0  0  0]]
gen= [[ 2 19 10 15  0  0  0  0  0  0  0  0  0  0  0  0  0  0  0  0  0]
 [15 17 10  0  0  0  0  0  0  0  0  0  0  0  0  0  0  0  0  0  0]
 [ 7 13 17 14 19  0  0  0  0  0  0  0  0  0  0  0  0  0  0  0  0]
 [20  7  0  0  0  0  0  0  0  0  0  0  0  0  0  0  0  0  0  0  0]
 [13  0  0  0  0  0  0  0  0  0  0  0  0  0  0  0  0  0  0  0  0]
 [19  0  0  0  0  0  0  0  0  0  0  0  0  0  0  0  0  0  0  0  0]
 [ 1  3 15  0  0  0  0  0  0  0  0  0  0  0  0  0  0  0  0  0  0]
 [13 20 23  4  0  0  0  0  0  0  0  0  0  0  0  0  0  0  0  0  0]
 [ 6 12 27  0  0  0  0  0  0  0  0  0  0  0  0  0  0  0  0  0  0]
 [23 22 27 17  0  0  0  0  0  0  0  0  0  0  0  0  0  0  0  0  0]]
valid: gen=0.54
reward: norm=0.8989172828266176
[ 460 iterations]
real= [[ 7 15 13 14 25 28  5  0  0  0  0  0  0  0  0  0  0  0  0  0  0]
 [ 7 26 22  2 25 28  0  0  0  0  0  0  0  0  0  0  0  0  0  0  0]
 [21 10  0  0  0  0  0  0  0  0  0  0  0  0  0  0  0  0  0  0  0]
 [ 7  6  9  8  5  0  0  0  0  0  0  0  0  0  0  0  0  0  0  0  0]
 [18 14 17 19  8 25  0  0  0  0  0  0  0  0  0  0  0  0  0  0  0]
 [ 6  0  0  0  0  0  0  0  0  0  0  0  0  0  0  0  0  0  0  0  0]
 [ 7 17  0  0  0  0  0  0  0  0  0  0  0  0  0  0  0  0  0  0  0]
 [23 24 17 14 20 28  5  0  0  0  0  0  0  0  0  0  0  0  0  0  0]
 [16 26 22  0  0  0  0  0  0  0  0  0  0  0  0  0  0  0  0  0  0]
 [ 5  0  0  0  0  0  0  0  0  0  0  0  0  0  0  0  0  0  0  0  0]]
gen= [[13  7 25  0  0  0  0  0  0  0  0  0  0  0  0  0  0  0  0  0  0]
 [ 7 25  2 28 26  0  0  0  0  0  0  0  0  0  0  0  0  0  0  0  0]
 [21 10  0  0  0  0  0  0  0  0  0  0  0  0  0  0  0  0  0  0  0]
 [ 7  8  5  9  0  0  0  0  0  0  0  0  0  0  0  0  0  0  0  0  0]
 [25  8 18 17 14  0  0  0  0  0  0  0  0  0  0  0  0  0  0  0  0]
 [ 6  0  0  0  0  0  0  0  0  0  0  0  0  0  0  0  0  0  0  0  0]
 [ 7 17  0  0  0  0  0  0  0  0  0  0  0  0  0  0  0  0  0  0  0]
 [23 20 17  5  0  0  0  0  0  0  0  0  0  0  0  0  0  0  0  0  0]
 [26 22 16  0  0  0  0  0  0  0  0  0  0  0  0  0  0  0  0  0  0]
 [ 5  0  0  0  0  0  0  0  0  0  0  0  0  0  0  0  0  0  0  0  0]]
valid: gen=0.621
reward: norm=0.9036617913293448
[ 470 iterations]
real= [[13  0  0  0  0  0  0  0  0  0  0  0  0  0  0  0  0  0  0  0  0]
 [22 12 17  0  0  0  0  0  0  0  0  0  0  0  0  0  0  0  0  0  0]
 [17  0  0  0  0  0  0  0  0  0  0  0  0  0  0  0  0  0  0  0  0]
 [15  7 22 13 17  9  0  0  0  0  0  0  0  0  0  0  0  0  0  0  0]
 [22  3  4  0  0  0  0  0  0  0  0  0  0  0  0  0  0  0  0  0  0]
 [ 5 11 28 12 10 23  0  0  0  0  0  0  0  0  0  0  0  0  0  0  0]
 [13  2  4  0  0  0  0  0  0  0  0  0  0  0  0  0  0  0  0  0  0]
 [ 7 20 19  3 13 22  0  0  0  0  0  0  0  0  0  0  0  0  0  0  0]
 [27  0  0  0  0  0  0  0  0  0  0  0  0  0  0  0  0  0  0  0  0]
 [27 26 15 24 10 17  9  4  5  0  0  0  0  0  0  0  0  0  0  0  0]]
gen= [[13  0  0  0  0  0  0  0  0  0  0  0  0  0  0  0  0  0  0  0  0]
 [17 22 12  0  0  0  0  0  0  0  0  0  0  0  0  0  0  0  0  0  0]
 [17  0  0  0  0  0  0  0  0  0  0  0  0  0  0  0  0  0  0  0  0]
 [13  7  9  0  0  0  0  0  0  0  0  0  0  0  0  0  0  0  0  0  0]
 [ 4 22  3  0  0  0  0  0  0  0  0  0  0  0  0  0  0  0  0  0  0]
 [23 11 12  0  0  0  0  0  0  0  0  0  0  0  0  0  0  0  0  0  0]
 [ 2 13  0  0  0  0  0  0  0  0  0  0  0  0  0  0  0  0  0  0  0]
 [13  7 20  0  0  0  0  0  0  0  0  0  0  0  0  0  0  0  0  0  0]
 [27  0  0  0  0  0  0  0  0  0  0  0  0  0  0  0  0  0  0  0  0]
 [26  4 10  0  0  0  0  0  0  0  0  0  0  0  0  0  0  0  0  0  0]]
valid: gen=0.446
reward: norm=0.8906983583877787
[ 480 iterations]
real= [[27 12 19 14 24  6  0  0  0  0  0  0  0  0  0  0  0  0  0  0  0]
 [27  8 10 14  0  0  0  0  0  0  0  0  0  0  0  0  0  0  0  0  0]
 [26 24 18 13 17 12  5 11  0  0  0  0  0  0  0  0  0  0  0  0  0]
 [23 26 15 21 16  4  5  0  0  0  0  0  0  0  0  0  0  0  0  0  0]
 [12 21 17 18 24 22  0  0  0  0  0  0  0  0  0  0  0  0  0  0  0]
 [23  0  0  0  0  0  0  0  0  0  0  0  0  0  0  0  0  0  0  0  0]
 [21  8 11  5 27  0  0  0  0  0  0  0  0  0  0  0  0  0  0  0  0]
 [20 25  8  3 13 17 12  0  0  0  0  0  0  0  0  0  0  0  0  0  0]
 [27  5  1  3 16 14  0  0  0  0  0  0  0  0  0  0  0  0  0  0  0]
 [23 26 17 13 16  9  8  0  0  0  0  0  0  0  0  0  0  0  0  0  0]]
gen= [[ 6 19 12 27  0  0  0  0  0  0  0  0  0  0  0  0  0  0  0  0  0]
 [ 8 27 14 10  0  0  0  0  0  0  0  0  0  0  0  0  0  0  0  0  0]
 [13 26 18  5  0  0  0  0  0  0  0  0  0  0  0  0  0  0  0  0  0]
 [23  4 26  5 15  0  0  0  0  0  0  0  0  0  0  0  0  0  0  0  0]
 [18 22 24 12  0  0  0  0  0  0  0  0  0  0  0  0  0  0  0  0  0]
 [23  0  0  0  0  0  0  0  0  0  0  0  0  0  0  0  0  0  0  0  0]
 [ 8  5 27 11  0  0  0  0  0  0  0  0  0  0  0  0  0  0  0  0  0]
 [13 25 20  8  0  0  0  0  0  0  0  0  0  0  0  0  0  0  0  0  0]
 [ 1 27  5  3 14  0  0  0  0  0  0  0  0  0  0  0  0  0  0  0  0]
 [13 23  8  0  0  0  0  0  0  0  0  0  0  0  0  0  0  0  0  0  0]]
valid: gen=0.549
reward: norm=0.9049177912758325
[ 490 iterations]
real= [[13 12  7  0  0  0  0  0  0  0  0  0  0  0  0  0  0  0  0  0  0]
 [18 11 20  4  0  0  0  0  0  0  0  0  0  0  0  0  0  0  0  0  0]
 [17  0  0  0  0  0  0  0  0  0  0  0  0  0  0  0  0  0  0  0  0]
 [26  6 19  4  5 11  0  0  0  0  0  0  0  0  0  0  0  0  0  0  0]
 [16 25  0  0  0  0  0  0  0  0  0  0  0  0  0  0  0  0  0  0  0]
 [27 25  2  9 22  0  0  0  0  0  0  0  0  0  0  0  0  0  0  0  0]
 [15 26 17 16  5 20  0  0  0  0  0  0  0  0  0  0  0  0  0  0  0]
 [11 16 17 26  0  0  0  0  0  0  0  0  0  0  0  0  0  0  0  0  0]
 [27 18  0  0  0  0  0  0  0  0  0  0  0  0  0  0  0  0  0  0  0]
 [27 11  8 25  2 19  9  7  0  0  0  0  0  0  0  0  0  0  0  0  0]]
gen= [[13  7 12  0  0  0  0  0  0  0  0  0  0  0  0  0  0  0  0  0  0]
 [20  4 18 11  0  0  0  0  0  0  0  0  0  0  0  0  0  0  0  0  0]
 [17  0  0  0  0  0  0  0  0  0  0  0  0  0  0  0  0  0  0  0  0]
 [26  4 19  5 11  0  0  0  0  0  0  0  0  0  0  0  0  0  0  0  0]
 [25 16  0  0  0  0  0  0  0  0  0  0  0  0  0  0  0  0  0  0  0]
 [ 2 25 27 22  0  0  0  0  0  0  0  0  0  0  0  0  0  0  0  0  0]
 [20 26 15 17  5  0  0  0  0  0  0  0  0  0  0  0  0  0  0  0  0]
 [26 11 17  0  0  0  0  0  0  0  0  0  0  0  0  0  0  0  0  0  0]
 [18 27  0  0  0  0  0  0  0  0  0  0  0  0  0  0  0  0  0  0  0]
 [ 7 25  2  0  0  0  0  0  0  0  0  0  0  0  0  0  0  0  0  0  0]]
valid: gen=0.616
reward: norm=0.9122178313380062
