read problem
[ 10 iterations]
real= [[18 19 28  4  8  0  0  0  0  0  0  0  0  0  0  0  0  0  0]
 [18  0  0  0  0  0  0  0  0  0  0  0  0  0  0  0  0  0  0]
 [26 21  3 12 20  4  8  0  0  0  0  0  0  0  0  0  0  0  0]
 [27  7  9 13  3 12  1  5  0  0  0  0  0  0  0  0  0  0  0]
 [ 1 25  3  0  0  0  0  0  0  0  0  0  0  0  0  0  0  0  0]
 [26 23 19 17 13 14  3 12  1  5  0  0  0  0  0  0  0  0  0]
 [ 1  0  0  0  0  0  0  0  0  0  0  0  0  0  0  0  0  0  0]
 [25  0  0  0  0  0  0  0  0  0  0  0  0  0  0  0  0  0  0]
 [ 8  0  0  0  0  0  0  0  0  0  0  0  0  0  0  0  0  0  0]
 [ 7 17  3  6  0  0  0  0  0  0  0  0  0  0  0  0  0  0  0]]
gen= [[ 0 28  0  0  0  0  0  0  0  0  0  0  0  0  0  0  0  0  0]
 [ 0  0  0  0  0  0  0  0  0  0  0  0  0  0  0  0  0  0  0]
 [ 0  0  0  0  0  0  0  0  0  0  0  0  0  0  0  0  0  0  0]
 [ 0  0  0  0  0  0  0  0  0  0  0  0  0  0  0  0  0  0  0]
 [ 0  0  0  0  0  0  0  0  0  0  0  0  0  0  0 25  0  0  0]
 [26  0  0  0  0  0  0  0  0  0  0  0  0  0  0  0  0  0  0]
 [ 0  0  1  0  0  0  0  0  0  0  0  0  0  0  0  0  0  0  0]
 [25 25  0  0  0  0  0  0  0  0  0  0  0  0  0  0  0  0  0]
 [ 0  0  0  0  0  0  0  0  0  0  0  0  0  0  0  0  0  0  0]
 [ 0  0  0  0  0  0  0  0  0  0  0  0  0  0  0  0  0  0  0]]
valid: gen=0.016
reward: norm=0.9229495200436079
[ 20 iterations]
real= [[27  6 18 12 19  3 15  0  0  0  0  0  0  0  0  0  0  0  0]
 [ 5 25  9  2  0  0  0  0  0  0  0  0  0  0  0  0  0  0  0]
 [14 17 13 16 23  7  0  0  0  0  0  0  0  0  0  0  0  0  0]
 [11  0  0  0  0  0  0  0  0  0  0  0  0  0  0  0  0  0  0]
 [12  8  7  0  0  0  0  0  0  0  0  0  0  0  0  0  0  0  0]
 [ 7 10 13 17  9  1 25  0  0  0  0  0  0  0  0  0  0  0  0]
 [27  8  4 21 14  3 18 12  0  0  0  0  0  0  0  0  0  0  0]
 [14 24  7 20 27  0  0  0  0  0  0  0  0  0  0  0  0  0  0]
 [26 24 14 17 19  1 20  8  0  0  0  0  0  0  0  0  0  0  0]
 [23 10  3  9  1 22 26  0  0  0  0  0  0  0  0  0  0  0  0]]
gen= [[0 0 0 0 0 0 0 0 0 0 0 0 0 0 0 0 0 0 0]
 [0 0 0 0 0 0 0 0 0 0 0 0 0 0 0 0 0 0 0]
 [0 0 0 0 0 0 0 0 0 0 0 0 0 0 0 0 0 0 0]
 [0 0 0 0 0 0 0 0 0 0 0 0 0 0 0 0 0 0 0]
 [0 0 0 0 0 0 0 0 0 0 0 0 0 0 0 0 0 0 0]
 [0 0 0 0 0 0 0 0 0 0 0 0 0 0 0 0 0 0 0]
 [0 0 0 0 0 0 0 0 0 0 0 0 0 0 0 0 0 0 0]
 [0 0 0 0 0 0 0 0 0 0 0 0 0 0 0 0 0 0 0]
 [0 0 0 0 0 0 0 0 0 0 0 0 0 0 0 0 0 0 0]
 [0 0 0 0 0 0 0 0 0 0 0 0 0 0 0 0 0 0 0]]
valid: gen=0.004
reward: norm=0.9254570808256389
[ 30 iterations]
real= [[ 1 25  7  0  0  0  0  0  0  0  0  0  0  0  0  0  0  0  0]
 [23  2 18  0  0  0  0  0  0  0  0  0  0  0  0  0  0  0  0]
 [17 25  0  0  0  0  0  0  0  0  0  0  0  0  0  0  0  0  0]
 [12  6  7 20  8  0  0  0  0  0  0  0  0  0  0  0  0  0  0]
 [13 26  9  1  0  0  0  0  0  0  0  0  0  0  0  0  0  0  0]
 [27  4  9 16 21 13 18 26  0  0  0  0  0  0  0  0  0  0  0]
 [ 5  8 28  1 13 26  0  0  0  0  0  0  0  0  0  0  0  0  0]
 [23 24 13  1  8  4 27  0  0  0  0  0  0  0  0  0  0  0  0]
 [27  0  0  0  0  0  0  0  0  0  0  0  0  0  0  0  0  0  0]
 [19  9  3 17 22 24  0  0  0  0  0  0  0  0  0  0  0  0  0]]
gen= [[0 0 0 0 0 0 0 0 0 0 0 0 0 0 0 0 0 0 0]
 [0 0 0 0 0 0 0 0 0 0 0 0 0 0 0 0 0 0 0]
 [0 0 0 0 0 0 0 0 0 0 0 0 0 0 0 0 0 0 0]
 [0 0 0 0 0 0 0 0 0 0 0 0 0 0 0 0 0 0 0]
 [0 0 0 0 0 0 0 0 0 0 0 0 0 0 0 0 0 0 0]
 [0 0 0 0 0 0 0 0 0 0 0 0 0 0 0 0 0 0 0]
 [0 0 0 0 0 0 0 0 0 0 0 0 0 0 0 0 0 0 0]
 [0 0 0 0 0 0 0 0 0 0 0 0 0 0 0 0 0 0 0]
 [0 0 0 0 0 0 0 0 0 0 0 0 0 0 0 0 0 0 0]
 [0 0 0 0 0 0 0 0 0 0 0 0 0 0 0 0 0 0 0]]
valid: gen=0.0
reward: norm=0.9252061248500966
[ 40 iterations]
real= [[28 22 15  0  0  0  0  0  0  0  0  0  0  0  0  0  0  0  0]
 [26  0  0  0  0  0  0  0  0  0  0  0  0  0  0  0  0  0  0]
 [23 20  0  0  0  0  0  0  0  0  0  0  0  0  0  0  0  0  0]
 [23  6 21 20  0  0  0  0  0  0  0  0  0  0  0  0  0  0  0]
 [10 24 22  0  0  0  0  0  0  0  0  0  0  0  0  0  0  0  0]
 [16  9  3 19  0  0  0  0  0  0  0  0  0  0  0  0  0  0  0]
 [ 7 20 15 10  1  0  0  0  0  0  0  0  0  0  0  0  0  0  0]
 [27 16 21  0  0  0  0  0  0  0  0  0  0  0  0  0  0  0  0]
 [ 3  0  0  0  0  0  0  0  0  0  0  0  0  0  0  0  0  0  0]
 [ 9  0  0  0  0  0  0  0  0  0  0  0  0  0  0  0  0  0  0]]
gen= [[0 0 0 0 0 0 0 0 0 0 0 0 0 0 0 0 0 0 0]
 [0 0 0 0 0 0 0 0 0 0 0 0 0 0 0 0 0 0 0]
 [0 0 0 0 0 0 0 0 0 0 0 0 0 0 0 0 0 0 0]
 [0 0 0 0 0 0 0 0 0 0 0 0 0 0 0 0 0 0 0]
 [0 0 0 0 0 0 0 0 0 0 0 0 0 0 0 0 0 0 0]
 [0 0 0 0 0 0 0 0 0 0 0 0 0 0 0 0 0 0 0]
 [0 0 0 0 0 0 0 0 0 0 0 0 0 0 0 0 0 0 0]
 [0 0 0 0 0 0 0 0 0 0 0 0 0 0 0 0 0 0 0]
 [0 0 0 0 0 0 0 0 0 0 0 0 0 0 0 0 0 0 0]
 [0 0 0 0 0 0 0 0 0 0 0 0 0 0 0 0 0 0 0]]
valid: gen=0.0
reward: norm=0.9257667658812625
[ 50 iterations]
real= [[26 20  0  0  0  0  0  0  0  0  0  0  0  0  0  0  0  0  0]
 [ 8  4  9 17 21 24 15  0  0  0  0  0  0  0  0  0  0  0  0]
 [14 16 21  5  0  0  0  0  0  0  0  0  0  0  0  0  0  0  0]
 [12  0  0  0  0  0  0  0  0  0  0  0  0  0  0  0  0  0  0]
 [23  6 24 10  1  5 27  0  0  0  0  0  0  0  0  0  0  0  0]
 [21  0  0  0  0  0  0  0  0  0  0  0  0  0  0  0  0  0  0]
 [17  0  0  0  0  0  0  0  0  0  0  0  0  0  0  0  0  0  0]
 [16  1  0  0  0  0  0  0  0  0  0  0  0  0  0  0  0  0  0]
 [13 20  0  0  0  0  0  0  0  0  0  0  0  0  0  0  0  0  0]
 [20 25  0  0  0  0  0  0  0  0  0  0  0  0  0  0  0  0  0]]
gen= [[0 0 0 0 0 0 0 0 0 0 0 0 0 0 0 0 0 0 0]
 [0 0 0 0 0 0 0 0 0 0 0 0 0 0 0 0 0 0 0]
 [0 0 0 0 0 0 0 0 0 0 0 0 0 0 0 0 0 0 0]
 [0 0 0 0 0 0 0 0 0 0 0 0 0 0 0 0 0 0 0]
 [0 0 0 0 0 0 0 0 0 0 0 0 0 0 0 0 0 0 0]
 [0 0 0 0 0 0 0 0 0 0 0 0 0 0 0 0 0 0 0]
 [0 0 0 0 0 0 0 0 0 0 0 0 0 0 0 0 0 0 0]
 [0 0 0 0 0 0 0 0 0 0 0 0 0 0 0 0 0 0 0]
 [0 0 0 0 0 0 0 0 0 0 0 0 0 0 0 0 0 0 0]
 [0 0 0 0 0 0 0 0 0 0 0 0 0 0 0 0 0 0 0]]
valid: gen=0.0
reward: norm=0.9274245504274813
[ 60 iterations]
real= [[18 19 28  4  8  0  0  0  0  0  0  0  0  0  0  0  0  0  0]
 [18  0  0  0  0  0  0  0  0  0  0  0  0  0  0  0  0  0  0]
 [26 21  3 12 20  4  8  0  0  0  0  0  0  0  0  0  0  0  0]
 [27  7  9 13  3 12  1  5  0  0  0  0  0  0  0  0  0  0  0]
 [ 1 25  3  0  0  0  0  0  0  0  0  0  0  0  0  0  0  0  0]
 [26 23 19 17 13 14  3 12  1  5  0  0  0  0  0  0  0  0  0]
 [ 1  0  0  0  0  0  0  0  0  0  0  0  0  0  0  0  0  0  0]
 [25  0  0  0  0  0  0  0  0  0  0  0  0  0  0  0  0  0  0]
 [ 8  0  0  0  0  0  0  0  0  0  0  0  0  0  0  0  0  0  0]
 [ 7 17  3  6  0  0  0  0  0  0  0  0  0  0  0  0  0  0  0]]
gen= [[0 0 0 0 0 0 0 0 0 0 0 0 0 0 0 0 0 0 0]
 [0 0 0 0 0 0 0 0 0 0 0 0 0 0 0 0 0 0 0]
 [0 0 0 0 0 0 0 0 0 0 0 0 0 0 0 0 0 0 0]
 [0 0 0 0 0 0 0 0 0 0 0 0 0 0 0 0 0 0 0]
 [0 0 0 0 0 0 0 0 0 0 0 0 0 0 0 0 0 0 0]
 [0 0 0 0 0 0 0 0 0 0 0 0 0 0 0 0 0 0 0]
 [0 0 0 0 0 0 0 0 0 0 0 0 0 0 0 0 0 0 0]
 [0 0 0 0 0 0 0 0 0 0 0 0 0 0 0 0 0 0 0]
 [0 0 0 0 0 0 0 0 0 0 0 0 0 0 0 0 0 0 0]
 [0 0 0 0 0 0 0 0 0 0 0 0 0 0 0 0 0 0 0]]
valid: gen=0.0
reward: norm=0.9239043907261787
[ 70 iterations]
real= [[27  6 18 12 19  3 15  0  0  0  0  0  0  0  0  0  0  0  0]
 [ 5 25  9  2  0  0  0  0  0  0  0  0  0  0  0  0  0  0  0]
 [14 17 13 16 23  7  0  0  0  0  0  0  0  0  0  0  0  0  0]
 [11  0  0  0  0  0  0  0  0  0  0  0  0  0  0  0  0  0  0]
 [12  8  7  0  0  0  0  0  0  0  0  0  0  0  0  0  0  0  0]
 [ 7 10 13 17  9  1 25  0  0  0  0  0  0  0  0  0  0  0  0]
 [27  8  4 21 14  3 18 12  0  0  0  0  0  0  0  0  0  0  0]
 [14 24  7 20 27  0  0  0  0  0  0  0  0  0  0  0  0  0  0]
 [26 24 14 17 19  1 20  8  0  0  0  0  0  0  0  0  0  0  0]
 [23 10  3  9  1 22 26  0  0  0  0  0  0  0  0  0  0  0  0]]
gen= [[ 0  0  0  0  0  0  0  0  0  0  0  0  0  0  0  0  0  0  0]
 [ 0  0  0  0  0  0  0  0  0  0  0  0  0  0  0  0  0  0  0]
 [ 0  0  0  0  0  0  0  0  0  0  0  0  0  0  0  0  0  0  0]
 [ 0  0  0  0  0  0  0  0  0  0  0  0  0  0  0  0  0  0  0]
 [ 8 12  0  0  0  0  0  0  0  0  0  0  0  0  0  0  0  0  0]
 [ 0  0  0  0  0  0  0  0  0  0  0  0  0  0  0  0  0  0  0]
 [21  0  0  0  0  0  0  0  0  0  0  0  0  0  0  0  0  0  0]
 [ 0  0  0  0  0  0  0  0  0  0  0  0  0  0  0  0  0  0  0]
 [19  0  0  0  0  0  0  0  0  0  0  0  0  0  0  0  0  0  0]
 [ 0  0  0  0  0  0  0  0  0  0  0  0  0  0  0  0  0  0  0]]
valid: gen=0.022
reward: norm=0.9239428938658387
[ 80 iterations]
real= [[ 1 25  7  0  0  0  0  0  0  0  0  0  0  0  0  0  0  0  0]
 [23  2 18  0  0  0  0  0  0  0  0  0  0  0  0  0  0  0  0]
 [17 25  0  0  0  0  0  0  0  0  0  0  0  0  0  0  0  0  0]
 [12  6  7 20  8  0  0  0  0  0  0  0  0  0  0  0  0  0  0]
 [13 26  9  1  0  0  0  0  0  0  0  0  0  0  0  0  0  0  0]
 [27  4  9 16 21 13 18 26  0  0  0  0  0  0  0  0  0  0  0]
 [ 5  8 28  1 13 26  0  0  0  0  0  0  0  0  0  0  0  0  0]
 [23 24 13  1  8  4 27  0  0  0  0  0  0  0  0  0  0  0  0]
 [27  0  0  0  0  0  0  0  0  0  0  0  0  0  0  0  0  0  0]
 [19  9  3 17 22 24  0  0  0  0  0  0  0  0  0  0  0  0  0]]
gen= [[ 0  0  0  0  0  0  0  0  0  0  0  0  0  0  0  0  0  0  0]
 [ 0  0  0  0  0  0  0  0  0  0  0  0  0  0  0  0  0  0  0]
 [25  0  0  0  0  0  0  0  0  0  0  0  0  0  0  0  0  0  0]
 [ 0  0  0  0  0  0  0  0  0  0  0  0  0  0  0  0  0  0  0]
 [ 0  0  0  0  0  0  0  0  0  0  0  0  0  0  0  0  0  0  0]
 [ 0  0  0  0  0  0  0  0  0  0  0  0  0  0  0  0  0  0  0]
 [ 0  0  0  0  0  0  0  0  0  0  0  0  0  0  0  0  0  0  0]
 [ 0  0  0  0  0  0  0  0  0  0  0  0  0  0  0  0  0  0  0]
 [ 0  0  0  0  0  0  0  0  0  0  0  0  0  0  0  0  0  0  0]
 [ 0  0  0  0  0  0  0  0  0  0  0  0  0  0  0  0  0  0  0]]
valid: gen=0.03
reward: norm=0.9217958859468387
[ 90 iterations]
real= [[28 22 15  0  0  0  0  0  0  0  0  0  0  0  0  0  0  0  0]
 [26  0  0  0  0  0  0  0  0  0  0  0  0  0  0  0  0  0  0]
 [23 20  0  0  0  0  0  0  0  0  0  0  0  0  0  0  0  0  0]
 [23  6 21 20  0  0  0  0  0  0  0  0  0  0  0  0  0  0  0]
 [10 24 22  0  0  0  0  0  0  0  0  0  0  0  0  0  0  0  0]
 [16  9  3 19  0  0  0  0  0  0  0  0  0  0  0  0  0  0  0]
 [ 7 20 15 10  1  0  0  0  0  0  0  0  0  0  0  0  0  0  0]
 [27 16 21  0  0  0  0  0  0  0  0  0  0  0  0  0  0  0  0]
 [ 3  0  0  0  0  0  0  0  0  0  0  0  0  0  0  0  0  0  0]
 [ 9  0  0  0  0  0  0  0  0  0  0  0  0  0  0  0  0  0  0]]
gen= [[22  0  0  0  0  0  0  0  0  0  0  0  0  0  0  0  0  0  0]
 [ 0  0  0  0  0  0  0  0  0  0  0  0  0  0  0  0  0  0  0]
 [ 0  0  0  0  0  0  0  0  0  0  0  0  0  0  0  0  0  0  0]
 [ 0  0  0  0  0  0  0  0  0  0  0  0  0  0  0  0  0  0  0]
 [ 0  0  0  0  0  0  0  0  0  0  0  0  0  0  0  0  0  0  0]
 [ 0  0  0  0  0  0  0  0  0  0  0  0  0  0  0  0  0  0  0]
 [ 0  0  0  0  0  0  0  0  0  0  0  0  0  0  0  0  0  0  0]
 [ 0  0  0  0  0  0  0  0  0  0  0  0  0  0  0  0  0  0  0]
 [ 0  0  0  0  0  0  0  0  0  0  0  0  0  0  0  0  0  0  0]
 [ 0  0  0  0  0  0  0  0  0  0  0  0  0  0  0  0  0  0  0]]
valid: gen=0.022
reward: norm=0.9241692526166718
[ 100 iterations]
real= [[26 20  0  0  0  0  0  0  0  0  0  0  0  0  0  0  0  0  0]
 [ 8  4  9 17 21 24 15  0  0  0  0  0  0  0  0  0  0  0  0]
 [14 16 21  5  0  0  0  0  0  0  0  0  0  0  0  0  0  0  0]
 [12  0  0  0  0  0  0  0  0  0  0  0  0  0  0  0  0  0  0]
 [23  6 24 10  1  5 27  0  0  0  0  0  0  0  0  0  0  0  0]
 [21  0  0  0  0  0  0  0  0  0  0  0  0  0  0  0  0  0  0]
 [17  0  0  0  0  0  0  0  0  0  0  0  0  0  0  0  0  0  0]
 [16  1  0  0  0  0  0  0  0  0  0  0  0  0  0  0  0  0  0]
 [13 20  0  0  0  0  0  0  0  0  0  0  0  0  0  0  0  0  0]
 [20 25  0  0  0  0  0  0  0  0  0  0  0  0  0  0  0  0  0]]
gen= [[ 0  0  0  0  0  0  0  0  0  0  0  0  0  0  0  0  0  0  0]
 [ 0  0  0  0  0  0  0  0  0  0  0  0  0  0  0  0  0  0  0]
 [ 0  0  0  0  0  0  0  0  0  0  0  0  0  0  0  0  0  0  0]
 [ 0  0  0  0  0  0  0  0  0  0  0  0  0  0  0  0  0  0  0]
 [ 0  0  0  0  0  0  0  0  0  0  0  0  0  0  0  0  0  0  0]
 [21  0  0  0  0  0  0  0  0  0  0  0  0  0  0  0  0  0  0]
 [17  0  0  0  0  0  0  0  0  0  0  0  0  0  0  0  0  0  0]
 [ 0  0  0  0  0  0  0  0  0  0  0  0  0  0  0  0  0  0  0]
 [ 0  0  0  0  0  0  0  0  0  0  0  0  0  0  0  0  0  0  0]
 [ 0  0  0  0  0  0  0  0  0  0  0  0  0  0  0  0  0  0  0]]
valid: gen=0.009
reward: norm=0.9266566258802583
[ 110 iterations]
real= [[18 19 28  4  8  0  0  0  0  0  0  0  0  0  0  0  0  0  0]
 [18  0  0  0  0  0  0  0  0  0  0  0  0  0  0  0  0  0  0]
 [26 21  3 12 20  4  8  0  0  0  0  0  0  0  0  0  0  0  0]
 [27  7  9 13  3 12  1  5  0  0  0  0  0  0  0  0  0  0  0]
 [ 1 25  3  0  0  0  0  0  0  0  0  0  0  0  0  0  0  0  0]
 [26 23 19 17 13 14  3 12  1  5  0  0  0  0  0  0  0  0  0]
 [ 1  0  0  0  0  0  0  0  0  0  0  0  0  0  0  0  0  0  0]
 [25  0  0  0  0  0  0  0  0  0  0  0  0  0  0  0  0  0  0]
 [ 8  0  0  0  0  0  0  0  0  0  0  0  0  0  0  0  0  0  0]
 [ 7 17  3  6  0  0  0  0  0  0  0  0  0  0  0  0  0  0  0]]
gen= [[0 0 0 0 0 0 0 0 0 0 0 0 0 0 0 0 0 0 0]
 [0 0 0 0 0 0 0 0 0 0 0 0 0 0 0 0 0 0 0]
 [0 0 0 0 0 0 0 0 0 0 0 0 0 0 0 0 0 0 0]
 [0 0 0 0 0 0 0 0 0 0 0 0 0 0 0 0 0 0 0]
 [0 0 0 0 0 0 0 0 0 0 0 0 0 0 0 0 0 0 0]
 [0 0 0 0 0 0 0 0 0 0 0 0 0 0 0 0 0 0 0]
 [0 0 0 0 0 0 0 0 0 0 0 0 0 0 0 0 0 0 0]
 [0 0 0 0 0 0 0 0 0 0 0 0 0 0 0 0 0 0 0]
 [0 0 0 0 0 0 0 0 0 0 0 0 0 0 0 0 0 0 0]
 [0 0 0 0 0 0 0 0 0 0 0 0 0 0 0 0 0 0 0]]
valid: gen=0.013
reward: norm=0.9230135170005052
[ 120 iterations]
real= [[27  6 18 12 19  3 15  0  0  0  0  0  0  0  0  0  0  0  0]
 [ 5 25  9  2  0  0  0  0  0  0  0  0  0  0  0  0  0  0  0]
 [14 17 13 16 23  7  0  0  0  0  0  0  0  0  0  0  0  0  0]
 [11  0  0  0  0  0  0  0  0  0  0  0  0  0  0  0  0  0  0]
 [12  8  7  0  0  0  0  0  0  0  0  0  0  0  0  0  0  0  0]
 [ 7 10 13 17  9  1 25  0  0  0  0  0  0  0  0  0  0  0  0]
 [27  8  4 21 14  3 18 12  0  0  0  0  0  0  0  0  0  0  0]
 [14 24  7 20 27  0  0  0  0  0  0  0  0  0  0  0  0  0  0]
 [26 24 14 17 19  1 20  8  0  0  0  0  0  0  0  0  0  0  0]
 [23 10  3  9  1 22 26  0  0  0  0  0  0  0  0  0  0  0  0]]
gen= [[ 0  0  0  0  0  0  0  0  0  0  0  0  0  0  0  0  0  0  0]
 [ 0  0  0  0  0  0  0  0  0  0  0  0  0  0  0  0  0  0  0]
 [23  0  0  0  0  0  0  0  0  0  0  0  0  0  0  0  0  0  0]
 [11  0  0  0  0  0  0  0  0  0  0  0  0  0  0  0  0  0  0]
 [ 0  0  0  0  0  0  0  0  0  0  0  0  0  0  0  0  0  0  0]
 [ 0  0  0  0  0  0  0  0  0  0  0  0  0  0  0  0  0  0  0]
 [ 0  0  0  0  0  0  0  0  0  0  0  0  0  0  0  0  0  0  0]
 [ 0  0  0  0  0  0  0  0  0  0  0  0  0  0  0  0  0  0  0]
 [ 0  0  0  0  0  0  0  0  0  0  0  0  0  0  0  0  0  0  0]
 [ 0  0  0  0  0  0  0  0  0  0  0  0  0  0  0  0  0  0  0]]
valid: gen=0.038
reward: norm=0.9218354864756746
[ 130 iterations]
real= [[ 1 25  7  0  0  0  0  0  0  0  0  0  0  0  0  0  0  0  0]
 [23  2 18  0  0  0  0  0  0  0  0  0  0  0  0  0  0  0  0]
 [17 25  0  0  0  0  0  0  0  0  0  0  0  0  0  0  0  0  0]
 [12  6  7 20  8  0  0  0  0  0  0  0  0  0  0  0  0  0  0]
 [13 26  9  1  0  0  0  0  0  0  0  0  0  0  0  0  0  0  0]
 [27  4  9 16 21 13 18 26  0  0  0  0  0  0  0  0  0  0  0]
 [ 5  8 28  1 13 26  0  0  0  0  0  0  0  0  0  0  0  0  0]
 [23 24 13  1  8  4 27  0  0  0  0  0  0  0  0  0  0  0  0]
 [27  0  0  0  0  0  0  0  0  0  0  0  0  0  0  0  0  0  0]
 [19  9  3 17 22 24  0  0  0  0  0  0  0  0  0  0  0  0  0]]
gen= [[25 25  0  0  0  0  0  0  0  0  0  0  0  0  0  0  0  0  0]
 [23 18  0  0  0  0  0  0  0  0  0  0  0  0  0  0  0  0  0]
 [17 17 17 17  0  0  0  0  0  0  0  0  0  0  0  0  0  0  0]
 [ 8 20  0  0  0  0  0  0  0  0  0  0  0  0  0  0  0  0  0]
 [ 9  0  0  0  0  0  0  0  0  0  0  0  0  0  0  0  0  0  0]
 [ 4 27  0  0  0  0  0  0  0  0  0  0  0  0  0  0  0  0  0]
 [ 5  0  0  0  0  0  0  0  0  0  0  0  0  0  0  0  0  0  0]
 [ 4  8  0  0  0  0  0  0  0  0  0  0  0  0  0  0  0  0  0]
 [27 27  0  0  0  0  0  0  0  0  0  0  0  0  0  0  0  0  0]
 [22 22  0  0  0  0  0  0  0  0  0  0  0  0  0  0  0  0  0]]
valid: gen=0.046
reward: norm=0.9373444595869262
[ 140 iterations]
real= [[28 22 15  0  0  0  0  0  0  0  0  0  0  0  0  0  0  0  0]
 [26  0  0  0  0  0  0  0  0  0  0  0  0  0  0  0  0  0  0]
 [23 20  0  0  0  0  0  0  0  0  0  0  0  0  0  0  0  0  0]
 [23  6 21 20  0  0  0  0  0  0  0  0  0  0  0  0  0  0  0]
 [10 24 22  0  0  0  0  0  0  0  0  0  0  0  0  0  0  0  0]
 [16  9  3 19  0  0  0  0  0  0  0  0  0  0  0  0  0  0  0]
 [ 7 20 15 10  1  0  0  0  0  0  0  0  0  0  0  0  0  0  0]
 [27 16 21  0  0  0  0  0  0  0  0  0  0  0  0  0  0  0  0]
 [ 3  0  0  0  0  0  0  0  0  0  0  0  0  0  0  0  0  0  0]
 [ 9  0  0  0  0  0  0  0  0  0  0  0  0  0  0  0  0  0  0]]
gen= [[28 28 28  0  0  0  0  0  0  0  0  0  0  0  0  0  0  0  0]
 [26 26 26  0  0  0  0  0  0  0  0  0  0  0  0  0  0  0  0]
 [20 20 20 23  0  0  0  0  0  0  0  0  0  0  0  0  0  0  0]
 [21 23  6  0  0  0  0  0  0  0  0  0  0  0  0  0  0  0  0]
 [10 10 24  0  0  0  0  0  0  0  0  0  0  0  0  0  0  0  0]
 [19 16 16 16  0  0  0  0  0  0  0  0  0  0  0  0  0  0  0]
 [10 10 10  0  0  0  0  0  0  0  0  0  0  0  0  0  0  0  0]
 [21 21 21 21  0  0  0  0  0  0  0  0  0  0  0  0  0  0  0]
 [ 0  3  0  0  0  0  0  0  0  0  0  0  0  0  0  0  0  0  0]
 [ 9  9  0  0  0  0  0  0  0  0  0  0  0  0  0  0  0  0  0]]
valid: gen=0.005
reward: norm=0.9627270093991123
[ 150 iterations]
real= [[26 20  0  0  0  0  0  0  0  0  0  0  0  0  0  0  0  0  0]
 [ 8  4  9 17 21 24 15  0  0  0  0  0  0  0  0  0  0  0  0]
 [14 16 21  5  0  0  0  0  0  0  0  0  0  0  0  0  0  0  0]
 [12  0  0  0  0  0  0  0  0  0  0  0  0  0  0  0  0  0  0]
 [23  6 24 10  1  5 27  0  0  0  0  0  0  0  0  0  0  0  0]
 [21  0  0  0  0  0  0  0  0  0  0  0  0  0  0  0  0  0  0]
 [17  0  0  0  0  0  0  0  0  0  0  0  0  0  0  0  0  0  0]
 [16  1  0  0  0  0  0  0  0  0  0  0  0  0  0  0  0  0  0]
 [13 20  0  0  0  0  0  0  0  0  0  0  0  0  0  0  0  0  0]
 [20 25  0  0  0  0  0  0  0  0  0  0  0  0  0  0  0  0  0]]
gen= [[26 20  0  0  0  0  0  0  0  0  0  0  0  0  0  0  0  0  0]
 [ 4 17 21  0  0  0  0  0  0  0  0  0  0  0  0  0  0  0  0]
 [21 21  0  0  0  0  0  0  0  0  0  0  0  0  0  0  0  0  0]
 [12 12 12  0  0  0  0  0  0  0  0  0  0  0  0  0  0  0  0]
 [23 23  0  0  0  0  0  0  0  0  0  0  0  0  0  0  0  0  0]
 [21 21 21 21  0  0  0  0  0  0  0  0  0  0  0  0  0  0  0]
 [17 17 17  0  0  0  0  0  0  0  0  0  0  0  0  0  0  0  0]
 [16 16 16  0  0  0  0  0  0  0  0  0  0  0  0  0  0  0  0]
 [13 13 13 20  0  0  0  0  0  0  0  0  0  0  0  0  0  0  0]
 [20 25  0  0  0  0  0  0  0  0  0  0  0  0  0  0  0  0  0]]
valid: gen=0.022
reward: norm=0.9559508078676591
[ 160 iterations]
real= [[18 19 28  4  8  0  0  0  0  0  0  0  0  0  0  0  0  0  0]
 [18  0  0  0  0  0  0  0  0  0  0  0  0  0  0  0  0  0  0]
 [26 21  3 12 20  4  8  0  0  0  0  0  0  0  0  0  0  0  0]
 [27  7  9 13  3 12  1  5  0  0  0  0  0  0  0  0  0  0  0]
 [ 1 25  3  0  0  0  0  0  0  0  0  0  0  0  0  0  0  0  0]
 [26 23 19 17 13 14  3 12  1  5  0  0  0  0  0  0  0  0  0]
 [ 1  0  0  0  0  0  0  0  0  0  0  0  0  0  0  0  0  0  0]
 [25  0  0  0  0  0  0  0  0  0  0  0  0  0  0  0  0  0  0]
 [ 8  0  0  0  0  0  0  0  0  0  0  0  0  0  0  0  0  0  0]
 [ 7 17  3  6  0  0  0  0  0  0  0  0  0  0  0  0  0  0  0]]
gen= [[18 18  0  0  0  0  0  0  0  0  0  0  0  0  0  0  0  0  0]
 [18 18  0  0  0  0  0  0  0  0  0  0  0  0  0  0  0  0  0]
 [ 4 26  0  0  0  0  0  0  0  0  0  0  0  0  0  0  0  0  0]
 [ 7  7  0  0  0  0  0  0  0  0  0  0  0  0  0  0  0  0  0]
 [25 25 25  0  0  0  0  0  0  0  0  0  0  0  0  0  0  0  0]
 [17  5  0  0  0  0  0  0  0  0  0  0  0  0  0  0  0  0  0]
 [ 1  1  1  0  0  0  0  0  0  0  0  0  0  0  0  0  0  0  0]
 [25 25 25  0  0  0  0  0  0  0  0  0  0  0  0  0  0  0  0]
 [ 8  8  8  8  0  0  0  0  0  0  0  0  0  0  0  0  0  0  0]
 [17 17  0  0  0  0  0  0  0  0  0  0  0  0  0  0  0  0  0]]
valid: gen=0.027
reward: norm=0.9497851082349418
[ 170 iterations]
real= [[27  6 18 12 19  3 15  0  0  0  0  0  0  0  0  0  0  0  0]
 [ 5 25  9  2  0  0  0  0  0  0  0  0  0  0  0  0  0  0  0]
 [14 17 13 16 23  7  0  0  0  0  0  0  0  0  0  0  0  0  0]
 [11  0  0  0  0  0  0  0  0  0  0  0  0  0  0  0  0  0  0]
 [12  8  7  0  0  0  0  0  0  0  0  0  0  0  0  0  0  0  0]
 [ 7 10 13 17  9  1 25  0  0  0  0  0  0  0  0  0  0  0  0]
 [27  8  4 21 14  3 18 12  0  0  0  0  0  0  0  0  0  0  0]
 [14 24  7 20 27  0  0  0  0  0  0  0  0  0  0  0  0  0  0]
 [26 24 14 17 19  1 20  8  0  0  0  0  0  0  0  0  0  0  0]
 [23 10  3  9  1 22 26  0  0  0  0  0  0  0  0  0  0  0  0]]
gen= [[27 27  0  0  0  0  0  0  0  0  0  0  0  0  0  0  0  0  0]
 [ 2  2  2  0  0  0  0  0  0  0  0  0  0  0  0  0  0  0  0]
 [23 14  0  0  0  0  0  0  0  0  0  0  0  0  0  0  0  0  0]
 [11 11  0  0  0  0  0  0  0  0  0  0  0  0  0  0  0  0  0]
 [ 8  7  0  0  0  0  0  0  0  0  0  0  0  0  0  0  0  0  0]
 [17 17  0  0  0  0  0  0  0  0  0  0  0  0  0  0  0  0  0]
 [ 4 27 27  0  0  0  0  0  0  0  0  0  0  0  0  0  0  0  0]
 [20 27  0  0  0  0  0  0  0  0  0  0  0  0  0  0  0  0  0]
 [17 17  0  0  0  0  0  0  0  0  0  0  0  0  0  0  0  0  0]
 [22 23  0  0  0  0  0  0  0  0  0  0  0  0  0  0  0  0  0]]
valid: gen=0.026
reward: norm=0.9432984638504432
[ 180 iterations]
real= [[ 1 25  7  0  0  0  0  0  0  0  0  0  0  0  0  0  0  0  0]
 [23  2 18  0  0  0  0  0  0  0  0  0  0  0  0  0  0  0  0]
 [17 25  0  0  0  0  0  0  0  0  0  0  0  0  0  0  0  0  0]
 [12  6  7 20  8  0  0  0  0  0  0  0  0  0  0  0  0  0  0]
 [13 26  9  1  0  0  0  0  0  0  0  0  0  0  0  0  0  0  0]
 [27  4  9 16 21 13 18 26  0  0  0  0  0  0  0  0  0  0  0]
 [ 5  8 28  1 13 26  0  0  0  0  0  0  0  0  0  0  0  0  0]
 [23 24 13  1  8  4 27  0  0  0  0  0  0  0  0  0  0  0  0]
 [27  0  0  0  0  0  0  0  0  0  0  0  0  0  0  0  0  0  0]
 [19  9  3 17 22 24  0  0  0  0  0  0  0  0  0  0  0  0  0]]
gen= [[25 25  0  0  0  0  0  0  0  0  0  0  0  0  0  0  0  0  0]
 [23 18  0  0  0  0  0  0  0  0  0  0  0  0  0  0  0  0  0]
 [17 17 25  0  0  0  0  0  0  0  0  0  0  0  0  0  0  0  0]
 [20 20  0  0  0  0  0  0  0  0  0  0  0  0  0  0  0  0  0]
 [13 13  0  0  0  0  0  0  0  0  0  0  0  0  0  0  0  0  0]
 [27 27  0  0  0  0  0  0  0  0  0  0  0  0  0  0  0  0  0]
 [ 5  5  0  0  0  0  0  0  0  0  0  0  0  0  0  0  0  0  0]
 [ 4 23  0  0  0  0  0  0  0  0  0  0  0  0  0  0  0  0  0]
 [27 27 27  0  0  0  0  0  0  0  0  0  0  0  0  0  0  0  0]
 [19 24  0  0  0  0  0  0  0  0  0  0  0  0  0  0  0  0  0]]
valid: gen=0.041
reward: norm=0.9402724768262739
[ 190 iterations]
real= [[28 22 15  0  0  0  0  0  0  0  0  0  0  0  0  0  0  0  0]
 [26  0  0  0  0  0  0  0  0  0  0  0  0  0  0  0  0  0  0]
 [23 20  0  0  0  0  0  0  0  0  0  0  0  0  0  0  0  0  0]
 [23  6 21 20  0  0  0  0  0  0  0  0  0  0  0  0  0  0  0]
 [10 24 22  0  0  0  0  0  0  0  0  0  0  0  0  0  0  0  0]
 [16  9  3 19  0  0  0  0  0  0  0  0  0  0  0  0  0  0  0]
 [ 7 20 15 10  1  0  0  0  0  0  0  0  0  0  0  0  0  0  0]
 [27 16 21  0  0  0  0  0  0  0  0  0  0  0  0  0  0  0  0]
 [ 3  0  0  0  0  0  0  0  0  0  0  0  0  0  0  0  0  0  0]
 [ 9  0  0  0  0  0  0  0  0  0  0  0  0  0  0  0  0  0  0]]
gen= [[22 22  0  0  0  0  0  0  0  0  0  0  0  0  0  0  0  0  0]
 [26 26  0  0  0  0  0  0  0  0  0  0  0  0  0  0  0  0  0]
 [20 20  0  0  0  0  0  0  0  0  0  0  0  0  0  0  0  0  0]
 [23 20  0  0  0  0  0  0  0  0  0  0  0  0  0  0  0  0  0]
 [22 24  0  0  0  0  0  0  0  0  0  0  0  0  0  0  0  0  0]
 [19 19  0  0  0  0  0  0  0  0  0  0  0  0  0  0  0  0  0]
 [20 20  0  0  0  0  0  0  0  0  0  0  0  0  0  0  0  0  0]
 [21 27  0  0  0  0  0  0  0  0  0  0  0  0  0  0  0  0  0]
 [ 3  0  0  0  0  0  0  0  0  0  0  0  0  0  0  0  0  0  0]
 [ 9  9  0  0  0  0  0  0  0  0  0  0  0  0  0  0  0  0  0]]
valid: gen=0.058
reward: norm=0.9394751416531816
[ 200 iterations]
real= [[26 20  0  0  0  0  0  0  0  0  0  0  0  0  0  0  0  0  0]
 [ 8  4  9 17 21 24 15  0  0  0  0  0  0  0  0  0  0  0  0]
 [14 16 21  5  0  0  0  0  0  0  0  0  0  0  0  0  0  0  0]
 [12  0  0  0  0  0  0  0  0  0  0  0  0  0  0  0  0  0  0]
 [23  6 24 10  1  5 27  0  0  0  0  0  0  0  0  0  0  0  0]
 [21  0  0  0  0  0  0  0  0  0  0  0  0  0  0  0  0  0  0]
 [17  0  0  0  0  0  0  0  0  0  0  0  0  0  0  0  0  0  0]
 [16  1  0  0  0  0  0  0  0  0  0  0  0  0  0  0  0  0  0]
 [13 20  0  0  0  0  0  0  0  0  0  0  0  0  0  0  0  0  0]
 [20 25  0  0  0  0  0  0  0  0  0  0  0  0  0  0  0  0  0]]
gen= [[20 20 20  0  0  0  0  0  0  0  0  0  0  0  0  0  0  0  0]
 [17 17  0  0  0  0  0  0  0  0  0  0  0  0  0  0  0  0  0]
 [21 14  0  0  0  0  0  0  0  0  0  0  0  0  0  0  0  0  0]
 [12 12  0  0  0  0  0  0  0  0  0  0  0  0  0  0  0  0  0]
 [24 27 27  0  0  0  0  0  0  0  0  0  0  0  0  0  0  0  0]
 [21 21 21  0  0  0  0  0  0  0  0  0  0  0  0  0  0  0  0]
 [17 17 17  0  0  0  0  0  0  0  0  0  0  0  0  0  0  0  0]
 [16 16 16  0  0  0  0  0  0  0  0  0  0  0  0  0  0  0  0]
 [20 20 20  0  0  0  0  0  0  0  0  0  0  0  0  0  0  0  0]
 [20 20 20  0  0  0  0  0  0  0  0  0  0  0  0  0  0  0  0]]
valid: gen=0.005
reward: norm=0.9568896674048535
[ 210 iterations]
real= [[18 19 28  4  8  0  0  0  0  0  0  0  0  0  0  0  0  0  0]
 [18  0  0  0  0  0  0  0  0  0  0  0  0  0  0  0  0  0  0]
 [26 21  3 12 20  4  8  0  0  0  0  0  0  0  0  0  0  0  0]
 [27  7  9 13  3 12  1  5  0  0  0  0  0  0  0  0  0  0  0]
 [ 1 25  3  0  0  0  0  0  0  0  0  0  0  0  0  0  0  0  0]
 [26 23 19 17 13 14  3 12  1  5  0  0  0  0  0  0  0  0  0]
 [ 1  0  0  0  0  0  0  0  0  0  0  0  0  0  0  0  0  0  0]
 [25  0  0  0  0  0  0  0  0  0  0  0  0  0  0  0  0  0  0]
 [ 8  0  0  0  0  0  0  0  0  0  0  0  0  0  0  0  0  0  0]
 [ 7 17  3  6  0  0  0  0  0  0  0  0  0  0  0  0  0  0  0]]
gen= [[18 18 18 18  0  0  0  0  0  0  0  0  0  0  0  0  0  0  0]
 [18 18 18 18  0  0  0  0  0  0  0  0  0  0  0  0  0  0  0]
 [20 20 20 20  0  0  0  0  0  0  0  0  0  0  0  0  0  0  0]
 [27 27 27 27  0  0  0  0  0  0  0  0  0  0  0  0  0  0  0]
 [25 25 25 25  0  0  0  0  0  0  0  0  0  0  0  0  0  0  0]
 [17 17 17  0  0  0  0  0  0  0  0  0  0  0  0  0  0  0  0]
 [ 1  1  1  1  1  0  0  0  0  0  0  0  0  0  0  0  0  0  0]
 [25 25 25 25  0  0  0  0  0  0  0  0  0  0  0  0  0  0  0]
 [ 8  8  8  8  0  0  0  0  0  0  0  0  0  0  0  0  0  0  0]
 [17 17 17 17  0  0  0  0  0  0  0  0  0  0  0  0  0  0  0]]
valid: gen=0.0
reward: norm=0.9661400967686682
[ 220 iterations]
real= [[27  6 18 12 19  3 15  0  0  0  0  0  0  0  0  0  0  0  0]
 [ 5 25  9  2  0  0  0  0  0  0  0  0  0  0  0  0  0  0  0]
 [14 17 13 16 23  7  0  0  0  0  0  0  0  0  0  0  0  0  0]
 [11  0  0  0  0  0  0  0  0  0  0  0  0  0  0  0  0  0  0]
 [12  8  7  0  0  0  0  0  0  0  0  0  0  0  0  0  0  0  0]
 [ 7 10 13 17  9  1 25  0  0  0  0  0  0  0  0  0  0  0  0]
 [27  8  4 21 14  3 18 12  0  0  0  0  0  0  0  0  0  0  0]
 [14 24  7 20 27  0  0  0  0  0  0  0  0  0  0  0  0  0  0]
 [26 24 14 17 19  1 20  8  0  0  0  0  0  0  0  0  0  0  0]
 [23 10  3  9  1 22 26  0  0  0  0  0  0  0  0  0  0  0  0]]
gen= [[18 18 27 27  0  0  0  0  0  0  0  0  0  0  0  0  0  0  0]
 [ 2 25 25 25  0  0  0  0  0  0  0  0  0  0  0  0  0  0  0]
 [17 17 17 17  0  0  0  0  0  0  0  0  0  0  0  0  0  0  0]
 [11 11 11 11 11  0  0  0  0  0  0  0  0  0  0  0  0  0  0]
 [12  7  7  7  0  0  0  0  0  0  0  0  0  0  0  0  0  0  0]
 [17 25 25 25  0  0  0  0  0  0  0  0  0  0  0  0  0  0  0]
 [27 27 27 27  0  0  0  0  0  0  0  0  0  0  0  0  0  0  0]
 [20 24 27 27  0  0  0  0  0  0  0  0  0  0  0  0  0  0  0]
 [24 24 24 24  0  0  0  0  0  0  0  0  0  0  0  0  0  0  0]
 [26 26 26 23  0  0  0  0  0  0  0  0  0  0  0  0  0  0  0]]
valid: gen=0.0
reward: norm=0.9696273953902285
[ 230 iterations]
real= [[ 1 25  7  0  0  0  0  0  0  0  0  0  0  0  0  0  0  0  0]
 [23  2 18  0  0  0  0  0  0  0  0  0  0  0  0  0  0  0  0]
 [17 25  0  0  0  0  0  0  0  0  0  0  0  0  0  0  0  0  0]
 [12  6  7 20  8  0  0  0  0  0  0  0  0  0  0  0  0  0  0]
 [13 26  9  1  0  0  0  0  0  0  0  0  0  0  0  0  0  0  0]
 [27  4  9 16 21 13 18 26  0  0  0  0  0  0  0  0  0  0  0]
 [ 5  8 28  1 13 26  0  0  0  0  0  0  0  0  0  0  0  0  0]
 [23 24 13  1  8  4 27  0  0  0  0  0  0  0  0  0  0  0  0]
 [27  0  0  0  0  0  0  0  0  0  0  0  0  0  0  0  0  0  0]
 [19  9  3 17 22 24  0  0  0  0  0  0  0  0  0  0  0  0  0]]
gen= [[25 25 25  0  0  0  0  0  0  0  0  0  0  0  0  0  0  0  0]
 [23 18  0  0  0  0  0  0  0  0  0  0  0  0  0  0  0  0  0]
 [17 17 17  0  0  0  0  0  0  0  0  0  0  0  0  0  0  0  0]
 [20 20  0  0  0  0  0  0  0  0  0  0  0  0  0  0  0  0  0]
 [26 13  0  0  0  0  0  0  0  0  0  0  0  0  0  0  0  0  0]
 [27 27  0  0  0  0  0  0  0  0  0  0  0  0  0  0  0  0  0]
 [26 13  0  0  0  0  0  0  0  0  0  0  0  0  0  0  0  0  0]
 [24 27  0  0  0  0  0  0  0  0  0  0  0  0  0  0  0  0  0]
 [27 27 27  0  0  0  0  0  0  0  0  0  0  0  0  0  0  0  0]
 [17 24  0  0  0  0  0  0  0  0  0  0  0  0  0  0  0  0  0]]
valid: gen=0.015
reward: norm=0.9542751054203953
[ 240 iterations]
real= [[28 22 15  0  0  0  0  0  0  0  0  0  0  0  0  0  0  0  0]
 [26  0  0  0  0  0  0  0  0  0  0  0  0  0  0  0  0  0  0]
 [23 20  0  0  0  0  0  0  0  0  0  0  0  0  0  0  0  0  0]
 [23  6 21 20  0  0  0  0  0  0  0  0  0  0  0  0  0  0  0]
 [10 24 22  0  0  0  0  0  0  0  0  0  0  0  0  0  0  0  0]
 [16  9  3 19  0  0  0  0  0  0  0  0  0  0  0  0  0  0  0]
 [ 7 20 15 10  1  0  0  0  0  0  0  0  0  0  0  0  0  0  0]
 [27 16 21  0  0  0  0  0  0  0  0  0  0  0  0  0  0  0  0]
 [ 3  0  0  0  0  0  0  0  0  0  0  0  0  0  0  0  0  0  0]
 [ 9  0  0  0  0  0  0  0  0  0  0  0  0  0  0  0  0  0  0]]
gen= [[22 22  0  0  0  0  0  0  0  0  0  0  0  0  0  0  0  0  0]
 [26 26  0  0  0  0  0  0  0  0  0  0  0  0  0  0  0  0  0]
 [23 20  0  0  0  0  0  0  0  0  0  0  0  0  0  0  0  0  0]
 [20 20  0  0  0  0  0  0  0  0  0  0  0  0  0  0  0  0  0]
 [24 24  0  0  0  0  0  0  0  0  0  0  0  0  0  0  0  0  0]
 [19 19  0  0  0  0  0  0  0  0  0  0  0  0  0  0  0  0  0]
 [20 20  0  0  0  0  0  0  0  0  0  0  0  0  0  0  0  0  0]
 [27 27  0  0  0  0  0  0  0  0  0  0  0  0  0  0  0  0  0]
 [ 3  3  0  0  0  0  0  0  0  0  0  0  0  0  0  0  0  0  0]
 [ 9  9  0  0  0  0  0  0  0  0  0  0  0  0  0  0  0  0  0]]
valid: gen=0.037
reward: norm=0.9490053073729903
[ 250 iterations]
real= [[26 20  0  0  0  0  0  0  0  0  0  0  0  0  0  0  0  0  0]
 [ 8  4  9 17 21 24 15  0  0  0  0  0  0  0  0  0  0  0  0]
 [14 16 21  5  0  0  0  0  0  0  0  0  0  0  0  0  0  0  0]
 [12  0  0  0  0  0  0  0  0  0  0  0  0  0  0  0  0  0  0]
 [23  6 24 10  1  5 27  0  0  0  0  0  0  0  0  0  0  0  0]
 [21  0  0  0  0  0  0  0  0  0  0  0  0  0  0  0  0  0  0]
 [17  0  0  0  0  0  0  0  0  0  0  0  0  0  0  0  0  0  0]
 [16  1  0  0  0  0  0  0  0  0  0  0  0  0  0  0  0  0  0]
 [13 20  0  0  0  0  0  0  0  0  0  0  0  0  0  0  0  0  0]
 [20 25  0  0  0  0  0  0  0  0  0  0  0  0  0  0  0  0  0]]
gen= [[20 20  0  0  0  0  0  0  0  0  0  0  0  0  0  0  0  0  0]
 [17 17  0  0  0  0  0  0  0  0  0  0  0  0  0  0  0  0  0]
 [14 14  0  0  0  0  0  0  0  0  0  0  0  0  0  0  0  0  0]
 [12 12 12  0  0  0  0  0  0  0  0  0  0  0  0  0  0  0  0]
 [24 27  0  0  0  0  0  0  0  0  0  0  0  0  0  0  0  0  0]
 [21 21 21  0  0  0  0  0  0  0  0  0  0  0  0  0  0  0  0]
 [17 17 17  0  0  0  0  0  0  0  0  0  0  0  0  0  0  0  0]
 [16 16  0  0  0  0  0  0  0  0  0  0  0  0  0  0  0  0  0]
 [20 20 20  0  0  0  0  0  0  0  0  0  0  0  0  0  0  0  0]
 [20 20  0  0  0  0  0  0  0  0  0  0  0  0  0  0  0  0  0]]
valid: gen=0.021
reward: norm=0.9595224983420849
[ 260 iterations]
real= [[18 19 28  4  8  0  0  0  0  0  0  0  0  0  0  0  0  0  0]
 [18  0  0  0  0  0  0  0  0  0  0  0  0  0  0  0  0  0  0]
 [26 21  3 12 20  4  8  0  0  0  0  0  0  0  0  0  0  0  0]
 [27  7  9 13  3 12  1  5  0  0  0  0  0  0  0  0  0  0  0]
 [ 1 25  3  0  0  0  0  0  0  0  0  0  0  0  0  0  0  0  0]
 [26 23 19 17 13 14  3 12  1  5  0  0  0  0  0  0  0  0  0]
 [ 1  0  0  0  0  0  0  0  0  0  0  0  0  0  0  0  0  0  0]
 [25  0  0  0  0  0  0  0  0  0  0  0  0  0  0  0  0  0  0]
 [ 8  0  0  0  0  0  0  0  0  0  0  0  0  0  0  0  0  0  0]
 [ 7 17  3  6  0  0  0  0  0  0  0  0  0  0  0  0  0  0  0]]
gen= [[18 18 18  0  0  0  0  0  0  0  0  0  0  0  0  0  0  0  0]
 [18 18 18  0  0  0  0  0  0  0  0  0  0  0  0  0  0  0  0]
 [20 20 20  0  0  0  0  0  0  0  0  0  0  0  0  0  0  0  0]
 [27 27 27  0  0  0  0  0  0  0  0  0  0  0  0  0  0  0  0]
 [25 25 25  0  0  0  0  0  0  0  0  0  0  0  0  0  0  0  0]
 [ 5 14  5  0  0  0  0  0  0  0  0  0  0  0  0  0  0  0  0]
 [ 1  1  1  0  0  0  0  0  0  0  0  0  0  0  0  0  0  0  0]
 [25 25 25 25  0  0  0  0  0  0  0  0  0  0  0  0  0  0  0]
 [ 8  8  8  0  0  0  0  0  0  0  0  0  0  0  0  0  0  0  0]
 [17 17 17  0  0  0  0  0  0  0  0  0  0  0  0  0  0  0  0]]
valid: gen=0.001
reward: norm=0.966634001100565
[ 270 iterations]
real= [[27  6 18 12 19  3 15  0  0  0  0  0  0  0  0  0  0  0  0]
 [ 5 25  9  2  0  0  0  0  0  0  0  0  0  0  0  0  0  0  0]
 [14 17 13 16 23  7  0  0  0  0  0  0  0  0  0  0  0  0  0]
 [11  0  0  0  0  0  0  0  0  0  0  0  0  0  0  0  0  0  0]
 [12  8  7  0  0  0  0  0  0  0  0  0  0  0  0  0  0  0  0]
 [ 7 10 13 17  9  1 25  0  0  0  0  0  0  0  0  0  0  0  0]
 [27  8  4 21 14  3 18 12  0  0  0  0  0  0  0  0  0  0  0]
 [14 24  7 20 27  0  0  0  0  0  0  0  0  0  0  0  0  0  0]
 [26 24 14 17 19  1 20  8  0  0  0  0  0  0  0  0  0  0  0]
 [23 10  3  9  1 22 26  0  0  0  0  0  0  0  0  0  0  0  0]]
gen= [[18 18 18 18 18  0  0  0  0  0  0  0  0  0  0  0  0  0  0]
 [ 2  5 25  5 25  5  0  0  0  0  0  0  0  0  0  0  0  0  0]
 [23 23 23 23 23  0  0  0  0  0  0  0  0  0  0  0  0  0  0]
 [11 11 11 11 11 11  0  0  0  0  0  0  0  0  0  0  0  0  0]
 [12 12 12  7  7  0  0  0  0  0  0  0  0  0  0  0  0  0  0]
 [17 17 17 25 25  0  0  0  0  0  0  0  0  0  0  0  0  0  0]
 [18 18 27 27 27  0  0  0  0  0  0  0  0  0  0  0  0  0  0]
 [20 20 20 20 27  0  0  0  0  0  0  0  0  0  0  0  0  0  0]
 [20 20 20 20 14  0  0  0  0  0  0  0  0  0  0  0  0  0  0]
 [23 23 26 23 23 23  0  0  0  0  0  0  0  0  0  0  0  0  0]]
valid: gen=0.0
reward: norm=0.954750616836824
[ 280 iterations]
real= [[ 1 25  7  0  0  0  0  0  0  0  0  0  0  0  0  0  0  0  0]
 [23  2 18  0  0  0  0  0  0  0  0  0  0  0  0  0  0  0  0]
 [17 25  0  0  0  0  0  0  0  0  0  0  0  0  0  0  0  0  0]
 [12  6  7 20  8  0  0  0  0  0  0  0  0  0  0  0  0  0  0]
 [13 26  9  1  0  0  0  0  0  0  0  0  0  0  0  0  0  0  0]
 [27  4  9 16 21 13 18 26  0  0  0  0  0  0  0  0  0  0  0]
 [ 5  8 28  1 13 26  0  0  0  0  0  0  0  0  0  0  0  0  0]
 [23 24 13  1  8  4 27  0  0  0  0  0  0  0  0  0  0  0  0]
 [27  0  0  0  0  0  0  0  0  0  0  0  0  0  0  0  0  0  0]
 [19  9  3 17 22 24  0  0  0  0  0  0  0  0  0  0  0  0  0]]
gen= [[25 25 25 25 25  7  7  0  0  0  0  0  0  0  0  0  0  0  0]
 [23 18 18 18 18 18 23  0  0  0  0  0  0  0  0  0  0  0  0]
 [17 17 17 25 25 25 25  0  0  0  0  0  0  0  0  0  0  0  0]
 [20 20 20 20 20 20 20  0  0  0  0  0  0  0  0  0  0  0  0]
 [26 26 26 26 26 26 26  0  0  0  0  0  0  0  0  0  0  0  0]
 [18 18 18 18 18 18 18  0  0  0  0  0  0  0  0  0  0  0  0]
 [28 26 26 26 26 26 26  0  0  0  0  0  0  0  0  0  0  0  0]
 [23 23 23 23 23 23 23  0  0  0  0  0  0  0  0  0  0  0  0]
 [27 27 27 27 27 27 27  0  0  0  0  0  0  0  0  0  0  0  0]
 [24 24 24 24 24 24 24  0  0  0  0  0  0  0  0  0  0  0  0]]
valid: gen=0.0
reward: norm=0.9215366138270837
[ 290 iterations]
real= [[28 22 15  0  0  0  0  0  0  0  0  0  0  0  0  0  0  0  0]
 [26  0  0  0  0  0  0  0  0  0  0  0  0  0  0  0  0  0  0]
 [23 20  0  0  0  0  0  0  0  0  0  0  0  0  0  0  0  0  0]
 [23  6 21 20  0  0  0  0  0  0  0  0  0  0  0  0  0  0  0]
 [10 24 22  0  0  0  0  0  0  0  0  0  0  0  0  0  0  0  0]
 [16  9  3 19  0  0  0  0  0  0  0  0  0  0  0  0  0  0  0]
 [ 7 20 15 10  1  0  0  0  0  0  0  0  0  0  0  0  0  0  0]
 [27 16 21  0  0  0  0  0  0  0  0  0  0  0  0  0  0  0  0]
 [ 3  0  0  0  0  0  0  0  0  0  0  0  0  0  0  0  0  0  0]
 [ 9  0  0  0  0  0  0  0  0  0  0  0  0  0  0  0  0  0  0]]
gen= [[28 28 28 28  0  0  0  0  0  0  0  0  0  0  0  0  0  0  0]
 [26 26 26 26 26  0  0  0  0  0  0  0  0  0  0  0  0  0  0]
 [23 23 23 23 23  0  0  0  0  0  0  0  0  0  0  0  0  0  0]
 [23 23 23 23 23  0  0  0  0  0  0  0  0  0  0  0  0  0  0]
 [10 24 24 24  0  0  0  0  0  0  0  0  0  0  0  0  0  0  0]
 [16 16 16 16  0  0  0  0  0  0  0  0  0  0  0  0  0  0  0]
 [20 20 20 20 20  0  0  0  0  0  0  0  0  0  0  0  0  0  0]
 [27 27 27 27  0  0  0  0  0  0  0  0  0  0  0  0  0  0  0]
 [ 0  3  3  3  0  0  0  0  0  0  0  0  0  0  0  0  0  0  0]
 [ 9  9  9  9  0  0  0  0  0  0  0  0  0  0  0  0  0  0  0]]
valid: gen=0.0
reward: norm=0.9676302612513531
[ 300 iterations]
real= [[26 20  0  0  0  0  0  0  0  0  0  0  0  0  0  0  0  0  0]
 [ 8  4  9 17 21 24 15  0  0  0  0  0  0  0  0  0  0  0  0]
 [14 16 21  5  0  0  0  0  0  0  0  0  0  0  0  0  0  0  0]
 [12  0  0  0  0  0  0  0  0  0  0  0  0  0  0  0  0  0  0]
 [23  6 24 10  1  5 27  0  0  0  0  0  0  0  0  0  0  0  0]
 [21  0  0  0  0  0  0  0  0  0  0  0  0  0  0  0  0  0  0]
 [17  0  0  0  0  0  0  0  0  0  0  0  0  0  0  0  0  0  0]
 [16  1  0  0  0  0  0  0  0  0  0  0  0  0  0  0  0  0  0]
 [13 20  0  0  0  0  0  0  0  0  0  0  0  0  0  0  0  0  0]
 [20 25  0  0  0  0  0  0  0  0  0  0  0  0  0  0  0  0  0]]
gen= [[26 20 20  0  0  0  0  0  0  0  0  0  0  0  0  0  0  0  0]
 [17 24 24  0  0  0  0  0  0  0  0  0  0  0  0  0  0  0  0]
 [14 14  5  0  0  0  0  0  0  0  0  0  0  0  0  0  0  0  0]
 [12 12 12  0  0  0  0  0  0  0  0  0  0  0  0  0  0  0  0]
 [23 23 23  0  0  0  0  0  0  0  0  0  0  0  0  0  0  0  0]
 [21 21 21  0  0  0  0  0  0  0  0  0  0  0  0  0  0  0  0]
 [17 17 17  0  0  0  0  0  0  0  0  0  0  0  0  0  0  0  0]
 [16 16 16  0  0  0  0  0  0  0  0  0  0  0  0  0  0  0  0]
 [20 20 20  0  0  0  0  0  0  0  0  0  0  0  0  0  0  0  0]
 [20 20 20  0  0  0  0  0  0  0  0  0  0  0  0  0  0  0  0]]
valid: gen=0.002
reward: norm=0.9766573762762961
[ 310 iterations]
real= [[18 19 28  4  8  0  0  0  0  0  0  0  0  0  0  0  0  0  0]
 [18  0  0  0  0  0  0  0  0  0  0  0  0  0  0  0  0  0  0]
 [26 21  3 12 20  4  8  0  0  0  0  0  0  0  0  0  0  0  0]
 [27  7  9 13  3 12  1  5  0  0  0  0  0  0  0  0  0  0  0]
 [ 1 25  3  0  0  0  0  0  0  0  0  0  0  0  0  0  0  0  0]
 [26 23 19 17 13 14  3 12  1  5  0  0  0  0  0  0  0  0  0]
 [ 1  0  0  0  0  0  0  0  0  0  0  0  0  0  0  0  0  0  0]
 [25  0  0  0  0  0  0  0  0  0  0  0  0  0  0  0  0  0  0]
 [ 8  0  0  0  0  0  0  0  0  0  0  0  0  0  0  0  0  0  0]
 [ 7 17  3  6  0  0  0  0  0  0  0  0  0  0  0  0  0  0  0]]
gen= [[18 18  0  0  0  0  0  0  0  0  0  0  0  0  0  0  0  0  0]
 [18 18 18  0  0  0  0  0  0  0  0  0  0  0  0  0  0  0  0]
 [26 26  0  0  0  0  0  0  0  0  0  0  0  0  0  0  0  0  0]
 [ 5  5  0  0  0  0  0  0  0  0  0  0  0  0  0  0  0  0  0]
 [25 25  0  0  0  0  0  0  0  0  0  0  0  0  0  0  0  0  0]
 [26  5  0  0  0  0  0  0  0  0  0  0  0  0  0  0  0  0  0]
 [ 1  1  0  0  0  0  0  0  0  0  0  0  0  0  0  0  0  0  0]
 [25 25  0  0  0  0  0  0  0  0  0  0  0  0  0  0  0  0  0]
 [ 8  8  0  0  0  0  0  0  0  0  0  0  0  0  0  0  0  0  0]
 [ 6  6  0  0  0  0  0  0  0  0  0  0  0  0  0  0  0  0  0]]
valid: gen=0.012
reward: norm=0.9613721439780515
[ 320 iterations]
real= [[27  6 18 12 19  3 15  0  0  0  0  0  0  0  0  0  0  0  0]
 [ 5 25  9  2  0  0  0  0  0  0  0  0  0  0  0  0  0  0  0]
 [14 17 13 16 23  7  0  0  0  0  0  0  0  0  0  0  0  0  0]
 [11  0  0  0  0  0  0  0  0  0  0  0  0  0  0  0  0  0  0]
 [12  8  7  0  0  0  0  0  0  0  0  0  0  0  0  0  0  0  0]
 [ 7 10 13 17  9  1 25  0  0  0  0  0  0  0  0  0  0  0  0]
 [27  8  4 21 14  3 18 12  0  0  0  0  0  0  0  0  0  0  0]
 [14 24  7 20 27  0  0  0  0  0  0  0  0  0  0  0  0  0  0]
 [26 24 14 17 19  1 20  8  0  0  0  0  0  0  0  0  0  0  0]
 [23 10  3  9  1 22 26  0  0  0  0  0  0  0  0  0  0  0  0]]
gen= [[18 18  6  0  0  0  0  0  0  0  0  0  0  0  0  0  0  0  0]
 [ 5  5  5  0  0  0  0  0  0  0  0  0  0  0  0  0  0  0  0]
 [23 23 23  0  0  0  0  0  0  0  0  0  0  0  0  0  0  0  0]
 [11 11 11  0  0  0  0  0  0  0  0  0  0  0  0  0  0  0  0]
 [12 12 12  0  0  0  0  0  0  0  0  0  0  0  0  0  0  0  0]
 [25 25 10  0  0  0  0  0  0  0  0  0  0  0  0  0  0  0  0]
 [14 14 27  0  0  0  0  0  0  0  0  0  0  0  0  0  0  0  0]
 [14 14 20  0  0  0  0  0  0  0  0  0  0  0  0  0  0  0  0]
 [26 26 26  0  0  0  0  0  0  0  0  0  0  0  0  0  0  0  0]
 [23 26 26  0  0  0  0  0  0  0  0  0  0  0  0  0  0  0  0]]
valid: gen=0.0
reward: norm=0.9750730892908491
[ 330 iterations]
real= [[ 1 25  7  0  0  0  0  0  0  0  0  0  0  0  0  0  0  0  0]
 [23  2 18  0  0  0  0  0  0  0  0  0  0  0  0  0  0  0  0]
 [17 25  0  0  0  0  0  0  0  0  0  0  0  0  0  0  0  0  0]
 [12  6  7 20  8  0  0  0  0  0  0  0  0  0  0  0  0  0  0]
 [13 26  9  1  0  0  0  0  0  0  0  0  0  0  0  0  0  0  0]
 [27  4  9 16 21 13 18 26  0  0  0  0  0  0  0  0  0  0  0]
 [ 5  8 28  1 13 26  0  0  0  0  0  0  0  0  0  0  0  0  0]
 [23 24 13  1  8  4 27  0  0  0  0  0  0  0  0  0  0  0  0]
 [27  0  0  0  0  0  0  0  0  0  0  0  0  0  0  0  0  0  0]
 [19  9  3 17 22 24  0  0  0  0  0  0  0  0  0  0  0  0  0]]
gen= [[ 7  7  7  7  0  0  0  0  0  0  0  0  0  0  0  0  0  0  0]
 [23 23 23 23  0  0  0  0  0  0  0  0  0  0  0  0  0  0  0]
 [17 25 25 25  0  0  0  0  0  0  0  0  0  0  0  0  0  0  0]
 [ 6  6  6  6  0  0  0  0  0  0  0  0  0  0  0  0  0  0  0]
 [26 26 26 26  0  0  0  0  0  0  0  0  0  0  0  0  0  0  0]
 [26 26 26 26  0  0  0  0  0  0  0  0  0  0  0  0  0  0  0]
 [26 26 26 26  0  0  0  0  0  0  0  0  0  0  0  0  0  0  0]
 [23 23 23 23  0  0  0  0  0  0  0  0  0  0  0  0  0  0  0]
 [27 27 27 27 27  0  0  0  0  0  0  0  0  0  0  0  0  0  0]
 [24 24 24  0  0  0  0  0  0  0  0  0  0  0  0  0  0  0  0]]
valid: gen=0.0
reward: norm=0.9733372756831613
[ 340 iterations]
real= [[28 22 15  0  0  0  0  0  0  0  0  0  0  0  0  0  0  0  0]
 [26  0  0  0  0  0  0  0  0  0  0  0  0  0  0  0  0  0  0]
 [23 20  0  0  0  0  0  0  0  0  0  0  0  0  0  0  0  0  0]
 [23  6 21 20  0  0  0  0  0  0  0  0  0  0  0  0  0  0  0]
 [10 24 22  0  0  0  0  0  0  0  0  0  0  0  0  0  0  0  0]
 [16  9  3 19  0  0  0  0  0  0  0  0  0  0  0  0  0  0  0]
 [ 7 20 15 10  1  0  0  0  0  0  0  0  0  0  0  0  0  0  0]
 [27 16 21  0  0  0  0  0  0  0  0  0  0  0  0  0  0  0  0]
 [ 3  0  0  0  0  0  0  0  0  0  0  0  0  0  0  0  0  0  0]
 [ 9  0  0  0  0  0  0  0  0  0  0  0  0  0  0  0  0  0  0]]
gen= [[28 28 28 28 28  0  0  0  0  0  0  0  0  0  0  0  0  0  0]
 [26 26 26 26 26 26  0  0  0  0  0  0  0  0  0  0  0  0  0]
 [23 23 23 23 23  0  0  0  0  0  0  0  0  0  0  0  0  0  0]
 [23  6  6  6  6  0  0  0  0  0  0  0  0  0  0  0  0  0  0]
 [10 10 10 10 10 10  0  0  0  0  0  0  0  0  0  0  0  0  0]
 [16 16 16 16 16  0  0  0  0  0  0  0  0  0  0  0  0  0  0]
 [20 20 20 10 10  0  0  0  0  0  0  0  0  0  0  0  0  0  0]
 [27 27 27 27 27  0  0  0  0  0  0  0  0  0  0  0  0  0  0]
 [ 0  0  3  3  0  0  0  0  0  0  0  0  0  0  0  0  0  0  0]
 [ 9  9  9  9  9  0  0  0  0  0  0  0  0  0  0  0  0  0  0]]
valid: gen=0.0
reward: norm=0.9552729038445876
[ 350 iterations]
real= [[26 20  0  0  0  0  0  0  0  0  0  0  0  0  0  0  0  0  0]
 [ 8  4  9 17 21 24 15  0  0  0  0  0  0  0  0  0  0  0  0]
 [14 16 21  5  0  0  0  0  0  0  0  0  0  0  0  0  0  0  0]
 [12  0  0  0  0  0  0  0  0  0  0  0  0  0  0  0  0  0  0]
 [23  6 24 10  1  5 27  0  0  0  0  0  0  0  0  0  0  0  0]
 [21  0  0  0  0  0  0  0  0  0  0  0  0  0  0  0  0  0  0]
 [17  0  0  0  0  0  0  0  0  0  0  0  0  0  0  0  0  0  0]
 [16  1  0  0  0  0  0  0  0  0  0  0  0  0  0  0  0  0  0]
 [13 20  0  0  0  0  0  0  0  0  0  0  0  0  0  0  0  0  0]
 [20 25  0  0  0  0  0  0  0  0  0  0  0  0  0  0  0  0  0]]
gen= [[26 26 26 26 26  0  0  0  0  0  0  0  0  0  0  0  0  0  0]
 [17 24 24 24 24  0  0  0  0  0  0  0  0  0  0  0  0  0  0]
 [14 14  5  5  5  0  0  0  0  0  0  0  0  0  0  0  0  0  0]
 [12 12 12 12 12  0  0  0  0  0  0  0  0  0  0  0  0  0  0]
 [ 6  6  6  6  5  5  0  0  0  0  0  0  0  0  0  0  0  0  0]
 [21 21 21 21  0  0  0  0  0  0  0  0  0  0  0  0  0  0  0]
 [17 17 17 17 17  0  0  0  0  0  0  0  0  0  0  0  0  0  0]
 [16 16 16 16 16  0  0  0  0  0  0  0  0  0  0  0  0  0  0]
 [20 20 20 20 20  0  0  0  0  0  0  0  0  0  0  0  0  0  0]
 [20 20 20 20 20  0  0  0  0  0  0  0  0  0  0  0  0  0  0]]
valid: gen=0.0
reward: norm=0.9643907236155081
[ 360 iterations]
real= [[18 19 28  4  8  0  0  0  0  0  0  0  0  0  0  0  0  0  0]
 [18  0  0  0  0  0  0  0  0  0  0  0  0  0  0  0  0  0  0]
 [26 21  3 12 20  4  8  0  0  0  0  0  0  0  0  0  0  0  0]
 [27  7  9 13  3 12  1  5  0  0  0  0  0  0  0  0  0  0  0]
 [ 1 25  3  0  0  0  0  0  0  0  0  0  0  0  0  0  0  0  0]
 [26 23 19 17 13 14  3 12  1  5  0  0  0  0  0  0  0  0  0]
 [ 1  0  0  0  0  0  0  0  0  0  0  0  0  0  0  0  0  0  0]
 [25  0  0  0  0  0  0  0  0  0  0  0  0  0  0  0  0  0  0]
 [ 8  0  0  0  0  0  0  0  0  0  0  0  0  0  0  0  0  0  0]
 [ 7 17  3  6  0  0  0  0  0  0  0  0  0  0  0  0  0  0  0]]
gen= [[28 28 28 28  0  0  0  0  0  0  0  0  0  0  0  0  0  0  0]
 [18 18 18 18  0  0  0  0  0  0  0  0  0  0  0  0  0  0  0]
 [26 26 26 26  0  0  0  0  0  0  0  0  0  0  0  0  0  0  0]
 [ 5  5  5  5  0  0  0  0  0  0  0  0  0  0  0  0  0  0  0]
 [25 25 25 25  0  0  0  0  0  0  0  0  0  0  0  0  0  0  0]
 [26 26 26 26 26  0  0  0  0  0  0  0  0  0  0  0  0  0  0]
 [ 1  1  1  0  0  0  0  0  0  0  0  0  0  0  0  0  0  0  0]
 [25 25 25 25 25  0  0  0  0  0  0  0  0  0  0  0  0  0  0]
 [ 8  8  8  0  0  0  0  0  0  0  0  0  0  0  0  0  0  0  0]
 [ 6  6  6  6  6  0  0  0  0  0  0  0  0  0  0  0  0  0  0]]
valid: gen=0.0
reward: norm=0.9750982044567615
[ 370 iterations]
real= [[27  6 18 12 19  3 15  0  0  0  0  0  0  0  0  0  0  0  0]
 [ 5 25  9  2  0  0  0  0  0  0  0  0  0  0  0  0  0  0  0]
 [14 17 13 16 23  7  0  0  0  0  0  0  0  0  0  0  0  0  0]
 [11  0  0  0  0  0  0  0  0  0  0  0  0  0  0  0  0  0  0]
 [12  8  7  0  0  0  0  0  0  0  0  0  0  0  0  0  0  0  0]
 [ 7 10 13 17  9  1 25  0  0  0  0  0  0  0  0  0  0  0  0]
 [27  8  4 21 14  3 18 12  0  0  0  0  0  0  0  0  0  0  0]
 [14 24  7 20 27  0  0  0  0  0  0  0  0  0  0  0  0  0  0]
 [26 24 14 17 19  1 20  8  0  0  0  0  0  0  0  0  0  0  0]
 [23 10  3  9  1 22 26  0  0  0  0  0  0  0  0  0  0  0  0]]
gen= [[ 6  6  6  6  0  0  0  0  0  0  0  0  0  0  0  0  0  0  0]
 [ 5  5  5  5  0  0  0  0  0  0  0  0  0  0  0  0  0  0  0]
 [14 14 13 13  0  0  0  0  0  0  0  0  0  0  0  0  0  0  0]
 [11 11 11 11  0  0  0  0  0  0  0  0  0  0  0  0  0  0  0]
 [12 12  7  0  0  0  0  0  0  0  0  0  0  0  0  0  0  0  0]
 [13 10 10 10  0  0  0  0  0  0  0  0  0  0  0  0  0  0  0]
 [14 14 14 14  0  0  0  0  0  0  0  0  0  0  0  0  0  0  0]
 [14 20 20 20  0  0  0  0  0  0  0  0  0  0  0  0  0  0  0]
 [26 26 26 26  0  0  0  0  0  0  0  0  0  0  0  0  0  0  0]
 [26 26 26 26  0  0  0  0  0  0  0  0  0  0  0  0  0  0  0]]
valid: gen=0.0
reward: norm=0.9921164492436836
[ 380 iterations]
real= [[ 1 25  7  0  0  0  0  0  0  0  0  0  0  0  0  0  0  0  0]
 [23  2 18  0  0  0  0  0  0  0  0  0  0  0  0  0  0  0  0]
 [17 25  0  0  0  0  0  0  0  0  0  0  0  0  0  0  0  0  0]
 [12  6  7 20  8  0  0  0  0  0  0  0  0  0  0  0  0  0  0]
 [13 26  9  1  0  0  0  0  0  0  0  0  0  0  0  0  0  0  0]
 [27  4  9 16 21 13 18 26  0  0  0  0  0  0  0  0  0  0  0]
 [ 5  8 28  1 13 26  0  0  0  0  0  0  0  0  0  0  0  0  0]
 [23 24 13  1  8  4 27  0  0  0  0  0  0  0  0  0  0  0  0]
 [27  0  0  0  0  0  0  0  0  0  0  0  0  0  0  0  0  0  0]
 [19  9  3 17 22 24  0  0  0  0  0  0  0  0  0  0  0  0  0]]
gen= [[25 25 25 25  0  0  0  0  0  0  0  0  0  0  0  0  0  0  0]
 [ 2  2  2  2  0  0  0  0  0  0  0  0  0  0  0  0  0  0  0]
 [25 25 25 25  0  0  0  0  0  0  0  0  0  0  0  0  0  0  0]
 [ 6  6  6  6  0  0  0  0  0  0  0  0  0  0  0  0  0  0  0]
 [26 26 26 26  0  0  0  0  0  0  0  0  0  0  0  0  0  0  0]
 [26 26 26 26  0  0  0  0  0  0  0  0  0  0  0  0  0  0  0]
 [26 26 26 26  0  0  0  0  0  0  0  0  0  0  0  0  0  0  0]
 [13 13 13 13  0  0  0  0  0  0  0  0  0  0  0  0  0  0  0]
 [27 27 27 27  0  0  0  0  0  0  0  0  0  0  0  0  0  0  0]
 [24 24 24 24  0  0  0  0  0  0  0  0  0  0  0  0  0  0  0]]
valid: gen=0.0
reward: norm=0.9874390002055687
[ 390 iterations]
real= [[28 22 15  0  0  0  0  0  0  0  0  0  0  0  0  0  0  0  0]
 [26  0  0  0  0  0  0  0  0  0  0  0  0  0  0  0  0  0  0]
 [23 20  0  0  0  0  0  0  0  0  0  0  0  0  0  0  0  0  0]
 [23  6 21 20  0  0  0  0  0  0  0  0  0  0  0  0  0  0  0]
 [10 24 22  0  0  0  0  0  0  0  0  0  0  0  0  0  0  0  0]
 [16  9  3 19  0  0  0  0  0  0  0  0  0  0  0  0  0  0  0]
 [ 7 20 15 10  1  0  0  0  0  0  0  0  0  0  0  0  0  0  0]
 [27 16 21  0  0  0  0  0  0  0  0  0  0  0  0  0  0  0  0]
 [ 3  0  0  0  0  0  0  0  0  0  0  0  0  0  0  0  0  0  0]
 [ 9  0  0  0  0  0  0  0  0  0  0  0  0  0  0  0  0  0  0]]
gen= [[28 28 28 28 28  0  0  0  0  0  0  0  0  0  0  0  0  0  0]
 [26 26 26 26 26  0  0  0  0  0  0  0  0  0  0  0  0  0  0]
 [20 20 20 20 20  0  0  0  0  0  0  0  0  0  0  0  0  0  0]
 [ 6  6  6  6  6 20  0  0  0  0  0  0  0  0  0  0  0  0  0]
 [10 10 10 10 10  0  0  0  0  0  0  0  0  0  0  0  0  0  0]
 [16 16 16 16  0  0  0  0  0  0  0  0  0  0  0  0  0  0  0]
 [20 20 20 20 20  0  0  0  0  0  0  0  0  0  0  0  0  0  0]
 [16 16 16 16 16  0  0  0  0  0  0  0  0  0  0  0  0  0  0]
 [ 3  3  3  0  0  0  0  0  0  0  0  0  0  0  0  0  0  0  0]
 [ 9  9  9  9  0  0  0  0  0  0  0  0  0  0  0  0  0  0  0]]
valid: gen=0.001
reward: norm=0.9756984000191959
[ 400 iterations]
real= [[26 20  0  0  0  0  0  0  0  0  0  0  0  0  0  0  0  0  0]
 [ 8  4  9 17 21 24 15  0  0  0  0  0  0  0  0  0  0  0  0]
 [14 16 21  5  0  0  0  0  0  0  0  0  0  0  0  0  0  0  0]
 [12  0  0  0  0  0  0  0  0  0  0  0  0  0  0  0  0  0  0]
 [23  6 24 10  1  5 27  0  0  0  0  0  0  0  0  0  0  0  0]
 [21  0  0  0  0  0  0  0  0  0  0  0  0  0  0  0  0  0  0]
 [17  0  0  0  0  0  0  0  0  0  0  0  0  0  0  0  0  0  0]
 [16  1  0  0  0  0  0  0  0  0  0  0  0  0  0  0  0  0  0]
 [13 20  0  0  0  0  0  0  0  0  0  0  0  0  0  0  0  0  0]
 [20 25  0  0  0  0  0  0  0  0  0  0  0  0  0  0  0  0  0]]
gen= [[26 26 26 26 26 26  0  0  0  0  0  0  0  0  0  0  0  0  0]
 [24 24 24 24 24  0  0  0  0  0  0  0  0  0  0  0  0  0  0]
 [14 14 16 16 16  0  0  0  0  0  0  0  0  0  0  0  0  0  0]
 [12 12 12 12  0  0  0  0  0  0  0  0  0  0  0  0  0  0  0]
 [ 6  6  6  6  6  6  0  0  0  0  0  0  0  0  0  0  0  0  0]
 [21 21 21  0  0  0  0  0  0  0  0  0  0  0  0  0  0  0  0]
 [17 17 17 17  0  0  0  0  0  0  0  0  0  0  0  0  0  0  0]
 [16 16 16 16 16  0  0  0  0  0  0  0  0  0  0  0  0  0  0]
 [20 20 20 20 20 20  0  0  0  0  0  0  0  0  0  0  0  0  0]
 [20 20 20 20 20  0  0  0  0  0  0  0  0  0  0  0  0  0  0]]
valid: gen=0.0
reward: norm=0.9758166737126235
[ 410 iterations]
real= [[18 19 28  4  8  0  0  0  0  0  0  0  0  0  0  0  0  0  0]
 [18  0  0  0  0  0  0  0  0  0  0  0  0  0  0  0  0  0  0]
 [26 21  3 12 20  4  8  0  0  0  0  0  0  0  0  0  0  0  0]
 [27  7  9 13  3 12  1  5  0  0  0  0  0  0  0  0  0  0  0]
 [ 1 25  3  0  0  0  0  0  0  0  0  0  0  0  0  0  0  0  0]
 [26 23 19 17 13 14  3 12  1  5  0  0  0  0  0  0  0  0  0]
 [ 1  0  0  0  0  0  0  0  0  0  0  0  0  0  0  0  0  0  0]
 [25  0  0  0  0  0  0  0  0  0  0  0  0  0  0  0  0  0  0]
 [ 8  0  0  0  0  0  0  0  0  0  0  0  0  0  0  0  0  0  0]
 [ 7 17  3  6  0  0  0  0  0  0  0  0  0  0  0  0  0  0  0]]
gen= [[28 19 19 19 19 19  0  0  0  0  0  0  0  0  0  0  0  0  0]
 [18 18 18 18  0  0  0  0  0  0  0  0  0  0  0  0  0  0  0]
 [26 26 26 26 26 26  0  0  0  0  0  0  0  0  0  0  0  0  0]
 [13 13 13 13 13 13 13  0  0  0  0  0  0  0  0  0  0  0  0]
 [25 25 25 25 25  0  0  0  0  0  0  0  0  0  0  0  0  0  0]
 [26 26 26 26 26 26 26 26 26  0  0  0  0  0  0  0  0  0  0]
 [ 1  1  1  1  0  0  0  0  0  0  0  0  0  0  0  0  0  0  0]
 [25 25 25 25  0  0  0  0  0  0  0  0  0  0  0  0  0  0  0]
 [ 8  8  8  8  0  0  0  0  0  0  0  0  0  0  0  0  0  0  0]
 [ 6  6  6  6  6  0  0  0  0  0  0  0  0  0  0  0  0  0  0]]
valid: gen=0.0
reward: norm=0.964574753559836
[ 420 iterations]
real= [[27  6 18 12 19  3 15  0  0  0  0  0  0  0  0  0  0  0  0]
 [ 5 25  9  2  0  0  0  0  0  0  0  0  0  0  0  0  0  0  0]
 [14 17 13 16 23  7  0  0  0  0  0  0  0  0  0  0  0  0  0]
 [11  0  0  0  0  0  0  0  0  0  0  0  0  0  0  0  0  0  0]
 [12  8  7  0  0  0  0  0  0  0  0  0  0  0  0  0  0  0  0]
 [ 7 10 13 17  9  1 25  0  0  0  0  0  0  0  0  0  0  0  0]
 [27  8  4 21 14  3 18 12  0  0  0  0  0  0  0  0  0  0  0]
 [14 24  7 20 27  0  0  0  0  0  0  0  0  0  0  0  0  0  0]
 [26 24 14 17 19  1 20  8  0  0  0  0  0  0  0  0  0  0  0]
 [23 10  3  9  1 22 26  0  0  0  0  0  0  0  0  0  0  0  0]]
gen= [[ 6  6 19 19 19  0  0  0  0  0  0  0  0  0  0  0  0  0  0]
 [ 2  2  2  2  2  0  0  0  0  0  0  0  0  0  0  0  0  0  0]
 [13 13 13 13 13  0  0  0  0  0  0  0  0  0  0  0  0  0  0]
 [11 11 11  0  0  0  0  0  0  0  0  0  0  0  0  0  0  0  0]
 [12  7  7  0  0  0  0  0  0  0  0  0  0  0  0  0  0  0  0]
 [13 10 10 10 13  0  0  0  0  0  0  0  0  0  0  0  0  0  0]
 [14 14 14 14  0  0  0  0  0  0  0  0  0  0  0  0  0  0  0]
 [20 20 20 20 20  0  0  0  0  0  0  0  0  0  0  0  0  0  0]
 [26 26 26 26 26  0  0  0  0  0  0  0  0  0  0  0  0  0  0]
 [26 26 26 26 26 26  0  0  0  0  0  0  0  0  0  0  0  0  0]]
valid: gen=0.0
reward: norm=0.9832467305406217
[ 430 iterations]
real= [[ 1 25  7  0  0  0  0  0  0  0  0  0  0  0  0  0  0  0  0]
 [23  2 18  0  0  0  0  0  0  0  0  0  0  0  0  0  0  0  0]
 [17 25  0  0  0  0  0  0  0  0  0  0  0  0  0  0  0  0  0]
 [12  6  7 20  8  0  0  0  0  0  0  0  0  0  0  0  0  0  0]
 [13 26  9  1  0  0  0  0  0  0  0  0  0  0  0  0  0  0  0]
 [27  4  9 16 21 13 18 26  0  0  0  0  0  0  0  0  0  0  0]
 [ 5  8 28  1 13 26  0  0  0  0  0  0  0  0  0  0  0  0  0]
 [23 24 13  1  8  4 27  0  0  0  0  0  0  0  0  0  0  0  0]
 [27  0  0  0  0  0  0  0  0  0  0  0  0  0  0  0  0  0  0]
 [19  9  3 17 22 24  0  0  0  0  0  0  0  0  0  0  0  0  0]]
gen= [[25 25 25 25  0  0  0  0  0  0  0  0  0  0  0  0  0  0  0]
 [ 2  2  2  2  0  0  0  0  0  0  0  0  0  0  0  0  0  0  0]
 [17 25 25  0  0  0  0  0  0  0  0  0  0  0  0  0  0  0  0]
 [20 20 20 20  0  0  0  0  0  0  0  0  0  0  0  0  0  0  0]
 [26 26 26 26  0  0  0  0  0  0  0  0  0  0  0  0  0  0  0]
 [26 26 26 26  0  0  0  0  0  0  0  0  0  0  0  0  0  0  0]
 [26 26 26 26 26  0  0  0  0  0  0  0  0  0  0  0  0  0  0]
 [24 24 24 24 24  0  0  0  0  0  0  0  0  0  0  0  0  0  0]
 [27 27 27 27  0  0  0  0  0  0  0  0  0  0  0  0  0  0  0]
 [19 24 24 24  0  0  0  0  0  0  0  0  0  0  0  0  0  0  0]]
valid: gen=0.0
reward: norm=0.9796153541012619
[ 440 iterations]
real= [[28 22 15  0  0  0  0  0  0  0  0  0  0  0  0  0  0  0  0]
 [26  0  0  0  0  0  0  0  0  0  0  0  0  0  0  0  0  0  0]
 [23 20  0  0  0  0  0  0  0  0  0  0  0  0  0  0  0  0  0]
 [23  6 21 20  0  0  0  0  0  0  0  0  0  0  0  0  0  0  0]
 [10 24 22  0  0  0  0  0  0  0  0  0  0  0  0  0  0  0  0]
 [16  9  3 19  0  0  0  0  0  0  0  0  0  0  0  0  0  0  0]
 [ 7 20 15 10  1  0  0  0  0  0  0  0  0  0  0  0  0  0  0]
 [27 16 21  0  0  0  0  0  0  0  0  0  0  0  0  0  0  0  0]
 [ 3  0  0  0  0  0  0  0  0  0  0  0  0  0  0  0  0  0  0]
 [ 9  0  0  0  0  0  0  0  0  0  0  0  0  0  0  0  0  0  0]]
gen= [[22 22 22 22  0  0  0  0  0  0  0  0  0  0  0  0  0  0  0]
 [26 26 26 26  0  0  0  0  0  0  0  0  0  0  0  0  0  0  0]
 [20 20 20 20 20  0  0  0  0  0  0  0  0  0  0  0  0  0  0]
 [ 6  6  6 20 21  0  0  0  0  0  0  0  0  0  0  0  0  0  0]
 [24 24 24 24 24  0  0  0  0  0  0  0  0  0  0  0  0  0  0]
 [19 19 19 19  0  0  0  0  0  0  0  0  0  0  0  0  0  0  0]
 [10 10  1  1  1  1  0  0  0  0  0  0  0  0  0  0  0  0  0]
 [16 21 21 21 21  0  0  0  0  0  0  0  0  0  0  0  0  0  0]
 [ 0  3  3  0  0  0  0  0  0  0  0  0  0  0  0  0  0  0  0]
 [ 9  9  9  9  0  0  0  0  0  0  0  0  0  0  0  0  0  0  0]]
valid: gen=0.004
reward: norm=0.9863223528342924
[ 450 iterations]
real= [[26 20  0  0  0  0  0  0  0  0  0  0  0  0  0  0  0  0  0]
 [ 8  4  9 17 21 24 15  0  0  0  0  0  0  0  0  0  0  0  0]
 [14 16 21  5  0  0  0  0  0  0  0  0  0  0  0  0  0  0  0]
 [12  0  0  0  0  0  0  0  0  0  0  0  0  0  0  0  0  0  0]
 [23  6 24 10  1  5 27  0  0  0  0  0  0  0  0  0  0  0  0]
 [21  0  0  0  0  0  0  0  0  0  0  0  0  0  0  0  0  0  0]
 [17  0  0  0  0  0  0  0  0  0  0  0  0  0  0  0  0  0  0]
 [16  1  0  0  0  0  0  0  0  0  0  0  0  0  0  0  0  0  0]
 [13 20  0  0  0  0  0  0  0  0  0  0  0  0  0  0  0  0  0]
 [20 25  0  0  0  0  0  0  0  0  0  0  0  0  0  0  0  0  0]]
gen= [[26 26 26 26 26  0  0  0  0  0  0  0  0  0  0  0  0  0  0]
 [21 24 24 24 24  0  0  0  0  0  0  0  0  0  0  0  0  0  0]
 [14 21 21 21 21  0  0  0  0  0  0  0  0  0  0  0  0  0  0]
 [12 12  0  0  0  0  0  0  0  0  0  0  0  0  0  0  0  0  0]
 [ 6 24  1  1  1  1  1  0  0  0  0  0  0  0  0  0  0  0  0]
 [21 21 21  0  0  0  0  0  0  0  0  0  0  0  0  0  0  0  0]
 [17 17 17 17  0  0  0  0  0  0  0  0  0  0  0  0  0  0  0]
 [ 1  1  1  1  0  0  0  0  0  0  0  0  0  0  0  0  0  0  0]
 [20 20 20 20  0  0  0  0  0  0  0  0  0  0  0  0  0  0  0]
 [25 25  0  0  0  0  0  0  0  0  0  0  0  0  0  0  0  0  0]]
valid: gen=0.007
reward: norm=0.9966972724915814
[ 460 iterations]
real= [[18 19 28  4  8  0  0  0  0  0  0  0  0  0  0  0  0  0  0]
 [18  0  0  0  0  0  0  0  0  0  0  0  0  0  0  0  0  0  0]
 [26 21  3 12 20  4  8  0  0  0  0  0  0  0  0  0  0  0  0]
 [27  7  9 13  3 12  1  5  0  0  0  0  0  0  0  0  0  0  0]
 [ 1 25  3  0  0  0  0  0  0  0  0  0  0  0  0  0  0  0  0]
 [26 23 19 17 13 14  3 12  1  5  0  0  0  0  0  0  0  0  0]
 [ 1  0  0  0  0  0  0  0  0  0  0  0  0  0  0  0  0  0  0]
 [25  0  0  0  0  0  0  0  0  0  0  0  0  0  0  0  0  0  0]
 [ 8  0  0  0  0  0  0  0  0  0  0  0  0  0  0  0  0  0  0]
 [ 7 17  3  6  0  0  0  0  0  0  0  0  0  0  0  0  0  0  0]]
gen= [[18 19  4  4  4  0  0  0  0  0  0  0  0  0  0  0  0  0  0]
 [18 18  0  0  0  0  0  0  0  0  0  0  0  0  0  0  0  0  0]
 [26 26 21 21  4  4  0  0  0  0  0  0  0  0  0  0  0  0  0]
 [12  1  1  1  1  1  1  1  0  0  0  0  0  0  0  0  0  0  0]
 [25  1  1  1  0  0  0  0  0  0  0  0  0  0  0  0  0  0  0]
 [26  1  1  1  1  1  1  0  0  0  0  0  0  0  0  0  0  0  0]
 [ 1  1  1  1  0  0  0  0  0  0  0  0  0  0  0  0  0  0  0]
 [25  0  0  0  0  0  0  0  0  0  0  0  0  0  0  0  0  0  0]
 [ 8  0  0  0  0  0  0  0  0  0  0  0  0  0  0  0  0  0  0]
 [ 6  6  6 17  0  0  0  0  0  0  0  0  0  0  0  0  0  0  0]]
valid: gen=0.023
reward: norm=0.9878665329479133
[ 470 iterations]
real= [[27  6 18 12 19  3 15  0  0  0  0  0  0  0  0  0  0  0  0]
 [ 5 25  9  2  0  0  0  0  0  0  0  0  0  0  0  0  0  0  0]
 [14 17 13 16 23  7  0  0  0  0  0  0  0  0  0  0  0  0  0]
 [11  0  0  0  0  0  0  0  0  0  0  0  0  0  0  0  0  0  0]
 [12  8  7  0  0  0  0  0  0  0  0  0  0  0  0  0  0  0  0]
 [ 7 10 13 17  9  1 25  0  0  0  0  0  0  0  0  0  0  0  0]
 [27  8  4 21 14  3 18 12  0  0  0  0  0  0  0  0  0  0  0]
 [14 24  7 20 27  0  0  0  0  0  0  0  0  0  0  0  0  0  0]
 [26 24 14 17 19  1 20  8  0  0  0  0  0  0  0  0  0  0  0]
 [23 10  3  9  1 22 26  0  0  0  0  0  0  0  0  0  0  0  0]]
gen= [[ 6  6  6 15 15  0  0  0  0  0  0  0  0  0  0  0  0  0  0]
 [ 2  2  9  9  0  0  0  0  0  0  0  0  0  0  0  0  0  0  0]
 [14 14 17 17  0  0  0  0  0  0  0  0  0  0  0  0  0  0  0]
 [11 11 11  0  0  0  0  0  0  0  0  0  0  0  0  0  0  0  0]
 [ 7  8  0  0  0  0  0  0  0  0  0  0  0  0  0  0  0  0  0]
 [ 7  1  1  1  0  0  0  0  0  0  0  0  0  0  0  0  0  0  0]
 [14  4  4  4  0  0  0  0  0  0  0  0  0  0  0  0  0  0  0]
 [14 24 24  0  0  0  0  0  0  0  0  0  0  0  0  0  0  0  0]
 [26 24  1  1  1  0  0  0  0  0  0  0  0  0  0  0  0  0  0]
 [26  1  1  1  1  0  0  0  0  0  0  0  0  0  0  0  0  0  0]]
valid: gen=0.039
reward: norm=0.979040813675881
[ 480 iterations]
real= [[ 1 25  7  0  0  0  0  0  0  0  0  0  0  0  0  0  0  0  0]
 [23  2 18  0  0  0  0  0  0  0  0  0  0  0  0  0  0  0  0]
 [17 25  0  0  0  0  0  0  0  0  0  0  0  0  0  0  0  0  0]
 [12  6  7 20  8  0  0  0  0  0  0  0  0  0  0  0  0  0  0]
 [13 26  9  1  0  0  0  0  0  0  0  0  0  0  0  0  0  0  0]
 [27  4  9 16 21 13 18 26  0  0  0  0  0  0  0  0  0  0  0]
 [ 5  8 28  1 13 26  0  0  0  0  0  0  0  0  0  0  0  0  0]
 [23 24 13  1  8  4 27  0  0  0  0  0  0  0  0  0  0  0  0]
 [27  0  0  0  0  0  0  0  0  0  0  0  0  0  0  0  0  0  0]
 [19  9  3 17 22 24  0  0  0  0  0  0  0  0  0  0  0  0  0]]
gen= [[ 7 25  1  0  0  0  0  0  0  0  0  0  0  0  0  0  0  0  0]
 [ 2  2  2  2  0  0  0  0  0  0  0  0  0  0  0  0  0  0  0]
 [17 25 25  0  0  0  0  0  0  0  0  0  0  0  0  0  0  0  0]
 [ 6  6  6  6  8  0  0  0  0  0  0  0  0  0  0  0  0  0  0]
 [ 9  9  1  0  0  0  0  0  0  0  0  0  0  0  0  0  0  0  0]
 [26  4  4  4  4  4  0  0  0  0  0  0  0  0  0  0  0  0  0]
 [26  8  1  1  1  0  0  0  0  0  0  0  0  0  0  0  0  0  0]
 [27 24  4  4  4  4  4  0  0  0  0  0  0  0  0  0  0  0  0]
 [27 27  0  0  0  0  0  0  0  0  0  0  0  0  0  0  0  0  0]
 [24 24  9  9  9  0  0  0  0  0  0  0  0  0  0  0  0  0  0]]
valid: gen=0.056
reward: norm=0.9680960716913798
[ 490 iterations]
real= [[28 22 15  0  0  0  0  0  0  0  0  0  0  0  0  0  0  0  0]
 [26  0  0  0  0  0  0  0  0  0  0  0  0  0  0  0  0  0  0]
 [23 20  0  0  0  0  0  0  0  0  0  0  0  0  0  0  0  0  0]
 [23  6 21 20  0  0  0  0  0  0  0  0  0  0  0  0  0  0  0]
 [10 24 22  0  0  0  0  0  0  0  0  0  0  0  0  0  0  0  0]
 [16  9  3 19  0  0  0  0  0  0  0  0  0  0  0  0  0  0  0]
 [ 7 20 15 10  1  0  0  0  0  0  0  0  0  0  0  0  0  0  0]
 [27 16 21  0  0  0  0  0  0  0  0  0  0  0  0  0  0  0  0]
 [ 3  0  0  0  0  0  0  0  0  0  0  0  0  0  0  0  0  0  0]
 [ 9  0  0  0  0  0  0  0  0  0  0  0  0  0  0  0  0  0  0]]
gen= [[28 15 15 15 15  0  0  0  0  0  0  0  0  0  0  0  0  0  0]
 [26 26 26 26  0  0  0  0  0  0  0  0  0  0  0  0  0  0  0]
 [ 0  0  0  0  0  0  0  0  0  0  0  0  0  0  0  0  0  0  0]
 [ 6  6  6 21  0  0  0  0  0  0  0  0  0  0  0  0  0  0  0]
 [24 24  0  0  0  0  0  0  0  0  0  0  0  0  0  0  0  0  0]
 [ 9  0  0  0  0  0  0  0  0  0  0  0  0  0  0  0  0  0  0]
 [ 7 15  1  1  0  0  0  0  0  0  0  0  0  0  0  0  0  0  0]
 [16 21 21  0  0  0  0  0  0  0  0  0  0  0  0  0  0  0  0]
 [ 3  3  3  0  0  0  0  0  0  0  0  0  0  0  0  0  0  0  0]
 [ 9  0  0  0  0  0  0  0  0  0  0  0  0  0  0  0  0  0  0]]
valid: gen=0.051
reward: norm=0.95599861786035
