read problem
[ 10 iterations]
real= [[18 19 28  4  8  0  0  0  0  0  0  0  0  0  0  0  0  0  0]
 [18  0  0  0  0  0  0  0  0  0  0  0  0  0  0  0  0  0  0]
 [26 21  3 12 20  4  8  0  0  0  0  0  0  0  0  0  0  0  0]
 [27  7  9 13  3 12  1  5  0  0  0  0  0  0  0  0  0  0  0]
 [ 1 25  3  0  0  0  0  0  0  0  0  0  0  0  0  0  0  0  0]
 [26 23 19 17 13 14  3 12  1  5  0  0  0  0  0  0  0  0  0]
 [ 1  0  0  0  0  0  0  0  0  0  0  0  0  0  0  0  0  0  0]
 [25  0  0  0  0  0  0  0  0  0  0  0  0  0  0  0  0  0  0]
 [ 8  0  0  0  0  0  0  0  0  0  0  0  0  0  0  0  0  0  0]
 [ 7 17  3  6  0  0  0  0  0  0  0  0  0  0  0  0  0  0  0]]
gen= [[ 4 18 28  8  0  0  0  0  0  0  0  0  0  0  0  0  0  0  0]
 [18  0  0  0  0  0  0  0  0  0  0  0  0  0  0  0  0  0  0]
 [26  8  3 12 20  0  0  0  0  0  0  0  0  0  0  0  0  0  0]
 [27 12  9  3  5  7  0  0  0  0  0  0  0  0  0  0  0  0  0]
 [ 3 25  1  0  0  0  0  0  0  0  0  0  0  0  0  0  0  0  0]
 [ 3 19 23 26 12  1  0  0  0  0  0  0  0  0  0  0  0  0  0]
 [ 1  0  0  0  0  0  0  0  0  0  0  0  0  0  0  0  0  0  0]
 [25  0  0  0  0  0  0  0  0  0  0  0  0  0  0  0  0  0  0]
 [ 8  0  0  0  0  0  0  0  0  0  0  0  0  0  0  0  0  0  0]
 [ 3 17  6  7  0  0  0  0  0  0  0  0  0  0  0  0  0  0  0]]
valid: gen=0.558
reward: norm=0.9496199441047003
[ 20 iterations]
real= [[27  6 18 12 19  3 15  0  0  0  0  0  0  0  0  0  0  0  0]
 [ 5 25  9  2  0  0  0  0  0  0  0  0  0  0  0  0  0  0  0]
 [14 17 13 16 23  7  0  0  0  0  0  0  0  0  0  0  0  0  0]
 [11  0  0  0  0  0  0  0  0  0  0  0  0  0  0  0  0  0  0]
 [12  8  7  0  0  0  0  0  0  0  0  0  0  0  0  0  0  0  0]
 [ 7 10 13 17  9  1 25  0  0  0  0  0  0  0  0  0  0  0  0]
 [27  8  4 21 14  3 18 12  0  0  0  0  0  0  0  0  0  0  0]
 [14 24  7 20 27  0  0  0  0  0  0  0  0  0  0  0  0  0  0]
 [26 24 14 17 19  1 20  8  0  0  0  0  0  0  0  0  0  0  0]
 [23 10  3  9  1 22 26  0  0  0  0  0  0  0  0  0  0  0  0]]
gen= [[27  6  3 12 15 18  0  0  0  0  0  0  0  0  0  0  0  0  0]
 [ 2  9 25  5  0  0  0  0  0  0  0  0  0  0  0  0  0  0  0]
 [ 7 13 16  0  0  0  0  0  0  0  0  0  0  0  0  0  0  0  0]
 [11  0  0  0  0  0  0  0  0  0  0  0  0  0  0  0  0  0  0]
 [ 7  8 12  0  0  0  0  0  0  0  0  0  0  0  0  0  0  0  0]
 [13  9 10  1  0  0  0  0  0  0  0  0  0  0  0  0  0  0  0]
 [ 3 18  8  4 12  0  0  0  0  0  0  0  0  0  0  0  0  0  0]
 [27  7 24 20 14  0  0  0  0  0  0  0  0  0  0  0  0  0  0]
 [24 14 17 19 26 20  0  0  0  0  0  0  0  0  0  0  0  0  0]
 [ 3 23 22  9 26  0  0  0  0  0  0  0  0  0  0  0  0  0  0]]
valid: gen=0.568
reward: norm=0.9451172152488315
[ 30 iterations]
real= [[ 1 25  7  0  0  0  0  0  0  0  0  0  0  0  0  0  0  0  0]
 [23  2 18  0  0  0  0  0  0  0  0  0  0  0  0  0  0  0  0]
 [17 25  0  0  0  0  0  0  0  0  0  0  0  0  0  0  0  0  0]
 [12  6  7 20  8  0  0  0  0  0  0  0  0  0  0  0  0  0  0]
 [13 26  9  1  0  0  0  0  0  0  0  0  0  0  0  0  0  0  0]
 [27  4  9 16 21 13 18 26  0  0  0  0  0  0  0  0  0  0  0]
 [ 5  8 28  1 13 26  0  0  0  0  0  0  0  0  0  0  0  0  0]
 [23 24 13  1  8  4 27  0  0  0  0  0  0  0  0  0  0  0  0]
 [27  0  0  0  0  0  0  0  0  0  0  0  0  0  0  0  0  0  0]
 [19  9  3 17 22 24  0  0  0  0  0  0  0  0  0  0  0  0  0]]
gen= [[25  7  1  0  0  0  0  0  0  0  0  0  0  0  0  0  0  0  0]
 [ 2 18 23  0  0  0  0  0  0  0  0  0  0  0  0  0  0  0  0]
 [25 17  0  0  0  0  0  0  0  0  0  0  0  0  0  0  0  0  0]
 [ 8  7  6 20  0  0  0  0  0  0  0  0  0  0  0  0  0  0  0]
 [13  1  9 26  0  0  0  0  0  0  0  0  0  0  0  0  0  0  0]
 [21 13  9 18 26  0  0  0  0  0  0  0  0  0  0  0  0  0  0]
 [13  1 26  5  0  0  0  0  0  0  0  0  0  0  0  0  0  0  0]
 [13  4 23 27  0  0  0  0  0  0  0  0  0  0  0  0  0  0  0]
 [27  0  0  0  0  0  0  0  0  0  0  0  0  0  0  0  0  0  0]
 [ 3 22  9 19  0  0  0  0  0  0  0  0  0  0  0  0  0  0  0]]
valid: gen=0.544
reward: norm=0.9398755330575839
[ 40 iterations]
real= [[28 22 15  0  0  0  0  0  0  0  0  0  0  0  0  0  0  0  0]
 [26  0  0  0  0  0  0  0  0  0  0  0  0  0  0  0  0  0  0]
 [23 20  0  0  0  0  0  0  0  0  0  0  0  0  0  0  0  0  0]
 [23  6 21 20  0  0  0  0  0  0  0  0  0  0  0  0  0  0  0]
 [10 24 22  0  0  0  0  0  0  0  0  0  0  0  0  0  0  0  0]
 [16  9  3 19  0  0  0  0  0  0  0  0  0  0  0  0  0  0  0]
 [ 7 20 15 10  1  0  0  0  0  0  0  0  0  0  0  0  0  0  0]
 [27 16 21  0  0  0  0  0  0  0  0  0  0  0  0  0  0  0  0]
 [ 3  0  0  0  0  0  0  0  0  0  0  0  0  0  0  0  0  0  0]
 [ 9  0  0  0  0  0  0  0  0  0  0  0  0  0  0  0  0  0  0]]
gen= [[15 22 28  0  0  0  0  0  0  0  0  0  0  0  0  0  0  0  0]
 [26  0  0  0  0  0  0  0  0  0  0  0  0  0  0  0  0  0  0]
 [20 23  0  0  0  0  0  0  0  0  0  0  0  0  0  0  0  0  0]
 [21  6 23  0  0  0  0  0  0  0  0  0  0  0  0  0  0  0  0]
 [22 10 24  0  0  0  0  0  0  0  0  0  0  0  0  0  0  0  0]
 [ 3 16  9 19  0  0  0  0  0  0  0  0  0  0  0  0  0  0  0]
 [15  7 10  1 20  0  0  0  0  0  0  0  0  0  0  0  0  0  0]
 [16 21 27  0  0  0  0  0  0  0  0  0  0  0  0  0  0  0  0]
 [ 3  0  0  0  0  0  0  0  0  0  0  0  0  0  0  0  0  0  0]
 [ 9  0  0  0  0  0  0  0  0  0  0  0  0  0  0  0  0  0  0]]
valid: gen=0.572
reward: norm=0.9395862042325893
[ 50 iterations]
real= [[26 20  0  0  0  0  0  0  0  0  0  0  0  0  0  0  0  0  0]
 [ 8  4  9 17 21 24 15  0  0  0  0  0  0  0  0  0  0  0  0]
 [14 16 21  5  0  0  0  0  0  0  0  0  0  0  0  0  0  0  0]
 [12  0  0  0  0  0  0  0  0  0  0  0  0  0  0  0  0  0  0]
 [23  6 24 10  1  5 27  0  0  0  0  0  0  0  0  0  0  0  0]
 [21  0  0  0  0  0  0  0  0  0  0  0  0  0  0  0  0  0  0]
 [17  0  0  0  0  0  0  0  0  0  0  0  0  0  0  0  0  0  0]
 [16  1  0  0  0  0  0  0  0  0  0  0  0  0  0  0  0  0  0]
 [13 20  0  0  0  0  0  0  0  0  0  0  0  0  0  0  0  0  0]
 [20 25  0  0  0  0  0  0  0  0  0  0  0  0  0  0  0  0  0]]
gen= [[26 20  0  0  0  0  0  0  0  0  0  0  0  0  0  0  0  0  0]
 [15 21  4  8  0  0  0  0  0  0  0  0  0  0  0  0  0  0  0]
 [21 16 14  5  0  0  0  0  0  0  0  0  0  0  0  0  0  0  0]
 [12  0  0  0  0  0  0  0  0  0  0  0  0  0  0  0  0  0  0]
 [23 24  5  1  0  0  0  0  0  0  0  0  0  0  0  0  0  0  0]
 [21  0  0  0  0  0  0  0  0  0  0  0  0  0  0  0  0  0  0]
 [17  0  0  0  0  0  0  0  0  0  0  0  0  0  0  0  0  0  0]
 [16  1  0  0  0  0  0  0  0  0  0  0  0  0  0  0  0  0  0]
 [13 20  0  0  0  0  0  0  0  0  0  0  0  0  0  0  0  0  0]
 [20 25  0  0  0  0  0  0  0  0  0  0  0  0  0  0  0  0  0]]
valid: gen=0.542
reward: norm=0.9496269455144226
[ 60 iterations]
real= [[18 19 28  4  8  0  0  0  0  0  0  0  0  0  0  0  0  0  0]
 [18  0  0  0  0  0  0  0  0  0  0  0  0  0  0  0  0  0  0]
 [26 21  3 12 20  4  8  0  0  0  0  0  0  0  0  0  0  0  0]
 [27  7  9 13  3 12  1  5  0  0  0  0  0  0  0  0  0  0  0]
 [ 1 25  3  0  0  0  0  0  0  0  0  0  0  0  0  0  0  0  0]
 [26 23 19 17 13 14  3 12  1  5  0  0  0  0  0  0  0  0  0]
 [ 1  0  0  0  0  0  0  0  0  0  0  0  0  0  0  0  0  0  0]
 [25  0  0  0  0  0  0  0  0  0  0  0  0  0  0  0  0  0  0]
 [ 8  0  0  0  0  0  0  0  0  0  0  0  0  0  0  0  0  0  0]
 [ 7 17  3  6  0  0  0  0  0  0  0  0  0  0  0  0  0  0  0]]
gen= [[18 19 28  8  4  0  0  0  0  0  0  0  0  0  0  0  0  0  0]
 [18  0  0  0  0  0  0  0  0  0  0  0  0  0  0  0  0  0  0]
 [ 3 21  8 20  0  0  0  0  0  0  0  0  0  0  0  0  0  0  0]
 [ 3 13  7  9  1  0  0  0  0  0  0  0  0  0  0  0  0  0  0]
 [ 3  1 25  0  0  0  0  0  0  0  0  0  0  0  0  0  0  0  0]
 [ 3 13 23 14 26  0  0  0  0  0  0  0  0  0  0  0  0  0  0]
 [ 1  0  0  0  0  0  0  0  0  0  0  0  0  0  0  0  0  0  0]
 [25  0  0  0  0  0  0  0  0  0  0  0  0  0  0  0  0  0  0]
 [ 8  0  0  0  0  0  0  0  0  0  0  0  0  0  0  0  0  0  0]
 [ 3  7  6  0  0  0  0  0  0  0  0  0  0  0  0  0  0  0  0]]
valid: gen=0.546
reward: norm=0.9419094873279895
[ 70 iterations]
real= [[27  6 18 12 19  3 15  0  0  0  0  0  0  0  0  0  0  0  0]
 [ 5 25  9  2  0  0  0  0  0  0  0  0  0  0  0  0  0  0  0]
 [14 17 13 16 23  7  0  0  0  0  0  0  0  0  0  0  0  0  0]
 [11  0  0  0  0  0  0  0  0  0  0  0  0  0  0  0  0  0  0]
 [12  8  7  0  0  0  0  0  0  0  0  0  0  0  0  0  0  0  0]
 [ 7 10 13 17  9  1 25  0  0  0  0  0  0  0  0  0  0  0  0]
 [27  8  4 21 14  3 18 12  0  0  0  0  0  0  0  0  0  0  0]
 [14 24  7 20 27  0  0  0  0  0  0  0  0  0  0  0  0  0  0]
 [26 24 14 17 19  1 20  8  0  0  0  0  0  0  0  0  0  0  0]
 [23 10  3  9  1 22 26  0  0  0  0  0  0  0  0  0  0  0  0]]
gen= [[15  3 18  6 19 27  0  0  0  0  0  0  0  0  0  0  0  0  0]
 [ 2 25  9  5  0  0  0  0  0  0  0  0  0  0  0  0  0  0  0]
 [13 23 14  0  0  0  0  0  0  0  0  0  0  0  0  0  0  0  0]
 [11  0  0  0  0  0  0  0  0  0  0  0  0  0  0  0  0  0  0]
 [ 8  7 12  0  0  0  0  0  0  0  0  0  0  0  0  0  0  0  0]
 [25 13  7  0  0  0  0  0  0  0  0  0  0  0  0  0  0  0  0]
 [ 3 21 14 27  4  0  0  0  0  0  0  0  0  0  0  0  0  0  0]
 [ 7 14 24 27 20  0  0  0  0  0  0  0  0  0  0  0  0  0  0]
 [14 17 24  1 20 19  0  0  0  0  0  0  0  0  0  0  0  0  0]
 [ 3 22 23  9  1  0  0  0  0  0  0  0  0  0  0  0  0  0  0]]
valid: gen=0.596
reward: norm=0.9424550230300255
[ 80 iterations]
real= [[ 1 25  7  0  0  0  0  0  0  0  0  0  0  0  0  0  0  0  0]
 [23  2 18  0  0  0  0  0  0  0  0  0  0  0  0  0  0  0  0]
 [17 25  0  0  0  0  0  0  0  0  0  0  0  0  0  0  0  0  0]
 [12  6  7 20  8  0  0  0  0  0  0  0  0  0  0  0  0  0  0]
 [13 26  9  1  0  0  0  0  0  0  0  0  0  0  0  0  0  0  0]
 [27  4  9 16 21 13 18 26  0  0  0  0  0  0  0  0  0  0  0]
 [ 5  8 28  1 13 26  0  0  0  0  0  0  0  0  0  0  0  0  0]
 [23 24 13  1  8  4 27  0  0  0  0  0  0  0  0  0  0  0  0]
 [27  0  0  0  0  0  0  0  0  0  0  0  0  0  0  0  0  0  0]
 [19  9  3 17 22 24  0  0  0  0  0  0  0  0  0  0  0  0  0]]
gen= [[ 7 25  1  0  0  0  0  0  0  0  0  0  0  0  0  0  0  0  0]
 [ 2 23 18  0  0  0  0  0  0  0  0  0  0  0  0  0  0  0  0]
 [25 17  0  0  0  0  0  0  0  0  0  0  0  0  0  0  0  0  0]
 [ 7  8 20 12  0  0  0  0  0  0  0  0  0  0  0  0  0  0  0]
 [13  1  9 26  0  0  0  0  0  0  0  0  0  0  0  0  0  0  0]
 [13 21  9  4 27  0  0  0  0  0  0  0  0  0  0  0  0  0  0]
 [13  8  5  1  0  0  0  0  0  0  0  0  0  0  0  0  0  0  0]
 [13 23  8  1  0  0  0  0  0  0  0  0  0  0  0  0  0  0  0]
 [27  0  0  0  0  0  0  0  0  0  0  0  0  0  0  0  0  0  0]
 [ 3 22 17  0  0  0  0  0  0  0  0  0  0  0  0  0  0  0  0]]
valid: gen=0.544
reward: norm=0.9407032056086684
[ 90 iterations]
real= [[28 22 15  0  0  0  0  0  0  0  0  0  0  0  0  0  0  0  0]
 [26  0  0  0  0  0  0  0  0  0  0  0  0  0  0  0  0  0  0]
 [23 20  0  0  0  0  0  0  0  0  0  0  0  0  0  0  0  0  0]
 [23  6 21 20  0  0  0  0  0  0  0  0  0  0  0  0  0  0  0]
 [10 24 22  0  0  0  0  0  0  0  0  0  0  0  0  0  0  0  0]
 [16  9  3 19  0  0  0  0  0  0  0  0  0  0  0  0  0  0  0]
 [ 7 20 15 10  1  0  0  0  0  0  0  0  0  0  0  0  0  0  0]
 [27 16 21  0  0  0  0  0  0  0  0  0  0  0  0  0  0  0  0]
 [ 3  0  0  0  0  0  0  0  0  0  0  0  0  0  0  0  0  0  0]
 [ 9  0  0  0  0  0  0  0  0  0  0  0  0  0  0  0  0  0  0]]
gen= [[15 22 28  0  0  0  0  0  0  0  0  0  0  0  0  0  0  0  0]
 [26  0  0  0  0  0  0  0  0  0  0  0  0  0  0  0  0  0  0]
 [23 20  0  0  0  0  0  0  0  0  0  0  0  0  0  0  0  0  0]
 [21 23 20  0  0  0  0  0  0  0  0  0  0  0  0  0  0  0  0]
 [22 24 10  0  0  0  0  0  0  0  0  0  0  0  0  0  0  0  0]
 [ 3 19  9 16  0  0  0  0  0  0  0  0  0  0  0  0  0  0  0]
 [ 7 15  0  0  0  0  0  0  0  0  0  0  0  0  0  0  0  0  0]
 [21 27  0  0  0  0  0  0  0  0  0  0  0  0  0  0  0  0  0]
 [ 3  0  0  0  0  0  0  0  0  0  0  0  0  0  0  0  0  0  0]
 [ 9  0  0  0  0  0  0  0  0  0  0  0  0  0  0  0  0  0  0]]
valid: gen=0.576
reward: norm=0.9424949045379466
[ 100 iterations]
real= [[26 20  0  0  0  0  0  0  0  0  0  0  0  0  0  0  0  0  0]
 [ 8  4  9 17 21 24 15  0  0  0  0  0  0  0  0  0  0  0  0]
 [14 16 21  5  0  0  0  0  0  0  0  0  0  0  0  0  0  0  0]
 [12  0  0  0  0  0  0  0  0  0  0  0  0  0  0  0  0  0  0]
 [23  6 24 10  1  5 27  0  0  0  0  0  0  0  0  0  0  0  0]
 [21  0  0  0  0  0  0  0  0  0  0  0  0  0  0  0  0  0  0]
 [17  0  0  0  0  0  0  0  0  0  0  0  0  0  0  0  0  0  0]
 [16  1  0  0  0  0  0  0  0  0  0  0  0  0  0  0  0  0  0]
 [13 20  0  0  0  0  0  0  0  0  0  0  0  0  0  0  0  0  0]
 [20 25  0  0  0  0  0  0  0  0  0  0  0  0  0  0  0  0  0]]
gen= [[26 20  0  0  0  0  0  0  0  0  0  0  0  0  0  0  0  0  0]
 [21 15  9  4  0  0  0  0  0  0  0  0  0  0  0  0  0  0  0]
 [21 14 16  0  0  0  0  0  0  0  0  0  0  0  0  0  0  0  0]
 [12  0  0  0  0  0  0  0  0  0  0  0  0  0  0  0  0  0  0]
 [ 1 24 23 27  0  0  0  0  0  0  0  0  0  0  0  0  0  0  0]
 [21  0  0  0  0  0  0  0  0  0  0  0  0  0  0  0  0  0  0]
 [17  0  0  0  0  0  0  0  0  0  0  0  0  0  0  0  0  0  0]
 [ 1 16  0  0  0  0  0  0  0  0  0  0  0  0  0  0  0  0  0]
 [13 20  0  0  0  0  0  0  0  0  0  0  0  0  0  0  0  0  0]
 [25 20  0  0  0  0  0  0  0  0  0  0  0  0  0  0  0  0  0]]
valid: gen=0.546
reward: norm=0.9512479926415991
[ 110 iterations]
real= [[18 19 28  4  8  0  0  0  0  0  0  0  0  0  0  0  0  0  0]
 [18  0  0  0  0  0  0  0  0  0  0  0  0  0  0  0  0  0  0]
 [26 21  3 12 20  4  8  0  0  0  0  0  0  0  0  0  0  0  0]
 [27  7  9 13  3 12  1  5  0  0  0  0  0  0  0  0  0  0  0]
 [ 1 25  3  0  0  0  0  0  0  0  0  0  0  0  0  0  0  0  0]
 [26 23 19 17 13 14  3 12  1  5  0  0  0  0  0  0  0  0  0]
 [ 1  0  0  0  0  0  0  0  0  0  0  0  0  0  0  0  0  0  0]
 [25  0  0  0  0  0  0  0  0  0  0  0  0  0  0  0  0  0  0]
 [ 8  0  0  0  0  0  0  0  0  0  0  0  0  0  0  0  0  0  0]
 [ 7 17  3  6  0  0  0  0  0  0  0  0  0  0  0  0  0  0  0]]
gen= [[18 28  4  8 19  0  0  0  0  0  0  0  0  0  0  0  0  0  0]
 [18  0  0  0  0  0  0  0  0  0  0  0  0  0  0  0  0  0  0]
 [ 3 21  8 20  0  0  0  0  0  0  0  0  0  0  0  0  0  0  0]
 [ 3 13 27  7 12  0  0  0  0  0  0  0  0  0  0  0  0  0  0]
 [ 3 25  1  0  0  0  0  0  0  0  0  0  0  0  0  0  0  0  0]
 [13  3 14 23  1 12  0  0  0  0  0  0  0  0  0  0  0  0  0]
 [ 1  0  0  0  0  0  0  0  0  0  0  0  0  0  0  0  0  0  0]
 [25  0  0  0  0  0  0  0  0  0  0  0  0  0  0  0  0  0  0]
 [ 8  0  0  0  0  0  0  0  0  0  0  0  0  0  0  0  0  0  0]
 [ 3  6  7  0  0  0  0  0  0  0  0  0  0  0  0  0  0  0  0]]
valid: gen=0.561
reward: norm=0.9454116087904874
[ 120 iterations]
real= [[27  6 18 12 19  3 15  0  0  0  0  0  0  0  0  0  0  0  0]
 [ 5 25  9  2  0  0  0  0  0  0  0  0  0  0  0  0  0  0  0]
 [14 17 13 16 23  7  0  0  0  0  0  0  0  0  0  0  0  0  0]
 [11  0  0  0  0  0  0  0  0  0  0  0  0  0  0  0  0  0  0]
 [12  8  7  0  0  0  0  0  0  0  0  0  0  0  0  0  0  0  0]
 [ 7 10 13 17  9  1 25  0  0  0  0  0  0  0  0  0  0  0  0]
 [27  8  4 21 14  3 18 12  0  0  0  0  0  0  0  0  0  0  0]
 [14 24  7 20 27  0  0  0  0  0  0  0  0  0  0  0  0  0  0]
 [26 24 14 17 19  1 20  8  0  0  0  0  0  0  0  0  0  0  0]
 [23 10  3  9  1 22 26  0  0  0  0  0  0  0  0  0  0  0  0]]
gen= [[ 3 15 27 18 12 19  0  0  0  0  0  0  0  0  0  0  0  0  0]
 [ 2 25  9  5  0  0  0  0  0  0  0  0  0  0  0  0  0  0  0]
 [23 13 17  7  0  0  0  0  0  0  0  0  0  0  0  0  0  0  0]
 [11  0  0  0  0  0  0  0  0  0  0  0  0  0  0  0  0  0  0]
 [ 7  8 12  0  0  0  0  0  0  0  0  0  0  0  0  0  0  0  0]
 [25 13  7  0  0  0  0  0  0  0  0  0  0  0  0  0  0  0  0]
 [ 3 14 27  8 12  0  0  0  0  0  0  0  0  0  0  0  0  0  0]
 [ 7 14 27 20  0  0  0  0  0  0  0  0  0  0  0  0  0  0  0]
 [14 17 24  1 20 19  0  0  0  0  0  0  0  0  0  0  0  0  0]
 [ 3 22 23  1  9  0  0  0  0  0  0  0  0  0  0  0  0  0  0]]
valid: gen=0.602
reward: norm=0.9462664990022119
[ 130 iterations]
real= [[ 1 25  7  0  0  0  0  0  0  0  0  0  0  0  0  0  0  0  0]
 [23  2 18  0  0  0  0  0  0  0  0  0  0  0  0  0  0  0  0]
 [17 25  0  0  0  0  0  0  0  0  0  0  0  0  0  0  0  0  0]
 [12  6  7 20  8  0  0  0  0  0  0  0  0  0  0  0  0  0  0]
 [13 26  9  1  0  0  0  0  0  0  0  0  0  0  0  0  0  0  0]
 [27  4  9 16 21 13 18 26  0  0  0  0  0  0  0  0  0  0  0]
 [ 5  8 28  1 13 26  0  0  0  0  0  0  0  0  0  0  0  0  0]
 [23 24 13  1  8  4 27  0  0  0  0  0  0  0  0  0  0  0  0]
 [27  0  0  0  0  0  0  0  0  0  0  0  0  0  0  0  0  0  0]
 [19  9  3 17 22 24  0  0  0  0  0  0  0  0  0  0  0  0  0]]
gen= [[25  1  7  0  0  0  0  0  0  0  0  0  0  0  0  0  0  0  0]
 [ 2 23 18  0  0  0  0  0  0  0  0  0  0  0  0  0  0  0  0]
 [25 17  0  0  0  0  0  0  0  0  0  0  0  0  0  0  0  0  0]
 [ 7 20  8 12  0  0  0  0  0  0  0  0  0  0  0  0  0  0  0]
 [13  1  9 26  0  0  0  0  0  0  0  0  0  0  0  0  0  0  0]
 [13 27  9  0  0  0  0  0  0  0  0  0  0  0  0  0  0  0  0]
 [13  8  1  0  0  0  0  0  0  0  0  0  0  0  0  0  0  0  0]
 [13 27  1  0  0  0  0  0  0  0  0  0  0  0  0  0  0  0  0]
 [27  0  0  0  0  0  0  0  0  0  0  0  0  0  0  0  0  0  0]
 [ 3 22 24  9 19  0  0  0  0  0  0  0  0  0  0  0  0  0  0]]
valid: gen=0.546
reward: norm=0.9459131445949224
[ 140 iterations]
real= [[28 22 15  0  0  0  0  0  0  0  0  0  0  0  0  0  0  0  0]
 [26  0  0  0  0  0  0  0  0  0  0  0  0  0  0  0  0  0  0]
 [23 20  0  0  0  0  0  0  0  0  0  0  0  0  0  0  0  0  0]
 [23  6 21 20  0  0  0  0  0  0  0  0  0  0  0  0  0  0  0]
 [10 24 22  0  0  0  0  0  0  0  0  0  0  0  0  0  0  0  0]
 [16  9  3 19  0  0  0  0  0  0  0  0  0  0  0  0  0  0  0]
 [ 7 20 15 10  1  0  0  0  0  0  0  0  0  0  0  0  0  0  0]
 [27 16 21  0  0  0  0  0  0  0  0  0  0  0  0  0  0  0  0]
 [ 3  0  0  0  0  0  0  0  0  0  0  0  0  0  0  0  0  0  0]
 [ 9  0  0  0  0  0  0  0  0  0  0  0  0  0  0  0  0  0  0]]
gen= [[22 15 28  0  0  0  0  0  0  0  0  0  0  0  0  0  0  0  0]
 [26  0  0  0  0  0  0  0  0  0  0  0  0  0  0  0  0  0  0]
 [23 20  0  0  0  0  0  0  0  0  0  0  0  0  0  0  0  0  0]
 [21 23 20  0  0  0  0  0  0  0  0  0  0  0  0  0  0  0  0]
 [22 24 10  0  0  0  0  0  0  0  0  0  0  0  0  0  0  0  0]
 [ 3 19  9 16  0  0  0  0  0  0  0  0  0  0  0  0  0  0  0]
 [15  7  1 20 10  0  0  0  0  0  0  0  0  0  0  0  0  0  0]
 [21 27  0  0  0  0  0  0  0  0  0  0  0  0  0  0  0  0  0]
 [ 3  0  0  0  0  0  0  0  0  0  0  0  0  0  0  0  0  0  0]
 [ 9  0  0  0  0  0  0  0  0  0  0  0  0  0  0  0  0  0  0]]
valid: gen=0.579
reward: norm=0.9451855559474495
[ 150 iterations]
real= [[26 20  0  0  0  0  0  0  0  0  0  0  0  0  0  0  0  0  0]
 [ 8  4  9 17 21 24 15  0  0  0  0  0  0  0  0  0  0  0  0]
 [14 16 21  5  0  0  0  0  0  0  0  0  0  0  0  0  0  0  0]
 [12  0  0  0  0  0  0  0  0  0  0  0  0  0  0  0  0  0  0]
 [23  6 24 10  1  5 27  0  0  0  0  0  0  0  0  0  0  0  0]
 [21  0  0  0  0  0  0  0  0  0  0  0  0  0  0  0  0  0  0]
 [17  0  0  0  0  0  0  0  0  0  0  0  0  0  0  0  0  0  0]
 [16  1  0  0  0  0  0  0  0  0  0  0  0  0  0  0  0  0  0]
 [13 20  0  0  0  0  0  0  0  0  0  0  0  0  0  0  0  0  0]
 [20 25  0  0  0  0  0  0  0  0  0  0  0  0  0  0  0  0  0]]
gen= [[26 20  0  0  0  0  0  0  0  0  0  0  0  0  0  0  0  0  0]
 [21 15 24  9  0  0  0  0  0  0  0  0  0  0  0  0  0  0  0]
 [14 21 16  5  0  0  0  0  0  0  0  0  0  0  0  0  0  0  0]
 [12  0  0  0  0  0  0  0  0  0  0  0  0  0  0  0  0  0  0]
 [24 27  1 23  0  0  0  0  0  0  0  0  0  0  0  0  0  0  0]
 [21  0  0  0  0  0  0  0  0  0  0  0  0  0  0  0  0  0  0]
 [17  0  0  0  0  0  0  0  0  0  0  0  0  0  0  0  0  0  0]
 [ 1 16  0  0  0  0  0  0  0  0  0  0  0  0  0  0  0  0  0]
 [13 20  0  0  0  0  0  0  0  0  0  0  0  0  0  0  0  0  0]
 [25 20  0  0  0  0  0  0  0  0  0  0  0  0  0  0  0  0  0]]
valid: gen=0.534
reward: norm=0.9561004261095576
[ 160 iterations]
real= [[18 19 28  4  8  0  0  0  0  0  0  0  0  0  0  0  0  0  0]
 [18  0  0  0  0  0  0  0  0  0  0  0  0  0  0  0  0  0  0]
 [26 21  3 12 20  4  8  0  0  0  0  0  0  0  0  0  0  0  0]
 [27  7  9 13  3 12  1  5  0  0  0  0  0  0  0  0  0  0  0]
 [ 1 25  3  0  0  0  0  0  0  0  0  0  0  0  0  0  0  0  0]
 [26 23 19 17 13 14  3 12  1  5  0  0  0  0  0  0  0  0  0]
 [ 1  0  0  0  0  0  0  0  0  0  0  0  0  0  0  0  0  0  0]
 [25  0  0  0  0  0  0  0  0  0  0  0  0  0  0  0  0  0  0]
 [ 8  0  0  0  0  0  0  0  0  0  0  0  0  0  0  0  0  0  0]
 [ 7 17  3  6  0  0  0  0  0  0  0  0  0  0  0  0  0  0  0]]
gen= [[28 19  4 18  0  0  0  0  0  0  0  0  0  0  0  0  0  0  0]
 [18  0  0  0  0  0  0  0  0  0  0  0  0  0  0  0  0  0  0]
 [ 3 21 20  8  0  0  0  0  0  0  0  0  0  0  0  0  0  0  0]
 [13  7 27  1  0  0  0  0  0  0  0  0  0  0  0  0  0  0  0]
 [ 3 25  1  0  0  0  0  0  0  0  0  0  0  0  0  0  0  0  0]
 [14 13  3 17  1 23  0  0  0  0  0  0  0  0  0  0  0  0  0]
 [ 1  0  0  0  0  0  0  0  0  0  0  0  0  0  0  0  0  0  0]
 [25  0  0  0  0  0  0  0  0  0  0  0  0  0  0  0  0  0  0]
 [ 8  0  0  0  0  0  0  0  0  0  0  0  0  0  0  0  0  0  0]
 [ 3  7 17  0  0  0  0  0  0  0  0  0  0  0  0  0  0  0  0]]
valid: gen=0.544
reward: norm=0.9511710387959172
[ 170 iterations]
real= [[27  6 18 12 19  3 15  0  0  0  0  0  0  0  0  0  0  0  0]
 [ 5 25  9  2  0  0  0  0  0  0  0  0  0  0  0  0  0  0  0]
 [14 17 13 16 23  7  0  0  0  0  0  0  0  0  0  0  0  0  0]
 [11  0  0  0  0  0  0  0  0  0  0  0  0  0  0  0  0  0  0]
 [12  8  7  0  0  0  0  0  0  0  0  0  0  0  0  0  0  0  0]
 [ 7 10 13 17  9  1 25  0  0  0  0  0  0  0  0  0  0  0  0]
 [27  8  4 21 14  3 18 12  0  0  0  0  0  0  0  0  0  0  0]
 [14 24  7 20 27  0  0  0  0  0  0  0  0  0  0  0  0  0  0]
 [26 24 14 17 19  1 20  8  0  0  0  0  0  0  0  0  0  0  0]
 [23 10  3  9  1 22 26  0  0  0  0  0  0  0  0  0  0  0  0]]
gen= [[ 3 15 27 19 18 12  0  0  0  0  0  0  0  0  0  0  0  0  0]
 [ 2 25  5  9  0  0  0  0  0  0  0  0  0  0  0  0  0  0  0]
 [13 14  7 23  0  0  0  0  0  0  0  0  0  0  0  0  0  0  0]
 [11  0  0  0  0  0  0  0  0  0  0  0  0  0  0  0  0  0  0]
 [ 7 12  8  0  0  0  0  0  0  0  0  0  0  0  0  0  0  0  0]
 [13  7  1  0  0  0  0  0  0  0  0  0  0  0  0  0  0  0  0]
 [21 14 27  4  0  0  0  0  0  0  0  0  0  0  0  0  0  0  0]
 [14  7 24 27  0  0  0  0  0  0  0  0  0  0  0  0  0  0  0]
 [14 24 19 17  1 20  0  0  0  0  0  0  0  0  0  0  0  0  0]
 [ 3 22  1 23 26  0  0  0  0  0  0  0  0  0  0  0  0  0  0]]
valid: gen=0.579
reward: norm=0.9531061818099861
[ 180 iterations]
real= [[ 1 25  7  0  0  0  0  0  0  0  0  0  0  0  0  0  0  0  0]
 [23  2 18  0  0  0  0  0  0  0  0  0  0  0  0  0  0  0  0]
 [17 25  0  0  0  0  0  0  0  0  0  0  0  0  0  0  0  0  0]
 [12  6  7 20  8  0  0  0  0  0  0  0  0  0  0  0  0  0  0]
 [13 26  9  1  0  0  0  0  0  0  0  0  0  0  0  0  0  0  0]
 [27  4  9 16 21 13 18 26  0  0  0  0  0  0  0  0  0  0  0]
 [ 5  8 28  1 13 26  0  0  0  0  0  0  0  0  0  0  0  0  0]
 [23 24 13  1  8  4 27  0  0  0  0  0  0  0  0  0  0  0  0]
 [27  0  0  0  0  0  0  0  0  0  0  0  0  0  0  0  0  0  0]
 [19  9  3 17 22 24  0  0  0  0  0  0  0  0  0  0  0  0  0]]
gen= [[25  7  1  0  0  0  0  0  0  0  0  0  0  0  0  0  0  0  0]
 [ 2 23 18  0  0  0  0  0  0  0  0  0  0  0  0  0  0  0  0]
 [25 17  0  0  0  0  0  0  0  0  0  0  0  0  0  0  0  0  0]
 [ 8  7 20 12  0  0  0  0  0  0  0  0  0  0  0  0  0  0  0]
 [13  1  9 26  0  0  0  0  0  0  0  0  0  0  0  0  0  0  0]
 [13 27  4  0  0  0  0  0  0  0  0  0  0  0  0  0  0  0  0]
 [13  1  5 28  0  0  0  0  0  0  0  0  0  0  0  0  0  0  0]
 [13 24 27  1  0  0  0  0  0  0  0  0  0  0  0  0  0  0  0]
 [27  0  0  0  0  0  0  0  0  0  0  0  0  0  0  0  0  0  0]
 [ 3 24 22 19  9  0  0  0  0  0  0  0  0  0  0  0  0  0  0]]
valid: gen=0.544
reward: norm=0.9503514990600934
[ 190 iterations]
real= [[28 22 15  0  0  0  0  0  0  0  0  0  0  0  0  0  0  0  0]
 [26  0  0  0  0  0  0  0  0  0  0  0  0  0  0  0  0  0  0]
 [23 20  0  0  0  0  0  0  0  0  0  0  0  0  0  0  0  0  0]
 [23  6 21 20  0  0  0  0  0  0  0  0  0  0  0  0  0  0  0]
 [10 24 22  0  0  0  0  0  0  0  0  0  0  0  0  0  0  0  0]
 [16  9  3 19  0  0  0  0  0  0  0  0  0  0  0  0  0  0  0]
 [ 7 20 15 10  1  0  0  0  0  0  0  0  0  0  0  0  0  0  0]
 [27 16 21  0  0  0  0  0  0  0  0  0  0  0  0  0  0  0  0]
 [ 3  0  0  0  0  0  0  0  0  0  0  0  0  0  0  0  0  0  0]
 [ 9  0  0  0  0  0  0  0  0  0  0  0  0  0  0  0  0  0  0]]
gen= [[22 15 28  0  0  0  0  0  0  0  0  0  0  0  0  0  0  0  0]
 [26  0  0  0  0  0  0  0  0  0  0  0  0  0  0  0  0  0  0]
 [23 20  0  0  0  0  0  0  0  0  0  0  0  0  0  0  0  0  0]
 [21 23 20  0  0  0  0  0  0  0  0  0  0  0  0  0  0  0  0]
 [22 24 10  0  0  0  0  0  0  0  0  0  0  0  0  0  0  0  0]
 [ 3 19 16  9  0  0  0  0  0  0  0  0  0  0  0  0  0  0  0]
 [ 7  1 15  0  0  0  0  0  0  0  0  0  0  0  0  0  0  0  0]
 [21 27  0  0  0  0  0  0  0  0  0  0  0  0  0  0  0  0  0]
 [ 3  0  0  0  0  0  0  0  0  0  0  0  0  0  0  0  0  0  0]
 [ 9  0  0  0  0  0  0  0  0  0  0  0  0  0  0  0  0  0  0]]
valid: gen=0.554
reward: norm=0.9508406961344671
[ 200 iterations]
real= [[26 20  0  0  0  0  0  0  0  0  0  0  0  0  0  0  0  0  0]
 [ 8  4  9 17 21 24 15  0  0  0  0  0  0  0  0  0  0  0  0]
 [14 16 21  5  0  0  0  0  0  0  0  0  0  0  0  0  0  0  0]
 [12  0  0  0  0  0  0  0  0  0  0  0  0  0  0  0  0  0  0]
 [23  6 24 10  1  5 27  0  0  0  0  0  0  0  0  0  0  0  0]
 [21  0  0  0  0  0  0  0  0  0  0  0  0  0  0  0  0  0  0]
 [17  0  0  0  0  0  0  0  0  0  0  0  0  0  0  0  0  0  0]
 [16  1  0  0  0  0  0  0  0  0  0  0  0  0  0  0  0  0  0]
 [13 20  0  0  0  0  0  0  0  0  0  0  0  0  0  0  0  0  0]
 [20 25  0  0  0  0  0  0  0  0  0  0  0  0  0  0  0  0  0]]
gen= [[20 26  0  0  0  0  0  0  0  0  0  0  0  0  0  0  0  0  0]
 [24 15 17  4  0  0  0  0  0  0  0  0  0  0  0  0  0  0  0]
 [14 21  5  0  0  0  0  0  0  0  0  0  0  0  0  0  0  0  0]
 [12  0  0  0  0  0  0  0  0  0  0  0  0  0  0  0  0  0  0]
 [24 27  1 23  0  0  0  0  0  0  0  0  0  0  0  0  0  0  0]
 [21  0  0  0  0  0  0  0  0  0  0  0  0  0  0  0  0  0  0]
 [17  0  0  0  0  0  0  0  0  0  0  0  0  0  0  0  0  0  0]
 [ 1 16  0  0  0  0  0  0  0  0  0  0  0  0  0  0  0  0  0]
 [13 20  0  0  0  0  0  0  0  0  0  0  0  0  0  0  0  0  0]
 [25 20  0  0  0  0  0  0  0  0  0  0  0  0  0  0  0  0  0]]
valid: gen=0.515
reward: norm=0.9590260133445446
[ 210 iterations]
real= [[18 19 28  4  8  0  0  0  0  0  0  0  0  0  0  0  0  0  0]
 [18  0  0  0  0  0  0  0  0  0  0  0  0  0  0  0  0  0  0]
 [26 21  3 12 20  4  8  0  0  0  0  0  0  0  0  0  0  0  0]
 [27  7  9 13  3 12  1  5  0  0  0  0  0  0  0  0  0  0  0]
 [ 1 25  3  0  0  0  0  0  0  0  0  0  0  0  0  0  0  0  0]
 [26 23 19 17 13 14  3 12  1  5  0  0  0  0  0  0  0  0  0]
 [ 1  0  0  0  0  0  0  0  0  0  0  0  0  0  0  0  0  0  0]
 [25  0  0  0  0  0  0  0  0  0  0  0  0  0  0  0  0  0  0]
 [ 8  0  0  0  0  0  0  0  0  0  0  0  0  0  0  0  0  0  0]
 [ 7 17  3  6  0  0  0  0  0  0  0  0  0  0  0  0  0  0  0]]
gen= [[19  4 18 28  0  0  0  0  0  0  0  0  0  0  0  0  0  0  0]
 [18  0  0  0  0  0  0  0  0  0  0  0  0  0  0  0  0  0  0]
 [21  3 12  8 20  0  0  0  0  0  0  0  0  0  0  0  0  0  0]
 [13  7 27  1  0  0  0  0  0  0  0  0  0  0  0  0  0  0  0]
 [25  1  3  0  0  0  0  0  0  0  0  0  0  0  0  0  0  0  0]
 [13 14  1 23 19  0  0  0  0  0  0  0  0  0  0  0  0  0  0]
 [ 1  0  0  0  0  0  0  0  0  0  0  0  0  0  0  0  0  0  0]
 [25  0  0  0  0  0  0  0  0  0  0  0  0  0  0  0  0  0  0]
 [ 8  0  0  0  0  0  0  0  0  0  0  0  0  0  0  0  0  0  0]
 [ 3  7 17  0  0  0  0  0  0  0  0  0  0  0  0  0  0  0  0]]
valid: gen=0.529
reward: norm=0.9495327618448467
[ 220 iterations]
real= [[27  6 18 12 19  3 15  0  0  0  0  0  0  0  0  0  0  0  0]
 [ 5 25  9  2  0  0  0  0  0  0  0  0  0  0  0  0  0  0  0]
 [14 17 13 16 23  7  0  0  0  0  0  0  0  0  0  0  0  0  0]
 [11  0  0  0  0  0  0  0  0  0  0  0  0  0  0  0  0  0  0]
 [12  8  7  0  0  0  0  0  0  0  0  0  0  0  0  0  0  0  0]
 [ 7 10 13 17  9  1 25  0  0  0  0  0  0  0  0  0  0  0  0]
 [27  8  4 21 14  3 18 12  0  0  0  0  0  0  0  0  0  0  0]
 [14 24  7 20 27  0  0  0  0  0  0  0  0  0  0  0  0  0  0]
 [26 24 14 17 19  1 20  8  0  0  0  0  0  0  0  0  0  0  0]
 [23 10  3  9  1 22 26  0  0  0  0  0  0  0  0  0  0  0  0]]
gen= [[ 3 19 27 15 12 18  0  0  0  0  0  0  0  0  0  0  0  0  0]
 [ 2 25  5  9  0  0  0  0  0  0  0  0  0  0  0  0  0  0  0]
 [13 14  7 23  0  0  0  0  0  0  0  0  0  0  0  0  0  0  0]
 [11  0  0  0  0  0  0  0  0  0  0  0  0  0  0  0  0  0  0]
 [ 7  8 12  0  0  0  0  0  0  0  0  0  0  0  0  0  0  0  0]
 [13  7  1  0  0  0  0  0  0  0  0  0  0  0  0  0  0  0  0]
 [14 27 12  4  0  0  0  0  0  0  0  0  0  0  0  0  0  0  0]
 [14 24  7 27  0  0  0  0  0  0  0  0  0  0  0  0  0  0  0]
 [14 24 19  0  0  0  0  0  0  0  0  0  0  0  0  0  0  0  0]
 [22  1 23 26  9  0  0  0  0  0  0  0  0  0  0  0  0  0  0]]
valid: gen=0.571
reward: norm=0.9507754353186894
[ 230 iterations]
real= [[ 1 25  7  0  0  0  0  0  0  0  0  0  0  0  0  0  0  0  0]
 [23  2 18  0  0  0  0  0  0  0  0  0  0  0  0  0  0  0  0]
 [17 25  0  0  0  0  0  0  0  0  0  0  0  0  0  0  0  0  0]
 [12  6  7 20  8  0  0  0  0  0  0  0  0  0  0  0  0  0  0]
 [13 26  9  1  0  0  0  0  0  0  0  0  0  0  0  0  0  0  0]
 [27  4  9 16 21 13 18 26  0  0  0  0  0  0  0  0  0  0  0]
 [ 5  8 28  1 13 26  0  0  0  0  0  0  0  0  0  0  0  0  0]
 [23 24 13  1  8  4 27  0  0  0  0  0  0  0  0  0  0  0  0]
 [27  0  0  0  0  0  0  0  0  0  0  0  0  0  0  0  0  0  0]
 [19  9  3 17 22 24  0  0  0  0  0  0  0  0  0  0  0  0  0]]
gen= [[ 7  1 25  0  0  0  0  0  0  0  0  0  0  0  0  0  0  0  0]
 [23  2 18  0  0  0  0  0  0  0  0  0  0  0  0  0  0  0  0]
 [25 17  0  0  0  0  0  0  0  0  0  0  0  0  0  0  0  0  0]
 [ 7  8 20 12  0  0  0  0  0  0  0  0  0  0  0  0  0  0  0]
 [13  1 26  0  0  0  0  0  0  0  0  0  0  0  0  0  0  0  0]
 [13 27 26  0  0  0  0  0  0  0  0  0  0  0  0  0  0  0  0]
 [13  1  5 28  0  0  0  0  0  0  0  0  0  0  0  0  0  0  0]
 [13 24 27  1  0  0  0  0  0  0  0  0  0  0  0  0  0  0  0]
 [27  0  0  0  0  0  0  0  0  0  0  0  0  0  0  0  0  0  0]
 [22 24 19  3 17  0  0  0  0  0  0  0  0  0  0  0  0  0  0]]
valid: gen=0.539
reward: norm=0.9483627493688842
[ 240 iterations]
real= [[28 22 15  0  0  0  0  0  0  0  0  0  0  0  0  0  0  0  0]
 [26  0  0  0  0  0  0  0  0  0  0  0  0  0  0  0  0  0  0]
 [23 20  0  0  0  0  0  0  0  0  0  0  0  0  0  0  0  0  0]
 [23  6 21 20  0  0  0  0  0  0  0  0  0  0  0  0  0  0  0]
 [10 24 22  0  0  0  0  0  0  0  0  0  0  0  0  0  0  0  0]
 [16  9  3 19  0  0  0  0  0  0  0  0  0  0  0  0  0  0  0]
 [ 7 20 15 10  1  0  0  0  0  0  0  0  0  0  0  0  0  0  0]
 [27 16 21  0  0  0  0  0  0  0  0  0  0  0  0  0  0  0  0]
 [ 3  0  0  0  0  0  0  0  0  0  0  0  0  0  0  0  0  0  0]
 [ 9  0  0  0  0  0  0  0  0  0  0  0  0  0  0  0  0  0  0]]
gen= [[22 15 28  0  0  0  0  0  0  0  0  0  0  0  0  0  0  0  0]
 [26  0  0  0  0  0  0  0  0  0  0  0  0  0  0  0  0  0  0]
 [23 20  0  0  0  0  0  0  0  0  0  0  0  0  0  0  0  0  0]
 [23 21 20  0  0  0  0  0  0  0  0  0  0  0  0  0  0  0  0]
 [22 24 10  0  0  0  0  0  0  0  0  0  0  0  0  0  0  0  0]
 [19  3 16  9  0  0  0  0  0  0  0  0  0  0  0  0  0  0  0]
 [ 7  1 15  0  0  0  0  0  0  0  0  0  0  0  0  0  0  0  0]
 [21 27  0  0  0  0  0  0  0  0  0  0  0  0  0  0  0  0  0]
 [ 3  0  0  0  0  0  0  0  0  0  0  0  0  0  0  0  0  0  0]
 [ 9  0  0  0  0  0  0  0  0  0  0  0  0  0  0  0  0  0  0]]
valid: gen=0.56
reward: norm=0.9502537118845803
[ 250 iterations]
real= [[26 20  0  0  0  0  0  0  0  0  0  0  0  0  0  0  0  0  0]
 [ 8  4  9 17 21 24 15  0  0  0  0  0  0  0  0  0  0  0  0]
 [14 16 21  5  0  0  0  0  0  0  0  0  0  0  0  0  0  0  0]
 [12  0  0  0  0  0  0  0  0  0  0  0  0  0  0  0  0  0  0]
 [23  6 24 10  1  5 27  0  0  0  0  0  0  0  0  0  0  0  0]
 [21  0  0  0  0  0  0  0  0  0  0  0  0  0  0  0  0  0  0]
 [17  0  0  0  0  0  0  0  0  0  0  0  0  0  0  0  0  0  0]
 [16  1  0  0  0  0  0  0  0  0  0  0  0  0  0  0  0  0  0]
 [13 20  0  0  0  0  0  0  0  0  0  0  0  0  0  0  0  0  0]
 [20 25  0  0  0  0  0  0  0  0  0  0  0  0  0  0  0  0  0]]
gen= [[20 26  0  0  0  0  0  0  0  0  0  0  0  0  0  0  0  0  0]
 [24 15 21 17  0  0  0  0  0  0  0  0  0  0  0  0  0  0  0]
 [14 21  5  0  0  0  0  0  0  0  0  0  0  0  0  0  0  0  0]
 [12  0  0  0  0  0  0  0  0  0  0  0  0  0  0  0  0  0  0]
 [24 27  1 23  0  0  0  0  0  0  0  0  0  0  0  0  0  0  0]
 [21  0  0  0  0  0  0  0  0  0  0  0  0  0  0  0  0  0  0]
 [17  0  0  0  0  0  0  0  0  0  0  0  0  0  0  0  0  0  0]
 [ 1 16  0  0  0  0  0  0  0  0  0  0  0  0  0  0  0  0  0]
 [13 20  0  0  0  0  0  0  0  0  0  0  0  0  0  0  0  0  0]
 [25 20  0  0  0  0  0  0  0  0  0  0  0  0  0  0  0  0  0]]
valid: gen=0.515
reward: norm=0.9564449168862637
[ 260 iterations]
real= [[18 19 28  4  8  0  0  0  0  0  0  0  0  0  0  0  0  0  0]
 [18  0  0  0  0  0  0  0  0  0  0  0  0  0  0  0  0  0  0]
 [26 21  3 12 20  4  8  0  0  0  0  0  0  0  0  0  0  0  0]
 [27  7  9 13  3 12  1  5  0  0  0  0  0  0  0  0  0  0  0]
 [ 1 25  3  0  0  0  0  0  0  0  0  0  0  0  0  0  0  0  0]
 [26 23 19 17 13 14  3 12  1  5  0  0  0  0  0  0  0  0  0]
 [ 1  0  0  0  0  0  0  0  0  0  0  0  0  0  0  0  0  0  0]
 [25  0  0  0  0  0  0  0  0  0  0  0  0  0  0  0  0  0  0]
 [ 8  0  0  0  0  0  0  0  0  0  0  0  0  0  0  0  0  0  0]
 [ 7 17  3  6  0  0  0  0  0  0  0  0  0  0  0  0  0  0  0]]
gen= [[19  4 18  8  0  0  0  0  0  0  0  0  0  0  0  0  0  0  0]
 [18  0  0  0  0  0  0  0  0  0  0  0  0  0  0  0  0  0  0]
 [ 3  4 26 12 20  0  0  0  0  0  0  0  0  0  0  0  0  0  0]
 [13  7 27  1  0  0  0  0  0  0  0  0  0  0  0  0  0  0  0]
 [ 1 25  3  0  0  0  0  0  0  0  0  0  0  0  0  0  0  0  0]
 [13 14  1 23 19  0  0  0  0  0  0  0  0  0  0  0  0  0  0]
 [ 1  0  0  0  0  0  0  0  0  0  0  0  0  0  0  0  0  0  0]
 [25  0  0  0  0  0  0  0  0  0  0  0  0  0  0  0  0  0  0]
 [ 8  0  0  0  0  0  0  0  0  0  0  0  0  0  0  0  0  0  0]
 [ 7  3  6  0  0  0  0  0  0  0  0  0  0  0  0  0  0  0  0]]
valid: gen=0.531
reward: norm=0.9476869299442773
[ 270 iterations]
real= [[27  6 18 12 19  3 15  0  0  0  0  0  0  0  0  0  0  0  0]
 [ 5 25  9  2  0  0  0  0  0  0  0  0  0  0  0  0  0  0  0]
 [14 17 13 16 23  7  0  0  0  0  0  0  0  0  0  0  0  0  0]
 [11  0  0  0  0  0  0  0  0  0  0  0  0  0  0  0  0  0  0]
 [12  8  7  0  0  0  0  0  0  0  0  0  0  0  0  0  0  0  0]
 [ 7 10 13 17  9  1 25  0  0  0  0  0  0  0  0  0  0  0  0]
 [27  8  4 21 14  3 18 12  0  0  0  0  0  0  0  0  0  0  0]
 [14 24  7 20 27  0  0  0  0  0  0  0  0  0  0  0  0  0  0]
 [26 24 14 17 19  1 20  8  0  0  0  0  0  0  0  0  0  0  0]
 [23 10  3  9  1 22 26  0  0  0  0  0  0  0  0  0  0  0  0]]
gen= [[19 27 15  6  0  0  0  0  0  0  0  0  0  0  0  0  0  0  0]
 [25  5  2  9  0  0  0  0  0  0  0  0  0  0  0  0  0  0  0]
 [13 14  7 23  0  0  0  0  0  0  0  0  0  0  0  0  0  0  0]
 [11  0  0  0  0  0  0  0  0  0  0  0  0  0  0  0  0  0  0]
 [ 7  8 12  0  0  0  0  0  0  0  0  0  0  0  0  0  0  0  0]
 [13  7  1  0  0  0  0  0  0  0  0  0  0  0  0  0  0  0  0]
 [14 27  4  8 12  0  0  0  0  0  0  0  0  0  0  0  0  0  0]
 [14 24  7 27 20  0  0  0  0  0  0  0  0  0  0  0  0  0  0]
 [14 24  1  8 20  0  0  0  0  0  0  0  0  0  0  0  0  0  0]
 [22  1 23 26  3  0  0  0  0  0  0  0  0  0  0  0  0  0  0]]
valid: gen=0.576
reward: norm=0.9523594995695324
[ 280 iterations]
real= [[ 1 25  7  0  0  0  0  0  0  0  0  0  0  0  0  0  0  0  0]
 [23  2 18  0  0  0  0  0  0  0  0  0  0  0  0  0  0  0  0]
 [17 25  0  0  0  0  0  0  0  0  0  0  0  0  0  0  0  0  0]
 [12  6  7 20  8  0  0  0  0  0  0  0  0  0  0  0  0  0  0]
 [13 26  9  1  0  0  0  0  0  0  0  0  0  0  0  0  0  0  0]
 [27  4  9 16 21 13 18 26  0  0  0  0  0  0  0  0  0  0  0]
 [ 5  8 28  1 13 26  0  0  0  0  0  0  0  0  0  0  0  0  0]
 [23 24 13  1  8  4 27  0  0  0  0  0  0  0  0  0  0  0  0]
 [27  0  0  0  0  0  0  0  0  0  0  0  0  0  0  0  0  0  0]
 [19  9  3 17 22 24  0  0  0  0  0  0  0  0  0  0  0  0  0]]
gen= [[ 1  7 25  0  0  0  0  0  0  0  0  0  0  0  0  0  0  0  0]
 [23  2 18  0  0  0  0  0  0  0  0  0  0  0  0  0  0  0  0]
 [25 17  0  0  0  0  0  0  0  0  0  0  0  0  0  0  0  0  0]
 [ 7  6  8 20  0  0  0  0  0  0  0  0  0  0  0  0  0  0  0]
 [13  1  0  0  0  0  0  0  0  0  0  0  0  0  0  0  0  0  0]
 [13 27  4  0  0  0  0  0  0  0  0  0  0  0  0  0  0  0  0]
 [13  1  0  0  0  0  0  0  0  0  0  0  0  0  0  0  0  0  0]
 [13 24 27  1  0  0  0  0  0  0  0  0  0  0  0  0  0  0  0]
 [27  0  0  0  0  0  0  0  0  0  0  0  0  0  0  0  0  0  0]
 [22 24 19  3 17  0  0  0  0  0  0  0  0  0  0  0  0  0  0]]
valid: gen=0.542
reward: norm=0.9522941721648966
[ 290 iterations]
real= [[28 22 15  0  0  0  0  0  0  0  0  0  0  0  0  0  0  0  0]
 [26  0  0  0  0  0  0  0  0  0  0  0  0  0  0  0  0  0  0]
 [23 20  0  0  0  0  0  0  0  0  0  0  0  0  0  0  0  0  0]
 [23  6 21 20  0  0  0  0  0  0  0  0  0  0  0  0  0  0  0]
 [10 24 22  0  0  0  0  0  0  0  0  0  0  0  0  0  0  0  0]
 [16  9  3 19  0  0  0  0  0  0  0  0  0  0  0  0  0  0  0]
 [ 7 20 15 10  1  0  0  0  0  0  0  0  0  0  0  0  0  0  0]
 [27 16 21  0  0  0  0  0  0  0  0  0  0  0  0  0  0  0  0]
 [ 3  0  0  0  0  0  0  0  0  0  0  0  0  0  0  0  0  0  0]
 [ 9  0  0  0  0  0  0  0  0  0  0  0  0  0  0  0  0  0  0]]
gen= [[22 15 28  0  0  0  0  0  0  0  0  0  0  0  0  0  0  0  0]
 [26  0  0  0  0  0  0  0  0  0  0  0  0  0  0  0  0  0  0]
 [23 20  0  0  0  0  0  0  0  0  0  0  0  0  0  0  0  0  0]
 [23 21 20  0  0  0  0  0  0  0  0  0  0  0  0  0  0  0  0]
 [24 22  0  0  0  0  0  0  0  0  0  0  0  0  0  0  0  0  0]
 [19  3  9 16  0  0  0  0  0  0  0  0  0  0  0  0  0  0  0]
 [ 7  1 15  0  0  0  0  0  0  0  0  0  0  0  0  0  0  0  0]
 [21 27  0  0  0  0  0  0  0  0  0  0  0  0  0  0  0  0  0]
 [ 3  0  0  0  0  0  0  0  0  0  0  0  0  0  0  0  0  0  0]
 [ 9  0  0  0  0  0  0  0  0  0  0  0  0  0  0  0  0  0  0]]
valid: gen=0.563
reward: norm=0.9486858657664758
[ 300 iterations]
real= [[26 20  0  0  0  0  0  0  0  0  0  0  0  0  0  0  0  0  0]
 [ 8  4  9 17 21 24 15  0  0  0  0  0  0  0  0  0  0  0  0]
 [14 16 21  5  0  0  0  0  0  0  0  0  0  0  0  0  0  0  0]
 [12  0  0  0  0  0  0  0  0  0  0  0  0  0  0  0  0  0  0]
 [23  6 24 10  1  5 27  0  0  0  0  0  0  0  0  0  0  0  0]
 [21  0  0  0  0  0  0  0  0  0  0  0  0  0  0  0  0  0  0]
 [17  0  0  0  0  0  0  0  0  0  0  0  0  0  0  0  0  0  0]
 [16  1  0  0  0  0  0  0  0  0  0  0  0  0  0  0  0  0  0]
 [13 20  0  0  0  0  0  0  0  0  0  0  0  0  0  0  0  0  0]
 [20 25  0  0  0  0  0  0  0  0  0  0  0  0  0  0  0  0  0]]
gen= [[26 20  0  0  0  0  0  0  0  0  0  0  0  0  0  0  0  0  0]
 [24 15 21 17  0  0  0  0  0  0  0  0  0  0  0  0  0  0  0]
 [14  5  0  0  0  0  0  0  0  0  0  0  0  0  0  0  0  0  0]
 [12  0  0  0  0  0  0  0  0  0  0  0  0  0  0  0  0  0  0]
 [24 27  1 23  0  0  0  0  0  0  0  0  0  0  0  0  0  0  0]
 [21  0  0  0  0  0  0  0  0  0  0  0  0  0  0  0  0  0  0]
 [17  0  0  0  0  0  0  0  0  0  0  0  0  0  0  0  0  0  0]
 [ 1 16  0  0  0  0  0  0  0  0  0  0  0  0  0  0  0  0  0]
 [13 20  0  0  0  0  0  0  0  0  0  0  0  0  0  0  0  0  0]
 [25 20  0  0  0  0  0  0  0  0  0  0  0  0  0  0  0  0  0]]
valid: gen=0.528
reward: norm=0.9565935474886669
[ 310 iterations]
real= [[18 19 28  4  8  0  0  0  0  0  0  0  0  0  0  0  0  0  0]
 [18  0  0  0  0  0  0  0  0  0  0  0  0  0  0  0  0  0  0]
 [26 21  3 12 20  4  8  0  0  0  0  0  0  0  0  0  0  0  0]
 [27  7  9 13  3 12  1  5  0  0  0  0  0  0  0  0  0  0  0]
 [ 1 25  3  0  0  0  0  0  0  0  0  0  0  0  0  0  0  0  0]
 [26 23 19 17 13 14  3 12  1  5  0  0  0  0  0  0  0  0  0]
 [ 1  0  0  0  0  0  0  0  0  0  0  0  0  0  0  0  0  0  0]
 [25  0  0  0  0  0  0  0  0  0  0  0  0  0  0  0  0  0  0]
 [ 8  0  0  0  0  0  0  0  0  0  0  0  0  0  0  0  0  0  0]
 [ 7 17  3  6  0  0  0  0  0  0  0  0  0  0  0  0  0  0  0]]
gen= [[19  8 28 18  0  0  0  0  0  0  0  0  0  0  0  0  0  0  0]
 [18  0  0  0  0  0  0  0  0  0  0  0  0  0  0  0  0  0  0]
 [21 12  8  0  0  0  0  0  0  0  0  0  0  0  0  0  0  0  0]
 [13  7 27  1  0  0  0  0  0  0  0  0  0  0  0  0  0  0  0]
 [ 1 25  3  0  0  0  0  0  0  0  0  0  0  0  0  0  0  0  0]
 [13 14  1 23 26 12  0  0  0  0  0  0  0  0  0  0  0  0  0]
 [ 1  0  0  0  0  0  0  0  0  0  0  0  0  0  0  0  0  0  0]
 [25  0  0  0  0  0  0  0  0  0  0  0  0  0  0  0  0  0  0]
 [ 8  0  0  0  0  0  0  0  0  0  0  0  0  0  0  0  0  0  0]
 [ 7  3  6  0  0  0  0  0  0  0  0  0  0  0  0  0  0  0  0]]
valid: gen=0.528
reward: norm=0.9481675740743069
[ 320 iterations]
real= [[27  6 18 12 19  3 15  0  0  0  0  0  0  0  0  0  0  0  0]
 [ 5 25  9  2  0  0  0  0  0  0  0  0  0  0  0  0  0  0  0]
 [14 17 13 16 23  7  0  0  0  0  0  0  0  0  0  0  0  0  0]
 [11  0  0  0  0  0  0  0  0  0  0  0  0  0  0  0  0  0  0]
 [12  8  7  0  0  0  0  0  0  0  0  0  0  0  0  0  0  0  0]
 [ 7 10 13 17  9  1 25  0  0  0  0  0  0  0  0  0  0  0  0]
 [27  8  4 21 14  3 18 12  0  0  0  0  0  0  0  0  0  0  0]
 [14 24  7 20 27  0  0  0  0  0  0  0  0  0  0  0  0  0  0]
 [26 24 14 17 19  1 20  8  0  0  0  0  0  0  0  0  0  0  0]
 [23 10  3  9  1 22 26  0  0  0  0  0  0  0  0  0  0  0  0]]
gen= [[19 27 15  6  0  0  0  0  0  0  0  0  0  0  0  0  0  0  0]
 [25  9  2  5  0  0  0  0  0  0  0  0  0  0  0  0  0  0  0]
 [13 14  7 23  0  0  0  0  0  0  0  0  0  0  0  0  0  0  0]
 [11  0  0  0  0  0  0  0  0  0  0  0  0  0  0  0  0  0  0]
 [ 7  8 12  0  0  0  0  0  0  0  0  0  0  0  0  0  0  0  0]
 [13  7  1  0  0  0  0  0  0  0  0  0  0  0  0  0  0  0  0]
 [14 27  4  8 12  0  0  0  0  0  0  0  0  0  0  0  0  0  0]
 [14 24  7 27 20  0  0  0  0  0  0  0  0  0  0  0  0  0  0]
 [14 24  1 20  8  0  0  0  0  0  0  0  0  0  0  0  0  0  0]
 [22 23  1  3 10  0  0  0  0  0  0  0  0  0  0  0  0  0  0]]
valid: gen=0.572
reward: norm=0.9510411958935007
[ 330 iterations]
real= [[ 1 25  7  0  0  0  0  0  0  0  0  0  0  0  0  0  0  0  0]
 [23  2 18  0  0  0  0  0  0  0  0  0  0  0  0  0  0  0  0]
 [17 25  0  0  0  0  0  0  0  0  0  0  0  0  0  0  0  0  0]
 [12  6  7 20  8  0  0  0  0  0  0  0  0  0  0  0  0  0  0]
 [13 26  9  1  0  0  0  0  0  0  0  0  0  0  0  0  0  0  0]
 [27  4  9 16 21 13 18 26  0  0  0  0  0  0  0  0  0  0  0]
 [ 5  8 28  1 13 26  0  0  0  0  0  0  0  0  0  0  0  0  0]
 [23 24 13  1  8  4 27  0  0  0  0  0  0  0  0  0  0  0  0]
 [27  0  0  0  0  0  0  0  0  0  0  0  0  0  0  0  0  0  0]
 [19  9  3 17 22 24  0  0  0  0  0  0  0  0  0  0  0  0  0]]
gen= [[ 7  1 25  0  0  0  0  0  0  0  0  0  0  0  0  0  0  0  0]
 [23  2 18  0  0  0  0  0  0  0  0  0  0  0  0  0  0  0  0]
 [25 17  0  0  0  0  0  0  0  0  0  0  0  0  0  0  0  0  0]
 [ 7  8 20 12  0  0  0  0  0  0  0  0  0  0  0  0  0  0  0]
 [13  1 26  0  0  0  0  0  0  0  0  0  0  0  0  0  0  0  0]
 [13 27  4  0  0  0  0  0  0  0  0  0  0  0  0  0  0  0  0]
 [13  1  5 28  0  0  0  0  0  0  0  0  0  0  0  0  0  0  0]
 [13 24 27 23  0  0  0  0  0  0  0  0  0  0  0  0  0  0  0]
 [27  0  0  0  0  0  0  0  0  0  0  0  0  0  0  0  0  0  0]
 [22 24 19 17  3  0  0  0  0  0  0  0  0  0  0  0  0  0  0]]
valid: gen=0.555
reward: norm=0.9498063805853132
[ 340 iterations]
real= [[28 22 15  0  0  0  0  0  0  0  0  0  0  0  0  0  0  0  0]
 [26  0  0  0  0  0  0  0  0  0  0  0  0  0  0  0  0  0  0]
 [23 20  0  0  0  0  0  0  0  0  0  0  0  0  0  0  0  0  0]
 [23  6 21 20  0  0  0  0  0  0  0  0  0  0  0  0  0  0  0]
 [10 24 22  0  0  0  0  0  0  0  0  0  0  0  0  0  0  0  0]
 [16  9  3 19  0  0  0  0  0  0  0  0  0  0  0  0  0  0  0]
 [ 7 20 15 10  1  0  0  0  0  0  0  0  0  0  0  0  0  0  0]
 [27 16 21  0  0  0  0  0  0  0  0  0  0  0  0  0  0  0  0]
 [ 3  0  0  0  0  0  0  0  0  0  0  0  0  0  0  0  0  0  0]
 [ 9  0  0  0  0  0  0  0  0  0  0  0  0  0  0  0  0  0  0]]
gen= [[22 15 28  0  0  0  0  0  0  0  0  0  0  0  0  0  0  0  0]
 [26  0  0  0  0  0  0  0  0  0  0  0  0  0  0  0  0  0  0]
 [23 20  0  0  0  0  0  0  0  0  0  0  0  0  0  0  0  0  0]
 [23 20 21  0  0  0  0  0  0  0  0  0  0  0  0  0  0  0  0]
 [22 24 10  0  0  0  0  0  0  0  0  0  0  0  0  0  0  0  0]
 [19  3  9 16  0  0  0  0  0  0  0  0  0  0  0  0  0  0  0]
 [ 7  1 15  0  0  0  0  0  0  0  0  0  0  0  0  0  0  0  0]
 [27 16 21  0  0  0  0  0  0  0  0  0  0  0  0  0  0  0  0]
 [ 3  0  0  0  0  0  0  0  0  0  0  0  0  0  0  0  0  0  0]
 [ 9  0  0  0  0  0  0  0  0  0  0  0  0  0  0  0  0  0  0]]
valid: gen=0.554
reward: norm=0.9490400365464056
[ 350 iterations]
real= [[26 20  0  0  0  0  0  0  0  0  0  0  0  0  0  0  0  0  0]
 [ 8  4  9 17 21 24 15  0  0  0  0  0  0  0  0  0  0  0  0]
 [14 16 21  5  0  0  0  0  0  0  0  0  0  0  0  0  0  0  0]
 [12  0  0  0  0  0  0  0  0  0  0  0  0  0  0  0  0  0  0]
 [23  6 24 10  1  5 27  0  0  0  0  0  0  0  0  0  0  0  0]
 [21  0  0  0  0  0  0  0  0  0  0  0  0  0  0  0  0  0  0]
 [17  0  0  0  0  0  0  0  0  0  0  0  0  0  0  0  0  0  0]
 [16  1  0  0  0  0  0  0  0  0  0  0  0  0  0  0  0  0  0]
 [13 20  0  0  0  0  0  0  0  0  0  0  0  0  0  0  0  0  0]
 [20 25  0  0  0  0  0  0  0  0  0  0  0  0  0  0  0  0  0]]
gen= [[26 20  0  0  0  0  0  0  0  0  0  0  0  0  0  0  0  0  0]
 [24 15 21  9  0  0  0  0  0  0  0  0  0  0  0  0  0  0  0]
 [14  5  0  0  0  0  0  0  0  0  0  0  0  0  0  0  0  0  0]
 [12  0  0  0  0  0  0  0  0  0  0  0  0  0  0  0  0  0  0]
 [24 27 23  1  0  0  0  0  0  0  0  0  0  0  0  0  0  0  0]
 [21  0  0  0  0  0  0  0  0  0  0  0  0  0  0  0  0  0  0]
 [17  0  0  0  0  0  0  0  0  0  0  0  0  0  0  0  0  0  0]
 [ 1 16  0  0  0  0  0  0  0  0  0  0  0  0  0  0  0  0  0]
 [13 20  0  0  0  0  0  0  0  0  0  0  0  0  0  0  0  0  0]
 [25 20  0  0  0  0  0  0  0  0  0  0  0  0  0  0  0  0  0]]
valid: gen=0.521
reward: norm=0.9568546273811026
[ 360 iterations]
real= [[18 19 28  4  8  0  0  0  0  0  0  0  0  0  0  0  0  0  0]
 [18  0  0  0  0  0  0  0  0  0  0  0  0  0  0  0  0  0  0]
 [26 21  3 12 20  4  8  0  0  0  0  0  0  0  0  0  0  0  0]
 [27  7  9 13  3 12  1  5  0  0  0  0  0  0  0  0  0  0  0]
 [ 1 25  3  0  0  0  0  0  0  0  0  0  0  0  0  0  0  0  0]
 [26 23 19 17 13 14  3 12  1  5  0  0  0  0  0  0  0  0  0]
 [ 1  0  0  0  0  0  0  0  0  0  0  0  0  0  0  0  0  0  0]
 [25  0  0  0  0  0  0  0  0  0  0  0  0  0  0  0  0  0  0]
 [ 8  0  0  0  0  0  0  0  0  0  0  0  0  0  0  0  0  0  0]
 [ 7 17  3  6  0  0  0  0  0  0  0  0  0  0  0  0  0  0  0]]
gen= [[19  8  4 18  0  0  0  0  0  0  0  0  0  0  0  0  0  0  0]
 [18  0  0  0  0  0  0  0  0  0  0  0  0  0  0  0  0  0  0]
 [ 3  8  4 12 26 20  0  0  0  0  0  0  0  0  0  0  0  0  0]
 [13  7 27  1  0  0  0  0  0  0  0  0  0  0  0  0  0  0  0]
 [ 1 25  3  0  0  0  0  0  0  0  0  0  0  0  0  0  0  0  0]
 [13 14 23  1 12 26  0  0  0  0  0  0  0  0  0  0  0  0  0]
 [ 1  0  0  0  0  0  0  0  0  0  0  0  0  0  0  0  0  0  0]
 [25  0  0  0  0  0  0  0  0  0  0  0  0  0  0  0  0  0  0]
 [ 8  0  0  0  0  0  0  0  0  0  0  0  0  0  0  0  0  0  0]
 [ 7  3  6  0  0  0  0  0  0  0  0  0  0  0  0  0  0  0  0]]
valid: gen=0.529
reward: norm=0.9500788345577367
[ 370 iterations]
real= [[27  6 18 12 19  3 15  0  0  0  0  0  0  0  0  0  0  0  0]
 [ 5 25  9  2  0  0  0  0  0  0  0  0  0  0  0  0  0  0  0]
 [14 17 13 16 23  7  0  0  0  0  0  0  0  0  0  0  0  0  0]
 [11  0  0  0  0  0  0  0  0  0  0  0  0  0  0  0  0  0  0]
 [12  8  7  0  0  0  0  0  0  0  0  0  0  0  0  0  0  0  0]
 [ 7 10 13 17  9  1 25  0  0  0  0  0  0  0  0  0  0  0  0]
 [27  8  4 21 14  3 18 12  0  0  0  0  0  0  0  0  0  0  0]
 [14 24  7 20 27  0  0  0  0  0  0  0  0  0  0  0  0  0  0]
 [26 24 14 17 19  1 20  8  0  0  0  0  0  0  0  0  0  0  0]
 [23 10  3  9  1 22 26  0  0  0  0  0  0  0  0  0  0  0  0]]
gen= [[19 27 15  3 12 18  0  0  0  0  0  0  0  0  0  0  0  0  0]
 [25  9  2  5  0  0  0  0  0  0  0  0  0  0  0  0  0  0  0]
 [13 14  7 23  0  0  0  0  0  0  0  0  0  0  0  0  0  0  0]
 [11  0  0  0  0  0  0  0  0  0  0  0  0  0  0  0  0  0  0]
 [ 7 12  8  0  0  0  0  0  0  0  0  0  0  0  0  0  0  0  0]
 [13  7  1  0  0  0  0  0  0  0  0  0  0  0  0  0  0  0  0]
 [14 27  3 12  0  0  0  0  0  0  0  0  0  0  0  0  0  0  0]
 [14 24  7 27 20  0  0  0  0  0  0  0  0  0  0  0  0  0  0]
 [14 24  1  8 20  0  0  0  0  0  0  0  0  0  0  0  0  0  0]
 [22 23  1  3 26  0  0  0  0  0  0  0  0  0  0  0  0  0  0]]
valid: gen=0.57
reward: norm=0.9512365585195715
[ 380 iterations]
real= [[ 1 25  7  0  0  0  0  0  0  0  0  0  0  0  0  0  0  0  0]
 [23  2 18  0  0  0  0  0  0  0  0  0  0  0  0  0  0  0  0]
 [17 25  0  0  0  0  0  0  0  0  0  0  0  0  0  0  0  0  0]
 [12  6  7 20  8  0  0  0  0  0  0  0  0  0  0  0  0  0  0]
 [13 26  9  1  0  0  0  0  0  0  0  0  0  0  0  0  0  0  0]
 [27  4  9 16 21 13 18 26  0  0  0  0  0  0  0  0  0  0  0]
 [ 5  8 28  1 13 26  0  0  0  0  0  0  0  0  0  0  0  0  0]
 [23 24 13  1  8  4 27  0  0  0  0  0  0  0  0  0  0  0  0]
 [27  0  0  0  0  0  0  0  0  0  0  0  0  0  0  0  0  0  0]
 [19  9  3 17 22 24  0  0  0  0  0  0  0  0  0  0  0  0  0]]
gen= [[ 7  1 25  0  0  0  0  0  0  0  0  0  0  0  0  0  0  0  0]
 [23  2 18  0  0  0  0  0  0  0  0  0  0  0  0  0  0  0  0]
 [25 17  0  0  0  0  0  0  0  0  0  0  0  0  0  0  0  0  0]
 [ 7 12  6 20  0  0  0  0  0  0  0  0  0  0  0  0  0  0  0]
 [13  1  9 26  0  0  0  0  0  0  0  0  0  0  0  0  0  0  0]
 [13 27  4  0  0  0  0  0  0  0  0  0  0  0  0  0  0  0  0]
 [13  1  5 26  0  0  0  0  0  0  0  0  0  0  0  0  0  0  0]
 [13 24 27 23  0  0  0  0  0  0  0  0  0  0  0  0  0  0  0]
 [27  0  0  0  0  0  0  0  0  0  0  0  0  0  0  0  0  0  0]
 [22 24 19  9  3  0  0  0  0  0  0  0  0  0  0  0  0  0  0]]
valid: gen=0.548
reward: norm=0.9502177209866978
[ 390 iterations]
real= [[28 22 15  0  0  0  0  0  0  0  0  0  0  0  0  0  0  0  0]
 [26  0  0  0  0  0  0  0  0  0  0  0  0  0  0  0  0  0  0]
 [23 20  0  0  0  0  0  0  0  0  0  0  0  0  0  0  0  0  0]
 [23  6 21 20  0  0  0  0  0  0  0  0  0  0  0  0  0  0  0]
 [10 24 22  0  0  0  0  0  0  0  0  0  0  0  0  0  0  0  0]
 [16  9  3 19  0  0  0  0  0  0  0  0  0  0  0  0  0  0  0]
 [ 7 20 15 10  1  0  0  0  0  0  0  0  0  0  0  0  0  0  0]
 [27 16 21  0  0  0  0  0  0  0  0  0  0  0  0  0  0  0  0]
 [ 3  0  0  0  0  0  0  0  0  0  0  0  0  0  0  0  0  0  0]
 [ 9  0  0  0  0  0  0  0  0  0  0  0  0  0  0  0  0  0  0]]
gen= [[22 15 28  0  0  0  0  0  0  0  0  0  0  0  0  0  0  0  0]
 [26  0  0  0  0  0  0  0  0  0  0  0  0  0  0  0  0  0  0]
 [23 20  0  0  0  0  0  0  0  0  0  0  0  0  0  0  0  0  0]
 [23 20 21  0  0  0  0  0  0  0  0  0  0  0  0  0  0  0  0]
 [22 24 10  0  0  0  0  0  0  0  0  0  0  0  0  0  0  0  0]
 [19  3 16  9  0  0  0  0  0  0  0  0  0  0  0  0  0  0  0]
 [ 7  1 15  0  0  0  0  0  0  0  0  0  0  0  0  0  0  0  0]
 [27 16 21  0  0  0  0  0  0  0  0  0  0  0  0  0  0  0  0]
 [ 3  0  0  0  0  0  0  0  0  0  0  0  0  0  0  0  0  0  0]
 [ 9  0  0  0  0  0  0  0  0  0  0  0  0  0  0  0  0  0  0]]
valid: gen=0.563
reward: norm=0.9502468511305928
[ 400 iterations]
real= [[26 20  0  0  0  0  0  0  0  0  0  0  0  0  0  0  0  0  0]
 [ 8  4  9 17 21 24 15  0  0  0  0  0  0  0  0  0  0  0  0]
 [14 16 21  5  0  0  0  0  0  0  0  0  0  0  0  0  0  0  0]
 [12  0  0  0  0  0  0  0  0  0  0  0  0  0  0  0  0  0  0]
 [23  6 24 10  1  5 27  0  0  0  0  0  0  0  0  0  0  0  0]
 [21  0  0  0  0  0  0  0  0  0  0  0  0  0  0  0  0  0  0]
 [17  0  0  0  0  0  0  0  0  0  0  0  0  0  0  0  0  0  0]
 [16  1  0  0  0  0  0  0  0  0  0  0  0  0  0  0  0  0  0]
 [13 20  0  0  0  0  0  0  0  0  0  0  0  0  0  0  0  0  0]
 [20 25  0  0  0  0  0  0  0  0  0  0  0  0  0  0  0  0  0]]
gen= [[20 26  0  0  0  0  0  0  0  0  0  0  0  0  0  0  0  0  0]
 [24 15 21 17  0  0  0  0  0  0  0  0  0  0  0  0  0  0  0]
 [14  5  0  0  0  0  0  0  0  0  0  0  0  0  0  0  0  0  0]
 [12  0  0  0  0  0  0  0  0  0  0  0  0  0  0  0  0  0  0]
 [24 27 23  1  0  0  0  0  0  0  0  0  0  0  0  0  0  0  0]
 [21  0  0  0  0  0  0  0  0  0  0  0  0  0  0  0  0  0  0]
 [17  0  0  0  0  0  0  0  0  0  0  0  0  0  0  0  0  0  0]
 [ 1 16  0  0  0  0  0  0  0  0  0  0  0  0  0  0  0  0  0]
 [13 20  0  0  0  0  0  0  0  0  0  0  0  0  0  0  0  0  0]
 [25 20  0  0  0  0  0  0  0  0  0  0  0  0  0  0  0  0  0]]
valid: gen=0.525
reward: norm=0.9575072323335833
[ 410 iterations]
real= [[18 19 28  4  8  0  0  0  0  0  0  0  0  0  0  0  0  0  0]
 [18  0  0  0  0  0  0  0  0  0  0  0  0  0  0  0  0  0  0]
 [26 21  3 12 20  4  8  0  0  0  0  0  0  0  0  0  0  0  0]
 [27  7  9 13  3 12  1  5  0  0  0  0  0  0  0  0  0  0  0]
 [ 1 25  3  0  0  0  0  0  0  0  0  0  0  0  0  0  0  0  0]
 [26 23 19 17 13 14  3 12  1  5  0  0  0  0  0  0  0  0  0]
 [ 1  0  0  0  0  0  0  0  0  0  0  0  0  0  0  0  0  0  0]
 [25  0  0  0  0  0  0  0  0  0  0  0  0  0  0  0  0  0  0]
 [ 8  0  0  0  0  0  0  0  0  0  0  0  0  0  0  0  0  0  0]
 [ 7 17  3  6  0  0  0  0  0  0  0  0  0  0  0  0  0  0  0]]
gen= [[19 18 28  8  4  0  0  0  0  0  0  0  0  0  0  0  0  0  0]
 [18  0  0  0  0  0  0  0  0  0  0  0  0  0  0  0  0  0  0]
 [21  3 20 26 12  0  0  0  0  0  0  0  0  0  0  0  0  0  0]
 [13  7 27  1  0  0  0  0  0  0  0  0  0  0  0  0  0  0  0]
 [ 1 25  3  0  0  0  0  0  0  0  0  0  0  0  0  0  0  0  0]
 [13 14 23  1 26  0  0  0  0  0  0  0  0  0  0  0  0  0  0]
 [ 1  0  0  0  0  0  0  0  0  0  0  0  0  0  0  0  0  0  0]
 [25  0  0  0  0  0  0  0  0  0  0  0  0  0  0  0  0  0  0]
 [ 8  0  0  0  0  0  0  0  0  0  0  0  0  0  0  0  0  0  0]
 [ 7  3  6  0  0  0  0  0  0  0  0  0  0  0  0  0  0  0  0]]
valid: gen=0.544
reward: norm=0.9492579832321514
[ 420 iterations]
real= [[27  6 18 12 19  3 15  0  0  0  0  0  0  0  0  0  0  0  0]
 [ 5 25  9  2  0  0  0  0  0  0  0  0  0  0  0  0  0  0  0]
 [14 17 13 16 23  7  0  0  0  0  0  0  0  0  0  0  0  0  0]
 [11  0  0  0  0  0  0  0  0  0  0  0  0  0  0  0  0  0  0]
 [12  8  7  0  0  0  0  0  0  0  0  0  0  0  0  0  0  0  0]
 [ 7 10 13 17  9  1 25  0  0  0  0  0  0  0  0  0  0  0  0]
 [27  8  4 21 14  3 18 12  0  0  0  0  0  0  0  0  0  0  0]
 [14 24  7 20 27  0  0  0  0  0  0  0  0  0  0  0  0  0  0]
 [26 24 14 17 19  1 20  8  0  0  0  0  0  0  0  0  0  0  0]
 [23 10  3  9  1 22 26  0  0  0  0  0  0  0  0  0  0  0  0]]
gen= [[19 27 15  6  0  0  0  0  0  0  0  0  0  0  0  0  0  0  0]
 [25  9  2  5  0  0  0  0  0  0  0  0  0  0  0  0  0  0  0]
 [13 14  7 23  0  0  0  0  0  0  0  0  0  0  0  0  0  0  0]
 [11  0  0  0  0  0  0  0  0  0  0  0  0  0  0  0  0  0  0]
 [ 7 12  8  0  0  0  0  0  0  0  0  0  0  0  0  0  0  0  0]
 [13  7  1  0  0  0  0  0  0  0  0  0  0  0  0  0  0  0  0]
 [14 27  8 12  0  0  0  0  0  0  0  0  0  0  0  0  0  0  0]
 [14 24  7 27 20  0  0  0  0  0  0  0  0  0  0  0  0  0  0]
 [14 24  1  8 20  0  0  0  0  0  0  0  0  0  0  0  0  0  0]
 [22 23  1 10  0  0  0  0  0  0  0  0  0  0  0  0  0  0  0]]
valid: gen=0.573
reward: norm=0.9533517519838219
[ 430 iterations]
real= [[ 1 25  7  0  0  0  0  0  0  0  0  0  0  0  0  0  0  0  0]
 [23  2 18  0  0  0  0  0  0  0  0  0  0  0  0  0  0  0  0]
 [17 25  0  0  0  0  0  0  0  0  0  0  0  0  0  0  0  0  0]
 [12  6  7 20  8  0  0  0  0  0  0  0  0  0  0  0  0  0  0]
 [13 26  9  1  0  0  0  0  0  0  0  0  0  0  0  0  0  0  0]
 [27  4  9 16 21 13 18 26  0  0  0  0  0  0  0  0  0  0  0]
 [ 5  8 28  1 13 26  0  0  0  0  0  0  0  0  0  0  0  0  0]
 [23 24 13  1  8  4 27  0  0  0  0  0  0  0  0  0  0  0  0]
 [27  0  0  0  0  0  0  0  0  0  0  0  0  0  0  0  0  0  0]
 [19  9  3 17 22 24  0  0  0  0  0  0  0  0  0  0  0  0  0]]
gen= [[ 7  1 25  0  0  0  0  0  0  0  0  0  0  0  0  0  0  0  0]
 [23 18  2  0  0  0  0  0  0  0  0  0  0  0  0  0  0  0  0]
 [25 17  0  0  0  0  0  0  0  0  0  0  0  0  0  0  0  0  0]
 [ 7 12 20  8  0  0  0  0  0  0  0  0  0  0  0  0  0  0  0]
 [13  1 26  0  0  0  0  0  0  0  0  0  0  0  0  0  0  0  0]
 [13 27  4  0  0  0  0  0  0  0  0  0  0  0  0  0  0  0  0]
 [13  1 28  5  8  0  0  0  0  0  0  0  0  0  0  0  0  0  0]
 [13 24 27 23  0  0  0  0  0  0  0  0  0  0  0  0  0  0  0]
 [27  0  0  0  0  0  0  0  0  0  0  0  0  0  0  0  0  0  0]
 [22 24 19  3 17  0  0  0  0  0  0  0  0  0  0  0  0  0  0]]
valid: gen=0.546
reward: norm=0.9502226264798386
[ 440 iterations]
real= [[28 22 15  0  0  0  0  0  0  0  0  0  0  0  0  0  0  0  0]
 [26  0  0  0  0  0  0  0  0  0  0  0  0  0  0  0  0  0  0]
 [23 20  0  0  0  0  0  0  0  0  0  0  0  0  0  0  0  0  0]
 [23  6 21 20  0  0  0  0  0  0  0  0  0  0  0  0  0  0  0]
 [10 24 22  0  0  0  0  0  0  0  0  0  0  0  0  0  0  0  0]
 [16  9  3 19  0  0  0  0  0  0  0  0  0  0  0  0  0  0  0]
 [ 7 20 15 10  1  0  0  0  0  0  0  0  0  0  0  0  0  0  0]
 [27 16 21  0  0  0  0  0  0  0  0  0  0  0  0  0  0  0  0]
 [ 3  0  0  0  0  0  0  0  0  0  0  0  0  0  0  0  0  0  0]
 [ 9  0  0  0  0  0  0  0  0  0  0  0  0  0  0  0  0  0  0]]
gen= [[22 15 28  0  0  0  0  0  0  0  0  0  0  0  0  0  0  0  0]
 [26  0  0  0  0  0  0  0  0  0  0  0  0  0  0  0  0  0  0]
 [23 20  0  0  0  0  0  0  0  0  0  0  0  0  0  0  0  0  0]
 [23 21 20  0  0  0  0  0  0  0  0  0  0  0  0  0  0  0  0]
 [22 24 10  0  0  0  0  0  0  0  0  0  0  0  0  0  0  0  0]
 [19 16  3  9  0  0  0  0  0  0  0  0  0  0  0  0  0  0  0]
 [ 7  1 15  0  0  0  0  0  0  0  0  0  0  0  0  0  0  0  0]
 [27 16 21  0  0  0  0  0  0  0  0  0  0  0  0  0  0  0  0]
 [ 3  0  0  0  0  0  0  0  0  0  0  0  0  0  0  0  0  0  0]
 [ 9  0  0  0  0  0  0  0  0  0  0  0  0  0  0  0  0  0  0]]
valid: gen=0.567
reward: norm=0.9506570480258115
[ 450 iterations]
real= [[26 20  0  0  0  0  0  0  0  0  0  0  0  0  0  0  0  0  0]
 [ 8  4  9 17 21 24 15  0  0  0  0  0  0  0  0  0  0  0  0]
 [14 16 21  5  0  0  0  0  0  0  0  0  0  0  0  0  0  0  0]
 [12  0  0  0  0  0  0  0  0  0  0  0  0  0  0  0  0  0  0]
 [23  6 24 10  1  5 27  0  0  0  0  0  0  0  0  0  0  0  0]
 [21  0  0  0  0  0  0  0  0  0  0  0  0  0  0  0  0  0  0]
 [17  0  0  0  0  0  0  0  0  0  0  0  0  0  0  0  0  0  0]
 [16  1  0  0  0  0  0  0  0  0  0  0  0  0  0  0  0  0  0]
 [13 20  0  0  0  0  0  0  0  0  0  0  0  0  0  0  0  0  0]
 [20 25  0  0  0  0  0  0  0  0  0  0  0  0  0  0  0  0  0]]
gen= [[26 20  0  0  0  0  0  0  0  0  0  0  0  0  0  0  0  0  0]
 [24 15 21  9  0  0  0  0  0  0  0  0  0  0  0  0  0  0  0]
 [14  5  0  0  0  0  0  0  0  0  0  0  0  0  0  0  0  0  0]
 [12  0  0  0  0  0  0  0  0  0  0  0  0  0  0  0  0  0  0]
 [24 27 23  1  0  0  0  0  0  0  0  0  0  0  0  0  0  0  0]
 [21  0  0  0  0  0  0  0  0  0  0  0  0  0  0  0  0  0  0]
 [17  0  0  0  0  0  0  0  0  0  0  0  0  0  0  0  0  0  0]
 [ 1 16  0  0  0  0  0  0  0  0  0  0  0  0  0  0  0  0  0]
 [13 20  0  0  0  0  0  0  0  0  0  0  0  0  0  0  0  0  0]
 [25 20  0  0  0  0  0  0  0  0  0  0  0  0  0  0  0  0  0]]
valid: gen=0.525
reward: norm=0.9559093411705512
[ 460 iterations]
real= [[18 19 28  4  8  0  0  0  0  0  0  0  0  0  0  0  0  0  0]
 [18  0  0  0  0  0  0  0  0  0  0  0  0  0  0  0  0  0  0]
 [26 21  3 12 20  4  8  0  0  0  0  0  0  0  0  0  0  0  0]
 [27  7  9 13  3 12  1  5  0  0  0  0  0  0  0  0  0  0  0]
 [ 1 25  3  0  0  0  0  0  0  0  0  0  0  0  0  0  0  0  0]
 [26 23 19 17 13 14  3 12  1  5  0  0  0  0  0  0  0  0  0]
 [ 1  0  0  0  0  0  0  0  0  0  0  0  0  0  0  0  0  0  0]
 [25  0  0  0  0  0  0  0  0  0  0  0  0  0  0  0  0  0  0]
 [ 8  0  0  0  0  0  0  0  0  0  0  0  0  0  0  0  0  0  0]
 [ 7 17  3  6  0  0  0  0  0  0  0  0  0  0  0  0  0  0  0]]
gen= [[19  8 28  4 18  0  0  0  0  0  0  0  0  0  0  0  0  0  0]
 [18  0  0  0  0  0  0  0  0  0  0  0  0  0  0  0  0  0  0]
 [21  8 20  0  0  0  0  0  0  0  0  0  0  0  0  0  0  0  0]
 [13  7 27  1  0  0  0  0  0  0  0  0  0  0  0  0  0  0  0]
 [ 1 25  3  0  0  0  0  0  0  0  0  0  0  0  0  0  0  0  0]
 [13 14 23  1 26  0  0  0  0  0  0  0  0  0  0  0  0  0  0]
 [ 1  0  0  0  0  0  0  0  0  0  0  0  0  0  0  0  0  0  0]
 [25  0  0  0  0  0  0  0  0  0  0  0  0  0  0  0  0  0  0]
 [ 8  0  0  0  0  0  0  0  0  0  0  0  0  0  0  0  0  0  0]
 [ 7 17  6  0  0  0  0  0  0  0  0  0  0  0  0  0  0  0  0]]
valid: gen=0.539
reward: norm=0.9474053199091274
[ 470 iterations]
real= [[27  6 18 12 19  3 15  0  0  0  0  0  0  0  0  0  0  0  0]
 [ 5 25  9  2  0  0  0  0  0  0  0  0  0  0  0  0  0  0  0]
 [14 17 13 16 23  7  0  0  0  0  0  0  0  0  0  0  0  0  0]
 [11  0  0  0  0  0  0  0  0  0  0  0  0  0  0  0  0  0  0]
 [12  8  7  0  0  0  0  0  0  0  0  0  0  0  0  0  0  0  0]
 [ 7 10 13 17  9  1 25  0  0  0  0  0  0  0  0  0  0  0  0]
 [27  8  4 21 14  3 18 12  0  0  0  0  0  0  0  0  0  0  0]
 [14 24  7 20 27  0  0  0  0  0  0  0  0  0  0  0  0  0  0]
 [26 24 14 17 19  1 20  8  0  0  0  0  0  0  0  0  0  0  0]
 [23 10  3  9  1 22 26  0  0  0  0  0  0  0  0  0  0  0  0]]
gen= [[19 27 15 12  3 18  0  0  0  0  0  0  0  0  0  0  0  0  0]
 [25  5  9  2  0  0  0  0  0  0  0  0  0  0  0  0  0  0  0]
 [13 14  7 23  0  0  0  0  0  0  0  0  0  0  0  0  0  0  0]
 [11  0  0  0  0  0  0  0  0  0  0  0  0  0  0  0  0  0  0]
 [ 7  8 12  0  0  0  0  0  0  0  0  0  0  0  0  0  0  0  0]
 [13  7  1  0  0  0  0  0  0  0  0  0  0  0  0  0  0  0  0]
 [14 27  4 12  0  0  0  0  0  0  0  0  0  0  0  0  0  0  0]
 [14 24  7 27 20  0  0  0  0  0  0  0  0  0  0  0  0  0  0]
 [14 24  1 26  0  0  0  0  0  0  0  0  0  0  0  0  0  0  0]
 [22 23  1 10  0  0  0  0  0  0  0  0  0  0  0  0  0  0  0]]
valid: gen=0.579
reward: norm=0.9518194639672646
[ 480 iterations]
real= [[ 1 25  7  0  0  0  0  0  0  0  0  0  0  0  0  0  0  0  0]
 [23  2 18  0  0  0  0  0  0  0  0  0  0  0  0  0  0  0  0]
 [17 25  0  0  0  0  0  0  0  0  0  0  0  0  0  0  0  0  0]
 [12  6  7 20  8  0  0  0  0  0  0  0  0  0  0  0  0  0  0]
 [13 26  9  1  0  0  0  0  0  0  0  0  0  0  0  0  0  0  0]
 [27  4  9 16 21 13 18 26  0  0  0  0  0  0  0  0  0  0  0]
 [ 5  8 28  1 13 26  0  0  0  0  0  0  0  0  0  0  0  0  0]
 [23 24 13  1  8  4 27  0  0  0  0  0  0  0  0  0  0  0  0]
 [27  0  0  0  0  0  0  0  0  0  0  0  0  0  0  0  0  0  0]
 [19  9  3 17 22 24  0  0  0  0  0  0  0  0  0  0  0  0  0]]
gen= [[ 7  1 25  0  0  0  0  0  0  0  0  0  0  0  0  0  0  0  0]
 [23  2 18  0  0  0  0  0  0  0  0  0  0  0  0  0  0  0  0]
 [25 17  0  0  0  0  0  0  0  0  0  0  0  0  0  0  0  0  0]
 [ 7  8 12 20  0  0  0  0  0  0  0  0  0  0  0  0  0  0  0]
 [13  1 26  0  0  0  0  0  0  0  0  0  0  0  0  0  0  0  0]
 [13 27  4  0  0  0  0  0  0  0  0  0  0  0  0  0  0  0  0]
 [13  1 26  5  0  0  0  0  0  0  0  0  0  0  0  0  0  0  0]
 [13 24 27 23  0  0  0  0  0  0  0  0  0  0  0  0  0  0  0]
 [27  0  0  0  0  0  0  0  0  0  0  0  0  0  0  0  0  0  0]
 [22 24 19  3 17  0  0  0  0  0  0  0  0  0  0  0  0  0  0]]
valid: gen=0.553
reward: norm=0.9512304457558474
[ 490 iterations]
real= [[28 22 15  0  0  0  0  0  0  0  0  0  0  0  0  0  0  0  0]
 [26  0  0  0  0  0  0  0  0  0  0  0  0  0  0  0  0  0  0]
 [23 20  0  0  0  0  0  0  0  0  0  0  0  0  0  0  0  0  0]
 [23  6 21 20  0  0  0  0  0  0  0  0  0  0  0  0  0  0  0]
 [10 24 22  0  0  0  0  0  0  0  0  0  0  0  0  0  0  0  0]
 [16  9  3 19  0  0  0  0  0  0  0  0  0  0  0  0  0  0  0]
 [ 7 20 15 10  1  0  0  0  0  0  0  0  0  0  0  0  0  0  0]
 [27 16 21  0  0  0  0  0  0  0  0  0  0  0  0  0  0  0  0]
 [ 3  0  0  0  0  0  0  0  0  0  0  0  0  0  0  0  0  0  0]
 [ 9  0  0  0  0  0  0  0  0  0  0  0  0  0  0  0  0  0  0]]
gen= [[22 15 28  0  0  0  0  0  0  0  0  0  0  0  0  0  0  0  0]
 [26  0  0  0  0  0  0  0  0  0  0  0  0  0  0  0  0  0  0]
 [23 20  0  0  0  0  0  0  0  0  0  0  0  0  0  0  0  0  0]
 [23 21 20  0  0  0  0  0  0  0  0  0  0  0  0  0  0  0  0]
 [22 24 10  0  0  0  0  0  0  0  0  0  0  0  0  0  0  0  0]
 [19  9 16  3  0  0  0  0  0  0  0  0  0  0  0  0  0  0  0]
 [ 7 15  1 20 10  0  0  0  0  0  0  0  0  0  0  0  0  0  0]
 [27 16 21  0  0  0  0  0  0  0  0  0  0  0  0  0  0  0  0]
 [ 3  0  0  0  0  0  0  0  0  0  0  0  0  0  0  0  0  0  0]
 [ 9  0  0  0  0  0  0  0  0  0  0  0  0  0  0  0  0  0  0]]
valid: gen=0.559
reward: norm=0.9506497655977859
