read problem
max stops: 4
n locations: 29
numArcLayers: 5
1-th layer, # of nodes=1
split the incoming edges: 29 -> (6, 23)
1-th layer, # of nodes=2
split the incoming edges: 6 -> (2, 4)
split the incoming edges: 23 -> (7, 16)
1-th layer, # of nodes=4
split the incoming edges: 2 -> (1, 1)
remove arc: Arc(15: Node(1, u46), Node(2, u2))
remove arc: Arc(17: Node(1, u47), Node(2, u2))
split the incoming edges: 4 -> (1, 3)
remove arc: Arc(24: Node(1, u48), Node(2, u2))
split the incoming edges: 7 -> (1, 6)
remove arc: Arc(20: Node(1, u50), Node(2, u2))
split the incoming edges: 16 -> (6, 10)
1-th layer, # of nodes=8
split the incoming edges: 3 -> (1, 2)
remove arc: Arc(1: Node(1, u54), Node(2, u2))
split the incoming edges: 6 -> (4, 2)
split the incoming edges: 6 -> (1, 5)
remove arc: Arc(14: Node(1, u58), Node(2, u2))
split the incoming edges: 10 -> (3, 7)
1-th layer, # of nodes=12
split the incoming edges: 2 -> (1, 1)
remove arc: Arc(25: Node(1, u62), Node(2, u2))
remove arc: Arc(21: Node(1, u63), Node(2, u2))
split the incoming edges: 4 -> (1, 3)
remove arc: Arc(26: Node(1, u64), Node(2, u2))
split the incoming edges: 2 -> (1, 1)
remove arc: Arc(18: Node(1, u66), Node(2, u2))
remove arc: Arc(29: Node(1, u67), Node(2, u2))
split the incoming edges: 5 -> (1, 4)
remove arc: Arc(11: Node(1, u68), Node(2, u2))
node canot be splitted, beacause reaching the bound!: 16
[ 1 iterations]
real=[[5, 25, 4, 9, 0], [2, 9, 27, 19, 0], [23, 25, 4, 22, 0], [12, 7, 20, 22, 0], [11, 12, 27, 26, 0], [24, 13, 14, 3, 0], [25, 13, 10, 22, 0], [23, 28, 14, 0, 0], [18, 12, 13, 22, 0], [25, 17, 11, 27, 0]]
gen=[[5, 5, 4, 4, 0], [2, 9, 27, 2, 0], [23, 25, 4, 4, 0], [12, 12, 12, 12, 0], [12, 12, 12, 12, 0], [13, 13, 14, 14, 0], [13, 13, 13, 13, 0], [23, 14, 14, 14], [12, 12, 12, 12, 0], [17, 25, 17, 17, 0]]
valid routes=0.032
norm-reward=0.4871655561110134
[ 2 iterations]
real=[[21, 16, 26, 9, 0], [2, 1, 8, 27, 0], [6, 13, 20, 22, 0], [10, 1, 23, 3, 0], [21, 24, 23, 17, 0], [17, 16, 23, 22, 0], [28, 9, 8, 19, 0], [18, 13, 23, 19, 0], [23, 17, 14, 3, 0], [9, 7, 4, 20, 0]]
gen=[[21, 16, 16, 16, 0], [2, 1, 2, 2, 0], [6, 13, 13, 13, 0], [10, 10, 23, 23, 0], [21, 17, 23, 23, 0], [23, 16, 16, 23, 0], [28, 28, 28, 28, 0], [23, 13, 23, 23, 0], [23, 14, 14, 14, 0], [9, 7, 7, 7, 0]]
valid routes=0.021
norm-reward=0.4669836400532748
[ 3 iterations]
real=[[28, 12, 2, 22, 0], [25, 7, 2, 3, 0], [25, 24, 4, 19, 0], [10, 1, 11, 21, 0], [9, 6, 19, 0, 0], [21, 3, 28, 26, 0], [19, 3, 27, 20, 0], [5, 16, 23, 27, 0], [8, 12, 27, 22, 0], [21, 25, 23, 14, 0]]
gen=[[28, 12, 12, 12, 0], [25, 7, 7, 7, 0], [25, 24, 4, 25, 0], [21, 10, 10, 10, 0], [6, 6, 9, 9], [21, 3, 28, 28, 0], [20, 3, 3, 3, 0], [5, 16, 16, 16, 0], [12, 12, 12, 12, 0], [21, 14, 14, 14, 0]]
valid routes=0.02
norm-reward=0.43342193376044563
[ 4 iterations]
real=[[5, 6, 4, 27, 0], [25, 16, 2, 22, 0], [23, 7, 2, 6, 0], [15, 20, 0, 0, 0], [21, 17, 6, 22, 0], [9, 10, 2, 20, 0], [10, 18, 11, 8, 0], [11, 1, 3, 19, 0], [6, 16, 14, 4, 0], [9, 6, 2, 26, 0]]
gen=[[6, 6, 5, 5, 0], [25, 16, 16, 16, 0], [6, 7, 7, 7, 0], [15, 20, 15], [21, 17, 17, 17, 0], [10, 10, 10, 10, 0], [10, 10, 10, 10, 0], [11, 1, 1, 1, 0], [6, 16, 14, 14, 0], [6, 6, 2, 9, 0]]
valid routes=0.017
norm-reward=0.46578935169704594
[ 5 iterations]
real=[[12, 7, 3, 22, 0], [2, 6, 0, 0, 0], [26, 12, 23, 22, 0], [10, 24, 11, 8, 0], [8, 1, 27, 26, 0], [9, 17, 14, 0, 0], [9, 1, 8, 3, 0], [9, 25, 4, 27, 0], [28, 10, 2, 26, 0], [9, 17, 25, 26, 0]]
gen=[[12, 12, 12, 12, 0], [6, 6, 2], [12, 12, 12, 23, 0], [10, 24, 10, 10, 0], [26, 1, 1, 1, 0], [9, 17, 14, 14], [9, 9, 1, 9, 0], [9, 25, 9, 9, 0], [10, 10, 28, 10, 0], [9, 17, 17, 9, 0]]
valid routes=0.033
norm-reward=0.5348098642667549
[ 6 iterations]
real=[[18, 7, 1, 3, 0], [8, 17, 1, 22, 0], [12, 16, 4, 22, 0], [21, 15, 14, 20, 0], [21, 6, 2, 17, 0], [10, 7, 4, 27, 0], [6, 13, 7, 1, 0], [15, 12, 3, 9, 0], [9, 19, 11, 20, 0], [5, 16, 27, 19, 0]]
gen=[[7, 7, 7, 7, 0], [17, 1, 17, 17, 0], [16, 16, 16, 16, 0], [15, 21, 14, 14, 0], [21, 17, 17, 17, 0], [10, 7, 7, 7, 0], [6, 7, 7, 7, 0], [15, 12, 12, 12, 0], [9, 9, 9, 9, 0], [5, 16, 16, 16, 0]]
valid routes=0.023
norm-reward=0.515191632556738
[ 7 iterations]
real=[[21, 7, 11, 18, 0], [21, 1, 23, 15, 0], [6, 24, 11, 14, 0], [6, 7, 3, 9, 0], [15, 13, 1, 26, 0], [18, 13, 23, 3, 0], [6, 17, 24, 26, 0], [9, 25, 20, 22, 0], [13, 7, 8, 19, 0], [28, 25, 11, 15, 0]]
gen=[[21, 7, 7, 7, 0], [15, 21, 23, 23, 0], [6, 6, 14, 14, 0], [6, 7, 7, 7, 0], [15, 13, 13, 15, 0], [13, 13, 13, 23, 0], [6, 17, 17, 17, 0], [9, 25, 9, 25, 0], [13, 7, 7, 7, 0], [15, 25, 28, 28, 0]]
valid routes=0.026
norm-reward=0.4926578128059879
[ 8 iterations]
real=[[28, 16, 7, 20, 0], [10, 7, 20, 26, 0], [15, 5, 23, 14, 0], [9, 6, 3, 20, 0], [15, 6, 10, 3, 0], [21, 6, 27, 19, 0], [6, 25, 0, 0, 0], [6, 13, 14, 1, 0], [21, 26, 27, 22, 0], [13, 17, 11, 20, 0]]
gen=[[28, 16, 16, 16, 0], [10, 7, 7, 7, 0], [15, 5, 14, 14, 0], [6, 6, 9, 9, 0], [15, 6, 10, 10, 0], [21, 6, 6, 21, 0], [6, 25, 25], [6, 13, 14, 14, 0], [21, 26, 21, 21, 0], [13, 13, 13, 17, 0]]
valid routes=0.031
norm-reward=0.4540152006706389
[ 9 iterations]
real=[[23, 5, 2, 22, 0], [15, 12, 3, 19, 0], [23, 10, 14, 20, 0], [12, 1, 0, 0, 0], [10, 25, 23, 28, 0], [15, 16, 25, 3, 0], [21, 18, 4, 5, 0], [20, 0, 0, 0, 0], [10, 12, 2, 21, 0], [6, 16, 23, 4, 0]]
gen=[[5, 5, 23, 23, 0], [15, 12, 12, 12, 0], [10, 10, 14, 14, 0], [12, 12, 12], [10, 25, 28, 10, 0], [15, 16, 16, 16, 0], [21, 5, 4, 21, 0], [20, 0], [21, 12, 12, 10, 0], [6, 16, 16, 16, 0]]
valid routes=0.015
norm-reward=0.37755748922657273
[ 10 iterations]
real=[[21, 12, 2, 17, 0], [24, 13, 1, 19, 0], [5, 18, 1, 0, 0], [23, 13, 27, 20, 0], [28, 9, 4, 22, 0], [21, 12, 28, 9, 0], [21, 18, 7, 20, 0], [6, 24, 10, 17, 0], [9, 12, 11, 19, 0], [15, 19, 27, 22, 0]]
gen=[[21, 12, 12, 12, 0], [13, 13, 13, 1, 0], [5, 5, 1, 1], [13, 13, 13, 23, 0], [28, 22, 28, 28, 0], [21, 12, 12, 12, 0], [21, 7, 7, 7, 0], [10, 17, 17, 10, 0], [9, 12, 12, 12, 0], [15, 22, 15, 15, 0]]
valid routes=0.024
norm-reward=0.5184420314263886
[ 11 iterations]
real=[[5, 25, 4, 9, 0], [2, 9, 27, 19, 0], [23, 25, 4, 22, 0], [12, 7, 20, 22, 0], [11, 12, 27, 26, 0], [24, 13, 14, 3, 0], [25, 13, 10, 22, 0], [23, 28, 14, 0, 0], [18, 12, 13, 22, 0], [25, 17, 11, 27, 0]]
gen=[[9, 25, 25, 25, 0], [9, 9, 9, 9, 0], [25, 22, 22, 25, 0], [22, 12, 12, 22, 0], [12, 12, 12, 12, 0], [13, 13, 14, 14, 0], [10, 13, 22, 25, 0], [28, 28, 14, 14], [13, 12, 12, 22, 0], [25, 17, 17, 25, 0]]
valid routes=0.021
norm-reward=0.39137468766445727
[ 12 iterations]
real=[[21, 16, 26, 9, 0], [2, 1, 8, 27, 0], [6, 13, 20, 22, 0], [10, 1, 23, 3, 0], [21, 24, 23, 17, 0], [17, 16, 23, 22, 0], [28, 9, 8, 19, 0], [18, 13, 23, 19, 0], [23, 17, 14, 3, 0], [9, 7, 4, 20, 0]]
gen=[[21, 16, 16, 16, 0], [1, 8, 1, 1, 0], [6, 13, 22, 22, 0], [10, 10, 10, 10, 0], [21, 17, 17, 23, 0], [22, 16, 16, 16, 0], [28, 28, 28, 28, 0], [13, 13, 13, 23, 0], [17, 14, 14, 14, 0], [9, 7, 7, 7, 0]]
valid routes=0.025
norm-reward=0.4674095023622387
[ 13 iterations]
real=[[28, 12, 2, 22, 0], [25, 7, 2, 3, 0], [25, 24, 4, 19, 0], [10, 1, 11, 21, 0], [9, 6, 19, 0, 0], [21, 3, 28, 26, 0], [19, 3, 27, 20, 0], [5, 16, 23, 27, 0], [8, 12, 27, 22, 0], [21, 25, 23, 14, 0]]
gen=[[28, 12, 12, 22, 0], [25, 7, 7, 7, 0], [25, 24, 25, 25, 0], [21, 10, 10, 10, 0], [6, 6, 9, 9], [21, 28, 28, 28, 0], [27, 19, 3, 3, 0], [5, 16, 16, 16, 0], [22, 12, 12, 22, 0], [21, 25, 14, 14, 0]]
valid routes=0.029
norm-reward=0.4703401293980184
[ 14 iterations]
real=[[5, 6, 4, 27, 0], [25, 16, 2, 22, 0], [23, 7, 2, 6, 0], [15, 20, 0, 0, 0], [21, 17, 6, 22, 0], [9, 10, 2, 20, 0], [10, 18, 11, 8, 0], [11, 1, 3, 19, 0], [6, 16, 14, 4, 0], [9, 6, 2, 26, 0]]
gen=[[6, 6, 6, 6, 0], [25, 16, 16, 16, 0], [6, 7, 7, 7, 0], [15, 20, 15], [21, 17, 17, 22, 0], [10, 10, 10, 10, 0], [10, 10, 10, 10, 0], [1, 19, 1, 1, 0], [6, 16, 14, 14, 0], [6, 6, 9, 9, 0]]
valid routes=0.028
norm-reward=0.5936596594840257
[ 15 iterations]
real=[[12, 7, 3, 22, 0], [2, 6, 0, 0, 0], [26, 12, 23, 22, 0], [10, 24, 11, 8, 0], [8, 1, 27, 26, 0], [9, 17, 14, 0, 0], [9, 1, 8, 3, 0], [9, 25, 4, 27, 0], [28, 10, 2, 26, 0], [9, 17, 25, 26, 0]]
gen=[[22, 12, 12, 22, 0], [6, 6, 2], [22, 12, 12, 22, 0], [10, 24, 10, 10, 0], [26, 1, 1, 1, 0], [9, 17, 14, 14], [9, 1, 9, 9, 0], [9, 25, 25, 25, 0], [10, 10, 10, 10, 0], [9, 17, 17, 25, 0]]
valid routes=0.025
norm-reward=0.4789793356663143
[ 16 iterations]
real=[[18, 7, 1, 3, 0], [8, 17, 1, 22, 0], [12, 16, 4, 22, 0], [21, 15, 14, 20, 0], [21, 6, 2, 17, 0], [10, 7, 4, 27, 0], [6, 13, 7, 1, 0], [15, 12, 3, 9, 0], [9, 19, 11, 20, 0], [5, 16, 27, 19, 0]]
gen=[[7, 7, 7, 7, 0], [22, 17, 22, 22, 0], [22, 16, 16, 16, 0], [15, 14, 14, 14, 0], [21, 17, 17, 21, 0], [10, 7, 7, 7, 0], [6, 7, 7, 7, 0], [15, 12, 12, 12, 0], [9, 9, 9, 9, 0], [5, 16, 16, 16, 0]]
valid routes=0.021
norm-reward=0.45844649359313444
[ 17 iterations]
real=[[21, 7, 11, 18, 0], [21, 1, 23, 15, 0], [6, 24, 11, 14, 0], [6, 7, 3, 9, 0], [15, 13, 1, 26, 0], [18, 13, 23, 3, 0], [6, 17, 24, 26, 0], [9, 25, 20, 22, 0], [13, 7, 8, 19, 0], [28, 25, 11, 15, 0]]
gen=[[21, 7, 7, 7, 0], [15, 21, 23, 15, 0], [6, 24, 14, 14, 0], [6, 7, 7, 7, 0], [15, 13, 13, 15, 0], [13, 13, 13, 23, 0], [6, 17, 17, 24, 0], [9, 25, 22, 25, 0], [13, 7, 7, 7, 0], [15, 25, 25, 25, 0]]
valid routes=0.02
norm-reward=0.44679648029463737
[ 18 iterations]
real=[[28, 16, 7, 20, 0], [10, 7, 20, 26, 0], [15, 5, 23, 14, 0], [9, 6, 3, 20, 0], [15, 6, 10, 3, 0], [21, 6, 27, 19, 0], [6, 25, 0, 0, 0], [6, 13, 14, 1, 0], [21, 26, 27, 22, 0], [13, 17, 11, 20, 0]]
gen=[[28, 16, 16, 16, 0], [10, 7, 7, 7, 0], [15, 5, 14, 14, 0], [6, 6, 9, 9, 0], [15, 6, 10, 10, 0], [21, 6, 21, 21, 0], [6, 25, 25], [6, 13, 14, 14, 0], [21, 22, 22, 22, 0], [13, 13, 13, 13, 0]]
valid routes=0.026
norm-reward=0.3697547963315377
[ 19 iterations]
real=[[23, 5, 2, 22, 0], [15, 12, 3, 19, 0], [23, 10, 14, 20, 0], [12, 1, 0, 0, 0], [10, 25, 23, 28, 0], [15, 16, 25, 3, 0], [21, 18, 4, 5, 0], [20, 0, 0, 0, 0], [10, 12, 2, 21, 0], [6, 16, 23, 4, 0]]
gen=[[22, 5, 22, 22, 0], [15, 12, 12, 12, 0], [10, 14, 14, 14, 0], [12, 12, 12], [10, 25, 25, 25, 0], [15, 16, 16, 16, 0], [21, 5, 5, 21, 0], [20, 0], [21, 12, 12, 10, 0], [6, 16, 16, 16, 0]]
valid routes=0.014
norm-reward=0.3095188448595623
[ 20 iterations]
real=[[21, 12, 2, 17, 0], [24, 13, 1, 19, 0], [5, 18, 1, 0, 0], [23, 13, 27, 20, 0], [28, 9, 4, 22, 0], [21, 12, 28, 9, 0], [21, 18, 7, 20, 0], [6, 24, 10, 17, 0], [9, 12, 11, 19, 0], [15, 19, 27, 22, 0]]
gen=[[21, 12, 12, 12, 0], [24, 13, 13, 24, 0], [5, 1, 1, 1], [13, 13, 23, 23, 0], [22, 9, 28, 22, 0], [21, 12, 12, 12, 0], [21, 7, 7, 7, 0], [10, 17, 24, 24, 0], [9, 12, 12, 12, 0], [15, 22, 22, 22, 0]]
valid routes=0.02
norm-reward=0.4927698982239592
[ 21 iterations]
real=[[5, 25, 4, 9, 0], [2, 9, 27, 19, 0], [23, 25, 4, 22, 0], [12, 7, 20, 22, 0], [11, 12, 27, 26, 0], [24, 13, 14, 3, 0], [25, 13, 10, 22, 0], [23, 28, 14, 0, 0], [18, 12, 13, 22, 0], [25, 17, 11, 27, 0]]
gen=[[9, 25, 25, 25, 0], [9, 2, 2, 9, 0], [25, 23, 25, 25, 0], [22, 12, 12, 22, 0], [26, 12, 12, 26, 0], [24, 13, 14, 14, 0], [10, 13, 25, 25, 0], [28, 14, 14, 14], [22, 12, 12, 12, 0], [25, 17, 25, 25, 0]]
valid routes=0.019
norm-reward=0.4156222183712372
[ 22 iterations]
real=[[21, 16, 26, 9, 0], [2, 1, 8, 27, 0], [6, 13, 20, 22, 0], [10, 1, 23, 3, 0], [21, 24, 23, 17, 0], [17, 16, 23, 22, 0], [28, 9, 8, 19, 0], [18, 13, 23, 19, 0], [23, 17, 14, 3, 0], [9, 7, 4, 20, 0]]
gen=[[21, 16, 16, 26, 0], [1, 2, 1, 1, 0], [6, 13, 13, 22, 0], [10, 1, 23, 10, 0], [21, 17, 17, 24, 0], [22, 16, 16, 16, 0], [28, 28, 28, 28, 0], [13, 13, 13, 23, 0], [17, 3, 14, 14, 0], [9, 7, 7, 7, 0]]
valid routes=0.023
norm-reward=0.4834271201353932
[ 23 iterations]
real=[[28, 12, 2, 22, 0], [25, 7, 2, 3, 0], [25, 24, 4, 19, 0], [10, 1, 11, 21, 0], [9, 6, 19, 0, 0], [21, 3, 28, 26, 0], [19, 3, 27, 20, 0], [5, 16, 23, 27, 0], [8, 12, 27, 22, 0], [21, 25, 23, 14, 0]]
gen=[[28, 12, 12, 22, 0], [25, 7, 25, 25, 0], [25, 24, 25, 25, 0], [21, 1, 1, 10, 0], [6, 6, 6, 6], [21, 26, 26, 26, 0], [19, 3, 3, 3, 0], [5, 16, 16, 16, 0], [22, 12, 12, 12, 0], [21, 25, 14, 14, 0]]
valid routes=0.022
norm-reward=0.423004335281906
[ 24 iterations]
real=[[5, 6, 4, 27, 0], [25, 16, 2, 22, 0], [23, 7, 2, 6, 0], [15, 20, 0, 0, 0], [21, 17, 6, 22, 0], [9, 10, 2, 20, 0], [10, 18, 11, 8, 0], [11, 1, 3, 19, 0], [6, 16, 14, 4, 0], [9, 6, 2, 26, 0]]
gen=[[6, 5, 5, 6, 0], [25, 16, 16, 25, 0], [6, 7, 7, 7, 0], [15, 20, 20], [21, 17, 17, 22, 0], [10, 10, 10, 10, 0], [10, 10, 10, 10, 0], [1, 19, 1, 1, 0], [6, 16, 14, 14, 0], [6, 6, 26, 26, 0]]
valid routes=0.017
norm-reward=0.5033751312147274
[ 25 iterations]
real=[[12, 7, 3, 22, 0], [2, 6, 0, 0, 0], [26, 12, 23, 22, 0], [10, 24, 11, 8, 0], [8, 1, 27, 26, 0], [9, 17, 14, 0, 0], [9, 1, 8, 3, 0], [9, 25, 4, 27, 0], [28, 10, 2, 26, 0], [9, 17, 25, 26, 0]]
gen=[[22, 12, 12, 22, 0], [6, 6, 6], [26, 12, 12, 26, 0], [10, 24, 24, 24, 0], [26, 1, 26, 26, 0], [9, 17, 14, 14], [9, 1, 1, 1, 0], [9, 25, 25, 25, 0], [10, 10, 26, 26, 0], [9, 17, 25, 25, 0]]
valid routes=0.025
norm-reward=0.4991284532123553
[ 26 iterations]
real=[[18, 7, 1, 3, 0], [8, 17, 1, 22, 0], [12, 16, 4, 22, 0], [21, 15, 14, 20, 0], [21, 6, 2, 17, 0], [10, 7, 4, 27, 0], [6, 13, 7, 1, 0], [15, 12, 3, 9, 0], [9, 19, 11, 20, 0], [5, 16, 27, 19, 0]]
gen=[[1, 7, 7, 7, 0], [22, 17, 1, 22, 0], [22, 16, 16, 16, 0], [15, 21, 14, 14, 0], [21, 17, 17, 21, 0], [10, 7, 7, 7, 0], [6, 7, 7, 7, 0], [15, 12, 12, 12, 0], [9, 0, 0, 0, 0], [5, 16, 16, 16, 0]]
valid routes=0.022
norm-reward=0.5563871953572104
[ 27 iterations]
real=[[21, 7, 11, 18, 0], [21, 1, 23, 15, 0], [6, 24, 11, 14, 0], [6, 7, 3, 9, 0], [15, 13, 1, 26, 0], [18, 13, 23, 3, 0], [6, 17, 24, 26, 0], [9, 25, 20, 22, 0], [13, 7, 8, 19, 0], [28, 25, 11, 15, 0]]
gen=[[21, 7, 7, 7, 0], [15, 1, 23, 23, 0], [6, 24, 14, 14, 0], [6, 7, 7, 7, 0], [15, 13, 26, 26, 0], [13, 13, 13, 23, 0], [6, 17, 26, 26, 0], [9, 25, 25, 25, 0], [13, 7, 7, 7, 0], [15, 25, 25, 25, 0]]
valid routes=0.023
norm-reward=0.5243783183338518
[ 28 iterations]
real=[[28, 16, 7, 20, 0], [10, 7, 20, 26, 0], [15, 5, 23, 14, 0], [9, 6, 3, 20, 0], [15, 6, 10, 3, 0], [21, 6, 27, 19, 0], [6, 25, 0, 0, 0], [6, 13, 14, 1, 0], [21, 26, 27, 22, 0], [13, 17, 11, 20, 0]]
gen=[[28, 16, 16, 16, 0], [10, 7, 7, 26, 0], [15, 5, 14, 14, 0], [6, 6, 6, 6, 0], [15, 6, 10, 10, 0], [21, 6, 21, 21, 0], [6, 25, 25], [6, 13, 14, 14, 0], [21, 26, 26, 26, 0], [13, 13, 13, 13, 0]]
valid routes=0.025
norm-reward=0.4022285495264344
[ 29 iterations]
real=[[23, 5, 2, 22, 0], [15, 12, 3, 19, 0], [23, 10, 14, 20, 0], [12, 1, 0, 0, 0], [10, 25, 23, 28, 0], [15, 16, 25, 3, 0], [21, 18, 4, 5, 0], [20, 0, 0, 0, 0], [10, 12, 2, 21, 0], [6, 16, 23, 4, 0]]
gen=[[22, 5, 22, 22, 0], [15, 12, 12, 12, 0], [10, 14, 14, 14, 0], [12, 12, 12], [10, 25, 25, 25, 0], [15, 16, 16, 25, 0], [21, 5, 5, 5, 0], [20, 0], [21, 12, 12, 10, 0], [6, 16, 16, 16, 0]]
valid routes=0.024
norm-reward=0.5349404302648264
[ 30 iterations]
real=[[21, 12, 2, 17, 0], [24, 13, 1, 19, 0], [5, 18, 1, 0, 0], [23, 13, 27, 20, 0], [28, 9, 4, 22, 0], [21, 12, 28, 9, 0], [21, 18, 7, 20, 0], [6, 24, 10, 17, 0], [9, 12, 11, 19, 0], [15, 19, 27, 22, 0]]
gen=[[21, 12, 12, 12, 0], [24, 13, 24, 24, 0], [5, 1, 5, 5], [13, 13, 13, 23, 0], [9, 9, 22, 22, 0], [21, 12, 12, 12, 0], [21, 7, 7, 7, 0], [10, 17, 17, 24, 0], [9, 12, 12, 12, 0], [15, 22, 22, 22, 0]]
valid routes=0.02
norm-reward=0.4316386896927643
[ 31 iterations]
real=[[5, 25, 4, 9, 0], [2, 9, 27, 19, 0], [23, 25, 4, 22, 0], [12, 7, 20, 22, 0], [11, 12, 27, 26, 0], [24, 13, 14, 3, 0], [25, 13, 10, 22, 0], [23, 28, 14, 0, 0], [18, 12, 13, 22, 0], [25, 17, 11, 27, 0]]
gen=[[9, 25, 25, 25, 0], [9, 2, 2, 2, 0], [25, 22, 25, 25, 0], [22, 12, 12, 22, 0], [26, 12, 12, 26, 0], [24, 13, 14, 14, 0], [10, 13, 25, 25, 0], [28, 28, 14, 14], [13, 12, 12, 22, 0], [25, 17, 25, 25, 0]]
valid routes=0.021
norm-reward=0.4921175595996117
[ 32 iterations]
real=[[21, 16, 26, 9, 0], [2, 1, 8, 27, 0], [6, 13, 20, 22, 0], [10, 1, 23, 3, 0], [21, 24, 23, 17, 0], [17, 16, 23, 22, 0], [28, 9, 8, 19, 0], [18, 13, 23, 19, 0], [23, 17, 14, 3, 0], [9, 7, 4, 20, 0]]
gen=[[21, 16, 16, 16, 0], [1, 2, 2, 1, 0], [6, 13, 13, 22, 0], [10, 1, 23, 10, 0], [21, 17, 17, 24, 0], [22, 16, 16, 16, 0], [9, 28, 28, 28, 0], [13, 13, 13, 13, 0], [17, 14, 14, 14, 0], [9, 7, 7, 7, 0]]
valid routes=0.021
norm-reward=0.5046088897157757
[ 33 iterations]
real=[[28, 12, 2, 22, 0], [25, 7, 2, 3, 0], [25, 24, 4, 19, 0], [10, 1, 11, 21, 0], [9, 6, 19, 0, 0], [21, 3, 28, 26, 0], [19, 3, 27, 20, 0], [5, 16, 23, 27, 0], [8, 12, 27, 22, 0], [21, 25, 23, 14, 0]]
gen=[[28, 12, 12, 22, 0], [25, 7, 25, 25, 0], [24, 25, 25, 25, 0], [21, 10, 1, 10, 0], [6, 6, 6, 9], [21, 28, 26, 26, 0], [19, 3, 27, 3, 0], [5, 16, 16, 16, 0], [22, 12, 12, 22, 0], [21, 25, 14, 14, 0]]
valid routes=0.029
norm-reward=0.5669268979167154
[ 34 iterations]
real=[[5, 6, 4, 27, 0], [25, 16, 2, 22, 0], [23, 7, 2, 6, 0], [15, 20, 0, 0, 0], [21, 17, 6, 22, 0], [9, 10, 2, 20, 0], [10, 18, 11, 8, 0], [11, 1, 3, 19, 0], [6, 16, 14, 4, 0], [9, 6, 2, 26, 0]]
gen=[[6, 6, 5, 5, 0], [25, 16, 16, 25, 0], [6, 7, 7, 7, 0], [15, 0, 0], [21, 17, 17, 22, 0], [10, 2, 10, 10, 0], [10, 10, 10, 10, 0], [1, 19, 1, 1, 0], [6, 16, 14, 14, 0], [6, 6, 26, 26, 0]]
valid routes=0.019
norm-reward=0.5192574718137835
[ 35 iterations]
real=[[12, 7, 3, 22, 0], [2, 6, 0, 0, 0], [26, 12, 23, 22, 0], [10, 24, 11, 8, 0], [8, 1, 27, 26, 0], [9, 17, 14, 0, 0], [9, 1, 8, 3, 0], [9, 25, 4, 27, 0], [28, 10, 2, 26, 0], [9, 17, 25, 26, 0]]
gen=[[22, 12, 12, 22, 0], [6, 6, 2], [26, 12, 12, 26, 0], [10, 24, 24, 24, 0], [26, 1, 26, 26, 0], [9, 17, 14, 14], [9, 1, 1, 1, 0], [9, 25, 25, 25, 0], [10, 2, 26, 26, 0], [9, 17, 25, 25, 0]]
valid routes=0.019
norm-reward=0.4206176933095792
[ 36 iterations]
real=[[18, 7, 1, 3, 0], [8, 17, 1, 22, 0], [12, 16, 4, 22, 0], [21, 15, 14, 20, 0], [21, 6, 2, 17, 0], [10, 7, 4, 27, 0], [6, 13, 7, 1, 0], [15, 12, 3, 9, 0], [9, 19, 11, 20, 0], [5, 16, 27, 19, 0]]
gen=[[1, 7, 7, 7, 0], [22, 17, 1, 22, 0], [22, 16, 16, 16, 0], [15, 14, 14, 14, 0], [21, 6, 17, 21, 0], [10, 7, 7, 7, 0], [6, 7, 7, 7, 0], [15, 12, 12, 12, 0], [9, 19, 9, 9, 0], [5, 16, 16, 16, 0]]
valid routes=0.014
norm-reward=0.4058057206451644
[ 37 iterations]
real=[[21, 7, 11, 18, 0], [21, 1, 23, 15, 0], [6, 24, 11, 14, 0], [6, 7, 3, 9, 0], [15, 13, 1, 26, 0], [18, 13, 23, 3, 0], [6, 17, 24, 26, 0], [9, 25, 20, 22, 0], [13, 7, 8, 19, 0], [28, 25, 11, 15, 0]]
gen=[[21, 7, 7, 7, 0], [15, 1, 23, 23, 0], [6, 24, 14, 14, 0], [6, 7, 7, 7, 0], [15, 13, 26, 26, 0], [13, 13, 23, 23, 0], [6, 24, 17, 24, 0], [9, 25, 25, 25, 0], [13, 7, 7, 7, 0], [15, 25, 25, 25, 0]]
valid routes=0.026
norm-reward=0.5141311366615853
[ 38 iterations]
real=[[28, 16, 7, 20, 0], [10, 7, 20, 26, 0], [15, 5, 23, 14, 0], [9, 6, 3, 20, 0], [15, 6, 10, 3, 0], [21, 6, 27, 19, 0], [6, 25, 0, 0, 0], [6, 13, 14, 1, 0], [21, 26, 27, 22, 0], [13, 17, 11, 20, 0]]
gen=[[28, 16, 16, 16, 0], [10, 7, 7, 7, 0], [15, 5, 14, 14, 0], [6, 6, 9, 6, 0], [15, 6, 10, 10, 0], [21, 6, 6, 21, 0], [6, 25, 25], [6, 13, 14, 14, 0], [21, 26, 26, 26, 0], [13, 13, 13, 13, 0]]
valid routes=0.03
norm-reward=0.507213576974222
[ 39 iterations]
real=[[23, 5, 2, 22, 0], [15, 12, 3, 19, 0], [23, 10, 14, 20, 0], [12, 1, 0, 0, 0], [10, 25, 23, 28, 0], [15, 16, 25, 3, 0], [21, 18, 4, 5, 0], [20, 0, 0, 0, 0], [10, 12, 2, 21, 0], [6, 16, 23, 4, 0]]
gen=[[22, 2, 23, 23, 0], [15, 12, 12, 12, 0], [10, 10, 14, 14, 0], [12, 12, 12], [10, 25, 25, 25, 0], [25, 16, 16, 25, 0], [21, 5, 5, 5, 0], [20, 0], [21, 12, 12, 10, 0], [6, 16, 16, 16, 0]]
valid routes=0.02
norm-reward=0.5489161947610736
[ 40 iterations]
real=[[21, 12, 2, 17, 0], [24, 13, 1, 19, 0], [5, 18, 1, 0, 0], [23, 13, 27, 20, 0], [28, 9, 4, 22, 0], [21, 12, 28, 9, 0], [21, 18, 7, 20, 0], [6, 24, 10, 17, 0], [9, 12, 11, 19, 0], [15, 19, 27, 22, 0]]
gen=[[21, 12, 12, 12, 0], [24, 13, 24, 24, 0], [5, 1, 5, 5], [13, 13, 23, 23, 0], [9, 28, 28, 22, 0], [21, 12, 12, 12, 0], [21, 7, 7, 7, 0], [10, 24, 17, 24, 0], [9, 12, 12, 12, 0], [15, 22, 22, 22, 0]]
valid routes=0.021
norm-reward=0.5081635569597782
[ 41 iterations]
real=[[5, 25, 4, 9, 0], [2, 9, 27, 19, 0], [23, 25, 4, 22, 0], [12, 7, 20, 22, 0], [11, 12, 27, 26, 0], [24, 13, 14, 3, 0], [25, 13, 10, 22, 0], [23, 28, 14, 0, 0], [18, 12, 13, 22, 0], [25, 17, 11, 27, 0]]
gen=[[9, 25, 25, 25, 0], [9, 2, 2, 2, 0], [25, 23, 25, 23, 0], [22, 12, 12, 22, 0], [26, 12, 12, 26, 0], [24, 13, 14, 14, 0], [10, 13, 25, 25, 0], [28, 28, 14, 14], [13, 12, 12, 12, 0], [25, 17, 25, 25, 0]]
valid routes=0.02
norm-reward=0.4711938023659035
[ 42 iterations]
real=[[21, 16, 26, 9, 0], [2, 1, 8, 27, 0], [6, 13, 20, 22, 0], [10, 1, 23, 3, 0], [21, 24, 23, 17, 0], [17, 16, 23, 22, 0], [28, 9, 8, 19, 0], [18, 13, 23, 19, 0], [23, 17, 14, 3, 0], [9, 7, 4, 20, 0]]
gen=[[21, 16, 16, 16, 0], [2, 2, 1, 1, 0], [6, 13, 13, 22, 0], [10, 1, 23, 10, 0], [21, 24, 23, 23, 0], [22, 16, 16, 16, 0], [9, 28, 28, 28, 0], [13, 13, 23, 23, 0], [17, 14, 14, 14, 0], [9, 7, 7, 7, 0]]
valid routes=0.017
norm-reward=0.4562719037093734
[ 43 iterations]
real=[[28, 12, 2, 22, 0], [25, 7, 2, 3, 0], [25, 24, 4, 19, 0], [10, 1, 11, 21, 0], [9, 6, 19, 0, 0], [21, 3, 28, 26, 0], [19, 3, 27, 20, 0], [5, 16, 23, 27, 0], [8, 12, 27, 22, 0], [21, 25, 23, 14, 0]]
gen=[[28, 12, 12, 12, 0], [25, 7, 7, 25, 0], [24, 25, 25, 24, 0], [21, 10, 1, 10, 0], [6, 6, 9, 6], [21, 28, 26, 26, 0], [19, 3, 3, 3, 0], [5, 16, 23, 23, 0], [22, 12, 12, 12, 0], [21, 25, 23, 14, 0]]
valid routes=0.027
norm-reward=0.5691683260096588
[ 44 iterations]
real=[[5, 6, 4, 27, 0], [25, 16, 2, 22, 0], [23, 7, 2, 6, 0], [15, 20, 0, 0, 0], [21, 17, 6, 22, 0], [9, 10, 2, 20, 0], [10, 18, 11, 8, 0], [11, 1, 3, 19, 0], [6, 16, 14, 4, 0], [9, 6, 2, 26, 0]]
gen=[[6, 5, 5, 5, 0], [25, 16, 16, 16, 0], [6, 7, 23, 23, 0], [15, 20, 20], [21, 6, 17, 22, 0], [10, 2, 10, 10, 0], [10, 10, 10, 10, 0], [1, 19, 1, 1, 0], [6, 16, 14, 14, 0], [6, 6, 2, 26, 0]]
valid routes=0.025
norm-reward=0.6616045009348833
[ 45 iterations]
real=[[12, 7, 3, 22, 0], [2, 6, 0, 0, 0], [26, 12, 23, 22, 0], [10, 24, 11, 8, 0], [8, 1, 27, 26, 0], [9, 17, 14, 0, 0], [9, 1, 8, 3, 0], [9, 25, 4, 27, 0], [28, 10, 2, 26, 0], [9, 17, 25, 26, 0]]
gen=[[22, 12, 22, 22, 0], [6, 6, 2], [26, 12, 23, 23, 0], [10, 24, 24, 10, 0], [26, 1, 1, 26, 0], [9, 17, 14, 14], [9, 1, 1, 1, 0], [9, 25, 25, 25, 0], [10, 2, 10, 10, 0], [9, 17, 25, 26, 0]]
valid routes=0.035
norm-reward=0.6408271353099553
[ 46 iterations]
real=[[18, 7, 1, 3, 0], [8, 17, 1, 22, 0], [12, 16, 4, 22, 0], [21, 15, 14, 20, 0], [21, 6, 2, 17, 0], [10, 7, 4, 27, 0], [6, 13, 7, 1, 0], [15, 12, 3, 9, 0], [9, 19, 11, 20, 0], [5, 16, 27, 19, 0]]
gen=[[1, 7, 7, 1, 0], [22, 17, 1, 22, 0], [16, 16, 16, 22, 0], [15, 21, 14, 14, 0], [21, 6, 17, 21, 0], [10, 7, 7, 10, 0], [6, 7, 7, 1, 0], [15, 12, 12, 12, 0], [9, 19, 11, 9, 0], [5, 16, 16, 5, 0]]
valid routes=0.023
norm-reward=0.6163785559831431
[ 47 iterations]
real=[[21, 7, 11, 18, 0], [21, 1, 23, 15, 0], [6, 24, 11, 14, 0], [6, 7, 3, 9, 0], [15, 13, 1, 26, 0], [18, 13, 23, 3, 0], [6, 17, 24, 26, 0], [9, 25, 20, 22, 0], [13, 7, 8, 19, 0], [28, 25, 11, 15, 0]]
gen=[[21, 7, 7, 7, 0], [15, 1, 23, 23, 0], [6, 24, 14, 14, 0], [6, 7, 7, 7, 0], [15, 13, 13, 26, 0], [13, 13, 23, 23, 0], [6, 24, 17, 26, 0], [9, 25, 25, 25, 0], [13, 7, 7, 7, 0], [15, 25, 25, 25, 0]]
valid routes=0.039
norm-reward=0.7061227380528349
[ 48 iterations]
real=[[28, 16, 7, 20, 0], [10, 7, 20, 26, 0], [15, 5, 23, 14, 0], [9, 6, 3, 20, 0], [15, 6, 10, 3, 0], [21, 6, 27, 19, 0], [6, 25, 0, 0, 0], [6, 13, 14, 1, 0], [21, 26, 27, 22, 0], [13, 17, 11, 20, 0]]
gen=[[28, 16, 16, 16, 0], [10, 7, 7, 10, 0], [15, 5, 23, 14, 0], [6, 6, 6, 6, 0], [15, 6, 6, 10, 0], [21, 6, 21, 21, 0], [6, 25, 25], [6, 13, 14, 14, 0], [21, 26, 26, 26, 0], [13, 17, 17, 17, 0]]
valid routes=0.041
norm-reward=0.6238683582574781
[ 49 iterations]
real=[[23, 5, 2, 22, 0], [15, 12, 3, 19, 0], [23, 10, 14, 20, 0], [12, 1, 0, 0, 0], [10, 25, 23, 28, 0], [15, 16, 25, 3, 0], [21, 18, 4, 5, 0], [20, 0, 0, 0, 0], [10, 12, 2, 21, 0], [6, 16, 23, 4, 0]]
gen=[[22, 5, 23, 23, 0], [15, 12, 12, 12, 0], [10, 23, 23, 14, 0], [12, 12, 12], [10, 25, 23, 23, 0], [25, 16, 16, 25, 0], [21, 5, 5, 5, 0], [20, 0], [10, 12, 12, 10, 0], [6, 16, 23, 23, 0]]
valid routes=0.036
norm-reward=0.6957329229719746
