data_file: dataset/4locations/bays29_s0_e0_md1000_ms4_random_reward_ne10000_w1000_gt1000.data
prob_file: dataset/4locations/bays29_s0_e0_md1000_ms4_random_reward.prob
read problem
[ 10 iterations]
real= [[13 21  9  4  0]
 [11 18  6 24  0]
 [21  6  0  0  0]
 [13 21  3 24  0]
 [15  2  4 19  0]]
synthesis= [[ 0  0  0  0  0]
 [ 0  0  0  0  0]
 [ 0  0  0  0  0]
 [24  0  0  0  0]
 [ 0  0  0  0  0]]
reward: gen=1.987733061595522 real=2.9374345389485774
ratio=0.6766901645770834
valid: gen=0.004  real=1.0
[ 20 iterations]
real= [[11 13 17 18  0]
 [27  9  7 18  0]
 [13  1  3 19  0]
 [27 12 14 20  0]
 [24 18 10 19  0]]
synthesis= [[18 18 18 11 18]
 [18 18 18 18 18]
 [19 19 19 19 19]
 [20 20 20 20 20]
 [24 19 19 19 19]]
reward: gen=2.266282590930583 real=2.9347814126446945
ratio=0.7722151234726234
valid: gen=0.002  real=1.0
[ 30 iterations]
real= [[ 7  3 17 28  0]
 [23 26 22  0  0]
 [ 5 14 16 28  0]
 [23 27 11 28  0]
 [23 27 16  4  0]]
synthesis= [[28 28 28 28 28]
 [22 22 22 22 22]
 [28 28 28 28 28]
 [28 28 28 28 28]
 [ 4  4  4  4  4]]
reward: gen=2.2964336160277203 real=2.9175630649643005
ratio=0.7871067616685159
valid: gen=0.004  real=1.0
[ 40 iterations]
real= [[ 8  9  0  0  0]
 [24  9  4 19  0]
 [27 12  5 28  0]
 [22  6  9 11  0]
 [22  7  2 19  0]]
synthesis= [[ 8  8  8  8  8]
 [19 19 19 19 19]
 [28 28 28 28 28]
 [22 22 22 22 22]
 [19 19 19 19 19]]
reward: gen=2.330509131935962 real=2.9178537261810322
ratio=0.7987066353001172
valid: gen=0.019  real=1.0
[ 50 iterations]
real= [[27 12  1 11  0]
 [23 12  9 20  0]
 [ 5 15  6 14  0]
 [22 12 17 18  0]
 [23  6 17  4  0]]
synthesis= [[11 11 11  0  0]
 [20 20 20 20  0]
 [ 6  6  6  0  0]
 [22 18 18  0  0]
 [ 6  6  6  0  0]]
reward: gen=1.943232366830169 real=2.922300270545846
ratio=0.6649666998344422
valid: gen=0.004  real=1.0
[ 60 iterations]
real= [[13 21  9  4  0]
 [11 18  6 24  0]
 [21  6  0  0  0]
 [13 21  3 24  0]
 [15  2  4 19  0]]
synthesis= [[13 21 21 21  0]
 [18 18 18 18  0]
 [ 6  6  6  6  0]
 [13 24 24 24  0]
 [ 2  2  2  2  0]]
reward: gen=2.4261302588035014 real=2.9374345389485774
ratio=0.8259350894920396
valid: gen=0.0  real=1.0
[ 70 iterations]
real= [[11 13 17 18  0]
 [27  9  7 18  0]
 [13  1  3 19  0]
 [27 12 14 20  0]
 [24 18 10 19  0]]
synthesis= [[13 18 18  0  0]
 [27 18 18  0  0]
 [13 13 19 19  0]
 [27 14 14  0  0]
 [24 18 24 24  0]]
reward: gen=2.3810823909325034 real=2.9347814126446945
ratio=0.8113321083040314
valid: gen=0.0  real=1.0
[ 80 iterations]
real= [[ 7  3 17 28  0]
 [23 26 22  0  0]
 [ 5 14 16 28  0]
 [23 27 11 28  0]
 [23 27 16  4  0]]
synthesis= [[ 7 28 28 28  0]
 [23 26 22 22  0]
 [ 5 14 16 28  0]
 [23 28 28 28  0]
 [23 16 16 16  0]]
reward: gen=2.664927971597901 real=2.9175630649643005
ratio=0.913408866324029
valid: gen=0.004  real=1.0
[ 90 iterations]
real= [[ 8  9  0  0  0]
 [24  9  4 19  0]
 [27 12  5 28  0]
 [22  6  9 11  0]
 [22  7  2 19  0]]
synthesis= [[ 8  8  8  8  0]
 [19 19 19 24  0]
 [ 5 12 28 28  0]
 [22  6  6 22  0]
 [ 7  2 19 19  0]]
reward: gen=2.570755969247958 real=2.9178537261810322
ratio=0.8810434691024196
valid: gen=0.035  real=1.0
[ 100 iterations]
real= [[27 12  1 11  0]
 [23 12  9 20  0]
 [ 5 15  6 14  0]
 [22 12 17 18  0]
 [23  6 17  4  0]]
synthesis= [[27 12  1  1  0]
 [23 12 12 20  0]
 [ 5  6  5  5  0]
 [12 12 12 22  0]
 [23  6  6  6  0]]
reward: gen=2.7666948677698446 real=2.922300270545846
ratio=0.9467524250179341
valid: gen=0.051  real=1.0
[ 110 iterations]
real= [[13 21  9  4  0]
 [11 18  6 24  0]
 [21  6  0  0  0]
 [13 21  3 24  0]
 [15  2  4 19  0]]
synthesis= [[13 21 21  0  0]
 [18  6  6 24  0]
 [ 6  6  6  0  0]
 [13  3  3 24  0]
 [ 2 15 19 19  0]]
reward: gen=2.8185642461662224 real=2.9374345389485774
ratio=0.9595326155506759
valid: gen=0.058  real=1.0
[ 120 iterations]
real= [[11 13 17 18  0]
 [27  9  7 18  0]
 [13  1  3 19  0]
 [27 12 14 20  0]
 [24 18 10 19  0]]
synthesis= [[13 18 18 18  0]
 [27 18 18 18  0]
 [13  3  3 19  0]
 [27 12 14 20  0]
 [10 18 10 19  0]]
reward: gen=2.8263582798307922 real=2.9347814126446945
ratio=0.963055806355201
valid: gen=0.096  real=1.0
[ 130 iterations]
real= [[ 7  3 17 28  0]
 [23 26 22  0  0]
 [ 5 14 16 28  0]
 [23 27 11 28  0]
 [23 27 16  4  0]]
synthesis= [[ 7  3  3 28  0]
 [23 26 26 22  0]
 [ 5 14 14 28  0]
 [23 23 28 28  0]
 [23 16 16  0  0]]
reward: gen=2.780063986771273 real=2.9175630649643005
ratio=0.9528719430801027
valid: gen=0.07  real=1.0
[ 140 iterations]
real= [[ 8  9  0  0  0]
 [24  9  4 19  0]
 [27 12  5 28  0]
 [22  6  9 11  0]
 [22  7  2 19  0]]
synthesis= [[ 8  8  8  8  0]
 [ 4  4  4 24  0]
 [27 12 28 28  0]
 [22  6  6 22  0]
 [ 7  2  2  2  0]]
reward: gen=2.741583367034651 real=2.9178537261810322
ratio=0.9395890350620527
valid: gen=0.082  real=1.0
[ 150 iterations]
real= [[27 12  1 11  0]
 [23 12  9 20  0]
 [ 5 15  6 14  0]
 [22 12 17 18  0]
 [23  6 17  4  0]]
synthesis= [[27 12  1 27  0]
 [23 12 12 20  0]
 [ 5 14 14 14  0]
 [22 12 12 22  0]
 [23  6  4  4  0]]
reward: gen=2.7556010025329045 real=2.922300270545846
ratio=0.9429561466721541
valid: gen=0.102  real=1.0
[ 160 iterations]
real= [[13 21  9  4  0]
 [11 18  6 24  0]
 [21  6  0  0  0]
 [13 21  3 24  0]
 [15  2  4 19  0]]
synthesis= [[ 4  4  4  4  0]
 [18  6  6 11  0]
 [ 6  6 21  0  0]
 [13 21  3 24  0]
 [ 4 15  4  4  0]]
reward: gen=2.7917091903562943 real=2.9374345389485774
ratio=0.9503902651582343
valid: gen=0.153  real=1.0
[ 170 iterations]
real= [[11 13 17 18  0]
 [27  9  7 18  0]
 [13  1  3 19  0]
 [27 12 14 20  0]
 [24 18 10 19  0]]
synthesis= [[13 18 17 11  0]
 [ 7 18  7 27  0]
 [ 1  1  1 19  0]
 [27 14 14 20  0]
 [10 18 10 24  0]]
reward: gen=2.8419432556923 real=2.9347814126446945
ratio=0.9683662447389112
valid: gen=0.133  real=1.0
[ 180 iterations]
real= [[ 7  3 17 28  0]
 [23 26 22  0  0]
 [ 5 14 16 28  0]
 [23 27 11 28  0]
 [23 27 16  4  0]]
synthesis= [[ 7  7  3 28  0]
 [23 26 22 22  0]
 [ 5 14 16 28  0]
 [23 11 11 11  0]
 [23  4 16 27  0]]
reward: gen=2.952432658316244 real=2.9175630649643005
ratio=1.0119516159807056
valid: gen=0.133  real=1.0
[ 190 iterations]
real= [[ 8  9  0  0  0]
 [24  9  4 19  0]
 [27 12  5 28  0]
 [22  6  9 11  0]
 [22  7  2 19  0]]
synthesis= [[ 8  8  8  8  0]
 [24  4  4 19  0]
 [ 5 12 28 28  0]
 [22  6 11 11  0]
 [ 7  7  7 19  0]]
reward: gen=2.9958716017117184 real=2.9178537261810322
ratio=1.0267381037063836
valid: gen=0.116  real=1.0
[ 200 iterations]
real= [[27 12  1 11  0]
 [23 12  9 20  0]
 [ 5 15  6 14  0]
 [22 12 17 18  0]
 [23  6 17  4  0]]
synthesis= [[27 12 11 11  0]
 [23 12 12 20  0]
 [ 5 15  6 14  0]
 [22 18 17 18  0]
 [23  6  4  4  0]]
reward: gen=2.9997076905646396 real=2.922300270545846
ratio=1.0264885237150305
valid: gen=0.147  real=1.0
[ 210 iterations]
real= [[13 21  9  4  0]
 [11 18  6 24  0]
 [21  6  0  0  0]
 [13 21  3 24  0]
 [15  2  4 19  0]]
synthesis= [[13 21 21  4  0]
 [24 18 11 11  0]
 [ 6  6 21  0  0]
 [13 21  3 24  0]
 [ 2 15  4 19  0]]
reward: gen=3.0471436065821424 real=2.9374345389485774
ratio=1.0373486000041499
valid: gen=0.196  real=1.0
[ 220 iterations]
real= [[11 13 17 18  0]
 [27  9  7 18  0]
 [13  1  3 19  0]
 [27 12 14 20  0]
 [24 18 10 19  0]]
synthesis= [[13 18 17 18  0]
 [27 18 18 18  0]
 [13 13  3 19  0]
 [27 14 14 20  0]
 [10 18 10 19  0]]
reward: gen=3.040377565360921 real=2.9347814126446945
ratio=1.0359809259596844
valid: gen=0.232  real=1.0
[ 230 iterations]
real= [[ 7  3 17 28  0]
 [23 26 22  0  0]
 [ 5 14 16 28  0]
 [23 27 11 28  0]
 [23 27 16  4  0]]
synthesis= [[ 7 28  3 28  0]
 [23 26 26 22  0]
 [ 5 14 16 28  0]
 [23 28 28 28  0]
 [23 16 16  4  0]]
reward: gen=3.025557754248368 real=2.9175630649643005
ratio=1.0370153744338646
valid: gen=0.191  real=1.0
[ 240 iterations]
real= [[ 8  9  0  0  0]
 [24  9  4 19  0]
 [27 12  5 28  0]
 [22  6  9 11  0]
 [22  7  2 19  0]]
synthesis= [[ 8  8  0  8  0]
 [24 24  4 19  0]
 [ 5 12 28 28  0]
 [22  6  6 22  0]
 [ 7  2  0 19  0]]
reward: gen=3.004322501076595 real=2.9178537261810322
ratio=1.029634376157963
valid: gen=0.171  real=1.0
[ 250 iterations]
real= [[27 12  1 11  0]
 [23 12  9 20  0]
 [ 5 15  6 14  0]
 [22 12 17 18  0]
 [23  6 17  4  0]]
synthesis= [[27 12  1 11  0]
 [23 12 12 20  0]
 [ 5 15  5 14  0]
 [22 18 17 22  0]
 [23  6 17  4  0]]
reward: gen=2.955314664311503 real=2.922300270545846
ratio=1.0112973995514467
valid: gen=0.211  real=1.0
[ 260 iterations]
real= [[13 21  9  4  0]
 [11 18  6 24  0]
 [21  6  0  0  0]
 [13 21  3 24  0]
 [15  2  4 19  0]]
synthesis= [[13 21 21  4  0]
 [24 18 11 24  0]
 [ 6  6 21  0  0]
 [13 21  3 24  0]
 [ 2 15  4 19  0]]
reward: gen=2.999933134442449 real=2.9374345389485774
ratio=1.0212765917555535
valid: gen=0.25  real=1.0
[ 270 iterations]
real= [[11 13 17 18  0]
 [27  9  7 18  0]
 [13  1  3 19  0]
 [27 12 14 20  0]
 [24 18 10 19  0]]
synthesis= [[13 18 17 11  0]
 [ 7 18  7  7  0]
 [13 13  3 19  0]
 [27 14 14 20  0]
 [10 18 10 19  0]]
reward: gen=3.0033607305015106 real=2.9347814126446945
ratio=1.023367777089407
valid: gen=0.216  real=1.0
[ 280 iterations]
real= [[ 7  3 17 28  0]
 [23 26 22  0  0]
 [ 5 14 16 28  0]
 [23 27 11 28  0]
 [23 27 16  4  0]]
synthesis= [[ 7  7 17 28  0]
 [23 26 26 22  0]
 [ 5 14 16 28  0]
 [23 11 11 11  0]
 [23 16 16  4  0]]
reward: gen=2.962768162525598 real=2.9175630649643005
ratio=1.0154941286802486
valid: gen=0.214  real=1.0
[ 290 iterations]
real= [[ 8  9  0  0  0]
 [24  9  4 19  0]
 [27 12  5 28  0]
 [22  6  9 11  0]
 [22  7  2 19  0]]
synthesis= [[ 8  8  8  8  0]
 [ 4 24  4 19  0]
 [ 5 12 28 28  0]
 [22  6 11 22  0]
 [ 7  7  7 19  0]]
reward: gen=2.9709198848178713 real=2.9178537261810322
ratio=1.0181867096903083
valid: gen=0.238  real=1.0
[ 300 iterations]
real= [[27 12  1 11  0]
 [23 12  9 20  0]
 [ 5 15  6 14  0]
 [22 12 17 18  0]
 [23  6 17  4  0]]
synthesis= [[27 12  1 11  0]
 [23 12 20 20  0]
 [ 5 15  5 14  0]
 [22 18 17 22  0]
 [23  6 17  4  0]]
reward: gen=2.9726029571063166 real=2.922300270545846
ratio=1.0172133873672997
valid: gen=0.253  real=1.0
[ 310 iterations]
real= [[13 21  9  4  0]
 [11 18  6 24  0]
 [21  6  0  0  0]
 [13 21  3 24  0]
 [15  2  4 19  0]]
synthesis= [[13 21  4  4  0]
 [24 18 11 24  0]
 [ 6  6 21  0  0]
 [13 21  3 24  0]
 [ 2 15  4 19  0]]
reward: gen=2.996402827375071 real=2.9374345389485774
ratio=1.020074758311925
valid: gen=0.269  real=1.0
[ 320 iterations]
real= [[11 13 17 18  0]
 [27  9  7 18  0]
 [13  1  3 19  0]
 [27 12 14 20  0]
 [24 18 10 19  0]]
synthesis= [[13 18 17 11  0]
 [27 18  9 18  0]
 [13 13  3 19  0]
 [27 14 14 20  0]
 [10 18 10 19  0]]
reward: gen=3.009905372189652 real=2.9347814126446945
ratio=1.0255978040549394
valid: gen=0.263  real=1.0
[ 330 iterations]
real= [[ 7  3 17 28  0]
 [23 26 22  0  0]
 [ 5 14 16 28  0]
 [23 27 11 28  0]
 [23 27 16  4  0]]
synthesis= [[ 7  7 17 28  0]
 [23 26 26 22  0]
 [ 5 14 16 28  0]
 [23 11 28 28  0]
 [23 27 16  4  0]]
reward: gen=2.9880427270783576 real=2.9175630649643005
ratio=1.0241570312430999
valid: gen=0.264  real=1.0
[ 340 iterations]
real= [[ 8  9  0  0  0]
 [24  9  4 19  0]
 [27 12  5 28  0]
 [22  6  9 11  0]
 [22  7  2 19  0]]
synthesis= [[ 8  9  9  8  0]
 [24 24  9 19  0]
 [27 12 28 28  0]
 [22  6  9  9  0]
 [22  2  2 19  0]]
reward: gen=2.992009396976891 real=2.9178537261810322
ratio=1.025414457938889
valid: gen=0.271  real=1.0
[ 350 iterations]
real= [[27 12  1 11  0]
 [23 12  9 20  0]
 [ 5 15  6 14  0]
 [22 12 17 18  0]
 [23  6 17  4  0]]
synthesis= [[27 12  1 11  0]
 [23 12  9 20  0]
 [ 5 15  5 15  0]
 [22 18 17 22  0]
 [23  6 17  4  0]]
reward: gen=2.991027013551329 real=2.922300270545846
ratio=1.0235180291697559
valid: gen=0.308  real=1.0
[ 360 iterations]
real= [[13 21  9  4  0]
 [11 18  6 24  0]
 [21  6  0  0  0]
 [13 21  3 24  0]
 [15  2  4 19  0]]
synthesis= [[13 21  9  4  0]
 [11 18  6 24  0]
 [ 6  6 21  6  0]
 [13 21  3 24  0]
 [ 2 15  4 19  0]]
reward: gen=3.017946617932086 real=2.9374345389485774
ratio=1.0274089781120117
valid: gen=0.299  real=1.0
[ 370 iterations]
real= [[11 13 17 18  0]
 [27  9  7 18  0]
 [13  1  3 19  0]
 [27 12 14 20  0]
 [24 18 10 19  0]]
synthesis= [[13 18 17 11  0]
 [27 18  9 27  0]
 [13 13  3 19  0]
 [27 14 14 20  0]
 [10 18 10 19  0]]
reward: gen=3.040943126697395 real=2.9347814126446945
ratio=1.0361736358269464
valid: gen=0.272  real=1.0
[ 380 iterations]
real= [[ 7  3 17 28  0]
 [23 26 22  0  0]
 [ 5 14 16 28  0]
 [23 27 11 28  0]
 [23 27 16  4  0]]
synthesis= [[ 7  7 17 28  0]
 [23 26 26 22  0]
 [ 5 14 16 28  0]
 [23 11 28 27  0]
 [23 16 16 27  0]]
reward: gen=3.008308498088956 real=2.9175630649643005
ratio=1.031103160790036
valid: gen=0.26  real=1.0
[ 390 iterations]
real= [[ 8  9  0  0  0]
 [24  9  4 19  0]
 [27 12  5 28  0]
 [22  6  9 11  0]
 [22  7  2 19  0]]
synthesis= [[ 8  9  9  8  0]
 [24  9  4 19  0]
 [27 12 28 28  0]
 [22  6  9 11  0]
 [22  7  7 19  0]]
reward: gen=3.0213343045018117 real=2.9178537261810322
ratio=1.0354646216128927
valid: gen=0.27  real=1.0
[ 400 iterations]
real= [[27 12  1 11  0]
 [23 12  9 20  0]
 [ 5 15  6 14  0]
 [22 12 17 18  0]
 [23  6 17  4  0]]
synthesis= [[27 12  1 11  0]
 [23 12  9 20  0]
 [ 5 15  5 14  0]
 [22 18 17 22  0]
 [23  6 17  4  0]]
reward: gen=3.031723579189227 real=2.922300270545846
ratio=1.0374442386178688
valid: gen=0.292  real=1.0
[ 410 iterations]
real= [[13 21  9  4  0]
 [11 18  6 24  0]
 [21  6  0  0  0]
 [13 21  3 24  0]
 [15  2  4 19  0]]
synthesis= [[13 21  4  4  0]
 [11 18  6 24  0]
 [ 6  6 21  6  0]
 [13 21  3 24  0]
 [ 2 15  4 19  0]]
reward: gen=3.0450873517215427 real=2.9374345389485774
ratio=1.036648582749864
valid: gen=0.284  real=1.0
[ 420 iterations]
real= [[11 13 17 18  0]
 [27  9  7 18  0]
 [13  1  3 19  0]
 [27 12 14 20  0]
 [24 18 10 19  0]]
synthesis= [[13 18 17 11  0]
 [27 18  9  7  0]
 [13 13  3 19  0]
 [27 14 14 20  0]
 [24 18 10 19  0]]
reward: gen=3.042876038755617 real=2.9347814126446945
ratio=1.0368322579818687
valid: gen=0.295  real=1.0
[ 430 iterations]
real= [[ 7  3 17 28  0]
 [23 26 22  0  0]
 [ 5 14 16 28  0]
 [23 27 11 28  0]
 [23 27 16  4  0]]
synthesis= [[ 7  7 17 28  0]
 [23 26 26 22  0]
 [ 5 14 16 28  0]
 [23 11 28 28  0]
 [23 16 16  4  0]]
reward: gen=3.0172381087205418 real=2.9175630649643005
ratio=1.0341638009313985
valid: gen=0.256  real=1.0
[ 440 iterations]
real= [[ 8  9  0  0  0]
 [24  9  4 19  0]
 [27 12  5 28  0]
 [22  6  9 11  0]
 [22  7  2 19  0]]
synthesis= [[ 8  9  9  8  0]
 [24  9  4 19  0]
 [27 12 28 28  0]
 [22  6  9 11  0]
 [22  2  7 19  0]]
reward: gen=3.042759736523791 real=2.9178537261810322
ratio=1.0428074955307096
valid: gen=0.277  real=1.0
[ 450 iterations]
real= [[27 12  1 11  0]
 [23 12  9 20  0]
 [ 5 15  6 14  0]
 [22 12 17 18  0]
 [23  6 17  4  0]]
synthesis= [[27 12  1 11  0]
 [23  9  9 20  0]
 [ 5 15  5  6  0]
 [22 18 17 22  0]
 [23  6 17  4  0]]
reward: gen=3.0386577131147763 real=2.922300270545846
ratio=1.0398170727839668
valid: gen=0.311  real=1.0
[ 460 iterations]
real= [[13 21  9  4  0]
 [11 18  6 24  0]
 [21  6  0  0  0]
 [13 21  3 24  0]
 [15  2  4 19  0]]
synthesis= [[13 21  4  4  0]
 [11 18 11 24  0]
 [21  6 21  6  0]
 [13 21  3 24  0]
 [ 2 15  4 19  0]]
reward: gen=3.04587672452109 real=2.9374345389485774
ratio=1.0369173113935428
valid: gen=0.303  real=1.0
[ 470 iterations]
real= [[11 13 17 18  0]
 [27  9  7 18  0]
 [13  1  3 19  0]
 [27 12 14 20  0]
 [24 18 10 19  0]]
synthesis= [[13 18 17 11  0]
 [27 18  9 27  0]
 [13 13  3 19  0]
 [27 14 14 20  0]
 [24 18 10 19  0]]
reward: gen=3.0597629523728567 real=2.9347814126446945
ratio=1.0425863197816612
valid: gen=0.29  real=1.0
[ 480 iterations]
real= [[ 7  3 17 28  0]
 [23 26 22  0  0]
 [ 5 14 16 28  0]
 [23 27 11 28  0]
 [23 27 16  4  0]]
synthesis= [[ 7 28 17 28  0]
 [23 26 22 22  0]
 [ 5 14 16 28  0]
 [23 11 28 28  0]
 [23 16 16  4  0]]
reward: gen=3.0294634633903867 real=2.9175630649643005
ratio=1.0383540632831034
valid: gen=0.265  real=1.0
[ 490 iterations]
real= [[ 8  9  0  0  0]
 [24  9  4 19  0]
 [27 12  5 28  0]
 [22  6  9 11  0]
 [22  7  2 19  0]]
synthesis= [[ 8  9  9  8  0]
 [24  9  4 19  0]
 [27 12 28 28  0]
 [22  6  9 22  0]
 [ 7  2 22 19  0]]
reward: gen=3.0403692818942316 real=2.9178537261810322
ratio=1.0419882445147624
valid: gen=0.292  real=1.0
