read problem
[ 1 iterations]
real=[[5, 25, 4, 9, 0], [2, 9, 27, 19, 0], [23, 25, 4, 22, 0], [12, 7, 20, 22, 0], [11, 12, 27, 26, 0], [24, 13, 14, 3, 0], [25, 13, 10, 22, 0], [23, 28, 14, 0, 0], [18, 12, 13, 22, 0], [25, 17, 11, 27, 0]]
gen=[[16, 16, 0, 0, 0], [16, 16, 0, 0, 0], [16, 16, 0, 0, 0], [16, 16, 16, 0, 0], [16, 16, 16, 0, 0], [16, 16, 16, 0, 0], [16, 16, 0, 0, 0], [16, 16, 16, 0, 0], [16, 16, 0, 0, 0], [16, 16, 16, 0, 0]]
valid routes=0.0
norm-reward=0.7163247442454813
[ 2 iterations]
real=[[21, 16, 26, 9, 0], [2, 1, 8, 27, 0], [6, 13, 20, 22, 0], [10, 1, 23, 3, 0], [21, 24, 23, 17, 0], [17, 16, 23, 22, 0], [28, 9, 8, 19, 0], [18, 13, 23, 19, 0], [23, 17, 14, 3, 0], [9, 7, 4, 20, 0]]
gen=[[6, 12, 12, 12, 12], [6, 12, 12, 12, 12], [6, 12, 12, 12, 12], [6, 12, 12, 12, 12], [6, 12, 12, 12, 12], [6, 12, 12, 12, 12], [6, 12, 12, 12, 12], [6, 12, 12, 12, 12], [6, 12, 12, 12, 12], [6, 12, 12, 12, 12]]
valid routes=0.0
norm-reward=0.9757668049321353
[ 3 iterations]
real=[[28, 12, 2, 22, 0], [25, 7, 2, 3, 0], [25, 24, 4, 19, 0], [10, 1, 11, 21, 0], [9, 6, 19, 0, 0], [21, 3, 28, 26, 0], [19, 3, 27, 20, 0], [5, 16, 23, 27, 0], [8, 12, 27, 22, 0], [21, 25, 23, 14, 0]]
gen=[[28, 17, 1, 1, 1], [28, 1, 1, 1, 1], [6, 1, 1, 1, 1], [28, 6, 1, 1, 1], [28, 1, 1, 1, 1], [28, 1, 1, 1, 1], [6, 1, 1, 1, 1], [28, 1, 1, 1, 1], [28, 17, 1, 1, 1], [28, 6, 1, 1, 1]]
valid routes=0.0
norm-reward=1.2986626720923788
[ 4 iterations]
real=[[5, 6, 4, 27, 0], [25, 16, 2, 22, 0], [23, 7, 2, 6, 0], [15, 20, 0, 0, 0], [21, 17, 6, 22, 0], [9, 10, 2, 20, 0], [10, 18, 11, 8, 0], [11, 1, 3, 19, 0], [6, 16, 14, 4, 0], [9, 6, 2, 26, 0]]
gen=[[23, 18, 0, 0, 0], [23, 18, 0, 0, 0], [2, 18, 0, 0, 0], [18, 0, 0, 0, 0], [18, 18, 0, 0, 0], [18, 18, 0, 0, 0], [23, 18, 0, 0, 0], [23, 18, 0, 0, 0], [18, 0, 0, 0, 0], [23, 18, 0, 0, 0]]
valid routes=0.001
norm-reward=0.9409302084564262
[ 5 iterations]
real=[[12, 7, 3, 22, 0], [2, 6, 0, 0, 0], [26, 12, 23, 22, 0], [10, 24, 11, 8, 0], [8, 1, 27, 26, 0], [9, 17, 14, 0, 0], [9, 1, 8, 3, 0], [9, 25, 4, 27, 0], [28, 10, 2, 26, 0], [9, 17, 25, 26, 0]]
gen=[[9, 7, 27, 19, 0], [18, 7, 27, 19, 0], [9, 7, 27, 19, 0], [27, 7, 27, 19, 0], [27, 7, 27, 19, 0], [9, 7, 27, 19, 0], [9, 7, 27, 19, 0], [27, 13, 27, 19, 0], [27, 13, 27, 19, 0], [27, 13, 27, 19, 0]]
valid routes=0.0
norm-reward=0.8510530037278655
[ 6 iterations]
real=[[18, 7, 1, 3, 0], [8, 17, 1, 22, 0], [12, 16, 4, 22, 0], [21, 15, 14, 20, 0], [21, 6, 2, 17, 0], [10, 7, 4, 27, 0], [6, 13, 7, 1, 0], [15, 12, 3, 9, 0], [9, 19, 11, 20, 0], [5, 16, 27, 19, 0]]
gen=[[24, 24, 8, 8, 0], [24, 24, 24, 8, 0], [8, 24, 24, 8, 0], [24, 24, 8, 8, 0], [2, 24, 24, 8, 0], [24, 24, 8, 8, 0], [24, 24, 8, 8, 0], [24, 24, 8, 8, 0], [2, 24, 24, 8, 0], [24, 24, 8, 8, 0]]
valid routes=0.0
norm-reward=0.8216479491603481
[ 7 iterations]
real=[[21, 7, 11, 18, 0], [21, 1, 23, 15, 0], [6, 24, 11, 14, 0], [6, 7, 3, 9, 0], [15, 13, 1, 26, 0], [18, 13, 23, 3, 0], [6, 17, 24, 26, 0], [9, 25, 20, 22, 0], [13, 7, 8, 19, 0], [28, 25, 11, 15, 0]]
gen=[[15, 17, 23, 22, 0], [15, 17, 23, 22, 0], [15, 7, 23, 22, 0], [15, 17, 7, 0, 0], [15, 7, 23, 22, 0], [21, 17, 7, 0, 0], [15, 7, 23, 22, 0], [23, 17, 7, 0, 0], [15, 2, 23, 22, 0], [23, 17, 7, 0, 0]]
valid routes=0.0
norm-reward=1.0334175965624184
[ 8 iterations]
real=[[28, 16, 7, 20, 0], [10, 7, 20, 26, 0], [15, 5, 23, 14, 0], [9, 6, 3, 20, 0], [15, 6, 10, 3, 0], [21, 6, 27, 19, 0], [6, 25, 0, 0, 0], [6, 13, 14, 1, 0], [21, 26, 27, 22, 0], [13, 17, 11, 20, 0]]
gen=[[10, 0, 0, 0, 0], [10, 0, 0, 0, 0], [10, 0, 0, 0, 0], [10, 0, 0, 0, 0], [21, 13, 20, 22, 0], [10, 0, 0, 0, 0], [21, 13, 20, 22, 0], [21, 13, 20, 22, 0], [10, 0, 0, 0, 0], [10, 0, 0, 0, 0]]
valid routes=0.003
norm-reward=1.03863530736246
[ 9 iterations]
real=[[23, 5, 2, 22, 0], [15, 12, 3, 19, 0], [23, 10, 14, 20, 0], [12, 1, 0, 0, 0], [10, 25, 23, 28, 0], [15, 16, 25, 3, 0], [21, 18, 4, 5, 0], [20, 0, 0, 0, 0], [10, 12, 2, 21, 0], [6, 16, 23, 4, 0]]
gen=[[21, 24, 8, 20, 0], [10, 0, 7, 20, 0], [21, 1, 7, 20, 0], [21, 1, 8, 20, 0], [18, 24, 8, 20, 0], [21, 1, 7, 20, 0], [21, 1, 8, 20, 0], [21, 24, 8, 20, 0], [21, 24, 8, 20, 0], [10, 0, 7, 20, 0]]
valid routes=0.0
norm-reward=1.1373063794316334
[ 10 iterations]
real=[[21, 12, 2, 17, 0], [24, 13, 1, 19, 0], [5, 18, 1, 0, 0], [23, 13, 27, 20, 0], [28, 9, 4, 22, 0], [21, 12, 28, 9, 0], [21, 18, 7, 20, 0], [6, 24, 10, 17, 0], [9, 12, 11, 19, 0], [15, 19, 27, 22, 0]]
gen=[[21, 12, 2, 22, 0], [21, 16, 2, 22, 0], [21, 12, 2, 22, 0], [10, 16, 0, 0, 0], [21, 16, 2, 22, 0], [10, 16, 0, 0, 0], [21, 12, 2, 22, 0], [21, 10, 2, 22, 0], [21, 12, 2, 22, 0], [10, 16, 0, 0, 0]]
valid routes=0.0
norm-reward=1.150256203661324
[ 11 iterations]
real=[[5, 25, 4, 9, 0], [2, 9, 27, 19, 0], [23, 25, 4, 22, 0], [12, 7, 20, 22, 0], [11, 12, 27, 26, 0], [24, 13, 14, 3, 0], [25, 13, 10, 22, 0], [23, 28, 14, 0, 0], [18, 12, 13, 22, 0], [25, 17, 11, 27, 0]]
gen=[[15, 13, 23, 15, 0], [25, 15, 0, 0, 0], [15, 15, 0, 0, 0], [15, 13, 23, 15, 0], [15, 15, 15, 15, 0], [15, 13, 27, 15, 0], [15, 13, 27, 15, 0], [9, 13, 23, 15, 0], [25, 15, 0, 0, 0], [25, 15, 0, 0, 0]]
valid routes=0.0
norm-reward=0.912911590771228
[ 12 iterations]
real=[[21, 16, 26, 9, 0], [2, 1, 8, 27, 0], [6, 13, 20, 22, 0], [10, 1, 23, 3, 0], [21, 24, 23, 17, 0], [17, 16, 23, 22, 0], [28, 9, 8, 19, 0], [18, 13, 23, 19, 0], [23, 17, 14, 3, 0], [9, 7, 4, 20, 0]]
gen=[[21, 19, 0, 0, 0], [25, 25, 25, 0, 0], [21, 19, 0, 0, 0], [21, 13, 11, 21, 0], [6, 13, 11, 21, 0], [6, 13, 11, 21, 0], [21, 0, 0, 0, 0], [21, 0, 14, 19, 0], [21, 0, 14, 0, 0], [21, 13, 11, 21, 0]]
valid routes=0.0
norm-reward=1.042319965206514
[ 13 iterations]
real=[[28, 12, 2, 22, 0], [25, 7, 2, 3, 0], [25, 24, 4, 19, 0], [10, 1, 11, 21, 0], [9, 6, 19, 0, 0], [21, 3, 28, 26, 0], [19, 3, 27, 20, 0], [5, 16, 23, 27, 0], [8, 12, 27, 22, 0], [21, 25, 23, 14, 0]]
gen=[[9, 24, 28, 0, 0], [28, 16, 28, 19, 0], [21, 0, 0, 0, 0], [9, 24, 28, 0, 0], [28, 16, 28, 19, 0], [28, 16, 28, 19, 0], [28, 0, 0, 0, 0], [21, 0, 0, 0, 0], [21, 16, 28, 19, 0], [21, 16, 28, 19, 0]]
valid routes=0.0
norm-reward=1.1301920973398651
[ 14 iterations]
real=[[5, 6, 4, 27, 0], [25, 16, 2, 22, 0], [23, 7, 2, 6, 0], [15, 20, 0, 0, 0], [21, 17, 6, 22, 0], [9, 10, 2, 20, 0], [10, 18, 11, 8, 0], [11, 1, 3, 19, 0], [6, 16, 14, 4, 0], [9, 6, 2, 26, 0]]
gen=[[5, 12, 23, 17, 0], [23, 17, 8, 20, 0], [21, 12, 23, 17, 0], [9, 8, 23, 12, 23], [23, 12, 23, 17, 0], [21, 12, 23, 17, 0], [23, 12, 23, 17, 0], [21, 12, 23, 17, 0], [21, 12, 23, 17, 0], [21, 12, 23, 17, 0]]
valid routes=0.0
norm-reward=0.9924752552944481
[ 15 iterations]
real=[[12, 7, 3, 22, 0], [2, 6, 0, 0, 0], [26, 12, 23, 22, 0], [10, 24, 11, 8, 0], [8, 1, 27, 26, 0], [9, 17, 14, 0, 0], [9, 1, 8, 3, 0], [9, 25, 4, 27, 0], [28, 10, 2, 26, 0], [9, 17, 25, 26, 0]]
gen=[[6, 0, 2, 22, 0], [23, 16, 2, 22, 0], [23, 17, 0, 0, 0], [6, 0, 20, 0, 0], [23, 17, 25, 22, 0], [6, 16, 2, 22, 0], [21, 0, 0, 22, 0], [6, 16, 2, 22, 0], [6, 16, 2, 22, 0], [6, 16, 2, 22, 0]]
valid routes=0.0
norm-reward=1.0822391844744308
[ 16 iterations]
real=[[18, 7, 1, 3, 0], [8, 17, 1, 22, 0], [12, 16, 4, 22, 0], [21, 15, 14, 20, 0], [21, 6, 2, 17, 0], [10, 7, 4, 27, 0], [6, 13, 7, 1, 0], [15, 12, 3, 9, 0], [9, 19, 11, 20, 0], [5, 16, 27, 19, 0]]
gen=[[2, 25, 25, 0, 0], [2, 25, 25, 0, 0], [2, 17, 25, 25, 0], [25, 25, 0, 0, 0], [6, 25, 25, 0, 0], [15, 25, 25, 0, 0], [2, 25, 25, 0, 0], [15, 0, 0, 0, 0], [2, 25, 0, 0, 0], [9, 7, 20, 0, 0]]
valid routes=0.0
norm-reward=0.9803803848397263
[ 17 iterations]
real=[[21, 7, 11, 18, 0], [21, 1, 23, 15, 0], [6, 24, 11, 14, 0], [6, 7, 3, 9, 0], [15, 13, 1, 26, 0], [18, 13, 23, 3, 0], [6, 17, 24, 26, 0], [9, 25, 20, 22, 0], [13, 7, 8, 19, 0], [28, 25, 11, 15, 0]]
gen=[[9, 13, 11, 26, 0], [15, 11, 11, 26, 0], [26, 0, 0, 0, 0], [26, 0, 0, 0, 0], [9, 13, 11, 26, 0], [9, 13, 11, 26, 0], [25, 17, 0, 26, 0], [25, 26, 0, 0, 0], [15, 17, 0, 0, 0], [15, 13, 11, 26, 0]]
valid routes=0.0
norm-reward=1.0077470798372632
[ 18 iterations]
real=[[28, 16, 7, 20, 0], [10, 7, 20, 26, 0], [15, 5, 23, 14, 0], [9, 6, 3, 20, 0], [15, 6, 10, 3, 0], [21, 6, 27, 19, 0], [6, 25, 0, 0, 0], [6, 13, 14, 1, 0], [21, 26, 27, 22, 0], [13, 17, 11, 20, 0]]
gen=[[28, 18, 0, 20, 0], [18, 0, 4, 20, 0], [25, 18, 4, 20, 0], [10, 18, 4, 20, 0], [15, 28, 4, 20, 0], [10, 18, 4, 4, 20], [26, 0, 0, 0, 0], [28, 18, 0, 4, 20], [28, 18, 0, 20, 0], [10, 16, 4, 20, 0]]
valid routes=0.001
norm-reward=1.0174859417048776
[ 19 iterations]
real=[[23, 5, 2, 22, 0], [15, 12, 3, 19, 0], [23, 10, 14, 20, 0], [12, 1, 0, 0, 0], [10, 25, 23, 28, 0], [15, 16, 25, 3, 0], [21, 18, 4, 5, 0], [20, 0, 0, 0, 0], [10, 12, 2, 21, 0], [6, 16, 23, 4, 0]]
gen=[[6, 13, 23, 19, 0], [15, 13, 23, 19, 0], [23, 19, 0, 0, 0], [6, 25, 23, 19, 0], [6, 13, 23, 19, 0], [21, 16, 4, 27, 0], [23, 19, 0, 0, 0], [15, 16, 23, 19, 0], [23, 17, 0, 0, 0], [15, 13, 23, 19, 0]]
valid routes=0.0
norm-reward=0.965705759240692
[ 20 iterations]
real=[[21, 12, 2, 17, 0], [24, 13, 1, 19, 0], [5, 18, 1, 0, 0], [23, 13, 27, 20, 0], [28, 9, 4, 22, 0], [21, 12, 28, 9, 0], [21, 18, 7, 20, 0], [6, 24, 10, 17, 0], [9, 12, 11, 19, 0], [15, 19, 27, 22, 0]]
gen=[[25, 12, 8, 9, 0], [8, 0, 8, 0, 0], [6, 7, 11, 9, 0], [25, 16, 8, 8, 0], [12, 8, 8, 8, 0], [21, 0, 0, 0, 0], [28, 7, 8, 8, 0], [8, 19, 0, 0, 0], [21, 25, 11, 9, 0], [21, 16, 8, 8, 0]]
valid routes=0.0
norm-reward=0.9135048967411346
[ 21 iterations]
real=[[5, 25, 4, 9, 0], [2, 9, 27, 19, 0], [23, 25, 4, 22, 0], [12, 7, 20, 22, 0], [11, 12, 27, 26, 0], [24, 13, 14, 3, 0], [25, 13, 10, 22, 0], [23, 28, 14, 0, 0], [18, 12, 13, 22, 0], [25, 17, 11, 27, 0]]
gen=[[10, 13, 28, 17, 0], [21, 0, 14, 20, 0], [21, 16, 14, 20, 0], [20, 0, 0, 0, 0], [20, 0, 20, 0, 0], [10, 17, 14, 20, 0], [10, 13, 28, 17, 0], [10, 17, 14, 20, 0], [28, 17, 0, 20, 0], [9, 14, 20, 0, 0]]
valid routes=0.0
norm-reward=1.044080227988025
[ 22 iterations]
real=[[21, 16, 26, 9, 0], [2, 1, 8, 27, 0], [6, 13, 20, 22, 0], [10, 1, 23, 3, 0], [21, 24, 23, 17, 0], [17, 16, 23, 22, 0], [28, 9, 8, 19, 0], [18, 13, 23, 19, 0], [23, 17, 14, 3, 0], [9, 7, 4, 20, 0]]
gen=[[26, 0, 0, 0, 0], [9, 0, 0, 0, 0], [21, 0, 0, 0, 0], [10, 12, 2, 9, 0], [10, 16, 4, 27, 0], [26, 0, 0, 0, 0], [10, 12, 4, 9, 0], [10, 17, 0, 0, 0], [2, 10, 27, 9, 0], [2, 10, 27, 0, 0]]
valid routes=0.0
norm-reward=1.0171129505891507
[ 23 iterations]
real=[[28, 12, 2, 22, 0], [25, 7, 2, 3, 0], [25, 24, 4, 19, 0], [10, 1, 11, 21, 0], [9, 6, 19, 0, 0], [21, 3, 28, 26, 0], [19, 3, 27, 20, 0], [5, 16, 23, 27, 0], [8, 12, 27, 22, 0], [21, 25, 23, 14, 0]]
gen=[[22, 7, 2, 26, 0], [2, 4, 2, 26, 0], [19, 0, 0, 0, 0], [10, 5, 2, 26, 0], [6, 13, 2, 26, 0], [22, 13, 2, 26, 0], [19, 0, 0, 0, 0], [10, 5, 2, 26, 0], [10, 5, 2, 26, 0], [21, 13, 2, 26, 0]]
valid routes=0.0
norm-reward=1.0324117286232413
[ 24 iterations]
real=[[5, 6, 4, 27, 0], [25, 16, 2, 22, 0], [23, 7, 2, 6, 0], [15, 20, 0, 0, 0], [21, 17, 6, 22, 0], [9, 10, 2, 20, 0], [10, 18, 11, 8, 0], [11, 1, 3, 19, 0], [6, 16, 14, 4, 0], [9, 6, 2, 26, 0]]
gen=[[25, 6, 24, 8, 0], [19, 0, 0, 0, 0], [28, 9, 0, 0, 0], [28, 24, 8, 0, 0], [28, 24, 8, 0, 0], [22, 16, 0, 0, 0], [28, 9, 0, 0, 0], [28, 24, 8, 0, 0], [19, 0, 0, 0, 0], [28, 24, 8, 8, 0]]
valid routes=0.002
norm-reward=0.9365230516406927
[ 25 iterations]
real=[[12, 7, 3, 22, 0], [2, 6, 0, 0, 0], [26, 12, 23, 22, 0], [10, 24, 11, 8, 0], [8, 1, 27, 26, 0], [9, 17, 14, 0, 0], [9, 1, 8, 3, 0], [9, 25, 4, 27, 0], [28, 10, 2, 26, 0], [9, 17, 25, 26, 0]]
gen=[[21, 16, 16, 0, 0], [25, 6, 6, 0, 0], [9, 0, 0, 0, 0], [6, 6, 24, 14, 0], [10, 6, 6, 6, 0], [9, 16, 0, 0, 0], [21, 16, 16, 0, 0], [9, 16, 0, 0, 0], [10, 6, 6, 6, 0], [25, 6, 6, 16, 0]]
valid routes=0.001
norm-reward=0.9681321273274963
[ 26 iterations]
real=[[18, 7, 1, 3, 0], [8, 17, 1, 22, 0], [12, 16, 4, 22, 0], [21, 15, 14, 20, 0], [21, 6, 2, 17, 0], [10, 7, 4, 27, 0], [6, 13, 7, 1, 0], [15, 12, 3, 9, 0], [9, 19, 11, 20, 0], [5, 16, 27, 19, 0]]
gen=[[9, 0, 0, 0, 0], [17, 0, 0, 0, 0], [28, 24, 14, 8, 0], [21, 24, 8, 8, 0], [10, 17, 10, 17, 0], [9, 0, 0, 0, 0], [6, 16, 0, 0, 0], [9, 0, 0, 0, 0], [9, 14, 14, 0, 0], [6, 24, 24, 5, 0]]
valid routes=0.001
norm-reward=0.9418948236100099
[ 27 iterations]
real=[[21, 7, 11, 18, 0], [21, 1, 23, 15, 0], [6, 24, 11, 14, 0], [6, 7, 3, 9, 0], [15, 13, 1, 26, 0], [18, 13, 23, 3, 0], [6, 17, 24, 26, 0], [9, 25, 20, 22, 0], [13, 7, 8, 19, 0], [28, 25, 11, 15, 0]]
gen=[[11, 19, 0, 0, 0], [28, 25, 27, 20, 0], [5, 5, 0, 0, 0], [9, 16, 27, 20, 0], [11, 17, 11, 19, 0], [6, 27, 11, 19, 0], [10, 27, 11, 19, 0], [21, 17, 11, 19, 0], [28, 14, 27, 0, 0], [21, 16, 0, 0, 0]]
valid routes=0.0
norm-reward=0.9539461037194321
[ 28 iterations]
real=[[28, 16, 7, 20, 0], [10, 7, 20, 26, 0], [15, 5, 23, 14, 0], [9, 6, 3, 20, 0], [15, 6, 10, 3, 0], [21, 6, 27, 19, 0], [6, 25, 0, 0, 0], [6, 13, 14, 1, 0], [21, 26, 27, 22, 0], [13, 17, 11, 20, 0]]
gen=[[5, 0, 0, 0, 0], [21, 7, 28, 26, 0], [6, 7, 8, 26, 0], [5, 0, 0, 0, 0], [10, 6, 10, 5, 0], [20, 0, 0, 0, 0], [2, 5, 0, 0, 0], [6, 25, 2, 26, 0], [10, 6, 10, 5, 0], [21, 16, 14, 26, 0]]
valid routes=0.0
norm-reward=1.058384699269149
[ 29 iterations]
real=[[23, 5, 2, 22, 0], [15, 12, 3, 19, 0], [23, 10, 14, 20, 0], [12, 1, 0, 0, 0], [10, 25, 23, 28, 0], [15, 16, 25, 3, 0], [21, 18, 4, 5, 0], [20, 0, 0, 0, 0], [10, 12, 2, 21, 0], [6, 16, 23, 4, 0]]
gen=[[23, 5, 23, 0, 0], [17, 7, 28, 3, 0], [23, 4, 0, 0, 0], [26, 0, 0, 0, 0], [28, 7, 28, 3, 0], [17, 12, 7, 28, 0], [21, 0, 0, 0, 0], [21, 4, 23, 3, 0], [21, 4, 23, 28, 0], [25, 0, 0, 0, 0]]
valid routes=0.0
norm-reward=0.9343739839756615
[ 30 iterations]
real=[[21, 12, 2, 17, 0], [24, 13, 1, 19, 0], [5, 18, 1, 0, 0], [23, 13, 27, 20, 0], [28, 9, 4, 22, 0], [21, 12, 28, 9, 0], [21, 18, 7, 20, 0], [6, 24, 10, 17, 0], [9, 12, 11, 19, 0], [15, 19, 27, 22, 0]]
gen=[[10, 12, 23, 0, 0], [9, 12, 27, 0, 0], [23, 0, 0, 0, 0], [21, 16, 27, 27, 0], [10, 12, 23, 0, 0], [9, 7, 3, 0, 0], [10, 5, 0, 0, 0], [25, 16, 27, 27, 0], [3, 0, 0, 0, 0], [9, 0, 0, 0, 0]]
valid routes=0.0
norm-reward=0.9849039305835153
[ 31 iterations]
real=[[5, 25, 4, 9, 0], [2, 9, 27, 19, 0], [23, 25, 4, 22, 0], [12, 7, 20, 22, 0], [11, 12, 27, 26, 0], [24, 13, 14, 3, 0], [25, 13, 10, 22, 0], [23, 28, 14, 0, 0], [18, 12, 13, 22, 0], [25, 17, 11, 27, 0]]
gen=[[6, 13, 23, 3, 0], [21, 12, 4, 27, 0], [25, 0, 0, 0, 0], [10, 12, 7, 3, 0], [19, 0, 0, 0, 0], [21, 16, 14, 27, 0], [25, 3, 0, 0, 0], [19, 0, 0, 0, 0], [10, 12, 23, 3, 0], [19, 0, 0, 0, 0]]
valid routes=0.0
norm-reward=0.9236691847015632
[ 32 iterations]
real=[[21, 16, 26, 9, 0], [2, 1, 8, 27, 0], [6, 13, 20, 22, 0], [10, 1, 23, 3, 0], [21, 24, 23, 17, 0], [17, 16, 23, 22, 0], [28, 9, 8, 19, 0], [18, 13, 23, 19, 0], [23, 17, 14, 3, 0], [9, 7, 4, 20, 0]]
gen=[[21, 13, 2, 26, 0], [9, 7, 8, 20, 0], [10, 12, 7, 19, 0], [9, 7, 2, 26, 0], [21, 17, 0, 0, 0], [14, 20, 0, 0, 0], [21, 0, 0, 0, 0], [14, 20, 0, 0, 0], [20, 20, 0, 0, 0], [22, 12, 14, 20, 0]]
valid routes=0.0
norm-reward=1.0042720971518808
[ 33 iterations]
real=[[28, 12, 2, 22, 0], [25, 7, 2, 3, 0], [25, 24, 4, 19, 0], [10, 1, 11, 21, 0], [9, 6, 19, 0, 0], [21, 3, 28, 26, 0], [19, 3, 27, 20, 0], [5, 16, 23, 27, 0], [8, 12, 27, 22, 0], [21, 25, 23, 14, 0]]
gen=[[14, 20, 0, 0, 0], [5, 16, 14, 20, 0], [21, 17, 4, 9, 0], [10, 5, 23, 3, 0], [9, 7, 28, 9, 0], [9, 24, 28, 9, 0], [23, 9, 0, 0, 0], [21, 17, 25, 0, 0], [23, 17, 23, 3, 0], [9, 24, 28, 9, 0]]
valid routes=0.0
norm-reward=0.996492239291646
[ 34 iterations]
real=[[5, 6, 4, 27, 0], [25, 16, 2, 22, 0], [23, 7, 2, 6, 0], [15, 20, 0, 0, 0], [21, 17, 6, 22, 0], [9, 10, 2, 20, 0], [10, 18, 11, 8, 0], [11, 1, 3, 19, 0], [6, 16, 14, 4, 0], [9, 6, 2, 26, 0]]
gen=[[9, 25, 28, 26, 0], [23, 9, 0, 0, 0], [25, 24, 4, 8, 0], [21, 0, 0, 0, 0], [25, 17, 4, 26, 0], [10, 24, 28, 26, 0], [25, 24, 7, 8, 0], [6, 24, 14, 8, 0], [21, 17, 4, 26, 0], [25, 12, 4, 26, 0]]
valid routes=0.0
norm-reward=0.9849374001156875
[ 35 iterations]
real=[[12, 7, 3, 22, 0], [2, 6, 0, 0, 0], [26, 12, 23, 22, 0], [10, 24, 11, 8, 0], [8, 1, 27, 26, 0], [9, 17, 14, 0, 0], [9, 1, 8, 3, 0], [9, 25, 4, 27, 0], [28, 10, 2, 26, 0], [9, 17, 25, 26, 0]]
gen=[[9, 7, 28, 9, 0], [6, 24, 14, 20, 0], [20, 0, 0, 0, 0], [12, 7, 20, 20, 0], [21, 7, 0, 0, 0], [10, 12, 7, 3, 0], [20, 0, 0, 0, 0], [20, 0, 0, 0, 0], [23, 9, 0, 0, 0], [6, 25, 28, 9, 0]]
valid routes=0.001
norm-reward=1.0235804123001895
[ 36 iterations]
real=[[18, 7, 1, 3, 0], [8, 17, 1, 22, 0], [12, 16, 4, 22, 0], [21, 15, 14, 20, 0], [21, 6, 2, 17, 0], [10, 7, 4, 27, 0], [6, 13, 7, 1, 0], [15, 12, 3, 9, 0], [9, 19, 11, 20, 0], [5, 16, 27, 19, 0]]
gen=[[28, 25, 27, 27, 0], [25, 16, 0, 0, 0], [25, 24, 14, 27, 0], [21, 17, 25, 0, 0], [23, 0, 0, 0, 0], [10, 12, 23, 17, 0], [21, 17, 25, 0, 0], [10, 5, 10, 5, 0], [10, 5, 7, 10, 0], [21, 7, 28, 9, 0]]
valid routes=0.0
norm-reward=0.9757033431171424
[ 37 iterations]
real=[[21, 7, 11, 18, 0], [21, 1, 23, 15, 0], [6, 24, 11, 14, 0], [6, 7, 3, 9, 0], [15, 13, 1, 26, 0], [18, 13, 23, 3, 0], [6, 17, 24, 26, 0], [9, 25, 20, 22, 0], [13, 7, 8, 19, 0], [28, 25, 11, 15, 0]]
gen=[[21, 16, 0, 0, 0], [23, 12, 23, 17, 0], [21, 24, 14, 26, 0], [25, 24, 14, 27, 0], [10, 12, 4, 19, 0], [12, 25, 14, 26, 0], [27, 27, 0, 0, 0], [10, 12, 23, 17, 0], [21, 24, 23, 17, 0], [9, 16, 4, 19, 0]]
valid routes=0.001
norm-reward=0.9997857851958307
[ 38 iterations]
real=[[28, 16, 7, 20, 0], [10, 7, 20, 26, 0], [15, 5, 23, 14, 0], [9, 6, 3, 20, 0], [15, 6, 10, 3, 0], [21, 6, 27, 19, 0], [6, 25, 0, 0, 0], [6, 13, 14, 1, 0], [21, 26, 27, 22, 0], [13, 17, 11, 20, 0]]
gen=[[9, 25, 14, 8, 0], [21, 16, 25, 19, 0], [10, 24, 7, 3, 0], [12, 25, 14, 8, 0], [17, 12, 4, 19, 0], [19, 16, 0, 0, 0], [21, 24, 23, 17, 0], [28, 4, 8, 27, 0], [21, 24, 14, 27, 0], [23, 17, 23, 17, 0]]
valid routes=0.001
norm-reward=0.9637317393020118
[ 39 iterations]
real=[[23, 5, 2, 22, 0], [15, 12, 3, 19, 0], [23, 10, 14, 20, 0], [12, 1, 0, 0, 0], [10, 25, 23, 28, 0], [15, 16, 25, 3, 0], [21, 18, 4, 5, 0], [20, 0, 0, 0, 0], [10, 12, 2, 21, 0], [6, 16, 23, 4, 0]]
gen=[[9, 0, 0, 0, 0], [25, 24, 14, 27, 0], [24, 24, 14, 26, 0], [10, 24, 23, 17, 0], [5, 0, 0, 0, 0], [28, 16, 4, 19, 0], [9, 0, 27, 0, 0], [10, 24, 23, 0, 0], [28, 25, 2, 26, 0], [28, 7, 2, 26, 0]]
valid routes=0.0
norm-reward=0.984071073343709
[ 40 iterations]
real=[[21, 12, 2, 17, 0], [24, 13, 1, 19, 0], [5, 18, 1, 0, 0], [23, 13, 27, 20, 0], [28, 9, 4, 22, 0], [21, 12, 28, 9, 0], [21, 18, 7, 20, 0], [6, 24, 10, 17, 0], [9, 12, 11, 19, 0], [15, 19, 27, 22, 0]]
gen=[[23, 5, 0, 0, 0], [9, 7, 2, 9, 0], [6, 24, 7, 3, 0], [10, 17, 23, 17, 0], [21, 24, 7, 5, 0], [10, 24, 14, 3, 0], [7, 6, 8, 20, 0], [25, 24, 14, 26, 0], [21, 0, 0, 0, 0], [21, 0, 27, 0, 0]]
valid routes=0.0
norm-reward=0.9963743734316782
[ 41 iterations]
real=[[5, 25, 4, 9, 0], [2, 9, 27, 19, 0], [23, 25, 4, 22, 0], [12, 7, 20, 22, 0], [11, 12, 27, 26, 0], [24, 13, 14, 3, 0], [25, 13, 10, 22, 0], [23, 28, 14, 0, 0], [18, 12, 13, 22, 0], [25, 17, 11, 27, 0]]
gen=[[9, 25, 4, 26, 0], [21, 7, 2, 9, 0], [10, 24, 4, 26, 0], [8, 6, 20, 20, 0], [21, 2, 23, 17, 0], [9, 0, 0, 0, 0], [8, 6, 8, 20, 0], [9, 25, 4, 26, 0], [23, 5, 0, 0, 0], [10, 2, 23, 17, 0]]
valid routes=0.0
norm-reward=1.0145947260518215
[ 42 iterations]
real=[[21, 16, 26, 9, 0], [2, 1, 8, 27, 0], [6, 13, 20, 22, 0], [10, 1, 23, 3, 0], [21, 24, 23, 17, 0], [17, 16, 23, 22, 0], [28, 9, 8, 19, 0], [18, 13, 23, 19, 0], [23, 17, 14, 3, 0], [9, 7, 4, 20, 0]]
gen=[[10, 24, 14, 20, 0], [23, 5, 10, 17, 0], [5, 0, 0, 0, 0], [9, 25, 14, 8, 0], [10, 24, 4, 17, 0], [10, 24, 14, 19, 0], [5, 7, 8, 8, 0], [21, 24, 14, 19, 0], [19, 0, 0, 0, 0], [21, 25, 14, 26, 0]]
valid routes=0.0
norm-reward=0.9675788427650843
[ 43 iterations]
real=[[28, 12, 2, 22, 0], [25, 7, 2, 3, 0], [25, 24, 4, 19, 0], [10, 1, 11, 21, 0], [9, 6, 19, 0, 0], [21, 3, 28, 26, 0], [19, 3, 27, 20, 0], [5, 16, 23, 27, 0], [8, 12, 27, 22, 0], [21, 25, 23, 14, 0]]
gen=[[5, 24, 28, 26, 0], [21, 24, 14, 22, 0], [19, 0, 0, 0, 0], [23, 3, 0, 0, 0], [21, 0, 0, 0, 0], [10, 24, 23, 17, 0], [25, 7, 4, 19, 0], [10, 24, 23, 17, 0], [19, 0, 0, 0, 0], [19, 0, 0, 0, 0]]
valid routes=0.001
norm-reward=1.0228216892798614
[ 44 iterations]
real=[[5, 6, 4, 27, 0], [25, 16, 2, 22, 0], [23, 7, 2, 6, 0], [15, 20, 0, 0, 0], [21, 17, 6, 22, 0], [9, 10, 2, 20, 0], [10, 18, 11, 8, 0], [11, 1, 3, 19, 0], [6, 16, 14, 4, 0], [9, 6, 2, 26, 0]]
gen=[[25, 24, 5, 0, 0], [9, 0, 0, 0, 0], [23, 10, 10, 19, 0], [25, 16, 14, 19, 0], [28, 19, 0, 0, 0], [21, 6, 27, 22, 0], [19, 0, 0, 0, 0], [21, 16, 0, 19, 0], [10, 0, 0, 0, 0], [17, 16, 0, 19, 0]]
valid routes=0.001
norm-reward=0.9958808244803309
[ 45 iterations]
real=[[12, 7, 3, 22, 0], [2, 6, 0, 0, 0], [26, 12, 23, 22, 0], [10, 24, 11, 8, 0], [8, 1, 27, 26, 0], [9, 17, 14, 0, 0], [9, 1, 8, 3, 0], [9, 25, 4, 27, 0], [28, 10, 2, 26, 0], [9, 17, 25, 26, 0]]
gen=[[10, 16, 0, 0, 0], [10, 7, 10, 10, 0], [25, 24, 5, 5, 0], [21, 17, 10, 17, 0], [10, 0, 0, 0, 0], [5, 6, 20, 20, 0], [9, 0, 0, 0, 0], [21, 24, 8, 10, 0], [21, 25, 28, 3, 0], [21, 24, 23, 17, 0]]
valid routes=0.0
norm-reward=1.014262401683611
[ 46 iterations]
real=[[18, 7, 1, 3, 0], [8, 17, 1, 22, 0], [12, 16, 4, 22, 0], [21, 15, 14, 20, 0], [21, 6, 2, 17, 0], [10, 7, 4, 27, 0], [6, 13, 7, 1, 0], [15, 12, 3, 9, 0], [9, 19, 11, 20, 0], [5, 16, 27, 19, 0]]
gen=[[9, 0, 0, 0, 0], [21, 16, 27, 0, 0], [21, 0, 0, 0, 0], [21, 7, 14, 19, 0], [28, 25, 4, 9, 0], [28, 24, 4, 26, 0], [28, 7, 4, 9, 0], [28, 0, 0, 0, 0], [5, 7, 28, 22, 0], [21, 16, 14, 19, 0]]
valid routes=0.0
norm-reward=0.9974486667777878
[ 47 iterations]
real=[[21, 7, 11, 18, 0], [21, 1, 23, 15, 0], [6, 24, 11, 14, 0], [6, 7, 3, 9, 0], [15, 13, 1, 26, 0], [18, 13, 23, 3, 0], [6, 17, 24, 26, 0], [9, 25, 20, 22, 0], [13, 7, 8, 19, 0], [28, 25, 11, 15, 0]]
gen=[[9, 7, 2, 22, 0], [24, 8, 8, 8, 0], [21, 16, 14, 19, 0], [8, 20, 20, 0, 0], [5, 0, 0, 0, 0], [21, 7, 2, 22, 0], [6, 3, 3, 0, 0], [5, 7, 28, 22, 0], [10, 16, 23, 17, 0], [10, 17, 14, 19, 0]]
valid routes=0.0
norm-reward=1.004063738683501
[ 48 iterations]
real=[[28, 16, 7, 20, 0], [10, 7, 20, 26, 0], [15, 5, 23, 14, 0], [9, 6, 3, 20, 0], [15, 6, 10, 3, 0], [21, 6, 27, 19, 0], [6, 25, 0, 0, 0], [6, 13, 14, 1, 0], [21, 26, 27, 22, 0], [13, 17, 11, 20, 0]]
gen=[[17, 16, 0, 0, 0], [28, 0, 0, 0, 0], [6, 25, 4, 26, 0], [25, 24, 4, 21, 0], [6, 24, 5, 27, 0], [19, 0, 0, 0, 0], [28, 4, 4, 26, 0], [23, 9, 0, 0, 0], [28, 4, 5, 27, 0], [5, 0, 0, 0, 0]]
valid routes=0.0
norm-reward=1.0181723316754574
[ 49 iterations]
real=[[23, 5, 2, 22, 0], [15, 12, 3, 19, 0], [23, 10, 14, 20, 0], [12, 1, 0, 0, 0], [10, 25, 23, 28, 0], [15, 16, 25, 3, 0], [21, 18, 4, 5, 0], [20, 0, 0, 0, 0], [10, 12, 2, 21, 0], [6, 16, 23, 4, 0]]
gen=[[23, 0, 0, 0, 0], [28, 0, 0, 0, 0], [21, 24, 23, 21, 0], [21, 25, 8, 22, 0], [25, 0, 0, 0, 0], [28, 25, 4, 26, 0], [23, 10, 0, 0, 0], [23, 0, 0, 0, 0], [10, 24, 5, 27, 0], [5, 0, 0, 0, 0]]
valid routes=0.0
norm-reward=1.0151061224178322
