read problem
max stops: 4
n locations: 29
numArcLayers: 5
1-th layer, # of nodes=1
split the incoming edges: 29 -> (9, 20)
1-th layer, # of nodes=2
split the incoming edges: 9 -> (2, 7)
split the incoming edges: 20 -> (2, 18)
1-th layer, # of nodes=4
split the incoming edges: 2 -> (1, 1)
remove arc: Arc(28: Node(1, u46), Node(2, u2))
remove arc: Arc(6: Node(1, u47), Node(2, u2))
split the incoming edges: 7 -> (2, 5)
split the incoming edges: 2 -> (1, 1)
remove arc: Arc(16: Node(1, u50), Node(2, u2))
remove arc: Arc(23: Node(1, u51), Node(2, u2))
split the incoming edges: 18 -> (6, 12)
1-th layer, # of nodes=8
split the incoming edges: 2 -> (1, 1)
remove arc: Arc(12: Node(1, u54), Node(2, u2))
remove arc: Arc(29: Node(1, u55), Node(2, u2))
split the incoming edges: 5 -> (3, 2)
split the incoming edges: 6 -> (4, 2)
split the incoming edges: 12 -> (3, 9)
1-th layer, # of nodes=12
split the incoming edges: 3 -> (1, 2)
remove arc: Arc(19: Node(1, u62), Node(2, u2))
split the incoming edges: 2 -> (1, 1)
remove arc: Arc(11: Node(1, u64), Node(2, u2))
remove arc: Arc(27: Node(1, u65), Node(2, u2))
split the incoming edges: 4 -> (3, 1)
remove arc: Arc(2: Node(1, u67), Node(2, u2))
split the incoming edges: 2 -> (1, 1)
remove arc: Arc(3: Node(1, u68), Node(2, u2))
remove arc: Arc(8: Node(1, u69), Node(2, u2))
split the incoming edges: 3 -> (1, 2)
remove arc: Arc(17: Node(1, u70), Node(2, u2))
split the incoming edges: 9 -> (1, 8)
remove arc: Arc(14: Node(1, u72), Node(2, u2))
1-th layer, # of nodes=18
split the incoming edges: 2 -> (1, 1)
remove arc: Arc(4: Node(1, u74), Node(2, u2))
remove arc: Arc(22: Node(1, u75), Node(2, u2))
split the incoming edges: 3 -> (2, 1)
remove arc: Arc(13: Node(1, u77), Node(2, u2))
split the incoming edges: 2 -> (1, 1)
remove arc: Arc(15: Node(1, u78), Node(2, u2))
remove arc: Arc(1: Node(1, u79), Node(2, u2))
split the incoming edges: 8 -> (1, 7)
remove arc: Arc(25: Node(1, u80), Node(2, u2))
1-th layer, # of nodes=22
split the incoming edges: 2 -> (1, 1)
remove arc: Arc(18: Node(1, u82), Node(2, u2))
remove arc: Arc(5: Node(1, u83), Node(2, u2))
split the incoming edges: 7 -> (1, 6)
remove arc: Arc(24: Node(1, u84), Node(2, u2))
1-th layer, # of nodes=24
split the incoming edges: 6 -> (2, 4)
1-th layer, # of nodes=25
split the incoming edges: 2 -> (1, 1)
remove arc: Arc(21: Node(1, u88), Node(2, u2))
remove arc: Arc(26: Node(1, u89), Node(2, u2))
split the incoming edges: 4 -> (1, 3)
remove arc: Arc(20: Node(1, u90), Node(2, u2))
1-th layer, # of nodes=27
split the incoming edges: 3 -> (2, 1)
remove arc: Arc(7: Node(1, u93), Node(2, u2))
1-th layer, # of nodes=28
split the incoming edges: 2 -> (1, 1)
remove arc: Arc(10: Node(1, u94), Node(2, u2))
remove arc: Arc(9: Node(1, u95), Node(2, u2))
1-th layer, # of nodes=29
2-th layer, # of nodes=1
split the incoming edges: 812 -> (250, 562)
2-th layer, # of nodes=2
split the incoming edges: 250 -> (66, 184)
split the incoming edges: 562 -> (169, 393)
2-th layer, # of nodes=4
split the incoming edges: 66 -> (25, 41)
split the incoming edges: 184 -> (57, 127)
split the incoming edges: 169 -> (44, 125)
split the incoming edges: 393 -> (128, 265)
2-th layer, # of nodes=8
split the incoming edges: 25 -> (6, 19)
split the incoming edges: 41 -> (12, 29)
split the incoming edges: 57 -> (26, 31)
split the incoming edges: 127 -> (37, 90)
split the incoming edges: 44 -> (19, 25)
split the incoming edges: 125 -> (38, 87)
split the incoming edges: 128 -> (40, 88)
split the incoming edges: 265 -> (79, 186)
2-th layer, # of nodes=16
split the incoming edges: 6 -> (2, 4)
split the incoming edges: 19 -> (11, 8)
split the incoming edges: 12 -> (5, 7)
split the incoming edges: 29 -> (7, 22)
split the incoming edges: 26 -> (4, 22)
split the incoming edges: 31 -> (7, 24)
split the incoming edges: 37 -> (13, 24)
split the incoming edges: 90 -> (33, 57)
split the incoming edges: 19 -> (2, 17)
split the incoming edges: 25 -> (9, 16)
split the incoming edges: 38 -> (12, 26)
split the incoming edges: 87 -> (26, 61)
split the incoming edges: 40 -> (14, 26)
split the incoming edges: 88 -> (27, 61)
split the incoming edges: 79 -> (26, 53)
split the incoming edges: 186 -> (58, 128)
2-th layer, # of nodes=32
split the incoming edges: 2 -> (1, 1)
remove arc: Arc(23: Node(2, u158), Node(3, u3))
remove arc: Arc(3: Node(2, u159), Node(3, u3))
split the incoming edges: 4 -> (2, 2)
split the incoming edges: 11 -> (1, 10)
remove arc: Arc(20: Node(2, u162), Node(3, u3))
split the incoming edges: 8 -> (3, 5)
split the incoming edges: 5 -> (2, 3)
split the incoming edges: 7 -> (4, 3)
split the incoming edges: 7 -> (2, 5)
split the incoming edges: 22 -> (13, 9)
split the incoming edges: 4 -> (1, 3)
remove arc: Arc(24: Node(2, u174), Node(3, u3))
split the incoming edges: 22 -> (8, 14)
split the incoming edges: 7 -> (3, 4)
split the incoming edges: 24 -> (7, 17)
split the incoming edges: 13 -> (5, 8)
split the incoming edges: 24 -> (8, 16)
split the incoming edges: 33 -> (15, 18)
split the incoming edges: 57 -> (19, 38)
split the incoming edges: 2 -> (1, 1)
remove arc: Arc(14: Node(2, u190), Node(3, u3))
remove arc: Arc(22: Node(2, u191), Node(3, u3))
split the incoming edges: 17 -> (7, 10)
split the incoming edges: 9 -> (4, 5)
split the incoming edges: 16 -> (8, 8)
split the incoming edges: 12 -> (5, 7)
split the incoming edges: 26 -> (7, 19)
split the incoming edges: 26 -> (7, 19)
split the incoming edges: 61 -> (12, 49)
split the incoming edges: 14 -> (4, 10)
split the incoming edges: 26 -> (7, 19)
split the incoming edges: 27 -> (11, 16)
split the incoming edges: 61 -> (20, 41)
split the incoming edges: 26 -> (9, 17)
split the incoming edges: 53 -> (20, 33)
split the incoming edges: 58 -> (14, 44)
split the incoming edges: 128 -> (48, 80)
2-th layer, # of nodes=64
split the incoming edges: 2 -> (1, 1)
remove arc: Arc(21: Node(2, u222), Node(3, u3))
remove arc: Arc(6: Node(2, u223), Node(3, u3))
split the incoming edges: 2 -> (1, 1)
remove arc: Arc(8: Node(2, u224), Node(3, u3))
remove arc: Arc(3: Node(2, u225), Node(3, u3))
split the incoming edges: 10 -> (4, 6)
split the incoming edges: 3 -> (1, 2)
remove arc: Arc(1: Node(2, u228), Node(3, u3))
split the incoming edges: 5 -> (4, 1)
remove arc: Arc(4: Node(2, u231), Node(3, u3))
split the incoming edges: 2 -> (1, 1)
remove arc: Arc(16: Node(2, u232), Node(3, u3))
remove arc: Arc(3: Node(2, u233), Node(3, u3))
split the incoming edges: 3 -> (1, 2)
remove arc: Arc(27: Node(2, u234), Node(3, u3))
split the incoming edges: 4 -> (1, 3)
remove arc: Arc(27: Node(2, u236), Node(3, u3))
split the incoming edges: 3 -> (1, 2)
remove arc: Arc(25: Node(2, u238), Node(3, u3))
split the incoming edges: 2 -> (1, 1)
remove arc: Arc(2: Node(2, u240), Node(3, u3))
remove arc: Arc(9: Node(2, u241), Node(3, u3))
split the incoming edges: 5 -> (3, 2)
split the incoming edges: 13 -> (7, 6)
split the incoming edges: 9 -> (1, 8)
remove arc: Arc(2: Node(2, u246), Node(3, u3))
split the incoming edges: 3 -> (1, 2)
remove arc: Arc(11: Node(2, u248), Node(3, u3))
split the incoming edges: 8 -> (2, 6)
split the incoming edges: 14 -> (6, 8)
split the incoming edges: 3 -> (2, 1)
remove arc: Arc(6: Node(2, u255), Node(3, u3))
split the incoming edges: 4 -> (2, 2)
split the incoming edges: 7 -> (2, 5)
split the incoming edges: 17 -> (4, 13)
split the incoming edges: 5 -> (3, 2)
split the incoming edges: 8 -> (1, 7)
remove arc: Arc(5: Node(2, u264), Node(3, u3))
split the incoming edges: 8 -> (2, 6)
split the incoming edges: 16 -> (10, 6)
split the incoming edges: 15 -> (6, 9)
split the incoming edges: 18 -> (2, 16)
split the incoming edges: 19 -> (2, 17)
split the incoming edges: 38 -> (11, 27)
split the incoming edges: 7 -> (3, 4)
split the incoming edges: 10 -> (1, 9)
remove arc: Arc(28: Node(2, u280), Node(3, u3))
split the incoming edges: 4 -> (1, 3)
remove arc: Arc(15: Node(2, u282), Node(3, u3))
split the incoming edges: 5 -> (1, 4)
remove arc: Arc(21: Node(2, u284), Node(3, u3))
split the incoming edges: 8 -> (2, 6)
split the incoming edges: 8 -> (2, 6)
split the incoming edges: 5 -> (1, 4)
remove arc: Arc(9: Node(2, u290), Node(3, u3))
split the incoming edges: 7 -> (5, 2)
split the incoming edges: 7 -> (5, 2)
split the incoming edges: 19 -> (6, 13)
split the incoming edges: 7 -> (2, 5)
split the incoming edges: 19 -> (5, 14)
split the incoming edges: 12 -> (3, 9)
split the incoming edges: 49 -> (22, 27)
split the incoming edges: 4 -> (1, 3)
remove arc: Arc(2: Node(2, u306), Node(3, u3))
split the incoming edges: 10 -> (5, 5)
split the incoming edges: 7 -> (1, 6)
remove arc: Arc(13: Node(2, u310), Node(3, u3))
split the incoming edges: 19 -> (6, 13)
split the incoming edges: 11 -> (2, 9)
split the incoming edges: 16 -> (3, 13)
split the incoming edges: 20 -> (9, 11)
split the incoming edges: 41 -> (10, 31)
split the incoming edges: 9 -> (1, 8)
remove arc: Arc(12: Node(2, u322), Node(3, u3))
split the incoming edges: 17 -> (4, 13)
split the incoming edges: 20 -> (5, 15)
split the incoming edges: 33 -> (15, 18)
split the incoming edges: 14 -> (5, 9)
split the incoming edges: 44 -> (11, 33)
split the incoming edges: 48 -> (14, 34)
split the incoming edges: 80 -> (29, 51)
2-th layer, # of nodes=122
split the incoming edges: 4 -> (1, 3)
remove arc: Arc(14: Node(2, u338), Node(3, u3))
split the incoming edges: 6 -> (2, 4)
split the incoming edges: 2 -> (1, 1)
remove arc: Arc(27: Node(2, u342), Node(3, u3))
remove arc: Arc(21: Node(2, u343), Node(3, u3))
split the incoming edges: 4 -> (3, 1)
remove arc: Arc(17: Node(2, u345), Node(3, u3))
split the incoming edges: 2 -> (1, 1)
remove arc: Arc(10: Node(2, u346), Node(3, u3))
remove arc: Arc(28: Node(2, u347), Node(3, u3))
split the incoming edges: 3 -> (2, 1)
remove arc: Arc(3: Node(2, u349), Node(3, u3))
node canot be splitted, beacause reaching the bound!: 128
[ 1 iterations]
real=[[5, 25, 4, 9, 0], [2, 9, 27, 19, 0], [23, 25, 4, 22, 0], [12, 7, 20, 22, 0], [11, 12, 27, 26, 0], [24, 13, 14, 3, 0], [25, 13, 10, 22, 0], [23, 28, 14, 0, 0], [18, 12, 13, 22, 0], [25, 17, 11, 27, 0]]
gen=[[9, 25, 25, 25, 0], [9, 27, 27, 27, 0], [25, 23, 25, 4, 0], [12, 7, 7, 7, 0], [12, 27, 12, 12, 0], [13, 14, 14, 14, 0], [13, 25, 13, 13, 0], [28, 14, 14, 14], [12, 13, 12, 12, 0], [17, 25, 17, 27, 0]]
valid routes=0.055
norm-reward=0.4241407498833234
[ 2 iterations]
real=[[21, 16, 26, 9, 0], [2, 1, 8, 27, 0], [6, 13, 20, 22, 0], [10, 1, 23, 3, 0], [21, 24, 23, 17, 0], [17, 16, 23, 22, 0], [28, 9, 8, 19, 0], [18, 13, 23, 19, 0], [23, 17, 14, 3, 0], [9, 7, 4, 20, 0]]
gen=[[21, 16, 16, 16, 0], [2, 1, 27, 27, 0], [6, 13, 13, 13, 0], [10, 1, 23, 23, 0], [21, 17, 23, 23, 0], [16, 17, 16, 16, 0], [28, 9, 28, 28, 0], [13, 18, 13, 23, 0], [23, 17, 14, 14, 0], [9, 7, 7, 7, 0]]
valid routes=0.057
norm-reward=0.4774051607663904
[ 3 iterations]
real=[[28, 12, 2, 22, 0], [25, 7, 2, 3, 0], [25, 24, 4, 19, 0], [10, 1, 11, 21, 0], [9, 6, 19, 0, 0], [21, 3, 28, 26, 0], [19, 3, 27, 20, 0], [5, 16, 23, 27, 0], [8, 12, 27, 22, 0], [21, 25, 23, 14, 0]]
gen=[[28, 12, 12, 12, 0], [25, 7, 7, 7, 0], [25, 24, 4, 4, 0], [21, 10, 1, 21, 0], [6, 9, 9, 9], [21, 28, 28, 28, 0], [27, 3, 27, 27, 0], [5, 16, 16, 16, 0], [12, 27, 12, 12, 0], [21, 25, 14, 14, 0]]
valid routes=0.076
norm-reward=0.4917456461897607
[ 4 iterations]
real=[[5, 6, 4, 27, 0], [25, 16, 2, 22, 0], [23, 7, 2, 6, 0], [15, 20, 0, 0, 0], [21, 17, 6, 22, 0], [9, 10, 2, 20, 0], [10, 18, 11, 8, 0], [11, 1, 3, 19, 0], [6, 16, 14, 4, 0], [9, 6, 2, 26, 0]]
gen=[[6, 5, 6, 27, 0], [16, 25, 16, 16, 0], [6, 7, 7, 7, 0], [15, 0, 0], [21, 17, 17, 21, 0], [10, 9, 2, 9, 0], [10, 18, 10, 10, 0], [11, 1, 1, 1, 0], [6, 16, 14, 14, 0], [6, 9, 6, 2, 0]]
valid routes=0.059
norm-reward=0.4768947613324779
[ 5 iterations]
real=[[12, 7, 3, 22, 0], [2, 6, 0, 0, 0], [26, 12, 23, 22, 0], [10, 24, 11, 8, 0], [8, 1, 27, 26, 0], [9, 17, 14, 0, 0], [9, 1, 8, 3, 0], [9, 25, 4, 27, 0], [28, 10, 2, 26, 0], [9, 17, 25, 26, 0]]
gen=[[12, 7, 7, 7, 0], [6, 2, 2], [12, 26, 12, 12, 0], [10, 24, 10, 10, 0], [26, 1, 1, 27, 0], [17, 9, 14, 14], [9, 1, 1, 1, 0], [25, 9, 25, 27, 0], [10, 28, 28, 28, 0], [25, 17, 17, 9, 0]]
valid routes=0.049
norm-reward=0.46215289111087543
[ 6 iterations]
real=[[18, 7, 1, 3, 0], [8, 17, 1, 22, 0], [12, 16, 4, 22, 0], [21, 15, 14, 20, 0], [21, 6, 2, 17, 0], [10, 7, 4, 27, 0], [6, 13, 7, 1, 0], [15, 12, 3, 9, 0], [9, 19, 11, 20, 0], [5, 16, 27, 19, 0]]
gen=[[18, 7, 7, 7, 0], [17, 1, 17, 1, 0], [16, 12, 16, 16, 0], [15, 21, 14, 14, 0], [21, 17, 17, 21, 0], [10, 7, 7, 7, 0], [6, 7, 7, 7, 0], [15, 12, 12, 12, 0], [9, 19, 9, 9, 0], [5, 16, 16, 16, 0]]
valid routes=0.036
norm-reward=0.41434679301178773
[ 7 iterations]
real=[[21, 7, 11, 18, 0], [21, 1, 23, 15, 0], [6, 24, 11, 14, 0], [6, 7, 3, 9, 0], [15, 13, 1, 26, 0], [18, 13, 23, 3, 0], [6, 17, 24, 26, 0], [9, 25, 20, 22, 0], [13, 7, 8, 19, 0], [28, 25, 11, 15, 0]]
gen=[[21, 7, 7, 7, 0], [15, 21, 1, 21, 0], [6, 24, 14, 14, 0], [6, 7, 7, 7, 0], [15, 13, 13, 13, 0], [13, 18, 13, 13, 0], [6, 17, 17, 6, 0], [25, 9, 25, 25, 0], [13, 7, 7, 7, 0], [15, 25, 28, 28, 0]]
valid routes=0.056
norm-reward=0.4737309567632543
[ 8 iterations]
real=[[28, 16, 7, 20, 0], [10, 7, 20, 26, 0], [15, 5, 23, 14, 0], [9, 6, 3, 20, 0], [15, 6, 10, 3, 0], [21, 6, 27, 19, 0], [6, 25, 0, 0, 0], [6, 13, 14, 1, 0], [21, 26, 27, 22, 0], [13, 17, 11, 20, 0]]
gen=[[28, 16, 16, 16, 0], [10, 7, 7, 7, 0], [15, 5, 14, 14, 0], [6, 9, 6, 9, 0], [15, 6, 15, 10, 0], [21, 6, 27, 21, 0], [6, 25, 6], [6, 13, 14, 14, 0], [21, 27, 27, 21, 0], [13, 17, 13, 13, 0]]
valid routes=0.059
norm-reward=0.4857272821771659
[ 9 iterations]
real=[[23, 5, 2, 22, 0], [15, 12, 3, 19, 0], [23, 10, 14, 20, 0], [12, 1, 0, 0, 0], [10, 25, 23, 28, 0], [15, 16, 25, 3, 0], [21, 18, 4, 5, 0], [20, 0, 0, 0, 0], [10, 12, 2, 21, 0], [6, 16, 23, 4, 0]]
gen=[[5, 22, 5, 23, 0], [15, 12, 12, 12, 0], [10, 14, 14, 14, 0], [12, 1, 12], [10, 25, 28, 28, 0], [15, 16, 16, 16, 0], [21, 18, 18, 18, 0], [20, 0], [21, 12, 12, 12, 0], [6, 16, 16, 16, 0]]
valid routes=0.043
norm-reward=0.40445398103828306
[ 10 iterations]
real=[[21, 12, 2, 17, 0], [24, 13, 1, 19, 0], [5, 18, 1, 0, 0], [23, 13, 27, 20, 0], [28, 9, 4, 22, 0], [21, 12, 28, 9, 0], [21, 18, 7, 20, 0], [6, 24, 10, 17, 0], [9, 12, 11, 19, 0], [15, 19, 27, 22, 0]]
gen=[[21, 12, 12, 12, 0], [13, 24, 13, 13, 0], [5, 18, 18, 18], [13, 23, 13, 13, 0], [28, 9, 28, 28, 0], [21, 12, 12, 12, 0], [21, 7, 7, 7, 0], [6, 17, 17, 24, 0], [9, 12, 19, 12, 0], [15, 27, 15, 27, 0]]
valid routes=0.059
norm-reward=0.4474272139644729
[ 11 iterations]
real=[[5, 25, 4, 9, 0], [2, 9, 27, 19, 0], [23, 25, 4, 22, 0], [12, 7, 20, 22, 0], [11, 12, 27, 26, 0], [24, 13, 14, 3, 0], [25, 13, 10, 22, 0], [23, 28, 14, 0, 0], [18, 12, 13, 22, 0], [25, 17, 11, 27, 0]]
gen=[[25, 5, 25, 25, 0], [9, 27, 27, 27, 0], [25, 23, 23, 25, 0], [7, 12, 7, 7, 0], [12, 27, 12, 12, 0], [13, 24, 14, 14, 0], [10, 13, 13, 13, 0], [28, 14, 14, 14], [13, 12, 12, 12, 0], [25, 17, 17, 25, 0]]
valid routes=0.051
norm-reward=0.41914132749110344
[ 12 iterations]
real=[[21, 16, 26, 9, 0], [2, 1, 8, 27, 0], [6, 13, 20, 22, 0], [10, 1, 23, 3, 0], [21, 24, 23, 17, 0], [17, 16, 23, 22, 0], [28, 9, 8, 19, 0], [18, 13, 23, 19, 0], [23, 17, 14, 3, 0], [9, 7, 4, 20, 0]]
gen=[[21, 16, 16, 16, 0], [27, 1, 1, 27, 0], [6, 13, 13, 13, 0], [10, 1, 1, 10, 0], [21, 17, 21, 24, 0], [16, 17, 16, 16, 0], [28, 9, 28, 28, 0], [13, 18, 13, 13, 0], [17, 3, 14, 14, 0], [9, 7, 7, 7, 0]]
valid routes=0.052
norm-reward=0.4583149082364645
[ 13 iterations]
real=[[28, 12, 2, 22, 0], [25, 7, 2, 3, 0], [25, 24, 4, 19, 0], [10, 1, 11, 21, 0], [9, 6, 19, 0, 0], [21, 3, 28, 26, 0], [19, 3, 27, 20, 0], [5, 16, 23, 27, 0], [8, 12, 27, 22, 0], [21, 25, 23, 14, 0]]
gen=[[28, 12, 12, 12, 0], [25, 7, 7, 7, 0], [25, 24, 4, 24, 0], [21, 10, 1, 21, 0], [6, 9, 6, 9], [21, 28, 28, 28, 0], [27, 3, 27, 27, 0], [5, 16, 16, 16, 0], [12, 27, 12, 12, 0], [21, 25, 14, 14, 0]]
valid routes=0.061
norm-reward=0.4107646067794968
[ 14 iterations]
real=[[5, 6, 4, 27, 0], [25, 16, 2, 22, 0], [23, 7, 2, 6, 0], [15, 20, 0, 0, 0], [21, 17, 6, 22, 0], [9, 10, 2, 20, 0], [10, 18, 11, 8, 0], [11, 1, 3, 19, 0], [6, 16, 14, 4, 0], [9, 6, 2, 26, 0]]
gen=[[6, 5, 6, 27, 0], [25, 16, 16, 16, 0], [6, 7, 7, 7, 0], [15, 0, 0], [21, 17, 21, 21, 0], [10, 9, 2, 9, 0], [10, 18, 18, 18, 0], [11, 1, 1, 1, 0], [6, 16, 14, 14, 0], [6, 9, 6, 9, 0]]
valid routes=0.051
norm-reward=0.42704398234955937
[ 15 iterations]
real=[[12, 7, 3, 22, 0], [2, 6, 0, 0, 0], [26, 12, 23, 22, 0], [10, 24, 11, 8, 0], [8, 1, 27, 26, 0], [9, 17, 14, 0, 0], [9, 1, 8, 3, 0], [9, 25, 4, 27, 0], [28, 10, 2, 26, 0], [9, 17, 25, 26, 0]]
gen=[[7, 12, 7, 7, 0], [6, 2, 2], [12, 26, 12, 12, 0], [10, 24, 10, 24, 0], [1, 26, 1, 1, 0], [9, 17, 14, 14], [9, 1, 1, 1, 0], [25, 9, 27, 27, 0], [10, 28, 28, 28, 0], [25, 17, 9, 25, 0]]
valid routes=0.04
norm-reward=0.3915923425115834
[ 16 iterations]
real=[[18, 7, 1, 3, 0], [8, 17, 1, 22, 0], [12, 16, 4, 22, 0], [21, 15, 14, 20, 0], [21, 6, 2, 17, 0], [10, 7, 4, 27, 0], [6, 13, 7, 1, 0], [15, 12, 3, 9, 0], [9, 19, 11, 20, 0], [5, 16, 27, 19, 0]]
gen=[[18, 7, 7, 7, 0], [17, 1, 1, 1, 0], [16, 12, 16, 16, 0], [15, 14, 14, 14, 0], [21, 17, 21, 21, 0], [10, 7, 7, 7, 0], [6, 7, 7, 7, 0], [15, 12, 12, 12, 0], [9, 19, 9, 9, 0], [5, 16, 16, 16, 0]]
valid routes=0.033
norm-reward=0.35459635382962174
[ 17 iterations]
real=[[21, 7, 11, 18, 0], [21, 1, 23, 15, 0], [6, 24, 11, 14, 0], [6, 7, 3, 9, 0], [15, 13, 1, 26, 0], [18, 13, 23, 3, 0], [6, 17, 24, 26, 0], [9, 25, 20, 22, 0], [13, 7, 8, 19, 0], [28, 25, 11, 15, 0]]
gen=[[21, 7, 7, 7, 0], [15, 1, 1, 1, 0], [6, 24, 14, 14, 0], [6, 7, 7, 7, 0], [15, 13, 13, 13, 0], [18, 13, 13, 13, 0], [6, 17, 17, 24, 0], [25, 9, 9, 9, 0], [13, 7, 7, 7, 0], [15, 25, 28, 28, 0]]
valid routes=0.052
norm-reward=0.40863323279043373
[ 18 iterations]
real=[[28, 16, 7, 20, 0], [10, 7, 20, 26, 0], [15, 5, 23, 14, 0], [9, 6, 3, 20, 0], [15, 6, 10, 3, 0], [21, 6, 27, 19, 0], [6, 25, 0, 0, 0], [6, 13, 14, 1, 0], [21, 26, 27, 22, 0], [13, 17, 11, 20, 0]]
gen=[[28, 16, 16, 16, 0], [10, 7, 7, 7, 0], [15, 5, 14, 14, 0], [6, 9, 9, 9, 0], [15, 6, 15, 6, 0], [21, 6, 27, 21, 0], [6, 25, 6], [6, 13, 14, 14, 0], [21, 27, 21, 21, 0], [13, 17, 13, 13, 0]]
valid routes=0.046
norm-reward=0.3755944725649756
[ 19 iterations]
real=[[23, 5, 2, 22, 0], [15, 12, 3, 19, 0], [23, 10, 14, 20, 0], [12, 1, 0, 0, 0], [10, 25, 23, 28, 0], [15, 16, 25, 3, 0], [21, 18, 4, 5, 0], [20, 0, 0, 0, 0], [10, 12, 2, 21, 0], [6, 16, 23, 4, 0]]
gen=[[5, 23, 5, 23, 0], [15, 12, 12, 12, 0], [10, 23, 14, 14, 0], [12, 1, 12], [10, 25, 23, 28, 0], [15, 16, 16, 16, 0], [21, 18, 18, 18, 0], [20, 0], [21, 12, 12, 12, 0], [6, 16, 16, 16, 0]]
valid routes=0.043
norm-reward=0.3993907167150338
[ 20 iterations]
real=[[21, 12, 2, 17, 0], [24, 13, 1, 19, 0], [5, 18, 1, 0, 0], [23, 13, 27, 20, 0], [28, 9, 4, 22, 0], [21, 12, 28, 9, 0], [21, 18, 7, 20, 0], [6, 24, 10, 17, 0], [9, 12, 11, 19, 0], [15, 19, 27, 22, 0]]
gen=[[21, 12, 12, 12, 0], [13, 1, 13, 1, 0], [18, 1, 1, 1], [13, 23, 13, 13, 0], [28, 9, 28, 28, 0], [21, 12, 12, 12, 0], [21, 18, 7, 7, 0], [6, 24, 10, 24, 0], [9, 12, 9, 12, 0], [15, 19, 27, 27, 0]]
valid routes=0.053
norm-reward=0.43456710657688513
[ 21 iterations]
real=[[5, 25, 4, 9, 0], [2, 9, 27, 19, 0], [23, 25, 4, 22, 0], [12, 7, 20, 22, 0], [11, 12, 27, 26, 0], [24, 13, 14, 3, 0], [25, 13, 10, 22, 0], [23, 28, 14, 0, 0], [18, 12, 13, 22, 0], [25, 17, 11, 27, 0]]
gen=[[25, 5, 4, 9, 0], [9, 19, 27, 9, 0], [25, 23, 23, 25, 0], [12, 7, 7, 7, 0], [12, 27, 12, 12, 0], [13, 24, 14, 14, 0], [10, 13, 13, 13, 0], [28, 23, 14, 14], [18, 12, 12, 12, 0], [25, 17, 17, 25, 0]]
valid routes=0.061
norm-reward=0.4579022380880356
[ 22 iterations]
real=[[21, 16, 26, 9, 0], [2, 1, 8, 27, 0], [6, 13, 20, 22, 0], [10, 1, 23, 3, 0], [21, 24, 23, 17, 0], [17, 16, 23, 22, 0], [28, 9, 8, 19, 0], [18, 13, 23, 19, 0], [23, 17, 14, 3, 0], [9, 7, 4, 20, 0]]
gen=[[21, 16, 16, 16, 0], [1, 27, 1, 1, 0], [6, 13, 13, 13, 0], [10, 1, 1, 1, 0], [21, 17, 17, 24, 0], [16, 17, 16, 16, 0], [28, 9, 28, 28, 0], [18, 13, 13, 13, 0], [17, 3, 14, 14, 0], [9, 7, 7, 7, 0]]
valid routes=0.044
norm-reward=0.38414954057659156
[ 23 iterations]
real=[[28, 12, 2, 22, 0], [25, 7, 2, 3, 0], [25, 24, 4, 19, 0], [10, 1, 11, 21, 0], [9, 6, 19, 0, 0], [21, 3, 28, 26, 0], [19, 3, 27, 20, 0], [5, 16, 23, 27, 0], [8, 12, 27, 22, 0], [21, 25, 23, 14, 0]]
gen=[[28, 12, 12, 12, 0], [25, 7, 7, 7, 0], [25, 24, 25, 24, 0], [21, 1, 1, 1, 0], [6, 9, 9, 9], [21, 28, 28, 28, 0], [19, 3, 27, 27, 0], [5, 16, 16, 16, 0], [12, 27, 12, 12, 0], [21, 25, 14, 14, 0]]
valid routes=0.056
norm-reward=0.3946232076123221
[ 24 iterations]
real=[[5, 6, 4, 27, 0], [25, 16, 2, 22, 0], [23, 7, 2, 6, 0], [15, 20, 0, 0, 0], [21, 17, 6, 22, 0], [9, 10, 2, 20, 0], [10, 18, 11, 8, 0], [11, 1, 3, 19, 0], [6, 16, 14, 4, 0], [9, 6, 2, 26, 0]]
gen=[[6, 5, 27, 6, 0], [25, 16, 16, 16, 0], [6, 7, 7, 7, 0], [15, 20, 15], [21, 17, 17, 21, 0], [10, 9, 9, 9, 0], [10, 18, 18, 18, 0], [1, 19, 1, 1, 0], [6, 16, 14, 14, 0], [6, 9, 6, 6, 0]]
valid routes=0.042
norm-reward=0.3486173703489355
[ 25 iterations]
real=[[12, 7, 3, 22, 0], [2, 6, 0, 0, 0], [26, 12, 23, 22, 0], [10, 24, 11, 8, 0], [8, 1, 27, 26, 0], [9, 17, 14, 0, 0], [9, 1, 8, 3, 0], [9, 25, 4, 27, 0], [28, 10, 2, 26, 0], [9, 17, 25, 26, 0]]
gen=[[12, 7, 7, 7, 0], [6, 2, 2], [12, 26, 12, 12, 0], [10, 24, 10, 24, 0], [1, 27, 1, 1, 0], [9, 17, 14, 14], [9, 1, 1, 1, 0], [25, 9, 9, 9, 0], [10, 28, 28, 28, 0], [25, 17, 9, 9, 0]]
valid routes=0.041
norm-reward=0.40169661838124976
[ 26 iterations]
real=[[18, 7, 1, 3, 0], [8, 17, 1, 22, 0], [12, 16, 4, 22, 0], [21, 15, 14, 20, 0], [21, 6, 2, 17, 0], [10, 7, 4, 27, 0], [6, 13, 7, 1, 0], [15, 12, 3, 9, 0], [9, 19, 11, 20, 0], [5, 16, 27, 19, 0]]
gen=[[18, 7, 7, 7, 0], [17, 1, 1, 1, 0], [16, 12, 16, 16, 0], [15, 14, 14, 14, 0], [21, 17, 17, 21, 0], [10, 7, 7, 7, 0], [6, 7, 7, 7, 0], [15, 12, 12, 12, 0], [9, 19, 9, 9, 0], [5, 16, 16, 16, 0]]
valid routes=0.033
norm-reward=0.3754688123624458
[ 27 iterations]
real=[[21, 7, 11, 18, 0], [21, 1, 23, 15, 0], [6, 24, 11, 14, 0], [6, 7, 3, 9, 0], [15, 13, 1, 26, 0], [18, 13, 23, 3, 0], [6, 17, 24, 26, 0], [9, 25, 20, 22, 0], [13, 7, 8, 19, 0], [28, 25, 11, 15, 0]]
gen=[[21, 7, 7, 7, 0], [15, 1, 1, 1, 0], [6, 24, 14, 14, 0], [6, 7, 7, 7, 0], [15, 13, 1, 1, 0], [13, 18, 13, 13, 0], [6, 24, 17, 24, 0], [25, 9, 9, 25, 0], [13, 7, 7, 7, 0], [15, 25, 15, 28, 0]]
valid routes=0.053
norm-reward=0.4307497558933957
[ 28 iterations]
real=[[28, 16, 7, 20, 0], [10, 7, 20, 26, 0], [15, 5, 23, 14, 0], [9, 6, 3, 20, 0], [15, 6, 10, 3, 0], [21, 6, 27, 19, 0], [6, 25, 0, 0, 0], [6, 13, 14, 1, 0], [21, 26, 27, 22, 0], [13, 17, 11, 20, 0]]
gen=[[28, 16, 16, 16, 0], [10, 7, 7, 7, 0], [15, 5, 14, 14, 0], [6, 9, 9, 9, 0], [15, 6, 15, 6, 0], [21, 6, 27, 21, 0], [6, 25, 6], [6, 13, 14, 14, 0], [21, 22, 27, 21, 0], [13, 17, 17, 13, 0]]
valid routes=0.055
norm-reward=0.42112211285399553
[ 29 iterations]
real=[[23, 5, 2, 22, 0], [15, 12, 3, 19, 0], [23, 10, 14, 20, 0], [12, 1, 0, 0, 0], [10, 25, 23, 28, 0], [15, 16, 25, 3, 0], [21, 18, 4, 5, 0], [20, 0, 0, 0, 0], [10, 12, 2, 21, 0], [6, 16, 23, 4, 0]]
gen=[[5, 2, 23, 23, 0], [15, 12, 12, 12, 0], [10, 23, 14, 14, 0], [1, 12, 12], [10, 25, 28, 28, 0], [15, 16, 16, 16, 0], [21, 18, 18, 5, 0], [20, 0], [21, 12, 12, 12, 0], [6, 16, 16, 16, 0]]
valid routes=0.041
norm-reward=0.38563640608911987
[ 30 iterations]
real=[[21, 12, 2, 17, 0], [24, 13, 1, 19, 0], [5, 18, 1, 0, 0], [23, 13, 27, 20, 0], [28, 9, 4, 22, 0], [21, 12, 28, 9, 0], [21, 18, 7, 20, 0], [6, 24, 10, 17, 0], [9, 12, 11, 19, 0], [15, 19, 27, 22, 0]]
gen=[[21, 12, 12, 12, 0], [24, 13, 13, 24, 0], [18, 1, 1, 1], [13, 23, 13, 13, 0], [28, 9, 28, 28, 0], [21, 12, 12, 12, 0], [21, 7, 7, 7, 0], [6, 24, 10, 24, 0], [9, 12, 9, 12, 0], [15, 19, 27, 27, 0]]
valid routes=0.053
norm-reward=0.4263913281519719
[ 31 iterations]
real=[[5, 25, 4, 9, 0], [2, 9, 27, 19, 0], [23, 25, 4, 22, 0], [12, 7, 20, 22, 0], [11, 12, 27, 26, 0], [24, 13, 14, 3, 0], [25, 13, 10, 22, 0], [23, 28, 14, 0, 0], [18, 12, 13, 22, 0], [25, 17, 11, 27, 0]]
gen=[[25, 5, 9, 5, 0], [9, 19, 9, 27, 0], [25, 22, 23, 25, 0], [22, 7, 7, 7, 0], [12, 27, 12, 12, 0], [24, 13, 14, 14, 0], [10, 13, 13, 13, 0], [28, 23, 14, 14], [13, 12, 12, 12, 0], [25, 17, 17, 25, 0]]
valid routes=0.05
norm-reward=0.4012889688721696
[ 32 iterations]
real=[[21, 16, 26, 9, 0], [2, 1, 8, 27, 0], [6, 13, 20, 22, 0], [10, 1, 23, 3, 0], [21, 24, 23, 17, 0], [17, 16, 23, 22, 0], [28, 9, 8, 19, 0], [18, 13, 23, 19, 0], [23, 17, 14, 3, 0], [9, 7, 4, 20, 0]]
gen=[[21, 16, 16, 16, 0], [1, 27, 1, 1, 0], [6, 13, 13, 13, 0], [10, 1, 1, 1, 0], [21, 24, 17, 24, 0], [22, 16, 16, 16, 0], [9, 19, 28, 28, 0], [13, 18, 13, 13, 0], [17, 14, 14, 14, 0], [9, 7, 7, 7, 0]]
valid routes=0.045
norm-reward=0.41864984432121094
[ 33 iterations]
real=[[28, 12, 2, 22, 0], [25, 7, 2, 3, 0], [25, 24, 4, 19, 0], [10, 1, 11, 21, 0], [9, 6, 19, 0, 0], [21, 3, 28, 26, 0], [19, 3, 27, 20, 0], [5, 16, 23, 27, 0], [8, 12, 27, 22, 0], [21, 25, 23, 14, 0]]