read problem
max stops: 4
n locations: 29
numArcLayers: 5
1-th layer, # of nodes=1
split the incoming edges: 29 -> (10, 19)
1-th layer, # of nodes=2
split the incoming edges: 10 -> (2, 8)
split the incoming edges: 19 -> (6, 13)
1-th layer, # of nodes=4
split the incoming edges: 2 -> (1, 1)
remove arc: Arc(20: Node(1, u46), Node(2, u2))
remove arc: Arc(3: Node(1, u47), Node(2, u2))
split the incoming edges: 8 -> (2, 6)
split the incoming edges: 6 -> (3, 3)
split the incoming edges: 13 -> (2, 11)
1-th layer, # of nodes=8
split the incoming edges: 2 -> (1, 1)
remove arc: Arc(9: Node(1, u54), Node(2, u2))
remove arc: Arc(15: Node(1, u55), Node(2, u2))
split the incoming edges: 6 -> (1, 5)
remove arc: Arc(16: Node(1, u56), Node(2, u2))
split the incoming edges: 3 -> (1, 2)
remove arc: Arc(26: Node(1, u58), Node(2, u2))
split the incoming edges: 3 -> (1, 2)
remove arc: Arc(8: Node(1, u60), Node(2, u2))
split the incoming edges: 2 -> (1, 1)
remove arc: Arc(4: Node(1, u62), Node(2, u2))
remove arc: Arc(6: Node(1, u63), Node(2, u2))
split the incoming edges: 11 -> (4, 7)
1-th layer, # of nodes=14
split the incoming edges: 5 -> (2, 3)
split the incoming edges: 2 -> (1, 1)
remove arc: Arc(28: Node(1, u68), Node(2, u2))
remove arc: Arc(22: Node(1, u69), Node(2, u2))
split the incoming edges: 2 -> (1, 1)
remove arc: Arc(21: Node(1, u70), Node(2, u2))
remove arc: Arc(19: Node(1, u71), Node(2, u2))
split the incoming edges: 4 -> (2, 2)
split the incoming edges: 7 -> (1, 6)
remove arc: Arc(24: Node(1, u74), Node(2, u2))
1-th layer, # of nodes=19
split the incoming edges: 2 -> (1, 1)
remove arc: Arc(7: Node(1, u76), Node(2, u2))
remove arc: Arc(27: Node(1, u77), Node(2, u2))
split the incoming edges: 3 -> (2, 1)
remove arc: Arc(29: Node(1, u79), Node(2, u2))
split the incoming edges: 2 -> (1, 1)
remove arc: Arc(1: Node(1, u80), Node(2, u2))
remove arc: Arc(2: Node(1, u81), Node(2, u2))
split the incoming edges: 2 -> (1, 1)
remove arc: Arc(12: Node(1, u82), Node(2, u2))
remove arc: Arc(25: Node(1, u83), Node(2, u2))
split the incoming edges: 6 -> (2, 4)
1-th layer, # of nodes=24
split the incoming edges: 2 -> (1, 1)
remove arc: Arc(18: Node(1, u86), Node(2, u2))
remove arc: Arc(10: Node(1, u87), Node(2, u2))
split the incoming edges: 2 -> (1, 1)
remove arc: Arc(11: Node(1, u88), Node(2, u2))
remove arc: Arc(14: Node(1, u89), Node(2, u2))
split the incoming edges: 4 -> (1, 3)
remove arc: Arc(17: Node(1, u90), Node(2, u2))
1-th layer, # of nodes=27
split the incoming edges: 3 -> (2, 1)
remove arc: Arc(13: Node(1, u93), Node(2, u2))
1-th layer, # of nodes=28
split the incoming edges: 2 -> (1, 1)
remove arc: Arc(23: Node(1, u94), Node(2, u2))
remove arc: Arc(5: Node(1, u95), Node(2, u2))
1-th layer, # of nodes=29
2-th layer, # of nodes=1
split the incoming edges: 812 -> (278, 534)
2-th layer, # of nodes=2
split the incoming edges: 278 -> (82, 196)
split the incoming edges: 534 -> (165, 369)
2-th layer, # of nodes=4
split the incoming edges: 82 -> (24, 58)
split the incoming edges: 196 -> (62, 134)
split the incoming edges: 165 -> (53, 112)
split the incoming edges: 369 -> (129, 240)
2-th layer, # of nodes=8
split the incoming edges: 24 -> (7, 17)
split the incoming edges: 58 -> (15, 43)
split the incoming edges: 62 -> (22, 40)
split the incoming edges: 134 -> (37, 97)
split the incoming edges: 53 -> (19, 34)
split the incoming edges: 112 -> (39, 73)
split the incoming edges: 129 -> (37, 92)
split the incoming edges: 240 -> (75, 165)
2-th layer, # of nodes=16
split the incoming edges: 7 -> (3, 4)
split the incoming edges: 17 -> (4, 13)
split the incoming edges: 15 -> (2, 13)
split the incoming edges: 43 -> (13, 30)
split the incoming edges: 22 -> (8, 14)
split the incoming edges: 40 -> (14, 26)
split the incoming edges: 37 -> (12, 25)
split the incoming edges: 97 -> (26, 71)
split the incoming edges: 19 -> (6, 13)
split the incoming edges: 34 -> (12, 22)
split the incoming edges: 39 -> (15, 24)
split the incoming edges: 73 -> (21, 52)
split the incoming edges: 37 -> (11, 26)
split the incoming edges: 92 -> (29, 63)
split the incoming edges: 75 -> (24, 51)
split the incoming edges: 165 -> (53, 112)
[ 1 iterations]
real=[[5, 25, 4, 9, 0], [2, 9, 27, 19, 0], [23, 25, 4, 22, 0], [12, 7, 20, 22, 0], [11, 12, 27, 26, 0], [24, 13, 14, 3, 0], [25, 13, 10, 22, 0], [23, 28, 14, 0, 0], [18, 12, 13, 22, 0], [25, 17, 11, 27, 0]]
gen=[[5, 4, 4, 4, 0], [9, 19, 27, 27, 0], [23, 4, 4, 4, 0], [12, 7, 7, 7, 0], [12, 11, 12, 12, 0], [13, 24, 13, 13, 0], [13, 10, 13, 13, 0], [28, 23, 14, 14], [12, 13, 12, 12, 0], [27, 17, 17, 17, 0]]
valid routes=0.078
norm-reward=0.5589147955751306
[ 2 iterations]
real=[[21, 16, 26, 9, 0], [2, 1, 8, 27, 0], [6, 13, 20, 22, 0], [10, 1, 23, 3, 0], [21, 24, 23, 17, 0], [17, 16, 23, 22, 0], [28, 9, 8, 19, 0], [18, 13, 23, 19, 0], [23, 17, 14, 3, 0], [9, 7, 4, 20, 0]]
gen=[[21, 16, 16, 16, 0], [8, 1, 8, 8, 0], [6, 13, 13, 6, 0], [10, 1, 1, 1, 0], [21, 17, 23, 23, 0], [16, 17, 16, 16, 0], [28, 8, 8, 8, 0], [23, 13, 23, 23, 0], [23, 17, 23, 23, 0], [9, 7, 7, 7, 0]]
valid routes=0.057
norm-reward=0.47163577087782393
[ 3 iterations]
real=[[28, 12, 2, 22, 0], [25, 7, 2, 3, 0], [25, 24, 4, 19, 0], [10, 1, 11, 21, 0], [9, 6, 19, 0, 0], [21, 3, 28, 26, 0], [19, 3, 27, 20, 0], [5, 16, 23, 27, 0], [8, 12, 27, 22, 0], [21, 25, 23, 14, 0]]
gen=[[28, 12, 12, 12, 0], [7, 25, 7, 7, 0], [25, 24, 4, 4, 0], [21, 10, 10, 1, 0], [6, 9, 6, 9], [21, 28, 21, 28, 0], [19, 3, 3, 3, 0], [5, 16, 16, 16, 0], [12, 8, 8, 8, 0], [21, 25, 21, 23, 0]]
valid routes=0.078
norm-reward=0.44710915783894317
[ 4 iterations]
real=[[5, 6, 4, 27, 0], [25, 16, 2, 22, 0], [23, 7, 2, 6, 0], [15, 20, 0, 0, 0], [21, 17, 6, 22, 0], [9, 10, 2, 20, 0], [10, 18, 11, 8, 0], [11, 1, 3, 19, 0], [6, 16, 14, 4, 0], [9, 6, 2, 26, 0]]
gen=[[6, 5, 5, 4, 0], [16, 25, 16, 16, 0], [6, 7, 7, 7, 0], [15, 20, 15], [6, 17, 17, 17, 0], [10, 9, 10, 9, 0], [10, 18, 18, 18, 0], [11, 1, 1, 1, 0], [6, 16, 16, 16, 0], [6, 9, 6, 9, 0]]
valid routes=0.056
norm-reward=0.4550314507781729
[ 5 iterations]
real=[[12, 7, 3, 22, 0], [2, 6, 0, 0, 0], [26, 12, 23, 22, 0], [10, 24, 11, 8, 0], [8, 1, 27, 26, 0], [9, 17, 14, 0, 0], [9, 1, 8, 3, 0], [9, 25, 4, 27, 0], [28, 10, 2, 26, 0], [9, 17, 25, 26, 0]]
gen=[[12, 7, 7, 7, 0], [6, 2, 6], [12, 22, 12, 12, 0], [10, 8, 10, 8, 0], [8, 1, 8, 8, 0], [17, 14, 17, 17], [8, 9, 1, 8, 0], [25, 9, 4, 4, 0], [10, 28, 10, 10, 0], [25, 17, 17, 17, 0]]
valid routes=0.061
norm-reward=0.4979886170613392
[ 6 iterations]
real=[[18, 7, 1, 3, 0], [8, 17, 1, 22, 0], [12, 16, 4, 22, 0], [21, 15, 14, 20, 0], [21, 6, 2, 17, 0], [10, 7, 4, 27, 0], [6, 13, 7, 1, 0], [15, 12, 3, 9, 0], [9, 19, 11, 20, 0], [5, 16, 27, 19, 0]]
gen=[[18, 7, 7, 7, 0], [8, 17, 17, 8, 0], [12, 16, 16, 16, 0], [21, 15, 21, 21, 0], [21, 17, 17, 17, 0], [10, 7, 7, 7, 0], [6, 7, 7, 7, 0], [15, 12, 12, 12, 0], [9, 11, 11, 9, 0], [5, 16, 16, 16, 0]]
valid routes=0.047
norm-reward=0.45739317940257007
[ 7 iterations]
real=[[21, 7, 11, 18, 0], [21, 1, 23, 15, 0], [6, 24, 11, 14, 0], [6, 7, 3, 9, 0], [15, 13, 1, 26, 0], [18, 13, 23, 3, 0], [6, 17, 24, 26, 0], [9, 25, 20, 22, 0], [13, 7, 8, 19, 0], [28, 25, 11, 15, 0]]
gen=[[21, 7, 7, 7, 0], [21, 15, 21, 21, 0], [6, 24, 6, 14, 0], [6, 7, 7, 7, 0], [15, 13, 13, 13, 0], [13, 18, 13, 13, 0], [6, 17, 17, 17, 0], [25, 9, 25, 9, 0], [13, 7, 7, 8, 0], [15, 25, 25, 28, 0]]
valid routes=0.069
norm-reward=0.48080201827088176
[ 8 iterations]
real=[[28, 16, 7, 20, 0], [10, 7, 20, 26, 0], [15, 5, 23, 14, 0], [9, 6, 3, 20, 0], [15, 6, 10, 3, 0], [21, 6, 27, 19, 0], [6, 25, 0, 0, 0], [6, 13, 14, 1, 0], [21, 26, 27, 22, 0], [13, 17, 11, 20, 0]]
gen=[[28, 16, 7, 7, 0], [10, 7, 7, 7, 0], [15, 5, 5, 23, 0], [6, 3, 6, 9, 0], [6, 10, 6, 10, 0], [21, 6, 6, 21, 0], [6, 25, 6], [6, 13, 13, 1, 0], [21, 27, 21, 21, 0], [13, 17, 17, 17, 0]]
valid routes=0.058
norm-reward=0.431851798052258
[ 9 iterations]
real=[[23, 5, 2, 22, 0], [15, 12, 3, 19, 0], [23, 10, 14, 20, 0], [12, 1, 0, 0, 0], [10, 25, 23, 28, 0], [15, 16, 25, 3, 0], [21, 18, 4, 5, 0], [20, 0, 0, 0, 0], [10, 12, 2, 21, 0], [6, 16, 23, 4, 0]]
gen=[[5, 2, 5, 23, 0], [15, 12, 12, 12, 0], [10, 23, 10, 23, 0], [12, 1, 12], [10, 25, 25, 23, 0], [15, 16, 16, 16, 0], [21, 18, 18, 4, 0], [20, 0], [21, 12, 12, 10, 0], [6, 16, 16, 16, 0]]
valid routes=0.059
norm-reward=0.5080969440227566
[ 10 iterations]
real=[[21, 12, 2, 17, 0], [24, 13, 1, 19, 0], [5, 18, 1, 0, 0], [23, 13, 27, 20, 0], [28, 9, 4, 22, 0], [21, 12, 28, 9, 0], [21, 18, 7, 20, 0], [6, 24, 10, 17, 0], [9, 12, 11, 19, 0], [15, 19, 27, 22, 0]]
gen=[[21, 12, 12, 12, 0], [13, 24, 13, 13, 0], [5, 18, 18, 1], [13, 23, 13, 13, 0], [28, 9, 28, 4, 0], [21, 12, 12, 12, 0], [21, 7, 7, 7, 0], [6, 17, 17, 17, 0], [12, 19, 12, 12, 0], [15, 27, 19, 15, 0]]
valid routes=0.064
norm-reward=0.46146129539946584
[ 11 iterations]
real=[[5, 25, 4, 9, 0], [2, 9, 27, 19, 0], [23, 25, 4, 22, 0], [12, 7, 20, 22, 0], [11, 12, 27, 26, 0], [24, 13, 14, 3, 0], [25, 13, 10, 22, 0], [23, 28, 14, 0, 0], [18, 12, 13, 22, 0], [25, 17, 11, 27, 0]]
gen=[[5, 25, 25, 4, 0], [9, 0, 0, 0, 0], [25, 4, 25, 23, 0], [12, 7, 7, 7, 0], [12, 27, 12, 12, 0], [13, 24, 13, 13, 0], [25, 13, 13, 13, 0], [28, 14, 23, 28], [13, 12, 12, 12, 0], [25, 17, 17, 17, 0]]
valid routes=0.074
norm-reward=0.5188427695587808
[ 12 iterations]
real=[[21, 16, 26, 9, 0], [2, 1, 8, 27, 0], [6, 13, 20, 22, 0], [10, 1, 23, 3, 0], [21, 24, 23, 17, 0], [17, 16, 23, 22, 0], [28, 9, 8, 19, 0], [18, 13, 23, 19, 0], [23, 17, 14, 3, 0], [9, 7, 4, 20, 0]]
gen=[[21, 16, 16, 16, 0], [8, 0, 0, 0, 0], [6, 13, 13, 13, 0], [10, 1, 10, 1, 0], [21, 17, 17, 17, 0], [16, 17, 16, 16, 0], [28, 8, 8, 8, 0], [13, 18, 13, 13, 0], [17, 3, 17, 17, 0], [9, 7, 7, 7, 0]]
valid routes=0.066
norm-reward=0.5040319981402437
[ 13 iterations]
real=[[28, 12, 2, 22, 0], [25, 7, 2, 3, 0], [25, 24, 4, 19, 0], [10, 1, 11, 21, 0], [9, 6, 19, 0, 0], [21, 3, 28, 26, 0], [19, 3, 27, 20, 0], [5, 16, 23, 27, 0], [8, 12, 27, 22, 0], [21, 25, 23, 14, 0]]
gen=[[28, 12, 12, 12, 0], [25, 7, 7, 7, 0], [25, 24, 24, 25, 0], [21, 10, 10, 1, 0], [6, 9, 6, 6], [21, 28, 21, 28, 0], [20, 3, 19, 3, 0], [5, 16, 16, 16, 0], [12, 8, 12, 8, 0], [21, 25, 25, 21, 0]]
valid routes=0.073
norm-reward=0.44010008459163474
[ 14 iterations]
real=[[5, 6, 4, 27, 0], [25, 16, 2, 22, 0], [23, 7, 2, 6, 0], [15, 20, 0, 0, 0], [21, 17, 6, 22, 0], [9, 10, 2, 20, 0], [10, 18, 11, 8, 0], [11, 1, 3, 19, 0], [6, 16, 14, 4, 0], [9, 6, 2, 26, 0]]
gen=[[6, 5, 6, 4, 0], [25, 16, 16, 25, 0], [6, 7, 7, 7, 0], [15, 0, 0], [21, 17, 17, 21, 0], [10, 9, 10, 10, 0], [10, 18, 18, 8, 0], [19, 1, 1, 1, 0], [6, 16, 16, 16, 0], [6, 9, 6, 6, 0]]
valid routes=0.059
norm-reward=0.47935491712625866
[ 15 iterations]
real=[[12, 7, 3, 22, 0], [2, 6, 0, 0, 0], [26, 12, 23, 22, 0], [10, 24, 11, 8, 0], [8, 1, 27, 26, 0], [9, 17, 14, 0, 0], [9, 1, 8, 3, 0], [9, 25, 4, 27, 0], [28, 10, 2, 26, 0], [9, 17, 25, 26, 0]]
gen=[[12, 7, 7, 7, 0], [6, 2, 6], [12, 23, 12, 12, 0], [10, 24, 24, 8, 0], [8, 26, 8, 8, 0], [9, 17, 17, 17], [9, 8, 8, 8, 0], [25, 9, 25, 4, 0], [10, 28, 10, 28, 0], [25, 17, 17, 17, 0]]
valid routes=0.055
norm-reward=0.48664360419734337
[ 16 iterations]
real=[[18, 7, 1, 3, 0], [8, 17, 1, 22, 0], [12, 16, 4, 22, 0], [21, 15, 14, 20, 0], [21, 6, 2, 17, 0], [10, 7, 4, 27, 0], [6, 13, 7, 1, 0], [15, 12, 3, 9, 0], [9, 19, 11, 20, 0], [5, 16, 27, 19, 0]]
gen=[[18, 7, 7, 7, 0], [8, 17, 17, 8, 0], [12, 16, 16, 16, 0], [21, 15, 21, 21, 0], [21, 17, 17, 21, 0], [10, 7, 7, 7, 0], [6, 7, 7, 7, 0], [15, 12, 12, 12, 0], [9, 11, 9, 20, 0], [5, 16, 16, 16, 0]]
valid routes=0.047
norm-reward=0.4639847045102167
[ 17 iterations]
real=[[21, 7, 11, 18, 0], [21, 1, 23, 15, 0], [6, 24, 11, 14, 0], [6, 7, 3, 9, 0], [15, 13, 1, 26, 0], [18, 13, 23, 3, 0], [6, 17, 24, 26, 0], [9, 25, 20, 22, 0], [13, 7, 8, 19, 0], [28, 25, 11, 15, 0]]
gen=[[21, 7, 7, 7, 0], [21, 15, 21, 1, 0], [6, 24, 24, 24, 0], [6, 7, 7, 7, 0], [15, 13, 13, 1, 0], [13, 18, 13, 18, 0], [6, 17, 17, 17, 0], [25, 9, 9, 25, 0], [13, 7, 8, 8, 0], [15, 25, 25, 25, 0]]
valid routes=0.061
norm-reward=0.4652498545263937
[ 18 iterations]
real=[[28, 16, 7, 20, 0], [10, 7, 20, 26, 0], [15, 5, 23, 14, 0], [9, 6, 3, 20, 0], [15, 6, 10, 3, 0], [21, 6, 27, 19, 0], [6, 25, 0, 0, 0], [6, 13, 14, 1, 0], [21, 26, 27, 22, 0], [13, 17, 11, 20, 0]]
gen=[[28, 16, 7, 7, 0], [10, 7, 7, 7, 0], [15, 5, 5, 5, 0], [6, 9, 9, 9, 0], [6, 15, 6, 10, 0], [21, 6, 21, 21, 0], [6, 25, 25], [6, 13, 13, 13, 0], [21, 26, 21, 21, 0], [13, 17, 17, 13, 0]]
valid routes=0.06
norm-reward=0.44579686449139366
[ 19 iterations]
real=[[23, 5, 2, 22, 0], [15, 12, 3, 19, 0], [23, 10, 14, 20, 0], [12, 1, 0, 0, 0], [10, 25, 23, 28, 0], [15, 16, 25, 3, 0], [21, 18, 4, 5, 0], [20, 0, 0, 0, 0], [10, 12, 2, 21, 0], [6, 16, 23, 4, 0]]
gen=[[5, 23, 5, 5, 0], [15, 12, 12, 12, 0], [10, 23, 10, 10, 0], [12, 1, 12], [10, 25, 10, 25, 0], [15, 16, 16, 25, 0], [21, 18, 18, 21, 0], [20, 0], [21, 12, 12, 12, 0], [6, 16, 16, 16, 0]]
valid routes=0.056
norm-reward=0.5075136946940931
[ 20 iterations]
real=[[21, 12, 2, 17, 0], [24, 13, 1, 19, 0], [5, 18, 1, 0, 0], [23, 13, 27, 20, 0], [28, 9, 4, 22, 0], [21, 12, 28, 9, 0], [21, 18, 7, 20, 0], [6, 24, 10, 17, 0], [9, 12, 11, 19, 0], [15, 19, 27, 22, 0]]
gen=[[21, 12, 12, 12, 0], [13, 24, 13, 24, 0], [5, 18, 18, 5], [13, 23, 13, 13, 0], [9, 28, 9, 9, 0], [21, 12, 12, 12, 0], [21, 7, 7, 7, 0], [10, 17, 17, 17, 0], [9, 12, 12, 12, 0], [15, 27, 15, 15, 0]]
valid routes=0.064
norm-reward=0.46379279134394125
[ 21 iterations]
real=[[5, 25, 4, 9, 0], [2, 9, 27, 19, 0], [23, 25, 4, 22, 0], [12, 7, 20, 22, 0], [11, 12, 27, 26, 0], [24, 13, 14, 3, 0], [25, 13, 10, 22, 0], [23, 28, 14, 0, 0], [18, 12, 13, 22, 0], [25, 17, 11, 27, 0]]
gen=[[5, 25, 25, 25, 0], [9, 2, 9, 9, 0], [25, 4, 25, 25, 0], [7, 12, 7, 7, 0], [12, 27, 12, 12, 0], [13, 24, 13, 24, 0], [10, 13, 13, 25, 0], [28, 23, 23, 28], [13, 12, 12, 12, 0], [25, 17, 17, 17, 0]]
valid routes=0.068
norm-reward=0.4951524454253683
[ 22 iterations]
real=[[21, 16, 26, 9, 0], [2, 1, 8, 27, 0], [6, 13, 20, 22, 0], [10, 1, 23, 3, 0], [21, 24, 23, 17, 0], [17, 16, 23, 22, 0], [28, 9, 8, 19, 0], [18, 13, 23, 19, 0], [23, 17, 14, 3, 0], [9, 7, 4, 20, 0]]
gen=[[21, 16, 16, 16, 0], [8, 2, 1, 8, 0], [6, 13, 13, 13, 0], [10, 1, 1, 1, 0], [21, 17, 17, 21, 0], [16, 17, 16, 16, 0], [9, 8, 9, 8, 0], [13, 18, 13, 13, 0], [17, 3, 17, 17, 0], [9, 7, 7, 7, 0]]
valid routes=0.055
norm-reward=0.45915913714009843
[ 23 iterations]
real=[[28, 12, 2, 22, 0], [25, 7, 2, 3, 0], [25, 24, 4, 19, 0], [10, 1, 11, 21, 0], [9, 6, 19, 0, 0], [21, 3, 28, 26, 0], [19, 3, 27, 20, 0], [5, 16, 23, 27, 0], [8, 12, 27, 22, 0], [21, 25, 23, 14, 0]]
gen=[[28, 12, 12, 12, 0], [25, 7, 7, 7, 0], [24, 25, 24, 25, 0], [21, 10, 21, 1, 0], [9, 6, 9, 9], [21, 28, 21, 21, 0], [27, 3, 3, 3, 0], [5, 16, 16, 16, 0], [12, 8, 12, 8, 0], [21, 25, 21, 21, 0]]
valid routes=0.07
norm-reward=0.4351271704817217
[ 24 iterations]
real=[[5, 6, 4, 27, 0], [25, 16, 2, 22, 0], [23, 7, 2, 6, 0], [15, 20, 0, 0, 0], [21, 17, 6, 22, 0], [9, 10, 2, 20, 0], [10, 18, 11, 8, 0], [11, 1, 3, 19, 0], [6, 16, 14, 4, 0], [9, 6, 2, 26, 0]]
gen=[[5, 6, 6, 4, 0], [25, 16, 16, 25, 0], [6, 7, 7, 7, 0], [15, 0, 0], [21, 17, 17, 21, 0], [9, 10, 9, 10, 0], [10, 18, 18, 8, 0], [3, 1, 1, 1, 0], [6, 16, 16, 16, 0], [9, 6, 9, 9, 0]]
valid routes=0.052
norm-reward=0.43808085392662127
[ 25 iterations]
real=[[12, 7, 3, 22, 0], [2, 6, 0, 0, 0], [26, 12, 23, 22, 0], [10, 24, 11, 8, 0], [8, 1, 27, 26, 0], [9, 17, 14, 0, 0], [9, 1, 8, 3, 0], [9, 25, 4, 27, 0], [28, 10, 2, 26, 0], [9, 17, 25, 26, 0]]
gen=[[12, 7, 7, 7, 0], [6, 0, 0], [12, 23, 12, 12, 0], [10, 24, 24, 8, 0], [8, 1, 8, 8, 0], [9, 17, 17, 17], [9, 8, 9, 8, 0], [9, 25, 25, 25, 0], [10, 28, 10, 10, 0], [9, 17, 17, 17, 0]]
valid routes=0.057
norm-reward=0.49594779418520724
[ 26 iterations]
real=[[18, 7, 1, 3, 0], [8, 17, 1, 22, 0], [12, 16, 4, 22, 0], [21, 15, 14, 20, 0], [21, 6, 2, 17, 0], [10, 7, 4, 27, 0], [6, 13, 7, 1, 0], [15, 12, 3, 9, 0], [9, 19, 11, 20, 0], [5, 16, 27, 19, 0]]
gen=[[18, 7, 7, 7, 0], [17, 8, 17, 8, 0], [16, 12, 16, 16, 0], [21, 15, 21, 21, 0], [21, 17, 17, 21, 0], [10, 7, 7, 7, 0], [6, 13, 7, 7, 0], [15, 12, 12, 12, 0], [9, 11, 9, 9, 0], [5, 16, 16, 16, 0]]
valid routes=0.045
norm-reward=0.4413721396628208
[ 27 iterations]
real=[[21, 7, 11, 18, 0], [21, 1, 23, 15, 0], [6, 24, 11, 14, 0], [6, 7, 3, 9, 0], [15, 13, 1, 26, 0], [18, 13, 23, 3, 0], [6, 17, 24, 26, 0], [9, 25, 20, 22, 0], [13, 7, 8, 19, 0], [28, 25, 11, 15, 0]]
gen=[[21, 18, 7, 7, 0], [21, 15, 21, 21, 0], [6, 24, 24, 6, 0], [9, 7, 7, 7, 0], [15, 13, 13, 13, 0], [13, 18, 13, 13, 0], [6, 17, 17, 17, 0], [9, 25, 9, 25, 0], [13, 7, 8, 8, 0], [15, 25, 15, 25, 0]]
valid routes=0.065
norm-reward=0.48103917689306913
[ 28 iterations]
real=[[28, 16, 7, 20, 0], [10, 7, 20, 26, 0], [15, 5, 23, 14, 0], [9, 6, 3, 20, 0], [15, 6, 10, 3, 0], [21, 6, 27, 19, 0], [6, 25, 0, 0, 0], [6, 13, 14, 1, 0], [21, 26, 27, 22, 0], [13, 17, 11, 20, 0]]
gen=[[28, 16, 7, 7, 0], [10, 7, 7, 7, 0], [15, 5, 23, 23, 0], [9, 6, 9, 9, 0], [15, 6, 15, 10, 0], [21, 6, 21, 21, 0], [6, 25, 25], [6, 13, 13, 13, 0], [21, 26, 21, 21, 0], [13, 17, 17, 13, 0]]
valid routes=0.055
norm-reward=0.44594122877853953
[ 29 iterations]
real=[[23, 5, 2, 22, 0], [15, 12, 3, 19, 0], [23, 10, 14, 20, 0], [12, 1, 0, 0, 0], [10, 25, 23, 28, 0], [15, 16, 25, 3, 0], [21, 18, 4, 5, 0], [20, 0, 0, 0, 0], [10, 12, 2, 21, 0], [6, 16, 23, 4, 0]]
gen=[[5, 23, 5, 5, 0], [15, 12, 12, 12, 0], [10, 23, 10, 10, 0], [12, 1, 12], [10, 25, 25, 10, 0], [15, 16, 16, 25, 0], [21, 18, 18, 21, 0], [20, 0], [21, 12, 12, 12, 0], [6, 16, 16, 16, 0]]
valid routes=0.057
norm-reward=0.4912785219749624
[ 30 iterations]
real=[[21, 12, 2, 17, 0], [24, 13, 1, 19, 0], [5, 18, 1, 0, 0], [23, 13, 27, 20, 0], [28, 9, 4, 22, 0], [21, 12, 28, 9, 0], [21, 18, 7, 20, 0], [6, 24, 10, 17, 0], [9, 12, 11, 19, 0], [15, 19, 27, 22, 0]]
gen=[[21, 12, 12, 12, 0], [13, 24, 13, 13, 0], [5, 18, 18, 18], [13, 23, 13, 13, 0], [9, 28, 9, 9, 0], [21, 12, 12, 12, 0], [21, 18, 7, 7, 0], [10, 17, 17, 17, 0], [9, 12, 12, 12, 0], [15, 19, 15, 22, 0]]
valid routes=0.055
norm-reward=0.45836163269048186
[ 31 iterations]
real=[[5, 25, 4, 9, 0], [2, 9, 27, 19, 0], [23, 25, 4, 22, 0], [12, 7, 20, 22, 0], [11, 12, 27, 26, 0], [24, 13, 14, 3, 0], [25, 13, 10, 22, 0], [23, 28, 14, 0, 0], [18, 12, 13, 22, 0], [25, 17, 11, 27, 0]]
gen=[[9, 25, 5, 25, 0], [9, 2, 9, 9, 0], [25, 4, 25, 25, 0], [7, 12, 7, 7, 0], [12, 27, 12, 12, 0], [13, 24, 13, 13, 0], [13, 25, 13, 10, 0], [28, 23, 23, 28], [13, 12, 12, 12, 0], [25, 17, 17, 17, 0]]
valid routes=0.059
norm-reward=0.4393494599465412
[ 32 iterations]
real=[[21, 16, 26, 9, 0], [2, 1, 8, 27, 0], [6, 13, 20, 22, 0], [10, 1, 23, 3, 0], [21, 24, 23, 17, 0], [17, 16, 23, 22, 0], [28, 9, 8, 19, 0], [18, 13, 23, 19, 0], [23, 17, 14, 3, 0], [9, 7, 4, 20, 0]]
gen=[[21, 16, 16, 16, 0], [8, 1, 1, 8, 0], [6, 13, 13, 13, 0], [10, 23, 10, 1, 0], [21, 17, 17, 21, 0], [16, 17, 16, 16, 0], [9, 8, 9, 8, 0], [13, 18, 13, 13, 0], [17, 3, 17, 17, 0], [9, 7, 7, 7, 0]]
valid routes=0.05
norm-reward=0.43593228994588684
[ 33 iterations]
real=[[28, 12, 2, 22, 0], [25, 7, 2, 3, 0], [25, 24, 4, 19, 0], [10, 1, 11, 21, 0], [9, 6, 19, 0, 0], [21, 3, 28, 26, 0], [19, 3, 27, 20, 0], [5, 16, 23, 27, 0], [8, 12, 27, 22, 0], [21, 25, 23, 14, 0]]
gen=[[28, 12, 12, 12, 0], [25, 7, 7, 25, 0], [24, 25, 24, 25, 0], [21, 10, 21, 21, 0], [9, 6, 9, 9], [21, 28, 21, 21, 0], [20, 3, 3, 20, 0], [5, 16, 16, 16, 0], [12, 8, 12, 8, 0], [21, 25, 21, 21, 0]]
valid routes=0.072
norm-reward=0.4666361518617884
[ 34 iterations]
real=[[5, 6, 4, 27, 0], [25, 16, 2, 22, 0], [23, 7, 2, 6, 0], [15, 20, 0, 0, 0], [21, 17, 6, 22, 0], [9, 10, 2, 20, 0], [10, 18, 11, 8, 0], [11, 1, 3, 19, 0], [6, 16, 14, 4, 0], [9, 6, 2, 26, 0]]
gen=[[5, 6, 6, 4, 0], [25, 16, 16, 25, 0], [6, 7, 7, 7, 0], [15, 0, 0], [21, 17, 17, 21, 0], [9, 10, 9, 10, 0], [10, 18, 18, 18, 0], [11, 1, 1, 1, 0], [6, 16, 16, 16, 0], [9, 6, 6, 9, 0]]
valid routes=0.051
norm-reward=0.42678024527032726
[ 35 iterations]
real=[[12, 7, 3, 22, 0], [2, 6, 0, 0, 0], [26, 12, 23, 22, 0], [10, 24, 11, 8, 0], [8, 1, 27, 26, 0], [9, 17, 14, 0, 0], [9, 1, 8, 3, 0], [9, 25, 4, 27, 0], [28, 10, 2, 26, 0], [9, 17, 25, 26, 0]]
gen=[[12, 7, 7, 7, 0], [6, 2, 6], [12, 23, 12, 12, 0], [10, 24, 24, 8, 0], [8, 1, 8, 8, 0], [9, 17, 17, 17], [9, 8, 9, 8, 0], [9, 25, 9, 25, 0], [10, 28, 10, 10, 0], [9, 17, 17, 25, 0]]
valid routes=0.05
norm-reward=0.44270718914157103
[ 36 iterations]
real=[[18, 7, 1, 3, 0], [8, 17, 1, 22, 0], [12, 16, 4, 22, 0], [21, 15, 14, 20, 0], [21, 6, 2, 17, 0], [10, 7, 4, 27, 0], [6, 13, 7, 1, 0], [15, 12, 3, 9, 0], [9, 19, 11, 20, 0], [5, 16, 27, 19, 0]]
gen=[[18, 7, 7, 7, 0], [17, 8, 17, 8, 0], [16, 12, 16, 16, 0], [21, 15, 21, 21, 0], [21, 17, 17, 21, 0], [10, 7, 7, 7, 0], [6, 13, 7, 7, 0], [15, 12, 12, 12, 0], [9, 20, 9, 9, 0], [5, 16, 16, 16, 0]]
valid routes=0.043
norm-reward=0.48295034090096445
[ 37 iterations]
real=[[21, 7, 11, 18, 0], [21, 1, 23, 15, 0], [6, 24, 11, 14, 0], [6, 7, 3, 9, 0], [15, 13, 1, 26, 0], [18, 13, 23, 3, 0], [6, 17, 24, 26, 0], [9, 25, 20, 22, 0], [13, 7, 8, 19, 0], [28, 25, 11, 15, 0]]
gen=[[21, 18, 7, 7, 0], [21, 15, 21, 21, 0], [6, 24, 6, 24, 0], [6, 7, 7, 7, 0], [15, 13, 13, 13, 0], [13, 18, 13, 13, 0], [6, 17, 17, 17, 0], [9, 25, 9, 25, 0], [13, 7, 8, 8, 0], [15, 25, 15, 25, 0]]
valid routes=0.057
norm-reward=0.43573671756697113
[ 38 iterations]
real=[[28, 16, 7, 20, 0], [10, 7, 20, 26, 0], [15, 5, 23, 14, 0], [9, 6, 3, 20, 0], [15, 6, 10, 3, 0], [21, 6, 27, 19, 0], [6, 25, 0, 0, 0], [6, 13, 14, 1, 0], [21, 26, 27, 22, 0], [13, 17, 11, 20, 0]]
gen=[[28, 16, 7, 7, 0], [10, 7, 7, 7, 0], [15, 5, 5, 5, 0], [9, 6, 9, 9, 0], [15, 6, 10, 10, 0], [21, 6, 21, 21, 0], [6, 25, 25], [6, 13, 13, 13, 0], [21, 22, 21, 21, 0], [13, 17, 17, 13, 0]]
valid routes=0.057
norm-reward=0.4403081990770153
[ 39 iterations]
real=[[23, 5, 2, 22, 0], [15, 12, 3, 19, 0], [23, 10, 14, 20, 0], [12, 1, 0, 0, 0], [10, 25, 23, 28, 0], [15, 16, 25, 3, 0], [21, 18, 4, 5, 0], [20, 0, 0, 0, 0], [10, 12, 2, 21, 0], [6, 16, 23, 4, 0]]
gen=[[5, 23, 5, 5, 0], [15, 12, 12, 12, 0], [10, 23, 10, 10, 0], [12, 1, 12], [10, 25, 10, 25, 0], [15, 16, 16, 25, 0], [21, 18, 18, 18, 0], [20, 0], [21, 12, 12, 12, 0], [6, 16, 16, 16, 0]]
valid routes=0.053
norm-reward=0.4794814115297915
[ 40 iterations]
real=[[21, 12, 2, 17, 0], [24, 13, 1, 19, 0], [5, 18, 1, 0, 0], [23, 13, 27, 20, 0], [28, 9, 4, 22, 0], [21, 12, 28, 9, 0], [21, 18, 7, 20, 0], [6, 24, 10, 17, 0], [9, 12, 11, 19, 0], [15, 19, 27, 22, 0]]
gen=[[21, 12, 12, 12, 0], [24, 13, 13, 13, 0], [5, 18, 18, 18], [13, 23, 13, 13, 0], [9, 28, 9, 9, 0], [21, 12, 12, 12, 0], [21, 18, 7, 7, 0], [6, 17, 17, 10, 0], [9, 12, 12, 12, 0], [15, 22, 15, 15, 0]]
valid routes=0.061
norm-reward=0.4787122295378502
[ 41 iterations]
real=[[5, 25, 4, 9, 0], [2, 9, 27, 19, 0], [23, 25, 4, 22, 0], [12, 7, 20, 22, 0], [11, 12, 27, 26, 0], [24, 13, 14, 3, 0], [25, 13, 10, 22, 0], [23, 28, 14, 0, 0], [18, 12, 13, 22, 0], [25, 17, 11, 27, 0]]
gen=[[5, 25, 9, 25, 0], [9, 2, 9, 9, 0], [25, 4, 23, 25, 0], [12, 7, 7, 7, 0], [12, 26, 12, 12, 0], [24, 13, 13, 13, 0], [25, 13, 13, 13, 0], [28, 23, 23, 23], [13, 12, 12, 12, 0], [25, 17, 17, 25, 0]]
valid routes=0.058
norm-reward=0.43653913589521576
[ 42 iterations]
real=[[21, 16, 26, 9, 0], [2, 1, 8, 27, 0], [6, 13, 20, 22, 0], [10, 1, 23, 3, 0], [21, 24, 23, 17, 0], [17, 16, 23, 22, 0], [28, 9, 8, 19, 0], [18, 13, 23, 19, 0], [23, 17, 14, 3, 0], [9, 7, 4, 20, 0]]
gen=[[21, 16, 16, 16, 0], [8, 1, 1, 8, 0], [6, 13, 13, 13, 0], [10, 3, 10, 10, 0], [21, 17, 17, 21, 0], [16, 17, 16, 16, 0], [9, 8, 9, 8, 0], [13, 18, 13, 13, 0], [17, 3, 17, 17, 0], [9, 7, 7, 7, 0]]
valid routes=0.05
norm-reward=0.4400116639927172
[ 43 iterations]
real=[[28, 12, 2, 22, 0], [25, 7, 2, 3, 0], [25, 24, 4, 19, 0], [10, 1, 11, 21, 0], [9, 6, 19, 0, 0], [21, 3, 28, 26, 0], [19, 3, 27, 20, 0], [5, 16, 23, 27, 0], [8, 12, 27, 22, 0], [21, 25, 23, 14, 0]]
gen=[[28, 12, 12, 12, 0], [25, 7, 7, 25, 0], [25, 24, 25, 25, 0], [21, 10, 21, 21, 0], [9, 6, 9, 9], [21, 28, 21, 21, 0], [20, 19, 20, 19, 0], [5, 16, 16, 16, 0], [12, 8, 12, 8, 0], [21, 25, 21, 21, 0]]
valid routes=0.062
norm-reward=0.40681567629521054
[ 44 iterations]
real=[[5, 6, 4, 27, 0], [25, 16, 2, 22, 0], [23, 7, 2, 6, 0], [15, 20, 0, 0, 0], [21, 17, 6, 22, 0], [9, 10, 2, 20, 0], [10, 18, 11, 8, 0], [11, 1, 3, 19, 0], [6, 16, 14, 4, 0], [9, 6, 2, 26, 0]]
gen=[[5, 6, 6, 5, 0], [25, 16, 25, 25, 0], [6, 7, 7, 7, 0], [15, 0, 0], [21, 17, 17, 21, 0], [9, 10, 9, 10, 0], [10, 18, 10, 8, 0], [11, 1, 1, 1, 0], [6, 16, 16, 16, 0], [9, 6, 6, 9, 0]]
valid routes=0.053
norm-reward=0.46047315880163664
[ 45 iterations]
real=[[12, 7, 3, 22, 0], [2, 6, 0, 0, 0], [26, 12, 23, 22, 0], [10, 24, 11, 8, 0], [8, 1, 27, 26, 0], [9, 17, 14, 0, 0], [9, 1, 8, 3, 0], [9, 25, 4, 27, 0], [28, 10, 2, 26, 0], [9, 17, 25, 26, 0]]
gen=[[12, 7, 7, 7, 0], [6, 0, 0], [12, 22, 12, 12, 0], [10, 24, 8, 8, 0], [8, 1, 8, 8, 0], [9, 17, 17, 9], [9, 8, 8, 8, 0], [9, 25, 25, 25, 0], [10, 28, 28, 10, 0], [9, 17, 17, 25, 0]]
valid routes=0.05
norm-reward=0.4452921724726255
[ 46 iterations]
real=[[18, 7, 1, 3, 0], [8, 17, 1, 22, 0], [12, 16, 4, 22, 0], [21, 15, 14, 20, 0], [21, 6, 2, 17, 0], [10, 7, 4, 27, 0], [6, 13, 7, 1, 0], [15, 12, 3, 9, 0], [9, 19, 11, 20, 0], [5, 16, 27, 19, 0]]
gen=[[18, 7, 7, 7, 0], [8, 17, 17, 8, 0], [16, 12, 16, 16, 0], [21, 15, 21, 15, 0], [21, 17, 21, 21, 0], [10, 7, 7, 7, 0], [6, 13, 7, 7, 0], [15, 12, 12, 12, 0], [9, 11, 9, 9, 0], [5, 16, 16, 16, 0]]
valid routes=0.044
norm-reward=0.48827330715595124
[ 47 iterations]
real=[[21, 7, 11, 18, 0], [21, 1, 23, 15, 0], [6, 24, 11, 14, 0], [6, 7, 3, 9, 0], [15, 13, 1, 26, 0], [18, 13, 23, 3, 0], [6, 17, 24, 26, 0], [9, 25, 20, 22, 0], [13, 7, 8, 19, 0], [28, 25, 11, 15, 0]]
gen=[[21, 18, 7, 21, 0], [21, 15, 0, 0, 0], [6, 24, 14, 6, 0], [6, 7, 7, 7, 0], [15, 13, 13, 15, 0], [13, 18, 13, 18, 0], [6, 17, 24, 6, 0], [9, 25, 0, 0, 0], [13, 7, 8, 8, 0], [15, 25, 28, 15, 0]]
valid routes=0.246
norm-reward=0.7520180611149169
[ 48 iterations]
real=[[28, 16, 7, 20, 0], [10, 7, 20, 26, 0], [15, 5, 23, 14, 0], [9, 6, 3, 20, 0], [15, 6, 10, 3, 0], [21, 6, 27, 19, 0], [6, 25, 0, 0, 0], [6, 13, 14, 1, 0], [21, 26, 27, 22, 0], [13, 17, 11, 20, 0]]
gen=[[28, 16, 7, 7, 0], [10, 7, 7, 7, 0], [15, 5, 14, 15, 0], [9, 6, 9, 9, 0], [15, 6, 10, 15, 0], [21, 6, 6, 21, 0], [6, 25, 6], [6, 13, 14, 14, 0], [21, 27, 21, 21, 0], [13, 17, 11, 13, 0]]
valid routes=0.082
norm-reward=0.6076478944180107
[ 49 iterations]
real=[[23, 5, 2, 22, 0], [15, 12, 3, 19, 0], [23, 10, 14, 20, 0], [12, 1, 0, 0, 0], [10, 25, 23, 28, 0], [15, 16, 25, 3, 0], [21, 18, 4, 5, 0], [20, 0, 0, 0, 0], [10, 12, 2, 21, 0], [6, 16, 23, 4, 0]]
gen=[[5, 2, 23, 5, 0], [15, 12, 12, 15, 0], [10, 14, 14, 14, 0], [12, 1, 12], [10, 25, 28, 28, 0], [15, 16, 16, 16, 0], [21, 18, 5, 18, 0], [20, 0], [21, 12, 21, 21, 0], [6, 16, 16, 16, 0]]
valid routes=0.063
norm-reward=0.5972478056799534
