read problem
max stops: 4
n locations: 29
numArcLayers: 5
1-th layer, # of nodes=1
split the incoming edges: 29 -> (9, 20)
[ 1 iterations]
real=[[5, 25, 4, 9, 0], [2, 9, 27, 19, 0], [23, 25, 4, 22, 0], [12, 7, 20, 22, 0], [11, 12, 27, 26, 0], [24, 13, 14, 3, 0], [25, 13, 10, 22, 0], [23, 28, 14, 0, 0], [18, 12, 13, 22, 0], [25, 17, 11, 27, 0]]
gen=[[5, 9, 4, 5, 0], [9, 9, 2, 2, 0], [25, 25, 22, 22, 0], [7, 7, 20, 20, 0], [12, 12, 12, 12, 0], [13, 13, 14, 14, 0], [13, 13, 13, 13, 0], [28, 14, 14, 14], [12, 12, 12, 12, 0], [25, 17, 17, 27, 0]]
valid routes=0.009
norm-reward=0.5741486797462653
[ 2 iterations]
real=[[21, 16, 26, 9, 0], [2, 1, 8, 27, 0], [6, 13, 20, 22, 0], [10, 1, 23, 3, 0], [21, 24, 23, 17, 0], [17, 16, 23, 22, 0], [28, 9, 8, 19, 0], [18, 13, 23, 19, 0], [23, 17, 14, 3, 0], [9, 7, 4, 20, 0]]
gen=[[21, 16, 16, 16, 0], [2, 1, 2, 2, 0], [6, 6, 20, 20, 0], [10, 10, 23, 23, 0], [21, 21, 21, 21, 0], [16, 16, 16, 16, 0], [9, 9, 28, 28, 0], [23, 13, 23, 23, 0], [23, 14, 14, 14, 0], [9, 7, 7, 20, 0]]
valid routes=0.008
norm-reward=0.4016936916172934
[ 3 iterations]
real=[[28, 12, 2, 22, 0], [25, 7, 2, 3, 0], [25, 24, 4, 19, 0], [10, 1, 11, 21, 0], [9, 6, 19, 0, 0], [21, 3, 28, 26, 0], [19, 3, 27, 20, 0], [5, 16, 23, 27, 0], [8, 12, 27, 22, 0], [21, 25, 23, 14, 0]]
gen=[[28, 12, 12, 28, 0], [7, 7, 7, 7, 0], [24, 24, 24, 25, 0], [21, 21, 21, 21, 0], [6, 6, 9, 9], [21, 21, 21, 21, 0], [20, 20, 20, 20, 0], [5, 16, 16, 16, 0], [12, 12, 12, 12, 0], [21, 25, 14, 14, 0]]
valid routes=0.057
norm-reward=0.6253597784869837
[ 4 iterations]
real=[[5, 6, 4, 27, 0], [25, 16, 2, 22, 0], [23, 7, 2, 6, 0], [15, 20, 0, 0, 0], [21, 17, 6, 22, 0], [9, 10, 2, 20, 0], [10, 18, 11, 8, 0], [11, 1, 3, 19, 0], [6, 16, 14, 4, 0], [9, 6, 2, 26, 0]]
gen=[[6, 6, 5, 5, 0], [25, 16, 16, 16, 0], [6, 7, 7, 7, 0], [15, 15, 20], [21, 6, 21, 21, 0], [10, 10, 20, 20, 0], [10, 10, 10, 10, 0], [1, 1, 1, 1, 0], [6, 16, 14, 14, 0], [6, 6, 9, 2, 0]]
valid routes=0.045
norm-reward=0.7389898747982908
[ 5 iterations]
real=[[12, 7, 3, 22, 0], [2, 6, 0, 0, 0], [26, 12, 23, 22, 0], [10, 24, 11, 8, 0], [8, 1, 27, 26, 0], [9, 17, 14, 0, 0], [9, 1, 8, 3, 0], [9, 25, 4, 27, 0], [28, 10, 2, 26, 0], [9, 17, 25, 26, 0]]
gen=[[12, 12, 7, 7, 0], [6, 6, 2], [12, 12, 12, 23, 0], [10, 24, 24, 10, 0], [26, 1, 1, 1, 0], [9, 14, 14, 14], [9, 1, 1, 9, 0], [25, 25, 25, 9, 0], [10, 10, 10, 10, 0], [9, 25, 25, 9, 0]]
valid routes=0.053
norm-reward=0.673995558958832
[ 6 iterations]
real=[[18, 7, 1, 3, 0], [8, 17, 1, 22, 0], [12, 16, 4, 22, 0], [21, 15, 14, 20, 0], [21, 6, 2, 17, 0], [10, 7, 4, 27, 0], [6, 13, 7, 1, 0], [15, 12, 3, 9, 0], [9, 19, 11, 20, 0], [5, 16, 27, 19, 0]]
gen=[[7, 7, 7, 7, 0], [22, 17, 1, 1, 0], [16, 16, 16, 16, 0], [21, 14, 14, 20, 0], [21, 17, 21, 21, 0], [10, 7, 7, 7, 0], [6, 7, 7, 7, 0], [15, 12, 12, 9, 0], [9, 20, 20, 20, 0], [5, 16, 16, 5, 0]]
valid routes=0.081
norm-reward=0.8022675138771763
[ 7 iterations]
real=[[21, 7, 11, 18, 0], [21, 1, 23, 15, 0], [6, 24, 11, 14, 0], [6, 7, 3, 9, 0], [15, 13, 1, 26, 0], [18, 13, 23, 3, 0], [6, 17, 24, 26, 0], [9, 25, 20, 22, 0], [13, 7, 8, 19, 0], [28, 25, 11, 15, 0]]
gen=[[21, 7, 7, 7, 0], [21, 1, 21, 21, 0], [6, 24, 14, 14, 0], [6, 7, 7, 7, 0], [15, 13, 13, 1, 0], [13, 13, 13, 23, 0], [6, 24, 26, 24, 0], [25, 25, 20, 20, 0], [13, 7, 7, 7, 0], [15, 25, 25, 28, 0]]
valid routes=0.05
norm-reward=0.7088146727567355
[ 8 iterations]
real=[[28, 16, 7, 20, 0], [10, 7, 20, 26, 0], [15, 5, 23, 14, 0], [9, 6, 3, 20, 0], [15, 6, 10, 3, 0], [21, 6, 27, 19, 0], [6, 25, 0, 0, 0], [6, 13, 14, 1, 0], [21, 26, 27, 22, 0], [13, 17, 11, 20, 0]]
gen=[[28, 16, 20, 20, 0], [10, 7, 20, 20, 0], [15, 5, 14, 14, 0], [6, 20, 20, 20, 0], [15, 6, 10, 10, 0], [21, 6, 21, 21, 0], [6, 25, 6], [6, 13, 14, 14, 0], [21, 0, 0, 0, 0], [13, 13, 20, 20, 0]]
valid routes=0.049
norm-reward=0.6241103918083734
[ 9 iterations]
real=[[23, 5, 2, 22, 0], [15, 12, 3, 19, 0], [23, 10, 14, 20, 0], [12, 1, 0, 0, 0], [10, 25, 23, 28, 0], [15, 16, 25, 3, 0], [21, 18, 4, 5, 0], [20, 0, 0, 0, 0], [10, 12, 2, 21, 0], [6, 16, 23, 4, 0]]
gen=[[5, 5, 5, 5, 0], [15, 12, 12, 12, 0], [10, 10, 14, 20, 0], [12, 12, 12], [10, 25, 23, 23, 0], [15, 16, 16, 16, 0], [21, 5, 21, 5, 0], [20, 20], [21, 12, 12, 10, 0], [6, 16, 16, 16, 0]]
valid routes=0.029
norm-reward=0.6560097328968074
[ 10 iterations]
real=[[21, 12, 2, 17, 0], [24, 13, 1, 19, 0], [5, 18, 1, 0, 0], [23, 13, 27, 20, 0], [28, 9, 4, 22, 0], [21, 12, 28, 9, 0], [21, 18, 7, 20, 0], [6, 24, 10, 17, 0], [9, 12, 11, 19, 0], [15, 19, 27, 22, 0]]
gen=[[21, 12, 12, 21, 0], [24, 13, 13, 24, 0], [5, 5, 1, 5], [13, 13, 20, 20, 0], [9, 28, 28, 9, 0], [21, 12, 12, 9, 0], [21, 7, 20, 20, 0], [6, 24, 6, 24, 0], [9, 12, 12, 9, 0], [15, 15, 15, 15, 0]]
valid routes=0.023
norm-reward=0.5666658092874285
[ 11 iterations]
real=[[5, 25, 4, 9, 0], [2, 9, 27, 19, 0], [23, 25, 4, 22, 0], [12, 7, 20, 22, 0], [11, 12, 27, 26, 0], [24, 13, 14, 3, 0], [25, 13, 10, 22, 0], [23, 28, 14, 0, 0], [18, 12, 13, 22, 0], [25, 17, 11, 27, 0]]
gen=[[9, 25, 25, 5, 0], [9, 9, 9, 9, 0], [25, 25, 23, 23, 0], [12, 12, 20, 20, 0], [12, 12, 12, 12, 0], [24, 13, 14, 14, 0], [10, 13, 13, 10, 0], [28, 28, 14, 14], [13, 12, 12, 13, 0], [25, 25, 17, 25, 0]]
valid routes=0.021
norm-reward=0.620997553110632
[ 12 iterations]
real=[[21, 16, 26, 9, 0], [2, 1, 8, 27, 0], [6, 13, 20, 22, 0], [10, 1, 23, 3, 0], [21, 24, 23, 17, 0], [17, 16, 23, 22, 0], [28, 9, 8, 19, 0], [18, 13, 23, 19, 0], [23, 17, 14, 3, 0], [9, 7, 4, 20, 0]]
gen=[[21, 16, 16, 16, 0], [27, 1, 1, 2, 0], [6, 13, 20, 20, 0], [10, 1, 23, 23, 0], [21, 24, 21, 24, 0], [16, 16, 16, 16, 0], [9, 9, 28, 28, 0], [13, 13, 13, 23, 0], [14, 17, 14, 14, 0], [9, 7, 20, 20, 0]]
valid routes=0.025
norm-reward=0.6058011742793434
[ 13 iterations]
real=[[28, 12, 2, 22, 0], [25, 7, 2, 3, 0], [25, 24, 4, 19, 0], [10, 1, 11, 21, 0], [9, 6, 19, 0, 0], [21, 3, 28, 26, 0], [19, 3, 27, 20, 0], [5, 16, 23, 27, 0], [8, 12, 27, 22, 0], [21, 25, 23, 14, 0]]
gen=[[28, 12, 12, 28, 0], [25, 7, 7, 7, 0], [24, 24, 24, 24, 0], [21, 10, 21, 21, 0], [6, 6, 6, 9], [21, 28, 28, 21, 0], [20, 20, 20, 20, 0], [5, 16, 16, 16, 0], [12, 12, 12, 12, 0], [21, 25, 14, 14, 0]]
valid routes=0.022
norm-reward=0.5303048239205521
[ 14 iterations]
real=[[5, 6, 4, 27, 0], [25, 16, 2, 22, 0], [23, 7, 2, 6, 0], [15, 20, 0, 0, 0], [21, 17, 6, 22, 0], [9, 10, 2, 20, 0], [10, 18, 11, 8, 0], [11, 1, 3, 19, 0], [6, 16, 14, 4, 0], [9, 6, 2, 26, 0]]
gen=[[6, 6, 6, 5, 0], [25, 16, 16, 16, 0], [6, 7, 7, 7, 0], [15, 20, 20], [21, 17, 21, 21, 0], [10, 10, 20, 20, 0], [10, 18, 10, 10, 0], [19, 1, 1, 1, 0], [6, 16, 14, 14, 0], [6, 6, 6, 9, 0]]
valid routes=0.022
norm-reward=0.6450428634750173
[ 15 iterations]
real=[[12, 7, 3, 22, 0], [2, 6, 0, 0, 0], [26, 12, 23, 22, 0], [10, 24, 11, 8, 0], [8, 1, 27, 26, 0], [9, 17, 14, 0, 0], [9, 1, 8, 3, 0], [9, 25, 4, 27, 0], [28, 10, 2, 26, 0], [9, 17, 25, 26, 0]]
gen=[[12, 12, 7, 7, 0], [6, 6, 6], [12, 12, 12, 12, 0], [10, 24, 24, 24, 0], [26, 1, 1, 1, 0], [9, 17, 14, 14], [9, 1, 1, 9, 0], [9, 25, 9, 9, 0], [10, 28, 28, 28, 0], [9, 25, 9, 17, 0]]
valid routes=0.025
norm-reward=0.6152620860868646
[ 16 iterations]
real=[[18, 7, 1, 3, 0], [8, 17, 1, 22, 0], [12, 16, 4, 22, 0], [21, 15, 14, 20, 0], [21, 6, 2, 17, 0], [10, 7, 4, 27, 0], [6, 13, 7, 1, 0], [15, 12, 3, 9, 0], [9, 19, 11, 20, 0], [5, 16, 27, 19, 0]]
gen=[[18, 7, 7, 7, 0], [17, 17, 17, 17, 0], [16, 16, 16, 16, 0], [21, 21, 14, 20, 0], [21, 6, 21, 17, 0], [10, 7, 7, 7, 0], [6, 7, 7, 7, 0], [15, 12, 12, 9, 0], [9, 20, 20, 20, 0], [5, 16, 16, 16, 0]]
valid routes=0.016
norm-reward=0.7681242393441706
[ 17 iterations]
real=[[21, 7, 11, 18, 0], [21, 1, 23, 15, 0], [6, 24, 11, 14, 0], [6, 7, 3, 9, 0], [15, 13, 1, 26, 0], [18, 13, 23, 3, 0], [6, 17, 24, 26, 0], [9, 25, 20, 22, 0], [13, 7, 8, 19, 0], [28, 25, 11, 15, 0]]
gen=[[21, 7, 7, 7, 0], [21, 21, 23, 21, 0], [6, 24, 14, 14, 0], [6, 7, 7, 7, 0], [15, 13, 13, 13, 0], [18, 13, 13, 18, 0], [6, 24, 26, 24, 0], [9, 25, 20, 20, 0], [13, 7, 7, 7, 0], [15, 25, 28, 28, 0]]
valid routes=0.02
norm-reward=0.7339111617463444
[ 18 iterations]
real=[[28, 16, 7, 20, 0], [10, 7, 20, 26, 0], [15, 5, 23, 14, 0], [9, 6, 3, 20, 0], [15, 6, 10, 3, 0], [21, 6, 27, 19, 0], [6, 25, 0, 0, 0], [6, 13, 14, 1, 0], [21, 26, 27, 22, 0], [13, 17, 11, 20, 0]]
gen=[[28, 16, 20, 20, 0], [10, 7, 20, 20, 0], [15, 5, 14, 14, 0], [6, 6, 20, 20, 0], [15, 6, 6, 10, 0], [21, 6, 6, 21, 0], [6, 25, 6], [6, 13, 14, 14, 0], [21, 21, 21, 21, 0], [13, 13, 20, 20, 0]]
valid routes=0.016
norm-reward=0.35920752637095754
[ 19 iterations]
real=[[23, 5, 2, 22, 0], [15, 12, 3, 19, 0], [23, 10, 14, 20, 0], [12, 1, 0, 0, 0], [10, 25, 23, 28, 0], [15, 16, 25, 3, 0], [21, 18, 4, 5, 0], [20, 0, 0, 0, 0], [10, 12, 2, 21, 0], [6, 16, 23, 4, 0]]
gen=[[5, 5, 5, 5, 0], [15, 12, 12, 12, 0], [10, 20, 14, 20, 0], [12, 12, 12], [10, 25, 23, 23, 0], [15, 16, 16, 16, 0], [21, 18, 5, 5, 0], [20, 20], [21, 12, 12, 21, 0], [6, 16, 16, 16, 0]]
valid routes=0.013
norm-reward=0.6417861824531876
[ 20 iterations]
real=[[21, 12, 2, 17, 0], [24, 13, 1, 19, 0], [5, 18, 1, 0, 0], [23, 13, 27, 20, 0], [28, 9, 4, 22, 0], [21, 12, 28, 9, 0], [21, 18, 7, 20, 0], [6, 24, 10, 17, 0], [9, 12, 11, 19, 0], [15, 19, 27, 22, 0]]
gen=[[21, 12, 21, 17, 0], [24, 13, 13, 24, 0], [18, 5, 18, 5], [13, 13, 20, 20, 0], [9, 4, 28, 9, 0], [21, 12, 21, 21, 0], [21, 7, 20, 20, 0], [6, 24, 24, 24, 0], [9, 12, 12, 9, 0], [15, 22, 22, 15, 0]]
valid routes=0.021
norm-reward=0.7315065981345098
[ 21 iterations]
real=[[5, 25, 4, 9, 0], [2, 9, 27, 19, 0], [23, 25, 4, 22, 0], [12, 7, 20, 22, 0], [11, 12, 27, 26, 0], [24, 13, 14, 3, 0], [25, 13, 10, 22, 0], [23, 28, 14, 0, 0], [18, 12, 13, 22, 0], [25, 17, 11, 27, 0]]
gen=[[9, 25, 9, 5, 0], [9, 2, 9, 9, 0], [25, 25, 23, 23, 0], [12, 12, 20, 20, 0], [12, 12, 12, 12, 0], [24, 13, 14, 14, 0], [10, 13, 13, 10, 0], [28, 28, 14, 14], [18, 12, 18, 18, 0], [25, 25, 25, 17, 0]]
valid routes=0.022
norm-reward=0.6742056958357665
[ 22 iterations]
real=[[21, 16, 26, 9, 0], [2, 1, 8, 27, 0], [6, 13, 20, 22, 0], [10, 1, 23, 3, 0], [21, 24, 23, 17, 0], [17, 16, 23, 22, 0], [28, 9, 8, 19, 0], [18, 13, 23, 19, 0], [23, 17, 14, 3, 0], [9, 7, 4, 20, 0]]
gen=[[21, 16, 16, 16, 0], [1, 1, 1, 2, 0], [6, 13, 20, 20, 0], [10, 1, 10, 23, 0], [21, 24, 24, 24, 0], [22, 16, 16, 17, 0], [9, 9, 28, 28, 0], [18, 13, 18, 18, 0], [17, 17, 14, 14, 0], [9, 7, 20, 20, 0]]
valid routes=0.021
norm-reward=0.8466953602057747
[ 23 iterations]
real=[[28, 12, 2, 22, 0], [25, 7, 2, 3, 0], [25, 24, 4, 19, 0], [10, 1, 11, 21, 0], [9, 6, 19, 0, 0], [21, 3, 28, 26, 0], [19, 3, 27, 20, 0], [5, 16, 23, 27, 0], [8, 12, 27, 22, 0], [21, 25, 23, 14, 0]]
gen=[[28, 12, 28, 28, 0], [25, 7, 7, 7, 0], [25, 24, 25, 24, 0], [21, 10, 10, 21, 0], [6, 6, 6, 9], [21, 28, 28, 28, 0], [20, 20, 20, 20, 0], [5, 16, 16, 16, 0], [22, 12, 12, 12, 0], [21, 25, 14, 14, 0]]
valid routes=0.042
norm-reward=0.7974480494149477
[ 24 iterations]
real=[[5, 6, 4, 27, 0], [25, 16, 2, 22, 0], [23, 7, 2, 6, 0], [15, 20, 0, 0, 0], [21, 17, 6, 22, 0], [9, 10, 2, 20, 0], [10, 18, 11, 8, 0], [11, 1, 3, 19, 0], [6, 16, 14, 4, 0], [9, 6, 2, 26, 0]]
gen=[[6, 6, 5, 5, 0], [25, 16, 16, 22, 0], [6, 7, 7, 7, 0], [15, 20, 20], [21, 17, 6, 17, 0], [10, 10, 10, 20, 0], [18, 18, 10, 10, 0], [19, 1, 1, 1, 0], [6, 16, 14, 14, 0], [6, 6, 6, 9, 0]]
valid routes=0.033
norm-reward=0.8605563490331553
[ 25 iterations]
real=[[12, 7, 3, 22, 0], [2, 6, 0, 0, 0], [26, 12, 23, 22, 0], [10, 24, 11, 8, 0], [8, 1, 27, 26, 0], [9, 17, 14, 0, 0], [9, 1, 8, 3, 0], [9, 25, 4, 27, 0], [28, 10, 2, 26, 0], [9, 17, 25, 26, 0]]
gen=[[22, 12, 7, 22, 0], [6, 6, 2], [22, 12, 12, 22, 0], [10, 24, 10, 10, 0], [26, 1, 1, 8, 0], [9, 17, 14, 14], [9, 1, 9, 9, 0], [9, 25, 25, 25, 0], [10, 10, 28, 28, 0], [9, 25, 25, 17, 0]]
valid routes=0.034
norm-reward=0.7963380134096302
[ 26 iterations]
real=[[18, 7, 1, 3, 0], [8, 17, 1, 22, 0], [12, 16, 4, 22, 0], [21, 15, 14, 20, 0], [21, 6, 2, 17, 0], [10, 7, 4, 27, 0], [6, 13, 7, 1, 0], [15, 12, 3, 9, 0], [9, 19, 11, 20, 0], [5, 16, 27, 19, 0]]
gen=[[18, 7, 7, 7, 0], [22, 17, 1, 17, 0], [22, 16, 16, 22, 0], [21, 14, 14, 20, 0], [21, 6, 6, 17, 0], [10, 7, 7, 7, 0], [6, 7, 7, 7, 0], [15, 12, 12, 12, 0], [9, 20, 20, 20, 0], [5, 16, 16, 16, 0]]
valid routes=0.033
norm-reward=0.8160381892742016
[ 27 iterations]
real=[[21, 7, 11, 18, 0], [21, 1, 23, 15, 0], [6, 24, 11, 14, 0], [6, 7, 3, 9, 0], [15, 13, 1, 26, 0], [18, 13, 23, 3, 0], [6, 17, 24, 26, 0], [9, 25, 20, 22, 0], [13, 7, 8, 19, 0], [28, 25, 11, 15, 0]]
gen=[[21, 7, 7, 7, 0], [21, 1, 23, 23, 0], [6, 24, 14, 14, 0], [6, 7, 7, 7, 0], [15, 13, 13, 13, 0], [18, 13, 23, 23, 0], [6, 24, 24, 17, 0], [9, 25, 20, 20, 0], [13, 7, 7, 7, 0], [15, 25, 28, 28, 0]]
valid routes=0.041
norm-reward=0.9008906393920704
[ 28 iterations]
real=[[28, 16, 7, 20, 0], [10, 7, 20, 26, 0], [15, 5, 23, 14, 0], [9, 6, 3, 20, 0], [15, 6, 10, 3, 0], [21, 6, 27, 19, 0], [6, 25, 0, 0, 0], [6, 13, 14, 1, 0], [21, 26, 27, 22, 0], [13, 17, 11, 20, 0]]
gen=[[28, 16, 20, 20, 0], [10, 7, 20, 20, 0], [15, 5, 14, 14, 0], [6, 6, 20, 20, 0], [15, 6, 10, 10, 0], [21, 6, 27, 21, 0], [6, 25, 25], [6, 13, 14, 14, 0], [21, 22, 22, 22, 0], [13, 13, 20, 20, 0]]
valid routes=0.038
norm-reward=0.743626975198788
[ 29 iterations]
real=[[23, 5, 2, 22, 0], [15, 12, 3, 19, 0], [23, 10, 14, 20, 0], [12, 1, 0, 0, 0], [10, 25, 23, 28, 0], [15, 16, 25, 3, 0], [21, 18, 4, 5, 0], [20, 0, 0, 0, 0], [10, 12, 2, 21, 0], [6, 16, 23, 4, 0]]
gen=[[5, 5, 23, 23, 0], [15, 12, 15, 12, 0], [10, 10, 14, 20, 0], [12, 12, 12], [10, 25, 23, 23, 0], [15, 16, 16, 16, 0], [21, 18, 5, 18, 0], [20, 20], [21, 12, 10, 10, 0], [6, 16, 23, 23, 0]]
valid routes=0.037
norm-reward=0.8585674687085296
[ 30 iterations]
real=[[21, 12, 2, 17, 0], [24, 13, 1, 19, 0], [5, 18, 1, 0, 0], [23, 13, 27, 20, 0], [28, 9, 4, 22, 0], [21, 12, 28, 9, 0], [21, 18, 7, 20, 0], [6, 24, 10, 17, 0], [9, 12, 11, 19, 0], [15, 19, 27, 22, 0]]
gen=[[21, 12, 12, 17, 0], [24, 13, 13, 24, 0], [18, 5, 5, 18], [13, 13, 23, 20, 0], [9, 4, 28, 28, 0], [21, 12, 28, 12, 0], [21, 7, 7, 20, 0], [6, 24, 10, 10, 0], [9, 12, 12, 12, 0], [15, 22, 15, 22, 0]]
valid routes=0.043
norm-reward=0.8080589067848896
[ 31 iterations]
real=[[5, 25, 4, 9, 0], [2, 9, 27, 19, 0], [23, 25, 4, 22, 0], [12, 7, 20, 22, 0], [11, 12, 27, 26, 0], [24, 13, 14, 3, 0], [25, 13, 10, 22, 0], [23, 28, 14, 0, 0], [18, 12, 13, 22, 0], [25, 17, 11, 27, 0]]
gen=[[9, 25, 25, 5, 0], [9, 2, 2, 2, 0], [25, 25, 23, 23, 0], [22, 12, 20, 20, 0], [12, 12, 12, 12, 0], [24, 13, 14, 14, 0], [10, 13, 10, 22, 0], [28, 23, 14, 14], [18, 12, 12, 18, 0], [25, 17, 25, 17, 0]]
valid routes=0.042
norm-reward=0.861172876296841
[ 32 iterations]
real=[[21, 16, 26, 9, 0], [2, 1, 8, 27, 0], [6, 13, 20, 22, 0], [10, 1, 23, 3, 0], [21, 24, 23, 17, 0], [17, 16, 23, 22, 0], [28, 9, 8, 19, 0], [18, 13, 23, 19, 0], [23, 17, 14, 3, 0], [9, 7, 4, 20, 0]]
gen=[[21, 16, 16, 16, 0], [2, 1, 2, 2, 0], [6, 13, 20, 20, 0], [10, 10, 23, 23, 0], [21, 24, 23, 23, 0], [22, 16, 23, 23, 0], [9, 9, 28, 28, 0], [18, 13, 23, 23, 0], [17, 17, 14, 14, 0], [9, 7, 20, 20, 0]]
valid routes=0.036
norm-reward=0.8927157146237272
[ 33 iterations]
real=[[28, 12, 2, 22, 0], [25, 7, 2, 3, 0], [25, 24, 4, 19, 0], [10, 1, 11, 21, 0], [9, 6, 19, 0, 0], [21, 3, 28, 26, 0], [19, 3, 27, 20, 0], [5, 16, 23, 27, 0], [8, 12, 27, 22, 0], [21, 25, 23, 14, 0]]
gen=[[28, 12, 28, 22, 0], [25, 7, 7, 7, 0], [25, 24, 25, 24, 0], [21, 10, 10, 10, 0], [6, 6, 9, 9], [21, 28, 28, 28, 0], [20, 20, 20, 20, 0], [5, 16, 23, 23, 0], [22, 12, 12, 22, 0], [21, 25, 14, 14, 0]]
valid routes=0.035
norm-reward=0.7635930821468773
[ 34 iterations]
real=[[5, 6, 4, 27, 0], [25, 16, 2, 22, 0], [23, 7, 2, 6, 0], [15, 20, 0, 0, 0], [21, 17, 6, 22, 0], [9, 10, 2, 20, 0], [10, 18, 11, 8, 0], [11, 1, 3, 19, 0], [6, 16, 14, 4, 0], [9, 6, 2, 26, 0]]
gen=[[6, 5, 5, 5, 0], [25, 16, 16, 22, 0], [6, 7, 23, 23, 0], [15, 20, 20], [21, 17, 17, 17, 0], [10, 10, 10, 20, 0], [18, 10, 10, 18, 0], [19, 1, 1, 1, 0], [6, 16, 14, 14, 0], [6, 6, 2, 2, 0]]
valid routes=0.029
norm-reward=0.9152624730987423
[ 35 iterations]
real=[[12, 7, 3, 22, 0], [2, 6, 0, 0, 0], [26, 12, 23, 22, 0], [10, 24, 11, 8, 0], [8, 1, 27, 26, 0], [9, 17, 14, 0, 0], [9, 1, 8, 3, 0], [9, 25, 4, 27, 0], [28, 10, 2, 26, 0], [9, 17, 25, 26, 0]]
gen=[[22, 12, 7, 7, 0], [6, 6, 2], [22, 12, 23, 23, 0], [10, 24, 10, 10, 0], [26, 1, 1, 1, 0], [9, 17, 14, 14], [9, 1, 9, 9, 0], [9, 25, 25, 25, 0], [10, 10, 28, 28, 0], [9, 17, 25, 17, 0]]
valid routes=0.039
norm-reward=0.8836944449763605
[ 36 iterations]
real=[[18, 7, 1, 3, 0], [8, 17, 1, 22, 0], [12, 16, 4, 22, 0], [21, 15, 14, 20, 0], [21, 6, 2, 17, 0], [10, 7, 4, 27, 0], [6, 13, 7, 1, 0], [15, 12, 3, 9, 0], [9, 19, 11, 20, 0], [5, 16, 27, 19, 0]]
gen=[[18, 7, 7, 7, 0], [22, 17, 17, 17, 0], [22, 16, 16, 16, 0], [15, 21, 14, 20, 0], [21, 6, 6, 17, 0], [10, 7, 7, 7, 0], [6, 7, 7, 7, 0], [15, 12, 12, 12, 0], [9, 20, 20, 20, 0], [5, 16, 16, 16, 0]]
valid routes=0.031
norm-reward=0.8836523897376019
[ 37 iterations]
real=[[21, 7, 11, 18, 0], [21, 1, 23, 15, 0], [6, 24, 11, 14, 0], [6, 7, 3, 9, 0], [15, 13, 1, 26, 0], [18, 13, 23, 3, 0], [6, 17, 24, 26, 0], [9, 25, 20, 22, 0], [13, 7, 8, 19, 0], [28, 25, 11, 15, 0]]
gen=[[21, 7, 7, 7, 0], [15, 1, 23, 23, 0], [6, 24, 14, 14, 0], [6, 7, 7, 7, 0], [15, 13, 13, 13, 0], [18, 13, 23, 23, 0], [6, 24, 17, 17, 0], [9, 25, 20, 20, 0], [13, 7, 7, 7, 0], [15, 25, 28, 15, 0]]
valid routes=0.036
norm-reward=0.9051266496965149
[ 38 iterations]
real=[[28, 16, 7, 20, 0], [10, 7, 20, 26, 0], [15, 5, 23, 14, 0], [9, 6, 3, 20, 0], [15, 6, 10, 3, 0], [21, 6, 27, 19, 0], [6, 25, 0, 0, 0], [6, 13, 14, 1, 0], [21, 26, 27, 22, 0], [13, 17, 11, 20, 0]]
gen=[[28, 16, 20, 20, 0], [10, 7, 7, 20, 0], [15, 5, 14, 14, 0], [6, 6, 20, 20, 0], [15, 6, 10, 10, 0], [21, 6, 6, 6, 0], [6, 25, 25], [6, 13, 14, 14, 0], [21, 22, 22, 22, 0], [13, 17, 20, 20, 0]]
valid routes=0.034
norm-reward=0.8443901269173436
[ 39 iterations]
real=[[23, 5, 2, 22, 0], [15, 12, 3, 19, 0], [23, 10, 14, 20, 0], [12, 1, 0, 0, 0], [10, 25, 23, 28, 0], [15, 16, 25, 3, 0], [21, 18, 4, 5, 0], [20, 0, 0, 0, 0], [10, 12, 2, 21, 0], [6, 16, 23, 4, 0]]
gen=[[5, 5, 23, 23, 0], [15, 12, 12, 12, 0], [10, 10, 14, 20, 0], [12, 12, 1], [10, 25, 23, 23, 0], [15, 16, 16, 16, 0], [21, 18, 5, 18, 0], [20, 20], [21, 12, 10, 10, 0], [6, 16, 23, 23, 0]]
valid routes=0.033
norm-reward=0.9388933459482343
[ 40 iterations]
real=[[21, 12, 2, 17, 0], [24, 13, 1, 19, 0], [5, 18, 1, 0, 0], [23, 13, 27, 20, 0], [28, 9, 4, 22, 0], [21, 12, 28, 9, 0], [21, 18, 7, 20, 0], [6, 24, 10, 17, 0], [9, 12, 11, 19, 0], [15, 19, 27, 22, 0]]
gen=[[21, 12, 2, 17, 0], [24, 13, 1, 24, 0], [18, 1, 18, 18], [13, 13, 23, 20, 0], [9, 9, 28, 9, 0], [21, 12, 28, 12, 0], [21, 7, 7, 20, 0], [6, 24, 10, 10, 0], [9, 12, 12, 9, 0], [15, 22, 27, 22, 0]]
valid routes=0.042
norm-reward=0.893404648171517
[ 41 iterations]
real=[[5, 25, 4, 9, 0], [2, 9, 27, 19, 0], [23, 25, 4, 22, 0], [12, 7, 20, 22, 0], [11, 12, 27, 26, 0], [24, 13, 14, 3, 0], [25, 13, 10, 22, 0], [23, 28, 14, 0, 0], [18, 12, 13, 22, 0], [25, 17, 11, 27, 0]]
gen=[[9, 25, 25, 5, 0], [9, 9, 2, 9, 0], [25, 25, 23, 23, 0], [22, 7, 20, 20, 0], [12, 12, 12, 27, 0], [24, 13, 14, 14, 0], [10, 13, 10, 22, 0], [28, 23, 14, 14], [18, 12, 13, 18, 0], [25, 17, 25, 17, 0]]
valid routes=0.049
norm-reward=0.8786810800443109
[ 42 iterations]
real=[[21, 16, 26, 9, 0], [2, 1, 8, 27, 0], [6, 13, 20, 22, 0], [10, 1, 23, 3, 0], [21, 24, 23, 17, 0], [17, 16, 23, 22, 0], [28, 9, 8, 19, 0], [18, 13, 23, 19, 0], [23, 17, 14, 3, 0], [9, 7, 4, 20, 0]]
gen=[[21, 16, 16, 16, 0], [1, 1, 2, 2, 0], [6, 13, 20, 20, 0], [10, 10, 23, 23, 0], [21, 24, 23, 23, 0], [22, 16, 23, 23, 0], [9, 9, 28, 9, 0], [18, 13, 23, 23, 0], [17, 17, 14, 14, 0], [9, 7, 7, 20, 0]]
valid routes=0.041
norm-reward=0.9347624318185316
[ 43 iterations]
real=[[28, 12, 2, 22, 0], [25, 7, 2, 3, 0], [25, 24, 4, 19, 0], [10, 1, 11, 21, 0], [9, 6, 19, 0, 0], [21, 3, 28, 26, 0], [19, 3, 27, 20, 0], [5, 16, 23, 27, 0], [8, 12, 27, 22, 0], [21, 25, 23, 14, 0]]
gen=[[28, 12, 28, 22, 0], [25, 7, 7, 7, 0], [25, 24, 25, 24, 0], [21, 10, 10, 10, 0], [6, 6, 6, 9], [21, 28, 28, 28, 0], [20, 20, 20, 20, 0], [5, 16, 23, 23, 0], [22, 12, 12, 22, 0], [21, 25, 14, 14, 0]]
valid routes=0.037
norm-reward=0.8741042692796532
[ 44 iterations]
real=[[5, 6, 4, 27, 0], [25, 16, 2, 22, 0], [23, 7, 2, 6, 0], [15, 20, 0, 0, 0], [21, 17, 6, 22, 0], [9, 10, 2, 20, 0], [10, 18, 11, 8, 0], [11, 1, 3, 19, 0], [6, 16, 14, 4, 0], [9, 6, 2, 26, 0]]
gen=[[6, 6, 5, 27, 0], [25, 16, 16, 16, 0], [6, 7, 23, 23, 0], [15, 20, 15], [21, 6, 17, 17, 0], [9, 10, 10, 20, 0], [18, 10, 10, 10, 0], [1, 1, 1, 1, 0], [6, 16, 14, 14, 0], [6, 6, 2, 2, 0]]
valid routes=0.044
norm-reward=0.939382328595162
[ 45 iterations]
real=[[12, 7, 3, 22, 0], [2, 6, 0, 0, 0], [26, 12, 23, 22, 0], [10, 24, 11, 8, 0], [8, 1, 27, 26, 0], [9, 17, 14, 0, 0], [9, 1, 8, 3, 0], [9, 25, 4, 27, 0], [28, 10, 2, 26, 0], [9, 17, 25, 26, 0]]
gen=[[22, 7, 7, 7, 0], [6, 6, 2], [22, 12, 23, 23, 0], [10, 24, 10, 24, 0], [26, 1, 26, 8, 0], [9, 17, 14, 14], [9, 1, 1, 9, 0], [9, 25, 25, 9, 0], [10, 10, 28, 28, 0], [9, 25, 9, 17, 0]]
valid routes=0.039
norm-reward=0.9491324644391985
[ 46 iterations]
real=[[18, 7, 1, 3, 0], [8, 17, 1, 22, 0], [12, 16, 4, 22, 0], [21, 15, 14, 20, 0], [21, 6, 2, 17, 0], [10, 7, 4, 27, 0], [6, 13, 7, 1, 0], [15, 12, 3, 9, 0], [9, 19, 11, 20, 0], [5, 16, 27, 19, 0]]
gen=[[18, 7, 7, 7, 0], [22, 17, 17, 17, 0], [22, 16, 16, 16, 0], [21, 21, 14, 20, 0], [21, 6, 17, 17, 0], [10, 7, 7, 7, 0], [6, 7, 7, 7, 0], [15, 12, 12, 12, 0], [9, 9, 20, 20, 0], [5, 16, 16, 16, 0]]
valid routes=0.032
norm-reward=0.9368170414703151
[ 47 iterations]
real=[[21, 7, 11, 18, 0], [21, 1, 23, 15, 0], [6, 24, 11, 14, 0], [6, 7, 3, 9, 0], [15, 13, 1, 26, 0], [18, 13, 23, 3, 0], [6, 17, 24, 26, 0], [9, 25, 20, 22, 0], [13, 7, 8, 19, 0], [28, 25, 11, 15, 0]]
gen=[[21, 7, 7, 7, 0], [21, 1, 23, 23, 0], [6, 24, 14, 14, 0], [6, 7, 7, 7, 0], [15, 13, 13, 13, 0], [18, 13, 23, 23, 0], [6, 24, 24, 17, 0], [9, 25, 20, 20, 0], [13, 7, 7, 7, 0], [15, 25, 28, 28, 0]]
valid routes=0.035
norm-reward=0.9373148736894213
[ 48 iterations]
real=[[28, 16, 7, 20, 0], [10, 7, 20, 26, 0], [15, 5, 23, 14, 0], [9, 6, 3, 20, 0], [15, 6, 10, 3, 0], [21, 6, 27, 19, 0], [6, 25, 0, 0, 0], [6, 13, 14, 1, 0], [21, 26, 27, 22, 0], [13, 17, 11, 20, 0]]
gen=[[28, 16, 20, 20, 0], [10, 7, 20, 20, 0], [15, 5, 14, 14, 0], [6, 6, 20, 20, 0], [15, 6, 10, 10, 0], [21, 6, 21, 21, 0], [6, 25, 25], [6, 13, 14, 14, 0], [21, 22, 26, 26, 0], [13, 17, 20, 20, 0]]
valid routes=0.043
norm-reward=0.8599359636964143
[ 49 iterations]
real=[[23, 5, 2, 22, 0], [15, 12, 3, 19, 0], [23, 10, 14, 20, 0], [12, 1, 0, 0, 0], [10, 25, 23, 28, 0], [15, 16, 25, 3, 0], [21, 18, 4, 5, 0], [20, 0, 0, 0, 0], [10, 12, 2, 21, 0], [6, 16, 23, 4, 0]]
gen=[[5, 5, 23, 23, 0], [15, 12, 12, 12, 0], [10, 10, 14, 20, 0], [12, 12, 1], [10, 25, 23, 23, 0], [25, 16, 16, 16, 0], [21, 18, 5, 18, 0], [20, 20], [21, 12, 10, 2, 0], [6, 16, 23, 23, 0]]
valid routes=0.035
norm-reward=0.9271737754356283
