read problem
max stops: 4
n locations: 29
numArcLayers: 5
1-th layer, # of nodes=1
split the incoming edges: 29 -> (9, 20)
1-th layer, # of nodes=2
split the incoming edges: 9 -> (2, 7)
split the incoming edges: 20 -> (7, 13)
1-th layer, # of nodes=4
split the incoming edges: 2 -> (1, 1)
remove arc: Arc(9: Node(1, u46), Node(2, u2))
remove arc: Arc(13: Node(1, u47), Node(2, u2))
split the incoming edges: 7 -> (3, 4)
split the incoming edges: 7 -> (1, 6)
remove arc: Arc(4: Node(1, u50), Node(2, u2))
split the incoming edges: 13 -> (3, 10)
1-th layer, # of nodes=8
split the incoming edges: 3 -> (1, 2)
remove arc: Arc(28: Node(1, u54), Node(2, u2))
split the incoming edges: 4 -> (1, 3)
remove arc: Arc(10: Node(1, u56), Node(2, u2))
split the incoming edges: 6 -> (3, 3)
split the incoming edges: 3 -> (1, 2)
remove arc: Arc(2: Node(1, u60), Node(2, u2))
split the incoming edges: 10 -> (3, 7)
1-th layer, # of nodes=13
split the incoming edges: 2 -> (1, 1)
remove arc: Arc(17: Node(1, u64), Node(2, u2))
remove arc: Arc(23: Node(1, u65), Node(2, u2))
split the incoming edges: 3 -> (1, 2)
remove arc: Arc(1: Node(1, u66), Node(2, u2))
split the incoming edges: 3 -> (1, 2)
remove arc: Arc(15: Node(1, u68), Node(2, u2))
split the incoming edges: 3 -> (2, 1)
remove arc: Arc(25: Node(1, u71), Node(2, u2))
split the incoming edges: 2 -> (1, 1)
remove arc: Arc(12: Node(1, u72), Node(2, u2))
remove arc: Arc(3: Node(1, u73), Node(2, u2))
split the incoming edges: 3 -> (1, 2)
remove arc: Arc(8: Node(1, u74), Node(2, u2))
split the incoming edges: 7 -> (3, 4)
1-th layer, # of nodes=20
split the incoming edges: 2 -> (1, 1)
remove arc: Arc(7: Node(1, u78), Node(2, u2))
remove arc: Arc(11: Node(1, u79), Node(2, u2))
split the incoming edges: 2 -> (1, 1)
remove arc: Arc(24: Node(1, u80), Node(2, u2))
remove arc: Arc(5: Node(1, u81), Node(2, u2))
split the incoming edges: 2 -> (1, 1)
remove arc: Arc(20: Node(1, u82), Node(2, u2))
remove arc: Arc(21: Node(1, u83), Node(2, u2))
split the incoming edges: 2 -> (1, 1)
remove arc: Arc(16: Node(1, u84), Node(2, u2))
remove arc: Arc(29: Node(1, u85), Node(2, u2))
split the incoming edges: 3 -> (2, 1)
remove arc: Arc(22: Node(1, u87), Node(2, u2))
split the incoming edges: 4 -> (1, 3)
remove arc: Arc(6: Node(1, u88), Node(2, u2))
1-th layer, # of nodes=26
split the incoming edges: 2 -> (1, 1)
remove arc: Arc(26: Node(1, u90), Node(2, u2))
remove arc: Arc(18: Node(1, u91), Node(2, u2))
split the incoming edges: 3 -> (1, 2)
remove arc: Arc(27: Node(1, u92), Node(2, u2))
1-th layer, # of nodes=28
split the incoming edges: 2 -> (1, 1)
remove arc: Arc(19: Node(1, u94), Node(2, u2))
remove arc: Arc(14: Node(1, u95), Node(2, u2))
1-th layer, # of nodes=29
2-th layer, # of nodes=1
split the incoming edges: 812 -> (271, 541)
2-th layer, # of nodes=2
split the incoming edges: 271 -> (80, 191)
split the incoming edges: 541 -> (178, 363)
2-th layer, # of nodes=4
split the incoming edges: 80 -> (34, 46)
split the incoming edges: 191 -> (49, 142)
split the incoming edges: 178 -> (56, 122)
split the incoming edges: 363 -> (118, 245)
2-th layer, # of nodes=8
split the incoming edges: 34 -> (12, 22)
split the incoming edges: 46 -> (14, 32)
split the incoming edges: 49 -> (16, 33)
split the incoming edges: 142 -> (44, 98)
split the incoming edges: 56 -> (15, 41)
split the incoming edges: 122 -> (34, 88)
split the incoming edges: 118 -> (40, 78)
split the incoming edges: 245 -> (78, 167)
2-th layer, # of nodes=16
split the incoming edges: 12 -> (3, 9)
split the incoming edges: 22 -> (7, 15)
split the incoming edges: 14 -> (2, 12)
split the incoming edges: 32 -> (10, 22)
split the incoming edges: 16 -> (8, 8)
split the incoming edges: 33 -> (12, 21)
split the incoming edges: 44 -> (17, 27)
split the incoming edges: 98 -> (29, 69)
split the incoming edges: 15 -> (3, 12)
split the incoming edges: 41 -> (11, 30)
split the incoming edges: 34 -> (8, 26)
split the incoming edges: 88 -> (33, 55)
split the incoming edges: 40 -> (10, 30)
split the incoming edges: 78 -> (25, 53)
split the incoming edges: 78 -> (23, 55)
split the incoming edges: 167 -> (46, 121)
2-th layer, # of nodes=32
split the incoming edges: 3 -> (1, 2)
remove arc: Arc(22: Node(2, u158), Node(3, u3))
split the incoming edges: 9 -> (1, 8)
remove arc: Arc(28: Node(2, u160), Node(3, u3))
split the incoming edges: 7 -> (1, 6)
remove arc: Arc(9: Node(2, u162), Node(3, u3))
split the incoming edges: 15 -> (6, 9)
split the incoming edges: 2 -> (1, 1)
remove arc: Arc(21: Node(2, u166), Node(3, u3))
remove arc: Arc(8: Node(2, u167), Node(3, u3))
split the incoming edges: 12 -> (2, 10)
split the incoming edges: 10 -> (5, 5)
split the incoming edges: 22 -> (8, 14)
split the incoming edges: 8 -> (3, 5)
split the incoming edges: 8 -> (1, 7)
remove arc: Arc(11: Node(2, u176), Node(3, u3))
split the incoming edges: 12 -> (3, 9)
split the incoming edges: 21 -> (8, 13)
split the incoming edges: 17 -> (4, 13)
split the incoming edges: 27 -> (9, 18)
split the incoming edges: 29 -> (5, 24)
split the incoming edges: 69 -> (17, 52)
split the incoming edges: 3 -> (1, 2)
remove arc: Arc(16: Node(2, u190), Node(3, u3))
split the incoming edges: 12 -> (1, 11)
remove arc: Arc(14: Node(2, u192), Node(3, u3))
split the incoming edges: 11 -> (1, 10)
remove arc: Arc(6: Node(2, u194), Node(3, u3))
split the incoming edges: 30 -> (9, 21)
split the incoming edges: 8 -> (2, 6)
split the incoming edges: 26 -> (11, 15)
split the incoming edges: 33 -> (8, 25)
split the incoming edges: 55 -> (13, 42)
split the incoming edges: 10 -> (3, 7)
split the incoming edges: 30 -> (6, 24)
split the incoming edges: 25 -> (9, 16)
split the incoming edges: 53 -> (23, 30)
split the incoming edges: 23 -> (5, 18)
split the incoming edges: 55 -> (17, 38)
split the incoming edges: 46 -> (16, 30)
split the incoming edges: 121 -> (34, 87)
2-th layer, # of nodes=64
split the incoming edges: 2 -> (1, 1)
remove arc: Arc(21: Node(2, u222), Node(3, u3))
remove arc: Arc(19: Node(2, u223), Node(3, u3))
split the incoming edges: 8 -> (4, 4)
split the incoming edges: 6 -> (3, 3)
split the incoming edges: 6 -> (2, 4)
split the incoming edges: 9 -> (2, 7)
split the incoming edges: 2 -> (1, 1)
remove arc: Arc(26: Node(2, u232), Node(3, u3))
remove arc: Arc(2: Node(2, u233), Node(3, u3))
split the incoming edges: 10 -> (5, 5)
split the incoming edges: 5 -> (2, 3)
split the incoming edges: 5 -> (2, 3)
split the incoming edges: 8 -> (1, 7)
remove arc: Arc(13: Node(2, u240), Node(3, u3))
split the incoming edges: 14 -> (3, 11)
split the incoming edges: 3 -> (2, 1)
remove arc: Arc(23: Node(2, u245), Node(3, u3))
split the incoming edges: 5 -> (2, 3)
split the incoming edges: 7 -> (2, 5)
split the incoming edges: 3 -> (1, 2)
remove arc: Arc(14: Node(2, u250), Node(3, u3))
split the incoming edges: 9 -> (5, 4)
split the incoming edges: 8 -> (4, 4)
split the incoming edges: 13 -> (7, 6)
split the incoming edges: 4 -> (1, 3)
remove arc: Arc(23: Node(2, u258), Node(3, u3))
split the incoming edges: 13 -> (5, 8)
split the incoming edges: 9 -> (2, 7)
split the incoming edges: 18 -> (5, 13)
split the incoming edges: 5 -> (1, 4)
remove arc: Arc(4: Node(2, u266), Node(3, u3))
split the incoming edges: 24 -> (7, 17)
split the incoming edges: 17 -> (6, 11)
split the incoming edges: 52 -> (18, 34)
split the incoming edges: 2 -> (1, 1)
remove arc: Arc(29: Node(2, u274), Node(3, u3))
remove arc: Arc(15: Node(2, u275), Node(3, u3))
split the incoming edges: 11 -> (5, 6)
split the incoming edges: 10 -> (5, 5)
split the incoming edges: 9 -> (2, 7)
split the incoming edges: 21 -> (7, 14)
split the incoming edges: 2 -> (1, 1)
remove arc: Arc(28: Node(2, u284), Node(3, u3))
remove arc: Arc(18: Node(2, u285), Node(3, u3))
split the incoming edges: 6 -> (2, 4)
split the incoming edges: 11 -> (3, 8)
split the incoming edges: 15 -> (5, 10)
split the incoming edges: 8 -> (2, 6)
split the incoming edges: 25 -> (8, 17)
split the incoming edges: 13 -> (5, 8)
split the incoming edges: 42 -> (13, 29)
split the incoming edges: 3 -> (2, 1)
remove arc: Arc(15: Node(2, u301), Node(3, u3))
split the incoming edges: 7 -> (1, 6)
remove arc: Arc(29: Node(2, u302), Node(3, u3))
split the incoming edges: 6 -> (1, 5)
remove arc: Arc(4: Node(2, u304), Node(3, u3))
split the incoming edges: 24 -> (6, 18)
split the incoming edges: 9 -> (4, 5)
split the incoming edges: 16 -> (7, 9)
split the incoming edges: 23 -> (5, 18)
split the incoming edges: 30 -> (11, 19)
split the incoming edges: 5 -> (2, 3)
remove arc: Arc(23: Node(2, u316), Node(3, u3))
split the incoming edges: 18 -> (4, 14)
split the incoming edges: 17 -> (5, 12)
split the incoming edges: 38 -> (12, 26)
split the incoming edges: 16 -> (3, 13)
split the incoming edges: 30 -> (10, 20)
split the incoming edges: 34 -> (11, 23)
split the incoming edges: 87 -> (29, 58)
2-th layer, # of nodes=119
split the incoming edges: 4 -> (2, 2)
split the incoming edges: 4 -> (2, 2)
split the incoming edges: 3 -> (1, 2)
remove arc: Arc(7: Node(2, u336), Node(3, u3))
split the incoming edges: 3 -> (1, 2)
remove arc: Arc(22: Node(2, u338), Node(3, u3))
split the incoming edges: 2 -> (1, 1)
remove arc: Arc(2: Node(2, u340), Node(3, u3))
remove arc: Arc(24: Node(2, u341), Node(3, u3))
split the incoming edges: 4 -> (2, 2)
split the incoming edges: 2 -> (1, 1)
remove arc: Arc(1: Node(2, u344), Node(3, u3))
remove arc: Arc(11: Node(2, u345), Node(3, u3))
split the incoming edges: 7 -> (4, 3)
split the incoming edges: 5 -> (2, 3)
split the incoming edges: 5 -> (1, 4)
remove arc: Arc(8: Node(2, u350), Node(3, u3))
split the incoming edges: 2 -> (1, 1)
remove arc: Arc(27: Node(2, u352), Node(3, u3))
remove arc: Arc(24: Node(2, u353), Node(3, u3))
split the incoming edges: 3 -> (1, 2)
remove arc: Arc(26: Node(2, u354), Node(3, u3))
split the incoming edges: 2 -> (1, 1)
remove arc: Arc(6: Node(2, u356), Node(3, u3))
remove arc: Arc(11: Node(2, u357), Node(3, u3))
split the incoming edges: 3 -> (1, 2)
remove arc: Arc(8: Node(2, u358), Node(3, u3))
split the incoming edges: 7 -> (3, 4)
split the incoming edges: 3 -> (1, 2)
remove arc: Arc(28: Node(2, u362), Node(3, u3))
split the incoming edges: 11 -> (5, 6)
split the incoming edges: 2 -> (1, 1)
remove arc: Arc(16: Node(2, u366), Node(3, u3))
remove arc: Arc(14: Node(2, u367), Node(3, u3))
split the incoming edges: 2 -> (1, 1)
remove arc: Arc(22: Node(2, u368), Node(3, u3))
remove arc: Arc(6: Node(2, u369), Node(3, u3))
split the incoming edges: 3 -> (2, 1)
remove arc: Arc(2: Node(2, u371), Node(3, u3))
split the incoming edges: 2 -> (1, 1)
remove arc: Arc(10: Node(2, u372), Node(3, u3))
remove arc: Arc(25: Node(2, u373), Node(3, u3))
split the incoming edges: 5 -> (2, 3)
split the incoming edges: 2 -> (1, 1)
remove arc: Arc(21: Node(2, u376), Node(3, u3))
remove arc: Arc(5: Node(2, u377), Node(3, u3))
split the incoming edges: 5 -> (2, 3)
split the incoming edges: 4 -> (1, 3)
remove arc: Arc(22: Node(2, u380), Node(3, u3))
split the incoming edges: 4 -> (1, 3)
remove arc: Arc(20: Node(2, u382), Node(3, u3))
split the incoming edges: 4 -> (1, 3)
remove arc: Arc(29: Node(2, u384), Node(3, u3))
split the incoming edges: 7 -> (2, 5)
split the incoming edges: 6 -> (3, 3)
split the incoming edges: 3 -> (2, 1)
remove arc: Arc(22: Node(2, u391), Node(3, u3))
split the incoming edges: 5 -> (2, 3)
split the incoming edges: 8 -> (2, 6)
split the incoming edges: 2 -> (1, 1)
remove arc: Arc(21: Node(2, u396), Node(3, u3))
remove arc: Arc(3: Node(2, u397), Node(3, u3))
split the incoming edges: 7 -> (1, 6)
remove arc: Arc(1: Node(2, u398), Node(3, u3))
split the incoming edges: 5 -> (2, 3)
remove arc: Arc(2: Node(2, u400), Node(3, u3))
split the incoming edges: 13 -> (6, 7)
split the incoming edges: 4 -> (1, 3)
remove arc: Arc(16: Node(2, u404), Node(3, u3))
split the incoming edges: 7 -> (3, 4)
split the incoming edges: 17 -> (5, 12)
split the incoming edges: 6 -> (4, 2)
split the incoming edges: 11 -> (5, 6)
split the incoming edges: 18 -> (9, 9)
split the incoming edges: 34 -> (12, 22)
split the incoming edges: 5 -> (3, 2)
split the incoming edges: 6 -> (3, 3)
split the incoming edges: 5 -> (3, 2)
split the incoming edges: 5 -> (3, 2)
split the incoming edges: 2 -> (1, 1)
remove arc: Arc(19: Node(2, u426), Node(3, u3))
remove arc: Arc(24: Node(2, u427), Node(3, u3))
split the incoming edges: 7 -> (2, 5)
split the incoming edges: 7 -> (4, 3)
split the incoming edges: 14 -> (4, 10)
split the incoming edges: 2 -> (1, 1)
remove arc: Arc(27: Node(2, u434), Node(3, u3))
remove arc: Arc(23: Node(2, u435), Node(3, u3))
split the incoming edges: 4 -> (1, 3)
remove arc: Arc(26: Node(2, u436), Node(3, u3))
split the incoming edges: 3 -> (2, 1)
remove arc: Arc(16: Node(2, u439), Node(3, u3))
split the incoming edges: 8 -> (2, 6)
split the incoming edges: 5 -> (3, 2)
split the incoming edges: 10 -> (5, 5)
split the incoming edges: 2 -> (1, 1)
remove arc: Arc(3: Node(2, u446), Node(3, u3))
remove arc: Arc(16: Node(2, u447), Node(3, u3))
split the incoming edges: 6 -> (3, 3)
split the incoming edges: 8 -> (3, 5)
split the incoming edges: 17 -> (5, 12)
split the incoming edges: 5 -> (2, 3)
split the incoming edges: 8 -> (2, 6)
split the incoming edges: 13 -> (6, 7)
split the incoming edges: 29 -> (8, 21)
split the incoming edges: 2 -> (1, 1)
remove arc: Arc(6: Node(2, u462), Node(3, u3))
remove arc: Arc(13: Node(2, u463), Node(3, u3))
split the incoming edges: 6 -> (2, 4)
split the incoming edges: 5 -> (3, 2)
split the incoming edges: 6 -> (1, 5)
remove arc: Arc(4: Node(2, u468), Node(3, u3))
split the incoming edges: 18 -> (4, 14)
split the incoming edges: 4 -> (2, 2)
split the incoming edges: 5 -> (2, 3)
split the incoming edges: 7 -> (1, 6)
remove arc: Arc(29: Node(2, u476), Node(3, u3))
split the incoming edges: 9 -> (1, 8)
remove arc: Arc(14: Node(2, u478), Node(3, u3))
split the incoming edges: 5 -> (2, 3)
split the incoming edges: 18 -> (8, 10)
split the incoming edges: 11 -> (4, 7)
split the incoming edges: 19 -> (6, 13)
split the incoming edges: 2 -> (1, 1)
split the incoming edges: 3 -> (1, 2)
remove arc: Arc(1: Node(2, u490), Node(3, u3))
split the incoming edges: 4 -> (1, 3)
remove arc: Arc(8: Node(2, u492), Node(3, u3))
split the incoming edges: 14 -> (3, 11)
split the incoming edges: 5 -> (1, 4)
remove arc: Arc(1: Node(2, u496), Node(3, u3))
split the incoming edges: 12 -> (4, 8)
split the incoming edges: 12 -> (7, 5)
split the incoming edges: 26 -> (4, 22)
split the incoming edges: 3 -> (1, 2)
remove arc: Arc(14: Node(2, u504), Node(3, u3))
split the incoming edges: 13 -> (5, 8)
split the incoming edges: 10 -> (5, 5)
split the incoming edges: 20 -> (5, 15)
split the incoming edges: 11 -> (3, 8)
split the incoming edges: 23 -> (4, 19)
split the incoming edges: 29 -> (11, 18)
split the incoming edges: 58 -> (17, 41)
2-th layer, # of nodes=213
split the incoming edges: 2 -> (1, 1)
remove arc: Arc(10: Node(2, u520), Node(3, u3))
remove arc: Arc(16: Node(2, u521), Node(3, u3))
split the incoming edges: 2 -> (1, 1)
remove arc: Arc(3: Node(2, u522), Node(3, u3))
remove arc: Arc(29: Node(2, u523), Node(3, u3))
split the incoming edges: 2 -> (1, 1)
remove arc: Arc(25: Node(2, u524), Node(3, u3))
remove arc: Arc(17: Node(2, u525), Node(3, u3))
split the incoming edges: 2 -> (1, 1)
remove arc: Arc(21: Node(2, u526), Node(3, u3))
remove arc: Arc(9: Node(2, u527), Node(3, u3))
split the incoming edges: 2 -> (1, 1)
remove arc: Arc(10: Node(2, u528), Node(3, u3))
remove arc: Arc(24: Node(2, u529), Node(3, u3))
split the incoming edges: 2 -> (1, 1)
remove arc: Arc(9: Node(2, u530), Node(3, u3))
remove arc: Arc(1: Node(2, u531), Node(3, u3))
split the incoming edges: 2 -> (1, 1)
remove arc: Arc(1: Node(2, u532), Node(3, u3))
remove arc: Arc(10: Node(2, u533), Node(3, u3))
split the incoming edges: 2 -> (1, 1)
remove arc: Arc(10: Node(2, u534), Node(3, u3))
remove arc: Arc(1: Node(2, u535), Node(3, u3))
split the incoming edges: 4 -> (1, 3)
remove arc: Arc(29: Node(2, u536), Node(3, u3))
split the incoming edges: 3 -> (1, 2)
remove arc: Arc(2: Node(2, u538), Node(3, u3))
split the incoming edges: 2 -> (1, 1)
remove arc: Arc(3: Node(2, u540), Node(3, u3))
remove arc: Arc(6: Node(2, u541), Node(3, u3))
split the incoming edges: 3 -> (2, 1)
remove arc: Arc(4: Node(2, u543), Node(3, u3))
split the incoming edges: 4 -> (1, 3)
remove arc: Arc(4: Node(2, u544), Node(3, u3))
split the incoming edges: 2 -> (1, 1)