read problem
[ 10 iterations]
real= [[ 8 28 14 21  0]
 [23 20 14 19  0]
 [18 21 28 23  0]
 [28  0  0  0  0]
 [12 16 26 22  0]
 [25 28 13 18  0]
 [ 2 25 24 18  0]
 [25  8  9 21  0]
 [27  6  3  0  0]
 [21 18  5 11  0]]
gen= [[ 8 14 21  0  0]
 [14 19 23 20  0]
 [28 23 18  0  0]
 [28  0  0  0  0]
 [16 26 12  0  0]
 [13 18 28 25  0]
 [ 2 24 18  0  0]
 [ 9  8  0  0  0]
 [27  3  6  0  0]
 [21 11  5  0  0]]
valid: 0.575, real: 1.6126074310071274, syn: 2.0790797398848078 ratio=0.7756352005510259
[ 20 iterations]
real= [[24 23  0  0  0]
 [27 24  2  0  0]
 [ 1 23  9 10  0]
 [ 2 23 12 14  0]
 [ 5 28 15 19  0]
 [18 16  9 24  0]
 [25  8 11 24  0]
 [24 26  9 19  0]
 [25 24  6 15  0]
 [ 8 28 10 14  0]]
gen= [[23 24  0  0  0]
 [27  2 24  0  0]
 [ 1 10  9  0  0]
 [12 14  0  0  0]
 [ 5 15 19 28  0]
 [16  9 24  0  0]
 [24  8 11 25  0]
 [26  9 19 24  0]
 [ 6 15 24  0  0]
 [10 14  8 28  0]]
valid: 0.538, real: 1.6345431709234575, syn: 1.9380704160413837 ratio=0.8433868849110769
[ 30 iterations]
real= [[ 2 25 18 22  0]
 [ 4 17  9 22  0]
 [ 4 10  9 11  0]
 [ 1  5  6 24  0]
 [19  6 14  0  0]
 [27  5  0  0  0]
 [ 1 24 12 11  0]
 [21 13  0  0  0]
 [18 17  3  2  0]
 [28 10 15 14  0]]
gen= [[18  2 25  0  0]
 [17  9 22  0  0]
 [10  4  9  0  0]
 [ 1  5  6  0  0]
 [ 6 14 19  0  0]
 [ 5 27  0  0  0]
 [ 1 24 12 11  0]
 [13 21  0  0  0]
 [17  3  0  0  0]
 [10 15 14 28  0]]
valid: 0.501, real: 1.4944148094755305, syn: 1.794477480118042 ratio=0.8327854910596185
[ 40 iterations]
real= [[ 7  0  0  0  0]
 [ 1 16  9 14  0]
 [ 8 14 10 22  0]
 [18 28 12 24  0]
 [13  1 12  7  0]
 [25 28  3 14  0]
 [ 1 16  4 23  0]
 [13 17  8 20  0]
 [ 1 24 10  6  0]
 [ 8 20  7  6  0]]
gen= [[ 7  0  0  0  0]
 [ 1 16  9  0  0]
 [14  8  0  0  0]
 [18 12 28  0  0]
 [ 1 12  0  0  0]
 [14 25  3  0  0]
 [ 1 16  4  0  0]
 [ 8 17 13  0  0]
 [ 1 10  6  0  0]
 [ 8 20  0  0  0]]
valid: 0.126, real: 0.32141611191315633, syn: 0.3477305834569861 ratio=0.9243251160647915
[ 50 iterations]
real= [[27 17 13 22  0]
 [13 17 24 20  0]
 [28 16 13 10  0]
 [21  9 15 22  0]
 [13 16  1 19  0]
 [ 4 20  6  0  0]
 [12 17  9  4  0]
 [17 16 15 23  0]
 [27 28  3  4  0]
 [27 17  1  0  0]]
gen= [[27 17 13 22  0]
 [13 17 20  0  0]
 [13 16 10  0  0]
 [ 9 21 15 22  0]
 [ 1 16 19  0  0]
 [ 4  6 20  0  0]
 [ 9 17 12  4  0]
 [23 16 17  0  0]
 [27  3  4 28  0]
 [ 1 17  0  0  0]]
valid: 0.722, real: 2.357935071070897, syn: 2.6072035193001026 ratio=0.9043924088073796
[ 60 iterations]
real= [[ 8 28 14 21  0]
 [23 20 14 19  0]
 [18 21 28 23  0]
 [28  0  0  0  0]
 [12 16 26 22  0]
 [25 28 13 18  0]
 [ 2 25 24 18  0]
 [25  8  9 21  0]
 [27  6  3  0  0]
 [21 18  5 11  0]]
gen= [[14  8 28  0  0]
 [23 19  0  0  0]
 [18 23 21  0  0]
 [28  0  0  0  0]
 [22 16 26  0  0]
 [13 18 28 25  0]
 [ 2 18 24  0  0]
 [ 9  8 25  0  0]
 [27  6  3  0  0]
 [18  5 11  0  0]]
valid: 0.601, real: 1.9704212177339615, syn: 2.177252347724178 ratio=0.9050036022666773
[ 70 iterations]
real= [[24 23  0  0  0]
 [27 24  2  0  0]
 [ 1 23  9 10  0]
 [ 2 23 12 14  0]
 [ 5 28 15 19  0]
 [18 16  9 24  0]
 [25  8 11 24  0]
 [24 26  9 19  0]
 [25 24  6 15  0]
 [ 8 28 10 14  0]]
gen= [[24 23  0  0  0]
 [ 2 27  0  0  0]
 [ 9  1 10  0  0]
 [ 2 23 14 12  0]
 [15  5 19 28  0]
 [18 16  9 24  0]
 [25 24  0  0  0]
 [ 9 26  0  0  0]
 [25  6 15  0  0]
 [10 14  8 28  0]]
valid: 0.667, real: 2.2654164963863677, syn: 2.4414050306755746 ratio=0.9279150603533785
[ 80 iterations]
real= [[ 2 25 18 22  0]
 [ 4 17  9 22  0]
 [ 4 10  9 11  0]
 [ 1  5  6 24  0]
 [19  6 14  0  0]
 [27  5  0  0  0]
 [ 1 24 12 11  0]
 [21 13  0  0  0]
 [18 17  3  2  0]
 [28 10 15 14  0]]
gen= [[ 2 18 22  0  0]
 [ 9 17  0  0  0]
 [ 4 10  0  0  0]
 [ 1  5  0  0  0]
 [ 6 14 19  0  0]
 [27  5  0  0  0]
 [ 1 24  0  0  0]
 [13 21  0  0  0]
 [ 2 17  3  0  0]
 [15 10 14 28  0]]
valid: 0.47, real: 1.588374244973516, syn: 1.6904401169980834 ratio=0.9396217168545327
[ 90 iterations]
real= [[ 7  0  0  0  0]
 [ 1 16  9 14  0]
 [ 8 14 10 22  0]
 [18 28 12 24  0]
 [13  1 12  7  0]
 [25 28  3 14  0]
 [ 1 16  4 23  0]
 [13 17  8 20  0]
 [ 1 24 10  6  0]
 [ 8 20  7  6  0]]
gen= [[ 7  0  0  0  0]
 [ 1 16  9  0  0]
 [22  8  0  0  0]
 [18 24 12  0  0]
 [ 1 13  0  0  0]
 [25 28  3  0  0]
 [ 1 16  4  0  0]
 [13 17  8  0  0]
 [ 1  6 10  0  0]
 [ 7  6  8  0  0]]
valid: 0.127, real: 0.3423574180799943, syn: 0.35122456101890503 ratio=0.9747536364963001
[ 100 iterations]
real= [[27 17 13 22  0]
 [13 17 24 20  0]
 [28 16 13 10  0]
 [21  9 15 22  0]
 [13 16  1 19  0]
 [ 4 20  6  0  0]
 [12 17  9  4  0]
 [17 16 15 23  0]
 [27 28  3  4  0]
 [27 17  1  0  0]]
gen= [[13 17 27  0  0]
 [13 17 20  0  0]
 [13 16 10  0  0]
 [21 22 15  0  0]
 [ 1 16  0  0  0]
 [ 4  6 20  0  0]
 [ 4 17  9 12  0]
 [17 16 15 23  0]
 [27 28  3  4  0]
 [ 1 17 27  0  0]]
valid: 0.705, real: 2.461293526764784, syn: 2.5557416229058427 ratio=0.9630447400102705
[ 110 iterations]
real= [[ 8 28 14 21  0]
 [23 20 14 19  0]
 [18 21 28 23  0]
 [28  0  0  0  0]
 [12 16 26 22  0]
 [25 28 13 18  0]
 [ 2 25 24 18  0]
 [25  8  9 21  0]
 [27  6  3  0  0]
 [21 18  5 11  0]]
gen= [[21 28  8  0  0]
 [20 23 19 14  0]
 [18 28  0  0  0]
 [28  0  0  0  0]
 [12 16 22  0  0]
 [18 28 25  0  0]
 [18 25  0  0  0]
 [25  8  9  0  0]
 [27  6  3  0  0]
 [18  5 11  0  0]]
valid: 0.606, real: 2.0986724586560865, syn: 2.192784719334294 ratio=0.9570809392055692
[ 120 iterations]
real= [[24 23  0  0  0]
 [27 24  2  0  0]
 [ 1 23  9 10  0]
 [ 2 23 12 14  0]
 [ 5 28 15 19  0]
 [18 16  9 24  0]
 [25  8 11 24  0]
 [24 26  9 19  0]
 [25 24  6 15  0]
 [ 8 28 10 14  0]]
gen= [[23 24  0  0  0]
 [ 2 24 27  0  0]
 [ 1 23  0  0  0]
 [ 2 23  0  0  0]
 [28  5 15 19  0]
 [18 16  9 24  0]
 [25 24  0  0  0]
 [26 24  9 19  0]
 [25  6 15  0  0]
 [28  8 10 14  0]]
valid: 0.582, real: 2.015025688735898, syn: 2.11415489748608 ratio=0.9531116623157293
[ 130 iterations]
real= [[ 2 25 18 22  0]
 [ 4 17  9 22  0]
 [ 4 10  9 11  0]
 [ 1  5  6 24  0]
 [19  6 14  0  0]
 [27  5  0  0  0]
 [ 1 24 12 11  0]
 [21 13  0  0  0]
 [18 17  3  2  0]
 [28 10 15 14  0]]
gen= [[18 25  2  0  0]
 [ 4 17  9 22  0]
 [ 4 10  9 11  0]
 [ 1  5  6 24  0]
 [ 6 14 19  0  0]
 [27  5  0  0  0]
 [ 1 12 11 24  0]
 [21 13  0  0  0]
 [18 17  2  0  0]
 [28 10 15 14  0]]
valid: 0.697, real: 2.471776268236662, syn: 2.5491792642646374 ratio=0.9696361110758117
[ 140 iterations]
real= [[ 7  0  0  0  0]
 [ 1 16  9 14  0]
 [ 8 14 10 22  0]
 [18 28 12 24  0]
 [13  1 12  7  0]
 [25 28  3 14  0]
 [ 1 16  4 23  0]
 [13 17  8 20  0]
 [ 1 24 10  6  0]
 [ 8 20  7  6  0]]
gen= [[ 7  0  0  0  0]
 [ 1 16  9  0  0]
 [22  8  0  0  0]
 [18 28 12  0  0]
 [13  1  0  0  0]
 [25 28  3  0  0]
 [ 1 16  4  0  0]
 [13 17 20  0  0]
 [ 1  6 10  0  0]
 [ 7  6 20  0  0]]
valid: 0.126, real: 0.3420361885008542, syn: 0.34879412501203355 ratio=0.9806248556768374
[ 150 iterations]
real= [[27 17 13 22  0]
 [13 17 24 20  0]
 [28 16 13 10  0]
 [21  9 15 22  0]
 [13 16  1 19  0]
 [ 4 20  6  0  0]
 [12 17  9  4  0]
 [17 16 15 23  0]
 [27 28  3  4  0]
 [27 17  1  0  0]]
gen= [[13 17 27  0  0]
 [13 17 20  0  0]
 [13 28  0  0  0]
 [21 22 15  0  0]
 [13 16  1 19  0]
 [ 4  6 20  0  0]
 [12 17  9  4  0]
 [16 17 15 23  0]
 [27 28  3  4  0]
 [ 1 17 27  0  0]]
valid: 0.691, real: 2.421075413949052, syn: 2.5083181564769785 ratio=0.9652186297409489
[ 160 iterations]
real= [[ 8 28 14 21  0]
 [23 20 14 19  0]
 [18 21 28 23  0]
 [28  0  0  0  0]
 [12 16 26 22  0]
 [25 28 13 18  0]
 [ 2 25 24 18  0]
 [25  8  9 21  0]
 [27  6  3  0  0]
 [21 18  5 11  0]]
gen= [[21 28  8  0  0]
 [20 23 14 19  0]
 [21 28 23  0  0]
 [28  0  0  0  0]
 [12 16 26 22  0]
 [18 28 25  0  0]
 [18 25  0  0  0]
 [21 25  8  0  0]
 [27  6  3  0  0]
 [21  5 11  0  0]]
valid: 0.658, real: 2.297140518464725, syn: 2.3843844854696434 ratio=0.9634102773539335
[ 170 iterations]
real= [[24 23  0  0  0]
 [27 24  2  0  0]
 [ 1 23  9 10  0]
 [ 2 23 12 14  0]
 [ 5 28 15 19  0]
 [18 16  9 24  0]
 [25  8 11 24  0]
 [24 26  9 19  0]
 [25 24  6 15  0]
 [ 8 28 10 14  0]]
gen= [[23 24  0  0  0]
 [ 2 27 24  0  0]
 [ 1 23  0  0  0]
 [ 2 23  0  0  0]
 [28  5 15 19  0]
 [18 16  9 24  0]
 [25  8 24  0  0]
 [ 9 26 24  0  0]
 [25  6 15  0  0]
 [28  8 10 14  0]]
valid: 0.55, real: 1.946121745803456, syn: 2.0067499327211764 ratio=0.9697878714586486
[ 180 iterations]
real= [[ 2 25 18 22  0]
 [ 4 17  9 22  0]
 [ 4 10  9 11  0]
 [ 1  5  6 24  0]
 [19  6 14  0  0]
 [27  5  0  0  0]
 [ 1 24 12 11  0]
 [21 13  0  0  0]
 [18 17  3  2  0]
 [28 10 15 14  0]]
gen= [[25 18 22  0  0]
 [ 4 17  9 22  0]
 [ 4 10  9 11  0]
 [ 1  6 24  5  0]
 [ 6 14 19  0  0]
 [27  5  0  0  0]
 [ 1 12 24 11  0]
 [21 13  0  0  0]
 [18 17  2  0  0]
 [28 10 15 14  0]]
valid: 0.675, real: 2.352753647211377, syn: 2.4657602752785737 ratio=0.9541696615035176
[ 190 iterations]
real= [[ 7  0  0  0  0]
 [ 1 16  9 14  0]
 [ 8 14 10 22  0]
 [18 28 12 24  0]
 [13  1 12  7  0]
 [25 28  3 14  0]
 [ 1 16  4 23  0]
 [13 17  8 20  0]
 [ 1 24 10  6  0]
 [ 8 20  7  6  0]]
gen= [[ 7  0  0  0  0]
 [ 1 16  9  0  0]
 [22 10  8  0  0]
 [18 28 12  0  0]
 [ 1 12  0  0  0]
 [25 28  3  0  0]
 [ 1 16 23  0  0]
 [13 17  8  0  0]
 [ 1  6 10  0  0]
 [ 7  6  8  0  0]]
valid: 0.122, real: 0.33180073455429787, syn: 0.33697431006904427 ratio=0.9846469734927675
[ 200 iterations]
real= [[27 17 13 22  0]
 [13 17 24 20  0]
 [28 16 13 10  0]
 [21  9 15 22  0]
 [13 16  1 19  0]
 [ 4 20  6  0  0]
 [12 17  9  4  0]
 [17 16 15 23  0]
 [27 28  3  4  0]
 [27 17  1  0  0]]
gen= [[27 17 13 22  0]
 [13 17 20  0  0]
 [13 16 10  0  0]
 [21 22 15  0  0]
 [ 1 16 13 19  0]
 [ 4 20  6  0  0]
 [12 17  9  4  0]
 [15 16 17  0  0]
 [27 28  3  4  0]
 [27  1 17  0  0]]
valid: 0.691, real: 2.4086675029299154, syn: 2.4988920325814847 ratio=0.9638941865133874
[ 210 iterations]
real= [[ 8 28 14 21  0]
 [23 20 14 19  0]
 [18 21 28 23  0]
 [28  0  0  0  0]
 [12 16 26 22  0]
 [25 28 13 18  0]
 [ 2 25 24 18  0]
 [25  8  9 21  0]
 [27  6  3  0  0]
 [21 18  5 11  0]]
gen= [[21 28  8  0  0]
 [14 23 20 19  0]
 [21 28 23  0  0]
 [28  0  0  0  0]
 [12 16 26 22  0]
 [25 28 13 18  0]
 [25 18  0  0  0]
 [21 25  8  0  0]
 [27  6  3  0  0]
 [21  5 11  0  0]]
valid: 0.637, real: 2.2162429387911557, syn: 2.3077406733177837 ratio=0.9603518126691922
[ 220 iterations]
real= [[24 23  0  0  0]
 [27 24  2  0  0]
 [ 1 23  9 10  0]
 [ 2 23 12 14  0]
 [ 5 28 15 19  0]
 [18 16  9 24  0]
 [25  8 11 24  0]
 [24 26  9 19  0]
 [25 24  6 15  0]
 [ 8 28 10 14  0]]
gen= [[23 24  0  0  0]
 [27 24  2  0  0]
 [ 1 23  0  0  0]
 [12 23  0  0  0]
 [28  5 15 19  0]
 [18 16  9 24  0]
 [25 24  0  0  0]
 [ 9 26 19 24  0]
 [25 24  6 15  0]
 [ 8 28 10 14  0]]
valid: 0.561, real: 1.9559374268346346, syn: 2.0387391810206945 ratio=0.9593858032666026
[ 230 iterations]
real= [[ 2 25 18 22  0]
 [ 4 17  9 22  0]
 [ 4 10  9 11  0]
 [ 1  5  6 24  0]
 [19  6 14  0  0]
 [27  5  0  0  0]
 [ 1 24 12 11  0]
 [21 13  0  0  0]
 [18 17  3  2  0]
 [28 10 15 14  0]]
gen= [[25 18 22  0  0]
 [22 17  9  4  0]
 [ 9 10 11  4  0]
 [ 1  5  6 24  0]
 [ 6 14 19  0  0]
 [27  5  0  0  0]
 [ 1 24 12 11  0]
 [21 13  0  0  0]
 [18 17  2  0  0]
 [28 10 15 14  0]]
valid: 0.651, real: 2.305328988674249, syn: 2.377687602540218 ratio=0.9695676531312758
[ 240 iterations]
real= [[ 7  0  0  0  0]
 [ 1 16  9 14  0]
 [ 8 14 10 22  0]
 [18 28 12 24  0]
 [13  1 12  7  0]
 [25 28  3 14  0]
 [ 1 16  4 23  0]
 [13 17  8 20  0]
 [ 1 24 10  6  0]
 [ 8 20  7  6  0]]
gen= [[ 7  0  0  0  0]
 [ 1 16  9  0  0]
 [ 8 10 14  0  0]
 [18 28 12  0  0]
 [ 7  1 12  0  0]
 [25 28  3  0  0]
 [ 1 16  4  0  0]
 [13 17  8  0  0]
 [ 1 24  6  0  0]
 [ 7  8 20  0  0]]
valid: 0.127, real: 0.34391033982364805, syn: 0.3520763138322214 ratio=0.976806238625684
[ 250 iterations]
real= [[27 17 13 22  0]
 [13 17 24 20  0]
 [28 16 13 10  0]
 [21  9 15 22  0]
 [13 16  1 19  0]
 [ 4 20  6  0  0]
 [12 17  9  4  0]
 [17 16 15 23  0]
 [27 28  3  4  0]
 [27 17  1  0  0]]
gen= [[13 17 27  0  0]
 [13 17 20  0  0]
 [13 16 10  0  0]
 [21 15  9  0  0]
 [ 1 16  0  0  0]
 [20  6  4  0  0]
 [17 12  9  4  0]
 [17 16 15 23  0]
 [27 28  3  4  0]
 [ 1 17 27  0  0]]
valid: 0.672, real: 2.3577939914759023, syn: 2.438090716145921 ratio=0.9670657354386919
[ 260 iterations]
real= [[ 8 28 14 21  0]
 [23 20 14 19  0]
 [18 21 28 23  0]
 [28  0  0  0  0]
 [12 16 26 22  0]
 [25 28 13 18  0]
 [ 2 25 24 18  0]
 [25  8  9 21  0]
 [27  6  3  0  0]
 [21 18  5 11  0]]
gen= [[21  8  0  0  0]
 [20 23 14 19  0]
 [21 28 23  0  0]
 [28  0  0  0  0]
 [12 16 26  0  0]
 [25 28 13 18  0]
 [25 24  0  0  0]
 [21  8 25  0  0]
 [27  6  3  0  0]
 [21  5 11  0  0]]
valid: 0.621, real: 2.175286811438957, syn: 2.2585090815556375 ratio=0.963151677893915
[ 270 iterations]
real= [[24 23  0  0  0]
 [27 24  2  0  0]
 [ 1 23  9 10  0]
 [ 2 23 12 14  0]
 [ 5 28 15 19  0]
 [18 16  9 24  0]
 [25  8 11 24  0]
 [24 26  9 19  0]
 [25 24  6 15  0]
 [ 8 28 10 14  0]]
gen= [[24 23  0  0  0]
 [27 24  0  0  0]
 [ 1 23  9 10  0]
 [12 23 14  2  0]
 [ 5 28 15 19  0]
 [18 16  9 24  0]
 [25  8 11 24  0]
 [ 9 24  0  0  0]
 [25  6 15  0  0]
 [ 8 28 10 14  0]]
valid: 0.58, real: 2.042368120584358, syn: 2.11811936304335 ratio=0.964236556361889
[ 280 iterations]
real= [[ 2 25 18 22  0]
 [ 4 17  9 22  0]
 [ 4 10  9 11  0]
 [ 1  5  6 24  0]
 [19  6 14  0  0]
 [27  5  0  0  0]
 [ 1 24 12 11  0]
 [21 13  0  0  0]
 [18 17  3  2  0]
 [28 10 15 14  0]]
gen= [[25 18 22  0  0]
 [17  4  9  0  0]
 [ 9  4 10  0  0]
 [ 1  5  6 24  0]
 [ 6 14 19  0  0]
 [27  5  0  0  0]
 [ 1 12 11 24  0]
 [21 13  0  0  0]
 [18 17  2  0  0]
 [28 10 15 14  0]]
valid: 0.647, real: 2.3109603125339255, syn: 2.3658541843606917 ratio=0.9767974407765119
[ 290 iterations]
real= [[ 7  0  0  0  0]
 [ 1 16  9 14  0]
 [ 8 14 10 22  0]
 [18 28 12 24  0]
 [13  1 12  7  0]
 [25 28  3 14  0]
 [ 1 16  4 23  0]
 [13 17  8 20  0]
 [ 1 24 10  6  0]
 [ 8 20  7  6  0]]
gen= [[ 7  0  0  0  0]
 [ 1 16  9  0  0]
 [ 8 10 14  0  0]
 [18 28 12  0  0]
 [ 7  1 13  0  0]
 [25 28  3  0  0]
 [ 1 16  4  0  0]
 [17  8 20  0  0]
 [ 1 10  6  0  0]
 [ 7  8 20  0  0]]
valid: 0.125, real: 0.3396760500021847, syn: 0.34553304991253947 ratio=0.9830493785997105
[ 300 iterations]
real= [[27 17 13 22  0]
 [13 17 24 20  0]
 [28 16 13 10  0]
 [21  9 15 22  0]
 [13 16  1 19  0]
 [ 4 20  6  0  0]
 [12 17  9  4  0]
 [17 16 15 23  0]
 [27 28  3  4  0]
 [27 17  1  0  0]]
gen= [[17 27 22  0  0]
 [17 20 24  0  0]
 [13 16 10  0  0]
 [21 15  9  0  0]
 [13 16  1 19  0]
 [ 6  4 20  0  0]
 [17  4  9 12  0]
 [17 16 15 23  0]
 [27 28  3  4  0]
 [17  1 27  0  0]]
valid: 0.658, real: 2.3182094121145234, syn: 2.3813418825320642 ratio=0.9734886994258831
[ 310 iterations]
real= [[ 8 28 14 21  0]
 [23 20 14 19  0]
 [18 21 28 23  0]
 [28  0  0  0  0]
 [12 16 26 22  0]
 [25 28 13 18  0]
 [ 2 25 24 18  0]
 [25  8  9 21  0]
 [27  6  3  0  0]
 [21 18  5 11  0]]
gen= [[21  8  0  0  0]
 [23 20 14 19  0]
 [21 23 18  0  0]
 [28  0  0  0  0]
 [22 16 12 26  0]
 [25 28 13 18  0]
 [25 18  0  0  0]
 [21 25  8  0  0]
 [27  6  3  0  0]
 [21  5 11  0  0]]
valid: 0.603, real: 2.12794481667654, syn: 2.1898753438590837 ratio=0.9717196107275188
[ 320 iterations]
real= [[24 23  0  0  0]
 [27 24  2  0  0]
 [ 1 23  9 10  0]
 [ 2 23 12 14  0]
 [ 5 28 15 19  0]
 [18 16  9 24  0]
 [25  8 11 24  0]
 [24 26  9 19  0]
 [25 24  6 15  0]
 [ 8 28 10 14  0]]
gen= [[23 24  0  0  0]
 [ 2 27 24  0  0]
 [ 9 23  0  0  0]
 [ 2 23  0  0  0]
 [ 5 28 15 19  0]
 [18 16  9 24  0]
 [25  8 11 24  0]
 [ 9 26 24  0  0]
 [25 24  6 15  0]
 [28  8 10 14  0]]
valid: 0.577, real: 2.0384999502617225, syn: 2.0982286311550586 ratio=0.9715337594738396
[ 330 iterations]
real= [[ 2 25 18 22  0]
 [ 4 17  9 22  0]
 [ 4 10  9 11  0]
 [ 1  5  6 24  0]
 [19  6 14  0  0]
 [27  5  0  0  0]
 [ 1 24 12 11  0]
 [21 13  0  0  0]
 [18 17  3  2  0]
 [28 10 15 14  0]]
gen= [[25 18 22  0  0]
 [17  4  9  0  0]
 [ 9 10 11  4  0]
 [ 5  1  6 24  0]
 [ 6 14 19  0  0]
 [27  5  0  0  0]
 [ 1 24 12 11  0]
 [21 13  0  0  0]
 [18 17  2  0  0]
 [28 10 15 14  0]]
valid: 0.636, real: 2.2697952882135106, syn: 2.327873740169381 ratio=0.9750508582344141
[ 340 iterations]
real= [[ 7  0  0  0  0]
 [ 1 16  9 14  0]
 [ 8 14 10 22  0]
 [18 28 12 24  0]
 [13  1 12  7  0]
 [25 28  3 14  0]
 [ 1 16  4 23  0]
 [13 17  8 20  0]
 [ 1 24 10  6  0]
 [ 8 20  7  6  0]]
gen= [[ 7  0  0  0  0]
 [ 1 16  9  0  0]
 [22 10  8  0  0]
 [18 28 12  0  0]
 [13  1  0  0  0]
 [25 28  3  0  0]
 [ 1 16  4  0  0]
 [13 17  8  0  0]
 [ 1 10  6  0  0]
 [ 7 20  6  0  0]]
valid: 0.125, real: 0.34010377828734967, syn: 0.34555474020408244 ratio=0.9842254749174806
[ 350 iterations]
real= [[27 17 13 22  0]
 [13 17 24 20  0]
 [28 16 13 10  0]
 [21  9 15 22  0]
 [13 16  1 19  0]
 [ 4 20  6  0  0]
 [12 17  9  4  0]
 [17 16 15 23  0]
 [27 28  3  4  0]
 [27 17  1  0  0]]
gen= [[13 17 27  0  0]
 [13 17 20  0  0]
 [13 16 10  0  0]
 [21 15  9  0  0]
 [13 16  1 19  0]
 [20  6  4  0  0]
 [12 17  9  4  0]
 [17 16 15 23  0]
 [27 28  3  4  0]
 [ 1 17 27  0  0]]
valid: 0.727, real: 2.577253213093109, syn: 2.6445662608979097 ratio=0.9745466586335615
[ 360 iterations]
real= [[ 8 28 14 21  0]
 [23 20 14 19  0]
 [18 21 28 23  0]
 [28  0  0  0  0]
 [12 16 26 22  0]
 [25 28 13 18  0]
 [ 2 25 24 18  0]
 [25  8  9 21  0]
 [27  6  3  0  0]
 [21 18  5 11  0]]
gen= [[21 28  8  0  0]
 [23 20 14 19  0]
 [21 28 23  0  0]
 [28  0  0  0  0]
 [12 16 26 22  0]
 [25 28 13 18  0]
 [25 24  0  0  0]
 [25 21  0  0  0]
 [27  6  3  0  0]
 [21  5 11  0  0]]
valid: 0.622, real: 2.196518411931619, syn: 2.254159729513619 ratio=0.9744289116572775
[ 370 iterations]
real= [[24 23  0  0  0]
 [27 24  2  0  0]
 [ 1 23  9 10  0]
 [ 2 23 12 14  0]
 [ 5 28 15 19  0]
 [18 16  9 24  0]
 [25  8 11 24  0]
 [24 26  9 19  0]
 [25 24  6 15  0]
 [ 8 28 10 14  0]]
gen= [[23 24  0  0  0]
 [ 2 27 24  0  0]
 [ 1 23  0  0  0]
 [ 2 23  0  0  0]
 [ 5 28 15 19  0]
 [18 16  9 24  0]
 [25 24  0  0  0]
 [ 9 26 24  0  0]
 [25 24  6 15  0]
 [28 10 14  0  0]]
valid: 0.605, real: 2.143551023120641, syn: 2.206034251139849 ratio=0.9716762203547278
[ 380 iterations]
real= [[ 2 25 18 22  0]
 [ 4 17  9 22  0]
 [ 4 10  9 11  0]
 [ 1  5  6 24  0]
 [19  6 14  0  0]
 [27  5  0  0  0]
 [ 1 24 12 11  0]
 [21 13  0  0  0]
 [18 17  3  2  0]
 [28 10 15 14  0]]
gen= [[25 18 22  0  0]
 [ 9 17  4  0  0]
 [11 10  9  4  0]
 [ 1  5  6 24  0]
 [ 6 14 19  0  0]
 [27  5  0  0  0]
 [ 1 12 11 24  0]
 [21 13  0  0  0]
 [18 17  2  0  0]
 [28 10 15 14  0]]
valid: 0.671, real: 2.401890786775016, syn: 2.4583952669706703 ratio=0.9770157057513045
[ 390 iterations]
real= [[ 7  0  0  0  0]
 [ 1 16  9 14  0]
 [ 8 14 10 22  0]
 [18 28 12 24  0]
 [13  1 12  7  0]
 [25 28  3 14  0]
 [ 1 16  4 23  0]
 [13 17  8 20  0]
 [ 1 24 10  6  0]
 [ 8 20  7  6  0]]
gen= [[ 7  0  0  0  0]
 [ 1 16  9  0  0]
 [22  8  0  0  0]
 [18 28 12  0  0]
 [13  1  0  0  0]
 [25 28  3  0  0]
 [ 1 16  4  0  0]
 [13 17  8  0  0]
 [ 1 10  6  0  0]
 [ 7  8 20  0  0]]
valid: 0.126, real: 0.34341294189552, syn: 0.348601808509425 ratio=0.9851152045478712
[ 400 iterations]
real= [[27 17 13 22  0]
 [13 17 24 20  0]
 [28 16 13 10  0]
 [21  9 15 22  0]
 [13 16  1 19  0]
 [ 4 20  6  0  0]
 [12 17  9  4  0]
 [17 16 15 23  0]
 [27 28  3  4  0]
 [27 17  1  0  0]]
gen= [[13 17 22 27  0]
 [13 17 24 20  0]
 [13 16 10  0  0]
 [21  9 15 22  0]
 [13 16  1 19  0]
 [ 4 20  6  0  0]
 [12 17  9  4  0]
 [17 16 15 23  0]
 [27 28  3  4  0]
 [ 1 17 27  0  0]]
valid: 0.714, real: 2.5364645766001863, syn: 2.5933433314843324 ratio=0.9780674027254267
[ 410 iterations]
real= [[ 8 28 14 21  0]
 [23 20 14 19  0]
 [18 21 28 23  0]
 [28  0  0  0  0]
 [12 16 26 22  0]
 [25 28 13 18  0]
 [ 2 25 24 18  0]
 [25  8  9 21  0]
 [27  6  3  0  0]
 [21 18  5 11  0]]
gen= [[21 28  8  0  0]
 [23 20 14 19  0]
 [21 23 18  0  0]
 [28  0  0  0  0]
 [12 16 26 22  0]
 [25 28 13 18  0]
 [25 24  0  0  0]
 [21 25  8  0  0]
 [27  6  3  0  0]
 [21  5 11  0  0]]
valid: 0.63, real: 2.2297690889144586, syn: 2.2786332922850834 ratio=0.9785554772959443
[ 420 iterations]
real= [[24 23  0  0  0]
 [27 24  2  0  0]
 [ 1 23  9 10  0]
 [ 2 23 12 14  0]
 [ 5 28 15 19  0]
 [18 16  9 24  0]
 [25  8 11 24  0]
 [24 26  9 19  0]
 [25 24  6 15  0]
 [ 8 28 10 14  0]]
gen= [[24 23  0  0  0]
 [ 2 27  0  0  0]
 [ 1 23 10  9  0]
 [ 2 23 12 14  0]
 [ 5 28 15 19  0]
 [18 16  9 24  0]
 [25  8 11 24  0]
 [ 9 26  0  0  0]
 [25  6 15  0  0]
 [ 8 28 10 14  0]]
valid: 0.64, real: 2.297605653977114, syn: 2.350045121791812 ratio=0.9776857612952066
[ 430 iterations]
real= [[ 2 25 18 22  0]
 [ 4 17  9 22  0]
 [ 4 10  9 11  0]
 [ 1  5  6 24  0]
 [19  6 14  0  0]
 [27  5  0  0  0]
 [ 1 24 12 11  0]
 [21 13  0  0  0]
 [18 17  3  2  0]
 [28 10 15 14  0]]
gen= [[25 18 22  0  0]
 [ 4 17  9 22  0]
 [ 4 10  9 11  0]
 [ 5  6  1  0  0]
 [ 6 14 19  0  0]
 [27  5  0  0  0]
 [ 1 12 11 24  0]
 [21 13  0  0  0]
 [18 17  2  0  0]
 [28 10 15 14  0]]
valid: 0.66, real: 2.3556271908630113, syn: 2.415767130048658 ratio=0.9751052415451835
[ 440 iterations]
real= [[ 7  0  0  0  0]
 [ 1 16  9 14  0]
 [ 8 14 10 22  0]
 [18 28 12 24  0]
 [13  1 12  7  0]
 [25 28  3 14  0]
 [ 1 16  4 23  0]
 [13 17  8 20  0]
 [ 1 24 10  6  0]
 [ 8 20  7  6  0]]
gen= [[ 7  0  0  0  0]
 [ 1 16  9  0  0]
 [ 8 10 14  0  0]
 [18 28 12  0  0]
 [13 12  0  0  0]
 [25 28  3  0  0]
 [ 4 16  1  0  0]
 [13 17  8  0  0]
 [ 1  6 10  0  0]
 [ 8  6  0  0  0]]
valid: 0.124, real: 0.3386247912574192, syn: 0.34264052877581885 ratio=0.9882800276641323
[ 450 iterations]
real= [[27 17 13 22  0]
 [13 17 24 20  0]
 [28 16 13 10  0]
 [21  9 15 22  0]
 [13 16  1 19  0]
 [ 4 20  6  0  0]
 [12 17  9  4  0]
 [17 16 15 23  0]
 [27 28  3  4  0]
 [27 17  1  0  0]]
gen= [[13 17 22 27  0]
 [13 17 20  0  0]
 [13 16 10  0  0]
 [21 15  9  0  0]
 [13 16  1 19  0]
 [ 4  6 20  0  0]
 [ 4 17  9 12  0]
 [17 16 15 23  0]
 [ 4 28  3 27  0]
 [ 1 17 27  0  0]]
valid: 0.712, real: 2.524682236027221, syn: 2.5886964974589577 ratio=0.9752716235779002
[ 460 iterations]
real= [[ 8 28 14 21  0]
 [23 20 14 19  0]
 [18 21 28 23  0]
 [28  0  0  0  0]
 [12 16 26 22  0]
 [25 28 13 18  0]
 [ 2 25 24 18  0]
 [25  8  9 21  0]
 [27  6  3  0  0]
 [21 18  5 11  0]]
gen= [[21 28  8  0  0]
 [23 20 14 19  0]
 [21 23 18  0  0]
 [28  0  0  0  0]
 [12 16 26 22  0]
 [25 13 18  0  0]
 [25 24  0  0  0]
 [25 21  0  0  0]
 [27  6  3  0  0]
 [21  5 11  0  0]]
valid: 0.621, real: 2.1991267083786514, syn: 2.2527583436320877 ratio=0.9761929035109168
[ 470 iterations]
real= [[24 23  0  0  0]
 [27 24  2  0  0]
 [ 1 23  9 10  0]
 [ 2 23 12 14  0]
 [ 5 28 15 19  0]
 [18 16  9 24  0]
 [25  8 11 24  0]
 [24 26  9 19  0]
 [25 24  6 15  0]
 [ 8 28 10 14  0]]
gen= [[23 24  0  0  0]
 [ 2 27 24  0  0]
 [ 1 23  0  0  0]
 [ 2 23  0  0  0]
 [ 5 28 15 19  0]
 [18 16  9 24  0]
 [25  8 11 24  0]
 [ 9 26 19 24  0]
 [25  6 15  0  0]
 [ 8 28 10 14  0]]
valid: 0.584, real: 2.069431187622517, syn: 2.127448245209187 ratio=0.9727292742762044
[ 480 iterations]
real= [[ 2 25 18 22  0]
 [ 4 17  9 22  0]
 [ 4 10  9 11  0]
 [ 1  5  6 24  0]
 [19  6 14  0  0]
 [27  5  0  0  0]
 [ 1 24 12 11  0]
 [21 13  0  0  0]
 [18 17  3  2  0]
 [28 10 15 14  0]]
gen= [[25 18 22  0  0]
 [ 4 17  9 22  0]
 [ 4 10  9 11  0]
 [ 1  5  6 24  0]
 [ 6 19 14  0  0]
 [27  5  0  0  0]
 [ 1 24 12 11  0]
 [13 21  0  0  0]
 [18 17  2  0  0]
 [28 10 15 14  0]]
valid: 0.665, real: 2.3726846041209018, syn: 2.4366208963180966 ratio=0.9737602627089806
[ 490 iterations]
real= [[ 7  0  0  0  0]
 [ 1 16  9 14  0]
 [ 8 14 10 22  0]
 [18 28 12 24  0]
 [13  1 12  7  0]
 [25 28  3 14  0]
 [ 1 16  4 23  0]
 [13 17  8 20  0]
 [ 1 24 10  6  0]
 [ 8 20  7  6  0]]
gen= [[ 7  0  0  0  0]
 [ 1 16  9  0  0]
 [ 8 10 14  0  0]
 [18 28 12  0  0]
 [ 1 13  0  0  0]
 [25 28  3  0  0]
 [ 1 16  4  0  0]
 [13 17  8  0  0]
 [ 1 10  6  0  0]
 [ 7  6  8  0  0]]
valid: 0.126, real: 0.34429001704621137, syn: 0.34862808867703715 ratio=0.9875567351807831
