read problem
[ 10 iterations]
real= [[25  0  0  0  0  0  0  0  0  0  0  0  0  0  0  0  0  0  0  0]
 [20 19  1 18 24 13 12  0  0  0  0  0  0  0  0  0  0  0  0  0]
 [ 9 19 14 10  0  0  0  0  0  0  0  0  0  0  0  0  0  0  0  0]
 [28 19  6  7  0  0  0  0  0  0  0  0  0  0  0  0  0  0  0  0]
 [ 1  0  0  0  0  0  0  0  0  0  0  0  0  0  0  0  0  0  0  0]
 [27  8  0  0  0  0  0  0  0  0  0  0  0  0  0  0  0  0  0  0]
 [28 25  4 12  9  3 24  7 26  0  0  0  0  0  0  0  0  0  0  0]
 [10 24  0  0  0  0  0  0  0  0  0  0  0  0  0  0  0  0  0  0]
 [23 17  2  4  0  0  0  0  0  0  0  0  0  0  0  0  0  0  0  0]
 [ 3 18 17 25  0  0  0  0  0  0  0  0  0  0  0  0  0  0  0  0]]
gen= [[0 0 0 0 0 0 0 0 0 0 0 0 0 0 0 0 0 0 0 0]
 [0 0 0 0 0 0 0 0 0 0 0 0 0 0 0 0 0 0 0 0]
 [0 0 0 0 0 0 0 0 0 0 0 0 0 0 0 0 0 0 0 0]
 [0 0 0 0 0 0 0 0 0 0 0 0 0 0 0 0 0 0 0 0]
 [0 0 0 0 0 0 0 0 0 0 0 0 0 0 0 0 0 0 0 0]
 [0 0 0 0 0 0 0 0 0 0 0 0 0 0 0 0 0 0 0 0]
 [0 0 0 0 0 0 0 0 0 0 0 0 0 0 0 0 0 0 0 0]
 [0 0 0 0 0 0 0 0 0 0 0 0 0 0 0 0 0 0 0 0]
 [0 0 0 0 0 0 0 0 0 0 0 0 0 0 0 0 0 0 0 0]
 [0 0 0 0 0 0 0 0 0 0 0 0 0 0 0 0 0 0 0 0]]
valid: gen=0.007
reward: norm=0.9408886495258552
[ 20 iterations]
real= [[27  7 10 21 28 20  0  0  0  0  0  0  0  0  0  0  0  0  0  0]
 [ 5 21 16 18 15  0  0  0  0  0  0  0  0  0  0  0  0  0  0  0]
 [ 5  7 11  2 25  0  0  0  0  0  0  0  0  0  0  0  0  0  0  0]
 [ 5 11  0  0  0  0  0  0  0  0  0  0  0  0  0  0  0  0  0  0]
 [ 9 26 14 19  0  0  0  0  0  0  0  0  0  0  0  0  0  0  0  0]
 [18 13 17  2  1  0  0  0  0  0  0  0  0  0  0  0  0  0  0  0]
 [23  6 24 18 13  0  0  0  0  0  0  0  0  0  0  0  0  0  0  0]
 [26 12  0  0  0  0  0  0  0  0  0  0  0  0  0  0  0  0  0  0]
 [10  0  0  0  0  0  0  0  0  0  0  0  0  0  0  0  0  0  0  0]
 [26 13 16  4 25 28  0  0  0  0  0  0  0  0  0  0  0  0  0  0]]
gen= [[0 0 0 0 0 0 0 0 0 0 0 0 0 0 0 0 0 0 0 0]
 [0 0 0 0 0 0 0 0 0 0 0 0 0 0 0 0 0 0 0 0]
 [0 0 0 0 0 0 0 0 0 0 0 0 0 0 0 0 0 0 0 0]
 [0 0 0 0 0 0 0 0 0 0 0 0 0 0 0 0 0 0 0 0]
 [0 0 0 0 0 0 0 0 0 0 0 0 0 0 0 0 0 0 0 0]
 [0 0 0 0 0 0 0 0 0 0 0 0 0 0 0 0 0 0 0 0]
 [0 0 0 0 0 0 0 0 0 0 0 0 0 0 0 0 0 0 0 0]
 [0 0 0 0 0 0 0 0 0 0 0 0 0 0 0 0 0 0 0 0]
 [0 0 0 0 0 0 0 0 0 0 0 0 0 0 0 0 0 0 0 0]
 [0 0 0 0 0 0 0 0 0 0 0 0 0 0 0 0 0 0 0 0]]
valid: gen=0.0
reward: norm=0.9400344925304731
[ 30 iterations]
real= [[22 14  0  0  0  0  0  0  0  0  0  0  0  0  0  0  0  0  0  0]
 [15  0  0  0  0  0  0  0  0  0  0  0  0  0  0  0  0  0  0  0]
 [23  6 24 13 19  9  1  0  0  0  0  0  0  0  0  0  0  0  0  0]
 [ 5 13  6 18 15  0  0  0  0  0  0  0  0  0  0  0  0  0  0  0]
 [27 25  0  0  0  0  0  0  0  0  0  0  0  0  0  0  0  0  0  0]
 [25 24  1  0  0  0  0  0  0  0  0  0  0  0  0  0  0  0  0  0]
 [23  7 15 12 13  8  0  0  0  0  0  0  0  0  0  0  0  0  0  0]
 [26 13 16 10  5  0  0  0  0  0  0  0  0  0  0  0  0  0  0  0]
 [17  2  0  0  0  0  0  0  0  0  0  0  0  0  0  0  0  0  0  0]
 [ 8  6  0  0  0  0  0  0  0  0  0  0  0  0  0  0  0  0  0  0]]
gen= [[0 0 0 0 0 0 0 0 0 0 0 0 0 0 0 0 0 0 0 0]
 [0 0 0 0 0 0 0 0 0 0 0 0 0 0 0 0 0 0 0 0]
 [0 0 0 0 0 0 0 0 0 0 0 0 0 0 0 0 0 0 0 0]
 [0 0 0 0 0 0 0 0 0 0 0 0 0 0 0 0 0 0 0 0]
 [0 0 0 0 0 0 0 0 0 0 0 0 0 0 0 0 0 0 0 0]
 [0 0 0 0 0 0 0 0 0 0 0 0 0 0 0 0 0 0 0 0]
 [0 0 0 0 0 0 0 0 0 0 0 0 0 0 0 0 0 0 0 0]
 [0 0 0 0 0 0 0 0 0 0 0 0 0 0 0 0 0 0 0 0]
 [0 0 0 0 0 0 0 0 0 0 0 0 0 0 0 0 0 0 0 0]
 [0 0 0 0 0 0 0 0 0 0 0 0 0 0 0 0 0 0 0 0]]
valid: gen=0.0
reward: norm=0.9438308524777813
[ 40 iterations]
real= [[ 1 28  3 13  4  0  0  0  0  0  0  0  0  0  0  0  0  0  0  0]
 [26 15 18 10 21 28 25 20  0  0  0  0  0  0  0  0  0  0  0  0]
 [ 3  0  0  0  0  0  0  0  0  0  0  0  0  0  0  0  0  0  0  0]
 [19 10 16  0  0  0  0  0  0  0  0  0  0  0  0  0  0  0  0  0]
 [11  2  0  0  0  0  0  0  0  0  0  0  0  0  0  0  0  0  0  0]
 [ 5 25 16 21  0  0  0  0  0  0  0  0  0  0  0  0  0  0  0  0]
 [ 5  6 20  0  0  0  0  0  0  0  0  0  0  0  0  0  0  0  0  0]
 [16  0  0  0  0  0  0  0  0  0  0  0  0  0  0  0  0  0  0  0]
 [26 13 14 18 20  8 27  0  0  0  0  0  0  0  0  0  0  0  0  0]
 [ 1 19  2  0  0  0  0  0  0  0  0  0  0  0  0  0  0  0  0  0]]
gen= [[0 0 0 0 0 0 0 0 0 0 0 0 0 0 0 0 0 0 0 0]
 [0 0 0 0 0 0 0 0 0 0 0 0 0 0 0 0 0 0 0 0]
 [0 0 0 0 0 0 0 0 0 0 0 0 0 0 0 0 0 0 0 0]
 [0 0 0 0 0 0 0 0 0 0 0 0 0 0 0 0 0 0 0 0]
 [0 0 0 0 0 0 0 0 0 0 0 0 0 0 0 0 0 0 0 0]
 [0 0 0 0 0 0 0 0 0 0 0 0 0 0 0 0 0 0 0 0]
 [0 0 0 0 0 0 0 0 0 0 0 0 0 0 0 0 0 0 0 0]
 [0 0 0 0 0 0 0 0 0 0 0 0 0 0 0 0 0 0 0 0]
 [0 0 0 0 0 0 0 0 0 0 0 0 0 0 0 0 0 0 0 0]
 [0 0 0 0 0 0 0 0 0 0 0 0 0 0 0 0 0 0 0 0]]
valid: gen=0.0
reward: norm=0.943698995825812
[ 50 iterations]
real= [[18  0  0  0  0  0  0  0  0  0  0  0  0  0  0  0  0  0  0  0]
 [18  8  1  0  0  0  0  0  0  0  0  0  0  0  0  0  0  0  0  0]
 [27  8 14  0  0  0  0  0  0  0  0  0  0  0  0  0  0  0  0  0]
 [27 28 14  6  0  0  0  0  0  0  0  0  0  0  0  0  0  0  0  0]
 [ 1  0  0  0  0  0  0  0  0  0  0  0  0  0  0  0  0  0  0  0]
 [15 13  0  0  0  0  0  0  0  0  0  0  0  0  0  0  0  0  0  0]
 [15 19  0  0  0  0  0  0  0  0  0  0  0  0  0  0  0  0  0  0]
 [ 2  0  0  0  0  0  0  0  0  0  0  0  0  0  0  0  0  0  0  0]
 [18  6  9  0  0  0  0  0  0  0  0  0  0  0  0  0  0  0  0  0]
 [11 20  1 19 13 24  7  0  0  0  0  0  0  0  0  0  0  0  0  0]]
gen= [[0 0 0 0 0 0 0 0 0 0 0 0 0 0 0 0 0 0 0 0]
 [0 0 0 0 0 0 0 0 0 0 0 0 0 0 0 0 0 0 0 0]
 [0 0 0 0 0 0 0 0 0 0 0 0 0 0 0 0 0 0 0 0]
 [0 0 0 0 0 0 0 0 0 0 0 0 0 0 0 0 0 0 0 0]
 [0 0 0 0 0 0 0 0 0 0 0 0 0 0 0 0 0 0 0 0]
 [0 0 0 0 0 0 0 0 0 0 0 0 0 0 0 0 0 0 0 0]
 [0 0 0 0 0 0 0 0 0 0 0 0 0 0 0 0 0 0 0 0]
 [0 0 0 0 0 0 0 0 0 0 0 0 0 0 0 0 0 0 0 0]
 [0 0 0 0 0 0 0 0 0 0 0 0 0 0 0 0 0 0 0 0]
 [0 0 0 0 0 0 0 0 0 0 0 0 0 0 0 0 0 0 0 0]]
valid: gen=0.0
reward: norm=0.9399539070576978
[ 60 iterations]
real= [[25  0  0  0  0  0  0  0  0  0  0  0  0  0  0  0  0  0  0  0]
 [20 19  1 18 24 13 12  0  0  0  0  0  0  0  0  0  0  0  0  0]
 [ 9 19 14 10  0  0  0  0  0  0  0  0  0  0  0  0  0  0  0  0]
 [28 19  6  7  0  0  0  0  0  0  0  0  0  0  0  0  0  0  0  0]
 [ 1  0  0  0  0  0  0  0  0  0  0  0  0  0  0  0  0  0  0  0]
 [27  8  0  0  0  0  0  0  0  0  0  0  0  0  0  0  0  0  0  0]
 [28 25  4 12  9  3 24  7 26  0  0  0  0  0  0  0  0  0  0  0]
 [10 24  0  0  0  0  0  0  0  0  0  0  0  0  0  0  0  0  0  0]
 [23 17  2  4  0  0  0  0  0  0  0  0  0  0  0  0  0  0  0  0]
 [ 3 18 17 25  0  0  0  0  0  0  0  0  0  0  0  0  0  0  0  0]]
gen= [[0 0 0 0 0 0 0 0 0 0 0 0 0 0 0 0 0 0 0 0]
 [0 0 0 0 0 0 0 0 0 0 0 0 0 0 0 0 0 0 0 0]
 [0 0 0 0 0 0 0 0 0 0 0 0 0 0 0 0 0 0 0 0]
 [0 0 0 0 0 0 0 0 0 0 0 0 0 0 0 0 0 0 0 0]
 [0 0 0 0 0 0 0 0 0 0 0 0 0 0 0 0 0 0 0 0]
 [0 0 0 0 0 0 0 0 0 0 0 0 0 0 0 0 0 0 0 0]
 [0 0 0 0 0 0 0 0 0 0 0 0 0 0 0 0 0 0 0 0]
 [0 0 0 0 0 0 0 0 0 0 0 0 0 0 0 0 0 0 0 0]
 [0 0 0 0 0 0 0 0 0 0 0 0 0 0 0 0 0 0 0 0]
 [0 0 0 0 0 0 0 0 0 0 0 0 0 0 0 0 0 0 0 0]]
valid: gen=0.0
reward: norm=0.9424129030643986
[ 70 iterations]
real= [[27  7 10 21 28 20  0  0  0  0  0  0  0  0  0  0  0  0  0  0]
 [ 5 21 16 18 15  0  0  0  0  0  0  0  0  0  0  0  0  0  0  0]
 [ 5  7 11  2 25  0  0  0  0  0  0  0  0  0  0  0  0  0  0  0]
 [ 5 11  0  0  0  0  0  0  0  0  0  0  0  0  0  0  0  0  0  0]
 [ 9 26 14 19  0  0  0  0  0  0  0  0  0  0  0  0  0  0  0  0]
 [18 13 17  2  1  0  0  0  0  0  0  0  0  0  0  0  0  0  0  0]
 [23  6 24 18 13  0  0  0  0  0  0  0  0  0  0  0  0  0  0  0]
 [26 12  0  0  0  0  0  0  0  0  0  0  0  0  0  0  0  0  0  0]
 [10  0  0  0  0  0  0  0  0  0  0  0  0  0  0  0  0  0  0  0]
 [26 13 16  4 25 28  0  0  0  0  0  0  0  0  0  0  0  0  0  0]]
gen= [[0 0 0 0 0 0 0 0 0 0 0 0 0 0 0 0 0 0 0 0]
 [0 0 0 0 0 0 0 0 0 0 0 0 0 0 0 0 0 0 0 0]
 [0 0 0 0 0 0 0 0 0 0 0 0 0 0 0 0 0 0 0 0]
 [0 0 0 0 0 0 0 0 0 0 0 0 0 0 0 0 0 0 0 0]
 [0 0 0 0 0 0 0 0 0 0 0 0 0 0 0 0 0 0 0 0]
 [0 0 0 0 0 0 0 0 0 0 0 0 0 0 0 0 0 0 0 0]
 [0 0 0 0 0 0 0 0 0 0 0 0 0 0 0 0 0 0 0 0]
 [0 0 0 0 0 0 0 0 0 0 0 0 0 0 0 0 0 0 0 0]
 [0 0 0 0 0 0 0 0 0 0 0 0 0 0 0 0 0 0 0 0]
 [0 0 0 0 0 0 0 0 0 0 0 0 0 0 0 0 0 0 0 0]]
valid: gen=0.0
reward: norm=0.9400344925304731
[ 80 iterations]
real= [[22 14  0  0  0  0  0  0  0  0  0  0  0  0  0  0  0  0  0  0]
 [15  0  0  0  0  0  0  0  0  0  0  0  0  0  0  0  0  0  0  0]
 [23  6 24 13 19  9  1  0  0  0  0  0  0  0  0  0  0  0  0  0]
 [ 5 13  6 18 15  0  0  0  0  0  0  0  0  0  0  0  0  0  0  0]
 [27 25  0  0  0  0  0  0  0  0  0  0  0  0  0  0  0  0  0  0]
 [25 24  1  0  0  0  0  0  0  0  0  0  0  0  0  0  0  0  0  0]
 [23  7 15 12 13  8  0  0  0  0  0  0  0  0  0  0  0  0  0  0]
 [26 13 16 10  5  0  0  0  0  0  0  0  0  0  0  0  0  0  0  0]
 [17  2  0  0  0  0  0  0  0  0  0  0  0  0  0  0  0  0  0  0]
 [ 8  6  0  0  0  0  0  0  0  0  0  0  0  0  0  0  0  0  0  0]]
gen= [[0 0 0 0 0 0 0 0 0 0 0 0 0 0 0 0 0 0 0 0]
 [0 0 0 0 0 0 0 0 0 0 0 0 0 0 0 0 0 0 0 0]
 [0 0 0 0 0 0 0 0 0 0 0 0 0 0 0 0 0 0 0 0]
 [0 0 0 0 0 0 0 0 0 0 0 0 0 0 0 0 0 0 0 0]
 [0 0 0 0 0 0 0 0 0 0 0 0 0 0 0 0 0 0 0 0]
 [0 0 0 0 0 0 0 0 0 0 0 0 0 0 0 0 0 0 0 0]
 [0 0 0 0 0 0 0 0 0 0 0 0 0 0 0 0 0 0 0 0]
 [0 0 0 0 0 0 0 0 0 0 0 0 0 0 0 0 0 0 0 0]
 [0 0 0 0 0 0 0 0 0 0 0 0 0 0 0 0 0 0 0 0]
 [0 0 0 0 0 0 0 0 0 0 0 0 0 0 0 0 0 0 0 0]]
valid: gen=0.0
reward: norm=0.9438308524777813
[ 90 iterations]
real= [[ 1 28  3 13  4  0  0  0  0  0  0  0  0  0  0  0  0  0  0  0]
 [26 15 18 10 21 28 25 20  0  0  0  0  0  0  0  0  0  0  0  0]
 [ 3  0  0  0  0  0  0  0  0  0  0  0  0  0  0  0  0  0  0  0]
 [19 10 16  0  0  0  0  0  0  0  0  0  0  0  0  0  0  0  0  0]
 [11  2  0  0  0  0  0  0  0  0  0  0  0  0  0  0  0  0  0  0]
 [ 5 25 16 21  0  0  0  0  0  0  0  0  0  0  0  0  0  0  0  0]
 [ 5  6 20  0  0  0  0  0  0  0  0  0  0  0  0  0  0  0  0  0]
 [16  0  0  0  0  0  0  0  0  0  0  0  0  0  0  0  0  0  0  0]
 [26 13 14 18 20  8 27  0  0  0  0  0  0  0  0  0  0  0  0  0]
 [ 1 19  2  0  0  0  0  0  0  0  0  0  0  0  0  0  0  0  0  0]]
gen= [[0 0 0 0 0 0 0 0 0 0 0 0 0 0 0 0 0 0 0 0]
 [0 0 0 0 0 0 0 0 0 0 0 0 0 0 0 0 0 0 0 0]
 [0 0 0 0 0 0 0 0 0 0 0 0 0 0 0 0 0 0 0 0]
 [0 0 0 0 0 0 0 0 0 0 0 0 0 0 0 0 0 0 0 0]
 [0 0 0 0 0 0 0 0 0 0 0 0 0 0 0 0 0 0 0 0]
 [0 0 0 0 0 0 0 0 0 0 0 0 0 0 0 0 0 0 0 0]
 [0 0 0 0 0 0 0 0 0 0 0 0 0 0 0 0 0 0 0 0]
 [0 0 0 0 0 0 0 0 0 0 0 0 0 0 0 0 0 0 0 0]
 [0 0 0 0 0 0 0 0 0 0 0 0 0 0 0 0 0 0 0 0]
 [0 0 0 0 0 0 0 0 0 0 0 0 0 0 0 0 0 0 0 0]]
valid: gen=0.0
reward: norm=0.943698995825812
[ 100 iterations]
real= [[18  0  0  0  0  0  0  0  0  0  0  0  0  0  0  0  0  0  0  0]
 [18  8  1  0  0  0  0  0  0  0  0  0  0  0  0  0  0  0  0  0]
 [27  8 14  0  0  0  0  0  0  0  0  0  0  0  0  0  0  0  0  0]
 [27 28 14  6  0  0  0  0  0  0  0  0  0  0  0  0  0  0  0  0]
 [ 1  0  0  0  0  0  0  0  0  0  0  0  0  0  0  0  0  0  0  0]
 [15 13  0  0  0  0  0  0  0  0  0  0  0  0  0  0  0  0  0  0]
 [15 19  0  0  0  0  0  0  0  0  0  0  0  0  0  0  0  0  0  0]
 [ 2  0  0  0  0  0  0  0  0  0  0  0  0  0  0  0  0  0  0  0]
 [18  6  9  0  0  0  0  0  0  0  0  0  0  0  0  0  0  0  0  0]
 [11 20  1 19 13 24  7  0  0  0  0  0  0  0  0  0  0  0  0  0]]
gen= [[0 0 0 0 0 0 0 0 0 0 0 0 0 0 0 0 0 0 0 0]
 [0 0 0 0 0 0 0 0 0 0 0 0 0 0 0 0 0 0 0 0]
 [0 0 0 0 0 0 0 0 0 0 0 0 0 0 0 0 0 0 0 0]
 [0 0 0 0 0 0 0 0 0 0 0 0 0 0 0 0 0 0 0 0]
 [0 0 0 0 0 0 0 0 0 0 0 0 0 0 0 0 0 0 0 0]
 [0 0 0 0 0 0 0 0 0 0 0 0 0 0 0 0 0 0 0 0]
 [0 0 0 0 0 0 0 0 0 0 0 0 0 0 0 0 0 0 0 0]
 [0 0 0 0 0 0 0 0 0 0 0 0 0 0 0 0 0 0 0 0]
 [0 0 0 0 0 0 0 0 0 0 0 0 0 0 0 0 0 0 0 0]
 [0 0 0 0 0 0 0 0 0 0 0 0 0 0 0 0 0 0 0 0]]
valid: gen=0.001
reward: norm=0.9398570418913682
[ 110 iterations]
real= [[25  0  0  0  0  0  0  0  0  0  0  0  0  0  0  0  0  0  0  0]
 [20 19  1 18 24 13 12  0  0  0  0  0  0  0  0  0  0  0  0  0]
 [ 9 19 14 10  0  0  0  0  0  0  0  0  0  0  0  0  0  0  0  0]
 [28 19  6  7  0  0  0  0  0  0  0  0  0  0  0  0  0  0  0  0]
 [ 1  0  0  0  0  0  0  0  0  0  0  0  0  0  0  0  0  0  0  0]
 [27  8  0  0  0  0  0  0  0  0  0  0  0  0  0  0  0  0  0  0]
 [28 25  4 12  9  3 24  7 26  0  0  0  0  0  0  0  0  0  0  0]
 [10 24  0  0  0  0  0  0  0  0  0  0  0  0  0  0  0  0  0  0]
 [23 17  2  4  0  0  0  0  0  0  0  0  0  0  0  0  0  0  0  0]
 [ 3 18 17 25  0  0  0  0  0  0  0  0  0  0  0  0  0  0  0  0]]
gen= [[0 0 0 0 0 0 0 0 0 0 0 0 0 0 0 0 0 0 0 0]
 [0 0 0 0 0 0 0 0 0 0 0 0 0 0 0 0 0 0 0 0]
 [0 0 0 0 0 0 0 0 0 0 0 0 0 0 0 0 0 0 0 0]
 [0 0 0 0 0 0 0 0 0 0 0 0 0 0 0 0 0 0 0 0]
 [1 0 0 0 0 0 0 0 0 0 0 0 0 0 0 0 0 0 0 0]
 [0 0 0 0 0 0 0 0 0 0 0 0 0 0 0 0 0 0 0 0]
 [0 0 0 0 0 0 0 0 0 0 0 0 0 0 0 0 0 0 0 0]
 [0 0 0 0 0 0 0 0 0 0 0 0 0 0 0 0 0 0 0 0]
 [0 0 0 0 0 0 0 0 0 0 0 0 0 0 0 0 0 0 0 0]
 [0 0 0 0 0 0 0 0 0 0 0 0 0 0 0 0 0 0 0 0]]
valid: gen=0.015
reward: norm=0.9396541068937
[ 120 iterations]
real= [[27  7 10 21 28 20  0  0  0  0  0  0  0  0  0  0  0  0  0  0]
 [ 5 21 16 18 15  0  0  0  0  0  0  0  0  0  0  0  0  0  0  0]
 [ 5  7 11  2 25  0  0  0  0  0  0  0  0  0  0  0  0  0  0  0]
 [ 5 11  0  0  0  0  0  0  0  0  0  0  0  0  0  0  0  0  0  0]
 [ 9 26 14 19  0  0  0  0  0  0  0  0  0  0  0  0  0  0  0  0]
 [18 13 17  2  1  0  0  0  0  0  0  0  0  0  0  0  0  0  0  0]
 [23  6 24 18 13  0  0  0  0  0  0  0  0  0  0  0  0  0  0  0]
 [26 12  0  0  0  0  0  0  0  0  0  0  0  0  0  0  0  0  0  0]
 [10  0  0  0  0  0  0  0  0  0  0  0  0  0  0  0  0  0  0  0]
 [26 13 16  4 25 28  0  0  0  0  0  0  0  0  0  0  0  0  0  0]]
gen= [[28 28 28 28 28  0  0  0  0  0  0  0  0  0  0  0  0  0  0  0]
 [18 18 18  0  0  0  0  0  0  0  0  0  0  0  0  0  0  0  0  0]
 [ 5 25 25 25  0  0  0  0  0  0  0  0  0  0  0  0  0  0  0  0]
 [ 0  0  0  0  0  0  0  0  0  0  0  0  0  0  0  0  0  0  0  0]
 [ 9  0  0  9  0  0  0  0  0  0  0  0  0  0  0  0  0  0  0  0]
 [13 13  0  0 18 18  0  0  0  0  0  0  0  0  0  0  0  0  0  0]
 [ 0 13  0  0  0  0  0  0  0  0  0  0  0  0  0  0  0  0  0  0]
 [ 0  0  0  0  0  0  0  0  0  0  0  0  0  0  0  0  0  0  0  0]
 [ 0  0  0  0  0  0  0  0  0  0  0  0  0  0  0  0  0  0  0  0]
 [ 4 13 13  0  0 13  0  0  0  0  0  0  0  0  0  0  0  0  0  0]]
valid: gen=0.022
reward: norm=0.9306826852650847
[ 130 iterations]
real= [[22 14  0  0  0  0  0  0  0  0  0  0  0  0  0  0  0  0  0  0]
 [15  0  0  0  0  0  0  0  0  0  0  0  0  0  0  0  0  0  0  0]
 [23  6 24 13 19  9  1  0  0  0  0  0  0  0  0  0  0  0  0  0]
 [ 5 13  6 18 15  0  0  0  0  0  0  0  0  0  0  0  0  0  0  0]
 [27 25  0  0  0  0  0  0  0  0  0  0  0  0  0  0  0  0  0  0]
 [25 24  1  0  0  0  0  0  0  0  0  0  0  0  0  0  0  0  0  0]
 [23  7 15 12 13  8  0  0  0  0  0  0  0  0  0  0  0  0  0  0]
 [26 13 16 10  5  0  0  0  0  0  0  0  0  0  0  0  0  0  0  0]
 [17  2  0  0  0  0  0  0  0  0  0  0  0  0  0  0  0  0  0  0]
 [ 8  6  0  0  0  0  0  0  0  0  0  0  0  0  0  0  0  0  0  0]]
gen= [[ 0  0  0  0  0  0  0  0  0  0  0  0  0  0  0  0  0  0  0  0]
 [ 0  0  0  0  0  0  0  0  0  0  0  0  0  0  0  0  0  0  0  0]
 [ 0  0  0  0  0  0  0  0  0  0  0  0  0  0  0  0  0  0  0  0]
 [ 0  0  0  0  0  0  0  0  0  0  0  0  0  0  0  0  0  0  0  0]
 [25  0  0  0  0  0  0  0  0  0  0  0  0  0  0  0  0  0  0  0]
 [24  0  0  0  0  0  0  0  0  0  0  0  0  0  0  0  0  0  0  0]
 [23  0  0  0  0  0  0  0  0  0  0  0  0  0  0  0  0  0  0  0]
 [13  0  0  0  0  0  0  0  0  0  0  0  0  0  0  0  0  0  0  0]
 [17  0  0  0  0  0  0  0  0  0  0  0  0  0  0  0  0  0  0  0]
 [ 0  0  0  0  0  0  0  0  0  0  0  0  0  0  0  0  0  0  0  0]]
valid: gen=0.061
reward: norm=0.9228575507542306
[ 140 iterations]
real= [[ 1 28  3 13  4  0  0  0  0  0  0  0  0  0  0  0  0  0  0  0]
 [26 15 18 10 21 28 25 20  0  0  0  0  0  0  0  0  0  0  0  0]
 [ 3  0  0  0  0  0  0  0  0  0  0  0  0  0  0  0  0  0  0  0]
 [19 10 16  0  0  0  0  0  0  0  0  0  0  0  0  0  0  0  0  0]
 [11  2  0  0  0  0  0  0  0  0  0  0  0  0  0  0  0  0  0  0]
 [ 5 25 16 21  0  0  0  0  0  0  0  0  0  0  0  0  0  0  0  0]
 [ 5  6 20  0  0  0  0  0  0  0  0  0  0  0  0  0  0  0  0  0]
 [16  0  0  0  0  0  0  0  0  0  0  0  0  0  0  0  0  0  0  0]
 [26 13 14 18 20  8 27  0  0  0  0  0  0  0  0  0  0  0  0  0]
 [ 1 19  2  0  0  0  0  0  0  0  0  0  0  0  0  0  0  0  0  0]]
gen= [[ 4  0  0  0  0  0  0  0  0  0  0  0  0  0  0  0  0  0  0  0]
 [ 0  0  0  0  0  0  0  0  0  0  0  0  0  0  0  0  0  0  0  0]
 [ 0  0  0  0  0  0  0  0  0  0  0  0  0  0  0  0  0  0  0  0]
 [ 0  0  0  0  0  0  0  0  0  0  0  0  0  0  0  0  0  0  0  0]
 [ 0  0  0  0  0  0  0  0  0  0  0  0  0  0  0  0  0  0  0  0]
 [25  0  0  0  0  0  0  0  0  0  0  0  0  0  0  0  0  0  0  0]
 [ 0  0  0  0  0  0  0  0  0  0  0  0  0  0  0  0  0  0  0  0]
 [ 0  0  0  0  0  0  0  0  0  0  0  0  0  0  0  0  0  0  0  0]
 [ 0  0  0  0  0  0  0  0  0  0  0  0  0  0  0  0  0  0  0  0]
 [ 1  0  0  0  0  0  0  0  0  0  0  0  0  0  0  0  0  0  0  0]]
valid: gen=0.049
reward: norm=0.9278580430573132
[ 150 iterations]
real= [[18  0  0  0  0  0  0  0  0  0  0  0  0  0  0  0  0  0  0  0]
 [18  8  1  0  0  0  0  0  0  0  0  0  0  0  0  0  0  0  0  0]
 [27  8 14  0  0  0  0  0  0  0  0  0  0  0  0  0  0  0  0  0]
 [27 28 14  6  0  0  0  0  0  0  0  0  0  0  0  0  0  0  0  0]
 [ 1  0  0  0  0  0  0  0  0  0  0  0  0  0  0  0  0  0  0  0]
 [15 13  0  0  0  0  0  0  0  0  0  0  0  0  0  0  0  0  0  0]
 [15 19  0  0  0  0  0  0  0  0  0  0  0  0  0  0  0  0  0  0]
 [ 2  0  0  0  0  0  0  0  0  0  0  0  0  0  0  0  0  0  0  0]
 [18  6  9  0  0  0  0  0  0  0  0  0  0  0  0  0  0  0  0  0]
 [11 20  1 19 13 24  7  0  0  0  0  0  0  0  0  0  0  0  0  0]]
gen= [[ 0  0  0  0  0  0  0  0  0  0  0  0  0  0  0  0  0  0  0  0]
 [ 8  0  0  0  0  0  0  0  0  0  0  0  0  0  0  0  0  0  0  0]
 [ 0  0  0  0  0  0  0  0  0  0  0  0  0  0  0  0  0  0  0  0]
 [27  0  0  0  0  0  0  0  0  0  0  0  0  0  0  0  0  0  0  0]
 [ 1  0  0  0  0  0  0  0  0  0  0  0  0  0  0  0  0  0  0  0]
 [ 0  0  0  0  0  0  0  0  0  0  0  0  0  0  0  0  0  0  0  0]
 [ 0  0  0  0  0  0  0  0  0  0  0  0  0  0  0  0  0  0  0  0]
 [ 0  0  0  0  0  0  0  0  0  0  0  0  0  0  0  0  0  0  0  0]
 [ 0  0  0  0  0  0  0  0  0  0  0  0  0  0  0  0  0  0  0  0]
 [11  0  0  0  0  0  0  0  0  0  0  0  0  0  0  0  0  0  0  0]]
valid: gen=0.045
reward: norm=0.9274201839824618
[ 160 iterations]
real= [[25  0  0  0  0  0  0  0  0  0  0  0  0  0  0  0  0  0  0  0]
 [20 19  1 18 24 13 12  0  0  0  0  0  0  0  0  0  0  0  0  0]
 [ 9 19 14 10  0  0  0  0  0  0  0  0  0  0  0  0  0  0  0  0]
 [28 19  6  7  0  0  0  0  0  0  0  0  0  0  0  0  0  0  0  0]
 [ 1  0  0  0  0  0  0  0  0  0  0  0  0  0  0  0  0  0  0  0]
 [27  8  0  0  0  0  0  0  0  0  0  0  0  0  0  0  0  0  0  0]
 [28 25  4 12  9  3 24  7 26  0  0  0  0  0  0  0  0  0  0  0]
 [10 24  0  0  0  0  0  0  0  0  0  0  0  0  0  0  0  0  0  0]
 [23 17  2  4  0  0  0  0  0  0  0  0  0  0  0  0  0  0  0  0]
 [ 3 18 17 25  0  0  0  0  0  0  0  0  0  0  0  0  0  0  0  0]]
gen= [[25  0  0  0  0  0  0  0  0  0  0  0  0  0  0  0  0  0  0  0]
 [ 0  0  0  0  0  0  0  0  0  0  0  0  0  0  0  0  0  0  0  0]
 [ 0  0  0  0  0  0  0  0  0  0  0  0  0  0  0  0  0  0  0  0]
 [ 0  0  0  0  0  0  0  0  0  0  0  0  0  0  0  0  0  0  0  0]
 [ 0  0  0  0  0  0  0  0  0  0  0  0  0  0  0  0  0  0  0  0]
 [ 0  0  0  0  0  0  0  0  0  0  0  0  0  0  0  0  0  0  0  0]
 [ 0  0  0  0  0  0  0  0  0  0  0  0  0  0  0  0  0  0  0  0]
 [ 0  0  0  0  0  0  0  0  0  0  0  0  0  0  0  0  0  0  0  0]
 [ 0  0  0  0  0  0  0  0  0  0  0  0  0  0  0  0  0  0  0  0]
 [ 0  0  0  0  0  0  0  0  0  0  0  0  0  0  0  0  0  0  0  0]]
valid: gen=0.041
reward: norm=0.9313880600575956
[ 170 iterations]
real= [[27  7 10 21 28 20  0  0  0  0  0  0  0  0  0  0  0  0  0  0]
 [ 5 21 16 18 15  0  0  0  0  0  0  0  0  0  0  0  0  0  0  0]
 [ 5  7 11  2 25  0  0  0  0  0  0  0  0  0  0  0  0  0  0  0]
 [ 5 11  0  0  0  0  0  0  0  0  0  0  0  0  0  0  0  0  0  0]
 [ 9 26 14 19  0  0  0  0  0  0  0  0  0  0  0  0  0  0  0  0]
 [18 13 17  2  1  0  0  0  0  0  0  0  0  0  0  0  0  0  0  0]
 [23  6 24 18 13  0  0  0  0  0  0  0  0  0  0  0  0  0  0  0]
 [26 12  0  0  0  0  0  0  0  0  0  0  0  0  0  0  0  0  0  0]
 [10  0  0  0  0  0  0  0  0  0  0  0  0  0  0  0  0  0  0  0]
 [26 13 16  4 25 28  0  0  0  0  0  0  0  0  0  0  0  0  0  0]]
gen= [[ 0  0  0  0  0  0  0  0  0  0  0  0  0  0  0  0  0  0  0  0]
 [ 0  0  0  0  0  0  0  0  0  0  0  0  0  0  0  0  0  0  0  0]
 [ 0  0  0  0  0  0  0  0  0  0  0  0  0  0  0  0  0  0  0  0]
 [11 11  0  0  0  0  0  0  0  0  0  0  0  0  0  0  0  0  0  0]
 [ 0  0  0  0  0  0  0  0  0  0  0  0  0  0  0  0  0  0  0  0]
 [ 0  0  0  0  0  0  0  0  0  0  0  0  0  0  0  0  0  0  0  0]
 [24  0  0  0  0  0  0  0  0  0  0  0  0  0  0  0  0  0  0  0]
 [26  0  0  0  0  0  0  0  0  0  0  0  0  0  0  0  0  0  0  0]
 [ 0  0  0  0  0  0  0  0  0  0  0  0  0  0  0  0  0  0  0  0]
 [13  0  0  0  0  0  0  0  0  0  0  0  0  0  0  0  0  0  0  0]]
valid: gen=0.046
reward: norm=0.9265335053955824
[ 180 iterations]
real= [[22 14  0  0  0  0  0  0  0  0  0  0  0  0  0  0  0  0  0  0]
 [15  0  0  0  0  0  0  0  0  0  0  0  0  0  0  0  0  0  0  0]
 [23  6 24 13 19  9  1  0  0  0  0  0  0  0  0  0  0  0  0  0]
 [ 5 13  6 18 15  0  0  0  0  0  0  0  0  0  0  0  0  0  0  0]
 [27 25  0  0  0  0  0  0  0  0  0  0  0  0  0  0  0  0  0  0]
 [25 24  1  0  0  0  0  0  0  0  0  0  0  0  0  0  0  0  0  0]
 [23  7 15 12 13  8  0  0  0  0  0  0  0  0  0  0  0  0  0  0]
 [26 13 16 10  5  0  0  0  0  0  0  0  0  0  0  0  0  0  0  0]
 [17  2  0  0  0  0  0  0  0  0  0  0  0  0  0  0  0  0  0  0]
 [ 8  6  0  0  0  0  0  0  0  0  0  0  0  0  0  0  0  0  0  0]]
gen= [[22  0  0  0  0  0  0  0  0  0  0  0  0  0  0  0  0  0  0  0]
 [ 0  0  0  0  0  0  0  0  0  0  0  0  0  0  0  0  0  0  0  0]
 [24 24 13 13  0  0  0  0  0  0  0  0  0  0  0  0  0  0  0  0]
 [ 0  0  0  0  0  0  0  0  0  0  0  0  0  0  0  0  0  0  0  0]
 [25 25  0  0  0  0  0  0  0  0  0  0  0  0  0  0  0  0  0  0]
 [24  0  0  0  0  0  0  0  0  0  0  0  0  0  0  0  0  0  0  0]
 [13  0  0  0  0  0  0  0  0  0  0  0  0  0  0  0  0  0  0  0]
 [13 13  0  0  0  0  0  0  0  0  0  0  0  0  0  0  0  0  0  0]
 [17  0  0  0  0  0  0  0  0  0  0  0  0  0  0  0  0  0  0  0]
 [ 8  8  8  0  0  0  0  0  0  0  0  0  0  0  0  0  0  0  0  0]]
valid: gen=0.042
reward: norm=0.9252919513075463
[ 190 iterations]
real= [[ 1 28  3 13  4  0  0  0  0  0  0  0  0  0  0  0  0  0  0  0]
 [26 15 18 10 21 28 25 20  0  0  0  0  0  0  0  0  0  0  0  0]
 [ 3  0  0  0  0  0  0  0  0  0  0  0  0  0  0  0  0  0  0  0]
 [19 10 16  0  0  0  0  0  0  0  0  0  0  0  0  0  0  0  0  0]
 [11  2  0  0  0  0  0  0  0  0  0  0  0  0  0  0  0  0  0  0]
 [ 5 25 16 21  0  0  0  0  0  0  0  0  0  0  0  0  0  0  0  0]
 [ 5  6 20  0  0  0  0  0  0  0  0  0  0  0  0  0  0  0  0  0]
 [16  0  0  0  0  0  0  0  0  0  0  0  0  0  0  0  0  0  0  0]
 [26 13 14 18 20  8 27  0  0  0  0  0  0  0  0  0  0  0  0  0]
 [ 1 19  2  0  0  0  0  0  0  0  0  0  0  0  0  0  0  0  0  0]]
gen= [[13 13 13  0  0  0  0  0  0  0  0  0  0  0  0  0  0  0  0  0]
 [20 25 25 25  0  0  0  0  0  0  0  0  0  0  0  0  0  0  0  0]
 [ 0  3  3  0  0  0  0  0  0  0  0  0  0  0  0  0  0  0  0  0]
 [ 0  0  0  0  0  0  0  0  0  0  0  0  0  0  0  0  0  0  0  0]
 [11  0  0  0  0  0  0  0  0  0  0  0  0  0  0  0  0  0  0  0]
 [25 21  0 16  0  0  0  0  0  0  0  0  0  0  0  0  0  0  0  0]
 [ 0  0  5  0  0  0  0  0  0  0  0  0  0  0  0  0  0  0  0  0]
 [ 0  0  0  0  0  0  0  0  0  0  0  0  0  0  0  0  0  0  0  0]
 [13 13 13  0  0  0  0  0  0  0  0  0  0  0  0  0  0  0  0  0]
 [ 0  0  0  0  0  0  0  0  0  0  0  0  0  0  0  0  0  0  0  0]]
valid: gen=0.025
reward: norm=0.9340056546391168
[ 200 iterations]
real= [[18  0  0  0  0  0  0  0  0  0  0  0  0  0  0  0  0  0  0  0]
 [18  8  1  0  0  0  0  0  0  0  0  0  0  0  0  0  0  0  0  0]
 [27  8 14  0  0  0  0  0  0  0  0  0  0  0  0  0  0  0  0  0]
 [27 28 14  6  0  0  0  0  0  0  0  0  0  0  0  0  0  0  0  0]
 [ 1  0  0  0  0  0  0  0  0  0  0  0  0  0  0  0  0  0  0  0]
 [15 13  0  0  0  0  0  0  0  0  0  0  0  0  0  0  0  0  0  0]
 [15 19  0  0  0  0  0  0  0  0  0  0  0  0  0  0  0  0  0  0]
 [ 2  0  0  0  0  0  0  0  0  0  0  0  0  0  0  0  0  0  0  0]
 [18  6  9  0  0  0  0  0  0  0  0  0  0  0  0  0  0  0  0  0]
 [11 20  1 19 13 24  7  0  0  0  0  0  0  0  0  0  0  0  0  0]]
gen= [[ 0  0  0  0  0  0  0  0  0  0  0  0  0  0  0  0  0  0  0  0]
 [ 0  0  0  0  0  0  0  0  0  0  0  0  0  0  0  0  0  0  0  0]
 [ 0  0  0  0  0  0  0  0  0  0  0  0  0  0  0  0  0  0  0  0]
 [ 6  0  0  0  0  0  0  0  0  0  0  0  0  0  0  0  0  0  0  0]
 [ 0  0  0  0  0  0  0  0  0  0  0  0  0  0  0  0  0  0  0  0]
 [13  0  0  0  0  0  0  0  0  0  0  0  0  0  0  0  0  0  0  0]
 [ 0  0 19  0 19  0  0 19  0  0  0  0  0  0  0  0  0  0  0  0]
 [ 0  0  0  0  0  0  0  0  0  0  0  0  0  0  0  0  0  0  0  0]
 [ 0  0  0  0  0  0  0  0  0  0  0  0  0  0  0  0  0  0  0  0]
 [13 13  0 19 19  0  0  0  0  0  0  0  0  0  0  0  0  0  0  0]]
valid: gen=0.027
reward: norm=0.9299201063989522
[ 210 iterations]
real= [[25  0  0  0  0  0  0  0  0  0  0  0  0  0  0  0  0  0  0  0]
 [20 19  1 18 24 13 12  0  0  0  0  0  0  0  0  0  0  0  0  0]
 [ 9 19 14 10  0  0  0  0  0  0  0  0  0  0  0  0  0  0  0  0]
 [28 19  6  7  0  0  0  0  0  0  0  0  0  0  0  0  0  0  0  0]
 [ 1  0  0  0  0  0  0  0  0  0  0  0  0  0  0  0  0  0  0  0]
 [27  8  0  0  0  0  0  0  0  0  0  0  0  0  0  0  0  0  0  0]
 [28 25  4 12  9  3 24  7 26  0  0  0  0  0  0  0  0  0  0  0]
 [10 24  0  0  0  0  0  0  0  0  0  0  0  0  0  0  0  0  0  0]
 [23 17  2  4  0  0  0  0  0  0  0  0  0  0  0  0  0  0  0  0]
 [ 3 18 17 25  0  0  0  0  0  0  0  0  0  0  0  0  0  0  0  0]]
gen= [[ 0  0  0  0  0  0  0  0  0  0  0  0  0  0  0  0  0  0  0  0]
 [ 0  0  0  0  0  0  0  0  0  0  0  0  0  0  0  0  0  0  0  0]
 [10  0 10  0  0  0  0  0  0  9  9  9  0  0  0  0  0  0  0  0]
 [ 0  0  0  0  0  0  0  0  0  0  0  0  0  0  0  0  0  0  0  0]
 [ 0  0  0  0  0  0  0  0  0  0  0  0  0  0  0  0  0  0  0  0]
 [ 0  0  0  0  0  0  0  0  0  0  0  0  0  0  0  0  0  0  0  0]
 [ 9  9  9  0  0  0  0  0  0  0  0  0  0  0  0  0  0  0  0  0]
 [24  0  0  0  0  0  0  0  0  0  0  0  0  0  0  0  0  0  0  0]
 [ 0 17 17  0  0  0  0  0  0  0  0  0  0  0  0  0  0  0  0  0]
 [ 0 17 17 17 17 17  0  0  0  0  0  0  0  0  0  0  0  0  0  0]]
valid: gen=0.025
reward: norm=0.9350476267509625
[ 220 iterations]
real= [[27  7 10 21 28 20  0  0  0  0  0  0  0  0  0  0  0  0  0  0]
 [ 5 21 16 18 15  0  0  0  0  0  0  0  0  0  0  0  0  0  0  0]
 [ 5  7 11  2 25  0  0  0  0  0  0  0  0  0  0  0  0  0  0  0]
 [ 5 11  0  0  0  0  0  0  0  0  0  0  0  0  0  0  0  0  0  0]
 [ 9 26 14 19  0  0  0  0  0  0  0  0  0  0  0  0  0  0  0  0]
 [18 13 17  2  1  0  0  0  0  0  0  0  0  0  0  0  0  0  0  0]
 [23  6 24 18 13  0  0  0  0  0  0  0  0  0  0  0  0  0  0  0]
 [26 12  0  0  0  0  0  0  0  0  0  0  0  0  0  0  0  0  0  0]
 [10  0  0  0  0  0  0  0  0  0  0  0  0  0  0  0  0  0  0  0]
 [26 13 16  4 25 28  0  0  0  0  0  0  0  0  0  0  0  0  0  0]]
gen= [[ 0  0  0  0  0  0  0  0  0  0  0  0  0  0  0  0  0  0  0  0]
 [18 18  0  0  0  0  0  0  0  0  0  0  0  0  0  0  0  0  0  0]
 [ 0  0  0  0  0  0  0  0  0  0  0  0  0  0  0  0  0  0  0  0]
 [ 0  0  0  0  0  0  0  0  0  0  0  0  0  0  0  0  0  0  0  0]
 [ 9 19 19 19  0  0  0  0  0  0  0  0  0  0  0  0  0  0  0  0]
 [ 0  0  0  0  0  0  0  0  0  0  0  0  0  0  0  0  0  0  0  0]
 [13  0  0  0  0  0  0  0  0  0  0  0  0  0  0  0  0  0  0  0]
 [ 0  0  0  0  0  0  0  0  0  0  0  0  0  0  0  0  0  0  0  0]
 [10  0  0  0  0  0  0  0  0  0  0  0  0  0  0  0  0  0  0  0]
 [ 0 13  0  0  0  0  0  0  0  0  0  0  0  0  0  0  0  0  0  0]]
valid: gen=0.017
reward: norm=0.9264845162209765
[ 230 iterations]
real= [[22 14  0  0  0  0  0  0  0  0  0  0  0  0  0  0  0  0  0  0]
 [15  0  0  0  0  0  0  0  0  0  0  0  0  0  0  0  0  0  0  0]
 [23  6 24 13 19  9  1  0  0  0  0  0  0  0  0  0  0  0  0  0]
 [ 5 13  6 18 15  0  0  0  0  0  0  0  0  0  0  0  0  0  0  0]
 [27 25  0  0  0  0  0  0  0  0  0  0  0  0  0  0  0  0  0  0]
 [25 24  1  0  0  0  0  0  0  0  0  0  0  0  0  0  0  0  0  0]
 [23  7 15 12 13  8  0  0  0  0  0  0  0  0  0  0  0  0  0  0]
 [26 13 16 10  5  0  0  0  0  0  0  0  0  0  0  0  0  0  0  0]
 [17  2  0  0  0  0  0  0  0  0  0  0  0  0  0  0  0  0  0  0]
 [ 8  6  0  0  0  0  0  0  0  0  0  0  0  0  0  0  0  0  0  0]]
gen= [[ 0  0  0  0  0  0  0  0  0  0  0  0  0  0  0  0  0  0  0  0]
 [ 0  0  0  0  0  0  0  0  0  0  0  0  0  0  0  0  0  0  0  0]
 [13 13 13  0  0  0  0  0  0  0  0  0  0  0  0  0  0  0  0  0]
 [13  0  0  0  0  0  0  0  0  0  0  0  0  0  0  0  0  0  0  0]
 [25 25  0  0  0  0  0  0  0  0  0  0  0  0  0  0  0  0  0  0]
 [ 0 24 25 25 25 25 25  0  0  0  0  0  0  0  0  0  0  0  0  0]
 [ 0  0  0  0  0  0  0  0  0  0  0  0  0  0  0  0  0  0  0  0]
 [13  0 13  0  0  0  0  0  0  0  0  0  0  0  0  0  0  0  0  0]
 [ 0  0  0  0  0  0  0  0  0  0  0  0  0  0  0  0  0  0  0  0]
 [ 0  0  0  0  0  0  0  0  0  0  0  0  0  0  0  0  0  0  0  0]]
valid: gen=0.031
reward: norm=0.9281158707433805
[ 240 iterations]
real= [[ 1 28  3 13  4  0  0  0  0  0  0  0  0  0  0  0  0  0  0  0]
 [26 15 18 10 21 28 25 20  0  0  0  0  0  0  0  0  0  0  0  0]
 [ 3  0  0  0  0  0  0  0  0  0  0  0  0  0  0  0  0  0  0  0]
 [19 10 16  0  0  0  0  0  0  0  0  0  0  0  0  0  0  0  0  0]
 [11  2  0  0  0  0  0  0  0  0  0  0  0  0  0  0  0  0  0  0]
 [ 5 25 16 21  0  0  0  0  0  0  0  0  0  0  0  0  0  0  0  0]
 [ 5  6 20  0  0  0  0  0  0  0  0  0  0  0  0  0  0  0  0  0]
 [16  0  0  0  0  0  0  0  0  0  0  0  0  0  0  0  0  0  0  0]
 [26 13 14 18 20  8 27  0  0  0  0  0  0  0  0  0  0  0  0  0]
 [ 1 19  2  0  0  0  0  0  0  0  0  0  0  0  0  0  0  0  0  0]]
gen= [[ 4  0  0  0  0  0  0  0  0  0  0  0  0  0  0  0  0  0  0  0]
 [25 15  0  0  0  0  0  0  0  0  0  0  0  0  0  0  0  0  0  0]
 [ 0  0  0  0  0  0  0  0  0  0  0  0  0  0  0  0  0  0  0  0]
 [10  0  0  0  0  0  0  0  0  0  0  0  0  0  0  0  0  0  0  0]
 [11 11 11 11  0  0  0  0  0  0  0  0  0  0  0  0  0  0  0  0]
 [ 0 16  0  0  0  0  0  0  0  0  0  0  0  0  0  0  0  0  0  0]
 [20 20  0  0  0  0  0  0  0  0  0  0  0  0  0  0  0  0  0  0]
 [ 0  0  0  0  0  0  0  0  0  0  0  0  0  0  0  0  0  0  0  0]
 [ 8  0  0  0  0  0  0  0  0  0  0  0  0  0  0  0  0  0  0  0]
 [ 0  0  0  0  0  0  0  0  0  0  0  0  0  0  0  0  0  0  0  0]]
valid: gen=0.029
reward: norm=0.9243413985858825
[ 250 iterations]
real= [[18  0  0  0  0  0  0  0  0  0  0  0  0  0  0  0  0  0  0  0]
 [18  8  1  0  0  0  0  0  0  0  0  0  0  0  0  0  0  0  0  0]
 [27  8 14  0  0  0  0  0  0  0  0  0  0  0  0  0  0  0  0  0]
 [27 28 14  6  0  0  0  0  0  0  0  0  0  0  0  0  0  0  0  0]
 [ 1  0  0  0  0  0  0  0  0  0  0  0  0  0  0  0  0  0  0  0]
 [15 13  0  0  0  0  0  0  0  0  0  0  0  0  0  0  0  0  0  0]
 [15 19  0  0  0  0  0  0  0  0  0  0  0  0  0  0  0  0  0  0]
 [ 2  0  0  0  0  0  0  0  0  0  0  0  0  0  0  0  0  0  0  0]
 [18  6  9  0  0  0  0  0  0  0  0  0  0  0  0  0  0  0  0  0]
 [11 20  1 19 13 24  7  0  0  0  0  0  0  0  0  0  0  0  0  0]]
gen= [[18 18  0  0  0  0  0  0  0  0  0  0  0  0  0  0  0  0  0  0]
 [ 0  0  0  0  0  0  0  0  0  0  0  0  0  0  0  0  0  0  0  0]
 [ 0  0  0  0  0  0  0  0  0  0  0  0  0  0  0  0  0  0  0  0]
 [ 6  0  0  0  0  0  0  0  0  0  0  0  0  0  0  0  0  0  0  0]
 [ 0  0  0  0  0  0  0  0  0  0  0  0  0  0  0  0  0  0  0  0]
 [ 0  0  0  0  0  0  0  0  0  0  0  0  0  0  0  0  0  0  0  0]
 [ 0  0  0  0  0  0  0  0  0  0  0  0  0  0  0  0  0  0  0  0]
 [ 0  0  0  0  0  0  0  0  0  0  0  0  0  0  0  0  0  0  0  0]
 [ 0  0  0  0  0  0  0  0  0  0  0  0  0  0  0  0  0  0  0  0]
 [11  7  0  0  0  0  0  0  0  0  0  0  0  0  0  0  0  0  0  0]]
valid: gen=0.04
reward: norm=0.9158910493993131
[ 260 iterations]
real= [[25  0  0  0  0  0  0  0  0  0  0  0  0  0  0  0  0  0  0  0]
 [20 19  1 18 24 13 12  0  0  0  0  0  0  0  0  0  0  0  0  0]
 [ 9 19 14 10  0  0  0  0  0  0  0  0  0  0  0  0  0  0  0  0]
 [28 19  6  7  0  0  0  0  0  0  0  0  0  0  0  0  0  0  0  0]
 [ 1  0  0  0  0  0  0  0  0  0  0  0  0  0  0  0  0  0  0  0]
 [27  8  0  0  0  0  0  0  0  0  0  0  0  0  0  0  0  0  0  0]
 [28 25  4 12  9  3 24  7 26  0  0  0  0  0  0  0  0  0  0  0]
 [10 24  0  0  0  0  0  0  0  0  0  0  0  0  0  0  0  0  0  0]
 [23 17  2  4  0  0  0  0  0  0  0  0  0  0  0  0  0  0  0  0]
 [ 3 18 17 25  0  0  0  0  0  0  0  0  0  0  0  0  0  0  0  0]]
gen= [[25  0  0  0  0  0  0  0  0  0  0  0  0  0  0  0  0  0  0  0]
 [ 0  0  0  0  0  0  0  0  0  0  0  0  0  0  0  0  0  0  0  0]
 [10 10 10  0  0  0  0  0  0  0  0  0  0  0  0  0  0  0  0  0]
 [ 7  7  0  0  0  0  0  0  0  0  0  0  0  0  0  0  0  0  0  0]
 [ 0  0  0  0  0  0  0  0  0  0  0  0  0  0  0  0  0  0  0  0]
 [ 8  0  0  0  0  0  0  0  0  0  0  0  0  0  0  0  0  0  0  0]
 [ 4  4  4  0  0  0  0  0  0  0  0  0  0  0  0  0  0  0  0  0]
 [10  0  0  0  0  0  0  0  0  0  0  0  0  0  0  0  0  0  0  0]
 [ 4  0  0  0  0  0  0  0  0  0  0  0  0  0  0  0  0  0  0  0]
 [ 0  0  0  0  0  0  0  0  0  0  0  0  0  0  0  0  0  0  0  0]]
valid: gen=0.042
reward: norm=0.9167371789378154
[ 270 iterations]
real= [[27  7 10 21 28 20  0  0  0  0  0  0  0  0  0  0  0  0  0  0]
 [ 5 21 16 18 15  0  0  0  0  0  0  0  0  0  0  0  0  0  0  0]
 [ 5  7 11  2 25  0  0  0  0  0  0  0  0  0  0  0  0  0  0  0]
 [ 5 11  0  0  0  0  0  0  0  0  0  0  0  0  0  0  0  0  0  0]
 [ 9 26 14 19  0  0  0  0  0  0  0  0  0  0  0  0  0  0  0  0]
 [18 13 17  2  1  0  0  0  0  0  0  0  0  0  0  0  0  0  0  0]
 [23  6 24 18 13  0  0  0  0  0  0  0  0  0  0  0  0  0  0  0]
 [26 12  0  0  0  0  0  0  0  0  0  0  0  0  0  0  0  0  0  0]
 [10  0  0  0  0  0  0  0  0  0  0  0  0  0  0  0  0  0  0  0]
 [26 13 16  4 25 28  0  0  0  0  0  0  0  0  0  0  0  0  0  0]]
gen= [[ 0  0  0  0  0  0  0  0  0  0  0  0  0  0  0  0  0  0  0  0]
 [16  0  0  0  0  0  0  0  0  0  0  0  0  0  0  0  0  0  0  0]
 [ 7  0  0  0  0  0  0  0  0  0  0  0  0  0  0  0  0  0  0  0]
 [ 0  0  0  0  0  0  0  0  0  0  0  0  0  0  0  0  0  0  0  0]
 [ 9 19  0  0  0  0  0  0  0  0  0  0  0  0  0  0  0  0  0  0]
 [ 2  0  0  0  0  0  0  0  0  0  0  0  0  0  0  0  0  0  0  0]
 [ 0  0  0  0  0  0  0  0  0  0  0  0  0  0  0  0  0  0  0  0]
 [ 0  0  0  0  0  0  0  0  0  0  0  0  0  0  0  0  0  0  0  0]
 [10  0  0  0  0  0  0  0  0  0  0  0  0  0  0  0  0  0  0  0]
 [ 4  4  0  0  0  0  0  0  0  0  0  0  0  0  0  0  0  0  0  0]]
valid: gen=0.049
reward: norm=0.9121010098379302
[ 280 iterations]
real= [[22 14  0  0  0  0  0  0  0  0  0  0  0  0  0  0  0  0  0  0]
 [15  0  0  0  0  0  0  0  0  0  0  0  0  0  0  0  0  0  0  0]
 [23  6 24 13 19  9  1  0  0  0  0  0  0  0  0  0  0  0  0  0]
 [ 5 13  6 18 15  0  0  0  0  0  0  0  0  0  0  0  0  0  0  0]
 [27 25  0  0  0  0  0  0  0  0  0  0  0  0  0  0  0  0  0  0]
 [25 24  1  0  0  0  0  0  0  0  0  0  0  0  0  0  0  0  0  0]
 [23  7 15 12 13  8  0  0  0  0  0  0  0  0  0  0  0  0  0  0]
 [26 13 16 10  5  0  0  0  0  0  0  0  0  0  0  0  0  0  0  0]
 [17  2  0  0  0  0  0  0  0  0  0  0  0  0  0  0  0  0  0  0]
 [ 8  6  0  0  0  0  0  0  0  0  0  0  0  0  0  0  0  0  0  0]]
gen= [[14 22  0  0  0  0  0  0  0  0  0  0  0  0  0  0  0  0  0  0]
 [15 15 15 15  0  0  0  0  0  0  0  0  0  0  0  0  0  0  0  0]
 [ 6  6  6  6  0  0  0  0  0  0  0  0  0  0  0  0  0  0  0  0]
 [ 6  6  6  0  0  0  0  0  0  0  0  0  0  0  0  0  0  0  0  0]
 [25  0  0  0  0  0  0  0  0  0  0  0  0  0  0  0  0  0  0  0]
 [25 25  0  0  0  0  0  0  0  0  0  0  0  0  0  0  0  0  0  0]
 [ 0 15  8  8  8  8  8  0  0  0  0  0  0  0  0  0  0  0  0  0]
 [16  0  0 16 16 16 16 16  0  0  0  0  0  0  0  0  0  0  0  0]
 [ 2  2  2  0  0  0  0  0  0  0  0  0  0  0  0  0  0  0  0  0]
 [ 8  8  0  0  0  0  0  0  0  0  0  0  0  0  0  0  0  0  0  0]]
valid: gen=0.045
reward: norm=0.927599236299186
[ 290 iterations]
real= [[ 1 28  3 13  4  0  0  0  0  0  0  0  0  0  0  0  0  0  0  0]
 [26 15 18 10 21 28 25 20  0  0  0  0  0  0  0  0  0  0  0  0]
 [ 3  0  0  0  0  0  0  0  0  0  0  0  0  0  0  0  0  0  0  0]
 [19 10 16  0  0  0  0  0  0  0  0  0  0  0  0  0  0  0  0  0]
 [11  2  0  0  0  0  0  0  0  0  0  0  0  0  0  0  0  0  0  0]
 [ 5 25 16 21  0  0  0  0  0  0  0  0  0  0  0  0  0  0  0  0]
 [ 5  6 20  0  0  0  0  0  0  0  0  0  0  0  0  0  0  0  0  0]
 [16  0  0  0  0  0  0  0  0  0  0  0  0  0  0  0  0  0  0  0]
 [26 13 14 18 20  8 27  0  0  0  0  0  0  0  0  0  0  0  0  0]
 [ 1 19  2  0  0  0  0  0  0  0  0  0  0  0  0  0  0  0  0  0]]
gen= [[ 4  4  4  0  0  0  0  0  0  0  0  0  0  0  0  0  0  0  0  0]
 [21 21 21 21 21 21  0  0  0  0  0  0  0  0  0  0  0  0  0  0]
 [ 0  0  0  0  0  0  0  0  0  0  0  0  0  0  0  0  0  0  0  0]
 [16 16  0  0  0  0  0  0  0  0  0  0  0  0  0  0  0  0  0  0]
 [11  2  2  0  0  0  0  0  0  0  0  0  0  0  0  0  0  0  0  0]
 [16 16  0  0  0  0  0  0  0  0  0  0  0  0  0  0  0  0  0  0]
 [ 6  6  6  0  0  0  0  0  0  0  0  0  0  0  0  0  0  0  0  0]
 [16  0  0  0  0  0  0  0  0  0  0  0  0  0  0  0  0  0  0  0]
 [ 8  8  8  8  8  8  0  0  0  0  0  0  0  0  0  0  0  0  0  0]
 [ 2  2  2  2  0  0  0  0  0  0  0  0  0  0  0  0  0  0  0  0]]
valid: gen=0.041
reward: norm=0.9271891696147885
[ 300 iterations]
real= [[18  0  0  0  0  0  0  0  0  0  0  0  0  0  0  0  0  0  0  0]
 [18  8  1  0  0  0  0  0  0  0  0  0  0  0  0  0  0  0  0  0]
 [27  8 14  0  0  0  0  0  0  0  0  0  0  0  0  0  0  0  0  0]
 [27 28 14  6  0  0  0  0  0  0  0  0  0  0  0  0  0  0  0  0]
 [ 1  0  0  0  0  0  0  0  0  0  0  0  0  0  0  0  0  0  0  0]
 [15 13  0  0  0  0  0  0  0  0  0  0  0  0  0  0  0  0  0  0]
 [15 19  0  0  0  0  0  0  0  0  0  0  0  0  0  0  0  0  0  0]
 [ 2  0  0  0  0  0  0  0  0  0  0  0  0  0  0  0  0  0  0  0]
 [18  6  9  0  0  0  0  0  0  0  0  0  0  0  0  0  0  0  0  0]
 [11 20  1 19 13 24  7  0  0  0  0  0  0  0  0  0  0  0  0  0]]
gen= [[18  0  0  0  0  0  0  0  0  0  0  0  0  0  0  0  0  0  0  0]
 [ 8  8  0  0  0  0  0  0  0  0  0  0  0  0  0  0  0  0  0  0]
 [ 8  8  0  0  0  0  0  0  0  0  0  0  0  0  0  0  0  0  0  0]
 [ 6  6  0  0  0  0  0  0  0  0  0  0  0  0  0  0  0  0  0  0]
 [ 1  0  0  0  0  0  0  0  0  0  0  0  0  0  0  0  0  0  0  0]
 [13 13  0  0  0  0  0  0  0  0  0  0  0  0  0  0  0  0  0  0]
 [ 0  0  0  0  0  0  0  0  0  0  0  0  0  0  0  0  0  0  0  0]
 [ 2  0  0  0  0  0  0  0  0  0  0  0  0  0  0  0  0  0  0  0]
 [ 6  6  0  0  0  0  0  0  0  0  0  0  0  0  0  0  0  0  0  0]
 [ 7  7  7  7  0  0  0  0  0  0  0  0  0  0  0  0  0  0  0  0]]
valid: gen=0.062
reward: norm=0.9091788458598271
[ 310 iterations]
real= [[25  0  0  0  0  0  0  0  0  0  0  0  0  0  0  0  0  0  0  0]
 [20 19  1 18 24 13 12  0  0  0  0  0  0  0  0  0  0  0  0  0]
 [ 9 19 14 10  0  0  0  0  0  0  0  0  0  0  0  0  0  0  0  0]
 [28 19  6  7  0  0  0  0  0  0  0  0  0  0  0  0  0  0  0  0]
 [ 1  0  0  0  0  0  0  0  0  0  0  0  0  0  0  0  0  0  0  0]
 [27  8  0  0  0  0  0  0  0  0  0  0  0  0  0  0  0  0  0  0]
 [28 25  4 12  9  3 24  7 26  0  0  0  0  0  0  0  0  0  0  0]
 [10 24  0  0  0  0  0  0  0  0  0  0  0  0  0  0  0  0  0  0]
 [23 17  2  4  0  0  0  0  0  0  0  0  0  0  0  0  0  0  0  0]
 [ 3 18 17 25  0  0  0  0  0  0  0  0  0  0  0  0  0  0  0  0]]
gen= [[ 0 25  0  0  0  0  0  0  0  0  0  0  0  0  0  0  0  0  0  0]
 [12 12 12  0  0  0  0  0  0  0  0  0  0  0  0  0  0  0  0  0]
 [10 10  0  0  0  0  0  0  0  0  0  0  0  0  0  0  0  0  0  0]
 [ 6  6  0  0  0  0  0  0  0  0  0  0  0  0  0  0  0  0  0  0]
 [ 1  0  0  0  0  0  0  0  0  0  0  0  0  0  0  0  0  0  0  0]
 [ 0  0  0  0  0  0  0  0  0  0  0  0  0  0  0  0  0  0  0  0]
 [12 12  0  0  0  0  0  0  0  0  0  0  0  0  0  0  0  0  0  0]
 [10  0  0  0  0  0  0  0  0  0  0  0  0  0  0  0  0  0  0  0]
 [ 2  2  0  0  0  0  0  0  0  0  0  0  0  0  0  0  0  0  0  0]
 [17  0  0  0  0  0  0  0  0  0  0  0  0  0  0  0  0  0  0  0]]
valid: gen=0.092
reward: norm=0.9056733434758077
[ 320 iterations]
real= [[27  7 10 21 28 20  0  0  0  0  0  0  0  0  0  0  0  0  0  0]
 [ 5 21 16 18 15  0  0  0  0  0  0  0  0  0  0  0  0  0  0  0]
 [ 5  7 11  2 25  0  0  0  0  0  0  0  0  0  0  0  0  0  0  0]
 [ 5 11  0  0  0  0  0  0  0  0  0  0  0  0  0  0  0  0  0  0]
 [ 9 26 14 19  0  0  0  0  0  0  0  0  0  0  0  0  0  0  0  0]
 [18 13 17  2  1  0  0  0  0  0  0  0  0  0  0  0  0  0  0  0]
 [23  6 24 18 13  0  0  0  0  0  0  0  0  0  0  0  0  0  0  0]
 [26 12  0  0  0  0  0  0  0  0  0  0  0  0  0  0  0  0  0  0]
 [10  0  0  0  0  0  0  0  0  0  0  0  0  0  0  0  0  0  0  0]
 [26 13 16  4 25 28  0  0  0  0  0  0  0  0  0  0  0  0  0  0]]
gen= [[10 10  0  0  0  0  0  0  0  0  0  0  0  0  0  0  0  0  0  0]
 [16 16  0  0  0  0  0  0  0  0  0  0  0  0  0  0  0  0  0  0]
 [ 2  2  0  0  0  0  0  0  0  0  0  0  0  0  0  0  0  0  0  0]
 [11  0  0  0  0  0  0  0  0  0  0  0  0  0  0  0  0  0  0  0]
 [ 9  9  0  0  0  0  0  0  0  0  0  0  0  0  0  0  0  0  0  0]
 [ 2  2  2  0  0  0  0  0  0  0  0  0  0  0  0  0  0  0  0  0]
 [ 6  6  0  0  0  0  0  0  0  0  0  0  0  0  0  0  0  0  0  0]
 [12  0  0  0  0  0  0  0  0  0  0  0  0  0  0  0  0  0  0  0]
 [10  0  0  0  0  0  0  0  0  0  0  0  0  0  0  0  0  0  0  0]
 [13 13  0  0  0  0  0  0  0  0  0  0  0  0  0  0  0  0  0  0]]
valid: gen=0.088
reward: norm=0.8964781781841772
[ 330 iterations]
real= [[22 14  0  0  0  0  0  0  0  0  0  0  0  0  0  0  0  0  0  0]
 [15  0  0  0  0  0  0  0  0  0  0  0  0  0  0  0  0  0  0  0]
 [23  6 24 13 19  9  1  0  0  0  0  0  0  0  0  0  0  0  0  0]
 [ 5 13  6 18 15  0  0  0  0  0  0  0  0  0  0  0  0  0  0  0]
 [27 25  0  0  0  0  0  0  0  0  0  0  0  0  0  0  0  0  0  0]
 [25 24  1  0  0  0  0  0  0  0  0  0  0  0  0  0  0  0  0  0]
 [23  7 15 12 13  8  0  0  0  0  0  0  0  0  0  0  0  0  0  0]
 [26 13 16 10  5  0  0  0  0  0  0  0  0  0  0  0  0  0  0  0]
 [17  2  0  0  0  0  0  0  0  0  0  0  0  0  0  0  0  0  0  0]
 [ 8  6  0  0  0  0  0  0  0  0  0  0  0  0  0  0  0  0  0  0]]
gen= [[14  0  0  0  0  0  0  0  0  0  0  0  0  0  0  0  0  0  0  0]
 [ 0  0  0  0  0  0  0  0  0  0  0  0  0  0  0  0  0  0  0  0]
 [13 13  0  0  0  0  0  0  0  0  0  0  0  0  0  0  0  0  0  0]
 [13 13  0  0  0  0  0  0  0  0  0  0  0  0  0  0  0  0  0  0]
 [25  0  0  0  0  0  0  0  0  0  0  0  0  0  0  0  0  0  0  0]
 [24  0  0  0  0  0  0  0  0  0  0  0  0  0  0  0  0  0  0  0]
 [12 12  0  0  0  0  0  0  0  0  0  0  0  0  0  0  0  0  0  0]
 [10 10 10  0  0  0  0  0  0  0  0  0  0  0  0  0  0  0  0  0]
 [17  2  0  0  0  0  0  0  0  0  0  0  0  0  0  0  0  0  0  0]
 [ 6  0  0  0  0  0  0  0  0  0  0  0  0  0  0  0  0  0  0  0]]
valid: gen=0.1
reward: norm=0.9004543179457644
[ 340 iterations]
real= [[ 1 28  3 13  4  0  0  0  0  0  0  0  0  0  0  0  0  0  0  0]
 [26 15 18 10 21 28 25 20  0  0  0  0  0  0  0  0  0  0  0  0]
 [ 3  0  0  0  0  0  0  0  0  0  0  0  0  0  0  0  0  0  0  0]
 [19 10 16  0  0  0  0  0  0  0  0  0  0  0  0  0  0  0  0  0]
 [11  2  0  0  0  0  0  0  0  0  0  0  0  0  0  0  0  0  0  0]
 [ 5 25 16 21  0  0  0  0  0  0  0  0  0  0  0  0  0  0  0  0]
 [ 5  6 20  0  0  0  0  0  0  0  0  0  0  0  0  0  0  0  0  0]
 [16  0  0  0  0  0  0  0  0  0  0  0  0  0  0  0  0  0  0  0]
 [26 13 14 18 20  8 27  0  0  0  0  0  0  0  0  0  0  0  0  0]
 [ 1 19  2  0  0  0  0  0  0  0  0  0  0  0  0  0  0  0  0  0]]
gen= [[13 13 13  0  0  0  0  0  0  0  0  0  0  0  0  0  0  0  0  0]
 [10 10 10  0  0  0  0  0  0  0  0  0  0  0  0  0  0  0  0  0]
 [ 3  0  0  0  0  0  0  0  0  0  0  0  0  0  0  0  0  0  0  0]
 [10  0  0  0  0  0  0  0  0  0  0  0  0  0  0  0  0  0  0  0]
 [ 2  0  0  0  0  0  0  0  0  0  0  0  0  0  0  0  0  0  0  0]
 [16 16  0  0  0  0  0  0  0  0  0  0  0  0  0  0  0  0  0  0]
 [ 6  0  0  0  0  0  0  0  0  0  0  0  0  0  0  0  0  0  0  0]
 [16  0  0  0  0  0  0  0  0  0  0  0  0  0  0  0  0  0  0  0]
 [13 13  0  0  0  0  0  0  0  0  0  0  0  0  0  0  0  0  0  0]
 [ 2  0  0  0  0  0  0  0  0  0  0  0  0  0  0  0  0  0  0  0]]
valid: gen=0.108
reward: norm=0.8972450550591122
[ 350 iterations]
real= [[18  0  0  0  0  0  0  0  0  0  0  0  0  0  0  0  0  0  0  0]
 [18  8  1  0  0  0  0  0  0  0  0  0  0  0  0  0  0  0  0  0]
 [27  8 14  0  0  0  0  0  0  0  0  0  0  0  0  0  0  0  0  0]
 [27 28 14  6  0  0  0  0  0  0  0  0  0  0  0  0  0  0  0  0]
 [ 1  0  0  0  0  0  0  0  0  0  0  0  0  0  0  0  0  0  0  0]
 [15 13  0  0  0  0  0  0  0  0  0  0  0  0  0  0  0  0  0  0]
 [15 19  0  0  0  0  0  0  0  0  0  0  0  0  0  0  0  0  0  0]
 [ 2  0  0  0  0  0  0  0  0  0  0  0  0  0  0  0  0  0  0  0]
 [18  6  9  0  0  0  0  0  0  0  0  0  0  0  0  0  0  0  0  0]
 [11 20  1 19 13 24  7  0  0  0  0  0  0  0  0  0  0  0  0  0]]
gen= [[18  0  0  0  0  0  0  0  0  0  0  0  0  0  0  0  0  0  0  0]
 [ 8 18  0  0  0  0  0  0  0  0  0  0  0  0  0  0  0  0  0  0]
 [14  0  0  0  0  0  0  0  0  0  0  0  0  0  0  0  0  0  0  0]
 [ 6  6  0  0  0  0  0  0  0  0  0  0  0  0  0  0  0  0  0  0]
 [ 1  1  0  0  0  0  0  0  0  0  0  0  0  0  0  0  0  0  0  0]
 [13 13  0  0  0  0  0  0  0  0  0  0  0  0  0  0  0  0  0  0]
 [15 15  0  0  0  0  0  0  0  0  0  0  0  0  0  0  0  0  0  0]
 [ 2  2  0  0  0  0  0  0  0  0  0  0  0  0  0  0  0  0  0  0]
 [ 6  0  0  0  0  0  0  0  0  0  0  0  0  0  0  0  0  0  0  0]
 [11 11  0  0  0  0  0  0  0  0  0  0  0  0  0  0  0  0  0  0]]
valid: gen=0.106
reward: norm=0.8899055957690039
[ 360 iterations]
real= [[25  0  0  0  0  0  0  0  0  0  0  0  0  0  0  0  0  0  0  0]
 [20 19  1 18 24 13 12  0  0  0  0  0  0  0  0  0  0  0  0  0]
 [ 9 19 14 10  0  0  0  0  0  0  0  0  0  0  0  0  0  0  0  0]
 [28 19  6  7  0  0  0  0  0  0  0  0  0  0  0  0  0  0  0  0]
 [ 1  0  0  0  0  0  0  0  0  0  0  0  0  0  0  0  0  0  0  0]
 [27  8  0  0  0  0  0  0  0  0  0  0  0  0  0  0  0  0  0  0]
 [28 25  4 12  9  3 24  7 26  0  0  0  0  0  0  0  0  0  0  0]
 [10 24  0  0  0  0  0  0  0  0  0  0  0  0  0  0  0  0  0  0]
 [23 17  2  4  0  0  0  0  0  0  0  0  0  0  0  0  0  0  0  0]
 [ 3 18 17 25  0  0  0  0  0  0  0  0  0  0  0  0  0  0  0  0]]
gen= [[25  0  0  0  0  0  0  0  0  0  0  0  0  0  0  0  0  0  0  0]
 [12 12 12  0  0  0  0  0  0  0  0  0  0  0  0  0  0  0  0  0]
 [10 10  0  0  0  0  0  0  0  0  0  0  0  0  0  0  0  0  0  0]
 [ 6  0  0  0  0  0  0  0  0  0  0  0  0  0  0  0  0  0  0  0]
 [ 1  0  0  0  0  0  0  0  0  0  0  0  0  0  0  0  0  0  0  0]
 [ 8  0  0  0  0  0  0  0  0  0  0  0  0  0  0  0  0  0  0  0]
 [28 28  0  0  0  0  0  0  0  0  0  0  0  0  0  0  0  0  0  0]
 [10 24  0  0  0  0  0  0  0  0  0  0  0  0  0  0  0  0  0  0]
 [ 2 17  0  0  0  0  0  0  0  0  0  0  0  0  0  0  0  0  0  0]
 [17 17 17  0  0  0  0  0  0  0  0  0  0  0  0  0  0  0  0  0]]
valid: gen=0.099
reward: norm=0.8970747010811988
[ 370 iterations]
real= [[27  7 10 21 28 20  0  0  0  0  0  0  0  0  0  0  0  0  0  0]
 [ 5 21 16 18 15  0  0  0  0  0  0  0  0  0  0  0  0  0  0  0]
 [ 5  7 11  2 25  0  0  0  0  0  0  0  0  0  0  0  0  0  0  0]
 [ 5 11  0  0  0  0  0  0  0  0  0  0  0  0  0  0  0  0  0  0]
 [ 9 26 14 19  0  0  0  0  0  0  0  0  0  0  0  0  0  0  0  0]
 [18 13 17  2  1  0  0  0  0  0  0  0  0  0  0  0  0  0  0  0]
 [23  6 24 18 13  0  0  0  0  0  0  0  0  0  0  0  0  0  0  0]
 [26 12  0  0  0  0  0  0  0  0  0  0  0  0  0  0  0  0  0  0]
 [10  0  0  0  0  0  0  0  0  0  0  0  0  0  0  0  0  0  0  0]
 [26 13 16  4 25 28  0  0  0  0  0  0  0  0  0  0  0  0  0  0]]
gen= [[28 28  0  0  0  0  0  0  0  0  0  0  0  0  0  0  0  0  0  0]
 [18 15  0  0  0  0  0  0  0  0  0  0  0  0  0  0  0  0  0  0]
 [ 2  2  0  0  0  0  0  0  0  0  0  0  0  0  0  0  0  0  0  0]
 [11 11  0  0  0  0  0  0  0  0  0  0  0  0  0  0  0  0  0  0]
 [ 9 14 14  0  0  0  0  0  0  0  0  0  0  0  0  0  0  0  0  0]
 [ 2  2  0  0  0  0  0  0  0  0  0  0  0  0  0  0  0  0  0  0]
 [ 6  6 24  0  0  0  0  0  0  0  0  0  0  0  0  0  0  0  0  0]
 [12 12  0  0  0  0  0  0  0  0  0  0  0  0  0  0  0  0  0  0]
 [10  0  0  0  0  0  0  0  0  0  0  0  0  0  0  0  0  0  0  0]
 [28 28  0  0  0  0  0  0  0  0  0  0  0  0  0  0  0  0  0  0]]
valid: gen=0.085
reward: norm=0.8968429125379688
[ 380 iterations]
real= [[22 14  0  0  0  0  0  0  0  0  0  0  0  0  0  0  0  0  0  0]
 [15  0  0  0  0  0  0  0  0  0  0  0  0  0  0  0  0  0  0  0]
 [23  6 24 13 19  9  1  0  0  0  0  0  0  0  0  0  0  0  0  0]
 [ 5 13  6 18 15  0  0  0  0  0  0  0  0  0  0  0  0  0  0  0]
 [27 25  0  0  0  0  0  0  0  0  0  0  0  0  0  0  0  0  0  0]
 [25 24  1  0  0  0  0  0  0  0  0  0  0  0  0  0  0  0  0  0]
 [23  7 15 12 13  8  0  0  0  0  0  0  0  0  0  0  0  0  0  0]
 [26 13 16 10  5  0  0  0  0  0  0  0  0  0  0  0  0  0  0  0]
 [17  2  0  0  0  0  0  0  0  0  0  0  0  0  0  0  0  0  0  0]
 [ 8  6  0  0  0  0  0  0  0  0  0  0  0  0  0  0  0  0  0  0]]
gen= [[14 14  0  0  0  0  0  0  0  0  0  0  0  0  0  0  0  0  0  0]
 [15 15  0  0  0  0  0  0  0  0  0  0  0  0  0  0  0  0  0  0]
 [ 6  6 24  0  0  0  0  0  0  0  0  0  0  0  0  0  0  0  0  0]
 [ 6  6  6  0  0  0  0  0  0  0  0  0  0  0  0  0  0  0  0  0]
 [25  0  0  0  0  0  0  0  0  0  0  0  0  0  0  0  0  0  0  0]
 [24 24  0  0  0  0  0  0  0  0  0  0  0  0  0  0  0  0  0  0]
 [15 15  0  0  0  0  0  0  0  0  0  0  0  0  0  0  0  0  0  0]
 [16 16 13  0  0  0  0  0  0  0  0  0  0  0  0  0  0  0  0  0]
 [ 2  2  0  0  0  0  0  0  0  0  0  0  0  0  0  0  0  0  0  0]
 [ 6  6  0  0  0  0  0  0  0  0  0  0  0  0  0  0  0  0  0  0]]
valid: gen=0.066
reward: norm=0.9089803533429287
[ 390 iterations]
real= [[ 1 28  3 13  4  0  0  0  0  0  0  0  0  0  0  0  0  0  0  0]
 [26 15 18 10 21 28 25 20  0  0  0  0  0  0  0  0  0  0  0  0]
 [ 3  0  0  0  0  0  0  0  0  0  0  0  0  0  0  0  0  0  0  0]
 [19 10 16  0  0  0  0  0  0  0  0  0  0  0  0  0  0  0  0  0]
 [11  2  0  0  0  0  0  0  0  0  0  0  0  0  0  0  0  0  0  0]
 [ 5 25 16 21  0  0  0  0  0  0  0  0  0  0  0  0  0  0  0  0]
 [ 5  6 20  0  0  0  0  0  0  0  0  0  0  0  0  0  0  0  0  0]
 [16  0  0  0  0  0  0  0  0  0  0  0  0  0  0  0  0  0  0  0]
 [26 13 14 18 20  8 27  0  0  0  0  0  0  0  0  0  0  0  0  0]
 [ 1 19  2  0  0  0  0  0  0  0  0  0  0  0  0  0  0  0  0  0]]
gen= [[28 28  4  0  0  0  0  0  0  0  0  0  0  0  0  0  0  0  0  0]
 [28 28 28 28  0  0  0  0  0  0  0  0  0  0  0  0  0  0  0  0]
 [ 3  0  0  0  0  0  0  0  0  0  0  0  0  0  0  0  0  0  0  0]
 [19 19  0  0  0  0  0  0  0  0  0  0  0  0  0  0  0  0  0  0]
 [ 2  2  0  0  0  0  0  0  0  0  0  0  0  0  0  0  0  0  0  0]
 [16 21  0  0  0  0  0  0  0  0  0  0  0  0  0  0  0  0  0  0]
 [ 6  6  0  0  0  0  0  0  0  0  0  0  0  0  0  0  0  0  0  0]
 [16 16  0  0  0  0  0  0  0  0  0  0  0  0  0  0  0  0  0  0]
 [20 14 14  0  0  0  0  0  0  0  0  0  0  0  0  0  0  0  0  0]
 [ 2  2  0  0  0  0  0  0  0  0  0  0  0  0  0  0  0  0  0  0]]
valid: gen=0.072
reward: norm=0.9082097303543443
[ 400 iterations]
real= [[18  0  0  0  0  0  0  0  0  0  0  0  0  0  0  0  0  0  0  0]
 [18  8  1  0  0  0  0  0  0  0  0  0  0  0  0  0  0  0  0  0]
 [27  8 14  0  0  0  0  0  0  0  0  0  0  0  0  0  0  0  0  0]
 [27 28 14  6  0  0  0  0  0  0  0  0  0  0  0  0  0  0  0  0]
 [ 1  0  0  0  0  0  0  0  0  0  0  0  0  0  0  0  0  0  0  0]
 [15 13  0  0  0  0  0  0  0  0  0  0  0  0  0  0  0  0  0  0]
 [15 19  0  0  0  0  0  0  0  0  0  0  0  0  0  0  0  0  0  0]
 [ 2  0  0  0  0  0  0  0  0  0  0  0  0  0  0  0  0  0  0  0]
 [18  6  9  0  0  0  0  0  0  0  0  0  0  0  0  0  0  0  0  0]
 [11 20  1 19 13 24  7  0  0  0  0  0  0  0  0  0  0  0  0  0]]
gen= [[18  0  0  0  0  0  0  0  0  0  0  0  0  0  0  0  0  0  0  0]
 [ 1 18  0  0  0  0  0  0  0  0  0  0  0  0  0  0  0  0  0  0]
 [14  0  0  0  0  0  0  0  0  0  0  0  0  0  0  0  0  0  0  0]
 [28  6  0  0  0  0  0  0  0  0  0  0  0  0  0  0  0  0  0  0]
 [ 1  0  0  0  0  0  0  0  0  0  0  0  0  0  0  0  0  0  0  0]
 [15 15  0  0  0  0  0  0  0  0  0  0  0  0  0  0  0  0  0  0]
 [19 19  0  0  0  0  0  0  0  0  0  0  0  0  0  0  0  0  0  0]
 [ 2  2  0  0  0  0  0  0  0  0  0  0  0  0  0  0  0  0  0  0]
 [ 6  6  0  0  0  0  0  0  0  0  0  0  0  0  0  0  0  0  0  0]
 [20 19  0  0  0  0  0  0  0  0  0  0  0  0  0  0  0  0  0  0]]
valid: gen=0.106
reward: norm=0.9056905459872063
[ 410 iterations]
real= [[25  0  0  0  0  0  0  0  0  0  0  0  0  0  0  0  0  0  0  0]
 [20 19  1 18 24 13 12  0  0  0  0  0  0  0  0  0  0  0  0  0]
 [ 9 19 14 10  0  0  0  0  0  0  0  0  0  0  0  0  0  0  0  0]
 [28 19  6  7  0  0  0  0  0  0  0  0  0  0  0  0  0  0  0  0]
 [ 1  0  0  0  0  0  0  0  0  0  0  0  0  0  0  0  0  0  0  0]
 [27  8  0  0  0  0  0  0  0  0  0  0  0  0  0  0  0  0  0  0]
 [28 25  4 12  9  3 24  7 26  0  0  0  0  0  0  0  0  0  0  0]
 [10 24  0  0  0  0  0  0  0  0  0  0  0  0  0  0  0  0  0  0]
 [23 17  2  4  0  0  0  0  0  0  0  0  0  0  0  0  0  0  0  0]
 [ 3 18 17 25  0  0  0  0  0  0  0  0  0  0  0  0  0  0  0  0]]
gen= [[25  0  0  0  0  0  0  0  0  0  0  0  0  0  0  0  0  0  0  0]
 [20 20 19  0  0  0  0  0  0  0  0  0  0  0  0  0  0  0  0  0]
 [19 19  0  0  0  0  0  0  0  0  0  0  0  0  0  0  0  0  0  0]
 [ 6 19  0  0  0  0  0  0  0  0  0  0  0  0  0  0  0  0  0  0]
 [ 1  1  0  0  0  0  0  0  0  0  0  0  0  0  0  0  0  0  0  0]
 [ 8  0  0  0  0  0  0  0  0  0  0  0  0  0  0  0  0  0  0  0]
 [28  4  4  0  0  0  0  0  0  0  0  0  0  0  0  0  0  0  0  0]
 [24 24  0  0  0  0  0  0  0  0  0  0  0  0  0  0  0  0  0  0]
 [ 2  2  0  0  0  0  0  0  0  0  0  0  0  0  0  0  0  0  0  0]
 [18 18  0  0  0  0  0  0  0  0  0  0  0  0  0  0  0  0  0  0]]
valid: gen=0.094
reward: norm=0.9123243529095189
[ 420 iterations]
real= [[27  7 10 21 28 20  0  0  0  0  0  0  0  0  0  0  0  0  0  0]
 [ 5 21 16 18 15  0  0  0  0  0  0  0  0  0  0  0  0  0  0  0]
 [ 5  7 11  2 25  0  0  0  0  0  0  0  0  0  0  0  0  0  0  0]
 [ 5 11  0  0  0  0  0  0  0  0  0  0  0  0  0  0  0  0  0  0]
 [ 9 26 14 19  0  0  0  0  0  0  0  0  0  0  0  0  0  0  0  0]
 [18 13 17  2  1  0  0  0  0  0  0  0  0  0  0  0  0  0  0  0]
 [23  6 24 18 13  0  0  0  0  0  0  0  0  0  0  0  0  0  0  0]
 [26 12  0  0  0  0  0  0  0  0  0  0  0  0  0  0  0  0  0  0]
 [10  0  0  0  0  0  0  0  0  0  0  0  0  0  0  0  0  0  0  0]
 [26 13 16  4 25 28  0  0  0  0  0  0  0  0  0  0  0  0  0  0]]
gen= [[ 7  7  0  0  0  0  0  0  0  0  0  0  0  0  0  0  0  0  0  0]
 [21 21 21  0  0  0  0  0  0  0  0  0  0  0  0  0  0  0  0  0]
 [ 7  7  2  0  0  0  0  0  0  0  0  0  0  0  0  0  0  0  0  0]
 [11  0  0  0  0  0  0  0  0  0  0  0  0  0  0  0  0  0  0  0]
 [26 26 26  0  0  0  0  0  0  0  0  0  0  0  0  0  0  0  0  0]
 [ 2  2  0  0  0  0  0  0  0  0  0  0  0  0  0  0  0  0  0  0]
 [ 6  6  0  0  0  0  0  0  0  0  0  0  0  0  0  0  0  0  0  0]
 [26 26  0  0  0  0  0  0  0  0  0  0  0  0  0  0  0  0  0  0]
 [10  0  0  0  0  0  0  0  0  0  0  0  0  0  0  0  0  0  0  0]
 [26 26  0  0  0  0  0  0  0  0  0  0  0  0  0  0  0  0  0  0]]
valid: gen=0.107
reward: norm=0.9142926994224654
[ 430 iterations]
real= [[22 14  0  0  0  0  0  0  0  0  0  0  0  0  0  0  0  0  0  0]
 [15  0  0  0  0  0  0  0  0  0  0  0  0  0  0  0  0  0  0  0]
 [23  6 24 13 19  9  1  0  0  0  0  0  0  0  0  0  0  0  0  0]
 [ 5 13  6 18 15  0  0  0  0  0  0  0  0  0  0  0  0  0  0  0]
 [27 25  0  0  0  0  0  0  0  0  0  0  0  0  0  0  0  0  0  0]
 [25 24  1  0  0  0  0  0  0  0  0  0  0  0  0  0  0  0  0  0]
 [23  7 15 12 13  8  0  0  0  0  0  0  0  0  0  0  0  0  0  0]
 [26 13 16 10  5  0  0  0  0  0  0  0  0  0  0  0  0  0  0  0]
 [17  2  0  0  0  0  0  0  0  0  0  0  0  0  0  0  0  0  0  0]
 [ 8  6  0  0  0  0  0  0  0  0  0  0  0  0  0  0  0  0  0  0]]
gen= [[22 22  0  0  0  0  0  0  0  0  0  0  0  0  0  0  0  0  0  0]
 [15  0  0  0  0  0  0  0  0  0  0  0  0  0  0  0  0  0  0  0]
 [23 23  6  0  0  0  0  0  0  0  0  0  0  0  0  0  0  0  0  0]
 [ 6  6  0  0  0  0  0  0  0  0  0  0  0  0  0  0  0  0  0  0]
 [25  0  0  0  0  0  0  0  0  0  0  0  0  0  0  0  0  0  0  0]
 [ 1  1  0  0  0  0  0  0  0  0  0  0  0  0  0  0  0  0  0  0]
 [ 7  7  7  0  0  0  0  0  0  0  0  0  0  0  0  0  0  0  0  0]
 [26 16 26  0  0  0  0  0  0  0  0  0  0  0  0  0  0  0  0  0]
 [ 2  2  0  0  0  0  0  0  0  0  0  0  0  0  0  0  0  0  0  0]
 [ 6  0  0  0  0  0  0  0  0  0  0  0  0  0  0  0  0  0  0  0]]
valid: gen=0.122
reward: norm=0.9195493936601854
[ 440 iterations]
real= [[ 1 28  3 13  4  0  0  0  0  0  0  0  0  0  0  0  0  0  0  0]
 [26 15 18 10 21 28 25 20  0  0  0  0  0  0  0  0  0  0  0  0]
 [ 3  0  0  0  0  0  0  0  0  0  0  0  0  0  0  0  0  0  0  0]
 [19 10 16  0  0  0  0  0  0  0  0  0  0  0  0  0  0  0  0  0]
 [11  2  0  0  0  0  0  0  0  0  0  0  0  0  0  0  0  0  0  0]
 [ 5 25 16 21  0  0  0  0  0  0  0  0  0  0  0  0  0  0  0  0]
 [ 5  6 20  0  0  0  0  0  0  0  0  0  0  0  0  0  0  0  0  0]
 [16  0  0  0  0  0  0  0  0  0  0  0  0  0  0  0  0  0  0  0]
 [26 13 14 18 20  8 27  0  0  0  0  0  0  0  0  0  0  0  0  0]
 [ 1 19  2  0  0  0  0  0  0  0  0  0  0  0  0  0  0  0  0  0]]
gen= [[ 1 13  0  0  0  0  0  0  0  0  0  0  0  0  0  0  0  0  0  0]
 [21 21 26 26  0  0  0  0  0  0  0  0  0  0  0  0  0  0  0  0]
 [ 3  3  0  0  0  0  0  0  0  0  0  0  0  0  0  0  0  0  0  0]
 [16 16  0  0  0  0  0  0  0  0  0  0  0  0  0  0  0  0  0  0]
 [ 2  2  0  0  0  0  0  0  0  0  0  0  0  0  0  0  0  0  0  0]
 [21 16  0  0  0  0  0  0  0  0  0  0  0  0  0  0  0  0  0  0]
 [ 6  6  0  0  0  0  0  0  0  0  0  0  0  0  0  0  0  0  0  0]
 [16  0  0  0  0  0  0  0  0  0  0  0  0  0  0  0  0  0  0  0]
 [26 26 26  0  0  0  0  0  0  0  0  0  0  0  0  0  0  0  0  0]
 [ 2  2  0  0  0  0  0  0  0  0  0  0  0  0  0  0  0  0  0  0]]
valid: gen=0.117
reward: norm=0.9195819253654566
[ 450 iterations]
real= [[18  0  0  0  0  0  0  0  0  0  0  0  0  0  0  0  0  0  0  0]
 [18  8  1  0  0  0  0  0  0  0  0  0  0  0  0  0  0  0  0  0]
 [27  8 14  0  0  0  0  0  0  0  0  0  0  0  0  0  0  0  0  0]
 [27 28 14  6  0  0  0  0  0  0  0  0  0  0  0  0  0  0  0  0]
 [ 1  0  0  0  0  0  0  0  0  0  0  0  0  0  0  0  0  0  0  0]
 [15 13  0  0  0  0  0  0  0  0  0  0  0  0  0  0  0  0  0  0]
 [15 19  0  0  0  0  0  0  0  0  0  0  0  0  0  0  0  0  0  0]
 [ 2  0  0  0  0  0  0  0  0  0  0  0  0  0  0  0  0  0  0  0]
 [18  6  9  0  0  0  0  0  0  0  0  0  0  0  0  0  0  0  0  0]
 [11 20  1 19 13 24  7  0  0  0  0  0  0  0  0  0  0  0  0  0]]
gen= [[18 18  0  0  0  0  0  0  0  0  0  0  0  0  0  0  0  0  0  0]
 [18 18  0  0  0  0  0  0  0  0  0  0  0  0  0  0  0  0  0  0]
 [ 8  8  0  0  0  0  0  0  0  0  0  0  0  0  0  0  0  0  0  0]
 [ 6  6  0  0  0  0  0  0  0  0  0  0  0  0  0  0  0  0  0  0]
 [ 1  1  0  0  0  0  0  0  0  0  0  0  0  0  0  0  0  0  0  0]
 [13 13  0  0  0  0  0  0  0  0  0  0  0  0  0  0  0  0  0  0]
 [19 19  0  0  0  0  0  0  0  0  0  0  0  0  0  0  0  0  0  0]
 [ 2  2  0  0  0  0  0  0  0  0  0  0  0  0  0  0  0  0  0  0]
 [ 6  6  0  0  0  0  0  0  0  0  0  0  0  0  0  0  0  0  0  0]
 [ 7  7 13  0  0  0  0  0  0  0  0  0  0  0  0  0  0  0  0  0]]
valid: gen=0.097
reward: norm=0.9191997986478475
[ 460 iterations]
real= [[25  0  0  0  0  0  0  0  0  0  0  0  0  0  0  0  0  0  0  0]
 [20 19  1 18 24 13 12  0  0  0  0  0  0  0  0  0  0  0  0  0]
 [ 9 19 14 10  0  0  0  0  0  0  0  0  0  0  0  0  0  0  0  0]
 [28 19  6  7  0  0  0  0  0  0  0  0  0  0  0  0  0  0  0  0]
 [ 1  0  0  0  0  0  0  0  0  0  0  0  0  0  0  0  0  0  0  0]
 [27  8  0  0  0  0  0  0  0  0  0  0  0  0  0  0  0  0  0  0]
 [28 25  4 12  9  3 24  7 26  0  0  0  0  0  0  0  0  0  0  0]
 [10 24  0  0  0  0  0  0  0  0  0  0  0  0  0  0  0  0  0  0]
 [23 17  2  4  0  0  0  0  0  0  0  0  0  0  0  0  0  0  0  0]
 [ 3 18 17 25  0  0  0  0  0  0  0  0  0  0  0  0  0  0  0  0]]
gen= [[25 25  0  0  0  0  0  0  0  0  0  0  0  0  0  0  0  0  0  0]
 [ 1  1 13 13 13 13 13  0  0  0  0  0  0  0  0  0  0  0  0  0]
 [ 9  9  0  0  0  0  0  0  0  0  0  0  0  0  0  0  0  0  0  0]
 [ 7  6  0  0  0  0  0  0  0  0  0  0  0  0  0  0  0  0  0  0]
 [ 1  0  0  0  0  0  0  0  0  0  0  0  0  0  0  0  0  0  0  0]
 [ 8  8  0  0  0  0  0  0  0  0  0  0  0  0  0  0  0  0  0  0]
 [25  7  7  0  0  0  0  0  0  0  0  0  0  0  0  0  0  0  0  0]
 [24 24  0  0  0  0  0  0  0  0  0  0  0  0  0  0  0  0  0  0]
 [ 2  2  0  0  0  0  0  0  0  0  0  0  0  0  0  0  0  0  0  0]
 [25 25  0  0  0  0  0  0  0  0  0  0  0  0  0  0  0  0  0  0]]
valid: gen=0.107
reward: norm=0.9243897805730563
[ 470 iterations]
real= [[27  7 10 21 28 20  0  0  0  0  0  0  0  0  0  0  0  0  0  0]
 [ 5 21 16 18 15  0  0  0  0  0  0  0  0  0  0  0  0  0  0  0]
 [ 5  7 11  2 25  0  0  0  0  0  0  0  0  0  0  0  0  0  0  0]
 [ 5 11  0  0  0  0  0  0  0  0  0  0  0  0  0  0  0  0  0  0]
 [ 9 26 14 19  0  0  0  0  0  0  0  0  0  0  0  0  0  0  0  0]
 [18 13 17  2  1  0  0  0  0  0  0  0  0  0  0  0  0  0  0  0]
 [23  6 24 18 13  0  0  0  0  0  0  0  0  0  0  0  0  0  0  0]
 [26 12  0  0  0  0  0  0  0  0  0  0  0  0  0  0  0  0  0  0]
 [10  0  0  0  0  0  0  0  0  0  0  0  0  0  0  0  0  0  0  0]
 [26 13 16  4 25 28  0  0  0  0  0  0  0  0  0  0  0  0  0  0]]
gen= [[21 21 21 21  0  0  0  0  0  0  0  0  0  0  0  0  0  0  0  0]
 [16 16 16 16 16  0  0  0  0  0  0  0  0  0  0  0  0  0  0  0]
 [ 2  2  0  0  0  0  0  0  0  0  0  0  0  0  0  0  0  0  0  0]
 [11  0  0  0  0  0  0  0  0  0  0  0  0  0  0  0  0  0  0  0]
 [ 9  9  9  0  0  0  0  0  0  0  0  0  0  0  0  0  0  0  0  0]
 [ 2  2 13  0  0  0  0  0  0  0  0  0  0  0  0  0  0  0  0  0]
 [ 6  6  6  6 13 13 13  0  0  0  0  0  0  0  0  0  0  0  0  0]
 [26 12  0  0  0  0  0  0  0  0  0  0  0  0  0  0  0  0  0  0]
 [10  0  0  0  0  0  0  0  0  0  0  0  0  0  0  0  0  0  0  0]
 [16 16 13  0  0  0  0  0  0  0  0  0  0  0  0  0  0  0  0  0]]
valid: gen=0.096
reward: norm=0.9293939547667593
[ 480 iterations]
real= [[22 14  0  0  0  0  0  0  0  0  0  0  0  0  0  0  0  0  0  0]
 [15  0  0  0  0  0  0  0  0  0  0  0  0  0  0  0  0  0  0  0]
 [23  6 24 13 19  9  1  0  0  0  0  0  0  0  0  0  0  0  0  0]
 [ 5 13  6 18 15  0  0  0  0  0  0  0  0  0  0  0  0  0  0  0]
 [27 25  0  0  0  0  0  0  0  0  0  0  0  0  0  0  0  0  0  0]
 [25 24  1  0  0  0  0  0  0  0  0  0  0  0  0  0  0  0  0  0]
 [23  7 15 12 13  8  0  0  0  0  0  0  0  0  0  0  0  0  0  0]
 [26 13 16 10  5  0  0  0  0  0  0  0  0  0  0  0  0  0  0  0]
 [17  2  0  0  0  0  0  0  0  0  0  0  0  0  0  0  0  0  0  0]
 [ 8  6  0  0  0  0  0  0  0  0  0  0  0  0  0  0  0  0  0  0]]
gen= [[22 14  0  0  0  0  0  0  0  0  0  0  0  0  0  0  0  0  0  0]
 [15  0  0  0  0  0  0  0  0  0  0  0  0  0  0  0  0  0  0  0]
 [ 6  6  9  9  6 13 13  0  0  0  0  0  0  0  0  0  0  0  0  0]
 [ 6  6  6  6  6  6  6  6  6 13 13 13  0  0  0  0  0  0  0  0]
 [25 25 25 25 25  0  0  0  0  0  0  0  0  0  0  0  0  0  0  0]
 [25 24  0  0  0  0  0  0  0  0  0  0  0  0  0  0  0  0  0  0]
 [ 8  8  8 12  0  0  0  0  0  0  0  0  0  0  0  0  0  0  0  0]
 [16 16 16 16 16 16 16  0  0  0  0  0  0  0  0  0  0  0  0  0]
 [ 2  2  0  0  0  0  0  0  0  0  0  0  0  0  0  0  0  0  0  0]
 [ 8  0  0  0  0  0  0  0  0  0  0  0  0  0  0  0  0  0  0  0]]
valid: gen=0.095
reward: norm=0.9383198620875325
[ 490 iterations]
real= [[ 1 28  3 13  4  0  0  0  0  0  0  0  0  0  0  0  0  0  0  0]
 [26 15 18 10 21 28 25 20  0  0  0  0  0  0  0  0  0  0  0  0]
 [ 3  0  0  0  0  0  0  0  0  0  0  0  0  0  0  0  0  0  0  0]
 [19 10 16  0  0  0  0  0  0  0  0  0  0  0  0  0  0  0  0  0]
 [11  2  0  0  0  0  0  0  0  0  0  0  0  0  0  0  0  0  0  0]
 [ 5 25 16 21  0  0  0  0  0  0  0  0  0  0  0  0  0  0  0  0]
 [ 5  6 20  0  0  0  0  0  0  0  0  0  0  0  0  0  0  0  0  0]
 [16  0  0  0  0  0  0  0  0  0  0  0  0  0  0  0  0  0  0  0]
 [26 13 14 18 20  8 27  0  0  0  0  0  0  0  0  0  0  0  0  0]
 [ 1 19  2  0  0  0  0  0  0  0  0  0  0  0  0  0  0  0  0  0]]
gen= [[ 3  3  3  3 13  0  0  0  0  0  0  0  0  0  0  0  0  0  0  0]
 [25 25 25 25 28  0  0  0  0  0  0  0  0  0  0  0  0  0  0  0]
 [ 3  0  0  0  0  0  0  0  0  0  0  0  0  0  0  0  0  0  0  0]
 [16 16  0  0  0  0  0  0  0  0  0  0  0  0  0  0  0  0  0  0]
 [ 2  2  0  0  0  0  0  0  0  0  0  0  0  0  0  0  0  0  0  0]
 [25 16 16  0  0  0  0  0  0  0  0  0  0  0  0  0  0  0  0  0]
 [ 6  6  6  6  0  0  0  0  0  0  0  0  0  0  0  0  0  0  0  0]
 [16  0  0  0  0  0  0  0  0  0  0  0  0  0  0  0  0  0  0  0]
 [ 8  8  8  8  8  8  8  8  0  0  0  0  0  0  0  0  0  0  0  0]
 [ 2  2  0  0  0  0  0  0  0  0  0  0  0  0  0  0  0  0  0  0]]
valid: gen=0.113
reward: norm=0.9420916409899454
