read problem
[ 10 iterations]
real= [[25  0  0  0  0  0  0  0  0  0  0  0  0  0  0  0  0  0  0  0]
 [20 19  1 18 24 13 12  0  0  0  0  0  0  0  0  0  0  0  0  0]
 [ 9 19 14 10  0  0  0  0  0  0  0  0  0  0  0  0  0  0  0  0]
 [28 19  6  7  0  0  0  0  0  0  0  0  0  0  0  0  0  0  0  0]
 [ 1  0  0  0  0  0  0  0  0  0  0  0  0  0  0  0  0  0  0  0]
 [27  8  0  0  0  0  0  0  0  0  0  0  0  0  0  0  0  0  0  0]
 [28 25  4 12  9  3 24  7 26  0  0  0  0  0  0  0  0  0  0  0]
 [10 24  0  0  0  0  0  0  0  0  0  0  0  0  0  0  0  0  0  0]
 [23 17  2  4  0  0  0  0  0  0  0  0  0  0  0  0  0  0  0  0]
 [ 3 18 17 25  0  0  0  0  0  0  0  0  0  0  0  0  0  0  0  0]]
gen= [[25  0  0  0  0  0  0  0  0  0  0  0  0  0  0  0  0  0  0  0]
 [20 13 18  0  0  0  0  0  0  0  0  0  0  0  0  0  0  0  0  0]
 [ 9 14 10  0  0  0  0  0  0  0  0  0  0  0  0  0  0  0  0  0]
 [ 6 19 28  0  0  0  0  0  0  0  0  0  0  0  0  0  0  0  0  0]
 [ 1  0  0  0  0  0  0  0  0  0  0  0  0  0  0  0  0  0  0  0]
 [ 8 27  0  0  0  0  0  0  0  0  0  0  0  0  0  0  0  0  0  0]
 [25  3 26  0  0  0  0  0  0  0  0  0  0  0  0  0  0  0  0  0]
 [24 10  0  0  0  0  0  0  0  0  0  0  0  0  0  0  0  0  0  0]
 [ 2 23  4  0  0  0  0  0  0  0  0  0  0  0  0  0  0  0  0  0]
 [18  3 17  0  0  0  0  0  0  0  0  0  0  0  0  0  0  0  0  0]]
valid: gen=0.465
reward: norm=0.9155695682801367
[ 20 iterations]
real= [[27  7 10 21 28 20  0  0  0  0  0  0  0  0  0  0  0  0  0  0]
 [ 5 21 16 18 15  0  0  0  0  0  0  0  0  0  0  0  0  0  0  0]
 [ 5  7 11  2 25  0  0  0  0  0  0  0  0  0  0  0  0  0  0  0]
 [ 5 11  0  0  0  0  0  0  0  0  0  0  0  0  0  0  0  0  0  0]
 [ 9 26 14 19  0  0  0  0  0  0  0  0  0  0  0  0  0  0  0  0]
 [18 13 17  2  1  0  0  0  0  0  0  0  0  0  0  0  0  0  0  0]
 [23  6 24 18 13  0  0  0  0  0  0  0  0  0  0  0  0  0  0  0]
 [26 12  0  0  0  0  0  0  0  0  0  0  0  0  0  0  0  0  0  0]
 [10  0  0  0  0  0  0  0  0  0  0  0  0  0  0  0  0  0  0  0]
 [26 13 16  4 25 28  0  0  0  0  0  0  0  0  0  0  0  0  0  0]]
gen= [[21 10 20 28  0  0  0  0  0  0  0  0  0  0  0  0  0  0  0  0]
 [ 5 21  0  0  0  0  0  0  0  0  0  0  0  0  0  0  0  0  0  0]
 [25  2  0  0  0  0  0  0  0  0  0  0  0  0  0  0  0  0  0  0]
 [11  5  0  0  0  0  0  0  0  0  0  0  0  0  0  0  0  0  0  0]
 [14  9 26 19  0  0  0  0  0  0  0  0  0  0  0  0  0  0  0  0]
 [17 13 18  1  0  0  0  0  0  0  0  0  0  0  0  0  0  0  0  0]
 [ 6 23 18 24  0  0  0  0  0  0  0  0  0  0  0  0  0  0  0  0]
 [26 12  0  0  0  0  0  0  0  0  0  0  0  0  0  0  0  0  0  0]
 [10  0  0  0  0  0  0  0  0  0  0  0  0  0  0  0  0  0  0  0]
 [26 13 16 25  4  0  0  0  0  0  0  0  0  0  0  0  0  0  0  0]]
valid: gen=0.582
reward: norm=0.9325294338204848
[ 30 iterations]
real= [[22 14  0  0  0  0  0  0  0  0  0  0  0  0  0  0  0  0  0  0]
 [15  0  0  0  0  0  0  0  0  0  0  0  0  0  0  0  0  0  0  0]
 [23  6 24 13 19  9  1  0  0  0  0  0  0  0  0  0  0  0  0  0]
 [ 5 13  6 18 15  0  0  0  0  0  0  0  0  0  0  0  0  0  0  0]
 [27 25  0  0  0  0  0  0  0  0  0  0  0  0  0  0  0  0  0  0]
 [25 24  1  0  0  0  0  0  0  0  0  0  0  0  0  0  0  0  0  0]
 [23  7 15 12 13  8  0  0  0  0  0  0  0  0  0  0  0  0  0  0]
 [26 13 16 10  5  0  0  0  0  0  0  0  0  0  0  0  0  0  0  0]
 [17  2  0  0  0  0  0  0  0  0  0  0  0  0  0  0  0  0  0  0]
 [ 8  6  0  0  0  0  0  0  0  0  0  0  0  0  0  0  0  0  0  0]]
gen= [[22 14  0  0  0  0  0  0  0  0  0  0  0  0  0  0  0  0  0  0]
 [15  0  0  0  0  0  0  0  0  0  0  0  0  0  0  0  0  0  0  0]
 [ 6 23  1  9  0  0  0  0  0  0  0  0  0  0  0  0  0  0  0  0]
 [ 6 18 13  5  0  0  0  0  0  0  0  0  0  0  0  0  0  0  0  0]
 [25 27  0  0  0  0  0  0  0  0  0  0  0  0  0  0  0  0  0  0]
 [ 1 25 24  0  0  0  0  0  0  0  0  0  0  0  0  0  0  0  0  0]
 [12 23 13  7  0  0  0  0  0  0  0  0  0  0  0  0  0  0  0  0]
 [13 16 10 26  0  0  0  0  0  0  0  0  0  0  0  0  0  0  0  0]
 [17  2  0  0  0  0  0  0  0  0  0  0  0  0  0  0  0  0  0  0]
 [ 6  8  0  0  0  0  0  0  0  0  0  0  0  0  0  0  0  0  0  0]]
valid: gen=0.576
reward: norm=0.9292339893016407
[ 40 iterations]
real= [[ 1 28  3 13  4  0  0  0  0  0  0  0  0  0  0  0  0  0  0  0]
 [26 15 18 10 21 28 25 20  0  0  0  0  0  0  0  0  0  0  0  0]
 [ 3  0  0  0  0  0  0  0  0  0  0  0  0  0  0  0  0  0  0  0]
 [19 10 16  0  0  0  0  0  0  0  0  0  0  0  0  0  0  0  0  0]
 [11  2  0  0  0  0  0  0  0  0  0  0  0  0  0  0  0  0  0  0]
 [ 5 25 16 21  0  0  0  0  0  0  0  0  0  0  0  0  0  0  0  0]
 [ 5  6 20  0  0  0  0  0  0  0  0  0  0  0  0  0  0  0  0  0]
 [16  0  0  0  0  0  0  0  0  0  0  0  0  0  0  0  0  0  0  0]
 [26 13 14 18 20  8 27  0  0  0  0  0  0  0  0  0  0  0  0  0]
 [ 1 19  2  0  0  0  0  0  0  0  0  0  0  0  0  0  0  0  0  0]]
gen= [[ 3 28  4  1  0  0  0  0  0  0  0  0  0  0  0  0  0  0  0  0]
 [21 20 25  0  0  0  0  0  0  0  0  0  0  0  0  0  0  0  0  0]
 [ 3  0  0  0  0  0  0  0  0  0  0  0  0  0  0  0  0  0  0  0]
 [16 19  0  0  0  0  0  0  0  0  0  0  0  0  0  0  0  0  0  0]
 [11  2  0  0  0  0  0  0  0  0  0  0  0  0  0  0  0  0  0  0]
 [21 25  5  0  0  0  0  0  0  0  0  0  0  0  0  0  0  0  0  0]
 [ 6  5 20  0  0  0  0  0  0  0  0  0  0  0  0  0  0  0  0  0]
 [16  0  0  0  0  0  0  0  0  0  0  0  0  0  0  0  0  0  0  0]
 [14 20  8 18  0  0  0  0  0  0  0  0  0  0  0  0  0  0  0  0]
 [19  2  1  0  0  0  0  0  0  0  0  0  0  0  0  0  0  0  0  0]]
valid: gen=0.573
reward: norm=0.9348512714015551
[ 50 iterations]
real= [[18  0  0  0  0  0  0  0  0  0  0  0  0  0  0  0  0  0  0  0]
 [18  8  1  0  0  0  0  0  0  0  0  0  0  0  0  0  0  0  0  0]
 [27  8 14  0  0  0  0  0  0  0  0  0  0  0  0  0  0  0  0  0]
 [27 28 14  6  0  0  0  0  0  0  0  0  0  0  0  0  0  0  0  0]
 [ 1  0  0  0  0  0  0  0  0  0  0  0  0  0  0  0  0  0  0  0]
 [15 13  0  0  0  0  0  0  0  0  0  0  0  0  0  0  0  0  0  0]
 [15 19  0  0  0  0  0  0  0  0  0  0  0  0  0  0  0  0  0  0]
 [ 2  0  0  0  0  0  0  0  0  0  0  0  0  0  0  0  0  0  0  0]
 [18  6  9  0  0  0  0  0  0  0  0  0  0  0  0  0  0  0  0  0]
 [11 20  1 19 13 24  7  0  0  0  0  0  0  0  0  0  0  0  0  0]]
gen= [[18  0  0  0  0  0  0  0  0  0  0  0  0  0  0  0  0  0  0  0]
 [ 8  1  0  0  0  0  0  0  0  0  0  0  0  0  0  0  0  0  0  0]
 [14  8 27  0  0  0  0  0  0  0  0  0  0  0  0  0  0  0  0  0]
 [ 6 14 28  0  0  0  0  0  0  0  0  0  0  0  0  0  0  0  0  0]
 [ 1  0  0  0  0  0  0  0  0  0  0  0  0  0  0  0  0  0  0  0]
 [13 15  0  0  0  0  0  0  0  0  0  0  0  0  0  0  0  0  0  0]
 [19 15  0  0  0  0  0  0  0  0  0  0  0  0  0  0  0  0  0  0]
 [ 2  0  0  0  0  0  0  0  0  0  0  0  0  0  0  0  0  0  0  0]
 [ 6  9  0  0  0  0  0  0  0  0  0  0  0  0  0  0  0  0  0  0]
 [ 7 19 13  0  0  0  0  0  0  0  0  0  0  0  0  0  0  0  0  0]]
valid: gen=0.444
reward: norm=0.9177653063083632
[ 60 iterations]
real= [[25  0  0  0  0  0  0  0  0  0  0  0  0  0  0  0  0  0  0  0]
 [20 19  1 18 24 13 12  0  0  0  0  0  0  0  0  0  0  0  0  0]
 [ 9 19 14 10  0  0  0  0  0  0  0  0  0  0  0  0  0  0  0  0]
 [28 19  6  7  0  0  0  0  0  0  0  0  0  0  0  0  0  0  0  0]
 [ 1  0  0  0  0  0  0  0  0  0  0  0  0  0  0  0  0  0  0  0]
 [27  8  0  0  0  0  0  0  0  0  0  0  0  0  0  0  0  0  0  0]
 [28 25  4 12  9  3 24  7 26  0  0  0  0  0  0  0  0  0  0  0]
 [10 24  0  0  0  0  0  0  0  0  0  0  0  0  0  0  0  0  0  0]
 [23 17  2  4  0  0  0  0  0  0  0  0  0  0  0  0  0  0  0  0]
 [ 3 18 17 25  0  0  0  0  0  0  0  0  0  0  0  0  0  0  0  0]]
gen= [[25  0  0  0  0  0  0  0  0  0  0  0  0  0  0  0  0  0  0  0]
 [12 19 18  0  0  0  0  0  0  0  0  0  0  0  0  0  0  0  0  0]
 [14 19  9  0  0  0  0  0  0  0  0  0  0  0  0  0  0  0  0  0]
 [19  7  6  0  0  0  0  0  0  0  0  0  0  0  0  0  0  0  0  0]
 [ 1  0  0  0  0  0  0  0  0  0  0  0  0  0  0  0  0  0  0  0]
 [ 8 27  0  0  0  0  0  0  0  0  0  0  0  0  0  0  0  0  0  0]
 [12  7 24  0  0  0  0  0  0  0  0  0  0  0  0  0  0  0  0  0]
 [10 24  0  0  0  0  0  0  0  0  0  0  0  0  0  0  0  0  0  0]
 [17 23  4  0  0  0  0  0  0  0  0  0  0  0  0  0  0  0  0  0]
 [17 18  3  0  0  0  0  0  0  0  0  0  0  0  0  0  0  0  0  0]]
valid: gen=0.459
reward: norm=0.9181094291515486
[ 70 iterations]
real= [[27  7 10 21 28 20  0  0  0  0  0  0  0  0  0  0  0  0  0  0]
 [ 5 21 16 18 15  0  0  0  0  0  0  0  0  0  0  0  0  0  0  0]
 [ 5  7 11  2 25  0  0  0  0  0  0  0  0  0  0  0  0  0  0  0]
 [ 5 11  0  0  0  0  0  0  0  0  0  0  0  0  0  0  0  0  0  0]
 [ 9 26 14 19  0  0  0  0  0  0  0  0  0  0  0  0  0  0  0  0]
 [18 13 17  2  1  0  0  0  0  0  0  0  0  0  0  0  0  0  0  0]
 [23  6 24 18 13  0  0  0  0  0  0  0  0  0  0  0  0  0  0  0]
 [26 12  0  0  0  0  0  0  0  0  0  0  0  0  0  0  0  0  0  0]
 [10  0  0  0  0  0  0  0  0  0  0  0  0  0  0  0  0  0  0  0]
 [26 13 16  4 25 28  0  0  0  0  0  0  0  0  0  0  0  0  0  0]]
gen= [[21  7 20 27  0  0  0  0  0  0  0  0  0  0  0  0  0  0  0  0]
 [21 18  5  0  0  0  0  0  0  0  0  0  0  0  0  0  0  0  0  0]
 [ 7  2  0  0  0  0  0  0  0  0  0  0  0  0  0  0  0  0  0  0]
 [ 5 11  0  0  0  0  0  0  0  0  0  0  0  0  0  0  0  0  0  0]
 [14 19  9 26  0  0  0  0  0  0  0  0  0  0  0  0  0  0  0  0]
 [17  1 18  0  0  0  0  0  0  0  0  0  0  0  0  0  0  0  0  0]
 [23  6 24 18 13  0  0  0  0  0  0  0  0  0  0  0  0  0  0  0]
 [12 26  0  0  0  0  0  0  0  0  0  0  0  0  0  0  0  0  0  0]
 [10  0  0  0  0  0  0  0  0  0  0  0  0  0  0  0  0  0  0  0]
 [16  4 25 28  0  0  0  0  0  0  0  0  0  0  0  0  0  0  0  0]]
valid: gen=0.569
reward: norm=0.9291235915009037
[ 80 iterations]
real= [[22 14  0  0  0  0  0  0  0  0  0  0  0  0  0  0  0  0  0  0]
 [15  0  0  0  0  0  0  0  0  0  0  0  0  0  0  0  0  0  0  0]
 [23  6 24 13 19  9  1  0  0  0  0  0  0  0  0  0  0  0  0  0]
 [ 5 13  6 18 15  0  0  0  0  0  0  0  0  0  0  0  0  0  0  0]
 [27 25  0  0  0  0  0  0  0  0  0  0  0  0  0  0  0  0  0  0]
 [25 24  1  0  0  0  0  0  0  0  0  0  0  0  0  0  0  0  0  0]
 [23  7 15 12 13  8  0  0  0  0  0  0  0  0  0  0  0  0  0  0]
 [26 13 16 10  5  0  0  0  0  0  0  0  0  0  0  0  0  0  0  0]
 [17  2  0  0  0  0  0  0  0  0  0  0  0  0  0  0  0  0  0  0]
 [ 8  6  0  0  0  0  0  0  0  0  0  0  0  0  0  0  0  0  0  0]]
gen= [[14 22  0  0  0  0  0  0  0  0  0  0  0  0  0  0  0  0  0  0]
 [15  0  0  0  0  0  0  0  0  0  0  0  0  0  0  0  0  0  0  0]
 [23 19 24 13  0  0  0  0  0  0  0  0  0  0  0  0  0  0  0  0]
 [ 6 18 13  5  0  0  0  0  0  0  0  0  0  0  0  0  0  0  0  0]
 [27 25  0  0  0  0  0  0  0  0  0  0  0  0  0  0  0  0  0  0]
 [25 24  1  0  0  0  0  0  0  0  0  0  0  0  0  0  0  0  0  0]
 [12  7 23 13  0  0  0  0  0  0  0  0  0  0  0  0  0  0  0  0]
 [16 13 26  5  0  0  0  0  0  0  0  0  0  0  0  0  0  0  0  0]
 [17  2  0  0  0  0  0  0  0  0  0  0  0  0  0  0  0  0  0  0]
 [ 6  8  0  0  0  0  0  0  0  0  0  0  0  0  0  0  0  0  0  0]]
valid: gen=0.584
reward: norm=0.9300012330947505
[ 90 iterations]
real= [[ 1 28  3 13  4  0  0  0  0  0  0  0  0  0  0  0  0  0  0  0]
 [26 15 18 10 21 28 25 20  0  0  0  0  0  0  0  0  0  0  0  0]
 [ 3  0  0  0  0  0  0  0  0  0  0  0  0  0  0  0  0  0  0  0]
 [19 10 16  0  0  0  0  0  0  0  0  0  0  0  0  0  0  0  0  0]
 [11  2  0  0  0  0  0  0  0  0  0  0  0  0  0  0  0  0  0  0]
 [ 5 25 16 21  0  0  0  0  0  0  0  0  0  0  0  0  0  0  0  0]
 [ 5  6 20  0  0  0  0  0  0  0  0  0  0  0  0  0  0  0  0  0]
 [16  0  0  0  0  0  0  0  0  0  0  0  0  0  0  0  0  0  0  0]
 [26 13 14 18 20  8 27  0  0  0  0  0  0  0  0  0  0  0  0  0]
 [ 1 19  2  0  0  0  0  0  0  0  0  0  0  0  0  0  0  0  0  0]]
gen= [[ 1  4 13  3 28  0  0  0  0  0  0  0  0  0  0  0  0  0  0  0]
 [18 26 25 28 15  0  0  0  0  0  0  0  0  0  0  0  0  0  0  0]
 [ 3  0  0  0  0  0  0  0  0  0  0  0  0  0  0  0  0  0  0  0]
 [19 16 10  0  0  0  0  0  0  0  0  0  0  0  0  0  0  0  0  0]
 [ 2 11  0  0  0  0  0  0  0  0  0  0  0  0  0  0  0  0  0  0]
 [16  5 25  0  0  0  0  0  0  0  0  0  0  0  0  0  0  0  0  0]
 [ 6 20  5  0  0  0  0  0  0  0  0  0  0  0  0  0  0  0  0  0]
 [16  0  0  0  0  0  0  0  0  0  0  0  0  0  0  0  0  0  0  0]
 [14 18 26 27  8 20  0  0  0  0  0  0  0  0  0  0  0  0  0  0]
 [19  2  0  0  0  0  0  0  0  0  0  0  0  0  0  0  0  0  0  0]]
valid: gen=0.592
reward: norm=0.9329125363741279
[ 100 iterations]
real= [[18  0  0  0  0  0  0  0  0  0  0  0  0  0  0  0  0  0  0  0]
 [18  8  1  0  0  0  0  0  0  0  0  0  0  0  0  0  0  0  0  0]
 [27  8 14  0  0  0  0  0  0  0  0  0  0  0  0  0  0  0  0  0]
 [27 28 14  6  0  0  0  0  0  0  0  0  0  0  0  0  0  0  0  0]
 [ 1  0  0  0  0  0  0  0  0  0  0  0  0  0  0  0  0  0  0  0]
 [15 13  0  0  0  0  0  0  0  0  0  0  0  0  0  0  0  0  0  0]
 [15 19  0  0  0  0  0  0  0  0  0  0  0  0  0  0  0  0  0  0]
 [ 2  0  0  0  0  0  0  0  0  0  0  0  0  0  0  0  0  0  0  0]
 [18  6  9  0  0  0  0  0  0  0  0  0  0  0  0  0  0  0  0  0]
 [11 20  1 19 13 24  7  0  0  0  0  0  0  0  0  0  0  0  0  0]]
gen= [[18  0  0  0  0  0  0  0  0  0  0  0  0  0  0  0  0  0  0  0]
 [ 8 18  0  0  0  0  0  0  0  0  0  0  0  0  0  0  0  0  0  0]
 [14  8 27  0  0  0  0  0  0  0  0  0  0  0  0  0  0  0  0  0]
 [14 28 27  0  0  0  0  0  0  0  0  0  0  0  0  0  0  0  0  0]
 [ 1  0  0  0  0  0  0  0  0  0  0  0  0  0  0  0  0  0  0  0]
 [13 15  0  0  0  0  0  0  0  0  0  0  0  0  0  0  0  0  0  0]
 [19 15  0  0  0  0  0  0  0  0  0  0  0  0  0  0  0  0  0  0]
 [ 2  0  0  0  0  0  0  0  0  0  0  0  0  0  0  0  0  0  0  0]
 [18  6  9  0  0  0  0  0  0  0  0  0  0  0  0  0  0  0  0  0]
 [19  7 24  0  0  0  0  0  0  0  0  0  0  0  0  0  0  0  0  0]]
valid: gen=0.445
reward: norm=0.9171434445829644
[ 110 iterations]
real= [[25  0  0  0  0  0  0  0  0  0  0  0  0  0  0  0  0  0  0  0]
 [20 19  1 18 24 13 12  0  0  0  0  0  0  0  0  0  0  0  0  0]
 [ 9 19 14 10  0  0  0  0  0  0  0  0  0  0  0  0  0  0  0  0]
 [28 19  6  7  0  0  0  0  0  0  0  0  0  0  0  0  0  0  0  0]
 [ 1  0  0  0  0  0  0  0  0  0  0  0  0  0  0  0  0  0  0  0]
 [27  8  0  0  0  0  0  0  0  0  0  0  0  0  0  0  0  0  0  0]
 [28 25  4 12  9  3 24  7 26  0  0  0  0  0  0  0  0  0  0  0]
 [10 24  0  0  0  0  0  0  0  0  0  0  0  0  0  0  0  0  0  0]
 [23 17  2  4  0  0  0  0  0  0  0  0  0  0  0  0  0  0  0  0]
 [ 3 18 17 25  0  0  0  0  0  0  0  0  0  0  0  0  0  0  0  0]]
gen= [[25  0  0  0  0  0  0  0  0  0  0  0  0  0  0  0  0  0  0  0]
 [19 18 12  0  0  0  0  0  0  0  0  0  0  0  0  0  0  0  0  0]
 [19 14 10  0  0  0  0  0  0  0  0  0  0  0  0  0  0  0  0  0]
 [19  7 28  0  0  0  0  0  0  0  0  0  0  0  0  0  0  0  0  0]
 [ 1  0  0  0  0  0  0  0  0  0  0  0  0  0  0  0  0  0  0  0]
 [27  8  0  0  0  0  0  0  0  0  0  0  0  0  0  0  0  0  0  0]
 [12  7 26  0  0  0  0  0  0  0  0  0  0  0  0  0  0  0  0  0]
 [10 24  0  0  0  0  0  0  0  0  0  0  0  0  0  0  0  0  0  0]
 [17 23  4  0  0  0  0  0  0  0  0  0  0  0  0  0  0  0  0  0]
 [17 18  3  0  0  0  0  0  0  0  0  0  0  0  0  0  0  0  0  0]]
valid: gen=0.46
reward: norm=0.9182332714997682
[ 120 iterations]
real= [[27  7 10 21 28 20  0  0  0  0  0  0  0  0  0  0  0  0  0  0]
 [ 5 21 16 18 15  0  0  0  0  0  0  0  0  0  0  0  0  0  0  0]
 [ 5  7 11  2 25  0  0  0  0  0  0  0  0  0  0  0  0  0  0  0]
 [ 5 11  0  0  0  0  0  0  0  0  0  0  0  0  0  0  0  0  0  0]
 [ 9 26 14 19  0  0  0  0  0  0  0  0  0  0  0  0  0  0  0  0]
 [18 13 17  2  1  0  0  0  0  0  0  0  0  0  0  0  0  0  0  0]
 [23  6 24 18 13  0  0  0  0  0  0  0  0  0  0  0  0  0  0  0]
 [26 12  0  0  0  0  0  0  0  0  0  0  0  0  0  0  0  0  0  0]
 [10  0  0  0  0  0  0  0  0  0  0  0  0  0  0  0  0  0  0  0]
 [26 13 16  4 25 28  0  0  0  0  0  0  0  0  0  0  0  0  0  0]]
gen= [[ 7 27 21 10 20  0  0  0  0  0  0  0  0  0  0  0  0  0  0  0]
 [18 21 16  5  0  0  0  0  0  0  0  0  0  0  0  0  0  0  0  0]
 [ 7  5  2 11  0  0  0  0  0  0  0  0  0  0  0  0  0  0  0  0]
 [ 5 11  0  0  0  0  0  0  0  0  0  0  0  0  0  0  0  0  0  0]
 [19 14 26  9  0  0  0  0  0  0  0  0  0  0  0  0  0  0  0  0]
 [17 18  2  1  0  0  0  0  0  0  0  0  0  0  0  0  0  0  0  0]
 [23 18 13 24  6  0  0  0  0  0  0  0  0  0  0  0  0  0  0  0]
 [12 26  0  0  0  0  0  0  0  0  0  0  0  0  0  0  0  0  0  0]
 [10  0  0  0  0  0  0  0  0  0  0  0  0  0  0  0  0  0  0  0]
 [26  4 16 13  0  0  0  0  0  0  0  0  0  0  0  0  0  0  0  0]]
valid: gen=0.566
reward: norm=0.9343967971752606
[ 130 iterations]
real= [[22 14  0  0  0  0  0  0  0  0  0  0  0  0  0  0  0  0  0  0]
 [15  0  0  0  0  0  0  0  0  0  0  0  0  0  0  0  0  0  0  0]
 [23  6 24 13 19  9  1  0  0  0  0  0  0  0  0  0  0  0  0  0]
 [ 5 13  6 18 15  0  0  0  0  0  0  0  0  0  0  0  0  0  0  0]
 [27 25  0  0  0  0  0  0  0  0  0  0  0  0  0  0  0  0  0  0]
 [25 24  1  0  0  0  0  0  0  0  0  0  0  0  0  0  0  0  0  0]
 [23  7 15 12 13  8  0  0  0  0  0  0  0  0  0  0  0  0  0  0]
 [26 13 16 10  5  0  0  0  0  0  0  0  0  0  0  0  0  0  0  0]
 [17  2  0  0  0  0  0  0  0  0  0  0  0  0  0  0  0  0  0  0]
 [ 8  6  0  0  0  0  0  0  0  0  0  0  0  0  0  0  0  0  0  0]]
gen= [[14 22  0  0  0  0  0  0  0  0  0  0  0  0  0  0  0  0  0  0]
 [15  0  0  0  0  0  0  0  0  0  0  0  0  0  0  0  0  0  0  0]
 [19 23  9  6  0  0  0  0  0  0  0  0  0  0  0  0  0  0  0  0]
 [18  6  5  0  0  0  0  0  0  0  0  0  0  0  0  0  0  0  0  0]
 [25 27  0  0  0  0  0  0  0  0  0  0  0  0  0  0  0  0  0  0]
 [24 25  1  0  0  0  0  0  0  0  0  0  0  0  0  0  0  0  0  0]
 [12 23  7 13  0  0  0  0  0  0  0  0  0  0  0  0  0  0  0  0]
 [26  5 10  0  0  0  0  0  0  0  0  0  0  0  0  0  0  0  0  0]
 [17  2  0  0  0  0  0  0  0  0  0  0  0  0  0  0  0  0  0  0]
 [ 6  8  0  0  0  0  0  0  0  0  0  0  0  0  0  0  0  0  0  0]]
valid: gen=0.578
reward: norm=0.9346220472817695
[ 140 iterations]
real= [[ 1 28  3 13  4  0  0  0  0  0  0  0  0  0  0  0  0  0  0  0]
 [26 15 18 10 21 28 25 20  0  0  0  0  0  0  0  0  0  0  0  0]
 [ 3  0  0  0  0  0  0  0  0  0  0  0  0  0  0  0  0  0  0  0]
 [19 10 16  0  0  0  0  0  0  0  0  0  0  0  0  0  0  0  0  0]
 [11  2  0  0  0  0  0  0  0  0  0  0  0  0  0  0  0  0  0  0]
 [ 5 25 16 21  0  0  0  0  0  0  0  0  0  0  0  0  0  0  0  0]
 [ 5  6 20  0  0  0  0  0  0  0  0  0  0  0  0  0  0  0  0  0]
 [16  0  0  0  0  0  0  0  0  0  0  0  0  0  0  0  0  0  0  0]
 [26 13 14 18 20  8 27  0  0  0  0  0  0  0  0  0  0  0  0  0]
 [ 1 19  2  0  0  0  0  0  0  0  0  0  0  0  0  0  0  0  0  0]]
gen= [[ 3 28  1  4  0  0  0  0  0  0  0  0  0  0  0  0  0  0  0  0]
 [18 26 15 10 21 20  0  0  0  0  0  0  0  0  0  0  0  0  0  0]
 [ 3  0  0  0  0  0  0  0  0  0  0  0  0  0  0  0  0  0  0  0]
 [19 10 16  0  0  0  0  0  0  0  0  0  0  0  0  0  0  0  0  0]
 [11  2  0  0  0  0  0  0  0  0  0  0  0  0  0  0  0  0  0  0]
 [21 16 25  5  0  0  0  0  0  0  0  0  0  0  0  0  0  0  0  0]
 [ 5  6 20  0  0  0  0  0  0  0  0  0  0  0  0  0  0  0  0  0]
 [16  0  0  0  0  0  0  0  0  0  0  0  0  0  0  0  0  0  0  0]
 [14 18 26 13 20  0  0  0  0  0  0  0  0  0  0  0  0  0  0  0]
 [19  2  1  0  0  0  0  0  0  0  0  0  0  0  0  0  0  0  0  0]]
valid: gen=0.575
reward: norm=0.9406884445180818
[ 150 iterations]
real= [[18  0  0  0  0  0  0  0  0  0  0  0  0  0  0  0  0  0  0  0]
 [18  8  1  0  0  0  0  0  0  0  0  0  0  0  0  0  0  0  0  0]
 [27  8 14  0  0  0  0  0  0  0  0  0  0  0  0  0  0  0  0  0]
 [27 28 14  6  0  0  0  0  0  0  0  0  0  0  0  0  0  0  0  0]
 [ 1  0  0  0  0  0  0  0  0  0  0  0  0  0  0  0  0  0  0  0]
 [15 13  0  0  0  0  0  0  0  0  0  0  0  0  0  0  0  0  0  0]
 [15 19  0  0  0  0  0  0  0  0  0  0  0  0  0  0  0  0  0  0]
 [ 2  0  0  0  0  0  0  0  0  0  0  0  0  0  0  0  0  0  0  0]
 [18  6  9  0  0  0  0  0  0  0  0  0  0  0  0  0  0  0  0  0]
 [11 20  1 19 13 24  7  0  0  0  0  0  0  0  0  0  0  0  0  0]]
gen= [[18  0  0  0  0  0  0  0  0  0  0  0  0  0  0  0  0  0  0  0]
 [18  8  1  0  0  0  0  0  0  0  0  0  0  0  0  0  0  0  0  0]
 [14  8 27  0  0  0  0  0  0  0  0  0  0  0  0  0  0  0  0  0]
 [14 28 27  0  0  0  0  0  0  0  0  0  0  0  0  0  0  0  0  0]
 [ 1  0  0  0  0  0  0  0  0  0  0  0  0  0  0  0  0  0  0  0]
 [15 13  0  0  0  0  0  0  0  0  0  0  0  0  0  0  0  0  0  0]
 [19 15  0  0  0  0  0  0  0  0  0  0  0  0  0  0  0  0  0  0]
 [ 2  0  0  0  0  0  0  0  0  0  0  0  0  0  0  0  0  0  0  0]
 [18  6  9  0  0  0  0  0  0  0  0  0  0  0  0  0  0  0  0  0]
 [19  7  1  0  0  0  0  0  0  0  0  0  0  0  0  0  0  0  0  0]]
valid: gen=0.443
reward: norm=0.920610988362594
[ 160 iterations]
real= [[25  0  0  0  0  0  0  0  0  0  0  0  0  0  0  0  0  0  0  0]
 [20 19  1 18 24 13 12  0  0  0  0  0  0  0  0  0  0  0  0  0]
 [ 9 19 14 10  0  0  0  0  0  0  0  0  0  0  0  0  0  0  0  0]
 [28 19  6  7  0  0  0  0  0  0  0  0  0  0  0  0  0  0  0  0]
 [ 1  0  0  0  0  0  0  0  0  0  0  0  0  0  0  0  0  0  0  0]
 [27  8  0  0  0  0  0  0  0  0  0  0  0  0  0  0  0  0  0  0]
 [28 25  4 12  9  3 24  7 26  0  0  0  0  0  0  0  0  0  0  0]
 [10 24  0  0  0  0  0  0  0  0  0  0  0  0  0  0  0  0  0  0]
 [23 17  2  4  0  0  0  0  0  0  0  0  0  0  0  0  0  0  0  0]
 [ 3 18 17 25  0  0  0  0  0  0  0  0  0  0  0  0  0  0  0  0]]
gen= [[25  0  0  0  0  0  0  0  0  0  0  0  0  0  0  0  0  0  0  0]
 [19 12 18  0  0  0  0  0  0  0  0  0  0  0  0  0  0  0  0  0]
 [19 14 10  0  0  0  0  0  0  0  0  0  0  0  0  0  0  0  0  0]
 [19  7  6  0  0  0  0  0  0  0  0  0  0  0  0  0  0  0  0  0]
 [ 1  0  0  0  0  0  0  0  0  0  0  0  0  0  0  0  0  0  0  0]
 [ 8 27  0  0  0  0  0  0  0  0  0  0  0  0  0  0  0  0  0  0]
 [12 26  7  0  0  0  0  0  0  0  0  0  0  0  0  0  0  0  0  0]
 [10 24  0  0  0  0  0  0  0  0  0  0  0  0  0  0  0  0  0  0]
 [23 17  4  0  0  0  0  0  0  0  0  0  0  0  0  0  0  0  0  0]
 [17 18  3  0  0  0  0  0  0  0  0  0  0  0  0  0  0  0  0  0]]
valid: gen=0.452
reward: norm=0.9195872001934455
[ 170 iterations]
real= [[27  7 10 21 28 20  0  0  0  0  0  0  0  0  0  0  0  0  0  0]
 [ 5 21 16 18 15  0  0  0  0  0  0  0  0  0  0  0  0  0  0  0]
 [ 5  7 11  2 25  0  0  0  0  0  0  0  0  0  0  0  0  0  0  0]
 [ 5 11  0  0  0  0  0  0  0  0  0  0  0  0  0  0  0  0  0  0]
 [ 9 26 14 19  0  0  0  0  0  0  0  0  0  0  0  0  0  0  0  0]
 [18 13 17  2  1  0  0  0  0  0  0  0  0  0  0  0  0  0  0  0]
 [23  6 24 18 13  0  0  0  0  0  0  0  0  0  0  0  0  0  0  0]
 [26 12  0  0  0  0  0  0  0  0  0  0  0  0  0  0  0  0  0  0]
 [10  0  0  0  0  0  0  0  0  0  0  0  0  0  0  0  0  0  0  0]
 [26 13 16  4 25 28  0  0  0  0  0  0  0  0  0  0  0  0  0  0]]
gen= [[ 7 20 10 28  0  0  0  0  0  0  0  0  0  0  0  0  0  0  0  0]
 [18 16  5  0  0  0  0  0  0  0  0  0  0  0  0  0  0  0  0  0]
 [ 7  2 11 25  0  0  0  0  0  0  0  0  0  0  0  0  0  0  0  0]
 [ 5 11  0  0  0  0  0  0  0  0  0  0  0  0  0  0  0  0  0  0]
 [19 14 26  9  0  0  0  0  0  0  0  0  0  0  0  0  0  0  0  0]
 [17 18  1  2  0  0  0  0  0  0  0  0  0  0  0  0  0  0  0  0]
 [23 18  6 13 24  0  0  0  0  0  0  0  0  0  0  0  0  0  0  0]
 [12 26  0  0  0  0  0  0  0  0  0  0  0  0  0  0  0  0  0  0]
 [10  0  0  0  0  0  0  0  0  0  0  0  0  0  0  0  0  0  0  0]
 [26  4 16 13  0  0  0  0  0  0  0  0  0  0  0  0  0  0  0  0]]
valid: gen=0.554
reward: norm=0.9338552943122639
[ 180 iterations]
real= [[22 14  0  0  0  0  0  0  0  0  0  0  0  0  0  0  0  0  0  0]
 [15  0  0  0  0  0  0  0  0  0  0  0  0  0  0  0  0  0  0  0]
 [23  6 24 13 19  9  1  0  0  0  0  0  0  0  0  0  0  0  0  0]
 [ 5 13  6 18 15  0  0  0  0  0  0  0  0  0  0  0  0  0  0  0]
 [27 25  0  0  0  0  0  0  0  0  0  0  0  0  0  0  0  0  0  0]
 [25 24  1  0  0  0  0  0  0  0  0  0  0  0  0  0  0  0  0  0]
 [23  7 15 12 13  8  0  0  0  0  0  0  0  0  0  0  0  0  0  0]
 [26 13 16 10  5  0  0  0  0  0  0  0  0  0  0  0  0  0  0  0]
 [17  2  0  0  0  0  0  0  0  0  0  0  0  0  0  0  0  0  0  0]
 [ 8  6  0  0  0  0  0  0  0  0  0  0  0  0  0  0  0  0  0  0]]
gen= [[22 14  0  0  0  0  0  0  0  0  0  0  0  0  0  0  0  0  0  0]
 [15  0  0  0  0  0  0  0  0  0  0  0  0  0  0  0  0  0  0  0]
 [19 23  1  9  0  0  0  0  0  0  0  0  0  0  0  0  0  0  0  0]
 [18 15  5  0  0  0  0  0  0  0  0  0  0  0  0  0  0  0  0  0]
 [25 27  0  0  0  0  0  0  0  0  0  0  0  0  0  0  0  0  0  0]
 [ 1 25 24  0  0  0  0  0  0  0  0  0  0  0  0  0  0  0  0  0]
 [23 12  7  8  0  0  0  0  0  0  0  0  0  0  0  0  0  0  0  0]
 [26 10  5  0  0  0  0  0  0  0  0  0  0  0  0  0  0  0  0  0]
 [17  2  0  0  0  0  0  0  0  0  0  0  0  0  0  0  0  0  0  0]
 [ 8  6  0  0  0  0  0  0  0  0  0  0  0  0  0  0  0  0  0  0]]
valid: gen=0.577
reward: norm=0.9318377740815338
[ 190 iterations]
real= [[ 1 28  3 13  4  0  0  0  0  0  0  0  0  0  0  0  0  0  0  0]
 [26 15 18 10 21 28 25 20  0  0  0  0  0  0  0  0  0  0  0  0]
 [ 3  0  0  0  0  0  0  0  0  0  0  0  0  0  0  0  0  0  0  0]
 [19 10 16  0  0  0  0  0  0  0  0  0  0  0  0  0  0  0  0  0]
 [11  2  0  0  0  0  0  0  0  0  0  0  0  0  0  0  0  0  0  0]
 [ 5 25 16 21  0  0  0  0  0  0  0  0  0  0  0  0  0  0  0  0]
 [ 5  6 20  0  0  0  0  0  0  0  0  0  0  0  0  0  0  0  0  0]
 [16  0  0  0  0  0  0  0  0  0  0  0  0  0  0  0  0  0  0  0]
 [26 13 14 18 20  8 27  0  0  0  0  0  0  0  0  0  0  0  0  0]
 [ 1 19  2  0  0  0  0  0  0  0  0  0  0  0  0  0  0  0  0  0]]
gen= [[ 1  3 28  4  0  0  0  0  0  0  0  0  0  0  0  0  0  0  0  0]
 [18 26 15 10 21 20  0  0  0  0  0  0  0  0  0  0  0  0  0  0]
 [ 3  0  0  0  0  0  0  0  0  0  0  0  0  0  0  0  0  0  0  0]
 [19 10 16  0  0  0  0  0  0  0  0  0  0  0  0  0  0  0  0  0]
 [11  2  0  0  0  0  0  0  0  0  0  0  0  0  0  0  0  0  0  0]
 [21 16  5  0  0  0  0  0  0  0  0  0  0  0  0  0  0  0  0  0]
 [ 5  6 20  0  0  0  0  0  0  0  0  0  0  0  0  0  0  0  0  0]
 [16  0  0  0  0  0  0  0  0  0  0  0  0  0  0  0  0  0  0  0]
 [14 18 26  8 27 20  0  0  0  0  0  0  0  0  0  0  0  0  0  0]
 [19  2  0  0  0  0  0  0  0  0  0  0  0  0  0  0  0  0  0  0]]
valid: gen=0.582
reward: norm=0.939335204370879
[ 200 iterations]
real= [[18  0  0  0  0  0  0  0  0  0  0  0  0  0  0  0  0  0  0  0]
 [18  8  1  0  0  0  0  0  0  0  0  0  0  0  0  0  0  0  0  0]
 [27  8 14  0  0  0  0  0  0  0  0  0  0  0  0  0  0  0  0  0]
 [27 28 14  6  0  0  0  0  0  0  0  0  0  0  0  0  0  0  0  0]
 [ 1  0  0  0  0  0  0  0  0  0  0  0  0  0  0  0  0  0  0  0]
 [15 13  0  0  0  0  0  0  0  0  0  0  0  0  0  0  0  0  0  0]
 [15 19  0  0  0  0  0  0  0  0  0  0  0  0  0  0  0  0  0  0]
 [ 2  0  0  0  0  0  0  0  0  0  0  0  0  0  0  0  0  0  0  0]
 [18  6  9  0  0  0  0  0  0  0  0  0  0  0  0  0  0  0  0  0]
 [11 20  1 19 13 24  7  0  0  0  0  0  0  0  0  0  0  0  0  0]]
gen= [[18  0  0  0  0  0  0  0  0  0  0  0  0  0  0  0  0  0  0  0]
 [18  1  8  0  0  0  0  0  0  0  0  0  0  0  0  0  0  0  0  0]
 [14 27  8  0  0  0  0  0  0  0  0  0  0  0  0  0  0  0  0  0]
 [14  6 27  0  0  0  0  0  0  0  0  0  0  0  0  0  0  0  0  0]
 [ 1  0  0  0  0  0  0  0  0  0  0  0  0  0  0  0  0  0  0  0]
 [13 15  0  0  0  0  0  0  0  0  0  0  0  0  0  0  0  0  0  0]
 [19 15  0  0  0  0  0  0  0  0  0  0  0  0  0  0  0  0  0  0]
 [ 2  0  0  0  0  0  0  0  0  0  0  0  0  0  0  0  0  0  0  0]
 [18  6  9  0  0  0  0  0  0  0  0  0  0  0  0  0  0  0  0  0]
 [19  7 13  0  0  0  0  0  0  0  0  0  0  0  0  0  0  0  0  0]]
valid: gen=0.447
reward: norm=0.9136917346090674
[ 210 iterations]
real= [[25  0  0  0  0  0  0  0  0  0  0  0  0  0  0  0  0  0  0  0]
 [20 19  1 18 24 13 12  0  0  0  0  0  0  0  0  0  0  0  0  0]
 [ 9 19 14 10  0  0  0  0  0  0  0  0  0  0  0  0  0  0  0  0]
 [28 19  6  7  0  0  0  0  0  0  0  0  0  0  0  0  0  0  0  0]
 [ 1  0  0  0  0  0  0  0  0  0  0  0  0  0  0  0  0  0  0  0]
 [27  8  0  0  0  0  0  0  0  0  0  0  0  0  0  0  0  0  0  0]
 [28 25  4 12  9  3 24  7 26  0  0  0  0  0  0  0  0  0  0  0]
 [10 24  0  0  0  0  0  0  0  0  0  0  0  0  0  0  0  0  0  0]
 [23 17  2  4  0  0  0  0  0  0  0  0  0  0  0  0  0  0  0  0]
 [ 3 18 17 25  0  0  0  0  0  0  0  0  0  0  0  0  0  0  0  0]]
gen= [[25  0  0  0  0  0  0  0  0  0  0  0  0  0  0  0  0  0  0  0]
 [19 12 18  0  0  0  0  0  0  0  0  0  0  0  0  0  0  0  0  0]
 [19 14 10  0  0  0  0  0  0  0  0  0  0  0  0  0  0  0  0  0]
 [19  7  6  0  0  0  0  0  0  0  0  0  0  0  0  0  0  0  0  0]
 [ 1  0  0  0  0  0  0  0  0  0  0  0  0  0  0  0  0  0  0  0]
 [ 8 27  0  0  0  0  0  0  0  0  0  0  0  0  0  0  0  0  0  0]
 [12 26  7  0  0  0  0  0  0  0  0  0  0  0  0  0  0  0  0  0]
 [10 24  0  0  0  0  0  0  0  0  0  0  0  0  0  0  0  0  0  0]
 [23 17  4  0  0  0  0  0  0  0  0  0  0  0  0  0  0  0  0  0]
 [17 18  3  0  0  0  0  0  0  0  0  0  0  0  0  0  0  0  0  0]]
valid: gen=0.453
reward: norm=0.9175179061950987
[ 220 iterations]
real= [[27  7 10 21 28 20  0  0  0  0  0  0  0  0  0  0  0  0  0  0]
 [ 5 21 16 18 15  0  0  0  0  0  0  0  0  0  0  0  0  0  0  0]
 [ 5  7 11  2 25  0  0  0  0  0  0  0  0  0  0  0  0  0  0  0]
 [ 5 11  0  0  0  0  0  0  0  0  0  0  0  0  0  0  0  0  0  0]
 [ 9 26 14 19  0  0  0  0  0  0  0  0  0  0  0  0  0  0  0  0]
 [18 13 17  2  1  0  0  0  0  0  0  0  0  0  0  0  0  0  0  0]
 [23  6 24 18 13  0  0  0  0  0  0  0  0  0  0  0  0  0  0  0]
 [26 12  0  0  0  0  0  0  0  0  0  0  0  0  0  0  0  0  0  0]
 [10  0  0  0  0  0  0  0  0  0  0  0  0  0  0  0  0  0  0  0]
 [26 13 16  4 25 28  0  0  0  0  0  0  0  0  0  0  0  0  0  0]]
gen= [[ 7 20 10 28  0  0  0  0  0  0  0  0  0  0  0  0  0  0  0  0]
 [18 15 16  5  0  0  0  0  0  0  0  0  0  0  0  0  0  0  0  0]
 [ 7  2 11 25  0  0  0  0  0  0  0  0  0  0  0  0  0  0  0  0]
 [11  5  0  0  0  0  0  0  0  0  0  0  0  0  0  0  0  0  0  0]
 [19 14 26  9  0  0  0  0  0  0  0  0  0  0  0  0  0  0  0  0]
 [17 18  1  2  0  0  0  0  0  0  0  0  0  0  0  0  0  0  0  0]
 [23 18  6 24 13  0  0  0  0  0  0  0  0  0  0  0  0  0  0  0]
 [12 26  0  0  0  0  0  0  0  0  0  0  0  0  0  0  0  0  0  0]
 [10  0  0  0  0  0  0  0  0  0  0  0  0  0  0  0  0  0  0  0]
 [26  4 28 25  0  0  0  0  0  0  0  0  0  0  0  0  0  0  0  0]]
valid: gen=0.543
reward: norm=0.9346691251525714
[ 230 iterations]
real= [[22 14  0  0  0  0  0  0  0  0  0  0  0  0  0  0  0  0  0  0]
 [15  0  0  0  0  0  0  0  0  0  0  0  0  0  0  0  0  0  0  0]
 [23  6 24 13 19  9  1  0  0  0  0  0  0  0  0  0  0  0  0  0]
 [ 5 13  6 18 15  0  0  0  0  0  0  0  0  0  0  0  0  0  0  0]
 [27 25  0  0  0  0  0  0  0  0  0  0  0  0  0  0  0  0  0  0]
 [25 24  1  0  0  0  0  0  0  0  0  0  0  0  0  0  0  0  0  0]
 [23  7 15 12 13  8  0  0  0  0  0  0  0  0  0  0  0  0  0  0]
 [26 13 16 10  5  0  0  0  0  0  0  0  0  0  0  0  0  0  0  0]
 [17  2  0  0  0  0  0  0  0  0  0  0  0  0  0  0  0  0  0  0]
 [ 8  6  0  0  0  0  0  0  0  0  0  0  0  0  0  0  0  0  0  0]]
gen= [[14 22  0  0  0  0  0  0  0  0  0  0  0  0  0  0  0  0  0  0]
 [15  0  0  0  0  0  0  0  0  0  0  0  0  0  0  0  0  0  0  0]
 [19 23  1  9  0  0  0  0  0  0  0  0  0  0  0  0  0  0  0  0]
 [18 15 13  6  0  0  0  0  0  0  0  0  0  0  0  0  0  0  0  0]
 [27 25  0  0  0  0  0  0  0  0  0  0  0  0  0  0  0  0  0  0]
 [ 1 24 25  0  0  0  0  0  0  0  0  0  0  0  0  0  0  0  0  0]
 [23 12  7 13  0  0  0  0  0  0  0  0  0  0  0  0  0  0  0  0]
 [26 10 13 16  0  0  0  0  0  0  0  0  0  0  0  0  0  0  0  0]
 [17  2  0  0  0  0  0  0  0  0  0  0  0  0  0  0  0  0  0  0]
 [ 8  6  0  0  0  0  0  0  0  0  0  0  0  0  0  0  0  0  0  0]]
valid: gen=0.568
reward: norm=0.9292606196649588
[ 240 iterations]
real= [[ 1 28  3 13  4  0  0  0  0  0  0  0  0  0  0  0  0  0  0  0]
 [26 15 18 10 21 28 25 20  0  0  0  0  0  0  0  0  0  0  0  0]
 [ 3  0  0  0  0  0  0  0  0  0  0  0  0  0  0  0  0  0  0  0]
 [19 10 16  0  0  0  0  0  0  0  0  0  0  0  0  0  0  0  0  0]
 [11  2  0  0  0  0  0  0  0  0  0  0  0  0  0  0  0  0  0  0]
 [ 5 25 16 21  0  0  0  0  0  0  0  0  0  0  0  0  0  0  0  0]
 [ 5  6 20  0  0  0  0  0  0  0  0  0  0  0  0  0  0  0  0  0]
 [16  0  0  0  0  0  0  0  0  0  0  0  0  0  0  0  0  0  0  0]
 [26 13 14 18 20  8 27  0  0  0  0  0  0  0  0  0  0  0  0  0]
 [ 1 19  2  0  0  0  0  0  0  0  0  0  0  0  0  0  0  0  0  0]]
gen= [[ 1  4 28 13  3  0  0  0  0  0  0  0  0  0  0  0  0  0  0  0]
 [18 26 25 20 15  0  0  0  0  0  0  0  0  0  0  0  0  0  0  0]
 [ 3  0  0  0  0  0  0  0  0  0  0  0  0  0  0  0  0  0  0  0]
 [19 10 16  0  0  0  0  0  0  0  0  0  0  0  0  0  0  0  0  0]
 [ 2 11  0  0  0  0  0  0  0  0  0  0  0  0  0  0  0  0  0  0]
 [25 16 21  0  0  0  0  0  0  0  0  0  0  0  0  0  0  0  0  0]
 [ 6 20  5  0  0  0  0  0  0  0  0  0  0  0  0  0  0  0  0  0]
 [16  0  0  0  0  0  0  0  0  0  0  0  0  0  0  0  0  0  0  0]
 [14 18 26 20 27  8  0  0  0  0  0  0  0  0  0  0  0  0  0  0]
 [19  1  0  0  0  0  0  0  0  0  0  0  0  0  0  0  0  0  0  0]]
valid: gen=0.58
reward: norm=0.9303407657343772
[ 250 iterations]
real= [[18  0  0  0  0  0  0  0  0  0  0  0  0  0  0  0  0  0  0  0]
 [18  8  1  0  0  0  0  0  0  0  0  0  0  0  0  0  0  0  0  0]
 [27  8 14  0  0  0  0  0  0  0  0  0  0  0  0  0  0  0  0  0]
 [27 28 14  6  0  0  0  0  0  0  0  0  0  0  0  0  0  0  0  0]
 [ 1  0  0  0  0  0  0  0  0  0  0  0  0  0  0  0  0  0  0  0]
 [15 13  0  0  0  0  0  0  0  0  0  0  0  0  0  0  0  0  0  0]
 [15 19  0  0  0  0  0  0  0  0  0  0  0  0  0  0  0  0  0  0]
 [ 2  0  0  0  0  0  0  0  0  0  0  0  0  0  0  0  0  0  0  0]
 [18  6  9  0  0  0  0  0  0  0  0  0  0  0  0  0  0  0  0  0]
 [11 20  1 19 13 24  7  0  0  0  0  0  0  0  0  0  0  0  0  0]]
gen= [[18  0  0  0  0  0  0  0  0  0  0  0  0  0  0  0  0  0  0  0]
 [18  1  8  0  0  0  0  0  0  0  0  0  0  0  0  0  0  0  0  0]
 [14 27  8  0  0  0  0  0  0  0  0  0  0  0  0  0  0  0  0  0]
 [14  6 27  0  0  0  0  0  0  0  0  0  0  0  0  0  0  0  0  0]
 [ 1  0  0  0  0  0  0  0  0  0  0  0  0  0  0  0  0  0  0  0]
 [13 15  0  0  0  0  0  0  0  0  0  0  0  0  0  0  0  0  0  0]
 [19 15  0  0  0  0  0  0  0  0  0  0  0  0  0  0  0  0  0  0]
 [ 2  0  0  0  0  0  0  0  0  0  0  0  0  0  0  0  0  0  0  0]
 [18  6  9  0  0  0  0  0  0  0  0  0  0  0  0  0  0  0  0  0]
 [19  7  1  0  0  0  0  0  0  0  0  0  0  0  0  0  0  0  0  0]]
valid: gen=0.448
reward: norm=0.9151644486785403
[ 260 iterations]
real= [[25  0  0  0  0  0  0  0  0  0  0  0  0  0  0  0  0  0  0  0]
 [20 19  1 18 24 13 12  0  0  0  0  0  0  0  0  0  0  0  0  0]
 [ 9 19 14 10  0  0  0  0  0  0  0  0  0  0  0  0  0  0  0  0]
 [28 19  6  7  0  0  0  0  0  0  0  0  0  0  0  0  0  0  0  0]
 [ 1  0  0  0  0  0  0  0  0  0  0  0  0  0  0  0  0  0  0  0]
 [27  8  0  0  0  0  0  0  0  0  0  0  0  0  0  0  0  0  0  0]
 [28 25  4 12  9  3 24  7 26  0  0  0  0  0  0  0  0  0  0  0]
 [10 24  0  0  0  0  0  0  0  0  0  0  0  0  0  0  0  0  0  0]
 [23 17  2  4  0  0  0  0  0  0  0  0  0  0  0  0  0  0  0  0]
 [ 3 18 17 25  0  0  0  0  0  0  0  0  0  0  0  0  0  0  0  0]]
gen= [[25  0  0  0  0  0  0  0  0  0  0  0  0  0  0  0  0  0  0  0]
 [19 12 18  0  0  0  0  0  0  0  0  0  0  0  0  0  0  0  0  0]
 [19 14 10  0  0  0  0  0  0  0  0  0  0  0  0  0  0  0  0  0]
 [19  7 28  0  0  0  0  0  0  0  0  0  0  0  0  0  0  0  0  0]
 [ 1  0  0  0  0  0  0  0  0  0  0  0  0  0  0  0  0  0  0  0]
 [27  8  0  0  0  0  0  0  0  0  0  0  0  0  0  0  0  0  0  0]
 [12 26  7  0  0  0  0  0  0  0  0  0  0  0  0  0  0  0  0  0]
 [10 24  0  0  0  0  0  0  0  0  0  0  0  0  0  0  0  0  0  0]
 [23 17  2  0  0  0  0  0  0  0  0  0  0  0  0  0  0  0  0  0]
 [17 18  3  0  0  0  0  0  0  0  0  0  0  0  0  0  0  0  0  0]]
valid: gen=0.448
reward: norm=0.9178538842508739
[ 270 iterations]
real= [[27  7 10 21 28 20  0  0  0  0  0  0  0  0  0  0  0  0  0  0]
 [ 5 21 16 18 15  0  0  0  0  0  0  0  0  0  0  0  0  0  0  0]
 [ 5  7 11  2 25  0  0  0  0  0  0  0  0  0  0  0  0  0  0  0]
 [ 5 11  0  0  0  0  0  0  0  0  0  0  0  0  0  0  0  0  0  0]
 [ 9 26 14 19  0  0  0  0  0  0  0  0  0  0  0  0  0  0  0  0]
 [18 13 17  2  1  0  0  0  0  0  0  0  0  0  0  0  0  0  0  0]
 [23  6 24 18 13  0  0  0  0  0  0  0  0  0  0  0  0  0  0  0]
 [26 12  0  0  0  0  0  0  0  0  0  0  0  0  0  0  0  0  0  0]
 [10  0  0  0  0  0  0  0  0  0  0  0  0  0  0  0  0  0  0  0]
 [26 13 16  4 25 28  0  0  0  0  0  0  0  0  0  0  0  0  0  0]]
gen= [[ 7 27 20 10 28  0  0  0  0  0  0  0  0  0  0  0  0  0  0  0]
 [18 21  5  0  0  0  0  0  0  0  0  0  0  0  0  0  0  0  0  0]
 [ 7 25  2  5 11  0  0  0  0  0  0  0  0  0  0  0  0  0  0  0]
 [11  5  0  0  0  0  0  0  0  0  0  0  0  0  0  0  0  0  0  0]
 [19 14 26  9  0  0  0  0  0  0  0  0  0  0  0  0  0  0  0  0]
 [17 18  1  2  0  0  0  0  0  0  0  0  0  0  0  0  0  0  0  0]
 [23 18 24  6 13  0  0  0  0  0  0  0  0  0  0  0  0  0  0  0]
 [12 26  0  0  0  0  0  0  0  0  0  0  0  0  0  0  0  0  0  0]
 [10  0  0  0  0  0  0  0  0  0  0  0  0  0  0  0  0  0  0  0]
 [26 16  4 25 28  0  0  0  0  0  0  0  0  0  0  0  0  0  0  0]]
valid: gen=0.536
reward: norm=0.9315528254072482
[ 280 iterations]
real= [[22 14  0  0  0  0  0  0  0  0  0  0  0  0  0  0  0  0  0  0]
 [15  0  0  0  0  0  0  0  0  0  0  0  0  0  0  0  0  0  0  0]
 [23  6 24 13 19  9  1  0  0  0  0  0  0  0  0  0  0  0  0  0]
 [ 5 13  6 18 15  0  0  0  0  0  0  0  0  0  0  0  0  0  0  0]
 [27 25  0  0  0  0  0  0  0  0  0  0  0  0  0  0  0  0  0  0]
 [25 24  1  0  0  0  0  0  0  0  0  0  0  0  0  0  0  0  0  0]
 [23  7 15 12 13  8  0  0  0  0  0  0  0  0  0  0  0  0  0  0]
 [26 13 16 10  5  0  0  0  0  0  0  0  0  0  0  0  0  0  0  0]
 [17  2  0  0  0  0  0  0  0  0  0  0  0  0  0  0  0  0  0  0]
 [ 8  6  0  0  0  0  0  0  0  0  0  0  0  0  0  0  0  0  0  0]]
gen= [[14 22  0  0  0  0  0  0  0  0  0  0  0  0  0  0  0  0  0  0]
 [15  0  0  0  0  0  0  0  0  0  0  0  0  0  0  0  0  0  0  0]
 [19 23  1  9  0  0  0  0  0  0  0  0  0  0  0  0  0  0  0  0]
 [18  6  5  0  0  0  0  0  0  0  0  0  0  0  0  0  0  0  0  0]
 [27 25  0  0  0  0  0  0  0  0  0  0  0  0  0  0  0  0  0  0]
 [ 1 24 25  0  0  0  0  0  0  0  0  0  0  0  0  0  0  0  0  0]
 [23 12  7  8  0  0  0  0  0  0  0  0  0  0  0  0  0  0  0  0]
 [26 10 16  5  0  0  0  0  0  0  0  0  0  0  0  0  0  0  0  0]
 [17  2  0  0  0  0  0  0  0  0  0  0  0  0  0  0  0  0  0  0]
 [ 6  8  0  0  0  0  0  0  0  0  0  0  0  0  0  0  0  0  0  0]]
valid: gen=0.589
reward: norm=0.9328761857855068
[ 290 iterations]
real= [[ 1 28  3 13  4  0  0  0  0  0  0  0  0  0  0  0  0  0  0  0]
 [26 15 18 10 21 28 25 20  0  0  0  0  0  0  0  0  0  0  0  0]
 [ 3  0  0  0  0  0  0  0  0  0  0  0  0  0  0  0  0  0  0  0]
 [19 10 16  0  0  0  0  0  0  0  0  0  0  0  0  0  0  0  0  0]
 [11  2  0  0  0  0  0  0  0  0  0  0  0  0  0  0  0  0  0  0]
 [ 5 25 16 21  0  0  0  0  0  0  0  0  0  0  0  0  0  0  0  0]
 [ 5  6 20  0  0  0  0  0  0  0  0  0  0  0  0  0  0  0  0  0]
 [16  0  0  0  0  0  0  0  0  0  0  0  0  0  0  0  0  0  0  0]
 [26 13 14 18 20  8 27  0  0  0  0  0  0  0  0  0  0  0  0  0]
 [ 1 19  2  0  0  0  0  0  0  0  0  0  0  0  0  0  0  0  0  0]]
gen= [[ 1 13  3  4 28  0  0  0  0  0  0  0  0  0  0  0  0  0  0  0]
 [18 26 21 20  0  0  0  0  0  0  0  0  0  0  0  0  0  0  0  0]
 [ 3  0  0  0  0  0  0  0  0  0  0  0  0  0  0  0  0  0  0  0]
 [19 16 10  0  0  0  0  0  0  0  0  0  0  0  0  0  0  0  0  0]
 [ 2 11  0  0  0  0  0  0  0  0  0  0  0  0  0  0  0  0  0  0]
 [16 21 25  5  0  0  0  0  0  0  0  0  0  0  0  0  0  0  0  0]
 [ 5 20  6  0  0  0  0  0  0  0  0  0  0  0  0  0  0  0  0  0]
 [16  0  0  0  0  0  0  0  0  0  0  0  0  0  0  0  0  0  0  0]
 [14 18 26 20  8 27  0  0  0  0  0  0  0  0  0  0  0  0  0  0]
 [19  1  0  0  0  0  0  0  0  0  0  0  0  0  0  0  0  0  0  0]]
valid: gen=0.6
reward: norm=0.934578933402246
[ 300 iterations]
real= [[18  0  0  0  0  0  0  0  0  0  0  0  0  0  0  0  0  0  0  0]
 [18  8  1  0  0  0  0  0  0  0  0  0  0  0  0  0  0  0  0  0]
 [27  8 14  0  0  0  0  0  0  0  0  0  0  0  0  0  0  0  0  0]
 [27 28 14  6  0  0  0  0  0  0  0  0  0  0  0  0  0  0  0  0]
 [ 1  0  0  0  0  0  0  0  0  0  0  0  0  0  0  0  0  0  0  0]
 [15 13  0  0  0  0  0  0  0  0  0  0  0  0  0  0  0  0  0  0]
 [15 19  0  0  0  0  0  0  0  0  0  0  0  0  0  0  0  0  0  0]
 [ 2  0  0  0  0  0  0  0  0  0  0  0  0  0  0  0  0  0  0  0]
 [18  6  9  0  0  0  0  0  0  0  0  0  0  0  0  0  0  0  0  0]
 [11 20  1 19 13 24  7  0  0  0  0  0  0  0  0  0  0  0  0  0]]
gen= [[18  0  0  0  0  0  0  0  0  0  0  0  0  0  0  0  0  0  0  0]
 [18  8  1  0  0  0  0  0  0  0  0  0  0  0  0  0  0  0  0  0]
 [14  8 27  0  0  0  0  0  0  0  0  0  0  0  0  0  0  0  0  0]
 [14  6 27  0  0  0  0  0  0  0  0  0  0  0  0  0  0  0  0  0]
 [ 1  0  0  0  0  0  0  0  0  0  0  0  0  0  0  0  0  0  0  0]
 [15 13  0  0  0  0  0  0  0  0  0  0  0  0  0  0  0  0  0  0]
 [19 15  0  0  0  0  0  0  0  0  0  0  0  0  0  0  0  0  0  0]
 [ 2  0  0  0  0  0  0  0  0  0  0  0  0  0  0  0  0  0  0  0]
 [18  6  9  0  0  0  0  0  0  0  0  0  0  0  0  0  0  0  0  0]
 [19  7  1  0  0  0  0  0  0  0  0  0  0  0  0  0  0  0  0  0]]
valid: gen=0.448
reward: norm=0.9182352628588523
[ 310 iterations]
real= [[25  0  0  0  0  0  0  0  0  0  0  0  0  0  0  0  0  0  0  0]
 [20 19  1 18 24 13 12  0  0  0  0  0  0  0  0  0  0  0  0  0]
 [ 9 19 14 10  0  0  0  0  0  0  0  0  0  0  0  0  0  0  0  0]
 [28 19  6  7  0  0  0  0  0  0  0  0  0  0  0  0  0  0  0  0]
 [ 1  0  0  0  0  0  0  0  0  0  0  0  0  0  0  0  0  0  0  0]
 [27  8  0  0  0  0  0  0  0  0  0  0  0  0  0  0  0  0  0  0]
 [28 25  4 12  9  3 24  7 26  0  0  0  0  0  0  0  0  0  0  0]
 [10 24  0  0  0  0  0  0  0  0  0  0  0  0  0  0  0  0  0  0]
 [23 17  2  4  0  0  0  0  0  0  0  0  0  0  0  0  0  0  0  0]
 [ 3 18 17 25  0  0  0  0  0  0  0  0  0  0  0  0  0  0  0  0]]
gen= [[25  0  0  0  0  0  0  0  0  0  0  0  0  0  0  0  0  0  0  0]
 [19 12 18  0  0  0  0  0  0  0  0  0  0  0  0  0  0  0  0  0]
 [19 14 10  0  0  0  0  0  0  0  0  0  0  0  0  0  0  0  0  0]
 [19  7 28  0  0  0  0  0  0  0  0  0  0  0  0  0  0  0  0  0]
 [ 1  0  0  0  0  0  0  0  0  0  0  0  0  0  0  0  0  0  0  0]
 [27  8  0  0  0  0  0  0  0  0  0  0  0  0  0  0  0  0  0  0]
 [12 26  7  0  0  0  0  0  0  0  0  0  0  0  0  0  0  0  0  0]
 [24 10  0  0  0  0  0  0  0  0  0  0  0  0  0  0  0  0  0  0]
 [23 17  2  0  0  0  0  0  0  0  0  0  0  0  0  0  0  0  0  0]
 [17 18  3  0  0  0  0  0  0  0  0  0  0  0  0  0  0  0  0  0]]
valid: gen=0.451
reward: norm=0.9187190488147603
[ 320 iterations]
real= [[27  7 10 21 28 20  0  0  0  0  0  0  0  0  0  0  0  0  0  0]
 [ 5 21 16 18 15  0  0  0  0  0  0  0  0  0  0  0  0  0  0  0]
 [ 5  7 11  2 25  0  0  0  0  0  0  0  0  0  0  0  0  0  0  0]
 [ 5 11  0  0  0  0  0  0  0  0  0  0  0  0  0  0  0  0  0  0]
 [ 9 26 14 19  0  0  0  0  0  0  0  0  0  0  0  0  0  0  0  0]
 [18 13 17  2  1  0  0  0  0  0  0  0  0  0  0  0  0  0  0  0]
 [23  6 24 18 13  0  0  0  0  0  0  0  0  0  0  0  0  0  0  0]
 [26 12  0  0  0  0  0  0  0  0  0  0  0  0  0  0  0  0  0  0]
 [10  0  0  0  0  0  0  0  0  0  0  0  0  0  0  0  0  0  0  0]
 [26 13 16  4 25 28  0  0  0  0  0  0  0  0  0  0  0  0  0  0]]
gen= [[ 7 10 21 28 20  0  0  0  0  0  0  0  0  0  0  0  0  0  0  0]
 [18 16 21  5  0  0  0  0  0  0  0  0  0  0  0  0  0  0  0  0]
 [ 7  5 25 11  0  0  0  0  0  0  0  0  0  0  0  0  0  0  0  0]
 [11  5  0  0  0  0  0  0  0  0  0  0  0  0  0  0  0  0  0  0]
 [19 14 26  9  0  0  0  0  0  0  0  0  0  0  0  0  0  0  0  0]
 [17 18  1  2  0  0  0  0  0  0  0  0  0  0  0  0  0  0  0  0]
 [23 18 13 24  6  0  0  0  0  0  0  0  0  0  0  0  0  0  0  0]
 [12 26  0  0  0  0  0  0  0  0  0  0  0  0  0  0  0  0  0  0]
 [10  0  0  0  0  0  0  0  0  0  0  0  0  0  0  0  0  0  0  0]
 [26 13 16 28 25  4  0  0  0  0  0  0  0  0  0  0  0  0  0  0]]
valid: gen=0.591
reward: norm=0.935478176847624
[ 330 iterations]
real= [[22 14  0  0  0  0  0  0  0  0  0  0  0  0  0  0  0  0  0  0]
 [15  0  0  0  0  0  0  0  0  0  0  0  0  0  0  0  0  0  0  0]
 [23  6 24 13 19  9  1  0  0  0  0  0  0  0  0  0  0  0  0  0]
 [ 5 13  6 18 15  0  0  0  0  0  0  0  0  0  0  0  0  0  0  0]
 [27 25  0  0  0  0  0  0  0  0  0  0  0  0  0  0  0  0  0  0]
 [25 24  1  0  0  0  0  0  0  0  0  0  0  0  0  0  0  0  0  0]
 [23  7 15 12 13  8  0  0  0  0  0  0  0  0  0  0  0  0  0  0]
 [26 13 16 10  5  0  0  0  0  0  0  0  0  0  0  0  0  0  0  0]
 [17  2  0  0  0  0  0  0  0  0  0  0  0  0  0  0  0  0  0  0]
 [ 8  6  0  0  0  0  0  0  0  0  0  0  0  0  0  0  0  0  0  0]]
gen= [[14 22  0  0  0  0  0  0  0  0  0  0  0  0  0  0  0  0  0  0]
 [15  0  0  0  0  0  0  0  0  0  0  0  0  0  0  0  0  0  0  0]
 [23 19  1 24  0  0  0  0  0  0  0  0  0  0  0  0  0  0  0  0]
 [18  5 15  0  0  0  0  0  0  0  0  0  0  0  0  0  0  0  0  0]
 [27 25  0  0  0  0  0  0  0  0  0  0  0  0  0  0  0  0  0  0]
 [ 1 24 25  0  0  0  0  0  0  0  0  0  0  0  0  0  0  0  0  0]
 [23 12  7  8  0  0  0  0  0  0  0  0  0  0  0  0  0  0  0  0]
 [26 10  5  0  0  0  0  0  0  0  0  0  0  0  0  0  0  0  0  0]
 [17  2  0  0  0  0  0  0  0  0  0  0  0  0  0  0  0  0  0  0]
 [ 6  8  0  0  0  0  0  0  0  0  0  0  0  0  0  0  0  0  0  0]]
valid: gen=0.581
reward: norm=0.9327401515467719
[ 340 iterations]
real= [[ 1 28  3 13  4  0  0  0  0  0  0  0  0  0  0  0  0  0  0  0]
 [26 15 18 10 21 28 25 20  0  0  0  0  0  0  0  0  0  0  0  0]
 [ 3  0  0  0  0  0  0  0  0  0  0  0  0  0  0  0  0  0  0  0]
 [19 10 16  0  0  0  0  0  0  0  0  0  0  0  0  0  0  0  0  0]
 [11  2  0  0  0  0  0  0  0  0  0  0  0  0  0  0  0  0  0  0]
 [ 5 25 16 21  0  0  0  0  0  0  0  0  0  0  0  0  0  0  0  0]
 [ 5  6 20  0  0  0  0  0  0  0  0  0  0  0  0  0  0  0  0  0]
 [16  0  0  0  0  0  0  0  0  0  0  0  0  0  0  0  0  0  0  0]
 [26 13 14 18 20  8 27  0  0  0  0  0  0  0  0  0  0  0  0  0]
 [ 1 19  2  0  0  0  0  0  0  0  0  0  0  0  0  0  0  0  0  0]]
gen= [[ 1  3 13  4 28  0  0  0  0  0  0  0  0  0  0  0  0  0  0  0]
 [18 26 15 25 20  0  0  0  0  0  0  0  0  0  0  0  0  0  0  0]
 [ 3  0  0  0  0  0  0  0  0  0  0  0  0  0  0  0  0  0  0  0]
 [19 10 16  0  0  0  0  0  0  0  0  0  0  0  0  0  0  0  0  0]
 [11  2  0  0  0  0  0  0  0  0  0  0  0  0  0  0  0  0  0  0]
 [16 25  5  0  0  0  0  0  0  0  0  0  0  0  0  0  0  0  0  0]
 [ 6  5 20  0  0  0  0  0  0  0  0  0  0  0  0  0  0  0  0  0]
 [16  0  0  0  0  0  0  0  0  0  0  0  0  0  0  0  0  0  0  0]
 [14 18 26 13  0  0  0  0  0  0  0  0  0  0  0  0  0  0  0  0]
 [19  1  0  0  0  0  0  0  0  0  0  0  0  0  0  0  0  0  0  0]]
valid: gen=0.6
reward: norm=0.9357922232075186
[ 350 iterations]
real= [[18  0  0  0  0  0  0  0  0  0  0  0  0  0  0  0  0  0  0  0]
 [18  8  1  0  0  0  0  0  0  0  0  0  0  0  0  0  0  0  0  0]
 [27  8 14  0  0  0  0  0  0  0  0  0  0  0  0  0  0  0  0  0]
 [27 28 14  6  0  0  0  0  0  0  0  0  0  0  0  0  0  0  0  0]
 [ 1  0  0  0  0  0  0  0  0  0  0  0  0  0  0  0  0  0  0  0]
 [15 13  0  0  0  0  0  0  0  0  0  0  0  0  0  0  0  0  0  0]
 [15 19  0  0  0  0  0  0  0  0  0  0  0  0  0  0  0  0  0  0]
 [ 2  0  0  0  0  0  0  0  0  0  0  0  0  0  0  0  0  0  0  0]
 [18  6  9  0  0  0  0  0  0  0  0  0  0  0  0  0  0  0  0  0]
 [11 20  1 19 13 24  7  0  0  0  0  0  0  0  0  0  0  0  0  0]]
gen= [[18  0  0  0  0  0  0  0  0  0  0  0  0  0  0  0  0  0  0  0]
 [18  1  8  0  0  0  0  0  0  0  0  0  0  0  0  0  0  0  0  0]
 [14 27  8  0  0  0  0  0  0  0  0  0  0  0  0  0  0  0  0  0]
 [14 28 27  0  0  0  0  0  0  0  0  0  0  0  0  0  0  0  0  0]
 [ 1  0  0  0  0  0  0  0  0  0  0  0  0  0  0  0  0  0  0  0]
 [13 15  0  0  0  0  0  0  0  0  0  0  0  0  0  0  0  0  0  0]
 [19 15  0  0  0  0  0  0  0  0  0  0  0  0  0  0  0  0  0  0]
 [ 2  0  0  0  0  0  0  0  0  0  0  0  0  0  0  0  0  0  0  0]
 [18  6  9  0  0  0  0  0  0  0  0  0  0  0  0  0  0  0  0  0]
 [19  7  1  0  0  0  0  0  0  0  0  0  0  0  0  0  0  0  0  0]]
valid: gen=0.448
reward: norm=0.9145538506153408
[ 360 iterations]
real= [[25  0  0  0  0  0  0  0  0  0  0  0  0  0  0  0  0  0  0  0]
 [20 19  1 18 24 13 12  0  0  0  0  0  0  0  0  0  0  0  0  0]
 [ 9 19 14 10  0  0  0  0  0  0  0  0  0  0  0  0  0  0  0  0]
 [28 19  6  7  0  0  0  0  0  0  0  0  0  0  0  0  0  0  0  0]
 [ 1  0  0  0  0  0  0  0  0  0  0  0  0  0  0  0  0  0  0  0]
 [27  8  0  0  0  0  0  0  0  0  0  0  0  0  0  0  0  0  0  0]
 [28 25  4 12  9  3 24  7 26  0  0  0  0  0  0  0  0  0  0  0]
 [10 24  0  0  0  0  0  0  0  0  0  0  0  0  0  0  0  0  0  0]
 [23 17  2  4  0  0  0  0  0  0  0  0  0  0  0  0  0  0  0  0]
 [ 3 18 17 25  0  0  0  0  0  0  0  0  0  0  0  0  0  0  0  0]]
gen= [[25  0  0  0  0  0  0  0  0  0  0  0  0  0  0  0  0  0  0  0]
 [19 12 18  0  0  0  0  0  0  0  0  0  0  0  0  0  0  0  0  0]
 [19 14 10  0  0  0  0  0  0  0  0  0  0  0  0  0  0  0  0  0]
 [19  7  6  0  0  0  0  0  0  0  0  0  0  0  0  0  0  0  0  0]
 [ 1  0  0  0  0  0  0  0  0  0  0  0  0  0  0  0  0  0  0  0]
 [27  8  0  0  0  0  0  0  0  0  0  0  0  0  0  0  0  0  0  0]
 [12 26  7  0  0  0  0  0  0  0  0  0  0  0  0  0  0  0  0  0]
 [10 24  0  0  0  0  0  0  0  0  0  0  0  0  0  0  0  0  0  0]
 [23 17  2  0  0  0  0  0  0  0  0  0  0  0  0  0  0  0  0  0]
 [17 18  3  0  0  0  0  0  0  0  0  0  0  0  0  0  0  0  0  0]]
valid: gen=0.454
reward: norm=0.9191507843913381
[ 370 iterations]
real= [[27  7 10 21 28 20  0  0  0  0  0  0  0  0  0  0  0  0  0  0]
 [ 5 21 16 18 15  0  0  0  0  0  0  0  0  0  0  0  0  0  0  0]
 [ 5  7 11  2 25  0  0  0  0  0  0  0  0  0  0  0  0  0  0  0]
 [ 5 11  0  0  0  0  0  0  0  0  0  0  0  0  0  0  0  0  0  0]
 [ 9 26 14 19  0  0  0  0  0  0  0  0  0  0  0  0  0  0  0  0]
 [18 13 17  2  1  0  0  0  0  0  0  0  0  0  0  0  0  0  0  0]
 [23  6 24 18 13  0  0  0  0  0  0  0  0  0  0  0  0  0  0  0]
 [26 12  0  0  0  0  0  0  0  0  0  0  0  0  0  0  0  0  0  0]
 [10  0  0  0  0  0  0  0  0  0  0  0  0  0  0  0  0  0  0  0]
 [26 13 16  4 25 28  0  0  0  0  0  0  0  0  0  0  0  0  0  0]]
gen= [[ 7 21 28 20 27  0  0  0  0  0  0  0  0  0  0  0  0  0  0  0]
 [18 21 16  5  0  0  0  0  0  0  0  0  0  0  0  0  0  0  0  0]
 [ 7 25 11  2  0  0  0  0  0  0  0  0  0  0  0  0  0  0  0  0]
 [11  5  0  0  0  0  0  0  0  0  0  0  0  0  0  0  0  0  0  0]
 [19 14 26  9  0  0  0  0  0  0  0  0  0  0  0  0  0  0  0  0]
 [17 18  1  0  0  0  0  0  0  0  0  0  0  0  0  0  0  0  0  0]
 [23 18 13  6  0  0  0  0  0  0  0  0  0  0  0  0  0  0  0  0]
 [12 26  0  0  0  0  0  0  0  0  0  0  0  0  0  0  0  0  0  0]
 [10  0  0  0  0  0  0  0  0  0  0  0  0  0  0  0  0  0  0  0]
 [26 25  4  0  0  0  0  0  0  0  0  0  0  0  0  0  0  0  0  0]]
valid: gen=0.544
reward: norm=0.9352935583139935
[ 380 iterations]
real= [[22 14  0  0  0  0  0  0  0  0  0  0  0  0  0  0  0  0  0  0]
 [15  0  0  0  0  0  0  0  0  0  0  0  0  0  0  0  0  0  0  0]
 [23  6 24 13 19  9  1  0  0  0  0  0  0  0  0  0  0  0  0  0]
 [ 5 13  6 18 15  0  0  0  0  0  0  0  0  0  0  0  0  0  0  0]
 [27 25  0  0  0  0  0  0  0  0  0  0  0  0  0  0  0  0  0  0]
 [25 24  1  0  0  0  0  0  0  0  0  0  0  0  0  0  0  0  0  0]
 [23  7 15 12 13  8  0  0  0  0  0  0  0  0  0  0  0  0  0  0]
 [26 13 16 10  5  0  0  0  0  0  0  0  0  0  0  0  0  0  0  0]
 [17  2  0  0  0  0  0  0  0  0  0  0  0  0  0  0  0  0  0  0]
 [ 8  6  0  0  0  0  0  0  0  0  0  0  0  0  0  0  0  0  0  0]]
gen= [[14 22  0  0  0  0  0  0  0  0  0  0  0  0  0  0  0  0  0  0]
 [15  0  0  0  0  0  0  0  0  0  0  0  0  0  0  0  0  0  0  0]
 [23 19  1  6  0  0  0  0  0  0  0  0  0  0  0  0  0  0  0  0]
 [18  6  5  0  0  0  0  0  0  0  0  0  0  0  0  0  0  0  0  0]
 [27 25  0  0  0  0  0  0  0  0  0  0  0  0  0  0  0  0  0  0]
 [ 1 24 25  0  0  0  0  0  0  0  0  0  0  0  0  0  0  0  0  0]
 [23 12  7 15  0  0  0  0  0  0  0  0  0  0  0  0  0  0  0  0]
 [26 16  5  0  0  0  0  0  0  0  0  0  0  0  0  0  0  0  0  0]
 [17  2  0  0  0  0  0  0  0  0  0  0  0  0  0  0  0  0  0  0]
 [ 6  8  0  0  0  0  0  0  0  0  0  0  0  0  0  0  0  0  0  0]]
valid: gen=0.573
reward: norm=0.931222371043174
[ 390 iterations]
real= [[ 1 28  3 13  4  0  0  0  0  0  0  0  0  0  0  0  0  0  0  0]
 [26 15 18 10 21 28 25 20  0  0  0  0  0  0  0  0  0  0  0  0]
 [ 3  0  0  0  0  0  0  0  0  0  0  0  0  0  0  0  0  0  0  0]
 [19 10 16  0  0  0  0  0  0  0  0  0  0  0  0  0  0  0  0  0]
 [11  2  0  0  0  0  0  0  0  0  0  0  0  0  0  0  0  0  0  0]
 [ 5 25 16 21  0  0  0  0  0  0  0  0  0  0  0  0  0  0  0  0]
 [ 5  6 20  0  0  0  0  0  0  0  0  0  0  0  0  0  0  0  0  0]
 [16  0  0  0  0  0  0  0  0  0  0  0  0  0  0  0  0  0  0  0]
 [26 13 14 18 20  8 27  0  0  0  0  0  0  0  0  0  0  0  0  0]
 [ 1 19  2  0  0  0  0  0  0  0  0  0  0  0  0  0  0  0  0  0]]
gen= [[ 1  4  3 13 28  0  0  0  0  0  0  0  0  0  0  0  0  0  0  0]
 [18 26 21 10 15  0  0  0  0  0  0  0  0  0  0  0  0  0  0  0]
 [ 3  0  0  0  0  0  0  0  0  0  0  0  0  0  0  0  0  0  0  0]
 [19 16 10  0  0  0  0  0  0  0  0  0  0  0  0  0  0  0  0  0]
 [11  2  0  0  0  0  0  0  0  0  0  0  0  0  0  0  0  0  0  0]
 [21 25  5  0  0  0  0  0  0  0  0  0  0  0  0  0  0  0  0  0]
 [ 6  5 20  0  0  0  0  0  0  0  0  0  0  0  0  0  0  0  0  0]
 [16  0  0  0  0  0  0  0  0  0  0  0  0  0  0  0  0  0  0  0]
 [14 18 26 27  8 20  0  0  0  0  0  0  0  0  0  0  0  0  0  0]
 [19  1  0  0  0  0  0  0  0  0  0  0  0  0  0  0  0  0  0  0]]
valid: gen=0.578
reward: norm=0.9291579190019127
[ 400 iterations]
real= [[18  0  0  0  0  0  0  0  0  0  0  0  0  0  0  0  0  0  0  0]
 [18  8  1  0  0  0  0  0  0  0  0  0  0  0  0  0  0  0  0  0]
 [27  8 14  0  0  0  0  0  0  0  0  0  0  0  0  0  0  0  0  0]
 [27 28 14  6  0  0  0  0  0  0  0  0  0  0  0  0  0  0  0  0]
 [ 1  0  0  0  0  0  0  0  0  0  0  0  0  0  0  0  0  0  0  0]
 [15 13  0  0  0  0  0  0  0  0  0  0  0  0  0  0  0  0  0  0]
 [15 19  0  0  0  0  0  0  0  0  0  0  0  0  0  0  0  0  0  0]
 [ 2  0  0  0  0  0  0  0  0  0  0  0  0  0  0  0  0  0  0  0]
 [18  6  9  0  0  0  0  0  0  0  0  0  0  0  0  0  0  0  0  0]
 [11 20  1 19 13 24  7  0  0  0  0  0  0  0  0  0  0  0  0  0]]
gen= [[18  0  0  0  0  0  0  0  0  0  0  0  0  0  0  0  0  0  0  0]
 [18  1  8  0  0  0  0  0  0  0  0  0  0  0  0  0  0  0  0  0]
 [14  8 27  0  0  0  0  0  0  0  0  0  0  0  0  0  0  0  0  0]
 [14 28 27  0  0  0  0  0  0  0  0  0  0  0  0  0  0  0  0  0]
 [ 1  0  0  0  0  0  0  0  0  0  0  0  0  0  0  0  0  0  0  0]
 [13 15  0  0  0  0  0  0  0  0  0  0  0  0  0  0  0  0  0  0]
 [19 15  0  0  0  0  0  0  0  0  0  0  0  0  0  0  0  0  0  0]
 [ 2  0  0  0  0  0  0  0  0  0  0  0  0  0  0  0  0  0  0  0]
 [18  6  9  0  0  0  0  0  0  0  0  0  0  0  0  0  0  0  0  0]
 [19  1  7  0  0  0  0  0  0  0  0  0  0  0  0  0  0  0  0  0]]
valid: gen=0.442
reward: norm=0.9131668538554253
[ 410 iterations]
real= [[25  0  0  0  0  0  0  0  0  0  0  0  0  0  0  0  0  0  0  0]
 [20 19  1 18 24 13 12  0  0  0  0  0  0  0  0  0  0  0  0  0]
 [ 9 19 14 10  0  0  0  0  0  0  0  0  0  0  0  0  0  0  0  0]
 [28 19  6  7  0  0  0  0  0  0  0  0  0  0  0  0  0  0  0  0]
 [ 1  0  0  0  0  0  0  0  0  0  0  0  0  0  0  0  0  0  0  0]
 [27  8  0  0  0  0  0  0  0  0  0  0  0  0  0  0  0  0  0  0]
 [28 25  4 12  9  3 24  7 26  0  0  0  0  0  0  0  0  0  0  0]
 [10 24  0  0  0  0  0  0  0  0  0  0  0  0  0  0  0  0  0  0]
 [23 17  2  4  0  0  0  0  0  0  0  0  0  0  0  0  0  0  0  0]
 [ 3 18 17 25  0  0  0  0  0  0  0  0  0  0  0  0  0  0  0  0]]
gen= [[25  0  0  0  0  0  0  0  0  0  0  0  0  0  0  0  0  0  0  0]
 [12 19 18  0  0  0  0  0  0  0  0  0  0  0  0  0  0  0  0  0]
 [19 14 10  0  0  0  0  0  0  0  0  0  0  0  0  0  0  0  0  0]
 [19  7  6  0  0  0  0  0  0  0  0  0  0  0  0  0  0  0  0  0]
 [ 1  0  0  0  0  0  0  0  0  0  0  0  0  0  0  0  0  0  0  0]
 [27  8  0  0  0  0  0  0  0  0  0  0  0  0  0  0  0  0  0  0]
 [12 26  7  0  0  0  0  0  0  0  0  0  0  0  0  0  0  0  0  0]
 [10 24  0  0  0  0  0  0  0  0  0  0  0  0  0  0  0  0  0  0]
 [23 17  4  0  0  0  0  0  0  0  0  0  0  0  0  0  0  0  0  0]
 [17 18  3  0  0  0  0  0  0  0  0  0  0  0  0  0  0  0  0  0]]
valid: gen=0.453
reward: norm=0.9183930150004209
[ 420 iterations]
real= [[27  7 10 21 28 20  0  0  0  0  0  0  0  0  0  0  0  0  0  0]
 [ 5 21 16 18 15  0  0  0  0  0  0  0  0  0  0  0  0  0  0  0]
 [ 5  7 11  2 25  0  0  0  0  0  0  0  0  0  0  0  0  0  0  0]
 [ 5 11  0  0  0  0  0  0  0  0  0  0  0  0  0  0  0  0  0  0]
 [ 9 26 14 19  0  0  0  0  0  0  0  0  0  0  0  0  0  0  0  0]
 [18 13 17  2  1  0  0  0  0  0  0  0  0  0  0  0  0  0  0  0]
 [23  6 24 18 13  0  0  0  0  0  0  0  0  0  0  0  0  0  0  0]
 [26 12  0  0  0  0  0  0  0  0  0  0  0  0  0  0  0  0  0  0]
 [10  0  0  0  0  0  0  0  0  0  0  0  0  0  0  0  0  0  0  0]
 [26 13 16  4 25 28  0  0  0  0  0  0  0  0  0  0  0  0  0  0]]
gen= [[ 7 21 20 28  0  0  0  0  0  0  0  0  0  0  0  0  0  0  0  0]
 [18  5 15  0  0  0  0  0  0  0  0  0  0  0  0  0  0  0  0  0]
 [ 7  2  5 25  0  0  0  0  0  0  0  0  0  0  0  0  0  0  0  0]
 [11  5  0  0  0  0  0  0  0  0  0  0  0  0  0  0  0  0  0  0]
 [19 14 26  9  0  0  0  0  0  0  0  0  0  0  0  0  0  0  0  0]
 [17 18  1  0  0  0  0  0  0  0  0  0  0  0  0  0  0  0  0  0]
 [23 18 24 13  6  0  0  0  0  0  0  0  0  0  0  0  0  0  0  0]
 [12 26  0  0  0  0  0  0  0  0  0  0  0  0  0  0  0  0  0  0]
 [10  0  0  0  0  0  0  0  0  0  0  0  0  0  0  0  0  0  0  0]
 [26 25  4  0  0  0  0  0  0  0  0  0  0  0  0  0  0  0  0  0]]
valid: gen=0.536
reward: norm=0.9311578495183879
[ 430 iterations]
real= [[22 14  0  0  0  0  0  0  0  0  0  0  0  0  0  0  0  0  0  0]
 [15  0  0  0  0  0  0  0  0  0  0  0  0  0  0  0  0  0  0  0]
 [23  6 24 13 19  9  1  0  0  0  0  0  0  0  0  0  0  0  0  0]
 [ 5 13  6 18 15  0  0  0  0  0  0  0  0  0  0  0  0  0  0  0]
 [27 25  0  0  0  0  0  0  0  0  0  0  0  0  0  0  0  0  0  0]
 [25 24  1  0  0  0  0  0  0  0  0  0  0  0  0  0  0  0  0  0]
 [23  7 15 12 13  8  0  0  0  0  0  0  0  0  0  0  0  0  0  0]
 [26 13 16 10  5  0  0  0  0  0  0  0  0  0  0  0  0  0  0  0]
 [17  2  0  0  0  0  0  0  0  0  0  0  0  0  0  0  0  0  0  0]
 [ 8  6  0  0  0  0  0  0  0  0  0  0  0  0  0  0  0  0  0  0]]
gen= [[14 22  0  0  0  0  0  0  0  0  0  0  0  0  0  0  0  0  0  0]
 [15  0  0  0  0  0  0  0  0  0  0  0  0  0  0  0  0  0  0  0]
 [23 19  1  9  0  0  0  0  0  0  0  0  0  0  0  0  0  0  0  0]
 [18  6 13 15  0  0  0  0  0  0  0  0  0  0  0  0  0  0  0  0]
 [25 27  0  0  0  0  0  0  0  0  0  0  0  0  0  0  0  0  0  0]
 [ 1 24 25  0  0  0  0  0  0  0  0  0  0  0  0  0  0  0  0  0]
 [23 12  7  8  0  0  0  0  0  0  0  0  0  0  0  0  0  0  0  0]
 [26 10 13  5  0  0  0  0  0  0  0  0  0  0  0  0  0  0  0  0]
 [17  2  0  0  0  0  0  0  0  0  0  0  0  0  0  0  0  0  0  0]
 [ 8  6  0  0  0  0  0  0  0  0  0  0  0  0  0  0  0  0  0  0]]
valid: gen=0.571
reward: norm=0.932017171446206
[ 440 iterations]
real= [[ 1 28  3 13  4  0  0  0  0  0  0  0  0  0  0  0  0  0  0  0]
 [26 15 18 10 21 28 25 20  0  0  0  0  0  0  0  0  0  0  0  0]
 [ 3  0  0  0  0  0  0  0  0  0  0  0  0  0  0  0  0  0  0  0]
 [19 10 16  0  0  0  0  0  0  0  0  0  0  0  0  0  0  0  0  0]
 [11  2  0  0  0  0  0  0  0  0  0  0  0  0  0  0  0  0  0  0]
 [ 5 25 16 21  0  0  0  0  0  0  0  0  0  0  0  0  0  0  0  0]
 [ 5  6 20  0  0  0  0  0  0  0  0  0  0  0  0  0  0  0  0  0]
 [16  0  0  0  0  0  0  0  0  0  0  0  0  0  0  0  0  0  0  0]
 [26 13 14 18 20  8 27  0  0  0  0  0  0  0  0  0  0  0  0  0]
 [ 1 19  2  0  0  0  0  0  0  0  0  0  0  0  0  0  0  0  0  0]]
gen= [[ 1  3 13  4 28  0  0  0  0  0  0  0  0  0  0  0  0  0  0  0]
 [18 26 25 20 15  0  0  0  0  0  0  0  0  0  0  0  0  0  0  0]
 [ 3  0  0  0  0  0  0  0  0  0  0  0  0  0  0  0  0  0  0  0]
 [19 16 10  0  0  0  0  0  0  0  0  0  0  0  0  0  0  0  0  0]
 [11  2  0  0  0  0  0  0  0  0  0  0  0  0  0  0  0  0  0  0]
 [25 16 21  0  0  0  0  0  0  0  0  0  0  0  0  0  0  0  0  0]
 [20  5  6  0  0  0  0  0  0  0  0  0  0  0  0  0  0  0  0  0]
 [16  0  0  0  0  0  0  0  0  0  0  0  0  0  0  0  0  0  0  0]
 [14 18 26  8 27 20  0  0  0  0  0  0  0  0  0  0  0  0  0  0]
 [19  1  0  0  0  0  0  0  0  0  0  0  0  0  0  0  0  0  0  0]]
valid: gen=0.592
reward: norm=0.9321692860225731
[ 450 iterations]
real= [[18  0  0  0  0  0  0  0  0  0  0  0  0  0  0  0  0  0  0  0]
 [18  8  1  0  0  0  0  0  0  0  0  0  0  0  0  0  0  0  0  0]
 [27  8 14  0  0  0  0  0  0  0  0  0  0  0  0  0  0  0  0  0]
 [27 28 14  6  0  0  0  0  0  0  0  0  0  0  0  0  0  0  0  0]
 [ 1  0  0  0  0  0  0  0  0  0  0  0  0  0  0  0  0  0  0  0]
 [15 13  0  0  0  0  0  0  0  0  0  0  0  0  0  0  0  0  0  0]
 [15 19  0  0  0  0  0  0  0  0  0  0  0  0  0  0  0  0  0  0]
 [ 2  0  0  0  0  0  0  0  0  0  0  0  0  0  0  0  0  0  0  0]
 [18  6  9  0  0  0  0  0  0  0  0  0  0  0  0  0  0  0  0  0]
 [11 20  1 19 13 24  7  0  0  0  0  0  0  0  0  0  0  0  0  0]]
gen= [[18  0  0  0  0  0  0  0  0  0  0  0  0  0  0  0  0  0  0  0]
 [18  1  8  0  0  0  0  0  0  0  0  0  0  0  0  0  0  0  0  0]
 [14  8 27  0  0  0  0  0  0  0  0  0  0  0  0  0  0  0  0  0]
 [14  6 27  0  0  0  0  0  0  0  0  0  0  0  0  0  0  0  0  0]
 [ 1  0  0  0  0  0  0  0  0  0  0  0  0  0  0  0  0  0  0  0]
 [15 13  0  0  0  0  0  0  0  0  0  0  0  0  0  0  0  0  0  0]
 [19 15  0  0  0  0  0  0  0  0  0  0  0  0  0  0  0  0  0  0]
 [ 2  0  0  0  0  0  0  0  0  0  0  0  0  0  0  0  0  0  0  0]
 [18  6  9  0  0  0  0  0  0  0  0  0  0  0  0  0  0  0  0  0]
 [19  1  7  0  0  0  0  0  0  0  0  0  0  0  0  0  0  0  0  0]]
valid: gen=0.45
reward: norm=0.9168426487761909
[ 460 iterations]
real= [[25  0  0  0  0  0  0  0  0  0  0  0  0  0  0  0  0  0  0  0]
 [20 19  1 18 24 13 12  0  0  0  0  0  0  0  0  0  0  0  0  0]
 [ 9 19 14 10  0  0  0  0  0  0  0  0  0  0  0  0  0  0  0  0]
 [28 19  6  7  0  0  0  0  0  0  0  0  0  0  0  0  0  0  0  0]
 [ 1  0  0  0  0  0  0  0  0  0  0  0  0  0  0  0  0  0  0  0]
 [27  8  0  0  0  0  0  0  0  0  0  0  0  0  0  0  0  0  0  0]
 [28 25  4 12  9  3 24  7 26  0  0  0  0  0  0  0  0  0  0  0]
 [10 24  0  0  0  0  0  0  0  0  0  0  0  0  0  0  0  0  0  0]
 [23 17  2  4  0  0  0  0  0  0  0  0  0  0  0  0  0  0  0  0]
 [ 3 18 17 25  0  0  0  0  0  0  0  0  0  0  0  0  0  0  0  0]]
gen= [[25  0  0  0  0  0  0  0  0  0  0  0  0  0  0  0  0  0  0  0]
 [12 18 19  0  0  0  0  0  0  0  0  0  0  0  0  0  0  0  0  0]
 [14 19  9  0  0  0  0  0  0  0  0  0  0  0  0  0  0  0  0  0]
 [19  7  6  0  0  0  0  0  0  0  0  0  0  0  0  0  0  0  0  0]
 [ 1  0  0  0  0  0  0  0  0  0  0  0  0  0  0  0  0  0  0  0]
 [ 8 27  0  0  0  0  0  0  0  0  0  0  0  0  0  0  0  0  0  0]
 [12 26  7  0  0  0  0  0  0  0  0  0  0  0  0  0  0  0  0  0]
 [10 24  0  0  0  0  0  0  0  0  0  0  0  0  0  0  0  0  0  0]
 [23 17  4  0  0  0  0  0  0  0  0  0  0  0  0  0  0  0  0  0]
 [17 18  3  0  0  0  0  0  0  0  0  0  0  0  0  0  0  0  0  0]]
valid: gen=0.459
reward: norm=0.9190061698445519
[ 470 iterations]
real= [[27  7 10 21 28 20  0  0  0  0  0  0  0  0  0  0  0  0  0  0]
 [ 5 21 16 18 15  0  0  0  0  0  0  0  0  0  0  0  0  0  0  0]
 [ 5  7 11  2 25  0  0  0  0  0  0  0  0  0  0  0  0  0  0  0]
 [ 5 11  0  0  0  0  0  0  0  0  0  0  0  0  0  0  0  0  0  0]
 [ 9 26 14 19  0  0  0  0  0  0  0  0  0  0  0  0  0  0  0  0]
 [18 13 17  2  1  0  0  0  0  0  0  0  0  0  0  0  0  0  0  0]
 [23  6 24 18 13  0  0  0  0  0  0  0  0  0  0  0  0  0  0  0]
 [26 12  0  0  0  0  0  0  0  0  0  0  0  0  0  0  0  0  0  0]
 [10  0  0  0  0  0  0  0  0  0  0  0  0  0  0  0  0  0  0  0]
 [26 13 16  4 25 28  0  0  0  0  0  0  0  0  0  0  0  0  0  0]]
gen= [[ 7 21 10 27 20  0  0  0  0  0  0  0  0  0  0  0  0  0  0  0]
 [18 21 16 15  5  0  0  0  0  0  0  0  0  0  0  0  0  0  0  0]
 [ 7 25  2  0  0  0  0  0  0  0  0  0  0  0  0  0  0  0  0  0]
 [11  5  0  0  0  0  0  0  0  0  0  0  0  0  0  0  0  0  0  0]
 [14 19 26  9  0  0  0  0  0  0  0  0  0  0  0  0  0  0  0  0]
 [17 18  1  0  0  0  0  0  0  0  0  0  0  0  0  0  0  0  0  0]
 [23 18 24 13  6  0  0  0  0  0  0  0  0  0  0  0  0  0  0  0]
 [12 26  0  0  0  0  0  0  0  0  0  0  0  0  0  0  0  0  0  0]
 [10  0  0  0  0  0  0  0  0  0  0  0  0  0  0  0  0  0  0  0]
 [26 16 25  4  0  0  0  0  0  0  0  0  0  0  0  0  0  0  0  0]]
valid: gen=0.561
reward: norm=0.9346084369029847
[ 480 iterations]
real= [[22 14  0  0  0  0  0  0  0  0  0  0  0  0  0  0  0  0  0  0]
 [15  0  0  0  0  0  0  0  0  0  0  0  0  0  0  0  0  0  0  0]
 [23  6 24 13 19  9  1  0  0  0  0  0  0  0  0  0  0  0  0  0]
 [ 5 13  6 18 15  0  0  0  0  0  0  0  0  0  0  0  0  0  0  0]
 [27 25  0  0  0  0  0  0  0  0  0  0  0  0  0  0  0  0  0  0]
 [25 24  1  0  0  0  0  0  0  0  0  0  0  0  0  0  0  0  0  0]
 [23  7 15 12 13  8  0  0  0  0  0  0  0  0  0  0  0  0  0  0]
 [26 13 16 10  5  0  0  0  0  0  0  0  0  0  0  0  0  0  0  0]
 [17  2  0  0  0  0  0  0  0  0  0  0  0  0  0  0  0  0  0  0]
 [ 8  6  0  0  0  0  0  0  0  0  0  0  0  0  0  0  0  0  0  0]]
gen= [[14 22  0  0  0  0  0  0  0  0  0  0  0  0  0  0  0  0  0  0]
 [15  0  0  0  0  0  0  0  0  0  0  0  0  0  0  0  0  0  0  0]
 [23 19  1 24  0  0  0  0  0  0  0  0  0  0  0  0  0  0  0  0]
 [18 15  5  0  0  0  0  0  0  0  0  0  0  0  0  0  0  0  0  0]
 [25 27  0  0  0  0  0  0  0  0  0  0  0  0  0  0  0  0  0  0]
 [ 1 24 25  0  0  0  0  0  0  0  0  0  0  0  0  0  0  0  0  0]
 [23 12  7  8  0  0  0  0  0  0  0  0  0  0  0  0  0  0  0  0]
 [26 10 16  5  0  0  0  0  0  0  0  0  0  0  0  0  0  0  0  0]
 [17  2  0  0  0  0  0  0  0  0  0  0  0  0  0  0  0  0  0  0]
 [ 8  6  0  0  0  0  0  0  0  0  0  0  0  0  0  0  0  0  0  0]]
valid: gen=0.581
reward: norm=0.9342305804225348
[ 490 iterations]
real= [[ 1 28  3 13  4  0  0  0  0  0  0  0  0  0  0  0  0  0  0  0]
 [26 15 18 10 21 28 25 20  0  0  0  0  0  0  0  0  0  0  0  0]
 [ 3  0  0  0  0  0  0  0  0  0  0  0  0  0  0  0  0  0  0  0]
 [19 10 16  0  0  0  0  0  0  0  0  0  0  0  0  0  0  0  0  0]
 [11  2  0  0  0  0  0  0  0  0  0  0  0  0  0  0  0  0  0  0]
 [ 5 25 16 21  0  0  0  0  0  0  0  0  0  0  0  0  0  0  0  0]
 [ 5  6 20  0  0  0  0  0  0  0  0  0  0  0  0  0  0  0  0  0]
 [16  0  0  0  0  0  0  0  0  0  0  0  0  0  0  0  0  0  0  0]
 [26 13 14 18 20  8 27  0  0  0  0  0  0  0  0  0  0  0  0  0]
 [ 1 19  2  0  0  0  0  0  0  0  0  0  0  0  0  0  0  0  0  0]]
gen= [[ 1 28 13  3  4  0  0  0  0  0  0  0  0  0  0  0  0  0  0  0]
 [18 26 21 10 15  0  0  0  0  0  0  0  0  0  0  0  0  0  0  0]
 [ 3  0  0  0  0  0  0  0  0  0  0  0  0  0  0  0  0  0  0  0]
 [19 10 16  0  0  0  0  0  0  0  0  0  0  0  0  0  0  0  0  0]
 [11  2  0  0  0  0  0  0  0  0  0  0  0  0  0  0  0  0  0  0]
 [16 21  5  0  0  0  0  0  0  0  0  0  0  0  0  0  0  0  0  0]
 [ 6  5 20  0  0  0  0  0  0  0  0  0  0  0  0  0  0  0  0  0]
 [16  0  0  0  0  0  0  0  0  0  0  0  0  0  0  0  0  0  0  0]
 [14 18 26  8 20 27  0  0  0  0  0  0  0  0  0  0  0  0  0  0]
 [19  1  0  0  0  0  0  0  0  0  0  0  0  0  0  0  0  0  0  0]]
valid: gen=0.577
reward: norm=0.9366266075223214
