data_file: dataset/3locations/bays29_s0_e0_md1000_ms3_random_reward_ne10000_w1000_gt1000.data
prob_file: dataset/3locations/bays29_s0_e0_md1000_ms3_random_reward.prob
read problem
[ 10 iterations]
real= [[21 16 11  0]
 [19 23  6  0]
 [24 20 13  0]
 [24 21 13  0]
 [ 9  6 15  0]]
synthesis= [[0 0 0 0]
 [0 0 0 0]
 [0 0 0 0]
 [0 0 0 0]
 [0 0 0 0]]
reward: gen=1.5044734604405023 real=2.3619614556065325
ratio=0.6369593614109871
valid: gen=0.001  real=1.0
[ 20 iterations]
real= [[16 25  1  0]
 [19 22  0  0]
 [ 7  3  1  0]
 [ 2 23  7  0]
 [ 8 23 13  0]]
synthesis= [[ 0  0  0  0]
 [22 22 22 22]
 [ 7  7  7  7]
 [ 0  0 23  0]
 [13 13 13 13]]
reward: gen=1.9722458166244665 real=2.383811663522026
ratio=0.827349679844472
valid: gen=0.0  real=1.0
[ 30 iterations]
real= [[14 26  8  0]
 [21 23 12  0]
 [ 9 16 27  0]
 [14 22  6  0]
 [17 24 15  0]]
synthesis= [[26 26 26 26]
 [12 12 12 12]
 [16 16 16 16]
 [ 6  6  6  6]
 [15 15 15 15]]
reward: gen=1.925481160304562 real=2.379217956201146
ratio=0.8092916226048255
valid: gen=0.002  real=1.0
[ 40 iterations]
real= [[21 18 15  0]
 [21 24 26  0]
 [27 18 15  0]
 [28  4 15  0]
 [17 13 25  0]]
synthesis= [[15 15 15 15]
 [26 26 26 26]
 [15 15 15 15]
 [15 15 15 15]
 [13 13 13 13]]
reward: gen=1.9000490821540108 real=2.343811493922599
ratio=0.810666338603064
valid: gen=0.004  real=1.0
[ 50 iterations]
real= [[28  0  0  0]
 [22 25 15  0]
 [ 5 22 26  0]
 [21  9 27  0]
 [ 8 21 26  0]]
synthesis= [[28 28  0  0]
 [25 25 15 15]
 [ 5 26 26  0]
 [27  0  0  0]
 [26 26 26  0]]
reward: gen=1.8057943678291806 real=2.375664077255482
ratio=0.7601219318496194
valid: gen=0.01  real=1.0
[ 60 iterations]
real= [[21 16 11  0]
 [19 23  6  0]
 [24 20 13  0]
 [24 21 13  0]
 [ 9  6 15  0]]
synthesis= [[11 11 11  0]
 [23 23 23  0]
 [24 13 13  0]
 [24 13 13  0]
 [ 6  6  6  0]]
reward: gen=1.884027444816476 real=2.3619614556065325
ratio=0.7976537637159168
valid: gen=0.014  real=1.0
[ 70 iterations]
real= [[16 25  1  0]
 [19 22  0  0]
 [ 7  3  1  0]
 [ 2 23  7  0]
 [ 8 23 13  0]]
synthesis= [[25 25 25  0]
 [19 19  0  0]
 [ 3  3  7  0]
 [ 2 23  7  0]
 [13 13 13  0]]
reward: gen=2.2184785628851986 real=2.383811663522026
ratio=0.9306433879962851
valid: gen=0.053  real=1.0
[ 80 iterations]
real= [[14 26  8  0]
 [21 23 12  0]
 [ 9 16 27  0]
 [14 22  6  0]
 [17 24 15  0]]
synthesis= [[14 26 26  0]
 [21 12  0  0]
 [ 9  9 27  0]
 [14  6  6  0]
 [17 15 15  0]]
reward: gen=2.3821912247806356 real=2.379217956201146
ratio=1.0012496831455648
valid: gen=0.203  real=1.0
[ 90 iterations]
real= [[21 18 15  0]
 [21 24 26  0]
 [27 18 15  0]
 [28  4 15  0]
 [17 13 25  0]]
synthesis= [[21 21 15  0]
 [21 21 26  0]
 [27 15 15  0]
 [ 4  4 15  0]
 [17 25 13  0]]
reward: gen=2.3395249062709476 real=2.343811493922599
ratio=0.9981711039207861
valid: gen=0.191  real=1.0
[ 100 iterations]
real= [[28  0  0  0]
 [22 25 15  0]
 [ 5 22 26  0]
 [21  9 27  0]
 [ 8 21 26  0]]
synthesis= [[28 28 28  0]
 [25 25 15  0]
 [ 5  5 26  0]
 [27 21 27  0]
 [21 21 26  0]]
reward: gen=2.4091615142382516 real=2.375664077255482
ratio=1.0141002414034344
valid: gen=0.288  real=1.0
[ 110 iterations]
real= [[21 16 11  0]
 [19 23  6  0]
 [24 20 13  0]
 [24 21 13  0]
 [ 9  6 15  0]]
synthesis= [[16 16 11  0]
 [19 23  6  0]
 [24 20 13  0]
 [21 21 13  0]
 [ 9  9 15  0]]
reward: gen=2.4088358597326556 real=2.3619614556065325
ratio=1.0198455415158696
valid: gen=0.318  real=1.0
[ 120 iterations]
real= [[16 25  1  0]
 [19 22  0  0]
 [ 7  3  1  0]
 [ 2 23  7  0]
 [ 8 23 13  0]]
synthesis= [[16 16  1  0]
 [19 22 22  0]
 [ 1  3  1  0]
 [ 2 23  2  0]
 [ 8 23 13  0]]
reward: gen=2.3456943207923673 real=2.383811663522026
ratio=0.9840099185212723
valid: gen=0.31  real=1.0
[ 130 iterations]
real= [[14 26  8  0]
 [21 23 12  0]
 [ 9 16 27  0]
 [14 22  6  0]
 [17 24 15  0]]
synthesis= [[ 8 26  8  0]
 [21 23  0  0]
 [27 16 27  0]
 [14 22  6  0]
 [17 24 15  0]]
reward: gen=2.373814773667288 real=2.379217956201146
ratio=0.9977290090133292
valid: gen=0.335  real=1.0
[ 140 iterations]
real= [[21 18 15  0]
 [21 24 26  0]
 [27 18 15  0]
 [28  4 15  0]
 [17 13 25  0]]
synthesis= [[18 18 15  0]
 [24 24 26  0]
 [27 18 15  0]
 [15  4 15  0]
 [17 25 13  0]]
reward: gen=2.372285774583285 real=2.343811493922599
ratio=1.0121487076646387
valid: gen=0.349  real=1.0
[ 150 iterations]
real= [[28  0  0  0]
 [22 25 15  0]
 [ 5 22 26  0]
 [21  9 27  0]
 [ 8 21 26  0]]
synthesis= [[28 28 28  0]
 [22 25 15  0]
 [22 22 26  0]
 [27 21 27  0]
 [ 8 26 26  0]]
reward: gen=2.4252768129159885 real=2.375664077255482
ratio=1.020883733578117
valid: gen=0.401  real=1.0
[ 160 iterations]
real= [[21 16 11  0]
 [19 23  6  0]
 [24 20 13  0]
 [24 21 13  0]
 [ 9  6 15  0]]
synthesis= [[21 16 11  0]
 [19 23  6  0]
 [24 20 13  0]
 [21 24 13  0]
 [ 9  9 15  0]]
reward: gen=2.4295550297353286 real=2.3619614556065325
ratio=1.0286175601927587
valid: gen=0.383  real=1.0
[ 170 iterations]
real= [[16 25  1  0]
 [19 22  0  0]
 [ 7  3  1  0]
 [ 2 23  7  0]
 [ 8 23 13  0]]
synthesis= [[16 25  1  0]
 [19 22  0  0]
 [ 7  3  7  0]
 [ 2 23  7  0]
 [ 8 23 13  0]]
reward: gen=2.44042812974733 real=2.383811663522026
ratio=1.023750393997844
valid: gen=0.426  real=1.0
[ 180 iterations]
real= [[14 26  8  0]
 [21 23 12  0]
 [ 9 16 27  0]
 [14 22  6  0]
 [17 24 15  0]]
synthesis= [[14 26 26  0]
 [21 12 12  0]
 [27 16 27  0]
 [14 22  6  0]
 [17 24 15  0]]
reward: gen=2.402199093942456 real=2.379217956201146
ratio=1.00965911411412
valid: gen=0.486  real=1.0
[ 190 iterations]
real= [[21 18 15  0]
 [21 24 26  0]
 [27 18 15  0]
 [28  4 15  0]
 [17 13 25  0]]
synthesis= [[21 21 15  0]
 [21 21 24  0]
 [27 18 15  0]
 [15  4 15  0]
 [17 25 13  0]]
reward: gen=2.349996266034016 real=2.343811493922599
ratio=1.0026387668664711
valid: gen=0.403  real=1.0
[ 200 iterations]
real= [[28  0  0  0]
 [22 25 15  0]
 [ 5 22 26  0]
 [21  9 27  0]
 [ 8 21 26  0]]
synthesis= [[28 28 28  0]
 [15 22 15  0]
 [22 22  5  0]
 [27 21  0  0]
 [ 8 21 26  0]]
reward: gen=2.4224840928343494 real=2.375664077255482
ratio=1.0197081801367123
valid: gen=0.472  real=1.0
[ 210 iterations]
real= [[21 16 11  0]
 [19 23  6  0]
 [24 20 13  0]
 [24 21 13  0]
 [ 9  6 15  0]]
synthesis= [[21 16 11  0]
 [19 23  6  0]
 [24 20 13  0]
 [21 21 13  0]
 [ 9  6 15  0]]
reward: gen=2.427425775396103 real=2.3619614556065325
ratio=1.027716083018281
valid: gen=0.455  real=1.0
[ 220 iterations]
real= [[16 25  1  0]
 [19 22  0  0]
 [ 7  3  1  0]
 [ 2 23  7  0]
 [ 8 23 13  0]]
synthesis= [[16 25  1  0]
 [19 22  0  0]
 [ 7  3  7  0]
 [ 2 23  7  0]
 [ 8 23 13  0]]
reward: gen=2.439522603490769 real=2.383811663522026
ratio=1.0233705291492834
valid: gen=0.475  real=1.0
[ 230 iterations]
real= [[14 26  8  0]
 [21 23 12  0]
 [ 9 16 27  0]
 [14 22  6  0]
 [17 24 15  0]]
synthesis= [[14 26 26  0]
 [21 12 12  0]
 [27 16 16  0]
 [14 22  6  0]
 [17 24 15  0]]
reward: gen=2.410912687111649 real=2.379217956201146
ratio=1.013321491134469
valid: gen=0.484  real=1.0
[ 240 iterations]
real= [[21 18 15  0]
 [21 24 26  0]
 [27 18 15  0]
 [28  4 15  0]
 [17 13 25  0]]
synthesis= [[21 18 15  0]
 [24 21 26  0]
 [27 18 15  0]
 [15  4 15  0]
 [17 25 13  0]]
reward: gen=2.381739894102369 real=2.343811493922599
ratio=1.0161823594935502
valid: gen=0.454  real=1.0
[ 250 iterations]
real= [[28  0  0  0]
 [22 25 15  0]
 [ 5 22 26  0]
 [21  9 27  0]
 [ 8 21 26  0]]
synthesis= [[28 28 28  0]
 [15 22 15  0]
 [ 5 22 26  0]
 [27 21 21  0]
 [ 8 21  8  0]]
reward: gen=2.4071023637037956 real=2.375664077255482
ratio=1.0132334730104742
valid: gen=0.429  real=1.0
[ 260 iterations]
real= [[21 16 11  0]
 [19 23  6  0]
 [24 20 13  0]
 [24 21 13  0]
 [ 9  6 15  0]]
synthesis= [[21 16 11  0]
 [19 23 19  0]
 [24 20 13  0]
 [24 21 13  0]
 [ 9  6 15  0]]
reward: gen=2.3886156864887926 real=2.3619614556065325
ratio=1.011284786556949
valid: gen=0.44  real=1.0
[ 270 iterations]
real= [[16 25  1  0]
 [19 22  0  0]
 [ 7  3  1  0]
 [ 2 23  7  0]
 [ 8 23 13  0]]
synthesis= [[16 25  1  0]
 [19 22 19  0]
 [ 3  3  1  0]
 [ 2 23  7  0]
 [ 8 23 13  0]]
reward: gen=2.415443468622719 real=2.383811663522026
ratio=1.0132694229098442
valid: gen=0.517  real=1.0
[ 280 iterations]
real= [[14 26  8  0]
 [21 23 12  0]
 [ 9 16 27  0]
 [14 22  6  0]
 [17 24 15  0]]
synthesis= [[14 26 26  0]
 [21 12 12  0]
 [27 16  0  0]
 [14 22  6  0]
 [17 24 15  0]]
reward: gen=2.3953970503696578 real=2.379217956201146
ratio=1.006800173194029
valid: gen=0.525  real=1.0
[ 290 iterations]
real= [[21 18 15  0]
 [21 24 26  0]
 [27 18 15  0]
 [28  4 15  0]
 [17 13 25  0]]
synthesis= [[21 18 15  0]
 [24 21 26  0]
 [27 18 15  0]
 [15  4 15  0]
 [17 25 13  0]]
reward: gen=2.364113396444441 real=2.343811493922599
ratio=1.0086619178097231
valid: gen=0.483  real=1.0
[ 300 iterations]
real= [[28  0  0  0]
 [22 25 15  0]
 [ 5 22 26  0]
 [21  9 27  0]
 [ 8 21 26  0]]
synthesis= [[28 28 28  0]
 [15 22 15  0]
 [ 5 22 26  0]
 [27 21  0  0]
 [ 8 21 26  0]]
reward: gen=2.4212449321096488 real=2.375664077255482
ratio=1.0191865740996617
valid: gen=0.527  real=1.0
[ 310 iterations]
real= [[21 16 11  0]
 [19 23  6  0]
 [24 20 13  0]
 [24 21 13  0]
 [ 9  6 15  0]]
synthesis= [[21 16 11  0]
 [19 23 23  0]
 [24 20 13  0]
 [24 21 13  0]
 [ 9  6 15  0]]
reward: gen=2.3939927166664043 real=2.3619614556065325
ratio=1.0135612971091632
valid: gen=0.531  real=1.0
[ 320 iterations]
real= [[16 25  1  0]
 [19 22  0  0]
 [ 7  3  1  0]
 [ 2 23  7  0]
 [ 8 23 13  0]]
synthesis= [[16 25  1  0]
 [19 22  0  0]
 [ 3  3  1  0]
 [ 2 23  7  0]
 [ 8 23 13  0]]
reward: gen=2.410982648210934 real=2.383811663522026
ratio=1.0113981255753919
valid: gen=0.534  real=1.0
[ 330 iterations]
real= [[14 26  8  0]
 [21 23 12  0]
 [ 9 16 27  0]
 [14 22  6  0]
 [17 24 15  0]]
synthesis= [[14 26 26  0]
 [21 23 12  0]
 [27 16 27  0]
 [14 22  6  0]
 [17 24 15  0]]
reward: gen=2.411567161636181 real=2.379217956201146
ratio=1.013596570818878
valid: gen=0.564  real=1.0
[ 340 iterations]
real= [[21 18 15  0]
 [21 24 26  0]
 [27 18 15  0]
 [28  4 15  0]
 [17 13 25  0]]
synthesis= [[21 18 15  0]
 [24 21 26  0]
 [27 18 15  0]
 [15  4 15  0]
 [17 25 13  0]]
reward: gen=2.393546956810323 real=2.343811493922599
ratio=1.0212199074100823
valid: gen=0.509  real=1.0
[ 350 iterations]
real= [[28  0  0  0]
 [22 25 15  0]
 [ 5 22 26  0]
 [21  9 27  0]
 [ 8 21 26  0]]
synthesis= [[28 28 28  0]
 [15 22 15  0]
 [ 5 22 26  0]
 [27 21 27  0]
 [ 8 21 26  0]]
reward: gen=2.4327452135477987 real=2.375664077255482
ratio=1.0240274443002313
valid: gen=0.523  real=1.0
[ 360 iterations]
real= [[21 16 11  0]
 [19 23  6  0]
 [24 20 13  0]
 [24 21 13  0]
 [ 9  6 15  0]]
synthesis= [[21 16 11  0]
 [19 23  6  0]
 [24 20 13  0]
 [24 21 13  0]
 [ 9  6 15  0]]
reward: gen=2.4173045862891334 real=2.3619614556065325
ratio=1.0234310050027422
valid: gen=0.517  real=1.0
[ 370 iterations]
real= [[16 25  1  0]
 [19 22  0  0]
 [ 7  3  1  0]
 [ 2 23  7  0]
 [ 8 23 13  0]]
synthesis= [[16 25  1  0]
 [19 22  0  0]
 [ 3  3  7  0]
 [ 2 23  7  0]
 [ 8 23 13  0]]
reward: gen=2.4340371060810204 real=2.383811663522026
ratio=1.021069383679744
valid: gen=0.553  real=1.0
[ 380 iterations]
real= [[14 26  8  0]
 [21 23 12  0]
 [ 9 16 27  0]
 [14 22  6  0]
 [17 24 15  0]]
synthesis= [[14 26 26  0]
 [21 12 12  0]
 [27 16 27  0]
 [14 22  6  0]
 [17 24 15  0]]
reward: gen=2.4205637730094316 real=2.379217956201146
ratio=1.017377902138189
valid: gen=0.584  real=1.0
[ 390 iterations]
real= [[21 18 15  0]
 [21 24 26  0]
 [27 18 15  0]
 [28  4 15  0]
 [17 13 25  0]]
synthesis= [[21 21 15  0]
 [24 21 26  0]
 [27 18 15  0]
 [15  4 15  0]
 [17 25 13  0]]
reward: gen=2.3880872361666414 real=2.343811493922599
ratio=1.0188904877200438
valid: gen=0.509  real=1.0
[ 400 iterations]
real= [[28  0  0  0]
 [22 25 15  0]
 [ 5 22 26  0]
 [21  9 27  0]
 [ 8 21 26  0]]
synthesis= [[28 28 28  0]
 [15 22 15  0]
 [26 22 26  0]
 [27 21 27  0]
 [ 8 21 26  0]]
reward: gen=2.435725949843046 real=2.375664077255482
ratio=1.0252821403339782
valid: gen=0.507  real=1.0
[ 410 iterations]
real= [[21 16 11  0]
 [19 23  6  0]
 [24 20 13  0]
 [24 21 13  0]
 [ 9  6 15  0]]
synthesis= [[21 16 11  0]
 [19 23  6  0]
 [24 20 13  0]
 [24 21 13  0]
 [ 9  6 15  0]]
reward: gen=2.418066695750124 real=2.3619614556065325
ratio=1.0237536645699343
valid: gen=0.483  real=1.0
[ 420 iterations]
real= [[16 25  1  0]
 [19 22  0  0]
 [ 7  3  1  0]
 [ 2 23  7  0]
 [ 8 23 13  0]]
synthesis= [[16 25  1  0]
 [19 22  0  0]
 [ 7  3  7  0]
 [ 2 23  7  0]
 [ 8 23 13  0]]
reward: gen=2.4371273117183585 real=2.383811663522026
ratio=1.0223657132869128
valid: gen=0.539  real=1.0
[ 430 iterations]
real= [[14 26  8  0]
 [21 23 12  0]
 [ 9 16 27  0]
 [14 22  6  0]
 [17 24 15  0]]
synthesis= [[14 26 26  0]
 [21 23 23  0]
 [27 16 27  0]
 [14 22  6  0]
 [17 24 15  0]]
reward: gen=2.429913807342453 real=2.379217956201146
ratio=1.021307779310077
valid: gen=0.57  real=1.0
[ 440 iterations]
real= [[21 18 15  0]
 [21 24 26  0]
 [27 18 15  0]
 [28  4 15  0]
 [17 13 25  0]]
synthesis= [[21 18 15  0]
 [24 21 26  0]
 [27 18 15  0]
 [28  4 15  0]
 [17 25 13  0]]
reward: gen=2.40536431871291 real=2.343811493922599
ratio=1.0262618495343652
valid: gen=0.524  real=1.0
[ 450 iterations]
real= [[28  0  0  0]
 [22 25 15  0]
 [ 5 22 26  0]
 [21  9 27  0]
 [ 8 21 26  0]]
synthesis= [[28 28  0  0]
 [15 22 15  0]
 [ 5 22  5  0]
 [27 21 27  0]
 [ 8 21 26  0]]
reward: gen=2.4205249590512175 real=2.375664077255482
ratio=1.0188835122883035
valid: gen=0.515  real=1.0
[ 460 iterations]
real= [[21 16 11  0]
 [19 23  6  0]
 [24 20 13  0]
 [24 21 13  0]
 [ 9  6 15  0]]
synthesis= [[21 16 11  0]
 [19 23  6  0]
 [24 20 13  0]
 [24 21 13  0]
 [ 9  6 15  0]]
reward: gen=2.3794812442578257 real=2.3619614556065325
ratio=1.0074174744086983
valid: gen=0.435  real=1.0
[ 470 iterations]
real= [[16 25  1  0]
 [19 22  0  0]
 [ 7  3  1  0]
 [ 2 23  7  0]
 [ 8 23 13  0]]
synthesis= [[16 25  1  0]
 [19 22 19  0]
 [ 7  3  7  0]
 [ 2 23  7  0]
 [ 8 23 13  0]]
reward: gen=2.4413237841586284 real=2.383811663522026
ratio=1.0241261176445582
valid: gen=0.577  real=1.0
[ 480 iterations]
real= [[14 26  8  0]
 [21 23 12  0]
 [ 9 16 27  0]
 [14 22  6  0]
 [17 24 15  0]]
synthesis= [[14 26 26  0]
 [21 23 12  0]
 [ 9 16 27  0]
 [14 22  6  0]
 [17 24 15  0]]
reward: gen=2.436659864288838 real=2.379217956201146
ratio=1.0241431887053376
valid: gen=0.568  real=1.0
[ 490 iterations]
real= [[21 18 15  0]
 [21 24 26  0]
 [27 18 15  0]
 [28  4 15  0]
 [17 13 25  0]]
synthesis= [[21 18 15  0]
 [24 21 26  0]
 [27 18 15  0]
 [28  4 15  0]
 [17 25 13  0]]
reward: gen=2.4067159612703803 real=2.343811493922599
ratio=1.0268385352281486
valid: gen=0.511  real=1.0
