read problem
[ 1 iterations]
real=[[20, 8, 28, 0], [12, 14, 8, 0], [7, 2, 1, 0], [12, 21, 1, 0], [18, 10, 1, 0], [26, 8, 3, 0], [22, 19, 0, 0], [11, 10, 18, 0], [8, 9, 16, 0], [25, 8, 3, 0]]
gen=[[7, 2, 2, 0], [7, 2, 2, 0], [11, 2, 2, 0], [7, 2, 2, 0], [7, 2, 2, 0], [7, 2, 2, 0], [7, 2, 2, 0], [7, 2, 2, 0], [7, 9, 2, 0], [7, 2, 2, 0]]
valid routes=0.001
norm-reward=1.3894730344371986
[ 2 iterations]
real=[[12, 14, 27, 0], [21, 14, 2, 0], [28, 23, 10, 0], [8, 5, 1, 0], [10, 3, 1, 0], [11, 5, 24, 0], [21, 3, 22, 0], [4, 23, 24, 0], [23, 9, 5, 0], [15, 13, 22, 0]]
gen=[[6, 8, 24, 0], [6, 8, 24, 0], [6, 8, 24, 0], [6, 8, 24, 0], [6, 8, 24, 0], [6, 8, 24, 0], [6, 8, 24, 0], [6, 8, 24, 0], [6, 8, 24, 0], [6, 8, 24, 0]]
valid routes=0.0
norm-reward=0.8305321419351102
[ 3 iterations]
real=[[28, 19, 4, 0], [10, 23, 24, 0], [27, 9, 2, 0], [26, 23, 5, 0], [4, 15, 13, 0], [9, 24, 1, 0], [11, 9, 1, 0], [14, 8, 16, 0], [10, 3, 13, 0], [15, 14, 16, 0]]
gen=[[25, 25, 0, 0], [27, 25, 27, 0], [27, 25, 27, 0], [25, 25, 27, 0], [27, 25, 27, 0], [25, 25, 0, 0], [27, 25, 27, 0], [27, 25, 27, 0], [27, 25, 27, 0], [25, 25, 27, 0]]
valid routes=0.0
norm-reward=1.0204881430179795
[ 4 iterations]
real=[[6, 8, 19, 0], [7, 16, 0, 0], [28, 15, 17, 0], [23, 14, 17, 0], [23, 2, 0, 0], [6, 3, 2, 0], [11, 25, 6, 0], [7, 0, 0, 0], [26, 16, 17, 0], [21, 14, 24, 0]]
gen=[[26, 17, 17, 0], [7, 26, 17, 0], [26, 17, 17, 0], [7, 26, 17, 0], [26, 17, 17, 0], [7, 26, 17, 0], [7, 26, 17, 0], [7, 17, 17, 0], [26, 17, 17, 0], [7, 26, 17, 0]]
valid routes=0.001
norm-reward=1.3102655008277737
[ 5 iterations]
real=[[18, 9, 5, 0], [20, 24, 28, 0], [10, 14, 22, 0], [11, 2, 13, 0], [4, 16, 0, 0], [6, 9, 2, 0], [7, 0, 0, 0], [12, 25, 5, 0], [7, 8, 27, 0], [18, 3, 16, 0]]
gen=[[21, 15, 0, 0], [6, 19, 15, 0], [6, 19, 15, 0], [21, 15, 0, 0], [21, 15, 0, 0], [6, 19, 15, 0], [6, 19, 15, 0], [6, 19, 15, 0], [6, 19, 15, 0], [6, 19, 15, 0]]
valid routes=0.0
norm-reward=0.9268372027665117
[ 6 iterations]
real=[[21, 3, 27, 0], [26, 8, 22, 0], [4, 3, 1, 0], [6, 19, 22, 0], [11, 23, 3, 0], [15, 26, 1, 0], [26, 19, 28, 0], [15, 8, 16, 0], [21, 14, 24, 0], [28, 27, 22, 0]]
gen=[[11, 12, 6, 0], [12, 6, 0, 0], [11, 6, 0, 0], [7, 12, 6, 0], [11, 6, 0, 0], [7, 12, 6, 0], [7, 12, 6, 0], [7, 12, 6, 0], [7, 12, 6, 0], [11, 12, 6, 0]]
valid routes=0.001
norm-reward=0.7415345746874942
[ 7 iterations]
real=[[12, 24, 17, 0], [7, 21, 20, 0], [11, 21, 1, 0], [24, 17, 1, 0], [11, 21, 24, 0], [16, 17, 13, 0], [11, 23, 24, 0], [20, 15, 0, 0], [4, 8, 24, 0], [28, 19, 3, 0]]
gen=[[19, 19, 23, 0], [19, 19, 23, 0], [19, 19, 23, 0], [11, 19, 23, 0], [11, 19, 0, 0], [11, 19, 0, 0], [11, 0, 0, 0], [19, 19, 23, 0], [19, 19, 23, 0], [19, 19, 23, 0]]
valid routes=0.0
norm-reward=0.6159615174862741
[ 8 iterations]
real=[[12, 26, 15, 0], [7, 11, 24, 0], [20, 8, 22, 0], [15, 9, 17, 0], [18, 14, 5, 0], [26, 9, 5, 0], [14, 9, 27, 0], [12, 25, 15, 0], [11, 2, 20, 0], [26, 8, 16, 0]]
gen=[[20, 20, 22, 0], [20, 20, 22, 0], [20, 20, 22, 0], [20, 20, 22, 0], [20, 20, 22, 0], [20, 20, 22, 0], [7, 20, 22, 0], [11, 20, 22, 0], [20, 20, 22, 0], [20, 20, 22, 0]]
valid routes=0.001
norm-reward=0.8816155254715045
[ 9 iterations]
real=[[21, 5, 4, 0], [23, 0, 0, 0], [28, 24, 15, 0], [11, 14, 21, 0], [28, 27, 13, 0], [23, 9, 27, 0], [28, 27, 16, 0], [8, 3, 18, 0], [7, 15, 17, 0], [4, 9, 17, 0]]
gen=[[7, 15, 10, 0], [15, 10, 10, 0], [15, 10, 10, 0], [7, 15, 10, 0], [12, 10, 10, 0], [12, 0, 10, 0], [12, 0, 10, 0], [12, 0, 0, 0], [12, 0, 10, 0], [7, 12, 10, 0]]
valid routes=0.0
norm-reward=0.9584545305771323
[ 10 iterations]
real=[[12, 14, 8, 0], [21, 2, 17, 0], [21, 19, 13, 0], [16, 2, 1, 0], [7, 19, 5, 0], [19, 0, 0, 0], [11, 19, 20, 0], [12, 9, 5, 0], [7, 3, 4, 0], [14, 5, 22, 0]]
gen=[[6, 27, 27, 0], [6, 14, 27, 0], [6, 27, 27, 0], [11, 14, 27, 0], [11, 14, 27, 0], [11, 27, 27, 0], [6, 27, 27, 0], [6, 27, 27, 0], [6, 27, 27, 0], [11, 14, 27, 0]]
valid routes=0.001
norm-reward=0.9821420992239751
[ 11 iterations]
real=[[20, 8, 28, 0], [12, 14, 8, 0], [7, 2, 1, 0], [12, 21, 1, 0], [18, 10, 1, 0], [26, 8, 3, 0], [22, 19, 0, 0], [11, 10, 18, 0], [8, 9, 16, 0], [25, 8, 3, 0]]
gen=[[12, 0, 16, 0], [12, 0, 16, 0], [12, 0, 16, 0], [12, 16, 16, 0], [12, 0, 16, 0], [12, 0, 16, 0], [12, 14, 16, 0], [12, 0, 16, 0], [12, 16, 16, 0], [6, 16, 16, 0]]
valid routes=0.0
norm-reward=1.2168461130369443
[ 12 iterations]
real=[[12, 14, 27, 0], [21, 14, 2, 0], [28, 23, 10, 0], [8, 5, 1, 0], [10, 3, 1, 0], [11, 5, 24, 0], [21, 3, 22, 0], [4, 23, 24, 0], [23, 9, 5, 0], [15, 13, 22, 0]]
gen=[[21, 23, 3, 0], [21, 23, 3, 0], [21, 23, 3, 0], [21, 23, 3, 0], [21, 23, 3, 0], [21, 23, 3, 0], [7, 3, 3, 0], [21, 19, 3, 0], [3, 3, 13, 0], [21, 19, 3, 0]]
valid routes=0.0
norm-reward=1.1586606532852455
[ 13 iterations]
real=[[28, 19, 4, 0], [10, 23, 24, 0], [27, 9, 2, 0], [26, 23, 5, 0], [4, 15, 13, 0], [9, 24, 1, 0], [11, 9, 1, 0], [14, 8, 16, 0], [10, 3, 13, 0], [15, 14, 16, 0]]
gen=[[12, 25, 22, 0], [28, 25, 22, 0], [12, 25, 22, 0], [28, 0, 0, 0], [12, 25, 22, 0], [21, 25, 22, 0], [12, 25, 22, 0], [7, 25, 22, 0], [7, 25, 22, 0], [12, 25, 22, 0]]
valid routes=0.0
norm-reward=1.1455879804902038
[ 14 iterations]
real=[[6, 8, 19, 0], [7, 16, 0, 0], [28, 15, 17, 0], [23, 14, 17, 0], [23, 2, 0, 0], [6, 3, 2, 0], [11, 25, 6, 0], [7, 0, 0, 0], [26, 16, 17, 0], [21, 14, 24, 0]]
gen=[[11, 6, 21, 6], [11, 6, 28, 0], [11, 6, 6, 0], [11, 6, 28, 0], [7, 26, 13, 0], [12, 27, 13, 0], [12, 6, 28, 0], [7, 26, 13, 0], [6, 0, 0, 0], [21, 6, 13, 0]]
valid routes=0.0
norm-reward=0.9268013857898311
[ 15 iterations]
real=[[18, 9, 5, 0], [20, 24, 28, 0], [10, 14, 22, 0], [11, 2, 13, 0], [4, 16, 0, 0], [6, 9, 2, 0], [7, 0, 0, 0], [12, 25, 5, 0], [7, 8, 27, 0], [18, 3, 16, 0]]
gen=[[11, 26, 17, 0], [11, 6, 17, 0], [20, 26, 17, 0], [7, 11, 17, 0], [7, 11, 17, 0], [7, 11, 17, 0], [11, 27, 17, 0], [20, 10, 17, 0], [28, 10, 1, 0], [11, 26, 17, 0]]
valid routes=0.001
norm-reward=1.2166372215532673
[ 16 iterations]
real=[[21, 3, 27, 0], [26, 8, 22, 0], [4, 3, 1, 0], [6, 19, 22, 0], [11, 23, 3, 0], [15, 26, 1, 0], [26, 19, 28, 0], [15, 8, 16, 0], [21, 14, 24, 0], [28, 27, 22, 0]]
gen=[[20, 14, 1, 0], [20, 26, 1, 0], [12, 26, 1, 0], [6, 0, 0, 0], [7, 26, 1, 0], [12, 27, 17, 0], [20, 26, 1, 0], [20, 14, 1, 0], [7, 26, 1, 0], [20, 16, 0, 0]]
valid routes=0.0
norm-reward=1.1217625138381302
[ 17 iterations]
real=[[12, 24, 17, 0], [7, 21, 20, 0], [11, 21, 1, 0], [24, 17, 1, 0], [11, 21, 24, 0], [16, 17, 13, 0], [11, 23, 24, 0], [20, 15, 0, 0], [4, 8, 24, 0], [28, 19, 3, 0]]
gen=[[6, 21, 4, 0], [12, 19, 4, 0], [7, 19, 14, 0], [12, 19, 22, 0], [6, 14, 4, 0], [20, 19, 4, 0], [12, 19, 4, 0], [7, 19, 4, 0], [6, 21, 4, 0], [21, 19, 4, 0]]
valid routes=0.0
norm-reward=1.0910922420084124
[ 18 iterations]
real=[[12, 26, 15, 0], [7, 11, 24, 0], [20, 8, 22, 0], [15, 9, 17, 0], [18, 14, 5, 0], [26, 9, 5, 0], [14, 9, 27, 0], [12, 25, 15, 0], [11, 2, 20, 0], [26, 8, 16, 0]]
gen=[[21, 18, 0, 0], [21, 18, 0, 0], [11, 4, 17, 0], [12, 18, 0, 0], [21, 18, 0, 0], [7, 17, 0, 0], [21, 18, 0, 0], [11, 18, 18, 0], [20, 18, 0, 0], [7, 18, 0, 0]]
valid routes=0.0
norm-reward=0.776212996900679
[ 19 iterations]
real=[[21, 5, 4, 0], [23, 0, 0, 0], [28, 24, 15, 0], [11, 14, 21, 0], [28, 27, 13, 0], [23, 9, 27, 0], [28, 27, 16, 0], [8, 3, 18, 0], [7, 15, 17, 0], [4, 9, 17, 0]]
gen=[[11, 5, 22, 0], [6, 15, 5, 0], [15, 5, 5, 0], [6, 15, 0, 0], [11, 26, 17, 0], [15, 5, 5, 0], [6, 5, 0, 0], [7, 15, 15, 0], [12, 26, 15, 0], [7, 6, 15, 0]]
valid routes=0.0
norm-reward=1.1954544319907547
[ 20 iterations]
real=[[12, 14, 8, 0], [21, 2, 17, 0], [21, 19, 13, 0], [16, 2, 1, 0], [7, 19, 5, 0], [19, 0, 0, 0], [11, 19, 20, 0], [12, 9, 5, 0], [7, 3, 4, 0], [14, 5, 22, 0]]
gen=[[12, 21, 17, 0], [11, 21, 17, 0], [12, 21, 17, 0], [6, 6, 0, 0], [7, 6, 14, 0], [6, 0, 0, 0], [20, 14, 22, 0], [21, 5, 22, 0], [6, 14, 0, 0], [7, 6, 14, 0]]
valid routes=0.0
norm-reward=1.0262424854573269
[ 21 iterations]
real=[[20, 8, 28, 0], [12, 14, 8, 0], [7, 2, 1, 0], [12, 21, 1, 0], [18, 10, 1, 0], [26, 8, 3, 0], [22, 19, 0, 0], [11, 10, 18, 0], [8, 9, 16, 0], [25, 8, 3, 0]]
gen=[[11, 27, 28, 0], [28, 3, 16, 0], [12, 23, 28, 0], [28, 3, 16, 0], [12, 6, 28, 0], [7, 28, 3, 0], [20, 3, 16, 0], [7, 3, 16, 0], [11, 27, 28, 0], [7, 28, 16, 0]]
valid routes=0.0
norm-reward=1.1272700767963553
[ 22 iterations]
real=[[12, 14, 27, 0], [21, 14, 2, 0], [28, 23, 10, 0], [8, 5, 1, 0], [10, 3, 1, 0], [11, 5, 24, 0], [21, 3, 22, 0], [4, 23, 24, 0], [23, 9, 5, 0], [15, 13, 22, 0]]
gen=[[12, 2, 1, 0], [11, 2, 1, 0], [11, 20, 1, 0], [21, 2, 1, 0], [6, 2, 0, 0], [6, 2, 0, 0], [21, 2, 1, 0], [6, 2, 0, 0], [11, 2, 1, 0], [11, 2, 1, 0]]
valid routes=0.0
norm-reward=1.108305591346672
[ 23 iterations]
real=[[28, 19, 4, 0], [10, 23, 24, 0], [27, 9, 2, 0], [26, 23, 5, 0], [4, 15, 13, 0], [9, 24, 1, 0], [11, 9, 1, 0], [14, 8, 16, 0], [10, 3, 13, 0], [15, 14, 16, 0]]
gen=[[7, 25, 15, 0], [6, 11, 27, 0], [7, 9, 15, 0], [11, 15, 15, 0], [6, 11, 27, 0], [7, 0, 15, 0], [11, 19, 15, 0], [6, 21, 27, 0], [6, 23, 27, 0], [4, 9, 22, 0]]
valid routes=0.0
norm-reward=1.1605163717181586
[ 24 iterations]
real=[[6, 8, 19, 0], [7, 16, 0, 0], [28, 15, 17, 0], [23, 14, 17, 0], [23, 2, 0, 0], [6, 3, 2, 0], [11, 25, 6, 0], [7, 0, 0, 0], [26, 16, 17, 0], [21, 14, 24, 0]]
gen=[[7, 0, 22, 0], [11, 19, 4, 0], [7, 0, 22, 0], [7, 0, 6, 0], [12, 17, 4, 0], [7, 25, 4, 0], [12, 14, 22, 0], [11, 14, 22, 0], [20, 14, 22, 0], [21, 23, 5, 0]]
valid routes=0.0
norm-reward=1.0865846535966748
[ 25 iterations]
real=[[18, 9, 5, 0], [20, 24, 28, 0], [10, 14, 22, 0], [11, 2, 13, 0], [4, 16, 0, 0], [6, 9, 2, 0], [7, 0, 0, 0], [12, 25, 5, 0], [7, 8, 27, 0], [18, 3, 16, 0]]
gen=[[20, 14, 10, 0], [20, 21, 23, 0], [21, 5, 0, 0], [20, 25, 23, 0], [6, 13, 0, 0], [20, 19, 13, 0], [11, 19, 13, 0], [7, 25, 10, 0], [21, 5, 0, 0], [11, 5, 13, 0]]
valid routes=0.0
norm-reward=1.0246242416669555
[ 26 iterations]
real=[[21, 3, 27, 0], [26, 8, 22, 0], [4, 3, 1, 0], [6, 19, 22, 0], [11, 23, 3, 0], [15, 26, 1, 0], [26, 19, 28, 0], [15, 8, 16, 0], [21, 14, 24, 0], [28, 27, 22, 0]]
gen=[[21, 5, 16, 0], [7, 11, 1, 0], [20, 21, 17, 0], [20, 11, 1, 0], [7, 11, 1, 0], [12, 14, 1, 0], [20, 21, 17, 0], [11, 5, 1, 0], [12, 14, 1, 0], [28, 2, 0, 0]]
valid routes=0.0
norm-reward=1.1162570383616388
[ 27 iterations]
real=[[12, 24, 17, 0], [7, 21, 20, 0], [11, 21, 1, 0], [24, 17, 1, 0], [11, 21, 24, 0], [16, 17, 13, 0], [11, 23, 24, 0], [20, 15, 0, 0], [4, 8, 24, 0], [28, 19, 3, 0]]
gen=[[11, 9, 3, 0], [11, 28, 20, 0], [12, 28, 11, 0], [7, 3, 22, 0], [7, 26, 22, 0], [12, 28, 0, 0], [21, 9, 3, 0], [12, 3, 0, 0], [12, 6, 0, 0], [21, 9, 3, 0]]
valid routes=0.0
norm-reward=1.0478120719923747
[ 28 iterations]
real=[[12, 26, 15, 0], [7, 11, 24, 0], [20, 8, 22, 0], [15, 9, 17, 0], [18, 14, 5, 0], [26, 9, 5, 0], [14, 9, 27, 0], [12, 25, 15, 0], [11, 2, 20, 0], [26, 8, 16, 0]]
gen=[[11, 17, 13, 0], [20, 3, 13, 0], [11, 14, 13, 0], [6, 4, 18, 0], [11, 9, 13, 0], [20, 26, 28, 0], [12, 14, 13, 0], [11, 9, 13, 0], [20, 3, 13, 0], [6, 20, 18, 0]]
valid routes=0.001
norm-reward=1.160021007564222
[ 29 iterations]
real=[[21, 5, 4, 0], [23, 0, 0, 0], [28, 24, 15, 0], [11, 14, 21, 0], [28, 27, 13, 0], [23, 9, 27, 0], [28, 27, 16, 0], [8, 3, 18, 0], [7, 15, 17, 0], [4, 9, 17, 0]]
gen=[[6, 10, 27, 0], [21, 27, 16, 0], [21, 27, 16, 0], [20, 14, 1, 0], [7, 26, 28, 0], [21, 27, 16, 0], [12, 19, 28, 0], [28, 23, 27, 0], [21, 27, 16, 0], [6, 23, 27, 0]]
valid routes=0.0
norm-reward=1.0702494291403828
[ 30 iterations]
real=[[12, 14, 8, 0], [21, 2, 17, 0], [21, 19, 13, 0], [16, 2, 1, 0], [7, 19, 5, 0], [19, 0, 0, 0], [11, 19, 20, 0], [12, 9, 5, 0], [7, 3, 4, 0], [14, 5, 22, 0]]
gen=[[6, 10, 10, 0], [21, 23, 5, 0], [20, 26, 15, 0], [7, 0, 10, 0], [11, 5, 1, 0], [7, 25, 15, 0], [21, 5, 16, 0], [20, 3, 25, 0], [20, 0, 15, 0], [12, 5, 1, 0]]
valid routes=0.0
norm-reward=1.2149718357611872
[ 31 iterations]
real=[[20, 8, 28, 0], [12, 14, 8, 0], [7, 2, 1, 0], [12, 21, 1, 0], [18, 10, 1, 0], [26, 8, 3, 0], [22, 19, 0, 0], [11, 10, 18, 0], [8, 9, 16, 0], [25, 8, 3, 0]]
gen=[[6, 10, 18, 0], [21, 19, 18, 0], [20, 26, 17, 0], [28, 2, 22, 0], [11, 5, 16, 0], [20, 3, 22, 0], [21, 19, 18, 0], [28, 19, 18, 0], [11, 5, 16, 0], [6, 19, 18, 0]]
valid routes=0.0
norm-reward=1.162147518175981
[ 32 iterations]
real=[[12, 14, 27, 0], [21, 14, 2, 0], [28, 23, 10, 0], [8, 5, 1, 0], [10, 3, 1, 0], [11, 5, 24, 0], [21, 3, 22, 0], [4, 23, 24, 0], [23, 9, 5, 0], [15, 13, 22, 0]]
gen=[[15, 2, 13, 0], [12, 14, 13, 0], [11, 21, 17, 0], [11, 2, 13, 0], [7, 3, 22, 0], [20, 3, 13, 0], [6, 10, 2, 0], [20, 26, 17, 0], [12, 0, 13, 0], [20, 26, 10, 0]]
valid routes=0.0
norm-reward=1.0873077810525533
[ 33 iterations]
real=[[28, 19, 4, 0], [10, 23, 24, 0], [27, 9, 2, 0], [26, 23, 5, 0], [4, 15, 13, 0], [9, 24, 1, 0], [11, 9, 1, 0], [14, 8, 16, 0], [10, 3, 13, 0], [15, 14, 16, 0]]
gen=[[6, 19, 1, 0], [15, 2, 13, 0], [11, 28, 4, 0], [28, 23, 13, 0], [6, 15, 0, 0], [11, 14, 13, 0], [21, 23, 13, 0], [11, 19, 4, 0], [21, 23, 2, 0], [6, 23, 23, 0]]
valid routes=0.0
norm-reward=1.1370510835449812
[ 34 iterations]
real=[[6, 8, 19, 0], [7, 16, 0, 0], [28, 15, 17, 0], [23, 14, 17, 0], [23, 2, 0, 0], [6, 3, 2, 0], [11, 25, 6, 0], [7, 0, 0, 0], [26, 16, 17, 0], [21, 14, 24, 0]]
gen=[[28, 15, 18, 0], [28, 27, 16, 0], [7, 25, 15, 0], [15, 27, 16, 0], [11, 27, 16, 0], [7, 3, 1, 0], [20, 3, 1, 0], [21, 23, 27, 0], [21, 27, 16, 0], [6, 15, 0, 0]]
valid routes=0.0
norm-reward=1.0466665647405478
[ 35 iterations]
real=[[18, 9, 5, 0], [20, 24, 28, 0], [10, 14, 22, 0], [11, 2, 13, 0], [4, 16, 0, 0], [6, 9, 2, 0], [7, 0, 0, 0], [12, 25, 5, 0], [7, 8, 27, 0], [18, 3, 16, 0]]
gen=[[11, 14, 16, 0], [11, 14, 16, 0], [11, 21, 6, 0], [12, 3, 0, 0], [6, 19, 23, 0], [7, 11, 28, 0], [12, 6, 16, 0], [7, 26, 4, 0], [11, 19, 16, 0], [7, 28, 22, 0]]
valid routes=0.0
norm-reward=1.0774469077698634
[ 36 iterations]
real=[[21, 3, 27, 0], [26, 8, 22, 0], [4, 3, 1, 0], [6, 19, 22, 0], [11, 23, 3, 0], [15, 26, 1, 0], [26, 19, 28, 0], [15, 8, 16, 0], [21, 14, 24, 0], [28, 27, 22, 0]]
gen=[[11, 6, 0, 0], [21, 27, 13, 0], [28, 2, 13, 0], [11, 14, 1, 0], [6, 10, 19, 0], [20, 26, 17, 0], [12, 21, 17, 0], [25, 27, 0, 0], [6, 19, 27, 0], [7, 26, 17, 0]]
valid routes=0.0
norm-reward=1.1049478696395187
[ 37 iterations]
real=[[12, 24, 17, 0], [7, 21, 20, 0], [11, 21, 1, 0], [24, 17, 1, 0], [11, 21, 24, 0], [16, 17, 13, 0], [11, 23, 24, 0], [20, 15, 0, 0], [4, 8, 24, 0], [28, 19, 3, 0]]
gen=[[21, 23, 13, 0], [7, 28, 28, 0], [12, 3, 1, 0], [7, 20, 3, 0], [7, 28, 28, 0], [11, 21, 16, 0], [20, 3, 1, 0], [11, 21, 23, 0], [6, 28, 28, 0], [20, 3, 1, 0]]
valid routes=0.0
norm-reward=1.0996810198367328
[ 38 iterations]
real=[[12, 26, 15, 0], [7, 11, 24, 0], [20, 8, 22, 0], [15, 9, 17, 0], [18, 14, 5, 0], [26, 9, 5, 0], [14, 9, 27, 0], [12, 25, 15, 0], [11, 2, 20, 0], [26, 8, 16, 0]]
gen=[[7, 25, 23, 0], [15, 2, 2, 0], [12, 16, 1, 0], [12, 16, 1, 0], [11, 5, 16, 0], [12, 16, 18, 0], [12, 16, 16, 0], [7, 25, 23, 0], [12, 14, 2, 0], [7, 20, 20, 0]]
valid routes=0.0
norm-reward=1.1272227728765591
[ 39 iterations]
real=[[21, 5, 4, 0], [23, 0, 0, 0], [28, 24, 15, 0], [11, 14, 21, 0], [28, 27, 13, 0], [23, 9, 27, 0], [28, 27, 16, 0], [8, 3, 18, 0], [7, 15, 17, 0], [4, 9, 17, 0]]
gen=[[12, 14, 2, 0], [20, 5, 5, 0], [6, 19, 13, 0], [21, 19, 13, 0], [20, 2, 18, 0], [7, 2, 18, 0], [6, 19, 13, 0], [20, 2, 18, 0], [21, 14, 13, 0], [11, 14, 16, 0]]
valid routes=0.001
norm-reward=1.1110783772895894
[ 40 iterations]
real=[[12, 14, 8, 0], [21, 2, 17, 0], [21, 19, 13, 0], [16, 2, 1, 0], [7, 19, 5, 0], [19, 0, 0, 0], [11, 19, 20, 0], [12, 9, 5, 0], [7, 3, 4, 0], [14, 5, 22, 0]]
gen=[[12, 21, 4, 0], [12, 14, 5, 0], [11, 14, 15, 0], [7, 3, 18, 0], [6, 23, 13, 0], [11, 19, 15, 0], [11, 21, 4, 0], [7, 11, 28, 0], [7, 25, 3, 0], [12, 14, 15, 0]]
valid routes=0.0
norm-reward=1.1487457803749892
[ 41 iterations]
real=[[20, 8, 28, 0], [12, 14, 8, 0], [7, 2, 1, 0], [12, 21, 1, 0], [18, 10, 1, 0], [26, 8, 3, 0], [22, 19, 0, 0], [11, 10, 18, 0], [8, 9, 16, 0], [25, 8, 3, 0]]
gen=[[6, 23, 5, 0], [21, 23, 13, 0], [28, 2, 16, 0], [28, 2, 18, 0], [20, 26, 4, 0], [12, 14, 15, 0], [12, 26, 1, 0], [21, 19, 0, 0], [21, 23, 13, 0], [12, 0, 0, 0]]
valid routes=0.0
norm-reward=1.094853841726899
[ 42 iterations]
real=[[12, 14, 27, 0], [21, 14, 2, 0], [28, 23, 10, 0], [8, 5, 1, 0], [10, 3, 1, 0], [11, 5, 24, 0], [21, 3, 22, 0], [4, 23, 24, 0], [23, 9, 5, 0], [15, 13, 22, 0]]
gen=[[20, 26, 23, 0], [11, 21, 17, 0], [28, 19, 0, 0], [28, 3, 22, 0], [6, 10, 28, 0], [7, 28, 28, 0], [21, 27, 10, 0], [28, 2, 13, 0], [6, 28, 15, 0], [6, 19, 0, 0]]
valid routes=0.0
norm-reward=1.070654039610333
[ 43 iterations]
real=[[28, 19, 4, 0], [10, 23, 24, 0], [27, 9, 2, 0], [26, 23, 5, 0], [4, 15, 13, 0], [9, 24, 1, 0], [11, 9, 1, 0], [14, 8, 16, 0], [10, 3, 13, 0], [15, 14, 16, 0]]
gen=[[7, 26, 17, 0], [7, 28, 15, 0], [20, 25, 3, 0], [12, 26, 22, 0], [20, 26, 23, 0], [21, 27, 1, 0], [7, 28, 28, 0], [21, 19, 13, 0], [6, 19, 0, 0], [20, 3, 18, 0]]
valid routes=0.0
norm-reward=1.093972145207294
[ 44 iterations]
real=[[6, 8, 19, 0], [7, 16, 0, 0], [28, 15, 17, 0], [23, 14, 17, 0], [23, 2, 0, 0], [6, 3, 2, 0], [11, 25, 6, 0], [7, 0, 0, 0], [26, 16, 17, 0], [21, 14, 24, 0]]
gen=[[6, 23, 27, 0], [11, 21, 6, 0], [20, 23, 13, 0], [15, 14, 16, 0], [12, 26, 23, 0], [20, 26, 4, 0], [6, 19, 15, 0], [25, 5, 16, 0], [20, 25, 28, 0], [15, 5, 1, 0]]
valid routes=0.002
norm-reward=1.083400366616292
[ 45 iterations]
real=[[18, 9, 5, 0], [20, 24, 28, 0], [10, 14, 22, 0], [11, 2, 13, 0], [4, 16, 0, 0], [6, 9, 2, 0], [7, 0, 0, 0], [12, 25, 5, 0], [7, 8, 27, 0], [18, 3, 16, 0]]
gen=[[15, 14, 2, 0], [7, 11, 15, 0], [15, 14, 2, 0], [12, 3, 18, 0], [11, 28, 4, 0], [20, 15, 2, 0], [12, 26, 22, 0], [7, 6, 19, 0], [23, 0, 0, 0], [21, 14, 1, 0]]
valid routes=0.0
norm-reward=1.1001441739260556
[ 46 iterations]
real=[[21, 3, 27, 0], [26, 8, 22, 0], [4, 3, 1, 0], [6, 19, 22, 0], [11, 23, 3, 0], [15, 26, 1, 0], [26, 19, 28, 0], [15, 8, 16, 0], [21, 14, 24, 0], [28, 27, 22, 0]]
gen=[[20, 14, 5, 0], [20, 6, 17, 0], [7, 25, 17, 0], [7, 25, 17, 0], [7, 25, 17, 0], [11, 14, 1, 0], [11, 14, 22, 0], [11, 14, 22, 0], [7, 2, 22, 0], [20, 6, 18, 0]]
valid routes=0.0
norm-reward=1.096965534656482
[ 47 iterations]
real=[[12, 24, 17, 0], [7, 21, 20, 0], [11, 21, 1, 0], [24, 17, 1, 0], [11, 21, 24, 0], [16, 17, 13, 0], [11, 23, 24, 0], [20, 15, 0, 0], [4, 8, 24, 0], [28, 19, 3, 0]]
gen=[[20, 26, 23, 0], [7, 25, 17, 0], [7, 6, 0, 0], [12, 0, 0, 0], [15, 0, 0, 0], [20, 3, 15, 0], [21, 19, 0, 0], [11, 0, 0, 0], [20, 25, 23, 0], [28, 23, 16, 0]]
valid routes=0.0
norm-reward=1.118543509468447
[ 48 iterations]
real=[[12, 26, 15, 0], [7, 11, 24, 0], [20, 8, 22, 0], [15, 9, 17, 0], [18, 14, 5, 0], [26, 9, 5, 0], [14, 9, 27, 0], [12, 25, 15, 0], [11, 2, 20, 0], [26, 8, 16, 0]]
gen=[[20, 2, 1, 0], [11, 21, 4, 0], [12, 14, 10, 0], [21, 14, 22, 0], [15, 23, 16, 0], [6, 15, 21, 0], [6, 0, 0, 0], [7, 15, 1, 0], [20, 3, 1, 0], [7, 5, 18, 0]]
valid routes=0.001
norm-reward=1.1048688820806574
[ 49 iterations]
real=[[21, 5, 4, 0], [23, 0, 0, 0], [28, 24, 15, 0], [11, 14, 21, 0], [28, 27, 13, 0], [23, 9, 27, 0], [28, 27, 16, 0], [8, 3, 18, 0], [7, 15, 17, 0], [4, 9, 17, 0]]
gen=[[12, 19, 28, 0], [7, 6, 4, 0], [6, 23, 21, 0], [20, 25, 3, 0], [20, 14, 5, 0], [15, 23, 0, 0], [21, 14, 15, 0], [20, 25, 3, 0], [12, 21, 20, 0], [7, 25, 17, 0]]
valid routes=0.001
norm-reward=1.1209102747243274
