data_file: dataset/3locations/bays29_s0_e0_md1000_ms3_random_reward_ne10000_w1000_gt1000.data
prob_file: dataset/3locations/bays29_s0_e0_md1000_ms3_random_reward.prob
read problem
[ 10 iterations]
real= [[21 16 11  0]
 [19 23  6  0]
 [24 20 13  0]
 [24 21 13  0]
 [ 9  6 15  0]]
synthesis= [[16 11  0  0]
 [ 6 23 19  0]
 [20 13 24  0]
 [13 21 24  0]
 [ 6 15  9  0]]
reward: gen=1.7150827432047866 real=2.3619614556065325
ratio=0.7261264738820081
valid: gen=0.912  real=1.0
[ 20 iterations]
real= [[16 25  1  0]
 [19 22  0  0]
 [ 7  3  1  0]
 [ 2 23  7  0]
 [ 8 23 13  0]]
synthesis= [[16 25  1  0]
 [22 19  0  0]
 [ 3  1  7  0]
 [ 2 23  7  0]
 [23 13  8  0]]
reward: gen=1.8670058504833935 real=2.383811663522026
ratio=0.7832019110624436
valid: gen=0.909  real=1.0
[ 30 iterations]
real= [[14 26  8  0]
 [21 23 12  0]
 [ 9 16 27  0]
 [14 22  6  0]
 [17 24 15  0]]
synthesis= [[ 8 26 14  0]
 [23 12 21  0]
 [16  9 27  0]
 [22 14  6  0]
 [24 15 17  0]]
reward: gen=2.004788280145239 real=2.379217956201146
ratio=0.8426248948399195
valid: gen=0.912  real=1.0
[ 40 iterations]
real= [[21 18 15  0]
 [21 24 26  0]
 [27 18 15  0]
 [28  4 15  0]
 [17 13 25  0]]
synthesis= [[21 18 15  0]
 [24 26 21  0]
 [18 27 15  0]
 [15  4 28  0]
 [17 25  0  0]]
reward: gen=2.1985848581938603 real=2.343811493922599
ratio=0.9380382611377643
valid: gen=0.897  real=1.0
[ 50 iterations]
real= [[28  0  0  0]
 [22 25 15  0]
 [ 5 22 26  0]
 [21  9 27  0]
 [ 8 21 26  0]]
synthesis= [[28  0  0  0]
 [22 25 15  0]
 [22 26  5  0]
 [21  9 27  0]
 [21 26  0  0]]
reward: gen=2.2298028311633002 real=2.375664077255482
ratio=0.9386019060991612
valid: gen=0.911  real=1.0
[ 60 iterations]
real= [[21 16 11  0]
 [19 23  6  0]
 [24 20 13  0]
 [24 21 13  0]
 [ 9  6 15  0]]
synthesis= [[21 16 11  0]
 [19 23  6  0]
 [24 20 13  0]
 [21 24  0  0]
 [ 9  6 15  0]]
reward: gen=2.28070313945665 real=2.3619614556065325
ratio=0.9655971032224081
valid: gen=0.874  real=1.0
[ 70 iterations]
real= [[16 25  1  0]
 [19 22  0  0]
 [ 7  3  1  0]
 [ 2 23  7  0]
 [ 8 23 13  0]]
synthesis= [[16 25  1  0]
 [19 22  0  0]
 [ 7  3  1  0]
 [ 7 23  2  0]
 [ 8 23 13  0]]
reward: gen=2.300444694530682 real=2.383811663522026
ratio=0.9650278710071537
valid: gen=0.907  real=1.0
[ 80 iterations]
real= [[14 26  8  0]
 [21 23 12  0]
 [ 9 16 27  0]
 [14 22  6  0]
 [17 24 15  0]]
synthesis= [[ 8 26 14  0]
 [21 12 23  0]
 [ 9 16 27  0]
 [14 22  6  0]
 [17 24 15  0]]
reward: gen=2.303404149587409 real=2.379217956201146
ratio=0.9681349888873623
valid: gen=0.925  real=1.0
[ 90 iterations]
real= [[21 18 15  0]
 [21 24 26  0]
 [27 18 15  0]
 [28  4 15  0]
 [17 13 25  0]]
synthesis= [[21 18 15  0]
 [21 24 26  0]
 [27 18 15  0]
 [15  4 28  0]
 [17 25  0  0]]
reward: gen=2.2879174178332313 real=2.343811493922599
ratio=0.9761524865654518
valid: gen=0.924  real=1.0
[ 100 iterations]
real= [[28  0  0  0]
 [22 25 15  0]
 [ 5 22 26  0]
 [21  9 27  0]
 [ 8 21 26  0]]
synthesis= [[28  0  0  0]
 [15 22 25  0]
 [22  5 26  0]
 [21  9 27  0]
 [21  8  0  0]]
reward: gen=2.323796609541354 real=2.375664077255482
ratio=0.9781671709351902
valid: gen=0.931  real=1.0
[ 110 iterations]
real= [[21 16 11  0]
 [19 23  6  0]
 [24 20 13  0]
 [24 21 13  0]
 [ 9  6 15  0]]
synthesis= [[21 16 11  0]
 [19 23  6  0]
 [20 24 13  0]
 [21 24  0  0]
 [ 9  6 15  0]]
reward: gen=2.304526935040367 real=2.3619614556065325
ratio=0.9756835487599366
valid: gen=0.913  real=1.0
[ 120 iterations]
real= [[16 25  1  0]
 [19 22  0  0]
 [ 7  3  1  0]
 [ 2 23  7  0]
 [ 8 23 13  0]]
synthesis= [[16 25  1  0]
 [19 22  0  0]
 [ 3  1  7  0]
 [ 2 23  7  0]
 [ 8 23 13  0]]
reward: gen=2.3213845661603103 real=2.383811663522026
ratio=0.9738120681608374
valid: gen=0.919  real=1.0
[ 130 iterations]
real= [[14 26  8  0]
 [21 23 12  0]
 [ 9 16 27  0]
 [14 22  6  0]
 [17 24 15  0]]
synthesis= [[14 26  8  0]
 [21 23 12  0]
 [ 9 16 27  0]
 [14 22  6  0]
 [17 24 15  0]]
reward: gen=2.336510212187877 real=2.379217956201146
ratio=0.9820496714468903
valid: gen=0.908  real=1.0
[ 140 iterations]
real= [[21 18 15  0]
 [21 24 26  0]
 [27 18 15  0]
 [28  4 15  0]
 [17 13 25  0]]
synthesis= [[21 18 15  0]
 [21 24 26  0]
 [27 18 15  0]
 [28  4 15  0]
 [17 25  0  0]]
reward: gen=2.3112468044463648 real=2.343811493922599
ratio=0.9861060970301267
valid: gen=0.903  real=1.0
[ 150 iterations]
real= [[28  0  0  0]
 [22 25 15  0]
 [ 5 22 26  0]
 [21  9 27  0]
 [ 8 21 26  0]]
synthesis= [[28  0  0  0]
 [22 25 15  0]
 [26 22  5  0]
 [21 27  0  0]
 [21 26  0  0]]
reward: gen=2.3287094059545685 real=2.375664077255482
ratio=0.9802351385659043
valid: gen=0.89  real=1.0
[ 160 iterations]
real= [[21 16 11  0]
 [19 23  6  0]
 [24 20 13  0]
 [24 21 13  0]
 [ 9  6 15  0]]
synthesis= [[21 16 11  0]
 [19 23  6  0]
 [24 20 13  0]
 [21 24  0  0]
 [ 9  6 15  0]]
reward: gen=2.337043473616763 real=2.3619614556065325
ratio=0.9894503011763286
valid: gen=0.871  real=1.0
[ 170 iterations]
real= [[16 25  1  0]
 [19 22  0  0]
 [ 7  3  1  0]
 [ 2 23  7  0]
 [ 8 23 13  0]]
synthesis= [[16 25  1  0]
 [19 22  0  0]
 [ 3  1  7  0]
 [ 2 23  7  0]
 [ 8 23 13  0]]
reward: gen=2.3496963880231188 real=2.383811663522026
ratio=0.9856887706269116
valid: gen=0.882  real=1.0
[ 180 iterations]
real= [[14 26  8  0]
 [21 23 12  0]
 [ 9 16 27  0]
 [14 22  6  0]
 [17 24 15  0]]
synthesis= [[14  8 26  0]
 [21 23 12  0]
 [27 16  9  0]
 [14 22  6  0]
 [17 24 15  0]]
reward: gen=2.3472925658603256 real=2.379217956201146
ratio=0.986581561282517
valid: gen=0.913  real=1.0
[ 190 iterations]
real= [[21 18 15  0]
 [21 24 26  0]
 [27 18 15  0]
 [28  4 15  0]
 [17 13 25  0]]
synthesis= [[21 18 15  0]
 [21 24 26  0]
 [27 18 15  0]
 [15  4 28  0]
 [17 25  0  0]]
reward: gen=2.3034144252562236 real=2.343811493922599
ratio=0.9827643695872629
valid: gen=0.902  real=1.0
[ 200 iterations]
real= [[28  0  0  0]
 [22 25 15  0]
 [ 5 22 26  0]
 [21  9 27  0]
 [ 8 21 26  0]]
synthesis= [[28  0  0  0]
 [15 22 25  0]
 [ 5 22 26  0]
 [21  9 27  0]
 [21  8  0  0]]
reward: gen=2.340697259279912 real=2.375664077255482
ratio=0.9852812448063086
valid: gen=0.91  real=1.0
[ 210 iterations]
real= [[21 16 11  0]
 [19 23  6  0]
 [24 20 13  0]
 [24 21 13  0]
 [ 9  6 15  0]]
synthesis= [[21 16 11  0]
 [19 23  6  0]
 [20 24 13  0]
 [21 24  0  0]
 [ 9  6 15  0]]
reward: gen=2.3323309930887333 real=2.3619614556065325
ratio=0.9874551456174417
valid: gen=0.897  real=1.0
[ 220 iterations]
real= [[16 25  1  0]
 [19 22  0  0]
 [ 7  3  1  0]
 [ 2 23  7  0]
 [ 8 23 13  0]]
synthesis= [[16 25  1  0]
 [19 22  0  0]
 [ 3  1  7  0]
 [ 2 23  7  0]
 [ 8 23 13  0]]
reward: gen=2.328856693943989 real=2.383811663522026
ratio=0.9769465975777456
valid: gen=0.92  real=1.0
[ 230 iterations]
real= [[14 26  8  0]
 [21 23 12  0]
 [ 9 16 27  0]
 [14 22  6  0]
 [17 24 15  0]]
synthesis= [[14 26  8  0]
 [21 23 12  0]
 [27 16  9  0]
 [14 22  6  0]
 [17 24 15  0]]
reward: gen=2.3363008856747367 real=2.379217956201146
ratio=0.9819616902207084
valid: gen=0.937  real=1.0
[ 240 iterations]
real= [[21 18 15  0]
 [21 24 26  0]
 [27 18 15  0]
 [28  4 15  0]
 [17 13 25  0]]
synthesis= [[21 18 15  0]
 [21 24 26  0]
 [27 18 15  0]
 [15  4 28  0]
 [17 25  0  0]]
reward: gen=2.3097142939849182 real=2.343811493922599
ratio=0.9854522430553424
valid: gen=0.922  real=1.0
[ 250 iterations]
real= [[28  0  0  0]
 [22 25 15  0]
 [ 5 22 26  0]
 [21  9 27  0]
 [ 8 21 26  0]]
synthesis= [[28  0  0  0]
 [22 25 15  0]
 [22  5 26  0]
 [21  9 27  0]
 [21 26  0  0]]
reward: gen=2.3405265571049125 real=2.375664077255482
ratio=0.9852093902976541
valid: gen=0.928  real=1.0
[ 260 iterations]
real= [[21 16 11  0]
 [19 23  6  0]
 [24 20 13  0]
 [24 21 13  0]
 [ 9  6 15  0]]
synthesis= [[21 16 11  0]
 [19 23  6  0]
 [24 20 13  0]
 [21 24  0  0]
 [ 9  6 15  0]]
reward: gen=2.340743854863601 real=2.3619614556065325
ratio=0.9910169572443412
valid: gen=0.904  real=1.0
[ 270 iterations]
real= [[16 25  1  0]
 [19 22  0  0]
 [ 7  3  1  0]
 [ 2 23  7  0]
 [ 8 23 13  0]]
synthesis= [[16 25  1  0]
 [19 22  0  0]
 [ 7  3  1  0]
 [ 2 23  7  0]
 [ 8 23 13  0]]
reward: gen=2.3485928720062 real=2.383811663522026
ratio=0.9852258498207904
valid: gen=0.915  real=1.0
[ 280 iterations]
real= [[14 26  8  0]
 [21 23 12  0]
 [ 9 16 27  0]
 [14 22  6  0]
 [17 24 15  0]]
synthesis= [[14 26  8  0]
 [21 23 12  0]
 [16  9 27  0]
 [14 22  6  0]
 [17 24 15  0]]
reward: gen=2.3434182766921747 real=2.379217956201146
ratio=0.9849531736192291
valid: gen=0.923  real=1.0
[ 290 iterations]
real= [[21 18 15  0]
 [21 24 26  0]
 [27 18 15  0]
 [28  4 15  0]
 [17 13 25  0]]
synthesis= [[21 18 15  0]
 [21 24 26  0]
 [27 18 15  0]
 [28  4 15  0]
 [17 25  0  0]]
reward: gen=2.322313588969884 real=2.343811493922599
ratio=0.9908278012082208
valid: gen=0.914  real=1.0
[ 300 iterations]
real= [[28  0  0  0]
 [22 25 15  0]
 [ 5 22 26  0]
 [21  9 27  0]
 [ 8 21 26  0]]
synthesis= [[28  0  0  0]
 [22 25 15  0]
 [22 26  5  0]
 [21  9 27  0]
 [21 26  0  0]]
reward: gen=2.3394267691860917 real=2.375664077255482
ratio=0.9847464511433561
valid: gen=0.922  real=1.0
[ 310 iterations]
real= [[21 16 11  0]
 [19 23  6  0]
 [24 20 13  0]
 [24 21 13  0]
 [ 9  6 15  0]]
synthesis= [[21 16 11  0]
 [19 23  6  0]
 [24 20 13  0]
 [21 24  0  0]
 [ 9  6 15  0]]
reward: gen=2.3407541087537895 real=2.3619614556065325
ratio=0.9910212985049339
valid: gen=0.902  real=1.0
[ 320 iterations]
real= [[16 25  1  0]
 [19 22  0  0]
 [ 7  3  1  0]
 [ 2 23  7  0]
 [ 8 23 13  0]]
synthesis= [[16 25  1  0]
 [19 22  0  0]
 [ 7  3  1  0]
 [ 2 23  7  0]
 [ 8 23 13  0]]
reward: gen=2.3495931424255874 real=2.383811663522026
ratio=0.9856454594882377
valid: gen=0.909  real=1.0
[ 330 iterations]
real= [[14 26  8  0]
 [21 23 12  0]
 [ 9 16 27  0]
 [14 22  6  0]
 [17 24 15  0]]
synthesis= [[14  8 26  0]
 [21 23 12  0]
 [27 16  9  0]
 [14 22  6  0]
 [17 24 15  0]]
reward: gen=2.3444857657469083 real=2.379217956201146
ratio=0.9854018458612788
valid: gen=0.918  real=1.0
[ 340 iterations]
real= [[21 18 15  0]
 [21 24 26  0]
 [27 18 15  0]
 [28  4 15  0]
 [17 13 25  0]]
synthesis= [[21 18 15  0]
 [21 24 26  0]
 [27 18 15  0]
 [28  4 15  0]
 [17 25  0  0]]
reward: gen=2.330987053394703 real=2.343811493922599
ratio=0.9945283822691589
valid: gen=0.908  real=1.0
[ 350 iterations]
real= [[28  0  0  0]
 [22 25 15  0]
 [ 5 22 26  0]
 [21  9 27  0]
 [ 8 21 26  0]]
synthesis= [[28  0  0  0]
 [22 25 15  0]
 [22  5 26  0]
 [21  9 27  0]
 [21 26  0  0]]
reward: gen=2.3546313869005373 real=2.375664077255482
ratio=0.9911466058874607
valid: gen=0.917  real=1.0
[ 360 iterations]
real= [[21 16 11  0]
 [19 23  6  0]
 [24 20 13  0]
 [24 21 13  0]
 [ 9  6 15  0]]
synthesis= [[21 16 11  0]
 [19 23  6  0]
 [20 24 13  0]
 [21 24  0  0]
 [ 9  6 15  0]]
reward: gen=2.339922027559369 real=2.3619614556065325
ratio=0.9906690145197548
valid: gen=0.893  real=1.0
[ 370 iterations]
real= [[16 25  1  0]
 [19 22  0  0]
 [ 7  3  1  0]
 [ 2 23  7  0]
 [ 8 23 13  0]]
synthesis= [[16 25  1  0]
 [19 22  0  0]
 [ 7  3  1  0]
 [ 2 23  7  0]
 [ 8 23 13  0]]
reward: gen=2.3519173202302164 real=2.383811663522026
ratio=0.9866204433093987
valid: gen=0.901  real=1.0
[ 380 iterations]
real= [[14 26  8  0]
 [21 23 12  0]
 [ 9 16 27  0]
 [14 22  6  0]
 [17 24 15  0]]
synthesis= [[14 26  8  0]
 [21 23 12  0]
 [16  9 27  0]
 [14 22  6  0]
 [17 24 15  0]]
reward: gen=2.3548949881168344 real=2.379217956201146
ratio=0.9897769063061597
valid: gen=0.922  real=1.0
[ 390 iterations]
real= [[21 18 15  0]
 [21 24 26  0]
 [27 18 15  0]
 [28  4 15  0]
 [17 13 25  0]]
synthesis= [[21 18 15  0]
 [21 24 26  0]
 [27 18 15  0]
 [15  4 28  0]
 [17 25  0  0]]
reward: gen=2.3237274372563177 real=2.343811493922599
ratio=0.991431027316677
valid: gen=0.906  real=1.0
[ 400 iterations]
real= [[28  0  0  0]
 [22 25 15  0]
 [ 5 22 26  0]
 [21  9 27  0]
 [ 8 21 26  0]]
synthesis= [[28  0  0  0]
 [22 25 15  0]
 [22  5 26  0]
 [21  9 27  0]
 [21 26  0  0]]
reward: gen=2.357962227674115 real=2.375664077255482
ratio=0.9925486731264559
valid: gen=0.92  real=1.0
[ 410 iterations]
real= [[21 16 11  0]
 [19 23  6  0]
 [24 20 13  0]
 [24 21 13  0]
 [ 9  6 15  0]]
synthesis= [[21 16 11  0]
 [19 23  6  0]
 [24 20 13  0]
 [21 24  0  0]
 [ 9  6 15  0]]
reward: gen=2.3551082893528617 real=2.3619614556065325
ratio=0.9970985274813001
valid: gen=0.887  real=1.0
[ 420 iterations]
real= [[16 25  1  0]
 [19 22  0  0]
 [ 7  3  1  0]
 [ 2 23  7  0]
 [ 8 23 13  0]]
synthesis= [[25 16  1  0]
 [19 22  0  0]
 [ 7  3  1  0]
 [ 2 23  7  0]
 [ 8 23 13  0]]
reward: gen=2.3702741902465276 real=2.383811663522026
ratio=0.9943210810305807
valid: gen=0.914  real=1.0
[ 430 iterations]
real= [[14 26  8  0]
 [21 23 12  0]
 [ 9 16 27  0]
 [14 22  6  0]
 [17 24 15  0]]
synthesis= [[14 26  8  0]
 [21 23 12  0]
 [27 16  9  0]
 [14 22  6  0]
 [17 24 15  0]]
reward: gen=2.3571962395768287 real=2.379217956201146
ratio=0.990744136506317
valid: gen=0.927  real=1.0
[ 440 iterations]
real= [[21 18 15  0]
 [21 24 26  0]
 [27 18 15  0]
 [28  4 15  0]
 [17 13 25  0]]
synthesis= [[21 18 15  0]
 [21 24 26  0]
 [27 18 15  0]
 [28  4 15  0]
 [17 25  0  0]]
reward: gen=2.327642965129098 real=2.343811493922599
ratio=0.9931016087106727
valid: gen=0.922  real=1.0
[ 450 iterations]
real= [[28  0  0  0]
 [22 25 15  0]
 [ 5 22 26  0]
 [21  9 27  0]
 [ 8 21 26  0]]
synthesis= [[28  0  0  0]
 [15 22 25  0]
 [22  5 26  0]
 [27 21  9  0]
 [ 8 21 26  0]]
reward: gen=2.3609290427115597 real=2.375664077255482
ratio=0.9937975092164776
valid: gen=0.919  real=1.0
[ 460 iterations]
real= [[21 16 11  0]
 [19 23  6  0]
 [24 20 13  0]
 [24 21 13  0]
 [ 9  6 15  0]]
synthesis= [[21 16 11  0]
 [19 23  6  0]
 [24 20 13  0]
 [21 24  0  0]
 [ 9  6 15  0]]
reward: gen=2.3528599893761335 real=2.3619614556065325
ratio=0.9961466491297751
valid: gen=0.91  real=1.0
[ 470 iterations]
real= [[16 25  1  0]
 [19 22  0  0]
 [ 7  3  1  0]
 [ 2 23  7  0]
 [ 8 23 13  0]]
synthesis= [[16 25  1  0]
 [19 22  0  0]
 [ 7  3  1  0]
 [ 2 23  7  0]
 [ 8 23 13  0]]
reward: gen=2.370390902658384 real=2.383811663522026
ratio=0.9943700414470609
valid: gen=0.932  real=1.0
[ 480 iterations]
real= [[14 26  8  0]
 [21 23 12  0]
 [ 9 16 27  0]
 [14 22  6  0]
 [17 24 15  0]]
synthesis= [[14 26  8  0]
 [21 23 12  0]
 [27 16  9  0]
 [14 22  6  0]
 [17 24 15  0]]
reward: gen=2.363640016644718 real=2.379217956201146
ratio=0.9934524958018973
valid: gen=0.939  real=1.0
[ 490 iterations]
real= [[21 18 15  0]
 [21 24 26  0]
 [27 18 15  0]
 [28  4 15  0]
 [17 13 25  0]]
synthesis= [[21 18 15  0]
 [21 24 26  0]
 [27 18 15  0]
 [28  4 15  0]
 [17 25  0  0]]
reward: gen=2.332098599390194 real=2.343811493922599
ratio=0.9950026294508856
valid: gen=0.92  real=1.0
