read problem
[ 10 iterations]
real= [[10 13  0  0  0  0  0  0  0  0  0  0  0  0  0  0  0  0  0  0  0  0  0  0]
 [ 7 26  0  0  0  0  0  0  0  0  0  0  0  0  0  0  0  0  0  0  0  0  0  0]
 [13  1  0  0  0  0  0  0  0  0  0  0  0  0  0  0  0  0  0  0  0  0  0  0]
 [11 17  0  0  0  0  0  0  0  0  0  0  0  0  0  0  0  0  0  0  0  0  0  0]
 [25 21  0  0  0  0  0  0  0  0  0  0  0  0  0  0  0  0  0  0  0  0  0  0]
 [26 23 10 18 17  9 20  5  0  0  0  0  0  0  0  0  0  0  0  0  0  0  0  0]
 [27 25  2  1  3 17  9  0  0  0  0  0  0  0  0  0  0  0  0  0  0  0  0  0]
 [15  0  0  0  0  0  0  0  0  0  0  0  0  0  0  0  0  0  0  0  0  0  0  0]
 [27 16  0  0  0  0  0  0  0  0  0  0  0  0  0  0  0  0  0  0  0  0  0  0]
 [11  1 28 10  0  0  0  0  0  0  0  0  0  0  0  0  0  0  0  0  0  0  0  0]]
gen= [[13 10  0  0  0  0  0  0  0  0  0  0  0  0  0  0  0  0  0  0  0  0  0  0]
 [ 7 26  0  0  0  0  0  0  0  0  0  0  0  0  0  0  0  0  0  0  0  0  0  0]
 [ 1 13  0  0  0  0  0  0  0  0  0  0  0  0  0  0  0  0  0  0  0  0  0  0]
 [11 17  0  0  0  0  0  0  0  0  0  0  0  0  0  0  0  0  0  0  0  0  0  0]
 [25 21  0  0  0  0  0  0  0  0  0  0  0  0  0  0  0  0  0  0  0  0  0  0]
 [20 23 17 18  0  0  0  0  0  0  0  0  0  0  0  0  0  0  0  0  0  0  0  0]
 [17 25  9  3  0  0  0  0  0  0  0  0  0  0  0  0  0  0  0  0  0  0  0  0]
 [15  0  0  0  0  0  0  0  0  0  0  0  0  0  0  0  0  0  0  0  0  0  0  0]
 [16 27  0  0  0  0  0  0  0  0  0  0  0  0  0  0  0  0  0  0  0  0  0  0]
 [ 1 10 28  0  0  0  0  0  0  0  0  0  0  0  0  0  0  0  0  0  0  0  0  0]]
valid: gen=0.517
reward: norm=0.9653577589976015
[ 20 iterations]
real= [[24  7  9 25  0  0  0  0  0  0  0  0  0  0  0  0  0  0  0  0  0  0  0  0]
 [19 24 10 25  0  0  0  0  0  0  0  0  0  0  0  0  0  0  0  0  0  0  0  0]
 [25  4  5 20 19 17 13  7  0  0  0  0  0  0  0  0  0  0  0  0  0  0  0  0]
 [26 18 14 19  2  8  5  0  0  0  0  0  0  0  0  0  0  0  0  0  0  0  0  0]
 [ 5 28  9 15  3 26  0  0  0  0  0  0  0  0  0  0  0  0  0  0  0  0  0  0]
 [ 6 21  0  0  0  0  0  0  0  0  0  0  0  0  0  0  0  0  0  0  0  0  0  0]
 [ 4 27  7 28 12  0  0  0  0  0  0  0  0  0  0  0  0  0  0  0  0  0  0  0]
 [19  1  9  0  0  0  0  0  0  0  0  0  0  0  0  0  0  0  0  0  0  0  0  0]
 [23 19  0  0  0  0  0  0  0  0  0  0  0  0  0  0  0  0  0  0  0  0  0  0]
 [20  1 22 15  8  4  0  0  0  0  0  0  0  0  0  0  0  0  0  0  0  0  0  0]]
gen= [[ 9  7 24  0  0  0  0  0  0  0  0  0  0  0  0  0  0  0  0  0  0  0  0  0]
 [25 19 24 10  0  0  0  0  0  0  0  0  0  0  0  0  0  0  0  0  0  0  0  0]
 [ 7  4 17 20  5  0  0  0  0  0  0  0  0  0  0  0  0  0  0  0  0  0  0  0]
 [ 5 18  2 19  0  0  0  0  0  0  0  0  0  0  0  0  0  0  0  0  0  0  0  0]
 [15  5  3 26  0  0  0  0  0  0  0  0  0  0  0  0  0  0  0  0  0  0  0  0]
 [21  6  0  0  0  0  0  0  0  0  0  0  0  0  0  0  0  0  0  0  0  0  0  0]
 [ 7 12  4 27 28  0  0  0  0  0  0  0  0  0  0  0  0  0  0  0  0  0  0  0]
 [ 9 19  1  0  0  0  0  0  0  0  0  0  0  0  0  0  0  0  0  0  0  0  0  0]
 [23 19  0  0  0  0  0  0  0  0  0  0  0  0  0  0  0  0  0  0  0  0  0  0]
 [22 15 20  1  4  0  0  0  0  0  0  0  0  0  0  0  0  0  0  0  0  0  0  0]]
valid: gen=0.546
reward: norm=0.9544053851517327
[ 30 iterations]
real= [[ 4  0  0  0  0  0  0  0  0  0  0  0  0  0  0  0  0  0  0  0  0  0  0  0]
 [24 14 17  0  0  0  0  0  0  0  0  0  0  0  0  0  0  0  0  0  0  0  0  0]
 [22 18 10 28  0  0  0  0  0  0  0  0  0  0  0  0  0  0  0  0  0  0  0  0]
 [27  4  1 15 24  6 12  0  0  0  0  0  0  0  0  0  0  0  0  0  0  0  0  0]
 [19 16 18  9  3  5  0  0  0  0  0  0  0  0  0  0  0  0  0  0  0  0  0  0]
 [22  8 28 26  0  0  0  0  0  0  0  0  0  0  0  0  0  0  0  0  0  0  0  0]
 [10 21  9 15  0  0  0  0  0  0  0  0  0  0  0  0  0  0  0  0  0  0  0  0]
 [18 17 19  2  8  0  0  0  0  0  0  0  0  0  0  0  0  0  0  0  0  0  0  0]
 [ 5 16  0  0  0  0  0  0  0  0  0  0  0  0  0  0  0  0  0  0  0  0  0  0]
 [10 12  0  0  0  0  0  0  0  0  0  0  0  0  0  0  0  0  0  0  0  0  0  0]]
gen= [[ 4  0  0  0  0  0  0  0  0  0  0  0  0  0  0  0  0  0  0  0  0  0  0  0]
 [24 17 14  0  0  0  0  0  0  0  0  0  0  0  0  0  0  0  0  0  0  0  0  0]
 [22 28 18  0  0  0  0  0  0  0  0  0  0  0  0  0  0  0  0  0  0  0  0  0]
 [ 1 15 12  0  0  0  0  0  0  0  0  0  0  0  0  0  0  0  0  0  0  0  0  0]
 [ 5  9 16  0  0  0  0  0  0  0  0  0  0  0  0  0  0  0  0  0  0  0  0  0]
 [22 26 28  0  0  0  0  0  0  0  0  0  0  0  0  0  0  0  0  0  0  0  0  0]
 [ 9 21 10  0  0  0  0  0  0  0  0  0  0  0  0  0  0  0  0  0  0  0  0  0]
 [ 2 17 19  0  0  0  0  0  0  0  0  0  0  0  0  0  0  0  0  0  0  0  0  0]
 [ 5 16  0  0  0  0  0  0  0  0  0  0  0  0  0  0  0  0  0  0  0  0  0  0]
 [10 12  0  0  0  0  0  0  0  0  0  0  0  0  0  0  0  0  0  0  0  0  0  0]]
valid: gen=0.422
reward: norm=0.9476587129517221
[ 40 iterations]
real= [[12  6 22  0  0  0  0  0  0  0  0  0  0  0  0  0  0  0  0  0  0  0  0  0]
 [24 17  3 11  0  0  0  0  0  0  0  0  0  0  0  0  0  0  0  0  0  0  0  0]
 [20 28  0  0  0  0  0  0  0  0  0  0  0  0  0  0  0  0  0  0  0  0  0  0]
 [25  4 28 18  3  0  0  0  0  0  0  0  0  0  0  0  0  0  0  0  0  0  0  0]
 [20  8  3 18 24  5  0  0  0  0  0  0  0  0  0  0  0  0  0  0  0  0  0  0]
 [11 12  9 26  0  0  0  0  0  0  0  0  0  0  0  0  0  0  0  0  0  0  0  0]
 [ 7 26  0  0  0  0  0  0  0  0  0  0  0  0  0  0  0  0  0  0  0  0  0  0]
 [ 5  4 16 15  0  0  0  0  0  0  0  0  0  0  0  0  0  0  0  0  0  0  0  0]
 [12  6 21 23  0  0  0  0  0  0  0  0  0  0  0  0  0  0  0  0  0  0  0  0]
 [10  6 26  0  0  0  0  0  0  0  0  0  0  0  0  0  0  0  0  0  0  0  0  0]]
gen= [[22 12  6  0  0  0  0  0  0  0  0  0  0  0  0  0  0  0  0  0  0  0  0  0]
 [17 24 11  0  0  0  0  0  0  0  0  0  0  0  0  0  0  0  0  0  0  0  0  0]
 [20 28  0  0  0  0  0  0  0  0  0  0  0  0  0  0  0  0  0  0  0  0  0  0]
 [ 4 18 25 28  0  0  0  0  0  0  0  0  0  0  0  0  0  0  0  0  0  0  0  0]
 [20  5 24 18  3  0  0  0  0  0  0  0  0  0  0  0  0  0  0  0  0  0  0  0]
 [ 9 26 12  0  0  0  0  0  0  0  0  0  0  0  0  0  0  0  0  0  0  0  0  0]
 [ 7 26  0  0  0  0  0  0  0  0  0  0  0  0  0  0  0  0  0  0  0  0  0  0]
 [ 5  4 15 16  0  0  0  0  0  0  0  0  0  0  0  0  0  0  0  0  0  0  0  0]
 [21 23 12  0  0  0  0  0  0  0  0  0  0  0  0  0  0  0  0  0  0  0  0  0]
 [26  6 10  0  0  0  0  0  0  0  0  0  0  0  0  0  0  0  0  0  0  0  0  0]]
valid: gen=0.567
reward: norm=0.9534741690779741
[ 50 iterations]
real= [[25 13  9 26 15  0  0  0  0  0  0  0  0  0  0  0  0  0  0  0  0  0  0  0]
 [11 21  0  0  0  0  0  0  0  0  0  0  0  0  0  0  0  0  0  0  0  0  0  0]
 [ 5 24  1 20  0  0  0  0  0  0  0  0  0  0  0  0  0  0  0  0  0  0  0  0]
 [20  8 10 26  0  0  0  0  0  0  0  0  0  0  0  0  0  0  0  0  0  0  0  0]
 [14 27  7  1  0  0  0  0  0  0  0  0  0  0  0  0  0  0  0  0  0  0  0  0]
 [27 20 25 28 17 16 18 12  0  0  0  0  0  0  0  0  0  0  0  0  0  0  0  0]
 [28 25  4  5  1 18 22 23  0  0  0  0  0  0  0  0  0  0  0  0  0  0  0  0]
 [ 4  0  0  0  0  0  0  0  0  0  0  0  0  0  0  0  0  0  0  0  0  0  0  0]
 [20 12 16 23  0  0  0  0  0  0  0  0  0  0  0  0  0  0  0  0  0  0  0  0]
 [11 12 10  0  0  0  0  0  0  0  0  0  0  0  0  0  0  0  0  0  0  0  0  0]]
gen= [[ 9 26 13 15  0  0  0  0  0  0  0  0  0  0  0  0  0  0  0  0  0  0  0  0]
 [21 11  0  0  0  0  0  0  0  0  0  0  0  0  0  0  0  0  0  0  0  0  0  0]
 [20  5  1 24  0  0  0  0  0  0  0  0  0  0  0  0  0  0  0  0  0  0  0  0]
 [20 26  8  0  0  0  0  0  0  0  0  0  0  0  0  0  0  0  0  0  0  0  0  0]
 [ 7  1 27 14  0  0  0  0  0  0  0  0  0  0  0  0  0  0  0  0  0  0  0  0]
 [17 20 18 12 27  0  0  0  0  0  0  0  0  0  0  0  0  0  0  0  0  0  0  0]
 [22 23  1  5 25  4  0  0  0  0  0  0  0  0  0  0  0  0  0  0  0  0  0  0]
 [ 4  0  0  0  0  0  0  0  0  0  0  0  0  0  0  0  0  0  0  0  0  0  0  0]
 [20 23 16 12  0  0  0  0  0  0  0  0  0  0  0  0  0  0  0  0  0  0  0  0]
 [10 12 11  0  0  0  0  0  0  0  0  0  0  0  0  0  0  0  0  0  0  0  0  0]]
valid: gen=0.581
reward: norm=0.9506288901059177
[ 60 iterations]
real= [[10 13  0  0  0  0  0  0  0  0  0  0  0  0  0  0  0  0  0  0  0  0  0  0]
 [ 7 26  0  0  0  0  0  0  0  0  0  0  0  0  0  0  0  0  0  0  0  0  0  0]
 [13  1  0  0  0  0  0  0  0  0  0  0  0  0  0  0  0  0  0  0  0  0  0  0]
 [11 17  0  0  0  0  0  0  0  0  0  0  0  0  0  0  0  0  0  0  0  0  0  0]
 [25 21  0  0  0  0  0  0  0  0  0  0  0  0  0  0  0  0  0  0  0  0  0  0]
 [26 23 10 18 17  9 20  5  0  0  0  0  0  0  0  0  0  0  0  0  0  0  0  0]
 [27 25  2  1  3 17  9  0  0  0  0  0  0  0  0  0  0  0  0  0  0  0  0  0]
 [15  0  0  0  0  0  0  0  0  0  0  0  0  0  0  0  0  0  0  0  0  0  0  0]
 [27 16  0  0  0  0  0  0  0  0  0  0  0  0  0  0  0  0  0  0  0  0  0  0]
 [11  1 28 10  0  0  0  0  0  0  0  0  0  0  0  0  0  0  0  0  0  0  0  0]]
gen= [[13 10  0  0  0  0  0  0  0  0  0  0  0  0  0  0  0  0  0  0  0  0  0  0]
 [ 7 26  0  0  0  0  0  0  0  0  0  0  0  0  0  0  0  0  0  0  0  0  0  0]
 [ 1 13  0  0  0  0  0  0  0  0  0  0  0  0  0  0  0  0  0  0  0  0  0  0]
 [17 11  0  0  0  0  0  0  0  0  0  0  0  0  0  0  0  0  0  0  0  0  0  0]
 [21 25  0  0  0  0  0  0  0  0  0  0  0  0  0  0  0  0  0  0  0  0  0  0]
 [23 17  5 26  0  0  0  0  0  0  0  0  0  0  0  0  0  0  0  0  0  0  0  0]
 [17  9  1 27  0  0  0  0  0  0  0  0  0  0  0  0  0  0  0  0  0  0  0  0]
 [15  0  0  0  0  0  0  0  0  0  0  0  0  0  0  0  0  0  0  0  0  0  0  0]
 [27 16  0  0  0  0  0  0  0  0  0  0  0  0  0  0  0  0  0  0  0  0  0  0]
 [ 1 10 11  0  0  0  0  0  0  0  0  0  0  0  0  0  0  0  0  0  0  0  0  0]]
valid: gen=0.499
reward: norm=0.9571595990523748
[ 70 iterations]
real= [[24  7  9 25  0  0  0  0  0  0  0  0  0  0  0  0  0  0  0  0  0  0  0  0]
 [19 24 10 25  0  0  0  0  0  0  0  0  0  0  0  0  0  0  0  0  0  0  0  0]
 [25  4  5 20 19 17 13  7  0  0  0  0  0  0  0  0  0  0  0  0  0  0  0  0]
 [26 18 14 19  2  8  5  0  0  0  0  0  0  0  0  0  0  0  0  0  0  0  0  0]
 [ 5 28  9 15  3 26  0  0  0  0  0  0  0  0  0  0  0  0  0  0  0  0  0  0]
 [ 6 21  0  0  0  0  0  0  0  0  0  0  0  0  0  0  0  0  0  0  0  0  0  0]
 [ 4 27  7 28 12  0  0  0  0  0  0  0  0  0  0  0  0  0  0  0  0  0  0  0]
 [19  1  9  0  0  0  0  0  0  0  0  0  0  0  0  0  0  0  0  0  0  0  0  0]
 [23 19  0  0  0  0  0  0  0  0  0  0  0  0  0  0  0  0  0  0  0  0  0  0]
 [20  1 22 15  8  4  0  0  0  0  0  0  0  0  0  0  0  0  0  0  0  0  0  0]]
gen= [[ 9  7 24  0  0  0  0  0  0  0  0  0  0  0  0  0  0  0  0  0  0  0  0  0]
 [24 10 25  0  0  0  0  0  0  0  0  0  0  0  0  0  0  0  0  0  0  0  0  0]
 [ 7 17 20  5 25  0  0  0  0  0  0  0  0  0  0  0  0  0  0  0  0  0  0  0]
 [26  5 18 19 14  0  0  0  0  0  0  0  0  0  0  0  0  0  0  0  0  0  0  0]
 [ 9 26  5 15  0  0  0  0  0  0  0  0  0  0  0  0  0  0  0  0  0  0  0  0]
 [21  6  0  0  0  0  0  0  0  0  0  0  0  0  0  0  0  0  0  0  0  0  0  0]
 [ 7 27 12  4 28  0  0  0  0  0  0  0  0  0  0  0  0  0  0  0  0  0  0  0]
 [ 9  1 19  0  0  0  0  0  0  0  0  0  0  0  0  0  0  0  0  0  0  0  0  0]
 [23 19  0  0  0  0  0  0  0  0  0  0  0  0  0  0  0  0  0  0  0  0  0  0]
 [ 1 22 20  4  8  0  0  0  0  0  0  0  0  0  0  0  0  0  0  0  0  0  0  0]]
valid: gen=0.56
reward: norm=0.9499890201434187
[ 80 iterations]
real= [[ 4  0  0  0  0  0  0  0  0  0  0  0  0  0  0  0  0  0  0  0  0  0  0  0]
 [24 14 17  0  0  0  0  0  0  0  0  0  0  0  0  0  0  0  0  0  0  0  0  0]
 [22 18 10 28  0  0  0  0  0  0  0  0  0  0  0  0  0  0  0  0  0  0  0  0]
 [27  4  1 15 24  6 12  0  0  0  0  0  0  0  0  0  0  0  0  0  0  0  0  0]
 [19 16 18  9  3  5  0  0  0  0  0  0  0  0  0  0  0  0  0  0  0  0  0  0]
 [22  8 28 26  0  0  0  0  0  0  0  0  0  0  0  0  0  0  0  0  0  0  0  0]
 [10 21  9 15  0  0  0  0  0  0  0  0  0  0  0  0  0  0  0  0  0  0  0  0]
 [18 17 19  2  8  0  0  0  0  0  0  0  0  0  0  0  0  0  0  0  0  0  0  0]
 [ 5 16  0  0  0  0  0  0  0  0  0  0  0  0  0  0  0  0  0  0  0  0  0  0]
 [10 12  0  0  0  0  0  0  0  0  0  0  0  0  0  0  0  0  0  0  0  0  0  0]]
gen= [[ 4  0  0  0  0  0  0  0  0  0  0  0  0  0  0  0  0  0  0  0  0  0  0  0]
 [17 24 14  0  0  0  0  0  0  0  0  0  0  0  0  0  0  0  0  0  0  0  0  0]
 [22 18 28  0  0  0  0  0  0  0  0  0  0  0  0  0  0  0  0  0  0  0  0  0]
 [15  1 24  0  0  0  0  0  0  0  0  0  0  0  0  0  0  0  0  0  0  0  0  0]
 [ 9  5 19  0  0  0  0  0  0  0  0  0  0  0  0  0  0  0  0  0  0  0  0  0]
 [22 26  8  0  0  0  0  0  0  0  0  0  0  0  0  0  0  0  0  0  0  0  0  0]
 [21  9 10  0  0  0  0  0  0  0  0  0  0  0  0  0  0  0  0  0  0  0  0  0]
 [17 18 19  0  0  0  0  0  0  0  0  0  0  0  0  0  0  0  0  0  0  0  0  0]
 [ 5 16  0  0  0  0  0  0  0  0  0  0  0  0  0  0  0  0  0  0  0  0  0  0]
 [12 10  0  0  0  0  0  0  0  0  0  0  0  0  0  0  0  0  0  0  0  0  0  0]]
valid: gen=0.426
reward: norm=0.9479427517894572
[ 90 iterations]
real= [[12  6 22  0  0  0  0  0  0  0  0  0  0  0  0  0  0  0  0  0  0  0  0  0]
 [24 17  3 11  0  0  0  0  0  0  0  0  0  0  0  0  0  0  0  0  0  0  0  0]
 [20 28  0  0  0  0  0  0  0  0  0  0  0  0  0  0  0  0  0  0  0  0  0  0]
 [25  4 28 18  3  0  0  0  0  0  0  0  0  0  0  0  0  0  0  0  0  0  0  0]
 [20  8  3 18 24  5  0  0  0  0  0  0  0  0  0  0  0  0  0  0  0  0  0  0]
 [11 12  9 26  0  0  0  0  0  0  0  0  0  0  0  0  0  0  0  0  0  0  0  0]
 [ 7 26  0  0  0  0  0  0  0  0  0  0  0  0  0  0  0  0  0  0  0  0  0  0]
 [ 5  4 16 15  0  0  0  0  0  0  0  0  0  0  0  0  0  0  0  0  0  0  0  0]
 [12  6 21 23  0  0  0  0  0  0  0  0  0  0  0  0  0  0  0  0  0  0  0  0]
 [10  6 26  0  0  0  0  0  0  0  0  0  0  0  0  0  0  0  0  0  0  0  0  0]]
gen= [[22 12  6  0  0  0  0  0  0  0  0  0  0  0  0  0  0  0  0  0  0  0  0  0]
 [17 24  3 11  0  0  0  0  0  0  0  0  0  0  0  0  0  0  0  0  0  0  0  0]
 [20 28  0  0  0  0  0  0  0  0  0  0  0  0  0  0  0  0  0  0  0  0  0  0]
 [28 25 18  3  4  0  0  0  0  0  0  0  0  0  0  0  0  0  0  0  0  0  0  0]
 [20  5 24 18  8  0  0  0  0  0  0  0  0  0  0  0  0  0  0  0  0  0  0  0]
 [26  9 12  0  0  0  0  0  0  0  0  0  0  0  0  0  0  0  0  0  0  0  0  0]
 [ 7 26  0  0  0  0  0  0  0  0  0  0  0  0  0  0  0  0  0  0  0  0  0  0]
 [ 5 15  4  0  0  0  0  0  0  0  0  0  0  0  0  0  0  0  0  0  0  0  0  0]
 [23 21 12  0  0  0  0  0  0  0  0  0  0  0  0  0  0  0  0  0  0  0  0  0]
 [26 10  6  0  0  0  0  0  0  0  0  0  0  0  0  0  0  0  0  0  0  0  0  0]]
valid: gen=0.557
reward: norm=0.9531003010806612
[ 100 iterations]
real= [[25 13  9 26 15  0  0  0  0  0  0  0  0  0  0  0  0  0  0  0  0  0  0  0]
 [11 21  0  0  0  0  0  0  0  0  0  0  0  0  0  0  0  0  0  0  0  0  0  0]
 [ 5 24  1 20  0  0  0  0  0  0  0  0  0  0  0  0  0  0  0  0  0  0  0  0]
 [20  8 10 26  0  0  0  0  0  0  0  0  0  0  0  0  0  0  0  0  0  0  0  0]
 [14 27  7  1  0  0  0  0  0  0  0  0  0  0  0  0  0  0  0  0  0  0  0  0]
 [27 20 25 28 17 16 18 12  0  0  0  0  0  0  0  0  0  0  0  0  0  0  0  0]
 [28 25  4  5  1 18 22 23  0  0  0  0  0  0  0  0  0  0  0  0  0  0  0  0]
 [ 4  0  0  0  0  0  0  0  0  0  0  0  0  0  0  0  0  0  0  0  0  0  0  0]
 [20 12 16 23  0  0  0  0  0  0  0  0  0  0  0  0  0  0  0  0  0  0  0  0]
 [11 12 10  0  0  0  0  0  0  0  0  0  0  0  0  0  0  0  0  0  0  0  0  0]]
gen= [[26 15 13  9 25  0  0  0  0  0  0  0  0  0  0  0  0  0  0  0  0  0  0  0]
 [21 11  0  0  0  0  0  0  0  0  0  0  0  0  0  0  0  0  0  0  0  0  0  0]
 [ 5  1 20 24  0  0  0  0  0  0  0  0  0  0  0  0  0  0  0  0  0  0  0  0]
 [20 26  0  0  0  0  0  0  0  0  0  0  0  0  0  0  0  0  0  0  0  0  0  0]
 [ 7 27  1 14  0  0  0  0  0  0  0  0  0  0  0  0  0  0  0  0  0  0  0  0]
 [17 20 25 12  0  0  0  0  0  0  0  0  0  0  0  0  0  0  0  0  0  0  0  0]
 [22  1 23 25  4  0  0  0  0  0  0  0  0  0  0  0  0  0  0  0  0  0  0  0]
 [ 4  0  0  0  0  0  0  0  0  0  0  0  0  0  0  0  0  0  0  0  0  0  0  0]
 [23 20 16 12  0  0  0  0  0  0  0  0  0  0  0  0  0  0  0  0  0  0  0  0]
 [11 10 12  0  0  0  0  0  0  0  0  0  0  0  0  0  0  0  0  0  0  0  0  0]]
valid: gen=0.576
reward: norm=0.9513243163699295
[ 110 iterations]
real= [[10 13  0  0  0  0  0  0  0  0  0  0  0  0  0  0  0  0  0  0  0  0  0  0]
 [ 7 26  0  0  0  0  0  0  0  0  0  0  0  0  0  0  0  0  0  0  0  0  0  0]
 [13  1  0  0  0  0  0  0  0  0  0  0  0  0  0  0  0  0  0  0  0  0  0  0]
 [11 17  0  0  0  0  0  0  0  0  0  0  0  0  0  0  0  0  0  0  0  0  0  0]
 [25 21  0  0  0  0  0  0  0  0  0  0  0  0  0  0  0  0  0  0  0  0  0  0]
 [26 23 10 18 17  9 20  5  0  0  0  0  0  0  0  0  0  0  0  0  0  0  0  0]
 [27 25  2  1  3 17  9  0  0  0  0  0  0  0  0  0  0  0  0  0  0  0  0  0]
 [15  0  0  0  0  0  0  0  0  0  0  0  0  0  0  0  0  0  0  0  0  0  0  0]
 [27 16  0  0  0  0  0  0  0  0  0  0  0  0  0  0  0  0  0  0  0  0  0  0]
 [11  1 28 10  0  0  0  0  0  0  0  0  0  0  0  0  0  0  0  0  0  0  0  0]]
gen= [[13 10  0  0  0  0  0  0  0  0  0  0  0  0  0  0  0  0  0  0  0  0  0  0]
 [ 7 26  0  0  0  0  0  0  0  0  0  0  0  0  0  0  0  0  0  0  0  0  0  0]
 [ 1 13  0  0  0  0  0  0  0  0  0  0  0  0  0  0  0  0  0  0  0  0  0  0]
 [17 11  0  0  0  0  0  0  0  0  0  0  0  0  0  0  0  0  0  0  0  0  0  0]
 [21 25  0  0  0  0  0  0  0  0  0  0  0  0  0  0  0  0  0  0  0  0  0  0]
 [17 20 23 26  0  0  0  0  0  0  0  0  0  0  0  0  0  0  0  0  0  0  0  0]
 [17  9  1 27  0  0  0  0  0  0  0  0  0  0  0  0  0  0  0  0  0  0  0  0]
 [15  0  0  0  0  0  0  0  0  0  0  0  0  0  0  0  0  0  0  0  0  0  0  0]
 [27 16  0  0  0  0  0  0  0  0  0  0  0  0  0  0  0  0  0  0  0  0  0  0]
 [ 1 10 28  0  0  0  0  0  0  0  0  0  0  0  0  0  0  0  0  0  0  0  0  0]]
valid: gen=0.509
reward: norm=0.9566617658119886
[ 120 iterations]
real= [[24  7  9 25  0  0  0  0  0  0  0  0  0  0  0  0  0  0  0  0  0  0  0  0]
 [19 24 10 25  0  0  0  0  0  0  0  0  0  0  0  0  0  0  0  0  0  0  0  0]
 [25  4  5 20 19 17 13  7  0  0  0  0  0  0  0  0  0  0  0  0  0  0  0  0]
 [26 18 14 19  2  8  5  0  0  0  0  0  0  0  0  0  0  0  0  0  0  0  0  0]
 [ 5 28  9 15  3 26  0  0  0  0  0  0  0  0  0  0  0  0  0  0  0  0  0  0]
 [ 6 21  0  0  0  0  0  0  0  0  0  0  0  0  0  0  0  0  0  0  0  0  0  0]
 [ 4 27  7 28 12  0  0  0  0  0  0  0  0  0  0  0  0  0  0  0  0  0  0  0]
 [19  1  9  0  0  0  0  0  0  0  0  0  0  0  0  0  0  0  0  0  0  0  0  0]
 [23 19  0  0  0  0  0  0  0  0  0  0  0  0  0  0  0  0  0  0  0  0  0  0]
 [20  1 22 15  8  4  0  0  0  0  0  0  0  0  0  0  0  0  0  0  0  0  0  0]]
gen= [[ 7  9 25  0  0  0  0  0  0  0  0  0  0  0  0  0  0  0  0  0  0  0  0  0]
 [24 25 19  0  0  0  0  0  0  0  0  0  0  0  0  0  0  0  0  0  0  0  0  0]
 [ 7 17 20  5 25  0  0  0  0  0  0  0  0  0  0  0  0  0  0  0  0  0  0  0]
 [26 19  5 18 14  0  0  0  0  0  0  0  0  0  0  0  0  0  0  0  0  0  0  0]
 [ 5  9 26  3 15  0  0  0  0  0  0  0  0  0  0  0  0  0  0  0  0  0  0  0]
 [21  6  0  0  0  0  0  0  0  0  0  0  0  0  0  0  0  0  0  0  0  0  0  0]
 [ 7 12 28 27  4  0  0  0  0  0  0  0  0  0  0  0  0  0  0  0  0  0  0  0]
 [ 1  9 19  0  0  0  0  0  0  0  0  0  0  0  0  0  0  0  0  0  0  0  0  0]
 [23 19  0  0  0  0  0  0  0  0  0  0  0  0  0  0  0  0  0  0  0  0  0  0]
 [22  1 20  4  8  0  0  0  0  0  0  0  0  0  0  0  0  0  0  0  0  0  0  0]]
valid: gen=0.554
reward: norm=0.9492243029739054
[ 130 iterations]
real= [[ 4  0  0  0  0  0  0  0  0  0  0  0  0  0  0  0  0  0  0  0  0  0  0  0]
 [24 14 17  0  0  0  0  0  0  0  0  0  0  0  0  0  0  0  0  0  0  0  0  0]
 [22 18 10 28  0  0  0  0  0  0  0  0  0  0  0  0  0  0  0  0  0  0  0  0]
 [27  4  1 15 24  6 12  0  0  0  0  0  0  0  0  0  0  0  0  0  0  0  0  0]
 [19 16 18  9  3  5  0  0  0  0  0  0  0  0  0  0  0  0  0  0  0  0  0  0]
 [22  8 28 26  0  0  0  0  0  0  0  0  0  0  0  0  0  0  0  0  0  0  0  0]
 [10 21  9 15  0  0  0  0  0  0  0  0  0  0  0  0  0  0  0  0  0  0  0  0]
 [18 17 19  2  8  0  0  0  0  0  0  0  0  0  0  0  0  0  0  0  0  0  0  0]
 [ 5 16  0  0  0  0  0  0  0  0  0  0  0  0  0  0  0  0  0  0  0  0  0  0]
 [10 12  0  0  0  0  0  0  0  0  0  0  0  0  0  0  0  0  0  0  0  0  0  0]]
gen= [[ 4  0  0  0  0  0  0  0  0  0  0  0  0  0  0  0  0  0  0  0  0  0  0  0]
 [17 24 14  0  0  0  0  0  0  0  0  0  0  0  0  0  0  0  0  0  0  0  0  0]
 [22 18 28  0  0  0  0  0  0  0  0  0  0  0  0  0  0  0  0  0  0  0  0  0]
 [ 1 12 24  0  0  0  0  0  0  0  0  0  0  0  0  0  0  0  0  0  0  0  0  0]
 [ 5  9 16  0  0  0  0  0  0  0  0  0  0  0  0  0  0  0  0  0  0  0  0  0]
 [22 26 28  0  0  0  0  0  0  0  0  0  0  0  0  0  0  0  0  0  0  0  0  0]
 [21  9 10  0  0  0  0  0  0  0  0  0  0  0  0  0  0  0  0  0  0  0  0  0]
 [17 19 18  0  0  0  0  0  0  0  0  0  0  0  0  0  0  0  0  0  0  0  0  0]
 [ 5 16  0  0  0  0  0  0  0  0  0  0  0  0  0  0  0  0  0  0  0  0  0  0]
 [10 12  0  0  0  0  0  0  0  0  0  0  0  0  0  0  0  0  0  0  0  0  0  0]]
valid: gen=0.424
reward: norm=0.9474064221825749
[ 140 iterations]
real= [[12  6 22  0  0  0  0  0  0  0  0  0  0  0  0  0  0  0  0  0  0  0  0  0]
 [24 17  3 11  0  0  0  0  0  0  0  0  0  0  0  0  0  0  0  0  0  0  0  0]
 [20 28  0  0  0  0  0  0  0  0  0  0  0  0  0  0  0  0  0  0  0  0  0  0]
 [25  4 28 18  3  0  0  0  0  0  0  0  0  0  0  0  0  0  0  0  0  0  0  0]
 [20  8  3 18 24  5  0  0  0  0  0  0  0  0  0  0  0  0  0  0  0  0  0  0]
 [11 12  9 26  0  0  0  0  0  0  0  0  0  0  0  0  0  0  0  0  0  0  0  0]
 [ 7 26  0  0  0  0  0  0  0  0  0  0  0  0  0  0  0  0  0  0  0  0  0  0]
 [ 5  4 16 15  0  0  0  0  0  0  0  0  0  0  0  0  0  0  0  0  0  0  0  0]
 [12  6 21 23  0  0  0  0  0  0  0  0  0  0  0  0  0  0  0  0  0  0  0  0]
 [10  6 26  0  0  0  0  0  0  0  0  0  0  0  0  0  0  0  0  0  0  0  0  0]]
gen= [[22 12  6  0  0  0  0  0  0  0  0  0  0  0  0  0  0  0  0  0  0  0  0  0]
 [17 24 11  0  0  0  0  0  0  0  0  0  0  0  0  0  0  0  0  0  0  0  0  0]
 [20 28  0  0  0  0  0  0  0  0  0  0  0  0  0  0  0  0  0  0  0  0  0  0]
 [ 4  3 25 28  0  0  0  0  0  0  0  0  0  0  0  0  0  0  0  0  0  0  0  0]
 [20  5 18 24  8  0  0  0  0  0  0  0  0  0  0  0  0  0  0  0  0  0  0  0]
 [26  9 12  0  0  0  0  0  0  0  0  0  0  0  0  0  0  0  0  0  0  0  0  0]
 [26  7  0  0  0  0  0  0  0  0  0  0  0  0  0  0  0  0  0  0  0  0  0  0]
 [ 5 15 16  4  0  0  0  0  0  0  0  0  0  0  0  0  0  0  0  0  0  0  0  0]
 [21 23 12  0  0  0  0  0  0  0  0  0  0  0  0  0  0  0  0  0  0  0  0  0]
 [26 10  6  0  0  0  0  0  0  0  0  0  0  0  0  0  0  0  0  0  0  0  0  0]]
valid: gen=0.556
reward: norm=0.9529712815846606
[ 150 iterations]
real= [[25 13  9 26 15  0  0  0  0  0  0  0  0  0  0  0  0  0  0  0  0  0  0  0]
 [11 21  0  0  0  0  0  0  0  0  0  0  0  0  0  0  0  0  0  0  0  0  0  0]
 [ 5 24  1 20  0  0  0  0  0  0  0  0  0  0  0  0  0  0  0  0  0  0  0  0]
 [20  8 10 26  0  0  0  0  0  0  0  0  0  0  0  0  0  0  0  0  0  0  0  0]
 [14 27  7  1  0  0  0  0  0  0  0  0  0  0  0  0  0  0  0  0  0  0  0  0]
 [27 20 25 28 17 16 18 12  0  0  0  0  0  0  0  0  0  0  0  0  0  0  0  0]
 [28 25  4  5  1 18 22 23  0  0  0  0  0  0  0  0  0  0  0  0  0  0  0  0]
 [ 4  0  0  0  0  0  0  0  0  0  0  0  0  0  0  0  0  0  0  0  0  0  0  0]
 [20 12 16 23  0  0  0  0  0  0  0  0  0  0  0  0  0  0  0  0  0  0  0  0]
 [11 12 10  0  0  0  0  0  0  0  0  0  0  0  0  0  0  0  0  0  0  0  0  0]]
gen= [[ 9 26 13 15  0  0  0  0  0  0  0  0  0  0  0  0  0  0  0  0  0  0  0  0]
 [21 11  0  0  0  0  0  0  0  0  0  0  0  0  0  0  0  0  0  0  0  0  0  0]
 [ 5 20  1 24  0  0  0  0  0  0  0  0  0  0  0  0  0  0  0  0  0  0  0  0]
 [20 26  8  0  0  0  0  0  0  0  0  0  0  0  0  0  0  0  0  0  0  0  0  0]
 [ 7 14  1 27  0  0  0  0  0  0  0  0  0  0  0  0  0  0  0  0  0  0  0  0]
 [20 17 25 27  0  0  0  0  0  0  0  0  0  0  0  0  0  0  0  0  0  0  0  0]
 [22 23  1 25  4  5  0  0  0  0  0  0  0  0  0  0  0  0  0  0  0  0  0  0]
 [ 4  0  0  0  0  0  0  0  0  0  0  0  0  0  0  0  0  0  0  0  0  0  0  0]
 [23 20 16 12  0  0  0  0  0  0  0  0  0  0  0  0  0  0  0  0  0  0  0  0]
 [12 11 10  0  0  0  0  0  0  0  0  0  0  0  0  0  0  0  0  0  0  0  0  0]]
valid: gen=0.584
reward: norm=0.9496987299352205
[ 160 iterations]
real= [[10 13  0  0  0  0  0  0  0  0  0  0  0  0  0  0  0  0  0  0  0  0  0  0]
 [ 7 26  0  0  0  0  0  0  0  0  0  0  0  0  0  0  0  0  0  0  0  0  0  0]
 [13  1  0  0  0  0  0  0  0  0  0  0  0  0  0  0  0  0  0  0  0  0  0  0]
 [11 17  0  0  0  0  0  0  0  0  0  0  0  0  0  0  0  0  0  0  0  0  0  0]
 [25 21  0  0  0  0  0  0  0  0  0  0  0  0  0  0  0  0  0  0  0  0  0  0]
 [26 23 10 18 17  9 20  5  0  0  0  0  0  0  0  0  0  0  0  0  0  0  0  0]
 [27 25  2  1  3 17  9  0  0  0  0  0  0  0  0  0  0  0  0  0  0  0  0  0]
 [15  0  0  0  0  0  0  0  0  0  0  0  0  0  0  0  0  0  0  0  0  0  0  0]
 [27 16  0  0  0  0  0  0  0  0  0  0  0  0  0  0  0  0  0  0  0  0  0  0]
 [11  1 28 10  0  0  0  0  0  0  0  0  0  0  0  0  0  0  0  0  0  0  0  0]]
gen= [[13 10  0  0  0  0  0  0  0  0  0  0  0  0  0  0  0  0  0  0  0  0  0  0]
 [ 7 26  0  0  0  0  0  0  0  0  0  0  0  0  0  0  0  0  0  0  0  0  0  0]
 [ 1 13  0  0  0  0  0  0  0  0  0  0  0  0  0  0  0  0  0  0  0  0  0  0]
 [17 11  0  0  0  0  0  0  0  0  0  0  0  0  0  0  0  0  0  0  0  0  0  0]
 [21 25  0  0  0  0  0  0  0  0  0  0  0  0  0  0  0  0  0  0  0  0  0  0]
 [17 20 23 26  0  0  0  0  0  0  0  0  0  0  0  0  0  0  0  0  0  0  0  0]
 [17  1  9 27  0  0  0  0  0  0  0  0  0  0  0  0  0  0  0  0  0  0  0  0]
 [15  0  0  0  0  0  0  0  0  0  0  0  0  0  0  0  0  0  0  0  0  0  0  0]
 [27 16  0  0  0  0  0  0  0  0  0  0  0  0  0  0  0  0  0  0  0  0  0  0]
 [ 1 10 11  0  0  0  0  0  0  0  0  0  0  0  0  0  0  0  0  0  0  0  0  0]]
valid: gen=0.499
reward: norm=0.9572033248331654
[ 170 iterations]
real= [[24  7  9 25  0  0  0  0  0  0  0  0  0  0  0  0  0  0  0  0  0  0  0  0]
 [19 24 10 25  0  0  0  0  0  0  0  0  0  0  0  0  0  0  0  0  0  0  0  0]
 [25  4  5 20 19 17 13  7  0  0  0  0  0  0  0  0  0  0  0  0  0  0  0  0]
 [26 18 14 19  2  8  5  0  0  0  0  0  0  0  0  0  0  0  0  0  0  0  0  0]
 [ 5 28  9 15  3 26  0  0  0  0  0  0  0  0  0  0  0  0  0  0  0  0  0  0]
 [ 6 21  0  0  0  0  0  0  0  0  0  0  0  0  0  0  0  0  0  0  0  0  0  0]
 [ 4 27  7 28 12  0  0  0  0  0  0  0  0  0  0  0  0  0  0  0  0  0  0  0]
 [19  1  9  0  0  0  0  0  0  0  0  0  0  0  0  0  0  0  0  0  0  0  0  0]
 [23 19  0  0  0  0  0  0  0  0  0  0  0  0  0  0  0  0  0  0  0  0  0  0]
 [20  1 22 15  8  4  0  0  0  0  0  0  0  0  0  0  0  0  0  0  0  0  0  0]]
gen= [[ 7  9 24 25  0  0  0  0  0  0  0  0  0  0  0  0  0  0  0  0  0  0  0  0]
 [19 24 10 25  0  0  0  0  0  0  0  0  0  0  0  0  0  0  0  0  0  0  0  0]
 [ 7 20 17  5  4  0  0  0  0  0  0  0  0  0  0  0  0  0  0  0  0  0  0  0]
 [26  5 18  8  0  0  0  0  0  0  0  0  0  0  0  0  0  0  0  0  0  0  0  0]
 [ 9 26  5 15  0  0  0  0  0  0  0  0  0  0  0  0  0  0  0  0  0  0  0  0]
 [21  6  0  0  0  0  0  0  0  0  0  0  0  0  0  0  0  0  0  0  0  0  0  0]
 [ 7 27  4 28 12  0  0  0  0  0  0  0  0  0  0  0  0  0  0  0  0  0  0  0]
 [ 9  1 19  0  0  0  0  0  0  0  0  0  0  0  0  0  0  0  0  0  0  0  0  0]
 [23 19  0  0  0  0  0  0  0  0  0  0  0  0  0  0  0  0  0  0  0  0  0  0]
 [22 20  1  4 15  0  0  0  0  0  0  0  0  0  0  0  0  0  0  0  0  0  0  0]]
valid: gen=0.559
reward: norm=0.951265910548359
[ 180 iterations]
real= [[ 4  0  0  0  0  0  0  0  0  0  0  0  0  0  0  0  0  0  0  0  0  0  0  0]
 [24 14 17  0  0  0  0  0  0  0  0  0  0  0  0  0  0  0  0  0  0  0  0  0]
 [22 18 10 28  0  0  0  0  0  0  0  0  0  0  0  0  0  0  0  0  0  0  0  0]
 [27  4  1 15 24  6 12  0  0  0  0  0  0  0  0  0  0  0  0  0  0  0  0  0]
 [19 16 18  9  3  5  0  0  0  0  0  0  0  0  0  0  0  0  0  0  0  0  0  0]
 [22  8 28 26  0  0  0  0  0  0  0  0  0  0  0  0  0  0  0  0  0  0  0  0]
 [10 21  9 15  0  0  0  0  0  0  0  0  0  0  0  0  0  0  0  0  0  0  0  0]
 [18 17 19  2  8  0  0  0  0  0  0  0  0  0  0  0  0  0  0  0  0  0  0  0]
 [ 5 16  0  0  0  0  0  0  0  0  0  0  0  0  0  0  0  0  0  0  0  0  0  0]
 [10 12  0  0  0  0  0  0  0  0  0  0  0  0  0  0  0  0  0  0  0  0  0  0]]
gen= [[ 4  0  0  0  0  0  0  0  0  0  0  0  0  0  0  0  0  0  0  0  0  0  0  0]
 [17 24 14  0  0  0  0  0  0  0  0  0  0  0  0  0  0  0  0  0  0  0  0  0]
 [22 18 28  0  0  0  0  0  0  0  0  0  0  0  0  0  0  0  0  0  0  0  0  0]
 [ 1  4  0  0  0  0  0  0  0  0  0  0  0  0  0  0  0  0  0  0  0  0  0  0]
 [ 5  9 16  0  0  0  0  0  0  0  0  0  0  0  0  0  0  0  0  0  0  0  0  0]
 [22 26  8  0  0  0  0  0  0  0  0  0  0  0  0  0  0  0  0  0  0  0  0  0]
 [21 10  9  0  0  0  0  0  0  0  0  0  0  0  0  0  0  0  0  0  0  0  0  0]
 [17 19 18  0  0  0  0  0  0  0  0  0  0  0  0  0  0  0  0  0  0  0  0  0]
 [ 5 16  0  0  0  0  0  0  0  0  0  0  0  0  0  0  0  0  0  0  0  0  0  0]
 [10 12  0  0  0  0  0  0  0  0  0  0  0  0  0  0  0  0  0  0  0  0  0  0]]
valid: gen=0.426
reward: norm=0.9470682165926068
[ 190 iterations]
real= [[12  6 22  0  0  0  0  0  0  0  0  0  0  0  0  0  0  0  0  0  0  0  0  0]
 [24 17  3 11  0  0  0  0  0  0  0  0  0  0  0  0  0  0  0  0  0  0  0  0]
 [20 28  0  0  0  0  0  0  0  0  0  0  0  0  0  0  0  0  0  0  0  0  0  0]
 [25  4 28 18  3  0  0  0  0  0  0  0  0  0  0  0  0  0  0  0  0  0  0  0]
 [20  8  3 18 24  5  0  0  0  0  0  0  0  0  0  0  0  0  0  0  0  0  0  0]
 [11 12  9 26  0  0  0  0  0  0  0  0  0  0  0  0  0  0  0  0  0  0  0  0]
 [ 7 26  0  0  0  0  0  0  0  0  0  0  0  0  0  0  0  0  0  0  0  0  0  0]
 [ 5  4 16 15  0  0  0  0  0  0  0  0  0  0  0  0  0  0  0  0  0  0  0  0]
 [12  6 21 23  0  0  0  0  0  0  0  0  0  0  0  0  0  0  0  0  0  0  0  0]
 [10  6 26  0  0  0  0  0  0  0  0  0  0  0  0  0  0  0  0  0  0  0  0  0]]
gen= [[22 12  6  0  0  0  0  0  0  0  0  0  0  0  0  0  0  0  0  0  0  0  0  0]
 [17 24  3 11  0  0  0  0  0  0  0  0  0  0  0  0  0  0  0  0  0  0  0  0]
 [20 28  0  0  0  0  0  0  0  0  0  0  0  0  0  0  0  0  0  0  0  0  0  0]
 [25 18  3 28  4  0  0  0  0  0  0  0  0  0  0  0  0  0  0  0  0  0  0  0]
 [20  5 18 24  8  0  0  0  0  0  0  0  0  0  0  0  0  0  0  0  0  0  0  0]
 [ 9 26 12  0  0  0  0  0  0  0  0  0  0  0  0  0  0  0  0  0  0  0  0  0]
 [ 7 26  0  0  0  0  0  0  0  0  0  0  0  0  0  0  0  0  0  0  0  0  0  0]
 [ 5 15 16  4  0  0  0  0  0  0  0  0  0  0  0  0  0  0  0  0  0  0  0  0]
 [23 21 12  0  0  0  0  0  0  0  0  0  0  0  0  0  0  0  0  0  0  0  0  0]
 [26  6 10  0  0  0  0  0  0  0  0  0  0  0  0  0  0  0  0  0  0  0  0  0]]
valid: gen=0.57
reward: norm=0.9521988106431635
[ 200 iterations]
real= [[25 13  9 26 15  0  0  0  0  0  0  0  0  0  0  0  0  0  0  0  0  0  0  0]
 [11 21  0  0  0  0  0  0  0  0  0  0  0  0  0  0  0  0  0  0  0  0  0  0]
 [ 5 24  1 20  0  0  0  0  0  0  0  0  0  0  0  0  0  0  0  0  0  0  0  0]
 [20  8 10 26  0  0  0  0  0  0  0  0  0  0  0  0  0  0  0  0  0  0  0  0]
 [14 27  7  1  0  0  0  0  0  0  0  0  0  0  0  0  0  0  0  0  0  0  0  0]
 [27 20 25 28 17 16 18 12  0  0  0  0  0  0  0  0  0  0  0  0  0  0  0  0]
 [28 25  4  5  1 18 22 23  0  0  0  0  0  0  0  0  0  0  0  0  0  0  0  0]
 [ 4  0  0  0  0  0  0  0  0  0  0  0  0  0  0  0  0  0  0  0  0  0  0  0]
 [20 12 16 23  0  0  0  0  0  0  0  0  0  0  0  0  0  0  0  0  0  0  0  0]
 [11 12 10  0  0  0  0  0  0  0  0  0  0  0  0  0  0  0  0  0  0  0  0  0]]
gen= [[26 13  9 25  0  0  0  0  0  0  0  0  0  0  0  0  0  0  0  0  0  0  0  0]
 [21 11  0  0  0  0  0  0  0  0  0  0  0  0  0  0  0  0  0  0  0  0  0  0]
 [20  5  1 24  0  0  0  0  0  0  0  0  0  0  0  0  0  0  0  0  0  0  0  0]
 [26 20  8  0  0  0  0  0  0  0  0  0  0  0  0  0  0  0  0  0  0  0  0  0]
 [ 7  1 27 14  0  0  0  0  0  0  0  0  0  0  0  0  0  0  0  0  0  0  0  0]
 [20 17 25 27  0  0  0  0  0  0  0  0  0  0  0  0  0  0  0  0  0  0  0  0]
 [22  1 23 25  4  0  0  0  0  0  0  0  0  0  0  0  0  0  0  0  0  0  0  0]
 [ 4  0  0  0  0  0  0  0  0  0  0  0  0  0  0  0  0  0  0  0  0  0  0  0]
 [23 16 20 12  0  0  0  0  0  0  0  0  0  0  0  0  0  0  0  0  0  0  0  0]
 [11 12 10  0  0  0  0  0  0  0  0  0  0  0  0  0  0  0  0  0  0  0  0  0]]
valid: gen=0.561
reward: norm=0.9519895764826509
[ 210 iterations]
real= [[10 13  0  0  0  0  0  0  0  0  0  0  0  0  0  0  0  0  0  0  0  0  0  0]
 [ 7 26  0  0  0  0  0  0  0  0  0  0  0  0  0  0  0  0  0  0  0  0  0  0]
 [13  1  0  0  0  0  0  0  0  0  0  0  0  0  0  0  0  0  0  0  0  0  0  0]
 [11 17  0  0  0  0  0  0  0  0  0  0  0  0  0  0  0  0  0  0  0  0  0  0]
 [25 21  0  0  0  0  0  0  0  0  0  0  0  0  0  0  0  0  0  0  0  0  0  0]
 [26 23 10 18 17  9 20  5  0  0  0  0  0  0  0  0  0  0  0  0  0  0  0  0]
 [27 25  2  1  3 17  9  0  0  0  0  0  0  0  0  0  0  0  0  0  0  0  0  0]
 [15  0  0  0  0  0  0  0  0  0  0  0  0  0  0  0  0  0  0  0  0  0  0  0]
 [27 16  0  0  0  0  0  0  0  0  0  0  0  0  0  0  0  0  0  0  0  0  0  0]
 [11  1 28 10  0  0  0  0  0  0  0  0  0  0  0  0  0  0  0  0  0  0  0  0]]
gen= [[13 10  0  0  0  0  0  0  0  0  0  0  0  0  0  0  0  0  0  0  0  0  0  0]
 [ 7 26  0  0  0  0  0  0  0  0  0  0  0  0  0  0  0  0  0  0  0  0  0  0]
 [ 1 13  0  0  0  0  0  0  0  0  0  0  0  0  0  0  0  0  0  0  0  0  0  0]
 [17 11  0  0  0  0  0  0  0  0  0  0  0  0  0  0  0  0  0  0  0  0  0  0]
 [21 25  0  0  0  0  0  0  0  0  0  0  0  0  0  0  0  0  0  0  0  0  0  0]
 [17 23 20 26  0  0  0  0  0  0  0  0  0  0  0  0  0  0  0  0  0  0  0  0]
 [17  1  9 25  0  0  0  0  0  0  0  0  0  0  0  0  0  0  0  0  0  0  0  0]
 [15  0  0  0  0  0  0  0  0  0  0  0  0  0  0  0  0  0  0  0  0  0  0  0]
 [27 16  0  0  0  0  0  0  0  0  0  0  0  0  0  0  0  0  0  0  0  0  0  0]
 [ 1 10 11  0  0  0  0  0  0  0  0  0  0  0  0  0  0  0  0  0  0  0  0  0]]
valid: gen=0.502
reward: norm=0.9577626398771247
[ 220 iterations]
real= [[24  7  9 25  0  0  0  0  0  0  0  0  0  0  0  0  0  0  0  0  0  0  0  0]
 [19 24 10 25  0  0  0  0  0  0  0  0  0  0  0  0  0  0  0  0  0  0  0  0]
 [25  4  5 20 19 17 13  7  0  0  0  0  0  0  0  0  0  0  0  0  0  0  0  0]
 [26 18 14 19  2  8  5  0  0  0  0  0  0  0  0  0  0  0  0  0  0  0  0  0]
 [ 5 28  9 15  3 26  0  0  0  0  0  0  0  0  0  0  0  0  0  0  0  0  0  0]
 [ 6 21  0  0  0  0  0  0  0  0  0  0  0  0  0  0  0  0  0  0  0  0  0  0]
 [ 4 27  7 28 12  0  0  0  0  0  0  0  0  0  0  0  0  0  0  0  0  0  0  0]
 [19  1  9  0  0  0  0  0  0  0  0  0  0  0  0  0  0  0  0  0  0  0  0  0]
 [23 19  0  0  0  0  0  0  0  0  0  0  0  0  0  0  0  0  0  0  0  0  0  0]
 [20  1 22 15  8  4  0  0  0  0  0  0  0  0  0  0  0  0  0  0  0  0  0  0]]
gen= [[ 7 24 25  9  0  0  0  0  0  0  0  0  0  0  0  0  0  0  0  0  0  0  0  0]
 [24 10 25  0  0  0  0  0  0  0  0  0  0  0  0  0  0  0  0  0  0  0  0  0]
 [17 20  5 25  4  0  0  0  0  0  0  0  0  0  0  0  0  0  0  0  0  0  0  0]
 [ 5 26 18 19  2  0  0  0  0  0  0  0  0  0  0  0  0  0  0  0  0  0  0  0]
 [ 5 26  9  3 15  0  0  0  0  0  0  0  0  0  0  0  0  0  0  0  0  0  0  0]
 [21  6  0  0  0  0  0  0  0  0  0  0  0  0  0  0  0  0  0  0  0  0  0  0]
 [ 7 27 12  4 28  0  0  0  0  0  0  0  0  0  0  0  0  0  0  0  0  0  0  0]
 [ 1  9 19  0  0  0  0  0  0  0  0  0  0  0  0  0  0  0  0  0  0  0  0  0]
 [23 19  0  0  0  0  0  0  0  0  0  0  0  0  0  0  0  0  0  0  0  0  0  0]
 [ 1 22 20  4  8  0  0  0  0  0  0  0  0  0  0  0  0  0  0  0  0  0  0  0]]
valid: gen=0.561
reward: norm=0.9500000979880263
[ 230 iterations]
real= [[ 4  0  0  0  0  0  0  0  0  0  0  0  0  0  0  0  0  0  0  0  0  0  0  0]
 [24 14 17  0  0  0  0  0  0  0  0  0  0  0  0  0  0  0  0  0  0  0  0  0]
 [22 18 10 28  0  0  0  0  0  0  0  0  0  0  0  0  0  0  0  0  0  0  0  0]
 [27  4  1 15 24  6 12  0  0  0  0  0  0  0  0  0  0  0  0  0  0  0  0  0]
 [19 16 18  9  3  5  0  0  0  0  0  0  0  0  0  0  0  0  0  0  0  0  0  0]
 [22  8 28 26  0  0  0  0  0  0  0  0  0  0  0  0  0  0  0  0  0  0  0  0]
 [10 21  9 15  0  0  0  0  0  0  0  0  0  0  0  0  0  0  0  0  0  0  0  0]
 [18 17 19  2  8  0  0  0  0  0  0  0  0  0  0  0  0  0  0  0  0  0  0  0]
 [ 5 16  0  0  0  0  0  0  0  0  0  0  0  0  0  0  0  0  0  0  0  0  0  0]
 [10 12  0  0  0  0  0  0  0  0  0  0  0  0  0  0  0  0  0  0  0  0  0  0]]
gen= [[ 4  0  0  0  0  0  0  0  0  0  0  0  0  0  0  0  0  0  0  0  0  0  0  0]
 [17 24 14  0  0  0  0  0  0  0  0  0  0  0  0  0  0  0  0  0  0  0  0  0]
 [22 18 28  0  0  0  0  0  0  0  0  0  0  0  0  0  0  0  0  0  0  0  0  0]
 [27 15  1  0  0  0  0  0  0  0  0  0  0  0  0  0  0  0  0  0  0  0  0  0]
 [ 5 16 18  0  0  0  0  0  0  0  0  0  0  0  0  0  0  0  0  0  0  0  0  0]
 [22 26  8  0  0  0  0  0  0  0  0  0  0  0  0  0  0  0  0  0  0  0  0  0]
 [21 10  9  0  0  0  0  0  0  0  0  0  0  0  0  0  0  0  0  0  0  0  0  0]
 [17 19 18  0  0  0  0  0  0  0  0  0  0  0  0  0  0  0  0  0  0  0  0  0]
 [ 5 16  0  0  0  0  0  0  0  0  0  0  0  0  0  0  0  0  0  0  0  0  0  0]
 [12 10  0  0  0  0  0  0  0  0  0  0  0  0  0  0  0  0  0  0  0  0  0  0]]
valid: gen=0.427
reward: norm=0.947187761867236
[ 240 iterations]
real= [[12  6 22  0  0  0  0  0  0  0  0  0  0  0  0  0  0  0  0  0  0  0  0  0]
 [24 17  3 11  0  0  0  0  0  0  0  0  0  0  0  0  0  0  0  0  0  0  0  0]
 [20 28  0  0  0  0  0  0  0  0  0  0  0  0  0  0  0  0  0  0  0  0  0  0]
 [25  4 28 18  3  0  0  0  0  0  0  0  0  0  0  0  0  0  0  0  0  0  0  0]
 [20  8  3 18 24  5  0  0  0  0  0  0  0  0  0  0  0  0  0  0  0  0  0  0]
 [11 12  9 26  0  0  0  0  0  0  0  0  0  0  0  0  0  0  0  0  0  0  0  0]
 [ 7 26  0  0  0  0  0  0  0  0  0  0  0  0  0  0  0  0  0  0  0  0  0  0]
 [ 5  4 16 15  0  0  0  0  0  0  0  0  0  0  0  0  0  0  0  0  0  0  0  0]
 [12  6 21 23  0  0  0  0  0  0  0  0  0  0  0  0  0  0  0  0  0  0  0  0]
 [10  6 26  0  0  0  0  0  0  0  0  0  0  0  0  0  0  0  0  0  0  0  0  0]]
gen= [[22  6 12  0  0  0  0  0  0  0  0  0  0  0  0  0  0  0  0  0  0  0  0  0]
 [17 24 11  0  0  0  0  0  0  0  0  0  0  0  0  0  0  0  0  0  0  0  0  0]
 [20 28  0  0  0  0  0  0  0  0  0  0  0  0  0  0  0  0  0  0  0  0  0  0]
 [18 25  4  3  0  0  0  0  0  0  0  0  0  0  0  0  0  0  0  0  0  0  0  0]
 [ 5 20 18 24  8  0  0  0  0  0  0  0  0  0  0  0  0  0  0  0  0  0  0  0]
 [26  9 12 11  0  0  0  0  0  0  0  0  0  0  0  0  0  0  0  0  0  0  0  0]
 [ 7 26  0  0  0  0  0  0  0  0  0  0  0  0  0  0  0  0  0  0  0  0  0  0]
 [15  5  4  0  0  0  0  0  0  0  0  0  0  0  0  0  0  0  0  0  0  0  0  0]
 [23 21 12  0  0  0  0  0  0  0  0  0  0  0  0  0  0  0  0  0  0  0  0  0]
 [26 10  6  0  0  0  0  0  0  0  0  0  0  0  0  0  0  0  0  0  0  0  0  0]]
valid: gen=0.539
reward: norm=0.9512244914544453
[ 250 iterations]
real= [[25 13  9 26 15  0  0  0  0  0  0  0  0  0  0  0  0  0  0  0  0  0  0  0]
 [11 21  0  0  0  0  0  0  0  0  0  0  0  0  0  0  0  0  0  0  0  0  0  0]
 [ 5 24  1 20  0  0  0  0  0  0  0  0  0  0  0  0  0  0  0  0  0  0  0  0]
 [20  8 10 26  0  0  0  0  0  0  0  0  0  0  0  0  0  0  0  0  0  0  0  0]
 [14 27  7  1  0  0  0  0  0  0  0  0  0  0  0  0  0  0  0  0  0  0  0  0]
 [27 20 25 28 17 16 18 12  0  0  0  0  0  0  0  0  0  0  0  0  0  0  0  0]
 [28 25  4  5  1 18 22 23  0  0  0  0  0  0  0  0  0  0  0  0  0  0  0  0]
 [ 4  0  0  0  0  0  0  0  0  0  0  0  0  0  0  0  0  0  0  0  0  0  0  0]
 [20 12 16 23  0  0  0  0  0  0  0  0  0  0  0  0  0  0  0  0  0  0  0  0]
 [11 12 10  0  0  0  0  0  0  0  0  0  0  0  0  0  0  0  0  0  0  0  0  0]]
gen= [[26 13  9 15  0  0  0  0  0  0  0  0  0  0  0  0  0  0  0  0  0  0  0  0]
 [21 11  0  0  0  0  0  0  0  0  0  0  0  0  0  0  0  0  0  0  0  0  0  0]
 [20  1  5 24  0  0  0  0  0  0  0  0  0  0  0  0  0  0  0  0  0  0  0  0]
 [26 20  8  0  0  0  0  0  0  0  0  0  0  0  0  0  0  0  0  0  0  0  0  0]
 [ 7  1 14 27  0  0  0  0  0  0  0  0  0  0  0  0  0  0  0  0  0  0  0  0]
 [20 17 18 25 27  0  0  0  0  0  0  0  0  0  0  0  0  0  0  0  0  0  0  0]
 [23 22  1 25  5  4  0  0  0  0  0  0  0  0  0  0  0  0  0  0  0  0  0  0]
 [ 4  0  0  0  0  0  0  0  0  0  0  0  0  0  0  0  0  0  0  0  0  0  0  0]
 [20 23 16 12  0  0  0  0  0  0  0  0  0  0  0  0  0  0  0  0  0  0  0  0]
 [10 12 11  0  0  0  0  0  0  0  0  0  0  0  0  0  0  0  0  0  0  0  0  0]]
valid: gen=0.575
reward: norm=0.951254468281949
[ 260 iterations]
real= [[10 13  0  0  0  0  0  0  0  0  0  0  0  0  0  0  0  0  0  0  0  0  0  0]
 [ 7 26  0  0  0  0  0  0  0  0  0  0  0  0  0  0  0  0  0  0  0  0  0  0]
 [13  1  0  0  0  0  0  0  0  0  0  0  0  0  0  0  0  0  0  0  0  0  0  0]
 [11 17  0  0  0  0  0  0  0  0  0  0  0  0  0  0  0  0  0  0  0  0  0  0]
 [25 21  0  0  0  0  0  0  0  0  0  0  0  0  0  0  0  0  0  0  0  0  0  0]
 [26 23 10 18 17  9 20  5  0  0  0  0  0  0  0  0  0  0  0  0  0  0  0  0]
 [27 25  2  1  3 17  9  0  0  0  0  0  0  0  0  0  0  0  0  0  0  0  0  0]
 [15  0  0  0  0  0  0  0  0  0  0  0  0  0  0  0  0  0  0  0  0  0  0  0]
 [27 16  0  0  0  0  0  0  0  0  0  0  0  0  0  0  0  0  0  0  0  0  0  0]
 [11  1 28 10  0  0  0  0  0  0  0  0  0  0  0  0  0  0  0  0  0  0  0  0]]
gen= [[13 10  0  0  0  0  0  0  0  0  0  0  0  0  0  0  0  0  0  0  0  0  0  0]
 [ 7 26  0  0  0  0  0  0  0  0  0  0  0  0  0  0  0  0  0  0  0  0  0  0]
 [13  1  0  0  0  0  0  0  0  0  0  0  0  0  0  0  0  0  0  0  0  0  0  0]
 [17 11  0  0  0  0  0  0  0  0  0  0  0  0  0  0  0  0  0  0  0  0  0  0]
 [21 25  0  0  0  0  0  0  0  0  0  0  0  0  0  0  0  0  0  0  0  0  0  0]
 [20 17 23 26  0  0  0  0  0  0  0  0  0  0  0  0  0  0  0  0  0  0  0  0]
 [17  1  9 27  0  0  0  0  0  0  0  0  0  0  0  0  0  0  0  0  0  0  0  0]
 [15  0  0  0  0  0  0  0  0  0  0  0  0  0  0  0  0  0  0  0  0  0  0  0]
 [27 16  0  0  0  0  0  0  0  0  0  0  0  0  0  0  0  0  0  0  0  0  0  0]
 [ 1 10 11  0  0  0  0  0  0  0  0  0  0  0  0  0  0  0  0  0  0  0  0  0]]
valid: gen=0.508
reward: norm=0.9574890580700952
[ 270 iterations]
real= [[24  7  9 25  0  0  0  0  0  0  0  0  0  0  0  0  0  0  0  0  0  0  0  0]
 [19 24 10 25  0  0  0  0  0  0  0  0  0  0  0  0  0  0  0  0  0  0  0  0]
 [25  4  5 20 19 17 13  7  0  0  0  0  0  0  0  0  0  0  0  0  0  0  0  0]
 [26 18 14 19  2  8  5  0  0  0  0  0  0  0  0  0  0  0  0  0  0  0  0  0]
 [ 5 28  9 15  3 26  0  0  0  0  0  0  0  0  0  0  0  0  0  0  0  0  0  0]
 [ 6 21  0  0  0  0  0  0  0  0  0  0  0  0  0  0  0  0  0  0  0  0  0  0]
 [ 4 27  7 28 12  0  0  0  0  0  0  0  0  0  0  0  0  0  0  0  0  0  0  0]
 [19  1  9  0  0  0  0  0  0  0  0  0  0  0  0  0  0  0  0  0  0  0  0  0]
 [23 19  0  0  0  0  0  0  0  0  0  0  0  0  0  0  0  0  0  0  0  0  0  0]
 [20  1 22 15  8  4  0  0  0  0  0  0  0  0  0  0  0  0  0  0  0  0  0  0]]
gen= [[ 7  9 25  0  0  0  0  0  0  0  0  0  0  0  0  0  0  0  0  0  0  0  0  0]
 [25 10 24 19  0  0  0  0  0  0  0  0  0  0  0  0  0  0  0  0  0  0  0  0]
 [20 17  5 25  4  0  0  0  0  0  0  0  0  0  0  0  0  0  0  0  0  0  0  0]
 [ 5 26 18 19  8  0  0  0  0  0  0  0  0  0  0  0  0  0  0  0  0  0  0  0]
 [ 5 26  3 15 28  0  0  0  0  0  0  0  0  0  0  0  0  0  0  0  0  0  0  0]
 [21  6  0  0  0  0  0  0  0  0  0  0  0  0  0  0  0  0  0  0  0  0  0  0]
 [ 7 27 12  4 28  0  0  0  0  0  0  0  0  0  0  0  0  0  0  0  0  0  0  0]
 [ 9  1 19  0  0  0  0  0  0  0  0  0  0  0  0  0  0  0  0  0  0  0  0  0]
 [23 19  0  0  0  0  0  0  0  0  0  0  0  0  0  0  0  0  0  0  0  0  0  0]
 [22  1 20  4 15  0  0  0  0  0  0  0  0  0  0  0  0  0  0  0  0  0  0  0]]
valid: gen=0.56
reward: norm=0.9494577213044519
[ 280 iterations]
real= [[ 4  0  0  0  0  0  0  0  0  0  0  0  0  0  0  0  0  0  0  0  0  0  0  0]
 [24 14 17  0  0  0  0  0  0  0  0  0  0  0  0  0  0  0  0  0  0  0  0  0]
 [22 18 10 28  0  0  0  0  0  0  0  0  0  0  0  0  0  0  0  0  0  0  0  0]
 [27  4  1 15 24  6 12  0  0  0  0  0  0  0  0  0  0  0  0  0  0  0  0  0]
 [19 16 18  9  3  5  0  0  0  0  0  0  0  0  0  0  0  0  0  0  0  0  0  0]
 [22  8 28 26  0  0  0  0  0  0  0  0  0  0  0  0  0  0  0  0  0  0  0  0]
 [10 21  9 15  0  0  0  0  0  0  0  0  0  0  0  0  0  0  0  0  0  0  0  0]
 [18 17 19  2  8  0  0  0  0  0  0  0  0  0  0  0  0  0  0  0  0  0  0  0]
 [ 5 16  0  0  0  0  0  0  0  0  0  0  0  0  0  0  0  0  0  0  0  0  0  0]
 [10 12  0  0  0  0  0  0  0  0  0  0  0  0  0  0  0  0  0  0  0  0  0  0]]
gen= [[ 4  0  0  0  0  0  0  0  0  0  0  0  0  0  0  0  0  0  0  0  0  0  0  0]
 [17 24 14  0  0  0  0  0  0  0  0  0  0  0  0  0  0  0  0  0  0  0  0  0]
 [22 18 28  0  0  0  0  0  0  0  0  0  0  0  0  0  0  0  0  0  0  0  0  0]
 [ 1  4  0  0  0  0  0  0  0  0  0  0  0  0  0  0  0  0  0  0  0  0  0  0]
 [ 5  9 16  0  0  0  0  0  0  0  0  0  0  0  0  0  0  0  0  0  0  0  0  0]
 [22 26 28  0  0  0  0  0  0  0  0  0  0  0  0  0  0  0  0  0  0  0  0  0]
 [21 10  9  0  0  0  0  0  0  0  0  0  0  0  0  0  0  0  0  0  0  0  0  0]
 [17  2 19  0  0  0  0  0  0  0  0  0  0  0  0  0  0  0  0  0  0  0  0  0]
 [ 5 16  0  0  0  0  0  0  0  0  0  0  0  0  0  0  0  0  0  0  0  0  0  0]
 [12 10  0  0  0  0  0  0  0  0  0  0  0  0  0  0  0  0  0  0  0  0  0  0]]
valid: gen=0.424
reward: norm=0.9471402526806719
[ 290 iterations]
real= [[12  6 22  0  0  0  0  0  0  0  0  0  0  0  0  0  0  0  0  0  0  0  0  0]
 [24 17  3 11  0  0  0  0  0  0  0  0  0  0  0  0  0  0  0  0  0  0  0  0]
 [20 28  0  0  0  0  0  0  0  0  0  0  0  0  0  0  0  0  0  0  0  0  0  0]
 [25  4 28 18  3  0  0  0  0  0  0  0  0  0  0  0  0  0  0  0  0  0  0  0]
 [20  8  3 18 24  5  0  0  0  0  0  0  0  0  0  0  0  0  0  0  0  0  0  0]
 [11 12  9 26  0  0  0  0  0  0  0  0  0  0  0  0  0  0  0  0  0  0  0  0]
 [ 7 26  0  0  0  0  0  0  0  0  0  0  0  0  0  0  0  0  0  0  0  0  0  0]
 [ 5  4 16 15  0  0  0  0  0  0  0  0  0  0  0  0  0  0  0  0  0  0  0  0]
 [12  6 21 23  0  0  0  0  0  0  0  0  0  0  0  0  0  0  0  0  0  0  0  0]
 [10  6 26  0  0  0  0  0  0  0  0  0  0  0  0  0  0  0  0  0  0  0  0  0]]
gen= [[22 12  6  0  0  0  0  0  0  0  0  0  0  0  0  0  0  0  0  0  0  0  0  0]
 [17 24  3 11  0  0  0  0  0  0  0  0  0  0  0  0  0  0  0  0  0  0  0  0]
 [20 28  0  0  0  0  0  0  0  0  0  0  0  0  0  0  0  0  0  0  0  0  0  0]
 [ 4 25 18 28  0  0  0  0  0  0  0  0  0  0  0  0  0  0  0  0  0  0  0  0]
 [20  5 18 24  8  0  0  0  0  0  0  0  0  0  0  0  0  0  0  0  0  0  0  0]
 [ 9 26 11  0  0  0  0  0  0  0  0  0  0  0  0  0  0  0  0  0  0  0  0  0]
 [ 7 26  0  0  0  0  0  0  0  0  0  0  0  0  0  0  0  0  0  0  0  0  0  0]
 [ 5 15 16  4  0  0  0  0  0  0  0  0  0  0  0  0  0  0  0  0  0  0  0  0]
 [23 21 12  0  0  0  0  0  0  0  0  0  0  0  0  0  0  0  0  0  0  0  0  0]
 [26 10  6  0  0  0  0  0  0  0  0  0  0  0  0  0  0  0  0  0  0  0  0  0]]
valid: gen=0.567
reward: norm=0.9513758968552569
[ 300 iterations]
real= [[25 13  9 26 15  0  0  0  0  0  0  0  0  0  0  0  0  0  0  0  0  0  0  0]
 [11 21  0  0  0  0  0  0  0  0  0  0  0  0  0  0  0  0  0  0  0  0  0  0]
 [ 5 24  1 20  0  0  0  0  0  0  0  0  0  0  0  0  0  0  0  0  0  0  0  0]
 [20  8 10 26  0  0  0  0  0  0  0  0  0  0  0  0  0  0  0  0  0  0  0  0]
 [14 27  7  1  0  0  0  0  0  0  0  0  0  0  0  0  0  0  0  0  0  0  0  0]
 [27 20 25 28 17 16 18 12  0  0  0  0  0  0  0  0  0  0  0  0  0  0  0  0]
 [28 25  4  5  1 18 22 23  0  0  0  0  0  0  0  0  0  0  0  0  0  0  0  0]
 [ 4  0  0  0  0  0  0  0  0  0  0  0  0  0  0  0  0  0  0  0  0  0  0  0]
 [20 12 16 23  0  0  0  0  0  0  0  0  0  0  0  0  0  0  0  0  0  0  0  0]
 [11 12 10  0  0  0  0  0  0  0  0  0  0  0  0  0  0  0  0  0  0  0  0  0]]
gen= [[26 13  9 25  0  0  0  0  0  0  0  0  0  0  0  0  0  0  0  0  0  0  0  0]
 [21 11  0  0  0  0  0  0  0  0  0  0  0  0  0  0  0  0  0  0  0  0  0  0]
 [ 5 20  1 24  0  0  0  0  0  0  0  0  0  0  0  0  0  0  0  0  0  0  0  0]
 [20 26  0  0  0  0  0  0  0  0  0  0  0  0  0  0  0  0  0  0  0  0  0  0]
 [ 7  1 14 27  0  0  0  0  0  0  0  0  0  0  0  0  0  0  0  0  0  0  0  0]
 [17 20 25 12  0  0  0  0  0  0  0  0  0  0  0  0  0  0  0  0  0  0  0  0]
 [22 23  1 25  5  4  0  0  0  0  0  0  0  0  0  0  0  0  0  0  0  0  0  0]
 [ 4  0  0  0  0  0  0  0  0  0  0  0  0  0  0  0  0  0  0  0  0  0  0  0]
 [20 23 12 16  0  0  0  0  0  0  0  0  0  0  0  0  0  0  0  0  0  0  0  0]
 [10 12 11  0  0  0  0  0  0  0  0  0  0  0  0  0  0  0  0  0  0  0  0  0]]
valid: gen=0.563
reward: norm=0.9517856143111877
[ 310 iterations]
real= [[10 13  0  0  0  0  0  0  0  0  0  0  0  0  0  0  0  0  0  0  0  0  0  0]
 [ 7 26  0  0  0  0  0  0  0  0  0  0  0  0  0  0  0  0  0  0  0  0  0  0]
 [13  1  0  0  0  0  0  0  0  0  0  0  0  0  0  0  0  0  0  0  0  0  0  0]
 [11 17  0  0  0  0  0  0  0  0  0  0  0  0  0  0  0  0  0  0  0  0  0  0]
 [25 21  0  0  0  0  0  0  0  0  0  0  0  0  0  0  0  0  0  0  0  0  0  0]
 [26 23 10 18 17  9 20  5  0  0  0  0  0  0  0  0  0  0  0  0  0  0  0  0]
 [27 25  2  1  3 17  9  0  0  0  0  0  0  0  0  0  0  0  0  0  0  0  0  0]
 [15  0  0  0  0  0  0  0  0  0  0  0  0  0  0  0  0  0  0  0  0  0  0  0]
 [27 16  0  0  0  0  0  0  0  0  0  0  0  0  0  0  0  0  0  0  0  0  0  0]
 [11  1 28 10  0  0  0  0  0  0  0  0  0  0  0  0  0  0  0  0  0  0  0  0]]
gen= [[13 10  0  0  0  0  0  0  0  0  0  0  0  0  0  0  0  0  0  0  0  0  0  0]
 [ 7 26  0  0  0  0  0  0  0  0  0  0  0  0  0  0  0  0  0  0  0  0  0  0]
 [ 1 13  0  0  0  0  0  0  0  0  0  0  0  0  0  0  0  0  0  0  0  0  0  0]
 [17 11  0  0  0  0  0  0  0  0  0  0  0  0  0  0  0  0  0  0  0  0  0  0]
 [21 25  0  0  0  0  0  0  0  0  0  0  0  0  0  0  0  0  0  0  0  0  0  0]
 [23 17 26 20  0  0  0  0  0  0  0  0  0  0  0  0  0  0  0  0  0  0  0  0]
 [17  1  9 25  0  0  0  0  0  0  0  0  0  0  0  0  0  0  0  0  0  0  0  0]
 [15  0  0  0  0  0  0  0  0  0  0  0  0  0  0  0  0  0  0  0  0  0  0  0]
 [16 27  0  0  0  0  0  0  0  0  0  0  0  0  0  0  0  0  0  0  0  0  0  0]
 [ 1 10 28  0  0  0  0  0  0  0  0  0  0  0  0  0  0  0  0  0  0  0  0  0]]
valid: gen=0.499
reward: norm=0.955652676550728
[ 320 iterations]
real= [[24  7  9 25  0  0  0  0  0  0  0  0  0  0  0  0  0  0  0  0  0  0  0  0]
 [19 24 10 25  0  0  0  0  0  0  0  0  0  0  0  0  0  0  0  0  0  0  0  0]
 [25  4  5 20 19 17 13  7  0  0  0  0  0  0  0  0  0  0  0  0  0  0  0  0]
 [26 18 14 19  2  8  5  0  0  0  0  0  0  0  0  0  0  0  0  0  0  0  0  0]
 [ 5 28  9 15  3 26  0  0  0  0  0  0  0  0  0  0  0  0  0  0  0  0  0  0]
 [ 6 21  0  0  0  0  0  0  0  0  0  0  0  0  0  0  0  0  0  0  0  0  0  0]
 [ 4 27  7 28 12  0  0  0  0  0  0  0  0  0  0  0  0  0  0  0  0  0  0  0]
 [19  1  9  0  0  0  0  0  0  0  0  0  0  0  0  0  0  0  0  0  0  0  0  0]
 [23 19  0  0  0  0  0  0  0  0  0  0  0  0  0  0  0  0  0  0  0  0  0  0]
 [20  1 22 15  8  4  0  0  0  0  0  0  0  0  0  0  0  0  0  0  0  0  0  0]]
gen= [[ 7 24  9 25  0  0  0  0  0  0  0  0  0  0  0  0  0  0  0  0  0  0  0  0]
 [19 25 24  0  0  0  0  0  0  0  0  0  0  0  0  0  0  0  0  0  0  0  0  0]
 [ 7 20 17  5  4  0  0  0  0  0  0  0  0  0  0  0  0  0  0  0  0  0  0  0]
 [26 19  5 18 14  0  0  0  0  0  0  0  0  0  0  0  0  0  0  0  0  0  0  0]
 [26  5  9 28  0  0  0  0  0  0  0  0  0  0  0  0  0  0  0  0  0  0  0  0]
 [21  6  0  0  0  0  0  0  0  0  0  0  0  0  0  0  0  0  0  0  0  0  0  0]
 [ 7  4 27 12 28  0  0  0  0  0  0  0  0  0  0  0  0  0  0  0  0  0  0  0]
 [ 9  1 19  0  0  0  0  0  0  0  0  0  0  0  0  0  0  0  0  0  0  0  0  0]
 [23 19  0  0  0  0  0  0  0  0  0  0  0  0  0  0  0  0  0  0  0  0  0  0]
 [22  1 20  4  8  0  0  0  0  0  0  0  0  0  0  0  0  0  0  0  0  0  0  0]]
valid: gen=0.569
reward: norm=0.9527691508695911
[ 330 iterations]
real= [[ 4  0  0  0  0  0  0  0  0  0  0  0  0  0  0  0  0  0  0  0  0  0  0  0]
 [24 14 17  0  0  0  0  0  0  0  0  0  0  0  0  0  0  0  0  0  0  0  0  0]
 [22 18 10 28  0  0  0  0  0  0  0  0  0  0  0  0  0  0  0  0  0  0  0  0]
 [27  4  1 15 24  6 12  0  0  0  0  0  0  0  0  0  0  0  0  0  0  0  0  0]
 [19 16 18  9  3  5  0  0  0  0  0  0  0  0  0  0  0  0  0  0  0  0  0  0]
 [22  8 28 26  0  0  0  0  0  0  0  0  0  0  0  0  0  0  0  0  0  0  0  0]
 [10 21  9 15  0  0  0  0  0  0  0  0  0  0  0  0  0  0  0  0  0  0  0  0]
 [18 17 19  2  8  0  0  0  0  0  0  0  0  0  0  0  0  0  0  0  0  0  0  0]
 [ 5 16  0  0  0  0  0  0  0  0  0  0  0  0  0  0  0  0  0  0  0  0  0  0]
 [10 12  0  0  0  0  0  0  0  0  0  0  0  0  0  0  0  0  0  0  0  0  0  0]]
gen= [[ 4  0  0  0  0  0  0  0  0  0  0  0  0  0  0  0  0  0  0  0  0  0  0  0]
 [17 24 14  0  0  0  0  0  0  0  0  0  0  0  0  0  0  0  0  0  0  0  0  0]
 [22 28 18  0  0  0  0  0  0  0  0  0  0  0  0  0  0  0  0  0  0  0  0  0]
 [ 1  4  0  0  0  0  0  0  0  0  0  0  0  0  0  0  0  0  0  0  0  0  0  0]
 [ 9  5 18  0  0  0  0  0  0  0  0  0  0  0  0  0  0  0  0  0  0  0  0  0]
 [22 26  8  0  0  0  0  0  0  0  0  0  0  0  0  0  0  0  0  0  0  0  0  0]
 [21 10  9  0  0  0  0  0  0  0  0  0  0  0  0  0  0  0  0  0  0  0  0  0]
 [17 18 19  0  0  0  0  0  0  0  0  0  0  0  0  0  0  0  0  0  0  0  0  0]
 [ 5 16  0  0  0  0  0  0  0  0  0  0  0  0  0  0  0  0  0  0  0  0  0  0]
 [10 12  0  0  0  0  0  0  0  0  0  0  0  0  0  0  0  0  0  0  0  0  0  0]]
valid: gen=0.423
reward: norm=0.9461410843904693
[ 340 iterations]
real= [[12  6 22  0  0  0  0  0  0  0  0  0  0  0  0  0  0  0  0  0  0  0  0  0]
 [24 17  3 11  0  0  0  0  0  0  0  0  0  0  0  0  0  0  0  0  0  0  0  0]
 [20 28  0  0  0  0  0  0  0  0  0  0  0  0  0  0  0  0  0  0  0  0  0  0]
 [25  4 28 18  3  0  0  0  0  0  0  0  0  0  0  0  0  0  0  0  0  0  0  0]
 [20  8  3 18 24  5  0  0  0  0  0  0  0  0  0  0  0  0  0  0  0  0  0  0]
 [11 12  9 26  0  0  0  0  0  0  0  0  0  0  0  0  0  0  0  0  0  0  0  0]
 [ 7 26  0  0  0  0  0  0  0  0  0  0  0  0  0  0  0  0  0  0  0  0  0  0]
 [ 5  4 16 15  0  0  0  0  0  0  0  0  0  0  0  0  0  0  0  0  0  0  0  0]
 [12  6 21 23  0  0  0  0  0  0  0  0  0  0  0  0  0  0  0  0  0  0  0  0]
 [10  6 26  0  0  0  0  0  0  0  0  0  0  0  0  0  0  0  0  0  0  0  0  0]]
gen= [[22  6 12  0  0  0  0  0  0  0  0  0  0  0  0  0  0  0  0  0  0  0  0  0]
 [17 24 11  0  0  0  0  0  0  0  0  0  0  0  0  0  0  0  0  0  0  0  0  0]
 [20 28  0  0  0  0  0  0  0  0  0  0  0  0  0  0  0  0  0  0  0  0  0  0]
 [18  3 25  4 28  0  0  0  0  0  0  0  0  0  0  0  0  0  0  0  0  0  0  0]
 [ 5 20 18 24  3  0  0  0  0  0  0  0  0  0  0  0  0  0  0  0  0  0  0  0]
 [26  9 12 11  0  0  0  0  0  0  0  0  0  0  0  0  0  0  0  0  0  0  0  0]
 [ 7 26  0  0  0  0  0  0  0  0  0  0  0  0  0  0  0  0  0  0  0  0  0  0]
 [ 5 15 16  0  0  0  0  0  0  0  0  0  0  0  0  0  0  0  0  0  0  0  0  0]
 [21 23 12  0  0  0  0  0  0  0  0  0  0  0  0  0  0  0  0  0  0  0  0  0]
 [26 10  6  0  0  0  0  0  0  0  0  0  0  0  0  0  0  0  0  0  0  0  0  0]]
valid: gen=0.556
reward: norm=0.9524307504854117
[ 350 iterations]
real= [[25 13  9 26 15  0  0  0  0  0  0  0  0  0  0  0  0  0  0  0  0  0  0  0]
 [11 21  0  0  0  0  0  0  0  0  0  0  0  0  0  0  0  0  0  0  0  0  0  0]
 [ 5 24  1 20  0  0  0  0  0  0  0  0  0  0  0  0  0  0  0  0  0  0  0  0]
 [20  8 10 26  0  0  0  0  0  0  0  0  0  0  0  0  0  0  0  0  0  0  0  0]
 [14 27  7  1  0  0  0  0  0  0  0  0  0  0  0  0  0  0  0  0  0  0  0  0]
 [27 20 25 28 17 16 18 12  0  0  0  0  0  0  0  0  0  0  0  0  0  0  0  0]
 [28 25  4  5  1 18 22 23  0  0  0  0  0  0  0  0  0  0  0  0  0  0  0  0]
 [ 4  0  0  0  0  0  0  0  0  0  0  0  0  0  0  0  0  0  0  0  0  0  0  0]
 [20 12 16 23  0  0  0  0  0  0  0  0  0  0  0  0  0  0  0  0  0  0  0  0]
 [11 12 10  0  0  0  0  0  0  0  0  0  0  0  0  0  0  0  0  0  0  0  0  0]]
gen= [[ 9 26 13 15  0  0  0  0  0  0  0  0  0  0  0  0  0  0  0  0  0  0  0  0]
 [21 11  0  0  0  0  0  0  0  0  0  0  0  0  0  0  0  0  0  0  0  0  0  0]
 [ 5 20  1 24  0  0  0  0  0  0  0  0  0  0  0  0  0  0  0  0  0  0  0  0]
 [26 20 10  0  0  0  0  0  0  0  0  0  0  0  0  0  0  0  0  0  0  0  0  0]
 [ 7  1 27 14  0  0  0  0  0  0  0  0  0  0  0  0  0  0  0  0  0  0  0  0]
 [17 20 18 27  0  0  0  0  0  0  0  0  0  0  0  0  0  0  0  0  0  0  0  0]
 [22  1 23 25  4  0  0  0  0  0  0  0  0  0  0  0  0  0  0  0  0  0  0  0]
 [ 4  0  0  0  0  0  0  0  0  0  0  0  0  0  0  0  0  0  0  0  0  0  0  0]
 [20 23 16 12  0  0  0  0  0  0  0  0  0  0  0  0  0  0  0  0  0  0  0  0]
 [11 10 12  0  0  0  0  0  0  0  0  0  0  0  0  0  0  0  0  0  0  0  0  0]]
valid: gen=0.596
reward: norm=0.951179772254537
[ 360 iterations]
real= [[10 13  0  0  0  0  0  0  0  0  0  0  0  0  0  0  0  0  0  0  0  0  0  0]
 [ 7 26  0  0  0  0  0  0  0  0  0  0  0  0  0  0  0  0  0  0  0  0  0  0]
 [13  1  0  0  0  0  0  0  0  0  0  0  0  0  0  0  0  0  0  0  0  0  0  0]
 [11 17  0  0  0  0  0  0  0  0  0  0  0  0  0  0  0  0  0  0  0  0  0  0]
 [25 21  0  0  0  0  0  0  0  0  0  0  0  0  0  0  0  0  0  0  0  0  0  0]
 [26 23 10 18 17  9 20  5  0  0  0  0  0  0  0  0  0  0  0  0  0  0  0  0]
 [27 25  2  1  3 17  9  0  0  0  0  0  0  0  0  0  0  0  0  0  0  0  0  0]
 [15  0  0  0  0  0  0  0  0  0  0  0  0  0  0  0  0  0  0  0  0  0  0  0]
 [27 16  0  0  0  0  0  0  0  0  0  0  0  0  0  0  0  0  0  0  0  0  0  0]
 [11  1 28 10  0  0  0  0  0  0  0  0  0  0  0  0  0  0  0  0  0  0  0  0]]
gen= [[13 10  0  0  0  0  0  0  0  0  0  0  0  0  0  0  0  0  0  0  0  0  0  0]
 [ 7 26  0  0  0  0  0  0  0  0  0  0  0  0  0  0  0  0  0  0  0  0  0  0]
 [ 1 13  0  0  0  0  0  0  0  0  0  0  0  0  0  0  0  0  0  0  0  0  0  0]
 [17 11  0  0  0  0  0  0  0  0  0  0  0  0  0  0  0  0  0  0  0  0  0  0]
 [21 25  0  0  0  0  0  0  0  0  0  0  0  0  0  0  0  0  0  0  0  0  0  0]
 [17 23 20 26  0  0  0  0  0  0  0  0  0  0  0  0  0  0  0  0  0  0  0  0]
 [ 1 17 25  9  0  0  0  0  0  0  0  0  0  0  0  0  0  0  0  0  0  0  0  0]
 [15  0  0  0  0  0  0  0  0  0  0  0  0  0  0  0  0  0  0  0  0  0  0  0]
 [16 27  0  0  0  0  0  0  0  0  0  0  0  0  0  0  0  0  0  0  0  0  0  0]
 [ 1 10 11  0  0  0  0  0  0  0  0  0  0  0  0  0  0  0  0  0  0  0  0  0]]
valid: gen=0.502
reward: norm=0.9573789519966946
[ 370 iterations]
real= [[24  7  9 25  0  0  0  0  0  0  0  0  0  0  0  0  0  0  0  0  0  0  0  0]
 [19 24 10 25  0  0  0  0  0  0  0  0  0  0  0  0  0  0  0  0  0  0  0  0]
 [25  4  5 20 19 17 13  7  0  0  0  0  0  0  0  0  0  0  0  0  0  0  0  0]
 [26 18 14 19  2  8  5  0  0  0  0  0  0  0  0  0  0  0  0  0  0  0  0  0]
 [ 5 28  9 15  3 26  0  0  0  0  0  0  0  0  0  0  0  0  0  0  0  0  0  0]
 [ 6 21  0  0  0  0  0  0  0  0  0  0  0  0  0  0  0  0  0  0  0  0  0  0]
 [ 4 27  7 28 12  0  0  0  0  0  0  0  0  0  0  0  0  0  0  0  0  0  0  0]
 [19  1  9  0  0  0  0  0  0  0  0  0  0  0  0  0  0  0  0  0  0  0  0  0]
 [23 19  0  0  0  0  0  0  0  0  0  0  0  0  0  0  0  0  0  0  0  0  0  0]
 [20  1 22 15  8  4  0  0  0  0  0  0  0  0  0  0  0  0  0  0  0  0  0  0]]
gen= [[ 9  7 25  0  0  0  0  0  0  0  0  0  0  0  0  0  0  0  0  0  0  0  0  0]
 [19 24 25  0  0  0  0  0  0  0  0  0  0  0  0  0  0  0  0  0  0  0  0  0]
 [ 7 17 20  5 25  0  0  0  0  0  0  0  0  0  0  0  0  0  0  0  0  0  0  0]
 [26  5 18 19 14  0  0  0  0  0  0  0  0  0  0  0  0  0  0  0  0  0  0  0]
 [26  5 15  3 28  0  0  0  0  0  0  0  0  0  0  0  0  0  0  0  0  0  0  0]
 [21  6  0  0  0  0  0  0  0  0  0  0  0  0  0  0  0  0  0  0  0  0  0  0]
 [ 7 12 27  4 28  0  0  0  0  0  0  0  0  0  0  0  0  0  0  0  0  0  0  0]
 [ 9  1 19  0  0  0  0  0  0  0  0  0  0  0  0  0  0  0  0  0  0  0  0  0]
 [23 19  0  0  0  0  0  0  0  0  0  0  0  0  0  0  0  0  0  0  0  0  0  0]
 [22 20  1  4  8  0  0  0  0  0  0  0  0  0  0  0  0  0  0  0  0  0  0  0]]
valid: gen=0.561
reward: norm=0.949672812573456
[ 380 iterations]
real= [[ 4  0  0  0  0  0  0  0  0  0  0  0  0  0  0  0  0  0  0  0  0  0  0  0]
 [24 14 17  0  0  0  0  0  0  0  0  0  0  0  0  0  0  0  0  0  0  0  0  0]
 [22 18 10 28  0  0  0  0  0  0  0  0  0  0  0  0  0  0  0  0  0  0  0  0]
 [27  4  1 15 24  6 12  0  0  0  0  0  0  0  0  0  0  0  0  0  0  0  0  0]
 [19 16 18  9  3  5  0  0  0  0  0  0  0  0  0  0  0  0  0  0  0  0  0  0]
 [22  8 28 26  0  0  0  0  0  0  0  0  0  0  0  0  0  0  0  0  0  0  0  0]
 [10 21  9 15  0  0  0  0  0  0  0  0  0  0  0  0  0  0  0  0  0  0  0  0]
 [18 17 19  2  8  0  0  0  0  0  0  0  0  0  0  0  0  0  0  0  0  0  0  0]
 [ 5 16  0  0  0  0  0  0  0  0  0  0  0  0  0  0  0  0  0  0  0  0  0  0]
 [10 12  0  0  0  0  0  0  0  0  0  0  0  0  0  0  0  0  0  0  0  0  0  0]]
gen= [[ 4  0  0  0  0  0  0  0  0  0  0  0  0  0  0  0  0  0  0  0  0  0  0  0]
 [17 24 14  0  0  0  0  0  0  0  0  0  0  0  0  0  0  0  0  0  0  0  0  0]
 [22 18 28  0  0  0  0  0  0  0  0  0  0  0  0  0  0  0  0  0  0  0  0  0]
 [ 1 27 12  0  0  0  0  0  0  0  0  0  0  0  0  0  0  0  0  0  0  0  0  0]
 [ 5  9 16  0  0  0  0  0  0  0  0  0  0  0  0  0  0  0  0  0  0  0  0  0]
 [22 26  8  0  0  0  0  0  0  0  0  0  0  0  0  0  0  0  0  0  0  0  0  0]
 [21  9 15  0  0  0  0  0  0  0  0  0  0  0  0  0  0  0  0  0  0  0  0  0]
 [17 18 19  0  0  0  0  0  0  0  0  0  0  0  0  0  0  0  0  0  0  0  0  0]
 [ 5 16  0  0  0  0  0  0  0  0  0  0  0  0  0  0  0  0  0  0  0  0  0  0]
 [10 12  0  0  0  0  0  0  0  0  0  0  0  0  0  0  0  0  0  0  0  0  0  0]]
valid: gen=0.422
reward: norm=0.9464772399864152
[ 390 iterations]
real= [[12  6 22  0  0  0  0  0  0  0  0  0  0  0  0  0  0  0  0  0  0  0  0  0]
 [24 17  3 11  0  0  0  0  0  0  0  0  0  0  0  0  0  0  0  0  0  0  0  0]
 [20 28  0  0  0  0  0  0  0  0  0  0  0  0  0  0  0  0  0  0  0  0  0  0]
 [25  4 28 18  3  0  0  0  0  0  0  0  0  0  0  0  0  0  0  0  0  0  0  0]
 [20  8  3 18 24  5  0  0  0  0  0  0  0  0  0  0  0  0  0  0  0  0  0  0]
 [11 12  9 26  0  0  0  0  0  0  0  0  0  0  0  0  0  0  0  0  0  0  0  0]
 [ 7 26  0  0  0  0  0  0  0  0  0  0  0  0  0  0  0  0  0  0  0  0  0  0]
 [ 5  4 16 15  0  0  0  0  0  0  0  0  0  0  0  0  0  0  0  0  0  0  0  0]
 [12  6 21 23  0  0  0  0  0  0  0  0  0  0  0  0  0  0  0  0  0  0  0  0]
 [10  6 26  0  0  0  0  0  0  0  0  0  0  0  0  0  0  0  0  0  0  0  0  0]]
gen= [[22  6 12  0  0  0  0  0  0  0  0  0  0  0  0  0  0  0  0  0  0  0  0  0]
 [17 24  3 11  0  0  0  0  0  0  0  0  0  0  0  0  0  0  0  0  0  0  0  0]
 [20 28  0  0  0  0  0  0  0  0  0  0  0  0  0  0  0  0  0  0  0  0  0  0]
 [ 4 18 25 28  0  0  0  0  0  0  0  0  0  0  0  0  0  0  0  0  0  0  0  0]
 [20  5 24 18  8  0  0  0  0  0  0  0  0  0  0  0  0  0  0  0  0  0  0  0]
 [ 9 26 12 11  0  0  0  0  0  0  0  0  0  0  0  0  0  0  0  0  0  0  0  0]
 [ 7 26  0  0  0  0  0  0  0  0  0  0  0  0  0  0  0  0  0  0  0  0  0  0]
 [ 5 15  4  0  0  0  0  0  0  0  0  0  0  0  0  0  0  0  0  0  0  0  0  0]
 [23 21 12  0  0  0  0  0  0  0  0  0  0  0  0  0  0  0  0  0  0  0  0  0]
 [26  6 10  0  0  0  0  0  0  0  0  0  0  0  0  0  0  0  0  0  0  0  0  0]]
valid: gen=0.554
reward: norm=0.9506658276524756
[ 400 iterations]
real= [[25 13  9 26 15  0  0  0  0  0  0  0  0  0  0  0  0  0  0  0  0  0  0  0]
 [11 21  0  0  0  0  0  0  0  0  0  0  0  0  0  0  0  0  0  0  0  0  0  0]
 [ 5 24  1 20  0  0  0  0  0  0  0  0  0  0  0  0  0  0  0  0  0  0  0  0]
 [20  8 10 26  0  0  0  0  0  0  0  0  0  0  0  0  0  0  0  0  0  0  0  0]
 [14 27  7  1  0  0  0  0  0  0  0  0  0  0  0  0  0  0  0  0  0  0  0  0]
 [27 20 25 28 17 16 18 12  0  0  0  0  0  0  0  0  0  0  0  0  0  0  0  0]
 [28 25  4  5  1 18 22 23  0  0  0  0  0  0  0  0  0  0  0  0  0  0  0  0]
 [ 4  0  0  0  0  0  0  0  0  0  0  0  0  0  0  0  0  0  0  0  0  0  0  0]
 [20 12 16 23  0  0  0  0  0  0  0  0  0  0  0  0  0  0  0  0  0  0  0  0]
 [11 12 10  0  0  0  0  0  0  0  0  0  0  0  0  0  0  0  0  0  0  0  0  0]]
gen= [[26 25 13  9  0  0  0  0  0  0  0  0  0  0  0  0  0  0  0  0  0  0  0  0]
 [21 11  0  0  0  0  0  0  0  0  0  0  0  0  0  0  0  0  0  0  0  0  0  0]
 [ 5  1 24 20  0  0  0  0  0  0  0  0  0  0  0  0  0  0  0  0  0  0  0  0]
 [20 26  0  0  0  0  0  0  0  0  0  0  0  0  0  0  0  0  0  0  0  0  0  0]
 [ 1  7 27 14  0  0  0  0  0  0  0  0  0  0  0  0  0  0  0  0  0  0  0  0]
 [17 20 25  0  0  0  0  0  0  0  0  0  0  0  0  0  0  0  0  0  0  0  0  0]
 [22 23  1  5 18  0  0  0  0  0  0  0  0  0  0  0  0  0  0  0  0  0  0  0]
 [ 4  0  0  0  0  0  0  0  0  0  0  0  0  0  0  0  0  0  0  0  0  0  0  0]
 [20 23 16  0  0  0  0  0  0  0  0  0  0  0  0  0  0  0  0  0  0  0  0  0]
 [12 10 11  0  0  0  0  0  0  0  0  0  0  0  0  0  0  0  0  0  0  0  0  0]]
valid: gen=0.568
reward: norm=0.9501946577840796
[ 410 iterations]
real= [[10 13  0  0  0  0  0  0  0  0  0  0  0  0  0  0  0  0  0  0  0  0  0  0]
 [ 7 26  0  0  0  0  0  0  0  0  0  0  0  0  0  0  0  0  0  0  0  0  0  0]
 [13  1  0  0  0  0  0  0  0  0  0  0  0  0  0  0  0  0  0  0  0  0  0  0]
 [11 17  0  0  0  0  0  0  0  0  0  0  0  0  0  0  0  0  0  0  0  0  0  0]
 [25 21  0  0  0  0  0  0  0  0  0  0  0  0  0  0  0  0  0  0  0  0  0  0]
 [26 23 10 18 17  9 20  5  0  0  0  0  0  0  0  0  0  0  0  0  0  0  0  0]
 [27 25  2  1  3 17  9  0  0  0  0  0  0  0  0  0  0  0  0  0  0  0  0  0]
 [15  0  0  0  0  0  0  0  0  0  0  0  0  0  0  0  0  0  0  0  0  0  0  0]
 [27 16  0  0  0  0  0  0  0  0  0  0  0  0  0  0  0  0  0  0  0  0  0  0]
 [11  1 28 10  0  0  0  0  0  0  0  0  0  0  0  0  0  0  0  0  0  0  0  0]]
gen= [[10 13  0  0  0  0  0  0  0  0  0  0  0  0  0  0  0  0  0  0  0  0  0  0]
 [ 7 26  0  0  0  0  0  0  0  0  0  0  0  0  0  0  0  0  0  0  0  0  0  0]
 [13  1  0  0  0  0  0  0  0  0  0  0  0  0  0  0  0  0  0  0  0  0  0  0]
 [17 11  0  0  0  0  0  0  0  0  0  0  0  0  0  0  0  0  0  0  0  0  0  0]
 [21 25  0  0  0  0  0  0  0  0  0  0  0  0  0  0  0  0  0  0  0  0  0  0]
 [23 20 17 26  0  0  0  0  0  0  0  0  0  0  0  0  0  0  0  0  0  0  0  0]
 [17  9  1 25  0  0  0  0  0  0  0  0  0  0  0  0  0  0  0  0  0  0  0  0]
 [15  0  0  0  0  0  0  0  0  0  0  0  0  0  0  0  0  0  0  0  0  0  0  0]
 [16 27  0  0  0  0  0  0  0  0  0  0  0  0  0  0  0  0  0  0  0  0  0  0]
 [ 1 10  0  0  0  0  0  0  0  0  0  0  0  0  0  0  0  0  0  0  0  0  0  0]]
valid: gen=0.514
reward: norm=0.9556959513501088
[ 420 iterations]
real= [[24  7  9 25  0  0  0  0  0  0  0  0  0  0  0  0  0  0  0  0  0  0  0  0]
 [19 24 10 25  0  0  0  0  0  0  0  0  0  0  0  0  0  0  0  0  0  0  0  0]
 [25  4  5 20 19 17 13  7  0  0  0  0  0  0  0  0  0  0  0  0  0  0  0  0]
 [26 18 14 19  2  8  5  0  0  0  0  0  0  0  0  0  0  0  0  0  0  0  0  0]
 [ 5 28  9 15  3 26  0  0  0  0  0  0  0  0  0  0  0  0  0  0  0  0  0  0]
 [ 6 21  0  0  0  0  0  0  0  0  0  0  0  0  0  0  0  0  0  0  0  0  0  0]
 [ 4 27  7 28 12  0  0  0  0  0  0  0  0  0  0  0  0  0  0  0  0  0  0  0]
 [19  1  9  0  0  0  0  0  0  0  0  0  0  0  0  0  0  0  0  0  0  0  0  0]
 [23 19  0  0  0  0  0  0  0  0  0  0  0  0  0  0  0  0  0  0  0  0  0  0]
 [20  1 22 15  8  4  0  0  0  0  0  0  0  0  0  0  0  0  0  0  0  0  0  0]]
gen= [[ 7  9 25  0  0  0  0  0  0  0  0  0  0  0  0  0  0  0  0  0  0  0  0  0]
 [10 24 25  0  0  0  0  0  0  0  0  0  0  0  0  0  0  0  0  0  0  0  0  0]
 [ 7 17 20  5 25  0  0  0  0  0  0  0  0  0  0  0  0  0  0  0  0  0  0  0]
 [ 5 26 18 19 14  0  0  0  0  0  0  0  0  0  0  0  0  0  0  0  0  0  0  0]
 [ 5 26  9  0  0  0  0  0  0  0  0  0  0  0  0  0  0  0  0  0  0  0  0  0]
 [21  6  0  0  0  0  0  0  0  0  0  0  0  0  0  0  0  0  0  0  0  0  0  0]
 [ 7 12  4 27 28  0  0  0  0  0  0  0  0  0  0  0  0  0  0  0  0  0  0  0]
 [ 1  9 19  0  0  0  0  0  0  0  0  0  0  0  0  0  0  0  0  0  0  0  0  0]
 [23 19  0  0  0  0  0  0  0  0  0  0  0  0  0  0  0  0  0  0  0  0  0  0]
 [22 20  1  4 15  0  0  0  0  0  0  0  0  0  0  0  0  0  0  0  0  0  0  0]]
valid: gen=0.553
reward: norm=0.9496544179741924
[ 430 iterations]
real= [[ 4  0  0  0  0  0  0  0  0  0  0  0  0  0  0  0  0  0  0  0  0  0  0  0]
 [24 14 17  0  0  0  0  0  0  0  0  0  0  0  0  0  0  0  0  0  0  0  0  0]
 [22 18 10 28  0  0  0  0  0  0  0  0  0  0  0  0  0  0  0  0  0  0  0  0]
 [27  4  1 15 24  6 12  0  0  0  0  0  0  0  0  0  0  0  0  0  0  0  0  0]
 [19 16 18  9  3  5  0  0  0  0  0  0  0  0  0  0  0  0  0  0  0  0  0  0]
 [22  8 28 26  0  0  0  0  0  0  0  0  0  0  0  0  0  0  0  0  0  0  0  0]
 [10 21  9 15  0  0  0  0  0  0  0  0  0  0  0  0  0  0  0  0  0  0  0  0]
 [18 17 19  2  8  0  0  0  0  0  0  0  0  0  0  0  0  0  0  0  0  0  0  0]
 [ 5 16  0  0  0  0  0  0  0  0  0  0  0  0  0  0  0  0  0  0  0  0  0  0]
 [10 12  0  0  0  0  0  0  0  0  0  0  0  0  0  0  0  0  0  0  0  0  0  0]]
gen= [[ 4  0  0  0  0  0  0  0  0  0  0  0  0  0  0  0  0  0  0  0  0  0  0  0]
 [17 24 14  0  0  0  0  0  0  0  0  0  0  0  0  0  0  0  0  0  0  0  0  0]
 [22 28 18  0  0  0  0  0  0  0  0  0  0  0  0  0  0  0  0  0  0  0  0  0]
 [24  1 15  0  0  0  0  0  0  0  0  0  0  0  0  0  0  0  0  0  0  0  0  0]
 [ 5  9 16  0  0  0  0  0  0  0  0  0  0  0  0  0  0  0  0  0  0  0  0  0]
 [22 26  8  0  0  0  0  0  0  0  0  0  0  0  0  0  0  0  0  0  0  0  0  0]
 [ 9 21 10  0  0  0  0  0  0  0  0  0  0  0  0  0  0  0  0  0  0  0  0  0]
 [17  2 19  0  0  0  0  0  0  0  0  0  0  0  0  0  0  0  0  0  0  0  0  0]
 [ 5 16  0  0  0  0  0  0  0  0  0  0  0  0  0  0  0  0  0  0  0  0  0  0]
 [10 12  0  0  0  0  0  0  0  0  0  0  0  0  0  0  0  0  0  0  0  0  0  0]]
valid: gen=0.427
reward: norm=0.9467441553542908
[ 440 iterations]
real= [[12  6 22  0  0  0  0  0  0  0  0  0  0  0  0  0  0  0  0  0  0  0  0  0]
 [24 17  3 11  0  0  0  0  0  0  0  0  0  0  0  0  0  0  0  0  0  0  0  0]
 [20 28  0  0  0  0  0  0  0  0  0  0  0  0  0  0  0  0  0  0  0  0  0  0]
 [25  4 28 18  3  0  0  0  0  0  0  0  0  0  0  0  0  0  0  0  0  0  0  0]
 [20  8  3 18 24  5  0  0  0  0  0  0  0  0  0  0  0  0  0  0  0  0  0  0]
 [11 12  9 26  0  0  0  0  0  0  0  0  0  0  0  0  0  0  0  0  0  0  0  0]
 [ 7 26  0  0  0  0  0  0  0  0  0  0  0  0  0  0  0  0  0  0  0  0  0  0]
 [ 5  4 16 15  0  0  0  0  0  0  0  0  0  0  0  0  0  0  0  0  0  0  0  0]
 [12  6 21 23  0  0  0  0  0  0  0  0  0  0  0  0  0  0  0  0  0  0  0  0]
 [10  6 26  0  0  0  0  0  0  0  0  0  0  0  0  0  0  0  0  0  0  0  0  0]]
gen= [[22 12  6  0  0  0  0  0  0  0  0  0  0  0  0  0  0  0  0  0  0  0  0  0]
 [17 24  3 11  0  0  0  0  0  0  0  0  0  0  0  0  0  0  0  0  0  0  0  0]
 [20 28  0  0  0  0  0  0  0  0  0  0  0  0  0  0  0  0  0  0  0  0  0  0]
 [ 4 28 18  3 25  0  0  0  0  0  0  0  0  0  0  0  0  0  0  0  0  0  0  0]
 [20  5 24  8  0  0  0  0  0  0  0  0  0  0  0  0  0  0  0  0  0  0  0  0]
 [26  9 12  0  0  0  0  0  0  0  0  0  0  0  0  0  0  0  0  0  0  0  0  0]
 [ 7 26  0  0  0  0  0  0  0  0  0  0  0  0  0  0  0  0  0  0  0  0  0  0]
 [ 5 16 15  0  0  0  0  0  0  0  0  0  0  0  0  0  0  0  0  0  0  0  0  0]
 [23 21 12  0  0  0  0  0  0  0  0  0  0  0  0  0  0  0  0  0  0  0  0  0]
 [26 10  6  0  0  0  0  0  0  0  0  0  0  0  0  0  0  0  0  0  0  0  0  0]]
valid: gen=0.561
reward: norm=0.9525588794253902
[ 450 iterations]
real= [[25 13  9 26 15  0  0  0  0  0  0  0  0  0  0  0  0  0  0  0  0  0  0  0]
 [11 21  0  0  0  0  0  0  0  0  0  0  0  0  0  0  0  0  0  0  0  0  0  0]
 [ 5 24  1 20  0  0  0  0  0  0  0  0  0  0  0  0  0  0  0  0  0  0  0  0]
 [20  8 10 26  0  0  0  0  0  0  0  0  0  0  0  0  0  0  0  0  0  0  0  0]
 [14 27  7  1  0  0  0  0  0  0  0  0  0  0  0  0  0  0  0  0  0  0  0  0]
 [27 20 25 28 17 16 18 12  0  0  0  0  0  0  0  0  0  0  0  0  0  0  0  0]
 [28 25  4  5  1 18 22 23  0  0  0  0  0  0  0  0  0  0  0  0  0  0  0  0]
 [ 4  0  0  0  0  0  0  0  0  0  0  0  0  0  0  0  0  0  0  0  0  0  0  0]
 [20 12 16 23  0  0  0  0  0  0  0  0  0  0  0  0  0  0  0  0  0  0  0  0]
 [11 12 10  0  0  0  0  0  0  0  0  0  0  0  0  0  0  0  0  0  0  0  0  0]]
gen= [[26 13  9 25  0  0  0  0  0  0  0  0  0  0  0  0  0  0  0  0  0  0  0  0]
 [21 11  0  0  0  0  0  0  0  0  0  0  0  0  0  0  0  0  0  0  0  0  0  0]
 [20  1  5 24  0  0  0  0  0  0  0  0  0  0  0  0  0  0  0  0  0  0  0  0]
 [20 26  0  0  0  0  0  0  0  0  0  0  0  0  0  0  0  0  0  0  0  0  0  0]
 [ 7  1 27 14  0  0  0  0  0  0  0  0  0  0  0  0  0  0  0  0  0  0  0  0]
 [20 17 16 18 25  0  0  0  0  0  0  0  0  0  0  0  0  0  0  0  0  0  0  0]
 [22 23  1 25  5 28  0  0  0  0  0  0  0  0  0  0  0  0  0  0  0  0  0  0]
 [ 4  0  0  0  0  0  0  0  0  0  0  0  0  0  0  0  0  0  0  0  0  0  0  0]
 [23 20 16 12  0  0  0  0  0  0  0  0  0  0  0  0  0  0  0  0  0  0  0  0]
 [10 11 12  0  0  0  0  0  0  0  0  0  0  0  0  0  0  0  0  0  0  0  0  0]]
valid: gen=0.574
reward: norm=0.951203726016026
[ 460 iterations]
real= [[10 13  0  0  0  0  0  0  0  0  0  0  0  0  0  0  0  0  0  0  0  0  0  0]
 [ 7 26  0  0  0  0  0  0  0  0  0  0  0  0  0  0  0  0  0  0  0  0  0  0]
 [13  1  0  0  0  0  0  0  0  0  0  0  0  0  0  0  0  0  0  0  0  0  0  0]
 [11 17  0  0  0  0  0  0  0  0  0  0  0  0  0  0  0  0  0  0  0  0  0  0]
 [25 21  0  0  0  0  0  0  0  0  0  0  0  0  0  0  0  0  0  0  0  0  0  0]
 [26 23 10 18 17  9 20  5  0  0  0  0  0  0  0  0  0  0  0  0  0  0  0  0]
 [27 25  2  1  3 17  9  0  0  0  0  0  0  0  0  0  0  0  0  0  0  0  0  0]
 [15  0  0  0  0  0  0  0  0  0  0  0  0  0  0  0  0  0  0  0  0  0  0  0]
 [27 16  0  0  0  0  0  0  0  0  0  0  0  0  0  0  0  0  0  0  0  0  0  0]
 [11  1 28 10  0  0  0  0  0  0  0  0  0  0  0  0  0  0  0  0  0  0  0  0]]
gen= [[10 13  0  0  0  0  0  0  0  0  0  0  0  0  0  0  0  0  0  0  0  0  0  0]
 [ 7 26  0  0  0  0  0  0  0  0  0  0  0  0  0  0  0  0  0  0  0  0  0  0]
 [ 1 13  0  0  0  0  0  0  0  0  0  0  0  0  0  0  0  0  0  0  0  0  0  0]
 [17 11  0  0  0  0  0  0  0  0  0  0  0  0  0  0  0  0  0  0  0  0  0  0]
 [21 25  0  0  0  0  0  0  0  0  0  0  0  0  0  0  0  0  0  0  0  0  0  0]
 [20 23 17 26  0  0  0  0  0  0  0  0  0  0  0  0  0  0  0  0  0  0  0  0]
 [ 9 17  1 25  0  0  0  0  0  0  0  0  0  0  0  0  0  0  0  0  0  0  0  0]
 [15  0  0  0  0  0  0  0  0  0  0  0  0  0  0  0  0  0  0  0  0  0  0  0]
 [27 16  0  0  0  0  0  0  0  0  0  0  0  0  0  0  0  0  0  0  0  0  0  0]
 [ 1 10  0  0  0  0  0  0  0  0  0  0  0  0  0  0  0  0  0  0  0  0  0  0]]
valid: gen=0.514
reward: norm=0.9564445007052519
[ 470 iterations]
real= [[24  7  9 25  0  0  0  0  0  0  0  0  0  0  0  0  0  0  0  0  0  0  0  0]
 [19 24 10 25  0  0  0  0  0  0  0  0  0  0  0  0  0  0  0  0  0  0  0  0]
 [25  4  5 20 19 17 13  7  0  0  0  0  0  0  0  0  0  0  0  0  0  0  0  0]
 [26 18 14 19  2  8  5  0  0  0  0  0  0  0  0  0  0  0  0  0  0  0  0  0]
 [ 5 28  9 15  3 26  0  0  0  0  0  0  0  0  0  0  0  0  0  0  0  0  0  0]
 [ 6 21  0  0  0  0  0  0  0  0  0  0  0  0  0  0  0  0  0  0  0  0  0  0]
 [ 4 27  7 28 12  0  0  0  0  0  0  0  0  0  0  0  0  0  0  0  0  0  0  0]
 [19  1  9  0  0  0  0  0  0  0  0  0  0  0  0  0  0  0  0  0  0  0  0  0]
 [23 19  0  0  0  0  0  0  0  0  0  0  0  0  0  0  0  0  0  0  0  0  0  0]
 [20  1 22 15  8  4  0  0  0  0  0  0  0  0  0  0  0  0  0  0  0  0  0  0]]
gen= [[ 9  7 25  0  0  0  0  0  0  0  0  0  0  0  0  0  0  0  0  0  0  0  0  0]
 [19 25 24  0  0  0  0  0  0  0  0  0  0  0  0  0  0  0  0  0  0  0  0  0]
 [20  7 17 25  5  0  0  0  0  0  0  0  0  0  0  0  0  0  0  0  0  0  0  0]
 [ 5 26  8 18  0  0  0  0  0  0  0  0  0  0  0  0  0  0  0  0  0  0  0  0]
 [ 5 26 15 28  3  0  0  0  0  0  0  0  0  0  0  0  0  0  0  0  0  0  0  0]
 [21  6  0  0  0  0  0  0  0  0  0  0  0  0  0  0  0  0  0  0  0  0  0  0]
 [ 7  4 12 27 28  0  0  0  0  0  0  0  0  0  0  0  0  0  0  0  0  0  0  0]
 [ 9  1 19  0  0  0  0  0  0  0  0  0  0  0  0  0  0  0  0  0  0  0  0  0]
 [23 19  0  0  0  0  0  0  0  0  0  0  0  0  0  0  0  0  0  0  0  0  0  0]
 [22  1 20  4  8  0  0  0  0  0  0  0  0  0  0  0  0  0  0  0  0  0  0  0]]
valid: gen=0.564
reward: norm=0.9504805481921761
[ 480 iterations]
real= [[ 4  0  0  0  0  0  0  0  0  0  0  0  0  0  0  0  0  0  0  0  0  0  0  0]
 [24 14 17  0  0  0  0  0  0  0  0  0  0  0  0  0  0  0  0  0  0  0  0  0]
 [22 18 10 28  0  0  0  0  0  0  0  0  0  0  0  0  0  0  0  0  0  0  0  0]
 [27  4  1 15 24  6 12  0  0  0  0  0  0  0  0  0  0  0  0  0  0  0  0  0]
 [19 16 18  9  3  5  0  0  0  0  0  0  0  0  0  0  0  0  0  0  0  0  0  0]
 [22  8 28 26  0  0  0  0  0  0  0  0  0  0  0  0  0  0  0  0  0  0  0  0]
 [10 21  9 15  0  0  0  0  0  0  0  0  0  0  0  0  0  0  0  0  0  0  0  0]
 [18 17 19  2  8  0  0  0  0  0  0  0  0  0  0  0  0  0  0  0  0  0  0  0]
 [ 5 16  0  0  0  0  0  0  0  0  0  0  0  0  0  0  0  0  0  0  0  0  0  0]
 [10 12  0  0  0  0  0  0  0  0  0  0  0  0  0  0  0  0  0  0  0  0  0  0]]
gen= [[ 4  0  0  0  0  0  0  0  0  0  0  0  0  0  0  0  0  0  0  0  0  0  0  0]
 [17 24 14  0  0  0  0  0  0  0  0  0  0  0  0  0  0  0  0  0  0  0  0  0]
 [22 28 18  0  0  0  0  0  0  0  0  0  0  0  0  0  0  0  0  0  0  0  0  0]
 [15  1 12  0  0  0  0  0  0  0  0  0  0  0  0  0  0  0  0  0  0  0  0  0]
 [ 5  9 16  0  0  0  0  0  0  0  0  0  0  0  0  0  0  0  0  0  0  0  0  0]
 [22 26  8  0  0  0  0  0  0  0  0  0  0  0  0  0  0  0  0  0  0  0  0  0]
 [ 9 21 10  0  0  0  0  0  0  0  0  0  0  0  0  0  0  0  0  0  0  0  0  0]
 [17 18  2  0  0  0  0  0  0  0  0  0  0  0  0  0  0  0  0  0  0  0  0  0]
 [ 5 16  0  0  0  0  0  0  0  0  0  0  0  0  0  0  0  0  0  0  0  0  0  0]
 [12 10  0  0  0  0  0  0  0  0  0  0  0  0  0  0  0  0  0  0  0  0  0  0]]
valid: gen=0.424
reward: norm=0.9464355681710479
[ 490 iterations]
real= [[12  6 22  0  0  0  0  0  0  0  0  0  0  0  0  0  0  0  0  0  0  0  0  0]
 [24 17  3 11  0  0  0  0  0  0  0  0  0  0  0  0  0  0  0  0  0  0  0  0]
 [20 28  0  0  0  0  0  0  0  0  0  0  0  0  0  0  0  0  0  0  0  0  0  0]
 [25  4 28 18  3  0  0  0  0  0  0  0  0  0  0  0  0  0  0  0  0  0  0  0]
 [20  8  3 18 24  5  0  0  0  0  0  0  0  0  0  0  0  0  0  0  0  0  0  0]
 [11 12  9 26  0  0  0  0  0  0  0  0  0  0  0  0  0  0  0  0  0  0  0  0]
 [ 7 26  0  0  0  0  0  0  0  0  0  0  0  0  0  0  0  0  0  0  0  0  0  0]
 [ 5  4 16 15  0  0  0  0  0  0  0  0  0  0  0  0  0  0  0  0  0  0  0  0]
 [12  6 21 23  0  0  0  0  0  0  0  0  0  0  0  0  0  0  0  0  0  0  0  0]
 [10  6 26  0  0  0  0  0  0  0  0  0  0  0  0  0  0  0  0  0  0  0  0  0]]
gen= [[22 12  6  0  0  0  0  0  0  0  0  0  0  0  0  0  0  0  0  0  0  0  0  0]
 [17 24  3 11  0  0  0  0  0  0  0  0  0  0  0  0  0  0  0  0  0  0  0  0]
 [20 28  0  0  0  0  0  0  0  0  0  0  0  0  0  0  0  0  0  0  0  0  0  0]
 [ 4 18 25 28  0  0  0  0  0  0  0  0  0  0  0  0  0  0  0  0  0  0  0  0]
 [20  5 18 24  8  0  0  0  0  0  0  0  0  0  0  0  0  0  0  0  0  0  0  0]
 [26  9 12  0  0  0  0  0  0  0  0  0  0  0  0  0  0  0  0  0  0  0  0  0]
 [ 7 26  0  0  0  0  0  0  0  0  0  0  0  0  0  0  0  0  0  0  0  0  0  0]
 [ 5 16 15  0  0  0  0  0  0  0  0  0  0  0  0  0  0  0  0  0  0  0  0  0]
 [23 21 12  0  0  0  0  0  0  0  0  0  0  0  0  0  0  0  0  0  0  0  0  0]
 [26 10  6  0  0  0  0  0  0  0  0  0  0  0  0  0  0  0  0  0  0  0  0  0]]
valid: gen=0.558
reward: norm=0.9522286158627579
