read problem
[ 1 iterations]
real=[[13, 16, 0, 0, 0, 0, 0, 0, 0, 0], [28, 26, 17, 3, 1, 13, 15, 16, 8, 0], [27, 23, 22, 2, 1, 13, 15, 21, 7, 0], [19, 27, 0, 0, 0, 0, 0, 0, 0, 0], [26, 22, 16, 18, 2, 13, 15, 14, 9, 0], [28, 27, 19, 3, 1, 13, 6, 4, 9, 0], [27, 26, 23, 14, 12, 22, 7, 21, 9, 0], [28, 27, 22, 25, 2, 10, 8, 14, 12, 0], [26, 23, 17, 14, 16, 2, 19, 1, 12, 0], [10, 5, 13, 19, 2, 0, 0, 0, 0, 0]]
gen=[[27, 3, 0, 0, 0, 0, 0, 0, 0, 0], [3, 3, 3, 0, 0, 0, 0, 0, 0, 0], [21, 3, 3, 0, 0, 0, 0, 0, 0, 0], [28, 3, 3, 0, 0, 0, 0, 0, 0, 0], [3, 3, 0, 0, 0, 0, 0, 0, 0, 0], [3, 3, 3, 0, 0, 0, 0, 0, 0, 0], [3, 3, 3, 0, 0, 0, 0, 0, 0, 0], [21, 3, 0, 0, 0, 0, 0, 0, 0, 0], [3, 3, 3, 0, 0, 0, 0, 0, 0, 0], [27, 3, 0, 0, 0, 0, 0, 0, 0, 0]]
valid routes=0.0
norm-reward=0.7716958687965239
[ 2 iterations]
real=[[24, 22, 19, 3, 2, 13, 15, 16, 10, 0], [15, 0, 0, 0, 0, 0, 0, 0, 0, 0], [28, 26, 20, 10, 2, 13, 8, 1, 12, 0], [28, 27, 26, 18, 25, 13, 6, 11, 12, 0], [24, 23, 16, 18, 12, 7, 15, 13, 9, 0], [26, 21, 12, 2, 20, 10, 19, 16, 0, 0], [27, 20, 14, 11, 2, 4, 6, 1, 17, 0], [26, 23, 16, 21, 12, 13, 8, 11, 9, 0], [27, 26, 24, 25, 6, 22, 7, 5, 23, 0], [25, 24, 23, 14, 12, 13, 21, 11, 20, 0]]
gen=[[24, 2, 2, 2, 2, 2, 2, 2, 2, 2], [24, 2, 2, 2, 2, 2, 2, 2, 2, 2], [27, 2, 2, 2, 2, 2, 2, 2, 2, 2], [24, 2, 2, 2, 2, 2, 2, 2, 2, 2], [24, 2, 2, 2, 2, 2, 2, 2, 2, 2], [24, 2, 2, 2, 2, 2, 2, 2, 2, 2], [27, 2, 2, 2, 2, 2, 2, 2, 2, 2], [24, 2, 2, 2, 2, 2, 2, 2, 2, 2], [24, 27, 2, 2, 2, 2, 2, 2, 2, 2], [24, 2, 2, 2, 2, 2, 2, 2, 2, 2]]
valid routes=0.0
norm-reward=0.9441509331812632
[ 3 iterations]
real=[[17, 2, 5, 18, 25, 10, 0, 0, 0, 0], [27, 26, 22, 25, 14, 13, 6, 11, 10, 0], [27, 22, 21, 3, 12, 13, 7, 11, 20, 0], [25, 23, 20, 3, 2, 4, 15, 10, 19, 0], [28, 26, 25, 18, 3, 4, 20, 10, 9, 0], [28, 14, 23, 27, 0, 0, 0, 0, 0, 0], [26, 25, 24, 18, 2, 7, 15, 11, 10, 0], [13, 2, 0, 0, 0, 0, 0, 0, 0, 0], [28, 26, 23, 4, 1, 7, 19, 14, 9, 0], [21, 12, 16, 11, 6, 4, 17, 0, 0, 0]]
gen=[[17, 18, 2, 2, 2, 2, 2, 2, 2, 2], [17, 18, 2, 2, 2, 2, 2, 2, 2, 2], [17, 18, 2, 2, 2, 2, 2, 2, 2, 2], [17, 18, 2, 2, 2, 2, 2, 2, 2, 2], [17, 18, 2, 2, 2, 2, 2, 2, 2, 2], [17, 18, 2, 2, 2, 2, 2, 2, 2, 2], [17, 18, 2, 2, 2, 2, 2, 2, 2, 2], [17, 18, 2, 2, 2, 2, 2, 2, 2, 2], [17, 18, 2, 2, 2, 2, 2, 2, 2, 2], [17, 18, 2, 2, 2, 2, 2, 2, 2, 2]]
valid routes=0.0
norm-reward=0.9437189847159821
[ 4 iterations]
real=[[25, 24, 16, 14, 6, 7, 17, 2, 12, 0], [25, 20, 16, 19, 3, 7, 15, 11, 8, 0], [26, 25, 24, 4, 6, 5, 7, 12, 9, 0], [25, 18, 17, 10, 3, 13, 7, 14, 8, 0], [26, 27, 23, 18, 12, 13, 6, 0, 0, 0], [28, 27, 26, 4, 6, 13, 21, 11, 19, 0], [26, 22, 20, 10, 16, 7, 17, 14, 19, 0], [24, 20, 16, 11, 2, 5, 17, 1, 8, 0], [21, 7, 0, 0, 0, 0, 0, 0, 0, 0], [28, 22, 21, 18, 1, 4, 5, 14, 8, 0]]
gen=[[28, 18, 2, 2, 2, 2, 2, 2, 2, 2], [28, 18, 2, 2, 2, 2, 2, 2, 2, 2], [28, 18, 2, 2, 2, 2, 2, 2, 2, 2], [28, 18, 2, 2, 2, 2, 2, 2, 2, 2], [28, 18, 2, 2, 2, 2, 2, 2, 2, 2], [28, 18, 2, 2, 2, 2, 2, 2, 2, 2], [28, 18, 2, 2, 2, 2, 2, 2, 2, 2], [28, 18, 2, 2, 2, 2, 2, 2, 2, 2], [28, 18, 2, 2, 2, 2, 2, 2, 2, 2], [28, 18, 2, 2, 2, 2, 2, 2, 2, 2]]
valid routes=0.0
norm-reward=0.9072669566201736
[ 5 iterations]
real=[[25, 22, 21, 3, 12, 4, 19, 14, 20, 0], [28, 22, 21, 14, 2, 7, 8, 16, 20, 0], [28, 23, 21, 20, 6, 5, 19, 11, 9, 0], [26, 24, 22, 2, 20, 16, 6, 1, 9, 0], [28, 27, 17, 4, 5, 13, 7, 11, 14, 0], [26, 25, 16, 2, 1, 5, 6, 11, 9, 0], [25, 24, 21, 2, 6, 7, 8, 1, 20, 0], [26, 25, 21, 18, 1, 5, 8, 16, 12, 0], [25, 20, 13, 4, 2, 5, 1, 12, 9, 0], [27, 26, 21, 25, 1, 13, 15, 19, 7, 0]]
gen=[[28, 2, 2, 2, 2, 2, 2, 2, 2, 2], [28, 2, 2, 2, 2, 2, 2, 2, 2, 2], [28, 2, 2, 2, 2, 2, 2, 2, 2, 2], [28, 2, 2, 2, 2, 2, 2, 2, 2, 2], [28, 2, 2, 2, 2, 2, 2, 2, 2, 2], [28, 2, 2, 2, 2, 2, 2, 2, 2, 2], [28, 2, 2, 2, 2, 2, 2, 2, 2, 2], [28, 2, 2, 2, 2, 2, 2, 2, 2, 2], [28, 2, 2, 2, 2, 2, 2, 2, 2, 2], [28, 2, 2, 2, 2, 2, 2, 2, 2, 2]]
valid routes=0.0
norm-reward=1.0177275239371577
[ 6 iterations]
real=[[7, 0, 0, 0, 0, 0, 0, 0, 0, 0], [27, 24, 15, 18, 6, 13, 5, 10, 12, 0], [27, 24, 23, 18, 17, 13, 7, 4, 8, 0], [24, 19, 16, 10, 6, 13, 7, 14, 8, 0], [27, 26, 22, 25, 5, 7, 17, 10, 20, 0], [26, 25, 21, 18, 5, 7, 8, 10, 20, 0], [27, 25, 14, 12, 6, 7, 15, 5, 8, 0], [25, 24, 23, 4, 1, 13, 7, 8, 10, 0], [16, 14, 8, 11, 1, 5, 19, 0, 0, 0], [9, 4, 16, 20, 6, 0, 0, 0, 0, 0]]
gen=[[28, 2, 2, 2, 2, 2, 2, 2, 2, 2], [28, 2, 2, 2, 2, 2, 2, 2, 2, 2], [28, 2, 2, 2, 2, 2, 2, 2, 2, 2], [28, 2, 2, 2, 2, 2, 2, 2, 2, 2], [28, 2, 2, 2, 2, 2, 2, 2, 2, 2], [28, 2, 2, 2, 2, 2, 2, 2, 2, 2], [28, 2, 2, 2, 2, 2, 2, 2, 2, 2], [28, 2, 2, 2, 2, 2, 2, 2, 2, 2], [28, 2, 2, 2, 2, 2, 2, 2, 2, 2], [28, 2, 2, 2, 2, 2, 2, 2, 2, 2]]
valid routes=0.0
norm-reward=1.0316602243870008
[ 7 iterations]
real=[[27, 23, 20, 4, 6, 13, 15, 11, 8, 0], [21, 27, 24, 0, 0, 0, 0, 0, 0, 0], [28, 27, 23, 26, 3, 13, 1, 11, 17, 0], [26, 25, 23, 10, 6, 22, 17, 16, 12, 0], [28, 24, 21, 4, 1, 13, 7, 11, 14, 0], [6, 12, 24, 4, 20, 5, 0, 0, 0, 0], [24, 23, 17, 10, 1, 21, 15, 14, 0, 0], [27, 25, 16, 14, 2, 21, 1, 10, 12, 0], [26, 14, 23, 25, 16, 5, 20, 0, 0, 0], [27, 22, 14, 20, 2, 13, 1, 11, 9, 0]]
gen=[[28, 2, 2, 2, 2, 2, 2, 2, 2, 2], [28, 2, 2, 2, 2, 2, 2, 2, 2, 2], [28, 2, 2, 2, 2, 2, 2, 2, 2, 2], [28, 2, 2, 2, 2, 2, 2, 2, 2, 2], [28, 2, 2, 2, 2, 2, 2, 2, 2, 2], [28, 2, 2, 2, 2, 2, 2, 2, 2, 2], [28, 2, 2, 2, 2, 2, 2, 2, 2, 2], [28, 2, 2, 2, 2, 2, 2, 2, 2, 2], [28, 2, 2, 2, 2, 2, 2, 2, 2, 2], [28, 2, 2, 2, 2, 2, 2, 2, 2, 2]]
valid routes=0.0
norm-reward=1.0315194108357053
[ 8 iterations]
real=[[27, 24, 17, 14, 1, 13, 15, 16, 8, 0], [21, 4, 23, 3, 6, 13, 0, 0, 0, 0], [26, 17, 14, 4, 6, 13, 7, 5, 8, 0], [17, 14, 19, 0, 0, 0, 0, 0, 0, 0], [28, 27, 24, 14, 2, 13, 19, 12, 20, 0], [2, 0, 0, 0, 0, 0, 0, 0, 0, 0], [28, 22, 20, 18, 2, 13, 6, 10, 9, 0], [20, 12, 22, 0, 0, 0, 0, 0, 0, 0], [26, 25, 17, 18, 2, 13, 7, 1, 9, 0], [27, 26, 20, 3, 6, 5, 17, 14, 9, 0]]
gen=[[28, 2, 2, 2, 2, 2, 2, 2, 2, 2], [28, 2, 2, 2, 2, 2, 2, 2, 2, 2], [28, 2, 2, 2, 2, 2, 2, 2, 2, 2], [28, 2, 2, 2, 2, 2, 2, 2, 2, 2], [28, 2, 2, 2, 2, 2, 2, 2, 2, 2], [28, 2, 2, 2, 2, 2, 2, 2, 2, 2], [28, 2, 2, 2, 2, 2, 2, 2, 2, 2], [28, 2, 2, 2, 2, 2, 2, 2, 2, 2], [28, 2, 2, 2, 2, 2, 2, 2, 2, 2], [28, 2, 2, 2, 2, 2, 2, 2, 2, 2]]
valid routes=0.0
norm-reward=1.025759446365241
[ 9 iterations]
real=[[28, 22, 16, 10, 20, 7, 6, 14, 9, 0], [26, 25, 8, 4, 5, 3, 1, 2, 20, 0], [28, 20, 16, 18, 12, 4, 10, 14, 9, 0], [24, 22, 19, 4, 6, 7, 15, 10, 12, 0], [27, 25, 23, 10, 16, 7, 8, 21, 19, 0], [27, 25, 23, 22, 3, 5, 24, 19, 20, 0], [28, 26, 24, 3, 1, 22, 6, 4, 10, 0], [24, 20, 12, 10, 1, 7, 8, 11, 9, 0], [26, 25, 24, 3, 2, 5, 23, 10, 12, 0], [23, 22, 21, 18, 12, 5, 8, 14, 19, 0]]
gen=[[28, 2, 2, 2, 2, 2, 2, 2, 2, 2], [28, 2, 2, 2, 2, 2, 2, 2, 2, 2], [28, 2, 2, 2, 2, 2, 2, 2, 2, 2], [28, 2, 2, 2, 2, 2, 2, 2, 2, 2], [28, 2, 2, 2, 2, 2, 2, 2, 2, 2], [28, 2, 2, 2, 2, 2, 2, 2, 2, 2], [28, 2, 2, 2, 2, 2, 2, 2, 2, 2], [28, 2, 2, 2, 2, 2, 2, 2, 2, 2], [28, 2, 2, 2, 2, 2, 2, 2, 2, 2], [28, 2, 2, 2, 2, 2, 2, 2, 2, 2]]
valid routes=0.0
norm-reward=1.027130476277433
[ 10 iterations]
real=[[19, 0, 0, 0, 0, 0, 0, 0, 0, 0], [15, 5, 24, 22, 0, 0, 0, 0, 0, 0], [28, 21, 23, 10, 2, 13, 15, 0, 0, 0], [27, 24, 22, 11, 6, 5, 15, 8, 9, 0], [18, 28, 10, 0, 0, 0, 0, 0, 0, 0], [25, 24, 17, 18, 12, 13, 6, 11, 10, 0], [28, 26, 16, 11, 9, 22, 8, 4, 10, 0], [27, 19, 17, 3, 5, 13, 7, 8, 9, 0], [28, 27, 23, 25, 3, 7, 15, 2, 8, 0], [22, 20, 17, 18, 3, 4, 5, 14, 8, 0]]
gen=[[28, 2, 2, 2, 2, 2, 2, 2, 2, 2], [28, 2, 2, 2, 2, 2, 2, 2, 2, 2], [28, 2, 2, 2, 2, 2, 2, 2, 2, 2], [28, 2, 2, 2, 2, 2, 2, 2, 2, 2], [28, 2, 2, 2, 2, 2, 2, 2, 2, 2], [28, 2, 2, 2, 2, 2, 2, 2, 2, 2], [28, 2, 2, 2, 2, 2, 2, 2, 2, 2], [28, 2, 2, 2, 2, 2, 2, 2, 2, 2], [28, 2, 2, 2, 2, 2, 2, 2, 2, 2], [28, 2, 2, 2, 2, 2, 2, 2, 2, 2]]
valid routes=0.0
norm-reward=1.0376380433325627
[ 11 iterations]
real=[[13, 16, 0, 0, 0, 0, 0, 0, 0, 0], [28, 26, 17, 3, 1, 13, 15, 16, 8, 0], [27, 23, 22, 2, 1, 13, 15, 21, 7, 0], [19, 27, 0, 0, 0, 0, 0, 0, 0, 0], [26, 22, 16, 18, 2, 13, 15, 14, 9, 0], [28, 27, 19, 3, 1, 13, 6, 4, 9, 0], [27, 26, 23, 14, 12, 22, 7, 21, 9, 0], [28, 27, 22, 25, 2, 10, 8, 14, 12, 0], [26, 23, 17, 14, 16, 2, 19, 1, 12, 0], [10, 5, 13, 19, 2, 0, 0, 0, 0, 0]]
gen=[[28, 2, 2, 2, 2, 2, 2, 2, 2, 2], [28, 2, 2, 2, 2, 2, 2, 2, 2, 2], [28, 2, 2, 2, 2, 2, 2, 2, 2, 2], [28, 2, 2, 2, 2, 2, 2, 2, 2, 2], [28, 2, 2, 2, 2, 2, 2, 2, 2, 2], [28, 2, 2, 2, 2, 2, 2, 2, 2, 2], [28, 2, 2, 2, 2, 2, 2, 2, 2, 2], [28, 2, 2, 2, 2, 2, 2, 2, 2, 2], [28, 2, 2, 2, 2, 2, 2, 2, 2, 2], [28, 2, 2, 2, 2, 2, 2, 2, 2, 2]]
valid routes=0.0
norm-reward=1.0217782616160302
[ 12 iterations]
real=[[24, 22, 19, 3, 2, 13, 15, 16, 10, 0], [15, 0, 0, 0, 0, 0, 0, 0, 0, 0], [28, 26, 20, 10, 2, 13, 8, 1, 12, 0], [28, 27, 26, 18, 25, 13, 6, 11, 12, 0], [24, 23, 16, 18, 12, 7, 15, 13, 9, 0], [26, 21, 12, 2, 20, 10, 19, 16, 0, 0], [27, 20, 14, 11, 2, 4, 6, 1, 17, 0], [26, 23, 16, 21, 12, 13, 8, 11, 9, 0], [27, 26, 24, 25, 6, 22, 7, 5, 23, 0], [25, 24, 23, 14, 12, 13, 21, 11, 20, 0]]
gen=[[28, 2, 2, 2, 2, 2, 2, 2, 2, 2], [28, 2, 2, 2, 2, 2, 2, 2, 2, 2], [28, 2, 2, 2, 2, 2, 2, 2, 2, 2], [28, 2, 2, 2, 2, 2, 2, 2, 2, 2], [28, 2, 2, 2, 2, 2, 2, 2, 2, 2], [28, 2, 2, 2, 2, 2, 2, 2, 2, 2], [28, 2, 2, 2, 2, 2, 2, 2, 2, 2], [28, 2, 2, 2, 2, 2, 2, 2, 2, 2], [28, 2, 2, 2, 2, 2, 2, 2, 2, 2], [28, 2, 2, 2, 2, 2, 2, 2, 2, 2]]
valid routes=0.0
norm-reward=1.0272624348175639
[ 13 iterations]
real=[[17, 2, 5, 18, 25, 10, 0, 0, 0, 0], [27, 26, 22, 25, 14, 13, 6, 11, 10, 0], [27, 22, 21, 3, 12, 13, 7, 11, 20, 0], [25, 23, 20, 3, 2, 4, 15, 10, 19, 0], [28, 26, 25, 18, 3, 4, 20, 10, 9, 0], [28, 14, 23, 27, 0, 0, 0, 0, 0, 0], [26, 25, 24, 18, 2, 7, 15, 11, 10, 0], [13, 2, 0, 0, 0, 0, 0, 0, 0, 0], [28, 26, 23, 4, 1, 7, 19, 14, 9, 0], [21, 12, 16, 11, 6, 4, 17, 0, 0, 0]]
gen=[[28, 2, 2, 2, 2, 2, 2, 2, 2, 2], [28, 2, 2, 2, 2, 2, 2, 2, 2, 2], [28, 2, 2, 2, 2, 2, 2, 2, 2, 2], [28, 2, 2, 2, 2, 2, 2, 2, 2, 2], [28, 2, 2, 2, 2, 2, 2, 2, 2, 2], [28, 2, 2, 2, 2, 2, 2, 2, 2, 2], [28, 2, 2, 2, 2, 2, 2, 2, 2, 2], [28, 2, 2, 2, 2, 2, 2, 2, 2, 2], [28, 2, 2, 2, 2, 2, 2, 2, 2, 2], [28, 2, 2, 2, 2, 2, 2, 2, 2, 2]]
valid routes=0.0
norm-reward=1.0280736690455832
[ 14 iterations]
real=[[25, 24, 16, 14, 6, 7, 17, 2, 12, 0], [25, 20, 16, 19, 3, 7, 15, 11, 8, 0], [26, 25, 24, 4, 6, 5, 7, 12, 9, 0], [25, 18, 17, 10, 3, 13, 7, 14, 8, 0], [26, 27, 23, 18, 12, 13, 6, 0, 0, 0], [28, 27, 26, 4, 6, 13, 21, 11, 19, 0], [26, 22, 20, 10, 16, 7, 17, 14, 19, 0], [24, 20, 16, 11, 2, 5, 17, 1, 8, 0], [21, 7, 0, 0, 0, 0, 0, 0, 0, 0], [28, 22, 21, 18, 1, 4, 5, 14, 8, 0]]
gen=[[28, 2, 2, 2, 2, 2, 2, 2, 2, 2], [28, 2, 2, 2, 2, 2, 2, 2, 2, 2], [28, 2, 2, 2, 2, 2, 2, 2, 2, 2], [28, 2, 2, 2, 2, 2, 2, 2, 2, 2], [28, 2, 2, 2, 2, 2, 2, 2, 2, 2], [28, 2, 2, 2, 2, 2, 2, 2, 2, 2], [28, 2, 2, 2, 2, 2, 2, 2, 2, 2], [28, 2, 2, 2, 2, 2, 2, 2, 2, 2], [28, 2, 2, 2, 2, 2, 2, 2, 2, 2], [28, 2, 2, 2, 2, 2, 2, 2, 2, 2]]
valid routes=0.0
norm-reward=1.0304490034179146
[ 15 iterations]
real=[[25, 22, 21, 3, 12, 4, 19, 14, 20, 0], [28, 22, 21, 14, 2, 7, 8, 16, 20, 0], [28, 23, 21, 20, 6, 5, 19, 11, 9, 0], [26, 24, 22, 2, 20, 16, 6, 1, 9, 0], [28, 27, 17, 4, 5, 13, 7, 11, 14, 0], [26, 25, 16, 2, 1, 5, 6, 11, 9, 0], [25, 24, 21, 2, 6, 7, 8, 1, 20, 0], [26, 25, 21, 18, 1, 5, 8, 16, 12, 0], [25, 20, 13, 4, 2, 5, 1, 12, 9, 0], [27, 26, 21, 25, 1, 13, 15, 19, 7, 0]]
gen=[[28, 2, 2, 2, 2, 2, 2, 2, 2, 2], [28, 2, 2, 2, 2, 2, 2, 2, 2, 2], [28, 2, 2, 2, 2, 2, 2, 2, 2, 2], [28, 2, 2, 2, 2, 2, 2, 2, 2, 2], [28, 2, 2, 2, 2, 2, 2, 2, 2, 2], [28, 2, 2, 2, 2, 2, 2, 2, 2, 2], [28, 2, 2, 2, 2, 2, 2, 2, 2, 2], [28, 2, 2, 2, 2, 2, 2, 2, 2, 2], [28, 2, 2, 2, 2, 2, 2, 2, 2, 2], [28, 2, 2, 2, 2, 2, 2, 2, 2, 2]]
valid routes=0.0
norm-reward=1.032379842920878
[ 16 iterations]
real=[[7, 0, 0, 0, 0, 0, 0, 0, 0, 0], [27, 24, 15, 18, 6, 13, 5, 10, 12, 0], [27, 24, 23, 18, 17, 13, 7, 4, 8, 0], [24, 19, 16, 10, 6, 13, 7, 14, 8, 0], [27, 26, 22, 25, 5, 7, 17, 10, 20, 0], [26, 25, 21, 18, 5, 7, 8, 10, 20, 0], [27, 25, 14, 12, 6, 7, 15, 5, 8, 0], [25, 24, 23, 4, 1, 13, 7, 8, 10, 0], [16, 14, 8, 11, 1, 5, 19, 0, 0, 0], [9, 4, 16, 20, 6, 0, 0, 0, 0, 0]]
gen=[[28, 2, 2, 2, 2, 2, 2, 2, 2, 2], [28, 2, 2, 2, 2, 2, 2, 2, 2, 2], [28, 2, 2, 2, 2, 2, 2, 2, 2, 2], [28, 2, 2, 2, 2, 2, 2, 2, 2, 2], [28, 2, 2, 2, 2, 2, 2, 2, 2, 2], [28, 2, 2, 2, 2, 2, 2, 2, 2, 2], [28, 2, 2, 2, 2, 2, 2, 2, 2, 2], [28, 28, 2, 2, 2, 2, 2, 2, 2, 2], [28, 28, 2, 2, 2, 2, 2, 2, 2, 2], [28, 2, 2, 2, 2, 2, 2, 2, 2, 2]]
valid routes=0.0
norm-reward=1.0300756756816336
[ 17 iterations]
real=[[27, 23, 20, 4, 6, 13, 15, 11, 8, 0], [21, 27, 24, 0, 0, 0, 0, 0, 0, 0], [28, 27, 23, 26, 3, 13, 1, 11, 17, 0], [26, 25, 23, 10, 6, 22, 17, 16, 12, 0], [28, 24, 21, 4, 1, 13, 7, 11, 14, 0], [6, 12, 24, 4, 20, 5, 0, 0, 0, 0], [24, 23, 17, 10, 1, 21, 15, 14, 0, 0], [27, 25, 16, 14, 2, 21, 1, 10, 12, 0], [26, 14, 23, 25, 16, 5, 20, 0, 0, 0], [27, 22, 14, 20, 2, 13, 1, 11, 9, 0]]
gen=[[13, 13, 13, 1, 1, 1, 1, 1, 1, 1], [28, 28, 13, 13, 1, 13, 1, 13, 1, 1], [28, 2, 2, 2, 2, 2, 2, 2, 2, 2], [28, 2, 2, 2, 2, 2, 13, 13, 13, 13], [28, 2, 2, 2, 2, 13, 13, 13, 13, 13], [28, 13, 13, 13, 13, 13, 1, 13, 1, 1], [28, 28, 2, 13, 13, 13, 13, 13, 1, 13], [28, 2, 2, 13, 13, 13, 13, 13, 13, 13], [28, 13, 13, 13, 1, 1, 1, 13, 1, 1], [28, 2, 2, 2, 13, 13, 13, 13, 13, 1]]
valid routes=0.0
norm-reward=0.7757428157708388
[ 18 iterations]
real=[[27, 24, 17, 14, 1, 13, 15, 16, 8, 0], [21, 4, 23, 3, 6, 13, 0, 0, 0, 0], [26, 17, 14, 4, 6, 13, 7, 5, 8, 0], [17, 14, 19, 0, 0, 0, 0, 0, 0, 0], [28, 27, 24, 14, 2, 13, 19, 12, 20, 0], [2, 0, 0, 0, 0, 0, 0, 0, 0, 0], [28, 22, 20, 18, 2, 13, 6, 10, 9, 0], [20, 12, 22, 0, 0, 0, 0, 0, 0, 0], [26, 25, 17, 18, 2, 13, 7, 1, 9, 0], [27, 26, 20, 3, 6, 5, 17, 14, 9, 0]]
gen=[[28, 14, 14, 14, 6, 14, 6, 14, 6, 14], [14, 14, 14, 6, 14, 6, 14, 6, 14, 6], [14, 14, 14, 14, 6, 14, 6, 14, 6, 14], [14, 6, 14, 14, 14, 6, 14, 14, 14, 14], [14, 14, 14, 14, 6, 14, 6, 14, 6, 14], [28, 14, 14, 6, 14, 6, 14, 6, 14, 6], [14, 6, 14, 6, 14, 14, 14, 14, 14, 14], [14, 6, 14, 6, 14, 14, 14, 14, 14, 6], [28, 14, 14, 14, 6, 14, 6, 14, 6, 14], [28, 14, 14, 14, 6, 14, 6, 14, 6, 14]]
valid routes=0.0
norm-reward=0.9674734100339717
[ 19 iterations]
real=[[28, 22, 16, 10, 20, 7, 6, 14, 9, 0], [26, 25, 8, 4, 5, 3, 1, 2, 20, 0], [28, 20, 16, 18, 12, 4, 10, 14, 9, 0], [24, 22, 19, 4, 6, 7, 15, 10, 12, 0], [27, 25, 23, 10, 16, 7, 8, 21, 19, 0], [27, 25, 23, 22, 3, 5, 24, 19, 20, 0], [28, 26, 24, 3, 1, 22, 6, 4, 10, 0], [24, 20, 12, 10, 1, 7, 8, 11, 9, 0], [26, 25, 24, 3, 2, 5, 23, 10, 12, 0], [23, 22, 21, 18, 12, 5, 8, 14, 19, 0]]
gen=[[26, 26, 10, 10, 12, 11, 12, 11, 12, 11], [11, 26, 26, 10, 12, 11, 12, 11, 12, 11], [26, 26, 10, 10, 12, 11, 12, 11, 12, 11], [26, 26, 10, 10, 12, 11, 12, 11, 12, 11], [27, 26, 26, 10, 12, 11, 12, 11, 12, 11], [27, 26, 26, 10, 12, 11, 12, 11, 12, 11], [26, 26, 10, 10, 12, 11, 12, 11, 12, 11], [26, 26, 10, 10, 12, 11, 12, 11, 12, 11], [26, 26, 10, 10, 12, 11, 12, 11, 12, 11], [27, 26, 10, 10, 12, 11, 12, 11, 12, 11]]
valid routes=0.0
norm-reward=0.9739480620622124
[ 20 iterations]
real=[[19, 0, 0, 0, 0, 0, 0, 0, 0, 0], [15, 5, 24, 22, 0, 0, 0, 0, 0, 0], [28, 21, 23, 10, 2, 13, 15, 0, 0, 0], [27, 24, 22, 11, 6, 5, 15, 8, 9, 0], [18, 28, 10, 0, 0, 0, 0, 0, 0, 0], [25, 24, 17, 18, 12, 13, 6, 11, 10, 0], [28, 26, 16, 11, 9, 22, 8, 4, 10, 0], [27, 19, 17, 3, 5, 13, 7, 8, 9, 0], [28, 27, 23, 25, 3, 7, 15, 2, 8, 0], [22, 20, 17, 18, 3, 4, 5, 14, 8, 0]]
gen=[[17, 8, 8, 8, 8, 8, 8, 8, 8, 8], [15, 8, 8, 8, 8, 8, 8, 8, 8, 8], [26, 27, 10, 11, 15, 8, 8, 8, 8, 8], [26, 8, 8, 8, 8, 8, 8, 8, 8, 8], [8, 8, 8, 8, 8, 8, 8, 8, 8, 8], [27, 27, 27, 11, 15, 8, 8, 8, 8, 8], [27, 27, 10, 11, 15, 8, 8, 8, 8, 8], [17, 27, 27, 11, 15, 8, 8, 8, 8, 8], [26, 27, 27, 11, 15, 8, 8, 8, 8, 8], [27, 27, 27, 11, 15, 8, 8, 8, 8, 8]]
valid routes=0.0
norm-reward=0.818819128727712
[ 21 iterations]
real=[[13, 16, 0, 0, 0, 0, 0, 0, 0, 0], [28, 26, 17, 3, 1, 13, 15, 16, 8, 0], [27, 23, 22, 2, 1, 13, 15, 21, 7, 0], [19, 27, 0, 0, 0, 0, 0, 0, 0, 0], [26, 22, 16, 18, 2, 13, 15, 14, 9, 0], [28, 27, 19, 3, 1, 13, 6, 4, 9, 0], [27, 26, 23, 14, 12, 22, 7, 21, 9, 0], [28, 27, 22, 25, 2, 10, 8, 14, 12, 0], [26, 23, 17, 14, 16, 2, 19, 1, 12, 0], [10, 5, 13, 19, 2, 0, 0, 0, 0, 0]]
gen=[[26, 27, 11, 15, 5, 5, 5, 5, 5, 5], [26, 27, 11, 15, 5, 5, 5, 5, 5, 5], [26, 27, 11, 15, 5, 5, 5, 5, 5, 5], [17, 5, 27, 11, 15, 5, 5, 5, 5, 5], [26, 27, 11, 15, 5, 5, 5, 5, 5, 5], [26, 27, 11, 15, 5, 5, 5, 5, 5, 5], [26, 27, 11, 15, 5, 5, 5, 5, 5, 5], [26, 27, 11, 15, 5, 5, 5, 5, 5, 5], [26, 27, 11, 15, 5, 5, 5, 5, 5, 5], [26, 27, 11, 15, 5, 5, 5, 5, 5, 5]]
valid routes=0.0
norm-reward=0.7521345293429579
[ 22 iterations]
real=[[24, 22, 19, 3, 2, 13, 15, 16, 10, 0], [15, 0, 0, 0, 0, 0, 0, 0, 0, 0], [28, 26, 20, 10, 2, 13, 8, 1, 12, 0], [28, 27, 26, 18, 25, 13, 6, 11, 12, 0], [24, 23, 16, 18, 12, 7, 15, 13, 9, 0], [26, 21, 12, 2, 20, 10, 19, 16, 0, 0], [27, 20, 14, 11, 2, 4, 6, 1, 17, 0], [26, 23, 16, 21, 12, 13, 8, 11, 9, 0], [27, 26, 24, 25, 6, 22, 7, 5, 23, 0], [25, 24, 23, 14, 12, 13, 21, 11, 20, 0]]
gen=[[27, 27, 11, 15, 5, 5, 5, 5, 5, 5], [27, 27, 11, 15, 5, 5, 5, 5, 5, 5], [27, 27, 11, 15, 5, 5, 5, 5, 5, 5], [27, 27, 11, 15, 5, 5, 5, 5, 5, 5], [27, 27, 11, 15, 5, 5, 5, 5, 5, 5], [27, 27, 11, 15, 5, 5, 5, 5, 5, 5], [27, 27, 11, 15, 5, 5, 5, 5, 5, 5], [27, 27, 11, 15, 5, 5, 5, 5, 5, 5], [27, 27, 11, 15, 5, 5, 5, 5, 5, 5], [27, 27, 11, 15, 5, 5, 5, 5, 5, 5]]
valid routes=0.0
norm-reward=0.6945518306197315
[ 23 iterations]
real=[[17, 2, 5, 18, 25, 10, 0, 0, 0, 0], [27, 26, 22, 25, 14, 13, 6, 11, 10, 0], [27, 22, 21, 3, 12, 13, 7, 11, 20, 0], [25, 23, 20, 3, 2, 4, 15, 10, 19, 0], [28, 26, 25, 18, 3, 4, 20, 10, 9, 0], [28, 14, 23, 27, 0, 0, 0, 0, 0, 0], [26, 25, 24, 18, 2, 7, 15, 11, 10, 0], [13, 2, 0, 0, 0, 0, 0, 0, 0, 0], [28, 26, 23, 4, 1, 7, 19, 14, 9, 0], [21, 12, 16, 11, 6, 4, 17, 0, 0, 0]]
gen=[[27, 27, 15, 5, 5, 5, 5, 5, 5, 5], [27, 27, 15, 5, 5, 5, 5, 5, 5, 5], [27, 15, 15, 5, 5, 5, 5, 5, 5, 5], [27, 27, 15, 5, 5, 5, 5, 5, 5, 5], [27, 27, 15, 5, 5, 5, 5, 5, 5, 5], [27, 15, 15, 5, 5, 5, 5, 5, 5, 5], [27, 15, 15, 5, 5, 5, 5, 5, 5, 5], [11, 15, 5, 5, 5, 5, 5, 5, 5, 5], [27, 27, 15, 5, 5, 5, 5, 5, 5, 5], [27, 27, 15, 5, 5, 5, 5, 5, 5, 5]]
valid routes=0.0
norm-reward=0.6536331886637563
[ 24 iterations]
real=[[25, 24, 16, 14, 6, 7, 17, 2, 12, 0], [25, 20, 16, 19, 3, 7, 15, 11, 8, 0], [26, 25, 24, 4, 6, 5, 7, 12, 9, 0], [25, 18, 17, 10, 3, 13, 7, 14, 8, 0], [26, 27, 23, 18, 12, 13, 6, 0, 0, 0], [28, 27, 26, 4, 6, 13, 21, 11, 19, 0], [26, 22, 20, 10, 16, 7, 17, 14, 19, 0], [24, 20, 16, 11, 2, 5, 17, 1, 8, 0], [21, 7, 0, 0, 0, 0, 0, 0, 0, 0], [28, 22, 21, 18, 1, 4, 5, 14, 8, 0]]
gen=[[27, 27, 15, 15, 5, 5, 5, 5, 5, 5], [27, 27, 15, 15, 5, 5, 5, 5, 5, 5], [27, 27, 15, 15, 5, 5, 5, 5, 5, 5], [27, 27, 15, 15, 5, 5, 5, 5, 5, 5], [27, 27, 15, 15, 5, 5, 5, 5, 5, 5], [27, 27, 15, 15, 5, 5, 5, 5, 5, 5], [27, 15, 15, 15, 5, 5, 5, 5, 5, 5], [27, 27, 15, 15, 5, 5, 5, 5, 5, 5], [27, 27, 15, 15, 5, 5, 5, 5, 5, 5], [27, 27, 15, 15, 5, 5, 5, 5, 5, 5]]
valid routes=0.0
norm-reward=0.6317611501332733
[ 25 iterations]
real=[[25, 22, 21, 3, 12, 4, 19, 14, 20, 0], [28, 22, 21, 14, 2, 7, 8, 16, 20, 0], [28, 23, 21, 20, 6, 5, 19, 11, 9, 0], [26, 24, 22, 2, 20, 16, 6, 1, 9, 0], [28, 27, 17, 4, 5, 13, 7, 11, 14, 0], [26, 25, 16, 2, 1, 5, 6, 11, 9, 0], [25, 24, 21, 2, 6, 7, 8, 1, 20, 0], [26, 25, 21, 18, 1, 5, 8, 16, 12, 0], [25, 20, 13, 4, 2, 5, 1, 12, 9, 0], [27, 26, 21, 25, 1, 13, 15, 19, 7, 0]]
gen=[[27, 27, 15, 15, 5, 5, 5, 5, 5, 5], [27, 15, 15, 15, 5, 5, 5, 5, 5, 5], [27, 27, 15, 15, 5, 5, 5, 5, 5, 5], [27, 27, 15, 15, 5, 5, 5, 5, 5, 5], [27, 15, 15, 15, 5, 5, 5, 5, 5, 5], [27, 27, 15, 15, 5, 5, 5, 5, 5, 5], [27, 15, 15, 15, 5, 5, 5, 5, 5, 5], [11, 15, 15, 5, 5, 5, 5, 5, 5, 5], [27, 27, 15, 15, 5, 5, 5, 5, 5, 5], [27, 15, 15, 5, 5, 5, 5, 5, 5, 5]]
valid routes=0.0
norm-reward=0.6195536540394461
[ 26 iterations]
real=[[7, 0, 0, 0, 0, 0, 0, 0, 0, 0], [27, 24, 15, 18, 6, 13, 5, 10, 12, 0], [27, 24, 23, 18, 17, 13, 7, 4, 8, 0], [24, 19, 16, 10, 6, 13, 7, 14, 8, 0], [27, 26, 22, 25, 5, 7, 17, 10, 20, 0], [26, 25, 21, 18, 5, 7, 8, 10, 20, 0], [27, 25, 14, 12, 6, 7, 15, 5, 8, 0], [25, 24, 23, 4, 1, 13, 7, 8, 10, 0], [16, 14, 8, 11, 1, 5, 19, 0, 0, 0], [9, 4, 16, 20, 6, 0, 0, 0, 0, 0]]
gen=[[26, 27, 15, 15, 5, 5, 5, 5, 5, 5], [26, 27, 15, 15, 5, 5, 5, 5, 5, 5], [26, 27, 15, 15, 5, 5, 5, 5, 5, 5], [11, 15, 15, 5, 5, 5, 5, 5, 5, 5], [26, 27, 15, 15, 5, 5, 5, 5, 5, 5], [27, 15, 15, 5, 5, 5, 5, 5, 5, 5], [26, 15, 15, 5, 5, 5, 5, 5, 5, 5], [26, 27, 15, 15, 5, 5, 5, 5, 5, 5], [11, 15, 15, 5, 5, 5, 5, 5, 5, 5], [27, 15, 15, 15, 5, 5, 5, 5, 5, 5]]
valid routes=0.0
norm-reward=0.6202764324075648
[ 27 iterations]
real=[[27, 23, 20, 4, 6, 13, 15, 11, 8, 0], [21, 27, 24, 0, 0, 0, 0, 0, 0, 0], [28, 27, 23, 26, 3, 13, 1, 11, 17, 0], [26, 25, 23, 10, 6, 22, 17, 16, 12, 0], [28, 24, 21, 4, 1, 13, 7, 11, 14, 0], [6, 12, 24, 4, 20, 5, 0, 0, 0, 0], [24, 23, 17, 10, 1, 21, 15, 14, 0, 0], [27, 25, 16, 14, 2, 21, 1, 10, 12, 0], [26, 14, 23, 25, 16, 5, 20, 0, 0, 0], [27, 22, 14, 20, 2, 13, 1, 11, 9, 0]]
gen=[[26, 27, 15, 15, 5, 5, 15, 5, 5, 15], [26, 27, 15, 15, 5, 5, 15, 5, 5, 15], [26, 27, 15, 15, 5, 5, 15, 5, 5, 15], [27, 15, 15, 15, 5, 5, 15, 5, 5, 15], [26, 15, 15, 15, 5, 5, 15, 5, 15, 15], [26, 15, 15, 15, 5, 5, 15, 5, 5, 15], [26, 27, 15, 15, 5, 5, 15, 5, 5, 15], [27, 15, 15, 15, 5, 5, 15, 5, 5, 15], [26, 27, 15, 15, 5, 5, 15, 5, 5, 15], [26, 15, 15, 15, 5, 5, 15, 5, 5, 15]]
valid routes=0.0
norm-reward=0.8264112975963248
[ 28 iterations]
real=[[27, 24, 17, 14, 1, 13, 15, 16, 8, 0], [21, 4, 23, 3, 6, 13, 0, 0, 0, 0], [26, 17, 14, 4, 6, 13, 7, 5, 8, 0], [17, 14, 19, 0, 0, 0, 0, 0, 0, 0], [28, 27, 24, 14, 2, 13, 19, 12, 20, 0], [2, 0, 0, 0, 0, 0, 0, 0, 0, 0], [28, 22, 20, 18, 2, 13, 6, 10, 9, 0], [20, 12, 22, 0, 0, 0, 0, 0, 0, 0], [26, 25, 17, 18, 2, 13, 7, 1, 9, 0], [27, 26, 20, 3, 6, 5, 17, 14, 9, 0]]
gen=[[26, 27, 15, 15, 5, 5, 15, 5, 15, 15], [26, 15, 15, 15, 5, 5, 15, 5, 15, 15], [26, 27, 15, 15, 5, 5, 15, 5, 15, 15], [11, 15, 15, 5, 5, 5, 15, 5, 15, 15], [26, 15, 15, 15, 5, 5, 15, 5, 15, 15], [26, 27, 15, 15, 5, 5, 15, 5, 15, 15], [26, 27, 15, 15, 5, 5, 15, 5, 15, 15], [26, 15, 15, 15, 5, 5, 15, 5, 15, 15], [26, 15, 15, 15, 5, 5, 15, 5, 15, 15], [26, 27, 15, 15, 5, 5, 15, 5, 15, 15]]
valid routes=0.0
norm-reward=0.7876836512158456
[ 29 iterations]
real=[[28, 22, 16, 10, 20, 7, 6, 14, 9, 0], [26, 25, 8, 4, 5, 3, 1, 2, 20, 0], [28, 20, 16, 18, 12, 4, 10, 14, 9, 0], [24, 22, 19, 4, 6, 7, 15, 10, 12, 0], [27, 25, 23, 10, 16, 7, 8, 21, 19, 0], [27, 25, 23, 22, 3, 5, 24, 19, 20, 0], [28, 26, 24, 3, 1, 22, 6, 4, 10, 0], [24, 20, 12, 10, 1, 7, 8, 11, 9, 0], [26, 25, 24, 3, 2, 5, 23, 10, 12, 0], [23, 22, 21, 18, 12, 5, 8, 14, 19, 0]]
gen=[[16, 27, 15, 16, 16, 5, 15, 16, 16, 16], [16, 27, 15, 16, 16, 5, 15, 16, 16, 16], [16, 27, 15, 16, 16, 5, 15, 16, 16, 16], [16, 27, 15, 16, 16, 5, 15, 16, 16, 16], [16, 27, 15, 16, 16, 5, 15, 16, 16, 16], [16, 27, 15, 16, 16, 5, 15, 16, 16, 16], [16, 27, 15, 16, 16, 5, 15, 16, 16, 16], [16, 15, 15, 16, 5, 15, 16, 16, 16, 16], [16, 27, 15, 16, 16, 5, 15, 16, 16, 16], [16, 27, 15, 16, 16, 5, 15, 16, 16, 16]]
valid routes=0.0
norm-reward=0.9344717247045103
[ 30 iterations]
real=[[19, 0, 0, 0, 0, 0, 0, 0, 0, 0], [15, 5, 24, 22, 0, 0, 0, 0, 0, 0], [28, 21, 23, 10, 2, 13, 15, 0, 0, 0], [27, 24, 22, 11, 6, 5, 15, 8, 9, 0], [18, 28, 10, 0, 0, 0, 0, 0, 0, 0], [25, 24, 17, 18, 12, 13, 6, 11, 10, 0], [28, 26, 16, 11, 9, 22, 8, 4, 10, 0], [27, 19, 17, 3, 5, 13, 7, 8, 9, 0], [28, 27, 23, 25, 3, 7, 15, 2, 8, 0], [22, 20, 17, 18, 3, 4, 5, 14, 8, 0]]
gen=[[16, 16, 16, 16, 16, 5, 16, 16, 16, 16], [16, 16, 16, 16, 16, 5, 16, 16, 16, 16], [16, 16, 16, 16, 16, 5, 16, 16, 16, 16], [16, 16, 16, 16, 16, 5, 16, 16, 16, 16], [16, 16, 16, 16, 16, 5, 16, 16, 16, 16], [16, 16, 16, 16, 16, 5, 16, 16, 16, 16], [16, 16, 16, 16, 16, 5, 16, 16, 16, 16], [16, 16, 16, 16, 16, 5, 16, 16, 16, 16], [16, 16, 16, 16, 16, 5, 16, 16, 16, 16], [16, 16, 16, 16, 16, 5, 16, 16, 16, 16]]
valid routes=0.0
norm-reward=1.0341803615351628
[ 31 iterations]
real=[[13, 16, 0, 0, 0, 0, 0, 0, 0, 0], [28, 26, 17, 3, 1, 13, 15, 16, 8, 0], [27, 23, 22, 2, 1, 13, 15, 21, 7, 0], [19, 27, 0, 0, 0, 0, 0, 0, 0, 0], [26, 22, 16, 18, 2, 13, 15, 14, 9, 0], [28, 27, 19, 3, 1, 13, 6, 4, 9, 0], [27, 26, 23, 14, 12, 22, 7, 21, 9, 0], [28, 27, 22, 25, 2, 10, 8, 14, 12, 0], [26, 23, 17, 14, 16, 2, 19, 1, 12, 0], [10, 5, 13, 19, 2, 0, 0, 0, 0, 0]]
gen=[[16, 16, 16, 7, 7, 7, 7, 16, 16, 16], [16, 16, 16, 7, 7, 7, 7, 16, 16, 16], [16, 16, 16, 7, 7, 7, 7, 16, 16, 16], [16, 16, 16, 7, 7, 7, 7, 16, 16, 16], [16, 16, 16, 7, 7, 7, 7, 16, 16, 16], [16, 16, 16, 7, 7, 7, 7, 16, 16, 16], [16, 16, 16, 7, 7, 7, 7, 16, 16, 16], [16, 16, 16, 7, 7, 7, 7, 16, 16, 16], [16, 16, 16, 7, 7, 7, 7, 16, 16, 16], [16, 16, 16, 7, 7, 7, 7, 16, 16, 16]]
valid routes=0.0
norm-reward=0.951520347067357
[ 32 iterations]
real=[[24, 22, 19, 3, 2, 13, 15, 16, 10, 0], [15, 0, 0, 0, 0, 0, 0, 0, 0, 0], [28, 26, 20, 10, 2, 13, 8, 1, 12, 0], [28, 27, 26, 18, 25, 13, 6, 11, 12, 0], [24, 23, 16, 18, 12, 7, 15, 13, 9, 0], [26, 21, 12, 2, 20, 10, 19, 16, 0, 0], [27, 20, 14, 11, 2, 4, 6, 1, 17, 0], [26, 23, 16, 21, 12, 13, 8, 11, 9, 0], [27, 26, 24, 25, 6, 22, 7, 5, 23, 0], [25, 24, 23, 14, 12, 13, 21, 11, 20, 0]]
gen=[[16, 16, 16, 7, 7, 7, 7, 16, 16, 16], [11, 15, 16, 7, 7, 7, 7, 16, 16, 16], [16, 16, 16, 7, 7, 7, 7, 16, 16, 16], [16, 16, 16, 7, 7, 7, 7, 16, 16, 16], [16, 16, 16, 7, 7, 7, 7, 16, 16, 16], [16, 16, 16, 7, 7, 7, 7, 16, 16, 16], [16, 16, 16, 7, 7, 7, 7, 16, 16, 16], [16, 16, 16, 7, 7, 7, 7, 16, 16, 16], [16, 16, 16, 7, 7, 7, 7, 16, 16, 16], [11, 16, 16, 7, 7, 7, 7, 16, 16, 16]]
valid routes=0.0
norm-reward=0.9487050667875868
[ 33 iterations]
real=[[17, 2, 5, 18, 25, 10, 0, 0, 0, 0], [27, 26, 22, 25, 14, 13, 6, 11, 10, 0], [27, 22, 21, 3, 12, 13, 7, 11, 20, 0], [25, 23, 20, 3, 2, 4, 15, 10, 19, 0], [28, 26, 25, 18, 3, 4, 20, 10, 9, 0], [28, 14, 23, 27, 0, 0, 0, 0, 0, 0], [26, 25, 24, 18, 2, 7, 15, 11, 10, 0], [13, 2, 0, 0, 0, 0, 0, 0, 0, 0], [28, 26, 23, 4, 1, 7, 19, 14, 9, 0], [21, 12, 16, 11, 6, 4, 17, 0, 0, 0]]
gen=[[16, 16, 16, 7, 7, 7, 7, 16, 16, 16], [16, 16, 16, 7, 7, 7, 7, 16, 16, 16], [16, 16, 16, 7, 7, 7, 7, 16, 16, 16], [16, 16, 16, 7, 7, 7, 7, 16, 16, 16], [16, 16, 16, 7, 7, 7, 7, 16, 16, 16], [11, 15, 16, 7, 7, 7, 7, 16, 16, 16], [16, 16, 16, 7, 7, 7, 7, 16, 16, 16], [16, 16, 16, 7, 7, 7, 7, 16, 16, 16], [16, 15, 16, 7, 7, 7, 7, 16, 16, 16], [16, 16, 16, 7, 7, 7, 7, 16, 16, 16]]
valid routes=0.0
norm-reward=0.9223967574713651
[ 34 iterations]
real=[[25, 24, 16, 14, 6, 7, 17, 2, 12, 0], [25, 20, 16, 19, 3, 7, 15, 11, 8, 0], [26, 25, 24, 4, 6, 5, 7, 12, 9, 0], [25, 18, 17, 10, 3, 13, 7, 14, 8, 0], [26, 27, 23, 18, 12, 13, 6, 0, 0, 0], [28, 27, 26, 4, 6, 13, 21, 11, 19, 0], [26, 22, 20, 10, 16, 7, 17, 14, 19, 0], [24, 20, 16, 11, 2, 5, 17, 1, 8, 0], [21, 7, 0, 0, 0, 0, 0, 0, 0, 0], [28, 22, 21, 18, 1, 4, 5, 14, 8, 0]]
gen=[[27, 15, 16, 7, 7, 7, 15, 16, 15, 16], [16, 27, 16, 7, 7, 7, 15, 16, 15, 16], [27, 15, 16, 7, 7, 7, 15, 16, 15, 16], [27, 15, 16, 7, 7, 7, 15, 16, 15, 16], [27, 15, 16, 7, 7, 7, 15, 16, 15, 16], [16, 27, 15, 16, 7, 7, 15, 16, 15, 16], [16, 27, 15, 16, 7, 7, 15, 16, 15, 16], [27, 15, 16, 7, 7, 7, 15, 16, 15, 16], [27, 27, 15, 16, 7, 7, 15, 16, 15, 16], [27, 15, 16, 7, 7, 7, 15, 16, 15, 16]]
valid routes=0.0
norm-reward=0.724524574849366
[ 35 iterations]
real=[[25, 22, 21, 3, 12, 4, 19, 14, 20, 0], [28, 22, 21, 14, 2, 7, 8, 16, 20, 0], [28, 23, 21, 20, 6, 5, 19, 11, 9, 0], [26, 24, 22, 2, 20, 16, 6, 1, 9, 0], [28, 27, 17, 4, 5, 13, 7, 11, 14, 0], [26, 25, 16, 2, 1, 5, 6, 11, 9, 0], [25, 24, 21, 2, 6, 7, 8, 1, 20, 0], [26, 25, 21, 18, 1, 5, 8, 16, 12, 0], [25, 20, 13, 4, 2, 5, 1, 12, 9, 0], [27, 26, 21, 25, 1, 13, 15, 19, 7, 0]]
gen=[[27, 17, 17, 25, 25, 25, 17, 16, 17, 17], [16, 27, 17, 25, 25, 25, 17, 16, 17, 17], [16, 27, 17, 25, 25, 7, 17, 16, 17, 17], [27, 17, 17, 25, 25, 25, 17, 16, 17, 17], [27, 17, 17, 25, 25, 25, 17, 16, 17, 17], [16, 27, 17, 25, 25, 25, 17, 16, 17, 17], [16, 27, 17, 25, 25, 25, 17, 16, 17, 17], [27, 17, 17, 25, 25, 25, 17, 16, 17, 17], [27, 17, 17, 25, 25, 25, 17, 16, 17, 17], [27, 17, 17, 25, 25, 25, 17, 16, 17, 17]]
valid routes=0.0
norm-reward=1.1251278022472115
[ 36 iterations]
real=[[7, 0, 0, 0, 0, 0, 0, 0, 0, 0], [27, 24, 15, 18, 6, 13, 5, 10, 12, 0], [27, 24, 23, 18, 17, 13, 7, 4, 8, 0], [24, 19, 16, 10, 6, 13, 7, 14, 8, 0], [27, 26, 22, 25, 5, 7, 17, 10, 20, 0], [26, 25, 21, 18, 5, 7, 8, 10, 20, 0], [27, 25, 14, 12, 6, 7, 15, 5, 8, 0], [25, 24, 23, 4, 1, 13, 7, 8, 10, 0], [16, 14, 8, 11, 1, 5, 19, 0, 0, 0], [9, 4, 16, 20, 6, 0, 0, 0, 0, 0]]
gen=[[10, 17, 10, 10, 20, 27, 17, 10, 20, 27], [10, 17, 10, 10, 20, 27, 17, 10, 20, 27], [16, 27, 10, 10, 20, 27, 17, 10, 20, 27], [10, 17, 10, 10, 20, 27, 17, 10, 20, 27], [16, 27, 10, 10, 20, 27, 17, 10, 20, 27], [16, 27, 10, 10, 20, 27, 17, 10, 20, 27], [16, 27, 10, 10, 20, 27, 17, 10, 20, 27], [16, 27, 10, 10, 20, 27, 17, 10, 20, 27], [16, 27, 10, 10, 20, 27, 17, 10, 20, 27], [10, 17, 10, 10, 20, 27, 17, 10, 20, 27]]
valid routes=0.0
norm-reward=1.2001444128912893
[ 37 iterations]
real=[[27, 23, 20, 4, 6, 13, 15, 11, 8, 0], [21, 27, 24, 0, 0, 0, 0, 0, 0, 0], [28, 27, 23, 26, 3, 13, 1, 11, 17, 0], [26, 25, 23, 10, 6, 22, 17, 16, 12, 0], [28, 24, 21, 4, 1, 13, 7, 11, 14, 0], [6, 12, 24, 4, 20, 5, 0, 0, 0, 0], [24, 23, 17, 10, 1, 21, 15, 14, 0, 0], [27, 25, 16, 14, 2, 21, 1, 10, 12, 0], [26, 14, 23, 25, 16, 5, 20, 0, 0, 0], [27, 22, 14, 20, 2, 13, 1, 11, 9, 0]]
gen=[[16, 27, 10, 10, 20, 10, 15, 10, 20, 10], [10, 15, 10, 10, 20, 10, 15, 10, 20, 10], [16, 27, 10, 10, 20, 10, 15, 10, 20, 10], [10, 27, 10, 10, 20, 10, 15, 10, 20, 10], [10, 15, 10, 10, 20, 10, 15, 10, 20, 10], [10, 15, 10, 10, 20, 10, 15, 10, 20, 10], [10, 27, 10, 10, 20, 10, 15, 10, 20, 10], [10, 27, 10, 10, 20, 10, 15, 10, 20, 10], [16, 27, 10, 10, 20, 10, 15, 10, 20, 10], [10, 27, 10, 10, 20, 10, 15, 10, 20, 10]]
valid routes=0.0
norm-reward=1.3282277764516284
[ 38 iterations]
real=[[27, 24, 17, 14, 1, 13, 15, 16, 8, 0], [21, 4, 23, 3, 6, 13, 0, 0, 0, 0], [26, 17, 14, 4, 6, 13, 7, 5, 8, 0], [17, 14, 19, 0, 0, 0, 0, 0, 0, 0], [28, 27, 24, 14, 2, 13, 19, 12, 20, 0], [2, 0, 0, 0, 0, 0, 0, 0, 0, 0], [28, 22, 20, 18, 2, 13, 6, 10, 9, 0], [20, 12, 22, 0, 0, 0, 0, 0, 0, 0], [26, 25, 17, 18, 2, 13, 7, 1, 9, 0], [27, 26, 20, 3, 6, 5, 17, 14, 9, 0]]
gen=[[10, 10, 18, 18, 2, 10, 15, 18, 20, 10], [10, 10, 15, 18, 2, 10, 15, 18, 20, 10], [10, 27, 18, 18, 2, 10, 15, 18, 20, 10], [10, 10, 18, 18, 2, 10, 15, 18, 20, 10], [10, 10, 18, 18, 2, 10, 15, 18, 20, 2], [10, 10, 18, 18, 2, 10, 15, 18, 20, 2], [10, 10, 18, 18, 2, 10, 15, 18, 20, 2], [10, 10, 18, 18, 2, 10, 15, 18, 20, 10], [10, 10, 18, 18, 2, 10, 15, 18, 20, 2], [10, 10, 18, 18, 2, 10, 15, 18, 20, 10]]
valid routes=0.0
norm-reward=1.071940047071661
[ 39 iterations]
real=[[28, 22, 16, 10, 20, 7, 6, 14, 9, 0], [26, 25, 8, 4, 5, 3, 1, 2, 20, 0], [28, 20, 16, 18, 12, 4, 10, 14, 9, 0], [24, 22, 19, 4, 6, 7, 15, 10, 12, 0], [27, 25, 23, 10, 16, 7, 8, 21, 19, 0], [27, 25, 23, 22, 3, 5, 24, 19, 20, 0], [28, 26, 24, 3, 1, 22, 6, 4, 10, 0], [24, 20, 12, 10, 1, 7, 8, 11, 9, 0], [26, 25, 24, 3, 2, 5, 23, 10, 12, 0], [23, 22, 21, 18, 12, 5, 8, 14, 19, 0]]
gen=[[10, 10, 15, 18, 2, 10, 15, 18, 20, 10], [10, 10, 15, 18, 2, 10, 15, 18, 20, 10], [10, 10, 15, 18, 2, 10, 15, 18, 20, 10], [10, 10, 15, 18, 2, 10, 15, 18, 20, 10], [10, 10, 15, 18, 2, 10, 15, 18, 20, 10], [10, 10, 15, 18, 2, 10, 15, 18, 20, 10], [10, 10, 15, 18, 2, 10, 15, 18, 20, 10], [10, 10, 15, 18, 2, 10, 15, 18, 20, 10], [10, 10, 15, 18, 2, 10, 15, 18, 20, 10], [10, 10, 15, 18, 2, 10, 15, 18, 20, 10]]
valid routes=0.0
norm-reward=1.1015800958695088
[ 40 iterations]
real=[[19, 0, 0, 0, 0, 0, 0, 0, 0, 0], [15, 5, 24, 22, 0, 0, 0, 0, 0, 0], [28, 21, 23, 10, 2, 13, 15, 0, 0, 0], [27, 24, 22, 11, 6, 5, 15, 8, 9, 0], [18, 28, 10, 0, 0, 0, 0, 0, 0, 0], [25, 24, 17, 18, 12, 13, 6, 11, 10, 0], [28, 26, 16, 11, 9, 22, 8, 4, 10, 0], [27, 19, 17, 3, 5, 13, 7, 8, 9, 0], [28, 27, 23, 25, 3, 7, 15, 2, 8, 0], [22, 20, 17, 18, 3, 4, 5, 14, 8, 0]]
gen=[[10, 10, 15, 18, 2, 10, 15, 18, 20, 10], [10, 10, 15, 18, 2, 10, 15, 18, 20, 10], [10, 10, 15, 18, 2, 10, 15, 18, 20, 10], [10, 10, 15, 18, 2, 10, 15, 18, 20, 10], [10, 10, 15, 18, 2, 10, 15, 18, 20, 10], [10, 10, 15, 18, 2, 10, 15, 18, 20, 10], [10, 10, 15, 18, 2, 10, 15, 18, 20, 10], [10, 10, 15, 18, 2, 10, 15, 18, 20, 10], [10, 10, 15, 18, 2, 10, 15, 18, 20, 10], [10, 10, 15, 18, 2, 10, 15, 18, 20, 10]]
valid routes=0.0
norm-reward=1.1128523052725279
[ 41 iterations]
real=[[13, 16, 0, 0, 0, 0, 0, 0, 0, 0], [28, 26, 17, 3, 1, 13, 15, 16, 8, 0], [27, 23, 22, 2, 1, 13, 15, 21, 7, 0], [19, 27, 0, 0, 0, 0, 0, 0, 0, 0], [26, 22, 16, 18, 2, 13, 15, 14, 9, 0], [28, 27, 19, 3, 1, 13, 6, 4, 9, 0], [27, 26, 23, 14, 12, 22, 7, 21, 9, 0], [28, 27, 22, 25, 2, 10, 8, 14, 12, 0], [26, 23, 17, 14, 16, 2, 19, 1, 12, 0], [10, 5, 13, 19, 2, 0, 0, 0, 0, 0]]
gen=[[10, 10, 15, 18, 2, 10, 15, 18, 20, 10], [10, 10, 15, 18, 2, 10, 15, 18, 20, 10], [10, 10, 15, 18, 2, 10, 15, 18, 20, 10], [10, 10, 15, 18, 2, 10, 15, 18, 20, 10], [10, 10, 15, 18, 2, 10, 15, 18, 20, 10], [10, 10, 15, 18, 2, 10, 15, 18, 20, 10], [10, 10, 15, 18, 2, 10, 15, 18, 20, 10], [10, 10, 15, 18, 2, 10, 15, 18, 20, 10], [10, 10, 15, 18, 2, 10, 15, 18, 20, 10], [10, 10, 15, 18, 2, 10, 15, 18, 20, 10]]
valid routes=0.0
norm-reward=1.0957722564544168
[ 42 iterations]
real=[[24, 22, 19, 3, 2, 13, 15, 16, 10, 0], [15, 0, 0, 0, 0, 0, 0, 0, 0, 0], [28, 26, 20, 10, 2, 13, 8, 1, 12, 0], [28, 27, 26, 18, 25, 13, 6, 11, 12, 0], [24, 23, 16, 18, 12, 7, 15, 13, 9, 0], [26, 21, 12, 2, 20, 10, 19, 16, 0, 0], [27, 20, 14, 11, 2, 4, 6, 1, 17, 0], [26, 23, 16, 21, 12, 13, 8, 11, 9, 0], [27, 26, 24, 25, 6, 22, 7, 5, 23, 0], [25, 24, 23, 14, 12, 13, 21, 11, 20, 0]]
gen=[[10, 10, 15, 18, 2, 10, 15, 18, 20, 2], [10, 10, 15, 18, 2, 10, 15, 18, 20, 2], [10, 10, 15, 18, 2, 10, 15, 18, 20, 2], [10, 10, 15, 18, 2, 10, 15, 18, 20, 2], [10, 10, 15, 18, 2, 10, 15, 18, 20, 2], [10, 10, 15, 18, 2, 10, 15, 18, 20, 2], [10, 10, 15, 18, 2, 10, 15, 18, 20, 2], [10, 10, 15, 18, 2, 10, 15, 18, 20, 2], [10, 10, 15, 18, 2, 10, 15, 18, 20, 2], [10, 10, 15, 18, 2, 10, 15, 18, 20, 2]]
valid routes=0.0
norm-reward=1.0334945508723778
[ 43 iterations]
real=[[17, 2, 5, 18, 25, 10, 0, 0, 0, 0], [27, 26, 22, 25, 14, 13, 6, 11, 10, 0], [27, 22, 21, 3, 12, 13, 7, 11, 20, 0], [25, 23, 20, 3, 2, 4, 15, 10, 19, 0], [28, 26, 25, 18, 3, 4, 20, 10, 9, 0], [28, 14, 23, 27, 0, 0, 0, 0, 0, 0], [26, 25, 24, 18, 2, 7, 15, 11, 10, 0], [13, 2, 0, 0, 0, 0, 0, 0, 0, 0], [28, 26, 23, 4, 1, 7, 19, 14, 9, 0], [21, 12, 16, 11, 6, 4, 17, 0, 0, 0]]
gen=[[24, 10, 24, 18, 2, 10, 15, 18, 20, 2], [24, 10, 24, 18, 2, 2, 15, 18, 20, 2], [10, 10, 15, 18, 2, 10, 15, 18, 20, 2], [24, 24, 24, 18, 2, 2, 24, 15, 18, 2], [24, 24, 24, 24, 18, 2, 24, 24, 18, 2], [24, 24, 24, 18, 2, 2, 15, 18, 20, 2], [24, 10, 15, 18, 2, 10, 15, 18, 20, 2], [10, 10, 15, 18, 2, 10, 15, 18, 20, 2], [24, 10, 24, 18, 2, 2, 15, 18, 20, 2], [24, 24, 24, 18, 2, 2, 24, 18, 20, 2]]
valid routes=0.0
norm-reward=0.9709338619606142
[ 44 iterations]
real=[[25, 24, 16, 14, 6, 7, 17, 2, 12, 0], [25, 20, 16, 19, 3, 7, 15, 11, 8, 0], [26, 25, 24, 4, 6, 5, 7, 12, 9, 0], [25, 18, 17, 10, 3, 13, 7, 14, 8, 0], [26, 27, 23, 18, 12, 13, 6, 0, 0, 0], [28, 27, 26, 4, 6, 13, 21, 11, 19, 0], [26, 22, 20, 10, 16, 7, 17, 14, 19, 0], [24, 20, 16, 11, 2, 5, 17, 1, 8, 0], [21, 7, 0, 0, 0, 0, 0, 0, 0, 0], [28, 22, 21, 18, 1, 4, 5, 14, 8, 0]]
gen=[[24, 27, 24, 18, 2, 2, 24, 18, 20, 2], [24, 27, 24, 18, 2, 2, 24, 18, 20, 2], [24, 27, 24, 18, 2, 2, 24, 18, 20, 2], [24, 27, 24, 18, 2, 2, 24, 18, 20, 2], [24, 27, 24, 18, 2, 2, 24, 18, 20, 2], [24, 27, 24, 18, 2, 2, 24, 18, 20, 2], [24, 27, 24, 18, 2, 2, 24, 18, 20, 2], [24, 27, 24, 18, 2, 2, 24, 18, 20, 2], [24, 10, 24, 18, 2, 2, 24, 18, 20, 2], [24, 27, 24, 18, 2, 2, 24, 18, 20, 2]]
valid routes=0.0
norm-reward=1.0860659617320976
[ 45 iterations]
real=[[25, 22, 21, 3, 12, 4, 19, 14, 20, 0], [28, 22, 21, 14, 2, 7, 8, 16, 20, 0], [28, 23, 21, 20, 6, 5, 19, 11, 9, 0], [26, 24, 22, 2, 20, 16, 6, 1, 9, 0], [28, 27, 17, 4, 5, 13, 7, 11, 14, 0], [26, 25, 16, 2, 1, 5, 6, 11, 9, 0], [25, 24, 21, 2, 6, 7, 8, 1, 20, 0], [26, 25, 21, 18, 1, 5, 8, 16, 12, 0], [25, 20, 13, 4, 2, 5, 1, 12, 9, 0], [27, 26, 21, 25, 1, 13, 15, 19, 7, 0]]
gen=[[24, 2, 2, 9, 9, 9, 2, 2, 9, 9], [24, 2, 2, 9, 9, 9, 2, 2, 9, 9], [24, 2, 2, 9, 9, 9, 2, 2, 9, 9], [24, 2, 2, 9, 9, 9, 2, 2, 9, 9], [24, 2, 2, 9, 9, 9, 2, 2, 9, 9], [24, 2, 2, 9, 9, 9, 2, 2, 9, 9], [24, 2, 2, 9, 9, 9, 2, 2, 9, 9], [24, 2, 2, 9, 9, 9, 2, 2, 9, 9], [24, 2, 2, 9, 9, 9, 2, 2, 9, 9], [24, 2, 2, 9, 9, 9, 2, 2, 9, 9]]
valid routes=0.0
norm-reward=0.9674557151419503
[ 46 iterations]
real=[[7, 0, 0, 0, 0, 0, 0, 0, 0, 0], [27, 24, 15, 18, 6, 13, 5, 10, 12, 0], [27, 24, 23, 18, 17, 13, 7, 4, 8, 0], [24, 19, 16, 10, 6, 13, 7, 14, 8, 0], [27, 26, 22, 25, 5, 7, 17, 10, 20, 0], [26, 25, 21, 18, 5, 7, 8, 10, 20, 0], [27, 25, 14, 12, 6, 7, 15, 5, 8, 0], [25, 24, 23, 4, 1, 13, 7, 8, 10, 0], [16, 14, 8, 11, 1, 5, 19, 0, 0, 0], [9, 4, 16, 20, 6, 0, 0, 0, 0, 0]]
gen=[[24, 2, 2, 9, 9, 9, 2, 2, 9, 9], [24, 2, 2, 9, 9, 9, 2, 2, 9, 9], [24, 2, 2, 9, 9, 9, 2, 2, 9, 9], [24, 2, 2, 9, 9, 9, 2, 2, 9, 9], [24, 2, 2, 9, 9, 9, 2, 2, 9, 9], [24, 2, 2, 9, 9, 9, 2, 2, 9, 9], [24, 2, 2, 9, 9, 9, 2, 2, 9, 9], [24, 2, 2, 9, 9, 9, 2, 2, 9, 9], [24, 2, 2, 9, 9, 9, 2, 2, 9, 9], [24, 2, 2, 9, 9, 9, 2, 2, 9, 9]]
valid routes=0.0
norm-reward=0.966781781698764
[ 47 iterations]
real=[[27, 23, 20, 4, 6, 13, 15, 11, 8, 0], [21, 27, 24, 0, 0, 0, 0, 0, 0, 0], [28, 27, 23, 26, 3, 13, 1, 11, 17, 0], [26, 25, 23, 10, 6, 22, 17, 16, 12, 0], [28, 24, 21, 4, 1, 13, 7, 11, 14, 0], [6, 12, 24, 4, 20, 5, 0, 0, 0, 0], [24, 23, 17, 10, 1, 21, 15, 14, 0, 0], [27, 25, 16, 14, 2, 21, 1, 10, 12, 0], [26, 14, 23, 25, 16, 5, 20, 0, 0, 0], [27, 22, 14, 20, 2, 13, 1, 11, 9, 0]]
gen=[[24, 2, 2, 2, 2, 2, 2, 2, 9, 9], [24, 2, 2, 2, 2, 2, 2, 2, 9, 9], [24, 2, 2, 2, 2, 2, 2, 2, 9, 9], [24, 2, 2, 2, 2, 2, 2, 2, 9, 9], [24, 2, 2, 2, 2, 2, 2, 2, 9, 9], [24, 2, 2, 2, 2, 2, 2, 2, 9, 9], [24, 2, 2, 2, 2, 2, 2, 2, 9, 9], [24, 2, 2, 2, 2, 2, 2, 2, 9, 9], [24, 2, 2, 2, 2, 2, 2, 2, 9, 9], [24, 2, 2, 2, 2, 2, 2, 2, 9, 9]]
valid routes=0.0
norm-reward=1.0421481201028855
[ 48 iterations]
real=[[27, 24, 17, 14, 1, 13, 15, 16, 8, 0], [21, 4, 23, 3, 6, 13, 0, 0, 0, 0], [26, 17, 14, 4, 6, 13, 7, 5, 8, 0], [17, 14, 19, 0, 0, 0, 0, 0, 0, 0], [28, 27, 24, 14, 2, 13, 19, 12, 20, 0], [2, 0, 0, 0, 0, 0, 0, 0, 0, 0], [28, 22, 20, 18, 2, 13, 6, 10, 9, 0], [20, 12, 22, 0, 0, 0, 0, 0, 0, 0], [26, 25, 17, 18, 2, 13, 7, 1, 9, 0], [27, 26, 20, 3, 6, 5, 17, 14, 9, 0]]
gen=[[24, 2, 2, 2, 2, 2, 2, 2, 9, 9], [24, 2, 2, 2, 2, 2, 2, 2, 9, 9], [24, 2, 2, 2, 2, 2, 2, 2, 9, 9], [24, 2, 2, 2, 2, 2, 2, 2, 9, 9], [24, 2, 2, 2, 2, 2, 2, 2, 9, 9], [24, 2, 2, 2, 2, 2, 2, 2, 9, 9], [24, 2, 2, 2, 2, 2, 2, 2, 9, 9], [24, 2, 2, 2, 2, 2, 2, 2, 9, 9], [24, 2, 2, 2, 2, 2, 2, 2, 9, 9], [24, 2, 2, 2, 2, 2, 2, 2, 9, 9]]
valid routes=0.0
norm-reward=1.0362128773510102
[ 49 iterations]
real=[[28, 22, 16, 10, 20, 7, 6, 14, 9, 0], [26, 25, 8, 4, 5, 3, 1, 2, 20, 0], [28, 20, 16, 18, 12, 4, 10, 14, 9, 0], [24, 22, 19, 4, 6, 7, 15, 10, 12, 0], [27, 25, 23, 10, 16, 7, 8, 21, 19, 0], [27, 25, 23, 22, 3, 5, 24, 19, 20, 0], [28, 26, 24, 3, 1, 22, 6, 4, 10, 0], [24, 20, 12, 10, 1, 7, 8, 11, 9, 0], [26, 25, 24, 3, 2, 5, 23, 10, 12, 0], [23, 22, 21, 18, 12, 5, 8, 14, 19, 0]]
gen=[[24, 2, 2, 2, 2, 2, 2, 2, 9, 9], [24, 2, 2, 2, 2, 2, 2, 2, 9, 9], [24, 2, 2, 2, 2, 2, 2, 2, 9, 9], [24, 2, 2, 2, 2, 2, 2, 2, 9, 9], [24, 2, 2, 2, 2, 2, 2, 2, 9, 9], [24, 2, 2, 2, 2, 2, 2, 2, 9, 9], [24, 2, 2, 2, 2, 2, 2, 2, 9, 9], [24, 2, 2, 2, 2, 2, 2, 2, 9, 9], [24, 2, 2, 2, 2, 2, 2, 2, 9, 9], [24, 2, 2, 2, 2, 2, 2, 2, 9, 9]]
valid routes=0.0
norm-reward=1.0375978793173892
