read problem
[ 10 iterations]
real= [[26 23 19 13 21 17 18  1 20  0]
 [26 23 15 14 17 19 25  4 11  0]
 [28 20 19 17 14 15 26 27  5  0]
 [22 18 17 13  3 19  1  4  5  0]
 [28 25 20 19  9 12 18 24 22  0]
 [26 23  6 18 14  3  9  1  5  0]
 [23 15 10 21  3  1 20  5 11  0]
 [26 23 18 10 19  4 25  8  5  0]
 [27 25  4 16 13 14 18 12 23  0]
 [26 24 15 14 12  1 20  8  5  0]]
gen= [[ 1  1  1  1  1  1  1  1  1  1]
 [15 15 15 15 15 15 15 15 15 15]
 [ 5 15 15 15 15 15 15 15 15 15]
 [ 5  1  5  5  5  5  5  5  5  5]
 [22  9 12 24 24 24 24 24 24 24]
 [ 6  5  5  5  5  5  5  5  5  5]
 [ 5 15 15 15 15  5  5  5 15  5]
 [ 5  5  5  5  5  5  5  5  5  5]
 [12 12 12 12 12 12 14 14  4 12]
 [15 15 15 15 15 15 15  5 15 15]]
valid: gen=0.0
reward: norm=0.835500674682279
[ 20 iterations]
real= [[19 17 13 14  3  7 15 12  1  0]
 [27 26 23 22 18  1  4  8  5  0]
 [26 23 18 22 12 19  1 20  5  0]
 [27 26 24 10 16 13 17  3 19  0]
 [27 15 13  3  9  4 25  8  5  0]
 [20 14 10 12  9  1  8  4  5  0]
 [26 22 15 24 18 14  9 25  4  0]
 [27 26  7 18 10 13 14  3  1  0]
 [27 23 24 10 21 14 19 20  5  0]
 [28 25  8  5 19  9 14 24 15  0]]
gen= [[ 1 15 15 15 15 15 15  1 15 15]
 [ 1  1  5  5  5  5  5  5  5  5]
 [ 5  5  5  5  5  5  5  5  5  5]
 [24 17 17 16 17 17 17 17 17 17]
 [ 5  5  5  5  5  5  5  5  5  5]
 [ 5  5  5  5  5  5  5  5  5  5]
 [15 15 15 15 15 15 15 15 15 15]
 [14  1 14  1  1  1  1  1  1  1]
 [ 5  5  5  5  5  5  5  5  5  5]
 [ 5  5  5  5  5  5  5  5  5  5]]
valid: gen=0.0
reward: norm=0.8943761614230347
[ 30 iterations]
real= [[26 17 13 21 10  9  1 20  5  0]
 [26 23 12 17 10  9 19  1  4  0]
 [27 22 24 18 13 17  3  9  5  0]
 [27 24 18 23 15 12  9  1  5  0]
 [27 15 24 14  3 12  7  5  4  0]
 [27 25 17 13 14  3 19  1 20  0]
 [27 26 22 23 15  9  8 11  5  0]
 [27 23 22  6 24 18  9 19  5  0]
 [28 23 12 18 10  3  9 19 20  0]
 [28 25  8  5  1 19 14 12 26  0]]
gen= [[ 9  1  1  1  1  1  1  1  1  1]
 [ 1  1  1  1  1  1  1  1  1  1]
 [ 9  9  9  9  9  9  9  9  9  9]
 [ 9  9  1  1  1  1  1  1  1  1]
 [14 14 14 14  5  5  5  5  5  5]
 [14 14 14 14  1  1  1  1  1  1]
 [ 8  8  8  8  8  8  8  8  8  8]
 [ 9  9  9  9  9  9  9  9  9  9]
 [ 9  9  9  9  9  9  9  9  9  9]
 [ 5  1  8  8  8  8  1  1  1  8]]
valid: gen=0.0
reward: norm=0.9412312650851976
[ 40 iterations]
real= [[28 20  5  4  1 19  3 18  7  0]
 [27 26 23  7 12  3 20  5 25  0]
 [26 23 15 17 21 18 12 20  4  0]
 [27 23 21 14 10  3  9 12 20  0]
 [27 26  7 23  3 12 25  8 11  0]
 [20 18 17 13 10  3 14 12 15  0]
 [27 25  5 11 20 12 14 18 15  0]
 [23 22  6 18 14 17 13  1 20  0]
 [27 26 17 13 14  3 12 20  8  0]
 [23 15 18 14  3  4 11  5  8  0]]
gen= [[19 19 19  1  1  1  1  1  1  1]
 [ 0  3  3  3  3  3  3  3  3  3]
 [17 17 17 17 17 17 17 17 17 17]
 [ 9  9  9  9  9  9  9  9  9  9]
 [ 8  8  8  8  8  8  8  8  8  8]
 [14 14 14 14 14 14 14 14 14 14]
 [14 14 14 14 14 14 14 14 14 14]
 [14 14 14 14 14 14  1  1  1  1]
 [14 14 14 14 14 14 14 14 14 14]
 [14 14 14 14 14 14 14 14 14 14]]
valid: gen=0.0
reward: norm=0.8583945494930079
[ 50 iterations]
real= [[28 25 19  3 10 18 23  7 27  0]
 [23 12 10 13  3  9  1  8  5  0]
 [27 26 18 13 16 10 19  1 20  0]
 [27 23 22 19 20  4  8  5 11  0]
 [28 23 15 18 14 17  9  3 20  0]
 [27 26 24 10 21 17 14  9  5  0]
 [27 23 12 13 10  3 19  1  5  0]
 [27 25  1 19  9 21 13 18 23  0]
 [27 23 15 21 19  1  4  8  5  0]
 [26 23 20 25  2  1 19 12 15  0]]
gen= [[ 0 19 19 19 19 19 19 19 19 19]
 [ 0  9  9  9  9  9  9  9  9  9]
 [ 0 13 19 19 19 19  1  1  1  1]
 [ 0 19 19 19 19 19 19 19 19 19]
 [14 14  9  9  9  9  9  9  9  9]
 [14  9  9  9  9  9  9  9  9  9]
 [ 0 19 19 19 19  1  1  1  1  1]
 [ 0  9  9  9  9  9  9  9  9  9]
 [ 0 19 19 19 19  1  1  1  1  1]
 [ 0 19 19 19  1  1  1  1  1  1]]
valid: gen=0.0
reward: norm=0.8728644053203344
[ 60 iterations]
real= [[28 25  2  1 19  3 15 26 27  0]
 [27 26 15 13 10 18 12 20  5  0]
 [27 23 24 18 10 21 19  1 20  0]
 [28 27  5 20 19 14 18 15 26  0]
 [27 22  7 15  9 19 20  5  8  0]
 [28 25 11 20 19 14 18 15 23  0]
 [26 23 15 24 13 14  3  8  4  0]
 [28 25  4  5 11  3 14 15 23  0]
 [26 24 15 13 21 17 14 19  1  0]
 [22 15 12 19  1  8 11  5  4  0]]
gen= [[25 25  3  3  3  3  3  1  1  1]
 [ 0 13 13 13 13 13 13 13 13 13]
 [27 18 18  1  1  1  1  1  1  1]
 [27 27 14 14 14 14 14 14 14 14]
 [22  9  9  9  9  9  9  9  9  9]
 [ 0 25 14 14 14 14 14 14 14 14]
 [ 0 13 13  3  3  3  3  3  3  3]
 [ 0  3  3  3  3  3  3  3  3  3]
 [13 13 13 13 13  1  1  1  1  1]
 [ 0 22 19  1  1  1  1  1  1  1]]
valid: gen=0.0
reward: norm=0.8863215716840005
[ 70 iterations]
real= [[27 15 14  3  9  1  2 25  5  0]
 [27 20  5  4  9 17 13 15  7  0]
 [28 25  2 20  9  3 18 24 23  0]
 [26 15 17 13 16  3 12  1  5  0]
 [27 26 15 13 21  9 19 20  4  0]
 [27 20 11  4  1  9 14 17 12  0]
 [26 15 24 10 14 17  9  5 11  0]
 [23 15 18 14 10  3  1  8 11  0]
 [27 25 19  9  3 16 13 18 15  0]
 [23 15 17 14  3  1  8  5  4  0]]
gen= [[25 25  3  3  9  9  9  9  9  9]
 [27 13 13  9  9  9  9  9  9  9]
 [25 25  9  3  9  9  9  9  9  9]
 [26 13 13  3  3  3  3  3  3  3]
 [27 13 13  9  9  9  9  9  9  9]
 [27  9  9  9  9  9  9  9  9  9]
 [26  9  9  9  9  9  9  9  9  9]
 [23  3  3  3  3  3  3  3  3  3]
 [25 13 13  3  9  9  9  9  9  9]
 [23  3  3  3  3  3  3  3  3  3]]
valid: gen=0.0
reward: norm=0.8344110970116707
[ 80 iterations]
real= [[23 15 14 13 10  3  9 12  4  0]
 [23 22  6 18 10 14  9  1 20  0]
 [21 13 17  3 12  1 20  5  4  0]
 [28 25  8  1  3  9 15  7 27  0]
 [27 26  7 23 12 19  2  8  5  0]
 [23 22 15 13 10 14  9 12 20  0]
 [27 23 24 21 17 18 12  9 20  0]
 [27 26 16 13 18 12  9 19  1  0]
 [26 24 18 10 14 17 19 23  7  0]
 [26 23 17 21 14  3  9  5  4  0]]
gen= [[23 13 13  3  3  3  3  3  3  3]
 [22 22 18  9  1  1  1  1  1  1]
 [21 13 13 13  3  1  1  1  1  1]
 [25 25  3  3  3  3  1  1  1  1]
 [27 27  2  2  2  2  2  2  2  2]
 [22 13 13 13 13 13 13  9  9  9]
 [27 21 18  9  9  9  9  9  9  9]
 [27 13 13 13 13  1  1  1  1  1]
 [26 26 18 18 18 10 10 10 10 10]
 [26 21  3  3  3  3  3  3  3  3]]
valid: gen=0.0
reward: norm=0.8948310932352341
[ 90 iterations]
real= [[26 15 21 13  3  9 19  5 11  0]
 [27 23 15 20  8  4 19  3  9  0]
 [27 20 19  9 18  3 16 17  7  0]
 [27 23 24 10 19  1 25  8  5  0]
 [28 25 11  5  4 20  9  3 26  0]
 [26 23 12 13  3  1 20  5  4  0]
 [27 18 17 14  9 12 15  7  5  0]
 [27 25 19 14 18 15 23  5 20  0]
 [28 25  2 20 19  3 14 18 23  0]
 [28 25 20  9  3 24 15 12  5  0]]
gen= [[26 13 13 13 13  3  3  3  3  3]
 [27 27  3  3  3  3  3  3  3  3]
 [27 27 18  3  3  3  3  3  3  3]
 [25 25 10 10  1  1  1  1  1  1]
 [25 25  3  3  3  3  3  3  3  3]
 [26 13 13 13  1  1  1  1  1  1]
 [27 27 18 18  9  9  9  9  9  9]
 [25 25 18 18 18 18 18 18 18 18]
 [25 25 18  3  3  3  3  3  3  3]
 [25 25  3  3  3  3  3  3  3  3]]
valid: gen=0.0
reward: norm=0.9171906291450278
[ 100 iterations]
real= [[22 15 18  3  9  1  8  5  7  0]
 [27 18 14  3  9 12  7  1  4  0]
 [26 23 18 14 10 19 25  8  5  0]
 [28 23 26 15 18 17  9 19 20  0]
 [28 25  1 19  3 14 21 10 23  0]
 [28 25 23 26 24 18 14  9 19  0]
 [27 23 15  6 14  9 19  1  4  0]
 [27 23 26  7 13 21 16  3 20  0]
 [23 15 16 13 14  3  9  5  1  0]
 [27 23 10 13 14 19 20  4  8  0]]
gen= [[22 22 18 18  3  1  1  1  1  1]
 [27 27 18  3  3  1  1  1  1  1]
 [25 25 10 10 10 10 10 10 10 10]
 [26 28 18 18 18 18  9  9  9  9]
 [25 25 10 10 10  1  1  1  1  1]
 [25 25 18 18 18 18  9  9  9  9]
 [27 27  1  1  1  1  1  1  1  1]
 [27 27 21 13 13 13 13  3  3  3]
 [23 23 13 13 13  1  1  1  1  1]
 [27 27 10 13 13 13 13 13 13 13]]
valid: gen=0.0
reward: norm=0.8954726194056492
[ 110 iterations]
real= [[28 25  5  1  9  3 14 10 12  0]
 [28 27 23 26  3  9 19  1 20  0]
 [27 20 18 24 15 12  1  5 11  0]
 [28 25  4  1  9 17 10 15 23  0]
 [28 25  4 20  1 17 16 14 18  0]
 [28 27 11  4 20  1  9 12 23  0]
 [26 23 15  7 18  4  8  1 20  0]
 [27 23 15 18 10 17  4  8  5  0]
 [28 25  8 20 12 18 15 22 27  0]
 [26 23 17 13 14  9 19  5  1  0]]
gen= [[28 28 10 10 10 10  1  1  1  1]
 [26 28 28  3  3  1  1  1  1  1]
 [27 24 18 18  1  1  1  1  1  1]
 [28 28 10 10 10 10  1  1  1  1]
 [28 28 17 17 17  1  1  1  1  1]
 [28 28 28  1  1  1  1  1  1  1]
 [26 23 18 18  1  1  1  1  1  1]
 [27 23 10 10 10 10 10 10 10 10]
 [28 22 22 18 18 18 18 18 18 18]
 [26 23 13 13 13 13  1  1  1  1]]
valid: gen=0.0
reward: norm=0.8826204152314446
[ 120 iterations]
real= [[23 20 17 13 10  3 14 15  7  0]
 [23 19 21 17 14  3 18 12  5  0]
 [26 22 15 13 17  1 20  4  5  0]
 [26 24 12  9 19  1 25  5 11  0]
 [23 15 17 16 10 14  9  1  5  0]
 [27 23 19  3 10 17 14 12  7  0]
 [26 18 17 13  3 20  4  5  7  0]
 [23 20 10 13 17 19  9 12  7  0]
 [27 26 15 14  9 23  8  5 20  0]
 [27 26 18 14  3  9  7  5  4  0]]
gen= [[23 23 17 17 17 17 17 10 10 10]
 [23 23 17 17 17 17 17 21 21  3]
 [26 22 17 17 17 17 17  1  1  1]
 [26 24 12 12 12 12  1  1  1  1]
 [23 23 17 17 17 17 10  1  1  1]
 [23 23 17 17 17 17 17 10 10 10]
 [26 26 17 17 17 17 17 17 17  3]
 [23 23 17 17 17 17 17 10 10 10]
 [26 23 23  9  9  9  9  9  9  9]
 [26 26 18  3  3  3  3  3  3  3]]
valid: gen=0.0
reward: norm=0.8669090998821577
[ 130 iterations]
real= [[23 22 15 18 10  3 14  9  5  0]
 [27 26 24 17 21  3  9 19 12  0]
 [28 20  9  3 10 13 18 15  7  0]
 [26 24 18 19  9 20  4 25 11  0]
 [27 26 15 13 16 14 18 12  1  0]
 [27 26 22 24 18 19 20  5 11  0]
 [27 26 15 10 21 17  9 20  4  0]
 [27 23 15 24 21 13 20  4  5  0]
 [26 23 15 21 19  1 20  4  5  0]
 [27 26 23 15 13 19  1 25  4  0]]
gen= [[23 22 10 10 10 10 10 10 10  3]
 [26 24 17 17 17 17 17 17 17 17]
 [28 28 10 10 10 10 10 10 10  3]
 [26 24 19 19 19 19  9  9  9  9]
 [26 26 12 12 12 12 12 12 12  1]
 [26 24 19 19 19 19 19 19 19 19]
 [26 26 17 17 17 17 17 17 17 17]
 [23 23 21 21 21 21 21 21 21 21]
 [26 23 21 21 21 21 21 21  1  1]
 [26 23 19 13 13 13 13  1  1  1]]
valid: gen=0.0
reward: norm=0.8663302570554778
[ 140 iterations]
real= [[26 23 12 20  2  4  8  5 11  0]
 [26 23 14 13 21 17  1  8  5  0]
 [28 25  1 19  3 13 14 24 15  0]
 [28 25 20  9 14  3 24  7 27  0]
 [26 24 10 21 13  9 19 12  7  0]
 [27 23 17 21 14  3  9  5  4  0]
 [27 22  7 18 17  9 19  1 20  0]
 [22 15 14  3  9 19 20 11  8  0]
 [26 15 10 21 16 13  3  9  7  0]
 [28 27  4  1 19 18 15 26 23  0]]
gen= [[26 23 12 12 12 12 12 12 12 12]
 [26 23 17 17 17 17 17 17 17 17]
 [28 28 19 19 19 19 19 19  1  1]
 [28 28 24  9  9  9  9  9  9  9]
 [26 26 12 12 12 12 12 12 12 12]
 [23 23 17 17 17 17 17 17 17 17]
 [27 22 17 17 17 17 17 17 17 17]
 [20 22 19 19 19 19 19 19  9  9]
 [26 26 21 21 21 21 21 21 21 21]
 [28 28 19 19 19 19 19 19  1  1]]
valid: gen=0.0
reward: norm=0.8396482481222692
[ 150 iterations]
real= [[27 26 23 14 19  1  2 25 20  0]
 [26 23 18  3 21 13 16  1 20  0]
 [26 22 18 14 10  9 19 20  7  0]
 [27 23 15 10 13  3  9  5 11  0]
 [27 23 18 17 19 12  4  5 11  0]
 [27 26 22 15 18 13 19  3 20  0]
 [26 22 12 14  3  9 19  8  4  0]
 [28 25  5 11  7 26 15  3  9  0]
 [27 14 13  3  1  4  8 11  5  0]
 [28 25  8  5 11 19  3 18  7  0]]
gen= [[26 20 19 19 19 19 19 19 19 19]
 [26 26 20 21 21 21 21 21  1  1]
 [26 20 19 19 19 19 19 19 19 19]
 [27 23 13  9  9  9  9  9  9  9]
 [27 23 19 12 12 12 12 12 12 12]
 [26 26 19 19 19 19 19 19 19 19]
 [26 26 19 12 12 12 12 12 12 12]
 [28 28  9  9  9  9  9  9  9  9]
 [27 27 14 14 14 14 14 14  1  1]
 [28 28 19 19 19 19 19 19 19 19]]
valid: gen=0.0
reward: norm=0.7827244658316308
[ 160 iterations]
real= [[27 20 18 13 21 16  3 12  7  0]
 [24 18 17 13 14  3 19  1  5  0]
 [28 20 19  9 12 15 18 24  7  0]
 [27 25 20  3 13 18 15 12 23  0]
 [26 18 17 13 16 19  1  8  5  0]
 [19 14  3  9 12  7 11  5  8  0]
 [27 23 15 13 21 17 18  3  1  0]
 [26 22  7 14  3  9 19  5 11  0]
 [28 25  8 20 19  3 10 26  7  0]
 [27 23 15 14  3  9  8 20 11  0]]
gen= [[27 20 12 12 12 12 12 12 12 12]
 [24 24 19 19 14 14 14 14 14 14]
 [28 20 19 12 12 12 12 12 12 12]
 [27 20 12 12 12 12 12 12 12 12]
 [26 26 19 19 19 19 19 19 19 19]
 [19 19 19 12 12 12 12 12 12 12]
 [27 23 17 17 21  3  3  3  3  3]
 [26 26 19 14 14 14 14 14 14 14]
 [28 20 19 19 19 19 19 19 19 19]
 [27 20 14 14 14 14 14 14 14 14]]
valid: gen=0.0
reward: norm=0.8084796624417833
[ 170 iterations]
real= [[27 26 23 15 18 10  3  1 11  0]
 [27 20 25  2 19  9 14 15  7  0]
 [28 25  8 20  4  3 12 26  7  0]
 [28 25  8  4  7 15 18  3 19  0]
 [28 25  1 19 17 13 21 10 12  0]
 [28 25 27 19  3 15 26  7 23  0]
 [23 22 15 18 13  3  9 12  4  0]
 [27 23 15 10 21 16 19 20  5  0]
 [24 23  7 12  3  9 20  4  5  0]
 [26 24 18 14 19  3 15 22  7  0]]
gen= [[27 23 23  3  3  3  3  3  3  3]
 [27 20 14 14 14 14 14 14 14 14]
 [28 20 12 12 12 12 12 12 12 12]
 [28 28 19  4  4  4  4  4  4  4]
 [28 28 19 12 12 12 12 12 12 12]
 [28 23 19 19 19 19  3  3  3  3]
 [23 23 12 12 12 12 12  9  9  9]
 [27 20 19 16 16 16 16 16 16 16]
 [23 20 12 12 12 12 12  9  9  9]
 [26 22 14 14 14 14 14 14 14 14]]
valid: gen=0.0
reward: norm=0.8198926234820675
[ 180 iterations]
real= [[27 23 16 13 21 10  3 19 20  0]
 [26 23  7 22  6  3  9 19  1  0]
 [27 26 15 24 10 21 13 17  5  0]
 [27 26 15 18 17  4  8  1 20  0]
 [27 23 26 24 10 19 20  5 11  0]
 [27 22 15 14  3 19  1  8  4  0]
 [28 20 19  3 14 18 15  5  4  0]
 [27 25 11  5  9  3 15  7 23  0]
 [26 23  7 20  3 13 16 17  9  0]
 [28 25  2  4  5 27  7 22 23  0]]
gen= [[27 23 16 16 16 16 16 16 16 16]
 [26 23  6  6  6  6  6  6  6  6]
 [27 26 24 13 13 13 13 13 13 13]
 [27 20  4  4  4  4  4  4  4  4]
 [27 20 19 19 19 19 19 19 19 19]
 [27 22 14 14 14 14 14 14 14 14]
 [28 20 14 14 14 14 14 14 14 14]
 [27 23  9  9  9  9  9  9  9  9]
 [26 23 16 16 16 16 16 16 16 16]
 [27 23  4  4  4  4  4  4  4  4]]
valid: gen=0.0
reward: norm=0.8056077411884206
[ 190 iterations]
real= [[27 20 19 17 21 13 16 12  7  0]
 [27 22 15 14 18 12  4  8  5  0]
 [27 26 15 17  3 12  7  1 20  0]
 [26 23 15 24 10  3 19  8  4  0]
 [27 23 15 18 13  3  1  5  8  0]
 [26 23 18 14  9  1  2 20  5  0]
 [27 23 22 18 12  9  1  5  4  0]
 [28 25 20  3 14 10 18 24 26  0]
 [26 23 12  3 18  1 11  5  4  0]
 [27 26 15 24 10 13 19 20 23  0]]
gen= [[27 27 16 16 16 16 16 16 16 16]
 [27 22 14  4  4  4  4  4  4  4]
 [27 27 20 12 12 12 12 12 12  3]
 [26 23  4  4  4  4  4  4  4  4]
 [27 23 23  3  3  3  3  3  3  3]
 [26 23 14 14 14 14 14 14 14 14]
 [27 23  4  4  4  4  4  4  4  4]
 [28 28 14 14 14 14 14 14 14 14]
 [26 23  4  4  4  4  4  4  4  4]
 [27 23 20 19 13 13 13 13 13 13]]
valid: gen=0.0
reward: norm=0.7980165766143641
[ 200 iterations]
real= [[28 25 11 19  3 15 26  7 23  0]
 [27 15 10  3  9  1  8 11  5  0]
 [28 25 19 17 14  9 20  1  4  0]
 [27 26 15  3  9 12 14  5  4  0]
 [27 26 15 17 14 19  8  4 20  0]
 [26 18 10 13 14  3 15  7  5  0]
 [27 19 17 16 13 21 10 14  1  0]
 [27 25 20 19  9  3 13 18  7  0]
 [27 19  3 17 18 12  1  5 11  0]
 [25 20 17 13 14  3  9  1  4  0]]
gen= [[28 23 19  3  3  3  3  3  3  3]
 [27 27  9  9  9  9  9  9  9  9]
 [28 28 14  4  4  4  4  4  4  4]
 [27 27 14  4  4  4  4  4  4  4]
 [27 27 14  4  4  4  4  4  4  4]
 [26 26 14 14 14 14 14 14 14 14]
 [27 27 16 16 16 16 16 16 16 16]
 [27 27 19  9  9  9  9  9  9  9]
 [27 27 19 12  3  3  3  3  3  3]
 [25 25 14  4  4  4  4  4  4  4]]
valid: gen=0.0
reward: norm=0.8086312277235647
[ 210 iterations]
real= [[27 26 17 14  9 12 19  1  5  0]
 [26 23 22  6 24 14 12  1 20  0]
 [27 23 12 10  9 19  4  5 11  0]
 [27 26  7  6 18 14 19  1 20  0]
 [26 23  7  6 18 19  1 20  5  0]
 [27 18 10 21 17  3  9  4  5  0]
 [27 26 24  3 12  4  8  5 20  0]
 [27 15 14 13 21 17  9  4  8  0]
 [26 23 15 18 13  3  9 12 11  0]
 [27 24 18 14 21  3  9 20  5  0]]
gen= [[27 27 14 14 14 14 14 14 14 14]
 [26 23  6 14 14 14 14 14 14 14]
 [27 23  4  4  4  4  4  4  4  4]
 [27 27  6 14 14 14 14 14 14 14]
 [26 23  6  6  6  6  6  6  6  6]
 [27 27  4  4  4  4  4  4  4  4]
 [27 27  4  4  4  4  4  4  4  4]
 [27 27 14  4  4  4  4  4  4  4]
 [26 23 23  9  9  9  9  9  9  9]
 [27 27 14 14 14 14 14 14 14 14]]
valid: gen=0.0
reward: norm=0.8068489576797193
[ 220 iterations]
real= [[27 26 23 24  9  3 14  1  4  0]
 [27 23 24 18 15 11  4  1 20  0]
 [27 26 15 14 10 19  1 25  4  0]
 [26 22 15 24  9 19 20  4 11  0]
 [26 23 10 12  1  4  8  5 20  0]
 [28 20 19  1  4  8 11  7 26  0]
 [24 22 15 18  9 19  1 20  4  0]
 [25 23 18 24 14  3 19  1 20  0]
 [27 24 13 17 19  1 25  4  5  0]
 [28 20 19 17 13 18 24 15  7  0]]
gen= [[27 23 14  4  4  4  4  4  4  4]
 [27 23  4  4  4  4  4  4  4  4]
 [27 27 14  4  4  4  4  4  4  4]
 [26 22  4  4  4  4  4  4  4  4]
 [26 23  4  4  4  4  4  4  4  4]
 [28 28  4  4  4  4  4  4  4  4]
 [22 22  4  4  4  4  4  4  4  4]
 [23 23 14 14 14 14 14 14 14 14]
 [27 24 24  4  4  4  4  4  4  4]
 [28 28 24 24 13 13 13 13 13 13]]
valid: gen=0.0
reward: norm=0.817050483339996
[ 230 iterations]
real= [[27 23  7 22  3  9 12  4  8  0]
 [27 26 23 24 17 13 18 12 20  0]
 [23 14 17 13  9  1  4  5  7  0]
 [19 17 16  3  9  1 12 15  7  0]
 [26 25  8  4  1  9 19 12  7  0]
 [28 25 11 20  1  3 12 15 23  0]
 [28 27 23 26  7 15 18  9 20  0]
 [23 17 16 13 14 19  1  4 11  0]
 [27 26 22 24 15 12  1  8  4  0]
 [26 23 18 17 14  1 19 20  7  0]]
gen= [[27 23  4  4  4  4  4  4  4  4]
 [27 23 24 24 13 13 13 13 13 13]
 [23 23 14  4  4  4  4  4  4  4]
 [ 3 16 16 16 16 16 16 16 16 16]
 [26 25  4  4  4  4  4  4  4  4]
 [28 23 15 15  3  3  3  3  3  3]
 [27 23 23 15  9  9  9  9  9  9]
 [23 23 16 16 16  4  4  4  4  4]
 [27 24 24  4  4  4  4  4  4  4]
 [26 23 14 14 14 14 14 14 14 14]]
valid: gen=0.0
reward: norm=0.828788910786604
[ 240 iterations]
real= [[28 19  9 13 21 10 18 23  7  0]
 [28 25  8  1 19  9 26 22 15  0]
 [27 23 15 22 14  9 12  1  5  0]
 [28 17 14  3  9 12 15 27  5  0]
 [23 22 15 12  9  1  8  5  7  0]
 [27 26 15 24 10 14  9  5  4  0]
 [27 26 23 22 18 15  9 20  5  0]
 [28 25  4  1  3 17 14 24 23  0]
 [27 26 15 24 14 17  1 25  4  0]
 [27 23 22 12 18 17  9  1 20  0]]
gen= [[28 23 23  7  7  7  7  7  7  7]
 [28 22 15 15 15 15  9  9  9  9]
 [27 23 15 15 14 14 14 14 14 14]
 [27 28 15 15 14 14 14 14 14 14]
 [23 22 15 15 15 15  7  7  7  7]
 [27 24 15 15  4  4  4  4  4  4]
 [27 23 15 15 15 15  9  9  9  9]
 [28 24 24  4  4  4  4  4  4  4]
 [27 24 15 15  4  4  4  4  4  4]
 [27 23 22  9  9  9  9  9  9  9]]
valid: gen=0.0
reward: norm=0.8436401472360973
[ 250 iterations]
real= [[20 19 12 15 18  1 11  8  4  0]
 [28 25 27  7 23 15 12  1  5  0]
 [27 23 15 13 17 14  1  5 11  0]
 [26 24 18 10  3 12 15  7 20  0]
 [27 26 15 19  9  4  2  1 20  0]
 [26 18 13 19  9 12  1  8  5  0]
 [27 26 23  7 22 18  9 12  4  0]
 [23 14 12  3  1  4  8  5 11  0]
 [27 23  7  6 18 14 17 19  1  0]
 [26 19 16 17 14  3  9  4  5  0]]
gen= [[20 15 15 15 15 15  4  4  4  4]
 [28 23 15 15 15 15  7  7  7  7]
 [27 23 15 15 15 15 15 15 11 11]
 [26 24 15 15 15 15  7  7  7  7]
 [27 15 15 15 15 15  4  4  4  4]
 [26 26 13 13 13 13 13  9  9  9]
 [27 22 22  7  7  7  4  4  4  4]
 [23 23 14  4  4  4  4  4  4  4]
 [27 23  6  7  7  7  7  7  7  7]
 [26 26 16 16 16 16 16 16  4  4]]
valid: gen=0.0
reward: norm=0.8443989605722885
[ 260 iterations]
real= [[27 24 18 15 12 20  4  8  7  0]
 [28 23 12 18 14  3  9 19  4  0]
 [28 25 19  3 14 10 24 15  7  0]
 [27 23 15 14 10  1  4  5 11  0]
 [26 23 22 15  9  4  8 25 20  0]
 [27 26  7 22 18  3 20  5  4  0]
 [28 23 15 18 13 17  9  1 20  0]
 [23 22 10 13 14  3  9 12  1  0]
 [25 23 15 18  3  9 19  1  4  0]
 [27 26 15  3 19  9 23  7  8  0]]
gen= [[27 24 15 15 15  7  7  7  7  7]
 [28 23 14 14  4  4  4  4  4  4]
 [28 24 15 15 15  7  7  7  7  7]
 [27 15 15 15 15 15 11 11 11 11]
 [26 22 15 15 15 15 15  4  4  4]
 [27 22  7  7  7  7  7  7  7  7]
 [28 15 15 15 15 15 15 15 15 15]
 [23 22 22 14  3  3  3  3  3  3]
 [23 15 15 15 15 15 15  4  4  4]
 [27 15 15 15 15  7  7  7  7  7]]
valid: gen=0.0
reward: norm=0.8779065907727875
[ 270 iterations]
real= [[28 25 20  3 14 13 26 23 27  0]
 [27 26 22  7 15 24 18  9  5  0]
 [26 22 15 14 21 13 16 17  3  0]
 [28 25 11 27  7 26 18  9 12  0]
 [26 20 19  9 17 14 15  7  5  0]
 [28 25  8 20  9  3 10 15  7  0]
 [28 19  9  3 16 17 26  7 27  0]
 [25 20 12 18 14  9 19  1 11  0]
 [27 23 10 13 14 19 20  1  4  0]
 [23 19 17 13 10  3 18 12  9  0]]
gen= [[28 25 13 13  3  3  3  3  3  3]
 [27 15 15 15  7  7  7  7  7  7]
 [26 15 15 15 15 15  3  3  3  3]
 [28 25  7  7  7  7  7  7  7  7]
 [26 15 15 15  7  7  7  7  7  7]
 [28 15 15  7  7  7  7  7  7  7]
 [28 28  7  7  7  7  7  7  7  7]
 [25 25 11 11 11 11 11 11 11 11]
 [27 23 13 13 13  4  4  4  4  4]
 [23 23 13  3  3  3  3  3  3  3]]
valid: gen=0.0
reward: norm=0.8882314899858
[ 280 iterations]
real= [[26 23 12 10 14  9  4 25  8  0]
 [27 23 21  3 18 12  9  1 20  0]
 [28 25  4 20  1  3 26 22  7  0]
 [28 27  7 23  9  3 14  1 20  0]
 [25 23 15 18 14  9 19 20  4  0]
 [26 22 15  9  1  4 25  5 11  0]
 [27 23 21 14  3 19  1  4  8  0]
 [28 25 19  3 10 24 18 12 20  0]
 [26 22 18 17 21  3  9 19 20  0]
 [27 20 25  1 19 17 21 18 15  0]]
gen= [[26 25 14 14  4  4  4  4  4  4]
 [27 23  3  3  3  3  3  3  3  3]
 [28 22  7  7  7  7  7  7  7  7]
 [28 23  7  7  7  7  7  7  7  7]
 [25 15 15 15 15 15  4  4  4  4]
 [26 15 15 11 11 11 11 11 11 11]
 [27 23 14  3  3  3  3  3  3  3]
 [28 25 24  3  3  3  3  3  3  3]
 [26 22 22  3  3  3  3  3  3  3]
 [27 15 15 15 15 15 15 15 15 15]]
valid: gen=0.0
reward: norm=0.8891667287587353
[ 290 iterations]
real= [[28 25  5  4  9 12 15 22 26  0]
 [27 26 10 19 20  4  8 11  5  0]
 [27 26 15 21 16  9 19 12 23  0]
 [28 25  4 11  9 12 18 26  7  0]
 [23 15 19 13 17  3  4  8  5  0]
 [26 20 12 17 16 13 14 15  7  0]
 [27 26  7 22 24 10 12  1 20  0]
 [27 26 15 23 20  4 11 19  9  0]
 [26 23 15  3 10 19  1  4  8  0]
 [26 24 23 12  3  9  1 25  4  0]]
gen= [[28 15 15 15 15 15  4  4  4  4]
 [27 26 11 11 11 11 11 11 11 11]
 [27 15 15 15 15 15 15  9  9  9]
 [28 25  7 11 11 11 11 11 11 11]
 [23 15 15 15  3  3  3  3  3  3]
 [26 15 15  7  7  7  7  7  7  7]
 [27 22  7  7  7  7  7  7  7  7]
 [27 15 15 11 11 11 11 11 11 11]
 [26 15 15 15  3  3  3  3  3  3]
 [26 25  3  3  3  3  3  3  3  3]]
valid: gen=0.0
reward: norm=0.8834793715964763
[ 300 iterations]
real= [[26 23 18 10 21 13  1  4  5  0]
 [28 25  4 19  3 10 24 15 23  0]
 [27 26 15 24 10 14  9 19 25  0]
 [27 26  7 23 12 18 21 17  1  0]
 [26 23 18 17  9  1  8  5  4  0]
 [27 23 24 10 14  3 19 20 11  0]
 [28 23 26 18 12 20  4  8  5  0]
 [26 24 18 13 21 14  9  3  7  0]
 [27 23 19 14 18 15  7  1 20  0]
 [27 26  7 13 17 14 19 20  4  0]]
gen= [[26 23 13 13 13 13 13 13 13 13]
 [28 15 15  3  3  3  3  3  3  3]
 [27 15 15 15 15  9  9  9  9  9]
 [27 23  7  7  7  7  7  7  7  7]
 [26 23  9  9  9  9  9  4  4  4]
 [27 24 11 11 11 11 11 11 11 11]
 [28 23 23  4  4  4  4  4  4  4]
 [26 24  7  7  7  7  7  7  7  7]
 [27 15 15  7  7  7  7  7  7  7]
 [27  7  7  7  7  7  7  7  7  7]]
valid: gen=0.0
reward: norm=0.8986432563562851
[ 310 iterations]
real= [[27 23 15 18 10  3 13 17  5  0]
 [27 23 18 14  3  7 15 12  5  0]
 [27 23 18 13 16  1  4  8  5  0]
 [26 19  9 14 17 21 10 15  7  0]
 [23 22 15 18  9  1 20  5  7  0]
 [27 20  8  4 19  3 14 10  7  0]
 [27 26 22 24  3  9 12  5 11  0]
 [27 26 15 18  9  1 11  5 23  0]
 [27 26 22 15 24 13 19  1 20  0]
 [27 26 23  3 15 12  9 25  4  0]]
gen= [[27 15 15 13  3  3  3  3  3  3]
 [27 15  7  7  7  7  7  7  7  7]
 [27 23 13 13 13 13 13 13 13 13]
 [26 15  7  7  7  7  7  7  7  7]
 [23 15  7  7  7  7  7  7  7  7]
 [27  7  7  7  7  7  7  7  7  7]
 [27 22 11 11 11 11 11 11 11 11]
 [27 15 15 11 11 11 11 11 11 11]
 [27 15 15 13 13 13 13 13 13 13]
 [27 25 15  3  3  3  3  3  3  3]]
valid: gen=0.0
reward: norm=0.9075092712327903
[ 320 iterations]
real= [[26 22 14 13 21 16  3  9 12  0]
 [27 20 19  3 18 24 15  5  8  0]
 [27 23 15 24 13 14  9 19 11  0]
 [28 25  8  4 27  3 14 12 23  0]
 [23 18 15  3  9 12 14  1  5  0]
 [28 25  4 20  1  9 14 10 24  0]
 [27 22 18 12  9 20  4  8 11  0]
 [27 26 15 13 16 17 18  3  1  0]
 [28 25 20  3 18 24  6 26 23  0]
 [27 23 26 22 18 17 16  9 20  0]]
gen= [[26 22 13 13 13  3  3  3  3  3]
 [27 15 15  3  3  3  3  3  3  3]
 [27 15 11 11 11 11 11 11 11 11]
 [28 25  3  3  3  3  3  3  3  3]
 [23 15 15  3  3  3  3  3  3  3]
 [28 25 25  9  9  9  9  9  9  9]
 [27 22 11 11 11 11 11 11 11 11]
 [27 15 15 13 13  3  3  3  3  3]
 [28 25  6  3  3  3  3  3  3  3]
 [27 22 16  9  9  9  9  9  9  9]]
valid: gen=0.0
reward: norm=0.8988525866866277
[ 330 iterations]
real= [[27 26 23  4 20 15 18  3  1  0]
 [26 23 18 16  3  9  4  8  5  0]
 [26 24 21 13 14  3 19 20  4  0]
 [27 20  8  4  1  9 13 17 15  0]
 [27 23 15 10 17  9 19  1  7  0]
 [27 23 19 13 16 17 18 12  7  0]
 [27 26 15 13 21 10  3 12 19  0]
 [27 25  8  4  5  9 14 12 23  0]
 [26 23 15 13 18  3 19  4  5  0]
 [27 23  7 15  3 17  9  4  8  0]]
gen= [[27 15 15  3  3  3  3  3  3  3]
 [26 23 16  3  3  3  3  3  3  3]
 [26 24 13 13 13 13  3  3  3  3]
 [27 15 15 13 13 13 13 13 13 13]
 [27 15  7  7  7  7  7  7  7  7]
 [27 23  7  7  7  7  7  7  7  7]
 [27 15 15 13 13 13  3  3  3  3]
 [27 25 25  9  9  9  9  9  9  9]
 [26 15 15 13 13 13  3  3  3  3]
 [27 15  7  7  7  7  7  7  7  7]]
valid: gen=0.0
reward: norm=0.8903304379129178
[ 340 iterations]
real= [[27 26 22 24 18  3 15  7 20  0]
 [27 23 18  3 19 11  8  5  7  0]
 [27 22 18 17 14 19  1  4  5  0]
 [28 25 19  3  9 12 15 24  7  0]
 [27 24 10 18 15 12 20  1  5  0]
 [27 25 19 17 13 12 15 26  7  0]
 [23 22  7 18  3 19  1  5 11  0]
 [27 26 15 18 21 16 14  3  5  0]
 [27 22 18 13 10 14  3  9 12  0]
 [28 25  4 20 17 13 10  3 12  0]]
gen= [[27 22  7  7  7  7  7  7  7  7]
 [27 23  7 11 11 11 11 11 11 11]
 [27 22 22  1  1  1  1  1  1  1]
 [28 25  7  7  7  7  7  7  7  7]
 [27 15 15 15  1  1  1  1  1  1]
 [27 25  7  7  7  7  7  7  7  7]
 [23 22  7 11 11 11 11 11 11 11]
 [27 15 15  3  3  3  3  3  3  3]
 [27 22 13 13 13 13  3  3  3  3]
 [28 25 13 13 13 13  3  3  3  3]]
valid: gen=0.0
reward: norm=0.8993953286424942
[ 350 iterations]
real= [[28 25  2  1 19  3 18 24 26  0]
 [23 17 16 13 14  3  9  5  1  0]
 [27 26 22 24 18 15 23  5 20  0]
 [26 22  6 13 14  9 19  1 20  0]
 [26 23 18 17 14  3  9 11  4  0]
 [28 25  1 19 14 13 18 23 27  0]
 [26 23 15 14 10 18 20 25  4  0]
 [26 18 10 17 12 20  4  8  5  0]
 [27 26 24 18  9 12 11  4 20  0]
 [27 26 23  7 22 18 10 19 20  0]]
gen= [[28 25 25  3  3  3  3  3  3  3]
 [23 23 13 13 13 13  3  3  3  3]
 [27 22 15 15 15 27 27 27 27 27]
 [26 22 13 13 13 13 13 13 13 13]
 [26 23 11 11 11 11 11 11 11 11]
 [28 25 13 13 13 13 13 13 13 13]
 [26 25 15 15 15 10 10  4  4  4]
 [26 26  8  8  8  8  8  8  8  8]
 [27 24 11 11 11 11 11 11 11 11]
 [27 22  7  7  7  7  7  7  7  7]]
valid: gen=0.0
reward: norm=0.9055452905658825
[ 360 iterations]
real= [[23 13 16 17 19  1  8 11  5  0]
 [23 22 18 12 19  1  4 20  7  0]
 [27 26 15 17 12 23  7  5 20  0]
 [26 23 18 10 13  9 19  1  7  0]
 [28 20 19  3 14 17 16 15 26  0]
 [28 25  8 27  7 12 18 24 23  0]
 [27 26 22 15 19  3 14 17 20  0]
 [23 22 15 13 10 14  9 19 20  0]
 [27 20 19  9 10 18 15 12 11  0]
 [26 23 24 10 17  9 20  4  5  0]]
gen= [[23 23 11 11 11 11 11 11 11 11]
 [23 22  7  7  7  7  7  7  7  7]
 [27 15  7  7  7  7  7  7  7  7]
 [26 23  7 13 13 13 13 13  7  7]
 [28 15 15  3  3  3  3  3  3  3]
 [28 25  7  7  7  8  8  8  7  7]
 [27 22 15  3  3  3  3  3  3  3]
 [23 22 13 13 13 13 13 13 13 13]
 [27 15 11 11 11 11 11 11 11 11]
 [26 23  9  9  9  9  9  9  9  9]]
valid: gen=0.0
reward: norm=0.8951071886048433
[ 370 iterations]
real= [[26 22 15  9 20  4 25  5  7  0]
 [28 12  9  1  4  8 11 27  7  0]
 [27 26  7 23 18 12 25  8 11  0]
 [27 23 17 14 10 15 12 19  9  0]
 [27 26 22 24 19  3 14  1 20  0]
 [26 15 10 13  3  1  8  4 20  0]
 [27 23 15 10 21 16  9 12  7  0]
 [27 26 22 15 19  9  8  5 20  0]
 [24 18 10 14  3  9  4  5 23  0]
 [27 15 10 14  3  1  4  5  7  0]]
gen= [[26 25  7  7  7  7  7  7  7  7]
 [28 28 11 11 11 11 11 11 11 11]
 [27 25 11 11 11 11 11 11 11 11]
 [27 15 15 15  9  9  9  9  9  9]
 [27 22  3  3  3  3  3  3  3  3]
 [26 15 13  8  8  8  8  8  8  8]
 [27 15  7  7  7  7  7  7  7  7]
 [27 22  8  8  8  8  8  8  8  8]
 [23 23  3  3  3  3  3  3  3  3]
 [27 15  7  7  3  3  3  3  3  3]]
valid: gen=0.0
reward: norm=0.9375518567050599
[ 380 iterations]
real= [[27 23 15  6 19  1 20  4  5  0]
 [28 25  4  5  1 19 18 24  7  0]
 [24 18 17 13 14  1 12 23  7  0]
 [28 25  8 11  5 15 26 12  1  0]
 [28 25  2  3 14 18 26  7 23  0]
 [26 22 15 18  3  9  1  5 25  0]
 [27 26 15 19  9 12 23  5  8  0]
 [27 23 15 21 17  3  9  4  8  0]
 [26 22 15 10 13 17  3  9  5  0]
 [25 20 19  9 18 17 14 12  7  0]]
gen= [[27  6  6  6  1  1  1  1  1  1]
 [28 25  7  7  1  1  1  1  1  1]
 [23 23  7 13 13  1  1  1  1  1]
 [28 25  8  8  8  8  8  8  8  8]
 [28 25  7  7  3  3  3  3  3  3]
 [26 25 15  3  1  1  1  1  1  1]
 [27 23  8  8  8  8  8  8  8  8]
 [27 23  8  8  8  8  8  8  8  8]
 [26 22 13 13 13 13  3  3  3  3]
 [25 25  7  7  7  7  7  7  7  7]]
valid: gen=0.0
reward: norm=0.9556491880104133
[ 390 iterations]
real= [[27 25  8  4 20 18 14 12  5  0]
 [27 23  7 22 18 14  1  4  5  0]
 [27 20 19 13 16 14 18 24  7  0]
 [28 25  8 11  5  7 26 15 19  0]
 [28 25  8 20 19 18 24  7 27  0]
 [26 24 18 19  1 25 11  5 20  0]
 [23 20 19 17 21 10 18 12  1  0]
 [27 23 15 13 17 12  9  1  5  0]
 [26 23  7 15 21 13 14 12  1  0]
 [28 25  1 20 14 10 15 23 27  0]]
gen= [[27 25  8  8  8  8  8  8  8  8]
 [27 22  7  7  1  1  1  1  1  1]
 [27  7  7 13 13 13 13 13 27 27]
 [28 25  8  8  8  8  8  8  8  8]
 [28 25  8  8  8  8  8  8  8  8]
 [26 25 25 11 11 11  1  1  1  1]
 [23 23 21  1  1  1  1  1  1  1]
 [27 23 13 13 13  1  1  1  1  1]
 [26 23  7 13 13  1  1  1  1  1]
 [28 25 25  1  1  1  1  1  1  1]]
valid: gen=0.0
reward: norm=0.9593676639368764
[ 400 iterations]
real= [[27 22 24 18 13 16 17 19 20  0]
 [27 26 15 18  9 12  1 25 11  0]
 [27 23 18 14  3  2 25  8 20  0]
 [26 22  6 18 12 19 20  4  5  0]
 [27 26 23  7 18 12 19  1  4  0]
 [26 23 13  3 19 25  8  4  5  0]
 [27 19 17 14  3  1  4  5 11  0]
 [26 19  9 12 15  1  4  5  7  0]
 [27 23 19 14  9 12 20  1 11  0]
 [27 20 17 13 10 14 24 15  7  0]]
gen= [[27 22 13 13 13 13 13 27 27 27]
 [27 25 25 11 11  1  1  1  1  1]
 [27 25  8  8  8  8  8  8  8  8]
 [26  6  6  6  6  6  6  4  4  4]
 [27 23  7  7  1  1  1  1  1  1]
 [26 25 25  8  8  8  8  8  8  8]
 [27 27 11 11 11  1  1  1  1  1]
 [26 26  7  7  1  1  1  1  1  1]
 [27 23 11 11 11  1  1  1  1  1]
 [27 15  7 13 13 13 13 27 27 27]]
valid: gen=0.0
reward: norm=0.9321409750114606
[ 410 iterations]
real= [[23 19 17 13  3  1 12 15  7  0]
 [27 20 21 13 17 10 18  3 12  0]
 [27 26 22  3 19  4  8 11  5  0]
 [25 20 19  3 14 24 15 22  7  0]
 [26 15 10 13 12 20  4  8  5  0]
 [23 22  7 15 14 19  4  8  5  0]
 [27 26 23 20  9 18 12  5  8  0]
 [26 22 15 24 10 18 20  4  5  0]
 [28 25 12 14  3  1 20 23  7  0]
 [28 25  1 13 17 14  9 26  7  0]]
gen= [[23 23  7 13 13 13  1  1  1  1]
 [27 27 13 13 13 13 13 27 27 27]
 [27 22  8  8  8  8  8  8  8  8]
 [25 25 25  7  7  7  3  3  3  3]
 [26 26  8  8  8  8  8  8  8  8]
 [23 22  8  8  8  8  8  8  8  8]
 [27 23  8  8  8  8  8  8  8  8]
 [26 22 15 15 15 15 10 10  4 26]
 [28 25 25  7  7  1  1  1  1  1]
 [28 25 25 13 13 13  1  1  1  1]]
valid: gen=0.0
reward: norm=0.9142827026983391
[ 420 iterations]
real= [[26 15 10 21 14  3  9  5 11  0]
 [26 22 12 13  3  9 19 20  5  0]
 [26 17 16 13 14  9 19  4  8  0]
 [27 26 22 18 10 17 13  3  9  0]
 [26 23 12  3 16 19 20  4  5  0]
 [26 23  7 13 21 17 12  1 20  0]
 [26 23 19 13 21 17 18  1 20  0]
 [26 23 15 14 17 19 25  4 11  0]
 [28 20 19 17 14 15 26 27  5  0]
 [22 18 17 13  3 19  1  4  5  0]]
gen= [[26 26 15 11 11 11 11 11 11 11]
 [26 22 13 13 13 13 13 13  9  9]
 [26 26  8  8  8  8  8  8  8  8]
 [27 22 13 13 13 13 13 27 27 27]
 [26 23 16 16 16  3  3  3  3  3]
 [26 23  7 13 13 13 13  1  1  1]
 [26 23 13 13 13 13 13  1  1  1]
 [26 25 25 25 11 11 11 11 11 11]
 [27 28 15 15 15 15 27 27 27 27]
 [22 22 13 13 13 13 13  1  1  1]]
valid: gen=0.0
reward: norm=0.8722263665687255
[ 430 iterations]
real= [[27 25  8  5 20  1 17 18 23  0]
 [26 23 15 18 10 13 20  4  8  0]
 [18 10 21 17  9  1  4  8  5  0]
 [27 26 24 15 18 21 14  3 23  0]
 [27 26 18 15 19 13 14  3  9  0]
 [26 18 12  3  5 11  8 25  4  0]
 [19 17 13 14  3  7 15 12  1  0]
 [27 26 23 22 18  1  4  8  5  0]
 [26 23 18 22 12 19  1 20  5  0]
 [27 26 24 10 16 13 17  3 19  0]]
gen= [[27 25 25  8  8  8  8  8  8 27]
 [26 26  8  8  8  8  8  8  8  8]
 [ 4  8  8  8  8  8  8  8  8  8]
 [27 26 15 15 21 21 27 27 27 27]
 [27 26 13 13 13 13 13 27 27 27]
 [26 25 25  8  8  8  8  8  8  8]
 [15  7  7 13 13 13 13  1  1  1]
 [27 22  8  8  8  8  8  8  8 27]
 [26 22 22 22  1  1  1  1  1  1]
 [27 26 13 13 13 13 13 27 27 27]]
valid: gen=0.0
reward: norm=0.854175223101887
[ 440 iterations]
real= [[27 25  8  4 20  3 14 19  7  0]
 [27 26  6 24 15  9 19  1  5  0]
 [27 23 10 13 17  3 14  9  4  0]
 [27 20 19 13 21 10 14 17  1  0]
 [28 19 14  3 12  7 27  5  4  0]
 [26 24 18 14 16 17  9 20  5  0]
 [26 17 13 21 10  9  1 20  5  0]
 [26 23 12 17 10  9 19  1  4  0]
 [27 22 24 18 13 17  3  9  5  0]
 [27 24 18 23 15 12  9  1  5  0]]
gen= [[27 25 25  8  8  8  8  8 27 27]
 [27  6  6  6  6  9  9 27 27 27]
 [27 23 13 13 13  9  9 27 27 27]
 [27 27 13 13 13 13 13 27 27 27]
 [28 28  7  7  7  7  3 27 27 27]
 [26 26 16  9  9  9  9  9 26 26]
 [26 26 13 13 13  9  9  1  1  1]
 [26 26  9  9  9  9  9  1  1  1]
 [27 22 22 13 13  9  9 27 27 27]
 [27 23 15  9  9  9  9 27 27 27]]
valid: gen=0.0
reward: norm=0.8504697679206548
[ 450 iterations]
real= [[25  8  4  3 17 13 18 23  7  0]
 [27 23 10 21 14  9 20  1  5  0]
 [27 26 22 13 21 14  9 12 23  0]
 [25 20  5 11  4  1 19 12 15  0]
 [28 23 15 18 10  3 19  1 20  0]
 [27 23 15  9  1  2  8  4  5  0]
 [28 20  5  4  1 19  3 18  7  0]
 [27 26 23  7 12  3 20  5 25  0]
 [26 23 15 17 21 18 12 20  4  0]
 [27 23 21 14 10  3  9 12 20  0]]
gen= [[25 25 25  8  8  8  8  8  8  8]
 [27 23 21  9  9  9  9  9 27 27]
 [27 22 22 13  9  9  9  9 27 27]
 [25 25 25 25 11  1  1  1  1  1]
 [28 28 15 15 10  1  1  1 28 28]
 [27 23  8  8  8  8  8  8 27 27]
 [28 28  7  7  7  1  1  1 28 28]
 [27 25 25  7  7  7  3 27 27 27]
 [26 26 15 21 21 21 21 21 26 26]
 [27 23 21  9  9  9  9  9 27 27]]
valid: gen=0.0
reward: norm=0.8577408770739487
[ 460 iterations]
real= [[23 15 18 14  3  1  2  8  5  0]
 [27 26 24 10 21 17 13 14 15  0]
 [27 20  8 19 17 13 14  3 15  0]
 [26 23 18 13 21  9 20  1  5  0]
 [27 26  6 24 14  9  1 20  4  0]
 [26 21 13 17 14 12 20  1  5  0]
 [28 25 19  3 10 18 23  7 27  0]
 [23 12 10 13  3  9  1  8  5  0]
 [27 26 18 13 16 10 19  1 20  0]
 [27 23 22 19 20  4  8  5 11  0]]
gen= [[23 23  8  8  8  8  8  8  8  8]
 [27 26 21 13 21 21 21 21 27 27]
 [27 27  8  8  8  8  8  8 27 27]
 [26 26 21  9  9  9  9  1 26 26]
 [27 26  6  6  9  9  9  9 27 27]
 [26 26 21 13 21 21 21  1 26 26]
 [28 25 25 25  7 10 10 27 27 27]
 [23 23  8  8  8  8  8  8  8  8]
 [27 26 16 13 13 13 13  1 27 27]
 [27 22 22  8  8  8  8  8 27 27]]
valid: gen=0.0
reward: norm=0.8669010808097177
[ 470 iterations]
real= [[20 19 12 18 15  7 11  5  8  0]
 [26 24 18 17 19 20  4 25  5  0]
 [27 23 18 24  9 19  1  8 11  0]
 [27 20  1 19 17 13 18  5  8  0]
 [27 26 24 15 18 17 19  3 12  0]
 [28 25  8  4 20  1  9 17 26  0]
 [28 25  2  1 19  3 15 26 27  0]
 [27 26 15 13 10 18 12 20  5  0]
 [27 23 24 18 10 21 19  1 20  0]
 [28 27  5 20 19 14 18 15 26  0]]
gen= [[20  7  7  8  8  8  8  8  8  8]
 [26 25 25 25 18 18 18 18 26 26]
 [27 23  8  9  9  9  8  8  8 27]
 [27 27 13  8  8  8  8  8 27 27]
 [27 26 15 15 18 18  3  3 27 27]
 [28 25 25  9  9  9  8  8  8 28]
 [28 25 25 25  3  1  1  1 27 27]
 [27 26 13 13 13 13 13 27 27 27]
 [27 23 21 21 21 21 21  1 27 27]
 [28 28 15 14 14 14 14 14 27 27]]
valid: gen=0.0
reward: norm=0.8681118810599298
[ 480 iterations]
real= [[26 23 17 21  3  9 12  4  5  0]
 [27 20 19 14 18 10 16 17 12  0]
 [26 22 18 10 14  9 20  8  5  0]
 [27 23 15 10  3 19 25  8  5  0]
 [27 25  4 20 19 14 10 23  7  0]
 [27 23 18 17 14  9 20 12  4  0]
 [27 15 14  3  9  1  2 25  5  0]
 [27 20  5  4  9 17 13 15  7  0]
 [28 25  2 20  9  3 18 24 23  0]
 [26 15 17 13 16  3 12  1  5  0]]
gen= [[26 26 21 21 21 21 21  9 26 26]
 [27 27 16 16 16 16 16 10 27 27]
 [26 26 22  9  9  9  9  8  8 26]
 [27 25 25  8  8  8  8  8  8 27]
 [27 25 25 25 10 10 10 10 27 27]
 [27 23 18  9  9  9  9  9 27 27]
 [27 25 25  9  9  9  9  1 27 27]
 [27 27  7  9  9  9  9  9 27 27]
 [28 25 25  9  9  9  9  9 28 28]
 [26 26 16 16 16 16  1  1 26 26]]
valid: gen=0.0
reward: norm=0.866823264359114
[ 490 iterations]
real= [[27 23 18 13 12  1 20  8  5  0]
 [26 23 22 15 18 12  1  5  4  0]
 [27 23 15 18  9  1  2 20  4  0]
 [27 26 14 19  9 12  8 25 20  0]
 [27 22 26 15 18 19  4  8 11  0]
 [26 23 15  3  9 12 20  2  4  0]
 [23 15 14 13 10  3  9 12  4  0]
 [23 22  6 18 10 14  9  1 20  0]
 [21 13 17  3 12  1 20  5  4  0]
 [28 25  8  1  3  9 15  7 27  0]]
gen= [[27 23 18 18 18 18 18  8  8 27]
 [26 26 18 18 18 18 18  1 26 26]
 [27 23 18 18 18 18 18  1 27 27]
 [27 25 25  9  9  9  9  8  8 27]
 [27 26 18 18 18 18 18 18  8 27]
 [26 26 15  9  9  9  9  9 26 26]
 [23 23 10 10  9  9  9  9 23 23]
 [23 22  6 18 18 18 18  1  1  1]
 [20 21 21 21 21 21 21  1  1  1]
 [28 25 25  9  9  9  9  8  8 27]]
valid: gen=0.0
reward: norm=0.8861876288521259
