read problem
[ 10 iterations]
real= [[26 23 19 13 21 17 18  1 20  0]
 [26 23 15 14 17 19 25  4 11  0]
 [28 20 19 17 14 15 26 27  5  0]
 [22 18 17 13  3 19  1  4  5  0]
 [28 25 20 19  9 12 18 24 22  0]
 [26 23  6 18 14  3  9  1  5  0]
 [23 15 10 21  3  1 20  5 11  0]
 [26 23 18 10 19  4 25  8  5  0]
 [27 25  4 16 13 14 18 12 23  0]
 [26 24 15 14 12  1 20  8  5  0]]
gen= [[23 19 20  1 18 26  0  0  0  0]
 [23 19 11 25 26  0  0  0  0  0]
 [19 27 28 26 15  0  0  0  0  0]
 [ 3 18  4  1  5  0  0  0  0  0]
 [19 12 20 18 25 28  0  0  0  0]
 [ 6  9  1  3 23  0  0  0  0  0]
 [23 21  1 11  5  0  0  0  0  0]
 [23 18 19  0  0  0  0  0  0  0]
 [12 23  0  0  0  0  0  0  0  0]
 [12 20  1 14 15  5  8  0  0  0]]
valid: gen=0.0
reward: norm=0.8770862411102703
[ 20 iterations]
real= [[19 17 13 14  3  7 15 12  1  0]
 [27 26 23 22 18  1  4  8  5  0]
 [26 23 18 22 12 19  1 20  5  0]
 [27 26 24 10 16 13 17  3 19  0]
 [27 15 13  3  9  4 25  8  5  0]
 [20 14 10 12  9  1  8  4  5  0]
 [26 22 15 24 18 14  9 25  4  0]
 [27 26  7 18 10 13 14  3  1  0]
 [27 23 24 10 21 14 19 20  5  0]
 [28 25  8  5 19  9 14 24 15  0]]
gen= [[ 7 14 15  1 12 19  0  0  0  0]
 [23 18 22  1 26 27  0  0  0  0]
 [23 19 18 22 12  1 20  0  0  0]
 [10 19  3 26 27  0  0  0  0  0]
 [25 15 13  3  9  0  0  0  0  0]
 [10 12 14  0  0  0  0  0  0  0]
 [14 25 18 15  0  0  0  0  0  0]
 [18 14 10  1  3 27  0  0  0  0]
 [10 23 19 20 27  5  0  0  0  0]
 [25 15 19 28  8  5  0  0  0  0]]
valid: gen=0.0
reward: norm=0.8854778864209036
[ 30 iterations]
real= [[26 17 13 21 10  9  1 20  5  0]
 [26 23 12 17 10  9 19  1  4  0]
 [27 22 24 18 13 17  3  9  5  0]
 [27 24 18 23 15 12  9  1  5  0]
 [27 15 24 14  3 12  7  5  4  0]
 [27 25 17 13 14  3 19  1 20  0]
 [27 26 22 23 15  9  8 11  5  0]
 [27 23 22  6 24 18  9 19  5  0]
 [28 23 12 18 10  3  9 19 20  0]
 [28 25  8  5  1 19 14 12 26  0]]
gen= [[21 10 13 26  0  0  0  0  0  0]
 [10 23 17 19  0  0  0  0  0  0]
 [18 22  3 27  5  0  0  0  0  0]
 [23 18 15 24  9 27  0  0  0  0]
 [ 3  7 14 15 12  0  0  0  0  0]
 [25 13 19  3 14  0  0  0  0  0]
 [23 22 26 15 27  9  0  0  0  0]
 [23 18 22  6 19  0  0  0  0  0]
 [23 10 18 28 19  9  0  0  0  0]
 [25 28 14 19 26  0  0  0  0  0]]
valid: gen=0.0
reward: norm=0.8786835480888174
[ 40 iterations]
real= [[28 20  5  4  1 19  3 18  7  0]
 [27 26 23  7 12  3 20  5 25  0]
 [26 23 15 17 21 18 12 20  4  0]
 [27 23 21 14 10  3  9 12 20  0]
 [27 26  7 23  3 12 25  8 11  0]
 [20 18 17 13 10  3 14 12 15  0]
 [27 25  5 11 20 12 14 18 15  0]
 [23 22  6 18 14 17 13  1 20  0]
 [27 26 17 13 14  3 12 20  8  0]
 [23 15 18 14  3  4 11  5  8  0]]
gen= [[28  3 18 19  1  7  0  0  0  0]
 [23 25 26 27 12 20  0  0  0  0]
 [23 21 26 18  0  0  0  0  0  0]
 [23 10 21 14 27 20  0  0  0  0]
 [23 25  3  0  0  0  0  0  0  0]
 [10 13 17 18  0  0  0  0  0  0]
 [25 14 18 15 12 27 20  0  0  0]
 [ 6 23 22 20  0  0  0  0  0  0]
 [26 13  3  0  0  0  0  0  0  0]
 [23  3 18 14 15 11  8  4  0  0]]
valid: gen=0.0
reward: norm=0.875666787681072
[ 50 iterations]
real= [[28 25 19  3 10 18 23  7 27  0]
 [23 12 10 13  3  9  1  8  5  0]
 [27 26 18 13 16 10 19  1 20  0]
 [27 23 22 19 20  4  8  5 11  0]
 [28 23 15 18 14 17  9  3 20  0]
 [27 26 24 10 21 17 14  9  5  0]
 [27 23 12 13 10  3 19  1  5  0]
 [27 25  1 19  9 21 13 18 23  0]
 [27 23 15 21 19  1  4  8  5  0]
 [26 23 20 25  2  1 19 12 15  0]]
gen= [[28 23 25 19 27  0  0  0  0  0]
 [23 10 13  3  9  1 12  0  0  0]
 [10 13 26 18 20  0  0  0  0  0]
 [23 22 19 27  4  8 20  0  0  0]
 [23 28  0  0  0  0  0  0  0  0]
 [21 10 26  9  0  0  0  0  0  0]
 [23 10 13 19  3  1 12  0  0  0]
 [23 21 25  1  0  0  0  0  0  0]
 [23 21 19 15 27  0  0  0  0  0]
 [23 25 26 19  1 20  0  0  0  0]]
valid: gen=0.0
reward: norm=0.9236366198143116
[ 60 iterations]
real= [[28 25  2  1 19  3 15 26 27  0]
 [27 26 15 13 10 18 12 20  5  0]
 [27 23 24 18 10 21 19  1 20  0]
 [28 27  5 20 19 14 18 15 26  0]
 [27 22  7 15  9 19 20  5  8  0]
 [28 25 11 20 19 14 18 15 23  0]
 [26 23 15 24 13 14  3  8  4  0]
 [28 25  4  5 11  3 14 15 23  0]
 [26 24 15 13 21 17 14 19  1  0]
 [22 15 12 19  1  8 11  5  4  0]]
gen= [[25 28 26 19  3 15  0  0  0  0]
 [26 10 13 18 15 12 27  5  0  0]
 [23 21 10 19 18  0  0  0  0  0]
 [26 28 19 14 18 15 27  0  0  0]
 [22 19 15  9 27  0  0  0  0  0]
 [25 23 28  0  0  0  0  0  0  0]
 [23 26 13 14  3 15 24  0  0  0]
 [23 25  0  0  0  0  0  0  0  0]
 [26 21 17 19 14 15  0  0  0  0]
 [22 19 15  1  5  0  0  0  0  0]]
valid: gen=0.0
reward: norm=0.942587616339505
[ 70 iterations]
real= [[27 15 14  3  9  1  2 25  5  0]
 [27 20  5  4  9 17 13 15  7  0]
 [28 25  2 20  9  3 18 24 23  0]
 [26 15 17 13 16  3 12  1  5  0]
 [27 26 15 13 21  9 19 20  4  0]
 [27 20 11  4  1  9 14 17 12  0]
 [26 15 24 10 14 17  9  5 11  0]
 [23 15 18 14 10  3  1  8 11  0]
 [27 25 19  9  3 16 13 18 15  0]
 [23 15 17 14  3  1  8  5  4  0]]
gen= [[25 14  3  9 15  1  0  0  0  0]
 [17 13  9 15  4  5 27  0  0  0]
 [23 28  3 18 25  0  0  0  0  0]
 [26 17 13  3  0  0  0  0  0  0]
 [26 21 13 19  9  0  0  0  0  0]
 [17 14  9  1 12  4 27  0  0  0]
 [26 10 17  9 15  0  0  0  0  0]
 [23 10 14  0  0  0  0  0  0  0]
 [25 13 19  3  0  0  0  0  0  0]
 [23 17 14  0  0  0  0  0  0  0]]
valid: gen=0.0
reward: norm=0.8875195174415841
[ 80 iterations]
real= [[23 15 14 13 10  3  9 12  4  0]
 [23 22  6 18 10 14  9  1 20  0]
 [21 13 17  3 12  1 20  5  4  0]
 [28 25  8  1  3  9 15  7 27  0]
 [27 26  7 23 12 19  2  8  5  0]
 [23 22 15 13 10 14  9 12 20  0]
 [27 23 24 21 17 18 12  9 20  0]
 [27 26 16 13 18 12  9 19  1  0]
 [26 24 18 10 14 17 19 23  7  0]
 [26 23 17 21 14  3  9  5  4  0]]
gen= [[23 13 10 14  3  9 12 15  0  0]
 [23 22 10 14  9  1 20  0  0  0]
 [17 13 21  3  1 12  5  0  0  0]
 [25 28  3  9  1 15  7 27  0  0]
 [23 26 19 12  7  5 27  8  0  0]
 [23 22 13  0  0  0  0  0  0  0]
 [23 17 21  9 18 12 27  0  0  0]
 [26 13 19  9  1 12 27  0  0  0]
 [23 26 17 19 14  0  0  0  0  0]
 [23 26 17 14  3  9  4  5  0  0]]
valid: gen=0.022
reward: norm=0.8942500026412853
[ 90 iterations]
real= [[26 15 21 13  3  9 19  5 11  0]
 [27 23 15 20  8  4 19  3  9  0]
 [27 20 19  9 18  3 16 17  7  0]
 [27 23 24 10 19  1 25  8  5  0]
 [28 25 11  5  4 20  9  3 26  0]
 [26 23 12 13  3  1 20  5  4  0]
 [27 18 17 14  9 12 15  7  5  0]
 [27 25 19 14 18 15 23  5 20  0]
 [28 25  2 20 19  3 14 18 23  0]
 [28 25 20  9  3 24 15 12  5  0]]
gen= [[26 13 19  9  3 11  5  0  0  0]
 [23 27 19  9  3  4 15  0  0  0]
 [17 19  9  3 18  7 27 20  0  0]
 [23 25 10 19  0  0  0  0  0  0]
 [25 28  9 26  3  5  0  0  0  0]
 [23 26  0  0  0  0  0  0  0  0]
 [17 27  9 12  0  0  0  0  0  0]
 [23 25 19 14 18  5 27  0  0  0]
 [23 25 28 19  0  0  0  0  0  0]
 [25 28  9  3 12  5 15  0  0  0]]
valid: gen=0.005
reward: norm=0.8849462089290596
[ 100 iterations]
real= [[22 15 18  3  9  1  8  5  7  0]
 [27 18 14  3  9 12  7  1  4  0]
 [26 23 18 14 10 19 25  8  5  0]
 [28 23 26 15 18 17  9 19 20  0]
 [28 25  1 19  3 14 21 10 23  0]
 [28 25 23 26 24 18 14  9 19  0]
 [27 23 15  6 14  9 19  1  4  0]
 [27 23 26  7 13 21 16  3 20  0]
 [23 15 16 13 14  3  9  5  1  0]
 [27 23 10 13 14 19 20  4  8  0]]
gen= [[22 18  9  3  1  5  7  0  0  0]
 [27 12 14  9  0  0  0  0  0  0]
 [23 25 26 14 19  0  0  0  0  0]
 [23 26 28 17 19 20  0  0  0  0]
 [23 25 28 10 14 19  0  0  0  0]
 [23 25 28 26 14 18  0  0  0  0]
 [23 27 14 19  4  1  0  0  0  0]
 [23 26 13  3  7 27 20  0  0  0]
 [23 13 14  9  0  0  0  0  0  0]
 [23 13 10 14 19  4  8 27  0  0]]
valid: gen=0.0
reward: norm=0.8704101419915143
[ 110 iterations]
real= [[28 25  5  1  9  3 14 10 12  0]
 [28 27 23 26  3  9 19  1 20  0]
 [27 20 18 24 15 12  1  5 11  0]
 [28 25  4  1  9 17 10 15 23  0]
 [28 25  4 20  1 17 16 14 18  0]
 [28 27 11  4 20  1  9 12 23  0]
 [26 23 15  7 18  4  8  1 20  0]
 [27 23 15 18 10 17  4  8  5  0]
 [28 25  8 20 12 18 15 22 27  0]
 [26 23 17 13 14  9 19  5  1  0]]
gen= [[25 28 10 14 12  3  0  0  0  0]
 [26 23 28  0  0  0  0  0  0  0]
 [27 18 12 11  1  5  0  0  0  0]
 [23 28 10  9  1  0  0  0  0  0]
 [25 28 17 14 18  4  1 20  0  0]
 [23 28 12  9  4 11 27  0  0  0]
 [26 23 18  4  1  7 15  0  0  0]
 [23 17 10 18  4  5 27  0  0  0]
 [25 28 22 18 12 20  0  0  0  0]
 [26 23 13 17 14  0  0  0  0  0]]
valid: gen=0.0
reward: norm=0.9331394975436738
[ 120 iterations]
real= [[23 20 17 13 10  3 14 15  7  0]
 [23 19 21 17 14  3 18 12  5  0]
 [26 22 15 13 17  1 20  4  5  0]
 [26 24 12  9 19  1 25  5 11  0]
 [23 15 17 16 10 14  9  1  5  0]
 [27 23 19  3 10 17 14 12  7  0]
 [26 18 17 13  3 20  4  5  7  0]
 [23 20 10 13 17 19  9 12  7  0]
 [27 26 15 14  9 23  8  5 20  0]
 [27 26 18 14  3  9  7  5  4  0]]
gen= [[23 17 13 10 14  3  7 15  0  0]
 [23 18 17  0  0  0  0  0  0  0]
 [26 22 13  4  1 20  0  0  0  0]
 [26 25 11 12  9 19  1  0  0  0]
 [23 17 10 14  9  1  5  0  0  0]
 [23 27 17  0  0  0  0  0  0  0]
 [26 18 17  0  0  0  0  0  0  0]
 [23 17 13 10  9 12 19 20  0  0]
 [26 23  0  0  0  0  0  0  0  0]
 [26 27 18 14  3  9  4  5  0  0]]
valid: gen=0.017
reward: norm=0.9095711358905231
[ 130 iterations]
real= [[23 22 15 18 10  3 14  9  5  0]
 [27 26 24 17 21  3  9 19 12  0]
 [28 20  9  3 10 13 18 15  7  0]
 [26 24 18 19  9 20  4 25 11  0]
 [27 26 15 13 16 14 18 12  1  0]
 [27 26 22 24 18 19 20  5 11  0]
 [27 26 15 10 21 17  9 20  4  0]
 [27 23 15 24 21 13 20  4  5  0]
 [26 23 15 21 19  1 20  4  5  0]
 [27 26 23 15 13 19  1 25  4  0]]
gen= [[23 22 18 14  3 10  9  5  0  0]
 [26 27 17  3  9 12 19  0  0  0]
 [28 18 13 10  3  9 20  0  0  0]
 [26 25 18  9 19 20  0  0  0  0]
 [26 27 18 14 13 12  1  0  0  0]
 [26 27 18 11  5 20  0  0  0  0]
 [26 27 17 10  9 20  0  0  0  0]
 [23 27 13 21  5  0  0  0  0  0]
 [26 23  0  0  0  0  0  0  0  0]
 [26 25 27  4 23  0  0  0  0  0]]
valid: gen=0.008
reward: norm=0.9227944025620131
[ 140 iterations]
real= [[26 23 12 20  2  4  8  5 11  0]
 [26 23 14 13 21 17  1  8  5  0]
 [28 25  1 19  3 13 14 24 15  0]
 [28 25 20  9 14  3 24  7 27  0]
 [26 24 10 21 13  9 19 12  7  0]
 [27 23 17 21 14  3  9  5  4  0]
 [27 22  7 18 17  9 19  1 20  0]
 [22 15 14  3  9 19 20 11  8  0]
 [26 15 10 21 16 13  3  9  7  0]
 [28 27  4  1 19 18 15 26 23  0]]
gen= [[26 23 11 12  4  5 20  0  0  0]
 [26 23 21 13 14 17  1  0  0  0]
 [28 25 13 14  3  1 19  0  0  0]
 [28 25 27 14  3  7  0  0  0  0]
 [26 21 13 10  7  0  0  0  0  0]
 [27 23 21 17 14  3  9  0  0  0]
 [27 22 18 17  7  0  0  0  0  0]
 [22 15 11  9 19 20  0  0  0  0]
 [26 21 13 10  3  7  0  0  0  0]
 [28 26  0  0  0  0  0  0  0  0]]
valid: gen=0.008
reward: norm=0.965023131744824
[ 150 iterations]
real= [[27 26 23 14 19  1  2 25 20  0]
 [26 23 18  3 21 13 16  1 20  0]
 [26 22 18 14 10  9 19 20  7  0]
 [27 23 15 10 13  3  9  5 11  0]
 [27 23 18 17 19 12  4  5 11  0]
 [27 26 22 15 18 13 19  3 20  0]
 [26 22 12 14  3  9 19  8  4  0]
 [28 25  5 11  7 26 15  3  9  0]
 [27 14 13  3  1  4  8 11  5  0]
 [28 25  8  5 11 19  3 18  7  0]]
gen= [[26 27 25 23 19  1 20  0  0  0]
 [26 23 21 18  3  1 20  0  0  0]
 [26 22 18  7 14  9 20  0  0  0]
 [27 23 15 11  3  9  0  0  0  0]
 [27 23 18 11 12 19  0  0  0  0]
 [26 27 15 22 18  3 20  0  0  0]
 [26 22  8 12  3  9  0  0  0  0]
 [28 26  0  0  0  0  0  0  0  0]
 [27 11 13 14  3  4  5  0  0  0]
 [28 25 18 11  5  0  0  0  0  0]]
valid: gen=0.027
reward: norm=0.9622367682221534
[ 160 iterations]
real= [[27 20 18 13 21 16  3 12  7  0]
 [24 18 17 13 14  3 19  1  5  0]
 [28 20 19  9 12 15 18 24  7  0]
 [27 25 20  3 13 18 15 12 23  0]
 [26 18 17 13 16 19  1  8  5  0]
 [19 14  3  9 12  7 11  5  8  0]
 [27 23 15 13 21 17 18  3  1  0]
 [26 22  7 14  3  9 19  5 11  0]
 [28 25  8 20 19  3 10 26  7  0]
 [27 23 15 14  3  9  8 20 11  0]]
gen= [[27 21  7 20  0  0  0  0  0  0]
 [24 18 13 14 17  3  0  0  0  0]
 [28 15 24  7  0  0  0  0  0  0]
 [27 25 15 23 18  3  0  0  0  0]
 [26  8 18 19  1  0  0  0  0  0]
 [ 8  7 11  9 12  0  0  0  0  0]
 [27 15 21  0  0  0  0  0  0  0]
 [26 22  7 11  3  9  0  0  0  0]
 [28 26 25  7  0  0  0  0  0  0]
 [27 15 23 11 14  3  0  0  0  0]]
valid: gen=0.0
reward: norm=0.9403934792137382
[ 170 iterations]
real= [[27 26 23 15 18 10  3  1 11  0]
 [27 20 25  2 19  9 14 15  7  0]
 [28 25  8 20  4  3 12 26  7  0]
 [28 25  8  4  7 15 18  3 19  0]
 [28 25  1 19 17 13 21 10 12  0]
 [28 25 27 19  3 15 26  7 23  0]
 [23 22 15 18 13  3  9 12  4  0]
 [27 23 15 10 21 16 19 20  5  0]
 [24 23  7 12  3  9 20  4  5  0]
 [26 24 18 14 19  3 15 22  7  0]]
gen= [[27 26 15 23 11 18  0  0  0  0]
 [27 25 15  7 19  9 20  0  0  0]
 [28 26 25  7  0  0  0  0  0  0]
 [28 25 15  7  8  4  0  0  0  0]
 [28 25 21 13 19 12  0  0  0  0]
 [28 27  0  0  0  0  0  0  0  0]
 [15 23 22 13 18  9  0  0  0  0]
 [27 15 21 23  5  0  0  0  0  0]
 [24 23  7  9  3 12  5  0  0  0]
 [26 24 15  7 14 18 19  0  0  0]]
valid: gen=0.0
reward: norm=0.9665723849538722
[ 180 iterations]
real= [[27 23 16 13 21 10  3 19 20  0]
 [26 23  7 22  6  3  9 19  1  0]
 [27 26 15 24 10 21 13 17  5  0]
 [27 26 15 18 17  4  8  1 20  0]
 [27 23 26 24 10 19 20  5 11  0]
 [27 22 15 14  3 19  1  8  4  0]
 [28 20 19  3 14 18 15  5  4  0]
 [27 25 11  5  9  3 15  7 23  0]
 [26 23  7 20  3 13 16 17  9  0]
 [28 25  2  4  5 27  7 22 23  0]]
gen= [[27 16 21 19  3 23  0  0  0  0]
 [26 23  7 19  9  3  1  0  0  0]
 [27 26 24 15 13 17  0  0  0  0]
 [27 26 15  8 18  0  0  0  0  0]
 [27 26 24 19 11 23  0  0  0  0]
 [27 15  8 19  3  1  0  0  0  0]
 [28 15 19 14 18 20  0  0  0  0]
 [27 25 15  7 11  5  0  0  0  0]
 [26 16  7 23 20  0  0  0  0  0]
 [28 27  0  0  0  0  0  0  0  0]]
valid: gen=0.0
reward: norm=0.9679773970023734
[ 190 iterations]
real= [[27 20 19 17 21 13 16 12  7  0]
 [27 22 15 14 18 12  4  8  5  0]
 [27 26 15 17  3 12  7  1 20  0]
 [26 23 15 24 10  3 19  8  4  0]
 [27 23 15 18 13  3  1  5  8  0]
 [26 23 18 14  9  1  2 20  5  0]
 [27 23 22 18 12  9  1  5  4  0]
 [28 25 20  3 14 10 18 24 26  0]
 [26 23 12  3 18  1 11  5  4  0]
 [27 26 15 24 10 13 19 20 23  0]]
gen= [[27 16  7 20  0  0  0  0  0  0]
 [27 15  8 14 12  0  0  0  0  0]
 [27 26 15  7  0  0  0  0  0  0]
 [26 24 15  8 19  0  0  0  0  0]
 [27 15  8 18 23  0  0  0  0  0]
 [26 23 14 18  9  1  0  0  0  0]
 [27 23 18 12  9  1  0  0  0  0]
 [28 26 24 14 18  0  0  0  0  0]
 [26 23 11 18  3 12  0  0  0  0]
 [27 26 24 19 15 23  0  0  0  0]]
valid: gen=0.0
reward: norm=0.9428756731549023
[ 200 iterations]
real= [[28 25 11 19  3 15 26  7 23  0]
 [27 15 10  3  9  1  8 11  5  0]
 [28 25 19 17 14  9 20  1  4  0]
 [27 26 15  3  9 12 14  5  4  0]
 [27 26 15 17 14 19  8  4 20  0]
 [26 18 10 13 14  3 15  7  5  0]
 [27 19 17 16 13 21 10 14  1  0]
 [27 25 20 19  9  3 13 18  7  0]
 [27 19  3 17 18 12  1  5 11  0]
 [25 20 17 13 14  3  9  1  4  0]]
gen= [[28 26 25 19  0  0  0  0  0  0]
 [27 15  8 11  9  1  0  0  0  0]
 [28 25 19 14 17  9  0  0  0  0]
 [27 26 15 14  3  9  0  0  0  0]
 [27 26 15 19  8  4  0  0  0  0]
 [26 15  7 14 13 18  0  0  0  0]
 [27 16 19 14  0  0  0  0  0  0]
 [27 25 19  7 18  0  0  0  0  0]
 [27 19 11 18  3 12  0  0  0  0]
 [25 20 14 13  3 17  0  0  0  0]]
valid: gen=0.0
reward: norm=0.9283624370901928
[ 210 iterations]
real= [[27 26 17 14  9 12 19  1  5  0]
 [26 23 22  6 24 14 12  1 20  0]
 [27 23 12 10  9 19  4  5 11  0]
 [27 26  7  6 18 14 19  1 20  0]
 [26 23  7  6 18 19  1 20  5  0]
 [27 18 10 21 17  3  9  4  5  0]
 [27 26 24  3 12  4  8  5 20  0]
 [27 15 14 13 21 17  9  4  8  0]
 [26 23 15 18 13  3  9 12 11  0]
 [27 24 18 14 21  3  9 20  5  0]]
gen= [[27 26 19 14 12  9  1  5  0  0]
 [24 26 20 14 12 23  0  0  0  0]
 [27 19 11 12  9  4  0  0  0  0]
 [27 26 19  7 18 20  0  0  0  0]
 [26 19 20  7 18  1  0  0  0  0]
 [27 21 10  3 18  9  0  0  0  0]
 [27 24 26  0  0  0  0  0  0  0]
 [27 15  8 14  9  0  0  0  0  0]
 [26 15 11  3 18 12  0  0  0  0]
 [27 24 20 14  3 18  0  0  0  0]]
valid: gen=0.004
reward: norm=0.9480886280941181
[ 220 iterations]
real= [[27 26 23 24  9  3 14  1  4  0]
 [27 23 24 18 15 11  4  1 20  0]
 [27 26 15 14 10 19  1 25  4  0]
 [26 22 15 24  9 19 20  4 11  0]
 [26 23 10 12  1  4  8  5 20  0]
 [28 20 19  1  4  8 11  7 26  0]
 [24 22 15 18  9 19  1 20  4  0]
 [25 23 18 24 14  3 19  1 20  0]
 [27 24 13 17 19  1 25  4  5  0]
 [28 20 19 17 13 18 24 15  7  0]]
gen= [[27 24 26  3 14  9  1  0  0  0]
 [27 24 15 20 18 23  0  0  0  0]
 [27 26 25 19 15  0  0  0  0  0]
 [24 26 15 19 20 11  0  0  0  0]
 [26 20  8 12  4  1  0  0  0  0]
 [28 26 20 19  7  0  0  0  0  0]
 [24 15 20 19 18  9  1  0  0  0]
 [24 25 20 19  1  0  0  0  0  0]
 [27 24 25 19  1  0  0  0  0  0]
 [28 24 15 19 20  0  0  0  0  0]]
valid: gen=0.002
reward: norm=0.9680906329143404
[ 230 iterations]
real= [[27 23  7 22  3  9 12  4  8  0]
 [27 26 23 24 17 13 18 12 20  0]
 [23 14 17 13  9  1  4  5  7  0]
 [19 17 16  3  9  1 12 15  7  0]
 [26 25  8  4  1  9 19 12  7  0]
 [28 25 11 20  1  3 12 15 23  0]
 [28 27 23 26  7 15 18  9 20  0]
 [23 17 16 13 14 19  1  4 11  0]
 [27 26 22 24 15 12  1  8  4  0]
 [26 23 18 17 14  1 19 20  7  0]]
gen= [[27  8  3  9  7 12 23  0  0  0]
 [27 26 24 20 18 12 23  0  0  0]
 [23  5 14 13  9  0  0  0  0  0]
 [16 15 19  9 12  0  0  0  0  0]
 [26 25 19  9  7 12  0  0  0  0]
 [28 25 20 15 11  0  0  0  0  0]
 [28 27  0  0  0  0  0  0  0  0]
 [16 19 14 17 23  0  0  0  0  0]
 [27 26 24 15 12  1  8  0  0  0]
 [26 20 19 14 18 17  1  0  0  0]]
valid: gen=0.01
reward: norm=0.9311968645887876
[ 240 iterations]
real= [[28 19  9 13 21 10 18 23  7  0]
 [28 25  8  1 19  9 26 22 15  0]
 [27 23 15 22 14  9 12  1  5  0]
 [28 17 14  3  9 12 15 27  5  0]
 [23 22 15 12  9  1  8  5  7  0]
 [27 26 15 24 10 14  9  5  4  0]
 [27 26 23 22 18 15  9 20  5  0]
 [28 25  4  1  3 17 14 24 23  0]
 [27 26 15 24 14 17  1 25  4  0]
 [27 23 22 12 18 17  9  1 20  0]]
gen= [[28 19 21 13 10 18  7  0  0  0]
 [28 26 25  8  1  0  0  0  0  0]
 [27 15 14  9 12  1  5 23  0  0]
 [28 27 15 14  3  9 12  0  0  0]
 [15  8 22  7 23  0  0  0  0  0]
 [27 26 24 15 14 10  0  0  0  0]
 [27 26 20 15 18  9  5  0  0  0]
 [28 24  3 14  1  0  0  0  0  0]
 [27 26 24 25  1  4  0  0  0  0]
 [27 20 22 18  9  1 12 23  0  0]]
valid: gen=0.005
reward: norm=0.9223524749063905
[ 250 iterations]
real= [[20 19 12 15 18  1 11  8  4  0]
 [28 25 27  7 23 15 12  1  5  0]
 [27 23 15 13 17 14  1  5 11  0]
 [26 24 18 10  3 12 15  7 20  0]
 [27 26 15 19  9  4  2  1 20  0]
 [26 18 13 19  9 12  1  8  5  0]
 [27 26 23  7 22 18  9 12  4  0]
 [23 14 12  3  1  4  8  5 11  0]
 [27 23  7  6 18 14 17 19  1  0]
 [26 19 16 17 14  3  9  4  5  0]]
gen= [[20 15 19  8 12  1  0  0  0  0]
 [28 27 25 12  1  0  0  0  0  0]
 [27 15 14 13 17  1 11  5  0  0]
 [26 24 15  0  0  0  0  0  0  0]
 [27 26 15  0  0  0  0  0  0  0]
 [26 19  8 12 18  0  0  0  0  0]
 [27 26 22 12  9 18  7 23  0  0]
 [ 8  3 14 12  1 11  5  0  0  0]
 [27  6 19 14 18 23  0  0  0  0]
 [26 16 19  3 14  9  0  0  0  0]]
valid: gen=0.0
reward: norm=0.950193976276385
[ 260 iterations]
real= [[27 24 18 15 12 20  4  8  7  0]
 [28 23 12 18 14  3  9 19  4  0]
 [28 25 19  3 14 10 24 15  7  0]
 [27 23 15 14 10  1  4  5 11  0]
 [26 23 22 15  9  4  8 25 20  0]
 [27 26  7 22 18  3 20  5  4  0]
 [28 23 15 18 13 17  9  1 20  0]
 [23 22 10 13 14  3  9 12  1  0]
 [25 23 15 18  3  9 19  1  4  0]
 [27 26 15  3 19  9 23  7  8  0]]
gen= [[27 24 20 15 12  7  0  0  0  0]
 [28 19  3 14  9 18  4  0  0  0]
 [28 24 15 19  0  0  0  0  0  0]
 [27 15 14 10  1 11  5  0  0  0]
 [26 20 25 15  9 23  0  0  0  0]
 [27 26 20  3 18  4  5  0  0  0]
 [28 20 15 13 17  9  1  0  0  0]
 [22  3 14 10 13  9  1  0  0  0]
 [25 15 19  3  9 18 23  0  0  0]
 [27 26 15 19  3  8  7  0  0  0]]
valid: gen=0.0
reward: norm=0.9373691613859232
[ 270 iterations]
real= [[28 25 20  3 14 13 26 23 27  0]
 [27 26 22  7 15 24 18  9  5  0]
 [26 22 15 14 21 13 16 17  3  0]
 [28 25 11 27  7 26 18  9 12  0]
 [26 20 19  9 17 14 15  7  5  0]
 [28 25  8 20  9  3 10 15  7  0]
 [28 19  9  3 16 17 26  7 27  0]
 [25 20 12 18 14  9 19  1 11  0]
 [27 23 10 13 14 19 20  1  4  0]
 [23 19 17 13 10  3 18 12  9  0]]
gen= [[28 27 26 25 20  0  0  0  0  0]
 [27 26 24 15  9 18  7  0  0  0]
 [26 16 15  3  0  0  0  0  0  0]
 [28 27 26 25  0  0  0  0  0  0]
 [26 20 15 19 14  9  0  0  0  0]
 [28 25 20 15  3  9  8  0  0  0]
 [28 27 26 19  3  9  0  0  0  0]
 [25 20 19 14  9 18  1  0  0  0]
 [27 20 19 10 14 13  1  0  0  0]
 [23  3 19 12 10 13 17  0  0  0]]
valid: gen=0.0
reward: norm=0.9491669570470396
[ 280 iterations]
real= [[26 23 12 10 14  9  4 25  8  0]
 [27 23 21  3 18 12  9  1 20  0]
 [28 25  4 20  1  3 26 22  7  0]
 [28 27  7 23  9  3 14  1 20  0]
 [25 23 15 18 14  9 19 20  4  0]
 [26 22 15  9  1  4 25  5 11  0]
 [27 23 21 14  3 19  1  4  8  0]
 [28 25 19  3 10 24 18 12 20  0]
 [26 22 18 17 21  3  9 19 20  0]
 [27 20 25  1 19 17 21 18 15  0]]
gen= [[26 25  8 12 14  9  0  0  0  0]
 [27 20  3 12 21  9  1  0  0  0]
 [28 26  0  0  0  0  0  0  0  0]
 [28 27 20  3 14  9  1  0  0  0]
 [25 20 15 19 14  9 23  0  0  0]
 [26 25 15  1  0  0  0  0  0  0]
 [27  8  3 19 14  1  4  0  0  0]
 [28 24 20 19  0  0  0  0  0  0]
 [26 20  3 19 17  9  0  0  0  0]
 [27 25 20 15 19  1  0  0  0  0]]
valid: gen=0.0
reward: norm=0.9303824709935585
[ 290 iterations]
real= [[28 25  5  4  9 12 15 22 26  0]
 [27 26 10 19 20  4  8 11  5  0]
 [27 26 15 21 16  9 19 12 23  0]
 [28 25  4 11  9 12 18 26  7  0]
 [23 15 19 13 17  3  4  8  5  0]
 [26 20 12 17 16 13 14 15  7  0]
 [27 26  7 22 24 10 12  1 20  0]
 [27 26 15 23 20  4 11 19  9  0]
 [26 23 15  3 10 19  1  4  8  0]
 [26 24 23 12  3  9  1 25  4  0]]
gen= [[28 26 25 12  0  0  0  0  0  0]
 [27 26 20  8 19  4  0  0  0  0]
 [27 26 15 16  0  0  0  0  0  0]
 [28 26 25 12  0  0  0  0  0  0]
 [15  8  3 19  4  0  0  0  0  0]
 [26 16 20 15  0  0  0  0  0  0]
 [27 26 24 20 12  0  0  0  0  0]
 [27 26 20 15 19  9  0  0  0  0]
 [26 15  8  3 19  1  0  0  0  0]
 [26 25 24 12 23  0  0  0  0  0]]
valid: gen=0.0
reward: norm=0.8841077856092583
[ 300 iterations]
real= [[26 23 18 10 21 13  1  4  5  0]
 [28 25  4 19  3 10 24 15 23  0]
 [27 26 15 24 10 14  9 19 25  0]
 [27 26  7 23 12 18 21 17  1  0]
 [26 23 18 17  9  1  8  5  4  0]
 [27 23 24 10 14  3 19 20 11  0]
 [28 23 26 18 12 20  4  8  5  0]
 [26 24 18 13 21 14  9  3  7  0]
 [27 23 19 14 18 15  7  1 20  0]
 [27 26  7 13 17 14 19 20  4  0]]
gen= [[26  5 21 13  0  0  0  0  0  0]
 [28 25 24 15  3 19  0  0  0  0]
 [27 26  0  0  0  0  0  0  0  0]
 [27 26  0  0  0  0  0  0  0  0]
 [26  8  5  0  0  0  0  0  0  0]
 [27 24 20  3 19 23  0  0  0  0]
 [28 26  0  0  0  0  0  0  0  0]
 [26 24  3 21  0  0  0  0  0  0]
 [27 20 15 19 14 18  0  0  0  0]
 [27 26  0  0  0  0  0  0  0  0]]
valid: gen=0.0
reward: norm=0.919882607339212
[ 310 iterations]
real= [[27 23 15 18 10  3 13 17  5  0]
 [27 23 18 14  3  7 15 12  5  0]
 [27 23 18 13 16  1  4  8  5  0]
 [26 19  9 14 17 21 10 15  7  0]
 [23 22 15 18  9  1 20  5  7  0]
 [27 20  8  4 19  3 14 10  7  0]
 [27 26 22 24  3  9 12  5 11  0]
 [27 26 15 18  9  1 11  5 23  0]
 [27 26 22 15 24 13 19  1 20  0]
 [27 26 23  3 15 12  9 25  4  0]]
gen= [[27 15  5  3 17 23  0  0  0  0]
 [27 15  5  3 14 12  7  0  0  0]
 [27 16  8  5  0  0  0  0  0  0]
 [26 15 21 19 14  9  0  0  0  0]
 [20 15  5 22  7 23  0  0  0  0]
 [27 20  8  3 19 14  7  0  0  0]
 [27 26 24  5  0  0  0  0  0  0]
 [27 26 15  0  0  0  0  0  0  0]
 [27 26 24 20 19  1  0  0  0  0]
 [27 26 25  3 12 15  0  0  0  0]]
valid: gen=0.0
reward: norm=0.9281032433301297
[ 320 iterations]
real= [[26 22 14 13 21 16  3  9 12  0]
 [27 20 19  3 18 24 15  5  8  0]
 [27 23 15 24 13 14  9 19 11  0]
 [28 25  8  4 27  3 14 12 23  0]
 [23 18 15  3  9 12 14  1  5  0]
 [28 25  4 20  1  9 14 10 24  0]
 [27 22 18 12  9 20  4  8 11  0]
 [27 26 15 13 16 17 18  3  1  0]
 [28 25 20  3 18 24  6 26 23  0]
 [27 23 26 22 18 17 16  9 20  0]]
gen= [[16 26 22  0  0  0  0  0  0  0]
 [27 24 20 15  3  0  0  0  0  0]
 [27 24 15 19 14  0  0  0  0  0]
 [28 27 25  8  0  0  0  0  0  0]
 [ 5 15 12  3 14  0  0  0  0  0]
 [28 25 24 20  1  0  0  0  0  0]
 [27 20  8 12  9  0  0  0  0  0]
 [27 16  0  0  0  0  0  0  0  0]
 [28  6 26  0  0  0  0  0  0  0]
 [27 16  0  0  0  0  0  0  0  0]]
valid: gen=0.0
reward: norm=0.8846147880737045
[ 330 iterations]
real= [[27 26 23  4 20 15 18  3  1  0]
 [26 23 18 16  3  9  4  8  5  0]
 [26 24 21 13 14  3 19 20  4  0]
 [27 20  8  4  1  9 13 17 15  0]
 [27 23 15 10 17  9 19  1  7  0]
 [27 23 19 13 16 17 18 12  7  0]
 [27 26 15 13 21 10  3 12 19  0]
 [27 25  8  4  5  9 14 12 23  0]
 [26 23 15 13 18  3 19  4  5  0]
 [27 23  7 15  3 17  9  4  8  0]]
gen= [[27 26 20 15  3 18  1  0  0  0]
 [16 26  5  0  0  0  0  0  0  0]
 [26 24 20  3 14 19  0  0  0  0]
 [27 20 15  8  9  1  0  0  0  0]
 [27 15 10 19  9 17 23  0  0  0]
 [27 16 12 19 23  0  0  0  0  0]
 [27 26 15 12  3 19 10  0  0  0]
 [27 25  5  8 14  9 12 23  0  0]
 [26 15  5  3 19 18 23  0  0  0]
 [27 15  8  3  9 23  0  0  0  0]]
valid: gen=0.011
reward: norm=0.9450271447466916
[ 340 iterations]
real= [[27 26 22 24 18  3 15  7 20  0]
 [27 23 18  3 19 11  8  5  7  0]
 [27 22 18 17 14 19  1  4  5  0]
 [28 25 19  3  9 12 15 24  7  0]
 [27 24 10 18 15 12 20  1  5  0]
 [27 25 19 17 13 12 15 26  7  0]
 [23 22  7 18  3 19  1  5 11  0]
 [27 26 15 18 21 16 14  3  5  0]
 [27 22 18 13 10 14  3  9 12  0]
 [28 25  4 20 17 13 10  3 12  0]]
gen= [[27 26 24 20 15 18  0  0  0  0]
 [27  5  8  3 19 18  7 23  0  0]
 [27 22  5  4 19  1  0  0  0  0]
 [28 25 24 15  3 19  0  0  0  0]
 [27 24 20 15  5  0  0  0  0  0]
 [27 25 26  0  0  0  0  0  0  0]
 [22  5  3 19  1 23  0  0  0  0]
 [27 16 26  0  0  0  0  0  0  0]
 [27 22 12  3 10 14  9  0  0  0]
 [28 25 20  3 10 13 17 12  0  0]]
valid: gen=0.0
reward: norm=0.9466128286379689
[ 350 iterations]
real= [[28 25  2  1 19  3 18 24 26  0]
 [23 17 16 13 14  3  9  5  1  0]
 [27 26 22 24 18 15 23  5 20  0]
 [26 22  6 13 14  9 19  1 20  0]
 [26 23 18 17 14  3  9 11  4  0]
 [28 25  1 19 14 13 18 23 27  0]
 [26 23 15 14 10 18 20 25  4  0]
 [26 18 10 17 12 20  4  8  5  0]
 [27 26 24 18  9 12 11  4 20  0]
 [27 26 23  7 22 18 10 19 20  0]]
gen= [[28 25 26 24  3 19  1  0  0  0]
 [16  5 23  0  0  0  0  0  0  0]
 [27 26 24 20 15 18 23  0  0  0]
 [ 6 26 20 19  9  1  0  0  0  0]
 [26  4  3 14  9 18 23  0  0  0]
 [28 27 25  0  0  0  0  0  0  0]
 [25 26 20 15 18 23  0  0  0  0]
 [26 20  8  5 12 18  0  0  0  0]
 [27 26 24 20 12  9 18  0  0  0]
 [27 26 20 22 19  0  0  0  0  0]]
valid: gen=0.005
reward: norm=0.9393836989396303
[ 360 iterations]
real= [[23 13 16 17 19  1  8 11  5  0]
 [23 22 18 12 19  1  4 20  7  0]
 [27 26 15 17 12 23  7  5 20  0]
 [26 23 18 10 13  9 19  1  7  0]
 [28 20 19  3 14 17 16 15 26  0]
 [28 25  8 27  7 12 18 24 23  0]
 [27 26 22 15 19  3 14 17 20  0]
 [23 22 15 13 10 14  9 19 20  0]
 [27 20 19  9 10 18 15 12 11  0]
 [26 23 24 10 17  9 20  4  5  0]]
gen= [[16  8  5 23  0  0  0  0  0  0]
 [22 20  4 12 19  1  0  0  0  0]
 [27 26 15 20 12 17  0  0  0  0]
 [26 18 10 13 19  9  0  0  0  0]
 [28 16  0  0  0  0  0  0  0  0]
 [28 27 25 12  7  0  0  0  0  0]
 [27 26 22  0  0  0  0  0  0  0]
 [22 15 20 10 23  0  0  0  0  0]
 [27 15 20 10 12  0  0  0  0  0]
 [26 24 20  5  0  0  0  0  0  0]]
valid: gen=0.0
reward: norm=0.917355632696191
[ 370 iterations]
real= [[26 22 15  9 20  4 25  5  7  0]
 [28 12  9  1  4  8 11 27  7  0]
 [27 26  7 23 18 12 25  8 11  0]
 [27 23 17 14 10 15 12 19  9  0]
 [27 26 22 24 19  3 14  1 20  0]
 [26 15 10 13  3  1  8  4 20  0]
 [27 23 15 10 21 16  9 12  7  0]
 [27 26 22 15 19  9  8  5 20  0]
 [24 18 10 14  3  9  4  5 23  0]
 [27 15 10 14  3  1  4  5  7  0]]
gen= [[25 26 22 15 20  4  5  0  0  0]
 [28 27  8  4  9 12  7  0  0  0]
 [27 25  0  0  0  0  0  0  0  0]
 [27 15 10 12 14 19  9 23  0  0]
 [27 24 26  0  0  0  0  0  0  0]
 [26 15 20  8  3  1  0  0  0  0]
 [27 16 15 12  9 23  0  0  0  0]
 [27 26 22 15 20 19  9  5  0  0]
 [24  5  4  3  9  0  0  0  0  0]
 [27 15  5  3 14  7  0  0  0  0]]
valid: gen=0.012
reward: norm=0.9506272430345796
[ 380 iterations]
real= [[27 23 15  6 19  1 20  4  5  0]
 [28 25  4  5  1 19 18 24  7  0]
 [24 18 17 13 14  1 12 23  7  0]
 [28 25  8 11  5 15 26 12  1  0]
 [28 25  2  3 14 18 26  7 23  0]
 [26 22 15 18  3  9  1  5 25  0]
 [27 26 15 19  9 12 23  5  8  0]
 [27 23 15 21 17  3  9  4  8  0]
 [26 22 15 10 13 17  3  9  5  0]
 [25 20 19  9 18 17 14 12  7  0]]
gen= [[27  6 15 20  4  1  0  0  0  0]
 [28 25 24  4  5  0  0  0  0  0]
 [24 12  1 14 17 23  0  0  0  0]
 [28 25 26 15  0  0  0  0  0  0]
 [28 25 26  3 14 18  7  0  0  0]
 [22 25 26 15  0  0  0  0  0  0]
 [27 26 15  8 12 19  9  0  0  0]
 [27 21 15  3  9  0  0  0  0  0]
 [22 26 15 10  3  9  5  0  0  0]
 [25 20 12 14 19  9 18  7  0  0]]
valid: gen=0.0
reward: norm=0.9595250979497676
[ 390 iterations]
real= [[27 25  8  4 20 18 14 12  5  0]
 [27 23  7 22 18 14  1  4  5  0]
 [27 20 19 13 16 14 18 24  7  0]
 [28 25  8 11  5  7 26 15 19  0]
 [28 25  8 20 19 18 24  7 27  0]
 [26 24 18 19  1 25 11  5 20  0]
 [23 20 19 17 21 10 18 12  1  0]
 [27 23 15 13 17 12  9  1  5  0]
 [26 23  7 15 21 13 14 12  1  0]
 [28 25  1 20 14 10 15 23 27  0]]
gen= [[27 25 20  8  4 14 18 12  0  0]
 [27 22  4  5  1  7  0  0  0  0]
 [27 16 24 20  0  0  0  0  0  0]
 [28 25 26 15  8  0  0  0  0  0]
 [28 27  0  0  0  0  0  0  0  0]
 [25 24 26 20  0  0  0  0  0  0]
 [21 20  1 12 23  0  0  0  0  0]
 [27 15  5  1  9 12 23  0  0  0]
 [26 21 15 12  1  0  0  0  0  0]
 [28 27  0  0  0  0  0  0  0  0]]
valid: gen=0.01
reward: norm=0.9507774989769548
[ 400 iterations]
real= [[27 22 24 18 13 16 17 19 20  0]
 [27 26 15 18  9 12  1 25 11  0]
 [27 23 18 14  3  2 25  8 20  0]
 [26 22  6 18 12 19 20  4  5  0]
 [27 26 23  7 18 12 19  1  4  0]
 [26 23 13  3 19 25  8  4  5  0]
 [27 19 17 14  3  1  4  5 11  0]
 [26 19  9 12 15  1  4  5  7  0]
 [27 23 19 14  9 12 20  1 11  0]
 [27 20 17 13 10 14 24 15  7  0]]
gen= [[27 22 16 20  0  0  0  0  0  0]
 [27 25 15 26  9 12  0  0  0  0]
 [27 25 20  3 14 18  0  0  0  0]
 [ 6 22 26 20  4  5  0  0  0  0]
 [27 26  4  1 19 18  0  0  0  0]
 [25 26  8  4  5  0  0  0  0  0]
 [27  4  5  3 14 17  0  0  0  0]
 [26 15  4  5  9 19  0  0  0  0]
 [27 20  1 14  9 19  0  0  0  0]
 [27 24 15 10 13 14  0  0  0  0]]
valid: gen=0.0
reward: norm=0.9222093859073783
[ 410 iterations]
real= [[23 19 17 13  3  1 12 15  7  0]
 [27 20 21 13 17 10 18  3 12  0]
 [27 26 22  3 19  4  8 11  5  0]
 [25 20 19  3 14 24 15 22  7  0]
 [26 15 10 13 12 20  4  8  5  0]
 [23 22  7 15 14 19  4  8  5  0]
 [27 26 23 20  9 18 12  5  8  0]
 [26 22 15 24 10 18 20  4  5  0]
 [28 25 12 14  3  1 20 23  7  0]
 [28 25  1 13 17 14  9 26  7  0]]
gen= [[15  1  3 13 17 19 12 23  0  0]
 [27 21 10  3  0  0  0  0  0  0]
 [27 22 26  3  0  0  0  0  0  0]
 [22 25 20  3  0  0  0  0  0  0]
 [26 15  0  0  0  0  0  0  0  0]
 [22 15  0  0  0  0  0  0  0  0]
 [27 26 20  8  9 12 18 23  0  0]
 [22 24 10 20  4  5  0  0  0  0]
 [28 25 20  3  0  0  0  0  0  0]
 [28 25 26 14 17  9  0  0  0  0]]
valid: gen=0.007
reward: norm=0.9484225043486166
[ 420 iterations]
real= [[26 15 10 21 14  3  9  5 11  0]
 [26 22 12 13  3  9 19 20  5  0]
 [26 17 16 13 14  9 19  4  8  0]
 [27 26 22 18 10 17 13  3  9  0]
 [26 23 12  3 16 19 20  4  5  0]
 [26 23  7 13 21 17 12  1 20  0]
 [26 23 19 13 21 17 18  1 20  0]
 [26 23 15 14 17 19 25  4 11  0]
 [28 20 19 17 14 15 26 27  5  0]
 [22 18 17 13  3 19  1  4  5  0]]
gen= [[21 15 26  3  9  0  0  0  0  0]
 [22 26 20  3 13  9  0  0  0  0]
 [16 26  4  0  0  0  0  0  0  0]
 [27 22 10  3 17  9  0  0  0  0]
 [16 26 20  4  5  0  0  0  0  0]
 [21 26 20  1  0  0  0  0  0  0]
 [21 26 20  1  0  0  0  0  0  0]
 [25 15  4 26 23  0  0  0  0  0]
 [28 27 15  0  0  0  0  0  0  0]
 [22  4  1  3 19  0  0  0  0  0]]
valid: gen=0.0
reward: norm=0.9304042411725935
[ 430 iterations]
real= [[27 25  8  5 20  1 17 18 23  0]
 [26 23 15 18 10 13 20  4  8  0]
 [18 10 21 17  9  1  4  8  5  0]
 [27 26 24 15 18 21 14  3 23  0]
 [27 26 18 15 19 13 14  3  9  0]
 [26 18 12  3  5 11  8 25  4  0]
 [19 17 13 14  3  7 15 12  1  0]
 [27 26 23 22 18  1  4  8  5  0]
 [26 23 18 22 12 19  1 20  5  0]
 [27 26 24 10 16 13 17  3 19  0]]
gen= [[27 25 20  1 17 18  5  0  0  0]
 [26 10 15 13 18 23  0  0  0  0]
 [21 10  4  1  0  0  0  0  0  0]
 [27 21 24 15 18 23  0  0  0  0]
 [27 15 13  3  9 14 18 19  0  0]
 [25 26  4  8 12  0  0  0  0  0]
 [15  1 13  3 14 12  0  0  0  0]
 [27 22  4  1 18 23  0  0  0  0]
 [22 26 20  1 12 18 19 23  0  0]
 [27 16 10 13  3  0  0  0  0  0]]
valid: gen=0.005
reward: norm=0.9477269482239369
[ 440 iterations]
real= [[27 25  8  4 20  3 14 19  7  0]
 [27 26  6 24 15  9 19  1  5  0]
 [27 23 10 13 17  3 14  9  4  0]
 [27 20 19 13 21 10 14 17  1  0]
 [28 19 14  3 12  7 27  5  4  0]
 [26 24 18 14 16 17  9 20  5  0]
 [26 17 13 21 10  9  1 20  5  0]
 [26 23 12 17 10  9 19  1  4  0]
 [27 22 24 18 13 17  3  9  5  0]
 [27 24 18 23 15 12  9  1  5  0]]
gen= [[27 25  4 20  3 14 19  7  0  0]
 [27  6 24 15  1  9 19  0  0  0]
 [27 10  4  9  0  0  0  0  0  0]
 [27 21 10  1 20  0  0  0  0  0]
 [28 27  0  0  0  0  0  0  0  0]
 [16 24 20  5  0  0  0  0  0  0]
 [21 10  1 20  9  0  0  0  0  0]
 [10 26  1  4  0  0  0  0  0  0]
 [27 22 24 13 17  3  9  5  0  0]
 [27 24 15  1  9 18 12 23  0  0]]
valid: gen=0.012
reward: norm=0.9639369690334371
[ 450 iterations]
real= [[25  8  4  3 17 13 18 23  7  0]
 [27 23 10 21 14  9 20  1  5  0]
 [27 26 22 13 21 14  9 12 23  0]
 [25 20  5 11  4  1 19 12 15  0]
 [28 23 15 18 10  3 19  1 20  0]
 [27 23 15  9  1  2  8  4  5  0]
 [28 20  5  4  1 19  3 18  7  0]
 [27 26 23  7 12  3 20  5 25  0]
 [26 23 15 17 21 18 12 20  4  0]
 [27 23 21 14 10  3  9 12 20  0]]
gen= [[25  4 13 17  3 18  7  0  0  0]
 [27 21 10  1 20  5  0  0  0  0]
 [27 22 26 21  9 12 23  0  0  0]
 [25 15  4  0  0  0  0  0  0  0]
 [28 10 15  1 20  0  0  0  0  0]
 [27 15  4  0  0  0  0  0  0  0]
 [28  4  1  5 20  3 18  0  0  0]
 [27 25  0  0  0  0  0  0  0  0]
 [21 15  4  0  0  0  0  0  0  0]
 [27 21 10 20 12  0  0  0  0  0]]
valid: gen=0.002
reward: norm=0.9442373521592808
[ 460 iterations]
real= [[23 15 18 14  3  1  2  8  5  0]
 [27 26 24 10 21 17 13 14 15  0]
 [27 20  8 19 17 13 14  3 15  0]
 [26 23 18 13 21  9 20  1  5  0]
 [27 26  6 24 14  9  1 20  4  0]
 [26 21 13 17 14 12 20  1  5  0]
 [28 25 19  3 10 18 23  7 27  0]
 [23 12 10 13  3  9  1  8  5  0]
 [27 26 18 13 16 10 19  1 20  0]
 [27 23 22 19 20  4  8  5 11  0]]
gen= [[15  5  1  8 23  0  0  0  0  0]
 [27 21 10 15  0  0  0  0  0  0]
 [27 15  0  0  0  0  0  0  0  0]
 [21 26  5  0  0  0  0  0  0  0]
 [27  6 24  4  1 20  0  0  0  0]
 [21 26  5  0  0  0  0  0  0  0]
 [28 27 25  3 23  0  0  0  0  0]
 [10  5  1  9 12  0  0  0  0  0]
 [27 16 10 13  0  0  0  0  0  0]
 [27 22  4 20 11 23  0  0  0  0]]
valid: gen=0.0
reward: norm=0.9565431849198638
[ 470 iterations]
real= [[20 19 12 18 15  7 11  5  8  0]
 [26 24 18 17 19 20  4 25  5  0]
 [27 23 18 24  9 19  1  8 11  0]
 [27 20  1 19 17 13 18  5  8  0]
 [27 26 24 15 18 17 19  3 12  0]
 [28 25  8  4 20  1  9 17 26  0]
 [28 25  2  1 19  3 15 26 27  0]
 [27 26 15 13 10 18 12 20  5  0]
 [27 23 24 18 10 21 19  1 20  0]
 [28 27  5 20 19 14 18 15 26  0]]
gen= [[15 20  5 18 12 19  0  0  0  0]
 [25 24  4  5  0  0  0  0  0  0]
 [27 24  1 18  9  0  0  0  0  0]
 [27 20  5 13 17  1 19  0  0  0]
 [27 24 17 18  3 19  0  0  0  0]
 [28 25  4  1 17  9 20  0  0  0]
 [28 27 25  1  3  0  0  0  0  0]
 [27 10 13  5  0  0  0  0  0  0]
 [27 21 10  1 20 23  0  0  0  0]
 [28 27  5 20 18 14 15  0  0  0]]
valid: gen=0.0
reward: norm=0.9456985412259044
[ 480 iterations]
real= [[26 23 17 21  3  9 12  4  5  0]
 [27 20 19 14 18 10 16 17 12  0]
 [26 22 18 10 14  9 20  8  5  0]
 [27 23 15 10  3 19 25  8  5  0]
 [27 25  4 20 19 14 10 23  7  0]
 [27 23 18 17 14  9 20 12  4  0]
 [27 15 14  3  9  1  2 25  5  0]
 [27 20  5  4  9 17 13 15  7  0]
 [28 25  2 20  9  3 18 24 23  0]
 [26 15 17 13 16  3 12  1  5  0]]
gen= [[21  4  5 23  0  0  0  0  0  0]
 [27 16 10 18 20  0  0  0  0  0]
 [22 10  5 20  0  0  0  0  0  0]
 [27 25 10 15 23  0  0  0  0  0]
 [27 25 10 20  0  0  0  0  0  0]
 [27  4 17 18  9 14  0  0  0  0]
 [27 25 15  1  3  0  0  0  0  0]
 [27 15 13 17 20  9  0  0  0  0]
 [28 25 24 18  3  9  0  0  0  0]
 [16 15  1  5  0  0  0  0  0  0]]
valid: gen=0.0
reward: norm=0.925447495434081
[ 490 iterations]
real= [[27 23 18 13 12  1 20  8  5  0]
 [26 23 22 15 18 12  1  5  4  0]
 [27 23 15 18  9  1  2 20  4  0]
 [27 26 14 19  9 12  8 25 20  0]
 [27 22 26 15 18 19  4  8 11  0]
 [26 23 15  3  9 12 20  2  4  0]
 [23 15 14 13 10  3  9 12  4  0]
 [23 22  6 18 10 14  9  1 20  0]
 [21 13 17  3 12  1 20  5  4  0]
 [28 25  8  1  3  9 15  7 27  0]]
gen= [[27 13  5  1 20  0  0  0  0  0]
 [22 15  4  5  0  0  0  0  0  0]
 [27 15  4 18  1  0  0  0  0  0]
 [27 25 20  9 14 19 12  0  0  0]
 [27 22 15  4 18  0  0  0  0  0]
 [15  4 20  3  9 12 26  0  0  0]
 [10 15 13  0  0  0  0  0  0  0]
 [ 6 22  1 20 23  0  0  0  0  0]
 [21 13  4  5  0  0  0  0  0  0]
 [28 27  0  0  0  0  0  0  0  0]]
valid: gen=0.0
reward: norm=0.9317308617782194
