data_file: dataset/2locations/bays29_s0_e0_md1000_ms2_random_reward_ne10000_w1000_gt1000.data
prob_file: dataset/2locations/bays29_s0_e0_md1000_ms2_random_reward.prob
read problem
[ 10 iterations]
real= [[ 4  3  0]
 [ 2  1  0]
 [ 3 23  0]
 [13  2  0]
 [10  0  0]]
synthesis= [[0 0 0]
 [0 0 0]
 [0 0 0]
 [0 0 0]
 [0 0 0]]
reward: gen=2.3078884907001824 real=2.173968186043092
ratio=1.0616017775774553
valid: gen=0.0  real=1.0
[ 20 iterations]
real= [[ 3  8  0]
 [25 17  0]
 [18  8  0]
 [15  8  0]
 [ 5  2  0]]
synthesis= [[ 3  8  0]
 [25 25  0]
 [18  8  0]
 [ 8  8  0]
 [ 2  5  0]]
reward: gen=2.030513567503613 real=2.1668045886567446
ratio=0.9371004557279335
valid: gen=0.146  real=1.0
[ 30 iterations]
real= [[ 4 26  0]
 [22  3  0]
 [ 4  8  0]
 [ 6 26  0]
 [25 17  0]]
synthesis= [[26 26  0]
 [ 3  3  0]
 [ 8  8  0]
 [ 6  6  0]
 [25 17  0]]
reward: gen=1.9260183579516652 real=2.1613525601231256
ratio=0.8911171613028954
valid: gen=0.155  real=1.0
[ 40 iterations]
real= [[15 19  0]
 [26  9  0]
 [25  7  0]
 [ 3 13  0]
 [ 6  8  0]]
synthesis= [[19 19  0]
 [ 9  9  0]
 [ 7  7  0]
 [13 13  0]
 [ 6  8  0]]
reward: gen=2.0187363161376948 real=2.1884896262933946
ratio=0.9224335778811947
valid: gen=0.238  real=1.0
[ 50 iterations]
real= [[23 28  0]
 [ 4  2  0]
 [22  1  0]
 [15  3  0]
 [22 23  0]]
synthesis= [[23 23  0]
 [ 4  2  0]
 [22  1  0]
 [15  3  0]
 [22 23  0]]
reward: gen=2.114645191720067 real=2.1516058329185186
ratio=0.9828218344489628
valid: gen=0.674  real=1.0
[ 60 iterations]
real= [[ 4  3  0]
 [ 2  1  0]
 [ 3 23  0]
 [13  2  0]
 [10  0  0]]
synthesis= [[ 4  3  0]
 [ 2  2  0]
 [23  3  0]
 [13  2  0]
 [10 10  0]]
reward: gen=2.1471474943414797 real=2.173968186043092
ratio=0.9876627947576228
valid: gen=0.816  real=1.0
[ 70 iterations]
real= [[ 3  8  0]
 [25 17  0]
 [18  8  0]
 [15  8  0]
 [ 5  2  0]]
synthesis= [[ 3  8  0]
 [25 17  0]
 [18  8  0]
 [15  8  0]
 [ 5  2  0]]
reward: gen=2.148616420934657 real=2.1668045886567446
ratio=0.9916059953826464
valid: gen=0.881  real=1.0
[ 80 iterations]
real= [[ 4 26  0]
 [22  3  0]
 [ 4  8  0]
 [ 6 26  0]
 [25 17  0]]
synthesis= [[ 4 26  0]
 [22  3  0]
 [ 4  8  0]
 [ 6 26  0]
 [25 17  0]]
reward: gen=2.1821987849592723 real=2.1613525601231256
ratio=1.0096449904660436
valid: gen=0.873  real=1.0
[ 90 iterations]
real= [[15 19  0]
 [26  9  0]
 [25  7  0]
 [ 3 13  0]
 [ 6  8  0]]
synthesis= [[15 19  0]
 [26  9  0]
 [25  7  0]
 [ 3 13  0]
 [ 6  8  0]]
reward: gen=2.1736890710272267 real=2.1884896262933946
ratio=0.9932370914221625
valid: gen=0.902  real=1.0
[ 100 iterations]
real= [[23 28  0]
 [ 4  2  0]
 [22  1  0]
 [15  3  0]
 [22 23  0]]
synthesis= [[23 28  0]
 [ 4  2  0]
 [22  1  0]
 [15  3  0]
 [22 23  0]]
reward: gen=2.136732076654663 real=2.1516058329185186
ratio=0.993087137041416
valid: gen=0.884  real=1.0
[ 110 iterations]
real= [[ 4  3  0]
 [ 2  1  0]
 [ 3 23  0]
 [13  2  0]
 [10  0  0]]
synthesis= [[ 4  3  0]
 [ 1  2  0]
 [23  3  0]
 [13  2  0]
 [10 10  0]]
reward: gen=2.1625026576286857 real=2.173968186043092
ratio=0.9947259907076768
valid: gen=0.913  real=1.0
[ 120 iterations]
real= [[ 3  8  0]
 [25 17  0]
 [18  8  0]
 [15  8  0]
 [ 5  2  0]]
synthesis= [[ 3  8  0]
 [25 17  0]
 [18  8  0]
 [15  8  0]
 [ 5  2  0]]
reward: gen=2.1546730031130084 real=2.1668045886567446
ratio=0.9944011630733822
valid: gen=0.926  real=1.0
[ 130 iterations]
real= [[ 4 26  0]
 [22  3  0]
 [ 4  8  0]
 [ 6 26  0]
 [25 17  0]]
synthesis= [[ 4 26  0]
 [22  3  0]
 [ 4  8  0]
 [ 6 26  0]
 [25 17  0]]
reward: gen=2.1628266496434367 real=2.1613525601231256
ratio=1.0006820217800223
valid: gen=0.919  real=1.0
[ 140 iterations]
real= [[15 19  0]
 [26  9  0]
 [25  7  0]
 [ 3 13  0]
 [ 6  8  0]]
synthesis= [[15 19  0]
 [26  9  0]
 [25  7  0]
 [ 3 13  0]
 [ 6  8  0]]
reward: gen=2.26676598044313 real=2.1884896262933946
ratio=1.0357672950373134
valid: gen=0.814  real=1.0
[ 150 iterations]
real= [[23 28  0]
 [ 4  2  0]
 [22  1  0]
 [15  3  0]
 [22 23  0]]
synthesis= [[23 23  0]
 [ 4  2  0]
 [22  1  0]
 [15  3  0]
 [22 23  0]]
reward: gen=2.1524559280387185 real=2.1516058329185186
ratio=1.0003950979808633
valid: gen=0.884  real=1.0
[ 160 iterations]
real= [[ 4  3  0]
 [ 2  1  0]
 [ 3 23  0]
 [13  2  0]
 [10  0  0]]
synthesis= [[ 4  3  0]
 [ 1  2  0]
 [23 23  0]
 [13  2  0]
 [10 10  0]]
reward: gen=2.1029794337071728 real=2.173968186043092
ratio=0.9673460022130645
valid: gen=0.672  real=1.0
[ 170 iterations]
real= [[ 3  8  0]
 [25 17  0]
 [18  8  0]
 [15  8  0]
 [ 5  2  0]]
synthesis= [[ 3  3  0]
 [25 17  0]
 [18  8  0]
 [15  8  0]
 [ 5  5  0]]
reward: gen=2.0428197706606874 real=2.1668045886567446
ratio=0.9427798802692593
valid: gen=0.518  real=1.0
[ 180 iterations]
real= [[ 4 26  0]
 [22  3  0]
 [ 4  8  0]
 [ 6 26  0]
 [25 17  0]]
synthesis= [[ 4 26  0]
 [22  3  0]
 [ 4  8  0]
 [ 6  6  0]
 [25 17  0]]
reward: gen=2.053731130690465 real=2.1613525601231256
ratio=0.9502064441413808
valid: gen=0.601  real=1.0
[ 190 iterations]
real= [[15 19  0]
 [26  9  0]
 [25  7  0]
 [ 3 13  0]
 [ 6  8  0]]
synthesis= [[15 19  0]
 [26  9  0]
 [25  7  0]
 [ 3 13  0]
 [ 6  8  0]]
reward: gen=2.1590561368449936 real=2.1884896262933946
ratio=0.9865507749752271
valid: gen=0.844  real=1.0
[ 200 iterations]
real= [[23 28  0]
 [ 4  2  0]
 [22  1  0]
 [15  3  0]
 [22 23  0]]
synthesis= [[23 28  0]
 [ 4  2  0]
 [22  1  0]
 [15  3  0]
 [22 23  0]]
reward: gen=2.1318368444662465 real=2.1516058329185186
ratio=0.9908119841702341
valid: gen=0.886  real=1.0
[ 210 iterations]
real= [[ 4  3  0]
 [ 2  1  0]
 [ 3 23  0]
 [13  2  0]
 [10  0  0]]
synthesis= [[ 4  3  0]
 [ 1  1  0]
 [ 3 23  0]
 [13  2  0]
 [10 10  0]]
reward: gen=2.1662050013486875 real=2.173968186043092
ratio=0.9964290256204097
valid: gen=0.878  real=1.0
[ 220 iterations]
real= [[ 3  8  0]
 [25 17  0]
 [18  8  0]
 [15  8  0]
 [ 5  2  0]]
synthesis= [[ 3  8  0]
 [25 17  0]
 [18  8  0]
 [15  8  0]
 [ 5  2  0]]
reward: gen=2.156828036332138 real=2.1668045886567446
ratio=0.9953957304794194
valid: gen=0.881  real=1.0
[ 230 iterations]
real= [[ 4 26  0]
 [22  3  0]
 [ 4  8  0]
 [ 6 26  0]
 [25 17  0]]
synthesis= [[ 4 26  0]
 [22  3  0]
 [ 4  8  0]
 [ 6 26  0]
 [25 17  0]]
reward: gen=2.155986421087551 real=2.1613525601231256
ratio=0.9975172310456981
valid: gen=0.906  real=1.0
[ 240 iterations]
real= [[15 19  0]
 [26  9  0]
 [25  7  0]
 [ 3 13  0]
 [ 6  8  0]]
synthesis= [[15 19  0]
 [26  9  0]
 [25  7  0]
 [ 3 13  0]
 [ 6  8  0]]
reward: gen=2.2306790719875873 real=2.1884896262933946
ratio=1.0192778824205113
valid: gen=0.859  real=1.0
[ 250 iterations]
real= [[23 28  0]
 [ 4  2  0]
 [22  1  0]
 [15  3  0]
 [22 23  0]]
synthesis= [[28 28  0]
 [ 4  2  0]
 [22  1  0]
 [15  3  0]
 [22 23  0]]
reward: gen=2.2340253736131404 real=2.1516058329185186
ratio=1.038306059331892
valid: gen=0.816  real=1.0
[ 260 iterations]
real= [[ 4  3  0]
 [ 2  1  0]
 [ 3 23  0]
 [13  2  0]
 [10  0  0]]
synthesis= [[ 4  3  0]
 [ 2  1  0]
 [ 3  3  0]
 [13  2  0]
 [10  0  0]]
reward: gen=2.2600586526974418 real=2.173968186043092
ratio=1.0396006101685626
valid: gen=0.801  real=1.0
[ 270 iterations]
real= [[ 3  8  0]
 [25 17  0]
 [18  8  0]
 [15  8  0]
 [ 5  2  0]]
synthesis= [[ 3  8  0]
 [25 17  0]
 [18  8  0]
 [15  8  0]
 [ 5  2  0]]
reward: gen=2.253587922247385 real=2.1668045886567446
ratio=1.040051296755117
valid: gen=0.807  real=1.0
[ 280 iterations]
real= [[ 4 26  0]
 [22  3  0]
 [ 4  8  0]
 [ 6 26  0]
 [25 17  0]]
synthesis= [[ 4 26  0]
 [22  3  0]
 [ 4  8  0]
 [26 26  0]
 [25 17  0]]
reward: gen=2.1817147973210704 real=2.1613525601231256
ratio=1.0094210623355149
valid: gen=0.892  real=1.0
[ 290 iterations]
real= [[15 19  0]
 [26  9  0]
 [25  7  0]
 [ 3 13  0]
 [ 6  8  0]]
synthesis= [[15 19  0]
 [26  9  0]
 [25  7  0]
 [ 3 13  0]
 [ 6  8  0]]
reward: gen=2.1574316187683937 real=2.1884896262933946
ratio=0.9858084739576293
valid: gen=0.874  real=1.0
[ 300 iterations]
real= [[23 28  0]
 [ 4  2  0]
 [22  1  0]
 [15  3  0]
 [22 23  0]]
synthesis= [[23 23  0]
 [ 4  2  0]
 [22  1  0]
 [15  3  0]
 [22 23  0]]
reward: gen=2.102364659703089 real=2.1516058329185186
ratio=0.9771142221023649
valid: gen=0.823  real=1.0
[ 310 iterations]
real= [[ 4  3  0]
 [ 2  1  0]
 [ 3 23  0]
 [13  2  0]
 [10  0  0]]
synthesis= [[ 4  3  0]
 [ 2  2  0]
 [ 3 23  0]
 [13  2  0]
 [10  0  0]]
reward: gen=2.122752450176933 real=2.173968186043092
ratio=0.9764413590801535
valid: gen=0.798  real=1.0
[ 320 iterations]
real= [[ 3  8  0]
 [25 17  0]
 [18  8  0]
 [15  8  0]
 [ 5  2  0]]
synthesis= [[ 3  8  0]
 [25 25  0]
 [18 18  0]
 [15  8  0]
 [ 5  2  0]]
reward: gen=2.112764256988523 real=2.1668045886567446
ratio=0.9750598960556373
valid: gen=0.815  real=1.0
[ 330 iterations]
real= [[ 4 26  0]
 [22  3  0]
 [ 4  8  0]
 [ 6 26  0]
 [25 17  0]]
synthesis= [[ 4 26  0]
 [22  3  0]
 [ 4  8  0]
 [ 6 26  0]
 [25 25  0]]
reward: gen=2.108615388098963 real=2.1613525601231256
ratio=0.9755999215504396
valid: gen=0.824  real=1.0
[ 340 iterations]
real= [[15 19  0]
 [26  9  0]
 [25  7  0]
 [ 3 13  0]
 [ 6  8  0]]
synthesis= [[15 19  0]
 [26  9  0]
 [25  7  0]
 [ 3 13  0]
 [ 6  8  0]]
reward: gen=2.140742299936798 real=2.1884896262933946
ratio=0.9781825210487904
valid: gen=0.834  real=1.0
[ 350 iterations]
real= [[23 28  0]
 [ 4  2  0]
 [22  1  0]
 [15  3  0]
 [22 23  0]]
synthesis= [[23 28  0]
 [ 4  2  0]
 [22  1  0]
 [15  3  0]
 [22 23  0]]
reward: gen=2.1169021192338136 real=2.1516058329185186
ratio=0.9838707847163476
valid: gen=0.864  real=1.0
[ 360 iterations]
real= [[ 4  3  0]
 [ 2  1  0]
 [ 3 23  0]
 [13  2  0]
 [10  0  0]]
synthesis= [[ 4  3  0]
 [ 2  1  0]
 [ 3  3  0]
 [13  2  0]
 [10 10  0]]
reward: gen=2.1543174581896207 real=2.173968186043092
ratio=0.990960894469556
valid: gen=0.89  real=1.0
[ 370 iterations]
real= [[ 3  8  0]
 [25 17  0]
 [18  8  0]
 [15  8  0]
 [ 5  2  0]]
synthesis= [[ 3  8  0]
 [25 17  0]
 [18  8  0]
 [15  8  0]
 [ 5  2  0]]
reward: gen=2.1521050787952576 real=2.1668045886567446
ratio=0.9932160426748036
valid: gen=0.902  real=1.0
[ 380 iterations]
real= [[ 4 26  0]
 [22  3  0]
 [ 4  8  0]
 [ 6 26  0]
 [25 17  0]]
synthesis= [[ 4  4  0]
 [22  3  0]
 [ 4  8  0]
 [ 6  6  0]
 [25 17  0]]
reward: gen=2.1471058909191636 real=2.1613525601231256
ratio=0.9934084473459756
valid: gen=0.888  real=1.0
[ 390 iterations]
real= [[15 19  0]
 [26  9  0]
 [25  7  0]
 [ 3 13  0]
 [ 6  8  0]]
synthesis= [[15 19  0]
 [26  9  0]
 [25  7  0]
 [ 3 13  0]
 [ 6  8  0]]
reward: gen=2.1751481761050036 real=2.1884896262933946
ratio=0.9939038092627438
valid: gen=0.909  real=1.0
[ 400 iterations]
real= [[23 28  0]
 [ 4  2  0]
 [22  1  0]
 [15  3  0]
 [22 23  0]]
synthesis= [[23 28  0]
 [ 4  2  0]
 [22  1  0]
 [15  3  0]
 [22 23  0]]
reward: gen=2.135549436613474 real=2.1516058329185186
ratio=0.9925374824424671
valid: gen=0.904  real=1.0
[ 410 iterations]
real= [[ 4  3  0]
 [ 2  1  0]
 [ 3 23  0]
 [13  2  0]
 [10  0  0]]
synthesis= [[ 4  3  0]
 [ 2  1  0]
 [23 23  0]
 [13  2  0]
 [10 10  0]]
reward: gen=2.163197501869778 real=2.173968186043092
ratio=0.9950456109512265
valid: gen=0.891  real=1.0
[ 420 iterations]
real= [[ 3  8  0]
 [25 17  0]
 [18  8  0]
 [15  8  0]
 [ 5  2  0]]
synthesis= [[ 3  8  0]
 [25 17  0]
 [18  8  0]
 [15  8  0]
 [ 5  2  0]]
reward: gen=2.1616372557872534 real=2.1668045886567446
ratio=0.9976152289428671
valid: gen=0.888  real=1.0
[ 430 iterations]
real= [[ 4 26  0]
 [22  3  0]
 [ 4  8  0]
 [ 6 26  0]
 [25 17  0]]
synthesis= [[ 4 26  0]
 [22  3  0]
 [ 4  8  0]
 [ 6 26  0]
 [25 17  0]]
reward: gen=2.1766738077502095 real=2.1613525601231256
ratio=1.0070887313387737
valid: gen=0.876  real=1.0
[ 440 iterations]
real= [[15 19  0]
 [26  9  0]
 [25  7  0]
 [ 3 13  0]
 [ 6  8  0]]
synthesis= [[15 19  0]
 [26  9  0]
 [25  7  0]
 [ 3 13  0]
 [ 6  8  0]]
reward: gen=2.2041730422612984 real=2.1884896262933946
ratio=1.0071663195381313
valid: gen=0.891  real=1.0
[ 450 iterations]
real= [[23 28  0]
 [ 4  2  0]
 [22  1  0]
 [15  3  0]
 [22 23  0]]
synthesis= [[23 28  0]
 [ 4  2  0]
 [22  1  0]
 [15  3  0]
 [22 23  0]]
reward: gen=2.1743598563375484 real=2.1516058329185186
ratio=1.0105753679744238
valid: gen=0.875  real=1.0
[ 460 iterations]
real= [[ 4  3  0]
 [ 2  1  0]
 [ 3 23  0]
 [13  2  0]
 [10  0  0]]
synthesis= [[ 4  3  0]
 [ 2  1  0]
 [ 3 23  0]
 [13  2  0]
 [10  0  0]]
reward: gen=2.219348844636701 real=2.173968186043092
ratio=1.020874573457401
valid: gen=0.842  real=1.0
[ 470 iterations]
real= [[ 3  8  0]
 [25 17  0]
 [18  8  0]
 [15  8  0]
 [ 5  2  0]]
synthesis= [[ 3  8  0]
 [25 17  0]
 [18  8  0]
 [15  8  0]
 [ 5  2  0]]
reward: gen=2.2096241972577686 real=2.1668045886567446
ratio=1.0197616383245565
valid: gen=0.844  real=1.0
[ 480 iterations]
real= [[ 4 26  0]
 [22  3  0]
 [ 4  8  0]
 [ 6 26  0]
 [25 17  0]]
synthesis= [[ 4 26  0]
 [22  3  0]
 [ 4  8  0]
 [ 6 26  0]
 [25 17  0]]
reward: gen=2.1837761349931197 real=2.1613525601231256
ratio=1.0103747881228209
valid: gen=0.87  real=1.0
[ 490 iterations]
real= [[15 19  0]
 [26  9  0]
 [25  7  0]
 [ 3 13  0]
 [ 6  8  0]]
synthesis= [[15 19  0]
 [26  9  0]
 [25  7  0]
 [ 3 13  0]
 [ 6  8  0]]
reward: gen=2.2068882050581946 real=2.1884896262933946
ratio=1.0084069755432021
valid: gen=0.862  real=1.0
