data_file: dataset/2locations/bays29_s0_e0_md1000_ms2_random_reward_ne10000_w1000_gt1000.data
prob_file: dataset/2locations/bays29_s0_e0_md1000_ms2_random_reward.prob
read problem
[ 10 iterations]
real= [[ 4  3  0]
 [ 2  1  0]
 [ 3 23  0]
 [13  2  0]
 [10  0  0]]
synthesis= [[ 3  4  0]
 [ 1  2  0]
 [23  3  0]
 [13  2  0]
 [10  0  0]]
reward: gen=1.9352038639238123 real=2.173968186043092
ratio=0.890171197696383
valid: gen=1.0  real=1.0
[ 20 iterations]
real= [[ 3  8  0]
 [25 17  0]
 [18  8  0]
 [15  8  0]
 [ 5  2  0]]
synthesis= [[ 3  8  0]
 [17 25  0]
 [18  8  0]
 [ 8 15  0]
 [ 5  2  0]]
reward: gen=1.851936749677975 real=2.1668045886567446
ratio=0.854685632185243
valid: gen=1.0  real=1.0
[ 30 iterations]
real= [[ 4 26  0]
 [22  3  0]
 [ 4  8  0]
 [ 6 26  0]
 [25 17  0]]
synthesis= [[26  4  0]
 [ 3 22  0]
 [ 8  4  0]
 [26  6  0]
 [17 25  0]]
reward: gen=1.8720212910226939 real=2.1613525601231256
ratio=0.8661341631908728
valid: gen=1.0  real=1.0
[ 40 iterations]
real= [[15 19  0]
 [26  9  0]
 [25  7  0]
 [ 3 13  0]
 [ 6  8  0]]
synthesis= [[15 19  0]
 [26  9  0]
 [25  7  0]
 [ 3 13  0]
 [ 6  8  0]]
reward: gen=2.1242937255176293 real=2.1884896262933946
ratio=0.970666572962243
valid: gen=1.0  real=1.0
[ 50 iterations]
real= [[23 28  0]
 [ 4  2  0]
 [22  1  0]
 [15  3  0]
 [22 23  0]]
synthesis= [[28 23  0]
 [ 4  2  0]
 [22  1  0]
 [15  3  0]
 [22 23  0]]
reward: gen=2.087753761574016 real=2.1516058329185186
ratio=0.9703235274939317
valid: gen=1.0  real=1.0
[ 60 iterations]
real= [[ 4  3  0]
 [ 2  1  0]
 [ 3 23  0]
 [13  2  0]
 [10  0  0]]
synthesis= [[ 4  3  0]
 [ 2  1  0]
 [23  3  0]
 [13  2  0]
 [10  0  0]]
reward: gen=2.139448966806396 real=2.173968186043092
ratio=0.9841215619169086
valid: gen=1.0  real=1.0
[ 70 iterations]
real= [[ 3  8  0]
 [25 17  0]
 [18  8  0]
 [15  8  0]
 [ 5  2  0]]
synthesis= [[ 3  8  0]
 [25 17  0]
 [18  8  0]
 [15  8  0]
 [ 2  5  0]]
reward: gen=2.1226420169487086 real=2.1668045886567446
ratio=0.9796185720026496
valid: gen=1.0  real=1.0
[ 80 iterations]
real= [[ 4 26  0]
 [22  3  0]
 [ 4  8  0]
 [ 6 26  0]
 [25 17  0]]
synthesis= [[26  4  0]
 [22  3  0]
 [ 4  8  0]
 [26  6  0]
 [25 17  0]]
reward: gen=2.129416849628381 real=2.1613525601231256
ratio=0.9852242012321556
valid: gen=1.0  real=1.0
[ 90 iterations]
real= [[15 19  0]
 [26  9  0]
 [25  7  0]
 [ 3 13  0]
 [ 6  8  0]]
synthesis= [[15 19  0]
 [26  9  0]
 [25  7  0]
 [ 3 13  0]
 [ 6  8  0]]
reward: gen=2.170191558015079 real=2.1884896262933946
ratio=0.9916389513304175
valid: gen=1.0  real=1.0
[ 100 iterations]
real= [[23 28  0]
 [ 4  2  0]
 [22  1  0]
 [15  3  0]
 [22 23  0]]
synthesis= [[28 23  0]
 [ 4  2  0]
 [22  1  0]
 [15  3  0]
 [22 23  0]]
reward: gen=2.117186262070147 real=2.1516058329185186
ratio=0.9840028455390069
valid: gen=1.0  real=1.0
[ 110 iterations]
real= [[ 4  3  0]
 [ 2  1  0]
 [ 3 23  0]
 [13  2  0]
 [10  0  0]]
synthesis= [[ 4  3  0]
 [ 1  2  0]
 [ 3 23  0]
 [13  2  0]
 [10  0  0]]
reward: gen=2.1423783563504992 real=2.173968186043092
ratio=0.9854690469274574
valid: gen=1.0  real=1.0
[ 120 iterations]
real= [[ 3  8  0]
 [25 17  0]
 [18  8  0]
 [15  8  0]
 [ 5  2  0]]
synthesis= [[ 3  8  0]
 [25 17  0]
 [18  8  0]
 [15  8  0]
 [ 5  2  0]]
reward: gen=2.136488529764136 real=2.1668045886567446
ratio=0.9860088634428256
valid: gen=1.0  real=1.0
[ 130 iterations]
real= [[ 4 26  0]
 [22  3  0]
 [ 4  8  0]
 [ 6 26  0]
 [25 17  0]]
synthesis= [[26  4  0]
 [22  3  0]
 [ 4  8  0]
 [26  6  0]
 [25 17  0]]
reward: gen=2.1314981120338685 real=2.1613525601231256
ratio=0.9861871456605135
valid: gen=1.0  real=1.0
[ 140 iterations]
real= [[15 19  0]
 [26  9  0]
 [25  7  0]
 [ 3 13  0]
 [ 6  8  0]]
synthesis= [[15 19  0]
 [26  9  0]
 [25  7  0]
 [13  3  0]
 [ 6  8  0]]
reward: gen=2.1595088419312694 real=2.1884896262933946
ratio=0.986757632289439
valid: gen=1.0  real=1.0
[ 150 iterations]
real= [[23 28  0]
 [ 4  2  0]
 [22  1  0]
 [15  3  0]
 [22 23  0]]
synthesis= [[23 28  0]
 [ 4  2  0]
 [22  1  0]
 [15  3  0]
 [22 23  0]]
reward: gen=2.129632622516299 real=2.1516058329185186
ratio=0.989787529822591
valid: gen=1.0  real=1.0
[ 160 iterations]
real= [[ 4  3  0]
 [ 2  1  0]
 [ 3 23  0]
 [13  2  0]
 [10  0  0]]
synthesis= [[ 4  3  0]
 [ 2  1  0]
 [ 3 23  0]
 [13  2  0]
 [10  0  0]]
reward: gen=2.159800220942019 real=2.173968186043092
ratio=0.9934829013634922
valid: gen=1.0  real=1.0
[ 170 iterations]
real= [[ 3  8  0]
 [25 17  0]
 [18  8  0]
 [15  8  0]
 [ 5  2  0]]
synthesis= [[ 3  8  0]
 [25 17  0]
 [18  8  0]
 [15  8  0]
 [ 5  2  0]]
reward: gen=2.1519513830900943 real=2.1668045886567446
ratio=0.9931451107107641
valid: gen=1.0  real=1.0
[ 180 iterations]
real= [[ 4 26  0]
 [22  3  0]
 [ 4  8  0]
 [ 6 26  0]
 [25 17  0]]
synthesis= [[ 4 26  0]
 [22  3  0]
 [ 4  8  0]
 [ 6 26  0]
 [25 17  0]]
reward: gen=2.140884713153218 real=2.1613525601231256
ratio=0.9905300748487135
valid: gen=1.0  real=1.0
[ 190 iterations]
real= [[15 19  0]
 [26  9  0]
 [25  7  0]
 [ 3 13  0]
 [ 6  8  0]]
synthesis= [[15 19  0]
 [26  9  0]
 [25  7  0]
 [13  3  0]
 [ 6  8  0]]
reward: gen=2.1706393556477153 real=2.1884896262933946
ratio=0.9918435662517112
valid: gen=1.0  real=1.0
[ 200 iterations]
real= [[23 28  0]
 [ 4  2  0]
 [22  1  0]
 [15  3  0]
 [22 23  0]]
synthesis= [[23 28  0]
 [ 4  2  0]
 [22  1  0]
 [15  3  0]
 [22 23  0]]
reward: gen=2.136595263167468 real=2.1516058329185186
ratio=0.9930235503541606
valid: gen=1.0  real=1.0
[ 210 iterations]
real= [[ 4  3  0]
 [ 2  1  0]
 [ 3 23  0]
 [13  2  0]
 [10  0  0]]
synthesis= [[ 3  4  0]
 [ 2  1  0]
 [23  3  0]
 [13  2  0]
 [10  0  0]]
reward: gen=2.161957340909843 real=2.173968186043092
ratio=0.9944751513796942
valid: gen=1.0  real=1.0
[ 220 iterations]
real= [[ 3  8  0]
 [25 17  0]
 [18  8  0]
 [15  8  0]
 [ 5  2  0]]
synthesis= [[ 3  8  0]
 [25 17  0]
 [18  8  0]
 [15  8  0]
 [ 5  2  0]]
reward: gen=2.1591091216595477 real=2.1668045886567446
ratio=0.9964484720784316
valid: gen=1.0  real=1.0
[ 230 iterations]
real= [[ 4 26  0]
 [22  3  0]
 [ 4  8  0]
 [ 6 26  0]
 [25 17  0]]
synthesis= [[ 4 26  0]
 [22  3  0]
 [ 4  8  0]
 [26  6  0]
 [25 17  0]]
reward: gen=2.1520666247247027 real=2.1613525601231256
ratio=0.9957036461474411
valid: gen=1.0  real=1.0
[ 240 iterations]
real= [[15 19  0]
 [26  9  0]
 [25  7  0]
 [ 3 13  0]
 [ 6  8  0]]
synthesis= [[15 19  0]
 [26  9  0]
 [25  7  0]
 [ 3 13  0]
 [ 6  8  0]]
reward: gen=2.1710698416419216 real=2.1884896262933946
ratio=0.9920402708597817
valid: gen=1.0  real=1.0
[ 250 iterations]
real= [[23 28  0]
 [ 4  2  0]
 [22  1  0]
 [15  3  0]
 [22 23  0]]
synthesis= [[28 23  0]
 [ 4  2  0]
 [22  1  0]
 [15  3  0]
 [22 23  0]]
reward: gen=2.1413743774041145 real=2.1516058329185186
ratio=0.9952447351843596
valid: gen=1.0  real=1.0
[ 260 iterations]
real= [[ 4  3  0]
 [ 2  1  0]
 [ 3 23  0]
 [13  2  0]
 [10  0  0]]
synthesis= [[ 4  3  0]
 [ 2  1  0]
 [ 3 23  0]
 [13  2  0]
 [10  0  0]]
reward: gen=2.168127373592616 real=2.173968186043092
ratio=0.9973132944226258
valid: gen=1.0  real=1.0
[ 270 iterations]
real= [[ 3  8  0]
 [25 17  0]
 [18  8  0]
 [15  8  0]
 [ 5  2  0]]
synthesis= [[ 3  8  0]
 [25 17  0]
 [18  8  0]
 [15  8  0]
 [ 5  2  0]]
reward: gen=2.1585909525781735 real=2.1668045886567446
ratio=0.996209332340549
valid: gen=1.0  real=1.0
[ 280 iterations]
real= [[ 4 26  0]
 [22  3  0]
 [ 4  8  0]
 [ 6 26  0]
 [25 17  0]]
synthesis= [[ 4 26  0]
 [22  3  0]
 [ 4  8  0]
 [ 6 26  0]
 [25 17  0]]
reward: gen=2.148044666741999 real=2.1613525601231256
ratio=0.9938427938011333
valid: gen=1.0  real=1.0
[ 290 iterations]
real= [[15 19  0]
 [26  9  0]
 [25  7  0]
 [ 3 13  0]
 [ 6  8  0]]
synthesis= [[15 19  0]
 [26  9  0]
 [25  7  0]
 [ 3 13  0]
 [ 6  8  0]]
reward: gen=2.1770581793664623 real=2.1884896262933946
ratio=0.9947765587784423
valid: gen=1.0  real=1.0
[ 300 iterations]
real= [[23 28  0]
 [ 4  2  0]
 [22  1  0]
 [15  3  0]
 [22 23  0]]
synthesis= [[23 28  0]
 [ 4  2  0]
 [22  1  0]
 [15  3  0]
 [22 23  0]]
reward: gen=2.143496951578732 real=2.1516058329185186
ratio=0.9962312421653983
valid: gen=1.0  real=1.0
[ 310 iterations]
real= [[ 4  3  0]
 [ 2  1  0]
 [ 3 23  0]
 [13  2  0]
 [10  0  0]]
synthesis= [[ 4  3  0]
 [ 2  1  0]
 [ 3 23  0]
 [13  2  0]
 [10  0  0]]
reward: gen=2.166781772130536 real=2.173968186043092
ratio=0.996694333450373
valid: gen=1.0  real=1.0
[ 320 iterations]
real= [[ 3  8  0]
 [25 17  0]
 [18  8  0]
 [15  8  0]
 [ 5  2  0]]
synthesis= [[ 3  8  0]
 [25 17  0]
 [18  8  0]
 [15  8  0]
 [ 5  2  0]]
reward: gen=2.1611066145016706 real=2.1668045886567446
ratio=0.9973703331694501
valid: gen=1.0  real=1.0
[ 330 iterations]
real= [[ 4 26  0]
 [22  3  0]
 [ 4  8  0]
 [ 6 26  0]
 [25 17  0]]
synthesis= [[ 4 26  0]
 [22  3  0]
 [ 4  8  0]
 [ 6 26  0]
 [25 17  0]]
reward: gen=2.1535953994642822 real=2.1613525601231256
ratio=0.9964109693152507
valid: gen=1.0  real=1.0
[ 340 iterations]
real= [[15 19  0]
 [26  9  0]
 [25  7  0]
 [ 3 13  0]
 [ 6  8  0]]
synthesis= [[15 19  0]
 [26  9  0]
 [25  7  0]
 [ 3 13  0]
 [ 6  8  0]]
reward: gen=2.1790449221291235 real=2.1884896262933946
ratio=0.9956843733455262
valid: gen=1.0  real=1.0
[ 350 iterations]
real= [[23 28  0]
 [ 4  2  0]
 [22  1  0]
 [15  3  0]
 [22 23  0]]
synthesis= [[23 28  0]
 [ 4  2  0]
 [22  1  0]
 [15  3  0]
 [22 23  0]]
reward: gen=2.1396974823380592 real=2.1516058329185186
ratio=0.9944653661008594
valid: gen=1.0  real=1.0
[ 360 iterations]
real= [[ 4  3  0]
 [ 2  1  0]
 [ 3 23  0]
 [13  2  0]
 [10  0  0]]
synthesis= [[ 4  3  0]
 [ 2  1  0]
 [ 3 23  0]
 [13  2  0]
 [10  0  0]]
reward: gen=2.1673707915636045 real=2.173968186043092
ratio=0.9969652755169819
valid: gen=1.0  real=1.0
[ 370 iterations]
real= [[ 3  8  0]
 [25 17  0]
 [18  8  0]
 [15  8  0]
 [ 5  2  0]]
synthesis= [[ 3  8  0]
 [25 17  0]
 [18  8  0]
 [15  8  0]
 [ 5  2  0]]
reward: gen=2.162289345904566 real=2.1668045886567446
ratio=0.9979161744553172
valid: gen=1.0  real=1.0
[ 380 iterations]
real= [[ 4 26  0]
 [22  3  0]
 [ 4  8  0]
 [ 6 26  0]
 [25 17  0]]
synthesis= [[ 4 26  0]
 [22  3  0]
 [ 4  8  0]
 [ 6 26  0]
 [25 17  0]]
reward: gen=2.1540497944218857 real=2.1613525601231256
ratio=0.996621205704254
valid: gen=1.0  real=1.0
[ 390 iterations]
real= [[15 19  0]
 [26  9  0]
 [25  7  0]
 [ 3 13  0]
 [ 6  8  0]]
synthesis= [[15 19  0]
 [26  9  0]
 [25  7  0]
 [ 3 13  0]
 [ 6  8  0]]
reward: gen=2.179523500963345 real=2.1884896262933946
ratio=0.9959030533102251
valid: gen=1.0  real=1.0
[ 400 iterations]
real= [[23 28  0]
 [ 4  2  0]
 [22  1  0]
 [15  3  0]
 [22 23  0]]
synthesis= [[23 28  0]
 [ 4  2  0]
 [22  1  0]
 [15  3  0]
 [22 23  0]]
reward: gen=2.1447550516584704 real=2.1516058329185186
ratio=0.9968159682618282
valid: gen=1.0  real=1.0
[ 410 iterations]
real= [[ 4  3  0]
 [ 2  1  0]
 [ 3 23  0]
 [13  2  0]
 [10  0  0]]
synthesis= [[ 4  3  0]
 [ 2  1  0]
 [ 3 23  0]
 [13  2  0]
 [10  0  0]]
reward: gen=2.167455753920878 real=2.173968186043092
ratio=0.9970043572099979
valid: gen=1.0  real=1.0
[ 420 iterations]
real= [[ 3  8  0]
 [25 17  0]
 [18  8  0]
 [15  8  0]
 [ 5  2  0]]
synthesis= [[ 3  8  0]
 [25 17  0]
 [18  8  0]
 [15  8  0]
 [ 5  2  0]]
reward: gen=2.1624922201564063 real=2.1668045886567446
ratio=0.9980098027653653
valid: gen=1.0  real=1.0
[ 430 iterations]
real= [[ 4 26  0]
 [22  3  0]
 [ 4  8  0]
 [ 6 26  0]
 [25 17  0]]
synthesis= [[ 4 26  0]
 [22  3  0]
 [ 4  8  0]
 [ 6 26  0]
 [25 17  0]]
reward: gen=2.154998866055224 real=2.1613525601231256
ratio=0.9970603157554547
valid: gen=1.0  real=1.0
[ 440 iterations]
real= [[15 19  0]
 [26  9  0]
 [25  7  0]
 [ 3 13  0]
 [ 6  8  0]]
synthesis= [[15 19  0]
 [26  9  0]
 [25  7  0]
 [ 3 13  0]
 [ 6  8  0]]
reward: gen=2.179729888889333 real=2.1884896262933946
ratio=0.9959973594122545
valid: gen=1.0  real=1.0
[ 450 iterations]
real= [[23 28  0]
 [ 4  2  0]
 [22  1  0]
 [15  3  0]
 [22 23  0]]
synthesis= [[23 28  0]
 [ 4  2  0]
 [22  1  0]
 [15  3  0]
 [22 23  0]]
reward: gen=2.1447275642548194 real=2.1516058329185186
ratio=0.9968031929647777
valid: gen=1.0  real=1.0
[ 460 iterations]
real= [[ 4  3  0]
 [ 2  1  0]
 [ 3 23  0]
 [13  2  0]
 [10  0  0]]
synthesis= [[ 4  3  0]
 [ 2  1  0]
 [ 3 23  0]
 [13  2  0]
 [10  0  0]]
reward: gen=2.168067514347539 real=2.173968186043092
ratio=0.9972857598683204
valid: gen=1.0  real=1.0
[ 470 iterations]
real= [[ 3  8  0]
 [25 17  0]
 [18  8  0]
 [15  8  0]
 [ 5  2  0]]
synthesis= [[ 3  8  0]
 [25 17  0]
 [18  8  0]
 [15  8  0]
 [ 5  2  0]]
reward: gen=2.1624282421145637 real=2.1668045886567446
ratio=0.9979802763179055
valid: gen=1.0  real=1.0
[ 480 iterations]
real= [[ 4 26  0]
 [22  3  0]
 [ 4  8  0]
 [ 6 26  0]
 [25 17  0]]
synthesis= [[ 4 26  0]
 [22  3  0]
 [ 4  8  0]
 [ 6 26  0]
 [25 17  0]]
reward: gen=2.154880076623987 real=2.1613525601231256
ratio=0.9970053550639745
valid: gen=1.0  real=1.0
[ 490 iterations]
real= [[15 19  0]
 [26  9  0]
 [25  7  0]
 [ 3 13  0]
 [ 6  8  0]]
synthesis= [[15 19  0]
 [26  9  0]
 [25  7  0]
 [ 3 13  0]
 [ 6  8  0]]
reward: gen=2.1799044767385016 real=2.1884896262933946
ratio=0.9960771349099636
valid: gen=1.0  real=1.0
