read problem
[ 1 iterations]
real=[[14, 10, 0], [20, 6, 0], [8, 10, 0], [19, 26, 0], [15, 28, 0], [2, 11, 0], [14, 18, 0], [16, 13, 0], [6, 5, 0], [25, 5, 0]]
gen=[[5, 5, 0], [5, 5, 0], [5, 5, 0], [10, 5, 0], [5, 5, 0], [10, 5, 0], [5, 5, 0], [10, 5, 0], [10, 5, 0], [5, 5, 0]]
valid routes=0.003
norm-reward=1.0458048671088713
[ 2 iterations]
real=[[23, 15, 0], [17, 22, 0], [21, 12, 0], [24, 0, 0], [14, 15, 0], [13, 10, 0], [19, 0, 0], [19, 4, 0], [2, 5, 0], [6, 3, 0]]
gen=[[21, 25, 0], [21, 25, 0], [21, 25, 0], [21, 25, 0], [21, 25, 0], [21, 25, 0], [21, 25, 0], [21, 25, 0], [21, 25, 0], [21, 25, 0]]
valid routes=0.001
norm-reward=1.3243934550547543
[ 3 iterations]
real=[[16, 28, 0], [7, 2, 0], [12, 14, 0], [2, 10, 0], [18, 13, 0], [15, 5, 0], [10, 3, 0], [4, 5, 0], [11, 3, 0], [12, 24, 0]]
gen=[[26, 26, 0], [26, 26, 0], [26, 26, 0], [26, 26, 0], [26, 26, 0], [26, 26, 0], [26, 26, 0], [26, 26, 0], [26, 26, 0], [26, 26, 0]]
valid routes=0.0
norm-reward=1.4812430879564025
[ 4 iterations]
real=[[18, 24, 0], [28, 10, 0], [23, 28, 0], [9, 5, 0], [23, 10, 0], [28, 5, 0], [8, 24, 0], [6, 3, 0], [15, 22, 0], [11, 6, 0]]
gen=[[17, 13, 0], [17, 13, 0], [17, 13, 0], [17, 13, 0], [17, 13, 0], [17, 13, 0], [17, 13, 0], [17, 13, 0], [17, 13, 0], [17, 13, 0]]
valid routes=0.002
norm-reward=1.001057914258647
[ 5 iterations]
real=[[21, 11, 0], [9, 8, 0], [8, 28, 0], [2, 10, 0], [9, 14, 0], [2, 11, 0], [26, 2, 0], [7, 13, 0], [20, 15, 0], [7, 19, 0]]
gen=[[21, 3, 0], [21, 3, 0], [21, 3, 0], [21, 3, 0], [21, 3, 0], [21, 3, 0], [21, 3, 0], [21, 3, 0], [21, 3, 0], [21, 3, 0]]
valid routes=0.003
norm-reward=1.4452869558275216
[ 6 iterations]
real=[[9, 3, 0], [18, 28, 0], [17, 0, 0], [19, 27, 0], [6, 5, 0], [26, 8, 0], [22, 28, 0], [18, 3, 0], [18, 3, 0], [1, 13, 0]]
gen=[[21, 4, 0], [1, 1, 0], [1, 4, 0], [21, 4, 0], [1, 0, 0], [1, 1, 0], [1, 1, 0], [20, 4, 0], [1, 0, 0], [1, 0, 0]]
valid routes=0.002
norm-reward=0.9217094015791807
[ 7 iterations]
real=[[18, 10, 0], [19, 1, 0], [26, 25, 0], [18, 6, 0], [12, 24, 0], [12, 14, 0], [16, 24, 0], [1, 26, 0], [1, 3, 0], [9, 14, 0]]
gen=[[14, 14, 0], [9, 14, 0], [7, 14, 0], [9, 14, 0], [9, 14, 0], [9, 14, 0], [14, 14, 0], [14, 14, 0], [9, 14, 0], [9, 14, 0]]
valid routes=0.002
norm-reward=1.3386980336763132
[ 8 iterations]
real=[[16, 22, 0], [9, 16, 0], [12, 27, 0], [20, 16, 0], [27, 8, 0], [12, 6, 0], [16, 15, 0], [17, 5, 0], [7, 24, 0], [7, 13, 0]]
gen=[[17, 19, 0], [17, 19, 0], [7, 19, 0], [17, 19, 0], [19, 19, 0], [7, 19, 0], [17, 19, 0], [17, 19, 0], [17, 19, 0], [17, 19, 0]]
valid routes=0.0
norm-reward=0.9990944931121706
[ 9 iterations]
real=[[7, 18, 0], [12, 4, 0], [7, 14, 0], [4, 23, 0], [7, 1, 0], [19, 5, 0], [7, 26, 0], [9, 8, 0], [17, 23, 0], [1, 5, 0]]
gen=[[12, 28, 0], [9, 28, 0], [9, 28, 0], [9, 28, 0], [12, 28, 0], [12, 28, 0], [9, 28, 0], [11, 11, 0], [11, 10, 0], [12, 28, 0]]
valid routes=0.002
norm-reward=1.2593658163435755
[ 10 iterations]
real=[[21, 16, 0], [27, 28, 0], [19, 22, 0], [27, 13, 0], [17, 3, 0], [20, 6, 0], [24, 5, 0], [15, 27, 0], [2, 3, 0], [20, 2, 0]]
gen=[[12, 6, 0], [21, 6, 0], [21, 6, 0], [15, 25, 0], [21, 6, 0], [15, 25, 0], [21, 6, 0], [15, 25, 0], [15, 25, 0], [21, 6, 0]]
valid routes=0.006
norm-reward=0.8758556671574045
[ 11 iterations]
real=[[14, 10, 0], [20, 6, 0], [8, 10, 0], [19, 26, 0], [15, 28, 0], [2, 11, 0], [14, 18, 0], [16, 13, 0], [6, 5, 0], [25, 5, 0]]
gen=[[21, 13, 0], [9, 13, 0], [2, 8, 0], [2, 8, 0], [21, 13, 0], [21, 13, 0], [12, 8, 0], [9, 13, 0], [21, 13, 0], [2, 8, 0]]
valid routes=0.001
norm-reward=1.028838934035345
[ 12 iterations]
real=[[23, 15, 0], [17, 22, 0], [21, 12, 0], [24, 0, 0], [14, 15, 0], [13, 10, 0], [19, 0, 0], [19, 4, 0], [2, 5, 0], [6, 3, 0]]
gen=[[1, 0, 0], [12, 4, 0], [12, 1, 0], [21, 1, 0], [23, 0, 0], [12, 1, 0], [12, 1, 0], [21, 1, 0], [12, 1, 0], [1, 0, 0]]
valid routes=0.004
norm-reward=1.0425002977342914
[ 13 iterations]
real=[[16, 28, 0], [7, 2, 0], [12, 14, 0], [2, 10, 0], [18, 13, 0], [15, 5, 0], [10, 3, 0], [4, 5, 0], [11, 3, 0], [12, 24, 0]]
gen=[[20, 16, 0], [12, 16, 0], [20, 16, 0], [20, 16, 0], [20, 16, 0], [12, 12, 0], [12, 15, 0], [16, 12, 0], [20, 16, 0], [12, 16, 0]]
valid routes=0.001
norm-reward=1.0767450548721642
[ 14 iterations]
real=[[18, 24, 0], [28, 10, 0], [23, 28, 0], [9, 5, 0], [23, 10, 0], [28, 5, 0], [8, 24, 0], [6, 3, 0], [15, 22, 0], [11, 6, 0]]
gen=[[20, 22, 0], [12, 22, 0], [12, 8, 0], [23, 0, 0], [12, 22, 0], [22, 22, 0], [12, 8, 0], [20, 23, 0], [20, 23, 0], [20, 23, 0]]
valid routes=0.001
norm-reward=1.1089752193654572
[ 15 iterations]
real=[[21, 11, 0], [9, 8, 0], [8, 28, 0], [2, 10, 0], [9, 14, 0], [2, 11, 0], [26, 2, 0], [7, 13, 0], [20, 15, 0], [7, 19, 0]]
gen=[[20, 27, 0], [4, 28, 0], [12, 4, 0], [4, 4, 0], [4, 28, 0], [12, 4, 0], [20, 27, 0], [20, 27, 0], [12, 28, 0], [12, 28, 0]]
valid routes=0.001
norm-reward=1.1385519077360928
[ 16 iterations]
real=[[9, 3, 0], [18, 28, 0], [17, 0, 0], [19, 27, 0], [6, 5, 0], [26, 8, 0], [22, 28, 0], [18, 3, 0], [18, 3, 0], [1, 13, 0]]
gen=[[20, 7, 0], [20, 7, 0], [4, 24, 0], [20, 7, 0], [20, 7, 0], [12, 6, 0], [4, 7, 0], [20, 7, 0], [12, 7, 0], [12, 24, 0]]
valid routes=0.001
norm-reward=1.0419284845967334
[ 17 iterations]
real=[[18, 10, 0], [19, 1, 0], [26, 25, 0], [18, 6, 0], [12, 24, 0], [12, 14, 0], [16, 24, 0], [1, 26, 0], [1, 3, 0], [9, 14, 0]]
gen=[[23, 0, 0], [20, 27, 0], [20, 27, 0], [16, 0, 0], [4, 27, 0], [23, 25, 0], [12, 6, 0], [20, 27, 0], [12, 25, 0], [12, 6, 0]]
valid routes=0.004
norm-reward=1.111438695141008
[ 18 iterations]
real=[[16, 22, 0], [9, 16, 0], [12, 27, 0], [20, 16, 0], [27, 8, 0], [12, 6, 0], [16, 15, 0], [17, 5, 0], [7, 24, 0], [7, 13, 0]]
gen=[[12, 5, 0], [20, 15, 0], [20, 15, 0], [20, 15, 0], [4, 5, 0], [12, 13, 0], [12, 5, 0], [19, 5, 0], [12, 5, 0], [20, 15, 0]]
valid routes=0.004
norm-reward=1.0607002277377209
[ 19 iterations]
real=[[7, 18, 0], [12, 4, 0], [7, 14, 0], [4, 23, 0], [7, 1, 0], [19, 5, 0], [7, 26, 0], [9, 8, 0], [17, 23, 0], [1, 5, 0]]
gen=[[23, 5, 0], [21, 15, 0], [4, 5, 0], [4, 13, 0], [21, 15, 0], [12, 5, 0], [4, 13, 0], [19, 0, 0], [21, 15, 0], [23, 5, 0]]
valid routes=0.0
norm-reward=1.04933693011768
[ 20 iterations]
real=[[21, 16, 0], [27, 28, 0], [19, 22, 0], [27, 13, 0], [17, 3, 0], [20, 6, 0], [24, 5, 0], [15, 27, 0], [2, 3, 0], [20, 2, 0]]
gen=[[12, 16, 0], [4, 16, 0], [4, 16, 0], [4, 16, 0], [23, 4, 0], [12, 23, 0], [4, 12, 0], [12, 6, 0], [23, 23, 0], [21, 16, 0]]
valid routes=0.002
norm-reward=1.0297636749924446
[ 21 iterations]
real=[[14, 10, 0], [20, 6, 0], [8, 10, 0], [19, 26, 0], [15, 28, 0], [2, 11, 0], [14, 18, 0], [16, 13, 0], [6, 5, 0], [25, 5, 0]]
gen=[[12, 25, 0], [21, 14, 0], [21, 18, 0], [21, 14, 0], [23, 4, 0], [21, 14, 0], [12, 15, 0], [12, 6, 0], [4, 18, 0], [12, 18, 0]]
valid routes=0.006
norm-reward=0.9730024688008753
[ 22 iterations]
real=[[23, 15, 0], [17, 22, 0], [21, 12, 0], [24, 0, 0], [14, 15, 0], [13, 10, 0], [19, 0, 0], [19, 4, 0], [2, 5, 0], [6, 3, 0]]
gen=[[21, 22, 0], [21, 22, 0], [21, 9, 0], [4, 10, 0], [21, 22, 0], [21, 9, 0], [23, 10, 0], [21, 9, 0], [18, 14, 0], [4, 10, 0]]
valid routes=0.005
norm-reward=1.0795190873539235
[ 23 iterations]
real=[[16, 28, 0], [7, 2, 0], [12, 14, 0], [2, 10, 0], [18, 13, 0], [15, 5, 0], [10, 3, 0], [4, 5, 0], [11, 3, 0], [12, 24, 0]]
gen=[[21, 9, 0], [12, 8, 0], [12, 22, 0], [21, 9, 0], [21, 9, 0], [23, 8, 0], [4, 26, 0], [12, 22, 0], [4, 26, 0], [23, 8, 0]]
valid routes=0.004
norm-reward=1.0476425191893959
[ 24 iterations]
real=[[18, 24, 0], [28, 10, 0], [23, 28, 0], [9, 5, 0], [23, 10, 0], [28, 5, 0], [8, 24, 0], [6, 3, 0], [15, 22, 0], [11, 6, 0]]
gen=[[21, 7, 0], [12, 10, 0], [18, 0, 0], [18, 0, 0], [4, 19, 0], [4, 19, 0], [23, 8, 0], [23, 8, 0], [4, 19, 0], [4, 18, 0]]
valid routes=0.0
norm-reward=1.009409469207635
[ 25 iterations]
real=[[21, 11, 0], [9, 8, 0], [8, 28, 0], [2, 10, 0], [9, 14, 0], [2, 11, 0], [26, 2, 0], [7, 13, 0], [20, 15, 0], [7, 19, 0]]
gen=[[16, 0, 0], [4, 18, 0], [21, 7, 0], [19, 4, 0], [4, 0, 0], [4, 18, 0], [23, 3, 0], [12, 13, 0], [19, 4, 0], [4, 18, 0]]
valid routes=0.002
norm-reward=1.0482406608014168
[ 26 iterations]
real=[[9, 3, 0], [18, 28, 0], [17, 0, 0], [19, 27, 0], [6, 5, 0], [26, 8, 0], [22, 28, 0], [18, 3, 0], [18, 3, 0], [1, 13, 0]]
gen=[[4, 24, 0], [16, 25, 0], [16, 25, 0], [12, 25, 0], [23, 25, 0], [12, 6, 0], [4, 24, 0], [12, 13, 0], [21, 7, 0], [21, 16, 0]]
valid routes=0.001
norm-reward=1.124184813384695
[ 27 iterations]
real=[[18, 10, 0], [19, 1, 0], [26, 25, 0], [18, 6, 0], [12, 24, 0], [12, 14, 0], [16, 24, 0], [1, 26, 0], [1, 3, 0], [9, 14, 0]]
gen=[[21, 10, 0], [23, 28, 0], [23, 28, 0], [12, 10, 0], [19, 28, 0], [12, 15, 28], [21, 10, 0], [21, 22, 0], [12, 28, 0], [21, 22, 0]]
valid routes=0.004
norm-reward=1.145905516485229
[ 28 iterations]
real=[[16, 22, 0], [9, 16, 0], [12, 27, 0], [20, 16, 0], [27, 8, 0], [12, 6, 0], [16, 15, 0], [17, 5, 0], [7, 24, 0], [7, 13, 0]]
gen=[[23, 4, 0], [4, 27, 0], [4, 5, 0], [12, 5, 0], [21, 15, 0], [12, 5, 0], [21, 18, 0], [12, 5, 0], [21, 18, 0], [21, 18, 0]]
valid routes=0.004
norm-reward=1.090098776991794
[ 29 iterations]
real=[[7, 18, 0], [12, 4, 0], [7, 14, 0], [4, 23, 0], [7, 1, 0], [19, 5, 0], [7, 26, 0], [9, 8, 0], [17, 23, 0], [1, 5, 0]]
gen=[[12, 15, 0], [23, 23, 0], [12, 22, 0], [21, 10, 0], [12, 15, 0], [21, 10, 0], [12, 23, 0], [21, 12, 0], [12, 22, 0], [12, 23, 0]]
valid routes=0.002
norm-reward=1.0232853196314262
[ 30 iterations]
real=[[21, 16, 0], [27, 28, 0], [19, 22, 0], [27, 13, 0], [17, 3, 0], [20, 6, 0], [24, 5, 0], [15, 27, 0], [2, 3, 0], [20, 2, 0]]
gen=[[12, 28, 0], [16, 14, 0], [21, 14, 0], [4, 14, 0], [23, 16, 0], [21, 12, 0], [21, 12, 0], [12, 15, 0], [21, 12, 0], [21, 13, 0]]
valid routes=0.003
norm-reward=1.0084371641411405
[ 31 iterations]
real=[[14, 10, 0], [20, 6, 0], [8, 10, 0], [19, 26, 0], [15, 28, 0], [2, 11, 0], [14, 18, 0], [16, 13, 0], [6, 5, 0], [25, 5, 0]]
gen=[[12, 15, 0], [12, 24, 0], [21, 15, 0], [21, 14, 0], [21, 27, 0], [12, 18, 0], [21, 14, 0], [4, 24, 0], [23, 25, 0], [12, 25, 0]]
valid routes=0.004
norm-reward=1.151685323915561
[ 32 iterations]
real=[[23, 15, 0], [17, 22, 0], [21, 12, 0], [24, 0, 0], [14, 15, 0], [13, 10, 0], [19, 0, 0], [19, 4, 0], [2, 5, 0], [6, 3, 0]]
gen=[[21, 7, 0], [12, 5, 0], [21, 26, 0], [19, 26, 0], [23, 5, 0], [21, 26, 0], [12, 6, 0], [19, 22, 0], [4, 6, 0], [21, 26, 0]]
valid routes=0.003
norm-reward=1.1338003758779553
[ 33 iterations]
real=[[16, 28, 0], [7, 2, 0], [12, 14, 0], [2, 10, 0], [18, 13, 0], [15, 5, 0], [10, 3, 0], [4, 5, 0], [11, 3, 0], [12, 24, 0]]
gen=[[4, 6, 0], [21, 7, 0], [12, 13, 0], [21, 7, 0], [12, 7, 0], [4, 24, 0], [19, 22, 0], [21, 13, 0], [23, 22, 0], [4, 24, 0]]
valid routes=0.002
norm-reward=1.075148453505926
[ 34 iterations]
real=[[18, 24, 0], [28, 10, 0], [23, 28, 0], [9, 5, 0], [23, 10, 0], [28, 5, 0], [8, 24, 0], [6, 3, 0], [15, 22, 0], [11, 6, 0]]
gen=[[21, 2, 0], [23, 18, 0], [21, 2, 0], [23, 3, 0], [23, 3, 0], [27, 3, 0], [12, 27, 0], [21, 2, 0], [19, 3, 0], [4, 27, 0]]
valid routes=0.003
norm-reward=1.181079941472017
[ 35 iterations]
real=[[21, 11, 0], [9, 8, 0], [8, 28, 0], [2, 10, 0], [9, 14, 0], [2, 11, 0], [26, 2, 0], [7, 13, 0], [20, 15, 0], [7, 19, 0]]
gen=[[23, 23, 0], [21, 2, 0], [23, 3, 0], [21, 18, 0], [4, 3, 0], [23, 23, 0], [23, 6, 0], [4, 6, 0], [12, 23, 0], [18, 0, 0]]
valid routes=0.001
norm-reward=0.9901027423746261
[ 36 iterations]
real=[[9, 3, 0], [18, 28, 0], [17, 0, 0], [19, 27, 0], [6, 5, 0], [26, 8, 0], [22, 28, 0], [18, 3, 0], [18, 3, 0], [1, 13, 0]]
gen=[[4, 24, 0], [4, 27, 0], [19, 4, 0], [12, 6, 0], [27, 24, 0], [12, 25, 0], [23, 4, 0], [21, 18, 0], [18, 14, 0], [21, 6, 0]]
valid routes=0.0
norm-reward=1.0053509193760595
[ 37 iterations]
real=[[18, 10, 0], [19, 1, 0], [26, 25, 0], [18, 6, 0], [12, 24, 0], [12, 14, 0], [16, 24, 0], [1, 26, 0], [1, 3, 0], [9, 14, 0]]
gen=[[21, 6, 0], [27, 14, 0], [4, 13, 0], [4, 13, 0], [19, 14, 0], [19, 14, 0], [4, 28, 0], [27, 28, 0], [21, 6, 0], [23, 13, 0]]
valid routes=0.005
norm-reward=1.0207549177119157
[ 38 iterations]
real=[[16, 22, 0], [9, 16, 0], [12, 27, 0], [20, 16, 0], [27, 8, 0], [12, 6, 0], [16, 15, 0], [17, 5, 0], [7, 24, 0], [7, 13, 0]]
gen=[[12, 18, 0], [21, 10, 0], [12, 2, 0], [4, 13, 0], [19, 0, 0], [12, 19, 0], [4, 18, 0], [27, 24, 0], [21, 18, 0], [27, 24, 0]]
valid routes=0.002
norm-reward=1.0747278281089532
[ 39 iterations]
real=[[7, 18, 0], [12, 4, 0], [7, 14, 0], [4, 23, 0], [7, 1, 0], [19, 5, 0], [7, 26, 0], [9, 8, 0], [17, 23, 0], [1, 5, 0]]
gen=[[4, 27, 0], [23, 5, 0], [22, 26, 0], [21, 18, 0], [27, 5, 0], [23, 5, 0], [21, 6, 0], [21, 10, 0], [12, 19, 0], [4, 27, 0]]
valid routes=0.002
norm-reward=1.1195438294978644
[ 40 iterations]
real=[[21, 16, 0], [27, 28, 0], [19, 22, 0], [27, 13, 0], [17, 3, 0], [20, 6, 0], [24, 5, 0], [15, 27, 0], [2, 3, 0], [20, 2, 0]]
gen=[[4, 28, 0], [21, 23, 0], [23, 5, 0], [19, 22, 0], [21, 6, 0], [19, 22, 0], [27, 26, 0], [19, 26, 0], [21, 23, 0], [21, 18, 0]]
valid routes=0.002
norm-reward=1.0665741195645078
[ 41 iterations]
real=[[14, 10, 0], [20, 6, 0], [8, 10, 0], [19, 26, 0], [15, 28, 0], [2, 11, 0], [14, 18, 0], [16, 13, 0], [6, 5, 0], [25, 5, 0]]
gen=[[19, 5, 0], [12, 16, 0], [12, 23, 0], [4, 28, 0], [19, 3, 0], [23, 8, 0], [23, 8, 0], [12, 23, 0], [19, 5, 0], [27, 3, 0]]
valid routes=0.002
norm-reward=1.0802923240184124
[ 42 iterations]
real=[[23, 15, 0], [17, 22, 0], [21, 12, 0], [24, 0, 0], [14, 15, 0], [13, 10, 0], [19, 0, 0], [19, 4, 0], [2, 5, 0], [6, 3, 0]]
gen=[[23, 13, 0], [19, 25, 0], [19, 25, 0], [21, 23, 0], [12, 19, 0], [27, 10, 0], [21, 23, 0], [4, 13, 0], [19, 10, 0], [27, 10, 0]]
valid routes=0.002
norm-reward=1.044056534910157
[ 43 iterations]
real=[[16, 28, 0], [7, 2, 0], [12, 14, 0], [2, 10, 0], [18, 13, 0], [15, 5, 0], [10, 3, 0], [4, 5, 0], [11, 3, 0], [12, 24, 0]]
gen=[[21, 22, 0], [19, 10, 0], [21, 6, 0], [12, 7, 0], [19, 4, 0], [23, 8, 0], [12, 7, 0], [4, 28, 0], [19, 4, 0], [19, 14, 0]]
valid routes=0.003
norm-reward=1.018377626148789
[ 44 iterations]
real=[[18, 24, 0], [28, 10, 0], [23, 28, 0], [9, 5, 0], [23, 10, 0], [28, 5, 0], [8, 24, 0], [6, 3, 0], [15, 22, 0], [11, 6, 0]]
gen=[[27, 28, 0], [19, 28, 0], [23, 10, 0], [19, 25, 0], [4, 28, 0], [4, 6, 0], [23, 8, 0], [19, 4, 0], [23, 6, 0], [12, 16, 0]]
valid routes=0.002
norm-reward=1.0578909992917136
[ 45 iterations]
real=[[21, 11, 0], [9, 8, 0], [8, 28, 0], [2, 10, 0], [9, 14, 0], [2, 11, 0], [26, 2, 0], [7, 13, 0], [20, 15, 0], [7, 19, 0]]
gen=[[19, 10, 0], [19, 4, 0], [21, 18, 0], [19, 25, 0], [27, 23, 0], [19, 25, 0], [23, 10, 0], [12, 16, 0], [27, 23, 0], [23, 10, 0]]
valid routes=0.001
norm-reward=1.0019154678530515
[ 46 iterations]
real=[[9, 3, 0], [18, 28, 0], [17, 0, 0], [19, 27, 0], [6, 5, 0], [26, 8, 0], [22, 28, 0], [18, 3, 0], [18, 3, 0], [1, 13, 0]]
gen=[[18, 3, 0], [12, 27, 0], [21, 6, 0], [19, 4, 0], [4, 10, 0], [19, 10, 0], [19, 25, 0], [27, 28, 0], [27, 3, 0], [12, 8, 0]]
valid routes=0.0
norm-reward=1.0428298253212938
[ 47 iterations]
real=[[18, 10, 0], [19, 1, 0], [26, 25, 0], [18, 6, 0], [12, 24, 0], [12, 14, 0], [16, 24, 0], [1, 26, 0], [1, 3, 0], [9, 14, 0]]
gen=[[4, 6, 0], [21, 22, 0], [4, 24, 0], [23, 27, 0], [12, 8, 0], [19, 25, 0], [4, 27, 0], [4, 27, 0], [23, 10, 0], [19, 10, 0]]
valid routes=0.004
norm-reward=1.0806430113944139
[ 48 iterations]
real=[[16, 22, 0], [9, 16, 0], [12, 27, 0], [20, 16, 0], [27, 8, 0], [12, 6, 0], [16, 15, 0], [17, 5, 0], [7, 24, 0], [7, 13, 0]]
gen=[[4, 18, 0], [21, 6, 0], [23, 6, 0], [23, 8, 0], [19, 4, 0], [12, 6, 0], [12, 8, 0], [19, 4, 0], [27, 18, 0], [21, 6, 0]]
valid routes=0.003
norm-reward=1.0367273675868203
[ 49 iterations]
real=[[7, 18, 0], [12, 4, 0], [7, 14, 0], [4, 23, 0], [7, 1, 0], [19, 5, 0], [7, 26, 0], [9, 8, 0], [17, 23, 0], [1, 5, 0]]
gen=[[19, 10, 0], [4, 13, 0], [21, 7, 0], [4, 10, 0], [23, 25, 0], [19, 10, 0], [23, 22, 0], [12, 8, 0], [23, 18, 0], [4, 6, 0]]
valid routes=0.002
norm-reward=1.0659763738964272
