data_file: output/6city_exp1.data
prob_file: output/6city_exp1.prob
read problem
[schedule ins] paired_dist [[0.0, 1.0, 3.0, 6.0, 4.0, 3.0], [1.0, 0.0, 2.0, 5.0, 3.0, 2.0], [3.0, 2.0, 0.0, 3.0, 1.0, 3.0], [6.0, 5.0, 3.0, 0.0, 4.0, 6.0], [4.0, 3.0, 1.0, 4.0, 0.0, 4.0], [3.0, 2.0, 3.0, 6.0, 4.0, 0.0]]
[schedule ins] startp 0
[schedule ins] endp 0
[schedule ins] max_duration 25.0
[schedule ins] max_stops 5
[schedule ins] rewards [[0.0, 5.0, 1.0, 1.0, 1.0, 1.0], [0.0, 2.0, 7.0, 2.0, 2.0, 2.0], [0.0, 3.0, 3.0, 8.0, 3.0, 3.0], [0.0, 2.0, 2.0, 2.0, 10, 2.0], [0.0, 3.0, 3.0, 3.0, 3.0, 9.0], [0.0, 0.0, 0.0, 0.0, 0.0, 0.0]]
[schedule ins] num_locs 6
[test data_gen] next_data= [[[0. 1. 0. 0. 0. 0.]
  [0. 1. 0. 0. 0. 0.]
  [0. 1. 0. 0. 0. 0.]]

 [[0. 0. 1. 0. 0. 0.]
  [0. 0. 0. 0. 0. 1.]
  [0. 0. 1. 0. 0. 0.]]

 [[0. 0. 0. 1. 0. 0.]
  [0. 0. 0. 1. 0. 0.]
  [0. 0. 0. 1. 0. 0.]]

 [[0. 0. 0. 0. 1. 0.]
  [0. 0. 0. 0. 1. 0.]
  [0. 0. 0. 0. 1. 0.]]

 [[0. 0. 0. 0. 0. 1.]
  [1. 0. 0. 0. 0. 0.]
  [0. 0. 0. 0. 0. 1.]]

 [[1. 0. 0. 0. 0. 0.]
  [1. 0. 0. 0. 0. 0.]
  [1. 0. 0. 0. 0. 0.]]]
[test data_gen] next_visit= [[1. 1. 1. 1. 1. 1.]
 [1. 1. 0. 1. 1. 1.]
 [1. 1. 1. 1. 1. 1.]]
NumLayer 7
L 1 6
N 6 1 6
a 1 2 3 4 5 0
n 5 7 8 9 10 0
e 1.0 3.0 6.0 4.0 3.0 0.0
l 1.0 3.0 6.0 4.0 3.0 0.0
ad
sd
au 0
su 0 1 2 3 4 5
L 5 5 7 8 9 10
N 5 1 5
a 2 3 4 5 0
n 4 11 12 13 0
e 3.0 6.0 4.0 3.0 2.0
l 3.0 6.0 4.0 3.0 0.0
ad 1
sd 1
au 0
su 0 1 2 3 4 5
N 7 1 5
a 1 3 4 5 0
n 4 14 15 16 0
e 5.0 6.0 4.0 6.0 6.0
l 1.0 6.0 4.0 3.0 0.0
ad 2
sd 2
au 0
su 0 1 2 3 4 5
N 8 1 5
a 1 2 4 5 0
n 11 14 17 18 0
e 11.0 9.0 10.0 12.0 12.0
l 1.0 3.0 4.0 3.0 0.0
ad 3
sd 3
au 0
su 0 1 2 3 4 5
N 9 1 5
a 1 2 3 5 0
n 12 15 17 19 0
e 7.0 5.0 8.0 8.0 8.0
l 1.0 3.0 6.0 3.0 0.0
ad 4
sd 4
au 0
su 0 1 2 3 4 5
N 10 1 5
a 1 2 3 4 0
n 13 16 18 19 0
e 5.0 6.0 9.0 7.0 6.0
l 1.0 3.0 6.0 4.0 0.0
ad 5
sd 5
au 0
su 0 1 2 3 4 5
L 10 4 11 12 13 14 15 16 17 18 19
N 4 2 4
a 3 4 5 0
n 3 20 21 0
e 6.0 4.0 6.0 6.0
l 6.0 4.0 3.0 0.0
ad 1 2
sd 1 2
au 0
su 0 1 2 3 4 5
N 11 2 4
a 2 4 5 0
n 3 22 23 0
e 9.0 10.0 12.0 12.0
l 3.0 4.0 3.0 0.0
ad 1 3
sd 1 3
au 0
su 0 1 2 3 4 5
N 12 2 4
a 2 3 5 0
n 20 22 24 0
e 5.0 8.0 8.0 8.0
l 3.0 6.0 3.0 0.0
ad 1 4
sd 1 4
au 0
su 0 1 2 3 4 5
N 13 2 4
a 2 3 4 0
n 21 23 24 0
e 6.0 9.0 7.0 6.0
l 3.0 6.0 4.0 0.0
ad 1 5
sd 1 5
au 0
su 0 1 2 3 4 5
N 14 2 4
a 1 4 5 0
n 3 25 26 0
e 11.0 10.0 12.0 12.0
l 1.0 4.0 3.0 0.0
ad 2 3
sd 2 3
au 0
su 0 1 2 3 4 5
N 15 2 4
a 1 3 5 0
n 20 25 27 0
e 7.0 8.0 8.0 8.0
l 1.0 6.0 3.0 0.0
ad 2 4
sd 2 4
au 0
su 0 1 2 3 4 5
N 16 2 4
a 1 3 4 0
n 21 26 27 0
e 8.0 9.0 7.0 9.0
l 1.0 6.0 4.0 0.0
ad 2 5
sd 2 5
au 0
su 0 1 2 3 4 5
N 17 2 4
a 1 2 5 0
n 22 25 28 0
e 13.0 11.0 14.0 14.0
l 1.0 3.0 3.0 0.0
ad 3 4
sd 3 4
au 0
su 0 1 2 3 4 5
N 18 2 4
a 1 2 4 0
n 23 26 28 0
e 14.0 12.0 13.0 15.0
l 1.0 3.0 4.0 0.0
ad 3 5
sd 3 5
au 0
su 0 1 2 3 4 5
N 19 2 4
a 1 2 3 0
n 24 27 28 0
e 10.0 8.0 11.0 11.0
l 1.0 3.0 6.0 0.0
ad 4 5
sd 4 5
au 0
su 0 1 2 3 4 5
L 10 3 20 21 22 23 24 25 26 27 28
N 3 3 3
a 4 5 0
n 2 29 0
e 10.0 12.0 12.0
l 4.0 3.0 0.0
ad 1 2 3
sd 1 2 3
au 0
su 0 1 2 3 4 5
N 20 3 3
a 3 5 0
n 2 30 0
e 8.0 8.0 8.0
l 6.0 3.0 0.0
ad 1 2 4
sd 1 2 4
au 0
su 0 1 2 3 4 5
N 21 3 3
a 3 4 0
n 29 30 0
e 9.0 7.0 9.0
l 6.0 4.0 0.0
ad 1 2 5
sd 1 2 5
au 0
su 0 1 2 3 4 5
N 22 3 3
a 2 5 0
n 2 31 0
e 11.0 14.0 14.0
l 3.0 3.0 0.0
ad 1 3 4
sd 1 3 4
au 0
su 0 1 2 3 4 5
N 23 3 3
a 2 4 0
n 29 31 0
e 12.0 13.0 15.0
l 3.0 4.0 0.0
ad 1 3 5
sd 1 3 5
au 0
su 0 1 2 3 4 5
N 24 3 3
a 2 3 0
n 30 31 0
e 8.0 11.0 11.0
l 3.0 6.0 0.0
ad 1 4 5
sd 1 4 5
au 0
su 0 1 2 3 4 5
N 25 3 3
a 1 5 0
n 2 32 0
e 13.0 14.0 14.0
l 1.0 3.0 0.0
ad 2 3 4
sd 2 3 4
au 0
su 0 1 2 3 4 5
N 26 3 3
a 1 4 0
n 29 32 0
e 14.0 13.0 15.0
l 1.0 4.0 0.0
ad 2 3 5
sd 2 3 5
au 0
su 0 1 2 3 4 5
N 27 3 3
a 1 3 0
n 30 32 0
e 10.0 11.0 11.0
l 1.0 6.0 0.0
ad 2 4 5
sd 2 4 5
au 0
su 0 1 2 3 4 5
N 28 3 3
a 1 2 0
n 31 32 0
e 16.0 14.0 17.0
l 1.0 3.0 0.0
ad 3 4 5
sd 3 4 5
au 0
su 0 1 2 3 4 5
L 5 2 29 30 31 32
N 2 4 2
a 5 0
n 1 0
e 14.0 14.0
l 3.0 0.0
ad 1 2 3 4
sd 1 2 3 4
au 0
su 0 5
N 29 4 2
a 4 0
n 1 0
e 13.0 15.0
l 4.0 0.0
ad 1 2 3 5
sd 1 2 3 5
au 0
su 0 4
N 30 4 2
a 3 0
n 1 0
e 11.0 11.0
l 6.0 0.0
ad 1 2 4 5
sd 1 2 4 5
au 0
su 0 3
N 31 4 2
a 2 0
n 1 0
e 14.0 17.0
l 3.0 0.0
ad 1 3 4 5
sd 1 3 4 5
au 0
su 0 2
N 32 4 2
a 1 0
n 1 0
e 16.0 17.0
l 1.0 0.0
ad 2 3 4 5
sd 2 3 4 5
au 0
su 0 1
L 1 1
N 1 5 1
a 0
n 0
e 17.0
l 0.0
ad 1 2 3 4 5
sd 1 2 3 4 5
au 0
su 0
L 1 0
N 0 32 1
a 0
n 0
e
l
ad 0
sd 0 1 2 3 4 5
au 0
su 0
[Parameters for discriminator] <generator object Module.parameters at 0x7fd60e14d1a8>
  D param Parameter containing:
tensor([[-9.7265e-02,  3.7240e-02,  3.7817e-03, -6.1651e-02, -5.4947e-02,
          4.3033e-02],
        [ 6.8539e-02, -8.7711e-02,  4.3127e-02,  5.8676e-02, -3.5245e-02,
          6.9243e-02],
        [ 8.4359e-02,  9.0605e-03,  6.2567e-02, -3.2007e-02, -8.2335e-02,
          8.2170e-02],
        [-1.5980e-02,  4.4593e-02,  7.8055e-02,  9.3901e-02, -8.6385e-02,
          5.9892e-02],
        [ 3.2940e-02,  7.4069e-02,  5.4660e-03, -8.9604e-02,  6.8665e-02,
          7.5114e-02],
        [-3.2152e-02, -6.8850e-02, -7.3154e-02,  2.1290e-03,  3.7745e-03,
         -9.1115e-02],
        [ 2.0204e-02, -8.2660e-02,  3.0903e-02, -7.0738e-02, -1.6429e-02,
          3.3193e-02],
        [ 7.3848e-02, -6.5125e-02,  3.3164e-02, -8.9768e-02, -6.2091e-02,
          3.0401e-02],
        [-1.9587e-02,  2.4459e-02,  2.6777e-02, -7.5094e-02,  4.8736e-02,
         -5.8210e-02],
        [-1.1264e-02,  2.1651e-02, -4.3360e-02,  6.6159e-03,  6.5364e-04,
          6.8921e-02],
        [ 6.1026e-02, -6.9749e-02, -7.9088e-02, -7.8300e-02, -8.0080e-03,
         -3.3016e-02],
        [ 9.1663e-02,  7.8404e-02,  5.4184e-02,  6.8102e-02, -7.9939e-02,
         -1.7365e-02],
        [ 1.9962e-02,  7.6609e-02,  2.8799e-02, -4.0930e-02, -7.4957e-02,
          1.5057e-02],
        [ 1.3372e-02,  6.5259e-02, -4.9811e-02,  4.1605e-02,  8.2969e-03,
          2.4040e-02],
        [-3.0391e-02, -8.5649e-02, -2.4658e-02,  9.3720e-02, -2.1759e-02,
          7.2029e-02],
        [-8.2947e-02,  3.1274e-03, -6.7676e-03, -4.3603e-02,  6.6021e-02,
          4.3010e-02],
        [-9.0870e-02,  2.6256e-02, -7.2989e-02,  3.4404e-02, -9.8593e-02,
          2.3001e-02],
        [ 7.8488e-02, -7.9727e-02,  3.2759e-02, -9.8589e-02, -5.2933e-02,
         -5.7862e-02],
        [ 1.7871e-02,  5.7191e-02,  8.0520e-02, -2.9609e-02,  9.0817e-02,
          6.5826e-02],
        [ 9.3054e-02, -4.7083e-03,  1.9896e-03, -3.5962e-02,  6.0493e-02,
          4.8783e-02],
        [ 9.4139e-02,  8.7559e-02, -4.8740e-02, -5.0752e-02, -1.3203e-02,
          8.9077e-02],
        [ 7.3184e-02,  6.5061e-03, -1.6458e-02,  2.1670e-02, -1.1143e-02,
          4.4888e-02],
        [ 3.0463e-02, -2.5845e-02, -8.5388e-02, -2.8119e-02,  2.2212e-02,
         -8.8559e-02],
        [-9.7042e-03, -4.3875e-02, -6.2883e-02, -1.1933e-02,  4.8058e-02,
         -7.7718e-02],
        [-5.4424e-03,  4.9961e-02,  2.4305e-02, -7.7410e-02,  4.5797e-02,
         -5.3616e-03],
        [-3.4902e-02,  9.4180e-02,  4.6326e-02, -9.3929e-02, -9.6288e-02,
          2.5152e-02],
        [-9.1294e-02, -4.6337e-02, -2.4339e-02, -9.3179e-02,  9.5865e-02,
         -2.9182e-02],
        [ 7.1136e-02,  2.5048e-02,  4.6412e-02, -1.9411e-02, -9.1942e-03,
         -7.7032e-02],
        [-1.5699e-02, -5.8769e-02, -9.6080e-02, -1.8317e-02,  3.3226e-02,
          5.6124e-02],
        [ 3.7052e-02, -2.0158e-02, -3.4229e-02, -5.0837e-02,  9.2227e-02,
         -9.1298e-02],
        [-1.1343e-03, -9.0827e-02,  3.2842e-02, -5.2324e-02,  9.8812e-02,
         -7.8453e-03],
        [-6.0022e-03,  4.8315e-02,  4.9043e-02, -1.0516e-02, -9.1157e-02,
         -9.1818e-02],
        [ 3.1755e-02, -6.9272e-02,  7.6826e-04, -5.1734e-02,  2.3601e-02,
          4.3266e-02],
        [ 2.9596e-02, -3.8396e-02, -3.8264e-02,  2.7064e-02, -6.8846e-02,
          1.9896e-02],
        [ 6.4903e-02, -1.6797e-02, -7.1883e-02,  7.7118e-03, -8.7357e-02,
         -8.3319e-03],
        [ 5.1594e-02,  4.0070e-02, -4.2567e-02, -9.0934e-02, -6.6066e-02,
          4.6650e-02],
        [-2.3649e-02,  3.3827e-02,  2.8851e-02, -2.9452e-02,  3.4024e-02,
          6.9673e-02],
        [-7.4593e-02,  1.7775e-02,  6.8397e-02,  9.1396e-02,  1.6537e-02,
         -6.3055e-02],
        [ 1.7370e-02, -9.1275e-02,  2.5973e-02, -5.6787e-02,  5.5871e-02,
         -8.0535e-02],
        [ 2.4795e-02,  6.6045e-02,  5.0235e-03,  8.8816e-02, -4.6493e-02,
         -7.6695e-02],
        [ 6.6174e-02, -7.3825e-02,  4.5183e-02, -2.2937e-02,  3.8501e-02,
          3.7599e-02],
        [-7.0193e-02, -1.8826e-02,  1.1791e-02, -2.2945e-03,  6.4960e-03,
         -7.5727e-02],
        [ 4.3561e-02,  7.6776e-02, -2.6271e-02,  1.1229e-02, -4.7285e-02,
          9.5995e-02],
        [ 8.6732e-02,  6.6129e-02,  2.9249e-02,  1.2847e-03, -7.9820e-02,
          4.2951e-02],
        [ 6.2372e-02,  6.2163e-02,  4.4622e-02, -2.5658e-02,  1.8392e-02,
         -6.8576e-02],
        [ 8.1122e-02,  5.7850e-02,  2.7813e-02,  3.4420e-02, -5.0781e-02,
          3.7086e-02],
        [ 5.9787e-02,  5.7692e-02,  5.1407e-02, -6.3008e-02,  7.3873e-02,
          7.5122e-03],
        [ 9.0561e-02, -2.1330e-02,  7.3437e-02,  6.5448e-02, -5.7503e-02,
          8.0953e-02],
        [-5.2639e-02,  7.7630e-02, -9.5014e-02,  3.4311e-02, -3.3936e-02,
          3.0826e-03],
        [ 9.6302e-02,  7.0213e-02,  1.0359e-02, -5.4412e-02, -6.1138e-02,
          6.2523e-02],
        [-6.8471e-02,  4.7314e-02, -3.0885e-02,  2.0247e-02,  1.1850e-02,
          4.4706e-02],
        [ 3.7832e-02,  7.9863e-02,  9.6190e-02,  8.8437e-02,  1.0598e-02,
          1.9859e-02],
        [-5.5186e-02,  4.6062e-02, -3.4428e-02, -7.5542e-02,  9.2025e-02,
         -9.2410e-02],
        [ 2.8672e-02, -8.7757e-02,  8.6174e-02,  2.4378e-02,  4.7761e-02,
          3.3787e-02],
        [ 2.3311e-02, -8.6012e-02, -6.1064e-02,  2.3757e-02, -3.9549e-02,
         -7.9416e-02],
        [ 5.2435e-02, -8.7933e-02, -5.1598e-02, -2.3200e-02,  4.1139e-03,
         -6.9679e-02],
        [-8.3169e-02,  1.4554e-02,  6.7745e-02,  1.8293e-02,  4.7447e-03,
         -4.2444e-03],
        [ 2.3349e-02, -9.4600e-02,  9.5095e-02,  1.9392e-02,  9.9669e-02,
         -9.5560e-02],
        [ 7.9842e-02, -6.2725e-02, -6.7895e-02,  4.5503e-02,  6.1607e-02,
         -1.4890e-02],
        [ 7.9127e-02,  5.0461e-02, -9.2867e-02, -6.1352e-02,  7.4677e-02,
         -3.0318e-02],
        [ 3.0940e-02,  8.7162e-02,  3.3962e-02, -9.5043e-02,  4.7878e-03,
          9.8887e-03],
        [-1.9189e-02,  2.4872e-02, -1.7511e-02, -2.0391e-02, -2.4074e-02,
          9.5560e-02],
        [ 5.3208e-02, -9.4166e-03, -5.3698e-02, -1.6736e-02, -6.1460e-02,
         -9.0819e-02],
        [ 5.1492e-02, -8.9416e-02, -7.3368e-02,  1.3390e-02, -7.7887e-03,
         -4.3177e-02],
        [ 2.3762e-03,  8.6725e-02, -7.1277e-04,  7.6731e-02,  1.0311e-02,
         -5.0782e-02],
        [-5.9195e-02,  8.6455e-02, -4.1562e-02, -1.3210e-02, -3.4137e-02,
         -1.2045e-02],
        [-9.0075e-02,  3.9010e-03, -7.7376e-02, -4.2500e-02,  9.4589e-02,
          9.3082e-02],
        [-2.5103e-02, -9.7270e-02, -6.9934e-02, -4.8167e-02,  8.9795e-02,
         -9.1949e-02],
        [-2.1617e-02, -9.3022e-02, -5.5283e-02, -6.5120e-02,  5.6724e-03,
          4.0312e-02],
        [-3.7978e-02, -6.4757e-02, -4.2471e-02, -1.2630e-03,  7.8926e-02,
         -2.8352e-02],
        [-9.1691e-02,  4.0706e-02, -6.4249e-02,  3.9023e-02, -2.4338e-02,
         -3.4484e-03],
        [-8.8060e-03,  2.3996e-02, -2.1131e-02, -9.3228e-02, -6.0864e-02,
         -7.0541e-02],
        [ 6.2024e-02, -8.2787e-02,  7.8967e-02, -4.0991e-02, -8.6019e-02,
         -9.6412e-02],
        [ 6.2939e-02,  4.6337e-02, -1.3381e-02,  4.2484e-02, -8.7391e-02,
          3.0907e-02],
        [ 6.3877e-03, -4.8215e-02,  1.6729e-02,  1.2936e-02,  6.1711e-02,
         -8.4094e-03],
        [ 5.5068e-02, -2.4812e-02, -5.0737e-02,  6.7546e-02,  4.0501e-02,
          4.2538e-02],
        [-9.7652e-02, -2.1286e-02, -9.2337e-02, -7.3614e-02,  5.7854e-02,
          4.1759e-02],
        [ 3.9666e-02, -6.3263e-02,  7.8332e-02,  7.0726e-02,  3.0721e-02,
          8.5392e-02],
        [-4.6693e-03, -7.1718e-02,  8.3597e-02, -8.1917e-02, -9.3205e-02,
          4.6240e-02],
        [ 9.6008e-02,  8.1812e-02,  9.3767e-02, -4.9327e-02,  6.4356e-03,
          9.5885e-02],
        [-4.0059e-02, -5.8687e-02, -1.8959e-02, -3.5682e-02, -8.2677e-02,
         -6.1635e-02],
        [-5.2223e-02, -4.6030e-02, -9.0542e-02, -4.0847e-02, -8.7357e-02,
         -2.3746e-02],
        [-8.7004e-02, -1.8682e-02,  6.8370e-02,  3.9684e-02,  3.8112e-03,
          2.6303e-02],
        [ 8.7093e-02, -8.0473e-02,  6.6301e-02, -6.2198e-02, -5.7048e-02,
         -1.2334e-02],
        [-5.6530e-02, -8.6909e-02, -2.1273e-02,  9.0013e-02, -6.2032e-02,
         -3.3672e-02],
        [ 9.2301e-02, -1.7253e-02, -2.3117e-02, -9.4469e-02, -2.0059e-02,
         -2.4489e-02],
        [ 9.4283e-02, -7.8964e-02,  3.9949e-02, -5.0587e-02, -1.7907e-02,
         -5.0080e-02],
        [-8.1923e-03, -2.8005e-02,  2.4405e-02,  3.1124e-02,  6.5705e-02,
         -2.8670e-02],
        [ 7.5295e-02,  9.3131e-02,  5.3133e-02,  2.0968e-02, -3.2395e-02,
         -1.6615e-02],
        [ 2.6212e-02,  7.6776e-02, -5.6603e-02, -4.1880e-02, -8.5474e-02,
          5.9806e-02],
        [ 8.5222e-02, -3.1404e-02,  9.8777e-02,  4.2667e-02,  9.1647e-02,
         -5.9253e-02],
        [-2.7279e-02,  5.9229e-02, -4.3878e-02,  1.7723e-03, -1.6293e-02,
         -8.8491e-02],
        [ 9.2027e-02, -2.2117e-02,  3.7882e-02, -4.4942e-02,  8.0240e-04,
         -5.7191e-02],
        [ 6.4478e-02,  2.1543e-02,  9.0989e-02, -1.5401e-03, -8.7972e-03,
          9.2854e-02],
        [ 8.2360e-03,  3.9611e-03, -9.5344e-02,  9.6540e-02, -9.8079e-02,
         -9.9537e-02],
        [-1.7461e-02,  8.4326e-02,  7.4679e-02, -5.9652e-02,  6.9363e-02,
          4.9988e-02],
        [ 3.6119e-02, -1.8391e-02,  4.5336e-02,  4.8788e-02, -5.5757e-03,
         -6.9046e-02],
        [-8.1235e-02, -6.3110e-02,  4.5773e-02, -5.5003e-02, -2.2945e-02,
         -8.9283e-02],
        [-2.8689e-02, -6.0069e-02, -9.3123e-02,  5.8401e-02, -4.2281e-02,
          7.4612e-02],
        [ 2.9655e-02,  5.7152e-02, -1.2758e-02,  1.9752e-02, -7.6018e-05,
          1.9147e-02]], requires_grad=True)
  D param Parameter containing:
tensor([[-0.0931, -0.0804, -0.0704,  ...,  0.0652,  0.0272, -0.0805],
        [-0.0057,  0.0064,  0.0274,  ..., -0.0394,  0.0459,  0.0466],
        [-0.0729,  0.0146,  0.0132,  ...,  0.0986, -0.0407, -0.0929],
        ...,
        [ 0.0526, -0.0146, -0.0802,  ...,  0.0933,  0.0175, -0.0409],
        [ 0.0589, -0.0160, -0.0909,  ...,  0.0914, -0.0779,  0.0227],
        [-0.0179, -0.0569, -0.0150,  ...,  0.0742,  0.0089, -0.0188]],
       requires_grad=True)
  D param Parameter containing:
tensor([ 3.3282e-03, -3.9003e-02, -9.8385e-02, -5.1825e-02, -9.6166e-02,
         4.9664e-02,  8.0372e-02, -4.3375e-02,  5.3795e-02, -2.1325e-02,
         1.7142e-02,  5.1599e-02, -5.7857e-02,  2.5012e-03, -2.8124e-02,
        -7.2389e-02,  8.1532e-02, -1.9955e-02, -4.1560e-02,  5.7152e-02,
         7.6827e-03,  2.5599e-02, -9.6784e-03, -7.7259e-02,  2.6757e-02,
         4.5399e-02, -8.6160e-04,  7.9583e-02, -1.4555e-02,  1.1978e-02,
         2.7284e-05,  4.8037e-02,  1.7148e-02,  8.0751e-02,  5.5535e-02,
        -7.5852e-02,  9.1382e-02,  6.7452e-02,  7.9584e-02,  9.3798e-02,
        -1.4073e-02, -3.3957e-02, -5.8546e-02,  6.3631e-02, -1.8577e-02,
        -2.5776e-02, -3.4443e-02,  3.5335e-02,  7.3529e-02, -4.7113e-02,
        -2.0677e-02,  9.5672e-02,  8.7752e-03,  7.4683e-02, -7.5057e-03,
         3.0057e-02, -5.3969e-02, -3.4080e-02, -1.9874e-02,  1.6001e-02,
        -1.1328e-02,  4.6521e-02,  3.0471e-02, -5.8254e-02, -6.4898e-02,
         8.0084e-02, -2.6538e-02,  3.3548e-02, -2.2678e-02,  3.6015e-02,
         8.0861e-02, -9.8235e-02,  3.6680e-02, -3.0454e-02, -7.8045e-02,
         1.3341e-02,  7.3575e-02, -1.8556e-02,  5.0326e-02,  6.1235e-02,
        -3.7514e-03,  2.7333e-02, -9.5398e-02,  6.3120e-02,  5.4374e-02,
        -6.1497e-02, -3.1891e-02, -3.7038e-02, -6.5769e-02, -3.3337e-02,
         1.1421e-02, -5.6216e-02, -4.0465e-02, -9.3735e-02, -5.1378e-02,
         8.4822e-02, -7.2521e-02,  7.4942e-02, -5.7387e-02,  1.0506e-02],
       requires_grad=True)
  D param Parameter containing:
tensor([-0.0795, -0.0380, -0.0533, -0.0326, -0.0376, -0.0638,  0.0344,  0.0051,
         0.0615, -0.0443,  0.0607, -0.0595, -0.0386,  0.0328, -0.0836,  0.0759,
         0.0268, -0.0319, -0.0236,  0.0092,  0.0678, -0.0011, -0.0630, -0.0300,
        -0.0441, -0.0611,  0.0825,  0.0139,  0.0717,  0.0974, -0.0670, -0.0896,
         0.0336, -0.0160,  0.0816, -0.0666,  0.0321, -0.0263,  0.0919,  0.0765,
         0.0521,  0.0441, -0.0349,  0.0614,  0.0925,  0.0369, -0.0831, -0.0466,
        -0.0560,  0.0903,  0.0658, -0.0860, -0.0242,  0.0975, -0.0459, -0.0864,
        -0.0651, -0.0540,  0.0361,  0.0548,  0.0847, -0.0075, -0.0553, -0.0479,
         0.0303,  0.0467, -0.0860,  0.0298, -0.0586,  0.0018,  0.0999,  0.0103,
        -0.0427,  0.0362,  0.0410, -0.0233, -0.0367,  0.0071, -0.0386, -0.0006,
        -0.0051, -0.0876,  0.0656,  0.0122,  0.0092, -0.0144,  0.0209,  0.0393,
        -0.0217, -0.0026,  0.0218,  0.0160, -0.0132, -0.0579, -0.0972,  0.0569,
         0.0336,  0.0077, -0.0117, -0.0095], requires_grad=True)
  D param Parameter containing:
tensor([[-0.0128, -0.0037, -0.0207,  0.0958,  0.0123,  0.0852,  0.0881, -0.0528,
          0.0754,  0.0701,  0.0023,  0.0952, -0.0973,  0.0292,  0.0569, -0.0812,
         -0.0065, -0.0657,  0.0029, -0.0667,  0.0340,  0.0605,  0.0913,  0.0117,
         -0.0889,  0.0904, -0.0241,  0.0316, -0.0241, -0.0152, -0.0355, -0.0583,
          0.0643, -0.0919,  0.0161, -0.0596,  0.0544, -0.0824,  0.0467, -0.0432,
         -0.0026,  0.0252, -0.0919,  0.0098,  0.0518, -0.0952, -0.0553, -0.0915,
          0.0081,  0.0173,  0.0133, -0.0515,  0.0267, -0.0914,  0.0954, -0.0293,
         -0.0613, -0.0738, -0.0114,  0.0549, -0.0697,  0.0534, -0.0389, -0.0790,
          0.0519,  0.0964,  0.0397, -0.0866, -0.0877,  0.0242, -0.0213, -0.0813,
          0.0081, -0.0746,  0.0942,  0.0412, -0.0105,  0.0177, -0.0446,  0.0454,
          0.0537, -0.0079,  0.0936, -0.0040,  0.0265, -0.0818, -0.0358, -0.0721,
         -0.0652,  0.0842, -0.0310,  0.0261,  0.0402,  0.0557, -0.0060,  0.0330,
         -0.0243,  0.0517,  0.0555, -0.0719]], requires_grad=True)
  D param Parameter containing:
tensor([-0.0258], requires_grad=True)
[Parameters for generator] <generator object Module.parameters at 0x7fd60e14d1a8>
  G param Parameter containing:
tensor([[ 0.0176, -0.0583, -0.0037,  ...,  0.0333, -0.0526, -0.0396],
        [-0.0616,  0.0163,  0.0518,  ..., -0.0100, -0.0916, -0.0207],
        [-0.0221,  0.0908,  0.0511,  ..., -0.0073, -0.0566,  0.0192],
        ...,
        [-0.0047, -0.0410, -0.0988,  ..., -0.0531, -0.0577,  0.0371],
        [-0.0228, -0.0687, -0.0468,  ..., -0.0826,  0.0863, -0.0766],
        [-0.0412, -0.0096, -0.0225,  ..., -0.0327, -0.0654,  0.0826]],
       requires_grad=True)
  G param Parameter containing:
tensor([[ 0.0332,  0.0207, -0.0010,  ..., -0.0926,  0.0411, -0.0268],
        [ 0.0708,  0.0935, -0.0027,  ...,  0.0039,  0.0555,  0.0180],
        [ 0.0474, -0.0559,  0.0328,  ..., -0.0418, -0.0242,  0.0645],
        ...,
        [-0.0303, -0.0252,  0.0247,  ...,  0.0265,  0.0317, -0.0091],
        [-0.0669,  0.0384, -0.0682,  ...,  0.0119, -0.0803,  0.0736],
        [ 0.0160, -0.0621, -0.0073,  ...,  0.0738, -0.0702, -0.0450]],
       requires_grad=True)
  G param Parameter containing:
tensor([-0.0570,  0.0951, -0.0720,  0.0698,  0.0711,  0.0889,  0.0656, -0.0661,
        -0.0462,  0.0272,  0.0425,  0.0097,  0.0845, -0.0056, -0.0540, -0.0254,
        -0.0831,  0.0223,  0.0979,  0.0683, -0.0470, -0.0715,  0.0452, -0.0488,
        -0.0675, -0.0368, -0.0370, -0.0806, -0.0630, -0.0399, -0.0638,  0.0563,
        -0.0853, -0.0623,  0.0537,  0.0645,  0.0791,  0.0530, -0.0458, -0.0938,
        -0.0955,  0.0913,  0.0971,  0.0990, -0.0271,  0.0653,  0.0755, -0.0295,
         0.0941, -0.0837, -0.0224,  0.0571, -0.0265, -0.0820, -0.0044,  0.0936,
        -0.0993,  0.0115, -0.0201,  0.0165, -0.0696,  0.0457, -0.0192, -0.0993,
        -0.0450,  0.0984,  0.0101,  0.0456, -0.0534, -0.0678,  0.0771,  0.0026,
        -0.0722,  0.0059, -0.0084,  0.0878,  0.0511,  0.0456,  0.0821, -0.0648,
         0.0893,  0.0035, -0.0558, -0.0274, -0.0523, -0.0943,  0.0877,  0.0654,
        -0.0459,  0.0028, -0.0537,  0.0533,  0.0192,  0.0906,  0.0247,  0.0846,
        -0.0458,  0.0897, -0.0858, -0.0028, -0.0571,  0.0413,  0.0001,  0.0035,
         0.0764,  0.0669, -0.0193, -0.0963, -0.0815, -0.0492, -0.0723,  0.0236,
        -0.0884, -0.0132, -0.0901, -0.0715,  0.0738, -0.0979, -0.0074, -0.0680,
         0.0941, -0.0010,  0.0438, -0.0519,  0.0153,  0.0511, -0.0680, -0.0825,
        -0.0639, -0.0170,  0.0996,  0.0714, -0.0378, -0.0645, -0.0304, -0.0322,
         0.0929,  0.0934, -0.0818,  0.0514, -0.0527, -0.0760,  0.0263, -0.0423,
        -0.0659,  0.0373, -0.0815,  0.0041, -0.0095,  0.0336, -0.0263, -0.0704,
        -0.0315, -0.0567,  0.0276, -0.0270,  0.0602, -0.0541,  0.0821,  0.0899,
         0.0188, -0.0670,  0.0993,  0.0639,  0.0610,  0.0856, -0.0482,  0.0274,
        -0.0948, -0.0984, -0.0545,  0.0849, -0.0452, -0.0493,  0.0486,  0.0062,
        -0.0589, -0.0168,  0.0919, -0.0631,  0.0345, -0.0439, -0.0440, -0.0980,
         0.0258,  0.0921,  0.0004,  0.0484,  0.0163,  0.0872, -0.0634, -0.0148,
         0.0021,  0.0401,  0.0060, -0.0955, -0.0449, -0.0540,  0.0223,  0.0443,
         0.0076,  0.0282, -0.0814, -0.0606,  0.0594,  0.0862,  0.0297, -0.0702,
        -0.0843, -0.0606, -0.0280, -0.0058, -0.0097, -0.0758, -0.0189, -0.0401,
         0.0855,  0.0516,  0.0854,  0.0945,  0.0711,  0.0400, -0.0038, -0.0625,
        -0.0546,  0.0745,  0.0136,  0.0039, -0.0384, -0.0578,  0.0786, -0.0540,
         0.0208,  0.0600,  0.0987, -0.0342, -0.0612,  0.0770,  0.0560, -0.0402,
         0.0990, -0.0207,  0.0756,  0.0068,  0.0635, -0.0466,  0.0348, -0.0899,
        -0.0491, -0.0159,  0.0808, -0.0613, -0.0573, -0.0492, -0.0362,  0.0058,
         0.0792,  0.0255, -0.0706,  0.0783, -0.0270, -0.0109, -0.0821, -0.0748,
        -0.0194, -0.0493, -0.0675, -0.0611, -0.0775, -0.0652, -0.0136, -0.0453,
         0.0739, -0.0386, -0.0512,  0.0995,  0.0256,  0.0797,  0.0583, -0.0224,
         0.0129, -0.0055,  0.0743, -0.0999,  0.0456,  0.0506,  0.0906,  0.0548,
         0.0252,  0.0368, -0.0987, -0.0581, -0.0536, -0.0018,  0.0919,  0.0951,
         0.0535,  0.0921,  0.0779,  0.0027, -0.0211, -0.0780,  0.0489, -0.0173,
         0.0763, -0.0410,  0.0101, -0.0708, -0.0991, -0.0927,  0.0399, -0.0098,
         0.0958, -0.0111,  0.0056,  0.0928, -0.0730,  0.0597, -0.0346,  0.0406,
         0.0880, -0.0538,  0.0151,  0.0720, -0.0036,  0.0394, -0.0298, -0.0121,
         0.0285,  0.0828, -0.0427,  0.0744,  0.0697, -0.0701, -0.0926,  0.0919,
        -0.0792,  0.0721, -0.0704, -0.0703,  0.0096,  0.0460,  0.0440, -0.0897,
         0.0210, -0.0989,  0.0180, -0.0527, -0.0195, -0.0293, -0.0165, -0.0902,
         0.0166, -0.0912, -0.0328,  0.0164, -0.0989,  0.0209, -0.0116,  0.0891,
        -0.0674,  0.0507, -0.0358,  0.0280,  0.0104, -0.0860,  0.0713,  0.0034,
         0.0347,  0.0273,  0.0333,  0.0904,  0.0444,  0.0020,  0.0274, -0.0479,
        -0.0989, -0.0144, -0.0392,  0.0311,  0.0541,  0.0008, -0.0636, -0.0120,
        -0.0191, -0.0139,  0.0134, -0.0170,  0.0953,  0.0832, -0.0423,  0.0446,
        -0.0990, -0.0348, -0.0814,  0.0525,  0.0693,  0.0694, -0.0432, -0.0503],
       requires_grad=True)
  G param Parameter containing:
tensor([ 0.0236, -0.0893,  0.0779, -0.0204, -0.0518, -0.0563,  0.0356, -0.0637,
         0.0821,  0.0869, -0.0809,  0.0481, -0.0630, -0.0167, -0.0834,  0.0843,
         0.0406, -0.0064,  0.0891, -0.0182,  0.0468, -0.0304,  0.0127, -0.0806,
         0.0307,  0.0191,  0.0336,  0.0149, -0.0343,  0.0502,  0.0128, -0.0816,
        -0.0566,  0.0004, -0.0313, -0.0665, -0.0622,  0.0172, -0.0548, -0.0024,
         0.0019,  0.0416, -0.0969, -0.0752, -0.0639, -0.0624,  0.0403,  0.0149,
        -0.0287,  0.0844, -0.0379,  0.0104,  0.0404, -0.0273,  0.0592, -0.0607,
        -0.0252, -0.0137,  0.0186, -0.0573,  0.0696, -0.0341, -0.0196, -0.0299,
        -0.0245,  0.0413, -0.0771,  0.0846, -0.0307, -0.0189,  0.0068,  0.0550,
        -0.0422,  0.0189,  0.0723,  0.0464, -0.0242, -0.0380,  0.0752, -0.0023,
         0.0954,  0.0087,  0.0817,  0.0668,  0.0497,  0.0598,  0.0839,  0.0627,
        -0.0319, -0.0854,  0.0076, -0.0332,  0.0317,  0.0262,  0.0136,  0.0153,
        -0.0474,  0.0615,  0.0219, -0.0720,  0.0867,  0.0811,  0.0470,  0.0962,
        -0.0167,  0.0062, -0.0973, -0.0668, -0.0894,  0.0222,  0.0434,  0.0860,
         0.0637, -0.0689,  0.0255, -0.0078,  0.0522, -0.0478, -0.0650, -0.0534,
         0.0085,  0.0646, -0.0797, -0.0547, -0.0269, -0.0096,  0.0015, -0.0221,
         0.0073, -0.0672,  0.0083, -0.0434, -0.0486,  0.0579,  0.0915, -0.0271,
         0.0760,  0.0049, -0.0209,  0.0273,  0.0583,  0.0862, -0.0736,  0.0096,
        -0.0419,  0.0553, -0.0301,  0.0542, -0.0118,  0.0982, -0.0532,  0.0319,
         0.0491,  0.0594, -0.0326,  0.0085,  0.0354,  0.0186,  0.0868,  0.0483,
         0.0115,  0.0648,  0.0516, -0.0898, -0.0218, -0.0756, -0.0503, -0.0475,
        -0.0800, -0.0377,  0.0231, -0.0420,  0.0427, -0.0985, -0.0348, -0.0211,
        -0.0349,  0.0777,  0.0650,  0.0344,  0.0704,  0.0666,  0.0323, -0.0693,
        -0.0885, -0.0621, -0.0126, -0.0193,  0.0399,  0.0365, -0.0391, -0.0847,
         0.0546, -0.0692, -0.0064, -0.0953,  0.0497, -0.0603, -0.0852, -0.0162,
        -0.0908,  0.0735, -0.0950,  0.0166,  0.0220,  0.0731, -0.0140, -0.0208,
        -0.0778,  0.0041,  0.0934,  0.0669,  0.0168, -0.0058,  0.0602,  0.0102,
        -0.0792, -0.0454, -0.0443,  0.0433, -0.0855, -0.0535,  0.0346, -0.0704,
         0.0571,  0.0782, -0.0395,  0.0172, -0.0483,  0.0795,  0.0282, -0.0785,
        -0.0651, -0.0798, -0.0535,  0.0275,  0.0632,  0.0309, -0.0087, -0.0291,
        -0.0411, -0.0018,  0.0591,  0.0149,  0.0310, -0.0954,  0.0848,  0.0472,
         0.0332, -0.0267,  0.0836, -0.0124,  0.0707, -0.0548,  0.0608, -0.0415,
        -0.0638,  0.0976,  0.0672, -0.0525,  0.0129, -0.0923, -0.0754,  0.0011,
         0.0205,  0.0641,  0.0665, -0.0945, -0.0342,  0.0802, -0.0831,  0.0908,
        -0.0323, -0.0529,  0.0841, -0.0024, -0.0627, -0.0147,  0.0800, -0.0877,
         0.0641,  0.0804, -0.0369, -0.0633, -0.0061,  0.0919,  0.0543,  0.0674,
        -0.0610, -0.0229,  0.0162,  0.0307,  0.0313,  0.0588,  0.0391, -0.0806,
        -0.0386,  0.0848,  0.0353, -0.0897, -0.0389, -0.0292,  0.0587,  0.0599,
        -0.0222, -0.0874, -0.0231, -0.0670, -0.0886,  0.0615, -0.0075,  0.0096,
         0.0535, -0.0959,  0.0310, -0.0147,  0.0672, -0.0183, -0.0474,  0.0915,
         0.0325, -0.0803,  0.0248, -0.0406,  0.0747,  0.0758, -0.0839, -0.0213,
        -0.0251,  0.0521, -0.0455,  0.0737, -0.0648,  0.0549,  0.0882, -0.0744,
         0.0667, -0.0600, -0.0999, -0.0565, -0.0306,  0.0575,  0.0393, -0.0250,
         0.0675,  0.0791, -0.0659, -0.0412, -0.0318, -0.0005,  0.0352, -0.0143,
         0.0008,  0.0866, -0.0674,  0.0166, -0.0456, -0.0837,  0.0031, -0.0431,
         0.0178, -0.0498, -0.0089,  0.0355,  0.0680, -0.0326,  0.0337,  0.0488,
         0.0170,  0.0721,  0.0582, -0.0770, -0.0439,  0.0800,  0.0871,  0.0807,
         0.0530,  0.0347,  0.0586,  0.0953, -0.0657,  0.0369,  0.0262, -0.0667,
         0.0400, -0.0063,  0.0027, -0.0797,  0.0369, -0.0574, -0.0356,  0.0928,
         0.0725, -0.0331,  0.0502, -0.0437,  0.0553,  0.0422, -0.0645, -0.0401],
       requires_grad=True)
  G param Parameter containing:
tensor([[-2.7572e-02,  6.1415e-02,  6.5294e-03,  7.1147e-02,  2.4369e-02,
          3.2857e-02,  8.3524e-02,  4.0278e-03,  4.2339e-02, -8.1595e-02,
         -3.8249e-02, -4.0763e-02,  1.7048e-02,  9.4667e-02, -1.7986e-02,
         -9.5893e-02, -2.1329e-02,  8.1011e-03,  6.0277e-02, -9.7431e-02,
         -8.0232e-02, -1.4006e-02, -8.3614e-02,  2.4592e-02,  5.6705e-02,
         -7.2981e-02,  7.4779e-03,  2.3549e-02, -2.1732e-02, -3.3386e-02,
         -1.7345e-02,  2.2511e-02, -3.6948e-02, -4.2193e-02, -1.8438e-02,
         -8.6317e-02, -2.1861e-02,  3.1227e-02, -4.0944e-02,  6.2735e-02,
         -1.2392e-02, -6.8067e-02, -5.9275e-03,  4.4884e-02, -9.7270e-02,
          7.2511e-02, -4.5236e-02,  9.1401e-02,  5.2650e-02,  4.5259e-02,
         -4.5641e-02, -3.4628e-02, -5.7778e-02,  3.2788e-02, -4.4556e-02,
          6.7774e-02, -4.9283e-03, -4.7994e-02, -6.2207e-02,  6.6699e-02,
          3.3270e-02,  2.0450e-02,  4.5638e-02, -7.2549e-02, -6.1284e-02,
          6.8710e-03, -1.0248e-03, -7.6463e-02,  8.0546e-02,  3.9270e-02,
          3.9161e-02,  2.1391e-02, -9.4800e-02, -7.6231e-03,  9.1705e-02,
         -4.2225e-02, -6.4457e-02, -9.1917e-02, -5.4595e-02, -7.5943e-02,
         -2.8486e-02, -8.8229e-03, -5.4790e-03, -2.1186e-02, -8.2834e-02,
          9.6341e-02, -1.9149e-02,  4.8414e-02, -5.3122e-02,  1.5694e-02,
         -9.0692e-02,  1.7226e-02,  2.9645e-02,  1.4107e-02, -3.4376e-02,
         -2.2392e-02,  1.5104e-02,  4.1770e-02,  4.5664e-02,  1.5910e-02],
        [-3.5166e-03, -8.9212e-02, -7.1989e-02,  1.3289e-02,  2.4215e-02,
         -8.9650e-02,  1.1578e-02, -9.3426e-02, -7.4728e-02, -1.5618e-04,
          8.7907e-02,  8.6697e-02, -5.6003e-02,  1.1976e-02,  6.7741e-02,
         -4.9404e-02, -4.3042e-02, -2.9959e-02,  9.2308e-02,  9.2344e-02,
          3.9249e-03, -9.8382e-02,  6.0496e-02,  7.2521e-03, -3.5631e-02,
          3.9414e-02,  9.9335e-02, -9.6781e-02,  3.1850e-02,  7.4032e-02,
          2.1928e-02, -6.3945e-02, -6.2947e-02,  6.7720e-02, -9.0139e-02,
         -6.3350e-02, -7.4768e-02,  4.8711e-02, -2.0772e-02,  9.6822e-02,
         -6.2207e-02,  5.7153e-02,  6.7711e-02, -8.7926e-03,  4.3470e-02,
          3.0818e-02, -4.1104e-03, -3.2428e-03, -3.3371e-02,  2.8523e-03,
         -8.2734e-03,  6.9277e-02,  6.1893e-02,  2.4828e-02,  3.9303e-02,
          4.4203e-03,  9.6944e-02, -4.2531e-03,  2.0476e-03, -1.4730e-02,
          9.9104e-02, -2.4876e-02,  7.4649e-03,  7.8194e-02,  4.4209e-02,
          1.9877e-03,  7.9024e-03, -8.2326e-02,  9.3582e-02,  6.8085e-02,
          7.6235e-02,  1.7157e-02, -5.5239e-02,  6.9568e-02,  6.0342e-02,
          8.8503e-02,  7.5134e-02,  9.2345e-02, -9.1385e-02, -2.9140e-02,
         -9.3595e-02, -1.3624e-03, -9.5703e-02,  6.3084e-02, -8.3030e-02,
          5.7501e-02, -1.4687e-03,  7.2870e-02,  9.9243e-02,  8.9256e-02,
         -5.8018e-02, -4.9516e-02,  9.0052e-02, -1.0575e-02, -4.1699e-03,
          5.7104e-02,  5.4529e-02, -6.4079e-02, -9.1408e-02, -4.2872e-02],
        [-9.2246e-02, -4.3556e-02, -8.1432e-02,  9.9635e-02, -9.6196e-02,
         -6.1648e-02, -4.4681e-02, -7.5788e-03, -5.6864e-02,  3.1460e-02,
         -5.6914e-02,  4.3327e-02,  2.9187e-02,  9.9593e-02, -2.1995e-02,
          4.3614e-02,  7.1442e-02,  7.6205e-02,  4.2667e-02, -3.4652e-02,
          3.1022e-02,  6.5801e-02, -8.5480e-02,  4.6656e-02, -2.2046e-02,
          2.2788e-02,  7.2621e-02,  8.7822e-02, -9.3831e-02,  8.6216e-02,
          8.0596e-02, -5.9330e-02, -1.1743e-03, -2.4313e-02,  6.5852e-02,
         -6.8445e-02, -1.2973e-02, -5.2104e-02, -4.7663e-02, -9.0132e-02,
          7.9330e-02,  2.9475e-02, -9.5712e-02,  6.3521e-03, -3.2304e-02,
         -6.7926e-03,  4.3077e-02, -6.7497e-02,  5.9019e-02,  2.1270e-02,
          6.1091e-02,  1.0098e-02, -5.6837e-02,  5.5404e-02,  6.3159e-02,
         -7.8605e-02,  8.5041e-02,  8.6185e-03,  4.6369e-02, -1.6593e-02,
          4.3191e-02, -2.2352e-02,  5.3404e-02,  9.9641e-02,  6.4475e-02,
          1.0971e-03,  1.6147e-02, -3.7952e-02,  4.2184e-02, -2.3650e-02,
         -1.5499e-02, -4.8140e-02, -1.1091e-02, -7.2592e-02,  8.4989e-02,
          4.3696e-02, -7.2945e-03, -2.4976e-02,  4.8860e-02,  7.8898e-03,
         -4.9338e-02, -1.4088e-02,  2.9427e-02, -9.2830e-02,  7.2169e-02,
         -5.0829e-02,  8.8009e-02,  7.1375e-02,  1.7923e-02,  5.2381e-02,
         -6.0758e-02,  4.8580e-03,  2.5088e-02,  6.6731e-02,  7.9409e-03,
         -9.6745e-02, -8.0078e-02,  5.0274e-02, -5.9278e-02, -5.3219e-02],
        [ 7.1330e-02, -1.7391e-02,  8.0580e-02,  1.4408e-02,  6.4293e-02,
          8.3450e-02, -4.4675e-02,  6.4098e-02, -1.0930e-02,  3.6473e-02,
         -7.2005e-02, -9.7060e-03,  8.8981e-02, -3.9548e-04, -9.4355e-02,
         -4.0656e-02, -4.6338e-03,  4.2019e-02,  1.7725e-02, -3.6398e-03,
          1.6254e-02,  8.7330e-02, -4.4562e-02,  5.2788e-02,  2.3500e-02,
         -4.5796e-02, -9.6571e-02,  8.9064e-02, -5.7991e-02,  5.8284e-02,
          4.8989e-03, -4.8092e-02, -5.5810e-02, -9.8523e-02,  8.7489e-03,
         -9.8020e-02,  8.6941e-03, -6.1545e-02, -7.1157e-02, -8.6859e-05,
          1.2877e-02,  9.0176e-02,  7.7425e-02, -2.2141e-02, -6.3725e-02,
          4.5665e-02, -8.9306e-02,  2.6546e-02,  2.4296e-02, -4.0785e-02,
          9.3582e-02, -6.9012e-02,  8.6205e-03, -3.8594e-02, -4.4605e-02,
         -4.4136e-02, -8.6905e-02,  6.6550e-03, -5.6130e-02,  8.3790e-03,
         -1.0542e-02, -6.1087e-02,  4.8196e-02, -6.3240e-02,  2.8136e-02,
          6.2739e-02, -3.2012e-03,  5.8072e-02,  9.7231e-02,  3.8534e-02,
         -5.7999e-02,  9.3351e-02,  6.1907e-02, -8.2813e-02, -8.9992e-02,
         -5.0606e-02, -4.3366e-02,  9.8130e-02,  9.0609e-02,  9.0767e-02,
          6.3875e-02,  9.5116e-02, -1.2961e-02, -2.4616e-02,  6.8795e-02,
         -3.7972e-02, -1.2799e-03,  7.6161e-02, -8.9061e-02,  4.1197e-02,
          5.5130e-02, -3.4193e-02,  6.5269e-02,  4.2648e-02,  9.8404e-02,
          6.8433e-02,  6.4409e-02, -7.9397e-02,  5.4008e-02, -6.1205e-02],
        [-3.2059e-02,  2.0547e-02,  6.3270e-02, -9.5432e-02,  9.2858e-02,
         -1.1786e-02, -9.5037e-02,  8.2185e-02,  5.1854e-02,  4.6226e-02,
          3.7866e-02,  8.6447e-02,  1.1959e-02, -4.8007e-02,  5.8258e-02,
          7.6083e-02, -7.1762e-02,  3.5676e-02,  6.0223e-02, -6.3744e-02,
         -5.4920e-02,  1.1526e-02,  3.5185e-02, -6.2648e-02, -1.5220e-02,
         -6.9687e-03,  1.7077e-02,  5.3032e-02,  8.6151e-02, -5.1927e-02,
          6.4952e-02,  8.3664e-02,  8.9161e-02,  4.8572e-02, -2.7798e-02,
         -8.3160e-02, -2.4797e-02,  7.3015e-02,  3.7478e-02,  5.3178e-02,
         -4.7054e-02, -4.6989e-02,  9.9841e-02, -1.0071e-02, -6.0157e-02,
         -4.6611e-02, -4.8095e-02,  1.6385e-02, -2.7458e-02,  9.4085e-02,
         -3.5029e-02,  5.1665e-02,  3.6511e-02,  6.4877e-03, -1.5579e-02,
          7.8024e-02,  7.1105e-04, -4.2047e-02, -5.3084e-02,  1.4121e-02,
          2.4871e-02, -8.6369e-02,  9.5301e-02, -7.2147e-02,  8.3343e-02,
         -1.4583e-02, -5.4844e-03,  4.0135e-02, -2.4931e-02,  4.6780e-03,
         -6.2134e-02, -8.9073e-02, -7.7409e-02,  6.9651e-02, -7.9098e-02,
          5.5233e-02,  8.3762e-02, -3.7412e-02,  6.5352e-02,  7.9717e-02,
         -4.0673e-02,  4.1085e-02, -5.5396e-02,  9.3475e-02, -9.9550e-02,
         -9.8786e-03, -7.5705e-02, -2.7657e-02, -5.8010e-02,  2.9672e-02,
          4.4845e-02, -7.6058e-02, -1.3985e-05,  2.8070e-02,  3.2345e-02,
         -4.1451e-02, -5.5683e-02,  3.6882e-02, -7.3573e-03, -6.1950e-02],
        [ 4.1791e-02, -8.1138e-02,  1.9143e-02, -4.7855e-03, -2.9613e-02,
          5.3616e-02,  4.7562e-02,  5.6175e-02, -2.8454e-02,  1.0670e-02,
          5.3652e-02,  4.8430e-02,  1.4719e-02, -7.5791e-02, -3.5718e-02,
         -8.2019e-02,  2.6095e-02, -9.5567e-02,  8.5776e-03, -3.6247e-02,
          2.3718e-02, -2.8846e-02,  9.0167e-02,  2.8564e-03,  3.1983e-02,
         -3.8959e-02, -5.8472e-02,  1.0602e-02, -9.8552e-02,  4.5268e-02,
          6.9903e-02,  9.7839e-02, -9.5990e-02, -2.8843e-02, -6.6312e-02,
          2.9558e-02,  3.7957e-03,  6.9730e-02,  1.1941e-02, -4.7724e-02,
          6.2405e-02, -1.8720e-03,  5.3470e-02,  3.5501e-02,  4.0703e-02,
         -6.3509e-02,  3.7164e-02,  7.2084e-02,  5.8851e-04,  4.9064e-02,
         -6.5057e-02, -8.2599e-02,  7.4786e-02, -6.2366e-02,  5.3528e-02,
         -9.0133e-02,  3.7836e-02, -3.8921e-03,  2.7839e-02,  8.1146e-02,
         -7.2585e-02,  7.1902e-02,  1.6436e-02,  5.6806e-02,  8.6725e-02,
          1.3983e-02, -8.4606e-02,  8.1007e-02, -8.1787e-02,  1.5236e-02,
          6.1935e-03,  8.5592e-02,  2.2961e-02,  1.2126e-02,  5.1506e-02,
         -1.3736e-02,  1.4040e-02, -8.4418e-02, -1.4617e-02, -4.4014e-02,
          8.7469e-02, -6.4709e-02, -6.5928e-02, -9.6946e-02, -9.2447e-02,
         -1.0557e-02,  3.9870e-02,  5.1070e-02,  4.0497e-02,  5.6124e-02,
         -3.0551e-02, -9.5019e-02, -5.6872e-02, -5.4251e-02,  8.9407e-02,
          7.2814e-02,  9.9614e-02, -4.8865e-02, -1.9280e-02,  3.4146e-02]],
       requires_grad=True)
  G param Parameter containing:
tensor([-0.0528,  0.0331, -0.0363,  0.0017,  0.0165,  0.0332],
       requires_grad=True)
[use_mask]= False
[after  0  iterations]
vars_real_compact= [[1 3 0 0 0 0]
 [1 2 3 4 5 0]
 [5 2 0 0 0 0]
 [1 2 3 4 5 0]
 [3 0 0 0 0 0]
 [1 2 3 5 0 0]
 [1 2 3 4 5 0]
 [1 2 3 4 5 0]
 [1 2 3 4 5 0]
 [1 5 3 4 0 0]]
vars_synt_compact= [[3 0 5 3 1 3]
 [5 5 5 5 5 5]
 [0 1 1 0 4 5]
 [5 0 4 1 5 4]
 [0 1 5 5 5 5]
 [5 1 3 1 5 5]
 [0 0 5 5 5 5]
 [0 0 0 5 5 5]
 [5 5 5 5 5 5]
 [0 0 5 5 0 2]]
    average_reward(gen)= 14.406
    average_reward(real)= 16.903
    pct_valid(gen)= 0.0
    pct_loc_invalid(gen)= 0.993
    pct_dis_invalid(gen)= 0.013
    pct_strict_subset(gen)= 0.388
    pct_empty(gen)= 0.005
    pct_valid(real)= 1.0
    pct_loc_invalid(real)= 0.0
    pct_dis_invalid(real)= 0.0
    pct_strict_subset(real)= 0.0
    pct_empty(real)= 0.0
    d_loss=tensor(0.7064, grad_fn=<BinaryCrossEntropyBackward>)
    g_loss=tensor(0.6862, grad_fn=<NegBackward>)
[after  10  iterations]
vars_real_compact= [[3 5 0 0 0 0]
 [1 3 0 0 0 0]
 [1 0 0 0 0 0]
 [1 2 5 4 0 0]
 [3 5 0 0 0 0]
 [2 0 0 0 0 0]
 [1 2 3 4 5 0]
 [2 0 0 0 0 0]
 [4 2 0 0 0 0]
 [1 2 3 4 5 0]]
vars_synt_compact= [[0 0 0 0 0 0]
 [0 0 0 0 0 0]
 [0 0 0 0 0 0]
 [0 0 0 0 0 0]
 [0 0 0 0 0 0]
 [0 0 0 0 0 0]
 [0 0 0 0 0 0]
 [0 0 0 0 0 0]
 [0 0 0 0 0 0]
 [0 0 0 0 0 0]]
    average_reward(gen)= 0.0
    average_reward(real)= 17.597
    pct_valid(gen)= 0.0
    pct_loc_invalid(gen)= 0.0
    pct_dis_invalid(gen)= 0.0
    pct_strict_subset(gen)= 0.0
    pct_empty(gen)= 1.0
    pct_valid(real)= 1.0
    pct_loc_invalid(real)= 0.0
    pct_dis_invalid(real)= 0.0
    pct_strict_subset(real)= 0.0
    pct_empty(real)= 0.0
    d_loss=tensor(0.5782, grad_fn=<BinaryCrossEntropyBackward>)
    g_loss=tensor(0.9478, grad_fn=<NegBackward>)
[after  20  iterations]
vars_real_compact= [[1 2 3 4 5 0]
 [4 5 3 0 0 0]
 [1 5 3 4 0 0]
 [1 2 3 4 5 0]
 [5 2 3 4 0 0]
 [5 0 0 0 0 0]
 [1 2 3 4 0 0]
 [1 4 5 0 0 0]
 [1 2 3 5 0 0]
 [4 2 5 0 0 0]]
vars_synt_compact= [[3 3 0 0 0 0]
 [0 0 0 0 0 0]
 [3 0 0 0 0 0]
 [3 0 0 0 0 0]
 [0 0 0 0 0 0]
 [0 0 0 0 0 0]
 [0 0 0 0 0 0]
 [3 0 0 0 0 0]
 [3 0 0 0 0 0]
 [3 0 0 0 0 0]]
    average_reward(gen)= 0.648
    average_reward(real)= 17.032
    pct_valid(gen)= 0.013
    pct_loc_invalid(gen)= 0.235
    pct_dis_invalid(gen)= 0.0
    pct_strict_subset(gen)= 0.243
    pct_empty(gen)= 0.58
    pct_valid(real)= 1.0
    pct_loc_invalid(real)= 0.0
    pct_dis_invalid(real)= 0.0
    pct_strict_subset(real)= 0.0
    pct_empty(real)= 0.0
    d_loss=tensor(0.4394, grad_fn=<BinaryCrossEntropyBackward>)
    g_loss=tensor(1.3045, grad_fn=<NegBackward>)
[after  30  iterations]
vars_real_compact= [[1 2 3 4 5 0]
 [1 3 0 0 0 0]
 [3 0 0 0 0 0]
 [1 5 3 4 0 0]
 [1 3 0 0 0 0]
 [1 4 5 0 0 0]
 [4 0 0 0 0 0]
 [1 0 0 0 0 0]
 [1 3 0 0 0 0]
 [1 2 3 4 5 0]]
vars_synt_compact= [[3 3 3 0 0 0]
 [3 3 3 0 0 0]
 [3 3 3 0 0 0]
 [3 3 3 0 0 0]
 [3 3 3 0 0 0]
 [3 3 3 0 0 0]
 [3 3 3 0 0 0]
 [3 3 3 0 0 0]
 [3 3 3 0 0 0]
 [3 3 3 0 0 0]]
    average_reward(gen)= 11.105
    average_reward(real)= 17.195
    pct_valid(gen)= 0.0
    pct_loc_invalid(gen)= 1.0
    pct_dis_invalid(gen)= 0.0
    pct_strict_subset(gen)= 0.554
    pct_empty(gen)= 0.0
    pct_valid(real)= 1.0
    pct_loc_invalid(real)= 0.0
    pct_dis_invalid(real)= 0.0
    pct_strict_subset(real)= 0.0
    pct_empty(real)= 0.0
    d_loss=tensor(0.5449, grad_fn=<BinaryCrossEntropyBackward>)
    g_loss=tensor(1.0457, grad_fn=<NegBackward>)
[after  40  iterations]
vars_real_compact= [[2 0 0 0 0 0]
 [1 2 3 4 0 0]
 [1 2 3 4 5 0]
 [1 0 0 0 0 0]
 [1 2 3 4 5 0]
 [1 2 3 4 5 0]
 [1 2 3 4 5 0]
 [1 4 3 0 0 0]
 [1 2 3 4 5 0]
 [1 2 5 0 0 0]]
vars_synt_compact= [[2 3 3 0 0 0]
 [2 3 3 0 0 0]
 [2 3 3 0 0 0]
 [3 3 3 0 0 0]
 [2 3 3 0 0 0]
 [2 3 3 0 0 0]
 [2 3 3 0 0 0]
 [2 3 3 0 0 0]
 [2 3 3 0 0 0]
 [2 3 3 0 0 0]]
    average_reward(gen)= 11.0
    average_reward(real)= 17.815
    pct_valid(gen)= 0.0
    pct_loc_invalid(gen)= 1.0
    pct_dis_invalid(gen)= 0.0
    pct_strict_subset(gen)= 0.397
    pct_empty(gen)= 0.0
    pct_valid(real)= 1.0
    pct_loc_invalid(real)= 0.0
    pct_dis_invalid(real)= 0.0
    pct_strict_subset(real)= 0.0
    pct_empty(real)= 0.0
    d_loss=tensor(0.5079, grad_fn=<BinaryCrossEntropyBackward>)
    g_loss=tensor(0.6968, grad_fn=<NegBackward>)
[after  50  iterations]
vars_real_compact= [[1 2 3 0 0 0]
 [3 2 0 0 0 0]
 [5 2 3 4 0 0]
 [1 3 0 0 0 0]
 [1 2 3 4 5 0]
 [1 4 3 0 0 0]
 [1 2 5 4 0 0]
 [1 2 3 4 5 0]
 [3 5 0 0 0 0]
 [1 3 0 0 0 0]]
vars_synt_compact= [[2 2 3 0 0 0]
 [2 2 3 0 0 0]
 [2 2 3 0 0 0]
 [2 2 3 0 0 0]
 [2 2 3 3 0 0]
 [2 2 3 0 0 0]
 [2 2 3 0 0 0]
 [2 2 3 3 0 0]
 [2 2 3 0 0 0]
 [2 2 3 0 0 0]]
    average_reward(gen)= 16.252
    average_reward(real)= 17.6
    pct_valid(gen)= 0.0
    pct_loc_invalid(gen)= 1.0
    pct_dis_invalid(gen)= 0.0
    pct_strict_subset(gen)= 0.391
    pct_empty(gen)= 0.0
    pct_valid(real)= 1.0
    pct_loc_invalid(real)= 0.0
    pct_dis_invalid(real)= 0.0
    pct_strict_subset(real)= 0.0
    pct_empty(real)= 0.0
    d_loss=tensor(0.5459, grad_fn=<BinaryCrossEntropyBackward>)
    g_loss=tensor(0.6432, grad_fn=<NegBackward>)
[after  60  iterations]
vars_real_compact= [[1 4 0 0 0 0]
 [1 2 4 0 0 0]
 [1 2 5 0 0 0]
 [1 2 3 4 5 0]
 [4 2 3 0 0 0]
 [1 2 3 4 0 0]
 [1 2 3 4 5 0]
 [1 2 3 4 5 0]
 [1 2 3 4 5 0]
 [1 0 0 0 0 0]]
vars_synt_compact= [[2 2 3 4 0 0]
 [2 2 3 4 0 0]
 [2 2 3 4 0 0]
 [2 2 3 4 0 0]
 [2 2 3 4 0 0]
 [2 2 3 4 0 0]
 [2 2 3 4 0 0]
 [2 2 3 4 0 0]
 [2 2 3 4 0 0]
 [2 2 3 4 0 0]]
    average_reward(gen)= 26.0
    average_reward(real)= 17.805
    pct_valid(gen)= 0.0
    pct_loc_invalid(gen)= 1.0
    pct_dis_invalid(gen)= 0.0
    pct_strict_subset(gen)= 0.294
    pct_empty(gen)= 0.0
    pct_valid(real)= 1.0
    pct_loc_invalid(real)= 0.0
    pct_dis_invalid(real)= 0.0
    pct_strict_subset(real)= 0.0
    pct_empty(real)= 0.0
    d_loss=tensor(0.4678, grad_fn=<BinaryCrossEntropyBackward>)
    g_loss=tensor(0.8054, grad_fn=<NegBackward>)
[after  70  iterations]
vars_real_compact= [[1 3 0 0 0 0]
 [4 2 5 0 0 0]
 [2 0 0 0 0 0]
 [1 2 3 5 0 0]
 [2 0 0 0 0 0]
 [1 2 4 0 0 0]
 [1 4 5 0 0 0]
 [5 0 0 0 0 0]
 [5 2 3 4 0 0]
 [1 5 0 0 0 0]]
vars_synt_compact= [[2 2 0 0 0 0]
 [2 2 0 0 0 0]
 [2 2 0 0 0 0]
 [2 2 0 0 0 0]
 [2 2 0 0 0 0]
 [2 2 0 0 0 0]
 [2 2 0 0 0 0]
 [2 2 0 0 0 0]
 [2 2 0 0 0 0]
 [2 2 0 0 0 0]]
    average_reward(gen)= 8.008
    average_reward(real)= 17.615
    pct_valid(gen)= 0.0
    pct_loc_invalid(gen)= 1.0
    pct_dis_invalid(gen)= 0.0
    pct_strict_subset(gen)= 0.549
    pct_empty(gen)= 0.0
    pct_valid(real)= 1.0
    pct_loc_invalid(real)= 0.0
    pct_dis_invalid(real)= 0.0
    pct_strict_subset(real)= 0.0
    pct_empty(real)= 0.0
    d_loss=tensor(0.5359, grad_fn=<BinaryCrossEntropyBackward>)
    g_loss=tensor(0.7278, grad_fn=<NegBackward>)
[after  80  iterations]
vars_real_compact= [[1 2 5 0 0 0]
 [3 2 0 0 0 0]
 [1 2 3 4 5 0]
 [2 0 0 0 0 0]
 [1 5 0 0 0 0]
 [1 2 5 0 0 0]
 [1 2 4 0 0 0]
 [1 2 5 0 0 0]
 [5 2 3 4 0 0]
 [1 2 4 0 0 0]]
vars_synt_compact= [[2 2 0 0 0 0]
 [1 2 0 0 0 0]
 [2 2 0 0 0 0]
 [2 2 0 0 0 0]
 [1 2 0 0 0 0]
 [1 2 0 0 0 0]
 [1 2 0 0 0 0]
 [1 2 0 0 0 0]
 [1 2 0 0 0 0]
 [1 2 0 0 0 0]]
    average_reward(gen)= 9.596
    average_reward(real)= 17.454
    pct_valid(gen)= 0.009
    pct_loc_invalid(gen)= 0.84
    pct_dis_invalid(gen)= 0.0
    pct_strict_subset(gen)= 0.5
    pct_empty(gen)= 0.0
    pct_valid(real)= 1.0
    pct_loc_invalid(real)= 0.0
    pct_dis_invalid(real)= 0.0
    pct_strict_subset(real)= 0.0
    pct_empty(real)= 0.0
    d_loss=tensor(0.4613, grad_fn=<BinaryCrossEntropyBackward>)
    g_loss=tensor(1.1014, grad_fn=<NegBackward>)
[after  90  iterations]
vars_real_compact= [[1 2 3 4 5 0]
 [5 2 3 0 0 0]
 [1 2 5 4 0 0]
 [3 2 0 0 0 0]
 [1 5 3 0 0 0]
 [5 2 3 4 0 0]
 [1 2 3 5 0 0]
 [1 2 3 4 5 0]
 [1 2 4 0 0 0]
 [1 2 3 4 0 0]]
vars_synt_compact= [[1 2 0 0 0 0]
 [1 2 0 0 0 0]
 [1 2 0 0 0 0]
 [1 2 0 0 0 0]
 [1 2 0 0 0 0]
 [1 2 0 0 0 0]
 [1 2 0 0 0 0]
 [1 2 0 0 0 0]
 [1 2 0 0 0 0]
 [1 2 0 0 0 0]]
    average_reward(gen)= 11.984
    average_reward(real)= 17.805
    pct_valid(gen)= 0.021
    pct_loc_invalid(gen)= 0.579
    pct_dis_invalid(gen)= 0.0
    pct_strict_subset(gen)= 0.4
    pct_empty(gen)= 0.0
    pct_valid(real)= 1.0
    pct_loc_invalid(real)= 0.0
    pct_dis_invalid(real)= 0.0
    pct_strict_subset(real)= 0.0
    pct_empty(real)= 0.0
    d_loss=tensor(0.4684, grad_fn=<BinaryCrossEntropyBackward>)
    g_loss=tensor(0.9056, grad_fn=<NegBackward>)
[after  100  iterations]
vars_real_compact= [[1 2 3 4 5 0]
 [3 4 0 0 0 0]
 [3 0 0 0 0 0]
 [1 2 3 4 5 0]
 [1 2 5 4 0 0]
 [1 5 3 4 0 0]
 [4 5 3 0 0 0]
 [1 2 3 4 5 0]
 [4 0 0 0 0 0]
 [1 2 3 4 5 0]]
vars_synt_compact= [[1 2 0 0 0 0]
 [1 2 0 0 0 0]
 [1 2 0 0 0 0]
 [1 2 0 0 0 0]
 [1 2 0 0 0 0]
 [1 2 0 0 0 0]
 [1 2 0 0 0 0]
 [1 2 0 0 0 0]
 [1 2 0 0 0 0]
 [1 2 0 0 0 0]]
    average_reward(gen)= 11.986
    average_reward(real)= 16.891
    pct_valid(gen)= 0.019
    pct_loc_invalid(gen)= 0.619
    pct_dis_invalid(gen)= 0.0
    pct_strict_subset(gen)= 0.362
    pct_empty(gen)= 0.0
    pct_valid(real)= 1.0
    pct_loc_invalid(real)= 0.0
    pct_dis_invalid(real)= 0.0
    pct_strict_subset(real)= 0.0
    pct_empty(real)= 0.0
    d_loss=tensor(0.4851, grad_fn=<BinaryCrossEntropyBackward>)
    g_loss=tensor(0.9938, grad_fn=<NegBackward>)
[after  110  iterations]
vars_real_compact= [[1 2 3 4 5 0]
 [1 2 3 4 5 0]
 [3 0 0 0 0 0]
 [1 2 3 4 5 0]
 [5 2 3 0 0 0]
 [1 2 3 4 5 0]
 [5 0 0 0 0 0]
 [5 2 0 0 0 0]
 [5 2 3 0 0 0]
 [1 0 0 0 0 0]]
vars_synt_compact= [[1 0 0 0 0 0]
 [1 0 0 0 0 0]
 [1 0 0 0 0 0]
 [1 0 0 0 0 0]
 [1 0 0 0 0 0]
 [1 0 0 0 0 0]
 [1 0 0 0 0 0]
 [1 0 0 0 0 0]
 [1 0 0 0 0 0]
 [1 0 0 0 0 0]]
    average_reward(gen)= 5.0
    average_reward(real)= 18.222
    pct_valid(gen)= 0.039
    pct_loc_invalid(gen)= 0.392
    pct_dis_invalid(gen)= 0.0
    pct_strict_subset(gen)= 0.569
    pct_empty(gen)= 0.0
    pct_valid(real)= 1.0
    pct_loc_invalid(real)= 0.0
    pct_dis_invalid(real)= 0.0
    pct_strict_subset(real)= 0.0
    pct_empty(real)= 0.0
    d_loss=tensor(0.4768, grad_fn=<BinaryCrossEntropyBackward>)
    g_loss=tensor(1.2072, grad_fn=<NegBackward>)
[after  120  iterations]
vars_real_compact= [[4 0 0 0 0 0]
 [5 0 0 0 0 0]
 [1 2 3 5 0 0]
 [4 5 0 0 0 0]
 [4 2 0 0 0 0]
 [1 2 3 4 0 0]
 [1 5 3 0 0 0]
 [4 2 5 0 0 0]
 [1 2 3 0 0 0]
 [1 2 5 0 0 0]]
vars_synt_compact= [[1 0 0 0 0 0]
 [1 0 0 0 0 0]
 [1 0 0 0 0 0]
 [1 0 0 0 0 0]
 [1 0 0 0 0 0]
 [1 0 0 0 0 0]
 [1 0 0 0 0 0]
 [1 0 0 0 0 0]
 [1 0 0 0 0 0]
 [1 0 0 0 0 0]]
    average_reward(gen)= 5.0
    average_reward(real)= 17.586
    pct_valid(gen)= 0.047
    pct_loc_invalid(gen)= 0.38
    pct_dis_invalid(gen)= 0.0
    pct_strict_subset(gen)= 0.573
    pct_empty(gen)= 0.0
    pct_valid(real)= 1.0
    pct_loc_invalid(real)= 0.0
    pct_dis_invalid(real)= 0.0
    pct_strict_subset(real)= 0.0
    pct_empty(real)= 0.0
    d_loss=tensor(0.4140, grad_fn=<BinaryCrossEntropyBackward>)
    g_loss=tensor(1.1441, grad_fn=<NegBackward>)
[after  130  iterations]
vars_real_compact= [[1 4 3 0 0 0]
 [4 0 0 0 0 0]
 [1 2 3 4 5 0]
 [1 2 4 0 0 0]
 [1 4 3 0 0 0]
 [1 2 0 0 0 0]
 [4 5 3 0 0 0]
 [1 4 5 0 0 0]
 [1 4 0 0 0 0]
 [4 5 3 0 0 0]]
vars_synt_compact= [[1 0 0 0 0 0]
 [1 0 0 0 0 0]
 [1 0 0 0 0 0]
 [1 0 0 0 0 0]
 [1 0 0 0 0 0]
 [1 0 0 0 0 0]
 [1 0 0 0 0 0]
 [1 0 0 0 0 0]
 [1 0 0 0 0 0]
 [1 0 0 0 0 0]]
    average_reward(gen)= 5.021
    average_reward(real)= 17.276
    pct_valid(gen)= 0.034
    pct_loc_invalid(gen)= 0.406
    pct_dis_invalid(gen)= 0.0
    pct_strict_subset(gen)= 0.56
    pct_empty(gen)= 0.0
    pct_valid(real)= 1.0
    pct_loc_invalid(real)= 0.0
    pct_dis_invalid(real)= 0.0
    pct_strict_subset(real)= 0.0
    pct_empty(real)= 0.0
    d_loss=tensor(0.3994, grad_fn=<BinaryCrossEntropyBackward>)
    g_loss=tensor(2.1267, grad_fn=<NegBackward>)
[after  140  iterations]
vars_real_compact= [[1 2 3 4 5 0]
 [3 0 0 0 0 0]
 [1 0 0 0 0 0]
 [1 2 3 5 0 0]
 [1 2 3 4 5 0]
 [1 4 5 0 0 0]
 [1 2 0 0 0 0]
 [1 2 3 5 0 0]
 [4 5 0 0 0 0]
 [1 2 3 4 5 0]]
vars_synt_compact= [[1 2 0 0 0 0]
 [1 2 0 0 0 0]
 [1 2 0 0 0 0]
 [1 2 0 0 0 0]
 [1 2 0 0 0 0]
 [1 2 0 0 0 0]
 [1 2 0 0 0 0]
 [1 2 0 0 0 0]
 [1 2 0 0 0 0]
 [1 2 0 0 0 0]]
    average_reward(gen)= 11.797
    average_reward(real)= 17.216
    pct_valid(gen)= 0.024
    pct_loc_invalid(gen)= 0.583
    pct_dis_invalid(gen)= 0.0
    pct_strict_subset(gen)= 0.393
    pct_empty(gen)= 0.0
    pct_valid(real)= 1.0
    pct_loc_invalid(real)= 0.0
    pct_dis_invalid(real)= 0.0
    pct_strict_subset(real)= 0.0
    pct_empty(real)= 0.0
    d_loss=tensor(0.3940, grad_fn=<BinaryCrossEntropyBackward>)
    g_loss=tensor(1.1418, grad_fn=<NegBackward>)
[after  150  iterations]
vars_real_compact= [[1 2 5 0 0 0]
 [1 2 3 4 5 0]
 [1 2 0 0 0 0]
 [5 0 0 0 0 0]
 [1 2 3 4 5 0]
 [1 2 5 0 0 0]
 [4 5 3 0 0 0]
 [1 4 5 0 0 0]
 [5 2 3 4 0 0]
 [4 2 0 0 0 0]]
vars_synt_compact= [[1 2 5 5 5 0]
 [1 2 5 5 5 5]
 [1 2 5 5 5 0]
 [1 5 5 5 5 0]
 [1 2 5 5 5 5]
 [1 5 5 5 5 0]
 [1 5 5 5 5 0]
 [1 2 5 5 5 0]
 [1 2 5 5 5 5]
 [1 5 5 5 5 0]]
    average_reward(gen)= 22.65
    average_reward(real)= 17.44
    pct_valid(gen)= 0.0
    pct_loc_invalid(gen)= 1.0
    pct_dis_invalid(gen)= 0.0
    pct_strict_subset(gen)= 0.317
    pct_empty(gen)= 0.0
    pct_valid(real)= 1.0
    pct_loc_invalid(real)= 0.0
    pct_dis_invalid(real)= 0.0
    pct_strict_subset(real)= 0.0
    pct_empty(real)= 0.0
    d_loss=tensor(0.3594, grad_fn=<BinaryCrossEntropyBackward>)
    g_loss=tensor(1.4297, grad_fn=<NegBackward>)
[after  160  iterations]
vars_real_compact= [[1 2 3 4 5 0]
 [1 2 3 4 5 0]
 [1 2 3 4 5 0]
 [1 5 0 0 0 0]
 [1 0 0 0 0 0]
 [5 2 3 4 0 0]
 [1 2 3 4 5 0]
 [1 5 3 0 0 0]
 [3 0 0 0 0 0]
 [1 2 3 4 5 0]]
vars_synt_compact= [[1 2 5 5 0 0]
 [1 2 5 0 0 0]
 [1 2 5 5 0 0]
 [1 2 5 0 0 0]
 [1 2 5 5 0 0]
 [1 2 5 0 0 0]
 [1 5 5 0 0 0]
 [1 2 5 0 0 0]
 [1 5 0 0 0 0]
 [1 5 0 0 0 0]]
    average_reward(gen)= 11.846
    average_reward(real)= 17.952
    pct_valid(gen)= 0.009
    pct_loc_invalid(gen)= 0.836
    pct_dis_invalid(gen)= 0.0
    pct_strict_subset(gen)= 0.343
    pct_empty(gen)= 0.0
    pct_valid(real)= 1.0
    pct_loc_invalid(real)= 0.0
    pct_dis_invalid(real)= 0.0
    pct_strict_subset(real)= 0.0
    pct_empty(real)= 0.0
    d_loss=tensor(0.3733, grad_fn=<BinaryCrossEntropyBackward>)
    g_loss=tensor(1.0334, grad_fn=<NegBackward>)
[after  170  iterations]
vars_real_compact= [[5 2 3 0 0 0]
 [2 0 0 0 0 0]
 [4 2 5 0 0 0]
 [1 4 5 0 0 0]
 [1 2 3 5 0 0]
 [4 0 0 0 0 0]
 [1 2 3 4 5 0]
 [1 2 3 4 5 0]
 [1 2 3 5 0 0]
 [1 4 3 0 0 0]]
vars_synt_compact= [[1 2 0 0 0 0]
 [5 0 0 0 0 0]
 [1 2 0 0 0 0]
 [1 2 1 0 0 0]
 [1 5 0 0 0 0]
 [0 0 0 0 0 0]
 [1 2 0 0 0 0]
 [1 2 0 0 0 0]
 [1 5 0 0 0 0]
 [1 2 0 0 0 0]]
    average_reward(gen)= 9.378
    average_reward(real)= 17.835
    pct_valid(gen)= 0.02
    pct_loc_invalid(gen)= 0.535
    pct_dis_invalid(gen)= 0.0
    pct_strict_subset(gen)= 0.43
    pct_empty(gen)= 0.026
    pct_valid(real)= 1.0
    pct_loc_invalid(real)= 0.0
    pct_dis_invalid(real)= 0.0
    pct_strict_subset(real)= 0.0
    pct_empty(real)= 0.0
    d_loss=tensor(0.3734, grad_fn=<BinaryCrossEntropyBackward>)
    g_loss=tensor(1.5311, grad_fn=<NegBackward>)
[after  180  iterations]
vars_real_compact= [[5 2 3 4 0 0]
 [3 5 0 0 0 0]
 [3 0 0 0 0 0]
 [1 0 0 0 0 0]
 [1 2 3 4 5 0]
 [4 5 3 0 0 0]
 [1 2 5 0 0 0]
 [1 2 3 0 0 0]
 [3 0 0 0 0 0]
 [5 0 0 0 0 0]]
vars_synt_compact= [[1 2 1 0 0 0]
 [1 2 1 0 0 0]
 [1 2 1 0 0 0]
 [1 5 0 0 0 0]
 [1 2 1 0 0 0]
 [1 5 0 0 0 0]
 [1 2 1 0 0 0]
 [1 0 0 0 0 0]
 [1 2 1 0 0 0]
 [1 2 1 0 0 0]]
    average_reward(gen)= 11.97
    average_reward(real)= 17.685
    pct_valid(gen)= 0.012
    pct_loc_invalid(gen)= 0.872
    pct_dis_invalid(gen)= 0.0
    pct_strict_subset(gen)= 0.411
    pct_empty(gen)= 0.021
    pct_valid(real)= 1.0
    pct_loc_invalid(real)= 0.0
    pct_dis_invalid(real)= 0.0
    pct_strict_subset(real)= 0.0
    pct_empty(real)= 0.0
    d_loss=tensor(0.4071, grad_fn=<BinaryCrossEntropyBackward>)
    g_loss=tensor(1.1882, grad_fn=<NegBackward>)
[after  190  iterations]
vars_real_compact= [[1 2 3 4 5 0]
 [3 2 0 0 0 0]
 [5 2 3 4 0 0]
 [1 0 0 0 0 0]
 [1 2 3 4 5 0]
 [1 2 0 0 0 0]
 [1 2 4 0 0 0]
 [1 5 3 0 0 0]
 [1 2 0 0 0 0]
 [1 2 3 5 0 0]]
vars_synt_compact= [[1 2 1 0 0 0]
 [0 0 0 0 0 0]
 [1 2 1 0 0 0]
 [1 5 1 0 0 0]
 [1 2 1 0 0 0]
 [1 0 0 0 0 0]
 [1 2 1 0 0 0]
 [0 0 0 0 0 0]
 [1 5 0 0 0 0]
 [1 2 1 0 0 0]]
    average_reward(gen)= 10.564
    average_reward(real)= 17.63
    pct_valid(gen)= 0.012
    pct_loc_invalid(gen)= 0.837
    pct_dis_invalid(gen)= 0.0
    pct_strict_subset(gen)= 0.4
    pct_empty(gen)= 0.045
    pct_valid(real)= 1.0
    pct_loc_invalid(real)= 0.0
    pct_dis_invalid(real)= 0.0
    pct_strict_subset(real)= 0.0
    pct_empty(real)= 0.0
    d_loss=tensor(0.3485, grad_fn=<BinaryCrossEntropyBackward>)
    g_loss=tensor(1.3957, grad_fn=<NegBackward>)
[after  200  iterations]
vars_real_compact= [[5 2 3 0 0 0]
 [3 4 0 0 0 0]
 [1 2 3 4 5 0]
 [5 0 0 0 0 0]
 [4 5 0 0 0 0]
 [4 5 3 0 0 0]
 [4 5 0 0 0 0]
 [1 2 3 4 5 0]
 [1 2 3 4 0 0]
 [4 2 3 0 0 0]]
vars_synt_compact= [[1 0 0 0 0 0]
 [1 5 1 0 0 0]
 [1 2 1 0 0 0]
 [1 5 0 0 0 0]
 [1 0 0 0 0 0]
 [1 2 1 0 0 0]
 [1 5 0 0 0 0]
 [1 5 0 0 0 0]
 [0 0 0 0 0 0]
 [1 5 0 0 0 0]]
    average_reward(gen)= 7.551
    average_reward(real)= 18.027
    pct_valid(gen)= 0.023
    pct_loc_invalid(gen)= 0.57
    pct_dis_invalid(gen)= 0.0
    pct_strict_subset(gen)= 0.424
    pct_empty(gen)= 0.136
    pct_valid(real)= 1.0
    pct_loc_invalid(real)= 0.0
    pct_dis_invalid(real)= 0.0
    pct_strict_subset(real)= 0.0
    pct_empty(real)= 0.0
    d_loss=tensor(0.3201, grad_fn=<BinaryCrossEntropyBackward>)
    g_loss=tensor(1.6265, grad_fn=<NegBackward>)
[after  210  iterations]
vars_real_compact= [[1 4 0 0 0 0]
 [3 0 0 0 0 0]
 [1 2 3 4 5 0]
 [1 4 0 0 0 0]
 [1 2 0 0 0 0]
 [3 2 0 0 0 0]
 [1 0 0 0 0 0]
 [4 5 3 0 0 0]
 [1 2 3 4 0 0]
 [4 5 3 0 0 0]]
vars_synt_compact= [[1 5 0 0 0 0]
 [0 0 0 0 0 0]
 [1 2 0 0 0 0]
 [1 0 0 0 0 0]
 [0 0 0 0 0 0]
 [0 0 0 0 0 0]
 [1 2 0 0 0 0]
 [1 2 0 0 0 0]
 [1 2 1 0 0 0]
 [1 0 0 0 0 0]]
    average_reward(gen)= 6.935
    average_reward(real)= 17.195
    pct_valid(gen)= 0.021
    pct_loc_invalid(gen)= 0.47
    pct_dis_invalid(gen)= 0.0
    pct_strict_subset(gen)= 0.403
    pct_empty(gen)= 0.177
    pct_valid(real)= 1.0
    pct_loc_invalid(real)= 0.0
    pct_dis_invalid(real)= 0.0
    pct_strict_subset(real)= 0.0
    pct_empty(real)= 0.0
    d_loss=tensor(0.2892, grad_fn=<BinaryCrossEntropyBackward>)
    g_loss=tensor(1.7737, grad_fn=<NegBackward>)
[after  220  iterations]
vars_real_compact= [[1 5 3 4 0 0]
 [1 2 3 4 5 0]
 [5 2 3 4 0 0]
 [3 0 0 0 0 0]
 [4 0 0 0 0 0]
 [1 5 3 0 0 0]
 [4 0 0 0 0 0]
 [1 2 5 0 0 0]
 [4 2 5 0 0 0]
 [1 5 3 4 0 0]]
vars_synt_compact= [[1 0 0 0 0 0]
 [1 2 0 0 0 0]
 [1 2 0 0 0 0]
 [1 0 0 0 0 0]
 [1 5 0 0 0 0]
 [1 2 0 0 0 0]
 [1 2 1 0 0 0]
 [1 0 0 0 0 0]
 [1 5 0 0 0 0]
 [1 0 0 0 0 0]]
    average_reward(gen)= 6.783
    average_reward(real)= 17.011
    pct_valid(gen)= 0.019
    pct_loc_invalid(gen)= 0.428
    pct_dis_invalid(gen)= 0.0
    pct_strict_subset(gen)= 0.411
    pct_empty(gen)= 0.175
    pct_valid(real)= 1.0
    pct_loc_invalid(real)= 0.0
    pct_dis_invalid(real)= 0.0
    pct_strict_subset(real)= 0.0
    pct_empty(real)= 0.0
    d_loss=tensor(0.4032, grad_fn=<BinaryCrossEntropyBackward>)
    g_loss=tensor(1.7692, grad_fn=<NegBackward>)
[after  230  iterations]
vars_real_compact= [[1 5 0 0 0 0]
 [3 0 0 0 0 0]
 [5 0 0 0 0 0]
 [1 4 0 0 0 0]
 [1 0 0 0 0 0]
 [3 4 0 0 0 0]
 [4 0 0 0 0 0]
 [1 2 3 4 0 0]
 [1 2 5 4 0 0]
 [3 4 0 0 0 0]]
vars_synt_compact= [[1 0 0 0 0 0]
 [0 0 0 0 0 0]
 [1 0 0 0 0 0]
 [5 0 0 0 0 0]
 [1 2 0 0 0 0]
 [1 2 1 0 0 0]
 [1 2 1 0 0 0]
 [1 5 0 0 0 0]
 [1 0 0 0 0 0]
 [1 5 0 0 0 0]]
    average_reward(gen)= 7.274
    average_reward(real)= 16.947
    pct_valid(gen)= 0.025
    pct_loc_invalid(gen)= 0.493
    pct_dis_invalid(gen)= 0.0
    pct_strict_subset(gen)= 0.431
    pct_empty(gen)= 0.105
    pct_valid(real)= 1.0
    pct_loc_invalid(real)= 0.0
    pct_dis_invalid(real)= 0.0
    pct_strict_subset(real)= 0.0
    pct_empty(real)= 0.0
    d_loss=tensor(0.3009, grad_fn=<BinaryCrossEntropyBackward>)
    g_loss=tensor(1.2143, grad_fn=<NegBackward>)
[after  240  iterations]
vars_real_compact= [[1 2 5 0 0 0]
 [1 2 5 4 0 0]
 [4 5 3 0 0 0]
 [4 0 0 0 0 0]
 [3 0 0 0 0 0]
 [1 2 3 4 5 0]
 [1 2 3 4 0 0]
 [1 3 0 0 0 0]
 [1 0 0 0 0 0]
 [1 0 0 0 0 0]]
vars_synt_compact= [[1 2 0 0 0 0]
 [5 0 0 0 0 0]
 [5 0 0 0 0 0]
 [1 2 0 0 0 0]
 [5 0 0 0 0 0]
 [1 0 0 0 0 0]
 [1 2 0 0 0 0]
 [1 0 0 0 0 0]
 [5 0 0 0 0 0]
 [1 2 0 0 0 0]]
    average_reward(gen)= 7.343
    average_reward(real)= 17.677
    pct_valid(gen)= 0.038
    pct_loc_invalid(gen)= 0.493
    pct_dis_invalid(gen)= 0.0
    pct_strict_subset(gen)= 0.461
    pct_empty(gen)= 0.027
    pct_valid(real)= 1.0
    pct_loc_invalid(real)= 0.0
    pct_dis_invalid(real)= 0.0
    pct_strict_subset(real)= 0.0
    pct_empty(real)= 0.0
    d_loss=tensor(0.2572, grad_fn=<BinaryCrossEntropyBackward>)
    g_loss=tensor(2.1163, grad_fn=<NegBackward>)
[after  250  iterations]
vars_real_compact= [[3 2 0 0 0 0]
 [1 2 3 4 5 0]
 [4 0 0 0 0 0]
 [1 5 3 0 0 0]
 [4 5 0 0 0 0]
 [1 5 0 0 0 0]
 [5 2 3 4 0 0]
 [1 3 0 0 0 0]
 [1 2 3 4 5 0]
 [1 4 5 0 0 0]]
vars_synt_compact= [[5 0 0 0 0 0]
 [5 0 0 0 0 0]
 [5 0 0 0 0 0]
 [1 2 0 0 0 0]
 [1 2 0 0 0 0]
 [5 0 0 0 0 0]
 [5 0 0 0 0 0]
 [5 0 0 0 0 0]
 [1 0 0 0 0 0]
 [5 0 0 0 0 0]]
    average_reward(gen)= 7.133
    average_reward(real)= 17.296
    pct_valid(gen)= 0.02
    pct_loc_invalid(gen)= 0.524
    pct_dis_invalid(gen)= 0.0
    pct_strict_subset(gen)= 0.457
    pct_empty(gen)= 0.0
    pct_valid(real)= 1.0
    pct_loc_invalid(real)= 0.0
    pct_dis_invalid(real)= 0.0
    pct_strict_subset(real)= 0.0
    pct_empty(real)= 0.0
    d_loss=tensor(0.2952, grad_fn=<BinaryCrossEntropyBackward>)
    g_loss=tensor(1.6947, grad_fn=<NegBackward>)
[after  260  iterations]
vars_real_compact= [[1 2 3 4 5 0]
 [1 2 5 4 0 0]
 [1 2 0 0 0 0]
 [1 2 5 4 0 0]
 [1 2 3 4 5 0]
 [5 2 0 0 0 0]
 [1 2 3 4 5 0]
 [1 2 3 4 5 0]
 [1 4 5 0 0 0]
 [5 2 3 4 0 0]]
vars_synt_compact= [[1 2 0 0 0 0]
 [1 0 0 0 0 0]
 [5 0 0 0 0 0]
 [1 5 0 0 0 0]
 [1 2 0 0 0 0]
 [1 5 0 0 0 0]
 [1 0 0 0 0 0]
 [1 2 0 0 0 0]
 [5 0 0 0 0 0]
 [5 0 0 0 0 0]]
    average_reward(gen)= 7.585
    average_reward(real)= 17.8
    pct_valid(gen)= 0.025
    pct_loc_invalid(gen)= 0.521
    pct_dis_invalid(gen)= 0.0
    pct_strict_subset(gen)= 0.456
    pct_empty(gen)= 0.0
    pct_valid(real)= 1.0
    pct_loc_invalid(real)= 0.0
    pct_dis_invalid(real)= 0.0
    pct_strict_subset(real)= 0.0
    pct_empty(real)= 0.0
    d_loss=tensor(0.2989, grad_fn=<BinaryCrossEntropyBackward>)
    g_loss=tensor(2.1077, grad_fn=<NegBackward>)
[after  270  iterations]
vars_real_compact= [[1 2 3 0 0 0]
 [1 5 0 0 0 0]
 [4 2 5 0 0 0]
 [1 2 3 4 5 0]
 [5 0 0 0 0 0]
 [1 5 0 0 0 0]
 [1 2 3 4 5 0]
 [4 2 0 0 0 0]
 [1 2 3 4 5 0]
 [5 2 3 0 0 0]]
vars_synt_compact= [[1 5 0 0 0 0]
 [4 5 0 0 0 0]
 [1 4 0 0 0 0]
 [1 4 0 0 0 0]
 [5 0 0 0 0 0]
 [4 5 0 0 0 0]
 [1 4 4 0 0 0]
 [4 0 0 0 0 0]
 [4 0 0 0 0 0]
 [1 4 5 0 0 0]]
    average_reward(gen)= 6.654
    average_reward(real)= 17.298
    pct_valid(gen)= 0.034
    pct_loc_invalid(gen)= 0.617
    pct_dis_invalid(gen)= 0.0
    pct_strict_subset(gen)= 0.369
    pct_empty(gen)= 0.0
    pct_valid(real)= 1.0
    pct_loc_invalid(real)= 0.0
    pct_dis_invalid(real)= 0.0
    pct_strict_subset(real)= 0.0
    pct_empty(real)= 0.0
    d_loss=tensor(0.3478, grad_fn=<BinaryCrossEntropyBackward>)
    g_loss=tensor(1.9903, grad_fn=<NegBackward>)
[after  280  iterations]
vars_real_compact= [[1 5 3 0 0 0]
 [1 2 3 4 5 0]
 [1 2 3 4 5 0]
 [4 0 0 0 0 0]
 [1 2 3 4 5 0]
 [4 5 0 0 0 0]
 [1 2 3 0 0 0]
 [1 5 3 4 0 0]
 [4 2 3 0 0 0]
 [5 2 3 4 0 0]]
vars_synt_compact= [[1 4 0 0 0 0]
 [1 4 4 5 0 0]
 [4 0 0 0 0 0]
 [1 4 4 4 5 0]
 [4 5 0 0 0 0]
 [4 5 0 0 0 0]
 [1 4 5 0 0 0]
 [1 4 0 0 0 0]
 [1 5 0 0 0 0]
 [1 4 5 0 0 0]]
    average_reward(gen)= 7.326
    average_reward(real)= 18.129
    pct_valid(gen)= 0.022
    pct_loc_invalid(gen)= 0.673
    pct_dis_invalid(gen)= 0.0
    pct_strict_subset(gen)= 0.383
    pct_empty(gen)= 0.0
    pct_valid(real)= 1.0
    pct_loc_invalid(real)= 0.0
    pct_dis_invalid(real)= 0.0
    pct_strict_subset(real)= 0.0
    pct_empty(real)= 0.0
    d_loss=tensor(0.3786, grad_fn=<BinaryCrossEntropyBackward>)
    g_loss=tensor(1.8247, grad_fn=<NegBackward>)
[after  290  iterations]
vars_real_compact= [[1 2 3 4 0 0]
 [1 2 3 4 5 0]
 [1 4 5 0 0 0]
 [1 2 0 0 0 0]
 [1 4 0 0 0 0]
 [1 2 3 5 0 0]
 [1 4 5 0 0 0]
 [1 0 0 0 0 0]
 [1 2 0 0 0 0]
 [1 0 0 0 0 0]]
vars_synt_compact= [[1 4 4 0 0 0]
 [4 0 0 0 0 0]
 [1 4 0 0 0 0]
 [1 4 5 0 0 0]
 [1 1 4 4 4 5]
 [4 0 0 0 0 0]
 [4 0 0 0 0 0]
 [4 0 0 0 0 0]
 [4 0 0 0 0 0]
 [1 5 0 0 0 0]]
    average_reward(gen)= 9.155
    average_reward(real)= 17.695
    pct_valid(gen)= 0.026
    pct_loc_invalid(gen)= 0.713
    pct_dis_invalid(gen)= 0.0
    pct_strict_subset(gen)= 0.408
    pct_empty(gen)= 0.0
    pct_valid(real)= 1.0
    pct_loc_invalid(real)= 0.0
    pct_dis_invalid(real)= 0.0
    pct_strict_subset(real)= 0.0
    pct_empty(real)= 0.0
    d_loss=tensor(0.2806, grad_fn=<BinaryCrossEntropyBackward>)
    g_loss=tensor(2.1755, grad_fn=<NegBackward>)
[after  300  iterations]
vars_real_compact= [[1 2 5 4 0 0]
 [1 2 5 4 0 0]
 [4 5 3 0 0 0]
 [1 4 3 0 0 0]
 [5 0 0 0 0 0]
 [5 0 0 0 0 0]
 [1 0 0 0 0 0]
 [1 2 3 4 0 0]
 [4 0 0 0 0 0]
 [1 2 5 0 0 0]]
vars_synt_compact= [[1 4 0 0 0 0]
 [4 0 0 0 0 0]
 [1 4 0 0 0 0]
 [1 4 4 4 0 0]
 [4 0 0 0 0 0]
 [1 4 4 0 0 0]
 [1 4 0 0 0 0]
 [1 4 0 0 0 0]
 [4 0 0 0 0 0]
 [1 4 4 4 0 0]]
    average_reward(gen)= 7.919
    average_reward(real)= 17.888
    pct_valid(gen)= 0.024
    pct_loc_invalid(gen)= 0.679
    pct_dis_invalid(gen)= 0.0
    pct_strict_subset(gen)= 0.467
    pct_empty(gen)= 0.0
    pct_valid(real)= 1.0
    pct_loc_invalid(real)= 0.0
    pct_dis_invalid(real)= 0.0
    pct_strict_subset(real)= 0.0
    pct_empty(real)= 0.0
    d_loss=tensor(0.2560, grad_fn=<BinaryCrossEntropyBackward>)
    g_loss=tensor(1.7863, grad_fn=<NegBackward>)
[after  310  iterations]
vars_real_compact= [[1 0 0 0 0 0]
 [1 0 0 0 0 0]
 [1 2 5 4 0 0]
 [1 2 3 4 5 0]
 [1 5 3 4 0 0]
 [1 2 3 4 0 0]
 [4 5 0 0 0 0]
 [5 2 3 0 0 0]
 [1 2 5 4 0 0]
 [4 2 5 0 0 0]]
vars_synt_compact= [[1 4 0 0 0 0]
 [1 1 4 4 4 0]
 [1 4 4 0 0 0]
 [1 1 4 4 0 0]
 [1 4 0 0 0 0]
 [4 0 0 0 0 0]
 [4 0 0 0 0 0]
 [1 4 0 0 0 0]
 [4 0 0 0 0 0]
 [1 1 1 4 4 0]]
    average_reward(gen)= 7.725
    average_reward(real)= 17.963
    pct_valid(gen)= 0.02
    pct_loc_invalid(gen)= 0.647
    pct_dis_invalid(gen)= 0.0
    pct_strict_subset(gen)= 0.476
    pct_empty(gen)= 0.0
    pct_valid(real)= 1.0
    pct_loc_invalid(real)= 0.0
    pct_dis_invalid(real)= 0.0
    pct_strict_subset(real)= 0.0
    pct_empty(real)= 0.0
    d_loss=tensor(0.2862, grad_fn=<BinaryCrossEntropyBackward>)
    g_loss=tensor(1.5809, grad_fn=<NegBackward>)
[after  320  iterations]
vars_real_compact= [[3 4 0 0 0 0]
 [1 2 3 4 5 0]
 [1 2 4 0 0 0]
 [1 4 0 0 0 0]
 [1 2 4 0 0 0]
 [1 2 3 4 5 0]
 [5 2 3 4 0 0]
 [1 2 3 4 5 0]
 [1 2 3 4 0 0]
 [1 2 3 4 5 0]]
vars_synt_compact= [[4 0 0 0 0 0]
 [1 4 0 0 0 0]
 [1 1 4 0 0 0]
 [1 0 0 0 0 0]
 [4 0 0 0 0 0]
 [1 1 4 4 0 0]
 [1 1 4 4 0 0]
 [1 4 0 0 0 0]
 [1 1 4 4 0 0]
 [4 0 0 0 0 0]]
    average_reward(gen)= 6.7
    average_reward(real)= 17.457
    pct_valid(gen)= 0.027
    pct_loc_invalid(gen)= 0.611
    pct_dis_invalid(gen)= 0.0
    pct_strict_subset(gen)= 0.458
    pct_empty(gen)= 0.0
    pct_valid(real)= 1.0
    pct_loc_invalid(real)= 0.0
    pct_dis_invalid(real)= 0.0
    pct_strict_subset(real)= 0.0
    pct_empty(real)= 0.0
    d_loss=tensor(0.2807, grad_fn=<BinaryCrossEntropyBackward>)
    g_loss=tensor(2.2615, grad_fn=<NegBackward>)
[after  330  iterations]
vars_real_compact= [[1 2 3 0 0 0]
 [1 4 3 0 0 0]
 [4 2 5 0 0 0]
 [2 0 0 0 0 0]
 [1 2 3 4 5 0]
 [1 4 3 0 0 0]
 [3 4 0 0 0 0]
 [4 0 0 0 0 0]
 [1 2 3 4 0 0]
 [5 2 3 4 0 0]]
vars_synt_compact= [[1 4 0 0 0 0]
 [4 0 0 0 0 0]
 [1 4 0 0 0 0]
 [4 0 0 0 0 0]
 [4 0 0 0 0 0]
 [1 4 4 0 0 0]
 [1 3 4 0 0 0]
 [4 0 0 0 0 0]
 [4 0 0 0 0 0]
 [1 4 0 0 0 0]]
    average_reward(gen)= 7.024
    average_reward(real)= 16.505
    pct_valid(gen)= 0.034
    pct_loc_invalid(gen)= 0.592
    pct_dis_invalid(gen)= 0.0
    pct_strict_subset(gen)= 0.428
    pct_empty(gen)= 0.0
    pct_valid(real)= 1.0
    pct_loc_invalid(real)= 0.0
    pct_dis_invalid(real)= 0.0
    pct_strict_subset(real)= 0.0
    pct_empty(real)= 0.0
    d_loss=tensor(0.3475, grad_fn=<BinaryCrossEntropyBackward>)
    g_loss=tensor(2.5088, grad_fn=<NegBackward>)
[after  340  iterations]
vars_real_compact= [[1 2 3 5 0 0]
 [1 2 3 4 5 0]
 [1 2 5 4 0 0]
 [3 2 0 0 0 0]
 [1 4 5 0 0 0]
 [1 2 3 4 5 0]
 [4 2 5 0 0 0]
 [1 2 3 4 5 0]
 [5 2 3 4 0 0]
 [1 2 3 4 5 0]]
vars_synt_compact= [[1 4 0 0 0 0]
 [1 4 0 0 0 0]
 [1 3 3 4 0 0]
 [4 0 0 0 0 0]
 [1 4 0 0 0 0]
 [4 0 0 0 0 0]
 [4 0 0 0 0 0]
 [4 0 0 0 0 0]
 [4 0 0 0 0 0]
 [1 3 4 0 0 0]]
    average_reward(gen)= 6.864
    average_reward(real)= 17.471
    pct_valid(gen)= 0.04
    pct_loc_invalid(gen)= 0.55
    pct_dis_invalid(gen)= 0.0
    pct_strict_subset(gen)= 0.451
    pct_empty(gen)= 0.0
    pct_valid(real)= 1.0
    pct_loc_invalid(real)= 0.0
    pct_dis_invalid(real)= 0.0
    pct_strict_subset(real)= 0.0
    pct_empty(real)= 0.0
    d_loss=tensor(0.2937, grad_fn=<BinaryCrossEntropyBackward>)
    g_loss=tensor(1.8749, grad_fn=<NegBackward>)
[after  350  iterations]
vars_real_compact= [[1 2 3 4 5 0]
 [1 5 0 0 0 0]
 [4 5 0 0 0 0]
 [4 2 3 0 0 0]
 [1 5 0 0 0 0]
 [1 2 3 4 5 0]
 [1 4 3 0 0 0]
 [1 2 3 4 5 0]
 [4 2 5 0 0 0]
 [4 0 0 0 0 0]]
vars_synt_compact= [[3 4 0 0 0 0]
 [4 0 0 0 0 0]
 [4 0 0 0 0 0]
 [4 0 0 0 0 0]
 [1 4 0 0 0 0]
 [4 0 0 0 0 0]
 [3 4 0 0 0 0]
 [4 0 0 0 0 0]
 [4 0 0 0 0 0]
 [4 0 0 0 0 0]]
    average_reward(gen)= 6.952
    average_reward(real)= 17.59
    pct_valid(gen)= 0.027
    pct_loc_invalid(gen)= 0.602
    pct_dis_invalid(gen)= 0.0
    pct_strict_subset(gen)= 0.413
    pct_empty(gen)= 0.0
    pct_valid(real)= 1.0
    pct_loc_invalid(real)= 0.0
    pct_dis_invalid(real)= 0.0
    pct_strict_subset(real)= 0.0
    pct_empty(real)= 0.0
    d_loss=tensor(0.2716, grad_fn=<BinaryCrossEntropyBackward>)
    g_loss=tensor(2.4094, grad_fn=<NegBackward>)
[after  360  iterations]
vars_real_compact= [[1 2 3 4 5 0]
 [1 2 3 4 5 0]
 [4 2 0 0 0 0]
 [1 5 3 4 0 0]
 [1 2 3 5 0 0]
 [1 2 3 4 5 0]
 [4 2 5 0 0 0]
 [1 2 3 4 5 0]
 [1 0 0 0 0 0]
 [1 5 3 4 0 0]]
vars_synt_compact= [[1 4 0 0 0 0]
 [1 3 3 4 0 0]
 [1 3 3 4 0 0]
 [4 0 0 0 0 0]
 [4 0 0 0 0 0]
 [1 4 0 0 0 0]
 [1 4 0 0 0 0]
 [4 0 0 0 0 0]
 [1 3 3 3 0 0]
 [3 3 0 0 0 0]]
    average_reward(gen)= 5.788
    average_reward(real)= 17.223
    pct_valid(gen)= 0.035
    pct_loc_invalid(gen)= 0.56
    pct_dis_invalid(gen)= 0.0
    pct_strict_subset(gen)= 0.443
    pct_empty(gen)= 0.0
    pct_valid(real)= 1.0
    pct_loc_invalid(real)= 0.0
    pct_dis_invalid(real)= 0.0
    pct_strict_subset(real)= 0.0
    pct_empty(real)= 0.0
    d_loss=tensor(0.2399, grad_fn=<BinaryCrossEntropyBackward>)
    g_loss=tensor(2.1832, grad_fn=<NegBackward>)
[after  370  iterations]
vars_real_compact= [[1 2 3 4 5 0]
 [3 0 0 0 0 0]
 [1 2 5 4 0 0]
 [1 0 0 0 0 0]
 [2 0 0 0 0 0]
 [1 0 0 0 0 0]
 [1 2 3 4 5 0]
 [1 2 3 5 0 0]
 [1 2 5 4 0 0]
 [1 2 3 5 0 0]]
vars_synt_compact= [[1 3 4 0 0 0]
 [4 0 0 0 0 0]
 [1 3 3 4 0 0]
 [4 0 0 0 0 0]
 [1 3 4 0 0 0]
 [1 4 0 0 0 0]
 [4 0 0 0 0 0]
 [4 0 0 0 0 0]
 [1 4 0 0 0 0]
 [1 4 0 0 0 0]]
    average_reward(gen)= 5.248
    average_reward(real)= 17.325
    pct_valid(gen)= 0.041
    pct_loc_invalid(gen)= 0.527
    pct_dis_invalid(gen)= 0.0
    pct_strict_subset(gen)= 0.452
    pct_empty(gen)= 0.0
    pct_valid(real)= 1.0
    pct_loc_invalid(real)= 0.0
    pct_dis_invalid(real)= 0.0
    pct_strict_subset(real)= 0.0
    pct_empty(real)= 0.0
    d_loss=tensor(0.2363, grad_fn=<BinaryCrossEntropyBackward>)
    g_loss=tensor(2.5717, grad_fn=<NegBackward>)
[after  380  iterations]
vars_real_compact= [[2 0 0 0 0 0]
 [1 5 3 0 0 0]
 [1 0 0 0 0 0]
 [1 2 3 4 5 0]
 [1 4 5 0 0 0]
 [5 2 3 4 0 0]
 [1 4 5 0 0 0]
 [5 0 0 0 0 0]
 [1 2 3 4 5 0]
 [3 2 0 0 0 0]]
vars_synt_compact= [[1 3 3 4 0 0]
 [4 0 0 0 0 0]
 [4 0 0 0 0 0]
 [4 0 0 0 0 0]
 [4 0 0 0 0 0]
 [1 3 3 5 0 0]
 [1 3 3 5 0 0]
 [4 0 0 0 0 0]
 [4 0 0 0 0 0]
 [3 5 0 0 0 0]]
    average_reward(gen)= 5.954
    average_reward(real)= 17.934
    pct_valid(gen)= 0.023
    pct_loc_invalid(gen)= 0.567
    pct_dis_invalid(gen)= 0.0
    pct_strict_subset(gen)= 0.432
    pct_empty(gen)= 0.0
    pct_valid(real)= 1.0
    pct_loc_invalid(real)= 0.0
    pct_dis_invalid(real)= 0.0
    pct_strict_subset(real)= 0.0
    pct_empty(real)= 0.0
    d_loss=tensor(0.2059, grad_fn=<BinaryCrossEntropyBackward>)
    g_loss=tensor(1.9666, grad_fn=<NegBackward>)
[after  390  iterations]
vars_real_compact= [[1 2 3 4 5 0]
 [1 0 0 0 0 0]
 [1 2 3 4 5 0]
 [1 2 3 4 5 0]
 [4 2 3 0 0 0]
 [5 2 3 4 0 0]
 [1 5 3 4 0 0]
 [1 2 5 0 0 0]
 [4 5 0 0 0 0]
 [1 2 3 4 5 0]]
vars_synt_compact= [[4 5 0 0 0 0]
 [1 5 0 0 0 0]
 [1 4 5 0 0 0]
 [1 4 0 0 0 0]
 [4 0 0 0 0 0]
 [3 5 0 0 0 0]
 [4 5 0 0 0 0]
 [4 5 0 0 0 0]
 [1 5 0 0 0 0]
 [4 5 0 0 0 0]]
    average_reward(gen)= 6.387
    average_reward(real)= 17.378
    pct_valid(gen)= 0.023
    pct_loc_invalid(gen)= 0.618
    pct_dis_invalid(gen)= 0.0
    pct_strict_subset(gen)= 0.385
    pct_empty(gen)= 0.0
    pct_valid(real)= 1.0
    pct_loc_invalid(real)= 0.0
    pct_dis_invalid(real)= 0.0
    pct_strict_subset(real)= 0.0
    pct_empty(real)= 0.0
    d_loss=tensor(0.2324, grad_fn=<BinaryCrossEntropyBackward>)
    g_loss=tensor(2.3313, grad_fn=<NegBackward>)
[after  400  iterations]
vars_real_compact= [[3 0 0 0 0 0]
 [1 2 3 4 5 0]
 [1 2 3 4 5 0]
 [3 5 0 0 0 0]
 [1 5 0 0 0 0]
 [4 5 0 0 0 0]
 [1 2 4 0 0 0]
 [3 4 0 0 0 0]
 [4 0 0 0 0 0]
 [5 2 0 0 0 0]]
vars_synt_compact= [[4 0 0 0 0 0]
 [1 3 3 4 0 0]
 [4 0 0 0 0 0]
 [4 5 0 0 0 0]
 [4 5 0 0 0 0]
 [4 0 0 0 0 0]
 [1 3 4 0 0 0]
 [1 5 0 0 0 0]
 [4 0 0 0 0 0]
 [4 0 0 0 0 0]]
    average_reward(gen)= 6.525
    average_reward(real)= 17.226
    pct_valid(gen)= 0.02
    pct_loc_invalid(gen)= 0.632
    pct_dis_invalid(gen)= 0.0
    pct_strict_subset(gen)= 0.374
    pct_empty(gen)= 0.0
    pct_valid(real)= 1.0
    pct_loc_invalid(real)= 0.0
    pct_dis_invalid(real)= 0.0
    pct_strict_subset(real)= 0.0
    pct_empty(real)= 0.0
    d_loss=tensor(0.2147, grad_fn=<BinaryCrossEntropyBackward>)
    g_loss=tensor(2.5984, grad_fn=<NegBackward>)
[after  410  iterations]
vars_real_compact= [[5 2 3 4 0 0]
 [1 2 3 4 5 0]
 [4 5 0 0 0 0]
 [1 2 5 4 0 0]
 [1 0 0 0 0 0]
 [4 2 0 0 0 0]
 [3 2 0 0 0 0]
 [1 2 3 5 0 0]
 [1 0 0 0 0 0]
 [1 4 3 0 0 0]]
vars_synt_compact= [[1 5 0 0 0 0]
 [1 4 0 0 0 0]
 [1 5 0 0 0 0]
 [4 5 0 0 0 0]
 [1 3 3 5 0 0]
 [4 5 0 0 0 0]
 [4 0 0 0 0 0]
 [1 3 3 4 0 0]
 [1 3 3 4 0 0]
 [1 5 0 0 0 0]]
    average_reward(gen)= 6.34
    average_reward(real)= 16.782
    pct_valid(gen)= 0.027
    pct_loc_invalid(gen)= 0.614
    pct_dis_invalid(gen)= 0.0
    pct_strict_subset(gen)= 0.376
    pct_empty(gen)= 0.0
    pct_valid(real)= 1.0
    pct_loc_invalid(real)= 0.0
    pct_dis_invalid(real)= 0.0
    pct_strict_subset(real)= 0.0
    pct_empty(real)= 0.0
    d_loss=tensor(0.2768, grad_fn=<BinaryCrossEntropyBackward>)
    g_loss=tensor(3.1197, grad_fn=<NegBackward>)
[after  420  iterations]
vars_real_compact= [[1 2 3 4 5 0]
 [1 3 0 0 0 0]
 [1 2 4 0 0 0]
 [1 4 3 0 0 0]
 [3 0 0 0 0 0]
 [1 2 3 4 0 0]
 [1 2 5 0 0 0]
 [3 4 0 0 0 0]
 [1 3 0 0 0 0]
 [5 0 0 0 0 0]]
vars_synt_compact= [[4 5 0 0 0 0]
 [1 4 0 0 0 0]
 [4 0 0 0 0 0]
 [1 4 0 0 0 0]
 [1 4 0 0 0 0]
 [1 4 0 0 0 0]
 [1 4 0 0 0 0]
 [4 5 0 0 0 0]
 [1 5 0 0 0 0]
 [1 4 0 0 0 0]]
    average_reward(gen)= 7.067
    average_reward(real)= 17.121
    pct_valid(gen)= 0.026
    pct_loc_invalid(gen)= 0.614
    pct_dis_invalid(gen)= 0.0
    pct_strict_subset(gen)= 0.395
    pct_empty(gen)= 0.0
    pct_valid(real)= 1.0
    pct_loc_invalid(real)= 0.0
    pct_dis_invalid(real)= 0.0
    pct_strict_subset(real)= 0.0
    pct_empty(real)= 0.0
    d_loss=tensor(0.2234, grad_fn=<BinaryCrossEntropyBackward>)
    g_loss=tensor(1.5618, grad_fn=<NegBackward>)
[after  430  iterations]
vars_real_compact= [[4 2 5 0 0 0]
 [5 0 0 0 0 0]
 [5 0 0 0 0 0]
 [4 2 0 0 0 0]
 [1 2 3 4 0 0]
 [3 0 0 0 0 0]
 [1 2 3 4 5 0]
 [3 0 0 0 0 0]
 [1 2 3 0 0 0]
 [3 0 0 0 0 0]]
vars_synt_compact= [[1 5 0 0 0 0]
 [1 3 4 0 0 0]
 [4 0 0 0 0 0]
 [4 0 0 0 0 0]
 [4 5 0 0 0 0]
 [1 5 0 0 0 0]
 [1 4 0 0 0 0]
 [1 3 0 0 0 0]
 [1 3 3 4 0 0]
 [1 3 0 0 0 0]]
    average_reward(gen)= 6.453
    average_reward(real)= 17.839
    pct_valid(gen)= 0.019
    pct_loc_invalid(gen)= 0.571
    pct_dis_invalid(gen)= 0.0
    pct_strict_subset(gen)= 0.439
    pct_empty(gen)= 0.0
    pct_valid(real)= 1.0
    pct_loc_invalid(real)= 0.0
    pct_dis_invalid(real)= 0.0
    pct_strict_subset(real)= 0.0
    pct_empty(real)= 0.0
    d_loss=tensor(0.2141, grad_fn=<BinaryCrossEntropyBackward>)
    g_loss=tensor(1.7085, grad_fn=<NegBackward>)
[after  440  iterations]
vars_real_compact= [[5 2 3 0 0 0]
 [5 2 3 4 0 0]
 [5 0 0 0 0 0]
 [1 2 3 5 0 0]
 [1 2 3 4 5 0]
 [4 2 5 0 0 0]
 [1 2 3 4 0 0]
 [4 0 0 0 0 0]
 [1 4 5 0 0 0]
 [2 0 0 0 0 0]]
vars_synt_compact= [[1 3 3 0 0 0]
 [1 4 0 0 0 0]
 [4 0 0 0 0 0]
 [1 3 3 4 0 0]
 [4 0 0 0 0 0]
 [4 0 0 0 0 0]
 [4 0 0 0 0 0]
 [4 0 0 0 0 0]
 [4 0 0 0 0 0]
 [4 0 0 0 0 0]]
    average_reward(gen)= 5.568
    average_reward(real)= 18.166
    pct_valid(gen)= 0.038
    pct_loc_invalid(gen)= 0.525
    pct_dis_invalid(gen)= 0.0
    pct_strict_subset(gen)= 0.463
    pct_empty(gen)= 0.0
    pct_valid(real)= 1.0
    pct_loc_invalid(real)= 0.0
    pct_dis_invalid(real)= 0.0
    pct_strict_subset(real)= 0.0
    pct_empty(real)= 0.0
    d_loss=tensor(0.3094, grad_fn=<BinaryCrossEntropyBackward>)
    g_loss=tensor(1.0562, grad_fn=<NegBackward>)
[after  450  iterations]
vars_real_compact= [[2 0 0 0 0 0]
 [1 2 3 4 5 0]
 [1 2 3 0 0 0]
 [1 0 0 0 0 0]
 [1 2 5 4 0 0]
 [5 2 3 4 0 0]
 [1 2 3 4 5 0]
 [3 0 0 0 0 0]
 [2 0 0 0 0 0]
 [1 4 0 0 0 0]]
vars_synt_compact= [[4 0 0 0 0 0]
 [4 0 0 0 0 0]
 [1 4 0 0 0 0]
 [1 3 3 4 0 0]
 [4 0 0 0 0 0]
 [1 0 0 0 0 0]
 [1 3 4 0 0 0]
 [1 3 0 0 0 0]
 [4 0 0 0 0 0]
 [1 0 0 0 0 0]]
    average_reward(gen)= 4.691
    average_reward(real)= 16.81
    pct_valid(gen)= 0.037
    pct_loc_invalid(gen)= 0.507
    pct_dis_invalid(gen)= 0.0
    pct_strict_subset(gen)= 0.466
    pct_empty(gen)= 0.0
    pct_valid(real)= 1.0
    pct_loc_invalid(real)= 0.0
    pct_dis_invalid(real)= 0.0
    pct_strict_subset(real)= 0.0
    pct_empty(real)= 0.0
    d_loss=tensor(0.2648, grad_fn=<BinaryCrossEntropyBackward>)
    g_loss=tensor(2.7764, grad_fn=<NegBackward>)
[after  460  iterations]
vars_real_compact= [[3 0 0 0 0 0]
 [1 4 0 0 0 0]
 [3 0 0 0 0 0]
 [1 0 0 0 0 0]
 [1 5 3 4 0 0]
 [1 2 5 0 0 0]
 [1 2 3 4 5 0]
 [4 2 0 0 0 0]
 [3 4 0 0 0 0]
 [5 0 0 0 0 0]]
vars_synt_compact= [[4 0 0 0 0 0]
 [4 0 0 0 0 0]
 [1 0 0 0 0 0]
 [1 0 0 0 0 0]
 [4 0 0 0 0 0]
 [1 0 0 0 0 0]
 [1 0 0 0 0 0]
 [1 3 3 0 0 0]
 [1 0 0 0 0 0]
 [1 0 0 0 0 0]]
    average_reward(gen)= 4.511
    average_reward(real)= 17.581
    pct_valid(gen)= 0.023
    pct_loc_invalid(gen)= 0.464
    pct_dis_invalid(gen)= 0.0
    pct_strict_subset(gen)= 0.526
    pct_empty(gen)= 0.0
    pct_valid(real)= 1.0
    pct_loc_invalid(real)= 0.0
    pct_dis_invalid(real)= 0.0
    pct_strict_subset(real)= 0.0
    pct_empty(real)= 0.0
    d_loss=tensor(0.2215, grad_fn=<BinaryCrossEntropyBackward>)
    g_loss=tensor(2.2141, grad_fn=<NegBackward>)
[after  470  iterations]
vars_real_compact= [[1 2 3 0 0 0]
 [1 2 3 4 5 0]
 [1 2 3 4 5 0]
 [4 2 5 0 0 0]
 [3 0 0 0 0 0]
 [1 2 3 4 5 0]
 [1 2 3 0 0 0]
 [5 2 3 4 0 0]
 [3 0 0 0 0 0]
 [1 0 0 0 0 0]]
vars_synt_compact= [[1 3 0 0 0 0]
 [1 0 0 0 0 0]
 [1 0 0 0 0 0]
 [4 0 0 0 0 0]
 [1 0 0 0 0 0]
 [1 0 0 0 0 0]
 [1 0 0 0 0 0]
 [1 4 0 0 0 0]
 [4 0 0 0 0 0]
 [1 4 0 0 0 0]]
    average_reward(gen)= 4.59
    average_reward(real)= 17.704
    pct_valid(gen)= 0.03
    pct_loc_invalid(gen)= 0.47
    pct_dis_invalid(gen)= 0.0
    pct_strict_subset(gen)= 0.521
    pct_empty(gen)= 0.0
    pct_valid(real)= 1.0
    pct_loc_invalid(real)= 0.0
    pct_dis_invalid(real)= 0.0
    pct_strict_subset(real)= 0.0
    pct_empty(real)= 0.0
    d_loss=tensor(0.2233, grad_fn=<BinaryCrossEntropyBackward>)
    g_loss=tensor(2.3917, grad_fn=<NegBackward>)
[after  480  iterations]
vars_real_compact= [[1 2 3 4 5 0]
 [4 0 0 0 0 0]
 [1 2 3 5 0 0]
 [4 0 0 0 0 0]
 [1 2 3 5 0 0]
 [5 0 0 0 0 0]
 [3 0 0 0 0 0]
 [4 0 0 0 0 0]
 [1 5 3 0 0 0]
 [1 2 3 0 0 0]]
vars_synt_compact= [[1 0 0 0 0 0]
 [4 0 0 0 0 0]
 [1 3 3 0 0 0]
 [1 3 3 0 0 0]
 [1 0 0 0 0 0]
 [1 3 0 0 0 0]
 [4 0 0 0 0 0]
 [4 0 0 0 0 0]
 [4 0 0 0 0 0]
 [4 0 0 0 0 0]]
    average_reward(gen)= 4.492
    average_reward(real)= 17.866
    pct_valid(gen)= 0.032
    pct_loc_invalid(gen)= 0.443
    pct_dis_invalid(gen)= 0.0
    pct_strict_subset(gen)= 0.546
    pct_empty(gen)= 0.0
    pct_valid(real)= 1.0
    pct_loc_invalid(real)= 0.0
    pct_dis_invalid(real)= 0.0
    pct_strict_subset(real)= 0.0
    pct_empty(real)= 0.0
    d_loss=tensor(0.2234, grad_fn=<BinaryCrossEntropyBackward>)
    g_loss=tensor(1.7067, grad_fn=<NegBackward>)
[after  490  iterations]
vars_real_compact= [[3 5 0 0 0 0]
 [5 0 0 0 0 0]
 [1 2 5 4 0 0]
 [5 2 3 0 0 0]
 [1 2 0 0 0 0]
 [1 0 0 0 0 0]
 [3 0 0 0 0 0]
 [1 4 0 0 0 0]
 [4 5 0 0 0 0]
 [1 2 5 0 0 0]]
vars_synt_compact= [[1 0 0 0 0 0]
 [4 0 0 0 0 0]
 [1 0 0 0 0 0]
 [1 0 0 0 0 0]
 [4 0 0 0 0 0]
 [1 0 0 0 0 0]
 [1 0 0 0 0 0]
 [1 0 0 0 0 0]
 [4 0 0 0 0 0]
 [1 0 0 0 0 0]]
    average_reward(gen)= 4.367
    average_reward(real)= 17.521
    pct_valid(gen)= 0.04
    pct_loc_invalid(gen)= 0.442
    pct_dis_invalid(gen)= 0.0
    pct_strict_subset(gen)= 0.535
    pct_empty(gen)= 0.0
    pct_valid(real)= 1.0
    pct_loc_invalid(real)= 0.0
    pct_dis_invalid(real)= 0.0
    pct_strict_subset(real)= 0.0
    pct_empty(real)= 0.0
    d_loss=tensor(0.2271, grad_fn=<BinaryCrossEntropyBackward>)
    g_loss=tensor(2.1904, grad_fn=<NegBackward>)
