[schedule ins] paired_dist [[0.0, 1.0, 3.0, 6.0, 4.0, 3.0], [1.0, 0.0, 2.0, 5.0, 3.0, 2.0], [3.0, 2.0, 0.0, 3.0, 1.0, 3.0], [6.0, 5.0, 3.0, 0.0, 4.0, 6.0], [4.0, 3.0, 1.0, 4.0, 0.0, 4.0], [3.0, 2.0, 3.0, 6.0, 4.0, 0.0]]
[schedule ins] startp 0
[schedule ins] endp 0
[schedule ins] max_duration 25.0
[schedule ins] max_stops 5
[schedule ins] rewards [[0.0, 5.0, 1.0, 1.0, 1.0, 1.0], [0.0, 2.0, 7.0, 2.0, 2.0, 2.0], [0.0, 3.0, 3.0, 8.0, 3.0, 3.0], [0.0, 2.0, 2.0, 2.0, 10, 2.0], [0.0, 3.0, 3.0, 3.0, 3.0, 9.0], [0.0, 0.0, 0.0, 0.0, 0.0, 0.0]]
[schedule ins] num_locs 6
[test data_gen] next_data= [[[0. 1. 0. 0. 0. 0.]
  [0. 1. 0. 0. 0. 0.]
  [0. 1. 0. 0. 0. 0.]]

 [[0. 0. 1. 0. 0. 0.]
  [0. 0. 0. 0. 0. 1.]
  [0. 0. 1. 0. 0. 0.]]

 [[0. 0. 0. 1. 0. 0.]
  [0. 0. 0. 1. 0. 0.]
  [0. 0. 0. 1. 0. 0.]]

 [[0. 0. 0. 0. 1. 0.]
  [0. 0. 0. 0. 1. 0.]
  [0. 0. 0. 0. 1. 0.]]

 [[0. 0. 0. 0. 0. 1.]
  [1. 0. 0. 0. 0. 0.]
  [0. 0. 0. 0. 0. 1.]]

 [[1. 0. 0. 0. 0. 0.]
  [1. 0. 0. 0. 0. 0.]
  [1. 0. 0. 0. 0. 0.]]]
[test data_gen] next_visit= [[1. 1. 1. 1. 1. 1.]
 [1. 1. 0. 1. 1. 1.]
 [1. 1. 1. 1. 1. 1.]]
NumLayer 7
L 1 6
N 6 1 6
a 1 2 3 4 5 0
n 5 7 8 9 10 0
e 1.0 3.0 6.0 4.0 3.0 0.0
l 1.0 3.0 6.0 4.0 3.0 0.0
ad
sd
au 0
su 0 1 2 3 4 5
L 5 5 7 8 9 10
N 5 1 5
a 2 3 4 5 0
n 4 11 12 13 0
e 3.0 6.0 4.0 3.0 2.0
l 3.0 6.0 4.0 3.0 0.0
ad 1
sd 1
au 0
su 0 1 2 3 4 5
N 7 1 5
a 1 3 4 5 0
n 4 14 15 16 0
e 5.0 6.0 4.0 6.0 6.0
l 1.0 6.0 4.0 3.0 0.0
ad 2
sd 2
au 0
su 0 1 2 3 4 5
N 8 1 5
a 1 2 4 5 0
n 11 14 17 18 0
e 11.0 9.0 10.0 12.0 12.0
l 1.0 3.0 4.0 3.0 0.0
ad 3
sd 3
au 0
su 0 1 2 3 4 5
N 9 1 5
a 1 2 3 5 0
n 12 15 17 19 0
e 7.0 5.0 8.0 8.0 8.0
l 1.0 3.0 6.0 3.0 0.0
ad 4
sd 4
au 0
su 0 1 2 3 4 5
N 10 1 5
a 1 2 3 4 0
n 13 16 18 19 0
e 5.0 6.0 9.0 7.0 6.0
l 1.0 3.0 6.0 4.0 0.0
ad 5
sd 5
au 0
su 0 1 2 3 4 5
L 10 4 11 12 13 14 15 16 17 18 19
N 4 2 4
a 3 4 5 0
n 3 20 21 0
e 6.0 4.0 6.0 6.0
l 6.0 4.0 3.0 0.0
ad 1 2
sd 1 2
au 0
su 0 1 2 3 4 5
N 11 2 4
a 2 4 5 0
n 3 22 23 0
e 9.0 10.0 12.0 12.0
l 3.0 4.0 3.0 0.0
ad 1 3
sd 1 3
au 0
su 0 1 2 3 4 5
N 12 2 4
a 2 3 5 0
n 20 22 24 0
e 5.0 8.0 8.0 8.0
l 3.0 6.0 3.0 0.0
ad 1 4
sd 1 4
au 0
su 0 1 2 3 4 5
N 13 2 4
a 2 3 4 0
n 21 23 24 0
e 6.0 9.0 7.0 6.0
l 3.0 6.0 4.0 0.0
ad 1 5
sd 1 5
au 0
su 0 1 2 3 4 5
N 14 2 4
a 1 4 5 0
n 3 25 26 0
e 11.0 10.0 12.0 12.0
l 1.0 4.0 3.0 0.0
ad 2 3
sd 2 3
au 0
su 0 1 2 3 4 5
N 15 2 4
a 1 3 5 0
n 20 25 27 0
e 7.0 8.0 8.0 8.0
l 1.0 6.0 3.0 0.0
ad 2 4
sd 2 4
au 0
su 0 1 2 3 4 5
N 16 2 4
a 1 3 4 0
n 21 26 27 0
e 8.0 9.0 7.0 9.0
l 1.0 6.0 4.0 0.0
ad 2 5
sd 2 5
au 0
su 0 1 2 3 4 5
N 17 2 4
a 1 2 5 0
n 22 25 28 0
e 13.0 11.0 14.0 14.0
l 1.0 3.0 3.0 0.0
ad 3 4
sd 3 4
au 0
su 0 1 2 3 4 5
N 18 2 4
a 1 2 4 0
n 23 26 28 0
e 14.0 12.0 13.0 15.0
l 1.0 3.0 4.0 0.0
ad 3 5
sd 3 5
au 0
su 0 1 2 3 4 5
N 19 2 4
a 1 2 3 0
n 24 27 28 0
e 10.0 8.0 11.0 11.0
l 1.0 3.0 6.0 0.0
ad 4 5
sd 4 5
au 0
su 0 1 2 3 4 5
L 10 3 20 21 22 23 24 25 26 27 28
N 3 3 3
a 4 5 0
n 2 29 0
e 10.0 12.0 12.0
l 4.0 3.0 0.0
ad 1 2 3
sd 1 2 3
au 0
su 0 1 2 3 4 5
N 20 3 3
a 3 5 0
n 2 30 0
e 8.0 8.0 8.0
l 6.0 3.0 0.0
ad 1 2 4
sd 1 2 4
au 0
su 0 1 2 3 4 5
N 21 3 3
a 3 4 0
n 29 30 0
e 9.0 7.0 9.0
l 6.0 4.0 0.0
ad 1 2 5
sd 1 2 5
au 0
su 0 1 2 3 4 5
N 22 3 3
a 2 5 0
n 2 31 0
e 11.0 14.0 14.0
l 3.0 3.0 0.0
ad 1 3 4
sd 1 3 4
au 0
su 0 1 2 3 4 5
N 23 3 3
a 2 4 0
n 29 31 0
e 12.0 13.0 15.0
l 3.0 4.0 0.0
ad 1 3 5
sd 1 3 5
au 0
su 0 1 2 3 4 5
N 24 3 3
a 2 3 0
n 30 31 0
e 8.0 11.0 11.0
l 3.0 6.0 0.0
ad 1 4 5
sd 1 4 5
au 0
su 0 1 2 3 4 5
N 25 3 3
a 1 5 0
n 2 32 0
e 13.0 14.0 14.0
l 1.0 3.0 0.0
ad 2 3 4
sd 2 3 4
au 0
su 0 1 2 3 4 5
N 26 3 3
a 1 4 0
n 29 32 0
e 14.0 13.0 15.0
l 1.0 4.0 0.0
ad 2 3 5
sd 2 3 5
au 0
su 0 1 2 3 4 5
N 27 3 3
a 1 3 0
n 30 32 0
e 10.0 11.0 11.0
l 1.0 6.0 0.0
ad 2 4 5
sd 2 4 5
au 0
su 0 1 2 3 4 5
N 28 3 3
a 1 2 0
n 31 32 0
e 16.0 14.0 17.0
l 1.0 3.0 0.0
ad 3 4 5
sd 3 4 5
au 0
su 0 1 2 3 4 5
L 5 2 29 30 31 32
N 2 4 2
a 5 0
n 1 0
e 14.0 14.0
l 3.0 0.0
ad 1 2 3 4
sd 1 2 3 4
au 0
su 0 5
N 29 4 2
a 4 0
n 1 0
e 13.0 15.0
l 4.0 0.0
ad 1 2 3 5
sd 1 2 3 5
au 0
su 0 4
N 30 4 2
a 3 0
n 1 0
e 11.0 11.0
l 6.0 0.0
ad 1 2 4 5
sd 1 2 4 5
au 0
su 0 3
N 31 4 2
a 2 0
n 1 0
e 14.0 17.0
l 3.0 0.0
ad 1 3 4 5
sd 1 3 4 5
au 0
su 0 2
N 32 4 2
a 1 0
n 1 0
e 16.0 17.0
l 1.0 0.0
ad 2 3 4 5
sd 2 3 4 5
au 0
su 0 1
L 1 1
N 1 5 1
a 0
n 0
e 17.0
l 0.0
ad 1 2 3 4 5
sd 1 2 3 4 5
au 0
su 0
L 1 0
N 0 32 1
a 0
n 0
e
l
ad 0
sd 0 1 2 3 4 5
au 0
su 0
[Parameters for discriminator] <generator object Module.parameters at 0x7f572b5d6228>
  D param Parameter containing:
tensor([[ 0.0619, -0.0960, -0.0252, -0.0798, -0.0857, -0.0733],
        [-0.0854,  0.0586,  0.0796,  0.0719,  0.0497, -0.0700],
        [-0.0826,  0.0285, -0.0578, -0.0343,  0.0302, -0.0536],
        [ 0.0680,  0.0905, -0.0971, -0.0699,  0.0821,  0.0472],
        [-0.0872, -0.0974, -0.0796, -0.0392, -0.0551, -0.0191],
        [ 0.0646,  0.0831,  0.0335, -0.0113, -0.0413,  0.0532],
        [ 0.0295,  0.0146, -0.0818,  0.0855, -0.0983, -0.0381],
        [ 0.0658, -0.0405, -0.0056,  0.0452,  0.0262, -0.0408],
        [-0.0879,  0.0686, -0.0978,  0.0370, -0.0786,  0.0806],
        [ 0.0018,  0.0395, -0.0148,  0.0254,  0.0115, -0.0767],
        [ 0.0618, -0.0473,  0.0227,  0.0731, -0.0334, -0.0932],
        [ 0.0663, -0.0206, -0.0923,  0.0222,  0.0241, -0.0545],
        [ 0.0749,  0.0897, -0.0113, -0.0368, -0.0776,  0.0436],
        [-0.0755, -0.0647,  0.0310, -0.0587, -0.0116, -0.0633],
        [-0.0256, -0.0448,  0.0121, -0.0444, -0.0029,  0.0081],
        [-0.0436, -0.0726,  0.0658,  0.0194,  0.0543,  0.0279],
        [ 0.0417,  0.0948,  0.0090,  0.0245, -0.0591, -0.0295],
        [-0.0078,  0.0215,  0.0363,  0.0187,  0.0631,  0.0875],
        [-0.0068, -0.0665,  0.0473,  0.0625, -0.0410, -0.0530],
        [-0.0703, -0.0911,  0.0814,  0.0560, -0.0686,  0.0381],
        [ 0.0489, -0.0559,  0.0146, -0.0905, -0.0203, -0.0921],
        [-0.0989,  0.0690,  0.0489, -0.0158,  0.0143,  0.0719],
        [ 0.0673, -0.0434,  0.0123,  0.0763, -0.0410, -0.0507],
        [-0.0259,  0.0597, -0.0639, -0.0490, -0.0233,  0.0116],
        [-0.0197,  0.0570,  0.0527,  0.0284, -0.0030, -0.0209],
        [ 0.0344, -0.0805,  0.0578, -0.0650,  0.0995,  0.0147],
        [-0.0081, -0.0509, -0.0783, -0.0160,  0.0509, -0.0029],
        [ 0.0867,  0.0376,  0.0754, -0.0147, -0.0544, -0.0005],
        [-0.0392,  0.0261,  0.0132, -0.0692, -0.0010,  0.0030],
        [-0.0939, -0.0014,  0.0170, -0.0753, -0.0251,  0.0347],
        [-0.0567,  0.0526, -0.0351, -0.0630,  0.0126, -0.0019],
        [-0.0504, -0.0849,  0.0441, -0.0455, -0.0978, -0.0635],
        [ 0.0582, -0.0041, -0.0347, -0.0099, -0.0671, -0.0074],
        [ 0.0192,  0.0160,  0.0713, -0.0061, -0.0115,  0.0652],
        [-0.0917, -0.0264, -0.0975,  0.0110, -0.0281, -0.0260],
        [ 0.0345, -0.0733,  0.0139, -0.0695, -0.0053, -0.0843],
        [-0.0919, -0.0864, -0.0644, -0.0679,  0.0549, -0.0515],
        [-0.0855,  0.0353,  0.0575, -0.0388, -0.0275,  0.0134],
        [-0.0793,  0.0541, -0.0691, -0.0142, -0.0755, -0.0797],
        [-0.0043,  0.0354,  0.0942,  0.0531,  0.0747,  0.0302],
        [ 0.0207,  0.0953,  0.0965,  0.0812, -0.0482, -0.0565],
        [ 0.0885,  0.0011,  0.0556, -0.0308, -0.0035,  0.0602],
        [-0.0303, -0.0746, -0.0203,  0.0136,  0.0141,  0.0473],
        [ 0.0492,  0.0519, -0.0904,  0.0760,  0.0097,  0.0109],
        [-0.0426, -0.0676, -0.0406,  0.0285, -0.0650, -0.0433],
        [-0.0746, -0.0977, -0.0521, -0.0336,  0.0806,  0.0390],
        [-0.0210,  0.0536, -0.0665,  0.0396, -0.0062, -0.0970],
        [ 0.0006,  0.0265, -0.0678, -0.0885,  0.0627,  0.0506],
        [ 0.0965, -0.0776,  0.0270,  0.0138,  0.0492, -0.0532],
        [-0.0616,  0.0564, -0.0437, -0.0350,  0.0661, -0.0715],
        [-0.0428, -0.0144,  0.0350,  0.0498,  0.0729, -0.0336],
        [-0.0368,  0.0199, -0.0366, -0.0597,  0.0992, -0.0517],
        [ 0.0960, -0.0860,  0.0801,  0.0692,  0.0132,  0.0856],
        [ 0.0256,  0.0892, -0.0907,  0.0558,  0.0060,  0.0356],
        [-0.0407,  0.0864, -0.0794,  0.0834, -0.0301,  0.0630],
        [-0.0066, -0.0812, -0.0397,  0.0423, -0.0885, -0.0185],
        [-0.0681, -0.0458,  0.0746,  0.0304, -0.0389, -0.0665],
        [ 0.0109, -0.0589,  0.0762,  0.0585,  0.0201,  0.0805],
        [ 0.0502,  0.0062,  0.0312,  0.0969, -0.0093,  0.0622],
        [-0.0821, -0.0652, -0.0247,  0.0433, -0.0351,  0.0587],
        [ 0.0536, -0.0594,  0.0491,  0.0984, -0.0684,  0.0939],
        [-0.0981, -0.0146, -0.0707,  0.0739, -0.0931,  0.0955],
        [-0.0494, -0.0194, -0.0903,  0.0273, -0.0125,  0.0270],
        [-0.0524, -0.0216, -0.0433,  0.0482,  0.0142,  0.0895],
        [ 0.0268,  0.0624,  0.0203, -0.0858,  0.0827,  0.0852],
        [ 0.0657, -0.0279, -0.0531,  0.0639,  0.0924,  0.0840],
        [ 0.0424, -0.0084, -0.0600,  0.0276,  0.0185,  0.0854],
        [ 0.0933,  0.0549, -0.0557, -0.0631,  0.0413,  0.0475],
        [-0.0369, -0.0470, -0.0133, -0.0250,  0.0018, -0.0264],
        [-0.0550, -0.0494, -0.0267,  0.0754,  0.0612,  0.0976],
        [-0.0041, -0.0664,  0.0718,  0.0451, -0.0236,  0.0753],
        [-0.0944,  0.0228, -0.0203, -0.0085,  0.0974, -0.0115],
        [ 0.0910, -0.0843,  0.0319, -0.0610, -0.0589,  0.0687],
        [ 0.0359,  0.0146, -0.0074, -0.0443, -0.0853,  0.0892],
        [ 0.0033,  0.0195,  0.0271,  0.0046,  0.0878, -0.0804],
        [ 0.0993, -0.0078, -0.0844,  0.0200,  0.0109,  0.0027],
        [-0.0317, -0.0890, -0.0737,  0.0040, -0.0995, -0.0924],
        [-0.0336, -0.0114,  0.0619, -0.0529, -0.0983,  0.0278],
        [ 0.0878,  0.0069,  0.0029,  0.0067,  0.0100, -0.0060],
        [ 0.0059,  0.0426, -0.0338, -0.0654, -0.0459, -0.0469],
        [-0.0686, -0.0705, -0.0415,  0.0257,  0.0741,  0.0887],
        [-0.0520,  0.0518, -0.0594, -0.0190,  0.0598, -0.0294],
        [-0.0846, -0.0823,  0.0427, -0.0684,  0.0858,  0.0837],
        [-0.0910, -0.0786, -0.0662,  0.0469,  0.0411, -0.0048],
        [-0.0591,  0.0403,  0.0913,  0.0790, -0.0741,  0.0349],
        [ 0.0377,  0.0742,  0.0904, -0.0088, -0.0420,  0.0865],
        [ 0.0057,  0.0787, -0.0463, -0.0996, -0.0922,  0.0711],
        [-0.0524,  0.0131, -0.0841,  0.0522,  0.0884, -0.0307],
        [-0.0778,  0.0576, -0.0220,  0.0923, -0.0838, -0.0309],
        [ 0.0447,  0.0522, -0.0480,  0.0084,  0.0558, -0.0124],
        [-0.0241, -0.0110, -0.0303,  0.0099, -0.0158, -0.0122],
        [ 0.0295,  0.0334,  0.0888,  0.0163,  0.0530,  0.0782],
        [-0.0913, -0.0047, -0.0832, -0.0054,  0.0674, -0.0459],
        [ 0.0310,  0.0772, -0.0889,  0.0474,  0.0441,  0.0456],
        [ 0.0836,  0.0588, -0.0766, -0.0884, -0.0649, -0.0457],
        [-0.0278, -0.0885,  0.0557,  0.0242, -0.0085, -0.0879],
        [ 0.0265,  0.0904, -0.0965,  0.0693,  0.0080, -0.0308],
        [ 0.0802,  0.0635, -0.0054, -0.0670,  0.0609,  0.0528],
        [ 0.0374, -0.0229, -0.0585,  0.0382, -0.0364, -0.0170],
        [-0.0684, -0.0736, -0.0040,  0.0853, -0.0011, -0.0815]],
       requires_grad=True)
  D param Parameter containing:
tensor([[ 0.0966,  0.0077, -0.0415,  ...,  0.0227,  0.0397,  0.0152],
        [-0.0777,  0.0817, -0.0917,  ...,  0.0423, -0.0920,  0.0744],
        [ 0.0491,  0.0368, -0.0487,  ..., -0.0310, -0.0694,  0.0919],
        ...,
        [ 0.0541, -0.0134,  0.0111,  ..., -0.0529,  0.0186,  0.0410],
        [-0.0077,  0.0845,  0.0784,  ...,  0.0260, -0.0360,  0.0801],
        [-0.0117,  0.0354, -0.0088,  ..., -0.0867,  0.0875, -0.0990]],
       requires_grad=True)
  D param Parameter containing:
tensor([-0.0009,  0.0820, -0.0987, -0.0291, -0.0639, -0.0536, -0.0089, -0.0839,
        -0.0946, -0.0433, -0.0537,  0.0429,  0.0003,  0.0047, -0.0417, -0.0614,
         0.0770, -0.0182,  0.0761,  0.0734, -0.0706, -0.0956, -0.0553, -0.0071,
         0.0407, -0.0251, -0.0028,  0.0756,  0.0219,  0.0308,  0.0036,  0.0780,
        -0.0193,  0.0103,  0.0936, -0.0254, -0.0264, -0.0739,  0.0824, -0.0126,
         0.0226,  0.0588,  0.0764, -0.0011, -0.0246,  0.0187, -0.0962,  0.0055,
        -0.0525, -0.0499,  0.0763, -0.0936, -0.0887,  0.0836, -0.0476, -0.0094,
         0.0184, -0.0668, -0.0163,  0.0563,  0.0041,  0.0156,  0.0059, -0.0095,
         0.0673,  0.0761,  0.0709,  0.0439, -0.0901,  0.0962, -0.0721,  0.0798,
         0.0005,  0.0613, -0.0032, -0.0070,  0.0123, -0.0373,  0.0437, -0.0296,
         0.0868, -0.0523,  0.0862, -0.0831, -0.0901, -0.0755, -0.0282, -0.0532,
         0.0636, -0.0661,  0.0534,  0.0741,  0.0471,  0.0831, -0.0066,  0.0363,
        -0.0962,  0.0848,  0.0493, -0.0231], requires_grad=True)
  D param Parameter containing:
tensor([ 0.0622, -0.0942, -0.0522,  0.0854, -0.0449,  0.0903, -0.0357,  0.0220,
         0.0195, -0.0767,  0.0227, -0.0311, -0.0111,  0.0926, -0.0291, -0.0538,
         0.0658, -0.0014, -0.0577, -0.0984, -0.0954, -0.0435, -0.0140,  0.0224,
         0.0086,  0.0808, -0.0353,  0.0364, -0.0197,  0.0328, -0.0570, -0.0657,
         0.0358, -0.0052,  0.0304,  0.0515,  0.0016,  0.0069, -0.0255, -0.0713,
        -0.0272, -0.0579,  0.0335, -0.0886, -0.0622,  0.0466,  0.0955, -0.0472,
         0.0600, -0.0897,  0.0412, -0.0809,  0.0430, -0.0578,  0.0911,  0.0851,
        -0.0606, -0.0714,  0.0291,  0.0797,  0.0673,  0.0293, -0.0892,  0.0314,
        -0.0548, -0.0174,  0.0243,  0.0251,  0.0231,  0.0977, -0.0998, -0.0302,
        -0.0132,  0.0196, -0.0036,  0.0851, -0.0722,  0.0653,  0.0120,  0.0984,
         0.0440,  0.0529,  0.0264,  0.0559,  0.0016,  0.0840,  0.0028,  0.0079,
         0.0875, -0.0582, -0.0746, -0.0738,  0.0908, -0.0080,  0.0787, -0.0754,
        -0.0135,  0.0569,  0.0238, -0.0081], requires_grad=True)
  D param Parameter containing:
tensor([[-0.0985,  0.0004, -0.0470, -0.0343, -0.0029, -0.0638,  0.0868, -0.0868,
          0.0330,  0.0441,  0.0111, -0.0427, -0.0419,  0.0634,  0.0991,  0.0016,
         -0.0388, -0.0167, -0.0256, -0.0201,  0.0362,  0.0731, -0.0380, -0.0144,
          0.0960, -0.0034, -0.0218, -0.0211,  0.0354,  0.0925, -0.0997, -0.0345,
         -0.0876,  0.0602, -0.0161, -0.0358,  0.0114, -0.0512,  0.0860, -0.0957,
         -0.0537,  0.0377, -0.0760,  0.0284, -0.0821,  0.0567,  0.0796, -0.0808,
         -0.0529,  0.0083, -0.0483, -0.0734,  0.0936, -0.0797,  0.0213, -0.0238,
          0.0271, -0.0957,  0.0729,  0.0594,  0.0629,  0.0226,  0.0876,  0.0818,
          0.0146,  0.0042, -0.0762,  0.0852,  0.0506, -0.0790, -0.0205,  0.0794,
         -0.0862,  0.0466,  0.0080,  0.0286, -0.0196, -0.0923, -0.0786,  0.0505,
          0.0582, -0.0594,  0.0659,  0.0634, -0.0045, -0.0744,  0.0780,  0.0704,
          0.0701,  0.0347, -0.0683,  0.0245, -0.0171,  0.0288,  0.0809,  0.0298,
          0.0071,  0.0232, -0.0832, -0.0810]], requires_grad=True)
  D param Parameter containing:
tensor([-0.0356], requires_grad=True)
[Parameters for generator] <generator object Module.parameters at 0x7f572b5d66d8>
  G param Parameter containing:
tensor([[ 0.0532,  0.0143, -0.0607,  ..., -0.0315, -0.0224,  0.0923],
        [ 0.0916, -0.0231, -0.0045,  ...,  0.0017,  0.0979, -0.0238],
        [-0.0154, -0.0412, -0.0883,  ...,  0.0520,  0.0106,  0.0754],
        ...,
        [ 0.0146, -0.0454, -0.0425,  ...,  0.0332, -0.0946, -0.0198],
        [-0.0179, -0.0782, -0.0577,  ...,  0.0523, -0.0454, -0.0784],
        [-0.0534, -0.0912, -0.0475,  ..., -0.0613,  0.0840,  0.0254]],
       requires_grad=True)
  G param Parameter containing:
tensor([[ 0.0570, -0.0106,  0.0042,  ...,  0.0640, -0.0175,  0.0019],
        [ 0.0420,  0.0550,  0.0680,  ..., -0.0302, -0.0946,  0.0045],
        [-0.0704,  0.0815,  0.0681,  ..., -0.0635,  0.0666, -0.0124],
        ...,
        [-0.0615, -0.0501,  0.0892,  ...,  0.0740,  0.0183, -0.0617],
        [-0.0887, -0.0339,  0.0990,  ...,  0.0419, -0.0694,  0.0122],
        [ 0.0437, -0.0886, -0.0006,  ..., -0.0568,  0.0968, -0.0858]],
       requires_grad=True)
  G param Parameter containing:
tensor([ 0.0554, -0.0362, -0.0716, -0.0956,  0.0248, -0.0736, -0.0163, -0.0303,
         0.0622, -0.0533,  0.0342,  0.0593, -0.0623,  0.0459,  0.0822,  0.0912,
        -0.0009,  0.0212, -0.0761, -0.0174,  0.0248, -0.0939, -0.0093,  0.0964,
        -0.0579, -0.0807, -0.0132, -0.0254, -0.0004, -0.0350,  0.0901,  0.0948,
        -0.0967, -0.0745,  0.0936, -0.0046, -0.0523, -0.0987, -0.0536,  0.0170,
         0.0920,  0.0092,  0.0321, -0.0106,  0.0227, -0.0869, -0.0942,  0.0068,
         0.0353, -0.0693,  0.0819,  0.0080,  0.0350,  0.0317,  0.0880, -0.0664,
        -0.0473, -0.0295,  0.0713, -0.0702, -0.0132,  0.0622,  0.0929, -0.0439,
        -0.0967, -0.0237,  0.0198, -0.0453, -0.0987, -0.0015,  0.0281, -0.0278,
         0.0432, -0.0763, -0.0497, -0.0788, -0.0067, -0.0643, -0.0992,  0.0174,
        -0.0835,  0.0060,  0.0586,  0.0283,  0.0795,  0.0415,  0.0273,  0.0967,
         0.0525,  0.0232,  0.0917, -0.0260,  0.0511,  0.0461, -0.0814,  0.0084,
         0.0768,  0.0614, -0.0834, -0.0924], requires_grad=True)
  G param Parameter containing:
tensor([-0.0284,  0.0633,  0.0326, -0.0304, -0.0839, -0.0084,  0.0562, -0.0645,
        -0.0849,  0.0068,  0.0057,  0.0844, -0.0955,  0.0468,  0.0016, -0.0745,
         0.0079, -0.0901, -0.0478,  0.0939,  0.0168,  0.0670,  0.0355,  0.0204,
         0.0268, -0.0632,  0.0625,  0.0002, -0.0676, -0.0162, -0.0153,  0.0698,
        -0.0760,  0.0222,  0.0059, -0.0513,  0.0760,  0.0989,  0.0448, -0.0882,
         0.0244, -0.0003,  0.0289,  0.0027, -0.0846,  0.0665,  0.0396,  0.0830,
         0.0779,  0.0436,  0.0103,  0.0873, -0.0793,  0.0702, -0.0718,  0.0705,
         0.0249,  0.0436,  0.0010, -0.0111, -0.0439, -0.0430, -0.0139,  0.0382,
         0.0195,  0.0652,  0.0791,  0.0043,  0.0176,  0.0305,  0.0865,  0.0026,
        -0.0966,  0.0028, -0.0993, -0.0806,  0.0033, -0.0222, -0.0479, -0.0286,
        -0.0091,  0.0867, -0.0589,  0.0564,  0.0579, -0.0601,  0.0973,  0.0319,
         0.0692, -0.0138,  0.0141, -0.0616,  0.0830,  0.0056,  0.0637, -0.0292,
         0.0379,  0.0550,  0.0623, -0.0701], requires_grad=True)
  G param Parameter containing:
tensor([[-0.0833, -0.0185,  0.0468, -0.0459, -0.0271,  0.0353, -0.0869, -0.0292,
          0.0769, -0.0181, -0.0832, -0.0087,  0.0370, -0.0464, -0.0499, -0.0054,
         -0.0156, -0.0241,  0.0434, -0.0697,  0.0583,  0.0655,  0.0071, -0.0284,
          0.0195,  0.0535, -0.0634,  0.0792, -0.0168, -0.0151, -0.0677, -0.0262,
          0.0696,  0.0624, -0.0143, -0.0017,  0.0044, -0.0444,  0.0585, -0.0283,
          0.0410, -0.0759, -0.0242, -0.0881, -0.0150, -0.0647, -0.0997, -0.0528,
          0.0056,  0.0394, -0.0027,  0.0993,  0.0169, -0.0674, -0.0465,  0.0293,
          0.0774,  0.0912,  0.0901,  0.0640,  0.0786,  0.0397, -0.0524,  0.0498,
          0.0805, -0.0504,  0.0150, -0.0637, -0.0020,  0.0162,  0.0654, -0.0173,
         -0.0102, -0.0260, -0.0662, -0.0734, -0.0095, -0.0392,  0.0631, -0.0109,
          0.0166, -0.0505, -0.0897, -0.0239, -0.0559, -0.0019,  0.0193, -0.0184,
         -0.0789, -0.0556,  0.0779, -0.0156,  0.0677, -0.0724,  0.0885, -0.0703,
          0.0702,  0.0778, -0.0187, -0.0593],
        [-0.0507, -0.0339,  0.0813, -0.0727, -0.0615, -0.0429,  0.0461, -0.0159,
         -0.0352, -0.0006,  0.0696, -0.0573, -0.0002, -0.0078, -0.0976, -0.0530,
         -0.0241,  0.0809,  0.0762, -0.0277,  0.0898,  0.0116,  0.0720,  0.0357,
         -0.0715,  0.0711,  0.0329, -0.0586, -0.0541,  0.0345,  0.0259, -0.0215,
          0.0612, -0.0949, -0.0110,  0.0833, -0.0699, -0.0514, -0.0213, -0.0687,
         -0.0582,  0.0756, -0.0079,  0.0872,  0.0725,  0.0627, -0.0587, -0.0317,
         -0.0910,  0.0140,  0.0132,  0.0821,  0.0046,  0.0336,  0.0312, -0.0690,
          0.0883,  0.0162,  0.0664,  0.0593,  0.0260, -0.0097, -0.0207, -0.0398,
         -0.0194, -0.0654, -0.0664,  0.0482,  0.0665,  0.0838,  0.0069,  0.0087,
         -0.0351, -0.0781,  0.0254, -0.0554, -0.0507,  0.0392, -0.0942,  0.0151,
         -0.0012, -0.0572,  0.0395, -0.0784,  0.0960,  0.0803,  0.0910, -0.0195,
         -0.0776,  0.0023, -0.0987, -0.0540, -0.0655, -0.0647, -0.0148, -0.0064,
          0.0889,  0.0854, -0.0681, -0.0535],
        [-0.0585,  0.0841, -0.0273, -0.0281, -0.0977,  0.0871, -0.0038, -0.0928,
         -0.0294,  0.0212, -0.0692, -0.0402, -0.0993,  0.0963, -0.0976,  0.0029,
         -0.0919,  0.0976,  0.0250, -0.0929,  0.0134,  0.0498,  0.0972,  0.0459,
         -0.0125, -0.0965,  0.0892,  0.0596, -0.0507,  0.0026,  0.0113, -0.0770,
          0.0275,  0.0113, -0.0916,  0.0273,  0.0498,  0.0067,  0.0953,  0.0823,
         -0.0184,  0.0716,  0.0238,  0.0784, -0.0637,  0.0695,  0.0948, -0.0188,
          0.0596, -0.0176, -0.0106, -0.0707,  0.0667,  0.0962,  0.0004,  0.0689,
         -0.0818,  0.0568, -0.0018, -0.0393,  0.0219, -0.0083, -0.0866, -0.0251,
         -0.0906, -0.0371, -0.0785,  0.0143, -0.0966,  0.0517,  0.0226,  0.0398,
         -0.0227, -0.0858,  0.0124, -0.0768, -0.0286,  0.0862,  0.0567,  0.0916,
          0.0416,  0.0244, -0.0312, -0.0826, -0.0079,  0.0023, -0.0053,  0.0834,
         -0.0269,  0.0228, -0.0199,  0.0897,  0.0850, -0.0129, -0.0183, -0.0998,
         -0.0812,  0.0989, -0.0014,  0.0061],
        [ 0.0574, -0.0291, -0.0648,  0.0785, -0.0152, -0.0802,  0.0308,  0.0602,
         -0.0448,  0.0142, -0.0518, -0.0848, -0.0386, -0.0652, -0.0487, -0.0633,
          0.0297,  0.0463, -0.0795, -0.0919,  0.0334,  0.0233, -0.0803, -0.0289,
          0.0916,  0.0179, -0.0066, -0.0817,  0.0954, -0.0618, -0.0128, -0.0447,
         -0.0522, -0.0898,  0.0129,  0.0686, -0.0211,  0.0358,  0.0278, -0.0150,
         -0.0962,  0.0602, -0.0634,  0.0773,  0.0161, -0.0820, -0.0113,  0.0229,
         -0.0645, -0.0891,  0.0006, -0.0626,  0.0231, -0.0136,  0.0278, -0.0195,
          0.0243,  0.0885, -0.0615, -0.0606,  0.0551, -0.0869,  0.0597, -0.0018,
          0.0021, -0.0533,  0.0606, -0.0071,  0.0825,  0.0100,  0.0068,  0.0174,
         -0.0786,  0.0382,  0.0739,  0.0372, -0.0368,  0.0055,  0.0936,  0.0273,
         -0.0637, -0.0671,  0.0469, -0.0500, -0.0435,  0.0295, -0.0957, -0.0771,
          0.0818,  0.0056,  0.0857,  0.0264,  0.0259, -0.0731, -0.0232,  0.0838,
          0.0375, -0.0811,  0.0866, -0.0403],
        [ 0.0162, -0.0354,  0.0369,  0.0387, -0.0806, -0.0521, -0.0771, -0.0150,
         -0.0637,  0.0916,  0.0754,  0.0886,  0.0080, -0.0370,  0.0567,  0.0995,
         -0.0357,  0.0909, -0.0000,  0.0577,  0.0974, -0.0459, -0.0232, -0.0392,
         -0.0266,  0.0844,  0.0627,  0.0544,  0.0069,  0.0321, -0.0061, -0.0925,
          0.0188, -0.0288,  0.0679,  0.0168,  0.0701, -0.0989, -0.0543,  0.0598,
          0.0069,  0.0552, -0.0841, -0.0049, -0.0258, -0.0277,  0.0065, -0.0340,
         -0.0553, -0.0355, -0.0142,  0.0578, -0.0600, -0.0254, -0.0327,  0.0867,
         -0.0830,  0.0485, -0.0887,  0.0920, -0.0935, -0.0531, -0.0315,  0.0521,
         -0.0636,  0.0488, -0.0533, -0.0284,  0.0875,  0.0293, -0.0523,  0.0071,
         -0.0684,  0.0590,  0.0056,  0.0519, -0.0315, -0.0159,  0.0593, -0.0535,
         -0.0568,  0.0390, -0.0169, -0.0479, -0.0351,  0.0644, -0.0418,  0.0690,
         -0.0045,  0.0936, -0.0571,  0.0687, -0.0255, -0.0556, -0.0921, -0.0789,
          0.0018,  0.0496, -0.0997, -0.0163],
        [ 0.0468, -0.0455, -0.0989, -0.0069,  0.0858,  0.0136,  0.0056, -0.0931,
         -0.0454, -0.0083,  0.0180, -0.0120, -0.0072,  0.0233, -0.0107,  0.0825,
         -0.0750, -0.0554, -0.0749, -0.0588,  0.0988, -0.0981, -0.0944, -0.0962,
          0.0308, -0.0901,  0.0899,  0.0757, -0.0881,  0.0744,  0.0694,  0.0375,
          0.0360,  0.0372, -0.0372, -0.0176, -0.0738, -0.0289, -0.0129,  0.0461,
          0.0463, -0.0473, -0.0903, -0.0400,  0.0506,  0.0583, -0.0292, -0.0863,
          0.0048, -0.0606, -0.0445,  0.0731, -0.0573, -0.0528, -0.0411, -0.0291,
         -0.0490, -0.0306, -0.0344, -0.0751, -0.0320, -0.0559, -0.0455,  0.0501,
         -0.0192,  0.0414, -0.0213, -0.0608, -0.0673, -0.0032, -0.0648,  0.0989,
          0.0066, -0.0716, -0.0203, -0.0200, -0.0884, -0.0032,  0.0635,  0.0359,
          0.0911, -0.0014, -0.0133, -0.0824,  0.0301, -0.0659, -0.0276,  0.0851,
         -0.0203, -0.0706,  0.0376, -0.0402,  0.0597,  0.0032,  0.0107, -0.0065,
         -0.0710,  0.0279, -0.0321,  0.1000]], requires_grad=True)
  G param Parameter containing:
tensor([-0.0681,  0.0821, -0.0394,  0.0463,  0.0970, -0.0932], requires_grad=True)
[use_mask]= True
[after  0  iterations]
    average_reward(gen)= 8.924
    average_reward(real)= 16.903
    pct_valid(gen)= 1.0
    pct_valid(real)= 1.0
    d_loss=tensor(0.7132, grad_fn=<BinaryCrossEntropyBackward>)
    g_loss=tensor(0.7326, grad_fn=<NegBackward>)
[after  10  iterations]
    average_reward(gen)= 12.853
    average_reward(real)= 17.777
    pct_valid(gen)= 1.0
    pct_valid(real)= 1.0
    d_loss=tensor(0.5686, grad_fn=<BinaryCrossEntropyBackward>)
    g_loss=tensor(1.4462, grad_fn=<NegBackward>)
[after  20  iterations]
    average_reward(gen)= 10.236
    average_reward(real)= 17.554
    pct_valid(gen)= 1.0
    pct_valid(real)= 1.0
    d_loss=tensor(0.3538, grad_fn=<BinaryCrossEntropyBackward>)
    g_loss=tensor(1.5810, grad_fn=<NegBackward>)
[after  30  iterations]
    average_reward(gen)= 10.716
    average_reward(real)= 17.476
    pct_valid(gen)= 1.0
    pct_valid(real)= 1.0
    d_loss=tensor(0.2272, grad_fn=<BinaryCrossEntropyBackward>)
    g_loss=tensor(1.7859, grad_fn=<NegBackward>)
[after  40  iterations]
    average_reward(gen)= 11.673
    average_reward(real)= 16.828
    pct_valid(gen)= 1.0
    pct_valid(real)= 1.0
    d_loss=tensor(0.1780, grad_fn=<BinaryCrossEntropyBackward>)
    g_loss=tensor(2.0361, grad_fn=<NegBackward>)
[after  50  iterations]
    average_reward(gen)= 14.67
    average_reward(real)= 17.629
    pct_valid(gen)= 1.0
    pct_valid(real)= 1.0
    d_loss=tensor(0.2114, grad_fn=<BinaryCrossEntropyBackward>)
    g_loss=tensor(2.5337, grad_fn=<NegBackward>)
[after  60  iterations]
    average_reward(gen)= 15.4
    average_reward(real)= 17.007
    pct_valid(gen)= 1.0
    pct_valid(real)= 1.0
    d_loss=tensor(0.2132, grad_fn=<BinaryCrossEntropyBackward>)
    g_loss=tensor(2.0137, grad_fn=<NegBackward>)
[after  70  iterations]
    average_reward(gen)= 16.148
    average_reward(real)= 17.187
    pct_valid(gen)= 1.0
    pct_valid(real)= 1.0
    d_loss=tensor(0.2366, grad_fn=<BinaryCrossEntropyBackward>)
    g_loss=tensor(2.1674, grad_fn=<NegBackward>)
[after  80  iterations]
    average_reward(gen)= 17.031
    average_reward(real)= 18.067
    pct_valid(gen)= 1.0
    pct_valid(real)= 1.0
    d_loss=tensor(0.2366, grad_fn=<BinaryCrossEntropyBackward>)
    g_loss=tensor(2.6117, grad_fn=<NegBackward>)
[after  90  iterations]
    average_reward(gen)= 16.611
    average_reward(real)= 17.529
    pct_valid(gen)= 1.0
    pct_valid(real)= 1.0
    d_loss=tensor(0.2155, grad_fn=<BinaryCrossEntropyBackward>)
    g_loss=tensor(2.5351, grad_fn=<NegBackward>)
[after  100  iterations]
    average_reward(gen)= 16.776
    average_reward(real)= 17.436
    pct_valid(gen)= 1.0
    pct_valid(real)= 1.0
    d_loss=tensor(0.2160, grad_fn=<BinaryCrossEntropyBackward>)
    g_loss=tensor(2.6678, grad_fn=<NegBackward>)
[after  110  iterations]
    average_reward(gen)= 17.424
    average_reward(real)= 17.99
    pct_valid(gen)= 1.0
    pct_valid(real)= 1.0
    d_loss=tensor(0.2247, grad_fn=<BinaryCrossEntropyBackward>)
    g_loss=tensor(2.8015, grad_fn=<NegBackward>)
[after  120  iterations]
    average_reward(gen)= 16.94
    average_reward(real)= 17.457
    pct_valid(gen)= 1.0
    pct_valid(real)= 1.0
    d_loss=tensor(0.2105, grad_fn=<BinaryCrossEntropyBackward>)
    g_loss=tensor(2.9052, grad_fn=<NegBackward>)
[after  130  iterations]
    average_reward(gen)= 16.832
    average_reward(real)= 17.398
    pct_valid(gen)= 1.0
    pct_valid(real)= 1.0
    d_loss=tensor(0.2064, grad_fn=<BinaryCrossEntropyBackward>)
    g_loss=tensor(2.9794, grad_fn=<NegBackward>)
[after  140  iterations]
    average_reward(gen)= 17.087
    average_reward(real)= 17.542
    pct_valid(gen)= 1.0
    pct_valid(real)= 1.0
    d_loss=tensor(0.2036, grad_fn=<BinaryCrossEntropyBackward>)
    g_loss=tensor(2.8940, grad_fn=<NegBackward>)
[after  150  iterations]
    average_reward(gen)= 17.403
    average_reward(real)= 17.967
    pct_valid(gen)= 1.0
    pct_valid(real)= 1.0
    d_loss=tensor(0.2108, grad_fn=<BinaryCrossEntropyBackward>)
    g_loss=tensor(3.1625, grad_fn=<NegBackward>)
[after  160  iterations]
    average_reward(gen)= 16.423
    average_reward(real)= 16.987
    pct_valid(gen)= 1.0
    pct_valid(real)= 1.0
    d_loss=tensor(0.1961, grad_fn=<BinaryCrossEntropyBackward>)
    g_loss=tensor(3.4277, grad_fn=<NegBackward>)
[after  170  iterations]
    average_reward(gen)= 17.354
    average_reward(real)= 17.877
    pct_valid(gen)= 1.0
    pct_valid(real)= 1.0
    d_loss=tensor(0.2034, grad_fn=<BinaryCrossEntropyBackward>)
    g_loss=tensor(2.8541, grad_fn=<NegBackward>)
[after  180  iterations]
    average_reward(gen)= 16.301
    average_reward(real)= 16.875
    pct_valid(gen)= 1.0
    pct_valid(real)= 1.0
    d_loss=tensor(0.1855, grad_fn=<BinaryCrossEntropyBackward>)
    g_loss=tensor(3.1347, grad_fn=<NegBackward>)
[after  190  iterations]
    average_reward(gen)= 16.321
    average_reward(real)= 16.799
    pct_valid(gen)= 1.0
    pct_valid(real)= 1.0
    d_loss=tensor(0.1787, grad_fn=<BinaryCrossEntropyBackward>)
    g_loss=tensor(3.4839, grad_fn=<NegBackward>)
[after  200  iterations]
    average_reward(gen)= 17.551
    average_reward(real)= 18.101
    pct_valid(gen)= 1.0
    pct_valid(real)= 1.0
    d_loss=tensor(0.2066, grad_fn=<BinaryCrossEntropyBackward>)
    g_loss=tensor(3.3474, grad_fn=<NegBackward>)
[after  210  iterations]
    average_reward(gen)= 17.625
    average_reward(real)= 18.211
    pct_valid(gen)= 1.0
    pct_valid(real)= 1.0
    d_loss=tensor(0.1990, grad_fn=<BinaryCrossEntropyBackward>)
    g_loss=tensor(3.2879, grad_fn=<NegBackward>)
[after  220  iterations]
    average_reward(gen)= 17.125
    average_reward(real)= 17.418
    pct_valid(gen)= 1.0
    pct_valid(real)= 1.0
    d_loss=tensor(0.1873, grad_fn=<BinaryCrossEntropyBackward>)
    g_loss=tensor(3.3922, grad_fn=<NegBackward>)
[after  230  iterations]
    average_reward(gen)= 17.102
    average_reward(real)= 17.378
    pct_valid(gen)= 1.0
    pct_valid(real)= 1.0
    d_loss=tensor(0.1885, grad_fn=<BinaryCrossEntropyBackward>)
    g_loss=tensor(3.4774, grad_fn=<NegBackward>)
[after  240  iterations]
    average_reward(gen)= 16.575
    average_reward(real)= 16.828
    pct_valid(gen)= 1.0
    pct_valid(real)= 1.0
    d_loss=tensor(0.1705, grad_fn=<BinaryCrossEntropyBackward>)
    g_loss=tensor(3.6621, grad_fn=<NegBackward>)
[after  250  iterations]
    average_reward(gen)= 17.269
    average_reward(real)= 17.564
    pct_valid(gen)= 1.0
    pct_valid(real)= 1.0
    d_loss=tensor(0.1817, grad_fn=<BinaryCrossEntropyBackward>)
    g_loss=tensor(3.4228, grad_fn=<NegBackward>)
[after  260  iterations]
    average_reward(gen)= 17.426
    average_reward(real)= 17.586
    pct_valid(gen)= 1.0
    pct_valid(real)= 1.0
    d_loss=tensor(0.1831, grad_fn=<BinaryCrossEntropyBackward>)
    g_loss=tensor(3.5822, grad_fn=<NegBackward>)
[after  270  iterations]
    average_reward(gen)= 16.794
    average_reward(real)= 16.914
    pct_valid(gen)= 1.0
    pct_valid(real)= 1.0
    d_loss=tensor(0.1717, grad_fn=<BinaryCrossEntropyBackward>)
    g_loss=tensor(3.7369, grad_fn=<NegBackward>)
[after  280  iterations]
    average_reward(gen)= 16.7
    average_reward(real)= 16.825
    pct_valid(gen)= 1.0
    pct_valid(real)= 1.0
    d_loss=tensor(0.1674, grad_fn=<BinaryCrossEntropyBackward>)
    g_loss=tensor(3.7006, grad_fn=<NegBackward>)
[after  290  iterations]
    average_reward(gen)= 16.986
    average_reward(real)= 17.081
    pct_valid(gen)= 1.0
    pct_valid(real)= 1.0
    d_loss=tensor(0.1659, grad_fn=<BinaryCrossEntropyBackward>)
    g_loss=tensor(3.6931, grad_fn=<NegBackward>)
[after  300  iterations]
    average_reward(gen)= 17.644
    average_reward(real)= 17.779
    pct_valid(gen)= 1.0
    pct_valid(real)= 1.0
    d_loss=tensor(0.1809, grad_fn=<BinaryCrossEntropyBackward>)
    g_loss=tensor(3.6549, grad_fn=<NegBackward>)
[after  310  iterations]
    average_reward(gen)= 17.663
    average_reward(real)= 17.818
    pct_valid(gen)= 1.0
    pct_valid(real)= 1.0
    d_loss=tensor(0.1771, grad_fn=<BinaryCrossEntropyBackward>)
    g_loss=tensor(3.9691, grad_fn=<NegBackward>)
[after  320  iterations]
    average_reward(gen)= 17.457
    average_reward(real)= 17.572
    pct_valid(gen)= 1.0
    pct_valid(real)= 1.0
    d_loss=tensor(0.1738, grad_fn=<BinaryCrossEntropyBackward>)
    g_loss=tensor(3.7821, grad_fn=<NegBackward>)
[after  330  iterations]
    average_reward(gen)= 17.874
    average_reward(real)= 17.969
    pct_valid(gen)= 1.0
    pct_valid(real)= 1.0
    d_loss=tensor(0.1726, grad_fn=<BinaryCrossEntropyBackward>)
    g_loss=tensor(3.9054, grad_fn=<NegBackward>)
[after  340  iterations]
    average_reward(gen)= 17.4
    average_reward(real)= 17.52
    pct_valid(gen)= 1.0
    pct_valid(real)= 1.0
    d_loss=tensor(0.1640, grad_fn=<BinaryCrossEntropyBackward>)
    g_loss=tensor(3.8933, grad_fn=<NegBackward>)
[after  350  iterations]
    average_reward(gen)= 16.77
    average_reward(real)= 16.88
    pct_valid(gen)= 1.0
    pct_valid(real)= 1.0
    d_loss=tensor(0.1602, grad_fn=<BinaryCrossEntropyBackward>)
    g_loss=tensor(3.8064, grad_fn=<NegBackward>)
[after  360  iterations]
    average_reward(gen)= 17.721
    average_reward(real)= 17.876
    pct_valid(gen)= 1.0
    pct_valid(real)= 1.0
    d_loss=tensor(0.1807, grad_fn=<BinaryCrossEntropyBackward>)
    g_loss=tensor(3.9792, grad_fn=<NegBackward>)
[after  370  iterations]
    average_reward(gen)= 16.96
    average_reward(real)= 17.16
    pct_valid(gen)= 1.0
    pct_valid(real)= 1.0
    d_loss=tensor(0.1636, grad_fn=<BinaryCrossEntropyBackward>)
    g_loss=tensor(4.0907, grad_fn=<NegBackward>)
[after  380  iterations]
    average_reward(gen)= 17.763
    average_reward(real)= 17.918
    pct_valid(gen)= 1.0
    pct_valid(real)= 1.0
    d_loss=tensor(0.1731, grad_fn=<BinaryCrossEntropyBackward>)
    g_loss=tensor(3.9415, grad_fn=<NegBackward>)
[after  390  iterations]
    average_reward(gen)= 17.338
    average_reward(real)= 17.528
    pct_valid(gen)= 1.0
    pct_valid(real)= 1.0
    d_loss=tensor(0.1681, grad_fn=<BinaryCrossEntropyBackward>)
    g_loss=tensor(4.1432, grad_fn=<NegBackward>)
[after  400  iterations]
    average_reward(gen)= 17.0
    average_reward(real)= 17.195
    pct_valid(gen)= 1.0
    pct_valid(real)= 1.0
    d_loss=tensor(0.1535, grad_fn=<BinaryCrossEntropyBackward>)
    g_loss=tensor(4.2358, grad_fn=<NegBackward>)
[after  410  iterations]
    average_reward(gen)= 16.379
    average_reward(real)= 16.579
    pct_valid(gen)= 1.0
    pct_valid(real)= 1.0
    d_loss=tensor(0.1530, grad_fn=<BinaryCrossEntropyBackward>)
    g_loss=tensor(4.4470, grad_fn=<NegBackward>)
[after  420  iterations]
    average_reward(gen)= 16.456
    average_reward(real)= 16.651
    pct_valid(gen)= 1.0
    pct_valid(real)= 1.0
    d_loss=tensor(0.1440, grad_fn=<BinaryCrossEntropyBackward>)
    g_loss=tensor(4.3415, grad_fn=<NegBackward>)
[after  430  iterations]
    average_reward(gen)= 16.953
    average_reward(real)= 17.103
    pct_valid(gen)= 1.0
    pct_valid(real)= 1.0
    d_loss=tensor(0.1486, grad_fn=<BinaryCrossEntropyBackward>)
    g_loss=tensor(4.3505, grad_fn=<NegBackward>)
[after  440  iterations]
    average_reward(gen)= 16.904
    average_reward(real)= 17.034
    pct_valid(gen)= 1.0
    pct_valid(real)= 1.0
    d_loss=tensor(0.1593, grad_fn=<BinaryCrossEntropyBackward>)
    g_loss=tensor(4.4804, grad_fn=<NegBackward>)
[after  450  iterations]
    average_reward(gen)= 17.671
    average_reward(real)= 17.801
    pct_valid(gen)= 1.0
    pct_valid(real)= 1.0
    d_loss=tensor(0.1701, grad_fn=<BinaryCrossEntropyBackward>)
    g_loss=tensor(4.3934, grad_fn=<NegBackward>)
[after  460  iterations]
    average_reward(gen)= 18.233
    average_reward(real)= 18.378
    pct_valid(gen)= 1.0
    pct_valid(real)= 1.0
    d_loss=tensor(0.1796, grad_fn=<BinaryCrossEntropyBackward>)
    g_loss=tensor(4.3353, grad_fn=<NegBackward>)
[after  470  iterations]
    average_reward(gen)= 17.578
    average_reward(real)= 17.733
    pct_valid(gen)= 1.0
    pct_valid(real)= 1.0
    d_loss=tensor(0.1695, grad_fn=<BinaryCrossEntropyBackward>)
    g_loss=tensor(4.3121, grad_fn=<NegBackward>)
[after  480  iterations]
    average_reward(gen)= 17.433
    average_reward(real)= 17.593
    pct_valid(gen)= 1.0
    pct_valid(real)= 1.0
    d_loss=tensor(0.1599, grad_fn=<BinaryCrossEntropyBackward>)
    g_loss=tensor(4.4725, grad_fn=<NegBackward>)
[after  490  iterations]
    average_reward(gen)= 17.441
    average_reward(real)= 17.581
    pct_valid(gen)= 1.0
    pct_valid(real)= 1.0
    d_loss=tensor(0.1638, grad_fn=<BinaryCrossEntropyBackward>)
    g_loss=tensor(4.4357, grad_fn=<NegBackward>)
