[schedule ins] paired_dist [[0.0, 1.0, 3.0, 6.0, 4.0, 3.0], [1.0, 0.0, 2.0, 5.0, 3.0, 2.0], [3.0, 2.0, 0.0, 3.0, 1.0, 3.0], [6.0, 5.0, 3.0, 0.0, 4.0, 6.0], [4.0, 3.0, 1.0, 4.0, 0.0, 4.0], [3.0, 2.0, 3.0, 6.0, 4.0, 0.0]]
[schedule ins] startp 0
[schedule ins] endp 0
[schedule ins] max_duration 25.0
[schedule ins] max_stops 5
[schedule ins] rewards [[0.0, 5.0, 1.0, 1.0, 1.0, 1.0], [0.0, 2.0, 7.0, 2.0, 2.0, 2.0], [0.0, 3.0, 3.0, 8.0, 3.0, 3.0], [0.0, 2.0, 2.0, 2.0, 10, 2.0], [0.0, 3.0, 3.0, 3.0, 3.0, 9.0], [0.0, 0.0, 0.0, 0.0, 0.0, 0.0]]
[schedule ins] num_locs 6
[test data_gen] next_data= [[[0. 1. 0. 0. 0. 0.]
  [0. 1. 0. 0. 0. 0.]
  [0. 1. 0. 0. 0. 0.]]

 [[0. 0. 1. 0. 0. 0.]
  [0. 0. 0. 0. 0. 1.]
  [0. 0. 1. 0. 0. 0.]]

 [[0. 0. 0. 1. 0. 0.]
  [0. 0. 0. 1. 0. 0.]
  [0. 0. 0. 1. 0. 0.]]

 [[0. 0. 0. 0. 1. 0.]
  [0. 0. 0. 0. 1. 0.]
  [0. 0. 0. 0. 1. 0.]]

 [[0. 0. 0. 0. 0. 1.]
  [1. 0. 0. 0. 0. 0.]
  [0. 0. 0. 0. 0. 1.]]

 [[1. 0. 0. 0. 0. 0.]
  [1. 0. 0. 0. 0. 0.]
  [1. 0. 0. 0. 0. 0.]]]
[test data_gen] next_visit= [[1. 1. 1. 1. 1. 1.]
 [1. 1. 0. 1. 1. 1.]
 [1. 1. 1. 1. 1. 1.]]
NumLayer 7
L 1 6
N 6 1 6
a 1 2 3 4 5 0
n 5 7 8 9 10 0
e 1.0 3.0 6.0 4.0 3.0 0.0
l 1.0 3.0 6.0 4.0 3.0 0.0
ad
sd
au 0
su 0 1 2 3 4 5
L 5 5 7 8 9 10
N 5 1 5
a 2 3 4 5 0
n 4 11 12 13 0
e 3.0 6.0 4.0 3.0 2.0
l 3.0 6.0 4.0 3.0 0.0
ad 1
sd 1
au 0
su 0 1 2 3 4 5
N 7 1 5
a 1 3 4 5 0
n 4 14 15 16 0
e 5.0 6.0 4.0 6.0 6.0
l 1.0 6.0 4.0 3.0 0.0
ad 2
sd 2
au 0
su 0 1 2 3 4 5
N 8 1 5
a 1 2 4 5 0
n 11 14 17 18 0
e 11.0 9.0 10.0 12.0 12.0
l 1.0 3.0 4.0 3.0 0.0
ad 3
sd 3
au 0
su 0 1 2 3 4 5
N 9 1 5
a 1 2 3 5 0
n 12 15 17 19 0
e 7.0 5.0 8.0 8.0 8.0
l 1.0 3.0 6.0 3.0 0.0
ad 4
sd 4
au 0
su 0 1 2 3 4 5
N 10 1 5
a 1 2 3 4 0
n 13 16 18 19 0
e 5.0 6.0 9.0 7.0 6.0
l 1.0 3.0 6.0 4.0 0.0
ad 5
sd 5
au 0
su 0 1 2 3 4 5
L 10 4 11 12 13 14 15 16 17 18 19
N 4 2 4
a 3 4 5 0
n 3 20 21 0
e 6.0 4.0 6.0 6.0
l 6.0 4.0 3.0 0.0
ad 1 2
sd 1 2
au 0
su 0 1 2 3 4 5
N 11 2 4
a 2 4 5 0
n 3 22 23 0
e 9.0 10.0 12.0 12.0
l 3.0 4.0 3.0 0.0
ad 1 3
sd 1 3
au 0
su 0 1 2 3 4 5
N 12 2 4
a 2 3 5 0
n 20 22 24 0
e 5.0 8.0 8.0 8.0
l 3.0 6.0 3.0 0.0
ad 1 4
sd 1 4
au 0
su 0 1 2 3 4 5
N 13 2 4
a 2 3 4 0
n 21 23 24 0
e 6.0 9.0 7.0 6.0
l 3.0 6.0 4.0 0.0
ad 1 5
sd 1 5
au 0
su 0 1 2 3 4 5
N 14 2 4
a 1 4 5 0
n 3 25 26 0
e 11.0 10.0 12.0 12.0
l 1.0 4.0 3.0 0.0
ad 2 3
sd 2 3
au 0
su 0 1 2 3 4 5
N 15 2 4
a 1 3 5 0
n 20 25 27 0
e 7.0 8.0 8.0 8.0
l 1.0 6.0 3.0 0.0
ad 2 4
sd 2 4
au 0
su 0 1 2 3 4 5
N 16 2 4
a 1 3 4 0
n 21 26 27 0
e 8.0 9.0 7.0 9.0
l 1.0 6.0 4.0 0.0
ad 2 5
sd 2 5
au 0
su 0 1 2 3 4 5
N 17 2 4
a 1 2 5 0
n 22 25 28 0
e 13.0 11.0 14.0 14.0
l 1.0 3.0 3.0 0.0
ad 3 4
sd 3 4
au 0
su 0 1 2 3 4 5
N 18 2 4
a 1 2 4 0
n 23 26 28 0
e 14.0 12.0 13.0 15.0
l 1.0 3.0 4.0 0.0
ad 3 5
sd 3 5
au 0
su 0 1 2 3 4 5
N 19 2 4
a 1 2 3 0
n 24 27 28 0
e 10.0 8.0 11.0 11.0
l 1.0 3.0 6.0 0.0
ad 4 5
sd 4 5
au 0
su 0 1 2 3 4 5
L 10 3 20 21 22 23 24 25 26 27 28
N 3 3 3
a 4 5 0
n 2 29 0
e 10.0 12.0 12.0
l 4.0 3.0 0.0
ad 1 2 3
sd 1 2 3
au 0
su 0 1 2 3 4 5
N 20 3 3
a 3 5 0
n 2 30 0
e 8.0 8.0 8.0
l 6.0 3.0 0.0
ad 1 2 4
sd 1 2 4
au 0
su 0 1 2 3 4 5
N 21 3 3
a 3 4 0
n 29 30 0
e 9.0 7.0 9.0
l 6.0 4.0 0.0
ad 1 2 5
sd 1 2 5
au 0
su 0 1 2 3 4 5
N 22 3 3
a 2 5 0
n 2 31 0
e 11.0 14.0 14.0
l 3.0 3.0 0.0
ad 1 3 4
sd 1 3 4
au 0
su 0 1 2 3 4 5
N 23 3 3
a 2 4 0
n 29 31 0
e 12.0 13.0 15.0
l 3.0 4.0 0.0
ad 1 3 5
sd 1 3 5
au 0
su 0 1 2 3 4 5
N 24 3 3
a 2 3 0
n 30 31 0
e 8.0 11.0 11.0
l 3.0 6.0 0.0
ad 1 4 5
sd 1 4 5
au 0
su 0 1 2 3 4 5
N 25 3 3
a 1 5 0
n 2 32 0
e 13.0 14.0 14.0
l 1.0 3.0 0.0
ad 2 3 4
sd 2 3 4
au 0
su 0 1 2 3 4 5
N 26 3 3
a 1 4 0
n 29 32 0
e 14.0 13.0 15.0
l 1.0 4.0 0.0
ad 2 3 5
sd 2 3 5
au 0
su 0 1 2 3 4 5
N 27 3 3
a 1 3 0
n 30 32 0
e 10.0 11.0 11.0
l 1.0 6.0 0.0
ad 2 4 5
sd 2 4 5
au 0
su 0 1 2 3 4 5
N 28 3 3
a 1 2 0
n 31 32 0
e 16.0 14.0 17.0
l 1.0 3.0 0.0
ad 3 4 5
sd 3 4 5
au 0
su 0 1 2 3 4 5
L 5 2 29 30 31 32
N 2 4 2
a 5 0
n 1 0
e 14.0 14.0
l 3.0 0.0
ad 1 2 3 4
sd 1 2 3 4
au 0
su 0 5
N 29 4 2
a 4 0
n 1 0
e 13.0 15.0
l 4.0 0.0
ad 1 2 3 5
sd 1 2 3 5
au 0
su 0 4
N 30 4 2
a 3 0
n 1 0
e 11.0 11.0
l 6.0 0.0
ad 1 2 4 5
sd 1 2 4 5
au 0
su 0 3
N 31 4 2
a 2 0
n 1 0
e 14.0 17.0
l 3.0 0.0
ad 1 3 4 5
sd 1 3 4 5
au 0
su 0 2
N 32 4 2
a 1 0
n 1 0
e 16.0 17.0
l 1.0 0.0
ad 2 3 4 5
sd 2 3 4 5
au 0
su 0 1
L 1 1
N 1 5 1
a 0
n 0
e 17.0
l 0.0
ad 1 2 3 4 5
sd 1 2 3 4 5
au 0
su 0
L 1 0
N 0 32 1
a 0
n 0
e
l
ad 0
sd 0 1 2 3 4 5
au 0
su 0
[Parameters for discriminator] <generator object Module.parameters at 0x7fa0a646f228>
  D param Parameter containing:
tensor([[ 9.6670e-02, -9.1678e-03, -6.9540e-02, -5.9264e-02, -7.4771e-02,
         -9.9007e-02],
        [-2.3437e-02, -9.2055e-02,  1.1445e-02,  2.9294e-02,  1.3450e-02,
          6.2979e-02],
        [ 1.0308e-02, -3.3119e-02, -7.8680e-03,  8.3928e-02,  4.4288e-02,
         -3.0756e-02],
        [-6.7602e-02,  7.2195e-02,  1.0349e-02, -9.0410e-02,  1.6731e-03,
         -8.0756e-02],
        [-9.8281e-02,  4.6363e-02, -7.2946e-04,  7.3109e-02, -7.0002e-02,
         -8.3609e-02],
        [ 2.5660e-02, -3.7687e-02, -2.2542e-04,  8.2935e-02, -8.9941e-02,
          8.2425e-02],
        [-8.1611e-02,  7.2948e-02, -9.8110e-02, -8.7918e-02, -2.5028e-03,
          7.4829e-02],
        [ 6.3624e-02,  9.5153e-02, -1.5302e-02, -2.1801e-02, -3.6745e-02,
          2.3484e-02],
        [ 2.9692e-02,  6.7386e-02,  5.4582e-02,  4.1121e-02, -1.9040e-03,
         -9.9915e-02],
        [ 1.6492e-03,  2.3672e-02,  1.0375e-02,  7.0314e-02,  8.8066e-06,
          4.3657e-02],
        [ 8.3628e-02,  7.5636e-02,  6.0546e-02, -2.0547e-02,  8.7812e-02,
         -5.5380e-02],
        [ 4.8287e-02,  5.9475e-02, -1.8296e-02, -7.5345e-02,  3.0081e-02,
         -7.2146e-02],
        [-3.3976e-03, -9.8764e-02,  5.9664e-02,  1.8710e-02,  9.2119e-02,
         -9.8424e-02],
        [-4.3039e-02, -8.5906e-02, -5.1552e-02, -8.3891e-02,  8.2471e-02,
         -4.6533e-02],
        [-5.2827e-02, -9.3664e-02,  5.7421e-02,  3.5873e-02,  3.6442e-02,
          4.6479e-02],
        [ 9.0867e-02,  5.8396e-02, -5.0989e-02, -8.7611e-02,  7.6747e-02,
          3.7604e-02],
        [ 4.6419e-02, -2.2592e-02, -3.7574e-02,  9.9881e-02, -6.7581e-02,
         -8.8688e-02],
        [-4.2850e-02, -1.2559e-02,  6.6351e-02, -2.9552e-02, -9.4881e-02,
          5.0001e-02],
        [ 3.2993e-03,  4.2225e-02,  1.1881e-03, -3.2511e-02, -8.9240e-03,
          8.9300e-02],
        [ 1.1585e-02, -5.2047e-03, -6.9265e-02,  9.9981e-03, -1.1018e-03,
         -2.7855e-03],
        [ 4.2250e-02,  8.1774e-02,  6.7330e-02,  6.7678e-02,  3.3998e-02,
         -4.3912e-02],
        [ 1.0563e-02,  2.4078e-02, -7.9342e-02, -5.2743e-02,  1.7179e-02,
         -3.7166e-03],
        [-7.8013e-02,  1.6076e-03,  4.9343e-02,  1.8313e-02, -8.9078e-02,
         -9.0825e-02],
        [-6.9946e-02,  4.4606e-03, -7.0563e-03,  4.4215e-02,  3.6844e-02,
         -6.0345e-02],
        [ 6.6227e-03, -3.3175e-02,  7.1404e-02,  2.4985e-02,  4.9557e-03,
         -8.7530e-02],
        [ 3.1590e-02,  1.6713e-02,  6.4723e-03,  8.0838e-02,  1.1151e-02,
          4.3864e-02],
        [-1.5177e-03, -8.8940e-02,  3.8862e-02,  2.9059e-02,  9.4366e-02,
         -6.1280e-02],
        [ 6.4589e-02, -1.8256e-02,  7.8164e-02,  2.2506e-02, -6.1688e-02,
          7.3894e-02],
        [-4.2064e-03,  5.6093e-02,  8.3033e-03, -9.8415e-02,  8.7952e-02,
         -1.2310e-03],
        [ 1.7113e-02,  7.4052e-02, -3.7427e-02,  9.7702e-02, -6.8638e-02,
          7.8574e-02],
        [-3.4138e-02, -5.0468e-02,  9.8330e-02,  8.1643e-02,  1.1705e-02,
         -5.9608e-02],
        [ 9.8221e-03, -2.9263e-02,  3.5797e-03,  2.5908e-02,  7.7911e-03,
         -7.0284e-02],
        [ 2.7676e-02,  1.5444e-02,  1.3126e-02, -9.4844e-02,  2.3068e-02,
          9.0400e-02],
        [ 6.8540e-02, -2.6976e-02, -3.3572e-02, -9.2137e-02,  4.7507e-03,
          3.8386e-02],
        [-9.4263e-02,  4.4427e-02, -9.4817e-02, -4.9390e-02,  7.1733e-02,
          7.5341e-02],
        [ 3.5837e-03, -3.4501e-02, -8.2475e-02, -5.4726e-02,  2.0163e-02,
          7.2143e-02],
        [ 5.0625e-02, -2.1378e-02, -8.9941e-02, -1.6580e-02,  3.3029e-02,
         -2.3164e-02],
        [-6.0202e-02, -6.2405e-02,  9.9802e-02, -8.4309e-02,  7.5572e-02,
          5.1566e-03],
        [ 4.7316e-04,  5.2672e-02, -8.5838e-02, -3.5656e-02, -2.3406e-02,
         -9.1446e-02],
        [-3.4809e-02, -6.8268e-02,  2.7804e-02, -3.4349e-04,  4.6004e-03,
          9.6413e-02],
        [ 6.4637e-02,  7.5182e-03,  8.5538e-02,  7.6970e-02, -5.7573e-02,
          2.4709e-02],
        [ 2.2803e-02, -7.9787e-02, -3.1779e-03,  7.5771e-02, -2.1728e-02,
          3.1624e-02],
        [ 3.9144e-02, -4.2443e-02,  6.4781e-02, -1.5905e-02,  6.6508e-03,
          1.7095e-02],
        [ 5.6143e-02,  2.8014e-02,  1.3739e-02,  8.4161e-02, -7.7945e-02,
          6.3112e-02],
        [ 6.9866e-02, -4.5545e-02,  1.7304e-02, -7.2640e-02, -3.4772e-02,
         -9.5104e-02],
        [-4.5755e-02, -9.5040e-03,  3.2424e-02,  5.2149e-02,  1.1909e-02,
          3.0151e-02],
        [-1.4813e-03,  2.3055e-02, -5.9176e-02, -5.0035e-02,  1.3894e-02,
         -5.8357e-02],
        [-5.7609e-02,  8.4987e-02,  8.6247e-02,  3.6081e-02, -2.4609e-02,
         -9.3753e-02],
        [ 9.6979e-02,  5.2590e-02, -8.3034e-02,  1.9309e-02, -2.8685e-02,
         -2.6527e-02],
        [ 7.4695e-02, -8.7215e-02,  3.3676e-02,  5.0728e-02,  6.6463e-02,
         -1.6957e-02],
        [ 4.9358e-02, -5.0977e-02,  2.9753e-02,  3.8974e-02,  4.6456e-02,
         -5.9276e-02],
        [-5.6803e-02,  8.7259e-03,  5.5823e-02,  1.5610e-02,  5.1454e-02,
          7.8266e-02],
        [ 7.9916e-02,  3.7280e-02,  2.0874e-02, -3.7597e-02,  6.0714e-02,
          7.2911e-03],
        [ 5.5682e-02, -2.0662e-02,  1.3662e-02, -3.6473e-02, -4.8584e-02,
          2.0944e-03],
        [ 4.0997e-02,  6.6776e-02, -1.5943e-02,  7.9076e-02,  8.1873e-02,
          8.7770e-02],
        [-9.7059e-02,  3.4155e-02, -4.6909e-02, -8.6652e-02,  7.9682e-02,
          7.9865e-02],
        [-4.7528e-02, -2.9343e-02, -9.4075e-02,  4.7963e-02,  9.6988e-03,
          6.2277e-02],
        [-1.3757e-02, -7.1185e-02,  2.8361e-02, -2.8843e-02, -6.4770e-03,
         -4.0841e-02],
        [-7.2633e-02,  1.2323e-02, -3.3608e-03, -1.0345e-02, -9.8621e-03,
          6.3935e-02],
        [-3.0816e-02,  9.9262e-02,  8.9300e-03,  9.9729e-02, -4.1310e-02,
          6.9147e-02],
        [-5.2932e-02,  9.5702e-02,  3.5558e-02, -1.4564e-02,  1.1549e-02,
          3.1681e-02],
        [ 8.7237e-02,  2.8937e-02, -8.6970e-02,  8.7401e-02, -4.5784e-02,
          8.0952e-02],
        [-1.0554e-02, -5.1414e-02, -6.0889e-02, -2.3037e-02, -6.8774e-02,
         -1.3656e-02],
        [ 9.3169e-02, -5.6574e-02,  2.6242e-02, -9.3501e-02, -3.9940e-02,
          8.1714e-02],
        [ 6.8807e-02,  1.9511e-02,  8.2328e-02, -4.8372e-02, -4.4299e-02,
         -4.6344e-03],
        [ 1.6705e-02, -2.0289e-02,  8.2388e-03, -8.7662e-02,  6.2659e-02,
          2.4741e-02],
        [-4.8116e-02, -4.3091e-02,  7.3153e-02,  8.6786e-02,  5.9247e-02,
         -9.2199e-02],
        [-5.2809e-02, -2.9895e-02, -4.9170e-02,  5.6170e-02,  8.9121e-02,
         -2.6133e-02],
        [-2.4728e-02, -4.7223e-02, -9.8569e-02,  1.6870e-02,  9.8335e-02,
          5.5323e-02],
        [-4.3984e-02,  2.2208e-02,  9.8317e-03,  5.3187e-02, -6.9357e-02,
         -4.7044e-02],
        [ 5.8100e-02,  8.7759e-03, -4.0630e-02,  2.6257e-02, -3.6123e-02,
         -5.2713e-02],
        [-8.0388e-02,  1.2418e-02, -1.6409e-02,  8.6137e-02, -2.4738e-03,
         -8.9482e-02],
        [ 7.9426e-02, -3.0864e-02,  2.3482e-02,  8.9817e-03,  5.8766e-02,
          8.7941e-02],
        [-6.4272e-02,  3.8693e-02, -9.5783e-02,  1.0912e-02,  7.2199e-02,
          4.4427e-02],
        [ 1.8722e-02, -1.1374e-02,  5.8608e-03,  6.1577e-02, -9.6329e-02,
         -9.8558e-02],
        [-5.7799e-02,  1.9168e-02,  3.7896e-02, -7.0738e-03,  3.1660e-04,
          3.2975e-02],
        [-8.2621e-03,  8.2951e-02, -3.5137e-02,  5.4852e-02,  6.9083e-02,
         -9.6205e-02],
        [ 7.1895e-02,  2.2476e-02,  9.9933e-02,  3.1420e-02, -9.1504e-02,
         -3.4374e-02],
        [-1.7126e-02, -3.7179e-02,  8.0473e-03,  5.4936e-02, -9.3752e-02,
          3.1879e-02],
        [-9.3816e-02, -3.7391e-03, -6.8423e-03,  5.7378e-02, -6.8507e-02,
         -7.2042e-02],
        [-5.8895e-02, -4.1085e-02, -5.9790e-02, -2.7937e-02,  6.6816e-02,
         -2.5192e-02],
        [-7.8662e-02, -1.2868e-02, -4.3545e-02,  9.9543e-02, -9.2130e-02,
         -6.9048e-02],
        [-5.6134e-02, -7.1693e-02,  7.7497e-02,  4.4918e-02,  2.0179e-02,
         -8.3914e-02],
        [-1.8015e-02,  5.4437e-03, -5.2947e-02, -8.8971e-02, -3.6316e-02,
         -3.9270e-02],
        [ 9.5276e-02, -3.5426e-02,  1.3901e-02,  2.7548e-02,  3.3877e-02,
         -9.5602e-02],
        [ 7.8287e-02, -5.7238e-03,  5.8935e-02, -4.1071e-02,  8.7586e-02,
          5.1351e-02],
        [-5.0080e-03, -3.5223e-02, -3.1367e-03, -5.9154e-02,  5.3813e-02,
          5.2206e-02],
        [-3.2418e-02,  6.8666e-02,  3.5026e-03,  4.0895e-02,  2.9986e-02,
         -6.3980e-02],
        [-2.9236e-02,  3.0816e-02,  6.9638e-02, -7.0231e-02,  7.1064e-02,
         -9.5784e-02],
        [-6.7019e-02,  5.4424e-02,  1.7292e-02, -6.2159e-02,  4.2782e-02,
          1.3151e-02],
        [-2.4400e-02,  3.4037e-02, -6.0093e-03, -7.2212e-02,  4.7639e-02,
         -1.9040e-02],
        [ 3.5522e-02,  2.2894e-02,  1.4465e-02,  6.6168e-02,  5.1841e-02,
         -4.7166e-02],
        [-4.1409e-02, -9.3959e-02,  4.9267e-02,  9.9474e-02, -7.9514e-02,
         -2.1801e-02],
        [-2.1656e-02, -6.3601e-02, -1.9223e-02, -7.7581e-02,  1.7648e-02,
          8.3677e-02],
        [ 5.9052e-02,  2.3557e-02, -4.9822e-02,  4.1635e-02,  3.1132e-02,
         -2.3721e-02],
        [-7.2924e-02, -7.5443e-02, -9.8097e-02, -4.8121e-02, -8.2404e-02,
         -3.3131e-02],
        [ 8.1772e-03, -4.9419e-02, -3.3852e-02,  6.6430e-02, -9.4405e-02,
         -7.5701e-02],
        [ 4.8792e-02, -2.4560e-02, -4.0635e-02, -2.8078e-02,  7.8318e-03,
          5.9558e-02],
        [-3.9348e-02, -4.2552e-02, -9.6043e-02, -9.9471e-02, -1.1821e-02,
          7.8096e-02],
        [ 6.4261e-02, -4.7356e-03,  5.8376e-02, -4.8342e-02, -7.8953e-02,
         -6.1105e-02]], requires_grad=True)
  D param Parameter containing:
tensor([[ 0.0786, -0.0664,  0.0719,  ...,  0.0432, -0.0340, -0.0443],
        [ 0.0308, -0.0277, -0.0793,  ..., -0.0753,  0.0837, -0.0147],
        [ 0.0198, -0.0860, -0.0590,  ...,  0.0909,  0.0536, -0.0176],
        ...,
        [-0.0376,  0.0328, -0.0278,  ...,  0.0047, -0.0076, -0.0395],
        [ 0.0982,  0.0961, -0.0754,  ..., -0.0721, -0.0326,  0.0635],
        [ 0.0888,  0.0442, -0.0886,  ..., -0.0382, -0.0857,  0.0771]],
       requires_grad=True)
  D param Parameter containing:
tensor([-0.0747,  0.0856,  0.0377,  0.0189,  0.0975, -0.0039,  0.0151,  0.0472,
         0.0787, -0.0133, -0.0489, -0.0168,  0.0125, -0.0912, -0.0712, -0.0129,
         0.0867,  0.0423,  0.0705, -0.0013,  0.0732, -0.0436,  0.0044, -0.0694,
         0.0859, -0.0228,  0.0513,  0.0070,  0.0424, -0.0080, -0.0404,  0.0026,
         0.0777,  0.0649,  0.0185, -0.0215, -0.0333, -0.0873, -0.0257,  0.0652,
        -0.0978,  0.0481,  0.0002,  0.0984,  0.0890,  0.0782,  0.0922,  0.0741,
        -0.0035, -0.0086, -0.0791,  0.0192,  0.0360,  0.0784,  0.0428, -0.0122,
         0.0926, -0.0483,  0.0429,  0.0232,  0.0238, -0.0673,  0.0004, -0.0523,
         0.0216,  0.0407,  0.0390,  0.0186,  0.0111, -0.0788,  0.0423, -0.0913,
        -0.0083, -0.0968, -0.0250,  0.0891,  0.0275,  0.0676, -0.0378, -0.0930,
        -0.0667, -0.0758, -0.0767,  0.0772,  0.0638, -0.0549, -0.0132,  0.0583,
         0.0658,  0.0427,  0.0763,  0.0852,  0.0255,  0.0380, -0.0253,  0.0176,
        -0.0608,  0.0756,  0.0692, -0.0146], requires_grad=True)
  D param Parameter containing:
tensor([ 0.0195, -0.0763, -0.0545,  0.0319, -0.0650, -0.0093, -0.0338,  0.0686,
        -0.0582,  0.0139, -0.0230,  0.0947, -0.0788,  0.0514,  0.0821,  0.0247,
         0.0830, -0.0147, -0.0923,  0.0398,  0.0033, -0.0741, -0.0147, -0.0830,
        -0.0340,  0.0934,  0.0600,  0.0661,  0.0081, -0.0583,  0.0289, -0.0387,
         0.0152,  0.0510,  0.0493,  0.0039, -0.0133,  0.0476, -0.0151, -0.0363,
         0.0938, -0.0100, -0.0275, -0.0942, -0.0366,  0.0408, -0.0941, -0.0304,
        -0.0109, -0.0899,  0.0827, -0.0591, -0.0565,  0.0706,  0.0331, -0.0126,
        -0.0977,  0.0505,  0.0398,  0.0748, -0.0678, -0.0467, -0.0553,  0.0958,
         0.0161, -0.0647,  0.0724, -0.0841,  0.0707,  0.0690, -0.0050,  0.0323,
         0.0588, -0.0458,  0.0730, -0.0514,  0.0616, -0.0542,  0.0329,  0.0688,
         0.0752,  0.0245, -0.0136, -0.0782,  0.0320,  0.0083,  0.0944,  0.0775,
        -0.0914, -0.0164, -0.0528, -0.0887, -0.0974,  0.0998,  0.0349, -0.0525,
        -0.0760,  0.0666, -0.0313, -0.0933], requires_grad=True)
  D param Parameter containing:
tensor([[-0.0839, -0.0511, -0.0986,  0.0358,  0.0676, -0.0617, -0.0686,  0.0921,
         -0.0289,  0.0853,  0.0133, -0.0155, -0.0168,  0.0336,  0.0727, -0.0364,
         -0.0355, -0.0972, -0.0612,  0.0122,  0.0262,  0.0859,  0.0761,  0.0935,
          0.0113,  0.0356,  0.0748, -0.0410,  0.0214, -0.0946, -0.0432,  0.0857,
          0.0643, -0.0240, -0.0167,  0.0168, -0.0846,  0.0447, -0.0364,  0.0359,
          0.0098,  0.0377, -0.0165,  0.0643,  0.0075,  0.0048, -0.0870,  0.0789,
         -0.0621, -0.0074, -0.0161, -0.0728, -0.0760,  0.0400, -0.0558,  0.0594,
         -0.0265, -0.0746, -0.0251,  0.0974,  0.0628, -0.0070, -0.0768,  0.0373,
          0.0951,  0.0135, -0.0836, -0.0038, -0.0658, -0.0459, -0.0225, -0.0515,
          0.0981,  0.0801, -0.0653, -0.0760,  0.0661, -0.0399,  0.0328,  0.0618,
          0.0427, -0.0705, -0.0679, -0.0076, -0.0101, -0.0077, -0.0373, -0.0601,
          0.0087,  0.0957, -0.0814, -0.0503,  0.0343, -0.0758,  0.0571,  0.0529,
         -0.0913,  0.0431, -0.0132,  0.0110]], requires_grad=True)
  D param Parameter containing:
tensor([0.0505], requires_grad=True)
[Parameters for generator] <generator object Module.parameters at 0x7fa0a646f6d8>
  G param Parameter containing:
tensor([[ 0.0471,  0.0380,  0.0919,  ..., -0.0886,  0.0699, -0.0825],
        [ 0.0502,  0.0432, -0.0877,  ..., -0.0753,  0.0310, -0.0631],
        [-0.0288, -0.0975,  0.0449,  ...,  0.0455,  0.0137, -0.0432],
        ...,
        [-0.0840, -0.0250,  0.0571,  ..., -0.0534,  0.0183,  0.0958],
        [ 0.0399, -0.0649, -0.0381,  ...,  0.0939,  0.0200, -0.0933],
        [ 0.0792, -0.0910,  0.0246,  ...,  0.0352, -0.0608, -0.0507]],
       requires_grad=True)
  G param Parameter containing:
tensor([[-0.0859, -0.0298,  0.0954,  ..., -0.0461,  0.0423,  0.0270],
        [-0.0911, -0.0299,  0.0289,  ...,  0.0497,  0.0854, -0.0623],
        [-0.0376,  0.0915,  0.0969,  ...,  0.0884,  0.0154,  0.0168],
        ...,
        [-0.0645, -0.0757, -0.0541,  ...,  0.0303, -0.0153,  0.0243],
        [-0.0597, -0.0906,  0.0841,  ..., -0.0612,  0.0825, -0.0345],
        [ 0.0090,  0.0590, -0.0239,  ...,  0.0710, -0.0380, -0.0108]],
       requires_grad=True)
  G param Parameter containing:
tensor([ 0.0195, -0.0253, -0.0670,  0.0846,  0.0131,  0.0045, -0.0221, -0.0583,
        -0.0100,  0.0138,  0.0324,  0.0918, -0.0146,  0.0406, -0.0096,  0.0813,
        -0.0701,  0.0461, -0.0943,  0.0115,  0.0407, -0.0878, -0.0404,  0.0588,
         0.0106, -0.0094, -0.0208, -0.0603,  0.0487, -0.0177, -0.0119,  0.0243,
        -0.0066,  0.0436, -0.0673, -0.0075, -0.0982,  0.0505, -0.0739,  0.0759,
         0.0561,  0.0871,  0.0401,  0.0418,  0.0939, -0.0773,  0.0831,  0.0055,
        -0.0864, -0.0393,  0.0659,  0.0430, -0.0224,  0.0095, -0.0657, -0.0464,
         0.0692, -0.0553, -0.0661, -0.0394, -0.0913, -0.0037,  0.0861,  0.0332,
         0.0767,  0.0484, -0.0544,  0.0962, -0.0868, -0.0427, -0.0528, -0.0687,
        -0.0448,  0.0704,  0.0342,  0.0074, -0.0476,  0.0112, -0.0968,  0.0692,
         0.0951,  0.0035, -0.0861, -0.0777,  0.0290,  0.0724, -0.0520, -0.0679,
        -0.0646, -0.0790,  0.0040, -0.0457, -0.0390,  0.0696, -0.0682, -0.0752,
         0.0672, -0.0140,  0.0766, -0.0723], requires_grad=True)
  G param Parameter containing:
tensor([ 0.0339,  0.0100,  0.0537, -0.0139,  0.0886,  0.0606,  0.0011,  0.0482,
        -0.0941, -0.0751,  0.0903,  0.0344, -0.0177,  0.0994,  0.0992, -0.0120,
        -0.0750, -0.0805,  0.0737,  0.0559,  0.0154,  0.0458, -0.0745,  0.0683,
         0.0914,  0.0025,  0.0700, -0.0396,  0.0448,  0.0753, -0.0428,  0.0823,
        -0.0290,  0.0796,  0.0727,  0.0448,  0.0647,  0.0519, -0.0780, -0.0331,
        -0.0623,  0.0747, -0.0783,  0.0307, -0.0201, -0.0702,  0.0855,  0.0103,
        -0.0368, -0.0936,  0.0254,  0.0186, -0.0071,  0.0914,  0.0350,  0.0336,
         0.0376,  0.0105,  0.0912, -0.0421, -0.0270,  0.0627,  0.0914,  0.0355,
         0.0001,  0.0939,  0.0785,  0.0323,  0.0197,  0.0379,  0.0339,  0.0437,
        -0.0371, -0.0585,  0.0198,  0.0769,  0.0483, -0.0928, -0.0268, -0.0541,
        -0.0151,  0.0746, -0.0950, -0.0288, -0.0295,  0.0009,  0.0072,  0.0483,
        -0.0982, -0.0357,  0.0978, -0.0329, -0.0656, -0.0624,  0.0304,  0.0287,
         0.0640,  0.0059,  0.0032, -0.0434], requires_grad=True)
  G param Parameter containing:
tensor([[-0.0340, -0.0990, -0.0543,  0.0913,  0.0659,  0.0785, -0.0221,  0.0529,
         -0.0015, -0.0363, -0.0517, -0.0764,  0.0212, -0.0950, -0.0320,  0.0384,
          0.0931, -0.0074,  0.0471, -0.0708,  0.0646,  0.0952,  0.0126, -0.0368,
          0.0950,  0.0426,  0.0684,  0.0536, -0.0799,  0.0693,  0.0804, -0.0906,
         -0.0055,  0.0678,  0.0899, -0.0518, -0.0038, -0.0123,  0.0872,  0.0218,
         -0.0734,  0.0926, -0.0779,  0.0801,  0.0271, -0.0737,  0.0411, -0.0116,
         -0.0148, -0.0868, -0.0836,  0.0326, -0.0479,  0.0710, -0.0864, -0.0734,
         -0.0864,  0.0521,  0.0173,  0.0905,  0.0989,  0.0030,  0.0818,  0.0830,
         -0.0675,  0.0907, -0.0429,  0.0258,  0.0366,  0.0525,  0.0488, -0.0472,
         -0.0279, -0.0917, -0.0232,  0.0094, -0.0935, -0.0863,  0.0975,  0.0970,
          0.0144, -0.0608,  0.0803, -0.0235,  0.0644,  0.0044, -0.0621, -0.0673,
         -0.0086,  0.0241,  0.0777,  0.0298,  0.0109, -0.0074,  0.0253,  0.0783,
          0.0456,  0.0986, -0.0028, -0.0318],
        [ 0.0307, -0.0212, -0.0137, -0.0619,  0.0044, -0.0773,  0.0460,  0.0286,
         -0.0119, -0.0666, -0.0138,  0.0493,  0.0563, -0.0924,  0.0424, -0.0238,
          0.0333,  0.0881,  0.0409, -0.0727,  0.0599, -0.0560, -0.0305,  0.0002,
          0.0027, -0.0560,  0.0028, -0.0476,  0.0537,  0.0463, -0.0675, -0.0666,
         -0.0733, -0.0773,  0.0810,  0.0658,  0.0971, -0.0976,  0.0751, -0.0779,
          0.0754, -0.0706,  0.0312, -0.0439,  0.0612,  0.0104, -0.0957, -0.0293,
         -0.0476, -0.0654, -0.0016,  0.0301,  0.0226,  0.0212,  0.0998,  0.0731,
          0.0254,  0.0839,  0.0956, -0.0857, -0.0783, -0.0259,  0.0654,  0.0595,
          0.0284,  0.0630,  0.0502,  0.0871,  0.0376,  0.0882, -0.0432, -0.0062,
         -0.0049,  0.0322,  0.0625,  0.0562,  0.0165, -0.0699, -0.0941,  0.0268,
         -0.0390, -0.0225, -0.0020,  0.0460,  0.0746,  0.0618, -0.0715, -0.0630,
         -0.0438, -0.0654, -0.0074,  0.0956,  0.0095, -0.0079,  0.0538, -0.0061,
         -0.0925, -0.0719, -0.0433, -0.0943],
        [ 0.0618,  0.0394, -0.0276,  0.0588, -0.0796,  0.0389,  0.0524, -0.0954,
          0.0547,  0.0889, -0.0542,  0.0090, -0.0422, -0.0957, -0.0072, -0.0653,
         -0.0165, -0.0174, -0.0532,  0.0221,  0.0729, -0.0619,  0.0915,  0.0304,
          0.0646, -0.0445, -0.0945, -0.0504, -0.0184,  0.0273, -0.0588, -0.0789,
         -0.0327, -0.0602, -0.0293,  0.0188,  0.0699, -0.0522,  0.0339, -0.0444,
          0.0792, -0.0131,  0.0482,  0.0795, -0.0991, -0.0635,  0.0069, -0.0238,
          0.0156,  0.0491,  0.0950,  0.0692,  0.0647, -0.0233, -0.0236,  0.0860,
          0.0699,  0.0681, -0.0158, -0.0133,  0.0143, -0.0168,  0.0013,  0.0958,
          0.0228, -0.0652, -0.0677,  0.0452,  0.0013, -0.0330, -0.0160, -0.0195,
         -0.0470,  0.0606,  0.0098, -0.0720, -0.0285, -0.0231, -0.0553,  0.0988,
         -0.0439, -0.0856, -0.0042,  0.0884,  0.0246,  0.0447, -0.0821, -0.0988,
          0.0868, -0.0230, -0.0972, -0.0330,  0.0421,  0.0434,  0.0477,  0.0158,
          0.0915, -0.0553,  0.0026, -0.0740],
        [ 0.0691,  0.0863, -0.0119,  0.0172, -0.0124, -0.0434,  0.0324, -0.0344,
          0.0945, -0.0723,  0.0198, -0.0699, -0.0316, -0.0722, -0.0284,  0.0260,
         -0.0889,  0.0728,  0.0157, -0.0275, -0.0358, -0.0194, -0.0683,  0.0397,
          0.0605,  0.0370, -0.0685,  0.0482, -0.0274,  0.0225, -0.0871,  0.0141,
          0.0739, -0.0052, -0.0016, -0.0553, -0.0824,  0.0689, -0.0134, -0.0607,
          0.0154, -0.0136,  0.0908, -0.0613, -0.0052,  0.0505,  0.0539, -0.0131,
          0.0643, -0.0523, -0.0751, -0.0048, -0.0403,  0.0194, -0.0540,  0.0575,
          0.0080, -0.0522,  0.0108, -0.0725,  0.0484,  0.0797, -0.0021, -0.0430,
          0.0758, -0.0681,  0.0606,  0.0238, -0.0534, -0.0132, -0.0092, -0.0871,
         -0.0527, -0.0606, -0.0790, -0.0042, -0.0872, -0.0759,  0.0020, -0.0891,
          0.0660, -0.0955, -0.0824,  0.0433, -0.0565, -0.0861, -0.0201,  0.0602,
          0.0010, -0.0977, -0.0143,  0.0953, -0.0812, -0.0490,  0.0631,  0.0138,
          0.0826,  0.0962, -0.0303,  0.0984],
        [ 0.0048, -0.0236, -0.0486,  0.0508, -0.0020,  0.0272, -0.0016, -0.0369,
          0.0885,  0.0407, -0.0503,  0.0680,  0.0090,  0.0046, -0.0106,  0.0770,
         -0.0016,  0.0108,  0.0851,  0.0986,  0.0353, -0.0921,  0.0446,  0.0712,
         -0.0528, -0.0922,  0.0353,  0.0672, -0.0563,  0.0892,  0.0660, -0.0530,
         -0.0342, -0.0307, -0.0696,  0.0172, -0.0593,  0.0902,  0.0998,  0.0272,
          0.0955,  0.0292,  0.0479, -0.0068,  0.0837,  0.0112,  0.0142, -0.0923,
          0.0726, -0.0396,  0.0529, -0.0478,  0.0305,  0.0409,  0.0984,  0.0149,
          0.0096, -0.0816,  0.0206, -0.0591, -0.0220, -0.1000, -0.0999,  0.0267,
          0.0440,  0.0803,  0.0925, -0.0255, -0.0701,  0.0653, -0.0975, -0.0883,
         -0.0566, -0.0111, -0.0705,  0.0296, -0.0861, -0.0366,  0.0704,  0.0389,
         -0.0171, -0.0013, -0.0348, -0.0237,  0.0292, -0.0612,  0.0380, -0.0266,
          0.0570,  0.0408, -0.0470,  0.0130, -0.0045,  0.0239, -0.0805, -0.0115,
          0.0398,  0.0917,  0.0570,  0.0510],
        [-0.0421,  0.0072, -0.0485,  0.0910,  0.0707,  0.0370,  0.0006, -0.0192,
          0.0683, -0.0380,  0.0860,  0.0168,  0.0122,  0.0728, -0.0975,  0.0470,
         -0.0127, -0.0453, -0.0652,  0.0737,  0.0734, -0.0302,  0.0389, -0.0767,
         -0.0975, -0.0129,  0.0339, -0.0362,  0.0157,  0.0270,  0.0256,  0.0904,
         -0.0355, -0.0518, -0.0252, -0.0928, -0.0123, -0.0420, -0.0608,  0.0032,
          0.0507, -0.0699, -0.0572, -0.0870, -0.0581, -0.0728,  0.0604, -0.0264,
          0.0193, -0.0781,  0.0727, -0.0652,  0.0462,  0.0704,  0.0614,  0.0061,
         -0.0161,  0.0121,  0.0636, -0.0707,  0.0490, -0.0213, -0.0441, -0.0667,
         -0.0946, -0.0147,  0.0624, -0.0633,  0.0605,  0.0759,  0.0492, -0.0282,
         -0.0402,  0.0495, -0.0286,  0.0622,  0.0787,  0.0041,  0.0780,  0.0800,
         -0.0504,  0.0343,  0.0457, -0.0643,  0.0641,  0.0082,  0.0561,  0.0484,
         -0.0993,  0.0212, -0.0606, -0.0005, -0.0841,  0.0293,  0.0737, -0.0422,
         -0.0330,  0.0628,  0.0212,  0.0654]], requires_grad=True)
  G param Parameter containing:
tensor([-0.0597,  0.0071, -0.0534,  0.0034, -0.0213, -0.0904], requires_grad=True)
[use_mask]= False
[after  0  iterations]
    average_reward(gen)= 12.239
    average_reward(real)= 16.903
    pct_valid(gen)= 0.0
    pct_valid(real)= 1.0
    d_loss=tensor(0.7025, grad_fn=<BinaryCrossEntropyBackward>)
    g_loss=tensor(0.6471, grad_fn=<NegBackward>)
[after  10  iterations]
    average_reward(gen)= 0.313
    average_reward(real)= 17.777
    pct_valid(gen)= 0.007
    pct_valid(real)= 1.0
    d_loss=tensor(0.6052, grad_fn=<BinaryCrossEntropyBackward>)
    g_loss=tensor(0.8820, grad_fn=<NegBackward>)
[after  20  iterations]
    average_reward(gen)= 12.852
    average_reward(real)= 17.554
    pct_valid(gen)= 0.003
    pct_valid(real)= 1.0
    d_loss=tensor(0.6124, grad_fn=<BinaryCrossEntropyBackward>)
    g_loss=tensor(0.8649, grad_fn=<NegBackward>)
[after  30  iterations]
    average_reward(gen)= 25.834
    average_reward(real)= 17.476
    pct_valid(gen)= 0.001
    pct_valid(real)= 1.0
    d_loss=tensor(0.7082, grad_fn=<BinaryCrossEntropyBackward>)
    g_loss=tensor(0.6691, grad_fn=<NegBackward>)
[after  40  iterations]
    average_reward(gen)= 22.302
    average_reward(real)= 16.828
    pct_valid(gen)= 0.003
    pct_valid(real)= 1.0
    d_loss=tensor(0.6870, grad_fn=<BinaryCrossEntropyBackward>)
    g_loss=tensor(1.2419, grad_fn=<NegBackward>)
[after  50  iterations]
    average_reward(gen)= 13.196
    average_reward(real)= 17.629
    pct_valid(gen)= 0.017
    pct_valid(real)= 1.0
    d_loss=tensor(0.5836, grad_fn=<BinaryCrossEntropyBackward>)
    g_loss=tensor(0.8170, grad_fn=<NegBackward>)
[after  60  iterations]
    average_reward(gen)= 12.049
    average_reward(real)= 17.007
    pct_valid(gen)= 0.018
    pct_valid(real)= 1.0
    d_loss=tensor(0.6273, grad_fn=<BinaryCrossEntropyBackward>)
    g_loss=tensor(1.1577, grad_fn=<NegBackward>)
[after  70  iterations]
    average_reward(gen)= 20.916
    average_reward(real)= 17.187
    pct_valid(gen)= 0.0
    pct_valid(real)= 1.0
    d_loss=tensor(0.5739, grad_fn=<BinaryCrossEntropyBackward>)
    g_loss=tensor(0.7776, grad_fn=<NegBackward>)
[after  80  iterations]
    average_reward(gen)= 27.348
    average_reward(real)= 18.067
    pct_valid(gen)= 0.0
    pct_valid(real)= 1.0
    d_loss=tensor(0.6215, grad_fn=<BinaryCrossEntropyBackward>)
    g_loss=tensor(1.0716, grad_fn=<NegBackward>)
[after  90  iterations]
    average_reward(gen)= 25.33
    average_reward(real)= 17.529
    pct_valid(gen)= 0.043
    pct_valid(real)= 1.0
    d_loss=tensor(0.7280, grad_fn=<BinaryCrossEntropyBackward>)
    g_loss=tensor(0.7318, grad_fn=<NegBackward>)
[after  100  iterations]
    average_reward(gen)= 25.008
    average_reward(real)= 17.436
    pct_valid(gen)= 0.041
    pct_valid(real)= 1.0
    d_loss=tensor(0.6203, grad_fn=<BinaryCrossEntropyBackward>)
    g_loss=tensor(0.7949, grad_fn=<NegBackward>)
[after  110  iterations]
    average_reward(gen)= 14.928
    average_reward(real)= 17.99
    pct_valid(gen)= 0.022
    pct_valid(real)= 1.0
    d_loss=tensor(0.6430, grad_fn=<BinaryCrossEntropyBackward>)
    g_loss=tensor(0.6913, grad_fn=<NegBackward>)
[after  120  iterations]
    average_reward(gen)= 19.178
    average_reward(real)= 17.457
    pct_valid(gen)= 0.014
    pct_valid(real)= 1.0
    d_loss=tensor(0.6333, grad_fn=<BinaryCrossEntropyBackward>)
    g_loss=tensor(0.7172, grad_fn=<NegBackward>)
[after  130  iterations]
    average_reward(gen)= 12.914
    average_reward(real)= 17.398
    pct_valid(gen)= 0.022
    pct_valid(real)= 1.0
    d_loss=tensor(0.7170, grad_fn=<BinaryCrossEntropyBackward>)
    g_loss=tensor(0.7146, grad_fn=<NegBackward>)
[after  140  iterations]
    average_reward(gen)= 28.735
    average_reward(real)= 17.542
    pct_valid(gen)= 0.043
    pct_valid(real)= 1.0
    d_loss=tensor(0.6759, grad_fn=<BinaryCrossEntropyBackward>)
    g_loss=tensor(0.8728, grad_fn=<NegBackward>)
[after  150  iterations]
    average_reward(gen)= 19.396
    average_reward(real)= 17.967
    pct_valid(gen)= 0.027
    pct_valid(real)= 1.0
    d_loss=tensor(0.6912, grad_fn=<BinaryCrossEntropyBackward>)
    g_loss=tensor(0.7360, grad_fn=<NegBackward>)
[after  160  iterations]
    average_reward(gen)= 18.331
    average_reward(real)= 16.987
    pct_valid(gen)= 0.026
    pct_valid(real)= 1.0
    d_loss=tensor(0.6609, grad_fn=<BinaryCrossEntropyBackward>)
    g_loss=tensor(0.7591, grad_fn=<NegBackward>)
[after  170  iterations]
    average_reward(gen)= 16.964
    average_reward(real)= 17.877
    pct_valid(gen)= 0.022
    pct_valid(real)= 1.0
    d_loss=tensor(0.6380, grad_fn=<BinaryCrossEntropyBackward>)
    g_loss=tensor(0.7272, grad_fn=<NegBackward>)
[after  180  iterations]
    average_reward(gen)= 13.57
    average_reward(real)= 16.875
    pct_valid(gen)= 0.025
    pct_valid(real)= 1.0
    d_loss=tensor(0.6300, grad_fn=<BinaryCrossEntropyBackward>)
    g_loss=tensor(0.6098, grad_fn=<NegBackward>)
[after  190  iterations]
    average_reward(gen)= 24.113
    average_reward(real)= 16.799
    pct_valid(gen)= 0.021
    pct_valid(real)= 1.0
    d_loss=tensor(0.6574, grad_fn=<BinaryCrossEntropyBackward>)
    g_loss=tensor(0.8533, grad_fn=<NegBackward>)
[after  200  iterations]
    average_reward(gen)= 20.457
    average_reward(real)= 18.101
    pct_valid(gen)= 0.012
    pct_valid(real)= 1.0
    d_loss=tensor(0.6321, grad_fn=<BinaryCrossEntropyBackward>)
    g_loss=tensor(0.7947, grad_fn=<NegBackward>)
[after  210  iterations]
    average_reward(gen)= 16.698
    average_reward(real)= 18.211
    pct_valid(gen)= 0.03
    pct_valid(real)= 1.0
    d_loss=tensor(0.5959, grad_fn=<BinaryCrossEntropyBackward>)
    g_loss=tensor(0.8516, grad_fn=<NegBackward>)
[after  220  iterations]
    average_reward(gen)= 10.153
    average_reward(real)= 17.418
    pct_valid(gen)= 0.035
    pct_valid(real)= 1.0
    d_loss=tensor(0.7074, grad_fn=<BinaryCrossEntropyBackward>)
    g_loss=tensor(1.0136, grad_fn=<NegBackward>)
[after  230  iterations]
    average_reward(gen)= 11.669
    average_reward(real)= 17.378
    pct_valid(gen)= 0.022
    pct_valid(real)= 1.0
    d_loss=tensor(0.6120, grad_fn=<BinaryCrossEntropyBackward>)
    g_loss=tensor(0.8780, grad_fn=<NegBackward>)
[after  240  iterations]
    average_reward(gen)= 14.23
    average_reward(real)= 16.828
    pct_valid(gen)= 0.034
    pct_valid(real)= 1.0
    d_loss=tensor(0.7070, grad_fn=<BinaryCrossEntropyBackward>)
    g_loss=tensor(0.5196, grad_fn=<NegBackward>)
[after  250  iterations]
    average_reward(gen)= 13.835
    average_reward(real)= 17.564
    pct_valid(gen)= 0.035
    pct_valid(real)= 1.0
    d_loss=tensor(0.6271, grad_fn=<BinaryCrossEntropyBackward>)
    g_loss=tensor(0.9401, grad_fn=<NegBackward>)
[after  260  iterations]
    average_reward(gen)= 17.521
    average_reward(real)= 17.586
    pct_valid(gen)= 0.041
    pct_valid(real)= 1.0
    d_loss=tensor(0.6317, grad_fn=<BinaryCrossEntropyBackward>)
    g_loss=tensor(0.7251, grad_fn=<NegBackward>)
[after  270  iterations]
    average_reward(gen)= 17.534
    average_reward(real)= 16.914
    pct_valid(gen)= 0.041
    pct_valid(real)= 1.0
    d_loss=tensor(0.6332, grad_fn=<BinaryCrossEntropyBackward>)
    g_loss=tensor(0.9584, grad_fn=<NegBackward>)
[after  280  iterations]
    average_reward(gen)= 18.612
    average_reward(real)= 16.825
    pct_valid(gen)= 0.041
    pct_valid(real)= 1.0
    d_loss=tensor(0.6139, grad_fn=<BinaryCrossEntropyBackward>)
    g_loss=tensor(0.9166, grad_fn=<NegBackward>)
[after  290  iterations]
    average_reward(gen)= 12.894
    average_reward(real)= 17.081
    pct_valid(gen)= 0.032
    pct_valid(real)= 1.0
    d_loss=tensor(0.6528, grad_fn=<BinaryCrossEntropyBackward>)
    g_loss=tensor(0.7259, grad_fn=<NegBackward>)
[after  300  iterations]
    average_reward(gen)= 13.589
    average_reward(real)= 17.779
    pct_valid(gen)= 0.033
    pct_valid(real)= 1.0
    d_loss=tensor(0.6201, grad_fn=<BinaryCrossEntropyBackward>)
    g_loss=tensor(1.1055, grad_fn=<NegBackward>)
[after  310  iterations]
    average_reward(gen)= 18.276
    average_reward(real)= 17.818
    pct_valid(gen)= 0.047
    pct_valid(real)= 1.0
    d_loss=tensor(0.6112, grad_fn=<BinaryCrossEntropyBackward>)
    g_loss=tensor(0.8818, grad_fn=<NegBackward>)
[after  320  iterations]
    average_reward(gen)= 16.269
    average_reward(real)= 17.572
    pct_valid(gen)= 0.037
    pct_valid(real)= 1.0
    d_loss=tensor(0.6204, grad_fn=<BinaryCrossEntropyBackward>)
    g_loss=tensor(0.7029, grad_fn=<NegBackward>)
[after  330  iterations]
    average_reward(gen)= 14.241
    average_reward(real)= 17.969
    pct_valid(gen)= 0.046
    pct_valid(real)= 1.0
    d_loss=tensor(0.6511, grad_fn=<BinaryCrossEntropyBackward>)
    g_loss=tensor(0.5905, grad_fn=<NegBackward>)
[after  340  iterations]
    average_reward(gen)= 14.354
    average_reward(real)= 17.52
    pct_valid(gen)= 0.037
    pct_valid(real)= 1.0
    d_loss=tensor(0.6053, grad_fn=<BinaryCrossEntropyBackward>)
    g_loss=tensor(0.9830, grad_fn=<NegBackward>)
[after  350  iterations]
    average_reward(gen)= 16.82
    average_reward(real)= 16.88
    pct_valid(gen)= 0.039
    pct_valid(real)= 1.0
    d_loss=tensor(0.6537, grad_fn=<BinaryCrossEntropyBackward>)
    g_loss=tensor(0.8149, grad_fn=<NegBackward>)
[after  360  iterations]
    average_reward(gen)= 19.924
    average_reward(real)= 17.876
    pct_valid(gen)= 0.038
    pct_valid(real)= 1.0
    d_loss=tensor(0.6840, grad_fn=<BinaryCrossEntropyBackward>)
    g_loss=tensor(0.8866, grad_fn=<NegBackward>)
[after  370  iterations]
    average_reward(gen)= 18.393
    average_reward(real)= 17.16
    pct_valid(gen)= 0.028
    pct_valid(real)= 1.0
    d_loss=tensor(0.6244, grad_fn=<BinaryCrossEntropyBackward>)
    g_loss=tensor(0.8650, grad_fn=<NegBackward>)
[after  380  iterations]
    average_reward(gen)= 17.85
    average_reward(real)= 17.918
    pct_valid(gen)= 0.029
    pct_valid(real)= 1.0
    d_loss=tensor(0.5999, grad_fn=<BinaryCrossEntropyBackward>)
    g_loss=tensor(0.9527, grad_fn=<NegBackward>)
[after  390  iterations]
    average_reward(gen)= 16.366
    average_reward(real)= 17.528
    pct_valid(gen)= 0.026
    pct_valid(real)= 1.0
    d_loss=tensor(0.5789, grad_fn=<BinaryCrossEntropyBackward>)
    g_loss=tensor(1.0019, grad_fn=<NegBackward>)
[after  400  iterations]
    average_reward(gen)= 15.088
    average_reward(real)= 17.195
    pct_valid(gen)= 0.031
    pct_valid(real)= 1.0
    d_loss=tensor(0.6384, grad_fn=<BinaryCrossEntropyBackward>)
    g_loss=tensor(0.6349, grad_fn=<NegBackward>)
[after  410  iterations]
    average_reward(gen)= 14.747
    average_reward(real)= 16.579
    pct_valid(gen)= 0.006
    pct_valid(real)= 1.0
    d_loss=tensor(0.7253, grad_fn=<BinaryCrossEntropyBackward>)
    g_loss=tensor(1.1514, grad_fn=<NegBackward>)
[after  420  iterations]
    average_reward(gen)= 18.367
    average_reward(real)= 16.651
    pct_valid(gen)= 0.019
    pct_valid(real)= 1.0
    d_loss=tensor(0.6022, grad_fn=<BinaryCrossEntropyBackward>)
    g_loss=tensor(1.0355, grad_fn=<NegBackward>)
[after  430  iterations]
    average_reward(gen)= 18.612
    average_reward(real)= 17.103
    pct_valid(gen)= 0.036
    pct_valid(real)= 1.0
    d_loss=tensor(0.5931, grad_fn=<BinaryCrossEntropyBackward>)
    g_loss=tensor(0.8074, grad_fn=<NegBackward>)
[after  440  iterations]
    average_reward(gen)= 16.751
    average_reward(real)= 17.034
    pct_valid(gen)= 0.035
    pct_valid(real)= 1.0
    d_loss=tensor(0.5983, grad_fn=<BinaryCrossEntropyBackward>)
    g_loss=tensor(0.9773, grad_fn=<NegBackward>)
[after  450  iterations]
    average_reward(gen)= 15.077
    average_reward(real)= 17.801
    pct_valid(gen)= 0.027
    pct_valid(real)= 1.0
    d_loss=tensor(0.6115, grad_fn=<BinaryCrossEntropyBackward>)
    g_loss=tensor(1.1298, grad_fn=<NegBackward>)
[after  460  iterations]
    average_reward(gen)= 12.187
    average_reward(real)= 18.378
    pct_valid(gen)= 0.032
    pct_valid(real)= 1.0
    d_loss=tensor(0.5843, grad_fn=<BinaryCrossEntropyBackward>)
    g_loss=tensor(0.9745, grad_fn=<NegBackward>)
[after  470  iterations]
    average_reward(gen)= 11.122
    average_reward(real)= 17.733
    pct_valid(gen)= 0.023
    pct_valid(real)= 1.0
    d_loss=tensor(0.5562, grad_fn=<BinaryCrossEntropyBackward>)
    g_loss=tensor(0.9557, grad_fn=<NegBackward>)
[after  480  iterations]
    average_reward(gen)= 12.122
    average_reward(real)= 17.593
    pct_valid(gen)= 0.023
    pct_valid(real)= 1.0
    d_loss=tensor(0.5716, grad_fn=<BinaryCrossEntropyBackward>)
    g_loss=tensor(1.1925, grad_fn=<NegBackward>)
[after  490  iterations]
    average_reward(gen)= 12.2
    average_reward(real)= 17.581
    pct_valid(gen)= 0.038
    pct_valid(real)= 1.0
    d_loss=tensor(0.5466, grad_fn=<BinaryCrossEntropyBackward>)
    g_loss=tensor(1.2184, grad_fn=<NegBackward>)
