data_file: output/6city_exp1.data
prob_file: output/6city_exp1.prob
read problem
[schedule ins] paired_dist [[0.0, 1.0, 3.0, 6.0, 4.0, 3.0], [1.0, 0.0, 2.0, 5.0, 3.0, 2.0], [3.0, 2.0, 0.0, 3.0, 1.0, 3.0], [6.0, 5.0, 3.0, 0.0, 4.0, 6.0], [4.0, 3.0, 1.0, 4.0, 0.0, 4.0], [3.0, 2.0, 3.0, 6.0, 4.0, 0.0]]
[schedule ins] startp 0
[schedule ins] endp 0
[schedule ins] max_duration 25.0
[schedule ins] max_stops 5
[schedule ins] rewards [[0.0, 5.0, 1.0, 1.0, 1.0, 1.0], [0.0, 2.0, 7.0, 2.0, 2.0, 2.0], [0.0, 3.0, 3.0, 8.0, 3.0, 3.0], [0.0, 2.0, 2.0, 2.0, 10, 2.0], [0.0, 3.0, 3.0, 3.0, 3.0, 9.0], [0.0, 0.0, 0.0, 0.0, 0.0, 0.0]]
[schedule ins] num_locs 6
[test data_gen] next_data= [[[0. 1. 0. 0. 0. 0.]
  [0. 1. 0. 0. 0. 0.]
  [0. 1. 0. 0. 0. 0.]]

 [[0. 0. 1. 0. 0. 0.]
  [0. 0. 0. 0. 0. 1.]
  [0. 0. 1. 0. 0. 0.]]

 [[0. 0. 0. 1. 0. 0.]
  [0. 0. 0. 1. 0. 0.]
  [0. 0. 0. 1. 0. 0.]]

 [[0. 0. 0. 0. 1. 0.]
  [0. 0. 0. 0. 1. 0.]
  [0. 0. 0. 0. 1. 0.]]

 [[0. 0. 0. 0. 0. 1.]
  [1. 0. 0. 0. 0. 0.]
  [0. 0. 0. 0. 0. 1.]]

 [[1. 0. 0. 0. 0. 0.]
  [1. 0. 0. 0. 0. 0.]
  [1. 0. 0. 0. 0. 0.]]]
[test data_gen] next_visit= [[1. 1. 1. 1. 1. 1.]
 [1. 1. 0. 1. 1. 1.]
 [1. 1. 1. 1. 1. 1.]]
NumLayer 7
L 1 6
N 6 1 6
a 1 2 3 4 5 0
n 5 7 8 9 10 0
e 1.0 3.0 6.0 4.0 3.0 0.0
l 1.0 3.0 6.0 4.0 3.0 0.0
ad
sd
au 0
su 0 1 2 3 4 5
L 5 5 7 8 9 10
N 5 1 5
a 2 3 4 5 0
n 4 11 12 13 0
e 3.0 6.0 4.0 3.0 2.0
l 3.0 6.0 4.0 3.0 0.0
ad 1
sd 1
au 0
su 0 1 2 3 4 5
N 7 1 5
a 1 3 4 5 0
n 4 14 15 16 0
e 5.0 6.0 4.0 6.0 6.0
l 1.0 6.0 4.0 3.0 0.0
ad 2
sd 2
au 0
su 0 1 2 3 4 5
N 8 1 5
a 1 2 4 5 0
n 11 14 17 18 0
e 11.0 9.0 10.0 12.0 12.0
l 1.0 3.0 4.0 3.0 0.0
ad 3
sd 3
au 0
su 0 1 2 3 4 5
N 9 1 5
a 1 2 3 5 0
n 12 15 17 19 0
e 7.0 5.0 8.0 8.0 8.0
l 1.0 3.0 6.0 3.0 0.0
ad 4
sd 4
au 0
su 0 1 2 3 4 5
N 10 1 5
a 1 2 3 4 0
n 13 16 18 19 0
e 5.0 6.0 9.0 7.0 6.0
l 1.0 3.0 6.0 4.0 0.0
ad 5
sd 5
au 0
su 0 1 2 3 4 5
L 10 4 11 12 13 14 15 16 17 18 19
N 4 2 4
a 3 4 5 0
n 3 20 21 0
e 6.0 4.0 6.0 6.0
l 6.0 4.0 3.0 0.0
ad 1 2
sd 1 2
au 0
su 0 1 2 3 4 5
N 11 2 4
a 2 4 5 0
n 3 22 23 0
e 9.0 10.0 12.0 12.0
l 3.0 4.0 3.0 0.0
ad 1 3
sd 1 3
au 0
su 0 1 2 3 4 5
N 12 2 4
a 2 3 5 0
n 20 22 24 0
e 5.0 8.0 8.0 8.0
l 3.0 6.0 3.0 0.0
ad 1 4
sd 1 4
au 0
su 0 1 2 3 4 5
N 13 2 4
a 2 3 4 0
n 21 23 24 0
e 6.0 9.0 7.0 6.0
l 3.0 6.0 4.0 0.0
ad 1 5
sd 1 5
au 0
su 0 1 2 3 4 5
N 14 2 4
a 1 4 5 0
n 3 25 26 0
e 11.0 10.0 12.0 12.0
l 1.0 4.0 3.0 0.0
ad 2 3
sd 2 3
au 0
su 0 1 2 3 4 5
N 15 2 4
a 1 3 5 0
n 20 25 27 0
e 7.0 8.0 8.0 8.0
l 1.0 6.0 3.0 0.0
ad 2 4
sd 2 4
au 0
su 0 1 2 3 4 5
N 16 2 4
a 1 3 4 0
n 21 26 27 0
e 8.0 9.0 7.0 9.0
l 1.0 6.0 4.0 0.0
ad 2 5
sd 2 5
au 0
su 0 1 2 3 4 5
N 17 2 4
a 1 2 5 0
n 22 25 28 0
e 13.0 11.0 14.0 14.0
l 1.0 3.0 3.0 0.0
ad 3 4
sd 3 4
au 0
su 0 1 2 3 4 5
N 18 2 4
a 1 2 4 0
n 23 26 28 0
e 14.0 12.0 13.0 15.0
l 1.0 3.0 4.0 0.0
ad 3 5
sd 3 5
au 0
su 0 1 2 3 4 5
N 19 2 4
a 1 2 3 0
n 24 27 28 0
e 10.0 8.0 11.0 11.0
l 1.0 3.0 6.0 0.0
ad 4 5
sd 4 5
au 0
su 0 1 2 3 4 5
L 10 3 20 21 22 23 24 25 26 27 28
N 3 3 3
a 4 5 0
n 2 29 0
e 10.0 12.0 12.0
l 4.0 3.0 0.0
ad 1 2 3
sd 1 2 3
au 0
su 0 1 2 3 4 5
N 20 3 3
a 3 5 0
n 2 30 0
e 8.0 8.0 8.0
l 6.0 3.0 0.0
ad 1 2 4
sd 1 2 4
au 0
su 0 1 2 3 4 5
N 21 3 3
a 3 4 0
n 29 30 0
e 9.0 7.0 9.0
l 6.0 4.0 0.0
ad 1 2 5
sd 1 2 5
au 0
su 0 1 2 3 4 5
N 22 3 3
a 2 5 0
n 2 31 0
e 11.0 14.0 14.0
l 3.0 3.0 0.0
ad 1 3 4
sd 1 3 4
au 0
su 0 1 2 3 4 5
N 23 3 3
a 2 4 0
n 29 31 0
e 12.0 13.0 15.0
l 3.0 4.0 0.0
ad 1 3 5
sd 1 3 5
au 0
su 0 1 2 3 4 5
N 24 3 3
a 2 3 0
n 30 31 0
e 8.0 11.0 11.0
l 3.0 6.0 0.0
ad 1 4 5
sd 1 4 5
au 0
su 0 1 2 3 4 5
N 25 3 3
a 1 5 0
n 2 32 0
e 13.0 14.0 14.0
l 1.0 3.0 0.0
ad 2 3 4
sd 2 3 4
au 0
su 0 1 2 3 4 5
N 26 3 3
a 1 4 0
n 29 32 0
e 14.0 13.0 15.0
l 1.0 4.0 0.0
ad 2 3 5
sd 2 3 5
au 0
su 0 1 2 3 4 5
N 27 3 3
a 1 3 0
n 30 32 0
e 10.0 11.0 11.0
l 1.0 6.0 0.0
ad 2 4 5
sd 2 4 5
au 0
su 0 1 2 3 4 5
N 28 3 3
a 1 2 0
n 31 32 0
e 16.0 14.0 17.0
l 1.0 3.0 0.0
ad 3 4 5
sd 3 4 5
au 0
su 0 1 2 3 4 5
L 5 2 29 30 31 32
N 2 4 2
a 5 0
n 1 0
e 14.0 14.0
l 3.0 0.0
ad 1 2 3 4
sd 1 2 3 4
au 0
su 0 5
N 29 4 2
a 4 0
n 1 0
e 13.0 15.0
l 4.0 0.0
ad 1 2 3 5
sd 1 2 3 5
au 0
su 0 4
N 30 4 2
a 3 0
n 1 0
e 11.0 11.0
l 6.0 0.0
ad 1 2 4 5
sd 1 2 4 5
au 0
su 0 3
N 31 4 2
a 2 0
n 1 0
e 14.0 17.0
l 3.0 0.0
ad 1 3 4 5
sd 1 3 4 5
au 0
su 0 2
N 32 4 2
a 1 0
n 1 0
e 16.0 17.0
l 1.0 0.0
ad 2 3 4 5
sd 2 3 4 5
au 0
su 0 1
L 1 1
N 1 5 1
a 0
n 0
e 17.0
l 0.0
ad 1 2 3 4 5
sd 1 2 3 4 5
au 0
su 0
L 1 0
N 0 32 1
a 0
n 0
e
l
ad 0
sd 0 1 2 3 4 5
au 0
su 0
[Parameters for discriminator] <generator object Module.parameters at 0x7f483794e258>
  D param Parameter containing:
tensor([[-5.0837e-02, -8.4378e-02, -5.5329e-02,  5.7566e-02,  1.6929e-02,
          1.8400e-02],
        [ 8.1343e-02, -5.0443e-02,  4.6669e-02, -5.2486e-02,  7.3640e-02,
          7.0733e-02],
        [ 7.0339e-02, -3.4123e-02,  4.1865e-02, -1.3362e-02,  8.6622e-02,
         -8.0427e-02],
        [-1.9071e-02, -6.7053e-02,  9.2064e-02,  2.7565e-02,  6.6804e-02,
          3.8959e-02],
        [ 4.6210e-02,  9.7284e-02,  3.8359e-02, -3.0038e-02, -8.1458e-02,
          5.1075e-02],
        [ 6.5084e-02,  1.1159e-02,  5.7535e-02, -5.5268e-02,  4.6477e-02,
          9.8747e-02],
        [-4.8724e-02,  8.3212e-02,  4.6365e-02,  2.9304e-02,  6.7302e-02,
         -6.9545e-02],
        [-6.8435e-02,  5.4566e-02, -1.9847e-02,  3.5213e-02,  7.9436e-02,
          1.8179e-02],
        [ 2.9110e-02, -7.0352e-02, -4.4482e-02, -5.4609e-02,  9.3167e-02,
          9.9577e-02],
        [ 3.0086e-02, -4.8291e-03, -4.9058e-02,  7.2861e-02, -1.4556e-02,
          6.7799e-02],
        [ 3.2633e-02,  7.0644e-02,  8.2568e-03,  6.9559e-03,  1.8227e-02,
          4.6783e-02],
        [-1.9303e-02, -5.0215e-02, -6.2792e-02, -6.7121e-02,  4.5668e-02,
          9.6245e-02],
        [ 7.8762e-02,  5.2010e-02,  6.8180e-02,  2.7336e-02, -6.1325e-02,
         -3.8088e-03],
        [-4.3846e-02, -9.4108e-02, -7.6392e-02,  9.2417e-03,  9.4924e-02,
         -7.5935e-02],
        [-3.8580e-02, -3.5066e-02, -6.5780e-03, -2.3893e-02, -1.5783e-02,
         -6.1411e-02],
        [ 3.9763e-02,  5.9022e-03, -9.3494e-02, -4.6387e-02, -2.0965e-02,
          4.5834e-02],
        [-8.6623e-02,  8.7330e-02,  5.9665e-02, -7.2096e-02,  7.9301e-02,
          5.8517e-02],
        [-7.8184e-02, -3.8394e-02, -6.8015e-02,  9.6613e-02,  5.4059e-02,
         -4.8993e-02],
        [ 7.5175e-02,  6.6844e-02,  6.8263e-02,  3.0752e-02, -6.9212e-02,
         -4.0164e-02],
        [-4.2872e-02,  3.0531e-02, -9.2392e-02,  5.2881e-02,  6.7917e-02,
          2.6991e-02],
        [-4.2974e-02,  5.9093e-03,  1.6012e-02, -6.9998e-02, -1.6243e-02,
         -2.1282e-02],
        [-1.4130e-02,  8.9750e-02, -2.8213e-02,  9.7845e-02,  8.1805e-02,
          7.8243e-02],
        [ 3.3781e-02,  9.2452e-02, -1.6780e-02, -1.3419e-02, -6.3899e-02,
          5.4455e-02],
        [-7.5300e-02, -2.9543e-03,  9.0015e-02,  3.6883e-02,  8.0616e-02,
          7.4780e-02],
        [ 5.3954e-02, -6.2780e-03,  4.4261e-02,  8.5500e-02,  2.7607e-02,
         -9.5097e-02],
        [ 6.1970e-02, -7.0995e-02, -9.8827e-02, -4.9862e-02, -2.1733e-02,
         -6.0413e-03],
        [ 6.7421e-02, -3.0298e-02, -3.2618e-02,  1.2004e-02,  3.4838e-02,
          9.7576e-03],
        [-2.1137e-02,  1.3696e-02, -6.1511e-02, -1.7712e-02,  5.0742e-02,
         -8.4888e-02],
        [ 9.4625e-02, -4.9963e-03,  1.8384e-02,  6.6714e-03,  7.5188e-03,
          9.8591e-02],
        [-9.3313e-02, -9.3527e-02,  6.4403e-02,  1.1938e-02,  6.3874e-02,
         -9.0514e-02],
        [-9.7353e-02, -7.4606e-03,  6.6951e-02, -4.2693e-03, -6.8180e-02,
         -1.9175e-02],
        [-1.7234e-02,  1.0297e-02,  8.4897e-02,  5.1729e-02,  1.6361e-02,
         -4.3874e-02],
        [ 2.9674e-02,  3.3213e-02, -2.0807e-02, -9.9268e-02,  6.9595e-02,
          5.2521e-02],
        [ 2.8182e-02, -7.7162e-02, -8.7489e-02,  8.8133e-02, -5.1883e-02,
         -7.5861e-02],
        [ 2.5889e-02, -7.4679e-02, -4.1226e-02, -9.3242e-02,  7.6540e-02,
         -5.1986e-02],
        [-2.8779e-04, -9.4648e-02, -4.5161e-02, -6.7808e-02, -9.0683e-02,
          6.8660e-02],
        [-9.9082e-02,  8.8962e-02,  5.2695e-02,  8.8353e-02,  9.6297e-02,
          8.4567e-02],
        [ 5.4856e-02, -4.1420e-02, -7.6447e-02, -7.9424e-02,  6.8203e-02,
          7.9094e-02],
        [ 8.2486e-02, -6.2621e-02,  5.9973e-02, -7.0923e-02,  8.6262e-02,
         -5.0630e-02],
        [ 8.4587e-02, -3.2607e-02, -9.9974e-02, -1.0664e-03,  8.8616e-02,
         -7.3688e-02],
        [-1.8589e-02, -5.8338e-02,  2.2219e-02,  9.1264e-02, -3.7673e-02,
         -4.9339e-02],
        [ 2.5257e-03,  7.8273e-03, -8.8588e-02,  4.9877e-02,  4.6562e-02,
         -2.1826e-02],
        [-9.7362e-03, -6.4748e-02, -4.4529e-02, -5.2747e-03, -3.0249e-02,
          6.7548e-02],
        [ 5.2764e-03,  1.3213e-02,  6.5772e-02,  1.6998e-03,  4.0598e-02,
         -1.8875e-03],
        [ 2.2753e-02, -4.4182e-02, -3.0931e-02,  9.8170e-02, -6.9836e-02,
          1.4250e-02],
        [ 8.1956e-04,  3.8735e-02, -6.0466e-02,  1.5662e-02,  8.7481e-02,
          5.9750e-02],
        [-2.6263e-05,  8.4113e-02, -3.6151e-02, -8.7142e-02,  6.0201e-02,
         -6.4483e-02],
        [-8.6337e-02,  8.9868e-02,  9.9422e-03, -1.3208e-03, -9.8084e-02,
         -5.5824e-03],
        [ 8.7009e-03, -4.6710e-02,  8.6914e-02, -3.8787e-02, -5.8445e-02,
          6.6780e-02],
        [-1.4995e-02,  3.8769e-02,  7.5677e-03,  7.8922e-02, -5.9925e-02,
         -7.3496e-02],
        [ 3.6274e-03, -9.7324e-02, -1.3679e-02, -8.6693e-02,  7.5952e-02,
          1.1269e-02],
        [-9.0336e-02, -6.4588e-03,  8.3399e-02, -2.5505e-02, -2.0369e-02,
         -6.6289e-03],
        [-4.8367e-02, -5.3304e-02,  1.8376e-02,  6.2304e-02, -1.5427e-02,
          1.2715e-02],
        [-3.7280e-03,  7.1248e-02, -5.2016e-02,  9.8545e-02,  1.9762e-02,
          3.7099e-02],
        [ 8.9505e-02, -3.9163e-02, -5.0825e-02, -1.6156e-02,  3.5316e-02,
          3.8184e-02],
        [-1.1104e-02,  3.8889e-02, -5.9434e-02, -2.9902e-02,  9.7182e-02,
          9.2321e-02],
        [ 5.6301e-02,  7.0983e-03,  4.7480e-02,  7.7532e-02, -2.4489e-02,
         -8.9965e-02],
        [ 1.6227e-02, -8.1284e-02, -5.0765e-02,  7.5623e-02,  7.1708e-02,
          6.8451e-02],
        [ 5.1038e-02,  3.9518e-02, -4.0386e-03,  7.2161e-02, -1.1805e-02,
         -4.6693e-02],
        [ 7.0462e-02,  1.2136e-02, -3.5959e-02,  1.0979e-02,  1.2952e-02,
          3.9882e-02],
        [-8.4370e-02, -4.9003e-02,  2.9322e-02, -2.8043e-02,  2.7664e-02,
          9.1472e-02],
        [ 2.7008e-02, -2.0562e-02, -8.0470e-02, -1.6019e-02,  8.9819e-02,
          4.0970e-02],
        [ 5.7237e-02,  8.0917e-02, -1.5602e-02, -1.8732e-02, -8.9667e-02,
         -4.2733e-02],
        [ 5.7768e-02,  5.4674e-02, -4.4274e-02, -3.9721e-02, -7.0909e-02,
          3.1418e-02],
        [ 3.4308e-02, -6.9406e-02, -1.7013e-02, -5.6722e-02, -8.1007e-02,
          1.6484e-02],
        [-4.6359e-02, -1.6791e-02, -6.1915e-02,  6.2830e-02,  3.9452e-02,
         -9.9318e-02],
        [-8.7497e-02,  8.5344e-02, -8.9804e-02, -7.5271e-02, -1.0231e-02,
          8.9662e-02],
        [-9.8946e-02, -9.7536e-02,  5.5428e-02, -7.2665e-02,  4.9740e-03,
          2.9681e-02],
        [-4.4835e-02, -2.5448e-02, -9.8261e-02,  6.4187e-02,  3.7448e-02,
         -7.4428e-02],
        [ 7.5636e-02,  5.4824e-02, -5.7088e-04, -8.0465e-02, -8.4356e-02,
          9.5882e-02],
        [-6.8307e-02, -9.3942e-02,  8.5380e-02, -1.0738e-02,  5.1685e-02,
         -5.2090e-02],
        [ 2.6644e-02, -8.4325e-02,  8.3892e-03, -6.2698e-02,  9.1835e-02,
         -8.9167e-02],
        [-8.1396e-02, -2.4072e-02, -7.9387e-02, -1.7241e-02,  3.8121e-02,
          4.2199e-02],
        [ 7.5166e-02, -1.8033e-02, -1.9386e-02, -3.0386e-02, -8.4560e-02,
         -8.3217e-03],
        [-1.2358e-02,  9.5515e-02, -1.7831e-02, -9.7024e-02, -5.8381e-02,
         -7.6109e-02],
        [ 1.9664e-02, -3.9912e-02, -7.2689e-02,  6.7721e-02,  1.2932e-02,
          2.6514e-04],
        [ 1.8665e-02, -8.5407e-02,  7.7813e-02, -4.6792e-02,  2.6206e-02,
         -2.8826e-02],
        [ 2.4976e-02,  5.5009e-03,  4.6078e-02, -4.3188e-02,  1.0429e-02,
          3.5664e-02],
        [ 4.5799e-02, -9.5927e-02,  8.0760e-02,  2.5596e-02, -7.8530e-02,
          7.7124e-02],
        [ 1.6140e-02,  6.3761e-03, -7.0637e-02, -4.6981e-02, -7.0525e-02,
          8.8048e-02],
        [ 8.1551e-02, -3.6828e-02,  5.5441e-02, -3.5011e-02, -1.1519e-02,
         -9.9240e-02],
        [-9.3171e-02,  7.1832e-02,  4.4176e-02,  1.8325e-02, -7.1337e-02,
         -3.2454e-02],
        [-5.4471e-02,  7.6565e-02,  2.9767e-02,  6.3963e-02,  1.3333e-02,
         -8.2451e-02],
        [ 3.4006e-02,  2.5989e-02,  7.3537e-02,  8.3478e-02, -1.7337e-02,
         -4.6722e-02],
        [ 2.0674e-02, -7.4887e-02,  7.0137e-02, -2.0925e-02, -1.9320e-02,
          4.3420e-02],
        [-4.4923e-02,  1.0233e-02, -5.9636e-02, -8.9287e-02, -4.9385e-03,
         -4.4555e-02],
        [-4.1985e-02,  6.1789e-02,  5.6652e-02,  6.3208e-02,  4.8415e-02,
         -7.8926e-02],
        [ 5.4022e-03, -4.7098e-02,  6.7274e-02,  7.4794e-02,  7.4372e-02,
          6.5381e-02],
        [-2.4475e-02, -6.5363e-02,  1.0271e-02,  2.4551e-02, -2.8095e-02,
          4.1886e-02],
        [ 5.7808e-02,  7.3528e-02, -2.7468e-03,  5.2753e-02,  7.6301e-02,
         -8.1572e-02],
        [ 4.9470e-02,  3.8413e-02,  8.1305e-02,  3.0224e-02,  4.3811e-02,
         -2.1645e-02],
        [-2.5553e-02,  2.9079e-02, -1.5981e-02, -2.9143e-02,  3.5174e-02,
         -2.6517e-02],
        [ 9.2208e-02, -5.6728e-02, -8.4782e-04,  4.0545e-02, -2.1362e-02,
          2.9903e-02],
        [-8.2818e-03, -3.1007e-02, -8.5071e-02, -9.9556e-02,  4.5170e-02,
          4.5516e-02],
        [-7.5172e-02, -6.5446e-02,  6.3754e-02, -6.0845e-02, -4.4638e-02,
          8.4383e-02],
        [-1.5127e-02, -8.5514e-02, -1.0397e-02, -4.3658e-02,  8.1037e-02,
          4.1427e-02],
        [ 4.9449e-02, -7.3287e-02, -8.9893e-02, -3.8178e-02, -3.8192e-02,
          2.1932e-02],
        [ 2.1018e-03,  5.6437e-02, -6.1048e-02,  6.6932e-02, -1.3615e-02,
          5.9147e-02],
        [ 2.4627e-02, -4.1169e-02,  3.4094e-02,  3.4396e-03,  6.9111e-02,
          1.4652e-02],
        [ 3.2673e-02,  7.8423e-02,  1.7962e-02, -3.3904e-02,  5.3284e-02,
         -2.7920e-02]], device='cuda:0', requires_grad=True)
  D param Parameter containing:
tensor([[ 0.0302, -0.0205, -0.0124,  ..., -0.0694, -0.0943,  0.0116],
        [ 0.0466, -0.0187, -0.0870,  ..., -0.0103, -0.0727, -0.0072],
        [-0.0104, -0.0509, -0.0820,  ..., -0.0834, -0.0246,  0.0606],
        ...,
        [-0.0164,  0.0153,  0.0606,  ...,  0.0460,  0.0415, -0.0079],
        [ 0.0101, -0.0542, -0.0977,  ...,  0.0574, -0.0490,  0.0304],
        [ 0.0617,  0.0310, -0.0720,  ..., -0.0106,  0.0359,  0.0233]],
       device='cuda:0', requires_grad=True)
  D param Parameter containing:
tensor([-0.0835,  0.0799,  0.0251, -0.0100,  0.0210, -0.0889,  0.0791,  0.0818,
        -0.0427,  0.0104,  0.0241, -0.0051,  0.0071,  0.0641,  0.0401,  0.0990,
        -0.0712, -0.0873, -0.0966, -0.0658,  0.0425,  0.0783, -0.0473,  0.0739,
        -0.0624,  0.0485, -0.0509,  0.0398,  0.0832, -0.0433,  0.0543, -0.0698,
         0.0729, -0.0587, -0.0854, -0.0184, -0.0481, -0.0722,  0.0540, -0.0669,
         0.0041, -0.0273,  0.0115, -0.0290, -0.0513,  0.0044, -0.0390,  0.0714,
         0.0886, -0.0203, -0.0072, -0.0947, -0.0824,  0.0293, -0.0402,  0.0365,
        -0.0791,  0.0085, -0.0638, -0.0935,  0.0252, -0.0244,  0.0513,  0.0218,
         0.0505,  0.0853, -0.0895, -0.0663,  0.0062,  0.0214, -0.0531, -0.0597,
         0.0428,  0.0668, -0.0205,  0.0388,  0.0878,  0.0458, -0.0670,  0.0978,
        -0.0053, -0.0080, -0.0091, -0.0780,  0.0754,  0.0567,  0.0079,  0.0353,
        -0.0220, -0.0257,  0.0968,  0.0429, -0.0452, -0.0616, -0.0157,  0.0337,
         0.0089,  0.0067,  0.0314, -0.0903], device='cuda:0',
       requires_grad=True)
  D param Parameter containing:
tensor([ 4.9435e-02, -7.6036e-02,  3.8453e-03,  4.9794e-02,  7.8252e-02,
        -6.3538e-03, -4.1037e-02,  6.9281e-02,  1.0290e-02,  6.8299e-02,
         4.7116e-02, -3.3987e-02, -3.7378e-02,  1.9785e-03, -6.5723e-02,
        -4.2036e-02,  6.8867e-02,  3.0614e-02, -8.2903e-02,  3.1787e-02,
         7.1738e-02, -3.6415e-02,  7.3883e-02,  3.0920e-02, -5.9094e-02,
         1.0418e-02, -3.1902e-02, -4.7680e-02, -2.1353e-02, -7.7266e-02,
        -3.4834e-02,  7.6336e-02,  5.5899e-02,  5.6537e-03,  8.3748e-03,
        -5.1836e-02, -8.4914e-05, -2.3693e-02, -8.5657e-02,  4.1160e-02,
        -8.7040e-02,  1.7656e-02,  5.1923e-02,  7.7172e-02, -6.5037e-02,
         1.2660e-02, -3.6612e-02, -2.7290e-02, -7.7207e-02, -5.8419e-02,
         4.1866e-02, -8.9329e-02, -6.8106e-03, -6.4446e-02,  7.0582e-02,
        -1.6157e-02, -3.3835e-03, -5.6976e-02,  9.6404e-02,  6.5821e-02,
        -8.1899e-02, -2.7174e-02, -7.6629e-02, -7.5848e-02, -7.3594e-02,
         5.3574e-02,  5.8328e-03,  5.8403e-02, -2.4155e-02, -8.8909e-02,
         3.3823e-03,  4.1832e-02,  2.4580e-02, -7.5852e-02,  5.5122e-02,
        -9.7294e-02, -2.0465e-02,  6.2784e-02,  1.7267e-02,  6.1307e-03,
         9.0547e-03,  8.7582e-03, -7.2866e-02,  3.6633e-02, -1.9538e-02,
         4.1627e-02,  2.2488e-02,  2.3488e-02,  8.2563e-02, -3.3519e-02,
        -5.8743e-02, -4.7918e-02,  7.8752e-03, -8.7755e-02, -5.3936e-02,
        -5.1162e-02, -9.9051e-02,  5.4160e-02, -8.5102e-02,  4.8917e-02],
       device='cuda:0', requires_grad=True)
  D param Parameter containing:
tensor([[-0.0583,  0.0139, -0.0285,  0.0129, -0.0080,  0.0543,  0.0906,  0.0965,
         -0.0502, -0.0744,  0.0287,  0.0487,  0.0829, -0.0667,  0.0789,  0.0668,
         -0.0296, -0.0316,  0.0244, -0.0446,  0.0234,  0.0969, -0.0145,  0.0930,
          0.0752, -0.0143, -0.0659, -0.0456,  0.0275, -0.0095, -0.0219,  0.0287,
          0.0466,  0.0341,  0.0625, -0.0783,  0.0845,  0.0649, -0.0865,  0.0539,
         -0.0006, -0.0718, -0.0812,  0.0455, -0.0503, -0.0876,  0.0825, -0.0770,
         -0.0428, -0.0967,  0.0337, -0.0705, -0.0463, -0.0606,  0.0142, -0.0216,
          0.0999,  0.0408,  0.0649,  0.0585, -0.0991, -0.0599, -0.0441, -0.0914,
         -0.0923, -0.0574,  0.0659, -0.0578, -0.0115,  0.0880,  0.0797,  0.0543,
         -0.0444,  0.0658, -0.0852, -0.0482, -0.0065, -0.0037, -0.0522,  0.0730,
         -0.0605,  0.0538, -0.0714,  0.0031, -0.0730,  0.0097, -0.0319,  0.0066,
         -0.0722,  0.0857,  0.0769, -0.0152, -0.0516,  0.0055,  0.0145,  0.0690,
         -0.0601,  0.0723, -0.0988, -0.0286]], device='cuda:0',
       requires_grad=True)
  D param Parameter containing:
tensor([-0.0382], device='cuda:0', requires_grad=True)
[Parameters for generator] <generator object Module.parameters at 0x7f483794e258>
  G param Parameter containing:
tensor([[-0.0918,  0.0297, -0.0086,  ..., -0.0755, -0.0185,  0.0936],
        [-0.0031, -0.0895,  0.0749,  ..., -0.0435, -0.0256,  0.0567],
        [ 0.0953,  0.0281,  0.0641,  ...,  0.0945, -0.0818, -0.0735],
        ...,
        [-0.0622,  0.0364,  0.0421,  ...,  0.0282, -0.0685, -0.0874],
        [ 0.0600, -0.0021,  0.0737,  ..., -0.0928,  0.0642, -0.0074],
        [ 0.0168,  0.0584,  0.0926,  ..., -0.0201, -0.0561, -0.0117]],
       device='cuda:0', requires_grad=True)
  G param Parameter containing:
tensor([[ 0.0235,  0.0405, -0.0395,  ...,  0.0021,  0.0671,  0.0708],
        [ 0.0538,  0.0556, -0.0380,  ..., -0.0472, -0.0548, -0.0717],
        [-0.0677, -0.0209,  0.0008,  ..., -0.0878, -0.0652,  0.0380],
        ...,
        [ 0.0180, -0.0971,  0.0040,  ...,  0.0398,  0.0904, -0.0887],
        [-0.0959, -0.0282,  0.0171,  ..., -0.0101,  0.0347,  0.0115],
        [-0.0810, -0.0434,  0.0014,  ..., -0.0278,  0.0579,  0.0011]],
       device='cuda:0', requires_grad=True)
  G param Parameter containing:
tensor([ 6.0105e-02,  9.9121e-02, -5.1101e-02, -7.1060e-02,  5.9748e-02,
         9.9133e-02, -9.6725e-03, -1.2260e-02,  4.8601e-03,  4.4675e-02,
        -7.5074e-02, -1.0828e-03, -7.6815e-02,  4.9453e-02,  8.7499e-02,
         2.4927e-02,  6.4645e-02,  5.6773e-02,  4.6308e-02,  1.7478e-03,
         7.3364e-02, -2.4436e-02, -4.2672e-02, -8.2023e-02,  7.6610e-02,
        -4.7334e-02,  2.9997e-02, -6.4234e-02,  2.5039e-02,  8.0252e-02,
        -5.4334e-02,  3.9585e-02,  5.5901e-02, -2.4531e-02, -6.0070e-02,
        -1.3998e-02,  8.8992e-02,  4.7792e-03, -6.7311e-02,  5.2207e-02,
        -6.1263e-02, -7.8810e-02,  8.2180e-02,  5.9501e-02,  7.3578e-02,
         5.4009e-02, -8.0738e-02, -5.5463e-02, -1.1052e-02, -3.1392e-02,
        -7.8011e-02,  3.7032e-02, -5.3752e-02, -1.0684e-02, -5.4231e-02,
        -4.8961e-03,  7.3835e-02,  9.1958e-02,  4.6292e-02, -3.8288e-03,
         4.3923e-02, -7.7045e-02, -7.9140e-02, -2.0972e-02, -5.7066e-03,
        -2.9098e-02,  1.7840e-02,  6.9813e-02,  4.4829e-02, -5.2286e-02,
         1.5187e-02,  9.4164e-02, -5.7381e-02, -9.4808e-02,  1.3634e-02,
         8.5851e-02, -9.5592e-02,  4.4687e-02,  6.8543e-02,  4.2414e-02,
         2.6511e-02, -7.9372e-02, -5.9221e-02, -7.7313e-02, -5.9620e-02,
        -6.5661e-02,  2.5273e-02,  6.5021e-02, -2.9287e-02, -2.3009e-02,
         9.7736e-02,  8.4551e-02,  4.4717e-02, -6.0527e-02, -8.2074e-02,
        -9.1993e-02, -9.5465e-02,  4.1590e-03, -4.9365e-02,  5.6481e-02,
         4.5499e-03, -3.4014e-02, -7.6512e-02,  3.3296e-03, -2.6515e-02,
        -6.6055e-02, -8.6540e-02,  7.5779e-02, -1.3903e-02, -4.5488e-02,
         6.5110e-02,  3.3419e-03,  3.0064e-02,  5.1872e-02,  6.6868e-03,
         3.9344e-02,  7.8449e-02,  7.4921e-02,  6.8917e-02,  4.3271e-03,
        -7.4745e-03, -7.3335e-02,  8.2483e-02, -4.4769e-02, -4.3822e-02,
        -6.2894e-02, -1.0659e-02, -2.9609e-02,  2.3739e-02, -8.6024e-02,
         6.7137e-02, -7.3159e-02, -4.0201e-02, -4.9516e-02, -4.1890e-02,
        -3.5997e-02,  6.1806e-02,  4.2963e-02,  7.3339e-02,  4.2084e-02,
         7.6987e-03,  9.9825e-02, -7.5874e-02,  5.8663e-02, -3.4547e-02,
        -4.6428e-02, -5.0702e-02, -8.6775e-02, -7.2690e-02,  5.0818e-02,
        -4.2559e-02,  8.9523e-02,  5.6942e-02, -1.7085e-02,  1.8560e-02,
         8.6743e-03,  8.9507e-02,  2.5165e-02, -4.3941e-02, -7.4639e-02,
        -8.5406e-02,  7.6581e-02, -3.7377e-02, -6.7286e-02, -8.3000e-02,
         1.9616e-02, -7.9494e-02,  1.5644e-02,  8.9070e-03,  7.7855e-02,
         6.9984e-02, -3.2648e-02, -5.2510e-02,  6.9359e-03,  5.2797e-02,
        -7.4920e-02,  8.5048e-03,  1.8731e-02,  9.8684e-02,  3.3745e-02,
        -3.3426e-02, -2.6977e-02, -5.0372e-02,  8.2872e-02, -6.0168e-02,
        -8.0354e-02,  3.9708e-02, -6.3202e-02,  9.6010e-02, -6.5449e-02,
        -2.9696e-02, -8.6046e-02, -8.4949e-02, -8.9988e-02,  2.3973e-03,
         5.2374e-02,  6.5881e-02, -9.6484e-02, -2.1628e-02,  9.1569e-02,
        -2.4997e-03,  4.5202e-02,  4.2935e-02, -4.6022e-02,  4.0042e-02,
        -5.3597e-02, -3.4870e-02, -6.3645e-02, -6.9723e-02,  2.5898e-03,
         3.5352e-02, -3.9505e-02, -1.5431e-02,  7.6323e-02, -6.2483e-02,
        -1.6442e-02, -4.1197e-02,  3.9826e-03,  8.7031e-02,  7.3277e-02,
        -1.9270e-02, -9.5936e-02,  4.9992e-02, -5.4787e-03, -3.8075e-02,
         8.3639e-02,  8.5582e-02, -4.9576e-02,  1.7580e-02,  3.7025e-02,
        -4.9762e-02, -9.2375e-02,  5.5239e-02,  3.7147e-02,  2.0655e-02,
        -3.9908e-02, -5.3353e-02,  7.4284e-02, -6.2695e-02,  3.0917e-03,
         4.3692e-02,  5.9744e-02, -9.6554e-02, -7.5450e-03, -7.0310e-02,
        -2.2792e-02, -4.0587e-02, -3.8521e-02,  2.0840e-02,  8.5730e-02,
         1.0331e-02,  2.8434e-02, -2.1661e-02,  6.3288e-03, -9.6196e-02,
         7.0992e-02,  5.5374e-02, -3.6810e-04, -2.4947e-02,  1.3501e-02,
         6.3519e-02,  8.4868e-02,  4.8895e-02, -9.2532e-02,  1.1392e-02,
        -9.0888e-02,  8.1651e-02, -3.0218e-02, -3.8917e-02, -1.7309e-02,
         8.8184e-02,  1.1956e-03, -9.9712e-02,  3.1200e-02, -3.4290e-02,
         8.0439e-02, -4.3203e-02, -7.3612e-02, -3.0708e-02, -7.4818e-02,
        -3.6425e-02, -3.5246e-03,  3.6356e-02,  2.8606e-02, -8.2389e-02,
         5.7846e-02,  5.1468e-02,  6.4929e-02, -6.9133e-02,  5.8737e-02,
        -3.1503e-02,  1.5326e-02, -9.2109e-02,  6.0478e-02, -1.4989e-02,
        -6.0895e-02, -5.5832e-02, -6.9390e-03,  3.8954e-02,  3.0743e-02,
        -3.3744e-02, -6.3853e-02,  9.4282e-02,  5.8969e-02,  7.2910e-02,
         7.2409e-02,  8.5727e-03, -5.0712e-02,  4.8588e-02, -9.6705e-02,
         4.3565e-02,  7.8757e-03, -7.8547e-02, -1.3867e-02, -3.5828e-02,
        -6.8438e-02, -8.8301e-02,  4.5552e-02,  4.9570e-02,  8.2439e-02,
        -1.5785e-03,  3.5173e-02,  3.3058e-02, -7.8191e-02, -7.8346e-02,
        -1.3744e-02,  7.4319e-02, -4.3536e-02, -2.5245e-02,  1.4009e-02,
        -5.6227e-02, -9.8328e-02, -7.9910e-02,  2.6587e-02,  6.5853e-02,
         4.0729e-02, -5.6505e-05,  7.2994e-02,  2.6431e-02, -3.6458e-02,
         2.0673e-02, -8.8588e-03,  3.6933e-02,  4.2768e-02, -2.5383e-02,
         5.5882e-02, -5.4172e-02,  8.6999e-02,  1.0914e-02,  7.2338e-02,
         7.0310e-02, -3.2847e-02,  4.5421e-02,  2.1585e-02, -4.7439e-02,
        -6.6355e-02, -1.8540e-02, -1.1214e-02, -9.1860e-02, -8.1313e-02,
        -6.8347e-02,  4.9768e-03,  8.0115e-02, -4.4203e-02,  3.5603e-02,
        -2.4226e-02, -8.0125e-02, -3.5918e-02, -1.8301e-02, -2.6208e-03,
         5.7846e-02,  6.8796e-02,  5.5381e-02, -8.2529e-02,  8.7384e-03,
        -3.0075e-02,  4.1465e-02,  9.6918e-02,  7.9805e-02, -9.3072e-02,
         5.4297e-03,  3.5730e-02, -9.3173e-02,  8.9200e-02, -8.3020e-02,
        -9.3995e-02,  5.3029e-02, -5.8665e-02,  1.1144e-02,  6.1745e-02,
        -9.6604e-02,  1.1421e-03, -2.7843e-02,  3.0678e-02,  3.0343e-02,
         9.6016e-02,  4.1629e-02,  3.6650e-02, -3.0196e-02, -8.6673e-02],
       device='cuda:0', requires_grad=True)
  G param Parameter containing:
tensor([-0.0275,  0.0031,  0.0590,  0.0151, -0.0829, -0.0942, -0.0833,  0.0161,
         0.0457,  0.0831, -0.0191,  0.0653, -0.0932,  0.0299, -0.0964, -0.0939,
         0.0128,  0.0533,  0.0371, -0.0387, -0.0449, -0.0977, -0.0087, -0.0983,
         0.0375,  0.0146,  0.0344, -0.0421,  0.0209,  0.0382,  0.0269, -0.0170,
        -0.0225, -0.0290, -0.0090,  0.0044, -0.0990,  0.0560, -0.0578,  0.0037,
        -0.0583, -0.0133,  0.0100,  0.0291, -0.0338,  0.0517, -0.0995,  0.0402,
         0.0497,  0.0542, -0.0577,  0.0534,  0.0792, -0.0382,  0.0501, -0.0842,
         0.0140,  0.0770, -0.0236, -0.0516,  0.0933,  0.0042,  0.0675,  0.0891,
         0.0418,  0.0933, -0.0659,  0.0139,  0.0865,  0.0704, -0.0364,  0.0797,
        -0.0897, -0.0773, -0.0396,  0.0787, -0.0781, -0.0498,  0.0800, -0.0622,
         0.0201,  0.0024, -0.0885,  0.0610, -0.0139,  0.0394,  0.0279,  0.0984,
         0.0509,  0.0442, -0.0543,  0.0221, -0.0738,  0.0845, -0.0244, -0.0867,
        -0.0528,  0.0014,  0.0819, -0.0139, -0.0057,  0.0383, -0.0102, -0.0587,
         0.0972, -0.0370,  0.0414,  0.0942, -0.0294,  0.0248,  0.0796, -0.0862,
         0.0668,  0.0558,  0.0654, -0.0890,  0.0661, -0.0411, -0.0956, -0.0586,
         0.0940, -0.0019,  0.0263, -0.0560, -0.0710, -0.0941,  0.0728, -0.0182,
        -0.0280,  0.0709, -0.0998, -0.0291,  0.0122,  0.0320, -0.0096, -0.0896,
        -0.0034, -0.0647,  0.0570,  0.0591, -0.0206, -0.0696,  0.0565,  0.0990,
        -0.0297,  0.0332, -0.0658, -0.0960, -0.0330,  0.0921,  0.0901,  0.0342,
        -0.0322, -0.0422, -0.0307,  0.0975, -0.0957, -0.0910, -0.0870, -0.0560,
         0.0771, -0.0217,  0.0194,  0.0181, -0.0966,  0.0722, -0.0991, -0.0967,
        -0.0502,  0.0417,  0.0782,  0.0915, -0.0813, -0.0617, -0.0671, -0.0726,
        -0.0508,  0.0678, -0.0571, -0.0491, -0.0957, -0.0173,  0.0247,  0.0976,
         0.0544,  0.0144, -0.0481, -0.0445,  0.0272,  0.0608, -0.0879,  0.0465,
         0.0366,  0.0876,  0.0324, -0.0686,  0.0464, -0.0603,  0.0407,  0.0221,
        -0.0912, -0.0491, -0.0579, -0.0559,  0.0807, -0.0387, -0.0720,  0.0492,
         0.0952, -0.0984,  0.0487,  0.0700,  0.0776,  0.0136,  0.0871, -0.0905,
         0.0152, -0.0418,  0.0961,  0.0475,  0.0064, -0.0631,  0.0776, -0.0929,
         0.0625,  0.0017, -0.0519,  0.0577, -0.0318, -0.0093, -0.0484,  0.0707,
         0.0222, -0.0750,  0.0368,  0.0548,  0.0960, -0.0640, -0.0518, -0.0217,
         0.0713, -0.0158, -0.0819,  0.0108,  0.0792, -0.0534, -0.0504,  0.0634,
        -0.0482, -0.0035, -0.0624, -0.0559,  0.0875, -0.0863,  0.0085, -0.0610,
         0.0770,  0.0870,  0.0023, -0.0848, -0.0477, -0.0925,  0.0153,  0.0867,
         0.0440,  0.0360, -0.0843, -0.0204, -0.0033, -0.0974,  0.0474, -0.0325,
         0.0407, -0.0467, -0.0274, -0.0393, -0.0541, -0.0586, -0.0910,  0.0224,
        -0.0131, -0.0303,  0.0475, -0.0400,  0.0319,  0.0219,  0.0988,  0.0602,
         0.0374,  0.0900,  0.0525, -0.0218, -0.0703,  0.0226,  0.0243,  0.0423,
        -0.0855,  0.0247, -0.0909, -0.0710, -0.0644, -0.0280, -0.0148,  0.0260,
        -0.0640, -0.0642, -0.0103, -0.0688, -0.0667, -0.0016, -0.0624,  0.0732,
        -0.0575,  0.0883, -0.0983,  0.0320,  0.0850, -0.0244,  0.0621,  0.0822,
        -0.0951,  0.0697, -0.0070, -0.0516, -0.0356,  0.0723,  0.0406, -0.0586,
        -0.0367,  0.0079,  0.0470,  0.0674, -0.0600,  0.0090,  0.0054,  0.0219,
         0.0135,  0.0972,  0.0822,  0.0449,  0.0265, -0.0897, -0.0874, -0.0895,
        -0.0112,  0.0022,  0.0663, -0.0323,  0.0714, -0.0636, -0.0827,  0.0340,
        -0.0077,  0.0506,  0.0427,  0.0441, -0.0575,  0.0365, -0.0108, -0.0411,
        -0.0977,  0.0916, -0.0416,  0.0136, -0.0994, -0.0420, -0.0851,  0.0925,
        -0.0127,  0.0506, -0.0762, -0.0730, -0.0400, -0.0360, -0.0404, -0.0106,
        -0.0221, -0.0304,  0.0056, -0.0093,  0.0724, -0.0296, -0.0928,  0.0719,
        -0.0209,  0.0545, -0.0309, -0.0224, -0.0779,  0.0574, -0.0474, -0.0807,
         0.0586,  0.0086, -0.0550,  0.0962,  0.0759,  0.0672,  0.0412,  0.0012],
       device='cuda:0', requires_grad=True)
  G param Parameter containing:
tensor([[-9.1587e-02,  5.0737e-02,  9.1574e-02, -4.4131e-02,  8.5965e-02,
         -1.2874e-02,  9.2279e-02,  4.3278e-02,  4.1910e-02,  1.8715e-02,
          6.1183e-02,  8.5342e-02,  7.0314e-02, -9.8713e-03,  8.1115e-02,
         -4.9004e-02, -4.4164e-02, -3.5101e-02,  5.7744e-02, -2.0629e-02,
         -2.9314e-02, -8.0487e-02,  7.2642e-02,  8.1100e-02, -9.0532e-02,
         -6.3467e-02,  2.0275e-03, -5.9914e-02,  1.2859e-02, -5.2866e-02,
          7.5858e-02,  7.0598e-02, -8.2288e-02,  8.8764e-02,  9.2150e-02,
         -9.4346e-02,  8.6511e-02, -8.4565e-02, -4.2896e-03, -8.3708e-02,
          2.2815e-02,  7.5900e-02,  1.8093e-02, -2.9704e-03, -9.5549e-02,
         -1.3752e-02,  4.5861e-02,  4.1080e-02, -7.6738e-02, -5.9605e-02,
         -5.4048e-02,  3.7681e-02,  4.5960e-02,  9.8200e-02,  1.0106e-02,
         -1.5857e-02,  8.9386e-02,  6.9208e-02,  7.4473e-02, -8.9291e-02,
         -3.5377e-02, -2.7992e-02,  9.7720e-02,  7.1032e-02, -9.4693e-02,
          1.2458e-02, -7.7482e-02, -3.2770e-02,  1.5901e-03, -8.9636e-03,
          6.7025e-03, -3.3893e-02, -9.8272e-02,  8.4822e-02, -8.3719e-02,
          2.6410e-02,  7.6291e-02,  3.3123e-02,  4.1587e-02,  1.8888e-02,
         -2.7360e-02,  7.0110e-02,  7.0379e-02, -2.3640e-02, -7.8640e-03,
         -6.7779e-02, -9.3685e-02,  9.9703e-02, -4.3681e-02,  3.5809e-03,
         -9.8553e-02, -8.0911e-02,  8.5721e-02, -8.1768e-02, -9.0427e-02,
          7.8006e-02, -9.7411e-02,  8.9242e-02, -3.9716e-02, -4.0880e-02],
        [ 9.9090e-02,  1.5978e-02,  6.8081e-02, -4.5807e-02,  9.2950e-02,
         -3.0440e-02, -5.6858e-02,  2.3421e-02,  7.2363e-02, -7.3067e-02,
          2.3911e-02, -7.7663e-02,  2.2054e-02,  4.9195e-02,  8.8524e-02,
          8.1344e-02,  8.8031e-02, -2.9755e-03, -5.1063e-02,  2.8040e-03,
         -8.0760e-02,  2.9409e-02, -4.6041e-02, -1.8440e-02,  1.2128e-02,
          1.0508e-02,  3.0604e-02,  9.9920e-02, -1.1363e-02,  9.7067e-02,
          7.9492e-02,  9.2852e-02,  3.3292e-02,  9.6611e-02, -5.7828e-02,
          3.7361e-02, -5.7024e-02,  9.8645e-02, -5.9831e-02,  8.5364e-02,
         -2.4822e-02, -5.3379e-02, -8.5214e-02, -8.0089e-03, -9.6079e-02,
         -2.4473e-02, -5.0728e-02,  5.3123e-02,  7.7682e-02, -9.9717e-02,
         -1.0999e-02,  3.1942e-02, -7.2965e-02,  3.3222e-02,  3.8880e-02,
          9.2374e-02, -7.4984e-02, -6.9694e-03,  4.2225e-02, -1.1360e-02,
          8.1478e-02,  6.2763e-02, -4.1627e-02,  6.4473e-03,  8.2097e-02,
         -1.8379e-02, -8.5438e-02, -4.9921e-03,  3.9732e-02,  7.7941e-05,
          4.6582e-02,  9.5735e-02, -1.5502e-02,  3.2525e-02, -5.4269e-02,
          6.5497e-02, -9.5449e-02,  8.3783e-02,  6.7154e-02, -7.4477e-02,
         -9.3378e-02, -2.3852e-02, -3.7037e-02,  6.6699e-02,  3.0141e-02,
         -7.8410e-02,  4.5824e-03, -3.5221e-02, -4.3459e-02, -5.1330e-02,
          8.0991e-02,  6.8725e-02,  3.4671e-02, -7.4225e-02,  6.3420e-02,
          5.6872e-02,  8.3937e-02, -6.7231e-02, -4.0273e-02, -5.0486e-02],
        [ 1.3532e-02,  5.1412e-02,  9.9088e-02, -6.9654e-02, -4.2783e-02,
          1.8867e-02, -1.8149e-02, -9.1003e-02, -5.8790e-02, -5.2286e-02,
          5.7331e-02,  3.4481e-02, -6.2787e-02, -9.8911e-02,  2.7379e-02,
         -5.7852e-02, -1.1970e-02,  8.0980e-02,  3.1749e-02,  3.4136e-02,
          5.2705e-02,  7.1942e-02,  8.4808e-02, -1.4213e-02,  9.4597e-02,
          8.4686e-04, -5.4338e-02, -5.6062e-02,  6.6829e-02,  4.5009e-02,
         -2.8131e-02, -5.0634e-03,  3.5102e-02,  6.6842e-02, -8.2498e-02,
         -6.0931e-02, -5.0216e-02,  5.9699e-02,  8.5166e-02,  8.6069e-02,
          7.0908e-02, -3.5432e-02,  9.0654e-02,  5.3127e-02,  6.1912e-02,
         -5.6210e-02,  2.5441e-02,  7.3185e-02, -1.1326e-02, -9.0747e-02,
         -6.7509e-02, -9.4052e-02,  2.5840e-02,  5.6365e-02, -5.3738e-02,
         -8.3349e-02, -2.6149e-02,  9.9667e-02, -7.9746e-02,  2.8305e-02,
         -3.1162e-03,  1.9147e-02,  4.8758e-02,  6.4364e-02, -2.2295e-02,
         -9.6712e-03, -9.8927e-02,  4.9835e-03,  9.6848e-02, -6.0615e-02,
          8.0244e-02, -7.1950e-02,  4.0770e-02, -3.8913e-02,  8.6099e-02,
         -2.9194e-03,  2.9292e-02,  9.4238e-02,  1.3907e-02, -8.4391e-02,
         -6.8421e-02, -1.2437e-02,  2.5241e-02, -2.0242e-02, -3.6493e-02,
          3.6235e-02, -3.2122e-02, -1.1383e-02,  6.1558e-02,  1.4597e-03,
         -5.1882e-02, -1.0933e-02, -5.3113e-02,  8.2882e-02, -3.9992e-02,
          4.6884e-03,  8.1316e-02,  7.5147e-03,  8.6830e-02, -8.2815e-02],
        [-1.3268e-02,  3.7317e-02, -4.5196e-02,  5.9431e-02, -8.5939e-02,
         -2.0997e-02, -2.5138e-02,  6.4471e-02,  3.4359e-02,  1.7345e-02,
          5.2170e-02,  5.4151e-03, -4.8499e-02, -2.9904e-04,  8.4795e-02,
          6.1514e-02, -3.5866e-03, -9.4823e-02, -9.5925e-02, -9.4685e-02,
         -1.7220e-02,  5.7961e-02,  8.7616e-02,  6.1992e-02,  6.9329e-02,
         -3.8161e-02, -6.6382e-02, -8.6395e-02,  9.4159e-02, -1.0188e-02,
          8.7164e-02,  7.3006e-02, -6.2619e-02,  4.7898e-02, -3.9251e-02,
          7.1346e-02, -4.4355e-02,  4.7232e-02, -3.4414e-02, -6.2443e-02,
          1.2278e-02, -2.2630e-04, -8.9107e-02, -9.0219e-02,  1.6491e-02,
         -6.3522e-03, -4.0547e-02,  1.8555e-02,  1.9849e-02,  3.8516e-02,
         -9.7138e-02,  3.0466e-02, -5.2585e-02, -9.6585e-02, -2.1390e-02,
         -6.9388e-02,  7.1971e-02,  2.7811e-02,  8.3540e-02, -5.4105e-02,
         -3.4893e-02, -3.4772e-02,  3.1588e-02, -2.6289e-02,  3.8454e-02,
          9.7305e-02,  3.7195e-03, -9.6246e-03,  5.8000e-02,  7.1016e-02,
         -3.2593e-02, -3.0817e-02,  6.7252e-02,  5.1867e-03,  4.5856e-02,
          6.8201e-02, -4.5410e-02,  6.6650e-02,  5.1174e-02, -9.7842e-02,
          4.8179e-03, -1.8530e-02, -2.3885e-02, -9.0526e-02,  9.3388e-02,
         -2.7024e-02,  1.4762e-02,  9.3265e-02, -5.1596e-02,  3.6137e-02,
         -3.0997e-02, -4.4248e-02, -1.3391e-02,  7.1155e-02,  3.1282e-02,
          8.8213e-02,  7.7956e-02,  1.3694e-02, -6.2926e-02, -6.7379e-02],
        [ 1.7246e-02,  9.5535e-02,  2.8540e-02, -4.4137e-02,  2.4181e-02,
         -5.0755e-02, -2.1342e-02, -1.3747e-02, -7.2957e-03,  3.9304e-02,
          1.3935e-02,  8.5235e-02, -7.0161e-02, -5.9784e-02,  8.1868e-02,
          4.0969e-02,  5.2988e-02, -8.2841e-03,  7.8487e-02, -4.2079e-02,
          8.8436e-02,  9.1500e-02, -7.2588e-02, -3.4457e-02,  1.0862e-02,
          2.1343e-02,  2.1650e-02,  7.9285e-02,  8.4585e-03,  9.1774e-03,
         -1.3735e-02,  3.8899e-02,  5.0771e-02,  3.2142e-03,  6.1550e-02,
          3.4403e-02, -4.2251e-02,  8.1823e-02,  7.5176e-03,  8.8195e-02,
         -8.3724e-02, -4.7647e-03,  4.8807e-02,  2.6081e-02, -1.9098e-02,
         -4.8567e-02,  4.7790e-02,  1.5590e-02,  9.2810e-02, -3.3035e-02,
         -4.6939e-02,  1.1529e-02,  8.5871e-02,  3.2669e-02, -2.7483e-02,
         -8.0021e-02,  8.6589e-03, -6.1958e-02, -2.1014e-02, -5.7757e-02,
         -3.8288e-02,  5.1506e-02,  4.5708e-02,  9.5408e-02, -5.8644e-02,
          6.3919e-02, -5.7453e-02,  9.4746e-03, -4.9443e-02,  6.9264e-02,
          9.2800e-03, -5.8590e-02,  5.3429e-02, -6.3408e-02,  3.4672e-02,
         -5.2834e-02,  5.5691e-02, -9.9705e-02,  1.3486e-02,  4.5298e-02,
          8.6793e-02,  6.5334e-02,  1.4450e-02,  7.2749e-02, -1.3375e-02,
          1.5403e-02,  4.8805e-02, -2.2417e-02,  8.4615e-02, -6.3191e-02,
         -3.7233e-02, -8.0901e-02, -8.2059e-02,  6.7474e-02,  2.8329e-02,
          7.7360e-02,  7.0550e-02,  4.3994e-02, -3.9706e-03, -4.0609e-03],
        [ 7.2949e-03, -1.3704e-02, -1.0081e-02, -3.7036e-02, -7.7149e-02,
         -7.2651e-02,  6.0926e-03, -6.7787e-02, -9.6719e-02,  5.7412e-02,
         -6.7280e-04,  9.6837e-02, -2.0880e-02, -9.0232e-02,  3.9993e-02,
         -7.7472e-02,  5.1336e-02, -9.1674e-02,  9.8260e-04, -1.0261e-02,
         -2.3147e-02,  5.8994e-02,  7.3264e-02, -2.1315e-02, -2.8039e-02,
          9.1013e-02, -3.3249e-02, -8.1457e-02, -3.8583e-02,  1.1684e-02,
          8.5933e-03,  9.3827e-02, -1.4874e-02,  6.9193e-02,  9.2302e-02,
         -3.0842e-03, -7.3578e-03,  1.4007e-02, -5.4508e-02, -1.5110e-02,
          7.0434e-02, -1.5228e-02, -8.0225e-02,  2.5286e-02, -4.2801e-02,
          1.7413e-02, -9.7948e-02, -2.3116e-02, -2.4434e-02, -5.8165e-02,
          9.8382e-02, -6.3418e-02, -5.4000e-02,  8.6787e-02,  3.7136e-02,
         -3.6245e-02, -8.2913e-02, -4.6928e-02, -2.7908e-02,  7.7907e-02,
         -6.7542e-02, -2.8122e-02, -5.3838e-03,  5.4020e-02, -6.6097e-02,
          7.6530e-02,  4.4999e-02, -8.0321e-02, -7.2765e-02, -4.5768e-02,
         -3.1468e-02, -2.0796e-02,  7.6505e-02, -7.3541e-03,  9.5904e-02,
         -4.7138e-03, -7.1028e-02, -8.1426e-03, -2.8896e-02, -5.3999e-02,
          5.9366e-02,  5.5596e-02, -3.1974e-02,  9.0152e-02,  8.6572e-04,
         -8.0029e-02,  9.3857e-02,  7.9600e-02, -4.3873e-02,  4.1707e-02,
         -3.2011e-02, -5.3038e-02,  7.1118e-02, -3.7611e-04,  6.7118e-02,
          9.3238e-02, -1.1260e-02,  7.5970e-02, -8.6455e-02, -4.8652e-02]],
       device='cuda:0', requires_grad=True)
  G param Parameter containing:
tensor([-0.0134, -0.0502, -0.0387,  0.0007,  0.0401, -0.0082], device='cuda:0',
       requires_grad=True)
[use_mask]= True
[after  0  iterations]
vars_real_compact= [[1 3 0 0 0 0]
 [1 2 3 4 5 0]
 [5 2 0 0 0 0]
 [1 2 3 4 5 0]
 [3 0 0 0 0 0]
 [1 2 3 5 0 0]
 [1 2 3 4 5 0]
 [1 2 3 4 5 0]
 [1 2 3 4 5 0]
 [1 5 3 4 0 0]]
vars_synt_compact= [[1 3 0 0 0 0]
 [5 4 2 3 1 0]
 [5 2 0 0 0 0]
 [4 3 2 5 1 0]
 [3 0 0 0 0 0]
 [1 2 5 3 0 0]
 [2 1 4 3 5 0]
 [2 3 5 4 1 0]
 [2 5 3 4 1 0]
 [3 1 5 4 0 0]]
    average_reward(gen)= 8.743
    average_reward(real)= 16.903
    pct_valid(gen)= 1.0
    pct_loc_invalid(gen)= 0.0
    pct_dis_invalid(gen)= 0.0
    pct_strict_subset(gen)= 0.0
    pct_empty(gen)= 0.0
    pct_valid(real)= 1.0
    pct_loc_invalid(real)= 0.0
    pct_dis_invalid(real)= 0.0
    pct_strict_subset(real)= 0.0
    pct_empty(real)= 0.0
    d_loss=tensor(0.6925, device='cuda:0', grad_fn=<BinaryCrossEntropyBackward>)
    g_loss=tensor(0.6964, device='cuda:0', grad_fn=<NegBackward>)
[after  10  iterations]
vars_real_compact= [[3 5 0 0 0 0]
 [1 3 0 0 0 0]
 [1 0 0 0 0 0]
 [1 2 5 4 0 0]
 [3 5 0 0 0 0]
 [2 0 0 0 0 0]
 [1 2 3 4 5 0]
 [2 0 0 0 0 0]
 [4 2 0 0 0 0]
 [1 2 3 4 5 0]]
vars_synt_compact= [[3 5 0 0 0 0]
 [3 1 0 0 0 0]
 [1 0 0 0 0 0]
 [5 4 1 2 0 0]
 [5 3 0 0 0 0]
 [2 0 0 0 0 0]
 [3 4 5 1 2 0]
 [2 0 0 0 0 0]
 [4 2 0 0 0 0]
 [5 3 4 1 2 0]]
    average_reward(gen)= 6.408
    average_reward(real)= 17.597
    pct_valid(gen)= 1.0
    pct_loc_invalid(gen)= 0.0
    pct_dis_invalid(gen)= 0.0
    pct_strict_subset(gen)= 0.0
    pct_empty(gen)= 0.0
    pct_valid(real)= 1.0
    pct_loc_invalid(real)= 0.0
    pct_dis_invalid(real)= 0.0
    pct_strict_subset(real)= 0.0
    pct_empty(real)= 0.0
    d_loss=tensor(0.3077, device='cuda:0', grad_fn=<BinaryCrossEntropyBackward>)
    g_loss=tensor(1.3061, device='cuda:0', grad_fn=<NegBackward>)
[after  20  iterations]
vars_real_compact= [[1 2 3 4 5 0]
 [4 5 3 0 0 0]
 [1 5 3 4 0 0]
 [1 2 3 4 5 0]
 [5 2 3 4 0 0]
 [5 0 0 0 0 0]
 [1 2 3 4 0 0]
 [1 4 5 0 0 0]
 [1 2 3 5 0 0]
 [4 2 5 0 0 0]]
vars_synt_compact= [[3 5 4 1 2 0]
 [5 3 4 0 0 0]
 [3 5 4 1 0 0]
 [3 5 4 1 2 0]
 [3 5 4 2 0 0]
 [5 0 0 0 0 0]
 [3 4 1 2 0 0]
 [5 4 1 0 0 0]
 [3 5 1 2 0 0]
 [5 4 2 0 0 0]]
    average_reward(gen)= 6.35
    average_reward(real)= 17.032
    pct_valid(gen)= 1.0
    pct_loc_invalid(gen)= 0.0
    pct_dis_invalid(gen)= 0.0
    pct_strict_subset(gen)= 0.0
    pct_empty(gen)= 0.0
    pct_valid(real)= 1.0
    pct_loc_invalid(real)= 0.0
    pct_dis_invalid(real)= 0.0
    pct_strict_subset(real)= 0.0
    pct_empty(real)= 0.0
    d_loss=tensor(0.2296, device='cuda:0', grad_fn=<BinaryCrossEntropyBackward>)
    g_loss=tensor(1.6132, device='cuda:0', grad_fn=<NegBackward>)
[after  30  iterations]
vars_real_compact= [[1 2 3 4 5 0]
 [1 3 0 0 0 0]
 [3 0 0 0 0 0]
 [1 5 3 4 0 0]
 [1 3 0 0 0 0]
 [1 4 5 0 0 0]
 [4 0 0 0 0 0]
 [1 0 0 0 0 0]
 [1 3 0 0 0 0]
 [1 2 3 4 5 0]]
vars_synt_compact= [[5 3 4 1 2 0]
 [3 1 0 0 0 0]
 [3 0 0 0 0 0]
 [5 3 4 1 0 0]
 [3 1 0 0 0 0]
 [5 4 1 0 0 0]
 [4 0 0 0 0 0]
 [1 0 0 0 0 0]
 [3 1 0 0 0 0]
 [5 3 4 2 1 0]]
    average_reward(gen)= 7.35
    average_reward(real)= 17.195
    pct_valid(gen)= 1.0
    pct_loc_invalid(gen)= 0.0
    pct_dis_invalid(gen)= 0.0
    pct_strict_subset(gen)= 0.0
    pct_empty(gen)= 0.0
    pct_valid(real)= 1.0
    pct_loc_invalid(real)= 0.0
    pct_dis_invalid(real)= 0.0
    pct_strict_subset(real)= 0.0
    pct_empty(real)= 0.0
    d_loss=tensor(0.2141, device='cuda:0', grad_fn=<BinaryCrossEntropyBackward>)
    g_loss=tensor(3.4582, device='cuda:0', grad_fn=<NegBackward>)
[after  40  iterations]
vars_real_compact= [[2 0 0 0 0 0]
 [1 2 3 4 0 0]
 [1 2 3 4 5 0]
 [1 0 0 0 0 0]
 [1 2 3 4 5 0]
 [1 2 3 4 5 0]
 [1 2 3 4 5 0]
 [1 4 3 0 0 0]
 [1 2 3 4 5 0]
 [1 2 5 0 0 0]]
vars_synt_compact= [[2 0 0 0 0 0]
 [2 3 4 1 0 0]
 [5 3 4 1 2 0]
 [1 0 0 0 0 0]
 [5 3 4 1 2 0]
 [2 5 3 4 1 0]
 [2 5 3 4 1 0]
 [4 3 1 0 0 0]
 [5 3 4 2 1 0]
 [5 2 1 0 0 0]]
    average_reward(gen)= 7.235
    average_reward(real)= 17.815
    pct_valid(gen)= 1.0
    pct_loc_invalid(gen)= 0.0
    pct_dis_invalid(gen)= 0.0
    pct_strict_subset(gen)= 0.0
    pct_empty(gen)= 0.0
    pct_valid(real)= 1.0
    pct_loc_invalid(real)= 0.0
    pct_dis_invalid(real)= 0.0
    pct_strict_subset(real)= 0.0
    pct_empty(real)= 0.0
    d_loss=tensor(0.0686, device='cuda:0', grad_fn=<BinaryCrossEntropyBackward>)
    g_loss=tensor(2.8809, device='cuda:0', grad_fn=<NegBackward>)
[after  50  iterations]
vars_real_compact= [[1 2 3 0 0 0]
 [3 2 0 0 0 0]
 [5 2 3 4 0 0]
 [1 3 0 0 0 0]
 [1 2 3 4 5 0]
 [1 4 3 0 0 0]
 [1 2 5 4 0 0]
 [1 2 3 4 5 0]
 [3 5 0 0 0 0]
 [1 3 0 0 0 0]]
vars_synt_compact= [[1 3 2 0 0 0]
 [2 3 0 0 0 0]
 [3 5 4 2 0 0]
 [3 1 0 0 0 0]
 [5 3 4 2 1 0]
 [4 3 1 0 0 0]
 [2 5 4 1 0 0]
 [5 3 4 2 1 0]
 [3 5 0 0 0 0]
 [3 1 0 0 0 0]]
    average_reward(gen)= 8.483
    average_reward(real)= 17.6
    pct_valid(gen)= 1.0
    pct_loc_invalid(gen)= 0.0
    pct_dis_invalid(gen)= 0.0
    pct_strict_subset(gen)= 0.0
    pct_empty(gen)= 0.0
    pct_valid(real)= 1.0
    pct_loc_invalid(real)= 0.0
    pct_dis_invalid(real)= 0.0
    pct_strict_subset(real)= 0.0
    pct_empty(real)= 0.0
    d_loss=tensor(0.0714, device='cuda:0', grad_fn=<BinaryCrossEntropyBackward>)
    g_loss=tensor(2.6853, device='cuda:0', grad_fn=<NegBackward>)
[after  60  iterations]
vars_real_compact= [[1 4 0 0 0 0]
 [1 2 4 0 0 0]
 [1 2 5 0 0 0]
 [1 2 3 4 5 0]
 [4 2 3 0 0 0]
 [1 2 3 4 0 0]
 [1 2 3 4 5 0]
 [1 2 3 4 5 0]
 [1 2 3 4 5 0]
 [1 0 0 0 0 0]]
vars_synt_compact= [[1 4 0 0 0 0]
 [1 4 2 0 0 0]
 [1 5 2 0 0 0]
 [1 5 3 4 2 0]
 [2 3 4 0 0 0]
 [1 3 4 2 0 0]
 [1 5 3 4 2 0]
 [1 5 3 4 2 0]
 [1 5 3 4 2 0]
 [1 0 0 0 0 0]]
    average_reward(gen)= 11.435
    average_reward(real)= 17.805
    pct_valid(gen)= 1.0
    pct_loc_invalid(gen)= 0.0
    pct_dis_invalid(gen)= 0.0
    pct_strict_subset(gen)= 0.0
    pct_empty(gen)= 0.0
    pct_valid(real)= 1.0
    pct_loc_invalid(real)= 0.0
    pct_dis_invalid(real)= 0.0
    pct_strict_subset(real)= 0.0
    pct_empty(real)= 0.0
    d_loss=tensor(0.0650, device='cuda:0', grad_fn=<BinaryCrossEntropyBackward>)
    g_loss=tensor(3.5919, device='cuda:0', grad_fn=<NegBackward>)
[after  70  iterations]
vars_real_compact= [[1 3 0 0 0 0]
 [4 2 5 0 0 0]
 [2 0 0 0 0 0]
 [1 2 3 5 0 0]
 [2 0 0 0 0 0]
 [1 2 4 0 0 0]
 [1 4 5 0 0 0]
 [5 0 0 0 0 0]
 [5 2 3 4 0 0]
 [1 5 0 0 0 0]]
vars_synt_compact= [[1 3 0 0 0 0]
 [2 5 4 0 0 0]
 [2 0 0 0 0 0]
 [1 2 3 5 0 0]
 [2 0 0 0 0 0]
 [1 2 4 0 0 0]
 [1 5 4 0 0 0]
 [5 0 0 0 0 0]
 [2 4 3 5 0 0]
 [1 5 0 0 0 0]]
    average_reward(gen)= 13.126
    average_reward(real)= 17.615
    pct_valid(gen)= 1.0
    pct_loc_invalid(gen)= 0.0
    pct_dis_invalid(gen)= 0.0
    pct_strict_subset(gen)= 0.0
    pct_empty(gen)= 0.0
    pct_valid(real)= 1.0
    pct_loc_invalid(real)= 0.0
    pct_dis_invalid(real)= 0.0
    pct_strict_subset(real)= 0.0
    pct_empty(real)= 0.0
    d_loss=tensor(0.1545, device='cuda:0', grad_fn=<BinaryCrossEntropyBackward>)
    g_loss=tensor(2.5900, device='cuda:0', grad_fn=<NegBackward>)
[after  80  iterations]
vars_real_compact= [[1 2 5 0 0 0]
 [3 2 0 0 0 0]
 [1 2 3 4 5 0]
 [2 0 0 0 0 0]
 [1 5 0 0 0 0]
 [1 2 5 0 0 0]
 [1 2 4 0 0 0]
 [1 2 5 0 0 0]
 [5 2 3 4 0 0]
 [1 2 4 0 0 0]]
vars_synt_compact= [[1 2 5 0 0 0]
 [2 3 0 0 0 0]
 [1 2 3 4 5 0]
 [2 0 0 0 0 0]
 [1 5 0 0 0 0]
 [1 2 5 0 0 0]
 [1 2 4 0 0 0]
 [2 1 5 0 0 0]
 [2 3 5 4 0 0]
 [2 1 4 0 0 0]]
    average_reward(gen)= 15.308
    average_reward(real)= 17.454
    pct_valid(gen)= 1.0
    pct_loc_invalid(gen)= 0.0
    pct_dis_invalid(gen)= 0.0
    pct_strict_subset(gen)= 0.0
    pct_empty(gen)= 0.0
    pct_valid(real)= 1.0
    pct_loc_invalid(real)= 0.0
    pct_dis_invalid(real)= 0.0
    pct_strict_subset(real)= 0.0
    pct_empty(real)= 0.0
    d_loss=tensor(0.1777, device='cuda:0', grad_fn=<BinaryCrossEntropyBackward>)
    g_loss=tensor(3.2018, device='cuda:0', grad_fn=<NegBackward>)
[after  90  iterations]
vars_real_compact= [[1 2 3 4 5 0]
 [5 2 3 0 0 0]
 [1 2 5 4 0 0]
 [3 2 0 0 0 0]
 [1 5 3 0 0 0]
 [5 2 3 4 0 0]
 [1 2 3 5 0 0]
 [1 2 3 4 5 0]
 [1 2 4 0 0 0]
 [1 2 3 4 0 0]]
vars_synt_compact= [[1 2 3 4 5 0]
 [2 3 5 0 0 0]
 [1 2 5 4 0 0]
 [2 3 0 0 0 0]
 [1 3 5 0 0 0]
 [2 3 5 4 0 0]
 [1 2 3 5 0 0]
 [1 2 3 4 5 0]
 [1 2 4 0 0 0]
 [1 2 3 4 0 0]]
    average_reward(gen)= 16.153
    average_reward(real)= 17.805
    pct_valid(gen)= 1.0
    pct_loc_invalid(gen)= 0.0
    pct_dis_invalid(gen)= 0.0
    pct_strict_subset(gen)= 0.0
    pct_empty(gen)= 0.0
    pct_valid(real)= 1.0
    pct_loc_invalid(real)= 0.0
    pct_dis_invalid(real)= 0.0
    pct_strict_subset(real)= 0.0
    pct_empty(real)= 0.0
    d_loss=tensor(0.2271, device='cuda:0', grad_fn=<BinaryCrossEntropyBackward>)
    g_loss=tensor(3.7710, device='cuda:0', grad_fn=<NegBackward>)
[after  100  iterations]
vars_real_compact= [[1 2 3 4 5 0]
 [3 4 0 0 0 0]
 [3 0 0 0 0 0]
 [1 2 3 4 5 0]
 [1 2 5 4 0 0]
 [1 5 3 4 0 0]
 [4 5 3 0 0 0]
 [1 2 3 4 5 0]
 [4 0 0 0 0 0]
 [1 2 3 4 5 0]]
vars_synt_compact= [[1 2 3 4 5 0]
 [3 4 0 0 0 0]
 [3 0 0 0 0 0]
 [1 2 3 4 5 0]
 [1 2 5 4 0 0]
 [1 3 5 4 0 0]
 [3 5 4 0 0 0]
 [1 2 3 4 5 0]
 [4 0 0 0 0 0]
 [1 2 3 4 5 0]]
    average_reward(gen)= 15.346
    average_reward(real)= 16.891
    pct_valid(gen)= 1.0
    pct_loc_invalid(gen)= 0.0
    pct_dis_invalid(gen)= 0.0
    pct_strict_subset(gen)= 0.0
    pct_empty(gen)= 0.0
    pct_valid(real)= 1.0
    pct_loc_invalid(real)= 0.0
    pct_dis_invalid(real)= 0.0
    pct_strict_subset(real)= 0.0
    pct_empty(real)= 0.0
    d_loss=tensor(0.1516, device='cuda:0', grad_fn=<BinaryCrossEntropyBackward>)
    g_loss=tensor(3.3136, device='cuda:0', grad_fn=<NegBackward>)
[after  110  iterations]
vars_real_compact= [[1 2 3 4 5 0]
 [1 2 3 4 5 0]
 [3 0 0 0 0 0]
 [1 2 3 4 5 0]
 [5 2 3 0 0 0]
 [1 2 3 4 5 0]
 [5 0 0 0 0 0]
 [5 2 0 0 0 0]
 [5 2 3 0 0 0]
 [1 0 0 0 0 0]]
vars_synt_compact= [[1 2 3 4 5 0]
 [1 2 3 4 5 0]
 [3 0 0 0 0 0]
 [1 2 3 4 5 0]
 [2 5 3 0 0 0]
 [1 2 3 4 5 0]
 [5 0 0 0 0 0]
 [2 5 0 0 0 0]
 [2 5 3 0 0 0]
 [1 0 0 0 0 0]]
    average_reward(gen)= 17.086
    average_reward(real)= 18.222
    pct_valid(gen)= 1.0
    pct_loc_invalid(gen)= 0.0
    pct_dis_invalid(gen)= 0.0
    pct_strict_subset(gen)= 0.0
    pct_empty(gen)= 0.0
    pct_valid(real)= 1.0
    pct_loc_invalid(real)= 0.0
    pct_dis_invalid(real)= 0.0
    pct_strict_subset(real)= 0.0
    pct_empty(real)= 0.0
    d_loss=tensor(0.3071, device='cuda:0', grad_fn=<BinaryCrossEntropyBackward>)
    g_loss=tensor(2.5526, device='cuda:0', grad_fn=<NegBackward>)
[after  120  iterations]
vars_real_compact= [[4 0 0 0 0 0]
 [5 0 0 0 0 0]
 [1 2 3 5 0 0]
 [4 5 0 0 0 0]
 [4 2 0 0 0 0]
 [1 2 3 4 0 0]
 [1 5 3 0 0 0]
 [4 2 5 0 0 0]
 [1 2 3 0 0 0]
 [1 2 5 0 0 0]]
vars_synt_compact= [[4 0 0 0 0 0]
 [5 0 0 0 0 0]
 [1 2 3 5 0 0]
 [4 5 0 0 0 0]
 [2 4 0 0 0 0]
 [1 2 3 4 0 0]
 [1 5 3 0 0 0]
 [2 5 4 0 0 0]
 [1 2 3 0 0 0]
 [1 2 5 0 0 0]]
    average_reward(gen)= 16.711
    average_reward(real)= 17.586
    pct_valid(gen)= 1.0
    pct_loc_invalid(gen)= 0.0
    pct_dis_invalid(gen)= 0.0
    pct_strict_subset(gen)= 0.0
    pct_empty(gen)= 0.0
    pct_valid(real)= 1.0
    pct_loc_invalid(real)= 0.0
    pct_dis_invalid(real)= 0.0
    pct_strict_subset(real)= 0.0
    pct_empty(real)= 0.0
    d_loss=tensor(0.1620, device='cuda:0', grad_fn=<BinaryCrossEntropyBackward>)
    g_loss=tensor(3.3026, device='cuda:0', grad_fn=<NegBackward>)
[after  130  iterations]
vars_real_compact= [[1 4 3 0 0 0]
 [4 0 0 0 0 0]
 [1 2 3 4 5 0]
 [1 2 4 0 0 0]
 [1 4 3 0 0 0]
 [1 2 0 0 0 0]
 [4 5 3 0 0 0]
 [1 4 5 0 0 0]
 [1 4 0 0 0 0]
 [4 5 3 0 0 0]]
vars_synt_compact= [[1 4 3 0 0 0]
 [4 0 0 0 0 0]
 [1 2 3 4 5 0]
 [1 2 4 0 0 0]
 [1 4 3 0 0 0]
 [1 2 0 0 0 0]
 [3 5 4 0 0 0]
 [1 5 4 0 0 0]
 [1 4 0 0 0 0]
 [3 5 4 0 0 0]]
    average_reward(gen)= 16.361
    average_reward(real)= 17.276
    pct_valid(gen)= 1.0
    pct_loc_invalid(gen)= 0.0
    pct_dis_invalid(gen)= 0.0
    pct_strict_subset(gen)= 0.0
    pct_empty(gen)= 0.0
    pct_valid(real)= 1.0
    pct_loc_invalid(real)= 0.0
    pct_dis_invalid(real)= 0.0
    pct_strict_subset(real)= 0.0
    pct_empty(real)= 0.0
    d_loss=tensor(0.1779, device='cuda:0', grad_fn=<BinaryCrossEntropyBackward>)
    g_loss=tensor(3.6496, device='cuda:0', grad_fn=<NegBackward>)
[after  140  iterations]
vars_real_compact= [[1 2 3 4 5 0]
 [3 0 0 0 0 0]
 [1 0 0 0 0 0]
 [1 2 3 5 0 0]
 [1 2 3 4 5 0]
 [1 4 5 0 0 0]
 [1 2 0 0 0 0]
 [1 2 3 5 0 0]
 [4 5 0 0 0 0]
 [1 2 3 4 5 0]]
vars_synt_compact= [[1 2 3 4 5 0]
 [3 0 0 0 0 0]
 [1 0 0 0 0 0]
 [1 2 3 5 0 0]
 [1 2 3 4 5 0]
 [1 5 4 0 0 0]
 [1 2 0 0 0 0]
 [1 2 3 5 0 0]
 [5 4 0 0 0 0]
 [1 2 3 4 5 0]]
    average_reward(gen)= 16.521
    average_reward(real)= 17.216
    pct_valid(gen)= 1.0
    pct_loc_invalid(gen)= 0.0
    pct_dis_invalid(gen)= 0.0
    pct_strict_subset(gen)= 0.0
    pct_empty(gen)= 0.0
    pct_valid(real)= 1.0
    pct_loc_invalid(real)= 0.0
    pct_dis_invalid(real)= 0.0
    pct_strict_subset(real)= 0.0
    pct_empty(real)= 0.0
    d_loss=tensor(0.1940, device='cuda:0', grad_fn=<BinaryCrossEntropyBackward>)
    g_loss=tensor(3.6334, device='cuda:0', grad_fn=<NegBackward>)
[after  150  iterations]
vars_real_compact= [[1 2 5 0 0 0]
 [1 2 3 4 5 0]
 [1 2 0 0 0 0]
 [5 0 0 0 0 0]
 [1 2 3 4 5 0]
 [1 2 5 0 0 0]
 [4 5 3 0 0 0]
 [1 4 5 0 0 0]
 [5 2 3 4 0 0]
 [4 2 0 0 0 0]]
vars_synt_compact= [[1 2 5 0 0 0]
 [1 2 3 4 5 0]
 [1 2 0 0 0 0]
 [5 0 0 0 0 0]
 [1 2 3 4 5 0]
 [1 2 5 0 0 0]
 [3 5 4 0 0 0]
 [1 5 4 0 0 0]
 [2 5 3 4 0 0]
 [2 4 0 0 0 0]]
    average_reward(gen)= 16.47
    average_reward(real)= 17.44
    pct_valid(gen)= 1.0
    pct_loc_invalid(gen)= 0.0
    pct_dis_invalid(gen)= 0.0
    pct_strict_subset(gen)= 0.0
    pct_empty(gen)= 0.0
    pct_valid(real)= 1.0
    pct_loc_invalid(real)= 0.0
    pct_dis_invalid(real)= 0.0
    pct_strict_subset(real)= 0.0
    pct_empty(real)= 0.0
    d_loss=tensor(0.1791, device='cuda:0', grad_fn=<BinaryCrossEntropyBackward>)
    g_loss=tensor(3.3266, device='cuda:0', grad_fn=<NegBackward>)
[after  160  iterations]
vars_real_compact= [[1 2 3 4 5 0]
 [1 2 3 4 5 0]
 [1 2 3 4 5 0]
 [1 5 0 0 0 0]
 [1 0 0 0 0 0]
 [5 2 3 4 0 0]
 [1 2 3 4 5 0]
 [1 5 3 0 0 0]
 [3 0 0 0 0 0]
 [1 2 3 4 5 0]]
vars_synt_compact= [[1 2 3 4 5 0]
 [1 2 3 4 5 0]
 [1 2 3 4 5 0]
 [1 5 0 0 0 0]
 [1 0 0 0 0 0]
 [2 5 3 4 0 0]
 [1 2 3 4 5 0]
 [1 5 3 0 0 0]
 [3 0 0 0 0 0]
 [1 2 3 4 5 0]]
    average_reward(gen)= 17.002
    average_reward(real)= 17.952
    pct_valid(gen)= 1.0
    pct_loc_invalid(gen)= 0.0
    pct_dis_invalid(gen)= 0.0
    pct_strict_subset(gen)= 0.0
    pct_empty(gen)= 0.0
    pct_valid(real)= 1.0
    pct_loc_invalid(real)= 0.0
    pct_dis_invalid(real)= 0.0
    pct_strict_subset(real)= 0.0
    pct_empty(real)= 0.0
    d_loss=tensor(0.2001, device='cuda:0', grad_fn=<BinaryCrossEntropyBackward>)
    g_loss=tensor(3.1720, device='cuda:0', grad_fn=<NegBackward>)
[after  170  iterations]
vars_real_compact= [[5 2 3 0 0 0]
 [2 0 0 0 0 0]
 [4 2 5 0 0 0]
 [1 4 5 0 0 0]
 [1 2 3 5 0 0]
 [4 0 0 0 0 0]
 [1 2 3 4 5 0]
 [1 2 3 4 5 0]
 [1 2 3 5 0 0]
 [1 4 3 0 0 0]]
vars_synt_compact= [[2 5 3 0 0 0]
 [2 0 0 0 0 0]
 [2 5 4 0 0 0]
 [1 5 4 0 0 0]
 [1 2 3 5 0 0]
 [4 0 0 0 0 0]
 [1 2 3 4 5 0]
 [1 2 3 4 5 0]
 [1 2 3 5 0 0]
 [1 4 3 0 0 0]]
    average_reward(gen)= 17.015
    average_reward(real)= 17.835
    pct_valid(gen)= 1.0
    pct_loc_invalid(gen)= 0.0
    pct_dis_invalid(gen)= 0.0
    pct_strict_subset(gen)= 0.0
    pct_empty(gen)= 0.0
    pct_valid(real)= 1.0
    pct_loc_invalid(real)= 0.0
    pct_dis_invalid(real)= 0.0
    pct_strict_subset(real)= 0.0
    pct_empty(real)= 0.0
    d_loss=tensor(0.1908, device='cuda:0', grad_fn=<BinaryCrossEntropyBackward>)
    g_loss=tensor(3.1547, device='cuda:0', grad_fn=<NegBackward>)
[after  180  iterations]
vars_real_compact= [[5 2 3 4 0 0]
 [3 5 0 0 0 0]
 [3 0 0 0 0 0]
 [1 0 0 0 0 0]
 [1 2 3 4 5 0]
 [4 5 3 0 0 0]
 [1 2 5 0 0 0]
 [1 2 3 0 0 0]
 [3 0 0 0 0 0]
 [5 0 0 0 0 0]]
vars_synt_compact= [[2 5 3 4 0 0]
 [5 3 0 0 0 0]
 [3 0 0 0 0 0]
 [1 0 0 0 0 0]
 [1 2 3 4 5 0]
 [5 4 3 0 0 0]
 [1 2 5 0 0 0]
 [1 2 3 0 0 0]
 [3 0 0 0 0 0]
 [5 0 0 0 0 0]]
    average_reward(gen)= 16.84
    average_reward(real)= 17.685
    pct_valid(gen)= 1.0
    pct_loc_invalid(gen)= 0.0
    pct_dis_invalid(gen)= 0.0
    pct_strict_subset(gen)= 0.0
    pct_empty(gen)= 0.0
    pct_valid(real)= 1.0
    pct_loc_invalid(real)= 0.0
    pct_dis_invalid(real)= 0.0
    pct_strict_subset(real)= 0.0
    pct_empty(real)= 0.0
    d_loss=tensor(0.1899, device='cuda:0', grad_fn=<BinaryCrossEntropyBackward>)
    g_loss=tensor(3.5569, device='cuda:0', grad_fn=<NegBackward>)
[after  190  iterations]
vars_real_compact= [[1 2 3 4 5 0]
 [3 2 0 0 0 0]
 [5 2 3 4 0 0]
 [1 0 0 0 0 0]
 [1 2 3 4 5 0]
 [1 2 0 0 0 0]
 [1 2 4 0 0 0]
 [1 5 3 0 0 0]
 [1 2 0 0 0 0]
 [1 2 3 5 0 0]]
vars_synt_compact= [[1 2 3 4 5 0]
 [2 3 0 0 0 0]
 [2 5 3 4 0 0]
 [1 0 0 0 0 0]
 [1 2 3 4 5 0]
 [1 2 0 0 0 0]
 [1 2 4 0 0 0]
 [1 5 3 0 0 0]
 [1 2 0 0 0 0]
 [1 2 3 5 0 0]]
    average_reward(gen)= 16.82
    average_reward(real)= 17.63
    pct_valid(gen)= 1.0
    pct_loc_invalid(gen)= 0.0
    pct_dis_invalid(gen)= 0.0
    pct_strict_subset(gen)= 0.0
    pct_empty(gen)= 0.0
    pct_valid(real)= 1.0
    pct_loc_invalid(real)= 0.0
    pct_dis_invalid(real)= 0.0
    pct_strict_subset(real)= 0.0
    pct_empty(real)= 0.0
    d_loss=tensor(0.1942, device='cuda:0', grad_fn=<BinaryCrossEntropyBackward>)
    g_loss=tensor(3.6608, device='cuda:0', grad_fn=<NegBackward>)
[after  200  iterations]
vars_real_compact= [[5 2 3 0 0 0]
 [3 4 0 0 0 0]
 [1 2 3 4 5 0]
 [5 0 0 0 0 0]
 [4 5 0 0 0 0]
 [4 5 3 0 0 0]
 [4 5 0 0 0 0]
 [1 2 3 4 5 0]
 [1 2 3 4 0 0]
 [4 2 3 0 0 0]]
vars_synt_compact= [[2 5 3 0 0 0]
 [3 4 0 0 0 0]
 [1 2 3 4 5 0]
 [5 0 0 0 0 0]
 [5 4 0 0 0 0]
 [5 4 3 0 0 0]
 [5 4 0 0 0 0]
 [1 2 3 4 5 0]
 [1 2 3 4 0 0]
 [2 4 3 0 0 0]]
    average_reward(gen)= 17.192
    average_reward(real)= 18.027
    pct_valid(gen)= 1.0
    pct_loc_invalid(gen)= 0.0
    pct_dis_invalid(gen)= 0.0
    pct_strict_subset(gen)= 0.0
    pct_empty(gen)= 0.0
    pct_valid(real)= 1.0
    pct_loc_invalid(real)= 0.0
    pct_dis_invalid(real)= 0.0
    pct_strict_subset(real)= 0.0
    pct_empty(real)= 0.0
    d_loss=tensor(0.1924, device='cuda:0', grad_fn=<BinaryCrossEntropyBackward>)
    g_loss=tensor(3.4642, device='cuda:0', grad_fn=<NegBackward>)
[after  210  iterations]
vars_real_compact= [[1 4 0 0 0 0]
 [3 0 0 0 0 0]
 [1 2 3 4 5 0]
 [1 4 0 0 0 0]
 [1 2 0 0 0 0]
 [3 2 0 0 0 0]
 [1 0 0 0 0 0]
 [4 5 3 0 0 0]
 [1 2 3 4 0 0]
 [4 5 3 0 0 0]]
vars_synt_compact= [[1 4 0 0 0 0]
 [3 0 0 0 0 0]
 [1 2 3 4 5 0]
 [1 4 0 0 0 0]
 [1 2 0 0 0 0]
 [2 3 0 0 0 0]
 [1 0 0 0 0 0]
 [5 3 4 0 0 0]
 [1 2 3 4 0 0]
 [5 3 4 0 0 0]]
    average_reward(gen)= 16.365
    average_reward(real)= 17.195
    pct_valid(gen)= 1.0
    pct_loc_invalid(gen)= 0.0
    pct_dis_invalid(gen)= 0.0
    pct_strict_subset(gen)= 0.0
    pct_empty(gen)= 0.0
    pct_valid(real)= 1.0
    pct_loc_invalid(real)= 0.0
    pct_dis_invalid(real)= 0.0
    pct_strict_subset(real)= 0.0
    pct_empty(real)= 0.0
    d_loss=tensor(0.1776, device='cuda:0', grad_fn=<BinaryCrossEntropyBackward>)
    g_loss=tensor(3.5487, device='cuda:0', grad_fn=<NegBackward>)
[after  220  iterations]
vars_real_compact= [[1 5 3 4 0 0]
 [1 2 3 4 5 0]
 [5 2 3 4 0 0]
 [3 0 0 0 0 0]
 [4 0 0 0 0 0]
 [1 5 3 0 0 0]
 [4 0 0 0 0 0]
 [1 2 5 0 0 0]
 [4 2 5 0 0 0]
 [1 5 3 4 0 0]]
vars_synt_compact= [[1 5 3 4 0 0]
 [1 2 3 4 5 0]
 [2 5 3 4 0 0]
 [3 0 0 0 0 0]
 [4 0 0 0 0 0]
 [1 5 3 0 0 0]
 [4 0 0 0 0 0]
 [1 2 5 0 0 0]
 [2 5 4 0 0 0]
 [1 5 3 4 0 0]]
    average_reward(gen)= 16.226
    average_reward(real)= 17.011
    pct_valid(gen)= 1.0
    pct_loc_invalid(gen)= 0.0
    pct_dis_invalid(gen)= 0.0
    pct_strict_subset(gen)= 0.0
    pct_empty(gen)= 0.0
    pct_valid(real)= 1.0
    pct_loc_invalid(real)= 0.0
    pct_dis_invalid(real)= 0.0
    pct_strict_subset(real)= 0.0
    pct_empty(real)= 0.0
    d_loss=tensor(0.1779, device='cuda:0', grad_fn=<BinaryCrossEntropyBackward>)
    g_loss=tensor(3.5930, device='cuda:0', grad_fn=<NegBackward>)
[after  230  iterations]
vars_real_compact= [[1 5 0 0 0 0]
 [3 0 0 0 0 0]
 [5 0 0 0 0 0]
 [1 4 0 0 0 0]
 [1 0 0 0 0 0]
 [3 4 0 0 0 0]
 [4 0 0 0 0 0]
 [1 2 3 4 0 0]
 [1 2 5 4 0 0]
 [3 4 0 0 0 0]]
vars_synt_compact= [[1 5 0 0 0 0]
 [3 0 0 0 0 0]
 [5 0 0 0 0 0]
 [1 4 0 0 0 0]
 [1 0 0 0 0 0]
 [4 3 0 0 0 0]
 [4 0 0 0 0 0]
 [1 2 3 4 0 0]
 [1 2 5 4 0 0]
 [4 3 0 0 0 0]]
    average_reward(gen)= 16.292
    average_reward(real)= 16.947
    pct_valid(gen)= 1.0
    pct_loc_invalid(gen)= 0.0
    pct_dis_invalid(gen)= 0.0
    pct_strict_subset(gen)= 0.0
    pct_empty(gen)= 0.0
    pct_valid(real)= 1.0
    pct_loc_invalid(real)= 0.0
    pct_dis_invalid(real)= 0.0
    pct_strict_subset(real)= 0.0
    pct_empty(real)= 0.0
    d_loss=tensor(0.1813, device='cuda:0', grad_fn=<BinaryCrossEntropyBackward>)
    g_loss=tensor(3.7111, device='cuda:0', grad_fn=<NegBackward>)
[after  240  iterations]
vars_real_compact= [[1 2 5 0 0 0]
 [1 2 5 4 0 0]
 [4 5 3 0 0 0]
 [4 0 0 0 0 0]
 [3 0 0 0 0 0]
 [1 2 3 4 5 0]
 [1 2 3 4 0 0]
 [1 3 0 0 0 0]
 [1 0 0 0 0 0]
 [1 0 0 0 0 0]]
vars_synt_compact= [[1 2 5 0 0 0]
 [1 2 5 4 0 0]
 [5 4 3 0 0 0]
 [4 0 0 0 0 0]
 [3 0 0 0 0 0]
 [1 2 3 4 5 0]
 [1 2 3 4 0 0]
 [1 3 0 0 0 0]
 [1 0 0 0 0 0]
 [1 0 0 0 0 0]]
    average_reward(gen)= 17.182
    average_reward(real)= 17.677
    pct_valid(gen)= 1.0
    pct_loc_invalid(gen)= 0.0
    pct_dis_invalid(gen)= 0.0
    pct_strict_subset(gen)= 0.0
    pct_empty(gen)= 0.0
    pct_valid(real)= 1.0
    pct_loc_invalid(real)= 0.0
    pct_dis_invalid(real)= 0.0
    pct_strict_subset(real)= 0.0
    pct_empty(real)= 0.0
    d_loss=tensor(0.1940, device='cuda:0', grad_fn=<BinaryCrossEntropyBackward>)
    g_loss=tensor(3.7438, device='cuda:0', grad_fn=<NegBackward>)
[after  250  iterations]
vars_real_compact= [[3 2 0 0 0 0]
 [1 2 3 4 5 0]
 [4 0 0 0 0 0]
 [1 5 3 0 0 0]
 [4 5 0 0 0 0]
 [1 5 0 0 0 0]
 [5 2 3 4 0 0]
 [1 3 0 0 0 0]
 [1 2 3 4 5 0]
 [1 4 5 0 0 0]]
vars_synt_compact= [[2 3 0 0 0 0]
 [1 2 3 4 5 0]
 [4 0 0 0 0 0]
 [1 5 3 0 0 0]
 [5 4 0 0 0 0]
 [1 5 0 0 0 0]
 [5 2 3 4 0 0]
 [1 3 0 0 0 0]
 [1 2 3 4 5 0]
 [1 5 4 0 0 0]]
    average_reward(gen)= 16.816
    average_reward(real)= 17.296
    pct_valid(gen)= 1.0
    pct_loc_invalid(gen)= 0.0
    pct_dis_invalid(gen)= 0.0
    pct_strict_subset(gen)= 0.0
    pct_empty(gen)= 0.0
    pct_valid(real)= 1.0
    pct_loc_invalid(real)= 0.0
    pct_dis_invalid(real)= 0.0
    pct_strict_subset(real)= 0.0
    pct_empty(real)= 0.0
    d_loss=tensor(0.1942, device='cuda:0', grad_fn=<BinaryCrossEntropyBackward>)
    g_loss=tensor(3.9320, device='cuda:0', grad_fn=<NegBackward>)
[after  260  iterations]
vars_real_compact= [[1 2 3 4 5 0]
 [1 2 5 4 0 0]
 [1 2 0 0 0 0]
 [1 2 5 4 0 0]
 [1 2 3 4 5 0]
 [5 2 0 0 0 0]
 [1 2 3 4 5 0]
 [1 2 3 4 5 0]
 [1 4 5 0 0 0]
 [5 2 3 4 0 0]]
vars_synt_compact= [[1 2 3 4 5 0]
 [1 2 5 4 0 0]
 [1 2 0 0 0 0]
 [1 2 5 4 0 0]
 [1 2 3 4 5 0]
 [5 2 0 0 0 0]
 [1 2 3 4 5 0]
 [1 2 3 4 5 0]
 [1 5 4 0 0 0]
 [5 2 3 4 0 0]]
    average_reward(gen)= 17.33
    average_reward(real)= 17.8
    pct_valid(gen)= 1.0
    pct_loc_invalid(gen)= 0.0
    pct_dis_invalid(gen)= 0.0
    pct_strict_subset(gen)= 0.0
    pct_empty(gen)= 0.0
    pct_valid(real)= 1.0
    pct_loc_invalid(real)= 0.0
    pct_dis_invalid(real)= 0.0
    pct_strict_subset(real)= 0.0
    pct_empty(real)= 0.0
    d_loss=tensor(0.1874, device='cuda:0', grad_fn=<BinaryCrossEntropyBackward>)
    g_loss=tensor(3.7042, device='cuda:0', grad_fn=<NegBackward>)
[after  270  iterations]
vars_real_compact= [[1 2 3 0 0 0]
 [1 5 0 0 0 0]
 [4 2 5 0 0 0]
 [1 2 3 4 5 0]
 [5 0 0 0 0 0]
 [1 5 0 0 0 0]
 [1 2 3 4 5 0]
 [4 2 0 0 0 0]
 [1 2 3 4 5 0]
 [5 2 3 0 0 0]]
vars_synt_compact= [[1 2 3 0 0 0]
 [1 5 0 0 0 0]
 [5 2 4 0 0 0]
 [1 2 3 4 5 0]
 [5 0 0 0 0 0]
 [1 5 0 0 0 0]
 [1 2 3 4 5 0]
 [2 4 0 0 0 0]
 [1 2 3 4 5 0]
 [5 2 3 0 0 0]]
    average_reward(gen)= 16.928
    average_reward(real)= 17.298
    pct_valid(gen)= 1.0
    pct_loc_invalid(gen)= 0.0
    pct_dis_invalid(gen)= 0.0
    pct_strict_subset(gen)= 0.0
    pct_empty(gen)= 0.0
    pct_valid(real)= 1.0
    pct_loc_invalid(real)= 0.0
    pct_dis_invalid(real)= 0.0
    pct_strict_subset(real)= 0.0
    pct_empty(real)= 0.0
    d_loss=tensor(0.1818, device='cuda:0', grad_fn=<BinaryCrossEntropyBackward>)
    g_loss=tensor(3.8992, device='cuda:0', grad_fn=<NegBackward>)
[after  280  iterations]
vars_real_compact= [[1 5 3 0 0 0]
 [1 2 3 4 5 0]
 [1 2 3 4 5 0]
 [4 0 0 0 0 0]
 [1 2 3 4 5 0]
 [4 5 0 0 0 0]
 [1 2 3 0 0 0]
 [1 5 3 4 0 0]
 [4 2 3 0 0 0]
 [5 2 3 4 0 0]]
vars_synt_compact= [[1 5 3 0 0 0]
 [1 2 3 4 5 0]
 [1 2 3 4 5 0]
 [4 0 0 0 0 0]
 [1 2 3 4 5 0]
 [5 4 0 0 0 0]
 [1 2 3 0 0 0]
 [1 5 3 4 0 0]
 [2 3 4 0 0 0]
 [5 2 3 4 0 0]]
    average_reward(gen)= 17.729
    average_reward(real)= 18.129
    pct_valid(gen)= 1.0
    pct_loc_invalid(gen)= 0.0
    pct_dis_invalid(gen)= 0.0
    pct_strict_subset(gen)= 0.0
    pct_empty(gen)= 0.0
    pct_valid(real)= 1.0
    pct_loc_invalid(real)= 0.0
    pct_dis_invalid(real)= 0.0
    pct_strict_subset(real)= 0.0
    pct_empty(real)= 0.0
    d_loss=tensor(0.1930, device='cuda:0', grad_fn=<BinaryCrossEntropyBackward>)
    g_loss=tensor(3.8010, device='cuda:0', grad_fn=<NegBackward>)
[after  290  iterations]
vars_real_compact= [[1 2 3 4 0 0]
 [1 2 3 4 5 0]
 [1 4 5 0 0 0]
 [1 2 0 0 0 0]
 [1 4 0 0 0 0]
 [1 2 3 5 0 0]
 [1 4 5 0 0 0]
 [1 0 0 0 0 0]
 [1 2 0 0 0 0]
 [1 0 0 0 0 0]]
vars_synt_compact= [[1 2 3 4 0 0]
 [1 2 3 4 5 0]
 [1 5 4 0 0 0]
 [1 2 0 0 0 0]
 [1 4 0 0 0 0]
 [1 2 3 5 0 0]
 [1 5 4 0 0 0]
 [1 0 0 0 0 0]
 [1 2 0 0 0 0]
 [1 0 0 0 0 0]]
    average_reward(gen)= 17.15
    average_reward(real)= 17.695
    pct_valid(gen)= 1.0
    pct_loc_invalid(gen)= 0.0
    pct_dis_invalid(gen)= 0.0
    pct_strict_subset(gen)= 0.0
    pct_empty(gen)= 0.0
    pct_valid(real)= 1.0
    pct_loc_invalid(real)= 0.0
    pct_dis_invalid(real)= 0.0
    pct_strict_subset(real)= 0.0
    pct_empty(real)= 0.0
    d_loss=tensor(0.1846, device='cuda:0', grad_fn=<BinaryCrossEntropyBackward>)
    g_loss=tensor(3.9157, device='cuda:0', grad_fn=<NegBackward>)
[after  300  iterations]
vars_real_compact= [[1 2 5 4 0 0]
 [1 2 5 4 0 0]
 [4 5 3 0 0 0]
 [1 4 3 0 0 0]
 [5 0 0 0 0 0]
 [5 0 0 0 0 0]
 [1 0 0 0 0 0]
 [1 2 3 4 0 0]
 [4 0 0 0 0 0]
 [1 2 5 0 0 0]]
vars_synt_compact= [[1 2 5 4 0 0]
 [1 2 5 4 0 0]
 [5 3 4 0 0 0]
 [1 4 3 0 0 0]
 [5 0 0 0 0 0]
 [5 0 0 0 0 0]
 [1 0 0 0 0 0]
 [1 2 3 4 0 0]
 [4 0 0 0 0 0]
 [1 2 5 0 0 0]]
    average_reward(gen)= 17.483
    average_reward(real)= 17.888
    pct_valid(gen)= 1.0
    pct_loc_invalid(gen)= 0.0
    pct_dis_invalid(gen)= 0.0
    pct_strict_subset(gen)= 0.0
    pct_empty(gen)= 0.0
    pct_valid(real)= 1.0
    pct_loc_invalid(real)= 0.0
    pct_dis_invalid(real)= 0.0
    pct_strict_subset(real)= 0.0
    pct_empty(real)= 0.0
    d_loss=tensor(0.1787, device='cuda:0', grad_fn=<BinaryCrossEntropyBackward>)
    g_loss=tensor(3.7437, device='cuda:0', grad_fn=<NegBackward>)
[after  310  iterations]
vars_real_compact= [[1 0 0 0 0 0]
 [1 0 0 0 0 0]
 [1 2 5 4 0 0]
 [1 2 3 4 5 0]
 [1 5 3 4 0 0]
 [1 2 3 4 0 0]
 [4 5 0 0 0 0]
 [5 2 3 0 0 0]
 [1 2 5 4 0 0]
 [4 2 5 0 0 0]]
vars_synt_compact= [[1 0 0 0 0 0]
 [1 0 0 0 0 0]
 [1 2 5 4 0 0]
 [1 2 3 4 5 0]
 [1 5 3 4 0 0]
 [1 2 3 4 0 0]
 [5 4 0 0 0 0]
 [5 2 3 0 0 0]
 [1 2 5 4 0 0]
 [5 2 4 0 0 0]]
    average_reward(gen)= 17.593
    average_reward(real)= 17.963
    pct_valid(gen)= 1.0
    pct_loc_invalid(gen)= 0.0
    pct_dis_invalid(gen)= 0.0
    pct_strict_subset(gen)= 0.0
    pct_empty(gen)= 0.0
    pct_valid(real)= 1.0
    pct_loc_invalid(real)= 0.0
    pct_dis_invalid(real)= 0.0
    pct_strict_subset(real)= 0.0
    pct_empty(real)= 0.0
    d_loss=tensor(0.1844, device='cuda:0', grad_fn=<BinaryCrossEntropyBackward>)
    g_loss=tensor(3.7517, device='cuda:0', grad_fn=<NegBackward>)
[after  320  iterations]
vars_real_compact= [[3 4 0 0 0 0]
 [1 2 3 4 5 0]
 [1 2 4 0 0 0]
 [1 4 0 0 0 0]
 [1 2 4 0 0 0]
 [1 2 3 4 5 0]
 [5 2 3 4 0 0]
 [1 2 3 4 5 0]
 [1 2 3 4 0 0]
 [1 2 3 4 5 0]]
vars_synt_compact= [[4 3 0 0 0 0]
 [1 2 3 4 5 0]
 [1 2 4 0 0 0]
 [1 4 0 0 0 0]
 [1 2 4 0 0 0]
 [1 2 3 4 5 0]
 [5 2 3 4 0 0]
 [1 2 3 4 5 0]
 [1 2 3 4 0 0]
 [1 2 3 4 5 0]]
    average_reward(gen)= 17.082
    average_reward(real)= 17.457
    pct_valid(gen)= 1.0
    pct_loc_invalid(gen)= 0.0
    pct_dis_invalid(gen)= 0.0
    pct_strict_subset(gen)= 0.0
    pct_empty(gen)= 0.0
    pct_valid(real)= 1.0
    pct_loc_invalid(real)= 0.0
    pct_dis_invalid(real)= 0.0
    pct_strict_subset(real)= 0.0
    pct_empty(real)= 0.0
    d_loss=tensor(0.1978, device='cuda:0', grad_fn=<BinaryCrossEntropyBackward>)
    g_loss=tensor(4.2061, device='cuda:0', grad_fn=<NegBackward>)
[after  330  iterations]
vars_real_compact= [[1 2 3 0 0 0]
 [1 4 3 0 0 0]
 [4 2 5 0 0 0]
 [2 0 0 0 0 0]
 [1 2 3 4 5 0]
 [1 4 3 0 0 0]
 [3 4 0 0 0 0]
 [4 0 0 0 0 0]
 [1 2 3 4 0 0]
 [5 2 3 4 0 0]]
vars_synt_compact= [[1 2 3 0 0 0]
 [1 4 3 0 0 0]
 [5 2 4 0 0 0]
 [2 0 0 0 0 0]
 [1 2 3 4 5 0]
 [1 4 3 0 0 0]
 [4 3 0 0 0 0]
 [4 0 0 0 0 0]
 [1 2 3 4 0 0]
 [5 2 3 4 0 0]]
    average_reward(gen)= 16.085
    average_reward(real)= 16.505
    pct_valid(gen)= 1.0
    pct_loc_invalid(gen)= 0.0
    pct_dis_invalid(gen)= 0.0
    pct_strict_subset(gen)= 0.0
    pct_empty(gen)= 0.0
    pct_valid(real)= 1.0
    pct_loc_invalid(real)= 0.0
    pct_dis_invalid(real)= 0.0
    pct_strict_subset(real)= 0.0
    pct_empty(real)= 0.0
    d_loss=tensor(0.1545, device='cuda:0', grad_fn=<BinaryCrossEntropyBackward>)
    g_loss=tensor(4.1368, device='cuda:0', grad_fn=<NegBackward>)
[after  340  iterations]
vars_real_compact= [[1 2 3 5 0 0]
 [1 2 3 4 5 0]
 [1 2 5 4 0 0]
 [3 2 0 0 0 0]
 [1 4 5 0 0 0]
 [1 2 3 4 5 0]
 [4 2 5 0 0 0]
 [1 2 3 4 5 0]
 [5 2 3 4 0 0]
 [1 2 3 4 5 0]]
vars_synt_compact= [[1 2 3 5 0 0]
 [1 2 3 4 5 0]
 [1 2 5 4 0 0]
 [3 2 0 0 0 0]
 [1 5 4 0 0 0]
 [1 2 3 4 5 0]
 [5 2 4 0 0 0]
 [1 2 3 4 5 0]
 [5 2 3 4 0 0]
 [1 2 3 4 5 0]]
    average_reward(gen)= 17.131
    average_reward(real)= 17.471
    pct_valid(gen)= 1.0
    pct_loc_invalid(gen)= 0.0
    pct_dis_invalid(gen)= 0.0
    pct_strict_subset(gen)= 0.0
    pct_empty(gen)= 0.0
    pct_valid(real)= 1.0
    pct_loc_invalid(real)= 0.0
    pct_dis_invalid(real)= 0.0
    pct_strict_subset(real)= 0.0
    pct_empty(real)= 0.0
    d_loss=tensor(0.1774, device='cuda:0', grad_fn=<BinaryCrossEntropyBackward>)
    g_loss=tensor(4.0471, device='cuda:0', grad_fn=<NegBackward>)
[after  350  iterations]
vars_real_compact= [[1 2 3 4 5 0]
 [1 5 0 0 0 0]
 [4 5 0 0 0 0]
 [4 2 3 0 0 0]
 [1 5 0 0 0 0]
 [1 2 3 4 5 0]
 [1 4 3 0 0 0]
 [1 2 3 4 5 0]
 [4 2 5 0 0 0]
 [4 0 0 0 0 0]]
vars_synt_compact= [[1 2 3 4 5 0]
 [1 5 0 0 0 0]
 [5 4 0 0 0 0]
 [2 3 4 0 0 0]
 [1 5 0 0 0 0]
 [1 2 3 4 5 0]
 [1 3 4 0 0 0]
 [1 2 3 4 5 0]
 [5 2 4 0 0 0]
 [4 0 0 0 0 0]]
    average_reward(gen)= 17.235
    average_reward(real)= 17.59
    pct_valid(gen)= 1.0
    pct_loc_invalid(gen)= 0.0
    pct_dis_invalid(gen)= 0.0
    pct_strict_subset(gen)= 0.0
    pct_empty(gen)= 0.0
    pct_valid(real)= 1.0
    pct_loc_invalid(real)= 0.0
    pct_dis_invalid(real)= 0.0
    pct_strict_subset(real)= 0.0
    pct_empty(real)= 0.0
    d_loss=tensor(0.1819, device='cuda:0', grad_fn=<BinaryCrossEntropyBackward>)
    g_loss=tensor(3.8193, device='cuda:0', grad_fn=<NegBackward>)
[after  360  iterations]
vars_real_compact= [[1 2 3 4 5 0]
 [1 2 3 4 5 0]
 [4 2 0 0 0 0]
 [1 5 3 4 0 0]
 [1 2 3 5 0 0]
 [1 2 3 4 5 0]
 [4 2 5 0 0 0]
 [1 2 3 4 5 0]
 [1 0 0 0 0 0]
 [1 5 3 4 0 0]]
vars_synt_compact= [[1 2 3 4 5 0]
 [1 2 3 4 5 0]
 [2 4 0 0 0 0]
 [1 5 3 4 0 0]
 [1 2 3 5 0 0]
 [1 2 3 4 5 0]
 [5 2 4 0 0 0]
 [1 2 3 4 5 0]
 [1 0 0 0 0 0]
 [1 5 3 4 0 0]]
    average_reward(gen)= 16.903
    average_reward(real)= 17.223
    pct_valid(gen)= 1.0
    pct_loc_invalid(gen)= 0.0
    pct_dis_invalid(gen)= 0.0
    pct_strict_subset(gen)= 0.0
    pct_empty(gen)= 0.0
    pct_valid(real)= 1.0
    pct_loc_invalid(real)= 0.0
    pct_dis_invalid(real)= 0.0
    pct_strict_subset(real)= 0.0
    pct_empty(real)= 0.0
    d_loss=tensor(0.1635, device='cuda:0', grad_fn=<BinaryCrossEntropyBackward>)
    g_loss=tensor(4.0476, device='cuda:0', grad_fn=<NegBackward>)
[after  370  iterations]
vars_real_compact= [[1 2 3 4 5 0]
 [3 0 0 0 0 0]
 [1 2 5 4 0 0]
 [1 0 0 0 0 0]
 [2 0 0 0 0 0]
 [1 0 0 0 0 0]
 [1 2 3 4 5 0]
 [1 2 3 5 0 0]
 [1 2 5 4 0 0]
 [1 2 3 5 0 0]]
vars_synt_compact= [[1 2 3 4 5 0]
 [3 0 0 0 0 0]
 [1 2 5 4 0 0]
 [1 0 0 0 0 0]
 [2 0 0 0 0 0]
 [1 0 0 0 0 0]
 [1 2 3 4 5 0]
 [1 2 3 5 0 0]
 [1 2 5 4 0 0]
 [1 2 3 5 0 0]]
    average_reward(gen)= 17.06
    average_reward(real)= 17.325
    pct_valid(gen)= 1.0
    pct_loc_invalid(gen)= 0.0
    pct_dis_invalid(gen)= 0.0
    pct_strict_subset(gen)= 0.0
    pct_empty(gen)= 0.0
    pct_valid(real)= 1.0
    pct_loc_invalid(real)= 0.0
    pct_dis_invalid(real)= 0.0
    pct_strict_subset(real)= 0.0
    pct_empty(real)= 0.0
    d_loss=tensor(0.1818, device='cuda:0', grad_fn=<BinaryCrossEntropyBackward>)
    g_loss=tensor(3.9200, device='cuda:0', grad_fn=<NegBackward>)
[after  380  iterations]
vars_real_compact= [[2 0 0 0 0 0]
 [1 5 3 0 0 0]
 [1 0 0 0 0 0]
 [1 2 3 4 5 0]
 [1 4 5 0 0 0]
 [5 2 3 4 0 0]
 [1 4 5 0 0 0]
 [5 0 0 0 0 0]
 [1 2 3 4 5 0]
 [3 2 0 0 0 0]]
vars_synt_compact= [[2 0 0 0 0 0]
 [1 5 3 0 0 0]
 [1 0 0 0 0 0]
 [1 2 3 4 5 0]
 [1 5 4 0 0 0]
 [5 2 3 4 0 0]
 [1 5 4 0 0 0]
 [5 0 0 0 0 0]
 [1 2 3 4 5 0]
 [3 2 0 0 0 0]]
    average_reward(gen)= 17.769
    average_reward(real)= 17.934
    pct_valid(gen)= 1.0
    pct_loc_invalid(gen)= 0.0
    pct_dis_invalid(gen)= 0.0
    pct_strict_subset(gen)= 0.0
    pct_empty(gen)= 0.0
    pct_valid(real)= 1.0
    pct_loc_invalid(real)= 0.0
    pct_dis_invalid(real)= 0.0
    pct_strict_subset(real)= 0.0
    pct_empty(real)= 0.0
    d_loss=tensor(0.1784, device='cuda:0', grad_fn=<BinaryCrossEntropyBackward>)
    g_loss=tensor(3.8496, device='cuda:0', grad_fn=<NegBackward>)
[after  390  iterations]
vars_real_compact= [[1 2 3 4 5 0]
 [1 0 0 0 0 0]
 [1 2 3 4 5 0]
 [1 2 3 4 5 0]
 [4 2 3 0 0 0]
 [5 2 3 4 0 0]
 [1 5 3 4 0 0]
 [1 2 5 0 0 0]
 [4 5 0 0 0 0]
 [1 2 3 4 5 0]]
vars_synt_compact= [[1 2 3 4 5 0]
 [1 0 0 0 0 0]
 [1 2 3 4 5 0]
 [1 2 3 4 5 0]
 [2 3 4 0 0 0]
 [5 2 3 4 0 0]
 [1 5 3 4 0 0]
 [1 2 5 0 0 0]
 [5 4 0 0 0 0]
 [1 2 3 4 5 0]]
    average_reward(gen)= 17.078
    average_reward(real)= 17.378
    pct_valid(gen)= 1.0
    pct_loc_invalid(gen)= 0.0
    pct_dis_invalid(gen)= 0.0
    pct_strict_subset(gen)= 0.0
    pct_empty(gen)= 0.0
    pct_valid(real)= 1.0
    pct_loc_invalid(real)= 0.0
    pct_dis_invalid(real)= 0.0
    pct_strict_subset(real)= 0.0
    pct_empty(real)= 0.0
    d_loss=tensor(0.1704, device='cuda:0', grad_fn=<BinaryCrossEntropyBackward>)
    g_loss=tensor(4.3023, device='cuda:0', grad_fn=<NegBackward>)
[after  400  iterations]
vars_real_compact= [[3 0 0 0 0 0]
 [1 2 3 4 5 0]
 [1 2 3 4 5 0]
 [3 5 0 0 0 0]
 [1 5 0 0 0 0]
 [4 5 0 0 0 0]
 [1 2 4 0 0 0]
 [3 4 0 0 0 0]
 [4 0 0 0 0 0]
 [5 2 0 0 0 0]]
vars_synt_compact= [[3 0 0 0 0 0]
 [1 2 3 4 5 0]
 [1 2 3 4 5 0]
 [5 3 0 0 0 0]
 [1 5 0 0 0 0]
 [5 4 0 0 0 0]
 [1 2 4 0 0 0]
 [3 4 0 0 0 0]
 [4 0 0 0 0 0]
 [5 2 0 0 0 0]]
    average_reward(gen)= 17.001
    average_reward(real)= 17.226
    pct_valid(gen)= 1.0
    pct_loc_invalid(gen)= 0.0
    pct_dis_invalid(gen)= 0.0
    pct_strict_subset(gen)= 0.0
    pct_empty(gen)= 0.0
    pct_valid(real)= 1.0
    pct_loc_invalid(real)= 0.0
    pct_dis_invalid(real)= 0.0
    pct_strict_subset(real)= 0.0
    pct_empty(real)= 0.0
    d_loss=tensor(0.1642, device='cuda:0', grad_fn=<BinaryCrossEntropyBackward>)
    g_loss=tensor(4.2134, device='cuda:0', grad_fn=<NegBackward>)
[after  410  iterations]
vars_real_compact= [[5 2 3 4 0 0]
 [1 2 3 4 5 0]
 [4 5 0 0 0 0]
 [1 2 5 4 0 0]
 [1 0 0 0 0 0]
 [4 2 0 0 0 0]
 [3 2 0 0 0 0]
 [1 2 3 5 0 0]
 [1 0 0 0 0 0]
 [1 4 3 0 0 0]]
vars_synt_compact= [[5 2 3 4 0 0]
 [1 2 3 4 5 0]
 [5 4 0 0 0 0]
 [1 2 5 4 0 0]
 [1 0 0 0 0 0]
 [4 2 0 0 0 0]
 [3 2 0 0 0 0]
 [1 2 3 5 0 0]
 [1 0 0 0 0 0]
 [1 4 3 0 0 0]]
    average_reward(gen)= 16.537
    average_reward(real)= 16.782
    pct_valid(gen)= 1.0
    pct_loc_invalid(gen)= 0.0
    pct_dis_invalid(gen)= 0.0
    pct_strict_subset(gen)= 0.0
    pct_empty(gen)= 0.0
    pct_valid(real)= 1.0
    pct_loc_invalid(real)= 0.0
    pct_dis_invalid(real)= 0.0
    pct_strict_subset(real)= 0.0
    pct_empty(real)= 0.0
    d_loss=tensor(0.1543, device='cuda:0', grad_fn=<BinaryCrossEntropyBackward>)
    g_loss=tensor(4.3269, device='cuda:0', grad_fn=<NegBackward>)
[after  420  iterations]
vars_real_compact= [[1 2 3 4 5 0]
 [1 3 0 0 0 0]
 [1 2 4 0 0 0]
 [1 4 3 0 0 0]
 [3 0 0 0 0 0]
 [1 2 3 4 0 0]
 [1 2 5 0 0 0]
 [3 4 0 0 0 0]
 [1 3 0 0 0 0]
 [5 0 0 0 0 0]]
vars_synt_compact= [[1 2 3 4 5 0]
 [1 3 0 0 0 0]
 [1 2 4 0 0 0]
 [1 3 4 0 0 0]
 [3 0 0 0 0 0]
 [1 2 3 4 0 0]
 [1 2 5 0 0 0]
 [3 4 0 0 0 0]
 [1 3 0 0 0 0]
 [5 0 0 0 0 0]]
    average_reward(gen)= 16.951
    average_reward(real)= 17.121
    pct_valid(gen)= 1.0
    pct_loc_invalid(gen)= 0.0
    pct_dis_invalid(gen)= 0.0
    pct_strict_subset(gen)= 0.0
    pct_empty(gen)= 0.0
    pct_valid(real)= 1.0
    pct_loc_invalid(real)= 0.0
    pct_dis_invalid(real)= 0.0
    pct_strict_subset(real)= 0.0
    pct_empty(real)= 0.0
    d_loss=tensor(0.1625, device='cuda:0', grad_fn=<BinaryCrossEntropyBackward>)
    g_loss=tensor(4.3739, device='cuda:0', grad_fn=<NegBackward>)
[after  430  iterations]
vars_real_compact= [[4 2 5 0 0 0]
 [5 0 0 0 0 0]
 [5 0 0 0 0 0]
 [4 2 0 0 0 0]
 [1 2 3 4 0 0]
 [3 0 0 0 0 0]
 [1 2 3 4 5 0]
 [3 0 0 0 0 0]
 [1 2 3 0 0 0]
 [3 0 0 0 0 0]]
vars_synt_compact= [[5 2 4 0 0 0]
 [5 0 0 0 0 0]
 [5 0 0 0 0 0]
 [4 2 0 0 0 0]
 [1 2 3 4 0 0]
 [3 0 0 0 0 0]
 [1 2 3 4 5 0]
 [3 0 0 0 0 0]
 [1 2 3 0 0 0]
 [3 0 0 0 0 0]]
    average_reward(gen)= 17.689
    average_reward(real)= 17.839
    pct_valid(gen)= 1.0
    pct_loc_invalid(gen)= 0.0
    pct_dis_invalid(gen)= 0.0
    pct_strict_subset(gen)= 0.0
    pct_empty(gen)= 0.0
    pct_valid(real)= 1.0
    pct_loc_invalid(real)= 0.0
    pct_dis_invalid(real)= 0.0
    pct_strict_subset(real)= 0.0
    pct_empty(real)= 0.0
    d_loss=tensor(0.1730, device='cuda:0', grad_fn=<BinaryCrossEntropyBackward>)
    g_loss=tensor(4.2826, device='cuda:0', grad_fn=<NegBackward>)
[after  440  iterations]
vars_real_compact= [[5 2 3 0 0 0]
 [5 2 3 4 0 0]
 [5 0 0 0 0 0]
 [1 2 3 5 0 0]
 [1 2 3 4 5 0]
 [4 2 5 0 0 0]
 [1 2 3 4 0 0]
 [4 0 0 0 0 0]
 [1 4 5 0 0 0]
 [2 0 0 0 0 0]]
vars_synt_compact= [[5 2 3 0 0 0]
 [5 2 3 4 0 0]
 [5 0 0 0 0 0]
 [1 2 3 5 0 0]
 [1 2 3 4 5 0]
 [5 2 4 0 0 0]
 [1 2 3 4 0 0]
 [4 0 0 0 0 0]
 [1 5 4 0 0 0]
 [2 0 0 0 0 0]]
    average_reward(gen)= 18.026
    average_reward(real)= 18.166
    pct_valid(gen)= 1.0
    pct_loc_invalid(gen)= 0.0
    pct_dis_invalid(gen)= 0.0
    pct_strict_subset(gen)= 0.0
    pct_empty(gen)= 0.0
    pct_valid(real)= 1.0
    pct_loc_invalid(real)= 0.0
    pct_dis_invalid(real)= 0.0
    pct_strict_subset(real)= 0.0
    pct_empty(real)= 0.0
    d_loss=tensor(0.1730, device='cuda:0', grad_fn=<BinaryCrossEntropyBackward>)
    g_loss=tensor(4.2549, device='cuda:0', grad_fn=<NegBackward>)
[after  450  iterations]
vars_real_compact= [[2 0 0 0 0 0]
 [1 2 3 4 5 0]
 [1 2 3 0 0 0]
 [1 0 0 0 0 0]
 [1 2 5 4 0 0]
 [5 2 3 4 0 0]
 [1 2 3 4 5 0]
 [3 0 0 0 0 0]
 [2 0 0 0 0 0]
 [1 4 0 0 0 0]]
vars_synt_compact= [[2 0 0 0 0 0]
 [1 2 3 4 5 0]
 [1 2 3 0 0 0]
 [1 0 0 0 0 0]
 [1 2 5 4 0 0]
 [5 2 3 4 0 0]
 [1 2 3 4 5 0]
 [3 0 0 0 0 0]
 [2 0 0 0 0 0]
 [1 4 0 0 0 0]]
    average_reward(gen)= 16.585
    average_reward(real)= 16.81
    pct_valid(gen)= 1.0
    pct_loc_invalid(gen)= 0.0
    pct_dis_invalid(gen)= 0.0
    pct_strict_subset(gen)= 0.0
    pct_empty(gen)= 0.0
    pct_valid(real)= 1.0
    pct_loc_invalid(real)= 0.0
    pct_dis_invalid(real)= 0.0
    pct_strict_subset(real)= 0.0
    pct_empty(real)= 0.0
    d_loss=tensor(0.1531, device='cuda:0', grad_fn=<BinaryCrossEntropyBackward>)
    g_loss=tensor(4.5550, device='cuda:0', grad_fn=<NegBackward>)
[after  460  iterations]
vars_real_compact= [[3 0 0 0 0 0]
 [1 4 0 0 0 0]
 [3 0 0 0 0 0]
 [1 0 0 0 0 0]
 [1 5 3 4 0 0]
 [1 2 5 0 0 0]
 [1 2 3 4 5 0]
 [4 2 0 0 0 0]
 [3 4 0 0 0 0]
 [5 0 0 0 0 0]]
vars_synt_compact= [[3 0 0 0 0 0]
 [1 4 0 0 0 0]
 [3 0 0 0 0 0]
 [1 0 0 0 0 0]
 [1 5 3 4 0 0]
 [1 2 5 0 0 0]
 [1 2 3 4 5 0]
 [2 4 0 0 0 0]
 [3 4 0 0 0 0]
 [5 0 0 0 0 0]]
    average_reward(gen)= 17.421
    average_reward(real)= 17.581
    pct_valid(gen)= 1.0
    pct_loc_invalid(gen)= 0.0
    pct_dis_invalid(gen)= 0.0
    pct_strict_subset(gen)= 0.0
    pct_empty(gen)= 0.0
    pct_valid(real)= 1.0
    pct_loc_invalid(real)= 0.0
    pct_dis_invalid(real)= 0.0
    pct_strict_subset(real)= 0.0
    pct_empty(real)= 0.0
    d_loss=tensor(0.1767, device='cuda:0', grad_fn=<BinaryCrossEntropyBackward>)
    g_loss=tensor(4.4879, device='cuda:0', grad_fn=<NegBackward>)
[after  470  iterations]
vars_real_compact= [[1 2 3 0 0 0]
 [1 2 3 4 5 0]
 [1 2 3 4 5 0]
 [4 2 5 0 0 0]
 [3 0 0 0 0 0]
 [1 2 3 4 5 0]
 [1 2 3 0 0 0]
 [5 2 3 4 0 0]
 [3 0 0 0 0 0]
 [1 0 0 0 0 0]]
vars_synt_compact= [[1 2 3 0 0 0]
 [1 2 3 4 5 0]
 [1 2 3 4 5 0]
 [5 2 4 0 0 0]
 [3 0 0 0 0 0]
 [1 2 3 4 5 0]
 [1 2 3 0 0 0]
 [5 2 3 4 0 0]
 [3 0 0 0 0 0]
 [1 0 0 0 0 0]]
    average_reward(gen)= 17.504
    average_reward(real)= 17.704
    pct_valid(gen)= 1.0
    pct_loc_invalid(gen)= 0.0
    pct_dis_invalid(gen)= 0.0
    pct_strict_subset(gen)= 0.0
    pct_empty(gen)= 0.0
    pct_valid(real)= 1.0
    pct_loc_invalid(real)= 0.0
    pct_dis_invalid(real)= 0.0
    pct_strict_subset(real)= 0.0
    pct_empty(real)= 0.0
    d_loss=tensor(0.1668, device='cuda:0', grad_fn=<BinaryCrossEntropyBackward>)
    g_loss=tensor(4.3829, device='cuda:0', grad_fn=<NegBackward>)
[after  480  iterations]
vars_real_compact= [[1 2 3 4 5 0]
 [4 0 0 0 0 0]
 [1 2 3 5 0 0]
 [4 0 0 0 0 0]
 [1 2 3 5 0 0]
 [5 0 0 0 0 0]
 [3 0 0 0 0 0]
 [4 0 0 0 0 0]
 [1 5 3 0 0 0]
 [1 2 3 0 0 0]]
vars_synt_compact= [[1 2 3 4 5 0]
 [4 0 0 0 0 0]
 [1 2 3 5 0 0]
 [4 0 0 0 0 0]
 [1 2 3 5 0 0]
 [5 0 0 0 0 0]
 [3 0 0 0 0 0]
 [4 0 0 0 0 0]
 [1 5 3 0 0 0]
 [1 2 3 0 0 0]]
    average_reward(gen)= 17.666
    average_reward(real)= 17.866
    pct_valid(gen)= 1.0
    pct_loc_invalid(gen)= 0.0
    pct_dis_invalid(gen)= 0.0
    pct_strict_subset(gen)= 0.0
    pct_empty(gen)= 0.0
    pct_valid(real)= 1.0
    pct_loc_invalid(real)= 0.0
    pct_dis_invalid(real)= 0.0
    pct_strict_subset(real)= 0.0
    pct_empty(real)= 0.0
    d_loss=tensor(0.1691, device='cuda:0', grad_fn=<BinaryCrossEntropyBackward>)
    g_loss=tensor(4.4695, device='cuda:0', grad_fn=<NegBackward>)
[after  490  iterations]
vars_real_compact= [[3 5 0 0 0 0]
 [5 0 0 0 0 0]
 [1 2 5 4 0 0]
 [5 2 3 0 0 0]
 [1 2 0 0 0 0]
 [1 0 0 0 0 0]
 [3 0 0 0 0 0]
 [1 4 0 0 0 0]
 [4 5 0 0 0 0]
 [1 2 5 0 0 0]]
vars_synt_compact= [[5 3 0 0 0 0]
 [5 0 0 0 0 0]
 [1 2 5 4 0 0]
 [5 2 3 0 0 0]
 [1 2 0 0 0 0]
 [1 0 0 0 0 0]
 [3 0 0 0 0 0]
 [1 4 0 0 0 0]
 [5 4 0 0 0 0]
 [1 2 5 0 0 0]]
    average_reward(gen)= 17.411
    average_reward(real)= 17.521
    pct_valid(gen)= 1.0
    pct_loc_invalid(gen)= 0.0
    pct_dis_invalid(gen)= 0.0
    pct_strict_subset(gen)= 0.0
    pct_empty(gen)= 0.0
    pct_valid(real)= 1.0
    pct_loc_invalid(real)= 0.0
    pct_dis_invalid(real)= 0.0
    pct_strict_subset(real)= 0.0
    pct_empty(real)= 0.0
    d_loss=tensor(0.1683, device='cuda:0', grad_fn=<BinaryCrossEntropyBackward>)
    g_loss=tensor(4.5986, device='cuda:0', grad_fn=<NegBackward>)
