read problem
[ 10 iterations]
real= [[ 9 23  6 15  0  0  0]
 [ 5 19 12 15 14 10  0]
 [ 7  5 19 17 14 22  0]
 [ 4 11  5  1 10 26  0]
 [11  4 19  3  6 23  0]
 [22 27  4 28 19  9  0]
 [15 18 14 16  5 27  0]
 [ 4 18 21  3 19  5  0]
 [20  8  5 23 14 22  0]
 [13  0  0  0  0  0  0]]
gen= [[23 15  9  6  0  0  0]
 [15 14 10 12 19  5  0]
 [22 14 17 19  5  7  0]
 [ 1 10  4 26  0  0  0]
 [23  3  6  4  0  0  0]
 [ 9 28 22 27  0  0  0]
 [15 14 27  5 18  0  0]
 [ 3  4 19  5  0  0  0]
 [23 14 22 20  8  5  0]
 [13  0  0  0  0  0  0]]
valid: 0.312, real: 0.8455253508939687, syn: 1.1132535765780793 ratio=0.7595083174966712
[ 20 iterations]
real= [[14  0  0  0  0  0  0]
 [20 28 21 13 10 24  0]
 [20 11  8  3 10 12  0]
 [ 8 11 12 28 19  0  0]
 [26 25  4 20 23 28  0]
 [25 19 12 18 10 26  0]
 [18 10 21  3 28  4  0]
 [23 11 15 17 14  9  0]
 [ 7  6 16 13 17 12  0]
 [20 25  8  3 10 26  0]]
gen= [[14  0  0  0  0  0  0]
 [24 21 13  0  0  0  0]
 [10 20  8  0  0  0  0]
 [ 8 28 19  0  0  0  0]
 [23  4 20  0  0  0  0]
 [18 10 19  0  0  0  0]
 [21  4 28  0  0  0  0]
 [23 15  9  0  0  0  0]
 [ 6 16 13  0  0  0  0]
 [10 20  8  0  0  0  0]]
valid: 0.128, real: 0.31116522545125536, syn: 0.3431615031655245 ratio=0.9067602938583827
[ 30 iterations]
real= [[10 13 16 17  9  8  0]
 [ 9 23 12 20 19 28  0]
 [23  4 16  3  9 27  0]
 [ 7  4  9 25  1 12  0]
 [ 8  4  2  1 24 23  0]
 [ 1 11  0  0  0  0  0]
 [ 2 24  0  0  0  0  0]
 [25 27 22 18  9 12  0]
 [26 27  5 20 28  2  0]
 [27  4 28 17 10 24  0]]
gen= [[16 13  9 17  0  0  0]
 [23  9 20 19 12 28  0]
 [ 4 23  9 16  3  0  0]
 [ 4  9 12  1 25  7  0]
 [ 4  2 23 24  0  0  0]
 [11  1  0  0  0  0  0]
 [ 2 24  0  0  0  0  0]
 [22 18  9 27 12  0  0]
 [ 2  5 20 27 26  0  0]
 [ 4 17 24 27  0  0  0]]
valid: 0.278, real: 0.7763906515758362, syn: 0.9509033874740289 ratio=0.8164769016526834
[ 40 iterations]
real= [[15 18  5  1  7 23  0]
 [ 3 27  2 28  0  0  0]
 [20 25  4 16 15 12  0]
 [20  4 11  3 21 12  0]
 [ 7 20 21 16 19 12  0]
 [23  4 21  3  1  0  0]
 [15 19 13  1  9 23  0]
 [23 12  0  0  0  0  0]
 [ 3 18 24 17 28 25  0]
 [ 7  8  5 20 18 22  0]]
gen= [[23 18  1  5 15  7  0]
 [ 2 28  3 27  0  0  0]
 [ 4 16 12 15 20  0  0]
 [ 4 21 12  3 20  0  0]
 [19 16 21 12  7 20  0]
 [ 4 23  0  0  0  0  0]
 [23 13 19  9  1 15  0]
 [23 12  0  0  0  0  0]
 [18 24 17  3 28 25  0]
 [22 18  5  8  7  0  0]]
valid: 0.34, real: 0.9529818276326031, syn: 1.2336093575489127 ratio=0.772515076836078
[ 50 iterations]
real= [[ 4 17 22  0  0  0  0]
 [ 7 26 21 16 18  5  0]
 [ 9 18 19  2 28 11  0]
 [ 9 18 14  3  0  0  0]
 [15 25  5 20  8 28  0]
 [ 4  6  0  0  0  0  0]
 [20  4  5 23 18 22  0]
 [16 19 14  0  0  0  0]
 [20 18 12 23 24 22  0]
 [23 15 18 13 28  2  0]]
gen= [[ 4 22 17  0  0  0  0]
 [18 16 21  0  0  0  0]
 [ 2 18 19  9  0  0  0]
 [18 14  9  3  0  0  0]
 [15  5 28  8 25  0  0]
 [ 6  4  0  0  0  0  0]
 [18 23 22  0  0  0  0]
 [19 16 14  0  0  0  0]
 [18 23 22  0  0  0  0]
 [ 2 18 23 15  0  0  0]]
valid: 0.206, real: 0.5191580813257906, syn: 0.6154410414303776 ratio=0.8435545346783976
[ 60 iterations]
real= [[ 9 23  6 15  0  0  0]
 [ 5 19 12 15 14 10  0]
 [ 7  5 19 17 14 22  0]
 [ 4 11  5  1 10 26  0]
 [11  4 19  3  6 23  0]
 [22 27  4 28 19  9  0]
 [15 18 14 16  5 27  0]
 [ 4 18 21  3 19  5  0]
 [20  8  5 23 14 22  0]
 [13  0  0  0  0  0  0]]
gen= [[ 6 23 15  9  0  0  0]
 [12 15 19 14 10  5  0]
 [ 7 22 19 14 17  5  0]
 [ 4 10  5 11  0  0  0]
 [ 6 23  4 11  0  0  0]
 [22  4 19 28  0  0  0]
 [15 18 14 16  5 27  0]
 [18  4 19  3  5  0  0]
 [20 23 22 14  8  5  0]
 [13  0  0  0  0  0  0]]
valid: 0.357, real: 1.038617625671554, syn: 1.3150751102143685 ratio=0.7897781789074013
[ 70 iterations]
real= [[14  0  0  0  0  0  0]
 [20 28 21 13 10 24  0]
 [20 11  8  3 10 12  0]
 [ 8 11 12 28 19  0  0]
 [26 25  4 20 23 28  0]
 [25 19 12 18 10 26  0]
 [18 10 21  3 28  4  0]
 [23 11 15 17 14  9  0]
 [ 7  6 16 13 17 12  0]
 [20 25  8  3 10 26  0]]
gen= [[14  0  0  0  0  0  0]
 [20 21 13  0  0  0  0]
 [20 11 12  0  0  0  0]
 [11 12 19  0  0  0  0]
 [20 25  4  0  0  0  0]
 [25 18 12  0  0  0  0]
 [ 3 18  4  0  0  0  0]
 [15 23 11  0  0  0  0]
 [ 7  6 12  0  0  0  0]
 [20 25 26  0  0  0  0]]
valid: 0.128, real: 0.316491228987216, syn: 0.34405515921314683 ratio=0.9198851419959245
[ 80 iterations]
real= [[10 13 16 17  9  8  0]
 [ 9 23 12 20 19 28  0]
 [23  4 16  3  9 27  0]
 [ 7  4  9 25  1 12  0]
 [ 8  4  2  1 24 23  0]
 [ 1 11  0  0  0  0  0]
 [ 2 24  0  0  0  0  0]
 [25 27 22 18  9 12  0]
 [26 27  5 20 28  2  0]
 [27  4 28 17 10 24  0]]
gen= [[ 8 13 16 17  9  0  0]
 [20 23 12 19 28  9  0]
 [27  4 23 16  3  9  0]
 [ 7 25  4 12  1  9  0]
 [ 2  4 23 24  0  0  0]
 [11  1  0  0  0  0  0]
 [ 2 24  0  0  0  0  0]
 [25 18 22 12  0  0  0]
 [20  2  5 28 27  0  0]
 [28  4 17 24  0  0  0]]
valid: 0.277, real: 0.8343163938878174, syn: 0.9591743128462972 ratio=0.8698277077625539
[ 90 iterations]
real= [[15 18  5  1  7 23  0]
 [ 3 27  2 28  0  0  0]
 [20 25  4 16 15 12  0]
 [20  4 11  3 21 12  0]
 [ 7 20 21 16 19 12  0]
 [23  4 21  3  1  0  0]
 [15 19 13  1  9 23  0]
 [23 12  0  0  0  0  0]
 [ 3 18 24 17 28 25  0]
 [ 7  8  5 20 18 22  0]]
gen= [[ 7 15 18 23  1  5  0]
 [28  2  3 27  0  0  0]
 [15 25  4 12 20  0  0]
 [11 20 21 12  0  0  0]
 [ 7 20 21 16 12  0  0]
 [23 21  4  1  0  0  0]
 [15 13 23 19  1  0  0]
 [23 12  0  0  0  0  0]
 [25 18 17  3  0  0  0]
 [ 7 18 22  8 20  0  0]]
valid: 0.351, real: 1.1106176602910158, syn: 1.2778498374890035 ratio=0.8691300242862637
[ 100 iterations]
real= [[ 4 17 22  0  0  0  0]
 [ 7 26 21 16 18  5  0]
 [ 9 18 19  2 28 11  0]
 [ 9 18 14  3  0  0  0]
 [15 25  5 20  8 28  0]
 [ 4  6  0  0  0  0  0]
 [20  4  5 23 18 22  0]
 [16 19 14  0  0  0  0]
 [20 18 12 23 24 22  0]
 [23 15 18 13 28  2  0]]
gen= [[17  4  0  0  0  0  0]
 [ 7 26 18 21  0  0  0]
 [11 18  2 28  0  0  0]
 [ 3 18 14  9  0  0  0]
 [15 25 20  8  0  0  0]
 [ 6  4  0  0  0  0  0]
 [20 18  4  0  0  0  0]
 [16 14 19  0  0  0  0]
 [20 18 22 12  0  0  0]
 [15 18 13 23  0  0  0]]
valid: 0.191, real: 0.5071822440278329, syn: 0.5496056833511769 ratio=0.9228111342214104
[ 110 iterations]
real= [[ 9 23  6 15  0  0  0]
 [ 5 19 12 15 14 10  0]
 [ 7  5 19 17 14 22  0]
 [ 4 11  5  1 10 26  0]
 [11  4 19  3  6 23  0]
 [22 27  4 28 19  9  0]
 [15 18 14 16  5 27  0]
 [ 4 18 21  3 19  5  0]
 [20  8  5 23 14 22  0]
 [13  0  0  0  0  0  0]]
gen= [[15  6 23  9  0  0  0]
 [15 14  5 19 12  0  0]
 [ 7 14  5 22  0  0  0]
 [26 11  4  1  5  0  0]
 [23 11  6  0  0  0  0]
 [28  4 19 22 27  0  0]
 [15 18 16 14  5 27  0]
 [ 5  4 21 18  3 19  0]
 [ 8 20  5 14 23  0  0]
 [13  0  0  0  0  0  0]]
valid: 0.33, real: 1.0672248410747558, syn: 1.1901909186314796 ratio=0.89668373734685
[ 120 iterations]
real= [[14  0  0  0  0  0  0]
 [20 28 21 13 10 24  0]
 [20 11  8  3 10 12  0]
 [ 8 11 12 28 19  0  0]
 [26 25  4 20 23 28  0]
 [25 19 12 18 10 26  0]
 [18 10 21  3 28  4  0]
 [23 11 15 17 14  9  0]
 [ 7  6 16 13 17 12  0]
 [20 25  8  3 10 26  0]]
gen= [[14  0  0  0  0  0  0]
 [20 13 21  0  0  0  0]
 [ 8 11 20  0  0  0  0]
 [ 8 11 19  0  0  0  0]
 [26 25  4  0  0  0  0]
 [26 25 18  0  0  0  0]
 [ 3  4 18  0  0  0  0]
 [15 11 23  0  0  0  0]
 [ 7  6 13  0  0  0  0]
 [26 25 20  0  0  0  0]]
valid: 0.13, real: 0.32458928511963603, syn: 0.35009678063699406 ratio=0.9271415879033573
[ 130 iterations]
real= [[10 13 16 17  9  8  0]
 [ 9 23 12 20 19 28  0]
 [23  4 16  3  9 27  0]
 [ 7  4  9 25  1 12  0]
 [ 8  4  2  1 24 23  0]
 [ 1 11  0  0  0  0  0]
 [ 2 24  0  0  0  0  0]
 [25 27 22 18  9 12  0]
 [26 27  5 20 28  2  0]
 [27  4 28 17 10 24  0]]
gen= [[ 8 13 16  9  0  0  0]
 [23 20 19  9 28 12  0]
 [23  4 16  3  9  0  0]
 [ 7 25  4  1  9  0  0]
 [ 8  4 24  1 23  0  0]
 [11  1  0  0  0  0  0]
 [ 2 24  0  0  0  0  0]
 [18 25  9 27  0  0  0]
 [26 20  5  2  0  0  0]
 [17  4 27  0  0  0  0]]
valid: 0.311, real: 0.9725220011520815, syn: 1.0987814452434708 ratio=0.885091394072993
[ 140 iterations]
real= [[15 18  5  1  7 23  0]
 [ 3 27  2 28  0  0  0]
 [20 25  4 16 15 12  0]
 [20  4 11  3 21 12  0]
 [ 7 20 21 16 19 12  0]
 [23  4 21  3  1  0  0]
 [15 19 13  1  9 23  0]
 [23 12  0  0  0  0  0]
 [ 3 18 24 17 28 25  0]
 [ 7  8  5 20 18 22  0]]
gen= [[ 7 23  5 18  1 15  0]
 [ 2 27  3  0  0  0  0]
 [15 25  4 20 12  0  0]
 [21 11  4 20  0  0  0]
 [ 7 20 21 16 19 12  0]
 [21  4 23  0  0  0  0]
 [15 23 13  1  9 19  0]
 [23 12  0  0  0  0  0]
 [18 25  3  0  0  0  0]
 [ 7 20  5 18 22  0  0]]
valid: 0.342, real: 1.1131157232461237, syn: 1.2406781367339088 ratio=0.8971833147446333
[ 150 iterations]
real= [[ 4 17 22  0  0  0  0]
 [ 7 26 21 16 18  5  0]
 [ 9 18 19  2 28 11  0]
 [ 9 18 14  3  0  0  0]
 [15 25  5 20  8 28  0]
 [ 4  6  0  0  0  0  0]
 [20  4  5 23 18 22  0]
 [16 19 14  0  0  0  0]
 [20 18 12 23 24 22  0]
 [23 15 18 13 28  2  0]]
gen= [[22  4  0  0  0  0  0]
 [ 7 26 21  0  0  0  0]
 [ 2 11  9 19  0  0  0]
 [18 14  9  3  0  0  0]
 [ 8 25  5 15  0  0  0]
 [ 4  6  0  0  0  0  0]
 [ 5  4 20 22  0  0  0]
 [19 14 16  0  0  0  0]
 [22 23 24 18  0  0  0]
 [ 2 23 15 18  0  0  0]]
valid: 0.182, real: 0.4883914110539791, syn: 0.5179518738198218 ratio=0.9429281671522135
[ 160 iterations]
real= [[ 9 23  6 15  0  0  0]
 [ 5 19 12 15 14 10  0]
 [ 7  5 19 17 14 22  0]
 [ 4 11  5  1 10 26  0]
 [11  4 19  3  6 23  0]
 [22 27  4 28 19  9  0]
 [15 18 14 16  5 27  0]
 [ 4 18 21  3 19  5  0]
 [20  8  5 23 14 22  0]
 [13  0  0  0  0  0  0]]
gen= [[15  6  9 23  0  0  0]
 [15 14  5 19 12  0  0]
 [ 7 14  5 22  0  0  0]
 [26 11  4  1  5  0  0]
 [23 11  6  0  0  0  0]
 [19  4  9 22 27  0  0]
 [ 5 14 16 27  0  0  0]
 [21  4  5  0  0  0  0]
 [ 8 23  5 22  0  0  0]
 [13  0  0  0  0  0  0]]
valid: 0.324, real: 1.0362458960010699, syn: 1.1736205013793863 ratio=0.8829480183612535
[ 170 iterations]
real= [[14  0  0  0  0  0  0]
 [20 28 21 13 10 24  0]
 [20 11  8  3 10 12  0]
 [ 8 11 12 28 19  0  0]
 [26 25  4 20 23 28  0]
 [25 19 12 18 10 26  0]
 [18 10 21  3 28  4  0]
 [23 11 15 17 14  9  0]
 [ 7  6 16 13 17 12  0]
 [20 25  8  3 10 26  0]]
gen= [[14  0  0  0  0  0  0]
 [21 20 28  0  0  0  0]
 [ 8 11 12  0  0  0  0]
 [ 8 11 19  0  0  0  0]
 [26 25  4  0  0  0  0]
 [26 25 19  0  0  0  0]
 [21  4 28  0  0  0  0]
 [15 11  9  0  0  0  0]
 [ 7  6 16  0  0  0  0]
 [26 25  8  0  0  0  0]]
valid: 0.127, real: 0.3164858393538437, syn: 0.3400040000286617 ratio=0.9308297529651549
[ 180 iterations]
real= [[10 13 16 17  9  8  0]
 [ 9 23 12 20 19 28  0]
 [23  4 16  3  9 27  0]
 [ 7  4  9 25  1 12  0]
 [ 8  4  2  1 24 23  0]
 [ 1 11  0  0  0  0  0]
 [ 2 24  0  0  0  0  0]
 [25 27 22 18  9 12  0]
 [26 27  5 20 28  2  0]
 [27  4 28 17 10 24  0]]
gen= [[13  9 16 17  0  0  0]
 [20 23  9  0  0  0  0]
 [16  4  9  0  0  0  0]
 [ 7 25  4 12  0  0  0]
 [ 2  4 24 23  0  0  0]
 [ 1 11  0  0  0  0  0]
 [ 2 24  0  0  0  0  0]
 [18 25  9  0  0  0  0]
 [26 20  5  2 28 27  0]
 [17  4 28 27  0  0  0]]
valid: 0.278, real: 0.862661079501137, syn: 0.9653013149359577 ratio=0.893670262490391
[ 190 iterations]
real= [[15 18  5  1  7 23  0]
 [ 3 27  2 28  0  0  0]
 [20 25  4 16 15 12  0]
 [20  4 11  3 21 12  0]
 [ 7 20 21 16 19 12  0]
 [23  4 21  3  1  0  0]
 [15 19 13  1  9 23  0]
 [23 12  0  0  0  0  0]
 [ 3 18 24 17 28 25  0]
 [ 7  8  5 20 18 22  0]]
gen= [[ 7 15  5 18  1  0  0]
 [ 2 28  3 27  0  0  0]
 [15 25  4 20 12  0  0]
 [21 11  4 20  0  0  0]
 [21  7  0  0  0  0  0]
 [21  4 23  0  0  0  0]
 [15 23 13  9  1 19  0]
 [23 12  0  0  0  0  0]
 [17 25 28  0  0  0  0]
 [ 7 20 22  8  0  0  0]]
valid: 0.294, real: 0.9191284849238314, syn: 1.0273514499415528 ratio=0.8946582836634159
[ 200 iterations]
real= [[ 4 17 22  0  0  0  0]
 [ 7 26 21 16 18  5  0]
 [ 9 18 19  2 28 11  0]
 [ 9 18 14  3  0  0  0]
 [15 25  5 20  8 28  0]
 [ 4  6  0  0  0  0  0]
 [20  4  5 23 18 22  0]
 [16 19 14  0  0  0  0]
 [20 18 12 23 24 22  0]
 [23 15 18 13 28  2  0]]
gen= [[17  4  0  0  0  0  0]
 [21  7  5  0  0  0  0]
 [ 2 11 19  9  0  0  0]
 [14 18  9  3  0  0  0]
 [15 25 20  8  0  0  0]
 [ 6  4  0  0  0  0  0]
 [20  4 22 18  0  0  0]
 [14 19 16  0  0  0  0]
 [20 23 22 24  0  0  0]
 [15 23 13 28  0  0  0]]
valid: 0.188, real: 0.49700588774293014, syn: 0.5398056902277024 ratio=0.9207125762851475
[ 210 iterations]
real= [[ 9 23  6 15  0  0  0]
 [ 5 19 12 15 14 10  0]
 [ 7  5 19 17 14 22  0]
 [ 4 11  5  1 10 26  0]
 [11  4 19  3  6 23  0]
 [22 27  4 28 19  9  0]
 [15 18 14 16  5 27  0]
 [ 4 18 21  3 19  5  0]
 [20  8  5 23 14 22  0]
 [13  0  0  0  0  0  0]]
gen= [[15  6  9 23  0  0  0]
 [15 14  5 19 12  0  0]
 [ 7 22 14 17  5  0  0]
 [26 11  4  5  0  0  0]
 [11  6 19  0  0  0  0]
 [22  4 19 28  0  0  0]
 [15 14 16  5 27  0  0]
 [21  4  5  0  0  0  0]
 [20 22 14  8  5  0  0]
 [13  0  0  0  0  0  0]]
valid: 0.271, real: 0.870373179197966, syn: 0.9464890757853178 ratio=0.9195807975657857
[ 220 iterations]
real= [[14  0  0  0  0  0  0]
 [20 28 21 13 10 24  0]
 [20 11  8  3 10 12  0]
 [ 8 11 12 28 19  0  0]
 [26 25  4 20 23 28  0]
 [25 19 12 18 10 26  0]
 [18 10 21  3 28  4  0]
 [23 11 15 17 14  9  0]
 [ 7  6 16 13 17 12  0]
 [20 25  8  3 10 26  0]]
gen= [[14  0  0  0  0  0  0]
 [21 20 28  0  0  0  0]
 [20 11 12  0  0  0  0]
 [28 11 19  0  0  0  0]
 [26 25  4  0  0  0  0]
 [26 25 19  0  0  0  0]
 [21  4 28  0  0  0  0]
 [15 11  9  0  0  0  0]
 [ 7  6 16  0  0  0  0]
 [26 25 20  0  0  0  0]]
valid: 0.131, real: 0.32904343385541024, syn: 0.35139700936583246 ratio=0.9363865516363847
[ 230 iterations]
real= [[10 13 16 17  9  8  0]
 [ 9 23 12 20 19 28  0]
 [23  4 16  3  9 27  0]
 [ 7  4  9 25  1 12  0]
 [ 8  4  2  1 24 23  0]
 [ 1 11  0  0  0  0  0]
 [ 2 24  0  0  0  0  0]
 [25 27 22 18  9 12  0]
 [26 27  5 20 28  2  0]
 [27  4 28 17 10 24  0]]
gen= [[16  8  0  0  0  0  0]
 [20 23 19 28  0  0  0]
 [16  4 27 23  0  0  0]
 [ 7 25  4  1  0  0  0]
 [ 2  4 24 23  0  0  0]
 [ 1 11  0  0  0  0  0]
 [ 2 24  0  0  0  0  0]
 [18 25 27  9  0  0  0]
 [ 2 26  5 20  0  0  0]
 [28  4 24 10  0  0  0]]
valid: 0.175, real: 0.47561051742577193, syn: 0.5127182124443228 ratio=0.9276255570449812
[ 240 iterations]
real= [[15 18  5  1  7 23  0]
 [ 3 27  2 28  0  0  0]
 [20 25  4 16 15 12  0]
 [20  4 11  3 21 12  0]
 [ 7 20 21 16 19 12  0]
 [23  4 21  3  1  0  0]
 [15 19 13  1  9 23  0]
 [23 12  0  0  0  0  0]
 [ 3 18 24 17 28 25  0]
 [ 7  8  5 20 18 22  0]]
gen= [[ 7 15  5  1 23 18  0]
 [ 2 27 28  0  0  0  0]
 [16 25 20  4  0  0  0]
 [21 11 20  0  0  0  0]
 [21  7  0  0  0  0  0]
 [21 23  4  1  0  0  0]
 [15 23 13 19  1  0  0]
 [23 12  0  0  0  0  0]
 [17 25 28  0  0  0  0]
 [20  7  0  0  0  0  0]]
valid: 0.252, real: 0.7649065270679426, syn: 0.8480312514737592 ratio=0.9019791732187257
[ 250 iterations]
real= [[ 4 17 22  0  0  0  0]
 [ 7 26 21 16 18  5  0]
 [ 9 18 19  2 28 11  0]
 [ 9 18 14  3  0  0  0]
 [15 25  5 20  8 28  0]
 [ 4  6  0  0  0  0  0]
 [20  4  5 23 18 22  0]
 [16 19 14  0  0  0  0]
 [20 18 12 23 24 22  0]
 [23 15 18 13 28  2  0]]
gen= [[22 17  4  0  0  0  0]
 [21 26  5  0  0  0  0]
 [ 2 11 19  9  0  0  0]
 [14 18  9  3  0  0  0]
 [20 25 15  8  5  0  0]
 [ 6  4  0  0  0  0  0]
 [20 23  5 22  0  0  0]
 [16 14 19  0  0  0  0]
 [20 23 24 18 22  0  0]
 [ 2 15 18 23  0  0  0]]
valid: 0.188, real: 0.5113685925922415, syn: 0.5464697139267121 ratio=0.935767490054942
[ 260 iterations]
real= [[ 9 23  6 15  0  0  0]
 [ 5 19 12 15 14 10  0]
 [ 7  5 19 17 14 22  0]
 [ 4 11  5  1 10 26  0]
 [11  4 19  3  6 23  0]
 [22 27  4 28 19  9  0]
 [15 18 14 16  5 27  0]
 [ 4 18 21  3 19  5  0]
 [20  8  5 23 14 22  0]
 [13  0  0  0  0  0  0]]
gen= [[15  6  9 23  0  0  0]
 [15 14 19 10  5  0  0]
 [ 7 14 22  5  0  0  0]
 [26 11  5  1  4  0  0]
 [23 11  6  0  0  0  0]
 [22 27 19 28  0  0  0]
 [16 15  0  0  0  0  0]
 [21 18 19  5  4  0  0]
 [20 14 22  8  5  0  0]
 [13  0  0  0  0  0  0]]
valid: 0.226, real: 0.69136955397654, syn: 0.7561556005714327 ratio=0.91432180553059
[ 270 iterations]
real= [[14  0  0  0  0  0  0]
 [20 28 21 13 10 24  0]
 [20 11  8  3 10 12  0]
 [ 8 11 12 28 19  0  0]
 [26 25  4 20 23 28  0]
 [25 19 12 18 10 26  0]
 [18 10 21  3 28  4  0]
 [23 11 15 17 14  9  0]
 [ 7  6 16 13 17 12  0]
 [20 25  8  3 10 26  0]]
gen= [[14  0  0  0  0  0  0]
 [21 20 28  0  0  0  0]
 [20 11 12  0  0  0  0]
 [28 11 19  0  0  0  0]
 [20 25 26  0  0  0  0]
 [26 25 19  0  0  0  0]
 [21 18 10  0  0  0  0]
 [15 11  9  0  0  0  0]
 [16  6  7  0  0  0  0]
 [20 25 26  0  0  0  0]]
valid: 0.132, real: 0.32649487442765357, syn: 0.35412594038001316 ratio=0.9219739002381225
[ 280 iterations]
real= [[10 13 16 17  9  8  0]
 [ 9 23 12 20 19 28  0]
 [23  4 16  3  9 27  0]
 [ 7  4  9 25  1 12  0]
 [ 8  4  2  1 24 23  0]
 [ 1 11  0  0  0  0  0]
 [ 2 24  0  0  0  0  0]
 [25 27 22 18  9 12  0]
 [26 27  5 20 28  2  0]
 [27  4 28 17 10 24  0]]
gen= [[16  8  0  0  0  0  0]
 [20 23 19 28  0  0  0]
 [16 23  4 27  0  0  0]
 [ 7 25 12  1  0  0  0]
 [ 2 23 24  0  0  0  0]
 [ 1 11  0  0  0  0  0]
 [ 2 24  0  0  0  0  0]
 [22 25 12 18  0  0  0]
 [ 2 26 20 28  0  0  0]
 [ 4 24 10 17  0  0  0]]
valid: 0.175, real: 0.4644443680783201, syn: 0.5087788243247746 ratio=0.9128610427029998
[ 290 iterations]
real= [[15 18  5  1  7 23  0]
 [ 3 27  2 28  0  0  0]
 [20 25  4 16 15 12  0]
 [20  4 11  3 21 12  0]
 [ 7 20 21 16 19 12  0]
 [23  4 21  3  1  0  0]
 [15 19 13  1  9 23  0]
 [23 12  0  0  0  0  0]
 [ 3 18 24 17 28 25  0]
 [ 7  8  5 20 18 22  0]]
gen= [[ 7 18 15  1  5 23  0]
 [ 2 27  3  0  0  0  0]
 [16 25  4 20  0  0  0]
 [21 11  4 20  0  0  0]
 [21  7  0  0  0  0  0]
 [21 23  4  1  0  0  0]
 [13 23 19 15  0  0  0]
 [23 12  0  0  0  0  0]
 [18 25  3  0  0  0  0]
 [20 22  8  5  0  0  0]]
valid: 0.279, real: 0.863399988315304, syn: 0.9611068475470927 ratio=0.8983392330611802
[ 300 iterations]
real= [[ 4 17 22  0  0  0  0]
 [ 7 26 21 16 18  5  0]
 [ 9 18 19  2 28 11  0]
 [ 9 18 14  3  0  0  0]
 [15 25  5 20  8 28  0]
 [ 4  6  0  0  0  0  0]
 [20  4  5 23 18 22  0]
 [16 19 14  0  0  0  0]
 [20 18 12 23 24 22  0]
 [23 15 18 13 28  2  0]]
gen= [[22  4  0  0  0  0  0]
 [21 26  7  5  0  0  0]
 [ 2 11  9 19  0  0  0]
 [14 18  9  3  0  0  0]
 [20 25  8 28  0  0  0]
 [ 4  6  0  0  0  0  0]
 [22 18  4  0  0  0  0]
 [16 14 19  0  0  0  0]
 [22 18 24 20  0  0  0]
 [ 2 18 13  0  0  0  0]]
valid: 0.18, real: 0.46109069063745184, syn: 0.5080738571869257 ratio=0.9075268961689792
[ 310 iterations]
real= [[ 9 23  6 15  0  0  0]
 [ 5 19 12 15 14 10  0]
 [ 7  5 19 17 14 22  0]
 [ 4 11  5  1 10 26  0]
 [11  4 19  3  6 23  0]
 [22 27  4 28 19  9  0]
 [15 18 14 16  5 27  0]
 [ 4 18 21  3 19  5  0]
 [20  8  5 23 14 22  0]
 [13  0  0  0  0  0  0]]
gen= [[ 6 23  9 15  0  0  0]
 [14 15 19 10 12  0  0]
 [14 22  7  5  0  0  0]
 [26 11  4  1  5  0  0]
 [ 4 11 19  3 23  0  0]
 [22  4  9 28  0  0  0]
 [16 18 14  5 27  0  0]
 [21 18  4  5  0  0  0]
 [14 22 20  8  5  0  0]
 [13  0  0  0  0  0  0]]
valid: 0.247, real: 0.7420381836232225, syn: 0.845616093827673 ratio=0.8775118981763863
[ 320 iterations]
real= [[14  0  0  0  0  0  0]
 [20 28 21 13 10 24  0]
 [20 11  8  3 10 12  0]
 [ 8 11 12 28 19  0  0]
 [26 25  4 20 23 28  0]
 [25 19 12 18 10 26  0]
 [18 10 21  3 28  4  0]
 [23 11 15 17 14  9  0]
 [ 7  6 16 13 17 12  0]
 [20 25  8  3 10 26  0]]
gen= [[14  0  0  0  0  0  0]
 [21 20 28  0  0  0  0]
 [20 11 10  0  0  0  0]
 [11  8 19  0  0  0  0]
 [26 25  4  0  0  0  0]
 [26 25 19  0  0  0  0]
 [21 18  4  0  0  0  0]
 [14 11  9  0  0  0  0]
 [16  6  7  0  0  0  0]
 [26 25 20  0  0  0  0]]
valid: 0.134, real: 0.3312461609709397, syn: 0.3605223842089012 ratio=0.918794991600306
[ 330 iterations]
real= [[10 13 16 17  9  8  0]
 [ 9 23 12 20 19 28  0]
 [23  4 16  3  9 27  0]
 [ 7  4  9 25  1 12  0]
 [ 8  4  2  1 24 23  0]
 [ 1 11  0  0  0  0  0]
 [ 2 24  0  0  0  0  0]
 [25 27 22 18  9 12  0]
 [26 27  5 20 28  2  0]
 [27  4 28 17 10 24  0]]
gen= [[16  8  0  0  0  0  0]
 [20 23  9 28  0  0  0]
 [16 23  4 27  0  0  0]
 [ 4 25  7  1  0  0  0]
 [ 2 23  4  1  0  0  0]
 [11  1  0  0  0  0  0]
 [ 2 24  0  0  0  0  0]
 [22 25  9 27  0  0  0]
 [ 2 26 20  5  0  0  0]
 [ 4 27 24 17  0  0  0]]
valid: 0.18, real: 0.4738952059179189, syn: 0.5253268793093783 ratio=0.902095865608335
[ 340 iterations]
real= [[15 18  5  1  7 23  0]
 [ 3 27  2 28  0  0  0]
 [20 25  4 16 15 12  0]
 [20  4 11  3 21 12  0]
 [ 7 20 21 16 19 12  0]
 [23  4 21  3  1  0  0]
 [15 19 13  1  9 23  0]
 [23 12  0  0  0  0  0]
 [ 3 18 24 17 28 25  0]
 [ 7  8  5 20 18 22  0]]
gen= [[ 7 18  5 23  1  0  0]
 [ 2 27  3  0  0  0  0]
 [16 25  4 20  0  0  0]
 [21 11  4 20  0  0  0]
 [21  7  0  0  0  0  0]
 [21 23  4  1  0  0  0]
 [23  1 13 19  9 15  0]
 [23 12  0  0  0  0  0]
 [18 25  3  0  0  0  0]
 [22 18 20  8  0  0  0]]
valid: 0.278, real: 0.8291175546155448, syn: 0.9566380843056662 ratio=0.8666992964401197
[ 350 iterations]
real= [[ 4 17 22  0  0  0  0]
 [ 7 26 21 16 18  5  0]
 [ 9 18 19  2 28 11  0]
 [ 9 18 14  3  0  0  0]
 [15 25  5 20  8 28  0]
 [ 4  6  0  0  0  0  0]
 [20  4  5 23 18 22  0]
 [16 19 14  0  0  0  0]
 [20 18 12 23 24 22  0]
 [23 15 18 13 28  2  0]]
gen= [[ 4 22 17  0  0  0  0]
 [21 26  7  5  0  0  0]
 [ 2 11 19  9  0  0  0]
 [14 18  9  3  0  0  0]
 [20 25  5  8 28  0  0]
 [ 6  4  0  0  0  0  0]
 [22  4  0  0  0  0  0]
 [14 19 16  0  0  0  0]
 [22 20 24 18 12  0  0]
 [ 2 18 13  0  0  0  0]]
valid: 0.201, real: 0.5259635780067288, syn: 0.5981946696762499 ratio=0.8792515290906663
[ 360 iterations]
real= [[ 9 23  6 15  0  0  0]
 [ 5 19 12 15 14 10  0]
 [ 7  5 19 17 14 22  0]
 [ 4 11  5  1 10 26  0]
 [11  4 19  3  6 23  0]
 [22 27  4 28 19  9  0]
 [15 18 14 16  5 27  0]
 [ 4 18 21  3 19  5  0]
 [20  8  5 23 14 22  0]
 [13  0  0  0  0  0  0]]
gen= [[ 6 23  9 15  0  0  0]
 [14 10 19 12  5  0  0]
 [14 22 19  5  0  0  0]
 [26 11  4  1  5  0  0]
 [ 4 11 19  3 23  0  0]
 [ 4 22 19 28  0  0  0]
 [14 18 16 15 27  0  0]
 [21 18  4  5  0  0  0]
 [14 22 20  8  5  0  0]
 [13  0  0  0  0  0  0]]
valid: 0.258, real: 0.7757679033216249, syn: 0.889614229649742 ratio=0.8720273096655159
[ 370 iterations]
real= [[14  0  0  0  0  0  0]
 [20 28 21 13 10 24  0]
 [20 11  8  3 10 12  0]
 [ 8 11 12 28 19  0  0]
 [26 25  4 20 23 28  0]
 [25 19 12 18 10 26  0]
 [18 10 21  3 28  4  0]
 [23 11 15 17 14  9  0]
 [ 7  6 16 13 17 12  0]
 [20 25  8  3 10 26  0]]
gen= [[14  0  0  0  0  0  0]
 [21 20 28  0  0  0  0]
 [20 11 10  0  0  0  0]
 [11  8 19  0  0  0  0]
 [26 25  4  0  0  0  0]
 [26 25 19  0  0  0  0]
 [21  4 28  0  0  0  0]
 [14 11  9  0  0  0  0]
 [ 7  6 16  0  0  0  0]
 [26 25 20  0  0  0  0]]
valid: 0.133, real: 0.32455829581159623, syn: 0.35799482692997475 ratio=0.9066005187697339
[ 380 iterations]
real= [[10 13 16 17  9  8  0]
 [ 9 23 12 20 19 28  0]
 [23  4 16  3  9 27  0]
 [ 7  4  9 25  1 12  0]
 [ 8  4  2  1 24 23  0]
 [ 1 11  0  0  0  0  0]
 [ 2 24  0  0  0  0  0]
 [25 27 22 18  9 12  0]
 [26 27  5 20 28  2  0]
 [27  4 28 17 10 24  0]]
gen= [[10  8  0  0  0  0  0]
 [20 23  9 28  0  0  0]
 [ 4 23 16  0  0  0  0]
 [ 4 25  9  7  0  0  0]
 [ 4  8 24  1  0  0  0]
 [11  1  0  0  0  0  0]
 [ 2 24  0  0  0  0  0]
 [22 25  9 27  0  0  0]
 [26 20  2  0  0  0  0]
 [ 4 10  0  0  0  0  0]]
valid: 0.179, real: 0.47083154719665193, syn: 0.5243009429555162 ratio=0.8980177387104169
[ 390 iterations]
real= [[15 18  5  1  7 23  0]
 [ 3 27  2 28  0  0  0]
 [20 25  4 16 15 12  0]
 [20  4 11  3 21 12  0]
 [ 7 20 21 16 19 12  0]
 [23  4 21  3  1  0  0]
 [15 19 13  1  9 23  0]
 [23 12  0  0  0  0  0]
 [ 3 18 24 17 28 25  0]
 [ 7  8  5 20 18 22  0]]
gen= [[ 7 18  5  1 23 15  0]
 [ 2 27  3  0  0  0  0]
 [ 4 25 12 16 20  0  0]
 [ 4 11 21  3 12  0  0]
 [21  7  0  0  0  0  0]
 [ 4 21  3  1 23  0  0]
 [15  1 13  9 23  0  0]
 [12 23  0  0  0  0  0]
 [25 18 24 17  3  0  0]
 [ 7  8 22  5  0  0  0]]
valid: 0.301, real: 0.9296596508332874, syn: 1.0539605440304753 ratio=0.8820630488482557
[ 400 iterations]
real= [[ 4 17 22  0  0  0  0]
 [ 7 26 21 16 18  5  0]
 [ 9 18 19  2 28 11  0]
 [ 9 18 14  3  0  0  0]
 [15 25  5 20  8 28  0]
 [ 4  6  0  0  0  0  0]
 [20  4  5 23 18 22  0]
 [16 19 14  0  0  0  0]
 [20 18 12 23 24 22  0]
 [23 15 18 13 28  2  0]]
gen= [[ 4 22 17  0  0  0  0]
 [26 21 16  0  0  0  0]
 [ 2 11  9 19  0  0  0]
 [14 18  9  3  0  0  0]
 [20 25  5  8 15  0  0]
 [ 4  6  0  0  0  0  0]
 [ 4 18 22  0  0  0  0]
 [14 19 16  0  0  0  0]
 [20 18 22  0  0  0  0]
 [15 18  2 28 23  0  0]]
valid: 0.194, real: 0.5110635163603199, syn: 0.561749985603406 ratio=0.9097704129201871
[ 410 iterations]
real= [[ 9 23  6 15  0  0  0]
 [ 5 19 12 15 14 10  0]
 [ 7  5 19 17 14 22  0]
 [ 4 11  5  1 10 26  0]
 [11  4 19  3  6 23  0]
 [22 27  4 28 19  9  0]
 [15 18 14 16  5 27  0]
 [ 4 18 21  3 19  5  0]
 [20  8  5 23 14 22  0]
 [13  0  0  0  0  0  0]]
gen= [[15  6  9 23  0  0  0]
 [14  5 19 12 15  0  0]
 [14  7 22  5  0  0  0]
 [26  4 11  5  0  0  0]
 [ 4 11  6  0  0  0  0]
 [ 4 22  9 28  0  0  0]
 [14 18 16  5 27  0  0]
 [ 4 21  5  0  0  0  0]
 [14 20 22  5  0  0  0]
 [13  0  0  0  0  0  0]]
valid: 0.277, real: 0.8858499580161929, syn: 0.9808099527384273 ratio=0.9031820645201392
[ 420 iterations]
real= [[14  0  0  0  0  0  0]
 [20 28 21 13 10 24  0]
 [20 11  8  3 10 12  0]
 [ 8 11 12 28 19  0  0]
 [26 25  4 20 23 28  0]
 [25 19 12 18 10 26  0]
 [18 10 21  3 28  4  0]
 [23 11 15 17 14  9  0]
 [ 7  6 16 13 17 12  0]
 [20 25  8  3 10 26  0]]
gen= [[14  0  0  0  0  0  0]
 [21 20 28  0  0  0  0]
 [20 11 10  0  0  0  0]
 [28 11 19  0  0  0  0]
 [26  4 25  0  0  0  0]
 [26 25 19  0  0  0  0]
 [21  4 28  0  0  0  0]
 [14 11 15  0  0  0  0]
 [ 7  6 16  0  0  0  0]
 [26 25  8  0  0  0  0]]
valid: 0.135, real: 0.3353753467853567, syn: 0.36369117982148697 ratio=0.9221431956363948
[ 430 iterations]
real= [[10 13 16 17  9  8  0]
 [ 9 23 12 20 19 28  0]
 [23  4 16  3  9 27  0]
 [ 7  4  9 25  1 12  0]
 [ 8  4  2  1 24 23  0]
 [ 1 11  0  0  0  0  0]
 [ 2 24  0  0  0  0  0]
 [25 27 22 18  9 12  0]
 [26 27  5 20 28  2  0]
 [27  4 28 17 10 24  0]]
gen= [[17  8  9  0  0  0  0]
 [20 23 19 28  0  0  0]
 [ 4 27 16  3  0  0  0]
 [ 7  4 25  1  0  0  0]
 [ 4  1  2  0  0  0  0]
 [ 1 11  0  0  0  0  0]
 [ 2 24  0  0  0  0  0]
 [27 25 22 18  0  0  0]
 [26 20  2  0  0  0  0]
 [ 4 17  0  0  0  0  0]]
valid: 0.188, real: 0.5192551475666404, syn: 0.5651324502011591 ratio=0.9188202648455442
[ 440 iterations]
real= [[15 18  5  1  7 23  0]
 [ 3 27  2 28  0  0  0]
 [20 25  4 16 15 12  0]
 [20  4 11  3 21 12  0]
 [ 7 20 21 16 19 12  0]
 [23  4 21  3  1  0  0]
 [15 19 13  1  9 23  0]
 [23 12  0  0  0  0  0]
 [ 3 18 24 17 28 25  0]
 [ 7  8  5 20 18 22  0]]
gen= [[15  1  5 18 23  7  0]
 [ 2 27  3  0  0  0  0]
 [15 25  4 20 12  0  0]
 [21 11  4 20  0  0  0]
 [21 20 19 12  0  0  0]
 [21  4 23  0  0  0  0]
 [15  1 13 19 23  0  0]
 [12 23  0  0  0  0  0]
 [17 25  3  0  0  0  0]
 [20 18 22  8  0  0  0]]
valid: 0.28, real: 0.8763238422263032, syn: 0.9745107919331571 ratio=0.8992448821299572
[ 450 iterations]
real= [[ 4 17 22  0  0  0  0]
 [ 7 26 21 16 18  5  0]
 [ 9 18 19  2 28 11  0]
 [ 9 18 14  3  0  0  0]
 [15 25  5 20  8 28  0]
 [ 4  6  0  0  0  0  0]
 [20  4  5 23 18 22  0]
 [16 19 14  0  0  0  0]
 [20 18 12 23 24 22  0]
 [23 15 18 13 28  2  0]]
gen= [[ 4 17 22  0  0  0  0]
 [26 21 16  5  0  0  0]
 [ 2 11 19  9  0  0  0]
 [14 18  9  3  0  0  0]
 [15 25  5  8 28  0  0]
 [ 6  4  0  0  0  0  0]
 [20  4  0  0  0  0  0]
 [14 19 16  0  0  0  0]
 [20 23 22 18 24  0  0]
 [15  2 23  0  0  0  0]]
valid: 0.202, real: 0.5614234159765931, syn: 0.6065662711884348 ratio=0.9255763840554568
[ 460 iterations]
real= [[ 9 23  6 15  0  0  0]
 [ 5 19 12 15 14 10  0]
 [ 7  5 19 17 14 22  0]
 [ 4 11  5  1 10 26  0]
 [11  4 19  3  6 23  0]
 [22 27  4 28 19  9  0]
 [15 18 14 16  5 27  0]
 [ 4 18 21  3 19  5  0]
 [20  8  5 23 14 22  0]
 [13  0  0  0  0  0  0]]
gen= [[15  6  9 23  0  0  0]
 [14 15  0  0  0  0  0]
 [14 17 19  5  7  0  0]
 [26 11  4  5  0  0  0]
 [ 4 11  6  0  0  0  0]
 [ 4 27 19 22  0  0  0]
 [14 27  5 15  0  0  0]
 [21  4 19  0  0  0  0]
 [14 20 22  5  0  0  0]
 [13  0  0  0  0  0  0]]
valid: 0.266, real: 0.8540305628295066, syn: 0.9261525260032636 ratio=0.9221273373998196
[ 470 iterations]
real= [[14  0  0  0  0  0  0]
 [20 28 21 13 10 24  0]
 [20 11  8  3 10 12  0]
 [ 8 11 12 28 19  0  0]
 [26 25  4 20 23 28  0]
 [25 19 12 18 10 26  0]
 [18 10 21  3 28  4  0]
 [23 11 15 17 14  9  0]
 [ 7  6 16 13 17 12  0]
 [20 25  8  3 10 26  0]]
gen= [[14  0  0  0  0  0  0]
 [20 24 21  0  0  0  0]
 [20 11  8  0  0  0  0]
 [ 8 11 19  0  0  0  0]
 [26 25  4  0  0  0  0]
 [26 25 19  0  0  0  0]
 [ 4 18 21  0  0  0  0]
 [15 11  9  0  0  0  0]
 [ 7  6 16  0  0  0  0]
 [26 25  8  0  0  0  0]]
valid: 0.134, real: 0.33299098477336975, syn: 0.36146489558422995 ratio=0.9212263454661669
[ 480 iterations]
real= [[10 13 16 17  9  8  0]
 [ 9 23 12 20 19 28  0]
 [23  4 16  3  9 27  0]
 [ 7  4  9 25  1 12  0]
 [ 8  4  2  1 24 23  0]
 [ 1 11  0  0  0  0  0]
 [ 2 24  0  0  0  0  0]
 [25 27 22 18  9 12  0]
 [26 27  5 20 28  2  0]
 [27  4 28 17 10 24  0]]
gen= [[ 8 17 16 13 10  0  0]
 [20 23 19 28  9 12  0]
 [ 4 23 16  3  9  0  0]
 [ 7 25  4  1  9 12  0]
 [ 8  4  2  0  0  0  0]
 [11  1  0  0  0  0  0]
 [ 2 24  0  0  0  0  0]
 [22 25  9 27  0  0  0]
 [26 20  2  0  0  0  0]
 [ 4 27 10 17  0  0  0]]
valid: 0.328, real: 1.0978709518993015, syn: 1.1890675030965254 ratio=0.9233041429862197
[ 490 iterations]
real= [[15 18  5  1  7 23  0]
 [ 3 27  2 28  0  0  0]
 [20 25  4 16 15 12  0]
 [20  4 11  3 21 12  0]
 [ 7 20 21 16 19 12  0]
 [23  4 21  3  1  0  0]
 [15 19 13  1  9 23  0]
 [23 12  0  0  0  0  0]
 [ 3 18 24 17 28 25  0]
 [ 7  8  5 20 18 22  0]]
gen= [[15 23  5  1  7 18  0]
 [ 2 27  3  0  0  0  0]
 [15 25  4 20 12  0  0]
 [20 11 21  3 12  0  0]
 [20 12 21 16 19  7  0]
 [ 4 23 21  3  1  0  0]
 [15 23 13  1 19  9  0]
 [12 23  0  0  0  0  0]
 [25 18  3 28  0  0  0]
 [20 22  5  8  7  0  0]]
valid: 0.297, real: 0.9460187425856131, syn: 1.0364902647478995 ratio=0.9127135823274797
