data_file: dataset/6locations/bays29_s0_e0_md1000_ms6_random_reward_ne10000_w1000_gt1000.data
prob_file: dataset/6locations/bays29_s0_e0_md1000_ms6_random_reward.prob
read problem
[ 10 iterations]
real= [[22 15 14 17  9 25  0]
 [15 18 17 21  9  8  0]
 [15 12 16 13 28 25  0]
 [13 16 21 10  1 27  0]
 [18 10  9 13 17  0  0]]
synthesis= [[0 0 0 0 0 0 0]
 [0 0 0 0 0 0 0]
 [0 0 0 0 0 0 0]
 [0 0 0 0 0 0 0]
 [0 0 0 0 0 0 0]]
reward: gen=3.0387658127894603 real=4.882193020746
ratio=0.6224182042530422
valid: gen=0.002  real=1.0
[ 20 iterations]
real= [[ 1  9  4  0  0  0  0]
 [23 22 25  2  8  5  0]
 [15 12 24 21 16 19  0]
 [18 20  8 27 22  0  0]
 [14 21 12  4 20 23  0]]
synthesis= [[ 9  0  9  0  0  0  0]
 [ 5  5  5  5  5  5  5]
 [ 0  0  0  0  0  0  0]
 [27 27 27 27 27 27 27]
 [23  0  0  0  0  0  0]]
reward: gen=3.3266250563961175 real=4.8113544744529975
ratio=0.6914113424940118
valid: gen=0.005  real=1.0
[ 30 iterations]
real= [[17  6  0  0  0  0  0]
 [ 9 21 17  0  0  0  0]
 [27 11  5  9 25  0  0]
 [18 21 19 25  4  8  0]
 [24 14 26 19  3  9  0]]
synthesis= [[0 0 0 0 0 0 0]
 [0 0 0 0 0 0 0]
 [0 0 0 0 0 0 0]
 [0 0 0 0 0 0 0]
 [0 0 0 0 0 0 0]]
reward: gen=3.0497331935148937 real=4.794231056661941
ratio=0.6361256179501533
valid: gen=0.007  real=1.0
[ 40 iterations]
real= [[18  5  4  9  0  0  0]
 [ 7 13 16 17 25  5  0]
 [18 27 26  9  4  5  0]
 [ 8 11 26 15 14  1  0]
 [19  1 12  6  7 27  0]]
synthesis= [[ 9  9  5  5  0  0  0]
 [ 7  7  7  7  7  7  7]
 [ 9 18  5 18 27 26 26]
 [ 8  8  8  0  0  0  0]
 [ 7  7  7  7  7  0  0]]
reward: gen=3.629069941200648 real=4.853127761329676
ratio=0.7477796010477051
valid: gen=0.002  real=1.0
[ 50 iterations]
real= [[24 18 23  0  0  0  0]
 [ 8  4 12 10 17 15  0]
 [26 15  6  3 19 11  0]
 [14 24 22 26  4  5  0]
 [22 24  9 19  4  8  0]]
synthesis= [[23 23 23  0  0  0  0]
 [ 8  8  8  0  0  0  0]
 [ 0  0  0  0  0  0  0]
 [26  0  0  0  0  0  0]
 [ 0  0  0  0  0  0  0]]
reward: gen=3.490418905438371 real=4.8344253233447185
ratio=0.7219925165838551
valid: gen=0.007  real=1.0
[ 60 iterations]
real= [[22 15 14 17  9 25  0]
 [15 18 17 21  9  8  0]
 [15 12 16 13 28 25  0]
 [13 16 21 10  1 27  0]
 [18 10  9 13 17  0  0]]
synthesis= [[25  9  9  9  9  0  0]
 [ 9  9  9  9  9  0  0]
 [28 28 28  0  0  0  0]
 [10 10 10 21 10 10  0]
 [ 9  9  9  9  0  0  0]]
reward: gen=3.8245464594670913 real=4.882193020746
ratio=0.7833665000984947
valid: gen=0.004  real=1.0
[ 70 iterations]
real= [[ 1  9  4  0  0  0  0]
 [23 22 25  2  8  5  0]
 [15 12 24 21 16 19  0]
 [18 20  8 27 22  0  0]
 [14 21 12  4 20 23  0]]
synthesis= [[ 9  9  9  0  0  0  0]
 [23  0  0  0  0  0  0]
 [ 0  0  0  0  0  0  0]
 [18  0  0  0  0  0  0]
 [23 23 23  0  0  0  0]]
reward: gen=3.4219512029448924 real=4.8113544744529975
ratio=0.7112240889991657
valid: gen=0.008  real=1.0
[ 80 iterations]
real= [[17  6  0  0  0  0  0]
 [ 9 21 17  0  0  0  0]
 [27 11  5  9 25  0  0]
 [18 21 19 25  4  8  0]
 [24 14 26 19  3  9  0]]
synthesis= [[ 6  0  0  0  0  0  0]
 [ 9  9  0  0  0  0  0]
 [ 9  9  0  0  0  0  0]
 [ 4  4  4  4  0  0  0]
 [26  0  0  0  0  0  0]]
reward: gen=3.2244509889024484 real=4.794231056661941
ratio=0.6725689585656982
valid: gen=0.015  real=1.0
[ 90 iterations]
real= [[18  5  4  9  0  0  0]
 [ 7 13 16 17 25  5  0]
 [18 27 26  9  4  5  0]
 [ 8 11 26 15 14  1  0]
 [19  1 12  6  7 27  0]]
synthesis= [[ 4  4  0  0  0  0  0]
 [ 5  5 17  0  0  0  0]
 [26  0  0  0  0  0  0]
 [26 26 26  0  0  0  0]
 [ 6  6  6  0  0  0  0]]
reward: gen=3.4190827977809706 real=4.853127761329676
ratio=0.704511186584587
valid: gen=0.011  real=1.0
[ 100 iterations]
real= [[24 18 23  0  0  0  0]
 [ 8  4 12 10 17 15  0]
 [26 15  6  3 19 11  0]
 [14 24 22 26  4  5  0]
 [22 24  9 19  4  8  0]]
synthesis= [[23 23 23 23 23  0  0]
 [ 4  0  0  0  0  0  0]
 [ 6  6  0  0  0  0  0]
 [22  5  0  0  0  0  0]
 [22  0  0  0  0  0  0]]
reward: gen=3.588221800128193 real=4.8344253233447185
ratio=0.7422230275853482
valid: gen=0.03  real=1.0
[ 110 iterations]
real= [[22 15 14 17  9 25  0]
 [15 18 17 21  9  8  0]
 [15 12 16 13 28 25  0]
 [13 16 21 10  1 27  0]
 [18 10  9 13 17  0  0]]
synthesis= [[14 22 14  0  0  0  0]
 [ 8 21  0  0  0  0  0]
 [13 16 16  0  0  0  0]
 [ 1 16  1 16  0  0  0]
 [13 10 13  0  0  0  0]]
reward: gen=3.9119233530222677 real=4.882193020746
ratio=0.8012635584867813
valid: gen=0.026  real=1.0
[ 120 iterations]
real= [[ 1  9  4  0  0  0  0]
 [23 22 25  2  8  5  0]
 [15 12 24 21 16 19  0]
 [18 20  8 27 22  0  0]
 [14 21 12  4 20 23  0]]
synthesis= [[ 1  1  1  1  1  0  0]
 [22  2  0  0  0  0  0]
 [19 16 19 16 19 16  0]
 [22 20 22 20 22 20  0]
 [14 21 14  0  0  0  0]]
reward: gen=4.0225677936939706 real=4.8113544744529975
ratio=0.836057250625105
valid: gen=0.023  real=1.0
[ 130 iterations]
real= [[17  6  0  0  0  0  0]
 [ 9 21 17  0  0  0  0]
 [27 11  5  9 25  0  0]
 [18 21 19 25  4  8  0]
 [24 14 26 19  3  9  0]]
synthesis= [[ 6  6  6  6  0  0  0]
 [17 21  0  0  0  0  0]
 [ 5  5  0  0  0  0  0]
 [19  0  0  0  0  0  0]
 [19  0  0  0  0  0  0]]
reward: gen=3.7618625628236053 real=4.794231056661941
ratio=0.7846644265499506
valid: gen=0.025  real=1.0
[ 140 iterations]
real= [[18  5  4  9  0  0  0]
 [ 7 13 16 17 25  5  0]
 [18 27 26  9  4  5  0]
 [ 8 11 26 15 14  1  0]
 [19  1 12  6  7 27  0]]
synthesis= [[18  5  0  0  0  0  0]
 [13 16 13  5  0  0  0]
 [26  0  0  0  0  0  0]
 [26  0  0  0  0  0  0]
 [ 6  0  0  0  0  0  0]]
reward: gen=3.7046638154527565 real=4.853127761329676
ratio=0.7633559217154712
valid: gen=0.02  real=1.0
[ 150 iterations]
real= [[24 18 23  0  0  0  0]
 [ 8  4 12 10 17 15  0]
 [26 15  6  3 19 11  0]
 [14 24 22 26  4  5  0]
 [22 24  9 19  4  8  0]]
synthesis= [[18  0  0  0  0  0  0]
 [ 8  8  8 10  4 12  0]
 [19  0  0  0  0  0  0]
 [22  0  0  0  0  0  0]
 [19  0  0  0  0  0  0]]
reward: gen=3.7768118437827853 real=4.8344253233447185
ratio=0.7812328438594603
valid: gen=0.021  real=1.0
[ 160 iterations]
real= [[22 15 14 17  9 25  0]
 [15 18 17 21  9  8  0]
 [15 12 16 13 28 25  0]
 [13 16 21 10  1 27  0]
 [18 10  9 13 17  0  0]]
synthesis= [[14 22 22 22  0  0  0]
 [18 21 18 18  0  0  0]
 [13 16 13  0  0  0  0]
 [13 13  0  0  0  0  0]
 [13 13  0  0  0  0  0]]
reward: gen=3.839100104753772 real=4.882193020746
ratio=0.7863474648462705
valid: gen=0.017  real=1.0
[ 170 iterations]
real= [[ 1  9  4  0  0  0  0]
 [23 22 25  2  8  5  0]
 [15 12 24 21 16 19  0]
 [18 20  8 27 22  0  0]
 [14 21 12  4 20 23  0]]
synthesis= [[ 1  4  4  0  0  0  0]
 [ 5  0  0  0  0  0  0]
 [19 21 19 19  0  0  0]
 [18 22 18  0  0  0  0]
 [23  0  0  0  0  0  0]]
reward: gen=3.912818771334592 real=4.8113544744529975
ratio=0.8132468293721884
valid: gen=0.017  real=1.0
[ 180 iterations]
real= [[17  6  0  0  0  0  0]
 [ 9 21 17  0  0  0  0]
 [27 11  5  9 25  0  0]
 [18 21 19 25  4  8  0]
 [24 14 26 19  3  9  0]]
synthesis= [[ 6  6  0  0  0  0  0]
 [17 21  0  0  0  0  0]
 [ 0 27  5  5  0  0  0]
 [19 19 18  0  0  0  0]
 [19  3 19  0  0  0  0]]
reward: gen=4.073178495439329 real=4.794231056661941
ratio=0.8495999561346432
valid: gen=0.017  real=1.0
[ 190 iterations]
real= [[18  5  4  9  0  0  0]
 [ 7 13 16 17 25  5  0]
 [18 27 26  9  4  5  0]
 [ 8 11 26 15 14  1  0]
 [19  1 12  6  7 27  0]]
synthesis= [[18 18  4  4  4  0  0]
 [13  5  0  0  0  0  0]
 [18 27  4  4  0  0  0]
 [26 11  0  0  0  0  0]
 [12 12  0  0  0  0  0]]
reward: gen=4.134065726265151 real=4.853127761329676
ratio=0.8518353378631197
valid: gen=0.015  real=1.0
[ 200 iterations]
real= [[24 18 23  0  0  0  0]
 [ 8  4 12 10 17 15  0]
 [26 15  6  3 19 11  0]
 [14 24 22 26  4  5  0]
 [22 24  9 19  4  8  0]]
synthesis= [[18  0  0  0  0  0  0]
 [15  8 12  4  4  4  0]
 [11  0  0  0  0  0  0]
 [24 24  4  4  4  4  0]
 [24 24  4  4  0  0  0]]
reward: gen=4.0059984127193005 real=4.8344253233447185
ratio=0.8286400440141111
valid: gen=0.018  real=1.0
[ 210 iterations]
real= [[22 15 14 17  9 25  0]
 [15 18 17 21  9  8  0]
 [15 12 16 13 28 25  0]
 [13 16 21 10  1 27  0]
 [18 10  9 13 17  0  0]]
synthesis= [[15 15  0  0  0  0  0]
 [18 21 17 21 17 17  0]
 [13 16 12 15 12 28  0]
 [13 21 13 27 27 27  0]
 [13 18 17 17 17 17  0]]
reward: gen=4.002894377738546 real=4.882193020746
ratio=0.8198967883344569
valid: gen=0.017  real=1.0
[ 220 iterations]
real= [[ 1  9  4  0  0  0  0]
 [23 22 25  2  8  5  0]
 [15 12 24 21 16 19  0]
 [18 20  8 27 22  0  0]
 [14 21 12  4 20 23  0]]
synthesis= [[ 4  4  0  0  0  0  0]
 [23  0  0  0  0  0  0]
 [12  0  0  0  0  0  0]
 [18 27 27 27  0  0  0]
 [12 12  0  0  0  0  0]]
reward: gen=3.9857158051548076 real=4.8113544744529975
ratio=0.8283978713931576
valid: gen=0.022  real=1.0
[ 230 iterations]
real= [[17  6  0  0  0  0  0]
 [ 9 21 17  0  0  0  0]
 [27 11  5  9 25  0  0]
 [18 21 19 25  4  8  0]
 [24 14 26 19  3  9  0]]
synthesis= [[17 17 17 17 17 17  0]
 [17  0  0  0  0  0  0]
 [27 27 27  0  0  0  0]
 [18  0  0  0  0  0  0]
 [24  3 26  3 26 26  0]]
reward: gen=4.000018374564822 real=4.794231056661941
ratio=0.834339923814581
valid: gen=0.024  real=1.0
[ 240 iterations]
real= [[18  5  4  9  0  0  0]
 [ 7 13 16 17 25  5  0]
 [18 27 26  9  4  5  0]
 [ 8 11 26 15 14  1  0]
 [19  1 12  6  7 27  0]]
synthesis= [[18 18  4  4  4  4  0]
 [13  7 17 17 17  0  0]
 [18 27 26 26 26 26  0]
 [15  8 26 15 26 26  0]
 [12 27 12  0  0  0  0]]
reward: gen=4.071168142822105 real=4.853127761329676
ratio=0.8388751219907454
valid: gen=0.018  real=1.0
[ 250 iterations]
real= [[24 18 23  0  0  0  0]
 [ 8  4 12 10 17 15  0]
 [26 15  6  3 19 11  0]
 [14 24 22 26  4  5  0]
 [22 24  9 19  4  8  0]]
synthesis= [[23  0  0  0  0  0  0]
 [15 10 17  0  0  0  0]
 [26  0  0  0  0  0  0]
 [24 22 26 26  0  0  0]
 [24  8  0 24  4  0  0]]
reward: gen=4.119755388261571 real=4.8344253233447185
ratio=0.8521706537420046
valid: gen=0.01  real=1.0
[ 260 iterations]
real= [[22 15 14 17  9 25  0]
 [15 18 17 21  9  8  0]
 [15 12 16 13 28 25  0]
 [13 16 21 10  1 27  0]
 [18 10  9 13 17  0  0]]
synthesis= [[22  0  0  0  0  0  0]
 [ 8 21 17  0  0  0  0]
 [13 28 28  0  0  0  0]
 [27 27  0  0  0  0  0]
 [13 10 17  0  0  0  0]]
reward: gen=4.042711419378024 real=4.882193020746
ratio=0.8280523531534394
valid: gen=0.017  real=1.0
[ 270 iterations]
real= [[ 1  9  4  0  0  0  0]
 [23 22 25  2  8  5  0]
 [15 12 24 21 16 19  0]
 [18 20  8 27 22  0  0]
 [14 21 12  4 20 23  0]]
synthesis= [[ 1  0  0  0  0  0  0]
 [22  5  5  0  0  0  0]
 [24 21 16  0  0  0  0]
 [20  0  0  0  0  0  0]
 [14 20 20  0  0  0  0]]
reward: gen=4.051280800838625 real=4.8113544744529975
ratio=0.8420250102855319
valid: gen=0.022  real=1.0
[ 280 iterations]
real= [[17  6  0  0  0  0  0]
 [ 9 21 17  0  0  0  0]
 [27 11  5  9 25  0  0]
 [18 21 19 25  4  8  0]
 [24 14 26 19  3  9  0]]
synthesis= [[ 0 17 17 17  6  6  0]
 [ 0 21 17 17 17 17  0]
 [27  5 11  0  0  0  0]
 [21  0  0  0  0  0  0]
 [24  3  3 24 26 26  0]]
reward: gen=4.1288338616366556 real=4.794231056661941
ratio=0.861208776306126
valid: gen=0.025  real=1.0
[ 290 iterations]
real= [[18  5  4  9  0  0  0]
 [ 7 13 16 17 25  5  0]
 [18 27 26  9  4  5  0]
 [ 8 11 26 15 14  1  0]
 [19  1 12  6  7 27  0]]
synthesis= [[ 5  0  0  0  0  0  0]
 [ 7 16 17 13  5  5  0]
 [18  5  0  0  0  0  0]
 [ 8  8  1  1  1  1  0]
 [ 7  6  1  1  0  0  0]]
reward: gen=4.210238143472086 real=4.853127761329676
ratio=0.8675308688594159
valid: gen=0.017  real=1.0
[ 300 iterations]
real= [[24 18 23  0  0  0  0]
 [ 8  4 12 10 17 15  0]
 [26 15  6  3 19 11  0]
 [14 24 22 26  4  5  0]
 [22 24  9 19  4  8  0]]
synthesis= [[24  0  0  0  0  0  0]
 [10  0  0  0  0  0  0]
 [ 3  3  6 11  0  0  0]
 [24  0  0  0  0  0  0]
 [22  0  0  0  0  0  0]]
reward: gen=4.22951992425701 real=4.8344253233447185
ratio=0.8748754280748302
valid: gen=0.011  real=1.0
[ 310 iterations]
real= [[22 15 14 17  9 25  0]
 [15 18 17 21  9  8  0]
 [15 12 16 13 28 25  0]
 [13 16 21 10  1 27  0]
 [18 10  9 13 17  0  0]]
synthesis= [[15 22 17 15 15  0  0]
 [21  0  0  0  0  0  0]
 [13 16 13 13 13 13  0]
 [13 21  1 13 13 27  0]
 [10 13 13  0  0  0  0]]
reward: gen=4.28179697381395 real=4.882193020746
ratio=0.8770232876126006
valid: gen=0.007  real=1.0
[ 320 iterations]
real= [[ 1  9  4  0  0  0  0]
 [23 22 25  2  8  5  0]
 [15 12 24 21 16 19  0]
 [18 20  8 27 22  0  0]
 [14 21 12  4 20 23  0]]
synthesis= [[ 1  1  1  4  4  0  0]
 [23  8  5  5  0  0  0]
 [24 21 12 19 24 19  0]
 [ 8 20  8 20 27 27  0]
 [14 21 23 21 23  0  0]]
reward: gen=4.351191616124546 real=4.8113544744529975
ratio=0.9043589781688727
valid: gen=0.014  real=1.0
[ 330 iterations]
real= [[17  6  0  0  0  0  0]
 [ 9 21 17  0  0  0  0]
 [27 11  5  9 25  0  0]
 [18 21 19 25  4  8  0]
 [24 14 26 19  3  9  0]]
synthesis= [[ 6  0  0  0  0  0  0]
 [17 21 17 17 17  0  0]
 [ 9 11  0 11  5 27  0]
 [ 8 21  8 21 19 19  0]
 [24  3 26  0  0  0  0]]
reward: gen=4.277702635158254 real=4.794231056661941
ratio=0.8922604239555929
valid: gen=0.023  real=1.0
[ 340 iterations]
real= [[18  5  4  9  0  0  0]
 [ 7 13 16 17 25  5  0]
 [18 27 26  9  4  5  0]
 [ 8 11 26 15 14  1  0]
 [19  1 12  6  7 27  0]]
synthesis= [[18 18  0  4  4  5  0]
 [16  0  0  0  0  0  0]
 [27  0  0  0  0  0  0]
 [14 15 26  0  0  0  0]
 [ 6 19  0  0  0  0  0]]
reward: gen=4.121367797056375 real=4.853127761329676
ratio=0.8492188954710701
valid: gen=0.011  real=1.0
[ 350 iterations]
real= [[24 18 23  0  0  0  0]
 [ 8  4 12 10 17 15  0]
 [26 15  6  3 19 11  0]
 [14 24 22 26  4  5  0]
 [22 24  9 19  4  8  0]]
synthesis= [[24 24 23 18  0  0  0]
 [ 8 10  4  0  0  0  0]
 [ 6  6  0  0  0  0  0]
 [14  4 26  0  0  0  0]
 [22  0  0  0  0  0  0]]
reward: gen=4.123788260051332 real=4.8344253233447185
ratio=0.8530048525391785
valid: gen=0.021  real=1.0
[ 360 iterations]
real= [[22 15 14 17  9 25  0]
 [15 18 17 21  9  8  0]
 [15 12 16 13 28 25  0]
 [13 16 21 10  1 27  0]
 [18 10  9 13 17  0  0]]
synthesis= [[14 22 14  0  0  0  0]
 [21  8  0  0  0  0  0]
 [12 16 12 15 28 28  0]
 [13 21 10  0  0  0  0]
 [17 10 17  0  0  0  0]]
reward: gen=4.075032559260186 real=4.882193020746
ratio=0.8346725625029714
valid: gen=0.018  real=1.0
[ 370 iterations]
real= [[ 1  9  4  0  0  0  0]
 [23 22 25  2  8  5  0]
 [15 12 24 21 16 19  0]
 [18 20  8 27 22  0  0]
 [14 21 12  4 20 23  0]]
synthesis= [[ 9  1  1  4  4  4  0]
 [ 2  0  0  0  0  0  0]
 [16 12  0  0  0  0  0]
 [22 27  0  0  0  0  0]
 [14 21 12 21  4  4  0]]
reward: gen=4.18799078841498 real=4.8113544744529975
ratio=0.8704390438601205
valid: gen=0.03  real=1.0
[ 380 iterations]
real= [[17  6  0  0  0  0  0]
 [ 9 21 17  0  0  0  0]
 [27 11  5  9 25  0  0]
 [18 21 19 25  4  8  0]
 [24 14 26 19  3  9  0]]
synthesis= [[ 0  6 17  6 17  6  6]
 [ 9 21 17 21 21  0  0]
 [ 9 11  9 11  5 27  0]
 [18 21 18 21  8 25  0]
 [24 24 14 19  0  0  0]]
reward: gen=4.36829827822515 real=4.794231056661941
ratio=0.9111572276340487
valid: gen=0.028  real=1.0
[ 390 iterations]
real= [[18  5  4  9  0  0  0]
 [ 7 13 16 17 25  5  0]
 [18 27 26  9  4  5  0]
 [ 8 11 26 15 14  1  0]
 [19  1 12  6  7 27  0]]
synthesis= [[ 5  0  0  0  0  0  0]
 [ 7 16 16 13 25 25  0]
 [18 27 18  4 26 27  0]
 [14 11 14 15 14 11  0]
 [ 6  0  0  0  0  0  0]]
reward: gen=4.3084587037473945 real=4.853127761329676
ratio=0.8877694789075465
valid: gen=0.011  real=1.0
[ 400 iterations]
real= [[24 18 23  0  0  0  0]
 [ 8  4 12 10 17 15  0]
 [26 15  6  3 19 11  0]
 [14 24 22 26  4  5  0]
 [22 24  9 19  4  8  0]]
synthesis= [[24 24 23 18 23 23  0]
 [12 12 12  4  0  0  0]
 [19 11  6 11  6 11  0]
 [14 22 14  5  0  0  0]
 [24 22  9 19  0  0  0]]
reward: gen=4.313350954375209 real=4.8344253233447185
ratio=0.892215861427558
valid: gen=0.027  real=1.0
[ 410 iterations]
real= [[22 15 14 17  9 25  0]
 [15 18 17 21  9  8  0]
 [15 12 16 13 28 25  0]
 [13 16 21 10  1 27  0]
 [18 10  9 13 17  0  0]]
synthesis= [[14 22 14 15 25 25  0]
 [18 21 17 15 17  0  0]
 [15 16 28 28  0  0  0]
 [ 1 21 16 27 27  0  0]
 [17  0  0  0  0  0  0]]
reward: gen=4.287914494998003 real=4.882193020746
ratio=0.8782763149218564
valid: gen=0.015  real=1.0
[ 420 iterations]
real= [[ 1  9  4  0  0  0  0]
 [23 22 25  2  8  5  0]
 [15 12 24 21 16 19  0]
 [18 20  8 27 22  0  0]
 [14 21 12  4 20 23  0]]
synthesis= [[ 9  1  9  0  0  0  0]
 [22  2 23  0  0  0  0]
 [21  0  0  0  0  0  0]
 [22 18 20 18 27  0  0]
 [14 21 12  4  4 23  0]]
reward: gen=4.126771818753043 real=4.8113544744529975
ratio=0.8577151903201261
valid: gen=0.025  real=1.0
[ 430 iterations]
real= [[17  6  0  0  0  0  0]
 [ 9 21 17  0  0  0  0]
 [27 11  5  9 25  0  0]
 [18 21 19 25  4  8  0]
 [24 14 26 19  3  9  0]]
synthesis= [[17 17  6  0  0  0  0]
 [21 17 17 17  0  0  0]
 [25 27  9  9 25  5  0]
 [19 18  0  0  0  0  0]
 [24  3 14 19 26 19  0]]
reward: gen=4.321453526112296 real=4.794231056661941
ratio=0.9013861607915861
valid: gen=0.024  real=1.0
[ 440 iterations]
real= [[18  5  4  9  0  0  0]
 [ 7 13 16 17 25  5  0]
 [18 27 26  9  4  5  0]
 [ 8 11 26 15 14  1  0]
 [19  1 12  6  7 27  0]]
synthesis= [[ 4 18 18  4  5  5  0]
 [ 7 16  5  0  0  0  0]
 [ 4  9  9  9  9  5  0]
 [ 1 26 14 15 26 11  0]
 [19 19  6  0  0  0  0]]
reward: gen=4.2518914700219 real=4.853127761329676
ratio=0.8761136485838058
valid: gen=0.026  real=1.0
[ 450 iterations]
real= [[24 18 23  0  0  0  0]
 [ 8  4 12 10 17 15  0]
 [26 15  6  3 19 11  0]
 [14 24 22 26  4  5  0]
 [22 24  9 19  4  8  0]]
synthesis= [[24 24 18  0  0 23  0]
 [17  0  0  0  0  0  0]
 [19  3  6  0  0  0  0]
 [24 22 26  0  0  0  0]
 [22  9  9  0  0  0  0]]
reward: gen=4.404038046091073 real=4.8344253233447185
ratio=0.9109744698764154
valid: gen=0.023  real=1.0
[ 460 iterations]
real= [[22 15 14 17  9 25  0]
 [15 18 17 21  9  8  0]
 [15 12 16 13 28 25  0]
 [13 16 21 10  1 27  0]
 [18 10  9 13 17  0  0]]
synthesis= [[15 22 14 15 25 25  0]
 [ 8 21  9 15 21  9  0]
 [13 13 25  0  0  0  0]
 [13 13 13  1  0  0  0]
 [18  9  0  0  0  0  0]]
reward: gen=4.424827131380018 real=4.882193020746
ratio=0.9063195806838263
valid: gen=0.02  real=1.0
[ 470 iterations]
real= [[ 1  9  4  0  0  0  0]
 [23 22 25  2  8  5  0]
 [15 12 24 21 16 19  0]
 [18 20  8 27 22  0  0]
 [14 21 12  4 20 23  0]]
synthesis= [[ 1  4  9  4  1  0  0]
 [22  0  0  0  0  0  0]
 [24 21 12 15 16  0  0]
 [ 8 20 18 20 20 27  0]
 [14 20 12  4 20 20  0]]
reward: gen=4.438905681741226 real=4.8113544744529975
ratio=0.9225896169801301
valid: gen=0.027  real=1.0
[ 480 iterations]
real= [[17  6  0  0  0  0  0]
 [ 9 21 17  0  0  0  0]
 [27 11  5  9 25  0  0]
 [18 21 19 25  4  8  0]
 [24 14 26 19  3  9  0]]
synthesis= [[ 6 17  6 17  6  6  0]
 [ 9 21  9 17 17  9  0]
 [27 27  9 27 25 27  0]
 [ 8 21 18 19 25 18  0]
 [24  3 26  0  0  0  0]]
reward: gen=4.414709818315677 real=4.794231056661941
ratio=0.9208379333701718
valid: gen=0.027  real=1.0
[ 490 iterations]
real= [[18  5  4  9  0  0  0]
 [ 7 13 16 17 25  5  0]
 [18 27 26  9  4  5  0]
 [ 8 11 26 15 14  1  0]
 [19  1 12  6  7 27  0]]
synthesis= [[18  9 18  4  4  5  0]
 [13 13 25  5  0  0  0]
 [18 27 26  4  4 27  0]
 [ 1 26 26 15 15 11  0]
 [ 1 27  6 19  6 27  0]]
reward: gen=4.392668658024243 real=4.853127761329676
ratio=0.9051211659881636
valid: gen=0.02  real=1.0
