read problem
[ 1 iterations]
real=[[20, 2, 17, 24, 22, 8, 0], [7, 25, 12, 3, 19, 27, 0], [5, 13, 12, 2, 19, 8, 0], [11, 9, 8, 0, 0, 0, 0], [12, 8, 18, 25, 23, 16, 0], [7, 4, 15, 14, 3, 27, 0], [23, 0, 0, 0, 0, 0, 0], [7, 25, 12, 19, 23, 1, 0], [26, 22, 18, 3, 19, 27, 0], [26, 12, 21, 24, 23, 6, 0]]
gen=[[26, 4, 4, 0, 0, 0, 0], [26, 4, 4, 0, 0, 0, 0], [7, 4, 4, 0, 0, 0, 0], [26, 4, 4, 0, 0, 0, 0], [26, 4, 4, 0, 0, 0, 0], [5, 4, 4, 0, 0, 0, 0], [26, 4, 4, 0, 0, 0, 0], [26, 4, 4, 0, 0, 0, 0], [26, 4, 4, 0, 0, 0, 0], [26, 4, 4, 0, 0, 0, 0]]
valid routes=0.0
norm-reward=0.8336653029266987
[ 2 iterations]
real=[[4, 0, 0, 0, 0, 0, 0], [20, 10, 17, 9, 21, 8, 0], [26, 13, 15, 21, 18, 9, 0], [26, 2, 20, 5, 12, 16, 0], [25, 13, 17, 3, 18, 8, 0], [7, 20, 21, 24, 23, 15, 0], [24, 25, 20, 14, 9, 2, 0], [26, 20, 18, 25, 13, 16, 0], [26, 24, 17, 5, 12, 16, 0], [27, 13, 15, 10, 23, 2, 0]]
gen=[[24, 10, 10, 4, 4, 0, 0], [26, 10, 10, 10, 4, 4, 0], [26, 10, 10, 10, 4, 4, 0], [26, 10, 10, 10, 4, 4, 0], [26, 10, 10, 4, 4, 4, 0], [26, 20, 10, 10, 4, 4, 0], [26, 20, 10, 10, 4, 4, 0], [26, 10, 10, 10, 4, 4, 0], [26, 20, 10, 10, 4, 4, 0], [26, 10, 10, 10, 4, 4, 0]]
valid routes=0.0
norm-reward=0.909442533496677
[ 3 iterations]
real=[[5, 2, 17, 11, 19, 9, 0], [17, 22, 18, 10, 19, 2, 0], [7, 22, 18, 25, 6, 10, 0], [26, 25, 20, 14, 7, 11, 0], [26, 25, 18, 14, 13, 15, 0], [1, 4, 11, 9, 0, 0, 0], [24, 20, 17, 14, 3, 10, 0], [20, 9, 17, 14, 23, 16, 0], [24, 2, 28, 14, 5, 11, 0], [5, 25, 20, 28, 27, 7, 0]]
gen=[[5, 0, 0, 0, 0, 0, 0], [5, 0, 0, 0, 0, 0, 0], [5, 0, 0, 0, 0, 0, 0], [5, 0, 0, 0, 0, 0, 0], [5, 0, 0, 0, 0, 0, 0], [5, 0, 0, 0, 0, 0, 0], [5, 0, 0, 0, 0, 0, 0], [5, 0, 0, 0, 0, 0, 0], [5, 0, 0, 0, 0, 0, 0], [5, 0, 0, 0, 0, 0, 0]]
valid routes=0.001
norm-reward=0.6883353675326072
[ 4 iterations]
real=[[26, 20, 10, 0, 0, 0, 0], [5, 15, 18, 4, 19, 16, 0], [19, 2, 15, 14, 0, 0, 0], [12, 2, 15, 11, 19, 10, 0], [7, 22, 21, 5, 27, 8, 0], [2, 9, 21, 3, 0, 0, 0], [7, 4, 27, 24, 6, 0, 0], [6, 24, 19, 0, 0, 0, 0], [17, 8, 15, 9, 19, 23, 0], [16, 3, 18, 28, 23, 8, 0]]
gen=[[14, 4, 0, 0, 0, 0, 0], [4, 4, 0, 0, 0, 0, 0], [14, 4, 0, 0, 0, 0, 0], [14, 4, 0, 0, 0, 0, 0], [4, 4, 0, 0, 0, 0, 0], [14, 4, 0, 0, 0, 0, 0], [14, 4, 0, 0, 0, 0, 0], [14, 4, 0, 0, 0, 0, 0], [4, 4, 0, 0, 0, 0, 0], [4, 0, 0, 0, 0, 0, 0]]
valid routes=0.0
norm-reward=0.7082170866407669
[ 5 iterations]
real=[[1, 22, 15, 25, 21, 10, 0], [5, 20, 15, 3, 23, 17, 0], [7, 4, 24, 14, 6, 8, 0], [5, 4, 1, 14, 6, 8, 0], [5, 4, 15, 6, 18, 10, 0], [26, 4, 3, 6, 19, 23, 0], [24, 8, 15, 9, 23, 1, 0], [7, 4, 20, 14, 8, 2, 0], [26, 10, 21, 11, 23, 8, 0], [7, 5, 1, 11, 0, 0, 0]]
gen=[[15, 15, 15, 0, 0, 0, 0], [15, 0, 0, 0, 0, 0, 0], [15, 0, 0, 0, 0, 0, 0], [26, 15, 15, 0, 0, 0, 0], [15, 15, 0, 0, 0, 0, 0], [15, 0, 0, 0, 0, 0, 0], [26, 15, 15, 0, 0, 0, 0], [26, 15, 15, 0, 0, 0, 0], [15, 15, 15, 15, 15, 0, 0], [15, 0, 0, 0, 0, 0, 0]]
valid routes=0.0
norm-reward=0.7150833103214195
[ 6 iterations]
real=[[26, 13, 3, 11, 22, 8, 0], [14, 24, 0, 0, 0, 0, 0], [1, 13, 10, 28, 27, 9, 0], [5, 12, 0, 0, 0, 0, 0], [1, 22, 3, 11, 23, 2, 0], [26, 22, 18, 4, 23, 17, 0], [26, 2, 15, 11, 3, 9, 0], [6, 4, 15, 3, 21, 9, 0], [20, 23, 0, 0, 0, 0, 0], [5, 22, 3, 14, 27, 7, 0]]
gen=[[26, 15, 0, 0, 0, 0, 0], [15, 0, 0, 0, 0, 0, 0], [26, 17, 0, 0, 0, 0, 0], [15, 0, 0, 0, 0, 0, 0], [26, 17, 0, 0, 0, 0, 0], [15, 0, 0, 0, 0, 0, 0], [15, 0, 0, 0, 0, 0, 0], [15, 0, 0, 0, 0, 0, 0], [26, 0, 0, 0, 0, 0, 0], [15, 0, 0, 0, 0, 0, 0]]
valid routes=0.003
norm-reward=0.6538731605714632
[ 7 iterations]
real=[[12, 2, 17, 10, 27, 8, 0], [24, 4, 20, 25, 22, 1, 0], [26, 8, 15, 0, 0, 0, 0], [11, 20, 27, 0, 0, 0, 0], [7, 25, 26, 11, 6, 16, 0], [26, 4, 21, 17, 27, 10, 0], [5, 12, 21, 17, 19, 23, 0], [26, 25, 3, 28, 19, 10, 0], [12, 20, 18, 24, 23, 10, 0], [1, 13, 20, 5, 22, 8, 0]]
gen=[[26, 19, 21, 21, 21, 0, 0], [27, 21, 21, 21, 0, 0, 0], [21, 21, 0, 0, 0, 0, 0], [19, 21, 21, 21, 0, 0, 0], [19, 21, 21, 21, 0, 0, 0], [21, 21, 21, 21, 21, 0, 0], [21, 19, 21, 0, 21, 0, 0], [19, 21, 21, 21, 21, 0, 0], [21, 19, 21, 21, 21, 0, 0], [21, 21, 21, 21, 0, 0, 0]]
valid routes=0.0
norm-reward=0.762592878870941
[ 8 iterations]
real=[[7, 25, 26, 28, 6, 27, 0], [24, 20, 18, 11, 22, 10, 0], [7, 20, 28, 14, 22, 8, 0], [26, 20, 17, 9, 10, 2, 0], [1, 20, 15, 14, 4, 16, 0], [27, 13, 15, 25, 19, 16, 0], [12, 9, 10, 3, 18, 8, 0], [26, 2, 17, 4, 19, 10, 0], [20, 22, 17, 24, 19, 27, 0], [6, 5, 11, 14, 19, 23, 0]]
gen=[[27, 17, 0, 0, 0, 0, 0], [21, 0, 0, 0, 0, 0, 0], [27, 17, 0, 0, 0, 0, 0], [26, 0, 0, 0, 0, 0, 0], [27, 0, 0, 0, 0, 0, 0], [21, 0, 0, 0, 0, 0, 0], [26, 0, 0, 0, 0, 0, 0], [26, 0, 0, 0, 0, 0, 0], [21, 0, 0, 0, 0, 0, 0], [21, 0, 0, 0, 0, 0, 0]]
valid routes=0.001
norm-reward=0.6465194102275168
[ 9 iterations]
real=[[28, 0, 0, 0, 0, 0, 0], [24, 28, 0, 0, 0, 0, 0], [24, 12, 18, 21, 23, 1, 0], [12, 9, 10, 14, 23, 8, 0], [11, 2, 21, 28, 13, 16, 0], [26, 22, 17, 28, 3, 9, 0], [6, 20, 21, 27, 19, 16, 0], [24, 4, 15, 14, 19, 22, 0], [5, 2, 10, 11, 27, 16, 0], [26, 20, 17, 9, 16, 2, 0]]
gen=[[14, 9, 18, 14, 0, 0, 0], [14, 9, 18, 14, 0, 0, 0], [14, 24, 17, 14, 3, 0, 0], [18, 14, 0, 0, 0, 0, 0], [7, 17, 14, 3, 0, 0, 0], [18, 14, 0, 0, 0, 0, 0], [7, 0, 0, 0, 0, 0, 0], [14, 3, 18, 14, 0, 0, 0], [24, 17, 14, 3, 18, 0, 0], [18, 0, 0, 0, 0, 0, 0]]
valid routes=0.0
norm-reward=0.73700520722628
[ 10 iterations]
real=[[19, 2, 21, 0, 0, 0, 0], [14, 5, 18, 28, 19, 17, 0], [24, 25, 15, 28, 22, 23, 0], [24, 15, 18, 21, 23, 27, 0], [26, 4, 17, 28, 8, 11, 0], [19, 0, 0, 0, 0, 0, 0], [1, 4, 15, 28, 23, 16, 0], [26, 13, 2, 28, 27, 1, 0], [11, 13, 12, 28, 22, 10, 0], [6, 17, 15, 3, 23, 8, 0]]
gen=[[16, 25, 0, 0, 0, 0, 0], [12, 0, 0, 0, 0, 0, 0], [16, 0, 0, 0, 0, 0, 0], [12, 0, 0, 0, 0, 0, 0], [12, 0, 0, 0, 0, 0, 0], [16, 25, 0, 0, 0, 0, 0], [16, 0, 0, 0, 0, 0, 0], [7, 17, 16, 25, 0, 0, 0], [16, 12, 16, 25, 0, 0, 0], [12, 0, 0, 0, 0, 0, 0]]
valid routes=0.0
norm-reward=0.749160530678117
[ 11 iterations]
real=[[20, 2, 17, 24, 22, 8, 0], [7, 25, 12, 3, 19, 27, 0], [5, 13, 12, 2, 19, 8, 0], [11, 9, 8, 0, 0, 0, 0], [12, 8, 18, 25, 23, 16, 0], [7, 4, 15, 14, 3, 27, 0], [23, 0, 0, 0, 0, 0, 0], [7, 25, 12, 19, 23, 1, 0], [26, 22, 18, 3, 19, 27, 0], [26, 12, 21, 24, 23, 6, 0]]
gen=[[25, 17, 0, 3, 16, 16, 3], [7, 17, 16, 3, 16, 16, 25], [7, 25, 15, 0, 25, 16, 0], [7, 17, 0, 0, 0, 0, 0], [7, 25, 17, 0, 25, 16, 16], [16, 25, 0, 0, 0, 0, 0], [7, 9, 15, 0, 25, 16, 25], [25, 0, 0, 0, 0, 0, 0], [7, 25, 17, 0, 3, 16, 16], [25, 0, 0, 0, 0, 0, 0]]
valid routes=0.0
norm-reward=0.7950350621907777
[ 12 iterations]
real=[[4, 0, 0, 0, 0, 0, 0], [20, 10, 17, 9, 21, 8, 0], [26, 13, 15, 21, 18, 9, 0], [26, 2, 20, 5, 12, 16, 0], [25, 13, 17, 3, 18, 8, 0], [7, 20, 21, 24, 23, 15, 0], [24, 25, 20, 14, 9, 2, 0], [26, 20, 18, 25, 13, 16, 0], [26, 24, 17, 5, 12, 16, 0], [27, 13, 15, 10, 23, 2, 0]]
gen=[[24, 9, 16, 14, 0, 0, 0], [9, 15, 0, 0, 0, 0, 0], [7, 0, 0, 0, 0, 0, 0], [16, 7, 16, 14, 0, 0, 0], [15, 0, 0, 0, 0, 0, 0], [7, 15, 0, 0, 0, 0, 0], [15, 0, 0, 0, 0, 0, 0], [16, 7, 16, 14, 3, 0, 0], [15, 0, 0, 0, 0, 0, 0], [9, 19, 16, 14, 0, 0, 0]]
valid routes=0.0
norm-reward=0.7072451156900571
[ 13 iterations]
real=[[5, 2, 17, 11, 19, 9, 0], [17, 22, 18, 10, 19, 2, 0], [7, 22, 18, 25, 6, 10, 0], [26, 25, 20, 14, 7, 11, 0], [26, 25, 18, 14, 13, 15, 0], [1, 4, 11, 9, 0, 0, 0], [24, 20, 17, 14, 3, 10, 0], [20, 9, 17, 14, 23, 16, 0], [24, 2, 28, 14, 5, 11, 0], [5, 25, 20, 28, 27, 7, 0]]
gen=[[24, 7, 19, 14, 0, 0, 0], [24, 7, 19, 14, 0, 0, 0], [15, 0, 0, 0, 0, 0, 0], [14, 7, 15, 0, 0, 0, 0], [24, 0, 0, 0, 0, 0, 0], [15, 0, 0, 0, 0, 0, 0], [14, 7, 19, 0, 0, 0, 0], [19, 0, 0, 0, 0, 0, 0], [19, 0, 0, 0, 0, 0, 0], [14, 7, 19, 0, 0, 0, 0]]
valid routes=0.0
norm-reward=0.6984511656870397
[ 14 iterations]
real=[[26, 20, 10, 0, 0, 0, 0], [5, 15, 18, 4, 19, 16, 0], [19, 2, 15, 14, 0, 0, 0], [12, 2, 15, 11, 19, 10, 0], [7, 22, 21, 5, 27, 8, 0], [2, 9, 21, 3, 0, 0, 0], [7, 4, 27, 24, 6, 0, 0], [6, 24, 19, 0, 0, 0, 0], [17, 8, 15, 9, 19, 23, 0], [16, 3, 18, 28, 23, 8, 0]]
gen=[[15, 0, 0, 0, 0, 0, 0], [3, 1, 0, 0, 0, 0, 0], [1, 0, 0, 0, 0, 0, 0], [1, 0, 0, 0, 0, 0, 0], [1, 0, 0, 0, 0, 0, 0], [24, 0, 0, 0, 0, 0, 0], [24, 0, 0, 0, 0, 0, 0], [1, 1, 1, 0, 0, 0, 0], [1, 7, 19, 14, 0, 1, 0], [19, 0, 0, 0, 0, 0, 0]]
valid routes=0.0
norm-reward=0.6889300213114908
[ 15 iterations]
real=[[1, 22, 15, 25, 21, 10, 0], [5, 20, 15, 3, 23, 17, 0], [7, 4, 24, 14, 6, 8, 0], [5, 4, 1, 14, 6, 8, 0], [5, 4, 15, 6, 18, 10, 0], [26, 4, 3, 6, 19, 23, 0], [24, 8, 15, 9, 23, 1, 0], [7, 4, 20, 14, 8, 2, 0], [26, 10, 21, 11, 23, 8, 0], [7, 5, 1, 11, 0, 0, 0]]
gen=[[21, 0, 0, 0, 0, 0, 0], [21, 0, 0, 0, 0, 0, 0], [21, 0, 0, 0, 0, 0, 0], [24, 0, 0, 0, 0, 0, 0], [19, 17, 26, 3, 27, 1, 0], [1, 0, 0, 0, 0, 0, 0], [21, 0, 0, 0, 0, 0, 0], [21, 0, 0, 0, 0, 0, 0], [24, 3, 26, 3, 27, 1, 0], [1, 24, 18, 26, 0, 1, 0]]
valid routes=0.0
norm-reward=0.700038466664591
[ 16 iterations]
real=[[26, 13, 3, 11, 22, 8, 0], [14, 24, 0, 0, 0, 0, 0], [1, 13, 10, 28, 27, 9, 0], [5, 12, 0, 0, 0, 0, 0], [1, 22, 3, 11, 23, 2, 0], [26, 22, 18, 4, 23, 17, 0], [26, 2, 15, 11, 3, 9, 0], [6, 4, 15, 3, 21, 9, 0], [20, 23, 0, 0, 0, 0, 0], [5, 22, 3, 14, 27, 7, 0]]
gen=[[27, 0, 0, 0, 0, 0, 0], [3, 24, 21, 0, 0, 0, 0], [27, 0, 0, 0, 0, 0, 0], [27, 0, 0, 0, 0, 0, 0], [21, 0, 0, 0, 0, 0, 0], [21, 0, 0, 0, 0, 0, 0], [24, 0, 27, 0, 0, 0, 0], [21, 0, 0, 0, 0, 0, 0], [21, 0, 0, 0, 0, 0, 0], [21, 0, 0, 0, 0, 0, 0]]
valid routes=0.0
norm-reward=0.7038594343978671
[ 17 iterations]
real=[[12, 2, 17, 10, 27, 8, 0], [24, 4, 20, 25, 22, 1, 0], [26, 8, 15, 0, 0, 0, 0], [11, 20, 27, 0, 0, 0, 0], [7, 25, 26, 11, 6, 16, 0], [26, 4, 21, 17, 27, 10, 0], [5, 12, 21, 17, 19, 23, 0], [26, 25, 3, 28, 19, 10, 0], [12, 20, 18, 24, 23, 10, 0], [1, 13, 20, 5, 22, 8, 0]]
gen=[[27, 17, 0, 0, 0, 0, 0], [3, 0, 0, 0, 0, 0, 0], [1, 0, 0, 0, 0, 0, 0], [24, 0, 0, 0, 0, 0, 0], [24, 0, 0, 0, 0, 0, 0], [21, 0, 0, 0, 0, 0, 0], [24, 0, 27, 0, 0, 0, 0], [27, 17, 0, 27, 0, 0, 0], [27, 17, 0, 0, 0, 0, 0], [21, 0, 0, 0, 0, 0, 0]]
valid routes=0.0
norm-reward=0.6714792160219935
[ 18 iterations]
real=[[7, 25, 26, 28, 6, 27, 0], [24, 20, 18, 11, 22, 10, 0], [7, 20, 28, 14, 22, 8, 0], [26, 20, 17, 9, 10, 2, 0], [1, 20, 15, 14, 4, 16, 0], [27, 13, 15, 25, 19, 16, 0], [12, 9, 10, 3, 18, 8, 0], [26, 2, 17, 4, 19, 10, 0], [20, 22, 17, 24, 19, 27, 0], [6, 5, 11, 14, 19, 23, 0]]
gen=[[26, 0, 12, 0, 6, 6, 6], [6, 22, 12, 0, 6, 6, 6], [26, 22, 12, 0, 6, 6, 0], [12, 0, 0, 6, 0, 0, 0], [6, 22, 12, 0, 6, 6, 0], [26, 22, 12, 0, 0, 6, 0], [26, 22, 12, 0, 0, 0, 0], [6, 22, 12, 0, 6, 6, 0], [26, 0, 12, 0, 6, 6, 6], [12, 0, 0, 0, 0, 0, 0]]
valid routes=0.001
norm-reward=0.9506718743396734
[ 19 iterations]
real=[[28, 0, 0, 0, 0, 0, 0], [24, 28, 0, 0, 0, 0, 0], [24, 12, 18, 21, 23, 1, 0], [12, 9, 10, 14, 23, 8, 0], [11, 2, 21, 28, 13, 16, 0], [26, 22, 17, 28, 3, 9, 0], [6, 20, 21, 27, 19, 16, 0], [24, 4, 15, 14, 19, 22, 0], [5, 2, 10, 11, 27, 16, 0], [26, 20, 17, 9, 16, 2, 0]]
gen=[[6, 17, 3, 3, 23, 0, 0], [12, 0, 0, 0, 0, 0, 0], [6, 22, 17, 3, 23, 0, 0], [12, 0, 0, 0, 0, 0, 0], [26, 9, 23, 0, 0, 0, 0], [12, 0, 0, 0, 0, 0, 0], [6, 22, 17, 3, 23, 0, 0], [26, 0, 0, 0, 0, 0, 0], [3, 22, 0, 0, 0, 0, 0], [26, 0, 0, 0, 0, 0, 0]]
valid routes=0.001
norm-reward=0.8259124694962058
[ 20 iterations]
real=[[19, 2, 21, 0, 0, 0, 0], [14, 5, 18, 28, 19, 17, 0], [24, 25, 15, 28, 22, 23, 0], [24, 15, 18, 21, 23, 27, 0], [26, 4, 17, 28, 8, 11, 0], [19, 0, 0, 0, 0, 0, 0], [1, 4, 15, 28, 23, 16, 0], [26, 13, 2, 28, 27, 1, 0], [11, 13, 12, 28, 22, 10, 0], [6, 17, 15, 3, 23, 8, 0]]
gen=[[24, 0, 0, 0, 0, 0, 0], [1, 25, 18, 14, 0, 0, 0], [1, 0, 0, 0, 0, 0, 0], [1, 22, 3, 14, 23, 0, 0], [1, 22, 24, 14, 0, 0, 0], [6, 22, 17, 0, 0, 0, 0], [6, 22, 17, 14, 23, 0, 0], [1, 25, 18, 14, 0, 0, 0], [1, 25, 24, 14, 27, 14, 0], [6, 22, 0, 0, 0, 0, 0]]
valid routes=0.0
norm-reward=0.8641626487870356
[ 21 iterations]
real=[[20, 2, 17, 24, 22, 8, 0], [7, 25, 12, 3, 19, 27, 0], [5, 13, 12, 2, 19, 8, 0], [11, 9, 8, 0, 0, 0, 0], [12, 8, 18, 25, 23, 16, 0], [7, 4, 15, 14, 3, 27, 0], [23, 0, 0, 0, 0, 0, 0], [7, 25, 12, 19, 23, 1, 0], [26, 22, 18, 3, 19, 27, 0], [26, 12, 21, 24, 23, 6, 0]]
gen=[[26, 5, 15, 9, 19, 16, 0], [16, 5, 15, 9, 19, 16, 0], [16, 5, 15, 9, 19, 16, 0], [24, 5, 15, 9, 19, 16, 0], [18, 0, 0, 0, 0, 0, 0], [16, 5, 15, 9, 19, 16, 0], [24, 9, 19, 14, 0, 0, 0], [16, 5, 15, 9, 19, 16, 0], [18, 0, 0, 0, 0, 0, 0], [26, 5, 15, 9, 19, 16, 0]]
valid routes=0.0
norm-reward=0.8307057022211566
[ 22 iterations]
real=[[4, 0, 0, 0, 0, 0, 0], [20, 10, 17, 9, 21, 8, 0], [26, 13, 15, 21, 18, 9, 0], [26, 2, 20, 5, 12, 16, 0], [25, 13, 17, 3, 18, 8, 0], [7, 20, 21, 24, 23, 15, 0], [24, 25, 20, 14, 9, 2, 0], [26, 20, 18, 25, 13, 16, 0], [26, 24, 17, 5, 12, 16, 0], [27, 13, 15, 10, 23, 2, 0]]
gen=[[7, 17, 9, 19, 0, 0, 0], [26, 22, 0, 0, 0, 0, 0], [26, 22, 0, 0, 0, 0, 0], [7, 0, 0, 0, 0, 0, 0], [6, 22, 0, 0, 0, 0, 0], [6, 22, 0, 0, 0, 0, 0], [7, 0, 15, 0, 0, 0, 0], [23, 0, 0, 0, 0, 0, 0], [7, 0, 0, 0, 0, 0, 0], [7, 25, 15, 14, 19, 0, 0]]
valid routes=0.0
norm-reward=0.7497911625992755
[ 23 iterations]
real=[[5, 2, 17, 11, 19, 9, 0], [17, 22, 18, 10, 19, 2, 0], [7, 22, 18, 25, 6, 10, 0], [26, 25, 20, 14, 7, 11, 0], [26, 25, 18, 14, 13, 15, 0], [1, 4, 11, 9, 0, 0, 0], [24, 20, 17, 14, 3, 10, 0], [20, 9, 17, 14, 23, 16, 0], [24, 2, 28, 14, 5, 11, 0], [5, 25, 20, 28, 27, 7, 0]]
gen=[[24, 0, 0, 0, 0, 0, 0], [7, 17, 3, 27, 1, 0, 0], [7, 5, 21, 11, 22, 1, 0], [22, 0, 0, 0, 0, 0, 0], [5, 22, 17, 3, 27, 1, 0], [17, 5, 15, 3, 27, 1, 0], [27, 22, 0, 27, 1, 0, 0], [26, 5, 21, 3, 27, 1, 0], [5, 22, 17, 3, 27, 1, 0], [5, 22, 17, 27, 27, 1, 0]]
valid routes=0.0
norm-reward=0.9386747319693309
[ 24 iterations]
real=[[26, 20, 10, 0, 0, 0, 0], [5, 15, 18, 4, 19, 16, 0], [19, 2, 15, 14, 0, 0, 0], [12, 2, 15, 11, 19, 10, 0], [7, 22, 21, 5, 27, 8, 0], [2, 9, 21, 3, 0, 0, 0], [7, 4, 27, 24, 6, 0, 0], [6, 24, 19, 0, 0, 0, 0], [17, 8, 15, 9, 19, 23, 0], [16, 3, 18, 28, 23, 8, 0]]
gen=[[27, 12, 11, 0, 0, 0, 0], [7, 12, 11, 0, 0, 0, 0], [12, 0, 0, 0, 0, 0, 0], [5, 12, 11, 0, 0, 0, 0], [17, 12, 12, 11, 0, 11, 0], [12, 0, 0, 0, 0, 0, 0], [5, 15, 11, 0, 0, 0, 0], [7, 12, 11, 25, 19, 11, 0], [6, 0, 0, 0, 0, 0, 0], [5, 12, 11, 0, 0, 0, 0]]
valid routes=0.0
norm-reward=0.799165758685344
[ 25 iterations]
real=[[1, 22, 15, 25, 21, 10, 0], [5, 20, 15, 3, 23, 17, 0], [7, 4, 24, 14, 6, 8, 0], [5, 4, 1, 14, 6, 8, 0], [5, 4, 15, 6, 18, 10, 0], [26, 4, 3, 6, 19, 23, 0], [24, 8, 15, 9, 23, 1, 0], [7, 4, 20, 14, 8, 2, 0], [26, 10, 21, 11, 23, 8, 0], [7, 5, 1, 11, 0, 0, 0]]
gen=[[26, 24, 15, 24, 8, 8, 0], [26, 25, 15, 24, 8, 8, 0], [26, 15, 0, 27, 8, 0, 0], [26, 24, 15, 24, 8, 8, 0], [8, 0, 0, 0, 0, 0, 0], [8, 8, 8, 0, 8, 8, 0], [26, 24, 15, 24, 8, 8, 0], [8, 25, 12, 0, 0, 0, 0], [7, 8, 15, 24, 8, 8, 0], [7, 25, 12, 24, 8, 8, 0]]
valid routes=0.0
norm-reward=0.7807060580755262
[ 26 iterations]
real=[[26, 13, 3, 11, 22, 8, 0], [14, 24, 0, 0, 0, 0, 0], [1, 13, 10, 28, 27, 9, 0], [5, 12, 0, 0, 0, 0, 0], [1, 22, 3, 11, 23, 2, 0], [26, 22, 18, 4, 23, 17, 0], [26, 2, 15, 11, 3, 9, 0], [6, 4, 15, 3, 21, 9, 0], [20, 23, 0, 0, 0, 0, 0], [5, 22, 3, 14, 27, 7, 0]]
gen=[[27, 8, 0, 0, 0, 0, 0], [7, 3, 28, 5, 8, 0, 0], [27, 8, 0, 0, 0, 0, 0], [26, 5, 3, 0, 0, 0, 0], [27, 0, 0, 0, 0, 0, 0], [12, 0, 0, 0, 0, 0, 0], [7, 3, 0, 5, 0, 0, 0], [6, 0, 0, 0, 0, 0, 0], [7, 3, 17, 28, 5, 0, 0], [26, 25, 18, 0, 0, 0, 0]]
valid routes=0.0
norm-reward=0.7894854139268646
[ 27 iterations]
real=[[12, 2, 17, 10, 27, 8, 0], [24, 4, 20, 25, 22, 1, 0], [26, 8, 15, 0, 0, 0, 0], [11, 20, 27, 0, 0, 0, 0], [7, 25, 26, 11, 6, 16, 0], [26, 4, 21, 17, 27, 10, 0], [5, 12, 21, 17, 19, 23, 0], [26, 25, 3, 28, 19, 10, 0], [12, 20, 18, 24, 23, 10, 0], [1, 13, 20, 5, 22, 8, 0]]
gen=[[5, 22, 6, 9, 18, 6, 0], [7, 22, 6, 28, 22, 6, 0], [27, 12, 17, 3, 22, 6, 0], [7, 12, 17, 3, 22, 6, 0], [22, 22, 0, 3, 0, 0, 0], [12, 17, 3, 3, 6, 0, 0], [26, 9, 18, 6, 6, 6, 0], [12, 0, 0, 0, 0, 0, 0], [12, 17, 3, 3, 0, 0, 0], [1, 25, 18, 6, 6, 0, 0]]
valid routes=0.001
norm-reward=0.9886706950252163
[ 28 iterations]
real=[[7, 25, 26, 28, 6, 27, 0], [24, 20, 18, 11, 22, 10, 0], [7, 20, 28, 14, 22, 8, 0], [26, 20, 17, 9, 10, 2, 0], [1, 20, 15, 14, 4, 16, 0], [27, 13, 15, 25, 19, 16, 0], [12, 9, 10, 3, 18, 8, 0], [26, 2, 17, 4, 19, 10, 0], [20, 22, 17, 24, 19, 27, 0], [6, 5, 11, 14, 19, 23, 0]]
gen=[[7, 22, 15, 28, 23, 1, 0], [1, 25, 1, 9, 19, 1, 0], [5, 22, 0, 0, 0, 0, 0], [5, 22, 15, 28, 19, 1, 0], [1, 22, 0, 0, 0, 0, 0], [26, 25, 16, 25, 1, 1, 0], [12, 0, 0, 0, 0, 0, 0], [7, 9, 18, 22, 1, 9, 23], [6, 0, 0, 0, 0, 0, 0], [5, 22, 1, 9, 19, 1, 0]]
valid routes=0.0
norm-reward=0.9108627021195924
[ 29 iterations]
real=[[28, 0, 0, 0, 0, 0, 0], [24, 28, 0, 0, 0, 0, 0], [24, 12, 18, 21, 23, 1, 0], [12, 9, 10, 14, 23, 8, 0], [11, 2, 21, 28, 13, 16, 0], [26, 22, 17, 28, 3, 9, 0], [6, 20, 21, 27, 19, 16, 0], [24, 4, 15, 14, 19, 22, 0], [5, 2, 10, 11, 27, 16, 0], [26, 20, 17, 9, 16, 2, 0]]
gen=[[7, 9, 18, 11, 0, 0, 0], [26, 25, 18, 11, 0, 0, 0], [26, 17, 0, 0, 0, 0, 0], [27, 4, 0, 0, 0, 0, 0], [7, 4, 15, 0, 0, 0, 0], [26, 25, 15, 0, 0, 0, 0], [1, 25, 18, 11, 4, 1, 0], [5, 4, 15, 0, 0, 0, 0], [16, 25, 4, 0, 0, 0, 0], [5, 4, 15, 0, 0, 0, 0]]
valid routes=0.0
norm-reward=0.8434548509319574
[ 30 iterations]
real=[[19, 2, 21, 0, 0, 0, 0], [14, 5, 18, 28, 19, 17, 0], [24, 25, 15, 28, 22, 23, 0], [24, 15, 18, 21, 23, 27, 0], [26, 4, 17, 28, 8, 11, 0], [19, 0, 0, 0, 0, 0, 0], [1, 4, 15, 28, 23, 16, 0], [26, 13, 2, 28, 27, 1, 0], [11, 13, 12, 28, 22, 10, 0], [6, 17, 15, 3, 23, 8, 0]]
gen=[[7, 22, 15, 0, 0, 0, 0], [7, 12, 15, 0, 0, 0, 0], [5, 22, 15, 0, 0, 0, 0], [7, 4, 15, 0, 0, 0, 0], [7, 22, 15, 0, 0, 0, 0], [26, 25, 21, 4, 0, 0, 0], [19, 4, 21, 0, 0, 0, 0], [7, 12, 15, 0, 0, 0, 0], [7, 12, 15, 0, 0, 0, 0], [7, 4, 15, 0, 0, 0, 0]]
valid routes=0.0
norm-reward=0.8296507498149144
[ 31 iterations]
real=[[20, 2, 17, 24, 22, 8, 0], [7, 25, 12, 3, 19, 27, 0], [5, 13, 12, 2, 19, 8, 0], [11, 9, 8, 0, 0, 0, 0], [12, 8, 18, 25, 23, 16, 0], [7, 4, 15, 14, 3, 27, 0], [23, 0, 0, 0, 0, 0, 0], [7, 25, 12, 19, 23, 1, 0], [26, 22, 18, 3, 19, 27, 0], [26, 12, 21, 24, 23, 6, 0]]
gen=[[7, 21, 17, 28, 23, 16, 0], [6, 25, 21, 28, 23, 16, 0], [6, 25, 21, 28, 19, 16, 0], [16, 21, 16, 0, 23, 16, 0], [6, 0, 21, 19, 19, 16, 0], [19, 25, 21, 28, 23, 16, 0], [7, 21, 21, 28, 23, 16, 0], [7, 21, 17, 28, 23, 16, 0], [5, 8, 21, 28, 23, 16, 0], [6, 21, 21, 0, 19, 16, 0]]
valid routes=0.0
norm-reward=1.0192104997628597
[ 32 iterations]
real=[[4, 0, 0, 0, 0, 0, 0], [20, 10, 17, 9, 21, 8, 0], [26, 13, 15, 21, 18, 9, 0], [26, 2, 20, 5, 12, 16, 0], [25, 13, 17, 3, 18, 8, 0], [7, 20, 21, 24, 23, 15, 0], [24, 25, 20, 14, 9, 2, 0], [26, 20, 18, 25, 13, 16, 0], [26, 24, 17, 5, 12, 16, 0], [27, 13, 15, 10, 23, 2, 0]]
gen=[[5, 8, 1, 25, 21, 0, 0], [1, 25, 1, 0, 0, 0, 0], [26, 17, 15, 28, 8, 8, 0], [25, 0, 0, 0, 0, 0, 0], [6, 0, 0, 0, 0, 0, 0], [5, 8, 15, 25, 21, 25, 0], [7, 8, 15, 28, 21, 8, 0], [26, 25, 1, 25, 0, 0, 0], [26, 15, 16, 0, 0, 0, 0], [26, 17, 17, 3, 8, 8, 0]]
valid routes=0.0
norm-reward=0.8177295699861279
[ 33 iterations]
real=[[5, 2, 17, 11, 19, 9, 0], [17, 22, 18, 10, 19, 2, 0], [7, 22, 18, 25, 6, 10, 0], [26, 25, 20, 14, 7, 11, 0], [26, 25, 18, 14, 13, 15, 0], [1, 4, 11, 9, 0, 0, 0], [24, 20, 17, 14, 3, 10, 0], [20, 9, 17, 14, 23, 16, 0], [24, 2, 28, 14, 5, 11, 0], [5, 25, 20, 28, 27, 7, 0]]
gen=[[28, 9, 1, 25, 1, 1, 0], [7, 3, 17, 6, 8, 0, 0], [25, 9, 8, 1, 0, 0, 0], [6, 1, 0, 0, 0, 0, 0], [5, 9, 19, 6, 25, 1, 0], [26, 17, 17, 6, 6, 1, 0], [28, 5, 16, 25, 1, 1, 0], [1, 1, 0, 0, 0, 0, 0], [5, 9, 8, 1, 0, 0, 0], [6, 0, 0, 0, 0, 0, 0]]
valid routes=0.0
norm-reward=0.7977829297711706
[ 34 iterations]
real=[[26, 20, 10, 0, 0, 0, 0], [5, 15, 18, 4, 19, 16, 0], [19, 2, 15, 14, 0, 0, 0], [12, 2, 15, 11, 19, 10, 0], [7, 22, 21, 5, 27, 8, 0], [2, 9, 21, 3, 0, 0, 0], [7, 4, 27, 24, 6, 0, 0], [6, 24, 19, 0, 0, 0, 0], [17, 8, 15, 9, 19, 23, 0], [16, 3, 18, 28, 23, 8, 0]]
gen=[[26, 9, 17, 17, 17, 17, 0], [5, 5, 16, 28, 21, 8, 0], [12, 17, 0, 0, 0, 0, 0], [16, 0, 0, 0, 0, 0, 0], [7, 25, 21, 28, 0, 0, 0], [26, 25, 21, 28, 23, 8, 0], [26, 25, 21, 0, 0, 0, 0], [26, 22, 16, 0, 0, 0, 0], [7, 0, 0, 0, 0, 0, 0], [28, 23, 0, 0, 0, 0, 0]]
valid routes=0.001
norm-reward=0.8150869177572797
[ 35 iterations]
real=[[1, 22, 15, 25, 21, 10, 0], [5, 20, 15, 3, 23, 17, 0], [7, 4, 24, 14, 6, 8, 0], [5, 4, 1, 14, 6, 8, 0], [5, 4, 15, 6, 18, 10, 0], [26, 4, 3, 6, 19, 23, 0], [24, 8, 15, 9, 23, 1, 0], [7, 4, 20, 14, 8, 2, 0], [26, 10, 21, 11, 23, 8, 0], [7, 5, 1, 11, 0, 0, 0]]
gen=[[14, 0, 0, 0, 0, 0, 0], [14, 9, 15, 15, 0, 9, 0], [1, 0, 0, 0, 0, 0, 0], [12, 15, 0, 0, 0, 0, 0], [12, 0, 0, 0, 0, 0, 0], [27, 22, 0, 0, 0, 0, 0], [27, 15, 17, 0, 0, 0, 0], [26, 28, 16, 28, 18, 1, 0], [7, 5, 0, 3, 3, 15, 0], [7, 0, 12, 0, 0, 0, 0]]
valid routes=0.0
norm-reward=0.8607474856957972
[ 36 iterations]
real=[[26, 13, 3, 11, 22, 8, 0], [14, 24, 0, 0, 0, 0, 0], [1, 13, 10, 28, 27, 9, 0], [5, 12, 0, 0, 0, 0, 0], [1, 22, 3, 11, 23, 2, 0], [26, 22, 18, 4, 23, 17, 0], [26, 2, 15, 11, 3, 9, 0], [6, 4, 15, 3, 21, 9, 0], [20, 23, 0, 0, 0, 0, 0], [5, 22, 3, 14, 27, 7, 0]]
gen=[[26, 15, 17, 9, 0, 27, 0], [26, 13, 18, 14, 19, 16, 0], [14, 13, 0, 0, 0, 0, 0], [12, 5, 13, 14, 19, 16, 0], [7, 25, 18, 14, 19, 16, 0], [6, 13, 27, 0, 0, 0, 0], [26, 12, 17, 27, 0, 0, 0], [7, 22, 15, 3, 18, 17, 0], [14, 14, 15, 3, 18, 13, 0], [6, 25, 19, 14, 19, 16, 0]]
valid routes=0.0
norm-reward=0.9375925184394673
[ 37 iterations]
real=[[12, 2, 17, 10, 27, 8, 0], [24, 4, 20, 25, 22, 1, 0], [26, 8, 15, 0, 0, 0, 0], [11, 20, 27, 0, 0, 0, 0], [7, 25, 26, 11, 6, 16, 0], [26, 4, 21, 17, 27, 10, 0], [5, 12, 21, 17, 19, 23, 0], [26, 25, 3, 28, 19, 10, 0], [12, 20, 18, 24, 23, 10, 0], [1, 13, 20, 5, 22, 8, 0]]
gen=[[11, 13, 12, 0, 0, 0, 0], [6, 0, 0, 0, 0, 0, 0], [26, 13, 12, 0, 0, 0, 0], [12, 0, 0, 0, 0, 0, 0], [11, 13, 0, 0, 0, 0, 0], [5, 13, 12, 28, 23, 11, 0], [6, 11, 0, 0, 0, 0, 0], [7, 12, 17, 19, 23, 0, 0], [11, 0, 0, 0, 0, 0, 0], [11, 13, 0, 0, 0, 0, 0]]
valid routes=0.0
norm-reward=0.829870500597413
[ 38 iterations]
real=[[7, 25, 26, 28, 6, 27, 0], [24, 20, 18, 11, 22, 10, 0], [7, 20, 28, 14, 22, 8, 0], [26, 20, 17, 9, 10, 2, 0], [1, 20, 15, 14, 4, 16, 0], [27, 13, 15, 25, 19, 16, 0], [12, 9, 10, 3, 18, 8, 0], [26, 2, 17, 4, 19, 10, 0], [20, 22, 17, 24, 19, 27, 0], [6, 5, 11, 14, 19, 23, 0]]
gen=[[23, 17, 0, 3, 23, 0, 0], [6, 7, 0, 0, 0, 0, 0], [26, 24, 12, 28, 19, 23, 0], [25, 0, 0, 0, 0, 0, 0], [23, 0, 0, 0, 0, 0, 0], [7, 13, 15, 28, 23, 23, 0], [25, 0, 0, 0, 0, 0, 0], [25, 17, 0, 3, 23, 0, 0], [7, 7, 15, 28, 23, 23, 0], [26, 13, 12, 0, 19, 0, 0]]
valid routes=0.0
norm-reward=0.8723245411245041
[ 39 iterations]
real=[[28, 0, 0, 0, 0, 0, 0], [24, 28, 0, 0, 0, 0, 0], [24, 12, 18, 21, 23, 1, 0], [12, 9, 10, 14, 23, 8, 0], [11, 2, 21, 28, 13, 16, 0], [26, 22, 17, 28, 3, 9, 0], [6, 20, 21, 27, 19, 16, 0], [24, 4, 15, 14, 19, 22, 0], [5, 2, 10, 11, 27, 16, 0], [26, 20, 17, 9, 16, 2, 0]]
gen=[[24, 0, 24, 19, 0, 0, 0], [1, 0, 0, 0, 0, 0, 0], [7, 9, 15, 3, 6, 9, 0], [6, 25, 18, 28, 19, 8, 0], [18, 17, 3, 3, 0, 0, 0], [18, 9, 3, 3, 0, 0, 0], [24, 13, 0, 0, 0, 0, 0], [26, 9, 16, 3, 6, 9, 0], [26, 9, 16, 3, 6, 9, 0], [7, 9, 16, 3, 6, 9, 0]]
valid routes=0.0
norm-reward=0.8657820579155426
[ 40 iterations]
real=[[19, 2, 21, 0, 0, 0, 0], [14, 5, 18, 28, 19, 17, 0], [24, 25, 15, 28, 22, 23, 0], [24, 15, 18, 21, 23, 27, 0], [26, 4, 17, 28, 8, 11, 0], [19, 0, 0, 0, 0, 0, 0], [1, 4, 15, 28, 23, 16, 0], [26, 13, 2, 28, 27, 1, 0], [11, 13, 12, 28, 22, 10, 0], [6, 17, 15, 3, 23, 8, 0]]
gen=[[25, 17, 17, 6, 6, 8, 0], [24, 8, 17, 6, 6, 8, 0], [26, 13, 0, 0, 0, 0, 0], [24, 13, 0, 0, 0, 0, 0], [25, 0, 0, 0, 0, 0, 0], [6, 25, 21, 11, 19, 16, 0], [7, 5, 17, 28, 6, 16, 0], [26, 17, 17, 6, 6, 8, 0], [6, 8, 0, 0, 0, 0, 0], [24, 0, 0, 0, 0, 0, 0]]
valid routes=0.0
norm-reward=0.8961313330170292
[ 41 iterations]
real=[[20, 2, 17, 24, 22, 8, 0], [7, 25, 12, 3, 19, 27, 0], [5, 13, 12, 2, 19, 8, 0], [11, 9, 8, 0, 0, 0, 0], [12, 8, 18, 25, 23, 16, 0], [7, 4, 15, 14, 3, 27, 0], [23, 0, 0, 0, 0, 0, 0], [7, 25, 12, 19, 23, 1, 0], [26, 22, 18, 3, 19, 27, 0], [26, 12, 21, 24, 23, 6, 0]]
gen=[[27, 12, 17, 27, 27, 27, 0], [7, 12, 12, 17, 27, 17, 0], [7, 12, 17, 27, 6, 17, 0], [5, 8, 0, 0, 0, 0, 0], [1, 0, 0, 0, 0, 0, 0], [7, 25, 21, 9, 0, 1, 0], [7, 12, 15, 17, 12, 17, 0], [24, 0, 1, 0, 0, 0, 0], [6, 4, 1, 9, 21, 1, 0], [27, 17, 0, 27, 27, 27, 0]]
valid routes=0.0
norm-reward=0.8922034108407704
[ 42 iterations]
real=[[4, 0, 0, 0, 0, 0, 0], [20, 10, 17, 9, 21, 8, 0], [26, 13, 15, 21, 18, 9, 0], [26, 2, 20, 5, 12, 16, 0], [25, 13, 17, 3, 18, 8, 0], [7, 20, 21, 24, 23, 15, 0], [24, 25, 20, 14, 9, 2, 0], [26, 20, 18, 25, 13, 16, 0], [26, 24, 17, 5, 12, 16, 0], [27, 13, 15, 10, 23, 2, 0]]
gen=[[26, 4, 21, 28, 19, 4, 0], [26, 4, 0, 0, 0, 0, 0], [24, 24, 24, 14, 0, 16, 0], [12, 9, 17, 27, 0, 0, 0], [26, 25, 21, 9, 19, 16, 0], [6, 9, 0, 0, 0, 0, 0], [27, 0, 0, 0, 0, 0, 0], [12, 12, 27, 27, 27, 27, 0], [26, 12, 12, 27, 27, 9, 0], [5, 13, 15, 28, 23, 16, 0]]
valid routes=0.0
norm-reward=0.9161493043274558
[ 43 iterations]
real=[[5, 2, 17, 11, 19, 9, 0], [17, 22, 18, 10, 19, 2, 0], [7, 22, 18, 25, 6, 10, 0], [26, 25, 20, 14, 7, 11, 0], [26, 25, 18, 14, 13, 15, 0], [1, 4, 11, 9, 0, 0, 0], [24, 20, 17, 14, 3, 10, 0], [20, 9, 17, 14, 23, 16, 0], [24, 2, 28, 14, 5, 11, 0], [5, 25, 20, 28, 27, 7, 0]]
gen=[[24, 22, 3, 28, 19, 8, 0], [24, 22, 15, 11, 19, 27, 0], [12, 9, 17, 6, 6, 9, 0], [7, 25, 18, 28, 6, 8, 0], [6, 25, 18, 28, 6, 8, 0], [7, 22, 22, 3, 3, 17, 0], [26, 25, 18, 28, 4, 0, 0], [5, 8, 15, 27, 19, 27, 0], [6, 0, 0, 0, 0, 0, 0], [24, 19, 27, 0, 0, 0, 0]]
valid routes=0.0
norm-reward=0.9095250655831693
[ 44 iterations]
real=[[26, 20, 10, 0, 0, 0, 0], [5, 15, 18, 4, 19, 16, 0], [19, 2, 15, 14, 0, 0, 0], [12, 2, 15, 11, 19, 10, 0], [7, 22, 21, 5, 27, 8, 0], [2, 9, 21, 3, 0, 0, 0], [7, 4, 27, 24, 6, 0, 0], [6, 24, 19, 0, 0, 0, 0], [17, 8, 15, 9, 19, 23, 0], [16, 3, 18, 28, 23, 8, 0]]
gen=[[7, 22, 3, 28, 23, 8, 0], [7, 9, 0, 0, 0, 0, 0], [6, 4, 18, 28, 6, 1, 0], [1, 0, 0, 0, 0, 0, 0], [7, 4, 1, 11, 0, 1, 0], [1, 0, 0, 0, 0, 0, 0], [5, 3, 15, 0, 19, 1, 0], [7, 22, 12, 28, 3, 1, 0], [14, 8, 15, 0, 0, 0, 0], [1, 4, 0, 0, 0, 0, 0]]
valid routes=0.0
norm-reward=0.8743283410168604
[ 45 iterations]
real=[[1, 22, 15, 25, 21, 10, 0], [5, 20, 15, 3, 23, 17, 0], [7, 4, 24, 14, 6, 8, 0], [5, 4, 1, 14, 6, 8, 0], [5, 4, 15, 6, 18, 10, 0], [26, 4, 3, 6, 19, 23, 0], [24, 8, 15, 9, 23, 1, 0], [7, 4, 20, 14, 8, 2, 0], [26, 10, 21, 11, 23, 8, 0], [7, 5, 1, 11, 0, 0, 0]]
gen=[[7, 9, 18, 5, 6, 8, 0], [7, 13, 15, 28, 23, 8, 0], [1, 9, 18, 24, 19, 16, 0], [24, 0, 0, 0, 0, 0, 0], [23, 8, 0, 0, 0, 0, 0], [7, 13, 3, 28, 23, 8, 0], [7, 22, 15, 5, 6, 8, 0], [6, 4, 15, 0, 0, 0, 0], [7, 13, 3, 28, 23, 8, 0], [26, 19, 0, 0, 0, 0, 0]]
valid routes=0.0
norm-reward=0.8977934820198313
[ 46 iterations]
real=[[26, 13, 3, 11, 22, 8, 0], [14, 24, 0, 0, 0, 0, 0], [1, 13, 10, 28, 27, 9, 0], [5, 12, 0, 0, 0, 0, 0], [1, 22, 3, 11, 23, 2, 0], [26, 22, 18, 4, 23, 17, 0], [26, 2, 15, 11, 3, 9, 0], [6, 4, 15, 3, 21, 9, 0], [20, 23, 0, 0, 0, 0, 0], [5, 22, 3, 14, 27, 7, 0]]
gen=[[1, 0, 0, 0, 0, 0, 0], [5, 3, 15, 28, 19, 23, 0], [24, 8, 15, 0, 0, 0, 0], [24, 24, 24, 0, 0, 0, 0], [23, 0, 0, 0, 0, 0, 0], [7, 0, 0, 0, 0, 0, 0], [12, 27, 0, 0, 0, 0, 0], [5, 8, 0, 0, 0, 0, 0], [12, 9, 17, 0, 0, 0, 0], [24, 0, 0, 0, 0, 0, 0]]
valid routes=0.0
norm-reward=0.8653617698749712
[ 47 iterations]
real=[[12, 2, 17, 10, 27, 8, 0], [24, 4, 20, 25, 22, 1, 0], [26, 8, 15, 0, 0, 0, 0], [11, 20, 27, 0, 0, 0, 0], [7, 25, 26, 11, 6, 16, 0], [26, 4, 21, 17, 27, 10, 0], [5, 12, 21, 17, 19, 23, 0], [26, 25, 3, 28, 19, 10, 0], [12, 20, 18, 24, 23, 10, 0], [1, 13, 20, 5, 22, 8, 0]]
gen=[[19, 12, 15, 0, 0, 0, 0], [26, 22, 17, 15, 0, 27, 0], [24, 13, 16, 11, 0, 16, 0], [25, 27, 0, 0, 0, 0, 0], [6, 4, 15, 5, 8, 0, 0], [26, 9, 17, 15, 0, 0, 0], [26, 12, 17, 17, 0, 9, 0], [24, 22, 3, 28, 6, 23, 0], [25, 24, 11, 0, 0, 0, 0], [23, 0, 0, 0, 0, 0, 0]]
valid routes=0.0
norm-reward=0.8438027309937922
[ 48 iterations]
real=[[7, 25, 26, 28, 6, 27, 0], [24, 20, 18, 11, 22, 10, 0], [7, 20, 28, 14, 22, 8, 0], [26, 20, 17, 9, 10, 2, 0], [1, 20, 15, 14, 4, 16, 0], [27, 13, 15, 25, 19, 16, 0], [12, 9, 10, 3, 18, 8, 0], [26, 2, 17, 4, 19, 10, 0], [20, 22, 17, 24, 19, 27, 0], [6, 5, 11, 14, 19, 23, 0]]
gen=[[23, 9, 15, 3, 0, 0, 0], [16, 0, 0, 0, 0, 0, 0], [19, 22, 24, 27, 0, 0, 0], [26, 22, 17, 9, 0, 9, 0], [26, 9, 15, 9, 0, 0, 0], [7, 0, 0, 0, 0, 0, 0], [27, 0, 0, 0, 0, 0, 0], [23, 8, 15, 14, 0, 0, 0], [7, 4, 21, 5, 6, 15, 0], [19, 27, 27, 27, 0, 0, 0]]
valid routes=0.001
norm-reward=0.8395923528057209
[ 49 iterations]
real=[[28, 0, 0, 0, 0, 0, 0], [24, 28, 0, 0, 0, 0, 0], [24, 12, 18, 21, 23, 1, 0], [12, 9, 10, 14, 23, 8, 0], [11, 2, 21, 28, 13, 16, 0], [26, 22, 17, 28, 3, 9, 0], [6, 20, 21, 27, 19, 16, 0], [24, 4, 15, 14, 19, 22, 0], [5, 2, 10, 11, 27, 16, 0], [26, 20, 17, 9, 16, 2, 0]]
gen=[[7, 25, 21, 24, 21, 8, 0], [26, 12, 12, 27, 27, 27, 0], [1, 0, 0, 0, 0, 0, 0], [27, 0, 0, 0, 0, 0, 0], [24, 0, 1, 14, 19, 0, 0], [24, 13, 16, 9, 19, 1, 0], [26, 4, 21, 28, 6, 8, 0], [26, 12, 27, 27, 0, 0, 0], [23, 0, 0, 0, 0, 0, 0], [23, 16, 0, 0, 0, 0, 0]]
valid routes=0.0
norm-reward=0.9128318438330338
