read problem
[ 10 iterations]
real= [[15 19  5 26  0  0  0  0  0  0  0  0  0  0  0  0  0  0  0  0  0  0  0]
 [ 5  4  9 16 10 24  0  0  0  0  0  0  0  0  0  0  0  0  0  0  0  0  0]
 [ 7 23  0  0  0  0  0  0  0  0  0  0  0  0  0  0  0  0  0  0  0  0  0]
 [23  9 18 10  0  0  0  0  0  0  0  0  0  0  0  0  0  0  0  0  0  0  0]
 [23  9  2  0  0  0  0  0  0  0  0  0  0  0  0  0  0  0  0  0  0  0  0]
 [ 3 27  0  0  0  0  0  0  0  0  0  0  0  0  0  0  0  0  0  0  0  0  0]
 [17 16 18 12  7  0  0  0  0  0  0  0  0  0  0  0  0  0  0  0  0  0  0]
 [17 13  5 26  0  0  0  0  0  0  0  0  0  0  0  0  0  0  0  0  0  0  0]
 [14 10 18  5 20  0  0  0  0  0  0  0  0  0  0  0  0  0  0  0  0  0  0]
 [19  9  2 28  0  0  0  0  0  0  0  0  0  0  0  0  0  0  0  0  0  0  0]]
gen= [[ 5 15 26 19  0  0  0  0  0  0  0  0  0  0  0  0  0  0  0  0  0  0  0]
 [ 4  5  0  0  0  0  0  0  0  0  0  0  0  0  0  0  0  0  0  0  0  0  0]
 [ 7 23  0  0  0  0  0  0  0  0  0  0  0  0  0  0  0  0  0  0  0  0  0]
 [ 9 23 18 10  0  0  0  0  0  0  0  0  0  0  0  0  0  0  0  0  0  0  0]
 [ 9  2 23  0  0  0  0  0  0  0  0  0  0  0  0  0  0  0  0  0  0  0  0]
 [ 3 27  0  0  0  0  0  0  0  0  0  0  0  0  0  0  0  0  0  0  0  0  0]
 [12 18  7 17  0  0  0  0  0  0  0  0  0  0  0  0  0  0  0  0  0  0  0]
 [ 5 17 13 26  0  0  0  0  0  0  0  0  0  0  0  0  0  0  0  0  0  0  0]
 [ 5 20 10 18 14  0  0  0  0  0  0  0  0  0  0  0  0  0  0  0  0  0  0]
 [19 28  2  9  0  0  0  0  0  0  0  0  0  0  0  0  0  0  0  0  0  0  0]]
valid: gen=0.581
reward: norm=0.9615727006026741
[ 20 iterations]
real= [[ 2  0  0  0  0  0  0  0  0  0  0  0  0  0  0  0  0  0  0  0  0  0  0]
 [23 18 14 21 24  7  5  0  0  0  0  0  0  0  0  0  0  0  0  0  0  0  0]
 [ 6 18 19 25  8  0  0  0  0  0  0  0  0  0  0  0  0  0  0  0  0  0  0]
 [22  8  5 28  0  0  0  0  0  0  0  0  0  0  0  0  0  0  0  0  0  0  0]
 [ 7 23 26  0  0  0  0  0  0  0  0  0  0  0  0  0  0  0  0  0  0  0  0]
 [21 19  4 27 20  0  0  0  0  0  0  0  0  0  0  0  0  0  0  0  0  0  0]
 [ 4  1 18 16 19 23  0  0  0  0  0  0  0  0  0  0  0  0  0  0  0  0  0]
 [13  0  0  0  0  0  0  0  0  0  0  0  0  0  0  0  0  0  0  0  0  0  0]
 [ 7  2 28  1  8  0  0  0  0  0  0  0  0  0  0  0  0  0  0  0  0  0  0]
 [25  9 13 23  0  0  0  0  0  0  0  0  0  0  0  0  0  0  0  0  0  0  0]]
gen= [[ 2  0  0  0  0  0  0  0  0  0  0  0  0  0  0  0  0  0  0  0  0  0  0]
 [ 5 24  7  0  0  0  0  0  0  0  0  0  0  0  0  0  0  0  0  0  0  0  0]
 [19  6  0  0  0  0  0  0  0  0  0  0  0  0  0  0  0  0  0  0  0  0  0]
 [ 5 28 22  0  0  0  0  0  0  0  0  0  0  0  0  0  0  0  0  0  0  0  0]
 [ 7 26 23  0  0  0  0  0  0  0  0  0  0  0  0  0  0  0  0  0  0  0  0]
 [ 4 19 21  0  0  0  0  0  0  0  0  0  0  0  0  0  0  0  0  0  0  0  0]
 [19  4 18  0  0  0  0  0  0  0  0  0  0  0  0  0  0  0  0  0  0  0  0]
 [13  0  0  0  0  0  0  0  0  0  0  0  0  0  0  0  0  0  0  0  0  0  0]
 [ 8  1  7  0  0  0  0  0  0  0  0  0  0  0  0  0  0  0  0  0  0  0  0]
 [25 13 23  0  0  0  0  0  0  0  0  0  0  0  0  0  0  0  0  0  0  0  0]]
valid: gen=0.41
reward: norm=0.9795611559582591
[ 30 iterations]
real= [[24 27  2  0  0  0  0  0  0  0  0  0  0  0  0  0  0  0  0  0  0  0  0]
 [22 26  0  0  0  0  0  0  0  0  0  0  0  0  0  0  0  0  0  0  0  0  0]
 [ 3 21  9 28  8 20  0  0  0  0  0  0  0  0  0  0  0  0  0  0  0  0  0]
 [15  6 19 25 27  0  0  0  0  0  0  0  0  0  0  0  0  0  0  0  0  0  0]
 [20  0  0  0  0  0  0  0  0  0  0  0  0  0  0  0  0  0  0  0  0  0  0]
 [16  0  0  0  0  0  0  0  0  0  0  0  0  0  0  0  0  0  0  0  0  0  0]
 [25 19  2  1  0  0  0  0  0  0  0  0  0  0  0  0  0  0  0  0  0  0  0]
 [20  1 28 19 14  6 15  0  0  0  0  0  0  0  0  0  0  0  0  0  0  0  0]
 [27  3 13  0  0  0  0  0  0  0  0  0  0  0  0  0  0  0  0  0  0  0  0]
 [20 26 10 28  0  0  0  0  0  0  0  0  0  0  0  0  0  0  0  0  0  0  0]]
gen= [[24  2 27  0  0  0  0  0  0  0  0  0  0  0  0  0  0  0  0  0  0  0  0]
 [22 26  0  0  0  0  0  0  0  0  0  0  0  0  0  0  0  0  0  0  0  0  0]
 [ 9 20  8 28  3  0  0  0  0  0  0  0  0  0  0  0  0  0  0  0  0  0  0]
 [ 6 19 15 27  0  0  0  0  0  0  0  0  0  0  0  0  0  0  0  0  0  0  0]
 [20  0  0  0  0  0  0  0  0  0  0  0  0  0  0  0  0  0  0  0  0  0  0]
 [16  0  0  0  0  0  0  0  0  0  0  0  0  0  0  0  0  0  0  0  0  0  0]
 [19  1 25  0  0  0  0  0  0  0  0  0  0  0  0  0  0  0  0  0  0  0  0]
 [ 6  1 19 15  0  0  0  0  0  0  0  0  0  0  0  0  0  0  0  0  0  0  0]
 [ 3 13 27  0  0  0  0  0  0  0  0  0  0  0  0  0  0  0  0  0  0  0  0]
 [28 26 20  0  0  0  0  0  0  0  0  0  0  0  0  0  0  0  0  0  0  0  0]]
valid: gen=0.503
reward: norm=0.967145973600623
[ 40 iterations]
real= [[24  2 12  0  0  0  0  0  0  0  0  0  0  0  0  0  0  0  0  0  0  0  0]
 [ 1  2 10  0  0  0  0  0  0  0  0  0  0  0  0  0  0  0  0  0  0  0  0]
 [10  0  0  0  0  0  0  0  0  0  0  0  0  0  0  0  0  0  0  0  0  0  0]
 [27  5 20 21 17 24 26  0  0  0  0  0  0  0  0  0  0  0  0  0  0  0  0]
 [21  2  0  0  0  0  0  0  0  0  0  0  0  0  0  0  0  0  0  0  0  0  0]
 [22  0  0  0  0  0  0  0  0  0  0  0  0  0  0  0  0  0  0  0  0  0  0]
 [23 11 19 28 20  8  0  0  0  0  0  0  0  0  0  0  0  0  0  0  0  0  0]
 [23  9 18 12 15  7  4  0  0  0  0  0  0  0  0  0  0  0  0  0  0  0  0]
 [15 26 10  0  0  0  0  0  0  0  0  0  0  0  0  0  0  0  0  0  0  0  0]
 [ 6  9 26 12  0  0  0  0  0  0  0  0  0  0  0  0  0  0  0  0  0  0  0]]
gen= [[24 12  2  0  0  0  0  0  0  0  0  0  0  0  0  0  0  0  0  0  0  0  0]
 [10  2  1  0  0  0  0  0  0  0  0  0  0  0  0  0  0  0  0  0  0  0  0]
 [10  0  0  0  0  0  0  0  0  0  0  0  0  0  0  0  0  0  0  0  0  0  0]
 [ 5 20 17 24  0  0  0  0  0  0  0  0  0  0  0  0  0  0  0  0  0  0  0]
 [ 2 21  0  0  0  0  0  0  0  0  0  0  0  0  0  0  0  0  0  0  0  0  0]
 [22  0  0  0  0  0  0  0  0  0  0  0  0  0  0  0  0  0  0  0  0  0  0]
 [19  8 23 28 20  0  0  0  0  0  0  0  0  0  0  0  0  0  0  0  0  0  0]
 [ 9 15 12  0  0  0  0  0  0  0  0  0  0  0  0  0  0  0  0  0  0  0  0]
 [15 26 10  0  0  0  0  0  0  0  0  0  0  0  0  0  0  0  0  0  0  0  0]
 [ 6  9 26  0  0  0  0  0  0  0  0  0  0  0  0  0  0  0  0  0  0  0  0]]
valid: gen=0.53
reward: norm=0.9657546593863189
[ 50 iterations]
real= [[ 7 15 21  8  5 27  0  0  0  0  0  0  0  0  0  0  0  0  0  0  0  0  0]
 [15 24  2  4  0  0  0  0  0  0  0  0  0  0  0  0  0  0  0  0  0  0  0]
 [19  3 14 13 20  2  0  0  0  0  0  0  0  0  0  0  0  0  0  0  0  0  0]
 [25  2 14 10 12 23  0  0  0  0  0  0  0  0  0  0  0  0  0  0  0  0  0]
 [14 17 10 12 27  0  0  0  0  0  0  0  0  0  0  0  0  0  0  0  0  0  0]
 [14 25  9  0  0  0  0  0  0  0  0  0  0  0  0  0  0  0  0  0  0  0  0]
 [27 17 13 10 15  0  0  0  0  0  0  0  0  0  0  0  0  0  0  0  0  0  0]
 [23 22  6 13 14  3  9 19 20  0  0  0  0  0  0  0  0  0  0  0  0  0  0]
 [17 11  5 27  0  0  0  0  0  0  0  0  0  0  0  0  0  0  0  0  0  0  0]
 [25  0  0  0  0  0  0  0  0  0  0  0  0  0  0  0  0  0  0  0  0  0  0]]
gen= [[ 5  8 27  7 15  0  0  0  0  0  0  0  0  0  0  0  0  0  0  0  0  0  0]
 [ 2 15  4  0  0  0  0  0  0  0  0  0  0  0  0  0  0  0  0  0  0  0  0]
 [13  2 20  0  0  0  0  0  0  0  0  0  0  0  0  0  0  0  0  0  0  0  0]
 [12 23  2 25  0  0  0  0  0  0  0  0  0  0  0  0  0  0  0  0  0  0  0]
 [12 17 10 14 27  0  0  0  0  0  0  0  0  0  0  0  0  0  0  0  0  0  0]
 [ 9 14 25  0  0  0  0  0  0  0  0  0  0  0  0  0  0  0  0  0  0  0  0]
 [13 17 15 10  0  0  0  0  0  0  0  0  0  0  0  0  0  0  0  0  0  0  0]
 [19 13  6  9 20  0  0  0  0  0  0  0  0  0  0  0  0  0  0  0  0  0  0]
 [17  5  0  0  0  0  0  0  0  0  0  0  0  0  0  0  0  0  0  0  0  0  0]
 [25  0  0  0  0  0  0  0  0  0  0  0  0  0  0  0  0  0  0  0  0  0  0]]
valid: gen=0.576
reward: norm=0.96293856778871
[ 60 iterations]
real= [[15 19  5 26  0  0  0  0  0  0  0  0  0  0  0  0  0  0  0  0  0  0  0]
 [ 5  4  9 16 10 24  0  0  0  0  0  0  0  0  0  0  0  0  0  0  0  0  0]
 [ 7 23  0  0  0  0  0  0  0  0  0  0  0  0  0  0  0  0  0  0  0  0  0]
 [23  9 18 10  0  0  0  0  0  0  0  0  0  0  0  0  0  0  0  0  0  0  0]
 [23  9  2  0  0  0  0  0  0  0  0  0  0  0  0  0  0  0  0  0  0  0  0]
 [ 3 27  0  0  0  0  0  0  0  0  0  0  0  0  0  0  0  0  0  0  0  0  0]
 [17 16 18 12  7  0  0  0  0  0  0  0  0  0  0  0  0  0  0  0  0  0  0]
 [17 13  5 26  0  0  0  0  0  0  0  0  0  0  0  0  0  0  0  0  0  0  0]
 [14 10 18  5 20  0  0  0  0  0  0  0  0  0  0  0  0  0  0  0  0  0  0]
 [19  9  2 28  0  0  0  0  0  0  0  0  0  0  0  0  0  0  0  0  0  0  0]]
gen= [[15 19  5 26  0  0  0  0  0  0  0  0  0  0  0  0  0  0  0  0  0  0  0]
 [ 9 24  5  4  0  0  0  0  0  0  0  0  0  0  0  0  0  0  0  0  0  0  0]
 [ 7 23  0  0  0  0  0  0  0  0  0  0  0  0  0  0  0  0  0  0  0  0  0]
 [18  9 10 23  0  0  0  0  0  0  0  0  0  0  0  0  0  0  0  0  0  0  0]
 [ 9  2 23  0  0  0  0  0  0  0  0  0  0  0  0  0  0  0  0  0  0  0  0]
 [ 3 27  0  0  0  0  0  0  0  0  0  0  0  0  0  0  0  0  0  0  0  0  0]
 [17 18  7 12  0  0  0  0  0  0  0  0  0  0  0  0  0  0  0  0  0  0  0]
 [17 13  5 26  0  0  0  0  0  0  0  0  0  0  0  0  0  0  0  0  0  0  0]
 [ 5 20 10 14 18  0  0  0  0  0  0  0  0  0  0  0  0  0  0  0  0  0  0]
 [ 9 19  2 28  0  0  0  0  0  0  0  0  0  0  0  0  0  0  0  0  0  0  0]]
valid: gen=0.559
reward: norm=0.9649852397098528
[ 70 iterations]
real= [[ 2  0  0  0  0  0  0  0  0  0  0  0  0  0  0  0  0  0  0  0  0  0  0]
 [23 18 14 21 24  7  5  0  0  0  0  0  0  0  0  0  0  0  0  0  0  0  0]
 [ 6 18 19 25  8  0  0  0  0  0  0  0  0  0  0  0  0  0  0  0  0  0  0]
 [22  8  5 28  0  0  0  0  0  0  0  0  0  0  0  0  0  0  0  0  0  0  0]
 [ 7 23 26  0  0  0  0  0  0  0  0  0  0  0  0  0  0  0  0  0  0  0  0]
 [21 19  4 27 20  0  0  0  0  0  0  0  0  0  0  0  0  0  0  0  0  0  0]
 [ 4  1 18 16 19 23  0  0  0  0  0  0  0  0  0  0  0  0  0  0  0  0  0]
 [13  0  0  0  0  0  0  0  0  0  0  0  0  0  0  0  0  0  0  0  0  0  0]
 [ 7  2 28  1  8  0  0  0  0  0  0  0  0  0  0  0  0  0  0  0  0  0  0]
 [25  9 13 23  0  0  0  0  0  0  0  0  0  0  0  0  0  0  0  0  0  0  0]]
gen= [[ 2  0  0  0  0  0  0  0  0  0  0  0  0  0  0  0  0  0  0  0  0  0  0]
 [ 5 18  7  0  0  0  0  0  0  0  0  0  0  0  0  0  0  0  0  0  0  0  0]
 [19  8 25  0  0  0  0  0  0  0  0  0  0  0  0  0  0  0  0  0  0  0  0]
 [ 8  5 22  0  0  0  0  0  0  0  0  0  0  0  0  0  0  0  0  0  0  0  0]
 [26  7 23  0  0  0  0  0  0  0  0  0  0  0  0  0  0  0  0  0  0  0  0]
 [19 20 21  0  0  0  0  0  0  0  0  0  0  0  0  0  0  0  0  0  0  0  0]
 [ 4 19 18  0  0  0  0  0  0  0  0  0  0  0  0  0  0  0  0  0  0  0  0]
 [13  0  0  0  0  0  0  0  0  0  0  0  0  0  0  0  0  0  0  0  0  0  0]
 [ 8  2  0  0  0  0  0  0  0  0  0  0  0  0  0  0  0  0  0  0  0  0  0]
 [13  9 23  0  0  0  0  0  0  0  0  0  0  0  0  0  0  0  0  0  0  0  0]]
valid: gen=0.424
reward: norm=0.976896583629359
[ 80 iterations]
real= [[24 27  2  0  0  0  0  0  0  0  0  0  0  0  0  0  0  0  0  0  0  0  0]
 [22 26  0  0  0  0  0  0  0  0  0  0  0  0  0  0  0  0  0  0  0  0  0]
 [ 3 21  9 28  8 20  0  0  0  0  0  0  0  0  0  0  0  0  0  0  0  0  0]
 [15  6 19 25 27  0  0  0  0  0  0  0  0  0  0  0  0  0  0  0  0  0  0]
 [20  0  0  0  0  0  0  0  0  0  0  0  0  0  0  0  0  0  0  0  0  0  0]
 [16  0  0  0  0  0  0  0  0  0  0  0  0  0  0  0  0  0  0  0  0  0  0]
 [25 19  2  1  0  0  0  0  0  0  0  0  0  0  0  0  0  0  0  0  0  0  0]
 [20  1 28 19 14  6 15  0  0  0  0  0  0  0  0  0  0  0  0  0  0  0  0]
 [27  3 13  0  0  0  0  0  0  0  0  0  0  0  0  0  0  0  0  0  0  0  0]
 [20 26 10 28  0  0  0  0  0  0  0  0  0  0  0  0  0  0  0  0  0  0  0]]
gen= [[ 2 24 27  0  0  0  0  0  0  0  0  0  0  0  0  0  0  0  0  0  0  0  0]
 [26 22  0  0  0  0  0  0  0  0  0  0  0  0  0  0  0  0  0  0  0  0  0]
 [ 8  3 20  9  0  0  0  0  0  0  0  0  0  0  0  0  0  0  0  0  0  0  0]
 [19  6  0  0  0  0  0  0  0  0  0  0  0  0  0  0  0  0  0  0  0  0  0]
 [20  0  0  0  0  0  0  0  0  0  0  0  0  0  0  0  0  0  0  0  0  0  0]
 [16  0  0  0  0  0  0  0  0  0  0  0  0  0  0  0  0  0  0  0  0  0  0]
 [19  2  0  0  0  0  0  0  0  0  0  0  0  0  0  0  0  0  0  0  0  0  0]
 [ 6 15 19 14  0  0  0  0  0  0  0  0  0  0  0  0  0  0  0  0  0  0  0]
 [13 27  0  0  0  0  0  0  0  0  0  0  0  0  0  0  0  0  0  0  0  0  0]
 [26 20 28  0  0  0  0  0  0  0  0  0  0  0  0  0  0  0  0  0  0  0  0]]
valid: gen=0.488
reward: norm=0.9666421003169161
[ 90 iterations]
real= [[24  2 12  0  0  0  0  0  0  0  0  0  0  0  0  0  0  0  0  0  0  0  0]
 [ 1  2 10  0  0  0  0  0  0  0  0  0  0  0  0  0  0  0  0  0  0  0  0]
 [10  0  0  0  0  0  0  0  0  0  0  0  0  0  0  0  0  0  0  0  0  0  0]
 [27  5 20 21 17 24 26  0  0  0  0  0  0  0  0  0  0  0  0  0  0  0  0]
 [21  2  0  0  0  0  0  0  0  0  0  0  0  0  0  0  0  0  0  0  0  0  0]
 [22  0  0  0  0  0  0  0  0  0  0  0  0  0  0  0  0  0  0  0  0  0  0]
 [23 11 19 28 20  8  0  0  0  0  0  0  0  0  0  0  0  0  0  0  0  0  0]
 [23  9 18 12 15  7  4  0  0  0  0  0  0  0  0  0  0  0  0  0  0  0  0]
 [15 26 10  0  0  0  0  0  0  0  0  0  0  0  0  0  0  0  0  0  0  0  0]
 [ 6  9 26 12  0  0  0  0  0  0  0  0  0  0  0  0  0  0  0  0  0  0  0]]
gen= [[12  2 24  0  0  0  0  0  0  0  0  0  0  0  0  0  0  0  0  0  0  0  0]
 [ 2 10  1  0  0  0  0  0  0  0  0  0  0  0  0  0  0  0  0  0  0  0  0]
 [10  0  0  0  0  0  0  0  0  0  0  0  0  0  0  0  0  0  0  0  0  0  0]
 [17  5 20 26 27  0  0  0  0  0  0  0  0  0  0  0  0  0  0  0  0  0  0]
 [21  2  0  0  0  0  0  0  0  0  0  0  0  0  0  0  0  0  0  0  0  0  0]
 [22  0  0  0  0  0  0  0  0  0  0  0  0  0  0  0  0  0  0  0  0  0  0]
 [11  8 19 23 20  0  0  0  0  0  0  0  0  0  0  0  0  0  0  0  0  0  0]
 [15 18 23  7  9  0  0  0  0  0  0  0  0  0  0  0  0  0  0  0  0  0  0]
 [26 10 15  0  0  0  0  0  0  0  0  0  0  0  0  0  0  0  0  0  0  0  0]
 [ 9 26  6  0  0  0  0  0  0  0  0  0  0  0  0  0  0  0  0  0  0  0  0]]
valid: gen=0.537
reward: norm=0.9662034458541481
[ 100 iterations]
real= [[ 7 15 21  8  5 27  0  0  0  0  0  0  0  0  0  0  0  0  0  0  0  0  0]
 [15 24  2  4  0  0  0  0  0  0  0  0  0  0  0  0  0  0  0  0  0  0  0]
 [19  3 14 13 20  2  0  0  0  0  0  0  0  0  0  0  0  0  0  0  0  0  0]
 [25  2 14 10 12 23  0  0  0  0  0  0  0  0  0  0  0  0  0  0  0  0  0]
 [14 17 10 12 27  0  0  0  0  0  0  0  0  0  0  0  0  0  0  0  0  0  0]
 [14 25  9  0  0  0  0  0  0  0  0  0  0  0  0  0  0  0  0  0  0  0  0]
 [27 17 13 10 15  0  0  0  0  0  0  0  0  0  0  0  0  0  0  0  0  0  0]
 [23 22  6 13 14  3  9 19 20  0  0  0  0  0  0  0  0  0  0  0  0  0  0]
 [17 11  5 27  0  0  0  0  0  0  0  0  0  0  0  0  0  0  0  0  0  0  0]
 [25  0  0  0  0  0  0  0  0  0  0  0  0  0  0  0  0  0  0  0  0  0  0]]
gen= [[15  8  7 27  5  0  0  0  0  0  0  0  0  0  0  0  0  0  0  0  0  0  0]
 [ 2  4 24  0  0  0  0  0  0  0  0  0  0  0  0  0  0  0  0  0  0  0  0]
 [19 13  2 20  0  0  0  0  0  0  0  0  0  0  0  0  0  0  0  0  0  0  0]
 [ 2 25 10 23  0  0  0  0  0  0  0  0  0  0  0  0  0  0  0  0  0  0  0]
 [10 17 12 14  0  0  0  0  0  0  0  0  0  0  0  0  0  0  0  0  0  0  0]
 [ 9 25 14  0  0  0  0  0  0  0  0  0  0  0  0  0  0  0  0  0  0  0  0]
 [17 13 10 15 27  0  0  0  0  0  0  0  0  0  0  0  0  0  0  0  0  0  0]
 [19 13  9 14 23 20  0  0  0  0  0  0  0  0  0  0  0  0  0  0  0  0  0]
 [17 11  5 27  0  0  0  0  0  0  0  0  0  0  0  0  0  0  0  0  0  0  0]
 [25  0  0  0  0  0  0  0  0  0  0  0  0  0  0  0  0  0  0  0  0  0  0]]
valid: gen=0.559
reward: norm=0.9648188271668624
[ 110 iterations]
real= [[15 19  5 26  0  0  0  0  0  0  0  0  0  0  0  0  0  0  0  0  0  0  0]
 [ 5  4  9 16 10 24  0  0  0  0  0  0  0  0  0  0  0  0  0  0  0  0  0]
 [ 7 23  0  0  0  0  0  0  0  0  0  0  0  0  0  0  0  0  0  0  0  0  0]
 [23  9 18 10  0  0  0  0  0  0  0  0  0  0  0  0  0  0  0  0  0  0  0]
 [23  9  2  0  0  0  0  0  0  0  0  0  0  0  0  0  0  0  0  0  0  0  0]
 [ 3 27  0  0  0  0  0  0  0  0  0  0  0  0  0  0  0  0  0  0  0  0  0]
 [17 16 18 12  7  0  0  0  0  0  0  0  0  0  0  0  0  0  0  0  0  0  0]
 [17 13  5 26  0  0  0  0  0  0  0  0  0  0  0  0  0  0  0  0  0  0  0]
 [14 10 18  5 20  0  0  0  0  0  0  0  0  0  0  0  0  0  0  0  0  0  0]
 [19  9  2 28  0  0  0  0  0  0  0  0  0  0  0  0  0  0  0  0  0  0  0]]
gen= [[19 26 15  5  0  0  0  0  0  0  0  0  0  0  0  0  0  0  0  0  0  0  0]
 [ 9  4 24  5  0  0  0  0  0  0  0  0  0  0  0  0  0  0  0  0  0  0  0]
 [ 7 23  0  0  0  0  0  0  0  0  0  0  0  0  0  0  0  0  0  0  0  0  0]
 [ 9 10 23 18  0  0  0  0  0  0  0  0  0  0  0  0  0  0  0  0  0  0  0]
 [ 9  2 23  0  0  0  0  0  0  0  0  0  0  0  0  0  0  0  0  0  0  0  0]
 [ 3 27  0  0  0  0  0  0  0  0  0  0  0  0  0  0  0  0  0  0  0  0  0]
 [17 18 12  7  0  0  0  0  0  0  0  0  0  0  0  0  0  0  0  0  0  0  0]
 [17 13 26  0  0  0  0  0  0  0  0  0  0  0  0  0  0  0  0  0  0  0  0]
 [ 5 10 14 18 20  0  0  0  0  0  0  0  0  0  0  0  0  0  0  0  0  0  0]
 [19  2  9 28  0  0  0  0  0  0  0  0  0  0  0  0  0  0  0  0  0  0  0]]
valid: gen=0.572
reward: norm=0.9645769181492955
[ 120 iterations]
real= [[ 2  0  0  0  0  0  0  0  0  0  0  0  0  0  0  0  0  0  0  0  0  0  0]
 [23 18 14 21 24  7  5  0  0  0  0  0  0  0  0  0  0  0  0  0  0  0  0]
 [ 6 18 19 25  8  0  0  0  0  0  0  0  0  0  0  0  0  0  0  0  0  0  0]
 [22  8  5 28  0  0  0  0  0  0  0  0  0  0  0  0  0  0  0  0  0  0  0]
 [ 7 23 26  0  0  0  0  0  0  0  0  0  0  0  0  0  0  0  0  0  0  0  0]
 [21 19  4 27 20  0  0  0  0  0  0  0  0  0  0  0  0  0  0  0  0  0  0]
 [ 4  1 18 16 19 23  0  0  0  0  0  0  0  0  0  0  0  0  0  0  0  0  0]
 [13  0  0  0  0  0  0  0  0  0  0  0  0  0  0  0  0  0  0  0  0  0  0]
 [ 7  2 28  1  8  0  0  0  0  0  0  0  0  0  0  0  0  0  0  0  0  0  0]
 [25  9 13 23  0  0  0  0  0  0  0  0  0  0  0  0  0  0  0  0  0  0  0]]
gen= [[ 2  0  0  0  0  0  0  0  0  0  0  0  0  0  0  0  0  0  0  0  0  0  0]
 [ 5 18 24  0  0  0  0  0  0  0  0  0  0  0  0  0  0  0  0  0  0  0  0]
 [19  8 25  0  0  0  0  0  0  0  0  0  0  0  0  0  0  0  0  0  0  0  0]
 [28  8  5  0  0  0  0  0  0  0  0  0  0  0  0  0  0  0  0  0  0  0  0]
 [26 23  7  0  0  0  0  0  0  0  0  0  0  0  0  0  0  0  0  0  0  0  0]
 [19 20 21  0  0  0  0  0  0  0  0  0  0  0  0  0  0  0  0  0  0  0  0]
 [19 18  4  0  0  0  0  0  0  0  0  0  0  0  0  0  0  0  0  0  0  0  0]
 [13  0  0  0  0  0  0  0  0  0  0  0  0  0  0  0  0  0  0  0  0  0  0]
 [ 2  8  1  0  0  0  0  0  0  0  0  0  0  0  0  0  0  0  0  0  0  0  0]
 [13  9 23  0  0  0  0  0  0  0  0  0  0  0  0  0  0  0  0  0  0  0  0]]
valid: gen=0.427
reward: norm=0.9773899726170886
[ 130 iterations]
real= [[24 27  2  0  0  0  0  0  0  0  0  0  0  0  0  0  0  0  0  0  0  0  0]
 [22 26  0  0  0  0  0  0  0  0  0  0  0  0  0  0  0  0  0  0  0  0  0]
 [ 3 21  9 28  8 20  0  0  0  0  0  0  0  0  0  0  0  0  0  0  0  0  0]
 [15  6 19 25 27  0  0  0  0  0  0  0  0  0  0  0  0  0  0  0  0  0  0]
 [20  0  0  0  0  0  0  0  0  0  0  0  0  0  0  0  0  0  0  0  0  0  0]
 [16  0  0  0  0  0  0  0  0  0  0  0  0  0  0  0  0  0  0  0  0  0  0]
 [25 19  2  1  0  0  0  0  0  0  0  0  0  0  0  0  0  0  0  0  0  0  0]
 [20  1 28 19 14  6 15  0  0  0  0  0  0  0  0  0  0  0  0  0  0  0  0]
 [27  3 13  0  0  0  0  0  0  0  0  0  0  0  0  0  0  0  0  0  0  0  0]
 [20 26 10 28  0  0  0  0  0  0  0  0  0  0  0  0  0  0  0  0  0  0  0]]
gen= [[ 2 27 24  0  0  0  0  0  0  0  0  0  0  0  0  0  0  0  0  0  0  0  0]
 [26 22  0  0  0  0  0  0  0  0  0  0  0  0  0  0  0  0  0  0  0  0  0]
 [ 9  8 20  3  0  0  0  0  0  0  0  0  0  0  0  0  0  0  0  0  0  0  0]
 [ 6 19 15  0  0  0  0  0  0  0  0  0  0  0  0  0  0  0  0  0  0  0  0]
 [20  0  0  0  0  0  0  0  0  0  0  0  0  0  0  0  0  0  0  0  0  0  0]
 [16  0  0  0  0  0  0  0  0  0  0  0  0  0  0  0  0  0  0  0  0  0  0]
 [19  2  0  0  0  0  0  0  0  0  0  0  0  0  0  0  0  0  0  0  0  0  0]
 [19  6  0  0  0  0  0  0  0  0  0  0  0  0  0  0  0  0  0  0  0  0  0]
 [13 27  0  0  0  0  0  0  0  0  0  0  0  0  0  0  0  0  0  0  0  0  0]
 [20 26 28  0  0  0  0  0  0  0  0  0  0  0  0  0  0  0  0  0  0  0  0]]
valid: gen=0.49
reward: norm=0.9640505798917216
[ 140 iterations]
real= [[24  2 12  0  0  0  0  0  0  0  0  0  0  0  0  0  0  0  0  0  0  0  0]
 [ 1  2 10  0  0  0  0  0  0  0  0  0  0  0  0  0  0  0  0  0  0  0  0]
 [10  0  0  0  0  0  0  0  0  0  0  0  0  0  0  0  0  0  0  0  0  0  0]
 [27  5 20 21 17 24 26  0  0  0  0  0  0  0  0  0  0  0  0  0  0  0  0]
 [21  2  0  0  0  0  0  0  0  0  0  0  0  0  0  0  0  0  0  0  0  0  0]
 [22  0  0  0  0  0  0  0  0  0  0  0  0  0  0  0  0  0  0  0  0  0  0]
 [23 11 19 28 20  8  0  0  0  0  0  0  0  0  0  0  0  0  0  0  0  0  0]
 [23  9 18 12 15  7  4  0  0  0  0  0  0  0  0  0  0  0  0  0  0  0  0]
 [15 26 10  0  0  0  0  0  0  0  0  0  0  0  0  0  0  0  0  0  0  0  0]
 [ 6  9 26 12  0  0  0  0  0  0  0  0  0  0  0  0  0  0  0  0  0  0  0]]
gen= [[ 2 12 24  0  0  0  0  0  0  0  0  0  0  0  0  0  0  0  0  0  0  0  0]
 [ 2 10  1  0  0  0  0  0  0  0  0  0  0  0  0  0  0  0  0  0  0  0  0]
 [10  0  0  0  0  0  0  0  0  0  0  0  0  0  0  0  0  0  0  0  0  0  0]
 [17 24 26 20 27  0  0  0  0  0  0  0  0  0  0  0  0  0  0  0  0  0  0]
 [ 2 21  0  0  0  0  0  0  0  0  0  0  0  0  0  0  0  0  0  0  0  0  0]
 [22  0  0  0  0  0  0  0  0  0  0  0  0  0  0  0  0  0  0  0  0  0  0]
 [ 8 11 19 23 20  0  0  0  0  0  0  0  0  0  0  0  0  0  0  0  0  0  0]
 [ 9 15 23 18  7  0  0  0  0  0  0  0  0  0  0  0  0  0  0  0  0  0  0]
 [10 26 15  0  0  0  0  0  0  0  0  0  0  0  0  0  0  0  0  0  0  0  0]
 [ 9  6  0  0  0  0  0  0  0  0  0  0  0  0  0  0  0  0  0  0  0  0  0]]
valid: gen=0.505
reward: norm=0.9664792814794324
[ 150 iterations]
real= [[ 7 15 21  8  5 27  0  0  0  0  0  0  0  0  0  0  0  0  0  0  0  0  0]
 [15 24  2  4  0  0  0  0  0  0  0  0  0  0  0  0  0  0  0  0  0  0  0]
 [19  3 14 13 20  2  0  0  0  0  0  0  0  0  0  0  0  0  0  0  0  0  0]
 [25  2 14 10 12 23  0  0  0  0  0  0  0  0  0  0  0  0  0  0  0  0  0]
 [14 17 10 12 27  0  0  0  0  0  0  0  0  0  0  0  0  0  0  0  0  0  0]
 [14 25  9  0  0  0  0  0  0  0  0  0  0  0  0  0  0  0  0  0  0  0  0]
 [27 17 13 10 15  0  0  0  0  0  0  0  0  0  0  0  0  0  0  0  0  0  0]
 [23 22  6 13 14  3  9 19 20  0  0  0  0  0  0  0  0  0  0  0  0  0  0]
 [17 11  5 27  0  0  0  0  0  0  0  0  0  0  0  0  0  0  0  0  0  0  0]
 [25  0  0  0  0  0  0  0  0  0  0  0  0  0  0  0  0  0  0  0  0  0  0]]
gen= [[ 5  8 27  7 15  0  0  0  0  0  0  0  0  0  0  0  0  0  0  0  0  0  0]
 [15  2  4  0  0  0  0  0  0  0  0  0  0  0  0  0  0  0  0  0  0  0  0]
 [13 19 14 20  0  0  0  0  0  0  0  0  0  0  0  0  0  0  0  0  0  0  0]
 [ 2 12 23 14  0  0  0  0  0  0  0  0  0  0  0  0  0  0  0  0  0  0  0]
 [10 17 14 12 27  0  0  0  0  0  0  0  0  0  0  0  0  0  0  0  0  0  0]
 [25  9 14  0  0  0  0  0  0  0  0  0  0  0  0  0  0  0  0  0  0  0  0]
 [13 17 27 15  0  0  0  0  0  0  0  0  0  0  0  0  0  0  0  0  0  0  0]
 [13  6 19 20  0  0  0  0  0  0  0  0  0  0  0  0  0  0  0  0  0  0  0]
 [17 11 27  0  0  0  0  0  0  0  0  0  0  0  0  0  0  0  0  0  0  0  0]
 [25  0  0  0  0  0  0  0  0  0  0  0  0  0  0  0  0  0  0  0  0  0  0]]
valid: gen=0.58
reward: norm=0.9601688104980395
[ 160 iterations]
real= [[15 19  5 26  0  0  0  0  0  0  0  0  0  0  0  0  0  0  0  0  0  0  0]
 [ 5  4  9 16 10 24  0  0  0  0  0  0  0  0  0  0  0  0  0  0  0  0  0]
 [ 7 23  0  0  0  0  0  0  0  0  0  0  0  0  0  0  0  0  0  0  0  0  0]
 [23  9 18 10  0  0  0  0  0  0  0  0  0  0  0  0  0  0  0  0  0  0  0]
 [23  9  2  0  0  0  0  0  0  0  0  0  0  0  0  0  0  0  0  0  0  0  0]
 [ 3 27  0  0  0  0  0  0  0  0  0  0  0  0  0  0  0  0  0  0  0  0  0]
 [17 16 18 12  7  0  0  0  0  0  0  0  0  0  0  0  0  0  0  0  0  0  0]
 [17 13  5 26  0  0  0  0  0  0  0  0  0  0  0  0  0  0  0  0  0  0  0]
 [14 10 18  5 20  0  0  0  0  0  0  0  0  0  0  0  0  0  0  0  0  0  0]
 [19  9  2 28  0  0  0  0  0  0  0  0  0  0  0  0  0  0  0  0  0  0  0]]
gen= [[19 26 15  5  0  0  0  0  0  0  0  0  0  0  0  0  0  0  0  0  0  0  0]
 [ 9 24 16  5  0  0  0  0  0  0  0  0  0  0  0  0  0  0  0  0  0  0  0]
 [ 7 23  0  0  0  0  0  0  0  0  0  0  0  0  0  0  0  0  0  0  0  0  0]
 [ 9 18 23 10  0  0  0  0  0  0  0  0  0  0  0  0  0  0  0  0  0  0  0]
 [ 2  9 23  0  0  0  0  0  0  0  0  0  0  0  0  0  0  0  0  0  0  0  0]
 [ 3 27  0  0  0  0  0  0  0  0  0  0  0  0  0  0  0  0  0  0  0  0  0]
 [12 17 18 16  7  0  0  0  0  0  0  0  0  0  0  0  0  0  0  0  0  0  0]
 [17 13 26  0  0  0  0  0  0  0  0  0  0  0  0  0  0  0  0  0  0  0  0]
 [ 5 14 20 18  0  0  0  0  0  0  0  0  0  0  0  0  0  0  0  0  0  0  0]
 [ 2 19  0  0  0  0  0  0  0  0  0  0  0  0  0  0  0  0  0  0  0  0  0]]
valid: gen=0.579
reward: norm=0.9636497250863993
[ 170 iterations]
real= [[ 2  0  0  0  0  0  0  0  0  0  0  0  0  0  0  0  0  0  0  0  0  0  0]
 [23 18 14 21 24  7  5  0  0  0  0  0  0  0  0  0  0  0  0  0  0  0  0]
 [ 6 18 19 25  8  0  0  0  0  0  0  0  0  0  0  0  0  0  0  0  0  0  0]
 [22  8  5 28  0  0  0  0  0  0  0  0  0  0  0  0  0  0  0  0  0  0  0]
 [ 7 23 26  0  0  0  0  0  0  0  0  0  0  0  0  0  0  0  0  0  0  0  0]
 [21 19  4 27 20  0  0  0  0  0  0  0  0  0  0  0  0  0  0  0  0  0  0]
 [ 4  1 18 16 19 23  0  0  0  0  0  0  0  0  0  0  0  0  0  0  0  0  0]
 [13  0  0  0  0  0  0  0  0  0  0  0  0  0  0  0  0  0  0  0  0  0  0]
 [ 7  2 28  1  8  0  0  0  0  0  0  0  0  0  0  0  0  0  0  0  0  0  0]
 [25  9 13 23  0  0  0  0  0  0  0  0  0  0  0  0  0  0  0  0  0  0  0]]
gen= [[ 2  0  0  0  0  0  0  0  0  0  0  0  0  0  0  0  0  0  0  0  0  0  0]
 [ 5 18 24  0  0  0  0  0  0  0  0  0  0  0  0  0  0  0  0  0  0  0  0]
 [19  6  0  0  0  0  0  0  0  0  0  0  0  0  0  0  0  0  0  0  0  0  0]
 [ 8  5 22  0  0  0  0  0  0  0  0  0  0  0  0  0  0  0  0  0  0  0  0]
 [26  7 23  0  0  0  0  0  0  0  0  0  0  0  0  0  0  0  0  0  0  0  0]
 [19  4 20  0  0  0  0  0  0  0  0  0  0  0  0  0  0  0  0  0  0  0  0]
 [19  4 18  0  0  0  0  0  0  0  0  0  0  0  0  0  0  0  0  0  0  0  0]
 [13  0  0  0  0  0  0  0  0  0  0  0  0  0  0  0  0  0  0  0  0  0  0]
 [ 8  2  0  0  0  0  0  0  0  0  0  0  0  0  0  0  0  0  0  0  0  0  0]
 [13  9 23  0  0  0  0  0  0  0  0  0  0  0  0  0  0  0  0  0  0  0  0]]
valid: gen=0.427
reward: norm=0.9763464981198408
[ 180 iterations]
real= [[24 27  2  0  0  0  0  0  0  0  0  0  0  0  0  0  0  0  0  0  0  0  0]
 [22 26  0  0  0  0  0  0  0  0  0  0  0  0  0  0  0  0  0  0  0  0  0]
 [ 3 21  9 28  8 20  0  0  0  0  0  0  0  0  0  0  0  0  0  0  0  0  0]
 [15  6 19 25 27  0  0  0  0  0  0  0  0  0  0  0  0  0  0  0  0  0  0]
 [20  0  0  0  0  0  0  0  0  0  0  0  0  0  0  0  0  0  0  0  0  0  0]
 [16  0  0  0  0  0  0  0  0  0  0  0  0  0  0  0  0  0  0  0  0  0  0]
 [25 19  2  1  0  0  0  0  0  0  0  0  0  0  0  0  0  0  0  0  0  0  0]
 [20  1 28 19 14  6 15  0  0  0  0  0  0  0  0  0  0  0  0  0  0  0  0]
 [27  3 13  0  0  0  0  0  0  0  0  0  0  0  0  0  0  0  0  0  0  0  0]
 [20 26 10 28  0  0  0  0  0  0  0  0  0  0  0  0  0  0  0  0  0  0  0]]
gen= [[ 2 24 27  0  0  0  0  0  0  0  0  0  0  0  0  0  0  0  0  0  0  0  0]
 [26 22  0  0  0  0  0  0  0  0  0  0  0  0  0  0  0  0  0  0  0  0  0]
 [ 8  9  3 20 28  0  0  0  0  0  0  0  0  0  0  0  0  0  0  0  0  0  0]
 [19  6  0  0  0  0  0  0  0  0  0  0  0  0  0  0  0  0  0  0  0  0  0]
 [20  0  0  0  0  0  0  0  0  0  0  0  0  0  0  0  0  0  0  0  0  0  0]
 [16  0  0  0  0  0  0  0  0  0  0  0  0  0  0  0  0  0  0  0  0  0  0]
 [ 2 19  1 25  0  0  0  0  0  0  0  0  0  0  0  0  0  0  0  0  0  0  0]
 [19  6  0  0  0  0  0  0  0  0  0  0  0  0  0  0  0  0  0  0  0  0  0]
 [13  3 27  0  0  0  0  0  0  0  0  0  0  0  0  0  0  0  0  0  0  0  0]
 [26 20 10  0  0  0  0  0  0  0  0  0  0  0  0  0  0  0  0  0  0  0  0]]
valid: gen=0.5
reward: norm=0.9665607221494706
[ 190 iterations]
real= [[24  2 12  0  0  0  0  0  0  0  0  0  0  0  0  0  0  0  0  0  0  0  0]
 [ 1  2 10  0  0  0  0  0  0  0  0  0  0  0  0  0  0  0  0  0  0  0  0]
 [10  0  0  0  0  0  0  0  0  0  0  0  0  0  0  0  0  0  0  0  0  0  0]
 [27  5 20 21 17 24 26  0  0  0  0  0  0  0  0  0  0  0  0  0  0  0  0]
 [21  2  0  0  0  0  0  0  0  0  0  0  0  0  0  0  0  0  0  0  0  0  0]
 [22  0  0  0  0  0  0  0  0  0  0  0  0  0  0  0  0  0  0  0  0  0  0]
 [23 11 19 28 20  8  0  0  0  0  0  0  0  0  0  0  0  0  0  0  0  0  0]
 [23  9 18 12 15  7  4  0  0  0  0  0  0  0  0  0  0  0  0  0  0  0  0]
 [15 26 10  0  0  0  0  0  0  0  0  0  0  0  0  0  0  0  0  0  0  0  0]
 [ 6  9 26 12  0  0  0  0  0  0  0  0  0  0  0  0  0  0  0  0  0  0  0]]
gen= [[ 2 24 12  0  0  0  0  0  0  0  0  0  0  0  0  0  0  0  0  0  0  0  0]
 [10  2  0  0  0  0  0  0  0  0  0  0  0  0  0  0  0  0  0  0  0  0  0]
 [10  0  0  0  0  0  0  0  0  0  0  0  0  0  0  0  0  0  0  0  0  0  0]
 [17 26 24  0  0  0  0  0  0  0  0  0  0  0  0  0  0  0  0  0  0  0  0]
 [ 2 21  0  0  0  0  0  0  0  0  0  0  0  0  0  0  0  0  0  0  0  0  0]
 [22  0  0  0  0  0  0  0  0  0  0  0  0  0  0  0  0  0  0  0  0  0  0]
 [19  8 11  0  0  0  0  0  0  0  0  0  0  0  0  0  0  0  0  0  0  0  0]
 [ 9  4 15 23  7  0  0  0  0  0  0  0  0  0  0  0  0  0  0  0  0  0  0]
 [26 10 15  0  0  0  0  0  0  0  0  0  0  0  0  0  0  0  0  0  0  0  0]
 [12  6  0  0  0  0  0  0  0  0  0  0  0  0  0  0  0  0  0  0  0  0  0]]
valid: gen=0.487
reward: norm=0.9687545450686034
[ 200 iterations]
real= [[ 7 15 21  8  5 27  0  0  0  0  0  0  0  0  0  0  0  0  0  0  0  0  0]
 [15 24  2  4  0  0  0  0  0  0  0  0  0  0  0  0  0  0  0  0  0  0  0]
 [19  3 14 13 20  2  0  0  0  0  0  0  0  0  0  0  0  0  0  0  0  0  0]
 [25  2 14 10 12 23  0  0  0  0  0  0  0  0  0  0  0  0  0  0  0  0  0]
 [14 17 10 12 27  0  0  0  0  0  0  0  0  0  0  0  0  0  0  0  0  0  0]
 [14 25  9  0  0  0  0  0  0  0  0  0  0  0  0  0  0  0  0  0  0  0  0]
 [27 17 13 10 15  0  0  0  0  0  0  0  0  0  0  0  0  0  0  0  0  0  0]
 [23 22  6 13 14  3  9 19 20  0  0  0  0  0  0  0  0  0  0  0  0  0  0]
 [17 11  5 27  0  0  0  0  0  0  0  0  0  0  0  0  0  0  0  0  0  0  0]
 [25  0  0  0  0  0  0  0  0  0  0  0  0  0  0  0  0  0  0  0  0  0  0]]
gen= [[ 8  7 27 15  5  0  0  0  0  0  0  0  0  0  0  0  0  0  0  0  0  0  0]
 [ 2 15 24  0  0  0  0  0  0  0  0  0  0  0  0  0  0  0  0  0  0  0  0]
 [19  2 14  3 20  0  0  0  0  0  0  0  0  0  0  0  0  0  0  0  0  0  0]
 [ 2 23 14 12  0  0  0  0  0  0  0  0  0  0  0  0  0  0  0  0  0  0  0]
 [17 12 14 10 27  0  0  0  0  0  0  0  0  0  0  0  0  0  0  0  0  0  0]
 [ 9 25 14  0  0  0  0  0  0  0  0  0  0  0  0  0  0  0  0  0  0  0  0]
 [13 17 10 15 27  0  0  0  0  0  0  0  0  0  0  0  0  0  0  0  0  0  0]
 [13 19 14 23 20  0  0  0  0  0  0  0  0  0  0  0  0  0  0  0  0  0  0]
 [17 11 27  5  0  0  0  0  0  0  0  0  0  0  0  0  0  0  0  0  0  0  0]
 [25  0  0  0  0  0  0  0  0  0  0  0  0  0  0  0  0  0  0  0  0  0  0]]
valid: gen=0.558
reward: norm=0.9624224656428866
[ 210 iterations]
real= [[15 19  5 26  0  0  0  0  0  0  0  0  0  0  0  0  0  0  0  0  0  0  0]
 [ 5  4  9 16 10 24  0  0  0  0  0  0  0  0  0  0  0  0  0  0  0  0  0]
 [ 7 23  0  0  0  0  0  0  0  0  0  0  0  0  0  0  0  0  0  0  0  0  0]
 [23  9 18 10  0  0  0  0  0  0  0  0  0  0  0  0  0  0  0  0  0  0  0]
 [23  9  2  0  0  0  0  0  0  0  0  0  0  0  0  0  0  0  0  0  0  0  0]
 [ 3 27  0  0  0  0  0  0  0  0  0  0  0  0  0  0  0  0  0  0  0  0  0]
 [17 16 18 12  7  0  0  0  0  0  0  0  0  0  0  0  0  0  0  0  0  0  0]
 [17 13  5 26  0  0  0  0  0  0  0  0  0  0  0  0  0  0  0  0  0  0  0]
 [14 10 18  5 20  0  0  0  0  0  0  0  0  0  0  0  0  0  0  0  0  0  0]
 [19  9  2 28  0  0  0  0  0  0  0  0  0  0  0  0  0  0  0  0  0  0  0]]
gen= [[19 26 15  5  0  0  0  0  0  0  0  0  0  0  0  0  0  0  0  0  0  0  0]
 [ 9 10 24  4  5  0  0  0  0  0  0  0  0  0  0  0  0  0  0  0  0  0  0]
 [23  7  0  0  0  0  0  0  0  0  0  0  0  0  0  0  0  0  0  0  0  0  0]
 [10  9 23 18  0  0  0  0  0  0  0  0  0  0  0  0  0  0  0  0  0  0  0]
 [ 2  9 23  0  0  0  0  0  0  0  0  0  0  0  0  0  0  0  0  0  0  0  0]
 [27  3  0  0  0  0  0  0  0  0  0  0  0  0  0  0  0  0  0  0  0  0  0]
 [ 7 17 18 16 12  0  0  0  0  0  0  0  0  0  0  0  0  0  0  0  0  0  0]
 [17 13 26  0  0  0  0  0  0  0  0  0  0  0  0  0  0  0  0  0  0  0  0]
 [20 14 10 18  5  0  0  0  0  0  0  0  0  0  0  0  0  0  0  0  0  0  0]
 [19  2  9 28  0  0  0  0  0  0  0  0  0  0  0  0  0  0  0  0  0  0  0]]
valid: gen=0.59
reward: norm=0.9631893818918699
[ 220 iterations]
real= [[ 2  0  0  0  0  0  0  0  0  0  0  0  0  0  0  0  0  0  0  0  0  0  0]
 [23 18 14 21 24  7  5  0  0  0  0  0  0  0  0  0  0  0  0  0  0  0  0]
 [ 6 18 19 25  8  0  0  0  0  0  0  0  0  0  0  0  0  0  0  0  0  0  0]
 [22  8  5 28  0  0  0  0  0  0  0  0  0  0  0  0  0  0  0  0  0  0  0]
 [ 7 23 26  0  0  0  0  0  0  0  0  0  0  0  0  0  0  0  0  0  0  0  0]
 [21 19  4 27 20  0  0  0  0  0  0  0  0  0  0  0  0  0  0  0  0  0  0]
 [ 4  1 18 16 19 23  0  0  0  0  0  0  0  0  0  0  0  0  0  0  0  0  0]
 [13  0  0  0  0  0  0  0  0  0  0  0  0  0  0  0  0  0  0  0  0  0  0]
 [ 7  2 28  1  8  0  0  0  0  0  0  0  0  0  0  0  0  0  0  0  0  0  0]
 [25  9 13 23  0  0  0  0  0  0  0  0  0  0  0  0  0  0  0  0  0  0  0]]
gen= [[ 2  0  0  0  0  0  0  0  0  0  0  0  0  0  0  0  0  0  0  0  0  0  0]
 [ 5 23 14  0  0  0  0  0  0  0  0  0  0  0  0  0  0  0  0  0  0  0  0]
 [ 8 19 25  0  0  0  0  0  0  0  0  0  0  0  0  0  0  0  0  0  0  0  0]
 [ 8 28 22  0  0  0  0  0  0  0  0  0  0  0  0  0  0  0  0  0  0  0  0]
 [26 23  7  0  0  0  0  0  0  0  0  0  0  0  0  0  0  0  0  0  0  0  0]
 [19 20  4  0  0  0  0  0  0  0  0  0  0  0  0  0  0  0  0  0  0  0  0]
 [ 4 19 16  0  0  0  0  0  0  0  0  0  0  0  0  0  0  0  0  0  0  0  0]
 [13  0  0  0  0  0  0  0  0  0  0  0  0  0  0  0  0  0  0  0  0  0  0]
 [ 8  2  0  0  0  0  0  0  0  0  0  0  0  0  0  0  0  0  0  0  0  0  0]
 [13  9 23  0  0  0  0  0  0  0  0  0  0  0  0  0  0  0  0  0  0  0  0]]
valid: gen=0.423
reward: norm=0.9765018726509274
[ 230 iterations]
real= [[24 27  2  0  0  0  0  0  0  0  0  0  0  0  0  0  0  0  0  0  0  0  0]
 [22 26  0  0  0  0  0  0  0  0  0  0  0  0  0  0  0  0  0  0  0  0  0]
 [ 3 21  9 28  8 20  0  0  0  0  0  0  0  0  0  0  0  0  0  0  0  0  0]
 [15  6 19 25 27  0  0  0  0  0  0  0  0  0  0  0  0  0  0  0  0  0  0]
 [20  0  0  0  0  0  0  0  0  0  0  0  0  0  0  0  0  0  0  0  0  0  0]
 [16  0  0  0  0  0  0  0  0  0  0  0  0  0  0  0  0  0  0  0  0  0  0]
 [25 19  2  1  0  0  0  0  0  0  0  0  0  0  0  0  0  0  0  0  0  0  0]
 [20  1 28 19 14  6 15  0  0  0  0  0  0  0  0  0  0  0  0  0  0  0  0]
 [27  3 13  0  0  0  0  0  0  0  0  0  0  0  0  0  0  0  0  0  0  0  0]
 [20 26 10 28  0  0  0  0  0  0  0  0  0  0  0  0  0  0  0  0  0  0  0]]
gen= [[ 2 24 27  0  0  0  0  0  0  0  0  0  0  0  0  0  0  0  0  0  0  0  0]
 [22 26  0  0  0  0  0  0  0  0  0  0  0  0  0  0  0  0  0  0  0  0  0]
 [ 8  9  3 20 28  0  0  0  0  0  0  0  0  0  0  0  0  0  0  0  0  0  0]
 [19 25 15 27  0  0  0  0  0  0  0  0  0  0  0  0  0  0  0  0  0  0  0]
 [20  0  0  0  0  0  0  0  0  0  0  0  0  0  0  0  0  0  0  0  0  0  0]
 [16  0  0  0  0  0  0  0  0  0  0  0  0  0  0  0  0  0  0  0  0  0  0]
 [19  2  0  0  0  0  0  0  0  0  0  0  0  0  0  0  0  0  0  0  0  0  0]
 [15 19 14  1 20  0  0  0  0  0  0  0  0  0  0  0  0  0  0  0  0  0  0]
 [13  3 27  0  0  0  0  0  0  0  0  0  0  0  0  0  0  0  0  0  0  0  0]
 [26 10 20 28  0  0  0  0  0  0  0  0  0  0  0  0  0  0  0  0  0  0  0]]
valid: gen=0.491
reward: norm=0.966679513539547
[ 240 iterations]
real= [[24  2 12  0  0  0  0  0  0  0  0  0  0  0  0  0  0  0  0  0  0  0  0]
 [ 1  2 10  0  0  0  0  0  0  0  0  0  0  0  0  0  0  0  0  0  0  0  0]
 [10  0  0  0  0  0  0  0  0  0  0  0  0  0  0  0  0  0  0  0  0  0  0]
 [27  5 20 21 17 24 26  0  0  0  0  0  0  0  0  0  0  0  0  0  0  0  0]
 [21  2  0  0  0  0  0  0  0  0  0  0  0  0  0  0  0  0  0  0  0  0  0]
 [22  0  0  0  0  0  0  0  0  0  0  0  0  0  0  0  0  0  0  0  0  0  0]
 [23 11 19 28 20  8  0  0  0  0  0  0  0  0  0  0  0  0  0  0  0  0  0]
 [23  9 18 12 15  7  4  0  0  0  0  0  0  0  0  0  0  0  0  0  0  0  0]
 [15 26 10  0  0  0  0  0  0  0  0  0  0  0  0  0  0  0  0  0  0  0  0]
 [ 6  9 26 12  0  0  0  0  0  0  0  0  0  0  0  0  0  0  0  0  0  0  0]]
gen= [[ 2 24 12  0  0  0  0  0  0  0  0  0  0  0  0  0  0  0  0  0  0  0  0]
 [ 1  2  0  0  0  0  0  0  0  0  0  0  0  0  0  0  0  0  0  0  0  0  0]
 [10  0  0  0  0  0  0  0  0  0  0  0  0  0  0  0  0  0  0  0  0  0  0]
 [17 24 26 20 27  0  0  0  0  0  0  0  0  0  0  0  0  0  0  0  0  0  0]
 [ 2 21  0  0  0  0  0  0  0  0  0  0  0  0  0  0  0  0  0  0  0  0  0]
 [22  0  0  0  0  0  0  0  0  0  0  0  0  0  0  0  0  0  0  0  0  0  0]
 [11 19  8 23 20  0  0  0  0  0  0  0  0  0  0  0  0  0  0  0  0  0  0]
 [ 9 23 18  7 15  0  0  0  0  0  0  0  0  0  0  0  0  0  0  0  0  0  0]
 [10 26 15  0  0  0  0  0  0  0  0  0  0  0  0  0  0  0  0  0  0  0  0]
 [ 6  9 26 12  0  0  0  0  0  0  0  0  0  0  0  0  0  0  0  0  0  0  0]]
valid: gen=0.499
reward: norm=0.9685401014807449
[ 250 iterations]
real= [[ 7 15 21  8  5 27  0  0  0  0  0  0  0  0  0  0  0  0  0  0  0  0  0]
 [15 24  2  4  0  0  0  0  0  0  0  0  0  0  0  0  0  0  0  0  0  0  0]
 [19  3 14 13 20  2  0  0  0  0  0  0  0  0  0  0  0  0  0  0  0  0  0]
 [25  2 14 10 12 23  0  0  0  0  0  0  0  0  0  0  0  0  0  0  0  0  0]
 [14 17 10 12 27  0  0  0  0  0  0  0  0  0  0  0  0  0  0  0  0  0  0]
 [14 25  9  0  0  0  0  0  0  0  0  0  0  0  0  0  0  0  0  0  0  0  0]
 [27 17 13 10 15  0  0  0  0  0  0  0  0  0  0  0  0  0  0  0  0  0  0]
 [23 22  6 13 14  3  9 19 20  0  0  0  0  0  0  0  0  0  0  0  0  0  0]
 [17 11  5 27  0  0  0  0  0  0  0  0  0  0  0  0  0  0  0  0  0  0  0]
 [25  0  0  0  0  0  0  0  0  0  0  0  0  0  0  0  0  0  0  0  0  0  0]]
gen= [[ 8  5  7 15 27  0  0  0  0  0  0  0  0  0  0  0  0  0  0  0  0  0  0]
 [ 4  2 24 15  0  0  0  0  0  0  0  0  0  0  0  0  0  0  0  0  0  0  0]
 [13 19 14 20  0  0  0  0  0  0  0  0  0  0  0  0  0  0  0  0  0  0  0]
 [25  2 14 23 12  0  0  0  0  0  0  0  0  0  0  0  0  0  0  0  0  0  0]
 [10 17 14 12 27  0  0  0  0  0  0  0  0  0  0  0  0  0  0  0  0  0  0]
 [25 14  9  0  0  0  0  0  0  0  0  0  0  0  0  0  0  0  0  0  0  0  0]
 [13 17 10 15 27  0  0  0  0  0  0  0  0  0  0  0  0  0  0  0  0  0  0]
 [19 13 14  6 23 20  0  0  0  0  0  0  0  0  0  0  0  0  0  0  0  0  0]
 [17 11  5  0  0  0  0  0  0  0  0  0  0  0  0  0  0  0  0  0  0  0  0]
 [25  0  0  0  0  0  0  0  0  0  0  0  0  0  0  0  0  0  0  0  0  0  0]]
valid: gen=0.566
reward: norm=0.961048969779285
[ 260 iterations]
real= [[15 19  5 26  0  0  0  0  0  0  0  0  0  0  0  0  0  0  0  0  0  0  0]
 [ 5  4  9 16 10 24  0  0  0  0  0  0  0  0  0  0  0  0  0  0  0  0  0]
 [ 7 23  0  0  0  0  0  0  0  0  0  0  0  0  0  0  0  0  0  0  0  0  0]
 [23  9 18 10  0  0  0  0  0  0  0  0  0  0  0  0  0  0  0  0  0  0  0]
 [23  9  2  0  0  0  0  0  0  0  0  0  0  0  0  0  0  0  0  0  0  0  0]
 [ 3 27  0  0  0  0  0  0  0  0  0  0  0  0  0  0  0  0  0  0  0  0  0]
 [17 16 18 12  7  0  0  0  0  0  0  0  0  0  0  0  0  0  0  0  0  0  0]
 [17 13  5 26  0  0  0  0  0  0  0  0  0  0  0  0  0  0  0  0  0  0  0]
 [14 10 18  5 20  0  0  0  0  0  0  0  0  0  0  0  0  0  0  0  0  0  0]
 [19  9  2 28  0  0  0  0  0  0  0  0  0  0  0  0  0  0  0  0  0  0  0]]
gen= [[19 26 15  5  0  0  0  0  0  0  0  0  0  0  0  0  0  0  0  0  0  0  0]
 [ 9 24 16  4  0  0  0  0  0  0  0  0  0  0  0  0  0  0  0  0  0  0  0]
 [ 7 23  0  0  0  0  0  0  0  0  0  0  0  0  0  0  0  0  0  0  0  0  0]
 [18  9 23 10  0  0  0  0  0  0  0  0  0  0  0  0  0  0  0  0  0  0  0]
 [ 9  2 23  0  0  0  0  0  0  0  0  0  0  0  0  0  0  0  0  0  0  0  0]
 [ 3 27  0  0  0  0  0  0  0  0  0  0  0  0  0  0  0  0  0  0  0  0  0]
 [17  7 18 12  0  0  0  0  0  0  0  0  0  0  0  0  0  0  0  0  0  0  0]
 [13 17 26  0  0  0  0  0  0  0  0  0  0  0  0  0  0  0  0  0  0  0  0]
 [20 14 18 10  5  0  0  0  0  0  0  0  0  0  0  0  0  0  0  0  0  0  0]
 [19  9  2 28  0  0  0  0  0  0  0  0  0  0  0  0  0  0  0  0  0  0  0]]
valid: gen=0.586
reward: norm=0.9609847354805312
[ 270 iterations]
real= [[ 2  0  0  0  0  0  0  0  0  0  0  0  0  0  0  0  0  0  0  0  0  0  0]
 [23 18 14 21 24  7  5  0  0  0  0  0  0  0  0  0  0  0  0  0  0  0  0]
 [ 6 18 19 25  8  0  0  0  0  0  0  0  0  0  0  0  0  0  0  0  0  0  0]
 [22  8  5 28  0  0  0  0  0  0  0  0  0  0  0  0  0  0  0  0  0  0  0]
 [ 7 23 26  0  0  0  0  0  0  0  0  0  0  0  0  0  0  0  0  0  0  0  0]
 [21 19  4 27 20  0  0  0  0  0  0  0  0  0  0  0  0  0  0  0  0  0  0]
 [ 4  1 18 16 19 23  0  0  0  0  0  0  0  0  0  0  0  0  0  0  0  0  0]
 [13  0  0  0  0  0  0  0  0  0  0  0  0  0  0  0  0  0  0  0  0  0  0]
 [ 7  2 28  1  8  0  0  0  0  0  0  0  0  0  0  0  0  0  0  0  0  0  0]
 [25  9 13 23  0  0  0  0  0  0  0  0  0  0  0  0  0  0  0  0  0  0  0]]
gen= [[ 2  0  0  0  0  0  0  0  0  0  0  0  0  0  0  0  0  0  0  0  0  0  0]
 [21 23  7  0  0  0  0  0  0  0  0  0  0  0  0  0  0  0  0  0  0  0  0]
 [19  8 25  0  0  0  0  0  0  0  0  0  0  0  0  0  0  0  0  0  0  0  0]
 [ 8 22  5  0  0  0  0  0  0  0  0  0  0  0  0  0  0  0  0  0  0  0  0]
 [26  7 23  0  0  0  0  0  0  0  0  0  0  0  0  0  0  0  0  0  0  0  0]
 [19 20  4  0  0  0  0  0  0  0  0  0  0  0  0  0  0  0  0  0  0  0  0]
 [19 16 23  0  0  0  0  0  0  0  0  0  0  0  0  0  0  0  0  0  0  0  0]
 [13  0  0  0  0  0  0  0  0  0  0  0  0  0  0  0  0  0  0  0  0  0  0]
 [ 8  2  0  0  0  0  0  0  0  0  0  0  0  0  0  0  0  0  0  0  0  0  0]
 [13 25 23  0  0  0  0  0  0  0  0  0  0  0  0  0  0  0  0  0  0  0  0]]
valid: gen=0.424
reward: norm=0.9756438636947536
[ 280 iterations]
real= [[24 27  2  0  0  0  0  0  0  0  0  0  0  0  0  0  0  0  0  0  0  0  0]
 [22 26  0  0  0  0  0  0  0  0  0  0  0  0  0  0  0  0  0  0  0  0  0]
 [ 3 21  9 28  8 20  0  0  0  0  0  0  0  0  0  0  0  0  0  0  0  0  0]
 [15  6 19 25 27  0  0  0  0  0  0  0  0  0  0  0  0  0  0  0  0  0  0]
 [20  0  0  0  0  0  0  0  0  0  0  0  0  0  0  0  0  0  0  0  0  0  0]
 [16  0  0  0  0  0  0  0  0  0  0  0  0  0  0  0  0  0  0  0  0  0  0]
 [25 19  2  1  0  0  0  0  0  0  0  0  0  0  0  0  0  0  0  0  0  0  0]
 [20  1 28 19 14  6 15  0  0  0  0  0  0  0  0  0  0  0  0  0  0  0  0]
 [27  3 13  0  0  0  0  0  0  0  0  0  0  0  0  0  0  0  0  0  0  0  0]
 [20 26 10 28  0  0  0  0  0  0  0  0  0  0  0  0  0  0  0  0  0  0  0]]
gen= [[ 2 24 27  0  0  0  0  0  0  0  0  0  0  0  0  0  0  0  0  0  0  0  0]
 [26 22  0  0  0  0  0  0  0  0  0  0  0  0  0  0  0  0  0  0  0  0  0]
 [ 8  9 20 28  3  0  0  0  0  0  0  0  0  0  0  0  0  0  0  0  0  0  0]
 [19 25 15 27  0  0  0  0  0  0  0  0  0  0  0  0  0  0  0  0  0  0  0]
 [20  0  0  0  0  0  0  0  0  0  0  0  0  0  0  0  0  0  0  0  0  0  0]
 [16  0  0  0  0  0  0  0  0  0  0  0  0  0  0  0  0  0  0  0  0  0  0]
 [ 2 19  1 25  0  0  0  0  0  0  0  0  0  0  0  0  0  0  0  0  0  0  0]
 [19  1 14 20 15  0  0  0  0  0  0  0  0  0  0  0  0  0  0  0  0  0  0]
 [13  3 27  0  0  0  0  0  0  0  0  0  0  0  0  0  0  0  0  0  0  0  0]
 [26 20 10  0  0  0  0  0  0  0  0  0  0  0  0  0  0  0  0  0  0  0  0]]
valid: gen=0.48
reward: norm=0.9666102522232941
[ 290 iterations]
real= [[24  2 12  0  0  0  0  0  0  0  0  0  0  0  0  0  0  0  0  0  0  0  0]
 [ 1  2 10  0  0  0  0  0  0  0  0  0  0  0  0  0  0  0  0  0  0  0  0]
 [10  0  0  0  0  0  0  0  0  0  0  0  0  0  0  0  0  0  0  0  0  0  0]
 [27  5 20 21 17 24 26  0  0  0  0  0  0  0  0  0  0  0  0  0  0  0  0]
 [21  2  0  0  0  0  0  0  0  0  0  0  0  0  0  0  0  0  0  0  0  0  0]
 [22  0  0  0  0  0  0  0  0  0  0  0  0  0  0  0  0  0  0  0  0  0  0]
 [23 11 19 28 20  8  0  0  0  0  0  0  0  0  0  0  0  0  0  0  0  0  0]
 [23  9 18 12 15  7  4  0  0  0  0  0  0  0  0  0  0  0  0  0  0  0  0]
 [15 26 10  0  0  0  0  0  0  0  0  0  0  0  0  0  0  0  0  0  0  0  0]
 [ 6  9 26 12  0  0  0  0  0  0  0  0  0  0  0  0  0  0  0  0  0  0  0]]
gen= [[24  2 12  0  0  0  0  0  0  0  0  0  0  0  0  0  0  0  0  0  0  0  0]
 [ 1  2  0  0  0  0  0  0  0  0  0  0  0  0  0  0  0  0  0  0  0  0  0]
 [10  0  0  0  0  0  0  0  0  0  0  0  0  0  0  0  0  0  0  0  0  0  0]
 [17 26 20  5 27  0  0  0  0  0  0  0  0  0  0  0  0  0  0  0  0  0  0]
 [ 2 21  0  0  0  0  0  0  0  0  0  0  0  0  0  0  0  0  0  0  0  0  0]
 [22  0  0  0  0  0  0  0  0  0  0  0  0  0  0  0  0  0  0  0  0  0  0]
 [ 8 19 11  0  0  0  0  0  0  0  0  0  0  0  0  0  0  0  0  0  0  0  0]
 [ 9 23  7  4 18  0  0  0  0  0  0  0  0  0  0  0  0  0  0  0  0  0  0]
 [26 10 15  0  0  0  0  0  0  0  0  0  0  0  0  0  0  0  0  0  0  0  0]
 [ 6 26  9 12  0  0  0  0  0  0  0  0  0  0  0  0  0  0  0  0  0  0  0]]
valid: gen=0.516
reward: norm=0.9691753995109201
[ 300 iterations]
real= [[ 7 15 21  8  5 27  0  0  0  0  0  0  0  0  0  0  0  0  0  0  0  0  0]
 [15 24  2  4  0  0  0  0  0  0  0  0  0  0  0  0  0  0  0  0  0  0  0]
 [19  3 14 13 20  2  0  0  0  0  0  0  0  0  0  0  0  0  0  0  0  0  0]
 [25  2 14 10 12 23  0  0  0  0  0  0  0  0  0  0  0  0  0  0  0  0  0]
 [14 17 10 12 27  0  0  0  0  0  0  0  0  0  0  0  0  0  0  0  0  0  0]
 [14 25  9  0  0  0  0  0  0  0  0  0  0  0  0  0  0  0  0  0  0  0  0]
 [27 17 13 10 15  0  0  0  0  0  0  0  0  0  0  0  0  0  0  0  0  0  0]
 [23 22  6 13 14  3  9 19 20  0  0  0  0  0  0  0  0  0  0  0  0  0  0]
 [17 11  5 27  0  0  0  0  0  0  0  0  0  0  0  0  0  0  0  0  0  0  0]
 [25  0  0  0  0  0  0  0  0  0  0  0  0  0  0  0  0  0  0  0  0  0  0]]
gen= [[ 8  7 27 15  5  0  0  0  0  0  0  0  0  0  0  0  0  0  0  0  0  0  0]
 [ 2 24 15  0  0  0  0  0  0  0  0  0  0  0  0  0  0  0  0  0  0  0  0]
 [13 19 14 20  0  0  0  0  0  0  0  0  0  0  0  0  0  0  0  0  0  0  0]
 [12 14  2 23  0  0  0  0  0  0  0  0  0  0  0  0  0  0  0  0  0  0  0]
 [17 10 14 12 27  0  0  0  0  0  0  0  0  0  0  0  0  0  0  0  0  0  0]
 [ 9 14 25  0  0  0  0  0  0  0  0  0  0  0  0  0  0  0  0  0  0  0  0]
 [13 17 10 27  0  0  0  0  0  0  0  0  0  0  0  0  0  0  0  0  0  0  0]
 [13  9 19 14 20 23  0  0  0  0  0  0  0  0  0  0  0  0  0  0  0  0  0]
 [11 17 27  5  0  0  0  0  0  0  0  0  0  0  0  0  0  0  0  0  0  0  0]
 [25  0  0  0  0  0  0  0  0  0  0  0  0  0  0  0  0  0  0  0  0  0  0]]
valid: gen=0.558
reward: norm=0.9632027422140219
[ 310 iterations]
real= [[15 19  5 26  0  0  0  0  0  0  0  0  0  0  0  0  0  0  0  0  0  0  0]
 [ 5  4  9 16 10 24  0  0  0  0  0  0  0  0  0  0  0  0  0  0  0  0  0]
 [ 7 23  0  0  0  0  0  0  0  0  0  0  0  0  0  0  0  0  0  0  0  0  0]
 [23  9 18 10  0  0  0  0  0  0  0  0  0  0  0  0  0  0  0  0  0  0  0]
 [23  9  2  0  0  0  0  0  0  0  0  0  0  0  0  0  0  0  0  0  0  0  0]
 [ 3 27  0  0  0  0  0  0  0  0  0  0  0  0  0  0  0  0  0  0  0  0  0]
 [17 16 18 12  7  0  0  0  0  0  0  0  0  0  0  0  0  0  0  0  0  0  0]
 [17 13  5 26  0  0  0  0  0  0  0  0  0  0  0  0  0  0  0  0  0  0  0]
 [14 10 18  5 20  0  0  0  0  0  0  0  0  0  0  0  0  0  0  0  0  0  0]
 [19  9  2 28  0  0  0  0  0  0  0  0  0  0  0  0  0  0  0  0  0  0  0]]
gen= [[26 19  5 15  0  0  0  0  0  0  0  0  0  0  0  0  0  0  0  0  0  0  0]
 [ 4  9 24 10  0  0  0  0  0  0  0  0  0  0  0  0  0  0  0  0  0  0  0]
 [ 7 23  0  0  0  0  0  0  0  0  0  0  0  0  0  0  0  0  0  0  0  0  0]
 [ 9 10 23 18  0  0  0  0  0  0  0  0  0  0  0  0  0  0  0  0  0  0  0]
 [ 9  2 23  0  0  0  0  0  0  0  0  0  0  0  0  0  0  0  0  0  0  0  0]
 [ 3 27  0  0  0  0  0  0  0  0  0  0  0  0  0  0  0  0  0  0  0  0  0]
 [17 18 16  7  0  0  0  0  0  0  0  0  0  0  0  0  0  0  0  0  0  0  0]
 [17 13  5 26  0  0  0  0  0  0  0  0  0  0  0  0  0  0  0  0  0  0  0]
 [18 14 10 20  0  0  0  0  0  0  0  0  0  0  0  0  0  0  0  0  0  0  0]
 [19  9  2 28  0  0  0  0  0  0  0  0  0  0  0  0  0  0  0  0  0  0  0]]
valid: gen=0.576
reward: norm=0.9620277730783077
[ 320 iterations]
real= [[ 2  0  0  0  0  0  0  0  0  0  0  0  0  0  0  0  0  0  0  0  0  0  0]
 [23 18 14 21 24  7  5  0  0  0  0  0  0  0  0  0  0  0  0  0  0  0  0]
 [ 6 18 19 25  8  0  0  0  0  0  0  0  0  0  0  0  0  0  0  0  0  0  0]
 [22  8  5 28  0  0  0  0  0  0  0  0  0  0  0  0  0  0  0  0  0  0  0]
 [ 7 23 26  0  0  0  0  0  0  0  0  0  0  0  0  0  0  0  0  0  0  0  0]
 [21 19  4 27 20  0  0  0  0  0  0  0  0  0  0  0  0  0  0  0  0  0  0]
 [ 4  1 18 16 19 23  0  0  0  0  0  0  0  0  0  0  0  0  0  0  0  0  0]
 [13  0  0  0  0  0  0  0  0  0  0  0  0  0  0  0  0  0  0  0  0  0  0]
 [ 7  2 28  1  8  0  0  0  0  0  0  0  0  0  0  0  0  0  0  0  0  0  0]
 [25  9 13 23  0  0  0  0  0  0  0  0  0  0  0  0  0  0  0  0  0  0  0]]
gen= [[ 2  0  0  0  0  0  0  0  0  0  0  0  0  0  0  0  0  0  0  0  0  0  0]
 [18 14 24  0  0  0  0  0  0  0  0  0  0  0  0  0  0  0  0  0  0  0  0]
 [19  8 25  0  0  0  0  0  0  0  0  0  0  0  0  0  0  0  0  0  0  0  0]
 [ 8 22  5  0  0  0  0  0  0  0  0  0  0  0  0  0  0  0  0  0  0  0  0]
 [26  7 23  0  0  0  0  0  0  0  0  0  0  0  0  0  0  0  0  0  0  0  0]
 [ 4 19 20  0  0  0  0  0  0  0  0  0  0  0  0  0  0  0  0  0  0  0  0]
 [19 16 23  0  0  0  0  0  0  0  0  0  0  0  0  0  0  0  0  0  0  0  0]
 [13  0  0  0  0  0  0  0  0  0  0  0  0  0  0  0  0  0  0  0  0  0  0]
 [ 8  2  0  0  0  0  0  0  0  0  0  0  0  0  0  0  0  0  0  0  0  0  0]
 [ 9 13 23  0  0  0  0  0  0  0  0  0  0  0  0  0  0  0  0  0  0  0  0]]
valid: gen=0.426
reward: norm=0.9738424563306893
[ 330 iterations]
real= [[24 27  2  0  0  0  0  0  0  0  0  0  0  0  0  0  0  0  0  0  0  0  0]
 [22 26  0  0  0  0  0  0  0  0  0  0  0  0  0  0  0  0  0  0  0  0  0]
 [ 3 21  9 28  8 20  0  0  0  0  0  0  0  0  0  0  0  0  0  0  0  0  0]
 [15  6 19 25 27  0  0  0  0  0  0  0  0  0  0  0  0  0  0  0  0  0  0]
 [20  0  0  0  0  0  0  0  0  0  0  0  0  0  0  0  0  0  0  0  0  0  0]
 [16  0  0  0  0  0  0  0  0  0  0  0  0  0  0  0  0  0  0  0  0  0  0]
 [25 19  2  1  0  0  0  0  0  0  0  0  0  0  0  0  0  0  0  0  0  0  0]
 [20  1 28 19 14  6 15  0  0  0  0  0  0  0  0  0  0  0  0  0  0  0  0]
 [27  3 13  0  0  0  0  0  0  0  0  0  0  0  0  0  0  0  0  0  0  0  0]
 [20 26 10 28  0  0  0  0  0  0  0  0  0  0  0  0  0  0  0  0  0  0  0]]
gen= [[ 2 24 27  0  0  0  0  0  0  0  0  0  0  0  0  0  0  0  0  0  0  0  0]
 [26 22  0  0  0  0  0  0  0  0  0  0  0  0  0  0  0  0  0  0  0  0  0]
 [ 8  9 20  3  0  0  0  0  0  0  0  0  0  0  0  0  0  0  0  0  0  0  0]
 [19  6  0  0  0  0  0  0  0  0  0  0  0  0  0  0  0  0  0  0  0  0  0]
 [20  0  0  0  0  0  0  0  0  0  0  0  0  0  0  0  0  0  0  0  0  0  0]
 [16  0  0  0  0  0  0  0  0  0  0  0  0  0  0  0  0  0  0  0  0  0  0]
 [19  2  0  0  0  0  0  0  0  0  0  0  0  0  0  0  0  0  0  0  0  0  0]
 [19 14 20  1 15  0  0  0  0  0  0  0  0  0  0  0  0  0  0  0  0  0  0]
 [13  3 27  0  0  0  0  0  0  0  0  0  0  0  0  0  0  0  0  0  0  0  0]
 [20 26 28  0  0  0  0  0  0  0  0  0  0  0  0  0  0  0  0  0  0  0  0]]
valid: gen=0.483
reward: norm=0.9666292912377866
[ 340 iterations]
real= [[24  2 12  0  0  0  0  0  0  0  0  0  0  0  0  0  0  0  0  0  0  0  0]
 [ 1  2 10  0  0  0  0  0  0  0  0  0  0  0  0  0  0  0  0  0  0  0  0]
 [10  0  0  0  0  0  0  0  0  0  0  0  0  0  0  0  0  0  0  0  0  0  0]
 [27  5 20 21 17 24 26  0  0  0  0  0  0  0  0  0  0  0  0  0  0  0  0]
 [21  2  0  0  0  0  0  0  0  0  0  0  0  0  0  0  0  0  0  0  0  0  0]
 [22  0  0  0  0  0  0  0  0  0  0  0  0  0  0  0  0  0  0  0  0  0  0]
 [23 11 19 28 20  8  0  0  0  0  0  0  0  0  0  0  0  0  0  0  0  0  0]
 [23  9 18 12 15  7  4  0  0  0  0  0  0  0  0  0  0  0  0  0  0  0  0]
 [15 26 10  0  0  0  0  0  0  0  0  0  0  0  0  0  0  0  0  0  0  0  0]
 [ 6  9 26 12  0  0  0  0  0  0  0  0  0  0  0  0  0  0  0  0  0  0  0]]
gen= [[ 2 24 12  0  0  0  0  0  0  0  0  0  0  0  0  0  0  0  0  0  0  0  0]
 [ 2 10  1  0  0  0  0  0  0  0  0  0  0  0  0  0  0  0  0  0  0  0  0]
 [10  0  0  0  0  0  0  0  0  0  0  0  0  0  0  0  0  0  0  0  0  0  0]
 [17 26 24  0  0  0  0  0  0  0  0  0  0  0  0  0  0  0  0  0  0  0  0]
 [ 2 21  0  0  0  0  0  0  0  0  0  0  0  0  0  0  0  0  0  0  0  0  0]
 [22  0  0  0  0  0  0  0  0  0  0  0  0  0  0  0  0  0  0  0  0  0  0]
 [11  8 19 20 23  0  0  0  0  0  0  0  0  0  0  0  0  0  0  0  0  0  0]
 [ 9  4  7 23 18  0  0  0  0  0  0  0  0  0  0  0  0  0  0  0  0  0  0]
 [26 10 15  0  0  0  0  0  0  0  0  0  0  0  0  0  0  0  0  0  0  0  0]
 [26  9 12  0  0  0  0  0  0  0  0  0  0  0  0  0  0  0  0  0  0  0  0]]
valid: gen=0.504
reward: norm=0.9679628920061949
[ 350 iterations]
real= [[ 7 15 21  8  5 27  0  0  0  0  0  0  0  0  0  0  0  0  0  0  0  0  0]
 [15 24  2  4  0  0  0  0  0  0  0  0  0  0  0  0  0  0  0  0  0  0  0]
 [19  3 14 13 20  2  0  0  0  0  0  0  0  0  0  0  0  0  0  0  0  0  0]
 [25  2 14 10 12 23  0  0  0  0  0  0  0  0  0  0  0  0  0  0  0  0  0]
 [14 17 10 12 27  0  0  0  0  0  0  0  0  0  0  0  0  0  0  0  0  0  0]
 [14 25  9  0  0  0  0  0  0  0  0  0  0  0  0  0  0  0  0  0  0  0  0]
 [27 17 13 10 15  0  0  0  0  0  0  0  0  0  0  0  0  0  0  0  0  0  0]
 [23 22  6 13 14  3  9 19 20  0  0  0  0  0  0  0  0  0  0  0  0  0  0]
 [17 11  5 27  0  0  0  0  0  0  0  0  0  0  0  0  0  0  0  0  0  0  0]
 [25  0  0  0  0  0  0  0  0  0  0  0  0  0  0  0  0  0  0  0  0  0  0]]
gen= [[ 8  7 27  5 15  0  0  0  0  0  0  0  0  0  0  0  0  0  0  0  0  0  0]
 [ 2  4 24 15  0  0  0  0  0  0  0  0  0  0  0  0  0  0  0  0  0  0  0]
 [19 13 14  2 20  0  0  0  0  0  0  0  0  0  0  0  0  0  0  0  0  0  0]
 [25  2 14 10 12 23  0  0  0  0  0  0  0  0  0  0  0  0  0  0  0  0  0]
 [17 14 10 12 27  0  0  0  0  0  0  0  0  0  0  0  0  0  0  0  0  0  0]
 [ 9 14 25  0  0  0  0  0  0  0  0  0  0  0  0  0  0  0  0  0  0  0  0]
 [17 13 10 27  0  0  0  0  0  0  0  0  0  0  0  0  0  0  0  0  0  0  0]
 [ 9 19 14  6 20 23  0  0  0  0  0  0  0  0  0  0  0  0  0  0  0  0  0]
 [11 17  5 27  0  0  0  0  0  0  0  0  0  0  0  0  0  0  0  0  0  0  0]
 [25  0  0  0  0  0  0  0  0  0  0  0  0  0  0  0  0  0  0  0  0  0  0]]
valid: gen=0.555
reward: norm=0.963465383115616
[ 360 iterations]
real= [[15 19  5 26  0  0  0  0  0  0  0  0  0  0  0  0  0  0  0  0  0  0  0]
 [ 5  4  9 16 10 24  0  0  0  0  0  0  0  0  0  0  0  0  0  0  0  0  0]
 [ 7 23  0  0  0  0  0  0  0  0  0  0  0  0  0  0  0  0  0  0  0  0  0]
 [23  9 18 10  0  0  0  0  0  0  0  0  0  0  0  0  0  0  0  0  0  0  0]
 [23  9  2  0  0  0  0  0  0  0  0  0  0  0  0  0  0  0  0  0  0  0  0]
 [ 3 27  0  0  0  0  0  0  0  0  0  0  0  0  0  0  0  0  0  0  0  0  0]
 [17 16 18 12  7  0  0  0  0  0  0  0  0  0  0  0  0  0  0  0  0  0  0]
 [17 13  5 26  0  0  0  0  0  0  0  0  0  0  0  0  0  0  0  0  0  0  0]
 [14 10 18  5 20  0  0  0  0  0  0  0  0  0  0  0  0  0  0  0  0  0  0]
 [19  9  2 28  0  0  0  0  0  0  0  0  0  0  0  0  0  0  0  0  0  0  0]]
gen= [[19 26  5 15  0  0  0  0  0  0  0  0  0  0  0  0  0  0  0  0  0  0  0]
 [ 4  9 16 24  0  0  0  0  0  0  0  0  0  0  0  0  0  0  0  0  0  0  0]
 [23  7  0  0  0  0  0  0  0  0  0  0  0  0  0  0  0  0  0  0  0  0  0]
 [ 9 10 18 23  0  0  0  0  0  0  0  0  0  0  0  0  0  0  0  0  0  0  0]
 [ 9  2 23  0  0  0  0  0  0  0  0  0  0  0  0  0  0  0  0  0  0  0  0]
 [27  3  0  0  0  0  0  0  0  0  0  0  0  0  0  0  0  0  0  0  0  0  0]
 [17 16  7 12  0  0  0  0  0  0  0  0  0  0  0  0  0  0  0  0  0  0  0]
 [17 13 26  0  0  0  0  0  0  0  0  0  0  0  0  0  0  0  0  0  0  0  0]
 [20 14 10 18  0  0  0  0  0  0  0  0  0  0  0  0  0  0  0  0  0  0  0]
 [19  2  9 28  0  0  0  0  0  0  0  0  0  0  0  0  0  0  0  0  0  0  0]]
valid: gen=0.59
reward: norm=0.960745602844471
[ 370 iterations]
real= [[ 2  0  0  0  0  0  0  0  0  0  0  0  0  0  0  0  0  0  0  0  0  0  0]
 [23 18 14 21 24  7  5  0  0  0  0  0  0  0  0  0  0  0  0  0  0  0  0]
 [ 6 18 19 25  8  0  0  0  0  0  0  0  0  0  0  0  0  0  0  0  0  0  0]
 [22  8  5 28  0  0  0  0  0  0  0  0  0  0  0  0  0  0  0  0  0  0  0]
 [ 7 23 26  0  0  0  0  0  0  0  0  0  0  0  0  0  0  0  0  0  0  0  0]
 [21 19  4 27 20  0  0  0  0  0  0  0  0  0  0  0  0  0  0  0  0  0  0]
 [ 4  1 18 16 19 23  0  0  0  0  0  0  0  0  0  0  0  0  0  0  0  0  0]
 [13  0  0  0  0  0  0  0  0  0  0  0  0  0  0  0  0  0  0  0  0  0  0]
 [ 7  2 28  1  8  0  0  0  0  0  0  0  0  0  0  0  0  0  0  0  0  0  0]
 [25  9 13 23  0  0  0  0  0  0  0  0  0  0  0  0  0  0  0  0  0  0  0]]
gen= [[ 2  0  0  0  0  0  0  0  0  0  0  0  0  0  0  0  0  0  0  0  0  0  0]
 [18 14  7  0  0  0  0  0  0  0  0  0  0  0  0  0  0  0  0  0  0  0  0]
 [19  8 25  0  0  0  0  0  0  0  0  0  0  0  0  0  0  0  0  0  0  0  0]
 [ 8 22 28  0  0  0  0  0  0  0  0  0  0  0  0  0  0  0  0  0  0  0  0]
 [26 23  7  0  0  0  0  0  0  0  0  0  0  0  0  0  0  0  0  0  0  0  0]
 [19 20  4  0  0  0  0  0  0  0  0  0  0  0  0  0  0  0  0  0  0  0  0]
 [19 16 23  0  0  0  0  0  0  0  0  0  0  0  0  0  0  0  0  0  0  0  0]
 [13  0  0  0  0  0  0  0  0  0  0  0  0  0  0  0  0  0  0  0  0  0  0]
 [ 8  7 28  0  0  0  0  0  0  0  0  0  0  0  0  0  0  0  0  0  0  0  0]
 [ 9 13 25  0  0  0  0  0  0  0  0  0  0  0  0  0  0  0  0  0  0  0  0]]
valid: gen=0.43
reward: norm=0.9741611627878368
[ 380 iterations]
real= [[24 27  2  0  0  0  0  0  0  0  0  0  0  0  0  0  0  0  0  0  0  0  0]
 [22 26  0  0  0  0  0  0  0  0  0  0  0  0  0  0  0  0  0  0  0  0  0]
 [ 3 21  9 28  8 20  0  0  0  0  0  0  0  0  0  0  0  0  0  0  0  0  0]
 [15  6 19 25 27  0  0  0  0  0  0  0  0  0  0  0  0  0  0  0  0  0  0]
 [20  0  0  0  0  0  0  0  0  0  0  0  0  0  0  0  0  0  0  0  0  0  0]
 [16  0  0  0  0  0  0  0  0  0  0  0  0  0  0  0  0  0  0  0  0  0  0]
 [25 19  2  1  0  0  0  0  0  0  0  0  0  0  0  0  0  0  0  0  0  0  0]
 [20  1 28 19 14  6 15  0  0  0  0  0  0  0  0  0  0  0  0  0  0  0  0]
 [27  3 13  0  0  0  0  0  0  0  0  0  0  0  0  0  0  0  0  0  0  0  0]
 [20 26 10 28  0  0  0  0  0  0  0  0  0  0  0  0  0  0  0  0  0  0  0]]
gen= [[ 2 24 27  0  0  0  0  0  0  0  0  0  0  0  0  0  0  0  0  0  0  0  0]
 [26 22  0  0  0  0  0  0  0  0  0  0  0  0  0  0  0  0  0  0  0  0  0]
 [ 8 20  9  3  0  0  0  0  0  0  0  0  0  0  0  0  0  0  0  0  0  0  0]
 [ 6 19 25 27  0  0  0  0  0  0  0  0  0  0  0  0  0  0  0  0  0  0  0]
 [20  0  0  0  0  0  0  0  0  0  0  0  0  0  0  0  0  0  0  0  0  0  0]
 [16  0  0  0  0  0  0  0  0  0  0  0  0  0  0  0  0  0  0  0  0  0  0]
 [19  2  0  0  0  0  0  0  0  0  0  0  0  0  0  0  0  0  0  0  0  0  0]
 [ 6 19 14 20  0  0  0  0  0  0  0  0  0  0  0  0  0  0  0  0  0  0  0]
 [13 27  0  0  0  0  0  0  0  0  0  0  0  0  0  0  0  0  0  0  0  0  0]
 [26 20 10  0  0  0  0  0  0  0  0  0  0  0  0  0  0  0  0  0  0  0  0]]
valid: gen=0.472
reward: norm=0.9654889973915337
[ 390 iterations]
real= [[24  2 12  0  0  0  0  0  0  0  0  0  0  0  0  0  0  0  0  0  0  0  0]
 [ 1  2 10  0  0  0  0  0  0  0  0  0  0  0  0  0  0  0  0  0  0  0  0]
 [10  0  0  0  0  0  0  0  0  0  0  0  0  0  0  0  0  0  0  0  0  0  0]
 [27  5 20 21 17 24 26  0  0  0  0  0  0  0  0  0  0  0  0  0  0  0  0]
 [21  2  0  0  0  0  0  0  0  0  0  0  0  0  0  0  0  0  0  0  0  0  0]
 [22  0  0  0  0  0  0  0  0  0  0  0  0  0  0  0  0  0  0  0  0  0  0]
 [23 11 19 28 20  8  0  0  0  0  0  0  0  0  0  0  0  0  0  0  0  0  0]
 [23  9 18 12 15  7  4  0  0  0  0  0  0  0  0  0  0  0  0  0  0  0  0]
 [15 26 10  0  0  0  0  0  0  0  0  0  0  0  0  0  0  0  0  0  0  0  0]
 [ 6  9 26 12  0  0  0  0  0  0  0  0  0  0  0  0  0  0  0  0  0  0  0]]
gen= [[ 2 24 12  0  0  0  0  0  0  0  0  0  0  0  0  0  0  0  0  0  0  0  0]
 [ 1  2  0  0  0  0  0  0  0  0  0  0  0  0  0  0  0  0  0  0  0  0  0]
 [10  0  0  0  0  0  0  0  0  0  0  0  0  0  0  0  0  0  0  0  0  0  0]
 [17 26 20  5 27  0  0  0  0  0  0  0  0  0  0  0  0  0  0  0  0  0  0]
 [21  2  0  0  0  0  0  0  0  0  0  0  0  0  0  0  0  0  0  0  0  0  0]
 [22  0  0  0  0  0  0  0  0  0  0  0  0  0  0  0  0  0  0  0  0  0  0]
 [ 8 19 11  0  0  0  0  0  0  0  0  0  0  0  0  0  0  0  0  0  0  0  0]
 [12  9  7  4 18  0  0  0  0  0  0  0  0  0  0  0  0  0  0  0  0  0  0]
 [26 10 15  0  0  0  0  0  0  0  0  0  0  0  0  0  0  0  0  0  0  0  0]
 [26  9 12  0  0  0  0  0  0  0  0  0  0  0  0  0  0  0  0  0  0  0  0]]
valid: gen=0.476
reward: norm=0.9677284920388958
[ 400 iterations]
real= [[ 7 15 21  8  5 27  0  0  0  0  0  0  0  0  0  0  0  0  0  0  0  0  0]
 [15 24  2  4  0  0  0  0  0  0  0  0  0  0  0  0  0  0  0  0  0  0  0]
 [19  3 14 13 20  2  0  0  0  0  0  0  0  0  0  0  0  0  0  0  0  0  0]
 [25  2 14 10 12 23  0  0  0  0  0  0  0  0  0  0  0  0  0  0  0  0  0]
 [14 17 10 12 27  0  0  0  0  0  0  0  0  0  0  0  0  0  0  0  0  0  0]
 [14 25  9  0  0  0  0  0  0  0  0  0  0  0  0  0  0  0  0  0  0  0  0]
 [27 17 13 10 15  0  0  0  0  0  0  0  0  0  0  0  0  0  0  0  0  0  0]
 [23 22  6 13 14  3  9 19 20  0  0  0  0  0  0  0  0  0  0  0  0  0  0]
 [17 11  5 27  0  0  0  0  0  0  0  0  0  0  0  0  0  0  0  0  0  0  0]
 [25  0  0  0  0  0  0  0  0  0  0  0  0  0  0  0  0  0  0  0  0  0  0]]
gen= [[ 8  7 27 15  5  0  0  0  0  0  0  0  0  0  0  0  0  0  0  0  0  0  0]
 [ 4  2 24 15  0  0  0  0  0  0  0  0  0  0  0  0  0  0  0  0  0  0  0]
 [13 19 14 20  0  0  0  0  0  0  0  0  0  0  0  0  0  0  0  0  0  0  0]
 [23 14  2 25 12  0  0  0  0  0  0  0  0  0  0  0  0  0  0  0  0  0  0]
 [17 14 10 12 27  0  0  0  0  0  0  0  0  0  0  0  0  0  0  0  0  0  0]
 [ 9 14 25  0  0  0  0  0  0  0  0  0  0  0  0  0  0  0  0  0  0  0  0]
 [17 13 10 27  0  0  0  0  0  0  0  0  0  0  0  0  0  0  0  0  0  0  0]
 [13 19 14  9 20 23  0  0  0  0  0  0  0  0  0  0  0  0  0  0  0  0  0]
 [17 11 27  5  0  0  0  0  0  0  0  0  0  0  0  0  0  0  0  0  0  0  0]
 [25  0  0  0  0  0  0  0  0  0  0  0  0  0  0  0  0  0  0  0  0  0  0]]
valid: gen=0.577
reward: norm=0.9623044194004902
[ 410 iterations]
real= [[15 19  5 26  0  0  0  0  0  0  0  0  0  0  0  0  0  0  0  0  0  0  0]
 [ 5  4  9 16 10 24  0  0  0  0  0  0  0  0  0  0  0  0  0  0  0  0  0]
 [ 7 23  0  0  0  0  0  0  0  0  0  0  0  0  0  0  0  0  0  0  0  0  0]
 [23  9 18 10  0  0  0  0  0  0  0  0  0  0  0  0  0  0  0  0  0  0  0]
 [23  9  2  0  0  0  0  0  0  0  0  0  0  0  0  0  0  0  0  0  0  0  0]
 [ 3 27  0  0  0  0  0  0  0  0  0  0  0  0  0  0  0  0  0  0  0  0  0]
 [17 16 18 12  7  0  0  0  0  0  0  0  0  0  0  0  0  0  0  0  0  0  0]
 [17 13  5 26  0  0  0  0  0  0  0  0  0  0  0  0  0  0  0  0  0  0  0]
 [14 10 18  5 20  0  0  0  0  0  0  0  0  0  0  0  0  0  0  0  0  0  0]
 [19  9  2 28  0  0  0  0  0  0  0  0  0  0  0  0  0  0  0  0  0  0  0]]
gen= [[26 19  5 15  0  0  0  0  0  0  0  0  0  0  0  0  0  0  0  0  0  0  0]
 [ 9 10 16 24  0  0  0  0  0  0  0  0  0  0  0  0  0  0  0  0  0  0  0]
 [ 7 23  0  0  0  0  0  0  0  0  0  0  0  0  0  0  0  0  0  0  0  0  0]
 [ 9 10 18 23  0  0  0  0  0  0  0  0  0  0  0  0  0  0  0  0  0  0  0]
 [ 9  2 23  0  0  0  0  0  0  0  0  0  0  0  0  0  0  0  0  0  0  0  0]
 [27  3  0  0  0  0  0  0  0  0  0  0  0  0  0  0  0  0  0  0  0  0  0]
 [17 16  7 12  0  0  0  0  0  0  0  0  0  0  0  0  0  0  0  0  0  0  0]
 [17 26  0  0  0  0  0  0  0  0  0  0  0  0  0  0  0  0  0  0  0  0  0]
 [10 14 20 18  0  0  0  0  0  0  0  0  0  0  0  0  0  0  0  0  0  0  0]
 [ 9 19  2 28  0  0  0  0  0  0  0  0  0  0  0  0  0  0  0  0  0  0  0]]
valid: gen=0.581
reward: norm=0.9600948337778136
[ 420 iterations]
real= [[ 2  0  0  0  0  0  0  0  0  0  0  0  0  0  0  0  0  0  0  0  0  0  0]
 [23 18 14 21 24  7  5  0  0  0  0  0  0  0  0  0  0  0  0  0  0  0  0]
 [ 6 18 19 25  8  0  0  0  0  0  0  0  0  0  0  0  0  0  0  0  0  0  0]
 [22  8  5 28  0  0  0  0  0  0  0  0  0  0  0  0  0  0  0  0  0  0  0]
 [ 7 23 26  0  0  0  0  0  0  0  0  0  0  0  0  0  0  0  0  0  0  0  0]
 [21 19  4 27 20  0  0  0  0  0  0  0  0  0  0  0  0  0  0  0  0  0  0]
 [ 4  1 18 16 19 23  0  0  0  0  0  0  0  0  0  0  0  0  0  0  0  0  0]
 [13  0  0  0  0  0  0  0  0  0  0  0  0  0  0  0  0  0  0  0  0  0  0]
 [ 7  2 28  1  8  0  0  0  0  0  0  0  0  0  0  0  0  0  0  0  0  0  0]
 [25  9 13 23  0  0  0  0  0  0  0  0  0  0  0  0  0  0  0  0  0  0  0]]
gen= [[ 2  0  0  0  0  0  0  0  0  0  0  0  0  0  0  0  0  0  0  0  0  0  0]
 [21 14  7  0  0  0  0  0  0  0  0  0  0  0  0  0  0  0  0  0  0  0  0]
 [19  8 25  0  0  0  0  0  0  0  0  0  0  0  0  0  0  0  0  0  0  0  0]
 [ 8 22  5  0  0  0  0  0  0  0  0  0  0  0  0  0  0  0  0  0  0  0  0]
 [26  7 23  0  0  0  0  0  0  0  0  0  0  0  0  0  0  0  0  0  0  0  0]
 [ 4 19 20  0  0  0  0  0  0  0  0  0  0  0  0  0  0  0  0  0  0  0  0]
 [ 4 19 16  0  0  0  0  0  0  0  0  0  0  0  0  0  0  0  0  0  0  0  0]
 [13  0  0  0  0  0  0  0  0  0  0  0  0  0  0  0  0  0  0  0  0  0  0]
 [ 8  2  0  0  0  0  0  0  0  0  0  0  0  0  0  0  0  0  0  0  0  0  0]
 [13  9 25  0  0  0  0  0  0  0  0  0  0  0  0  0  0  0  0  0  0  0  0]]
valid: gen=0.425
reward: norm=0.9726946822931717
[ 430 iterations]
real= [[24 27  2  0  0  0  0  0  0  0  0  0  0  0  0  0  0  0  0  0  0  0  0]
 [22 26  0  0  0  0  0  0  0  0  0  0  0  0  0  0  0  0  0  0  0  0  0]
 [ 3 21  9 28  8 20  0  0  0  0  0  0  0  0  0  0  0  0  0  0  0  0  0]
 [15  6 19 25 27  0  0  0  0  0  0  0  0  0  0  0  0  0  0  0  0  0  0]
 [20  0  0  0  0  0  0  0  0  0  0  0  0  0  0  0  0  0  0  0  0  0  0]
 [16  0  0  0  0  0  0  0  0  0  0  0  0  0  0  0  0  0  0  0  0  0  0]
 [25 19  2  1  0  0  0  0  0  0  0  0  0  0  0  0  0  0  0  0  0  0  0]
 [20  1 28 19 14  6 15  0  0  0  0  0  0  0  0  0  0  0  0  0  0  0  0]
 [27  3 13  0  0  0  0  0  0  0  0  0  0  0  0  0  0  0  0  0  0  0  0]
 [20 26 10 28  0  0  0  0  0  0  0  0  0  0  0  0  0  0  0  0  0  0  0]]
gen= [[ 2 24 27  0  0  0  0  0  0  0  0  0  0  0  0  0  0  0  0  0  0  0  0]
 [26 22  0  0  0  0  0  0  0  0  0  0  0  0  0  0  0  0  0  0  0  0  0]
 [ 8  9 20  3  0  0  0  0  0  0  0  0  0  0  0  0  0  0  0  0  0  0  0]
 [19  6  0  0  0  0  0  0  0  0  0  0  0  0  0  0  0  0  0  0  0  0  0]
 [20  0  0  0  0  0  0  0  0  0  0  0  0  0  0  0  0  0  0  0  0  0  0]
 [16  0  0  0  0  0  0  0  0  0  0  0  0  0  0  0  0  0  0  0  0  0  0]
 [ 2 19 25  1  0  0  0  0  0  0  0  0  0  0  0  0  0  0  0  0  0  0  0]
 [19 14 20  1 28  0  0  0  0  0  0  0  0  0  0  0  0  0  0  0  0  0  0]
 [13  3 27  0  0  0  0  0  0  0  0  0  0  0  0  0  0  0  0  0  0  0  0]
 [26 20 10  0  0  0  0  0  0  0  0  0  0  0  0  0  0  0  0  0  0  0  0]]
valid: gen=0.463
reward: norm=0.9657696705395873
[ 440 iterations]
real= [[24  2 12  0  0  0  0  0  0  0  0  0  0  0  0  0  0  0  0  0  0  0  0]
 [ 1  2 10  0  0  0  0  0  0  0  0  0  0  0  0  0  0  0  0  0  0  0  0]
 [10  0  0  0  0  0  0  0  0  0  0  0  0  0  0  0  0  0  0  0  0  0  0]
 [27  5 20 21 17 24 26  0  0  0  0  0  0  0  0  0  0  0  0  0  0  0  0]
 [21  2  0  0  0  0  0  0  0  0  0  0  0  0  0  0  0  0  0  0  0  0  0]
 [22  0  0  0  0  0  0  0  0  0  0  0  0  0  0  0  0  0  0  0  0  0  0]
 [23 11 19 28 20  8  0  0  0  0  0  0  0  0  0  0  0  0  0  0  0  0  0]
 [23  9 18 12 15  7  4  0  0  0  0  0  0  0  0  0  0  0  0  0  0  0  0]
 [15 26 10  0  0  0  0  0  0  0  0  0  0  0  0  0  0  0  0  0  0  0  0]
 [ 6  9 26 12  0  0  0  0  0  0  0  0  0  0  0  0  0  0  0  0  0  0  0]]
gen= [[ 2 12 24  0  0  0  0  0  0  0  0  0  0  0  0  0  0  0  0  0  0  0  0]
 [ 2  1 10  0  0  0  0  0  0  0  0  0  0  0  0  0  0  0  0  0  0  0  0]
 [10  0  0  0  0  0  0  0  0  0  0  0  0  0  0  0  0  0  0  0  0  0  0]
 [26 17 20 27  5  0  0  0  0  0  0  0  0  0  0  0  0  0  0  0  0  0  0]
 [ 2 21  0  0  0  0  0  0  0  0  0  0  0  0  0  0  0  0  0  0  0  0  0]
 [22  0  0  0  0  0  0  0  0  0  0  0  0  0  0  0  0  0  0  0  0  0  0]
 [19  8 11 20 28  0  0  0  0  0  0  0  0  0  0  0  0  0  0  0  0  0  0]
 [ 9  7 18  4 23  0  0  0  0  0  0  0  0  0  0  0  0  0  0  0  0  0  0]
 [10 26 15  0  0  0  0  0  0  0  0  0  0  0  0  0  0  0  0  0  0  0  0]
 [26  9 12  0  0  0  0  0  0  0  0  0  0  0  0  0  0  0  0  0  0  0  0]]
valid: gen=0.501
reward: norm=0.9645356994588371
[ 450 iterations]
real= [[ 7 15 21  8  5 27  0  0  0  0  0  0  0  0  0  0  0  0  0  0  0  0  0]
 [15 24  2  4  0  0  0  0  0  0  0  0  0  0  0  0  0  0  0  0  0  0  0]
 [19  3 14 13 20  2  0  0  0  0  0  0  0  0  0  0  0  0  0  0  0  0  0]
 [25  2 14 10 12 23  0  0  0  0  0  0  0  0  0  0  0  0  0  0  0  0  0]
 [14 17 10 12 27  0  0  0  0  0  0  0  0  0  0  0  0  0  0  0  0  0  0]
 [14 25  9  0  0  0  0  0  0  0  0  0  0  0  0  0  0  0  0  0  0  0  0]
 [27 17 13 10 15  0  0  0  0  0  0  0  0  0  0  0  0  0  0  0  0  0  0]
 [23 22  6 13 14  3  9 19 20  0  0  0  0  0  0  0  0  0  0  0  0  0  0]
 [17 11  5 27  0  0  0  0  0  0  0  0  0  0  0  0  0  0  0  0  0  0  0]
 [25  0  0  0  0  0  0  0  0  0  0  0  0  0  0  0  0  0  0  0  0  0  0]]
gen= [[ 8  7  5 15 27  0  0  0  0  0  0  0  0  0  0  0  0  0  0  0  0  0  0]
 [ 4  2 24 15  0  0  0  0  0  0  0  0  0  0  0  0  0  0  0  0  0  0  0]
 [19 13 14 20  2  0  0  0  0  0  0  0  0  0  0  0  0  0  0  0  0  0  0]
 [ 2 14 10 12 23  0  0  0  0  0  0  0  0  0  0  0  0  0  0  0  0  0  0]
 [17 14 10 27 12  0  0  0  0  0  0  0  0  0  0  0  0  0  0  0  0  0  0]
 [ 9 14 25  0  0  0  0  0  0  0  0  0  0  0  0  0  0  0  0  0  0  0  0]
 [17 13 10 15 27  0  0  0  0  0  0  0  0  0  0  0  0  0  0  0  0  0  0]
 [13 19 14  9 20 23  0  0  0  0  0  0  0  0  0  0  0  0  0  0  0  0  0]
 [17 11  5 27  0  0  0  0  0  0  0  0  0  0  0  0  0  0  0  0  0  0  0]
 [25  0  0  0  0  0  0  0  0  0  0  0  0  0  0  0  0  0  0  0  0  0  0]]
valid: gen=0.573
reward: norm=0.9579624837979375
[ 460 iterations]
real= [[15 19  5 26  0  0  0  0  0  0  0  0  0  0  0  0  0  0  0  0  0  0  0]
 [ 5  4  9 16 10 24  0  0  0  0  0  0  0  0  0  0  0  0  0  0  0  0  0]
 [ 7 23  0  0  0  0  0  0  0  0  0  0  0  0  0  0  0  0  0  0  0  0  0]
 [23  9 18 10  0  0  0  0  0  0  0  0  0  0  0  0  0  0  0  0  0  0  0]
 [23  9  2  0  0  0  0  0  0  0  0  0  0  0  0  0  0  0  0  0  0  0  0]
 [ 3 27  0  0  0  0  0  0  0  0  0  0  0  0  0  0  0  0  0  0  0  0  0]
 [17 16 18 12  7  0  0  0  0  0  0  0  0  0  0  0  0  0  0  0  0  0  0]
 [17 13  5 26  0  0  0  0  0  0  0  0  0  0  0  0  0  0  0  0  0  0  0]
 [14 10 18  5 20  0  0  0  0  0  0  0  0  0  0  0  0  0  0  0  0  0  0]
 [19  9  2 28  0  0  0  0  0  0  0  0  0  0  0  0  0  0  0  0  0  0  0]]
gen= [[19 26  5 15  0  0  0  0  0  0  0  0  0  0  0  0  0  0  0  0  0  0  0]
 [ 9 16 10 24  0  0  0  0  0  0  0  0  0  0  0  0  0  0  0  0  0  0  0]
 [ 7 23  0  0  0  0  0  0  0  0  0  0  0  0  0  0  0  0  0  0  0  0  0]
 [ 9 10 23 18  0  0  0  0  0  0  0  0  0  0  0  0  0  0  0  0  0  0  0]
 [ 9  2 23  0  0  0  0  0  0  0  0  0  0  0  0  0  0  0  0  0  0  0  0]
 [27  3  0  0  0  0  0  0  0  0  0  0  0  0  0  0  0  0  0  0  0  0  0]
 [17 16  7 12  0  0  0  0  0  0  0  0  0  0  0  0  0  0  0  0  0  0  0]
 [13 17 26  0  0  0  0  0  0  0  0  0  0  0  0  0  0  0  0  0  0  0  0]
 [ 5 20 14 10 18  0  0  0  0  0  0  0  0  0  0  0  0  0  0  0  0  0  0]
 [19  2  9 28  0  0  0  0  0  0  0  0  0  0  0  0  0  0  0  0  0  0  0]]
valid: gen=0.578
reward: norm=0.9604463735805105
[ 470 iterations]
real= [[ 2  0  0  0  0  0  0  0  0  0  0  0  0  0  0  0  0  0  0  0  0  0  0]
 [23 18 14 21 24  7  5  0  0  0  0  0  0  0  0  0  0  0  0  0  0  0  0]
 [ 6 18 19 25  8  0  0  0  0  0  0  0  0  0  0  0  0  0  0  0  0  0  0]
 [22  8  5 28  0  0  0  0  0  0  0  0  0  0  0  0  0  0  0  0  0  0  0]
 [ 7 23 26  0  0  0  0  0  0  0  0  0  0  0  0  0  0  0  0  0  0  0  0]
 [21 19  4 27 20  0  0  0  0  0  0  0  0  0  0  0  0  0  0  0  0  0  0]
 [ 4  1 18 16 19 23  0  0  0  0  0  0  0  0  0  0  0  0  0  0  0  0  0]
 [13  0  0  0  0  0  0  0  0  0  0  0  0  0  0  0  0  0  0  0  0  0  0]
 [ 7  2 28  1  8  0  0  0  0  0  0  0  0  0  0  0  0  0  0  0  0  0  0]
 [25  9 13 23  0  0  0  0  0  0  0  0  0  0  0  0  0  0  0  0  0  0  0]]
gen= [[ 2  0  0  0  0  0  0  0  0  0  0  0  0  0  0  0  0  0  0  0  0  0  0]
 [21 14  7  0  0  0  0  0  0  0  0  0  0  0  0  0  0  0  0  0  0  0  0]
 [19  8 25  0  0  0  0  0  0  0  0  0  0  0  0  0  0  0  0  0  0  0  0]
 [ 8 28 22  0  0  0  0  0  0  0  0  0  0  0  0  0  0  0  0  0  0  0  0]
 [26  7 23  0  0  0  0  0  0  0  0  0  0  0  0  0  0  0  0  0  0  0  0]
 [19 20  4  0  0  0  0  0  0  0  0  0  0  0  0  0  0  0  0  0  0  0  0]
 [19  4 23  0  0  0  0  0  0  0  0  0  0  0  0  0  0  0  0  0  0  0  0]
 [13  0  0  0  0  0  0  0  0  0  0  0  0  0  0  0  0  0  0  0  0  0  0]
 [ 8  2  0  0  0  0  0  0  0  0  0  0  0  0  0  0  0  0  0  0  0  0  0]
 [ 9 13 23  0  0  0  0  0  0  0  0  0  0  0  0  0  0  0  0  0  0  0  0]]
valid: gen=0.423
reward: norm=0.9730948927926983
[ 480 iterations]
real= [[24 27  2  0  0  0  0  0  0  0  0  0  0  0  0  0  0  0  0  0  0  0  0]
 [22 26  0  0  0  0  0  0  0  0  0  0  0  0  0  0  0  0  0  0  0  0  0]
 [ 3 21  9 28  8 20  0  0  0  0  0  0  0  0  0  0  0  0  0  0  0  0  0]
 [15  6 19 25 27  0  0  0  0  0  0  0  0  0  0  0  0  0  0  0  0  0  0]
 [20  0  0  0  0  0  0  0  0  0  0  0  0  0  0  0  0  0  0  0  0  0  0]
 [16  0  0  0  0  0  0  0  0  0  0  0  0  0  0  0  0  0  0  0  0  0  0]
 [25 19  2  1  0  0  0  0  0  0  0  0  0  0  0  0  0  0  0  0  0  0  0]
 [20  1 28 19 14  6 15  0  0  0  0  0  0  0  0  0  0  0  0  0  0  0  0]
 [27  3 13  0  0  0  0  0  0  0  0  0  0  0  0  0  0  0  0  0  0  0  0]
 [20 26 10 28  0  0  0  0  0  0  0  0  0  0  0  0  0  0  0  0  0  0  0]]
gen= [[ 2 24 27  0  0  0  0  0  0  0  0  0  0  0  0  0  0  0  0  0  0  0  0]
 [26 22  0  0  0  0  0  0  0  0  0  0  0  0  0  0  0  0  0  0  0  0  0]
 [ 8  9 20  3  0  0  0  0  0  0  0  0  0  0  0  0  0  0  0  0  0  0  0]
 [19 25 27 15  0  0  0  0  0  0  0  0  0  0  0  0  0  0  0  0  0  0  0]
 [20  0  0  0  0  0  0  0  0  0  0  0  0  0  0  0  0  0  0  0  0  0  0]
 [16  0  0  0  0  0  0  0  0  0  0  0  0  0  0  0  0  0  0  0  0  0  0]
 [19  2  0  0  0  0  0  0  0  0  0  0  0  0  0  0  0  0  0  0  0  0  0]
 [19 14 20  1 28  0  0  0  0  0  0  0  0  0  0  0  0  0  0  0  0  0  0]
 [13  3 27  0  0  0  0  0  0  0  0  0  0  0  0  0  0  0  0  0  0  0  0]
 [26 20 10  0  0  0  0  0  0  0  0  0  0  0  0  0  0  0  0  0  0  0  0]]
valid: gen=0.474
reward: norm=0.9636087698991155
[ 490 iterations]
real= [[24  2 12  0  0  0  0  0  0  0  0  0  0  0  0  0  0  0  0  0  0  0  0]
 [ 1  2 10  0  0  0  0  0  0  0  0  0  0  0  0  0  0  0  0  0  0  0  0]
 [10  0  0  0  0  0  0  0  0  0  0  0  0  0  0  0  0  0  0  0  0  0  0]
 [27  5 20 21 17 24 26  0  0  0  0  0  0  0  0  0  0  0  0  0  0  0  0]
 [21  2  0  0  0  0  0  0  0  0  0  0  0  0  0  0  0  0  0  0  0  0  0]
 [22  0  0  0  0  0  0  0  0  0  0  0  0  0  0  0  0  0  0  0  0  0  0]
 [23 11 19 28 20  8  0  0  0  0  0  0  0  0  0  0  0  0  0  0  0  0  0]
 [23  9 18 12 15  7  4  0  0  0  0  0  0  0  0  0  0  0  0  0  0  0  0]
 [15 26 10  0  0  0  0  0  0  0  0  0  0  0  0  0  0  0  0  0  0  0  0]
 [ 6  9 26 12  0  0  0  0  0  0  0  0  0  0  0  0  0  0  0  0  0  0  0]]
gen= [[ 2 12 24  0  0  0  0  0  0  0  0  0  0  0  0  0  0  0  0  0  0  0  0]
 [ 2  1 10  0  0  0  0  0  0  0  0  0  0  0  0  0  0  0  0  0  0  0  0]
 [10  0  0  0  0  0  0  0  0  0  0  0  0  0  0  0  0  0  0  0  0  0  0]
 [26 17 20 27  5  0  0  0  0  0  0  0  0  0  0  0  0  0  0  0  0  0  0]
 [21  2  0  0  0  0  0  0  0  0  0  0  0  0  0  0  0  0  0  0  0  0  0]
 [22  0  0  0  0  0  0  0  0  0  0  0  0  0  0  0  0  0  0  0  0  0  0]
 [ 8 11 19 20 23  0  0  0  0  0  0  0  0  0  0  0  0  0  0  0  0  0  0]
 [ 9  7 12  0  0  0  0  0  0  0  0  0  0  0  0  0  0  0  0  0  0  0  0]
 [26 10 15  0  0  0  0  0  0  0  0  0  0  0  0  0  0  0  0  0  0  0  0]
 [ 9 26 12  0  0  0  0  0  0  0  0  0  0  0  0  0  0  0  0  0  0  0  0]]
valid: gen=0.489
reward: norm=0.9639196185110005
