read problem
[ 10 iterations]
real= [[15 19  5 26  0  0  0  0  0  0  0  0  0  0  0  0  0  0  0  0  0  0  0]
 [ 5  4  9 16 10 24  0  0  0  0  0  0  0  0  0  0  0  0  0  0  0  0  0]
 [ 7 23  0  0  0  0  0  0  0  0  0  0  0  0  0  0  0  0  0  0  0  0  0]
 [23  9 18 10  0  0  0  0  0  0  0  0  0  0  0  0  0  0  0  0  0  0  0]
 [23  9  2  0  0  0  0  0  0  0  0  0  0  0  0  0  0  0  0  0  0  0  0]
 [ 3 27  0  0  0  0  0  0  0  0  0  0  0  0  0  0  0  0  0  0  0  0  0]
 [17 16 18 12  7  0  0  0  0  0  0  0  0  0  0  0  0  0  0  0  0  0  0]
 [17 13  5 26  0  0  0  0  0  0  0  0  0  0  0  0  0  0  0  0  0  0  0]
 [14 10 18  5 20  0  0  0  0  0  0  0  0  0  0  0  0  0  0  0  0  0  0]
 [19  9  2 28  0  0  0  0  0  0  0  0  0  0  0  0  0  0  0  0  0  0  0]]
gen= [[0 0 0 0 0 0 0 0 0 0 0 0 0 0 0 0 0 0 0 0 0 0 0]
 [0 0 0 0 0 0 0 0 0 0 0 0 0 0 0 0 0 0 0 0 0 0 0]
 [7 0 0 0 0 0 0 0 0 0 0 0 0 0 0 0 0 0 0 0 0 0 0]
 [0 0 0 0 0 0 0 0 0 0 0 0 0 0 0 0 0 0 0 0 0 0 0]
 [0 0 0 0 0 0 0 0 0 0 0 0 0 0 0 0 0 0 0 0 0 0 0]
 [0 0 0 0 0 0 0 0 0 0 0 0 0 0 0 0 0 0 0 0 0 0 0]
 [0 0 0 0 0 0 0 0 0 0 0 0 0 0 0 0 0 0 0 0 0 0 0]
 [0 0 0 0 0 0 0 0 0 0 0 0 0 0 0 0 0 0 0 0 0 0 0]
 [0 0 0 0 0 0 0 0 0 0 0 0 0 0 0 0 0 0 0 0 0 0 0]
 [0 0 0 0 0 0 0 0 0 0 0 0 0 0 0 0 0 0 0 0 0 0 0]]
valid: gen=0.006
reward: norm=0.9689111284845462
[ 20 iterations]
real= [[ 2  0  0  0  0  0  0  0  0  0  0  0  0  0  0  0  0  0  0  0  0  0  0]
 [23 18 14 21 24  7  5  0  0  0  0  0  0  0  0  0  0  0  0  0  0  0  0]
 [ 6 18 19 25  8  0  0  0  0  0  0  0  0  0  0  0  0  0  0  0  0  0  0]
 [22  8  5 28  0  0  0  0  0  0  0  0  0  0  0  0  0  0  0  0  0  0  0]
 [ 7 23 26  0  0  0  0  0  0  0  0  0  0  0  0  0  0  0  0  0  0  0  0]
 [21 19  4 27 20  0  0  0  0  0  0  0  0  0  0  0  0  0  0  0  0  0  0]
 [ 4  1 18 16 19 23  0  0  0  0  0  0  0  0  0  0  0  0  0  0  0  0  0]
 [13  0  0  0  0  0  0  0  0  0  0  0  0  0  0  0  0  0  0  0  0  0  0]
 [ 7  2 28  1  8  0  0  0  0  0  0  0  0  0  0  0  0  0  0  0  0  0  0]
 [25  9 13 23  0  0  0  0  0  0  0  0  0  0  0  0  0  0  0  0  0  0  0]]
gen= [[0 0 0 0 0 0 0 0 0 0 0 0 0 0 0 0 0 0 0 0 0 0 0]
 [0 0 0 0 0 0 0 0 0 0 0 0 0 0 0 0 0 0 0 0 0 0 0]
 [0 0 0 0 0 0 0 0 0 0 0 0 0 0 0 0 0 0 0 0 0 0 0]
 [0 0 0 0 0 0 0 0 0 0 0 0 0 0 0 0 0 0 0 0 0 0 0]
 [0 0 0 0 0 0 0 0 0 0 0 0 0 0 0 0 0 0 0 0 0 0 0]
 [0 0 0 0 0 0 0 0 0 0 0 0 0 0 0 0 0 0 0 0 0 0 0]
 [0 0 0 0 0 0 0 0 0 0 0 0 0 0 0 0 0 0 0 0 0 0 0]
 [0 0 0 0 0 0 0 0 0 0 0 0 0 0 0 0 0 0 0 0 0 0 0]
 [0 0 0 0 0 0 0 0 0 0 0 0 0 0 0 0 0 0 0 0 0 0 0]
 [0 0 0 0 0 0 0 0 0 0 0 0 0 0 0 0 0 0 0 0 0 0 0]]
valid: gen=0.0
reward: norm=0.9669406071781032
[ 30 iterations]
real= [[24 27  2  0  0  0  0  0  0  0  0  0  0  0  0  0  0  0  0  0  0  0  0]
 [22 26  0  0  0  0  0  0  0  0  0  0  0  0  0  0  0  0  0  0  0  0  0]
 [ 3 21  9 28  8 20  0  0  0  0  0  0  0  0  0  0  0  0  0  0  0  0  0]
 [15  6 19 25 27  0  0  0  0  0  0  0  0  0  0  0  0  0  0  0  0  0  0]
 [20  0  0  0  0  0  0  0  0  0  0  0  0  0  0  0  0  0  0  0  0  0  0]
 [16  0  0  0  0  0  0  0  0  0  0  0  0  0  0  0  0  0  0  0  0  0  0]
 [25 19  2  1  0  0  0  0  0  0  0  0  0  0  0  0  0  0  0  0  0  0  0]
 [20  1 28 19 14  6 15  0  0  0  0  0  0  0  0  0  0  0  0  0  0  0  0]
 [27  3 13  0  0  0  0  0  0  0  0  0  0  0  0  0  0  0  0  0  0  0  0]
 [20 26 10 28  0  0  0  0  0  0  0  0  0  0  0  0  0  0  0  0  0  0  0]]
gen= [[0 0 0 0 0 0 0 0 0 0 0 0 0 0 0 0 0 0 0 0 0 0 0]
 [0 0 0 0 0 0 0 0 0 0 0 0 0 0 0 0 0 0 0 0 0 0 0]
 [0 0 0 0 0 0 0 0 0 0 0 0 0 0 0 0 0 0 0 0 0 0 0]
 [0 0 0 0 0 0 0 0 0 0 0 0 0 0 0 0 0 0 0 0 0 0 0]
 [0 0 0 0 0 0 0 0 0 0 0 0 0 0 0 0 0 0 0 0 0 0 0]
 [0 0 0 0 0 0 0 0 0 0 0 0 0 0 0 0 0 0 0 0 0 0 0]
 [0 0 0 0 0 0 0 0 0 0 0 0 0 0 0 0 0 0 0 0 0 0 0]
 [0 0 0 0 0 0 0 0 0 0 0 0 0 0 0 0 0 0 0 0 0 0 0]
 [0 0 0 0 0 0 0 0 0 0 0 0 0 0 0 0 0 0 0 0 0 0 0]
 [0 0 0 0 0 0 0 0 0 0 0 0 0 0 0 0 0 0 0 0 0 0 0]]
valid: gen=0.0
reward: norm=0.9682998581040909
[ 40 iterations]
real= [[24  2 12  0  0  0  0  0  0  0  0  0  0  0  0  0  0  0  0  0  0  0  0]
 [ 1  2 10  0  0  0  0  0  0  0  0  0  0  0  0  0  0  0  0  0  0  0  0]
 [10  0  0  0  0  0  0  0  0  0  0  0  0  0  0  0  0  0  0  0  0  0  0]
 [27  5 20 21 17 24 26  0  0  0  0  0  0  0  0  0  0  0  0  0  0  0  0]
 [21  2  0  0  0  0  0  0  0  0  0  0  0  0  0  0  0  0  0  0  0  0  0]
 [22  0  0  0  0  0  0  0  0  0  0  0  0  0  0  0  0  0  0  0  0  0  0]
 [23 11 19 28 20  8  0  0  0  0  0  0  0  0  0  0  0  0  0  0  0  0  0]
 [23  9 18 12 15  7  4  0  0  0  0  0  0  0  0  0  0  0  0  0  0  0  0]
 [15 26 10  0  0  0  0  0  0  0  0  0  0  0  0  0  0  0  0  0  0  0  0]
 [ 6  9 26 12  0  0  0  0  0  0  0  0  0  0  0  0  0  0  0  0  0  0  0]]
gen= [[0 0 0 0 0 0 0 0 0 0 0 0 0 0 0 0 0 0 0 0 0 0 0]
 [0 0 0 0 0 0 0 0 0 0 0 0 0 0 0 0 0 0 0 0 0 0 0]
 [0 0 0 0 0 0 0 0 0 0 0 0 0 0 0 0 0 0 0 0 0 0 0]
 [0 0 0 0 0 0 0 0 0 0 0 0 0 0 0 0 0 0 0 0 0 0 0]
 [0 0 0 0 0 0 0 0 0 0 0 0 0 0 0 0 0 0 0 0 0 0 0]
 [0 0 0 0 0 0 0 0 0 0 0 0 0 0 0 0 0 0 0 0 0 0 0]
 [0 0 0 0 0 0 0 0 0 0 0 0 0 0 0 0 0 0 0 0 0 0 0]
 [0 0 0 0 0 0 0 0 0 0 0 0 0 0 0 0 0 0 0 0 0 0 0]
 [0 0 0 0 0 0 0 0 0 0 0 0 0 0 0 0 0 0 0 0 0 0 0]
 [0 0 0 0 0 0 0 0 0 0 0 0 0 0 0 0 0 0 0 0 0 0 0]]
valid: gen=0.0
reward: norm=0.9700493947929654
[ 50 iterations]
real= [[ 7 15 21  8  5 27  0  0  0  0  0  0  0  0  0  0  0  0  0  0  0  0  0]
 [15 24  2  4  0  0  0  0  0  0  0  0  0  0  0  0  0  0  0  0  0  0  0]
 [19  3 14 13 20  2  0  0  0  0  0  0  0  0  0  0  0  0  0  0  0  0  0]
 [25  2 14 10 12 23  0  0  0  0  0  0  0  0  0  0  0  0  0  0  0  0  0]
 [14 17 10 12 27  0  0  0  0  0  0  0  0  0  0  0  0  0  0  0  0  0  0]
 [14 25  9  0  0  0  0  0  0  0  0  0  0  0  0  0  0  0  0  0  0  0  0]
 [27 17 13 10 15  0  0  0  0  0  0  0  0  0  0  0  0  0  0  0  0  0  0]
 [23 22  6 13 14  3  9 19 20  0  0  0  0  0  0  0  0  0  0  0  0  0  0]
 [17 11  5 27  0  0  0  0  0  0  0  0  0  0  0  0  0  0  0  0  0  0  0]
 [25  0  0  0  0  0  0  0  0  0  0  0  0  0  0  0  0  0  0  0  0  0  0]]
gen= [[0 0 0 0 0 0 0 0 0 0 0 0 0 0 0 0 0 0 0 0 0 0 0]
 [0 0 0 0 0 0 0 0 0 0 0 0 0 0 0 0 0 0 0 0 0 0 0]
 [0 0 0 0 0 0 0 0 0 0 0 0 0 0 0 0 0 0 0 0 0 0 0]
 [0 0 0 0 0 0 0 0 0 0 0 0 0 0 0 0 0 0 0 0 0 0 0]
 [0 0 0 0 0 0 0 0 0 0 0 0 0 0 0 0 0 0 0 0 0 0 0]
 [0 0 0 0 0 0 0 0 0 0 0 0 0 0 0 0 0 0 0 0 0 0 0]
 [0 0 0 0 0 0 0 0 0 0 0 0 0 0 0 0 0 0 0 0 0 0 0]
 [0 0 0 0 0 0 0 0 0 0 0 0 0 0 0 0 0 0 0 0 0 0 0]
 [0 0 0 0 0 0 0 0 0 0 0 0 0 0 0 0 0 0 0 0 0 0 0]
 [0 0 0 0 0 0 0 0 0 0 0 0 0 0 0 0 0 0 0 0 0 0 0]]
valid: gen=0.0
reward: norm=0.9688418020550384
[ 60 iterations]
real= [[15 19  5 26  0  0  0  0  0  0  0  0  0  0  0  0  0  0  0  0  0  0  0]
 [ 5  4  9 16 10 24  0  0  0  0  0  0  0  0  0  0  0  0  0  0  0  0  0]
 [ 7 23  0  0  0  0  0  0  0  0  0  0  0  0  0  0  0  0  0  0  0  0  0]
 [23  9 18 10  0  0  0  0  0  0  0  0  0  0  0  0  0  0  0  0  0  0  0]
 [23  9  2  0  0  0  0  0  0  0  0  0  0  0  0  0  0  0  0  0  0  0  0]
 [ 3 27  0  0  0  0  0  0  0  0  0  0  0  0  0  0  0  0  0  0  0  0  0]
 [17 16 18 12  7  0  0  0  0  0  0  0  0  0  0  0  0  0  0  0  0  0  0]
 [17 13  5 26  0  0  0  0  0  0  0  0  0  0  0  0  0  0  0  0  0  0  0]
 [14 10 18  5 20  0  0  0  0  0  0  0  0  0  0  0  0  0  0  0  0  0  0]
 [19  9  2 28  0  0  0  0  0  0  0  0  0  0  0  0  0  0  0  0  0  0  0]]
gen= [[0 0 0 0 0 0 0 0 0 0 0 0 0 0 0 0 0 0 0 0 0 0 0]
 [0 0 0 0 0 0 0 0 0 0 0 0 0 0 0 0 0 0 0 0 0 0 0]
 [0 0 0 0 0 0 0 0 0 0 0 0 0 0 0 0 0 0 0 0 0 0 0]
 [0 0 0 0 0 0 0 0 0 0 0 0 0 0 0 0 0 0 0 0 0 0 0]
 [0 0 0 0 0 0 0 0 0 0 0 0 0 0 0 0 0 0 0 0 0 0 0]
 [0 0 0 0 0 0 0 0 0 0 0 0 0 0 0 0 0 0 0 0 0 0 0]
 [0 0 0 0 0 0 0 0 0 0 0 0 0 0 0 0 0 0 0 0 0 0 0]
 [0 0 0 0 0 0 0 0 0 0 0 0 0 0 0 0 0 0 0 0 0 0 0]
 [0 0 0 0 0 0 0 0 0 0 0 0 0 0 0 0 0 0 0 0 0 0 0]
 [0 0 0 0 0 0 0 0 0 0 0 0 0 0 0 0 0 0 0 0 0 0 0]]
valid: gen=0.003
reward: norm=0.9685996433552714
[ 70 iterations]
real= [[ 2  0  0  0  0  0  0  0  0  0  0  0  0  0  0  0  0  0  0  0  0  0  0]
 [23 18 14 21 24  7  5  0  0  0  0  0  0  0  0  0  0  0  0  0  0  0  0]
 [ 6 18 19 25  8  0  0  0  0  0  0  0  0  0  0  0  0  0  0  0  0  0  0]
 [22  8  5 28  0  0  0  0  0  0  0  0  0  0  0  0  0  0  0  0  0  0  0]
 [ 7 23 26  0  0  0  0  0  0  0  0  0  0  0  0  0  0  0  0  0  0  0  0]
 [21 19  4 27 20  0  0  0  0  0  0  0  0  0  0  0  0  0  0  0  0  0  0]
 [ 4  1 18 16 19 23  0  0  0  0  0  0  0  0  0  0  0  0  0  0  0  0  0]
 [13  0  0  0  0  0  0  0  0  0  0  0  0  0  0  0  0  0  0  0  0  0  0]
 [ 7  2 28  1  8  0  0  0  0  0  0  0  0  0  0  0  0  0  0  0  0  0  0]
 [25  9 13 23  0  0  0  0  0  0  0  0  0  0  0  0  0  0  0  0  0  0  0]]
gen= [[ 0  0  0  0  0  0  0  0  0  0  0  0  0  0  0  0  0  0  0  0  0  0  0]
 [ 0  0  0  0  0  0  0  0  0  0  0  0  0  0  0  0  0  0  0  0  0  0  0]
 [ 0  0  0  0  0  0  0  0  0  0  0  0  0  0  0  0  0  0  0  0  0  0  0]
 [ 0  0  0  0  0  0  0  0  0  0  0  0  0  0  0  0  0  0  0  0  0  0  0]
 [ 0  0  0  0  0  0  0  0  0  0  0  0  0  0  0  0  0  0  0  0  0  0  0]
 [ 0  0  0  0  0  0  0  0  0  0  0  0  0  0  0  0  0  0  0  0  0  0  0]
 [23  0  0  0  0  0  0  0  0  0  0  0  0  0  0  0  0  0  0  0  0  0  0]
 [ 0 13 13  0  0  0  0  0  0  0  0  0  0  0  0  0  0  0  0  0  0  0  0]
 [ 0  0  0  0  0  0  0  0  0  0  0  0  0  0  0  0  0  0  0  0  0  0  0]
 [23  0  0  0  0  0  0  0  0  0  0  0  0  0  0  0  0  0  0  0  0  0  0]]
valid: gen=0.013
reward: norm=0.972481150988636
[ 80 iterations]
real= [[24 27  2  0  0  0  0  0  0  0  0  0  0  0  0  0  0  0  0  0  0  0  0]
 [22 26  0  0  0  0  0  0  0  0  0  0  0  0  0  0  0  0  0  0  0  0  0]
 [ 3 21  9 28  8 20  0  0  0  0  0  0  0  0  0  0  0  0  0  0  0  0  0]
 [15  6 19 25 27  0  0  0  0  0  0  0  0  0  0  0  0  0  0  0  0  0  0]
 [20  0  0  0  0  0  0  0  0  0  0  0  0  0  0  0  0  0  0  0  0  0  0]
 [16  0  0  0  0  0  0  0  0  0  0  0  0  0  0  0  0  0  0  0  0  0  0]
 [25 19  2  1  0  0  0  0  0  0  0  0  0  0  0  0  0  0  0  0  0  0  0]
 [20  1 28 19 14  6 15  0  0  0  0  0  0  0  0  0  0  0  0  0  0  0  0]
 [27  3 13  0  0  0  0  0  0  0  0  0  0  0  0  0  0  0  0  0  0  0  0]
 [20 26 10 28  0  0  0  0  0  0  0  0  0  0  0  0  0  0  0  0  0  0  0]]
gen= [[0 0 0 0 0 0 0 0 0 0 0 0 0 0 0 0 0 0 0 0 0 0 0]
 [0 0 0 0 0 0 0 0 0 0 0 0 0 0 0 0 0 0 0 0 0 0 0]
 [0 0 0 0 0 0 0 0 0 0 0 0 0 0 0 0 0 0 0 0 0 0 0]
 [0 0 0 0 0 0 0 0 0 0 0 0 0 0 0 0 0 0 0 0 0 0 0]
 [0 0 0 0 0 0 0 0 0 0 0 0 0 0 0 0 0 0 0 0 0 0 0]
 [0 0 0 0 0 0 0 0 0 0 0 0 0 0 0 0 0 0 0 0 0 0 0]
 [0 0 0 0 0 0 0 0 0 0 0 0 0 0 0 0 0 0 0 0 0 0 0]
 [0 0 0 0 0 0 0 0 0 0 0 0 0 0 0 0 0 0 0 0 0 0 0]
 [0 0 0 0 0 0 0 0 0 0 0 0 0 0 0 0 0 0 0 0 0 0 0]
 [0 0 0 0 0 0 0 0 0 0 0 0 0 0 0 0 0 0 0 0 0 0 0]]
valid: gen=0.016
reward: norm=0.9739108207176167
[ 90 iterations]
real= [[24  2 12  0  0  0  0  0  0  0  0  0  0  0  0  0  0  0  0  0  0  0  0]
 [ 1  2 10  0  0  0  0  0  0  0  0  0  0  0  0  0  0  0  0  0  0  0  0]
 [10  0  0  0  0  0  0  0  0  0  0  0  0  0  0  0  0  0  0  0  0  0  0]
 [27  5 20 21 17 24 26  0  0  0  0  0  0  0  0  0  0  0  0  0  0  0  0]
 [21  2  0  0  0  0  0  0  0  0  0  0  0  0  0  0  0  0  0  0  0  0  0]
 [22  0  0  0  0  0  0  0  0  0  0  0  0  0  0  0  0  0  0  0  0  0  0]
 [23 11 19 28 20  8  0  0  0  0  0  0  0  0  0  0  0  0  0  0  0  0  0]
 [23  9 18 12 15  7  4  0  0  0  0  0  0  0  0  0  0  0  0  0  0  0  0]
 [15 26 10  0  0  0  0  0  0  0  0  0  0  0  0  0  0  0  0  0  0  0  0]
 [ 6  9 26 12  0  0  0  0  0  0  0  0  0  0  0  0  0  0  0  0  0  0  0]]
gen= [[ 0  0  0  0  0  0  0  0  0  0  0  0  0  0  0  0  0  0  0  0  0  0  0]
 [ 0  0  0  0  0  0  0  0  0  0  0  0  0  0  0  0  0  0  0  0  0  0  0]
 [10  0  0  0  0  0  0  0  0  0  0  0  0  0  0  0  0  0  0  0  0  0  0]
 [ 0  0  0  0  0  0  0  0  0  0  0  0  0  0  0  0  0  0  0  0  0  0  0]
 [ 0  0  0  0  0  0  0  0  0  0  0  0  0  0  0  0  0  0  0  0  0  0  0]
 [22 22  0  0  0  0  0  0  0  0  0  0  0  0  0  0  0  0  0  0  0  0  0]
 [ 0  0  0  0  0  0  0  0  0  0  0  0  0  0  0  0  0  0  0  0  0  0  0]
 [ 0  0  0  0  0  0  0  0  0  0  0  0  0  0  0  0  0  0  0  0  0  0  0]
 [ 0  0  0  0  0  0  0  0  0  0  0  0  0  0  0  0  0  0  0  0  0  0  0]
 [26  0  0  0  0  0  0  0  0  0  0  0  0  0  0  0  0  0  0  0  0  0  0]]
valid: gen=0.015
reward: norm=0.9734734480331518
[ 100 iterations]
real= [[ 7 15 21  8  5 27  0  0  0  0  0  0  0  0  0  0  0  0  0  0  0  0  0]
 [15 24  2  4  0  0  0  0  0  0  0  0  0  0  0  0  0  0  0  0  0  0  0]
 [19  3 14 13 20  2  0  0  0  0  0  0  0  0  0  0  0  0  0  0  0  0  0]
 [25  2 14 10 12 23  0  0  0  0  0  0  0  0  0  0  0  0  0  0  0  0  0]
 [14 17 10 12 27  0  0  0  0  0  0  0  0  0  0  0  0  0  0  0  0  0  0]
 [14 25  9  0  0  0  0  0  0  0  0  0  0  0  0  0  0  0  0  0  0  0  0]
 [27 17 13 10 15  0  0  0  0  0  0  0  0  0  0  0  0  0  0  0  0  0  0]
 [23 22  6 13 14  3  9 19 20  0  0  0  0  0  0  0  0  0  0  0  0  0  0]
 [17 11  5 27  0  0  0  0  0  0  0  0  0  0  0  0  0  0  0  0  0  0  0]
 [25  0  0  0  0  0  0  0  0  0  0  0  0  0  0  0  0  0  0  0  0  0  0]]
gen= [[0 0 0 0 0 0 0 0 0 0 0 0 0 0 0 0 0 0 0 0 0 0 0]
 [0 0 0 0 0 0 0 0 0 0 0 0 0 0 0 0 0 0 0 0 0 0 0]
 [0 0 0 0 0 0 0 0 0 0 0 0 0 0 0 0 0 0 0 0 0 0 0]
 [0 0 0 0 0 0 0 0 0 0 0 0 0 0 0 0 0 0 0 0 0 0 0]
 [0 0 0 0 0 0 0 0 0 0 0 0 0 0 0 0 0 0 0 0 0 0 0]
 [0 0 0 0 0 0 0 0 0 0 0 0 0 0 0 0 0 0 0 0 0 0 0]
 [0 0 0 0 0 0 0 0 0 0 0 0 0 0 0 0 0 0 0 0 0 0 0]
 [0 0 0 0 0 0 0 0 0 0 0 0 0 0 0 0 0 0 0 0 0 0 0]
 [0 0 0 0 0 0 0 0 0 0 0 0 0 0 0 0 0 0 0 0 0 0 0]
 [0 0 0 0 0 0 0 0 0 0 0 0 0 0 0 0 0 0 0 0 0 0 0]]
valid: gen=0.011
reward: norm=0.972141346586288
[ 110 iterations]
real= [[15 19  5 26  0  0  0  0  0  0  0  0  0  0  0  0  0  0  0  0  0  0  0]
 [ 5  4  9 16 10 24  0  0  0  0  0  0  0  0  0  0  0  0  0  0  0  0  0]
 [ 7 23  0  0  0  0  0  0  0  0  0  0  0  0  0  0  0  0  0  0  0  0  0]
 [23  9 18 10  0  0  0  0  0  0  0  0  0  0  0  0  0  0  0  0  0  0  0]
 [23  9  2  0  0  0  0  0  0  0  0  0  0  0  0  0  0  0  0  0  0  0  0]
 [ 3 27  0  0  0  0  0  0  0  0  0  0  0  0  0  0  0  0  0  0  0  0  0]
 [17 16 18 12  7  0  0  0  0  0  0  0  0  0  0  0  0  0  0  0  0  0  0]
 [17 13  5 26  0  0  0  0  0  0  0  0  0  0  0  0  0  0  0  0  0  0  0]
 [14 10 18  5 20  0  0  0  0  0  0  0  0  0  0  0  0  0  0  0  0  0  0]
 [19  9  2 28  0  0  0  0  0  0  0  0  0  0  0  0  0  0  0  0  0  0  0]]
gen= [[0 0 0 0 0 0 0 0 0 0 0 0 0 0 0 0 0 0 0 0 0 0 0]
 [0 0 0 0 0 0 0 0 0 0 0 0 0 0 0 0 0 0 0 0 0 0 0]
 [0 0 0 0 0 0 0 0 0 0 0 0 0 0 0 0 0 0 0 0 0 0 0]
 [0 0 0 0 0 0 0 0 0 0 0 0 0 0 0 0 0 0 0 0 0 0 0]
 [0 0 0 0 0 0 0 0 0 0 0 0 0 0 0 0 0 0 0 0 0 0 0]
 [3 0 0 0 0 0 0 0 0 0 0 0 0 0 0 0 0 0 0 0 0 0 0]
 [0 0 0 0 0 0 0 0 0 0 0 0 0 0 0 0 0 0 0 0 0 0 0]
 [0 0 0 0 0 0 0 0 0 0 0 0 0 0 0 0 0 0 0 0 0 0 0]
 [0 0 0 0 0 0 0 0 0 0 0 0 0 0 0 0 0 0 0 0 0 0 0]
 [0 0 0 0 0 0 0 0 0 0 0 0 0 0 0 0 0 0 0 0 0 0 0]]
valid: gen=0.013
reward: norm=0.9716856185777084
[ 120 iterations]
real= [[ 2  0  0  0  0  0  0  0  0  0  0  0  0  0  0  0  0  0  0  0  0  0  0]
 [23 18 14 21 24  7  5  0  0  0  0  0  0  0  0  0  0  0  0  0  0  0  0]
 [ 6 18 19 25  8  0  0  0  0  0  0  0  0  0  0  0  0  0  0  0  0  0  0]
 [22  8  5 28  0  0  0  0  0  0  0  0  0  0  0  0  0  0  0  0  0  0  0]
 [ 7 23 26  0  0  0  0  0  0  0  0  0  0  0  0  0  0  0  0  0  0  0  0]
 [21 19  4 27 20  0  0  0  0  0  0  0  0  0  0  0  0  0  0  0  0  0  0]
 [ 4  1 18 16 19 23  0  0  0  0  0  0  0  0  0  0  0  0  0  0  0  0  0]
 [13  0  0  0  0  0  0  0  0  0  0  0  0  0  0  0  0  0  0  0  0  0  0]
 [ 7  2 28  1  8  0  0  0  0  0  0  0  0  0  0  0  0  0  0  0  0  0  0]
 [25  9 13 23  0  0  0  0  0  0  0  0  0  0  0  0  0  0  0  0  0  0  0]]
gen= [[0 0 0 0 0 0 0 0 0 0 0 0 0 0 0 0 0 0 0 0 0 0 0]
 [0 0 0 0 0 0 0 0 0 0 0 0 0 0 0 0 0 0 0 0 0 0 0]
 [0 0 0 0 0 0 0 0 0 0 0 0 0 0 0 0 0 0 0 0 0 0 0]
 [0 0 0 0 0 0 0 0 0 0 0 0 0 0 0 0 0 0 0 0 0 0 0]
 [0 0 0 0 0 0 0 0 0 0 0 0 0 0 0 0 0 0 0 0 0 0 0]
 [0 0 0 0 0 0 0 0 0 0 0 0 0 0 0 0 0 0 0 0 0 0 0]
 [0 0 0 0 0 0 0 0 0 0 0 0 0 0 0 0 0 0 0 0 0 0 0]
 [0 0 0 0 0 0 0 0 0 0 0 0 0 0 0 0 0 0 0 0 0 0 0]
 [0 0 0 0 0 0 0 0 0 0 0 0 0 0 0 0 0 0 0 0 0 0 0]
 [0 0 0 0 0 0 0 0 0 0 0 0 0 0 0 0 0 0 0 0 0 0 0]]
valid: gen=0.015
reward: norm=0.969954337079974
[ 130 iterations]
real= [[24 27  2  0  0  0  0  0  0  0  0  0  0  0  0  0  0  0  0  0  0  0  0]
 [22 26  0  0  0  0  0  0  0  0  0  0  0  0  0  0  0  0  0  0  0  0  0]
 [ 3 21  9 28  8 20  0  0  0  0  0  0  0  0  0  0  0  0  0  0  0  0  0]
 [15  6 19 25 27  0  0  0  0  0  0  0  0  0  0  0  0  0  0  0  0  0  0]
 [20  0  0  0  0  0  0  0  0  0  0  0  0  0  0  0  0  0  0  0  0  0  0]
 [16  0  0  0  0  0  0  0  0  0  0  0  0  0  0  0  0  0  0  0  0  0  0]
 [25 19  2  1  0  0  0  0  0  0  0  0  0  0  0  0  0  0  0  0  0  0  0]
 [20  1 28 19 14  6 15  0  0  0  0  0  0  0  0  0  0  0  0  0  0  0  0]
 [27  3 13  0  0  0  0  0  0  0  0  0  0  0  0  0  0  0  0  0  0  0  0]
 [20 26 10 28  0  0  0  0  0  0  0  0  0  0  0  0  0  0  0  0  0  0  0]]
gen= [[ 0  0  0  0  0  0  0  0  0  0  0  0  0  0  0  0  0  0  0  0  0  0  0]
 [ 0  0  0  0  0  0  0  0  0  0  0  0  0  0  0  0  0  0  0  0  0  0  0]
 [ 0  0  3  0  0  0  0  0  0  0  0  0  0  0  0  0  0  0  0  0  0  0  0]
 [ 0 19  6  0  0  0  0  0  0  0  0  0  0  0  0  0  0  0  0  0  0  0  0]
 [ 0  0  0  0  0  0  0  0  0  0  0  0  0  0  0  0  0  0  0  0  0  0  0]
 [ 0  0  0  0  0  0  0  0  0  0  0  0  0  0  0  0  0  0  0  0  0  0  0]
 [ 0  0  0  0  0  0  0  0  0  0  0  0  0  0  0  0  0  0  0  0  0  0  0]
 [14 14  0  0  0  0  0  0  0  0  0  0  0  0  0  0  0  0  0  0  0  0  0]
 [ 0  0  0  0  0  0  0  0  0  0  0  0  0  0  0  0  0  0  0  0  0  0  0]
 [28  0  0  0  0  0  0  0  0  0  0  0  0  0  0  0  0  0  0  0  0  0  0]]
valid: gen=0.018
reward: norm=0.972138104081672
[ 140 iterations]
real= [[24  2 12  0  0  0  0  0  0  0  0  0  0  0  0  0  0  0  0  0  0  0  0]
 [ 1  2 10  0  0  0  0  0  0  0  0  0  0  0  0  0  0  0  0  0  0  0  0]
 [10  0  0  0  0  0  0  0  0  0  0  0  0  0  0  0  0  0  0  0  0  0  0]
 [27  5 20 21 17 24 26  0  0  0  0  0  0  0  0  0  0  0  0  0  0  0  0]
 [21  2  0  0  0  0  0  0  0  0  0  0  0  0  0  0  0  0  0  0  0  0  0]
 [22  0  0  0  0  0  0  0  0  0  0  0  0  0  0  0  0  0  0  0  0  0  0]
 [23 11 19 28 20  8  0  0  0  0  0  0  0  0  0  0  0  0  0  0  0  0  0]
 [23  9 18 12 15  7  4  0  0  0  0  0  0  0  0  0  0  0  0  0  0  0  0]
 [15 26 10  0  0  0  0  0  0  0  0  0  0  0  0  0  0  0  0  0  0  0  0]
 [ 6  9 26 12  0  0  0  0  0  0  0  0  0  0  0  0  0  0  0  0  0  0  0]]
gen= [[ 0  0  0  2  0  0  0  0  0  0  0  0  0  0  0  0  0  0  0  0  0  0  0]
 [10  0  0  0  0  0  0  0  0  0  0  0  0  0  0  0  0  0  0  0  0  0  0]
 [10 10  0  0 10  0  0  0  0  0  0  0  0  0  0  0  0  0  0  0  0  0  0]
 [ 0  0  0  0  0  0  0  0  0  0  0  0  0  0  0  0  0  0  0  0  0  0  0]
 [ 0  0  0  0  0 21  0  0  0  0  0  0  0  0  0  0  0  0  0  0  0  0  0]
 [ 0  0  0  0  0  0  0  0  0  0  0  0  0  0  0  0  0  0  0  0  0  0  0]
 [ 0  0  0  0  0  0  0  0  0  0  0  0  0  0  0  0  0  0  0  0  0  0  0]
 [ 0  0  4  0 18  4 15 15  0  0  0  0  0  0  0  0  0  0  0  0  0  0  0]
 [ 0  0  0  0  0  0  0  0  0  0  0  0  0  0  0  0  0  0  0  0  0  0  0]
 [ 0  0  0  0  0 26  6  0  0  0  0  0  0  0  0  0  0  0  0  0  0  0  0]]
valid: gen=0.018
reward: norm=0.9676838223138804
[ 150 iterations]
real= [[ 7 15 21  8  5 27  0  0  0  0  0  0  0  0  0  0  0  0  0  0  0  0  0]
 [15 24  2  4  0  0  0  0  0  0  0  0  0  0  0  0  0  0  0  0  0  0  0]
 [19  3 14 13 20  2  0  0  0  0  0  0  0  0  0  0  0  0  0  0  0  0  0]
 [25  2 14 10 12 23  0  0  0  0  0  0  0  0  0  0  0  0  0  0  0  0  0]
 [14 17 10 12 27  0  0  0  0  0  0  0  0  0  0  0  0  0  0  0  0  0  0]
 [14 25  9  0  0  0  0  0  0  0  0  0  0  0  0  0  0  0  0  0  0  0  0]
 [27 17 13 10 15  0  0  0  0  0  0  0  0  0  0  0  0  0  0  0  0  0  0]
 [23 22  6 13 14  3  9 19 20  0  0  0  0  0  0  0  0  0  0  0  0  0  0]
 [17 11  5 27  0  0  0  0  0  0  0  0  0  0  0  0  0  0  0  0  0  0  0]
 [25  0  0  0  0  0  0  0  0  0  0  0  0  0  0  0  0  0  0  0  0  0  0]]
gen= [[27 27  0  0  0  0  0  0  0  0  0  0  0  0  0  0  0  0  0  0  0  0  0]
 [ 0  0  0  0  0  0  0  0  0  0  0  0  0  0  0  0  0  0  0  0  0  0  0]
 [ 0 13  0  0  0  0  0  0  0  0  0  0  0  0  0  0  0  0  0  0  0  0  0]
 [ 0 23  0  0 12  0  0  0  0  0  0  0  0  0  0  0  0  0  0  0  0  0  0]
 [27  0  0 27 27  0  0  0  0  0  0  0  0  0  0  0  0  0  0  0  0  0  0]
 [ 0  0  0  0  0  0  0  0  0  0  0  0  0  0  0  0  0  0  0  0  0  0  0]
 [ 0  0  0  0  0  0  0  0  0  0  0  0  0  0  0  0  0  0  0  0  0  0  0]
 [ 0  0  0  0  0  0  0  0  0  0  0  0  0  0  0  0  0  0  0  0  0  0  0]
 [ 0  0  0  0  0  0  0  0  0  0  0  0  0  0  0  0  0  0  0  0  0  0  0]
 [ 0 25  0  0  0  0  0  0  0  0  0  0  0  0  0  0  0  0  0  0  0  0  0]]
valid: gen=0.02
reward: norm=0.9672758068021365
[ 160 iterations]
real= [[15 19  5 26  0  0  0  0  0  0  0  0  0  0  0  0  0  0  0  0  0  0  0]
 [ 5  4  9 16 10 24  0  0  0  0  0  0  0  0  0  0  0  0  0  0  0  0  0]
 [ 7 23  0  0  0  0  0  0  0  0  0  0  0  0  0  0  0  0  0  0  0  0  0]
 [23  9 18 10  0  0  0  0  0  0  0  0  0  0  0  0  0  0  0  0  0  0  0]
 [23  9  2  0  0  0  0  0  0  0  0  0  0  0  0  0  0  0  0  0  0  0  0]
 [ 3 27  0  0  0  0  0  0  0  0  0  0  0  0  0  0  0  0  0  0  0  0  0]
 [17 16 18 12  7  0  0  0  0  0  0  0  0  0  0  0  0  0  0  0  0  0  0]
 [17 13  5 26  0  0  0  0  0  0  0  0  0  0  0  0  0  0  0  0  0  0  0]
 [14 10 18  5 20  0  0  0  0  0  0  0  0  0  0  0  0  0  0  0  0  0  0]
 [19  9  2 28  0  0  0  0  0  0  0  0  0  0  0  0  0  0  0  0  0  0  0]]
gen= [[ 0  0  0  0  0  0  0  0  0  0  0  0  0  0  0  0  0  0  0  0  0  0  0]
 [ 5  0  0  0  0  0  0  0  0  0  0  0  0  0  0  0  0  0  0  0  0  0  0]
 [ 0  0  0  0  0  0  0  0  0  0  0  0  0  0  0  0  0  0  0  0  0  0  0]
 [ 0  0  0  0  0  0  0  0  0  0  0  0  0  0  0  0  0  0  0  0  0  0  0]
 [ 0  0  0  0  0  0  0  0  0  0  0  0  0  0  0  0  0  0  0  0  0  0  0]
 [ 0  0  0  0  0  0  0  0  0  0  0  0  0  0  0  0  0  0  0  0  0  0  0]
 [ 0 16 16  0  0  0  0  0  0  0  0  0  0  0  0  0  0  0  0  0  0  0  0]
 [ 0  0  0  0  0  0  0  0  0  0  0  0  0  0  0  0  0  0  0  0  0  0  0]
 [ 5  0  0  0  0  0  0  0  0  0  0  0  0  0  0  0  0  0  0  0  0  0  0]
 [28  0  0  0  0  0  0  0  0  0  0  0  0  0  0  0  0  0  0  0  0  0  0]]
valid: gen=0.027
reward: norm=0.9731760932277532
[ 170 iterations]
real= [[ 2  0  0  0  0  0  0  0  0  0  0  0  0  0  0  0  0  0  0  0  0  0  0]
 [23 18 14 21 24  7  5  0  0  0  0  0  0  0  0  0  0  0  0  0  0  0  0]
 [ 6 18 19 25  8  0  0  0  0  0  0  0  0  0  0  0  0  0  0  0  0  0  0]
 [22  8  5 28  0  0  0  0  0  0  0  0  0  0  0  0  0  0  0  0  0  0  0]
 [ 7 23 26  0  0  0  0  0  0  0  0  0  0  0  0  0  0  0  0  0  0  0  0]
 [21 19  4 27 20  0  0  0  0  0  0  0  0  0  0  0  0  0  0  0  0  0  0]
 [ 4  1 18 16 19 23  0  0  0  0  0  0  0  0  0  0  0  0  0  0  0  0  0]
 [13  0  0  0  0  0  0  0  0  0  0  0  0  0  0  0  0  0  0  0  0  0  0]
 [ 7  2 28  1  8  0  0  0  0  0  0  0  0  0  0  0  0  0  0  0  0  0  0]
 [25  9 13 23  0  0  0  0  0  0  0  0  0  0  0  0  0  0  0  0  0  0  0]]
gen= [[ 0  0  0  0  0  0  0  0  0  0  0  0  0  0  0  0  0  0  0  0  0  0  0]
 [ 0  0  0  0  0  0  0  0  0  0  0  0  0  0  0  0  0  0  0  0  0  0  0]
 [ 0  0  0  0  0  0  0  0  0  0  0  0  0  0  0  0  0  0  0  0  0  0  0]
 [ 0  0  0  0  0  0  0  0  0  0  0  0  0  0  0  0  0  0  0  0  0  0  0]
 [ 0  0  0  0  0  0  0  0  0  0  0  0  0  0  0  0  0  0  0  0  0  0  0]
 [27  0  0  0  0  0  0  0  0  0  0  0  0  0  0  0  0  0  0  0  0  0  0]
 [16  0  0  0  0  0  0  0  0  0  0  0  0  0  0  0  0  0  0  0  0  0  0]
 [ 0  0  0  0  0  0  0  0  0  0  0  0  0  0  0  0  0  0  0  0  0  0  0]
 [ 7  0 28  0  0  0  0  0  0  0  0  0  0  0  0  0  0  0  0  0  0  0  0]
 [ 0  0  0  0  0  0  0  0  0  0  0  0  0  0  0  0  0  0  0  0  0  0  0]]
valid: gen=0.015
reward: norm=0.968235255403188
[ 180 iterations]
real= [[24 27  2  0  0  0  0  0  0  0  0  0  0  0  0  0  0  0  0  0  0  0  0]
 [22 26  0  0  0  0  0  0  0  0  0  0  0  0  0  0  0  0  0  0  0  0  0]
 [ 3 21  9 28  8 20  0  0  0  0  0  0  0  0  0  0  0  0  0  0  0  0  0]
 [15  6 19 25 27  0  0  0  0  0  0  0  0  0  0  0  0  0  0  0  0  0  0]
 [20  0  0  0  0  0  0  0  0  0  0  0  0  0  0  0  0  0  0  0  0  0  0]
 [16  0  0  0  0  0  0  0  0  0  0  0  0  0  0  0  0  0  0  0  0  0  0]
 [25 19  2  1  0  0  0  0  0  0  0  0  0  0  0  0  0  0  0  0  0  0  0]
 [20  1 28 19 14  6 15  0  0  0  0  0  0  0  0  0  0  0  0  0  0  0  0]
 [27  3 13  0  0  0  0  0  0  0  0  0  0  0  0  0  0  0  0  0  0  0  0]
 [20 26 10 28  0  0  0  0  0  0  0  0  0  0  0  0  0  0  0  0  0  0  0]]
gen= [[ 0 27  0  0  0  0  0  0  0  0  0  0  0  0  0  0  0  0  0  0  0  0  0]
 [ 0 26  0  0  0  0  0  0  0  0  0  0  0  0  0  0  0  0  0  0  0  0  0]
 [ 0  0  0  0  0  0  0  0  0  0  0  0  0  0  0  0  0  0  0  0  0  0  0]
 [ 0  0  0  0  0  0  0  0  0  0  0  0  0  0  0  0  0  0  0  0  0  0  0]
 [ 0  0  0  0  0  0  0  0  0  0  0  0  0  0  0  0  0  0  0  0  0  0  0]
 [ 0  0  0  0  0  0  0  0  0  0  0  0  0  0  0  0  0  0  0  0  0  0  0]
 [ 1  0  1  0  1  0  0  0  0  0  0  0  0  0  0  0  0  0  0  0  0  0  0]
 [14 28 14  0  0  0  0  0  0  0  0  0  0  0  0  0  0  0  0  0  0  0  0]
 [ 0  0  0  0  0  0  0  0  0  0  0  0  0  0  0  0  0  0  0  0  0  0  0]
 [ 0  0  0  0 28  0 10 28  0 26 26  0  0  0  0  0  0  0  0  0  0  0  0]]
valid: gen=0.023
reward: norm=0.9665010977543791
[ 190 iterations]
real= [[24  2 12  0  0  0  0  0  0  0  0  0  0  0  0  0  0  0  0  0  0  0  0]
 [ 1  2 10  0  0  0  0  0  0  0  0  0  0  0  0  0  0  0  0  0  0  0  0]
 [10  0  0  0  0  0  0  0  0  0  0  0  0  0  0  0  0  0  0  0  0  0  0]
 [27  5 20 21 17 24 26  0  0  0  0  0  0  0  0  0  0  0  0  0  0  0  0]
 [21  2  0  0  0  0  0  0  0  0  0  0  0  0  0  0  0  0  0  0  0  0  0]
 [22  0  0  0  0  0  0  0  0  0  0  0  0  0  0  0  0  0  0  0  0  0  0]
 [23 11 19 28 20  8  0  0  0  0  0  0  0  0  0  0  0  0  0  0  0  0  0]
 [23  9 18 12 15  7  4  0  0  0  0  0  0  0  0  0  0  0  0  0  0  0  0]
 [15 26 10  0  0  0  0  0  0  0  0  0  0  0  0  0  0  0  0  0  0  0  0]
 [ 6  9 26 12  0  0  0  0  0  0  0  0  0  0  0  0  0  0  0  0  0  0  0]]
gen= [[ 0  0  0  0  0  0  0  0  0  0  0  0  0  0  0  0  0  0  0  0  0  0  0]
 [ 0  0  0  1  1  0  0  0  0  0  0  0  0  0  0  0  0  0  0  0  0  0  0]
 [ 0  0  0  0  0  0  0  0  0  0  0  0  0  0  0  0  0  0  0  0  0  0  0]
 [ 0  0  0  0  0  0  0  0  0  0  0  0  0  0  0  0  0  0  0  0  0  0  0]
 [ 0  0  0  0  0  0  0  0  0  0  0  0  0  0  0  0  0  0  0  0  0  0  0]
 [ 0  0  0  0  0  0  0  0  0  0  0  0  0  0  0  0  0  0  0  0  0  0  0]
 [ 0  0  0  0  0  0  0  0  0  0  0  0  0  0  0  0  0  0  0  0  0  0  0]
 [ 0  0  0  0  0  0  0  0  0  0  0  0  0  0  0  0  0  0  0  0  0  0  0]
 [15  0  0  0  0  0  0  0  0  0  0  0  0  0  0  0  0  0  0  0  0  0  0]
 [ 0  0  0  0  0  0  0  0  0  0  0  0  0  0  0  0  0  0  0  0  0  0  0]]
valid: gen=0.019
reward: norm=0.9676332408913617
[ 200 iterations]
real= [[ 7 15 21  8  5 27  0  0  0  0  0  0  0  0  0  0  0  0  0  0  0  0  0]
 [15 24  2  4  0  0  0  0  0  0  0  0  0  0  0  0  0  0  0  0  0  0  0]
 [19  3 14 13 20  2  0  0  0  0  0  0  0  0  0  0  0  0  0  0  0  0  0]
 [25  2 14 10 12 23  0  0  0  0  0  0  0  0  0  0  0  0  0  0  0  0  0]
 [14 17 10 12 27  0  0  0  0  0  0  0  0  0  0  0  0  0  0  0  0  0  0]
 [14 25  9  0  0  0  0  0  0  0  0  0  0  0  0  0  0  0  0  0  0  0  0]
 [27 17 13 10 15  0  0  0  0  0  0  0  0  0  0  0  0  0  0  0  0  0  0]
 [23 22  6 13 14  3  9 19 20  0  0  0  0  0  0  0  0  0  0  0  0  0  0]
 [17 11  5 27  0  0  0  0  0  0  0  0  0  0  0  0  0  0  0  0  0  0  0]
 [25  0  0  0  0  0  0  0  0  0  0  0  0  0  0  0  0  0  0  0  0  0  0]]
gen= [[ 5  0  0  0  0  0  0  0  0  0  0  0  0  0  0  0  0  0  0  0  0  0  0]
 [ 0 15 15  0 15  0  0  0  0  0  0  0  0  0  0  0  0  0  0  0  0  0  0]
 [ 0 13  0  0  0  0  0  0  0  0  0  0  0  0  0  0  0  0  0  0  0  0  0]
 [10  0  0  0  0  0  0  0  0  0  0  0  0  0  0  0  0  0  0  0  0  0  0]
 [ 0  0  0  0 27  0 27  0  0  0  0  0  0  0  0  0  0  0  0  0  0  0  0]
 [14  0  0  0  0  0  0  0  0  0  0  0  0  0  0  0  0  0  0  0  0  0  0]
 [27  0  0  0  0  0  0  0  0  0  0  0  0  0  0  0  0  0  0  0  0  0  0]
 [14 14  0  0  0  0  0  0  0  0  0  0  0  0  0  0  0  0  0  0  0  0  0]
 [ 0  0  0  0  0  0  0  0  0  0  0  0  0  0  0  0  0  0  0  0  0  0  0]
 [ 0  0  0  0  0  0  0  0  0  0  0  0  0  0  0  0  0  0  0  0  0  0  0]]
valid: gen=0.017
reward: norm=0.9689413767051721
[ 210 iterations]
real= [[15 19  5 26  0  0  0  0  0  0  0  0  0  0  0  0  0  0  0  0  0  0  0]
 [ 5  4  9 16 10 24  0  0  0  0  0  0  0  0  0  0  0  0  0  0  0  0  0]
 [ 7 23  0  0  0  0  0  0  0  0  0  0  0  0  0  0  0  0  0  0  0  0  0]
 [23  9 18 10  0  0  0  0  0  0  0  0  0  0  0  0  0  0  0  0  0  0  0]
 [23  9  2  0  0  0  0  0  0  0  0  0  0  0  0  0  0  0  0  0  0  0  0]
 [ 3 27  0  0  0  0  0  0  0  0  0  0  0  0  0  0  0  0  0  0  0  0  0]
 [17 16 18 12  7  0  0  0  0  0  0  0  0  0  0  0  0  0  0  0  0  0  0]
 [17 13  5 26  0  0  0  0  0  0  0  0  0  0  0  0  0  0  0  0  0  0  0]
 [14 10 18  5 20  0  0  0  0  0  0  0  0  0  0  0  0  0  0  0  0  0  0]
 [19  9  2 28  0  0  0  0  0  0  0  0  0  0  0  0  0  0  0  0  0  0  0]]
gen= [[ 0  0  0  0  0  0  0  0  0  0  0  0  0  0  0  0  0  0  0  0  0  0  0]
 [ 5  5  0  0  0  0  0  0  0  0  0  0  0  0  0  0  0  0  0  0  0  0  0]
 [ 0  0  0  0  0  0  0  0  0  0  0  0  0  0  0  0  0  0  0  0  0  0  0]
 [ 0 18  0  0  0  0  0  0  0  0  0  0  0  0  0  0  0  0  0  0  0  0  0]
 [ 0  0  0  0  0  0  0  0  0  0  0  0  0  0  0  0  0  0  0  0  0  0  0]
 [ 3  0  0  0  0  0  0  0  0  0  0  0  0  0  0  0  0  0  0  0  0  0  0]
 [16 16 16 16  0  0  0  0  0 12 16  0  0  0  0  0  0  0  0  0  0  0  0]
 [ 5  5  5  0  0  0  0  0  0  0  0  0  0  0  0  0  0  0  0  0  0  0  0]
 [ 5  5  5  0  0  0  0  0  0  0  0  0  0  0  0  0  0  0  0  0  0  0  0]
 [ 0  0  0  0  0  0  0  0  0  0  0  0  0  0  0  0  0  0  0  0  0  0  0]]
valid: gen=0.02
reward: norm=0.9690912741695162
[ 220 iterations]
real= [[ 2  0  0  0  0  0  0  0  0  0  0  0  0  0  0  0  0  0  0  0  0  0  0]
 [23 18 14 21 24  7  5  0  0  0  0  0  0  0  0  0  0  0  0  0  0  0  0]
 [ 6 18 19 25  8  0  0  0  0  0  0  0  0  0  0  0  0  0  0  0  0  0  0]
 [22  8  5 28  0  0  0  0  0  0  0  0  0  0  0  0  0  0  0  0  0  0  0]
 [ 7 23 26  0  0  0  0  0  0  0  0  0  0  0  0  0  0  0  0  0  0  0  0]
 [21 19  4 27 20  0  0  0  0  0  0  0  0  0  0  0  0  0  0  0  0  0  0]
 [ 4  1 18 16 19 23  0  0  0  0  0  0  0  0  0  0  0  0  0  0  0  0  0]
 [13  0  0  0  0  0  0  0  0  0  0  0  0  0  0  0  0  0  0  0  0  0  0]
 [ 7  2 28  1  8  0  0  0  0  0  0  0  0  0  0  0  0  0  0  0  0  0  0]
 [25  9 13 23  0  0  0  0  0  0  0  0  0  0  0  0  0  0  0  0  0  0  0]]
gen= [[ 2  0  0  0  0  0  0  0  0  0  0  0  0  0  0  0  0  0  0  0  0  0  0]
 [ 0  5  5  0  5  5  0  0  0  0  0  0  0  0  0  0  0  0  0  0  0  0  0]
 [ 0  0  0  0  0  0  0  0  0  0  0  0  0  0  0  0  0  0  0  0  0  0  0]
 [ 0  0  0  0  0  0  0  0  0  0  0  0  0  0  0  0  0  0  0  0  0  0  0]
 [ 7  0  0  0  0  0  0  0  0  0  0  0  0  0  0  0  0  0  0  0  0  0  0]
 [ 0  0  0  0  0  0  0  0  0  0  0  0  0  0  0  0  0  0  0  0  0  0  0]
 [18  0  0  0  0  0  0  0  0  0  0  0  0  0  0  0  0  0  0  0  0  0  0]
 [ 0  0  0  0  0  0  0  0  0  0  0  0  0  0  0  0  0  0  0  0  0  0  0]
 [ 0  0  0  0  0  0  0  0  0  0  0  0  0  0  0  0  0  0  0  0  0  0  0]
 [ 0  0  0  0  0  0  0  0  0  0  0  0  0  0  0  0  0  0  0  0  0  0  0]]
valid: gen=0.023
reward: norm=0.972014709324477
[ 230 iterations]
real= [[24 27  2  0  0  0  0  0  0  0  0  0  0  0  0  0  0  0  0  0  0  0  0]
 [22 26  0  0  0  0  0  0  0  0  0  0  0  0  0  0  0  0  0  0  0  0  0]
 [ 3 21  9 28  8 20  0  0  0  0  0  0  0  0  0  0  0  0  0  0  0  0  0]
 [15  6 19 25 27  0  0  0  0  0  0  0  0  0  0  0  0  0  0  0  0  0  0]
 [20  0  0  0  0  0  0  0  0  0  0  0  0  0  0  0  0  0  0  0  0  0  0]
 [16  0  0  0  0  0  0  0  0  0  0  0  0  0  0  0  0  0  0  0  0  0  0]
 [25 19  2  1  0  0  0  0  0  0  0  0  0  0  0  0  0  0  0  0  0  0  0]
 [20  1 28 19 14  6 15  0  0  0  0  0  0  0  0  0  0  0  0  0  0  0  0]
 [27  3 13  0  0  0  0  0  0  0  0  0  0  0  0  0  0  0  0  0  0  0  0]
 [20 26 10 28  0  0  0  0  0  0  0  0  0  0  0  0  0  0  0  0  0  0  0]]
gen= [[27  0  0  0  0  0  0  0  0  0  0  0  0  0  0  0  0  0  0  0  0  0  0]
 [ 0  0  0  0  0  0  0  0  0  0  0  0  0  0  0  0  0  0  0  0  0  0  0]
 [ 3  0  0  0  0  0  0  0  0  0  0  0  0  0  0  0  0  0  0  0  0  0  0]
 [27  0  0  0  0  0  0  0  0  0  0  0  0  0  0  0  0  0  0  0  0  0  0]
 [ 0  0  0  0  0  0  0  0  0  0  0  0  0  0  0  0  0  0  0  0  0  0  0]
 [ 0 16  0  0  0  0  0  0  0  0  0  0  0  0  0  0  0  0  0  0  0  0  0]
 [ 0  0  0  0  0  0  0  0  0  0  0  0  0  0  0  0  0  0  0  0  0  0  0]
 [15  0  0  0  0  0  0  0  0  0  0  0  0  0  0  0  0  0  0  0  0  0  0]
 [ 0 27  0  0  0  0  0  0  0  0  0  0  0  0  0  0  0  0  0  0  0  0  0]
 [ 0  0  0  0  0  0  0  0  0  0  0  0  0  0  0  0  0  0  0  0  0  0  0]]
valid: gen=0.029
reward: norm=0.9750424860206942
[ 240 iterations]
real= [[24  2 12  0  0  0  0  0  0  0  0  0  0  0  0  0  0  0  0  0  0  0  0]
 [ 1  2 10  0  0  0  0  0  0  0  0  0  0  0  0  0  0  0  0  0  0  0  0]
 [10  0  0  0  0  0  0  0  0  0  0  0  0  0  0  0  0  0  0  0  0  0  0]
 [27  5 20 21 17 24 26  0  0  0  0  0  0  0  0  0  0  0  0  0  0  0  0]
 [21  2  0  0  0  0  0  0  0  0  0  0  0  0  0  0  0  0  0  0  0  0  0]
 [22  0  0  0  0  0  0  0  0  0  0  0  0  0  0  0  0  0  0  0  0  0  0]
 [23 11 19 28 20  8  0  0  0  0  0  0  0  0  0  0  0  0  0  0  0  0  0]
 [23  9 18 12 15  7  4  0  0  0  0  0  0  0  0  0  0  0  0  0  0  0  0]
 [15 26 10  0  0  0  0  0  0  0  0  0  0  0  0  0  0  0  0  0  0  0  0]
 [ 6  9 26 12  0  0  0  0  0  0  0  0  0  0  0  0  0  0  0  0  0  0  0]]
gen= [[ 0  0  0  0  0  0  0  0  0  0  0  0  0  0  0  0  0  0  0  0  0  0  0]
 [ 0  0  0  0  0  0  0  0  0  0  0  0  0  0  0  0  0  0  0  0  0  0  0]
 [ 0  0  0  0  0  0  0  0  0  0  0  0  0  0  0  0  0  0  0  0  0  0  0]
 [ 0  0  0  0  0  0  0  0  0  0  0  0  0  0  0  0  0  0  0  0  0  0  0]
 [ 2  0  0  0  0  0  0  0  0  0  0  0  0  0  0  0  0  0  0  0  0  0  0]
 [22  0  0  0  0  0  0  0  0  0  0  0  0  0  0  0  0  0  0  0  0  0  0]
 [ 0  0  0  0  0  0  0  0  0  0  0  0  0  0  0  0  0  0  0  0  0  0  0]
 [12  0  0  0  0  0  0  0  0  0  0  0  0  0  0  0  0  0  0  0  0  0  0]
 [ 0  0  0  0  0  0  0  0  0  0  0  0  0  0  0  0  0  0  0  0  0  0  0]
 [ 0  0  0  0  0  0  0  0  0  0  0  0  0  0  0  0  0  0  0  0  0  0  0]]
valid: gen=0.031
reward: norm=0.979426048406769
[ 250 iterations]
real= [[ 7 15 21  8  5 27  0  0  0  0  0  0  0  0  0  0  0  0  0  0  0  0  0]
 [15 24  2  4  0  0  0  0  0  0  0  0  0  0  0  0  0  0  0  0  0  0  0]
 [19  3 14 13 20  2  0  0  0  0  0  0  0  0  0  0  0  0  0  0  0  0  0]
 [25  2 14 10 12 23  0  0  0  0  0  0  0  0  0  0  0  0  0  0  0  0  0]
 [14 17 10 12 27  0  0  0  0  0  0  0  0  0  0  0  0  0  0  0  0  0  0]
 [14 25  9  0  0  0  0  0  0  0  0  0  0  0  0  0  0  0  0  0  0  0  0]
 [27 17 13 10 15  0  0  0  0  0  0  0  0  0  0  0  0  0  0  0  0  0  0]
 [23 22  6 13 14  3  9 19 20  0  0  0  0  0  0  0  0  0  0  0  0  0  0]
 [17 11  5 27  0  0  0  0  0  0  0  0  0  0  0  0  0  0  0  0  0  0  0]
 [25  0  0  0  0  0  0  0  0  0  0  0  0  0  0  0  0  0  0  0  0  0  0]]
gen= [[27  0  0  0  0  0  0  0  0  0  0  0  0  0  0  0  0  0  0  0  0  0  0]
 [15  0  0  0  0  0  0  0  0  0  0  0  0  0  0  0  0  0  0  0  0  0  0]
 [ 2  0  0  0  0  0  0  0  0  0  0  0  0  0  0  0  0  0  0  0  0  0  0]
 [25  2  2  0  0  0  0  0  0  0  0  0  0  0  0  0  0  0  0  0  0  0  0]
 [27  0  0  0  0  0  0  0  0  0  0  0  0  0  0  0  0  0  0  0  0  0  0]
 [ 0  0  0  0  0  0  0  0  0  0  0  0  0  0  0  0  0  0  0  0  0  0  0]
 [27  0  0  0  0  0  0  0  0  0  0  0  0  0  0  0  0  0  0  0  0  0  0]
 [ 6  0  0  0  0  0  0  0  0  0  0  0  0  0  0  0  0  0  0  0  0  0  0]
 [ 0  0  0  0  0  0  0  0  0  0  0  0  0  0  0  0  0  0  0  0  0  0  0]
 [25  0  0  0  0  0  0  0  0  0  0  0  0  0  0  0  0  0  0  0  0  0  0]]
valid: gen=0.037
reward: norm=0.9789285575505035
[ 260 iterations]
real= [[15 19  5 26  0  0  0  0  0  0  0  0  0  0  0  0  0  0  0  0  0  0  0]
 [ 5  4  9 16 10 24  0  0  0  0  0  0  0  0  0  0  0  0  0  0  0  0  0]
 [ 7 23  0  0  0  0  0  0  0  0  0  0  0  0  0  0  0  0  0  0  0  0  0]
 [23  9 18 10  0  0  0  0  0  0  0  0  0  0  0  0  0  0  0  0  0  0  0]
 [23  9  2  0  0  0  0  0  0  0  0  0  0  0  0  0  0  0  0  0  0  0  0]
 [ 3 27  0  0  0  0  0  0  0  0  0  0  0  0  0  0  0  0  0  0  0  0  0]
 [17 16 18 12  7  0  0  0  0  0  0  0  0  0  0  0  0  0  0  0  0  0  0]
 [17 13  5 26  0  0  0  0  0  0  0  0  0  0  0  0  0  0  0  0  0  0  0]
 [14 10 18  5 20  0  0  0  0  0  0  0  0  0  0  0  0  0  0  0  0  0  0]
 [19  9  2 28  0  0  0  0  0  0  0  0  0  0  0  0  0  0  0  0  0  0  0]]
gen= [[ 5 19  0  0  0  0  0  0  0  0  0  0  0  0  0  0  0  0  0  0  0  0  0]
 [16  0  0  0  0  0  0  0  0  0  0  0  0  0  0  0  0  0  0  0  0  0  0]
 [ 0  0  0  0  0  0  0  0  0  0  0  0  0  0  0  0  0  0  0  0  0  0  0]
 [18 18 18  0  0  0  0  0  0  0  0  0  0  0  0  0  0  0  0  0  0  0  0]
 [ 2  0  0  0  0  0  0  0  0  0  0  0  0  0  0  0  0  0  0  0  0  0  0]
 [27 27 27 27  0  0  0  0  0  0  0  0  0  0  0  0  0  0  0  0  0  0  0]
 [16 16  0  0  0  0  0  0  0  0  0  0  0  0  0  0  0  0  0  0  0  0  0]
 [13  0  0  0  0  0  0  0  0  0  0  0  0  0  0  0  0  0  0  0  0  0  0]
 [18  0  0  0  0  0  0  0  0  0  0  0  0  0  0  0  0  0  0  0  0  0  0]
 [ 2  2  0  0  0  0  0  0  0  0  0  0  0  0  0  0  0  0  0  0  0  0  0]]
valid: gen=0.065
reward: norm=0.982900707474348
[ 270 iterations]
real= [[ 2  0  0  0  0  0  0  0  0  0  0  0  0  0  0  0  0  0  0  0  0  0  0]
 [23 18 14 21 24  7  5  0  0  0  0  0  0  0  0  0  0  0  0  0  0  0  0]
 [ 6 18 19 25  8  0  0  0  0  0  0  0  0  0  0  0  0  0  0  0  0  0  0]
 [22  8  5 28  0  0  0  0  0  0  0  0  0  0  0  0  0  0  0  0  0  0  0]
 [ 7 23 26  0  0  0  0  0  0  0  0  0  0  0  0  0  0  0  0  0  0  0  0]
 [21 19  4 27 20  0  0  0  0  0  0  0  0  0  0  0  0  0  0  0  0  0  0]
 [ 4  1 18 16 19 23  0  0  0  0  0  0  0  0  0  0  0  0  0  0  0  0  0]
 [13  0  0  0  0  0  0  0  0  0  0  0  0  0  0  0  0  0  0  0  0  0  0]
 [ 7  2 28  1  8  0  0  0  0  0  0  0  0  0  0  0  0  0  0  0  0  0  0]
 [25  9 13 23  0  0  0  0  0  0  0  0  0  0  0  0  0  0  0  0  0  0  0]]
gen= [[ 2  2  2  2  0  0  0  0  0  0  0  0  0  0  0  0  0  0  0  0  0  0  0]
 [23 24 24 24  0  0  0  0  0  0  0  0  0  0  0  0  0  0  0  0  0  0  0]
 [18  6  0  0  0  0  0  0  0  0  0  0  0  0  0  0  0  0  0  0  0  0  0]
 [ 5  8  0  0  0  0  0  0  0  0  0  0  0  0  0  0  0  0  0  0  0  0  0]
 [26 23 23  0  0  0  0  0  0  0  0  0  0  0  0  0  0  0  0  0  0  0  0]
 [ 4  4  4  0  0  0  0  0  0  0  0  0  0  0  0  0  0  0  0  0  0  0  0]
 [16 16  4  0  0  0  0  0  0  0  0  0  0  0  0  0  0  0  0  0  0  0  0]
 [ 0  0  0  0  0  0  0  0  0  0  0  0  0  0  0  0  0  0  0  0  0  0  0]
 [ 2  2  0  0  0  0  0  0  0  0  0  0  0  0  0  0  0  0  0  0  0  0  0]
 [25  0  0  0  0  0  0  0  0  0  0  0  0  0  0  0  0  0  0  0  0  0  0]]
valid: gen=0.073
reward: norm=0.9779055945118624
[ 280 iterations]
real= [[24 27  2  0  0  0  0  0  0  0  0  0  0  0  0  0  0  0  0  0  0  0  0]
 [22 26  0  0  0  0  0  0  0  0  0  0  0  0  0  0  0  0  0  0  0  0  0]
 [ 3 21  9 28  8 20  0  0  0  0  0  0  0  0  0  0  0  0  0  0  0  0  0]
 [15  6 19 25 27  0  0  0  0  0  0  0  0  0  0  0  0  0  0  0  0  0  0]
 [20  0  0  0  0  0  0  0  0  0  0  0  0  0  0  0  0  0  0  0  0  0  0]
 [16  0  0  0  0  0  0  0  0  0  0  0  0  0  0  0  0  0  0  0  0  0  0]
 [25 19  2  1  0  0  0  0  0  0  0  0  0  0  0  0  0  0  0  0  0  0  0]
 [20  1 28 19 14  6 15  0  0  0  0  0  0  0  0  0  0  0  0  0  0  0  0]
 [27  3 13  0  0  0  0  0  0  0  0  0  0  0  0  0  0  0  0  0  0  0  0]
 [20 26 10 28  0  0  0  0  0  0  0  0  0  0  0  0  0  0  0  0  0  0  0]]
gen= [[24 24  0  0  0  0  0  0  0  0  0  0  0  0  0  0  0  0  0  0  0  0  0]
 [26  0  0  0  0  0  0  0  0  0  0  0  0  0  0  0  0  0  0  0  0  0  0]
 [ 8  8  0  0  0  0  0  0  0  0  0  0  0  0  0  0  0  0  0  0  0  0  0]
 [ 6  6 27  0  0  0  0  0  0  0  0  0  0  0  0  0  0  0  0  0  0  0  0]
 [20 20  0  0  0  0  0  0  0  0  0  0  0  0  0  0  0  0  0  0  0  0  0]
 [16 16  0  0  0  0  0  0  0  0  0  0  0  0  0  0  0  0  0  0  0  0  0]
 [ 2  2  0  0  0  0  0  0  0  0  0  0  0  0  0  0  0  0  0  0  0  0  0]
 [ 6  0  0  0  0  0  0  0  0  0  0  0  0  0  0  0  0  0  0  0  0  0  0]
 [27 27 27  0  0  0  0  0  0  0  0  0  0  0  0  0  0  0  0  0  0  0  0]
 [20 20  0  0  0  0  0  0  0  0  0  0  0  0  0  0  0  0  0  0  0  0  0]]
valid: gen=0.087
reward: norm=0.9798031621639219
[ 290 iterations]
real= [[24  2 12  0  0  0  0  0  0  0  0  0  0  0  0  0  0  0  0  0  0  0  0]
 [ 1  2 10  0  0  0  0  0  0  0  0  0  0  0  0  0  0  0  0  0  0  0  0]
 [10  0  0  0  0  0  0  0  0  0  0  0  0  0  0  0  0  0  0  0  0  0  0]
 [27  5 20 21 17 24 26  0  0  0  0  0  0  0  0  0  0  0  0  0  0  0  0]
 [21  2  0  0  0  0  0  0  0  0  0  0  0  0  0  0  0  0  0  0  0  0  0]
 [22  0  0  0  0  0  0  0  0  0  0  0  0  0  0  0  0  0  0  0  0  0  0]
 [23 11 19 28 20  8  0  0  0  0  0  0  0  0  0  0  0  0  0  0  0  0  0]
 [23  9 18 12 15  7  4  0  0  0  0  0  0  0  0  0  0  0  0  0  0  0  0]
 [15 26 10  0  0  0  0  0  0  0  0  0  0  0  0  0  0  0  0  0  0  0  0]
 [ 6  9 26 12  0  0  0  0  0  0  0  0  0  0  0  0  0  0  0  0  0  0  0]]
gen= [[24 24  0  0  0  0  0  0  0  0  0  0  0  0  0  0  0  0  0  0  0  0  0]
 [ 1  0  0  0  0  0  0  0  0  0  0  0  0  0  0  0  0  0  0  0  0  0  0]
 [ 0  0  0  0  0  0  0  0  0  0  0  0  0  0  0  0  0  0  0  0  0  0  0]
 [27 27  0  0  0  0  0  0  0  0  0  0  0  0  0  0  0  0  0  0  0  0  0]
 [ 2  0  0  0  0  0  0  0  0  0  0  0  0  0  0  0  0  0  0  0  0  0  0]
 [ 0  0  0  0  0  0  0  0  0  0  0  0  0  0  0  0  0  0  0  0  0  0  0]
 [ 8  8  0  0  0  0  0  0  0  0  0  0  0  0  0  0  0  0  0  0  0  0  0]
 [ 4  4  0  0  0  0  0  0  0  0  0  0  0  0  0  0  0  0  0  0  0  0  0]
 [15  0  0  0  0  0  0  0  0  0  0  0  0  0  0  0  0  0  0  0  0  0  0]
 [12  0  0  0  0  0  0  0  0  0  0  0  0  0  0  0  0  0  0  0  0  0  0]]
valid: gen=0.104
reward: norm=0.9903077661025853
[ 300 iterations]
real= [[ 7 15 21  8  5 27  0  0  0  0  0  0  0  0  0  0  0  0  0  0  0  0  0]
 [15 24  2  4  0  0  0  0  0  0  0  0  0  0  0  0  0  0  0  0  0  0  0]
 [19  3 14 13 20  2  0  0  0  0  0  0  0  0  0  0  0  0  0  0  0  0  0]
 [25  2 14 10 12 23  0  0  0  0  0  0  0  0  0  0  0  0  0  0  0  0  0]
 [14 17 10 12 27  0  0  0  0  0  0  0  0  0  0  0  0  0  0  0  0  0  0]
 [14 25  9  0  0  0  0  0  0  0  0  0  0  0  0  0  0  0  0  0  0  0  0]
 [27 17 13 10 15  0  0  0  0  0  0  0  0  0  0  0  0  0  0  0  0  0  0]
 [23 22  6 13 14  3  9 19 20  0  0  0  0  0  0  0  0  0  0  0  0  0  0]
 [17 11  5 27  0  0  0  0  0  0  0  0  0  0  0  0  0  0  0  0  0  0  0]
 [25  0  0  0  0  0  0  0  0  0  0  0  0  0  0  0  0  0  0  0  0  0  0]]
gen= [[27 27  0  0  0  0  0  0  0  0  0  0  0  0  0  0  0  0  0  0  0  0  0]
 [ 4  4  0  0  0  0  0  0  0  0  0  0  0  0  0  0  0  0  0  0  0  0  0]
 [13  0  0  0  0  0  0  0  0  0  0  0  0  0  0  0  0  0  0  0  0  0  0]
 [12  0  0  0  0  0  0  0  0  0  0  0  0  0  0  0  0  0  0  0  0  0  0]
 [27  0  0  0  0  0  0  0  0  0  0  0  0  0  0  0  0  0  0  0  0  0  0]
 [ 9  0  0  0  0  0  0  0  0  0  0  0  0  0  0  0  0  0  0  0  0  0  0]
 [27 27  0  0  0  0  0  0  0  0  0  0  0  0  0  0  0  0  0  0  0  0  0]
 [13  0  0  0  0  0  0  0  0  0  0  0  0  0  0  0  0  0  0  0  0  0  0]
 [27 27  0  0  0  0  0  0  0  0  0  0  0  0  0  0  0  0  0  0  0  0  0]
 [25  0  0  0  0  0  0  0  0  0  0  0  0  0  0  0  0  0  0  0  0  0  0]]
valid: gen=0.097
reward: norm=0.9883263424111002
[ 310 iterations]
real= [[15 19  5 26  0  0  0  0  0  0  0  0  0  0  0  0  0  0  0  0  0  0  0]
 [ 5  4  9 16 10 24  0  0  0  0  0  0  0  0  0  0  0  0  0  0  0  0  0]
 [ 7 23  0  0  0  0  0  0  0  0  0  0  0  0  0  0  0  0  0  0  0  0  0]
 [23  9 18 10  0  0  0  0  0  0  0  0  0  0  0  0  0  0  0  0  0  0  0]
 [23  9  2  0  0  0  0  0  0  0  0  0  0  0  0  0  0  0  0  0  0  0  0]
 [ 3 27  0  0  0  0  0  0  0  0  0  0  0  0  0  0  0  0  0  0  0  0  0]
 [17 16 18 12  7  0  0  0  0  0  0  0  0  0  0  0  0  0  0  0  0  0  0]
 [17 13  5 26  0  0  0  0  0  0  0  0  0  0  0  0  0  0  0  0  0  0  0]
 [14 10 18  5 20  0  0  0  0  0  0  0  0  0  0  0  0  0  0  0  0  0  0]
 [19  9  2 28  0  0  0  0  0  0  0  0  0  0  0  0  0  0  0  0  0  0  0]]
gen= [[ 5  5  0  0  0  0  0  0  0  0  0  0  0  0  0  0  0  0  0  0  0  0  0]
 [ 4  4  0  0  0  0  0  0  0  0  0  0  0  0  0  0  0  0  0  0  0  0  0]
 [ 0  0  0  0  0  0  0  0  0  0  0  0  0  0  0  0  0  0  0  0  0  0  0]
 [ 9  0  0  0  0  0  0  0  0  0  0  0  0  0  0  0  0  0  0  0  0  0  0]
 [ 9  0  0  0  0  0  0  0  0  0  0  0  0  0  0  0  0  0  0  0  0  0  0]
 [27 27 27  0  0  0  0  0  0  0  0  0  0  0  0  0  0  0  0  0  0  0  0]
 [16 12  0  0  0  0  0  0  0  0  0  0  0  0  0  0  0  0  0  0  0  0  0]
 [13  0  0  0  0  0  0  0  0  0  0  0  0  0  0  0  0  0  0  0  0  0  0]
 [ 5  0  0  0  0  0  0  0  0  0  0  0  0  0  0  0  0  0  0  0  0  0  0]
 [ 0  0  0  0  0  0  0  0  0  0  0  0  0  0  0  0  0  0  0  0  0  0  0]]
valid: gen=0.094
reward: norm=0.985159401987373
[ 320 iterations]
real= [[ 2  0  0  0  0  0  0  0  0  0  0  0  0  0  0  0  0  0  0  0  0  0  0]
 [23 18 14 21 24  7  5  0  0  0  0  0  0  0  0  0  0  0  0  0  0  0  0]
 [ 6 18 19 25  8  0  0  0  0  0  0  0  0  0  0  0  0  0  0  0  0  0  0]
 [22  8  5 28  0  0  0  0  0  0  0  0  0  0  0  0  0  0  0  0  0  0  0]
 [ 7 23 26  0  0  0  0  0  0  0  0  0  0  0  0  0  0  0  0  0  0  0  0]
 [21 19  4 27 20  0  0  0  0  0  0  0  0  0  0  0  0  0  0  0  0  0  0]
 [ 4  1 18 16 19 23  0  0  0  0  0  0  0  0  0  0  0  0  0  0  0  0  0]
 [13  0  0  0  0  0  0  0  0  0  0  0  0  0  0  0  0  0  0  0  0  0  0]
 [ 7  2 28  1  8  0  0  0  0  0  0  0  0  0  0  0  0  0  0  0  0  0  0]
 [25  9 13 23  0  0  0  0  0  0  0  0  0  0  0  0  0  0  0  0  0  0  0]]
gen= [[ 0  0  0  0  0  0  0  0  0  0  0  0  0  0  0  0  0  0  0  0  0  0  0]
 [ 5  0  0  0  0  0  0  0  0  0  0  0  0  0  0  0  0  0  0  0  0  0  0]
 [ 8  0  0  0  0  0  0  0  0  0  0  0  0  0  0  0  0  0  0  0  0  0  0]
 [ 8  0  0  0  0  0  0  0  0  0  0  0  0  0  0  0  0  0  0  0  0  0  0]
 [ 7  7  0  0  0  0  0  0  0  0  0  0  0  0  0  0  0  0  0  0  0  0  0]
 [27  0  0  0  0  0  0  0  0  0  0  0  0  0  0  0  0  0  0  0  0  0  0]
 [16  0  0  0  0  0  0  0  0  0  0  0  0  0  0  0  0  0  0  0  0  0  0]
 [13  0  0  0  0  0  0  0  0  0  0  0  0  0  0  0  0  0  0  0  0  0  0]
 [ 1  1  0  0  0  0  0  0  0  0  0  0  0  0  0  0  0  0  0  0  0  0  0]
 [13 13  0  0  0  0  0  0  0  0  0  0  0  0  0  0  0  0  0  0  0  0  0]]
valid: gen=0.113
reward: norm=0.983468576469026
[ 330 iterations]
real= [[24 27  2  0  0  0  0  0  0  0  0  0  0  0  0  0  0  0  0  0  0  0  0]
 [22 26  0  0  0  0  0  0  0  0  0  0  0  0  0  0  0  0  0  0  0  0  0]
 [ 3 21  9 28  8 20  0  0  0  0  0  0  0  0  0  0  0  0  0  0  0  0  0]
 [15  6 19 25 27  0  0  0  0  0  0  0  0  0  0  0  0  0  0  0  0  0  0]
 [20  0  0  0  0  0  0  0  0  0  0  0  0  0  0  0  0  0  0  0  0  0  0]
 [16  0  0  0  0  0  0  0  0  0  0  0  0  0  0  0  0  0  0  0  0  0  0]
 [25 19  2  1  0  0  0  0  0  0  0  0  0  0  0  0  0  0  0  0  0  0  0]
 [20  1 28 19 14  6 15  0  0  0  0  0  0  0  0  0  0  0  0  0  0  0  0]
 [27  3 13  0  0  0  0  0  0  0  0  0  0  0  0  0  0  0  0  0  0  0  0]
 [20 26 10 28  0  0  0  0  0  0  0  0  0  0  0  0  0  0  0  0  0  0  0]]
gen= [[24 24  0  0  0  0  0  0  0  0  0  0  0  0  0  0  0  0  0  0  0  0  0]
 [26 26  0  0  0  0  0  0  0  0  0  0  0  0  0  0  0  0  0  0  0  0  0]
 [21 21  9  0  0  0  0  0  0  0  0  0  0  0  0  0  0  0  0  0  0  0  0]
 [25 19  0  0  0  0  0  0  0  0  0  0  0  0  0  0  0  0  0  0  0  0  0]
 [ 0  0  0  0  0  0  0  0  0  0  0  0  0  0  0  0  0  0  0  0  0  0  0]
 [16  0  0  0  0  0  0  0  0  0  0  0  0  0  0  0  0  0  0  0  0  0  0]
 [25 25  0  0  0  0  0  0  0  0  0  0  0  0  0  0  0  0  0  0  0  0  0]
 [ 1  1  0  0  0  0  0  0  0  0  0  0  0  0  0  0  0  0  0  0  0  0  0]
 [13 13  0  0  0  0  0  0  0  0  0  0  0  0  0  0  0  0  0  0  0  0  0]
 [26  0  0  0  0  0  0  0  0  0  0  0  0  0  0  0  0  0  0  0  0  0  0]]
valid: gen=0.109
reward: norm=0.9895160709185515
[ 340 iterations]
real= [[24  2 12  0  0  0  0  0  0  0  0  0  0  0  0  0  0  0  0  0  0  0  0]
 [ 1  2 10  0  0  0  0  0  0  0  0  0  0  0  0  0  0  0  0  0  0  0  0]
 [10  0  0  0  0  0  0  0  0  0  0  0  0  0  0  0  0  0  0  0  0  0  0]
 [27  5 20 21 17 24 26  0  0  0  0  0  0  0  0  0  0  0  0  0  0  0  0]
 [21  2  0  0  0  0  0  0  0  0  0  0  0  0  0  0  0  0  0  0  0  0  0]
 [22  0  0  0  0  0  0  0  0  0  0  0  0  0  0  0  0  0  0  0  0  0  0]
 [23 11 19 28 20  8  0  0  0  0  0  0  0  0  0  0  0  0  0  0  0  0  0]
 [23  9 18 12 15  7  4  0  0  0  0  0  0  0  0  0  0  0  0  0  0  0  0]
 [15 26 10  0  0  0  0  0  0  0  0  0  0  0  0  0  0  0  0  0  0  0  0]
 [ 6  9 26 12  0  0  0  0  0  0  0  0  0  0  0  0  0  0  0  0  0  0  0]]
gen= [[24 24  0  0  0  0  0  0  0  0  0  0  0  0  0  0  0  0  0  0  0  0  0]
 [ 1  0  0  0  0  0  0  0  0  0  0  0  0  0  0  0  0  0  0  0  0  0  0]
 [ 0  0  0  0  0  0  0  0  0  0  0  0  0  0  0  0  0  0  0  0  0  0  0]
 [24 24  0  0  0  0  0  0  0  0  0  0  0  0  0  0  0  0  0  0  0  0  0]
 [21  0  0  0  0  0  0  0  0  0  0  0  0  0  0  0  0  0  0  0  0  0  0]
 [22 22  0  0  0  0  0  0  0  0  0  0  0  0  0  0  0  0  0  0  0  0  0]
 [19 19  0  0  0  0  0  0  0  0  0  0  0  0  0  0  0  0  0  0  0  0  0]
 [ 9  9  0  0  0  0  0  0  0  0  0  0  0  0  0  0  0  0  0  0  0  0  0]
 [26  0  0  0  0  0  0  0  0  0  0  0  0  0  0  0  0  0  0  0  0  0  0]
 [ 9  9  0  0  0  0  0  0  0  0  0  0  0  0  0  0  0  0  0  0  0  0  0]]
valid: gen=0.096
reward: norm=0.9953716560397069
[ 350 iterations]
real= [[ 7 15 21  8  5 27  0  0  0  0  0  0  0  0  0  0  0  0  0  0  0  0  0]
 [15 24  2  4  0  0  0  0  0  0  0  0  0  0  0  0  0  0  0  0  0  0  0]
 [19  3 14 13 20  2  0  0  0  0  0  0  0  0  0  0  0  0  0  0  0  0  0]
 [25  2 14 10 12 23  0  0  0  0  0  0  0  0  0  0  0  0  0  0  0  0  0]
 [14 17 10 12 27  0  0  0  0  0  0  0  0  0  0  0  0  0  0  0  0  0  0]
 [14 25  9  0  0  0  0  0  0  0  0  0  0  0  0  0  0  0  0  0  0  0  0]
 [27 17 13 10 15  0  0  0  0  0  0  0  0  0  0  0  0  0  0  0  0  0  0]
 [23 22  6 13 14  3  9 19 20  0  0  0  0  0  0  0  0  0  0  0  0  0  0]
 [17 11  5 27  0  0  0  0  0  0  0  0  0  0  0  0  0  0  0  0  0  0  0]
 [25  0  0  0  0  0  0  0  0  0  0  0  0  0  0  0  0  0  0  0  0  0  0]]
gen= [[15 21 21  0  0  0  0  0  0  0  0  0  0  0  0  0  0  0  0  0  0  0  0]
 [24 24  0  0  0  0  0  0  0  0  0  0  0  0  0  0  0  0  0  0  0  0  0]
 [19 19  0  0  0  0  0  0  0  0  0  0  0  0  0  0  0  0  0  0  0  0  0]
 [25 25  0  0  0  0  0  0  0  0  0  0  0  0  0  0  0  0  0  0  0  0  0]
 [27 14  0  0  0  0  0  0  0  0  0  0  0  0  0  0  0  0  0  0  0  0  0]
 [25 25  0  0  0  0  0  0  0  0  0  0  0  0  0  0  0  0  0  0  0  0  0]
 [15 15  0  0  0  0  0  0  0  0  0  0  0  0  0  0  0  0  0  0  0  0  0]
 [19 19  0  0  0  0  0  0  0  0  0  0  0  0  0  0  0  0  0  0  0  0  0]
 [ 5 11 11  0  0  0  0  0  0  0  0  0  0  0  0  0  0  0  0  0  0  0  0]
 [25  0  0  0  0  0  0  0  0  0  0  0  0  0  0  0  0  0  0  0  0  0  0]]
valid: gen=0.085
reward: norm=0.9934524046416254
[ 360 iterations]
real= [[15 19  5 26  0  0  0  0  0  0  0  0  0  0  0  0  0  0  0  0  0  0  0]
 [ 5  4  9 16 10 24  0  0  0  0  0  0  0  0  0  0  0  0  0  0  0  0  0]
 [ 7 23  0  0  0  0  0  0  0  0  0  0  0  0  0  0  0  0  0  0  0  0  0]
 [23  9 18 10  0  0  0  0  0  0  0  0  0  0  0  0  0  0  0  0  0  0  0]
 [23  9  2  0  0  0  0  0  0  0  0  0  0  0  0  0  0  0  0  0  0  0  0]
 [ 3 27  0  0  0  0  0  0  0  0  0  0  0  0  0  0  0  0  0  0  0  0  0]
 [17 16 18 12  7  0  0  0  0  0  0  0  0  0  0  0  0  0  0  0  0  0  0]
 [17 13  5 26  0  0  0  0  0  0  0  0  0  0  0  0  0  0  0  0  0  0  0]
 [14 10 18  5 20  0  0  0  0  0  0  0  0  0  0  0  0  0  0  0  0  0  0]
 [19  9  2 28  0  0  0  0  0  0  0  0  0  0  0  0  0  0  0  0  0  0  0]]
gen= [[15 19 19  0  0  0  0  0  0  0  0  0  0  0  0  0  0  0  0  0  0  0  0]
 [24 24  0  0  0  0  0  0  0  0  0  0  0  0  0  0  0  0  0  0  0  0  0]
 [23 23  0  0  0  0  0  0  0  0  0  0  0  0  0  0  0  0  0  0  0  0  0]
 [ 9  0  0  0  0  0  0  0  0  0  0  0  0  0  0  0  0  0  0  0  0  0  0]
 [ 9  0  0  0  0  0  0  0  0  0  0  0  0  0  0  0  0  0  0  0  0  0  0]
 [ 3  3  0  0  0  0  0  0  0  0  0  0  0  0  0  0  0  0  0  0  0  0  0]
 [16 16 16  0  0  0  0  0  0  0  0  0  0  0  0  0  0  0  0  0  0  0  0]
 [26  0  0  0  0  0  0  0  0  0  0  0  0  0  0  0  0  0  0  0  0  0  0]
 [14 14  0  0  0  0  0  0  0  0  0  0  0  0  0  0  0  0  0  0  0  0  0]
 [19 19 19  0  0  0  0  0  0  0  0  0  0  0  0  0  0  0  0  0  0  0  0]]
valid: gen=0.102
reward: norm=0.9949136273255246
[ 370 iterations]
real= [[ 2  0  0  0  0  0  0  0  0  0  0  0  0  0  0  0  0  0  0  0  0  0  0]
 [23 18 14 21 24  7  5  0  0  0  0  0  0  0  0  0  0  0  0  0  0  0  0]
 [ 6 18 19 25  8  0  0  0  0  0  0  0  0  0  0  0  0  0  0  0  0  0  0]
 [22  8  5 28  0  0  0  0  0  0  0  0  0  0  0  0  0  0  0  0  0  0  0]
 [ 7 23 26  0  0  0  0  0  0  0  0  0  0  0  0  0  0  0  0  0  0  0  0]
 [21 19  4 27 20  0  0  0  0  0  0  0  0  0  0  0  0  0  0  0  0  0  0]
 [ 4  1 18 16 19 23  0  0  0  0  0  0  0  0  0  0  0  0  0  0  0  0  0]
 [13  0  0  0  0  0  0  0  0  0  0  0  0  0  0  0  0  0  0  0  0  0  0]
 [ 7  2 28  1  8  0  0  0  0  0  0  0  0  0  0  0  0  0  0  0  0  0  0]
 [25  9 13 23  0  0  0  0  0  0  0  0  0  0  0  0  0  0  0  0  0  0  0]]
gen= [[ 2  0  0  0  0  0  0  0  0  0  0  0  0  0  0  0  0  0  0  0  0  0  0]
 [24 24  0  0  0  0  0  0  0  0  0  0  0  0  0  0  0  0  0  0  0  0  0]
 [25 19 19  0  0  0  0  0  0  0  0  0  0  0  0  0  0  0  0  0  0  0  0]
 [ 8  8 22  0  0  0  0  0  0  0  0  0  0  0  0  0  0  0  0  0  0  0  0]
 [26 23  0  0  0  0  0  0  0  0  0  0  0  0  0  0  0  0  0  0  0  0  0]
 [19 19  0  0  0  0  0  0  0  0  0  0  0  0  0  0  0  0  0  0  0  0  0]
 [16 19  0  0  0  0  0  0  0  0  0  0  0  0  0  0  0  0  0  0  0  0  0]
 [13  0  0  0  0  0  0  0  0  0  0  0  0  0  0  0  0  0  0  0  0  0  0]
 [ 2  2  0  0  0  0  0  0  0  0  0  0  0  0  0  0  0  0  0  0  0  0  0]
 [25 25  0  0  0  0  0  0  0  0  0  0  0  0  0  0  0  0  0  0  0  0  0]]
valid: gen=0.107
reward: norm=1.0006991732975832
[ 380 iterations]
real= [[24 27  2  0  0  0  0  0  0  0  0  0  0  0  0  0  0  0  0  0  0  0  0]
 [22 26  0  0  0  0  0  0  0  0  0  0  0  0  0  0  0  0  0  0  0  0  0]
 [ 3 21  9 28  8 20  0  0  0  0  0  0  0  0  0  0  0  0  0  0  0  0  0]
 [15  6 19 25 27  0  0  0  0  0  0  0  0  0  0  0  0  0  0  0  0  0  0]
 [20  0  0  0  0  0  0  0  0  0  0  0  0  0  0  0  0  0  0  0  0  0  0]
 [16  0  0  0  0  0  0  0  0  0  0  0  0  0  0  0  0  0  0  0  0  0  0]
 [25 19  2  1  0  0  0  0  0  0  0  0  0  0  0  0  0  0  0  0  0  0  0]
 [20  1 28 19 14  6 15  0  0  0  0  0  0  0  0  0  0  0  0  0  0  0  0]
 [27  3 13  0  0  0  0  0  0  0  0  0  0  0  0  0  0  0  0  0  0  0  0]
 [20 26 10 28  0  0  0  0  0  0  0  0  0  0  0  0  0  0  0  0  0  0  0]]
gen= [[ 2  2  0  0  0  0  0  0  0  0  0  0  0  0  0  0  0  0  0  0  0  0  0]
 [22 22  0  0  0  0  0  0  0  0  0  0  0  0  0  0  0  0  0  0  0  0  0]
 [21 21  0  0  0  0  0  0  0  0  0  0  0  0  0  0  0  0  0  0  0  0  0]
 [25  0  0  0  0  0  0  0  0  0  0  0  0  0  0  0  0  0  0  0  0  0  0]
 [20  0  0  0  0  0  0  0  0  0  0  0  0  0  0  0  0  0  0  0  0  0  0]
 [16  0  0  0  0  0  0  0  0  0  0  0  0  0  0  0  0  0  0  0  0  0  0]
 [25 25  0  0  0  0  0  0  0  0  0  0  0  0  0  0  0  0  0  0  0  0  0]
 [19 19  0  0  0  0  0  0  0  0  0  0  0  0  0  0  0  0  0  0  0  0  0]
 [ 3  3  0  0  0  0  0  0  0  0  0  0  0  0  0  0  0  0  0  0  0  0  0]
 [10  0  0  0  0  0  0  0  0  0  0  0  0  0  0  0  0  0  0  0  0  0  0]]
valid: gen=0.095
reward: norm=1.003694683990031
[ 390 iterations]
real= [[24  2 12  0  0  0  0  0  0  0  0  0  0  0  0  0  0  0  0  0  0  0  0]
 [ 1  2 10  0  0  0  0  0  0  0  0  0  0  0  0  0  0  0  0  0  0  0  0]
 [10  0  0  0  0  0  0  0  0  0  0  0  0  0  0  0  0  0  0  0  0  0  0]
 [27  5 20 21 17 24 26  0  0  0  0  0  0  0  0  0  0  0  0  0  0  0  0]
 [21  2  0  0  0  0  0  0  0  0  0  0  0  0  0  0  0  0  0  0  0  0  0]
 [22  0  0  0  0  0  0  0  0  0  0  0  0  0  0  0  0  0  0  0  0  0  0]
 [23 11 19 28 20  8  0  0  0  0  0  0  0  0  0  0  0  0  0  0  0  0  0]
 [23  9 18 12 15  7  4  0  0  0  0  0  0  0  0  0  0  0  0  0  0  0  0]
 [15 26 10  0  0  0  0  0  0  0  0  0  0  0  0  0  0  0  0  0  0  0  0]
 [ 6  9 26 12  0  0  0  0  0  0  0  0  0  0  0  0  0  0  0  0  0  0  0]]
gen= [[ 2  2  0  0  0  0  0  0  0  0  0  0  0  0  0  0  0  0  0  0  0  0  0]
 [ 2  2  0  0  0  0  0  0  0  0  0  0  0  0  0  0  0  0  0  0  0  0  0]
 [10  0  0  0  0  0  0  0  0  0  0  0  0  0  0  0  0  0  0  0  0  0  0]
 [21 21 21 21  0  0  0  0  0  0  0  0  0  0  0  0  0  0  0  0  0  0  0]
 [ 2 21  0  0  0  0  0  0  0  0  0  0  0  0  0  0  0  0  0  0  0  0  0]
 [22  0  0  0  0  0  0  0  0  0  0  0  0  0  0  0  0  0  0  0  0  0  0]
 [11 11 11  0  0  0  0  0  0  0  0  0  0  0  0  0  0  0  0  0  0  0  0]
 [18  0  0  0  0  0  0  0  0  0  0  0  0  0  0  0  0  0  0  0  0  0  0]
 [10  0  0  0  0  0  0  0  0  0  0  0  0  0  0  0  0  0  0  0  0  0  0]
 [ 6  0  0  0  0  0  0  0  0  0  0  0  0  0  0  0  0  0  0  0  0  0  0]]
valid: gen=0.109
reward: norm=0.9986607798108018
[ 400 iterations]
real= [[ 7 15 21  8  5 27  0  0  0  0  0  0  0  0  0  0  0  0  0  0  0  0  0]
 [15 24  2  4  0  0  0  0  0  0  0  0  0  0  0  0  0  0  0  0  0  0  0]
 [19  3 14 13 20  2  0  0  0  0  0  0  0  0  0  0  0  0  0  0  0  0  0]
 [25  2 14 10 12 23  0  0  0  0  0  0  0  0  0  0  0  0  0  0  0  0  0]
 [14 17 10 12 27  0  0  0  0  0  0  0  0  0  0  0  0  0  0  0  0  0  0]
 [14 25  9  0  0  0  0  0  0  0  0  0  0  0  0  0  0  0  0  0  0  0  0]
 [27 17 13 10 15  0  0  0  0  0  0  0  0  0  0  0  0  0  0  0  0  0  0]
 [23 22  6 13 14  3  9 19 20  0  0  0  0  0  0  0  0  0  0  0  0  0  0]
 [17 11  5 27  0  0  0  0  0  0  0  0  0  0  0  0  0  0  0  0  0  0  0]
 [25  0  0  0  0  0  0  0  0  0  0  0  0  0  0  0  0  0  0  0  0  0  0]]
gen= [[21 21 21  0  0  0  0  0  0  0  0  0  0  0  0  0  0  0  0  0  0  0  0]
 [ 2  0  0  0  0  0  0  0  0  0  0  0  0  0  0  0  0  0  0  0  0  0  0]
 [ 2  2  2  2  0  0  0  0  0  0  0  0  0  0  0  0  0  0  0  0  0  0  0]
 [ 2  2 10  0  0  0  0  0  0  0  0  0  0  0  0  0  0  0  0  0  0  0  0]
 [10 10  0  0  0  0  0  0  0  0  0  0  0  0  0  0  0  0  0  0  0  0  0]
 [25  0  0  0  0  0  0  0  0  0  0  0  0  0  0  0  0  0  0  0  0  0  0]
 [10 10  0  0  0  0  0  0  0  0  0  0  0  0  0  0  0  0  0  0  0  0  0]
 [ 6  6  0  0  0  0  0  0  0  0  0  0  0  0  0  0  0  0  0  0  0  0  0]
 [11 11  0  0  0  0  0  0  0  0  0  0  0  0  0  0  0  0  0  0  0  0  0]
 [25  0  0  0  0  0  0  0  0  0  0  0  0  0  0  0  0  0  0  0  0  0  0]]
valid: gen=0.094
reward: norm=0.9910369781153596
[ 410 iterations]
real= [[15 19  5 26  0  0  0  0  0  0  0  0  0  0  0  0  0  0  0  0  0  0  0]
 [ 5  4  9 16 10 24  0  0  0  0  0  0  0  0  0  0  0  0  0  0  0  0  0]
 [ 7 23  0  0  0  0  0  0  0  0  0  0  0  0  0  0  0  0  0  0  0  0  0]
 [23  9 18 10  0  0  0  0  0  0  0  0  0  0  0  0  0  0  0  0  0  0  0]
 [23  9  2  0  0  0  0  0  0  0  0  0  0  0  0  0  0  0  0  0  0  0  0]
 [ 3 27  0  0  0  0  0  0  0  0  0  0  0  0  0  0  0  0  0  0  0  0  0]
 [17 16 18 12  7  0  0  0  0  0  0  0  0  0  0  0  0  0  0  0  0  0  0]
 [17 13  5 26  0  0  0  0  0  0  0  0  0  0  0  0  0  0  0  0  0  0  0]
 [14 10 18  5 20  0  0  0  0  0  0  0  0  0  0  0  0  0  0  0  0  0  0]
 [19  9  2 28  0  0  0  0  0  0  0  0  0  0  0  0  0  0  0  0  0  0  0]]
gen= [[ 5  5 19  0  0  0  0  0  0  0  0  0  0  0  0  0  0  0  0  0  0  0  0]
 [16 10 10  0  0  0  0  0  0  0  0  0  0  0  0  0  0  0  0  0  0  0  0]
 [ 7 23  0  0  0  0  0  0  0  0  0  0  0  0  0  0  0  0  0  0  0  0  0]
 [10  0  0  0  0  0  0  0  0  0  0  0  0  0  0  0  0  0  0  0  0  0  0]
 [ 2  2  0  0  0  0  0  0  0  0  0  0  0  0  0  0  0  0  0  0  0  0  0]
 [27  0  0  0  0  0  0  0  0  0  0  0  0  0  0  0  0  0  0  0  0  0  0]
 [16 18 18 18  0  0  0  0  0  0  0  0  0  0  0  0  0  0  0  0  0  0  0]
 [17  0  0  0  0  0  0  0  0  0  0  0  0  0  0  0  0  0  0  0  0  0  0]
 [18 10  0  0  0  0  0  0  0  0  0  0  0  0  0  0  0  0  0  0  0  0  0]
 [ 2  0  0  0  0  0  0  0  0  0  0  0  0  0  0  0  0  0  0  0  0  0  0]]
valid: gen=0.101
reward: norm=0.9803236231872957
[ 420 iterations]
real= [[ 2  0  0  0  0  0  0  0  0  0  0  0  0  0  0  0  0  0  0  0  0  0  0]
 [23 18 14 21 24  7  5  0  0  0  0  0  0  0  0  0  0  0  0  0  0  0  0]
 [ 6 18 19 25  8  0  0  0  0  0  0  0  0  0  0  0  0  0  0  0  0  0  0]
 [22  8  5 28  0  0  0  0  0  0  0  0  0  0  0  0  0  0  0  0  0  0  0]
 [ 7 23 26  0  0  0  0  0  0  0  0  0  0  0  0  0  0  0  0  0  0  0  0]
 [21 19  4 27 20  0  0  0  0  0  0  0  0  0  0  0  0  0  0  0  0  0  0]
 [ 4  1 18 16 19 23  0  0  0  0  0  0  0  0  0  0  0  0  0  0  0  0  0]
 [13  0  0  0  0  0  0  0  0  0  0  0  0  0  0  0  0  0  0  0  0  0  0]
 [ 7  2 28  1  8  0  0  0  0  0  0  0  0  0  0  0  0  0  0  0  0  0  0]
 [25  9 13 23  0  0  0  0  0  0  0  0  0  0  0  0  0  0  0  0  0  0  0]]
gen= [[ 2  0  0  0  0  0  0  0  0  0  0  0  0  0  0  0  0  0  0  0  0  0  0]
 [18 18 18 18  0  0  0  0  0  0  0  0  0  0  0  0  0  0  0  0  0  0  0]
 [ 6 18  0  0  0  0  0  0  0  0  0  0  0  0  0  0  0  0  0  0  0  0  0]
 [ 8  8  8  8  8 28  0  0  0  0  0  0  0  0  0  0  0  0  0  0  0  0  0]
 [ 7  7  7  0  0  0  0  0  0  0  0  0  0  0  0  0  0  0  0  0  0  0  0]
 [21 21 21  0  0  0  0  0  0  0  0  0  0  0  0  0  0  0  0  0  0  0  0]
 [16 16 16 16 18 18 18  0  0  0  0  0  0  0  0  0  0  0  0  0  0  0  0]
 [13 13  0  0  0  0  0  0  0  0  0  0  0  0  0  0  0  0  0  0  0  0  0]
 [ 2  2  2  0  0  0  0  0  0  0  0  0  0  0  0  0  0  0  0  0  0  0  0]
 [23 23 25  0  0  0  0  0  0  0  0  0  0  0  0  0  0  0  0  0  0  0  0]]
valid: gen=0.093
reward: norm=0.9691449098660518
[ 430 iterations]
real= [[24 27  2  0  0  0  0  0  0  0  0  0  0  0  0  0  0  0  0  0  0  0  0]
 [22 26  0  0  0  0  0  0  0  0  0  0  0  0  0  0  0  0  0  0  0  0  0]
 [ 3 21  9 28  8 20  0  0  0  0  0  0  0  0  0  0  0  0  0  0  0  0  0]
 [15  6 19 25 27  0  0  0  0  0  0  0  0  0  0  0  0  0  0  0  0  0  0]
 [20  0  0  0  0  0  0  0  0  0  0  0  0  0  0  0  0  0  0  0  0  0  0]
 [16  0  0  0  0  0  0  0  0  0  0  0  0  0  0  0  0  0  0  0  0  0  0]
 [25 19  2  1  0  0  0  0  0  0  0  0  0  0  0  0  0  0  0  0  0  0  0]
 [20  1 28 19 14  6 15  0  0  0  0  0  0  0  0  0  0  0  0  0  0  0  0]
 [27  3 13  0  0  0  0  0  0  0  0  0  0  0  0  0  0  0  0  0  0  0  0]
 [20 26 10 28  0  0  0  0  0  0  0  0  0  0  0  0  0  0  0  0  0  0  0]]
gen= [[ 2  2  0  0  0  0  0  0  0  0  0  0  0  0  0  0  0  0  0  0  0  0  0]
 [22 22  0  0  0  0  0  0  0  0  0  0  0  0  0  0  0  0  0  0  0  0  0]
 [20 20 20 20 20 20 20 20 20 20 20 20  0  0  0  0  0  0  0  0  0  0  0]
 [ 6  6  6  6  6  0  0  0  0  0  0  0  0  0  0  0  0  0  0  0  0  0  0]
 [20 20  0  0  0  0  0  0  0  0  0  0  0  0  0  0  0  0  0  0  0  0  0]
 [16 16  0  0  0  0  0  0  0  0  0  0  0  0  0  0  0  0  0  0  0  0  0]
 [ 2  2  0  0  0  0  0  0  0  0  0  0  0  0  0  0  0  0  0  0  0  0  0]
 [ 6  6  0  0  0  0  0  0  0  0  0  0  0  0  0  0  0  0  0  0  0  0  0]
 [27 13  0  0  0  0  0  0  0  0  0  0  0  0  0  0  0  0  0  0  0  0  0]
 [10  0  0  0  0  0  0  0  0  0  0  0  0  0  0  0  0  0  0  0  0  0  0]]
valid: gen=0.094
reward: norm=0.9649744331043861
[ 440 iterations]
real= [[24  2 12  0  0  0  0  0  0  0  0  0  0  0  0  0  0  0  0  0  0  0  0]
 [ 1  2 10  0  0  0  0  0  0  0  0  0  0  0  0  0  0  0  0  0  0  0  0]
 [10  0  0  0  0  0  0  0  0  0  0  0  0  0  0  0  0  0  0  0  0  0  0]
 [27  5 20 21 17 24 26  0  0  0  0  0  0  0  0  0  0  0  0  0  0  0  0]
 [21  2  0  0  0  0  0  0  0  0  0  0  0  0  0  0  0  0  0  0  0  0  0]
 [22  0  0  0  0  0  0  0  0  0  0  0  0  0  0  0  0  0  0  0  0  0  0]
 [23 11 19 28 20  8  0  0  0  0  0  0  0  0  0  0  0  0  0  0  0  0  0]
 [23  9 18 12 15  7  4  0  0  0  0  0  0  0  0  0  0  0  0  0  0  0  0]
 [15 26 10  0  0  0  0  0  0  0  0  0  0  0  0  0  0  0  0  0  0  0  0]
 [ 6  9 26 12  0  0  0  0  0  0  0  0  0  0  0  0  0  0  0  0  0  0  0]]
gen= [[ 2  0  0  0  0  0  0  0  0  0  0  0  0  0  0  0  0  0  0  0  0  0  0]
 [ 2  2  0  0  0  0  0  0  0  0  0  0  0  0  0  0  0  0  0  0  0  0  0]
 [10  0  0  0  0  0  0  0  0  0  0  0  0  0  0  0  0  0  0  0  0  0  0]
 [17 17 27 27  0  0  0  0  0  0  0  0  0  0  0  0  0  0  0  0  0  0  0]
 [ 2  0  0  0  0  0  0  0  0  0  0  0  0  0  0  0  0  0  0  0  0  0  0]
 [22  0  0  0  0  0  0  0  0  0  0  0  0  0  0  0  0  0  0  0  0  0  0]
 [ 8 28 28 28  0  0  0  0  0  0  0  0  0  0  0  0  0  0  0  0  0  0  0]
 [ 7  7  4  4  0  0  0  0  0  0  0  0  0  0  0  0  0  0  0  0  0  0  0]
 [10 10  0  0  0  0  0  0  0  0  0  0  0  0  0  0  0  0  0  0  0  0  0]
 [ 6  0  0  0  0  0  0  0  0  0  0  0  0  0  0  0  0  0  0  0  0  0  0]]
valid: gen=0.093
reward: norm=0.9700952593261748
[ 450 iterations]
real= [[ 7 15 21  8  5 27  0  0  0  0  0  0  0  0  0  0  0  0  0  0  0  0  0]
 [15 24  2  4  0  0  0  0  0  0  0  0  0  0  0  0  0  0  0  0  0  0  0]
 [19  3 14 13 20  2  0  0  0  0  0  0  0  0  0  0  0  0  0  0  0  0  0]
 [25  2 14 10 12 23  0  0  0  0  0  0  0  0  0  0  0  0  0  0  0  0  0]
 [14 17 10 12 27  0  0  0  0  0  0  0  0  0  0  0  0  0  0  0  0  0  0]
 [14 25  9  0  0  0  0  0  0  0  0  0  0  0  0  0  0  0  0  0  0  0  0]
 [27 17 13 10 15  0  0  0  0  0  0  0  0  0  0  0  0  0  0  0  0  0  0]
 [23 22  6 13 14  3  9 19 20  0  0  0  0  0  0  0  0  0  0  0  0  0  0]
 [17 11  5 27  0  0  0  0  0  0  0  0  0  0  0  0  0  0  0  0  0  0  0]
 [25  0  0  0  0  0  0  0  0  0  0  0  0  0  0  0  0  0  0  0  0  0  0]]
gen= [[ 7  7 27 27 27 27  0  0  0  0  0  0  0  0  0  0  0  0  0  0  0  0  0]
 [ 2  2  2  4  0  0  0  0  0  0  0  0  0  0  0  0  0  0  0  0  0  0  0]
 [ 2 13 13  0  0  0  0  0  0  0  0  0  0  0  0  0  0  0  0  0  0  0  0]
 [ 2  2  0  0  0  0  0  0  0  0  0  0  0  0  0  0  0  0  0  0  0  0  0]
 [27 27  0  0  0  0  0  0  0  0  0  0  0  0  0  0  0  0  0  0  0  0  0]
 [25  0  0  0  0  0  0  0  0  0  0  0  0  0  0  0  0  0  0  0  0  0  0]
 [17 13 13 13  0  0  0  0  0  0  0  0  0  0  0  0  0  0  0  0  0  0  0]
 [ 6  6  6  6 13 13 13 13 13  0  0  0  0  0  0  0  0  0  0  0  0  0  0]
 [27 27 27  0  0  0  0  0  0  0  0  0  0  0  0  0  0  0  0  0  0  0  0]
 [25 25  0  0  0  0  0  0  0  0  0  0  0  0  0  0  0  0  0  0  0  0  0]]
valid: gen=0.095
reward: norm=0.9860826765631955
[ 460 iterations]
real= [[15 19  5 26  0  0  0  0  0  0  0  0  0  0  0  0  0  0  0  0  0  0  0]
 [ 5  4  9 16 10 24  0  0  0  0  0  0  0  0  0  0  0  0  0  0  0  0  0]
 [ 7 23  0  0  0  0  0  0  0  0  0  0  0  0  0  0  0  0  0  0  0  0  0]
 [23  9 18 10  0  0  0  0  0  0  0  0  0  0  0  0  0  0  0  0  0  0  0]
 [23  9  2  0  0  0  0  0  0  0  0  0  0  0  0  0  0  0  0  0  0  0  0]
 [ 3 27  0  0  0  0  0  0  0  0  0  0  0  0  0  0  0  0  0  0  0  0  0]
 [17 16 18 12  7  0  0  0  0  0  0  0  0  0  0  0  0  0  0  0  0  0  0]
 [17 13  5 26  0  0  0  0  0  0  0  0  0  0  0  0  0  0  0  0  0  0  0]
 [14 10 18  5 20  0  0  0  0  0  0  0  0  0  0  0  0  0  0  0  0  0  0]
 [19  9  2 28  0  0  0  0  0  0  0  0  0  0  0  0  0  0  0  0  0  0  0]]
gen= [[ 5  5 26  0  0  0  0  0  0  0  0  0  0  0  0  0  0  0  0  0  0  0  0]
 [ 5  5  4  4  4  4  4  4  0  0  0  0  0  0  0  0  0  0  0  0  0  0  0]
 [ 7  7  0  0  0  0  0  0  0  0  0  0  0  0  0  0  0  0  0  0  0  0  0]
 [23 23 23  9  9  9  9  0  0  0  0  0  0  0  0  0  0  0  0  0  0  0  0]
 [ 2  0  0  0  0  0  0  0  0  0  0  0  0  0  0  0  0  0  0  0  0  0  0]
 [27 27 27 27  0  0  0  0  0  0  0  0  0  0  0  0  0  0  0  0  0  0  0]
 [ 7  7  0  0  0  0  0  0  0  0  0  0  0  0  0  0  0  0  0  0  0  0  0]
 [ 5 13 13 13 13  0  0  0  0  0  0  0  0  0  0  0  0  0  0  0  0  0  0]
 [ 5  5  0  0  0  0  0  0  0  0  0  0  0  0  0  0  0  0  0  0  0  0  0]
 [ 2  0  0  0  0  0  0  0  0  0  0  0  0  0  0  0  0  0  0  0  0  0  0]]
valid: gen=0.083
reward: norm=0.9849157585574403
[ 470 iterations]
real= [[ 2  0  0  0  0  0  0  0  0  0  0  0  0  0  0  0  0  0  0  0  0  0  0]
 [23 18 14 21 24  7  5  0  0  0  0  0  0  0  0  0  0  0  0  0  0  0  0]
 [ 6 18 19 25  8  0  0  0  0  0  0  0  0  0  0  0  0  0  0  0  0  0  0]
 [22  8  5 28  0  0  0  0  0  0  0  0  0  0  0  0  0  0  0  0  0  0  0]
 [ 7 23 26  0  0  0  0  0  0  0  0  0  0  0  0  0  0  0  0  0  0  0  0]
 [21 19  4 27 20  0  0  0  0  0  0  0  0  0  0  0  0  0  0  0  0  0  0]
 [ 4  1 18 16 19 23  0  0  0  0  0  0  0  0  0  0  0  0  0  0  0  0  0]
 [13  0  0  0  0  0  0  0  0  0  0  0  0  0  0  0  0  0  0  0  0  0  0]
 [ 7  2 28  1  8  0  0  0  0  0  0  0  0  0  0  0  0  0  0  0  0  0  0]
 [25  9 13 23  0  0  0  0  0  0  0  0  0  0  0  0  0  0  0  0  0  0  0]]
gen= [[ 2  0  0  0  0  0  0  0  0  0  0  0  0  0  0  0  0  0  0  0  0  0  0]
 [23 23 23 23 23 23 23  0  0  0  0  0  0  0  0  0  0  0  0  0  0  0  0]
 [ 6  6 25 25  0  0  0  0  0  0  0  0  0  0  0  0  0  0  0  0  0  0  0]
 [ 5  5  5  0  0  0  0  0  0  0  0  0  0  0  0  0  0  0  0  0  0  0  0]
 [23 26  0  0  0  0  0  0  0  0  0  0  0  0  0  0  0  0  0  0  0  0  0]
 [27 27 27  4  4  0  0  0  0  0  0  0  0  0  0  0  0  0  0  0  0  0  0]
 [23  4  4  4  0  0  0  0  0  0  0  0  0  0  0  0  0  0  0  0  0  0  0]
 [13 13  0  0  0  0  0  0  0  0  0  0  0  0  0  0  0  0  0  0  0  0  0]
 [ 2  2  2  0  0  0  0  0  0  0  0  0  0  0  0  0  0  0  0  0  0  0  0]
 [23  9  9  9  0  0  0  0  0  0  0  0  0  0  0  0  0  0  0  0  0  0  0]]
valid: gen=0.078
reward: norm=0.9759208189396297
[ 480 iterations]
real= [[24 27  2  0  0  0  0  0  0  0  0  0  0  0  0  0  0  0  0  0  0  0  0]
 [22 26  0  0  0  0  0  0  0  0  0  0  0  0  0  0  0  0  0  0  0  0  0]
 [ 3 21  9 28  8 20  0  0  0  0  0  0  0  0  0  0  0  0  0  0  0  0  0]
 [15  6 19 25 27  0  0  0  0  0  0  0  0  0  0  0  0  0  0  0  0  0  0]
 [20  0  0  0  0  0  0  0  0  0  0  0  0  0  0  0  0  0  0  0  0  0  0]
 [16  0  0  0  0  0  0  0  0  0  0  0  0  0  0  0  0  0  0  0  0  0  0]
 [25 19  2  1  0  0  0  0  0  0  0  0  0  0  0  0  0  0  0  0  0  0  0]
 [20  1 28 19 14  6 15  0  0  0  0  0  0  0  0  0  0  0  0  0  0  0  0]
 [27  3 13  0  0  0  0  0  0  0  0  0  0  0  0  0  0  0  0  0  0  0  0]
 [20 26 10 28  0  0  0  0  0  0  0  0  0  0  0  0  0  0  0  0  0  0  0]]
gen= [[24 27 27  0  0  0  0  0  0  0  0  0  0  0  0  0  0  0  0  0  0  0  0]
 [26 26  0  0  0  0  0  0  0  0  0  0  0  0  0  0  0  0  0  0  0  0  0]
 [ 9  9  9  9  0  0  0  0  0  0  0  0  0  0  0  0  0  0  0  0  0  0  0]
 [25 27 27  0  0  0  0  0  0  0  0  0  0  0  0  0  0  0  0  0  0  0  0]
 [20  0  0  0  0  0  0  0  0  0  0  0  0  0  0  0  0  0  0  0  0  0  0]
 [16 16  0  0  0  0  0  0  0  0  0  0  0  0  0  0  0  0  0  0  0  0  0]
 [25  0  0  0  0  0  0  0  0  0  0  0  0  0  0  0  0  0  0  0  0  0  0]
 [ 1  1  1  1  0  0  0  0  0  0  0  0  0  0  0  0  0  0  0  0  0  0  0]
 [27 27 13  0  0  0  0  0  0  0  0  0  0  0  0  0  0  0  0  0  0  0  0]
 [26 26  0  0  0  0  0  0  0  0  0  0  0  0  0  0  0  0  0  0  0  0  0]]
valid: gen=0.076
reward: norm=0.9768259731732294
[ 490 iterations]
real= [[24  2 12  0  0  0  0  0  0  0  0  0  0  0  0  0  0  0  0  0  0  0  0]
 [ 1  2 10  0  0  0  0  0  0  0  0  0  0  0  0  0  0  0  0  0  0  0  0]
 [10  0  0  0  0  0  0  0  0  0  0  0  0  0  0  0  0  0  0  0  0  0  0]
 [27  5 20 21 17 24 26  0  0  0  0  0  0  0  0  0  0  0  0  0  0  0  0]
 [21  2  0  0  0  0  0  0  0  0  0  0  0  0  0  0  0  0  0  0  0  0  0]
 [22  0  0  0  0  0  0  0  0  0  0  0  0  0  0  0  0  0  0  0  0  0  0]
 [23 11 19 28 20  8  0  0  0  0  0  0  0  0  0  0  0  0  0  0  0  0  0]
 [23  9 18 12 15  7  4  0  0  0  0  0  0  0  0  0  0  0  0  0  0  0  0]
 [15 26 10  0  0  0  0  0  0  0  0  0  0  0  0  0  0  0  0  0  0  0  0]
 [ 6  9 26 12  0  0  0  0  0  0  0  0  0  0  0  0  0  0  0  0  0  0  0]]
gen= [[24 24  0  0  0  0  0  0  0  0  0  0  0  0  0  0  0  0  0  0  0  0  0]
 [ 1  1  1  0  0  0  0  0  0  0  0  0  0  0  0  0  0  0  0  0  0  0  0]
 [10 10  0  0  0  0  0  0  0  0  0  0  0  0  0  0  0  0  0  0  0  0  0]
 [26 26 26 26 26  0  0  0  0  0  0  0  0  0  0  0  0  0  0  0  0  0  0]
 [ 2  2  0  0  0  0  0  0  0  0  0  0  0  0  0  0  0  0  0  0  0  0  0]
 [22 22  0  0  0  0  0  0  0  0  0  0  0  0  0  0  0  0  0  0  0  0  0]
 [23 23 23  0  0  0  0  0  0  0  0  0  0  0  0  0  0  0  0  0  0  0  0]
 [ 9  9  9  0  0  0  0  0  0  0  0  0  0  0  0  0  0  0  0  0  0  0  0]
 [26 26  0  0  0  0  0  0  0  0  0  0  0  0  0  0  0  0  0  0  0  0  0]
 [ 9  9  9  0  0  0  0  0  0  0  0  0  0  0  0  0  0  0  0  0  0  0  0]]
valid: gen=0.059
reward: norm=0.9677013803739896
