read problem
[ 10 iterations]
real= [[ 6  0  0  0  0  0  0  0  0  0  0  0  0  0  0]
 [26  7 24 18 20 23  4  0  0  0  0  0  0  0  0]
 [10  0  0  0  0  0  0  0  0  0  0  0  0  0  0]
 [17 16 15 18  0  0  0  0  0  0  0  0  0  0  0]
 [ 8  7 27  0  0  0  0  0  0  0  0  0  0  0  0]
 [ 1 28 22  0  0  0  0  0  0  0  0  0  0  0  0]
 [ 4 27  5  0  0  0  0  0  0  0  0  0  0  0  0]
 [ 9 22  0  0  0  0  0  0  0  0  0  0  0  0  0]
 [12 24 11  1  0  0  0  0  0  0  0  0  0  0  0]
 [ 4 12 11  5  0  0  0  0  0  0  0  0  0  0  0]]
gen= [[ 0  0  0  0  0  0  0  0  0  0  0  0  0  0  0]
 [ 0  0  0  0  0  0  0  0  0  0  0  0  0  0  0]
 [ 0  0  0  0  0  0  0  0  0  0  0  0  0  0  0]
 [ 0  0  0  0  0  0  0  0  0  0  0  0  0  0  0]
 [ 0  0  0  0  0  0  0  0  0  0  0  0  0  0  0]
 [ 0  0  0  0  0  0  0  0  0  0  0  0  0  0  0]
 [ 0  0  0  0  0  0  0  0  0  0  0  0  0  0  0]
 [22  0  0  0 22  0  0  0  0  0  0  0  0  0  0]
 [ 0  0  0  0  0  0  0  0  0  0  0  0  0  0  0]
 [ 0  0  0  0  0  0  0  0  0  0  0  0  0  0  0]]
valid: gen=0.031
reward: norm=0.9573674628606703
[ 20 iterations]
real= [[ 9 13 22 18  0  0  0  0  0  0  0  0  0  0  0]
 [ 4 27 24 17  9 19  0  0  0  0  0  0  0  0  0]
 [26  0  0  0  0  0  0  0  0  0  0  0  0  0  0]
 [ 9 21 26  4  5  0  0  0  0  0  0  0  0  0  0]
 [ 3 14 28 19  0  0  0  0  0  0  0  0  0  0  0]
 [23 14  3 10 12  9  1  7  0  0  0  0  0  0  0]
 [12 14 24 21 16 23  0  0  0  0  0  0  0  0  0]
 [20  8 28 17  3 15 18  0  0  0  0  0  0  0  0]
 [ 3 14 13 21 11  0  0  0  0  0  0  0  0  0  0]
 [20  8  0  0  0  0  0  0  0  0  0  0  0  0  0]]
gen= [[0 0 0 0 0 0 0 0 0 0 0 0 0 0 0]
 [0 0 0 0 0 0 0 0 0 0 0 0 0 0 0]
 [0 0 0 0 0 0 0 0 0 0 0 0 0 0 0]
 [0 0 0 0 0 0 0 0 0 0 0 0 0 0 0]
 [0 0 0 0 0 0 0 0 0 0 0 0 0 0 0]
 [0 0 0 0 0 0 0 0 0 0 0 0 0 0 0]
 [0 0 0 0 0 0 0 0 0 0 0 0 0 0 0]
 [0 0 0 0 0 0 0 0 0 0 0 0 0 0 0]
 [0 0 0 0 0 0 0 0 0 0 0 0 0 0 0]
 [0 0 0 0 0 0 0 0 0 0 0 0 0 0 0]]
valid: gen=0.004
reward: norm=0.96784646457614
[ 30 iterations]
real= [[ 3 20  0  0  0  0  0  0  0  0  0  0  0  0  0]
 [ 5  1 13  6  0  0  0  0  0  0  0  0  0  0  0]
 [27 10 15  6  0  0  0  0  0  0  0  0  0  0  0]
 [20 24 17 16  0  0  0  0  0  0  0  0  0  0  0]
 [ 7  0  0  0  0  0  0  0  0  0  0  0  0  0  0]
 [25 14 11  0  0  0  0  0  0  0  0  0  0  0  0]
 [28 17 21  1  0  0  0  0  0  0  0  0  0  0  0]
 [20  0  0  0  0  0  0  0  0  0  0  0  0  0  0]
 [ 2  7  0  0  0  0  0  0  0  0  0  0  0  0  0]
 [15 11  0  0  0  0  0  0  0  0  0  0  0  0  0]]
gen= [[0 0 0 0 0 0 0 0 0 0 0 0 0 0 0]
 [0 0 0 0 0 0 0 0 0 0 0 0 0 0 0]
 [0 0 0 0 0 0 0 0 0 0 0 0 0 0 0]
 [0 0 0 0 0 0 0 0 0 0 0 0 0 0 0]
 [0 0 0 0 0 0 0 0 0 0 0 0 0 0 0]
 [0 0 0 0 0 0 0 0 0 0 0 0 0 0 0]
 [0 0 0 0 0 0 0 0 0 0 0 0 0 0 0]
 [0 0 0 0 0 0 0 0 0 0 0 0 0 0 0]
 [0 0 0 0 0 0 0 0 0 0 0 0 0 0 0]
 [0 0 0 0 0 0 0 0 0 0 0 0 0 0 0]]
valid: gen=0.0
reward: norm=0.9712100055267805
[ 40 iterations]
real= [[12 22  0  0  0  0  0  0  0  0  0  0  0  0  0]
 [23  0  0  0  0  0  0  0  0  0  0  0  0  0  0]
 [ 6 24  0  0  0  0  0  0  0  0  0  0  0  0  0]
 [27 26  7 18 17 13  9  1  5  0  0  0  0  0  0]
 [26 13  2  0  0  0  0  0  0  0  0  0  0  0  0]
 [25  8 15 26 18  0  0  0  0  0  0  0  0  0  0]
 [ 8 13  0  0  0  0  0  0  0  0  0  0  0  0  0]
 [28 14 21 10  9 19  0  0  0  0  0  0  0  0  0]
 [ 4 17 24  0  0  0  0  0  0  0  0  0  0  0  0]
 [20  6 23  0  0  0  0  0  0  0  0  0  0  0  0]]
gen= [[0 0 0 0 0 0 0 0 0 0 0 0 0 0 0]
 [0 0 0 0 0 0 0 0 0 0 0 0 0 0 0]
 [0 0 0 0 0 0 0 0 0 0 0 0 0 0 0]
 [0 0 0 0 0 0 0 0 0 0 0 0 0 0 0]
 [0 0 0 0 0 0 0 0 0 0 0 0 0 0 0]
 [0 0 0 0 0 0 0 0 0 0 0 0 0 0 0]
 [0 0 0 0 0 0 0 0 0 0 0 0 0 0 0]
 [0 0 0 0 0 0 0 0 0 0 0 0 0 0 0]
 [0 0 0 0 0 0 0 0 0 0 0 0 0 0 0]
 [0 0 0 0 0 0 0 0 0 0 0 0 0 0 0]]
valid: gen=0.0
reward: norm=0.9766449901666652
[ 50 iterations]
real= [[ 4 12 16  1  0  0  0  0  0  0  0  0  0  0  0]
 [12 14 13 25 11  0  0  0  0  0  0  0  0  0  0]
 [25  7  6  0  0  0  0  0  0  0  0  0  0  0  0]
 [12 17 16  3  1  9  0  0  0  0  0  0  0  0  0]
 [13  0  0  0  0  0  0  0  0  0  0  0  0  0  0]
 [20  7 13 21 10  3  0  0  0  0  0  0  0  0  0]
 [16  0  0  0  0  0  0  0  0  0  0  0  0  0  0]
 [12  0  0  0  0  0  0  0  0  0  0  0  0  0  0]
 [ 2 17 13 18  9  0  0  0  0  0  0  0  0  0  0]
 [27 20  5  4 15 19  1  7  0  0  0  0  0  0  0]]
gen= [[0 0 0 0 0 0 0 0 0 0 0 0 0 0 0]
 [0 0 0 0 0 0 0 0 0 0 0 0 0 0 0]
 [0 0 0 0 0 0 0 0 0 0 0 0 0 0 0]
 [0 0 0 0 0 0 0 0 0 0 0 0 0 0 0]
 [0 0 0 0 0 0 0 0 0 0 0 0 0 0 0]
 [0 0 0 0 0 0 0 0 0 0 0 0 0 0 0]
 [0 0 0 0 0 0 0 0 0 0 0 0 0 0 0]
 [0 0 0 0 0 0 0 0 0 0 0 0 0 0 0]
 [0 0 0 0 0 0 0 0 0 0 0 0 0 0 0]
 [0 0 0 0 0 0 0 0 0 0 0 0 0 0 0]]
valid: gen=0.0
reward: norm=0.9707034990931082
[ 60 iterations]
real= [[ 6  0  0  0  0  0  0  0  0  0  0  0  0  0  0]
 [26  7 24 18 20 23  4  0  0  0  0  0  0  0  0]
 [10  0  0  0  0  0  0  0  0  0  0  0  0  0  0]
 [17 16 15 18  0  0  0  0  0  0  0  0  0  0  0]
 [ 8  7 27  0  0  0  0  0  0  0  0  0  0  0  0]
 [ 1 28 22  0  0  0  0  0  0  0  0  0  0  0  0]
 [ 4 27  5  0  0  0  0  0  0  0  0  0  0  0  0]
 [ 9 22  0  0  0  0  0  0  0  0  0  0  0  0  0]
 [12 24 11  1  0  0  0  0  0  0  0  0  0  0  0]
 [ 4 12 11  5  0  0  0  0  0  0  0  0  0  0  0]]
gen= [[0 0 0 0 0 0 0 0 0 0 0 0 0 0 0]
 [0 0 0 0 0 0 0 0 0 0 0 0 0 0 0]
 [0 0 0 0 0 0 0 0 0 0 0 0 0 0 0]
 [0 0 0 0 0 0 0 0 0 0 0 0 0 0 0]
 [0 0 0 0 0 0 0 0 0 0 0 0 0 0 0]
 [0 0 0 0 0 0 0 0 0 0 0 0 0 0 0]
 [0 0 0 0 0 0 0 0 0 0 0 0 0 0 0]
 [0 0 0 0 0 0 0 0 0 0 0 0 0 0 0]
 [0 0 0 0 0 0 0 0 0 0 0 0 0 0 0]
 [0 0 0 0 0 0 0 0 0 0 0 0 0 0 0]]
valid: gen=0.001
reward: norm=0.9690707457838494
[ 70 iterations]
real= [[ 9 13 22 18  0  0  0  0  0  0  0  0  0  0  0]
 [ 4 27 24 17  9 19  0  0  0  0  0  0  0  0  0]
 [26  0  0  0  0  0  0  0  0  0  0  0  0  0  0]
 [ 9 21 26  4  5  0  0  0  0  0  0  0  0  0  0]
 [ 3 14 28 19  0  0  0  0  0  0  0  0  0  0  0]
 [23 14  3 10 12  9  1  7  0  0  0  0  0  0  0]
 [12 14 24 21 16 23  0  0  0  0  0  0  0  0  0]
 [20  8 28 17  3 15 18  0  0  0  0  0  0  0  0]
 [ 3 14 13 21 11  0  0  0  0  0  0  0  0  0  0]
 [20  8  0  0  0  0  0  0  0  0  0  0  0  0  0]]
gen= [[0 0 0 0 0 0 0 0 0 0 0 0 0 0 0]
 [0 0 0 0 0 0 0 0 0 0 0 0 0 0 0]
 [0 0 0 0 0 0 0 0 0 0 0 0 0 0 0]
 [0 0 0 0 0 0 0 0 0 0 0 0 0 0 0]
 [0 0 0 0 0 0 0 0 0 0 0 0 0 0 0]
 [0 0 0 0 0 0 0 0 0 0 0 0 0 0 0]
 [0 0 0 0 0 0 0 0 0 0 0 0 0 0 0]
 [0 0 0 0 0 0 0 0 0 0 0 0 0 0 0]
 [0 0 0 0 0 0 0 0 0 0 0 0 0 0 0]
 [0 0 0 0 0 0 0 0 0 0 0 0 0 0 0]]
valid: gen=0.011
reward: norm=0.9670290154196898
[ 80 iterations]
real= [[ 3 20  0  0  0  0  0  0  0  0  0  0  0  0  0]
 [ 5  1 13  6  0  0  0  0  0  0  0  0  0  0  0]
 [27 10 15  6  0  0  0  0  0  0  0  0  0  0  0]
 [20 24 17 16  0  0  0  0  0  0  0  0  0  0  0]
 [ 7  0  0  0  0  0  0  0  0  0  0  0  0  0  0]
 [25 14 11  0  0  0  0  0  0  0  0  0  0  0  0]
 [28 17 21  1  0  0  0  0  0  0  0  0  0  0  0]
 [20  0  0  0  0  0  0  0  0  0  0  0  0  0  0]
 [ 2  7  0  0  0  0  0  0  0  0  0  0  0  0  0]
 [15 11  0  0  0  0  0  0  0  0  0  0  0  0  0]]
gen= [[ 0  0  0  0  0  0  0  0  0  0  0  0  0  0  0]
 [ 0  0  0  0  0  0  0  0  0  0  0  0  0  0  0]
 [ 0  0  0  0  0  0  0  0  0  0  0  0  0  0  0]
 [24  0  0  0  0  0  0  0  0  0  0  0  0  0  0]
 [ 7  0  0  0  0  0  0  0  0  0  0  0  0  0  0]
 [ 0  0  0  0  0  0  0  0  0  0  0  0  0  0  0]
 [ 0  0  0  0  0  0  0  0  0  0  0  0  0  0  0]
 [20  0  0  0  0  0  0  0  0  0  0  0  0  0  0]
 [ 0  0  0  0  0  0  0  0  0  0  0  0  0  0  0]
 [11  0  0  0  0  0  0  0  0  0  0  0  0  0  0]]
valid: gen=0.019
reward: norm=0.9687198118783442
[ 90 iterations]
real= [[12 22  0  0  0  0  0  0  0  0  0  0  0  0  0]
 [23  0  0  0  0  0  0  0  0  0  0  0  0  0  0]
 [ 6 24  0  0  0  0  0  0  0  0  0  0  0  0  0]
 [27 26  7 18 17 13  9  1  5  0  0  0  0  0  0]
 [26 13  2  0  0  0  0  0  0  0  0  0  0  0  0]
 [25  8 15 26 18  0  0  0  0  0  0  0  0  0  0]
 [ 8 13  0  0  0  0  0  0  0  0  0  0  0  0  0]
 [28 14 21 10  9 19  0  0  0  0  0  0  0  0  0]
 [ 4 17 24  0  0  0  0  0  0  0  0  0  0  0  0]
 [20  6 23  0  0  0  0  0  0  0  0  0  0  0  0]]
gen= [[0 0 0 0 0 0 0 0 0 0 0 0 0 0 0]
 [0 0 0 0 0 0 0 0 0 0 0 0 0 0 0]
 [0 0 0 0 0 0 0 0 0 0 0 0 0 0 0]
 [0 0 0 0 0 0 0 0 0 0 0 0 0 0 0]
 [0 0 0 0 0 0 0 0 0 0 0 0 0 0 0]
 [0 0 0 0 0 0 0 0 0 0 0 0 0 0 0]
 [0 0 0 0 0 0 0 0 0 0 0 0 0 0 0]
 [0 0 0 0 0 0 0 0 0 0 0 0 0 0 0]
 [0 0 0 0 0 0 0 0 0 0 0 0 0 0 0]
 [0 0 0 0 0 0 0 0 0 0 0 0 0 0 0]]
valid: gen=0.022
reward: norm=0.9707487504990483
[ 100 iterations]
real= [[ 4 12 16  1  0  0  0  0  0  0  0  0  0  0  0]
 [12 14 13 25 11  0  0  0  0  0  0  0  0  0  0]
 [25  7  6  0  0  0  0  0  0  0  0  0  0  0  0]
 [12 17 16  3  1  9  0  0  0  0  0  0  0  0  0]
 [13  0  0  0  0  0  0  0  0  0  0  0  0  0  0]
 [20  7 13 21 10  3  0  0  0  0  0  0  0  0  0]
 [16  0  0  0  0  0  0  0  0  0  0  0  0  0  0]
 [12  0  0  0  0  0  0  0  0  0  0  0  0  0  0]
 [ 2 17 13 18  9  0  0  0  0  0  0  0  0  0  0]
 [27 20  5  4 15 19  1  7  0  0  0  0  0  0  0]]
gen= [[ 1  4  0  0  0  0  0  0  0  0  0  0  0  0  0]
 [ 0 11 11 11 11  0  0  0  0  0  0  0  0  0  0]
 [ 0  0  0  0  0  0  0  0  0  0  0  0  0  0  0]
 [ 0  0  0  0  0  0  0  0  0  0  0  0  0  0  0]
 [ 0  0  0  0  0  0  0  0  0  0  0  0  0  0  0]
 [21  0  0  0  0  0  0  0  0  0  0  0  0  0  0]
 [16  0  0  0  0  0  0  0  0  0  0  0  0  0  0]
 [12 12  0  0  0  0  0  0  0  0  0  0  0  0  0]
 [ 0  0  0  0  0  0  0  0  0  0  0  0  0  0  0]
 [ 1 19  0  0  0  0  0  0  0  0  0  0  0  0  0]]
valid: gen=0.025
reward: norm=0.9431858903378225
[ 110 iterations]
real= [[ 6  0  0  0  0  0  0  0  0  0  0  0  0  0  0]
 [26  7 24 18 20 23  4  0  0  0  0  0  0  0  0]
 [10  0  0  0  0  0  0  0  0  0  0  0  0  0  0]
 [17 16 15 18  0  0  0  0  0  0  0  0  0  0  0]
 [ 8  7 27  0  0  0  0  0  0  0  0  0  0  0  0]
 [ 1 28 22  0  0  0  0  0  0  0  0  0  0  0  0]
 [ 4 27  5  0  0  0  0  0  0  0  0  0  0  0  0]
 [ 9 22  0  0  0  0  0  0  0  0  0  0  0  0  0]
 [12 24 11  1  0  0  0  0  0  0  0  0  0  0  0]
 [ 4 12 11  5  0  0  0  0  0  0  0  0  0  0  0]]
gen= [[ 0  0  0  0  0  0  0  0  0  0  0  0  0  0  0]
 [24 24  0  0  0  0  0  0  0  0  0  0  0  0  0]
 [ 0  0  0  0  0  0  0  0  0  0  0  0  0  0  0]
 [18  0  0  0  0  0  0  0  0  0  0  0  0  0  0]
 [ 0  0  0  0  0  0  0  0  0  0  0  0  0  0  0]
 [22 22  0  0  0  0  0  0  0  0  0  0  0  0  0]
 [ 5  0  0  0  0  0  0  0  0  0  0  0  0  0  0]
 [ 0  0  0  0  0  0  0  0  0  0  0  0  0  0  0]
 [11 11  0  0  0  0  0  0  0  0  0  0  0  0  0]
 [11  0  0  0  0  0  0  0  0  0  0  0  0  0  0]]
valid: gen=0.038
reward: norm=0.9452240442600415
[ 120 iterations]
real= [[ 9 13 22 18  0  0  0  0  0  0  0  0  0  0  0]
 [ 4 27 24 17  9 19  0  0  0  0  0  0  0  0  0]
 [26  0  0  0  0  0  0  0  0  0  0  0  0  0  0]
 [ 9 21 26  4  5  0  0  0  0  0  0  0  0  0  0]
 [ 3 14 28 19  0  0  0  0  0  0  0  0  0  0  0]
 [23 14  3 10 12  9  1  7  0  0  0  0  0  0  0]
 [12 14 24 21 16 23  0  0  0  0  0  0  0  0  0]
 [20  8 28 17  3 15 18  0  0  0  0  0  0  0  0]
 [ 3 14 13 21 11  0  0  0  0  0  0  0  0  0  0]
 [20  8  0  0  0  0  0  0  0  0  0  0  0  0  0]]
gen= [[ 0  0  0  0  0  0  0  0  0  0  0  0  0  0  0]
 [24 24  0  0  0  0  0  0  0  0  0  0  0  0  0]
 [26  0  0  0  0  0  0  0  0  0  0  0  0  0  0]
 [21  0  0  0  0  0  0  0  0  0  0  0  0  0  0]
 [ 0  0  0  0  0  0  0  0  0  0  0  0  0  0  0]
 [ 1  0  0  0  0  0  0  0  0  0  0  0  0  0  0]
 [21  0  0  0  0  0  0  0  0  0  0  0  0  0  0]
 [18  0  0  0  0  0  0  0  0  0  0  0  0  0  0]
 [11  0  0  0  0  0  0  0  0  0  0  0  0  0  0]
 [ 0  8  0  0  0  0  0  0  0  0  0  0  0  0  0]]
valid: gen=0.031
reward: norm=0.9455425864099156
[ 130 iterations]
real= [[ 3 20  0  0  0  0  0  0  0  0  0  0  0  0  0]
 [ 5  1 13  6  0  0  0  0  0  0  0  0  0  0  0]
 [27 10 15  6  0  0  0  0  0  0  0  0  0  0  0]
 [20 24 17 16  0  0  0  0  0  0  0  0  0  0  0]
 [ 7  0  0  0  0  0  0  0  0  0  0  0  0  0  0]
 [25 14 11  0  0  0  0  0  0  0  0  0  0  0  0]
 [28 17 21  1  0  0  0  0  0  0  0  0  0  0  0]
 [20  0  0  0  0  0  0  0  0  0  0  0  0  0  0]
 [ 2  7  0  0  0  0  0  0  0  0  0  0  0  0  0]
 [15 11  0  0  0  0  0  0  0  0  0  0  0  0  0]]
gen= [[ 0  0  0  0  0  0  0  0  0  0  0  0  0  0  0]
 [ 0  0  0  0  0  0  0  0  0  0  0  0  0  0  0]
 [ 6  6  0  0  0  0  0  0  0  0  0  0  0  0  0]
 [ 0  0  0  0  0  0  0  0  0  0  0  0  0  0  0]
 [ 0  0  0  0  0  0  0  0  0  0  0  0  0  0  0]
 [11 11 11  0  0  0  0  0  0  0  0  0  0  0  0]
 [ 0  0  0  0  0  0  0  0  0  0  0  0  0  0  0]
 [ 0  0  0  0  0  0  0  0  0  0  0  0  0  0  0]
 [ 0  0  0  0  0  0  0  0  0  0  0  0  0  0  0]
 [11 11  0  0  0  0  0  0  0  0  0  0  0  0  0]]
valid: gen=0.042
reward: norm=0.9487067009283986
[ 140 iterations]
real= [[12 22  0  0  0  0  0  0  0  0  0  0  0  0  0]
 [23  0  0  0  0  0  0  0  0  0  0  0  0  0  0]
 [ 6 24  0  0  0  0  0  0  0  0  0  0  0  0  0]
 [27 26  7 18 17 13  9  1  5  0  0  0  0  0  0]
 [26 13  2  0  0  0  0  0  0  0  0  0  0  0  0]
 [25  8 15 26 18  0  0  0  0  0  0  0  0  0  0]
 [ 8 13  0  0  0  0  0  0  0  0  0  0  0  0  0]
 [28 14 21 10  9 19  0  0  0  0  0  0  0  0  0]
 [ 4 17 24  0  0  0  0  0  0  0  0  0  0  0  0]
 [20  6 23  0  0  0  0  0  0  0  0  0  0  0  0]]
gen= [[ 0  0  0  0  0  0  0  0  0  0  0  0  0  0  0]
 [ 0  0  0  0  0  0  0  0  0  0  0  0  0  0  0]
 [ 6  0  0  0  0  0  0  0  0  0  0  0  0  0  0]
 [27 27  0  0  0  0  0  0  0  0  0  0  0  0  0]
 [ 0  0  0  0  0  0  0  0  0  0  0  0  0  0  0]
 [ 0  0  0  0  0  0  0  0  0  0  0  0  0  0  0]
 [ 0  0  0  0  0  0  0  0  0  0  0  0  0  0  0]
 [21 21  0  0  0  0  0  0  0  0  0  0  0  0  0]
 [ 0  0  0  0  0  0  0  0  0  0  0  0  0  0  0]
 [ 0  0  0  0  0  0  0  0  0  0  0  0  0  0  0]]
valid: gen=0.046
reward: norm=0.9519057982921959
[ 150 iterations]
real= [[ 4 12 16  1  0  0  0  0  0  0  0  0  0  0  0]
 [12 14 13 25 11  0  0  0  0  0  0  0  0  0  0]
 [25  7  6  0  0  0  0  0  0  0  0  0  0  0  0]
 [12 17 16  3  1  9  0  0  0  0  0  0  0  0  0]
 [13  0  0  0  0  0  0  0  0  0  0  0  0  0  0]
 [20  7 13 21 10  3  0  0  0  0  0  0  0  0  0]
 [16  0  0  0  0  0  0  0  0  0  0  0  0  0  0]
 [12  0  0  0  0  0  0  0  0  0  0  0  0  0  0]
 [ 2 17 13 18  9  0  0  0  0  0  0  0  0  0  0]
 [27 20  5  4 15 19  1  7  0  0  0  0  0  0  0]]
gen= [[ 1  0  0  0  0  0  0  0  0  0  0  0  0  0  0]
 [11  0  0  0  0  0  0  0  0  0  0  0  0  0  0]
 [ 6  0  0  0  0  0  0  0  0  0  0  0  0  0  0]
 [ 0  0  0  0  0  0  0  0  0  0  0  0  0  0  0]
 [ 0  0  0  0  0  0  0  0  0  0  0  0  0  0  0]
 [21  0  0  0  0  0  0  0  0  0  0  0  0  0  0]
 [16  0  0  0  0  0  0  0  0  0  0  0  0  0  0]
 [12  0  0  0  0  0  0  0  0  0  0  0  0  0  0]
 [ 2  0  0  0  0  0  0  0  0  0  0  0  0  0  0]
 [ 1  0  0  0  0  0  0  0  0  0  0  0  0  0  0]]
valid: gen=0.07
reward: norm=0.938430856647798
[ 160 iterations]
real= [[ 6  0  0  0  0  0  0  0  0  0  0  0  0  0  0]
 [26  7 24 18 20 23  4  0  0  0  0  0  0  0  0]
 [10  0  0  0  0  0  0  0  0  0  0  0  0  0  0]
 [17 16 15 18  0  0  0  0  0  0  0  0  0  0  0]
 [ 8  7 27  0  0  0  0  0  0  0  0  0  0  0  0]
 [ 1 28 22  0  0  0  0  0  0  0  0  0  0  0  0]
 [ 4 27  5  0  0  0  0  0  0  0  0  0  0  0  0]
 [ 9 22  0  0  0  0  0  0  0  0  0  0  0  0  0]
 [12 24 11  1  0  0  0  0  0  0  0  0  0  0  0]
 [ 4 12 11  5  0  0  0  0  0  0  0  0  0  0  0]]
gen= [[ 6  0  0  0  0  0  0  0  0  0  0  0  0  0  0]
 [ 0  0  0  0  0  0  0  0  0  0  0  0  0  0  0]
 [10  0  0  0  0  0  0  0  0  0  0  0  0  0  0]
 [15  0  0  0  0  0  0  0  0  0  0  0  0  0  0]
 [ 8  0  0  0  0  0  0  0  0  0  0  0  0  0  0]
 [22  0  0  0  0  0  0  0  0  0  0  0  0  0  0]
 [ 5  5  0  0  0  0  0  0  0  0  0  0  0  0  0]
 [ 0 22 22  0  0  0  0  0  0  0  0  0  0  0  0]
 [11  0  0  0  0  0  0  0  0  0  0  0  0  0  0]
 [11  0  0  0  0  0  0  0  0  0  0  0  0  0  0]]
valid: gen=0.086
reward: norm=0.9323716096491501
[ 170 iterations]
real= [[ 9 13 22 18  0  0  0  0  0  0  0  0  0  0  0]
 [ 4 27 24 17  9 19  0  0  0  0  0  0  0  0  0]
 [26  0  0  0  0  0  0  0  0  0  0  0  0  0  0]
 [ 9 21 26  4  5  0  0  0  0  0  0  0  0  0  0]
 [ 3 14 28 19  0  0  0  0  0  0  0  0  0  0  0]
 [23 14  3 10 12  9  1  7  0  0  0  0  0  0  0]
 [12 14 24 21 16 23  0  0  0  0  0  0  0  0  0]
 [20  8 28 17  3 15 18  0  0  0  0  0  0  0  0]
 [ 3 14 13 21 11  0  0  0  0  0  0  0  0  0  0]
 [20  8  0  0  0  0  0  0  0  0  0  0  0  0  0]]
gen= [[22  0  0  0  0  0  0  0  0  0  0  0  0  0  0]
 [24  0  0  0  0  0  0  0  0  0  0  0  0  0  0]
 [26  0  0  0  0  0  0  0  0  0  0  0  0  0  0]
 [21  0  0  0  0  0  0  0  0  0  0  0  0  0  0]
 [28  0  0  0  0  0  0  0  0  0  0  0  0  0  0]
 [ 1  0  0  0  0  0  0  0  0  0  0  0  0  0  0]
 [21  0  0  0  0  0  0  0  0  0  0  0  0  0  0]
 [15  0  0  0  0  0  0  0  0  0  0  0  0  0  0]
 [21  0  0  0  0  0  0  0  0  0  0  0  0  0  0]
 [ 8  0  0  0  0  0  0  0  0  0  0  0  0  0  0]]
valid: gen=0.077
reward: norm=0.9294163573364732
[ 180 iterations]
real= [[ 3 20  0  0  0  0  0  0  0  0  0  0  0  0  0]
 [ 5  1 13  6  0  0  0  0  0  0  0  0  0  0  0]
 [27 10 15  6  0  0  0  0  0  0  0  0  0  0  0]
 [20 24 17 16  0  0  0  0  0  0  0  0  0  0  0]
 [ 7  0  0  0  0  0  0  0  0  0  0  0  0  0  0]
 [25 14 11  0  0  0  0  0  0  0  0  0  0  0  0]
 [28 17 21  1  0  0  0  0  0  0  0  0  0  0  0]
 [20  0  0  0  0  0  0  0  0  0  0  0  0  0  0]
 [ 2  7  0  0  0  0  0  0  0  0  0  0  0  0  0]
 [15 11  0  0  0  0  0  0  0  0  0  0  0  0  0]]
gen= [[20 20  0  0  0  0  0  0  0  0  0  0  0  0  0]
 [ 6  0  0  0  0  0  0  0  0  0  0  0  0  0  0]
 [ 6  0  0  0  0  0  0  0  0  0  0  0  0  0  0]
 [16 16  0  0  0  0  0  0  0  0  0  0  0  0  0]
 [ 7  0  0  0  0  0  0  0  0  0  0  0  0  0  0]
 [11 11  0  0  0  0  0  0  0  0  0  0  0  0  0]
 [21  0  0  0  0  0  0  0  0  0  0  0  0  0  0]
 [20  0  0  0 20 20  0  0  0  0  0  0  0  0  0]
 [ 0  0  0  0  2  0  0  0  0  0  0  0  0  0  0]
 [11 11  0  0  0  0  0  0  0  0  0  0  0  0  0]]
valid: gen=0.077
reward: norm=0.9259319477688812
[ 190 iterations]
real= [[12 22  0  0  0  0  0  0  0  0  0  0  0  0  0]
 [23  0  0  0  0  0  0  0  0  0  0  0  0  0  0]
 [ 6 24  0  0  0  0  0  0  0  0  0  0  0  0  0]
 [27 26  7 18 17 13  9  1  5  0  0  0  0  0  0]
 [26 13  2  0  0  0  0  0  0  0  0  0  0  0  0]
 [25  8 15 26 18  0  0  0  0  0  0  0  0  0  0]
 [ 8 13  0  0  0  0  0  0  0  0  0  0  0  0  0]
 [28 14 21 10  9 19  0  0  0  0  0  0  0  0  0]
 [ 4 17 24  0  0  0  0  0  0  0  0  0  0  0  0]
 [20  6 23  0  0  0  0  0  0  0  0  0  0  0  0]]
gen= [[22 22  0  0  0  0  0  0  0  0  0  0  0  0  0]
 [23  0  0  0  0  0  0  0  0  0  0  0  0  0  0]
 [ 6  0  0  0  0  0  0  0  0  0  0  0  0  0  0]
 [ 1  0  0  0  0  0  0  0  0  0  0  0  0  0  0]
 [26 26 26  0  0  0  0  0  0  0  0  0  0  0  0]
 [ 8  8  0  0  0  0  0  0  0  0  0  0  0  0  0]
 [ 8  8  8  0  0  0  0  0  0  0  0  0  0  0  0]
 [ 0  0  0  0  0  0  0  0  0  0  0  0  0  0  0]
 [24  0  0  0  0  0  0  0  0  0  0  0  0  0  0]
 [ 6  6  0  0  0  0  0  0  0  0  0  0  0  0  0]]
valid: gen=0.065
reward: norm=0.9388961864265569
[ 200 iterations]
real= [[ 4 12 16  1  0  0  0  0  0  0  0  0  0  0  0]
 [12 14 13 25 11  0  0  0  0  0  0  0  0  0  0]
 [25  7  6  0  0  0  0  0  0  0  0  0  0  0  0]
 [12 17 16  3  1  9  0  0  0  0  0  0  0  0  0]
 [13  0  0  0  0  0  0  0  0  0  0  0  0  0  0]
 [20  7 13 21 10  3  0  0  0  0  0  0  0  0  0]
 [16  0  0  0  0  0  0  0  0  0  0  0  0  0  0]
 [12  0  0  0  0  0  0  0  0  0  0  0  0  0  0]
 [ 2 17 13 18  9  0  0  0  0  0  0  0  0  0  0]
 [27 20  5  4 15 19  1  7  0  0  0  0  0  0  0]]
gen= [[ 0  0  0  1  1  1  1  0  0  0  0  0  0  0  0]
 [11 11 11 11  0  0  0  0  0  0  0  0  0  0  0]
 [ 6  6  6  6  0  0  0  0  0  0  0  0  0  0  0]
 [ 1  1  0  0  0  0  0  0  0  0  0  0  0  0  0]
 [13 13  0  0  0  0  0  0  0  0  0  0  0  0  0]
 [21 21 21 21 21 21  0  0  0  0  0  0  0  0  0]
 [16 16  0  0  0  0  0  0  0  0  0  0  0  0  0]
 [ 0  0  0  0 12 12  0  0  0  0  0  0  0  0  0]
 [ 2 18  0  0  0  0  0  0  0  0  0  0  0  0  0]
 [ 0  0  0 15 15 15  1  1  1  0  0  0  0  0  0]]
valid: gen=0.033
reward: norm=0.9462210394060211
[ 210 iterations]
real= [[ 6  0  0  0  0  0  0  0  0  0  0  0  0  0  0]
 [26  7 24 18 20 23  4  0  0  0  0  0  0  0  0]
 [10  0  0  0  0  0  0  0  0  0  0  0  0  0  0]
 [17 16 15 18  0  0  0  0  0  0  0  0  0  0  0]
 [ 8  7 27  0  0  0  0  0  0  0  0  0  0  0  0]
 [ 1 28 22  0  0  0  0  0  0  0  0  0  0  0  0]
 [ 4 27  5  0  0  0  0  0  0  0  0  0  0  0  0]
 [ 9 22  0  0  0  0  0  0  0  0  0  0  0  0  0]
 [12 24 11  1  0  0  0  0  0  0  0  0  0  0  0]
 [ 4 12 11  5  0  0  0  0  0  0  0  0  0  0  0]]
gen= [[ 6  6  6  6  0  0  0  0  0  0  0  0  0  0  0]
 [23 23 23 23  0  0  0  0  0  0  0  0  0  0  0]
 [ 0  0  0  0 10 10 10  0  0  0  0  0  0  0  0]
 [15 16  0  0  0  0  0  0  0  0  0  0  0  0  0]
 [ 0  8  8  8  8  8  8  0  0  0  0  0  0  0  0]
 [28 28 28  0  0  0  0  0  0  0  0  0  0  0  0]
 [ 0 27 27 27  5  5  0  0  0  0  0  0  0  0  0]
 [22 22 22 22  0  0  0  0  0  0  0  0  0  0  0]
 [11 11 11  1  1  0  0  0  0  0  0  0  0  0  0]
 [11 11  0  0  0  0  0  0  0  0  0  0  0  0  0]]
valid: gen=0.009
reward: norm=0.9464838453954539
[ 220 iterations]
real= [[ 9 13 22 18  0  0  0  0  0  0  0  0  0  0  0]
 [ 4 27 24 17  9 19  0  0  0  0  0  0  0  0  0]
 [26  0  0  0  0  0  0  0  0  0  0  0  0  0  0]
 [ 9 21 26  4  5  0  0  0  0  0  0  0  0  0  0]
 [ 3 14 28 19  0  0  0  0  0  0  0  0  0  0  0]
 [23 14  3 10 12  9  1  7  0  0  0  0  0  0  0]
 [12 14 24 21 16 23  0  0  0  0  0  0  0  0  0]
 [20  8 28 17  3 15 18  0  0  0  0  0  0  0  0]
 [ 3 14 13 21 11  0  0  0  0  0  0  0  0  0  0]
 [20  8  0  0  0  0  0  0  0  0  0  0  0  0  0]]
gen= [[22 22 22 22  0  0  0  0  0  0  0  0  0  0  0]
 [ 0 27 27 27 27 27  0  0  0  0  0  0  0  0  0]
 [ 0 26 26 26 26 26 26 26  0  0  0  0  0  0  0]
 [ 0 21 21 21 21 21 21 21 21 21 21  0  0  0  0]
 [28 28 28 28 28 28 28  0  0  0  0  0  0  0  0]
 [ 0  0  1  1  1  1  1  1  1  1  1  1  0  0  0]
 [21 21 21 21 21 21  0  0  0  0  0  0  0  0  0]
 [28 28 28 28 28 28  0  0  0  0  0  0  0  0  0]
 [21 21 21 21 21 21 21  0  0  0  0  0  0  0  0]
 [ 8  8  8  8  8  0  0  0  0  0  0  0  0  0  0]]
valid: gen=0.003
reward: norm=0.942138469018065
[ 230 iterations]
real= [[ 3 20  0  0  0  0  0  0  0  0  0  0  0  0  0]
 [ 5  1 13  6  0  0  0  0  0  0  0  0  0  0  0]
 [27 10 15  6  0  0  0  0  0  0  0  0  0  0  0]
 [20 24 17 16  0  0  0  0  0  0  0  0  0  0  0]
 [ 7  0  0  0  0  0  0  0  0  0  0  0  0  0  0]
 [25 14 11  0  0  0  0  0  0  0  0  0  0  0  0]
 [28 17 21  1  0  0  0  0  0  0  0  0  0  0  0]
 [20  0  0  0  0  0  0  0  0  0  0  0  0  0  0]
 [ 2  7  0  0  0  0  0  0  0  0  0  0  0  0  0]
 [15 11  0  0  0  0  0  0  0  0  0  0  0  0  0]]
gen= [[ 0  3  3  3  3  3  0  0  0  0  0  0  0  0  0]
 [ 6  6  6  6  6  6  6  0  0  0  0  0  0  0  0]
 [ 6  6  6  6  6  6  6  0  0  0  0  0  0  0  0]
 [16 16 16 16 16  0  0  0  0  0  0  0  0  0  0]
 [ 7  7  7  7  7  0  0  0  0  0  0  0  0  0  0]
 [11 11 11 11 11  0  0  0  0  0  0  0  0  0  0]
 [21 28 28 28 28 28  0  0  0  0  0  0  0  0  0]
 [ 0  0 20 20 20  0  0  0  0  0  0  0  0  0  0]
 [ 2  2  2  2  2  0  0  0  0  0  0  0  0  0  0]
 [11 11 11 11 11  0  0  0  0  0  0  0  0  0  0]]
valid: gen=0.001
reward: norm=0.9285676300551606
[ 240 iterations]
real= [[12 22  0  0  0  0  0  0  0  0  0  0  0  0  0]
 [23  0  0  0  0  0  0  0  0  0  0  0  0  0  0]
 [ 6 24  0  0  0  0  0  0  0  0  0  0  0  0  0]
 [27 26  7 18 17 13  9  1  5  0  0  0  0  0  0]
 [26 13  2  0  0  0  0  0  0  0  0  0  0  0  0]
 [25  8 15 26 18  0  0  0  0  0  0  0  0  0  0]
 [ 8 13  0  0  0  0  0  0  0  0  0  0  0  0  0]
 [28 14 21 10  9 19  0  0  0  0  0  0  0  0  0]
 [ 4 17 24  0  0  0  0  0  0  0  0  0  0  0  0]
 [20  6 23  0  0  0  0  0  0  0  0  0  0  0  0]]
gen= [[22 22 22 22 22 22 22  0  0  0  0  0  0  0  0]
 [23 23 23 23 23  0  0  0  0  0  0  0  0  0  0]
 [ 6  6  6  6  6  6  0  0  0  0  0  0  0  0  0]
 [26 26 26  1  1  1  1  1  1  1  0  0  0  0  0]
 [ 2 26 26  2  2  0  0  0  0  0  0  0  0  0  0]
 [ 8  8  8 25 25 25  0  0  0  0  0  0  0  0  0]
 [ 8  8  8  8  8  0  0  0  0  0  0  0  0  0  0]
 [21 21 28 28 28 28 28 28 28 28 28  0  0  0  0]
 [ 0 24  4 17  4  0  0  0  0  0  0  0  0  0  0]
 [ 6  6  6  6  6  6  0  0  0  0  0  0  0  0  0]]
valid: gen=0.0
reward: norm=0.9189631135409795
[ 250 iterations]
real= [[ 4 12 16  1  0  0  0  0  0  0  0  0  0  0  0]
 [12 14 13 25 11  0  0  0  0  0  0  0  0  0  0]
 [25  7  6  0  0  0  0  0  0  0  0  0  0  0  0]
 [12 17 16  3  1  9  0  0  0  0  0  0  0  0  0]
 [13  0  0  0  0  0  0  0  0  0  0  0  0  0  0]
 [20  7 13 21 10  3  0  0  0  0  0  0  0  0  0]
 [16  0  0  0  0  0  0  0  0  0  0  0  0  0  0]
 [12  0  0  0  0  0  0  0  0  0  0  0  0  0  0]
 [ 2 17 13 18  9  0  0  0  0  0  0  0  0  0  0]
 [27 20  5  4 15 19  1  7  0  0  0  0  0  0  0]]
gen= [[ 0 16 16 16 16  1  1  1  0  0  0  0  0  0  0]
 [11 11 11 11 11 11 11  0  0  0  0  0  0  0  0]
 [ 6  6  6  6  6  0  0  0  0  0  0  0  0  0  0]
 [ 0 16 16 16 16  1  1  1  0  0  0  0  0  0  0]
 [13 13 13 13 13 13  0  0  0  0  0  0  0  0  0]
 [21 21 21 21 21 21 21 21  0  0  0  0  0  0  0]
 [16 16 16  0  0  0  0  0  0  0  0  0  0  0  0]
 [12 12 12 12  0  0  0  0  0  0  0  0  0  0  0]
 [ 2  2  2  2  2  2  0  0  0  0  0  0  0  0  0]
 [15  1  1  1  1  1  1  1  1  0  0  0  0  0  0]]
valid: gen=0.0
reward: norm=0.9272191162747649
[ 260 iterations]
real= [[ 6  0  0  0  0  0  0  0  0  0  0  0  0  0  0]
 [26  7 24 18 20 23  4  0  0  0  0  0  0  0  0]
 [10  0  0  0  0  0  0  0  0  0  0  0  0  0  0]
 [17 16 15 18  0  0  0  0  0  0  0  0  0  0  0]
 [ 8  7 27  0  0  0  0  0  0  0  0  0  0  0  0]
 [ 1 28 22  0  0  0  0  0  0  0  0  0  0  0  0]
 [ 4 27  5  0  0  0  0  0  0  0  0  0  0  0  0]
 [ 9 22  0  0  0  0  0  0  0  0  0  0  0  0  0]
 [12 24 11  1  0  0  0  0  0  0  0  0  0  0  0]
 [ 4 12 11  5  0  0  0  0  0  0  0  0  0  0  0]]
gen= [[ 6  6  6  6  6  0  0  0  0  0  0  0  0  0  0]
 [26 26 26 23 23 23  0  0  0  0  0  0  0  0  0]
 [10 10 10  0  0  0  0  0  0  0  0  0  0  0  0]
 [ 0 15 15 16 16 16  0  0  0  0  0  0  0  0  0]
 [ 8  8  8  8  8  0  0  0  0  0  0  0  0  0  0]
 [28 28 28 28  0  0  0  0  0  0  0  0  0  0  0]
 [ 0 27 27  5  5  0  0  0  0  0  0  0  0  0  0]
 [22 22 22 22  0  0  0  0  0  0  0  0  0  0  0]
 [ 0 11 11  1  1  1  0  0  0  0  0  0  0  0  0]
 [11 11 11 11 11  0  0  0  0  0  0  0  0  0  0]]
valid: gen=0.0
reward: norm=0.9512078903899293
[ 270 iterations]
real= [[ 9 13 22 18  0  0  0  0  0  0  0  0  0  0  0]
 [ 4 27 24 17  9 19  0  0  0  0  0  0  0  0  0]
 [26  0  0  0  0  0  0  0  0  0  0  0  0  0  0]
 [ 9 21 26  4  5  0  0  0  0  0  0  0  0  0  0]
 [ 3 14 28 19  0  0  0  0  0  0  0  0  0  0  0]
 [23 14  3 10 12  9  1  7  0  0  0  0  0  0  0]
 [12 14 24 21 16 23  0  0  0  0  0  0  0  0  0]
 [20  8 28 17  3 15 18  0  0  0  0  0  0  0  0]
 [ 3 14 13 21 11  0  0  0  0  0  0  0  0  0  0]
 [20  8  0  0  0  0  0  0  0  0  0  0  0  0  0]]
gen= [[22 22 22 22  0  0  0  0  0  0  0  0  0  0  0]
 [27 27 27 27  0  0  0  0  0  0  0  0  0  0  0]
 [26 26 26 26  0  0  0  0  0  0  0  0  0  0  0]
 [21 21 21 21 21  0  0  0  0  0  0  0  0  0  0]
 [ 0 28 28 28 28  0  0  0  0  0  0  0  0  0  0]
 [ 0  1  1  1  1  0  0  0  0  0  0  0  0  0  0]
 [21 21 21 21  0  0  0  0  0  0  0  0  0  0  0]
 [28 28 28 28  0  0  0  0  0  0  0  0  0  0  0]
 [11 21 21 21  0  0  0  0  0  0  0  0  0  0  0]
 [ 8  8  8  0  0  0  0  0  0  0  0  0  0  0  0]]
valid: gen=0.005
reward: norm=0.9747519060884626
[ 280 iterations]
real= [[ 3 20  0  0  0  0  0  0  0  0  0  0  0  0  0]
 [ 5  1 13  6  0  0  0  0  0  0  0  0  0  0  0]
 [27 10 15  6  0  0  0  0  0  0  0  0  0  0  0]
 [20 24 17 16  0  0  0  0  0  0  0  0  0  0  0]
 [ 7  0  0  0  0  0  0  0  0  0  0  0  0  0  0]
 [25 14 11  0  0  0  0  0  0  0  0  0  0  0  0]
 [28 17 21  1  0  0  0  0  0  0  0  0  0  0  0]
 [20  0  0  0  0  0  0  0  0  0  0  0  0  0  0]
 [ 2  7  0  0  0  0  0  0  0  0  0  0  0  0  0]
 [15 11  0  0  0  0  0  0  0  0  0  0  0  0  0]]
gen= [[ 3  3  3  0  0  0  0  0  0  0  0  0  0  0  0]
 [ 6  6  6  0  0  0  0  0  0  0  0  0  0  0  0]
 [ 6  6  6  6  0  0  0  0  0  0  0  0  0  0  0]
 [24 16 16  0  0  0  0  0  0  0  0  0  0  0  0]
 [ 7  7  7  0  0  0  0  0  0  0  0  0  0  0  0]
 [11 11 11  0  0  0  0  0  0  0  0  0  0  0  0]
 [21 21 21  0  0  0  0  0  0  0  0  0  0  0  0]
 [20 20 20  0  0  0  0  0  0  0  0  0  0  0  0]
 [ 2  2  0  0  0  0  0  0  0  0  0  0  0  0  0]
 [11 11 11 11  0  0  0  0  0  0  0  0  0  0  0]]
valid: gen=0.017
reward: norm=0.960932745485342
[ 290 iterations]
real= [[12 22  0  0  0  0  0  0  0  0  0  0  0  0  0]
 [23  0  0  0  0  0  0  0  0  0  0  0  0  0  0]
 [ 6 24  0  0  0  0  0  0  0  0  0  0  0  0  0]
 [27 26  7 18 17 13  9  1  5  0  0  0  0  0  0]
 [26 13  2  0  0  0  0  0  0  0  0  0  0  0  0]
 [25  8 15 26 18  0  0  0  0  0  0  0  0  0  0]
 [ 8 13  0  0  0  0  0  0  0  0  0  0  0  0  0]
 [28 14 21 10  9 19  0  0  0  0  0  0  0  0  0]
 [ 4 17 24  0  0  0  0  0  0  0  0  0  0  0  0]
 [20  6 23  0  0  0  0  0  0  0  0  0  0  0  0]]
gen= [[22 12  0  0  0  0  0  0  0  0  0  0  0  0  0]
 [23 23 23  0  0  0  0  0  0  0  0  0  0  0  0]
 [ 6  6  0  0  0  0  0  0  0  0  0  0  0  0  0]
 [ 0  1  1  0  0  0  0  0  0  0  0  0  0  0  0]
 [26 26  0  0  0  0  0  0  0  0  0  0  0  0  0]
 [ 0 25 15 15  0  0  0  0  0  0  0  0  0  0  0]
 [ 8  8  8  0  0  0  0  0  0  0  0  0  0  0  0]
 [21 21 21  0  0  0  0  0  0  0  0  0  0  0  0]
 [24 24  0  0  0  0  0  0  0  0  0  0  0  0  0]
 [ 6  6  0  0  0  0  0  0  0  0  0  0  0  0  0]]
valid: gen=0.035
reward: norm=0.940412175980621
[ 300 iterations]
real= [[ 4 12 16  1  0  0  0  0  0  0  0  0  0  0  0]
 [12 14 13 25 11  0  0  0  0  0  0  0  0  0  0]
 [25  7  6  0  0  0  0  0  0  0  0  0  0  0  0]
 [12 17 16  3  1  9  0  0  0  0  0  0  0  0  0]
 [13  0  0  0  0  0  0  0  0  0  0  0  0  0  0]
 [20  7 13 21 10  3  0  0  0  0  0  0  0  0  0]
 [16  0  0  0  0  0  0  0  0  0  0  0  0  0  0]
 [12  0  0  0  0  0  0  0  0  0  0  0  0  0  0]
 [ 2 17 13 18  9  0  0  0  0  0  0  0  0  0  0]
 [27 20  5  4 15 19  1  7  0  0  0  0  0  0  0]]
gen= [[ 1  1  1  0  0  0  0  0  0  0  0  0  0  0  0]
 [ 0 25 11  0  0  0  0  0  0  0  0  0  0  0  0]
 [ 6  6  0  0  0  0  0  0  0  0  0  0  0  0  0]
 [ 1  1  0  0  0  0  0  0  0  0  0  0  0  0  0]
 [ 0  0 13  0  0  0  0  0  0  0  0  0  0  0  0]
 [21 21 21  0  0  0  0  0  0  0  0  0  0  0  0]
 [16 16  0  0  0  0  0  0  0  0  0  0  0  0  0]
 [12  0  0  0  0  0  0  0  0  0  0  0  0  0  0]
 [ 2 18  0  0  0  0  0  0  0  0  0  0  0  0  0]
 [15 15  1  0  0  0  0  0  0  0  0  0  0  0  0]]
valid: gen=0.042
reward: norm=0.9281118286058463
[ 310 iterations]
real= [[ 6  0  0  0  0  0  0  0  0  0  0  0  0  0  0]
 [26  7 24 18 20 23  4  0  0  0  0  0  0  0  0]
 [10  0  0  0  0  0  0  0  0  0  0  0  0  0  0]
 [17 16 15 18  0  0  0  0  0  0  0  0  0  0  0]
 [ 8  7 27  0  0  0  0  0  0  0  0  0  0  0  0]
 [ 1 28 22  0  0  0  0  0  0  0  0  0  0  0  0]
 [ 4 27  5  0  0  0  0  0  0  0  0  0  0  0  0]
 [ 9 22  0  0  0  0  0  0  0  0  0  0  0  0  0]
 [12 24 11  1  0  0  0  0  0  0  0  0  0  0  0]
 [ 4 12 11  5  0  0  0  0  0  0  0  0  0  0  0]]
gen= [[ 6  6  6  0  0  0  0  0  0  0  0  0  0  0  0]
 [26 26 23  0  0  0  0  0  0  0  0  0  0  0  0]
 [10  0  0  0  0  0  0  0  0  0  0  0  0  0  0]
 [15 15  0  0  0  0  0  0  0  0  0  0  0  0  0]
 [ 8  8  8  0  0  0  0  0  0  0  0  0  0  0  0]
 [28 28  0  0  0  0  0  0  0  0  0  0  0  0  0]
 [ 0 27  5  0  0  0  0  0  0  0  0  0  0  0  0]
 [22 22 22  0  0  0  0  0  0  0  0  0  0  0  0]
 [ 1  1  0  0  0  0  0  0  0  0  0  0  0  0  0]
 [ 0 11 11  0  0  0  0  0  0  0  0  0  0  0  0]]
valid: gen=0.056
reward: norm=0.9235768678048549
[ 320 iterations]
real= [[ 9 13 22 18  0  0  0  0  0  0  0  0  0  0  0]
 [ 4 27 24 17  9 19  0  0  0  0  0  0  0  0  0]
 [26  0  0  0  0  0  0  0  0  0  0  0  0  0  0]
 [ 9 21 26  4  5  0  0  0  0  0  0  0  0  0  0]
 [ 3 14 28 19  0  0  0  0  0  0  0  0  0  0  0]
 [23 14  3 10 12  9  1  7  0  0  0  0  0  0  0]
 [12 14 24 21 16 23  0  0  0  0  0  0  0  0  0]
 [20  8 28 17  3 15 18  0  0  0  0  0  0  0  0]
 [ 3 14 13 21 11  0  0  0  0  0  0  0  0  0  0]
 [20  8  0  0  0  0  0  0  0  0  0  0  0  0  0]]
gen= [[22 22 22  0  0  0  0  0  0  0  0  0  0  0  0]
 [27 27  0  0  0  0  0  0  0  0  0  0  0  0  0]
 [26 26  0  0  0  0  0  0  0  0  0  0  0  0  0]
 [21 21 21  0  0  0  0  0  0  0  0  0  0  0  0]
 [28 28  0  0  0  0  0  0  0  0  0  0  0  0  0]
 [ 1  1  1  0  0  0  0  0  0  0  0  0  0  0  0]
 [21 21 21  0  0  0  0  0  0  0  0  0  0  0  0]
 [15 15 15  0  0  0  0  0  0  0  0  0  0  0  0]
 [21 21 21  0  0  0  0  0  0  0  0  0  0  0  0]
 [ 8  8  0  0  0  0  0  0  0  0  0  0  0  0  0]]
valid: gen=0.043
reward: norm=0.921573052768618
[ 330 iterations]
real= [[ 3 20  0  0  0  0  0  0  0  0  0  0  0  0  0]
 [ 5  1 13  6  0  0  0  0  0  0  0  0  0  0  0]
 [27 10 15  6  0  0  0  0  0  0  0  0  0  0  0]
 [20 24 17 16  0  0  0  0  0  0  0  0  0  0  0]
 [ 7  0  0  0  0  0  0  0  0  0  0  0  0  0  0]
 [25 14 11  0  0  0  0  0  0  0  0  0  0  0  0]
 [28 17 21  1  0  0  0  0  0  0  0  0  0  0  0]
 [20  0  0  0  0  0  0  0  0  0  0  0  0  0  0]
 [ 2  7  0  0  0  0  0  0  0  0  0  0  0  0  0]
 [15 11  0  0  0  0  0  0  0  0  0  0  0  0  0]]
gen= [[20  0  0  0  0  0  0  0  0  0  0  0  0  0  0]
 [ 6  6  0  0  0  0  0  0  0  0  0  0  0  0  0]
 [ 6  6  6  0  0  0  0  0  0  0  0  0  0  0  0]
 [16 16  0  0  0  0  0  0  0  0  0  0  0  0  0]
 [ 7  7  7  0  0  0  0  0  0  0  0  0  0  0  0]
 [11 11  0  0  0  0  0  0  0  0  0  0  0  0  0]
 [21 21  0  0  0  0  0  0  0  0  0  0  0  0  0]
 [20  0  0  0  0  0  0  0  0  0  0  0  0  0  0]
 [ 2  7  7  0  0  0  0  0  0  0  0  0  0  0  0]
 [ 0 15 15  0  0  0  0  0  0  0  0  0  0  0  0]]
valid: gen=0.05
reward: norm=0.9229202438929855
[ 340 iterations]
real= [[12 22  0  0  0  0  0  0  0  0  0  0  0  0  0]
 [23  0  0  0  0  0  0  0  0  0  0  0  0  0  0]
 [ 6 24  0  0  0  0  0  0  0  0  0  0  0  0  0]
 [27 26  7 18 17 13  9  1  5  0  0  0  0  0  0]
 [26 13  2  0  0  0  0  0  0  0  0  0  0  0  0]
 [25  8 15 26 18  0  0  0  0  0  0  0  0  0  0]
 [ 8 13  0  0  0  0  0  0  0  0  0  0  0  0  0]
 [28 14 21 10  9 19  0  0  0  0  0  0  0  0  0]
 [ 4 17 24  0  0  0  0  0  0  0  0  0  0  0  0]
 [20  6 23  0  0  0  0  0  0  0  0  0  0  0  0]]
gen= [[22 12  0  0  0  0  0  0  0  0  0  0  0  0  0]
 [23 23  0  0  0  0  0  0  0  0  0  0  0  0  0]
 [ 6  6  0  0  0  0  0  0  0  0  0  0  0  0  0]
 [ 1  1  1  0  0  0  0  0  0  0  0  0  0  0  0]
 [26 26  0  0  0  0  0  0  0  0  0  0  0  0  0]
 [25 15  0  0  0  0  0  0  0  0  0  0  0  0  0]
 [ 8  8  0  0  0  0  0  0  0  0  0  0  0  0  0]
 [21 21 21  0  0  0  0  0  0  0  0  0  0  0  0]
 [24 24  0  0  0  0  0  0  0  0  0  0  0  0  0]
 [ 6  6  0  0  0  0  0  0  0  0  0  0  0  0  0]]
valid: gen=0.047
reward: norm=0.9256911112078563
[ 350 iterations]
real= [[ 4 12 16  1  0  0  0  0  0  0  0  0  0  0  0]
 [12 14 13 25 11  0  0  0  0  0  0  0  0  0  0]
 [25  7  6  0  0  0  0  0  0  0  0  0  0  0  0]
 [12 17 16  3  1  9  0  0  0  0  0  0  0  0  0]
 [13  0  0  0  0  0  0  0  0  0  0  0  0  0  0]
 [20  7 13 21 10  3  0  0  0  0  0  0  0  0  0]
 [16  0  0  0  0  0  0  0  0  0  0  0  0  0  0]
 [12  0  0  0  0  0  0  0  0  0  0  0  0  0  0]
 [ 2 17 13 18  9  0  0  0  0  0  0  0  0  0  0]
 [27 20  5  4 15 19  1  7  0  0  0  0  0  0  0]]
gen= [[ 1  1  1  0  0  0  0  0  0  0  0  0  0  0  0]
 [11 11 11  0  0  0  0  0  0  0  0  0  0  0  0]
 [ 6  6  6  0  0  0  0  0  0  0  0  0  0  0  0]
 [ 1  1  0  0  0  0  0  0  0  0  0  0  0  0  0]
 [13 13  0  0  0  0  0  0  0  0  0  0  0  0  0]
 [21 21 21  0  0  0  0  0  0  0  0  0  0  0  0]
 [16 16  0  0  0  0  0  0  0  0  0  0  0  0  0]
 [12 12  0  0  0  0  0  0  0  0  0  0  0  0  0]
 [18 18 18  0  0  0  0  0  0  0  0  0  0  0  0]
 [15  1  0  0  0  0  0  0  0  0  0  0  0  0  0]]
valid: gen=0.048
reward: norm=0.9243835391312266
[ 360 iterations]
real= [[ 6  0  0  0  0  0  0  0  0  0  0  0  0  0  0]
 [26  7 24 18 20 23  4  0  0  0  0  0  0  0  0]
 [10  0  0  0  0  0  0  0  0  0  0  0  0  0  0]
 [17 16 15 18  0  0  0  0  0  0  0  0  0  0  0]
 [ 8  7 27  0  0  0  0  0  0  0  0  0  0  0  0]
 [ 1 28 22  0  0  0  0  0  0  0  0  0  0  0  0]
 [ 4 27  5  0  0  0  0  0  0  0  0  0  0  0  0]
 [ 9 22  0  0  0  0  0  0  0  0  0  0  0  0  0]
 [12 24 11  1  0  0  0  0  0  0  0  0  0  0  0]
 [ 4 12 11  5  0  0  0  0  0  0  0  0  0  0  0]]
gen= [[ 6  0  0  0  0  0  0  0  0  0  0  0  0  0  0]
 [ 0 26 23  0  0  0  0  0  0  0  0  0  0  0  0]
 [10 10  0  0  0  0  0  0  0  0  0  0  0  0  0]
 [15 15  0  0  0  0  0  0  0  0  0  0  0  0  0]
 [ 8  8  0  0  0  0  0  0  0  0  0  0  0  0  0]
 [28  1  0  0  0  0  0  0  0  0  0  0  0  0  0]
 [27 27  5  0  0  0  0  0  0  0  0  0  0  0  0]
 [22 22 22  0  0  0  0  0  0  0  0  0  0  0  0]
 [ 0 11  1  0  0  0  0  0  0  0  0  0  0  0  0]
 [11 11 11  0  0  0  0  0  0  0  0  0  0  0  0]]
valid: gen=0.04
reward: norm=0.9260663749645933
[ 370 iterations]
real= [[ 9 13 22 18  0  0  0  0  0  0  0  0  0  0  0]
 [ 4 27 24 17  9 19  0  0  0  0  0  0  0  0  0]
 [26  0  0  0  0  0  0  0  0  0  0  0  0  0  0]
 [ 9 21 26  4  5  0  0  0  0  0  0  0  0  0  0]
 [ 3 14 28 19  0  0  0  0  0  0  0  0  0  0  0]
 [23 14  3 10 12  9  1  7  0  0  0  0  0  0  0]
 [12 14 24 21 16 23  0  0  0  0  0  0  0  0  0]
 [20  8 28 17  3 15 18  0  0  0  0  0  0  0  0]
 [ 3 14 13 21 11  0  0  0  0  0  0  0  0  0  0]
 [20  8  0  0  0  0  0  0  0  0  0  0  0  0  0]]
gen= [[22 22  0  0  0  0  0  0  0  0  0  0  0  0  0]
 [27 27 27  0  0  0  0  0  0  0  0  0  0  0  0]
 [26 26  0  0  0  0  0  0  0  0  0  0  0  0  0]
 [21 21 21  0  0  0  0  0  0  0  0  0  0  0  0]
 [28 28 28  0  0  0  0  0  0  0  0  0  0  0  0]
 [ 0  1  1  0  0  0  0  0  0  0  0  0  0  0  0]
 [21 21 21  0  0  0  0  0  0  0  0  0  0  0  0]
 [15 15 28  0  0  0  0  0  0  0  0  0  0  0  0]
 [21 21  0  0  0  0  0  0  0  0  0  0  0  0  0]
 [ 8  8  0  0  0  0  0  0  0  0  0  0  0  0  0]]
valid: gen=0.031
reward: norm=0.9375791733241923
[ 380 iterations]
real= [[ 3 20  0  0  0  0  0  0  0  0  0  0  0  0  0]
 [ 5  1 13  6  0  0  0  0  0  0  0  0  0  0  0]
 [27 10 15  6  0  0  0  0  0  0  0  0  0  0  0]
 [20 24 17 16  0  0  0  0  0  0  0  0  0  0  0]
 [ 7  0  0  0  0  0  0  0  0  0  0  0  0  0  0]
 [25 14 11  0  0  0  0  0  0  0  0  0  0  0  0]
 [28 17 21  1  0  0  0  0  0  0  0  0  0  0  0]
 [20  0  0  0  0  0  0  0  0  0  0  0  0  0  0]
 [ 2  7  0  0  0  0  0  0  0  0  0  0  0  0  0]
 [15 11  0  0  0  0  0  0  0  0  0  0  0  0  0]]
gen= [[20  3  0  0  0  0  0  0  0  0  0  0  0  0  0]
 [ 6  6  6  6  0  0  0  0  0  0  0  0  0  0  0]
 [ 6  6  6  0  0  0  0  0  0  0  0  0  0  0  0]
 [16 16  0  0  0  0  0  0  0  0  0  0  0  0  0]
 [ 7  7  7  0  0  0  0  0  0  0  0  0  0  0  0]
 [11 11 11  0  0  0  0  0  0  0  0  0  0  0  0]
 [21 21  0  0  0  0  0  0  0  0  0  0  0  0  0]
 [ 0 20  0  0  0  0  0  0  0  0  0  0  0  0  0]
 [ 2  7  0  0  0  0  0  0  0  0  0  0  0  0  0]
 [11 11 11  0  0  0  0  0  0  0  0  0  0  0  0]]
valid: gen=0.02
reward: norm=0.9444428968867461
[ 390 iterations]
real= [[12 22  0  0  0  0  0  0  0  0  0  0  0  0  0]
 [23  0  0  0  0  0  0  0  0  0  0  0  0  0  0]
 [ 6 24  0  0  0  0  0  0  0  0  0  0  0  0  0]
 [27 26  7 18 17 13  9  1  5  0  0  0  0  0  0]
 [26 13  2  0  0  0  0  0  0  0  0  0  0  0  0]
 [25  8 15 26 18  0  0  0  0  0  0  0  0  0  0]
 [ 8 13  0  0  0  0  0  0  0  0  0  0  0  0  0]
 [28 14 21 10  9 19  0  0  0  0  0  0  0  0  0]
 [ 4 17 24  0  0  0  0  0  0  0  0  0  0  0  0]
 [20  6 23  0  0  0  0  0  0  0  0  0  0  0  0]]
gen= [[ 0  0 22 22 12  0  0  0  0  0  0  0  0  0  0]
 [23 23 23  0  0  0  0  0  0  0  0  0  0  0  0]
 [ 6  6  6  0  0  0  0  0  0  0  0  0  0  0  0]
 [ 1  1  1  1  0  0  0  0  0  0  0  0  0  0  0]
 [26 26  0  0  0  0  0  0  0  0  0  0  0  0  0]
 [ 8 15 15  0  0  0  0  0  0  0  0  0  0  0  0]
 [ 8  8  8  0  0  0  0  0  0  0  0  0  0  0  0]
 [21 21 21  0  0  0  0  0  0  0  0  0  0  0  0]
 [24 24 24  0  0  0  0  0  0  0  0  0  0  0  0]
 [ 6  6  0  0  0  0  0  0  0  0  0  0  0  0  0]]
valid: gen=0.015
reward: norm=0.9559077347325458
[ 400 iterations]
real= [[ 4 12 16  1  0  0  0  0  0  0  0  0  0  0  0]
 [12 14 13 25 11  0  0  0  0  0  0  0  0  0  0]
 [25  7  6  0  0  0  0  0  0  0  0  0  0  0  0]
 [12 17 16  3  1  9  0  0  0  0  0  0  0  0  0]
 [13  0  0  0  0  0  0  0  0  0  0  0  0  0  0]
 [20  7 13 21 10  3  0  0  0  0  0  0  0  0  0]
 [16  0  0  0  0  0  0  0  0  0  0  0  0  0  0]
 [12  0  0  0  0  0  0  0  0  0  0  0  0  0  0]
 [ 2 17 13 18  9  0  0  0  0  0  0  0  0  0  0]
 [27 20  5  4 15 19  1  7  0  0  0  0  0  0  0]]
gen= [[ 1  1  1  0  0  0  0  0  0  0  0  0  0  0  0]
 [11 11 11  0  0  0  0  0  0  0  0  0  0  0  0]
 [ 6  6  6  6  0  0  0  0  0  0  0  0  0  0  0]
 [ 1  1  1  1  0  0  0  0  0  0  0  0  0  0  0]
 [13 13  0  0  0  0  0  0  0  0  0  0  0  0  0]
 [21 21 21 21  0  0  0  0  0  0  0  0  0  0  0]
 [16 16 16  0  0  0  0  0  0  0  0  0  0  0  0]
 [12 12 12 12  0  0  0  0  0  0  0  0  0  0  0]
 [ 0  0 18 18 18  0  0  0  0  0  0  0  0  0  0]
 [15 15  1  1  0  0  0  0  0  0  0  0  0  0  0]]
valid: gen=0.007
reward: norm=0.9679328880219621
[ 410 iterations]
real= [[ 6  0  0  0  0  0  0  0  0  0  0  0  0  0  0]
 [26  7 24 18 20 23  4  0  0  0  0  0  0  0  0]
 [10  0  0  0  0  0  0  0  0  0  0  0  0  0  0]
 [17 16 15 18  0  0  0  0  0  0  0  0  0  0  0]
 [ 8  7 27  0  0  0  0  0  0  0  0  0  0  0  0]
 [ 1 28 22  0  0  0  0  0  0  0  0  0  0  0  0]
 [ 4 27  5  0  0  0  0  0  0  0  0  0  0  0  0]
 [ 9 22  0  0  0  0  0  0  0  0  0  0  0  0  0]
 [12 24 11  1  0  0  0  0  0  0  0  0  0  0  0]
 [ 4 12 11  5  0  0  0  0  0  0  0  0  0  0  0]]
gen= [[ 6  6  6  6  0  0  0  0  0  0  0  0  0  0  0]
 [23 26 23 23  0  0  0  0  0  0  0  0  0  0  0]
 [10 10 10  0  0  0  0  0  0  0  0  0  0  0  0]
 [15 15 15  0  0  0  0  0  0  0  0  0  0  0  0]
 [ 0  0  8  8  8  0  0  0  0  0  0  0  0  0  0]
 [ 0 28 28  1  1  0  0  0  0  0  0  0  0  0  0]
 [ 0  0 27 27  5  0  0  0  0  0  0  0  0  0  0]
 [22 22 22  0  0  0  0  0  0  0  0  0  0  0  0]
 [11 11  1  1  0  0  0  0  0  0  0  0  0  0  0]
 [11 11 11 11 11  0  0  0  0  0  0  0  0  0  0]]
valid: gen=0.001
reward: norm=0.9791108026701846
[ 420 iterations]
real= [[ 9 13 22 18  0  0  0  0  0  0  0  0  0  0  0]
 [ 4 27 24 17  9 19  0  0  0  0  0  0  0  0  0]
 [26  0  0  0  0  0  0  0  0  0  0  0  0  0  0]
 [ 9 21 26  4  5  0  0  0  0  0  0  0  0  0  0]
 [ 3 14 28 19  0  0  0  0  0  0  0  0  0  0  0]
 [23 14  3 10 12  9  1  7  0  0  0  0  0  0  0]
 [12 14 24 21 16 23  0  0  0  0  0  0  0  0  0]
 [20  8 28 17  3 15 18  0  0  0  0  0  0  0  0]
 [ 3 14 13 21 11  0  0  0  0  0  0  0  0  0  0]
 [20  8  0  0  0  0  0  0  0  0  0  0  0  0  0]]
gen= [[18 18 22 22  0  0  0  0  0  0  0  0  0  0  0]
 [ 0 27 27 27 27  0  0  0  0  0  0  0  0  0  0]
 [26 26 26 26  0  0  0  0  0  0  0  0  0  0  0]
 [21 21 21 21 21 21  0  0  0  0  0  0  0  0  0]
 [ 0  0 28 28 28 28 28  0  0  0  0  0  0  0  0]
 [ 0  1  1  1  1  1  1  1  0  0  0  0  0  0  0]
 [21 21 21 21 21 21  0  0  0  0  0  0  0  0  0]
 [ 0 28 28 28 28 28 28  0  0  0  0  0  0  0  0]
 [21 21 21 21 21  0  0  0  0  0  0  0  0  0  0]
 [ 8  8  8  8  8  0  0  0  0  0  0  0  0  0  0]]
valid: gen=0.001
reward: norm=0.9692700171008368
[ 430 iterations]
real= [[ 3 20  0  0  0  0  0  0  0  0  0  0  0  0  0]
 [ 5  1 13  6  0  0  0  0  0  0  0  0  0  0  0]
 [27 10 15  6  0  0  0  0  0  0  0  0  0  0  0]
 [20 24 17 16  0  0  0  0  0  0  0  0  0  0  0]
 [ 7  0  0  0  0  0  0  0  0  0  0  0  0  0  0]
 [25 14 11  0  0  0  0  0  0  0  0  0  0  0  0]
 [28 17 21  1  0  0  0  0  0  0  0  0  0  0  0]
 [20  0  0  0  0  0  0  0  0  0  0  0  0  0  0]
 [ 2  7  0  0  0  0  0  0  0  0  0  0  0  0  0]
 [15 11  0  0  0  0  0  0  0  0  0  0  0  0  0]]
gen= [[20  3  3  0  0  0  0  0  0  0  0  0  0  0  0]
 [ 6  6  6  1  1  1  1  0  0  0  0  0  0  0  0]
 [ 6  6  6  6  6  6  6  6  0  0  0  0  0  0  0]
 [16 16 16 16 16  0  0  0  0  0  0  0  0  0  0]
 [ 0  7  7  7  7  7  0  0  0  0  0  0  0  0  0]
 [11 11 11 11 11 11 11 11 11  0  0  0  0  0  0]
 [28 28 28  1  1  1  0  0  0  0  0  0  0  0  0]
 [20 20 20 20 20  0  0  0  0  0  0  0  0  0  0]
 [ 2  2  2  2  0  0  0  0  0  0  0  0  0  0  0]
 [11  0 11 11 11 11 11 11  0  0  0  0  0  0  0]]
valid: gen=0.0
reward: norm=0.9456816020997945
[ 440 iterations]
real= [[12 22  0  0  0  0  0  0  0  0  0  0  0  0  0]
 [23  0  0  0  0  0  0  0  0  0  0  0  0  0  0]
 [ 6 24  0  0  0  0  0  0  0  0  0  0  0  0  0]
 [27 26  7 18 17 13  9  1  5  0  0  0  0  0  0]
 [26 13  2  0  0  0  0  0  0  0  0  0  0  0  0]
 [25  8 15 26 18  0  0  0  0  0  0  0  0  0  0]
 [ 8 13  0  0  0  0  0  0  0  0  0  0  0  0  0]
 [28 14 21 10  9 19  0  0  0  0  0  0  0  0  0]
 [ 4 17 24  0  0  0  0  0  0  0  0  0  0  0  0]
 [20  6 23  0  0  0  0  0  0  0  0  0  0  0  0]]
gen= [[22 22 12 12 12 12  0  0  0  0  0  0  0  0  0]
 [23 23 23 23 23 23  0  0  0  0  0  0  0  0  0]
 [ 6  6  6  6  6  6  6  6  6  6  0  0  0  0  0]
 [ 1  1  1  1  1  1  1  1  1  1  1  1  1  0  0]
 [ 0  2 26  2  2  2  0  0  0  0  0  0  0  0  0]
 [ 0  8  8  8  8  8 15 15  0  0  0  0  0  0  0]
 [ 8  8  8  8  8  0  0  0  0  0  0  0  0  0  0]
 [21 21 21 28 28 28 28 28 28 28 28 28  0  0  0]
 [ 0 24 24 24 17  0  0  0  0  0  0  0  0  0  0]
 [ 6  6  6  6  6  6  6  6  0  0  0  0  0  0  0]]
valid: gen=0.0
reward: norm=0.9330960187481009
[ 450 iterations]
real= [[ 4 12 16  1  0  0  0  0  0  0  0  0  0  0  0]
 [12 14 13 25 11  0  0  0  0  0  0  0  0  0  0]
 [25  7  6  0  0  0  0  0  0  0  0  0  0  0  0]
 [12 17 16  3  1  9  0  0  0  0  0  0  0  0  0]
 [13  0  0  0  0  0  0  0  0  0  0  0  0  0  0]
 [20  7 13 21 10  3  0  0  0  0  0  0  0  0  0]
 [16  0  0  0  0  0  0  0  0  0  0  0  0  0  0]
 [12  0  0  0  0  0  0  0  0  0  0  0  0  0  0]
 [ 2 17 13 18  9  0  0  0  0  0  0  0  0  0  0]
 [27 20  5  4 15 19  1  7  0  0  0  0  0  0  0]]
gen= [[ 0  0  1  1  1  1  1  1  1  1  1  0  0  0  0]
 [11 11 11 11 11 11 11 11 11  0  0  0  0  0  0]
 [ 6  6  6  6  6  6  0  0  0  0  0  0  0  0  0]
 [ 0  1  1  1  1  1  1  1  1  1  0  0  0  0  0]
 [ 0  0  0 13 13 13 13  0  0  0  0  0  0  0  0]
 [21 21 21 21 21 21 21 21 21  0  0  0  0  0  0]
 [ 0 16 16 16 16  0  0  0  0  0  0  0  0  0  0]
 [12 12 12 12 12 12 12  0  0  0  0  0  0  0  0]
 [ 0  2  2  2  2  2  2  2  0  0  0  0  0  0  0]
 [ 0  0  1  1  1  1  1  1  1  1  1  1  1  1  0]]
valid: gen=0.0
reward: norm=0.9374610950570875
[ 460 iterations]
real= [[ 6  0  0  0  0  0  0  0  0  0  0  0  0  0  0]
 [26  7 24 18 20 23  4  0  0  0  0  0  0  0  0]
 [10  0  0  0  0  0  0  0  0  0  0  0  0  0  0]
 [17 16 15 18  0  0  0  0  0  0  0  0  0  0  0]
 [ 8  7 27  0  0  0  0  0  0  0  0  0  0  0  0]
 [ 1 28 22  0  0  0  0  0  0  0  0  0  0  0  0]
 [ 4 27  5  0  0  0  0  0  0  0  0  0  0  0  0]
 [ 9 22  0  0  0  0  0  0  0  0  0  0  0  0  0]
 [12 24 11  1  0  0  0  0  0  0  0  0  0  0  0]
 [ 4 12 11  5  0  0  0  0  0  0  0  0  0  0  0]]
gen= [[ 6  6  6  6  6  0  0  0  0  0  0  0  0  0  0]
 [23 26 26 23 23 23  0  0  0  0  0  0  0  0  0]
 [10 10 10 10  0  0  0  0  0  0  0  0  0  0  0]
 [ 0 15 15 15 16 16 16  0  0  0  0  0  0  0  0]
 [ 8  8  8  8  8  8  0  0  0  0  0  0  0  0  0]
 [28  1  1 28  1  1  1  1  1  1  1  1  0  0  0]
 [27 27 27 27 27  5  5  0  0  0  0  0  0  0  0]
 [ 0 22 22 22 22 22 22 22  0  0  0  0  0  0  0]
 [11  1  1  1  1  1  1  1  0  0  0  0  0  0  0]
 [11 11 11 11 11 11 11 11  0  0  0  0  0  0  0]]
valid: gen=0.0
reward: norm=0.9479756299894715
[ 470 iterations]
real= [[ 9 13 22 18  0  0  0  0  0  0  0  0  0  0  0]
 [ 4 27 24 17  9 19  0  0  0  0  0  0  0  0  0]
 [26  0  0  0  0  0  0  0  0  0  0  0  0  0  0]
 [ 9 21 26  4  5  0  0  0  0  0  0  0  0  0  0]
 [ 3 14 28 19  0  0  0  0  0  0  0  0  0  0  0]
 [23 14  3 10 12  9  1  7  0  0  0  0  0  0  0]
 [12 14 24 21 16 23  0  0  0  0  0  0  0  0  0]
 [20  8 28 17  3 15 18  0  0  0  0  0  0  0  0]
 [ 3 14 13 21 11  0  0  0  0  0  0  0  0  0  0]
 [20  8  0  0  0  0  0  0  0  0  0  0  0  0  0]]
gen= [[ 0  0 22 22 22 22 22  0  0  0  0  0  0  0  0]
 [27  0 27 27 27 27 27  0  0  0  0  0  0  0  0]
 [26 26 26 26  0  0  0  0  0  0  0  0  0  0  0]
 [21 21 21 21 21 21 21  0  0  0  0  0  0  0  0]
 [ 0  0 28 28 28 28 28 28 28 28 28  0  0  0  0]
 [ 1  1  1  1  1  1  1  1  1  1  1  0  0  0  0]
 [21 21 21 21 21 21 21  0  0  0  0  0  0  0  0]
 [ 0  0 28 28 28 28 28 28 28 28 28 28 28 28 28]
 [ 0 21 21 21 21 21 21  0  0  0  0  0  0  0  0]
 [ 8  8  8  8  0  0  0  0  0  0  0  0  0  0  0]]
valid: gen=0.0
reward: norm=0.9561409440933967
[ 480 iterations]
real= [[ 3 20  0  0  0  0  0  0  0  0  0  0  0  0  0]
 [ 5  1 13  6  0  0  0  0  0  0  0  0  0  0  0]
 [27 10 15  6  0  0  0  0  0  0  0  0  0  0  0]
 [20 24 17 16  0  0  0  0  0  0  0  0  0  0  0]
 [ 7  0  0  0  0  0  0  0  0  0  0  0  0  0  0]
 [25 14 11  0  0  0  0  0  0  0  0  0  0  0  0]
 [28 17 21  1  0  0  0  0  0  0  0  0  0  0  0]
 [20  0  0  0  0  0  0  0  0  0  0  0  0  0  0]
 [ 2  7  0  0  0  0  0  0  0  0  0  0  0  0  0]
 [15 11  0  0  0  0  0  0  0  0  0  0  0  0  0]]
gen= [[20  3  0  0  0  0  0  0  0  0  0  0  0  0  0]
 [ 1  1  1  0  0  0  0  0  0  0  0  0  0  0  0]
 [ 6  6  6  6  0  0  0  0  0  0  0  0  0  0  0]
 [16 16 16  0  0  0  0  0  0  0  0  0  0  0  0]
 [ 7  7  0  0  0  0  0  0  0  0  0  0  0  0  0]
 [ 0  0 11 11 11 11  0  0  0  0  0  0  0  0  0]
 [ 1  1  1  1  0  0  0  0  0  0  0  0  0  0  0]
 [ 0 20 20  0  0  0  0  0  0  0  0  0  0  0  0]
 [ 2  7  7  7  0  0  0  0  0  0  0  0  0  0  0]
 [ 0 11 11 11  0  0  0  0  0  0  0  0  0  0  0]]
valid: gen=0.006
reward: norm=0.9744901656678638
[ 490 iterations]
real= [[12 22  0  0  0  0  0  0  0  0  0  0  0  0  0]
 [23  0  0  0  0  0  0  0  0  0  0  0  0  0  0]
 [ 6 24  0  0  0  0  0  0  0  0  0  0  0  0  0]
 [27 26  7 18 17 13  9  1  5  0  0  0  0  0  0]
 [26 13  2  0  0  0  0  0  0  0  0  0  0  0  0]
 [25  8 15 26 18  0  0  0  0  0  0  0  0  0  0]
 [ 8 13  0  0  0  0  0  0  0  0  0  0  0  0  0]
 [28 14 21 10  9 19  0  0  0  0  0  0  0  0  0]
 [ 4 17 24  0  0  0  0  0  0  0  0  0  0  0  0]
 [20  6 23  0  0  0  0  0  0  0  0  0  0  0  0]]
gen= [[22 12  0  0  0  0  0  0  0  0  0  0  0  0  0]
 [23 23  0  0  0  0  0  0  0  0  0  0  0  0  0]
 [ 6  6  6  0  0  0  0  0  0  0  0  0  0  0  0]
 [ 1  1  1  1  0  0  0  0  0  0  0  0  0  0  0]
 [26 26  0  0  0  0  0  0  0  0  0  0  0  0  0]
 [ 0  0  0 15 15  0  0  0  0  0  0  0  0  0  0]
 [ 8  0  0  0  0  0  0  0  0  0  0  0  0  0  0]
 [21 28 28  0  0  0  0  0  0  0  0  0  0  0  0]
 [17 24  0  0  0  0  0  0  0  0  0  0  0  0  0]
 [ 6  6  6  0  0  0  0  0  0  0  0  0  0  0  0]]
valid: gen=0.034
reward: norm=0.9610942775746234
