read problem
[ 1 iterations]
real=[[15, 14, 7, 4, 0, 0, 0, 0, 0, 0, 0, 0, 0, 0, 0], [25, 4, 6, 0, 0, 0, 0, 0, 0, 0, 0, 0, 0, 0, 0], [26, 14, 13, 4, 16, 8, 9, 0, 0, 0, 0, 0, 0, 0, 0], [7, 12, 5, 20, 24, 0, 0, 0, 0, 0, 0, 0, 0, 0, 0], [28, 26, 25, 24, 23, 19, 16, 13, 14, 1, 4, 3, 11, 9, 0], [23, 18, 7, 24, 17, 28, 0, 0, 0, 0, 0, 0, 0, 0, 0], [28, 24, 13, 22, 7, 8, 5, 4, 9, 0, 0, 0, 0, 0, 0], [25, 12, 24, 22, 1, 26, 0, 0, 0, 0, 0, 0, 0, 0, 0], [28, 26, 24, 22, 21, 17, 4, 13, 2, 6, 16, 7, 0, 0, 0], [28, 25, 24, 22, 19, 12, 5, 7, 9, 18, 11, 0, 0, 0, 0]]
gen=[[4, 15, 14, 7, 0, 0, 0, 0, 0, 0, 0, 0, 0, 0, 0], [25, 4, 6, 0, 0, 0, 0, 0, 0, 0, 0, 0, 0, 0, 0], [16, 13, 14, 9, 26, 8, 4, 0, 0, 0, 0, 0, 0, 0, 0], [24, 20, 12, 5, 7, 0, 0, 0, 0, 0, 0, 0, 0, 0, 0], [25, 24, 19, 13, 16, 23, 9, 26, 4, 28, 11, 14, 3, 1, 0], [24, 18, 23, 17, 7, 28, 0, 0, 0, 0, 0, 0, 0, 0, 0], [22, 24, 13, 7, 9, 5, 8, 28, 4, 0, 0, 0, 0, 0, 0], [24, 22, 25, 12, 26, 1, 0, 0, 0, 0, 0, 0, 0, 0, 0], [21, 22, 24, 13, 16, 17, 2, 4, 26, 7, 6, 28, 0, 0, 0], [22, 18, 25, 19, 24, 12, 9, 7, 11, 28, 5, 0, 0, 0, 0]]
valid routes=1.0
norm-reward=0.8643347761512145
[ 2 iterations]
real=[[28, 25, 23, 21, 20, 16, 15, 13, 5, 10, 8, 4, 12, 11, 0], [28, 27, 24, 23, 22, 17, 16, 15, 2, 1, 13, 10, 12, 3, 0], [26, 24, 23, 15, 19, 3, 8, 13, 9, 1, 0, 0, 0, 0, 0], [28, 25, 24, 23, 22, 18, 17, 15, 9, 1, 8, 10, 12, 7, 0], [19, 0, 0, 0, 0, 0, 0, 0, 0, 0, 0, 0, 0, 0, 0], [28, 24, 21, 16, 15, 13, 10, 8, 3, 1, 4, 5, 6, 7, 0], [28, 26, 22, 20, 18, 17, 16, 11, 9, 1, 4, 5, 8, 15, 0], [27, 26, 24, 22, 20, 19, 18, 17, 2, 8, 4, 3, 12, 9, 0], [28, 27, 26, 24, 22, 21, 15, 13, 2, 1, 9, 3, 12, 6, 0], [26, 25, 23, 22, 20, 19, 18, 13, 12, 1, 9, 7, 11, 6, 0]]
gen=[[25, 21, 15, 13, 20, 16, 12, 23, 8, 5, 10, 11, 28, 4, 0], [24, 2, 15, 22, 13, 16, 12, 27, 17, 23, 10, 1, 3, 28, 0], [24, 26, 15, 13, 19, 9, 3, 23, 8, 1, 0, 0, 0, 0, 0], [25, 24, 15, 18, 22, 9, 23, 17, 12, 7, 8, 10, 1, 28, 0], [19, 0, 0, 0, 0, 0, 0, 0, 0, 0, 0, 0, 0, 0, 0], [24, 21, 15, 13, 16, 6, 5, 4, 10, 3, 1, 8, 28, 7, 0], [26, 22, 15, 18, 20, 16, 9, 17, 1, 28, 4, 8, 11, 5, 0], [24, 26, 2, 22, 18, 19, 12, 9, 20, 17, 27, 3, 4, 8, 0], [24, 26, 2, 15, 21, 13, 9, 12, 27, 22, 28, 3, 6, 1, 0], [25, 26, 22, 18, 13, 20, 9, 19, 12, 23, 7, 6, 11, 1, 0]]
valid routes=1.0
norm-reward=0.8308396890195344
[ 3 iterations]
real=[[27, 26, 23, 20, 19, 3, 9, 13, 16, 10, 0, 0, 0, 0, 0], [26, 24, 23, 22, 19, 15, 4, 8, 11, 10, 21, 0, 0, 0, 0], [27, 22, 15, 20, 10, 21, 9, 0, 0, 0, 0, 0, 0, 0, 0], [24, 2, 9, 0, 0, 0, 0, 0, 0, 0, 0, 0, 0, 0, 0], [27, 25, 24, 22, 19, 13, 12, 9, 3, 1, 4, 5, 6, 7, 0], [5, 6, 0, 0, 0, 0, 0, 0, 0, 0, 0, 0, 0, 0, 0], [27, 26, 24, 23, 21, 17, 16, 13, 2, 1, 8, 4, 12, 9, 0], [28, 25, 21, 20, 16, 14, 13, 12, 2, 6, 8, 7, 11, 3, 0], [28, 25, 15, 21, 10, 12, 8, 1, 0, 0, 0, 0, 0, 0, 0], [27, 26, 24, 22, 21, 17, 18, 9, 16, 10, 4, 3, 0, 0, 0]]
gen=[[26, 20, 23, 13, 19, 27, 16, 9, 10, 3, 0, 0, 0, 0, 0], [24, 26, 21, 15, 22, 19, 4, 23, 10, 11, 8, 0, 0, 0, 0], [22, 21, 15, 20, 9, 27, 10, 0, 0, 0, 0, 0, 0, 0, 0], [24, 2, 9, 0, 0, 0, 0, 0, 0, 0, 0, 0, 0, 0, 0], [25, 24, 7, 22, 13, 19, 27, 9, 12, 3, 1, 4, 5, 6, 0], [6, 5, 0, 0, 0, 0, 0, 0, 0, 0, 0, 0, 0, 0, 0], [24, 26, 2, 21, 13, 12, 9, 27, 16, 23, 8, 17, 1, 4, 0], [25, 7, 2, 21, 13, 20, 12, 16, 28, 14, 6, 3, 8, 11, 0], [25, 21, 15, 12, 1, 8, 10, 28, 0, 0, 0, 0, 0, 0, 0], [24, 26, 21, 18, 22, 16, 9, 27, 17, 10, 4, 3, 0, 0, 0]]
valid routes=1.0
norm-reward=0.8457891272852434
[ 4 iterations]
real=[[27, 0, 0, 0, 0, 0, 0, 0, 0, 0, 0, 0, 0, 0, 0], [26, 25, 24, 23, 22, 21, 19, 14, 2, 1, 9, 4, 8, 6, 0], [26, 25, 23, 22, 21, 19, 15, 9, 2, 1, 11, 7, 0, 0, 0], [24, 22, 21, 20, 19, 18, 16, 15, 2, 6, 8, 10, 12, 3, 0], [27, 25, 19, 18, 16, 14, 13, 12, 2, 5, 4, 7, 9, 3, 0], [27, 24, 22, 16, 13, 12, 11, 10, 9, 1, 4, 3, 8, 6, 0], [28, 27, 26, 23, 22, 21, 20, 19, 16, 14, 8, 10, 13, 9, 0], [26, 25, 24, 23, 22, 21, 15, 13, 2, 6, 4, 7, 12, 9, 0], [25, 27, 5, 2, 3, 0, 0, 0, 0, 0, 0, 0, 0, 0, 0], [15, 0, 0, 0, 0, 0, 0, 0, 0, 0, 0, 0, 0, 0, 0]]
gen=[[27, 0, 0, 0, 0, 0, 0, 0, 0, 0, 0, 0, 0, 0, 0], [25, 24, 2, 21, 22, 9, 19, 14, 23, 8, 4, 1, 26, 6, 0], [7, 25, 2, 15, 21, 19, 23, 9, 22, 1, 26, 11, 0, 0, 0], [10, 24, 2, 15, 18, 21, 19, 16, 20, 22, 8, 12, 3, 6, 0], [7, 25, 2, 18, 13, 19, 27, 16, 9, 12, 4, 5, 14, 3, 0], [10, 24, 22, 13, 9, 16, 12, 27, 8, 11, 1, 4, 3, 6, 0], [10, 21, 22, 26, 13, 19, 20, 27, 16, 9, 23, 8, 14, 28, 0], [7, 25, 24, 2, 15, 13, 21, 9, 22, 23, 12, 6, 4, 26, 0], [25, 2, 27, 3, 5, 0, 0, 0, 0, 0, 0, 0, 0, 0, 0], [15, 0, 0, 0, 0, 0, 0, 0, 0, 0, 0, 0, 0, 0, 0]]
valid routes=1.0
norm-reward=0.84614888955311
[ 5 iterations]
real=[[1, 7, 9, 22, 16, 14, 0, 0, 0, 0, 0, 0, 0, 0, 0], [27, 25, 24, 23, 22, 20, 17, 13, 9, 14, 8, 10, 6, 3, 0], [27, 24, 23, 22, 20, 19, 16, 13, 3, 8, 4, 7, 12, 11, 0], [27, 24, 22, 21, 20, 19, 18, 13, 2, 6, 9, 5, 12, 7, 0], [28, 26, 25, 24, 21, 19, 17, 13, 9, 10, 4, 5, 12, 7, 0], [27, 26, 24, 23, 22, 17, 16, 15, 2, 14, 4, 10, 13, 6, 0], [24, 22, 20, 19, 17, 16, 14, 12, 2, 5, 9, 7, 11, 3, 0], [28, 27, 24, 21, 20, 19, 18, 17, 9, 14, 16, 10, 12, 3, 0], [27, 24, 21, 20, 19, 17, 5, 10, 3, 6, 4, 7, 0, 0, 0], [18, 16, 5, 4, 2, 12, 8, 10, 0, 0, 0, 0, 0, 0, 0]]
gen=[[7, 22, 1, 16, 9, 14, 0, 0, 0, 0, 0, 0, 0, 0, 0], [25, 24, 10, 22, 13, 20, 9, 23, 27, 14, 17, 8, 3, 6, 0], [7, 24, 22, 13, 20, 19, 12, 16, 8, 27, 4, 23, 3, 11, 0], [7, 24, 2, 21, 18, 13, 19, 20, 9, 22, 27, 6, 5, 12, 0], [7, 25, 24, 21, 13, 19, 12, 9, 10, 4, 17, 5, 28, 26, 0], [10, 24, 2, 15, 13, 22, 14, 27, 16, 23, 17, 26, 6, 4, 0], [7, 24, 2, 22, 20, 19, 9, 12, 16, 17, 14, 5, 11, 3, 0], [10, 24, 21, 18, 19, 9, 20, 16, 12, 14, 27, 3, 17, 28, 0], [7, 24, 10, 21, 19, 20, 17, 27, 4, 5, 6, 3, 0, 0, 0], [10, 5, 2, 18, 12, 16, 8, 4, 0, 0, 0, 0, 0, 0, 0]]
valid routes=1.0
norm-reward=0.8446141385283646
[ 6 iterations]
real=[[27, 8, 7, 11, 13, 3, 9, 0, 0, 0, 0, 0, 0, 0, 0], [28, 27, 24, 10, 13, 23, 5, 1, 22, 0, 0, 0, 0, 0, 0], [28, 25, 24, 20, 17, 16, 13, 11, 2, 5, 4, 7, 8, 3, 0], [28, 26, 25, 20, 17, 13, 8, 7, 5, 1, 6, 0, 0, 0, 0], [28, 27, 25, 22, 18, 17, 16, 13, 9, 14, 4, 10, 8, 6, 0], [25, 14, 7, 2, 6, 0, 0, 0, 0, 0, 0, 0, 0, 0, 0], [26, 24, 22, 20, 19, 17, 16, 15, 3, 1, 4, 5, 11, 14, 0], [27, 26, 25, 24, 20, 18, 16, 13, 3, 1, 4, 10, 8, 7, 0], [4, 2, 3, 19, 0, 0, 0, 0, 0, 0, 0, 0, 0, 0, 0], [27, 25, 22, 21, 18, 17, 14, 13, 3, 10, 4, 5, 11, 6, 0]]
gen=[[7, 27, 13, 9, 8, 3, 11, 0, 0, 0, 0, 0, 0, 0, 0], [10, 24, 22, 13, 27, 23, 28, 5, 1, 0, 0, 0, 0, 0, 0], [7, 25, 24, 2, 13, 20, 8, 16, 4, 28, 17, 3, 5, 11, 0], [7, 25, 1, 13, 20, 17, 8, 26, 5, 28, 6, 0, 0, 0, 0], [25, 10, 22, 18, 13, 16, 9, 14, 8, 4, 27, 17, 28, 6, 0], [7, 25, 2, 14, 6, 0, 0, 0, 0, 0, 0, 0, 0, 0, 0], [1, 24, 22, 15, 19, 20, 16, 14, 4, 17, 5, 11, 26, 3, 0], [7, 25, 24, 10, 18, 13, 20, 16, 4, 8, 3, 1, 26, 27, 0], [2, 4, 19, 3, 0, 0, 0, 0, 0, 0, 0, 0, 0, 0, 0], [25, 10, 21, 18, 13, 22, 14, 27, 17, 4, 5, 6, 3, 11, 0]]
valid routes=1.0
norm-reward=0.8530378325267801
[ 7 iterations]
real=[[21, 7, 13, 19, 17, 0, 0, 0, 0, 0, 0, 0, 0, 0, 0], [28, 27, 22, 19, 17, 16, 12, 8, 3, 5, 6, 7, 11, 0, 0], [28, 27, 24, 19, 18, 17, 16, 14, 3, 5, 8, 4, 12, 11, 0], [28, 27, 24, 22, 21, 20, 19, 10, 2, 1, 9, 7, 5, 3, 0], [25, 23, 21, 19, 17, 16, 14, 11, 9, 5, 8, 7, 12, 3, 0], [28, 22, 21, 19, 17, 15, 5, 10, 3, 14, 16, 0, 0, 0, 0], [27, 24, 21, 19, 18, 15, 12, 10, 9, 6, 4, 7, 8, 3, 0], [28, 27, 26, 22, 20, 19, 18, 17, 9, 1, 8, 5, 12, 6, 0], [27, 22, 12, 19, 10, 1, 9, 6, 2, 0, 0, 0, 0, 0, 0], [26, 23, 20, 19, 17, 15, 14, 13, 2, 10, 4, 5, 8, 7, 0]]
gen=[[7, 21, 13, 19, 17, 0, 0, 0, 0, 0, 0, 0, 0, 0, 0], [7, 22, 12, 17, 19, 27, 16, 8, 3, 28, 5, 6, 11, 0, 0], [24, 18, 12, 27, 19, 8, 16, 4, 14, 17, 28, 5, 3, 11, 0], [7, 24, 2, 21, 22, 19, 9, 20, 27, 3, 10, 1, 28, 5, 0], [7, 25, 21, 17, 19, 12, 9, 8, 23, 16, 14, 3, 5, 11, 0], [10, 22, 21, 15, 19, 16, 14, 17, 28, 5, 3, 0, 0, 0, 0], [7, 24, 21, 15, 18, 19, 8, 9, 12, 10, 27, 6, 4, 3, 0], [26, 22, 20, 18, 19, 9, 8, 17, 12, 27, 1, 28, 5, 6, 0], [10, 1, 2, 22, 19, 9, 12, 27, 6, 0, 0, 0, 0, 0, 0], [7, 10, 2, 15, 13, 20, 19, 8, 23, 4, 14, 17, 5, 26, 0]]
valid routes=1.0
norm-reward=0.8553211191635512
[ 8 iterations]
real=[[24, 21, 20, 19, 18, 17, 16, 15, 2, 1, 4, 5, 13, 11, 0], [15, 11, 28, 0, 0, 0, 0, 0, 0, 0, 0, 0, 0, 0, 0], [28, 27, 26, 25, 24, 21, 20, 15, 2, 1, 4, 10, 5, 7, 0], [28, 25, 24, 22, 21, 20, 17, 16, 2, 10, 4, 5, 9, 15, 0], [28, 25, 24, 21, 18, 13, 12, 10, 2, 5, 4, 7, 9, 3, 0], [28, 27, 26, 24, 21, 20, 16, 11, 2, 1, 9, 5, 6, 3, 0], [27, 24, 19, 18, 16, 15, 11, 10, 2, 1, 4, 3, 6, 9, 0], [28, 21, 5, 2, 17, 12, 14, 6, 0, 0, 0, 0, 0, 0, 0], [28, 27, 26, 22, 18, 14, 12, 1, 9, 6, 4, 7, 11, 0, 0], [25, 17, 7, 8, 0, 0, 0, 0, 0, 0, 0, 0, 0, 0, 0]]
gen=[[24, 21, 2, 15, 18, 13, 20, 19, 16, 4, 17, 11, 5, 1, 0], [28, 15, 11, 0, 0, 0, 0, 0, 0, 0, 0, 0, 0, 0, 0], [7, 25, 24, 2, 15, 21, 20, 4, 10, 5, 27, 1, 28, 26, 0], [25, 24, 2, 15, 21, 22, 16, 20, 9, 28, 17, 10, 4, 5, 0], [7, 25, 24, 2, 21, 18, 13, 9, 12, 10, 3, 5, 4, 28, 0], [24, 1, 2, 21, 20, 16, 9, 27, 3, 5, 28, 6, 26, 11, 0], [10, 24, 2, 15, 18, 19, 9, 16, 27, 3, 4, 6, 1, 11, 0], [2, 21, 12, 17, 14, 5, 6, 28, 0, 0, 0, 0, 0, 0, 0], [7, 22, 18, 1, 9, 14, 12, 27, 4, 28, 11, 26, 6, 0, 0], [7, 25, 17, 8, 0, 0, 0, 0, 0, 0, 0, 0, 0, 0, 0]]
valid routes=1.0
norm-reward=0.856233802033249
[ 9 iterations]
real=[[27, 23, 15, 22, 0, 0, 0, 0, 0, 0, 0, 0, 0, 0, 0], [27, 26, 25, 24, 22, 21, 20, 16, 5, 10, 4, 7, 11, 6, 0], [27, 26, 24, 23, 22, 19, 15, 12, 2, 10, 8, 4, 11, 7, 0], [28, 27, 26, 24, 22, 20, 18, 16, 2, 14, 4, 5, 8, 7, 0], [26, 6, 13, 20, 23, 0, 0, 0, 0, 0, 0, 0, 0, 0, 0], [27, 25, 24, 23, 22, 21, 18, 15, 9, 17, 4, 7, 13, 3, 0], [28, 23, 22, 21, 19, 15, 13, 9, 12, 1, 4, 5, 8, 3, 0], [28, 25, 20, 19, 18, 17, 15, 13, 9, 5, 4, 3, 12, 11, 0], [28, 25, 24, 22, 20, 19, 18, 9, 16, 1, 4, 5, 8, 7, 0], [25, 14, 28, 20, 2, 12, 9, 0, 0, 0, 0, 0, 0, 0, 0]]
gen=[[22, 15, 23, 27, 0, 0, 0, 0, 0, 0, 0, 0, 0, 0, 0], [7, 25, 24, 21, 22, 20, 16, 10, 4, 11, 5, 26, 27, 6, 0], [7, 24, 2, 15, 22, 19, 8, 12, 27, 23, 4, 10, 26, 11, 0], [7, 24, 2, 22, 18, 8, 20, 16, 27, 4, 26, 5, 14, 28, 0], [23, 20, 26, 13, 6, 0, 0, 0, 0, 0, 0, 0, 0, 0, 0], [7, 25, 24, 21, 15, 18, 13, 9, 22, 4, 27, 17, 23, 3, 0], [21, 1, 22, 15, 13, 8, 19, 9, 12, 28, 23, 4, 3, 5, 0], [25, 15, 20, 18, 13, 19, 9, 12, 28, 4, 17, 5, 3, 11, 0], [7, 25, 24, 22, 18, 19, 8, 9, 20, 16, 1, 4, 5, 28, 0], [25, 20, 2, 12, 9, 14, 28, 0, 0, 0, 0, 0, 0, 0, 0]]
valid routes=1.0
norm-reward=0.8549451710280966
[ 10 iterations]
real=[[27, 20, 6, 0, 0, 0, 0, 0, 0, 0, 0, 0, 0, 0, 0], [10, 26, 21, 20, 0, 0, 0, 0, 0, 0, 0, 0, 0, 0, 0], [23, 6, 13, 19, 2, 0, 0, 0, 0, 0, 0, 0, 0, 0, 0], [28, 0, 0, 0, 0, 0, 0, 0, 0, 0, 0, 0, 0, 0, 0], [27, 26, 25, 22, 13, 3, 18, 1, 2, 14, 0, 0, 0, 0, 0], [27, 25, 24, 23, 22, 18, 17, 14, 16, 1, 13, 3, 12, 11, 0], [28, 23, 22, 21, 16, 15, 14, 11, 2, 1, 8, 10, 6, 3, 0], [27, 25, 24, 23, 21, 20, 18, 17, 3, 6, 9, 5, 12, 15, 0], [26, 23, 7, 21, 6, 12, 18, 8, 0, 0, 0, 0, 0, 0, 0], [27, 26, 25, 24, 20, 16, 15, 8, 12, 1, 4, 5, 6, 7, 0]]
gen=[[6, 20, 27, 0, 0, 0, 0, 0, 0, 0, 0, 0, 0, 0, 0], [10, 21, 26, 20, 0, 0, 0, 0, 0, 0, 0, 0, 0, 0, 0], [2, 23, 13, 19, 6, 0, 0, 0, 0, 0, 0, 0, 0, 0, 0], [28, 0, 0, 0, 0, 0, 0, 0, 0, 0, 0, 0, 0, 0, 0], [25, 22, 2, 18, 13, 27, 14, 1, 3, 26, 0, 0, 0, 0, 0], [25, 24, 22, 18, 13, 14, 16, 12, 17, 23, 3, 1, 11, 27, 0], [10, 21, 2, 15, 22, 8, 14, 16, 23, 28, 1, 11, 6, 3, 0], [25, 24, 21, 15, 18, 20, 12, 9, 23, 17, 3, 6, 27, 5, 0], [7, 21, 18, 12, 8, 23, 26, 6, 0, 0, 0, 0, 0, 0, 0], [7, 25, 24, 15, 8, 20, 16, 4, 27, 12, 1, 26, 5, 6, 0]]
valid routes=1.0
norm-reward=0.8512903580788032
[ 11 iterations]
real=[[15, 14, 7, 4, 0, 0, 0, 0, 0, 0, 0, 0, 0, 0, 0], [25, 4, 6, 0, 0, 0, 0, 0, 0, 0, 0, 0, 0, 0, 0], [26, 14, 13, 4, 16, 8, 9, 0, 0, 0, 0, 0, 0, 0, 0], [7, 12, 5, 20, 24, 0, 0, 0, 0, 0, 0, 0, 0, 0, 0], [28, 26, 25, 24, 23, 19, 16, 13, 14, 1, 4, 3, 11, 9, 0], [23, 18, 7, 24, 17, 28, 0, 0, 0, 0, 0, 0, 0, 0, 0], [28, 24, 13, 22, 7, 8, 5, 4, 9, 0, 0, 0, 0, 0, 0], [25, 12, 24, 22, 1, 26, 0, 0, 0, 0, 0, 0, 0, 0, 0], [28, 26, 24, 22, 21, 17, 4, 13, 2, 6, 16, 7, 0, 0, 0], [28, 25, 24, 22, 19, 12, 5, 7, 9, 18, 11, 0, 0, 0, 0]]
gen=[[7, 15, 14, 4, 0, 0, 0, 0, 0, 0, 0, 0, 0, 0, 0], [25, 6, 4, 0, 0, 0, 0, 0, 0, 0, 0, 0, 0, 0, 0], [26, 14, 8, 13, 9, 16, 4, 0, 0, 0, 0, 0, 0, 0, 0], [7, 24, 20, 12, 5, 0, 0, 0, 0, 0, 0, 0, 0, 0, 0], [25, 24, 1, 13, 19, 16, 9, 14, 3, 4, 26, 11, 23, 28, 0], [7, 24, 18, 23, 17, 28, 0, 0, 0, 0, 0, 0, 0, 0, 0], [7, 24, 22, 8, 13, 9, 28, 4, 5, 0, 0, 0, 0, 0, 0], [25, 24, 22, 12, 1, 26, 0, 0, 0, 0, 0, 0, 0, 0, 0], [7, 24, 2, 21, 13, 17, 22, 16, 4, 26, 6, 28, 0, 0, 0], [7, 25, 24, 22, 18, 19, 9, 12, 11, 28, 5, 0, 0, 0, 0]]
valid routes=1.0
norm-reward=0.8357010685677335
[ 12 iterations]
real=[[28, 25, 23, 21, 20, 16, 15, 13, 5, 10, 8, 4, 12, 11, 0], [28, 27, 24, 23, 22, 17, 16, 15, 2, 1, 13, 10, 12, 3, 0], [26, 24, 23, 15, 19, 3, 8, 13, 9, 1, 0, 0, 0, 0, 0], [28, 25, 24, 23, 22, 18, 17, 15, 9, 1, 8, 10, 12, 7, 0], [19, 0, 0, 0, 0, 0, 0, 0, 0, 0, 0, 0, 0, 0, 0], [28, 24, 21, 16, 15, 13, 10, 8, 3, 1, 4, 5, 6, 7, 0], [28, 26, 22, 20, 18, 17, 16, 11, 9, 1, 4, 5, 8, 15, 0], [27, 26, 24, 22, 20, 19, 18, 17, 2, 8, 4, 3, 12, 9, 0], [28, 27, 26, 24, 22, 21, 15, 13, 2, 1, 9, 3, 12, 6, 0], [26, 25, 23, 22, 20, 19, 18, 13, 12, 1, 9, 7, 11, 6, 0]]
gen=[[25, 10, 21, 8, 15, 13, 20, 12, 4, 23, 28, 16, 5, 11, 0], [10, 24, 2, 15, 13, 23, 12, 16, 22, 1, 27, 17, 28, 3, 0], [24, 1, 15, 8, 13, 19, 9, 23, 26, 3, 0, 0, 0, 0, 0], [7, 25, 24, 8, 15, 18, 10, 9, 17, 12, 1, 22, 23, 28, 0], [19, 0, 0, 0, 0, 0, 0, 0, 0, 0, 0, 0, 0, 0, 0], [7, 24, 21, 8, 15, 13, 4, 10, 16, 3, 1, 5, 28, 6, 0], [1, 22, 15, 8, 18, 16, 9, 20, 4, 17, 5, 26, 28, 11, 0], [24, 22, 2, 8, 18, 20, 19, 9, 12, 3, 4, 17, 26, 27, 0], [24, 22, 2, 15, 13, 21, 9, 12, 1, 28, 27, 3, 26, 6, 0], [7, 25, 22, 18, 13, 19, 20, 12, 9, 1, 23, 26, 11, 6, 0]]
valid routes=1.0
norm-reward=0.8481648790888316
[ 13 iterations]
real=[[27, 26, 23, 20, 19, 3, 9, 13, 16, 10, 0, 0, 0, 0, 0], [26, 24, 23, 22, 19, 15, 4, 8, 11, 10, 21, 0, 0, 0, 0], [27, 22, 15, 20, 10, 21, 9, 0, 0, 0, 0, 0, 0, 0, 0], [24, 2, 9, 0, 0, 0, 0, 0, 0, 0, 0, 0, 0, 0, 0], [27, 25, 24, 22, 19, 13, 12, 9, 3, 1, 4, 5, 6, 7, 0], [5, 6, 0, 0, 0, 0, 0, 0, 0, 0, 0, 0, 0, 0, 0], [27, 26, 24, 23, 21, 17, 16, 13, 2, 1, 8, 4, 12, 9, 0], [28, 25, 21, 20, 16, 14, 13, 12, 2, 6, 8, 7, 11, 3, 0], [28, 25, 15, 21, 10, 12, 8, 1, 0, 0, 0, 0, 0, 0, 0], [27, 26, 24, 22, 21, 17, 18, 9, 16, 10, 4, 3, 0, 0, 0]]
gen=[[10, 26, 13, 20, 19, 9, 3, 27, 16, 23, 0, 0, 0, 0, 0], [10, 24, 15, 8, 21, 19, 22, 11, 4, 26, 23, 0, 0, 0, 0], [10, 22, 21, 15, 20, 9, 27, 0, 0, 0, 0, 0, 0, 0, 0], [24, 2, 9, 0, 0, 0, 0, 0, 0, 0, 0, 0, 0, 0, 0], [7, 25, 24, 22, 13, 19, 9, 1, 3, 27, 6, 12, 4, 5, 0], [6, 5, 0, 0, 0, 0, 0, 0, 0, 0, 0, 0, 0, 0, 0], [24, 2, 21, 8, 13, 9, 12, 16, 1, 26, 17, 4, 27, 23, 0], [7, 25, 2, 8, 21, 13, 14, 12, 20, 16, 3, 28, 6, 11, 0], [25, 10, 8, 15, 21, 12, 28, 1, 0, 0, 0, 0, 0, 0, 0], [10, 24, 21, 18, 22, 9, 16, 17, 27, 4, 3, 26, 0, 0, 0]]
valid routes=1.0
norm-reward=0.8315211521797706
[ 14 iterations]
real=[[27, 0, 0, 0, 0, 0, 0, 0, 0, 0, 0, 0, 0, 0, 0], [26, 25, 24, 23, 22, 21, 19, 14, 2, 1, 9, 4, 8, 6, 0], [26, 25, 23, 22, 21, 19, 15, 9, 2, 1, 11, 7, 0, 0, 0], [24, 22, 21, 20, 19, 18, 16, 15, 2, 6, 8, 10, 12, 3, 0], [27, 25, 19, 18, 16, 14, 13, 12, 2, 5, 4, 7, 9, 3, 0], [27, 24, 22, 16, 13, 12, 11, 10, 9, 1, 4, 3, 8, 6, 0], [28, 27, 26, 23, 22, 21, 20, 19, 16, 14, 8, 10, 13, 9, 0], [26, 25, 24, 23, 22, 21, 15, 13, 2, 6, 4, 7, 12, 9, 0], [25, 27, 5, 2, 3, 0, 0, 0, 0, 0, 0, 0, 0, 0, 0], [15, 0, 0, 0, 0, 0, 0, 0, 0, 0, 0, 0, 0, 0, 0]]
gen=[[27, 0, 0, 0, 0, 0, 0, 0, 0, 0, 0, 0, 0, 0, 0], [25, 24, 2, 8, 21, 9, 22, 19, 23, 26, 6, 14, 4, 1, 0], [7, 25, 2, 15, 21, 19, 11, 9, 1, 26, 23, 22, 0, 0, 0], [10, 24, 2, 8, 15, 18, 21, 20, 19, 3, 22, 16, 6, 12, 0], [7, 25, 2, 18, 13, 9, 19, 12, 14, 27, 4, 3, 16, 5, 0], [10, 24, 8, 13, 9, 12, 3, 16, 4, 22, 27, 1, 6, 11, 0], [10, 22, 8, 21, 13, 9, 19, 14, 28, 20, 27, 23, 26, 16, 0], [7, 25, 2, 15, 21, 13, 24, 12, 9, 22, 23, 26, 6, 4, 0], [25, 2, 27, 5, 3, 0, 0, 0, 0, 0, 0, 0, 0, 0, 0], [15, 0, 0, 0, 0, 0, 0, 0, 0, 0, 0, 0, 0, 0, 0]]
valid routes=1.0
norm-reward=0.8323275301410306
[ 15 iterations]
real=[[1, 7, 9, 22, 16, 14, 0, 0, 0, 0, 0, 0, 0, 0, 0], [27, 25, 24, 23, 22, 20, 17, 13, 9, 14, 8, 10, 6, 3, 0], [27, 24, 23, 22, 20, 19, 16, 13, 3, 8, 4, 7, 12, 11, 0], [27, 24, 22, 21, 20, 19, 18, 13, 2, 6, 9, 5, 12, 7, 0], [28, 26, 25, 24, 21, 19, 17, 13, 9, 10, 4, 5, 12, 7, 0], [27, 26, 24, 23, 22, 17, 16, 15, 2, 14, 4, 10, 13, 6, 0], [24, 22, 20, 19, 17, 16, 14, 12, 2, 5, 9, 7, 11, 3, 0], [28, 27, 24, 21, 20, 19, 18, 17, 9, 14, 16, 10, 12, 3, 0], [27, 24, 21, 20, 19, 17, 5, 10, 3, 6, 4, 7, 0, 0, 0], [18, 16, 5, 4, 2, 12, 8, 10, 0, 0, 0, 0, 0, 0, 0]]
gen=[[7, 22, 16, 9, 1, 14, 0, 0, 0, 0, 0, 0, 0, 0, 0], [25, 22, 23, 8, 24, 20, 10, 27, 17, 13, 3, 14, 9, 6, 0], [7, 22, 23, 8, 20, 24, 27, 19, 13, 3, 16, 12, 4, 11, 0], [7, 22, 2, 24, 20, 21, 18, 27, 19, 13, 9, 5, 12, 6, 0], [7, 24, 21, 25, 19, 13, 10, 4, 26, 9, 17, 5, 12, 28, 0], [22, 23, 2, 24, 15, 17, 10, 16, 14, 13, 27, 26, 6, 4, 0], [7, 22, 2, 20, 24, 16, 9, 19, 14, 17, 5, 3, 12, 11, 0], [24, 20, 21, 16, 18, 19, 10, 14, 9, 17, 3, 27, 12, 28, 0], [7, 24, 20, 21, 19, 10, 4, 27, 17, 3, 5, 6, 0, 0, 0], [8, 2, 16, 18, 10, 12, 5, 4, 0, 0, 0, 0, 0, 0, 0]]
valid routes=1.0
norm-reward=0.8418343955144341
[ 16 iterations]
real=[[27, 8, 7, 11, 13, 3, 9, 0, 0, 0, 0, 0, 0, 0, 0], [28, 27, 24, 10, 13, 23, 5, 1, 22, 0, 0, 0, 0, 0, 0], [28, 25, 24, 20, 17, 16, 13, 11, 2, 5, 4, 7, 8, 3, 0], [28, 26, 25, 20, 17, 13, 8, 7, 5, 1, 6, 0, 0, 0, 0], [28, 27, 25, 22, 18, 17, 16, 13, 9, 14, 4, 10, 8, 6, 0], [25, 14, 7, 2, 6, 0, 0, 0, 0, 0, 0, 0, 0, 0, 0], [26, 24, 22, 20, 19, 17, 16, 15, 3, 1, 4, 5, 11, 14, 0], [27, 26, 25, 24, 20, 18, 16, 13, 3, 1, 4, 10, 8, 7, 0], [4, 2, 3, 19, 0, 0, 0, 0, 0, 0, 0, 0, 0, 0, 0], [27, 25, 22, 21, 18, 17, 14, 13, 3, 10, 4, 5, 11, 6, 0]]
gen=[[7, 8, 13, 3, 27, 11, 9, 0, 0, 0, 0, 0, 0, 0, 0], [22, 23, 24, 10, 13, 1, 27, 5, 28, 0, 0, 0, 0, 0, 0], [7, 24, 2, 8, 25, 20, 13, 11, 5, 17, 16, 3, 4, 28, 0], [7, 20, 8, 25, 13, 26, 1, 5, 17, 28, 6, 0, 0, 0, 0], [25, 22, 8, 18, 10, 13, 17, 6, 27, 14, 9, 4, 28, 16, 0], [7, 2, 25, 14, 6, 0, 0, 0, 0, 0, 0, 0, 0, 0, 0], [24, 22, 20, 15, 1, 26, 5, 19, 14, 11, 17, 16, 3, 4, 0], [7, 24, 8, 25, 10, 18, 26, 27, 1, 20, 3, 16, 13, 4, 0], [2, 19, 4, 3, 0, 0, 0, 0, 0, 0, 0, 0, 0, 0, 0], [25, 22, 21, 18, 10, 13, 5, 4, 27, 11, 14, 17, 3, 6, 0]]
valid routes=1.0
norm-reward=0.8537953286370669
[ 17 iterations]
real=[[21, 7, 13, 19, 17, 0, 0, 0, 0, 0, 0, 0, 0, 0, 0], [28, 27, 22, 19, 17, 16, 12, 8, 3, 5, 6, 7, 11, 0, 0], [28, 27, 24, 19, 18, 17, 16, 14, 3, 5, 8, 4, 12, 11, 0], [28, 27, 24, 22, 21, 20, 19, 10, 2, 1, 9, 7, 5, 3, 0], [25, 23, 21, 19, 17, 16, 14, 11, 9, 5, 8, 7, 12, 3, 0], [28, 22, 21, 19, 17, 15, 5, 10, 3, 14, 16, 0, 0, 0, 0], [27, 24, 21, 19, 18, 15, 12, 10, 9, 6, 4, 7, 8, 3, 0], [28, 27, 26, 22, 20, 19, 18, 17, 9, 1, 8, 5, 12, 6, 0], [27, 22, 12, 19, 10, 1, 9, 6, 2, 0, 0, 0, 0, 0, 0], [26, 23, 20, 19, 17, 15, 14, 13, 2, 10, 4, 5, 8, 7, 0]]
gen=[[7, 17, 21, 19, 13, 0, 0, 0, 0, 0, 0, 0, 0, 0, 0], [7, 22, 8, 16, 28, 19, 27, 17, 3, 12, 5, 11, 6, 0, 0], [28, 24, 8, 16, 18, 14, 27, 19, 11, 17, 5, 4, 12, 3, 0], [7, 22, 2, 20, 24, 28, 10, 27, 1, 19, 9, 21, 3, 5, 0], [7, 23, 8, 25, 17, 19, 12, 3, 14, 21, 16, 9, 11, 5, 0], [28, 22, 15, 21, 10, 19, 5, 14, 17, 16, 3, 0, 0, 0, 0], [7, 24, 8, 15, 21, 10, 18, 27, 9, 19, 6, 4, 12, 3, 0], [28, 22, 8, 20, 18, 27, 1, 19, 9, 17, 26, 6, 12, 5, 0], [22, 1, 2, 19, 10, 27, 12, 9, 6, 0, 0, 0, 0, 0, 0], [7, 23, 2, 8, 20, 15, 10, 17, 14, 19, 26, 4, 5, 13, 0]]
valid routes=1.0
norm-reward=0.8428157966580669
[ 18 iterations]
real=[[24, 21, 20, 19, 18, 17, 16, 15, 2, 1, 4, 5, 13, 11, 0], [15, 11, 28, 0, 0, 0, 0, 0, 0, 0, 0, 0, 0, 0, 0], [28, 27, 26, 25, 24, 21, 20, 15, 2, 1, 4, 10, 5, 7, 0], [28, 25, 24, 22, 21, 20, 17, 16, 2, 10, 4, 5, 9, 15, 0], [28, 25, 24, 21, 18, 13, 12, 10, 2, 5, 4, 7, 9, 3, 0], [28, 27, 26, 24, 21, 20, 16, 11, 2, 1, 9, 5, 6, 3, 0], [27, 24, 19, 18, 16, 15, 11, 10, 2, 1, 4, 3, 6, 9, 0], [28, 21, 5, 2, 17, 12, 14, 6, 0, 0, 0, 0, 0, 0, 0], [28, 27, 26, 22, 18, 14, 12, 1, 9, 6, 4, 7, 11, 0, 0], [25, 17, 7, 8, 0, 0, 0, 0, 0, 0, 0, 0, 0, 0, 0]]
gen=[[24, 20, 2, 15, 18, 19, 1, 5, 4, 13, 21, 17, 11, 16, 0], [28, 15, 11, 0, 0, 0, 0, 0, 0, 0, 0, 0, 0, 0, 0], [28, 24, 7, 2, 20, 25, 15, 10, 27, 1, 4, 26, 5, 21, 0], [28, 22, 2, 24, 25, 15, 10, 16, 21, 4, 20, 17, 9, 5, 0], [28, 24, 2, 7, 25, 10, 18, 5, 4, 12, 3, 13, 9, 21, 0], [28, 24, 2, 20, 21, 16, 27, 1, 26, 5, 9, 3, 11, 6, 0], [24, 16, 2, 15, 18, 10, 27, 1, 19, 4, 9, 11, 3, 6, 0], [28, 17, 2, 21, 14, 12, 5, 6, 0, 0, 0, 0, 0, 0, 0], [28, 22, 7, 18, 27, 9, 1, 4, 14, 12, 26, 11, 6, 0, 0], [7, 8, 17, 25, 0, 0, 0, 0, 0, 0, 0, 0, 0, 0, 0]]
valid routes=1.0
norm-reward=0.8471069650392463
[ 19 iterations]
real=[[27, 23, 15, 22, 0, 0, 0, 0, 0, 0, 0, 0, 0, 0, 0], [27, 26, 25, 24, 22, 21, 20, 16, 5, 10, 4, 7, 11, 6, 0], [27, 26, 24, 23, 22, 19, 15, 12, 2, 10, 8, 4, 11, 7, 0], [28, 27, 26, 24, 22, 20, 18, 16, 2, 14, 4, 5, 8, 7, 0], [26, 6, 13, 20, 23, 0, 0, 0, 0, 0, 0, 0, 0, 0, 0], [27, 25, 24, 23, 22, 21, 18, 15, 9, 17, 4, 7, 13, 3, 0], [28, 23, 22, 21, 19, 15, 13, 9, 12, 1, 4, 5, 8, 3, 0], [28, 25, 20, 19, 18, 17, 15, 13, 9, 5, 4, 3, 12, 11, 0], [28, 25, 24, 22, 20, 19, 18, 9, 16, 1, 4, 5, 8, 7, 0], [25, 14, 28, 20, 2, 12, 9, 0, 0, 0, 0, 0, 0, 0, 0]]
gen=[[23, 22, 15, 27, 0, 0, 0, 0, 0, 0, 0, 0, 0, 0, 0], [7, 22, 24, 20, 25, 10, 27, 5, 4, 21, 26, 6, 11, 16, 0], [23, 22, 2, 7, 8, 24, 15, 27, 10, 4, 26, 12, 19, 11, 0], [28, 22, 2, 7, 8, 24, 27, 18, 4, 20, 14, 26, 5, 16, 0], [23, 20, 13, 26, 6, 0, 0, 0, 0, 0, 0, 0, 0, 0, 0], [23, 22, 7, 24, 25, 15, 27, 18, 21, 17, 9, 4, 13, 3, 0], [28, 23, 22, 8, 15, 4, 1, 19, 5, 9, 13, 21, 12, 3, 0], [28, 20, 15, 17, 25, 13, 18, 5, 4, 19, 9, 11, 3, 12, 0], [28, 22, 7, 8, 24, 25, 18, 19, 1, 4, 20, 9, 5, 16, 0], [28, 20, 2, 25, 14, 9, 12, 0, 0, 0, 0, 0, 0, 0, 0]]
valid routes=1.0
norm-reward=0.8470833478994582
[ 20 iterations]
real=[[27, 20, 6, 0, 0, 0, 0, 0, 0, 0, 0, 0, 0, 0, 0], [10, 26, 21, 20, 0, 0, 0, 0, 0, 0, 0, 0, 0, 0, 0], [23, 6, 13, 19, 2, 0, 0, 0, 0, 0, 0, 0, 0, 0, 0], [28, 0, 0, 0, 0, 0, 0, 0, 0, 0, 0, 0, 0, 0, 0], [27, 26, 25, 22, 13, 3, 18, 1, 2, 14, 0, 0, 0, 0, 0], [27, 25, 24, 23, 22, 18, 17, 14, 16, 1, 13, 3, 12, 11, 0], [28, 23, 22, 21, 16, 15, 14, 11, 2, 1, 8, 10, 6, 3, 0], [27, 25, 24, 23, 21, 20, 18, 17, 3, 6, 9, 5, 12, 15, 0], [26, 23, 7, 21, 6, 12, 18, 8, 0, 0, 0, 0, 0, 0, 0], [27, 26, 25, 24, 20, 16, 15, 8, 12, 1, 4, 5, 6, 7, 0]]
gen=[[27, 20, 6, 0, 0, 0, 0, 0, 0, 0, 0, 0, 0, 0, 0], [20, 21, 10, 26, 0, 0, 0, 0, 0, 0, 0, 0, 0, 0, 0], [23, 2, 19, 13, 6, 0, 0, 0, 0, 0, 0, 0, 0, 0, 0], [28, 0, 0, 0, 0, 0, 0, 0, 0, 0, 0, 0, 0, 0, 0], [22, 25, 2, 18, 27, 13, 1, 26, 14, 3, 0, 0, 0, 0, 0], [22, 23, 24, 18, 25, 27, 1, 13, 14, 17, 16, 11, 3, 12, 0], [28, 23, 2, 8, 22, 15, 10, 1, 14, 6, 11, 21, 3, 16, 0], [25, 23, 24, 20, 15, 27, 18, 9, 5, 21, 17, 3, 6, 12, 0], [23, 7, 8, 21, 18, 12, 26, 6, 0, 0, 0, 0, 0, 0, 0], [7, 24, 8, 20, 25, 15, 27, 1, 4, 26, 12, 5, 6, 16, 0]]
valid routes=1.0
norm-reward=0.848641841412244
[ 21 iterations]
real=[[15, 14, 7, 4, 0, 0, 0, 0, 0, 0, 0, 0, 0, 0, 0], [25, 4, 6, 0, 0, 0, 0, 0, 0, 0, 0, 0, 0, 0, 0], [26, 14, 13, 4, 16, 8, 9, 0, 0, 0, 0, 0, 0, 0, 0], [7, 12, 5, 20, 24, 0, 0, 0, 0, 0, 0, 0, 0, 0, 0], [28, 26, 25, 24, 23, 19, 16, 13, 14, 1, 4, 3, 11, 9, 0], [23, 18, 7, 24, 17, 28, 0, 0, 0, 0, 0, 0, 0, 0, 0], [28, 24, 13, 22, 7, 8, 5, 4, 9, 0, 0, 0, 0, 0, 0], [25, 12, 24, 22, 1, 26, 0, 0, 0, 0, 0, 0, 0, 0, 0], [28, 26, 24, 22, 21, 17, 4, 13, 2, 6, 16, 7, 0, 0, 0], [28, 25, 24, 22, 19, 12, 5, 7, 9, 18, 11, 0, 0, 0, 0]]
gen=[[7, 4, 15, 14, 0, 0, 0, 0, 0, 0, 0, 0, 0, 0, 0], [4, 25, 6, 0, 0, 0, 0, 0, 0, 0, 0, 0, 0, 0, 0], [4, 16, 8, 13, 14, 9, 26, 0, 0, 0, 0, 0, 0, 0, 0], [24, 7, 20, 5, 12, 0, 0, 0, 0, 0, 0, 0, 0, 0, 0], [28, 23, 24, 13, 25, 16, 1, 4, 9, 19, 26, 14, 11, 3, 0], [28, 23, 7, 24, 17, 18, 0, 0, 0, 0, 0, 0, 0, 0, 0], [28, 22, 7, 8, 24, 4, 13, 5, 9, 0, 0, 0, 0, 0, 0], [25, 22, 24, 12, 26, 1, 0, 0, 0, 0, 0, 0, 0, 0, 0], [28, 22, 2, 7, 24, 13, 4, 21, 17, 26, 6, 16, 0, 0, 0], [28, 22, 7, 24, 25, 18, 19, 11, 9, 5, 12, 0, 0, 0, 0]]
valid routes=1.0
norm-reward=0.8553208258856427
[ 22 iterations]
real=[[28, 25, 23, 21, 20, 16, 15, 13, 5, 10, 8, 4, 12, 11, 0], [28, 27, 24, 23, 22, 17, 16, 15, 2, 1, 13, 10, 12, 3, 0], [26, 24, 23, 15, 19, 3, 8, 13, 9, 1, 0, 0, 0, 0, 0], [28, 25, 24, 23, 22, 18, 17, 15, 9, 1, 8, 10, 12, 7, 0], [19, 0, 0, 0, 0, 0, 0, 0, 0, 0, 0, 0, 0, 0, 0], [28, 24, 21, 16, 15, 13, 10, 8, 3, 1, 4, 5, 6, 7, 0], [28, 26, 22, 20, 18, 17, 16, 11, 9, 1, 4, 5, 8, 15, 0], [27, 26, 24, 22, 20, 19, 18, 17, 2, 8, 4, 3, 12, 9, 0], [28, 27, 26, 24, 22, 21, 15, 13, 2, 1, 9, 3, 12, 6, 0], [26, 25, 23, 22, 20, 19, 18, 13, 12, 1, 9, 7, 11, 6, 0]]
gen=[[28, 23, 8, 20, 15, 25, 10, 21, 4, 5, 16, 12, 11, 13, 0], [27, 23, 2, 28, 22, 24, 15, 10, 1, 12, 17, 3, 16, 13, 0], [23, 24, 8, 15, 13, 19, 1, 26, 9, 3, 0, 0, 0, 0, 0], [28, 23, 22, 7, 8, 25, 18, 10, 1, 15, 24, 17, 9, 12, 0], [19, 0, 0, 0, 0, 0, 0, 0, 0, 0, 0, 0, 0, 0, 0], [28, 24, 7, 8, 15, 10, 13, 1, 4, 5, 6, 16, 3, 21, 0], [28, 22, 8, 20, 15, 18, 1, 4, 16, 5, 17, 26, 9, 11, 0], [27, 22, 2, 8, 20, 24, 18, 4, 9, 19, 26, 12, 17, 3, 0], [27, 22, 2, 28, 24, 15, 13, 1, 21, 26, 9, 12, 6, 3, 0], [7, 23, 22, 20, 25, 18, 1, 9, 6, 13, 11, 19, 26, 12, 0]]
valid routes=1.0
norm-reward=0.8598605885435224
[ 23 iterations]
real=[[27, 26, 23, 20, 19, 3, 9, 13, 16, 10, 0, 0, 0, 0, 0], [26, 24, 23, 22, 19, 15, 4, 8, 11, 10, 21, 0, 0, 0, 0], [27, 22, 15, 20, 10, 21, 9, 0, 0, 0, 0, 0, 0, 0, 0], [24, 2, 9, 0, 0, 0, 0, 0, 0, 0, 0, 0, 0, 0, 0], [27, 25, 24, 22, 19, 13, 12, 9, 3, 1, 4, 5, 6, 7, 0], [5, 6, 0, 0, 0, 0, 0, 0, 0, 0, 0, 0, 0, 0, 0], [27, 26, 24, 23, 21, 17, 16, 13, 2, 1, 8, 4, 12, 9, 0], [28, 25, 21, 20, 16, 14, 13, 12, 2, 6, 8, 7, 11, 3, 0], [28, 25, 15, 21, 10, 12, 8, 1, 0, 0, 0, 0, 0, 0, 0], [27, 26, 24, 22, 21, 17, 18, 9, 16, 10, 4, 3, 0, 0, 0]]
gen=[[27, 23, 20, 16, 10, 19, 13, 9, 26, 3, 0, 0, 0, 0, 0], [22, 23, 24, 8, 15, 10, 4, 21, 26, 11, 19, 0, 0, 0, 0], [27, 22, 20, 15, 21, 10, 9, 0, 0, 0, 0, 0, 0, 0, 0], [24, 2, 9, 0, 0, 0, 0, 0, 0, 0, 0, 0, 0, 0, 0], [27, 22, 7, 24, 25, 19, 13, 1, 4, 6, 9, 12, 5, 3, 0], [5, 6, 0, 0, 0, 0, 0, 0, 0, 0, 0, 0, 0, 0, 0], [27, 23, 24, 2, 8, 21, 13, 1, 4, 9, 17, 26, 16, 12, 0], [28, 20, 7, 2, 8, 25, 13, 16, 14, 11, 6, 21, 3, 12, 0], [28, 25, 8, 21, 15, 10, 1, 12, 0, 0, 0, 0, 0, 0, 0], [27, 22, 24, 18, 16, 10, 17, 21, 4, 9, 26, 3, 0, 0, 0]]
valid routes=1.0
norm-reward=0.8457147997903832
[ 24 iterations]
real=[[27, 0, 0, 0, 0, 0, 0, 0, 0, 0, 0, 0, 0, 0, 0], [26, 25, 24, 23, 22, 21, 19, 14, 2, 1, 9, 4, 8, 6, 0], [26, 25, 23, 22, 21, 19, 15, 9, 2, 1, 11, 7, 0, 0, 0], [24, 22, 21, 20, 19, 18, 16, 15, 2, 6, 8, 10, 12, 3, 0], [27, 25, 19, 18, 16, 14, 13, 12, 2, 5, 4, 7, 9, 3, 0], [27, 24, 22, 16, 13, 12, 11, 10, 9, 1, 4, 3, 8, 6, 0], [28, 27, 26, 23, 22, 21, 20, 19, 16, 14, 8, 10, 13, 9, 0], [26, 25, 24, 23, 22, 21, 15, 13, 2, 6, 4, 7, 12, 9, 0], [25, 27, 5, 2, 3, 0, 0, 0, 0, 0, 0, 0, 0, 0, 0], [15, 0, 0, 0, 0, 0, 0, 0, 0, 0, 0, 0, 0, 0, 0]]
gen=[[27, 0, 0, 0, 0, 0, 0, 0, 0, 0, 0, 0, 0, 0, 0], [25, 23, 22, 2, 8, 24, 1, 21, 26, 4, 14, 9, 19, 6, 0], [7, 23, 22, 2, 15, 25, 26, 1, 9, 11, 19, 21, 0, 0, 0], [24, 22, 8, 2, 20, 15, 10, 21, 18, 12, 6, 19, 16, 3, 0], [27, 25, 7, 2, 16, 13, 18, 5, 4, 14, 19, 9, 12, 3, 0], [27, 22, 24, 8, 16, 10, 13, 1, 4, 9, 6, 11, 3, 12, 0], [27, 28, 23, 22, 8, 20, 10, 13, 14, 9, 19, 16, 26, 21, 0], [7, 23, 22, 2, 24, 25, 15, 13, 26, 4, 9, 21, 12, 6, 0], [27, 25, 2, 5, 3, 0, 0, 0, 0, 0, 0, 0, 0, 0, 0], [15, 0, 0, 0, 0, 0, 0, 0, 0, 0, 0, 0, 0, 0, 0]]
valid routes=1.0
norm-reward=0.8482670762612889
[ 25 iterations]
real=[[1, 7, 9, 22, 16, 14, 0, 0, 0, 0, 0, 0, 0, 0, 0], [27, 25, 24, 23, 22, 20, 17, 13, 9, 14, 8, 10, 6, 3, 0], [27, 24, 23, 22, 20, 19, 16, 13, 3, 8, 4, 7, 12, 11, 0], [27, 24, 22, 21, 20, 19, 18, 13, 2, 6, 9, 5, 12, 7, 0], [28, 26, 25, 24, 21, 19, 17, 13, 9, 10, 4, 5, 12, 7, 0], [27, 26, 24, 23, 22, 17, 16, 15, 2, 14, 4, 10, 13, 6, 0], [24, 22, 20, 19, 17, 16, 14, 12, 2, 5, 9, 7, 11, 3, 0], [28, 27, 24, 21, 20, 19, 18, 17, 9, 14, 16, 10, 12, 3, 0], [27, 24, 21, 20, 19, 17, 5, 10, 3, 6, 4, 7, 0, 0, 0], [18, 16, 5, 4, 2, 12, 8, 10, 0, 0, 0, 0, 0, 0, 0]]
gen=[[22, 7, 16, 14, 1, 9, 0, 0, 0, 0, 0, 0, 0, 0, 0], [27, 23, 22, 8, 24, 25, 10, 6, 14, 20, 13, 9, 17, 3, 0], [27, 23, 22, 7, 8, 24, 13, 4, 11, 16, 20, 19, 3, 12, 0], [27, 22, 7, 2, 24, 20, 18, 13, 21, 9, 19, 5, 12, 6, 0], [28, 24, 7, 21, 19, 25, 10, 5, 4, 9, 26, 12, 17, 13, 0], [27, 23, 22, 2, 24, 15, 10, 17, 4, 14, 26, 13, 16, 6, 0], [7, 22, 24, 2, 20, 16, 14, 19, 11, 9, 17, 12, 5, 3, 0], [27, 28, 24, 20, 21, 10, 18, 14, 9, 3, 17, 19, 16, 12, 0], [27, 24, 7, 20, 21, 10, 5, 4, 19, 17, 3, 6, 0, 0, 0], [4, 16, 2, 8, 18, 10, 12, 5, 0, 0, 0, 0, 0, 0, 0]]
valid routes=1.0
norm-reward=0.8372344835044444
[ 26 iterations]
real=[[27, 8, 7, 11, 13, 3, 9, 0, 0, 0, 0, 0, 0, 0, 0], [28, 27, 24, 10, 13, 23, 5, 1, 22, 0, 0, 0, 0, 0, 0], [28, 25, 24, 20, 17, 16, 13, 11, 2, 5, 4, 7, 8, 3, 0], [28, 26, 25, 20, 17, 13, 8, 7, 5, 1, 6, 0, 0, 0, 0], [28, 27, 25, 22, 18, 17, 16, 13, 9, 14, 4, 10, 8, 6, 0], [25, 14, 7, 2, 6, 0, 0, 0, 0, 0, 0, 0, 0, 0, 0], [26, 24, 22, 20, 19, 17, 16, 15, 3, 1, 4, 5, 11, 14, 0], [27, 26, 25, 24, 20, 18, 16, 13, 3, 1, 4, 10, 8, 7, 0], [4, 2, 3, 19, 0, 0, 0, 0, 0, 0, 0, 0, 0, 0, 0], [27, 25, 22, 21, 18, 17, 14, 13, 3, 10, 4, 5, 11, 6, 0]]
gen=[[27, 7, 8, 13, 9, 3, 11, 0, 0, 0, 0, 0, 0, 0, 0], [27, 28, 23, 22, 24, 10, 13, 1, 5, 0, 0, 0, 0, 0, 0], [28, 24, 7, 2, 8, 25, 13, 17, 4, 20, 11, 5, 3, 16, 0], [28, 7, 8, 20, 25, 13, 26, 1, 6, 5, 17, 0, 0, 0, 0], [27, 28, 22, 8, 18, 25, 10, 16, 14, 9, 4, 6, 17, 13, 0], [25, 7, 2, 14, 6, 0, 0, 0, 0, 0, 0, 0, 0, 0, 0], [22, 24, 20, 15, 16, 4, 1, 26, 14, 11, 17, 19, 5, 3, 0], [27, 24, 7, 8, 20, 25, 18, 10, 1, 4, 13, 26, 3, 16, 0], [4, 19, 2, 3, 0, 0, 0, 0, 0, 0, 0, 0, 0, 0, 0], [27, 22, 21, 4, 18, 25, 10, 13, 14, 11, 17, 5, 3, 6, 0]]
valid routes=1.0
norm-reward=0.8400034942297098
[ 27 iterations]
real=[[21, 7, 13, 19, 17, 0, 0, 0, 0, 0, 0, 0, 0, 0, 0], [28, 27, 22, 19, 17, 16, 12, 8, 3, 5, 6, 7, 11, 0, 0], [28, 27, 24, 19, 18, 17, 16, 14, 3, 5, 8, 4, 12, 11, 0], [28, 27, 24, 22, 21, 20, 19, 10, 2, 1, 9, 7, 5, 3, 0], [25, 23, 21, 19, 17, 16, 14, 11, 9, 5, 8, 7, 12, 3, 0], [28, 22, 21, 19, 17, 15, 5, 10, 3, 14, 16, 0, 0, 0, 0], [27, 24, 21, 19, 18, 15, 12, 10, 9, 6, 4, 7, 8, 3, 0], [28, 27, 26, 22, 20, 19, 18, 17, 9, 1, 8, 5, 12, 6, 0], [27, 22, 12, 19, 10, 1, 9, 6, 2, 0, 0, 0, 0, 0, 0], [26, 23, 20, 19, 17, 15, 14, 13, 2, 10, 4, 5, 8, 7, 0]]
gen=[[7, 17, 21, 19, 13, 0, 0, 0, 0, 0, 0, 0, 0, 0, 0], [27, 28, 22, 7, 8, 16, 6, 17, 11, 5, 19, 12, 3, 0, 0], [27, 28, 24, 8, 16, 18, 19, 11, 4, 14, 17, 5, 12, 3, 0], [27, 28, 22, 2, 7, 24, 10, 1, 9, 20, 19, 3, 5, 21, 0], [7, 23, 8, 16, 21, 25, 12, 9, 14, 17, 19, 11, 3, 5, 0], [28, 22, 16, 21, 15, 10, 19, 14, 17, 3, 5, 0, 0, 0, 0], [27, 24, 7, 8, 15, 10, 18, 4, 21, 9, 19, 6, 3, 12, 0], [27, 28, 22, 8, 20, 18, 1, 26, 9, 6, 19, 17, 5, 12, 0], [27, 22, 2, 19, 10, 12, 1, 9, 6, 0, 0, 0, 0, 0, 0], [7, 23, 8, 2, 20, 15, 10, 4, 14, 19, 26, 13, 17, 5, 0]]
valid routes=1.0
norm-reward=0.844138316988072
[ 28 iterations]
real=[[24, 21, 20, 19, 18, 17, 16, 15, 2, 1, 4, 5, 13, 11, 0], [15, 11, 28, 0, 0, 0, 0, 0, 0, 0, 0, 0, 0, 0, 0], [28, 27, 26, 25, 24, 21, 20, 15, 2, 1, 4, 10, 5, 7, 0], [28, 25, 24, 22, 21, 20, 17, 16, 2, 10, 4, 5, 9, 15, 0], [28, 25, 24, 21, 18, 13, 12, 10, 2, 5, 4, 7, 9, 3, 0], [28, 27, 26, 24, 21, 20, 16, 11, 2, 1, 9, 5, 6, 3, 0], [27, 24, 19, 18, 16, 15, 11, 10, 2, 1, 4, 3, 6, 9, 0], [28, 21, 5, 2, 17, 12, 14, 6, 0, 0, 0, 0, 0, 0, 0], [28, 27, 26, 22, 18, 14, 12, 1, 9, 6, 4, 7, 11, 0, 0], [25, 17, 7, 8, 0, 0, 0, 0, 0, 0, 0, 0, 0, 0, 0]]
gen=[[24, 20, 2, 4, 15, 16, 13, 18, 1, 11, 19, 17, 5, 21, 0], [28, 15, 11, 0, 0, 0, 0, 0, 0, 0, 0, 0, 0, 0, 0], [27, 28, 7, 2, 24, 25, 15, 10, 1, 4, 20, 5, 26, 21, 0], [28, 22, 24, 2, 20, 25, 10, 15, 21, 4, 17, 9, 5, 16, 0], [28, 24, 7, 2, 21, 25, 10, 18, 9, 4, 13, 5, 12, 3, 0], [27, 28, 24, 2, 20, 21, 3, 1, 26, 9, 11, 6, 16, 5, 0], [27, 24, 2, 16, 15, 10, 18, 1, 4, 9, 19, 11, 6, 3, 0], [28, 17, 2, 21, 14, 12, 6, 5, 0, 0, 0, 0, 0, 0, 0], [27, 28, 22, 7, 18, 4, 14, 1, 9, 6, 11, 26, 12, 0, 0], [7, 8, 17, 25, 0, 0, 0, 0, 0, 0, 0, 0, 0, 0, 0]]
valid routes=1.0
norm-reward=0.8445576656347894
[ 29 iterations]
real=[[27, 23, 15, 22, 0, 0, 0, 0, 0, 0, 0, 0, 0, 0, 0], [27, 26, 25, 24, 22, 21, 20, 16, 5, 10, 4, 7, 11, 6, 0], [27, 26, 24, 23, 22, 19, 15, 12, 2, 10, 8, 4, 11, 7, 0], [28, 27, 26, 24, 22, 20, 18, 16, 2, 14, 4, 5, 8, 7, 0], [26, 6, 13, 20, 23, 0, 0, 0, 0, 0, 0, 0, 0, 0, 0], [27, 25, 24, 23, 22, 21, 18, 15, 9, 17, 4, 7, 13, 3, 0], [28, 23, 22, 21, 19, 15, 13, 9, 12, 1, 4, 5, 8, 3, 0], [28, 25, 20, 19, 18, 17, 15, 13, 9, 5, 4, 3, 12, 11, 0], [28, 25, 24, 22, 20, 19, 18, 9, 16, 1, 4, 5, 8, 7, 0], [25, 14, 28, 20, 2, 12, 9, 0, 0, 0, 0, 0, 0, 0, 0]]
gen=[[27, 23, 22, 15, 0, 0, 0, 0, 0, 0, 0, 0, 0, 0, 0], [27, 22, 7, 24, 20, 21, 25, 10, 4, 11, 26, 5, 6, 16, 0], [27, 23, 22, 7, 2, 8, 15, 10, 4, 19, 11, 24, 12, 26, 0], [27, 28, 22, 8, 2, 7, 18, 4, 24, 14, 20, 5, 26, 16, 0], [26, 23, 20, 13, 6, 0, 0, 0, 0, 0, 0, 0, 0, 0, 0], [27, 23, 22, 7, 24, 15, 25, 18, 21, 4, 13, 9, 17, 3, 0], [28, 23, 22, 8, 15, 21, 13, 1, 4, 9, 19, 12, 5, 3, 0], [28, 25, 20, 4, 15, 18, 13, 12, 11, 5, 9, 17, 3, 19, 0], [28, 22, 24, 8, 7, 25, 18, 1, 9, 4, 20, 16, 19, 5, 0], [28, 20, 2, 14, 25, 12, 9, 0, 0, 0, 0, 0, 0, 0, 0]]
valid routes=1.0
norm-reward=0.8358452460663411
[ 30 iterations]
real=[[27, 20, 6, 0, 0, 0, 0, 0, 0, 0, 0, 0, 0, 0, 0], [10, 26, 21, 20, 0, 0, 0, 0, 0, 0, 0, 0, 0, 0, 0], [23, 6, 13, 19, 2, 0, 0, 0, 0, 0, 0, 0, 0, 0, 0], [28, 0, 0, 0, 0, 0, 0, 0, 0, 0, 0, 0, 0, 0, 0], [27, 26, 25, 22, 13, 3, 18, 1, 2, 14, 0, 0, 0, 0, 0], [27, 25, 24, 23, 22, 18, 17, 14, 16, 1, 13, 3, 12, 11, 0], [28, 23, 22, 21, 16, 15, 14, 11, 2, 1, 8, 10, 6, 3, 0], [27, 25, 24, 23, 21, 20, 18, 17, 3, 6, 9, 5, 12, 15, 0], [26, 23, 7, 21, 6, 12, 18, 8, 0, 0, 0, 0, 0, 0, 0], [27, 26, 25, 24, 20, 16, 15, 8, 12, 1, 4, 5, 6, 7, 0]]
gen=[[27, 20, 6, 0, 0, 0, 0, 0, 0, 0, 0, 0, 0, 0, 0], [20, 26, 21, 10, 0, 0, 0, 0, 0, 0, 0, 0, 0, 0, 0], [2, 23, 19, 13, 6, 0, 0, 0, 0, 0, 0, 0, 0, 0, 0], [28, 0, 0, 0, 0, 0, 0, 0, 0, 0, 0, 0, 0, 0, 0], [27, 22, 2, 18, 25, 13, 1, 26, 14, 3, 0, 0, 0, 0, 0], [27, 23, 22, 24, 16, 25, 18, 1, 14, 13, 17, 12, 11, 3, 0], [28, 23, 22, 8, 2, 15, 10, 1, 21, 14, 6, 16, 11, 3, 0], [27, 23, 24, 20, 15, 25, 18, 21, 6, 9, 17, 5, 12, 3, 0], [7, 23, 8, 21, 18, 6, 26, 12, 0, 0, 0, 0, 0, 0, 0], [27, 24, 7, 8, 20, 25, 1, 15, 4, 6, 26, 16, 5, 12, 0]]
valid routes=1.0
norm-reward=0.8479462319806673
[ 31 iterations]
real=[[15, 14, 7, 4, 0, 0, 0, 0, 0, 0, 0, 0, 0, 0, 0], [25, 4, 6, 0, 0, 0, 0, 0, 0, 0, 0, 0, 0, 0, 0], [26, 14, 13, 4, 16, 8, 9, 0, 0, 0, 0, 0, 0, 0, 0], [7, 12, 5, 20, 24, 0, 0, 0, 0, 0, 0, 0, 0, 0, 0], [28, 26, 25, 24, 23, 19, 16, 13, 14, 1, 4, 3, 11, 9, 0], [23, 18, 7, 24, 17, 28, 0, 0, 0, 0, 0, 0, 0, 0, 0], [28, 24, 13, 22, 7, 8, 5, 4, 9, 0, 0, 0, 0, 0, 0], [25, 12, 24, 22, 1, 26, 0, 0, 0, 0, 0, 0, 0, 0, 0], [28, 26, 24, 22, 21, 17, 4, 13, 2, 6, 16, 7, 0, 0, 0], [28, 25, 24, 22, 19, 12, 5, 7, 9, 18, 11, 0, 0, 0, 0]]
gen=[[4, 7, 15, 14, 0, 0, 0, 0, 0, 0, 0, 0, 0, 0, 0], [4, 25, 6, 0, 0, 0, 0, 0, 0, 0, 0, 0, 0, 0, 0], [4, 26, 8, 16, 13, 14, 9, 0, 0, 0, 0, 0, 0, 0, 0], [24, 7, 20, 12, 5, 0, 0, 0, 0, 0, 0, 0, 0, 0, 0], [28, 23, 24, 4, 16, 25, 13, 1, 14, 11, 9, 26, 3, 19, 0], [28, 23, 7, 24, 17, 18, 0, 0, 0, 0, 0, 0, 0, 0, 0], [28, 22, 7, 8, 24, 13, 5, 9, 4, 0, 0, 0, 0, 0, 0], [25, 22, 24, 26, 1, 12, 0, 0, 0, 0, 0, 0, 0, 0, 0], [28, 22, 7, 2, 24, 13, 21, 16, 4, 6, 17, 26, 0, 0, 0], [28, 22, 24, 7, 18, 25, 5, 9, 19, 11, 12, 0, 0, 0, 0]]
valid routes=1.0
norm-reward=0.841923359384336
[ 32 iterations]
real=[[28, 25, 23, 21, 20, 16, 15, 13, 5, 10, 8, 4, 12, 11, 0], [28, 27, 24, 23, 22, 17, 16, 15, 2, 1, 13, 10, 12, 3, 0], [26, 24, 23, 15, 19, 3, 8, 13, 9, 1, 0, 0, 0, 0, 0], [28, 25, 24, 23, 22, 18, 17, 15, 9, 1, 8, 10, 12, 7, 0], [19, 0, 0, 0, 0, 0, 0, 0, 0, 0, 0, 0, 0, 0, 0], [28, 24, 21, 16, 15, 13, 10, 8, 3, 1, 4, 5, 6, 7, 0], [28, 26, 22, 20, 18, 17, 16, 11, 9, 1, 4, 5, 8, 15, 0], [27, 26, 24, 22, 20, 19, 18, 17, 2, 8, 4, 3, 12, 9, 0], [28, 27, 26, 24, 22, 21, 15, 13, 2, 1, 9, 3, 12, 6, 0], [26, 25, 23, 22, 20, 19, 18, 13, 12, 1, 9, 7, 11, 6, 0]]
gen=[[28, 23, 8, 20, 15, 25, 10, 21, 4, 13, 11, 16, 5, 12, 0], [27, 28, 23, 22, 2, 24, 10, 15, 1, 13, 12, 16, 17, 3, 0], [24, 23, 8, 15, 13, 19, 1, 26, 9, 3, 0, 0, 0, 0, 0], [28, 23, 22, 8, 7, 25, 10, 1, 24, 17, 9, 18, 15, 12, 0], [19, 0, 0, 0, 0, 0, 0, 0, 0, 0, 0, 0, 0, 0, 0], [28, 24, 7, 8, 15, 10, 1, 21, 4, 13, 5, 16, 3, 6, 0], [28, 22, 8, 20, 15, 18, 11, 26, 1, 4, 17, 9, 16, 5, 0], [27, 22, 24, 8, 2, 18, 12, 4, 9, 26, 17, 20, 3, 19, 0], [27, 28, 22, 2, 24, 15, 21, 1, 6, 13, 26, 12, 9, 3, 0], [7, 23, 22, 20, 18, 25, 13, 1, 26, 9, 11, 6, 19, 12, 0]]
valid routes=1.0
norm-reward=0.8421719350882316
[ 33 iterations]
real=[[27, 26, 23, 20, 19, 3, 9, 13, 16, 10, 0, 0, 0, 0, 0], [26, 24, 23, 22, 19, 15, 4, 8, 11, 10, 21, 0, 0, 0, 0], [27, 22, 15, 20, 10, 21, 9, 0, 0, 0, 0, 0, 0, 0, 0], [24, 2, 9, 0, 0, 0, 0, 0, 0, 0, 0, 0, 0, 0, 0], [27, 25, 24, 22, 19, 13, 12, 9, 3, 1, 4, 5, 6, 7, 0], [5, 6, 0, 0, 0, 0, 0, 0, 0, 0, 0, 0, 0, 0, 0], [27, 26, 24, 23, 21, 17, 16, 13, 2, 1, 8, 4, 12, 9, 0], [28, 25, 21, 20, 16, 14, 13, 12, 2, 6, 8, 7, 11, 3, 0], [28, 25, 15, 21, 10, 12, 8, 1, 0, 0, 0, 0, 0, 0, 0], [27, 26, 24, 22, 21, 17, 18, 9, 16, 10, 4, 3, 0, 0, 0]]
gen=[[27, 23, 20, 16, 13, 10, 26, 19, 9, 3, 0, 0, 0, 0, 0], [24, 23, 22, 8, 15, 10, 26, 21, 4, 11, 19, 0, 0, 0, 0], [27, 22, 20, 15, 21, 10, 9, 0, 0, 0, 0, 0, 0, 0, 0], [24, 2, 9, 0, 0, 0, 0, 0, 0, 0, 0, 0, 0, 0, 0], [27, 22, 7, 24, 4, 25, 12, 1, 13, 19, 3, 9, 5, 6, 0], [5, 6, 0, 0, 0, 0, 0, 0, 0, 0, 0, 0, 0, 0, 0], [27, 23, 8, 2, 24, 13, 1, 21, 4, 26, 9, 12, 16, 17, 0], [28, 25, 8, 2, 7, 20, 13, 6, 14, 21, 11, 16, 12, 3, 0], [28, 25, 8, 15, 21, 10, 1, 12, 0, 0, 0, 0, 0, 0, 0], [27, 22, 24, 21, 16, 18, 10, 4, 9, 17, 3, 26, 0, 0, 0]]
valid routes=1.0
norm-reward=0.8461172667077358
[ 34 iterations]
real=[[27, 0, 0, 0, 0, 0, 0, 0, 0, 0, 0, 0, 0, 0, 0], [26, 25, 24, 23, 22, 21, 19, 14, 2, 1, 9, 4, 8, 6, 0], [26, 25, 23, 22, 21, 19, 15, 9, 2, 1, 11, 7, 0, 0, 0], [24, 22, 21, 20, 19, 18, 16, 15, 2, 6, 8, 10, 12, 3, 0], [27, 25, 19, 18, 16, 14, 13, 12, 2, 5, 4, 7, 9, 3, 0], [27, 24, 22, 16, 13, 12, 11, 10, 9, 1, 4, 3, 8, 6, 0], [28, 27, 26, 23, 22, 21, 20, 19, 16, 14, 8, 10, 13, 9, 0], [26, 25, 24, 23, 22, 21, 15, 13, 2, 6, 4, 7, 12, 9, 0], [25, 27, 5, 2, 3, 0, 0, 0, 0, 0, 0, 0, 0, 0, 0], [15, 0, 0, 0, 0, 0, 0, 0, 0, 0, 0, 0, 0, 0, 0]]
gen=[[27, 0, 0, 0, 0, 0, 0, 0, 0, 0, 0, 0, 0, 0, 0], [25, 23, 22, 8, 2, 24, 1, 21, 14, 4, 26, 9, 6, 19, 0], [7, 23, 22, 2, 15, 25, 21, 1, 11, 9, 26, 19, 0, 0, 0], [22, 24, 8, 2, 20, 18, 10, 15, 21, 6, 3, 19, 16, 12, 0], [27, 25, 7, 2, 16, 18, 13, 19, 5, 4, 14, 9, 3, 12, 0], [27, 22, 24, 8, 16, 13, 10, 1, 4, 3, 11, 12, 6, 9, 0], [27, 28, 23, 22, 8, 16, 10, 21, 14, 13, 20, 19, 9, 26, 0], [7, 22, 23, 2, 24, 25, 15, 21, 4, 13, 26, 12, 9, 6, 0], [27, 25, 2, 3, 5, 0, 0, 0, 0, 0, 0, 0, 0, 0, 0], [15, 0, 0, 0, 0, 0, 0, 0, 0, 0, 0, 0, 0, 0, 0]]
valid routes=1.0
norm-reward=0.8438385404072217
[ 35 iterations]
real=[[1, 7, 9, 22, 16, 14, 0, 0, 0, 0, 0, 0, 0, 0, 0], [27, 25, 24, 23, 22, 20, 17, 13, 9, 14, 8, 10, 6, 3, 0], [27, 24, 23, 22, 20, 19, 16, 13, 3, 8, 4, 7, 12, 11, 0], [27, 24, 22, 21, 20, 19, 18, 13, 2, 6, 9, 5, 12, 7, 0], [28, 26, 25, 24, 21, 19, 17, 13, 9, 10, 4, 5, 12, 7, 0], [27, 26, 24, 23, 22, 17, 16, 15, 2, 14, 4, 10, 13, 6, 0], [24, 22, 20, 19, 17, 16, 14, 12, 2, 5, 9, 7, 11, 3, 0], [28, 27, 24, 21, 20, 19, 18, 17, 9, 14, 16, 10, 12, 3, 0], [27, 24, 21, 20, 19, 17, 5, 10, 3, 6, 4, 7, 0, 0, 0], [18, 16, 5, 4, 2, 12, 8, 10, 0, 0, 0, 0, 0, 0, 0]]
gen=[[7, 22, 16, 14, 1, 9, 0, 0, 0, 0, 0, 0, 0, 0, 0], [27, 23, 22, 8, 24, 25, 10, 13, 14, 17, 20, 9, 3, 6, 0], [27, 23, 22, 8, 7, 24, 13, 20, 4, 16, 19, 3, 11, 12, 0], [27, 22, 7, 2, 24, 18, 13, 21, 19, 20, 5, 9, 12, 6, 0], [28, 24, 7, 4, 21, 25, 10, 17, 13, 26, 19, 9, 5, 12, 0], [27, 22, 23, 2, 24, 15, 10, 4, 26, 13, 14, 17, 16, 6, 0], [7, 22, 24, 2, 20, 16, 12, 11, 14, 9, 17, 3, 5, 19, 0], [27, 28, 24, 20, 16, 18, 10, 21, 14, 17, 9, 19, 3, 12, 0], [27, 24, 7, 20, 21, 10, 5, 4, 19, 17, 3, 6, 0, 0, 0], [4, 16, 8, 2, 18, 10, 12, 5, 0, 0, 0, 0, 0, 0, 0]]
valid routes=1.0
norm-reward=0.8442269779662828
[ 36 iterations]
real=[[27, 8, 7, 11, 13, 3, 9, 0, 0, 0, 0, 0, 0, 0, 0], [28, 27, 24, 10, 13, 23, 5, 1, 22, 0, 0, 0, 0, 0, 0], [28, 25, 24, 20, 17, 16, 13, 11, 2, 5, 4, 7, 8, 3, 0], [28, 26, 25, 20, 17, 13, 8, 7, 5, 1, 6, 0, 0, 0, 0], [28, 27, 25, 22, 18, 17, 16, 13, 9, 14, 4, 10, 8, 6, 0], [25, 14, 7, 2, 6, 0, 0, 0, 0, 0, 0, 0, 0, 0, 0], [26, 24, 22, 20, 19, 17, 16, 15, 3, 1, 4, 5, 11, 14, 0], [27, 26, 25, 24, 20, 18, 16, 13, 3, 1, 4, 10, 8, 7, 0], [4, 2, 3, 19, 0, 0, 0, 0, 0, 0, 0, 0, 0, 0, 0], [27, 25, 22, 21, 18, 17, 14, 13, 3, 10, 4, 5, 11, 6, 0]]
gen=[[27, 7, 8, 13, 9, 3, 11, 0, 0, 0, 0, 0, 0, 0, 0], [27, 28, 23, 22, 24, 13, 10, 1, 5, 0, 0, 0, 0, 0, 0], [28, 24, 8, 2, 7, 25, 13, 17, 4, 11, 20, 16, 3, 5, 0], [28, 20, 8, 7, 17, 25, 13, 1, 5, 6, 26, 0, 0, 0, 0], [27, 28, 22, 8, 16, 25, 10, 18, 4, 6, 14, 13, 17, 9, 0], [7, 25, 2, 14, 6, 0, 0, 0, 0, 0, 0, 0, 0, 0, 0], [4, 22, 24, 20, 15, 19, 1, 3, 11, 14, 5, 26, 16, 17, 0], [27, 24, 8, 7, 20, 25, 10, 1, 16, 4, 13, 18, 3, 26, 0], [4, 19, 2, 3, 0, 0, 0, 0, 0, 0, 0, 0, 0, 0, 0], [27, 22, 17, 4, 21, 25, 10, 5, 13, 3, 14, 18, 11, 6, 0]]
valid routes=1.0
norm-reward=0.8408961359113051
[ 37 iterations]
real=[[21, 7, 13, 19, 17, 0, 0, 0, 0, 0, 0, 0, 0, 0, 0], [28, 27, 22, 19, 17, 16, 12, 8, 3, 5, 6, 7, 11, 0, 0], [28, 27, 24, 19, 18, 17, 16, 14, 3, 5, 8, 4, 12, 11, 0], [28, 27, 24, 22, 21, 20, 19, 10, 2, 1, 9, 7, 5, 3, 0], [25, 23, 21, 19, 17, 16, 14, 11, 9, 5, 8, 7, 12, 3, 0], [28, 22, 21, 19, 17, 15, 5, 10, 3, 14, 16, 0, 0, 0, 0], [27, 24, 21, 19, 18, 15, 12, 10, 9, 6, 4, 7, 8, 3, 0], [28, 27, 26, 22, 20, 19, 18, 17, 9, 1, 8, 5, 12, 6, 0], [27, 22, 12, 19, 10, 1, 9, 6, 2, 0, 0, 0, 0, 0, 0], [26, 23, 20, 19, 17, 15, 14, 13, 2, 10, 4, 5, 8, 7, 0]]
gen=[[7, 17, 21, 19, 13, 0, 0, 0, 0, 0, 0, 0, 0, 0, 0], [27, 28, 22, 8, 7, 16, 6, 11, 17, 5, 19, 3, 12, 0, 0], [27, 28, 8, 24, 16, 18, 3, 5, 4, 14, 19, 12, 11, 17, 0], [27, 28, 22, 2, 7, 24, 10, 1, 9, 21, 20, 3, 5, 19, 0], [7, 23, 8, 16, 19, 25, 3, 21, 14, 9, 11, 5, 17, 12, 0], [28, 22, 15, 16, 21, 10, 5, 14, 19, 3, 17, 0, 0, 0, 0], [27, 24, 8, 7, 15, 10, 18, 21, 4, 9, 6, 3, 19, 12, 0], [27, 28, 22, 8, 20, 18, 1, 12, 19, 26, 17, 5, 6, 9, 0], [27, 22, 2, 19, 10, 12, 1, 9, 6, 0, 0, 0, 0, 0, 0], [7, 23, 8, 2, 20, 10, 13, 15, 4, 14, 5, 26, 17, 19, 0]]
valid routes=1.0
norm-reward=0.845740385794219
[ 38 iterations]
real=[[24, 21, 20, 19, 18, 17, 16, 15, 2, 1, 4, 5, 13, 11, 0], [15, 11, 28, 0, 0, 0, 0, 0, 0, 0, 0, 0, 0, 0, 0], [28, 27, 26, 25, 24, 21, 20, 15, 2, 1, 4, 10, 5, 7, 0], [28, 25, 24, 22, 21, 20, 17, 16, 2, 10, 4, 5, 9, 15, 0], [28, 25, 24, 21, 18, 13, 12, 10, 2, 5, 4, 7, 9, 3, 0], [28, 27, 26, 24, 21, 20, 16, 11, 2, 1, 9, 5, 6, 3, 0], [27, 24, 19, 18, 16, 15, 11, 10, 2, 1, 4, 3, 6, 9, 0], [28, 21, 5, 2, 17, 12, 14, 6, 0, 0, 0, 0, 0, 0, 0], [28, 27, 26, 22, 18, 14, 12, 1, 9, 6, 4, 7, 11, 0, 0], [25, 17, 7, 8, 0, 0, 0, 0, 0, 0, 0, 0, 0, 0, 0]]
gen=[[24, 20, 2, 15, 16, 18, 13, 21, 4, 1, 11, 19, 17, 5, 0], [28, 15, 11, 0, 0, 0, 0, 0, 0, 0, 0, 0, 0, 0, 0], [27, 28, 24, 2, 7, 25, 15, 10, 1, 4, 20, 21, 26, 5, 0], [28, 22, 24, 2, 20, 25, 10, 21, 16, 4, 9, 17, 15, 5, 0], [28, 24, 7, 2, 21, 25, 18, 10, 5, 4, 13, 3, 9, 12, 0], [27, 28, 24, 2, 20, 16, 3, 1, 21, 9, 11, 26, 6, 5, 0], [27, 24, 2, 16, 15, 18, 10, 1, 4, 11, 9, 19, 6, 3, 0], [28, 17, 2, 21, 14, 5, 12, 6, 0, 0, 0, 0, 0, 0, 0], [27, 28, 22, 7, 4, 18, 1, 11, 14, 26, 9, 6, 12, 0, 0], [7, 8, 17, 25, 0, 0, 0, 0, 0, 0, 0, 0, 0, 0, 0]]
valid routes=1.0
norm-reward=0.8448315500154912
[ 39 iterations]
real=[[27, 23, 15, 22, 0, 0, 0, 0, 0, 0, 0, 0, 0, 0, 0], [27, 26, 25, 24, 22, 21, 20, 16, 5, 10, 4, 7, 11, 6, 0], [27, 26, 24, 23, 22, 19, 15, 12, 2, 10, 8, 4, 11, 7, 0], [28, 27, 26, 24, 22, 20, 18, 16, 2, 14, 4, 5, 8, 7, 0], [26, 6, 13, 20, 23, 0, 0, 0, 0, 0, 0, 0, 0, 0, 0], [27, 25, 24, 23, 22, 21, 18, 15, 9, 17, 4, 7, 13, 3, 0], [28, 23, 22, 21, 19, 15, 13, 9, 12, 1, 4, 5, 8, 3, 0], [28, 25, 20, 19, 18, 17, 15, 13, 9, 5, 4, 3, 12, 11, 0], [28, 25, 24, 22, 20, 19, 18, 9, 16, 1, 4, 5, 8, 7, 0], [25, 14, 28, 20, 2, 12, 9, 0, 0, 0, 0, 0, 0, 0, 0]]
gen=[[27, 23, 22, 15, 0, 0, 0, 0, 0, 0, 0, 0, 0, 0, 0], [27, 22, 24, 7, 20, 25, 10, 21, 4, 26, 11, 16, 5, 6, 0], [27, 23, 22, 8, 2, 7, 10, 4, 11, 26, 24, 15, 19, 12, 0], [27, 28, 22, 8, 2, 7, 18, 14, 24, 4, 20, 26, 16, 5, 0], [26, 23, 20, 13, 6, 0, 0, 0, 0, 0, 0, 0, 0, 0, 0], [27, 23, 22, 7, 24, 25, 18, 21, 4, 17, 13, 3, 15, 9, 0], [28, 23, 22, 8, 15, 13, 1, 21, 4, 5, 19, 12, 9, 3, 0], [28, 20, 17, 15, 4, 25, 18, 11, 13, 5, 9, 19, 12, 3, 0], [28, 22, 24, 8, 7, 25, 18, 1, 16, 4, 19, 5, 9, 20, 0], [28, 25, 20, 2, 14, 12, 9, 0, 0, 0, 0, 0, 0, 0, 0]]
valid routes=1.0
norm-reward=0.8412923063390598
[ 40 iterations]
real=[[27, 20, 6, 0, 0, 0, 0, 0, 0, 0, 0, 0, 0, 0, 0], [10, 26, 21, 20, 0, 0, 0, 0, 0, 0, 0, 0, 0, 0, 0], [23, 6, 13, 19, 2, 0, 0, 0, 0, 0, 0, 0, 0, 0, 0], [28, 0, 0, 0, 0, 0, 0, 0, 0, 0, 0, 0, 0, 0, 0], [27, 26, 25, 22, 13, 3, 18, 1, 2, 14, 0, 0, 0, 0, 0], [27, 25, 24, 23, 22, 18, 17, 14, 16, 1, 13, 3, 12, 11, 0], [28, 23, 22, 21, 16, 15, 14, 11, 2, 1, 8, 10, 6, 3, 0], [27, 25, 24, 23, 21, 20, 18, 17, 3, 6, 9, 5, 12, 15, 0], [26, 23, 7, 21, 6, 12, 18, 8, 0, 0, 0, 0, 0, 0, 0], [27, 26, 25, 24, 20, 16, 15, 8, 12, 1, 4, 5, 6, 7, 0]]
gen=[[27, 20, 6, 0, 0, 0, 0, 0, 0, 0, 0, 0, 0, 0, 0], [26, 20, 21, 10, 0, 0, 0, 0, 0, 0, 0, 0, 0, 0, 0], [2, 23, 19, 13, 6, 0, 0, 0, 0, 0, 0, 0, 0, 0, 0], [28, 0, 0, 0, 0, 0, 0, 0, 0, 0, 0, 0, 0, 0, 0], [27, 22, 2, 18, 25, 13, 1, 26, 14, 3, 0, 0, 0, 0, 0], [27, 23, 22, 24, 16, 25, 18, 1, 13, 14, 11, 17, 3, 12, 0], [28, 23, 22, 8, 2, 15, 10, 21, 14, 1, 3, 11, 16, 6, 0], [27, 23, 24, 20, 15, 25, 18, 21, 5, 17, 9, 3, 12, 6, 0], [7, 23, 8, 21, 18, 12, 26, 6, 0, 0, 0, 0, 0, 0, 0], [27, 24, 8, 7, 20, 25, 15, 1, 4, 26, 6, 5, 16, 12, 0]]
valid routes=1.0
norm-reward=0.841336766553862
[ 41 iterations]
real=[[15, 14, 7, 4, 0, 0, 0, 0, 0, 0, 0, 0, 0, 0, 0], [25, 4, 6, 0, 0, 0, 0, 0, 0, 0, 0, 0, 0, 0, 0], [26, 14, 13, 4, 16, 8, 9, 0, 0, 0, 0, 0, 0, 0, 0], [7, 12, 5, 20, 24, 0, 0, 0, 0, 0, 0, 0, 0, 0, 0], [28, 26, 25, 24, 23, 19, 16, 13, 14, 1, 4, 3, 11, 9, 0], [23, 18, 7, 24, 17, 28, 0, 0, 0, 0, 0, 0, 0, 0, 0], [28, 24, 13, 22, 7, 8, 5, 4, 9, 0, 0, 0, 0, 0, 0], [25, 12, 24, 22, 1, 26, 0, 0, 0, 0, 0, 0, 0, 0, 0], [28, 26, 24, 22, 21, 17, 4, 13, 2, 6, 16, 7, 0, 0, 0], [28, 25, 24, 22, 19, 12, 5, 7, 9, 18, 11, 0, 0, 0, 0]]
gen=[[7, 4, 15, 14, 0, 0, 0, 0, 0, 0, 0, 0, 0, 0, 0], [4, 25, 6, 0, 0, 0, 0, 0, 0, 0, 0, 0, 0, 0, 0], [4, 26, 8, 16, 13, 14, 9, 0, 0, 0, 0, 0, 0, 0, 0], [7, 24, 20, 12, 5, 0, 0, 0, 0, 0, 0, 0, 0, 0, 0], [28, 23, 24, 16, 4, 25, 13, 1, 14, 11, 9, 26, 19, 3, 0], [28, 23, 24, 7, 17, 18, 0, 0, 0, 0, 0, 0, 0, 0, 0], [28, 22, 8, 7, 24, 13, 5, 4, 9, 0, 0, 0, 0, 0, 0], [25, 22, 24, 26, 1, 12, 0, 0, 0, 0, 0, 0, 0, 0, 0], [28, 22, 24, 2, 7, 13, 16, 21, 4, 17, 26, 6, 0, 0, 0], [28, 22, 24, 7, 18, 25, 11, 19, 12, 9, 5, 0, 0, 0, 0]]
valid routes=1.0
norm-reward=0.8421069890154522
[ 42 iterations]
real=[[28, 25, 23, 21, 20, 16, 15, 13, 5, 10, 8, 4, 12, 11, 0], [28, 27, 24, 23, 22, 17, 16, 15, 2, 1, 13, 10, 12, 3, 0], [26, 24, 23, 15, 19, 3, 8, 13, 9, 1, 0, 0, 0, 0, 0], [28, 25, 24, 23, 22, 18, 17, 15, 9, 1, 8, 10, 12, 7, 0], [19, 0, 0, 0, 0, 0, 0, 0, 0, 0, 0, 0, 0, 0, 0], [28, 24, 21, 16, 15, 13, 10, 8, 3, 1, 4, 5, 6, 7, 0], [28, 26, 22, 20, 18, 17, 16, 11, 9, 1, 4, 5, 8, 15, 0], [27, 26, 24, 22, 20, 19, 18, 17, 2, 8, 4, 3, 12, 9, 0], [28, 27, 26, 24, 22, 21, 15, 13, 2, 1, 9, 3, 12, 6, 0], [26, 25, 23, 22, 20, 19, 18, 13, 12, 1, 9, 7, 11, 6, 0]]
gen=[[28, 23, 8, 20, 15, 25, 10, 11, 21, 4, 13, 16, 5, 12, 0], [28, 27, 23, 22, 2, 24, 10, 15, 1, 16, 13, 17, 3, 12, 0], [26, 23, 8, 24, 15, 13, 1, 19, 9, 3, 0, 0, 0, 0, 0], [28, 22, 23, 8, 7, 25, 15, 10, 1, 24, 18, 9, 17, 12, 0], [19, 0, 0, 0, 0, 0, 0, 0, 0, 0, 0, 0, 0, 0, 0], [28, 24, 8, 7, 15, 10, 1, 21, 13, 4, 3, 16, 5, 6, 0], [28, 22, 8, 20, 15, 18, 5, 17, 1, 4, 26, 9, 16, 11, 0], [27, 22, 8, 2, 24, 18, 19, 17, 20, 4, 26, 9, 12, 3, 0], [28, 27, 22, 2, 24, 15, 1, 21, 9, 13, 3, 12, 6, 26, 0], [7, 22, 23, 20, 18, 25, 13, 1, 11, 9, 26, 19, 12, 6, 0]]
valid routes=1.0
norm-reward=0.8398722883584321
[ 43 iterations]
real=[[27, 26, 23, 20, 19, 3, 9, 13, 16, 10, 0, 0, 0, 0, 0], [26, 24, 23, 22, 19, 15, 4, 8, 11, 10, 21, 0, 0, 0, 0], [27, 22, 15, 20, 10, 21, 9, 0, 0, 0, 0, 0, 0, 0, 0], [24, 2, 9, 0, 0, 0, 0, 0, 0, 0, 0, 0, 0, 0, 0], [27, 25, 24, 22, 19, 13, 12, 9, 3, 1, 4, 5, 6, 7, 0], [5, 6, 0, 0, 0, 0, 0, 0, 0, 0, 0, 0, 0, 0, 0], [27, 26, 24, 23, 21, 17, 16, 13, 2, 1, 8, 4, 12, 9, 0], [28, 25, 21, 20, 16, 14, 13, 12, 2, 6, 8, 7, 11, 3, 0], [28, 25, 15, 21, 10, 12, 8, 1, 0, 0, 0, 0, 0, 0, 0], [27, 26, 24, 22, 21, 17, 18, 9, 16, 10, 4, 3, 0, 0, 0]]
gen=[[27, 23, 20, 26, 16, 13, 10, 19, 3, 9, 0, 0, 0, 0, 0], [4, 23, 22, 8, 24, 15, 10, 21, 11, 19, 26, 0, 0, 0, 0], [27, 22, 20, 15, 21, 10, 9, 0, 0, 0, 0, 0, 0, 0, 0], [2, 24, 9, 0, 0, 0, 0, 0, 0, 0, 0, 0, 0, 0, 0], [27, 22, 24, 7, 19, 25, 13, 4, 1, 3, 12, 9, 5, 6, 0], [5, 6, 0, 0, 0, 0, 0, 0, 0, 0, 0, 0, 0, 0, 0], [27, 23, 24, 8, 2, 13, 1, 21, 4, 17, 26, 9, 16, 12, 0], [28, 25, 8, 2, 7, 20, 13, 11, 21, 16, 14, 3, 6, 12, 0], [28, 25, 8, 15, 21, 10, 12, 1, 0, 0, 0, 0, 0, 0, 0], [27, 22, 24, 4, 16, 10, 18, 3, 21, 17, 9, 26, 0, 0, 0]]
valid routes=1.0
norm-reward=0.8369957590364393
[ 44 iterations]
real=[[27, 0, 0, 0, 0, 0, 0, 0, 0, 0, 0, 0, 0, 0, 0], [26, 25, 24, 23, 22, 21, 19, 14, 2, 1, 9, 4, 8, 6, 0], [26, 25, 23, 22, 21, 19, 15, 9, 2, 1, 11, 7, 0, 0, 0], [24, 22, 21, 20, 19, 18, 16, 15, 2, 6, 8, 10, 12, 3, 0], [27, 25, 19, 18, 16, 14, 13, 12, 2, 5, 4, 7, 9, 3, 0], [27, 24, 22, 16, 13, 12, 11, 10, 9, 1, 4, 3, 8, 6, 0], [28, 27, 26, 23, 22, 21, 20, 19, 16, 14, 8, 10, 13, 9, 0], [26, 25, 24, 23, 22, 21, 15, 13, 2, 6, 4, 7, 12, 9, 0], [25, 27, 5, 2, 3, 0, 0, 0, 0, 0, 0, 0, 0, 0, 0], [15, 0, 0, 0, 0, 0, 0, 0, 0, 0, 0, 0, 0, 0, 0]]
gen=[[27, 0, 0, 0, 0, 0, 0, 0, 0, 0, 0, 0, 0, 0, 0], [25, 22, 23, 8, 2, 24, 1, 21, 14, 4, 26, 9, 6, 19, 0], [7, 22, 23, 2, 21, 25, 1, 19, 26, 15, 11, 9, 0, 0, 0], [2, 22, 24, 8, 20, 18, 10, 21, 19, 12, 16, 15, 6, 3, 0], [27, 25, 7, 2, 16, 18, 13, 12, 9, 14, 4, 19, 3, 5, 0], [27, 22, 24, 8, 16, 13, 10, 1, 4, 6, 11, 9, 3, 12, 0], [28, 27, 23, 8, 22, 13, 10, 21, 14, 20, 26, 9, 16, 19, 0], [7, 22, 23, 2, 24, 25, 15, 21, 4, 12, 13, 26, 9, 6, 0], [27, 25, 2, 3, 5, 0, 0, 0, 0, 0, 0, 0, 0, 0, 0], [15, 0, 0, 0, 0, 0, 0, 0, 0, 0, 0, 0, 0, 0, 0]]
valid routes=1.0
norm-reward=0.8350017027349165
[ 45 iterations]
real=[[1, 7, 9, 22, 16, 14, 0, 0, 0, 0, 0, 0, 0, 0, 0], [27, 25, 24, 23, 22, 20, 17, 13, 9, 14, 8, 10, 6, 3, 0], [27, 24, 23, 22, 20, 19, 16, 13, 3, 8, 4, 7, 12, 11, 0], [27, 24, 22, 21, 20, 19, 18, 13, 2, 6, 9, 5, 12, 7, 0], [28, 26, 25, 24, 21, 19, 17, 13, 9, 10, 4, 5, 12, 7, 0], [27, 26, 24, 23, 22, 17, 16, 15, 2, 14, 4, 10, 13, 6, 0], [24, 22, 20, 19, 17, 16, 14, 12, 2, 5, 9, 7, 11, 3, 0], [28, 27, 24, 21, 20, 19, 18, 17, 9, 14, 16, 10, 12, 3, 0], [27, 24, 21, 20, 19, 17, 5, 10, 3, 6, 4, 7, 0, 0, 0], [18, 16, 5, 4, 2, 12, 8, 10, 0, 0, 0, 0, 0, 0, 0]]
gen=[[7, 22, 16, 1, 14, 9, 0, 0, 0, 0, 0, 0, 0, 0, 0], [27, 22, 23, 8, 24, 25, 10, 14, 13, 3, 9, 20, 17, 6, 0], [27, 22, 23, 8, 7, 24, 19, 11, 13, 4, 20, 16, 12, 3, 0], [27, 22, 24, 2, 7, 18, 21, 12, 13, 20, 19, 9, 5, 6, 0], [28, 24, 7, 4, 21, 25, 10, 12, 13, 17, 9, 26, 19, 5, 0], [27, 23, 22, 2, 24, 15, 10, 14, 16, 4, 26, 13, 6, 17, 0], [7, 22, 24, 2, 20, 19, 11, 16, 14, 12, 17, 9, 3, 5, 0], [28, 27, 24, 20, 16, 18, 10, 21, 14, 9, 12, 17, 19, 3, 0], [27, 24, 7, 20, 21, 10, 17, 3, 19, 4, 5, 6, 0, 0, 0], [4, 16, 8, 2, 18, 10, 12, 5, 0, 0, 0, 0, 0, 0, 0]]
valid routes=1.0
norm-reward=0.8400459810215329
[ 46 iterations]
real=[[27, 8, 7, 11, 13, 3, 9, 0, 0, 0, 0, 0, 0, 0, 0], [28, 27, 24, 10, 13, 23, 5, 1, 22, 0, 0, 0, 0, 0, 0], [28, 25, 24, 20, 17, 16, 13, 11, 2, 5, 4, 7, 8, 3, 0], [28, 26, 25, 20, 17, 13, 8, 7, 5, 1, 6, 0, 0, 0, 0], [28, 27, 25, 22, 18, 17, 16, 13, 9, 14, 4, 10, 8, 6, 0], [25, 14, 7, 2, 6, 0, 0, 0, 0, 0, 0, 0, 0, 0, 0], [26, 24, 22, 20, 19, 17, 16, 15, 3, 1, 4, 5, 11, 14, 0], [27, 26, 25, 24, 20, 18, 16, 13, 3, 1, 4, 10, 8, 7, 0], [4, 2, 3, 19, 0, 0, 0, 0, 0, 0, 0, 0, 0, 0, 0], [27, 25, 22, 21, 18, 17, 14, 13, 3, 10, 4, 5, 11, 6, 0]]
gen=[[27, 7, 8, 13, 9, 11, 3, 0, 0, 0, 0, 0, 0, 0, 0], [28, 27, 23, 22, 24, 10, 13, 1, 5, 0, 0, 0, 0, 0, 0], [28, 24, 7, 8, 2, 25, 13, 11, 20, 4, 17, 16, 3, 5, 0], [28, 20, 8, 7, 17, 25, 13, 1, 6, 5, 26, 0, 0, 0, 0], [28, 27, 22, 8, 16, 25, 18, 10, 14, 4, 13, 9, 17, 6, 0], [7, 25, 2, 14, 6, 0, 0, 0, 0, 0, 0, 0, 0, 0, 0], [4, 22, 24, 20, 15, 16, 1, 14, 11, 17, 3, 5, 19, 26, 0], [27, 24, 8, 7, 20, 25, 18, 10, 13, 4, 1, 26, 3, 16, 0], [4, 19, 2, 3, 0, 0, 0, 0, 0, 0, 0, 0, 0, 0, 0], [27, 22, 4, 21, 18, 25, 10, 11, 14, 13, 3, 6, 5, 17, 0]]
valid routes=1.0
norm-reward=0.8362544500905489
[ 47 iterations]
real=[[21, 7, 13, 19, 17, 0, 0, 0, 0, 0, 0, 0, 0, 0, 0], [28, 27, 22, 19, 17, 16, 12, 8, 3, 5, 6, 7, 11, 0, 0], [28, 27, 24, 19, 18, 17, 16, 14, 3, 5, 8, 4, 12, 11, 0], [28, 27, 24, 22, 21, 20, 19, 10, 2, 1, 9, 7, 5, 3, 0], [25, 23, 21, 19, 17, 16, 14, 11, 9, 5, 8, 7, 12, 3, 0], [28, 22, 21, 19, 17, 15, 5, 10, 3, 14, 16, 0, 0, 0, 0], [27, 24, 21, 19, 18, 15, 12, 10, 9, 6, 4, 7, 8, 3, 0], [28, 27, 26, 22, 20, 19, 18, 17, 9, 1, 8, 5, 12, 6, 0], [27, 22, 12, 19, 10, 1, 9, 6, 2, 0, 0, 0, 0, 0, 0], [26, 23, 20, 19, 17, 15, 14, 13, 2, 10, 4, 5, 8, 7, 0]]
gen=[[7, 17, 21, 13, 19, 0, 0, 0, 0, 0, 0, 0, 0, 0, 0], [28, 27, 22, 8, 7, 16, 11, 19, 3, 17, 12, 5, 6, 0, 0], [28, 27, 8, 24, 16, 18, 11, 14, 5, 4, 17, 3, 19, 12, 0], [28, 27, 22, 2, 7, 24, 10, 21, 20, 1, 9, 5, 3, 19, 0], [7, 23, 8, 16, 21, 25, 17, 11, 14, 9, 5, 19, 12, 3, 0], [28, 22, 17, 15, 16, 10, 21, 14, 19, 5, 3, 0, 0, 0, 0], [27, 24, 8, 7, 15, 18, 10, 21, 4, 19, 6, 9, 12, 3, 0], [28, 27, 22, 8, 20, 18, 12, 1, 9, 6, 19, 5, 26, 17, 0], [27, 22, 2, 19, 10, 6, 12, 1, 9, 0, 0, 0, 0, 0, 0], [7, 23, 8, 2, 20, 15, 10, 14, 13, 4, 17, 26, 5, 19, 0]]
valid routes=1.0
norm-reward=0.8379366743749835
[ 48 iterations]
real=[[24, 21, 20, 19, 18, 17, 16, 15, 2, 1, 4, 5, 13, 11, 0], [15, 11, 28, 0, 0, 0, 0, 0, 0, 0, 0, 0, 0, 0, 0], [28, 27, 26, 25, 24, 21, 20, 15, 2, 1, 4, 10, 5, 7, 0], [28, 25, 24, 22, 21, 20, 17, 16, 2, 10, 4, 5, 9, 15, 0], [28, 25, 24, 21, 18, 13, 12, 10, 2, 5, 4, 7, 9, 3, 0], [28, 27, 26, 24, 21, 20, 16, 11, 2, 1, 9, 5, 6, 3, 0], [27, 24, 19, 18, 16, 15, 11, 10, 2, 1, 4, 3, 6, 9, 0], [28, 21, 5, 2, 17, 12, 14, 6, 0, 0, 0, 0, 0, 0, 0], [28, 27, 26, 22, 18, 14, 12, 1, 9, 6, 4, 7, 11, 0, 0], [25, 17, 7, 8, 0, 0, 0, 0, 0, 0, 0, 0, 0, 0, 0]]
gen=[[4, 24, 20, 2, 16, 15, 11, 1, 13, 21, 5, 17, 18, 19, 0], [28, 15, 11, 0, 0, 0, 0, 0, 0, 0, 0, 0, 0, 0, 0], [28, 27, 24, 2, 7, 25, 15, 10, 1, 4, 21, 26, 5, 20, 0], [28, 22, 24, 2, 20, 25, 15, 10, 21, 4, 16, 17, 5, 9, 0], [28, 24, 7, 2, 21, 25, 10, 18, 4, 13, 9, 5, 12, 3, 0], [28, 27, 24, 2, 20, 16, 21, 11, 1, 6, 9, 5, 26, 3, 0], [27, 24, 2, 4, 15, 18, 10, 11, 1, 16, 19, 9, 3, 6, 0], [28, 17, 2, 21, 14, 5, 12, 6, 0, 0, 0, 0, 0, 0, 0], [28, 27, 22, 7, 18, 11, 1, 14, 4, 9, 26, 12, 6, 0, 0], [7, 25, 8, 17, 0, 0, 0, 0, 0, 0, 0, 0, 0, 0, 0]]
valid routes=1.0
norm-reward=0.8391467655288293
[ 49 iterations]
real=[[27, 23, 15, 22, 0, 0, 0, 0, 0, 0, 0, 0, 0, 0, 0], [27, 26, 25, 24, 22, 21, 20, 16, 5, 10, 4, 7, 11, 6, 0], [27, 26, 24, 23, 22, 19, 15, 12, 2, 10, 8, 4, 11, 7, 0], [28, 27, 26, 24, 22, 20, 18, 16, 2, 14, 4, 5, 8, 7, 0], [26, 6, 13, 20, 23, 0, 0, 0, 0, 0, 0, 0, 0, 0, 0], [27, 25, 24, 23, 22, 21, 18, 15, 9, 17, 4, 7, 13, 3, 0], [28, 23, 22, 21, 19, 15, 13, 9, 12, 1, 4, 5, 8, 3, 0], [28, 25, 20, 19, 18, 17, 15, 13, 9, 5, 4, 3, 12, 11, 0], [28, 25, 24, 22, 20, 19, 18, 9, 16, 1, 4, 5, 8, 7, 0], [25, 14, 28, 20, 2, 12, 9, 0, 0, 0, 0, 0, 0, 0, 0]]
gen=[[27, 23, 22, 15, 0, 0, 0, 0, 0, 0, 0, 0, 0, 0, 0], [27, 22, 24, 7, 20, 25, 10, 21, 16, 4, 11, 6, 5, 26, 0], [27, 22, 23, 8, 2, 7, 15, 10, 24, 4, 11, 26, 12, 19, 0], [28, 27, 22, 8, 2, 7, 18, 20, 14, 16, 4, 5, 26, 24, 0], [23, 20, 26, 13, 6, 0, 0, 0, 0, 0, 0, 0, 0, 0, 0], [27, 22, 23, 24, 7, 25, 15, 18, 21, 4, 13, 9, 3, 17, 0], [28, 22, 23, 8, 15, 13, 1, 21, 12, 4, 5, 19, 9, 3, 0], [28, 25, 20, 15, 13, 18, 11, 17, 4, 12, 3, 5, 19, 9, 0], [28, 22, 24, 8, 7, 25, 18, 1, 4, 9, 20, 16, 5, 19, 0], [28, 25, 20, 2, 14, 12, 9, 0, 0, 0, 0, 0, 0, 0, 0]]
valid routes=1.0
norm-reward=0.8355157334149105
