read problem
[ 10 iterations]
real= [[ 6  0  0  0  0  0  0  0  0  0  0  0  0  0  0]
 [26  7 24 18 20 23  4  0  0  0  0  0  0  0  0]
 [10  0  0  0  0  0  0  0  0  0  0  0  0  0  0]
 [17 16 15 18  0  0  0  0  0  0  0  0  0  0  0]
 [ 8  7 27  0  0  0  0  0  0  0  0  0  0  0  0]
 [ 1 28 22  0  0  0  0  0  0  0  0  0  0  0  0]
 [ 4 27  5  0  0  0  0  0  0  0  0  0  0  0  0]
 [ 9 22  0  0  0  0  0  0  0  0  0  0  0  0  0]
 [12 24 11  1  0  0  0  0  0  0  0  0  0  0  0]
 [ 4 12 11  5  0  0  0  0  0  0  0  0  0  0  0]]
gen= [[ 6  0  0  0  0  0  0  0  0  0  0  0  0  0  0]
 [23 18  4  0  0  0  0  0  0  0  0  0  0  0  0]
 [10  0  0  0  0  0  0  0  0  0  0  0  0  0  0]
 [18 17 15  0  0  0  0  0  0  0  0  0  0  0  0]
 [ 7 27  8  0  0  0  0  0  0  0  0  0  0  0  0]
 [22 28  1  0  0  0  0  0  0  0  0  0  0  0  0]
 [ 4  5 27  0  0  0  0  0  0  0  0  0  0  0  0]
 [22  9  0  0  0  0  0  0  0  0  0  0  0  0  0]
 [24 11 12  0  0  0  0  0  0  0  0  0  0  0  0]
 [ 4 12 11  0  0  0  0  0  0  0  0  0  0  0  0]]
valid: gen=0.42
reward: norm=0.9263043915847422
[ 20 iterations]
real= [[ 9 13 22 18  0  0  0  0  0  0  0  0  0  0  0]
 [ 4 27 24 17  9 19  0  0  0  0  0  0  0  0  0]
 [26  0  0  0  0  0  0  0  0  0  0  0  0  0  0]
 [ 9 21 26  4  5  0  0  0  0  0  0  0  0  0  0]
 [ 3 14 28 19  0  0  0  0  0  0  0  0  0  0  0]
 [23 14  3 10 12  9  1  7  0  0  0  0  0  0  0]
 [12 14 24 21 16 23  0  0  0  0  0  0  0  0  0]
 [20  8 28 17  3 15 18  0  0  0  0  0  0  0  0]
 [ 3 14 13 21 11  0  0  0  0  0  0  0  0  0  0]
 [20  8  0  0  0  0  0  0  0  0  0  0  0  0  0]]
gen= [[ 9 13 18 22  0  0  0  0  0  0  0  0  0  0  0]
 [24 19  4 27  0  0  0  0  0  0  0  0  0  0  0]
 [26  0  0  0  0  0  0  0  0  0  0  0  0  0  0]
 [ 4  9  0  0  0  0  0  0  0  0  0  0  0  0  0]
 [14 19 28  3  0  0  0  0  0  0  0  0  0  0  0]
 [ 9  7 14  3 12  1  0  0  0  0  0  0  0  0  0]
 [14 16 21 24 12 23  0  0  0  0  0  0  0  0  0]
 [18  3 28  8 15  0  0  0  0  0  0  0  0  0  0]
 [11 14 13  0  0  0  0  0  0  0  0  0  0  0  0]
 [ 8 20  0  0  0  0  0  0  0  0  0  0  0  0  0]]
valid: gen=0.583
reward: norm=0.9313197761254857
[ 30 iterations]
real= [[ 3 20  0  0  0  0  0  0  0  0  0  0  0  0  0]
 [ 5  1 13  6  0  0  0  0  0  0  0  0  0  0  0]
 [27 10 15  6  0  0  0  0  0  0  0  0  0  0  0]
 [20 24 17 16  0  0  0  0  0  0  0  0  0  0  0]
 [ 7  0  0  0  0  0  0  0  0  0  0  0  0  0  0]
 [25 14 11  0  0  0  0  0  0  0  0  0  0  0  0]
 [28 17 21  1  0  0  0  0  0  0  0  0  0  0  0]
 [20  0  0  0  0  0  0  0  0  0  0  0  0  0  0]
 [ 2  7  0  0  0  0  0  0  0  0  0  0  0  0  0]
 [15 11  0  0  0  0  0  0  0  0  0  0  0  0  0]]
gen= [[ 3 20  0  0  0  0  0  0  0  0  0  0  0  0  0]
 [13  6  1  0  0  0  0  0  0  0  0  0  0  0  0]
 [ 6 10 15 27  0  0  0  0  0  0  0  0  0  0  0]
 [17 16 24  0  0  0  0  0  0  0  0  0  0  0  0]
 [ 7  0  0  0  0  0  0  0  0  0  0  0  0  0  0]
 [11 25 14  0  0  0  0  0  0  0  0  0  0  0  0]
 [28 17 21  1  0  0  0  0  0  0  0  0  0  0  0]
 [20  0  0  0  0  0  0  0  0  0  0  0  0  0  0]
 [ 7  2  0  0  0  0  0  0  0  0  0  0  0  0  0]
 [11 15  0  0  0  0  0  0  0  0  0  0  0  0  0]]
valid: gen=0.527
reward: norm=0.9392506722623766
[ 40 iterations]
real= [[12 22  0  0  0  0  0  0  0  0  0  0  0  0  0]
 [23  0  0  0  0  0  0  0  0  0  0  0  0  0  0]
 [ 6 24  0  0  0  0  0  0  0  0  0  0  0  0  0]
 [27 26  7 18 17 13  9  1  5  0  0  0  0  0  0]
 [26 13  2  0  0  0  0  0  0  0  0  0  0  0  0]
 [25  8 15 26 18  0  0  0  0  0  0  0  0  0  0]
 [ 8 13  0  0  0  0  0  0  0  0  0  0  0  0  0]
 [28 14 21 10  9 19  0  0  0  0  0  0  0  0  0]
 [ 4 17 24  0  0  0  0  0  0  0  0  0  0  0  0]
 [20  6 23  0  0  0  0  0  0  0  0  0  0  0  0]]
gen= [[12 22  0  0  0  0  0  0  0  0  0  0  0  0  0]
 [23  0  0  0  0  0  0  0  0  0  0  0  0  0  0]
 [ 6 24  0  0  0  0  0  0  0  0  0  0  0  0  0]
 [ 7 18 13 26  0  0  0  0  0  0  0  0  0  0  0]
 [13 26  0  0  0  0  0  0  0  0  0  0  0  0  0]
 [25 18 26  8  0  0  0  0  0  0  0  0  0  0  0]
 [13  8  0  0  0  0  0  0  0  0  0  0  0  0  0]
 [28  9 21 14  0  0  0  0  0  0  0  0  0  0  0]
 [ 4 17 24  0  0  0  0  0  0  0  0  0  0  0  0]
 [ 6 20 23  0  0  0  0  0  0  0  0  0  0  0  0]]
valid: gen=0.517
reward: norm=0.9393571088632298
[ 50 iterations]
real= [[ 4 12 16  1  0  0  0  0  0  0  0  0  0  0  0]
 [12 14 13 25 11  0  0  0  0  0  0  0  0  0  0]
 [25  7  6  0  0  0  0  0  0  0  0  0  0  0  0]
 [12 17 16  3  1  9  0  0  0  0  0  0  0  0  0]
 [13  0  0  0  0  0  0  0  0  0  0  0  0  0  0]
 [20  7 13 21 10  3  0  0  0  0  0  0  0  0  0]
 [16  0  0  0  0  0  0  0  0  0  0  0  0  0  0]
 [12  0  0  0  0  0  0  0  0  0  0  0  0  0  0]
 [ 2 17 13 18  9  0  0  0  0  0  0  0  0  0  0]
 [27 20  5  4 15 19  1  7  0  0  0  0  0  0  0]]
gen= [[ 4 12  1 16  0  0  0  0  0  0  0  0  0  0  0]
 [11 25 12  0  0  0  0  0  0  0  0  0  0  0  0]
 [ 7 25  0  0  0  0  0  0  0  0  0  0  0  0  0]
 [12  3 17  9 16  0  0  0  0  0  0  0  0  0  0]
 [13  0  0  0  0  0  0  0  0  0  0  0  0  0  0]
 [ 7  3 13 10 21 20  0  0  0  0  0  0  0  0  0]
 [16  0  0  0  0  0  0  0  0  0  0  0  0  0  0]
 [12  0  0  0  0  0  0  0  0  0  0  0  0  0  0]
 [18 13 17  9  2  0  0  0  0  0  0  0  0  0  0]
 [ 7  4  0  0  0  0  0  0  0  0  0  0  0  0  0]]
valid: gen=0.606
reward: norm=0.9377352679069066
[ 60 iterations]
real= [[ 6  0  0  0  0  0  0  0  0  0  0  0  0  0  0]
 [26  7 24 18 20 23  4  0  0  0  0  0  0  0  0]
 [10  0  0  0  0  0  0  0  0  0  0  0  0  0  0]
 [17 16 15 18  0  0  0  0  0  0  0  0  0  0  0]
 [ 8  7 27  0  0  0  0  0  0  0  0  0  0  0  0]
 [ 1 28 22  0  0  0  0  0  0  0  0  0  0  0  0]
 [ 4 27  5  0  0  0  0  0  0  0  0  0  0  0  0]
 [ 9 22  0  0  0  0  0  0  0  0  0  0  0  0  0]
 [12 24 11  1  0  0  0  0  0  0  0  0  0  0  0]
 [ 4 12 11  5  0  0  0  0  0  0  0  0  0  0  0]]
gen= [[ 6  0  0  0  0  0  0  0  0  0  0  0  0  0  0]
 [18  4  7  0  0  0  0  0  0  0  0  0  0  0  0]
 [10  0  0  0  0  0  0  0  0  0  0  0  0  0  0]
 [18 15 17  0  0  0  0  0  0  0  0  0  0  0  0]
 [ 7 27  8  0  0  0  0  0  0  0  0  0  0  0  0]
 [28 22  1  0  0  0  0  0  0  0  0  0  0  0  0]
 [ 4  5 27  0  0  0  0  0  0  0  0  0  0  0  0]
 [ 9 22  0  0  0  0  0  0  0  0  0  0  0  0  0]
 [12 11 24  0  0  0  0  0  0  0  0  0  0  0  0]
 [ 4 11 12  0  0  0  0  0  0  0  0  0  0  0  0]]
valid: gen=0.421
reward: norm=0.9279910158714252
[ 70 iterations]
real= [[ 9 13 22 18  0  0  0  0  0  0  0  0  0  0  0]
 [ 4 27 24 17  9 19  0  0  0  0  0  0  0  0  0]
 [26  0  0  0  0  0  0  0  0  0  0  0  0  0  0]
 [ 9 21 26  4  5  0  0  0  0  0  0  0  0  0  0]
 [ 3 14 28 19  0  0  0  0  0  0  0  0  0  0  0]
 [23 14  3 10 12  9  1  7  0  0  0  0  0  0  0]
 [12 14 24 21 16 23  0  0  0  0  0  0  0  0  0]
 [20  8 28 17  3 15 18  0  0  0  0  0  0  0  0]
 [ 3 14 13 21 11  0  0  0  0  0  0  0  0  0  0]
 [20  8  0  0  0  0  0  0  0  0  0  0  0  0  0]]
gen= [[18 13 22  0  0  0  0  0  0  0  0  0  0  0  0]
 [ 4 27 17  9 19  0  0  0  0  0  0  0  0  0  0]
 [26  0  0  0  0  0  0  0  0  0  0  0  0  0  0]
 [ 4 26  9  5  0  0  0  0  0  0  0  0  0  0  0]
 [28  3 14 19  0  0  0  0  0  0  0  0  0  0  0]
 [ 3 12 14  7  9  0  0  0  0  0  0  0  0  0  0]
 [12 14 24 21 23  0  0  0  0  0  0  0  0  0  0]
 [18  3 28 15 20  0  0  0  0  0  0  0  0  0  0]
 [11  3 14 21  0  0  0  0  0  0  0  0  0  0  0]
 [20  8  0  0  0  0  0  0  0  0  0  0  0  0  0]]
valid: gen=0.583
reward: norm=0.9410322350168024
[ 80 iterations]
real= [[ 3 20  0  0  0  0  0  0  0  0  0  0  0  0  0]
 [ 5  1 13  6  0  0  0  0  0  0  0  0  0  0  0]
 [27 10 15  6  0  0  0  0  0  0  0  0  0  0  0]
 [20 24 17 16  0  0  0  0  0  0  0  0  0  0  0]
 [ 7  0  0  0  0  0  0  0  0  0  0  0  0  0  0]
 [25 14 11  0  0  0  0  0  0  0  0  0  0  0  0]
 [28 17 21  1  0  0  0  0  0  0  0  0  0  0  0]
 [20  0  0  0  0  0  0  0  0  0  0  0  0  0  0]
 [ 2  7  0  0  0  0  0  0  0  0  0  0  0  0  0]
 [15 11  0  0  0  0  0  0  0  0  0  0  0  0  0]]
gen= [[ 3 20  0  0  0  0  0  0  0  0  0  0  0  0  0]
 [13  6  1  0  0  0  0  0  0  0  0  0  0  0  0]
 [15  6 10 27  0  0  0  0  0  0  0  0  0  0  0]
 [17 20 24  0  0  0  0  0  0  0  0  0  0  0  0]
 [ 7  0  0  0  0  0  0  0  0  0  0  0  0  0  0]
 [11 14 25  0  0  0  0  0  0  0  0  0  0  0  0]
 [28 17 21  1  0  0  0  0  0  0  0  0  0  0  0]
 [20  0  0  0  0  0  0  0  0  0  0  0  0  0  0]
 [ 7  2  0  0  0  0  0  0  0  0  0  0  0  0  0]
 [11 15  0  0  0  0  0  0  0  0  0  0  0  0  0]]
valid: gen=0.53
reward: norm=0.9516546085019453
[ 90 iterations]
real= [[12 22  0  0  0  0  0  0  0  0  0  0  0  0  0]
 [23  0  0  0  0  0  0  0  0  0  0  0  0  0  0]
 [ 6 24  0  0  0  0  0  0  0  0  0  0  0  0  0]
 [27 26  7 18 17 13  9  1  5  0  0  0  0  0  0]
 [26 13  2  0  0  0  0  0  0  0  0  0  0  0  0]
 [25  8 15 26 18  0  0  0  0  0  0  0  0  0  0]
 [ 8 13  0  0  0  0  0  0  0  0  0  0  0  0  0]
 [28 14 21 10  9 19  0  0  0  0  0  0  0  0  0]
 [ 4 17 24  0  0  0  0  0  0  0  0  0  0  0  0]
 [20  6 23  0  0  0  0  0  0  0  0  0  0  0  0]]
gen= [[12 22  0  0  0  0  0  0  0  0  0  0  0  0  0]
 [23  0  0  0  0  0  0  0  0  0  0  0  0  0  0]
 [24  6  0  0  0  0  0  0  0  0  0  0  0  0  0]
 [18 26 13  7  0  0  0  0  0  0  0  0  0  0  0]
 [26 13  2  0  0  0  0  0  0  0  0  0  0  0  0]
 [18 26 15 25  0  0  0  0  0  0  0  0  0  0  0]
 [13  8  0  0  0  0  0  0  0  0  0  0  0  0  0]
 [14 28 19  9  0  0  0  0  0  0  0  0  0  0  0]
 [ 4 24 17  0  0  0  0  0  0  0  0  0  0  0  0]
 [23  6 20  0  0  0  0  0  0  0  0  0  0  0  0]]
valid: gen=0.517
reward: norm=0.9534215512567195
[ 100 iterations]
real= [[ 4 12 16  1  0  0  0  0  0  0  0  0  0  0  0]
 [12 14 13 25 11  0  0  0  0  0  0  0  0  0  0]
 [25  7  6  0  0  0  0  0  0  0  0  0  0  0  0]
 [12 17 16  3  1  9  0  0  0  0  0  0  0  0  0]
 [13  0  0  0  0  0  0  0  0  0  0  0  0  0  0]
 [20  7 13 21 10  3  0  0  0  0  0  0  0  0  0]
 [16  0  0  0  0  0  0  0  0  0  0  0  0  0  0]
 [12  0  0  0  0  0  0  0  0  0  0  0  0  0  0]
 [ 2 17 13 18  9  0  0  0  0  0  0  0  0  0  0]
 [27 20  5  4 15 19  1  7  0  0  0  0  0  0  0]]
gen= [[ 4 12 16  1  0  0  0  0  0  0  0  0  0  0  0]
 [12 14 11 25  0  0  0  0  0  0  0  0  0  0  0]
 [ 7  6 25  0  0  0  0  0  0  0  0  0  0  0  0]
 [ 3 12 17 16  9  0  0  0  0  0  0  0  0  0  0]
 [13  0  0  0  0  0  0  0  0  0  0  0  0  0  0]
 [ 3 13  7 20  0  0  0  0  0  0  0  0  0  0  0]
 [16  0  0  0  0  0  0  0  0  0  0  0  0  0  0]
 [12  0  0  0  0  0  0  0  0  0  0  0  0  0  0]
 [18 13 17  9  2  0  0  0  0  0  0  0  0  0  0]
 [ 4 15  7  5 19 20  0  0  0  0  0  0  0  0  0]]
valid: gen=0.598
reward: norm=0.9515477779172974
[ 110 iterations]
real= [[ 6  0  0  0  0  0  0  0  0  0  0  0  0  0  0]
 [26  7 24 18 20 23  4  0  0  0  0  0  0  0  0]
 [10  0  0  0  0  0  0  0  0  0  0  0  0  0  0]
 [17 16 15 18  0  0  0  0  0  0  0  0  0  0  0]
 [ 8  7 27  0  0  0  0  0  0  0  0  0  0  0  0]
 [ 1 28 22  0  0  0  0  0  0  0  0  0  0  0  0]
 [ 4 27  5  0  0  0  0  0  0  0  0  0  0  0  0]
 [ 9 22  0  0  0  0  0  0  0  0  0  0  0  0  0]
 [12 24 11  1  0  0  0  0  0  0  0  0  0  0  0]
 [ 4 12 11  5  0  0  0  0  0  0  0  0  0  0  0]]
gen= [[ 6  0  0  0  0  0  0  0  0  0  0  0  0  0  0]
 [18  4 26  0  0  0  0  0  0  0  0  0  0  0  0]
 [10  0  0  0  0  0  0  0  0  0  0  0  0  0  0]
 [18 15 16  0  0  0  0  0  0  0  0  0  0  0  0]
 [ 7 27  8  0  0  0  0  0  0  0  0  0  0  0  0]
 [28  1 22  0  0  0  0  0  0  0  0  0  0  0  0]
 [ 4 27  5  0  0  0  0  0  0  0  0  0  0  0  0]
 [ 9 22  0  0  0  0  0  0  0  0  0  0  0  0  0]
 [12 11 24  0  0  0  0  0  0  0  0  0  0  0  0]
 [ 4 12 11  0  0  0  0  0  0  0  0  0  0  0  0]]
valid: gen=0.416
reward: norm=0.9354543763813021
[ 120 iterations]
real= [[ 9 13 22 18  0  0  0  0  0  0  0  0  0  0  0]
 [ 4 27 24 17  9 19  0  0  0  0  0  0  0  0  0]
 [26  0  0  0  0  0  0  0  0  0  0  0  0  0  0]
 [ 9 21 26  4  5  0  0  0  0  0  0  0  0  0  0]
 [ 3 14 28 19  0  0  0  0  0  0  0  0  0  0  0]
 [23 14  3 10 12  9  1  7  0  0  0  0  0  0  0]
 [12 14 24 21 16 23  0  0  0  0  0  0  0  0  0]
 [20  8 28 17  3 15 18  0  0  0  0  0  0  0  0]
 [ 3 14 13 21 11  0  0  0  0  0  0  0  0  0  0]
 [20  8  0  0  0  0  0  0  0  0  0  0  0  0  0]]
gen= [[18 13 22  0  0  0  0  0  0  0  0  0  0  0  0]
 [ 4  9 27 19  0  0  0  0  0  0  0  0  0  0  0]
 [26  0  0  0  0  0  0  0  0  0  0  0  0  0  0]
 [ 4 26  5  9  0  0  0  0  0  0  0  0  0  0  0]
 [14  3 28 19  0  0  0  0  0  0  0  0  0  0  0]
 [ 3 14 12  7  9  0  0  0  0  0  0  0  0  0  0]
 [14 12 16 23  0  0  0  0  0  0  0  0  0  0  0]
 [18  3 28 15 20  0  0  0  0  0  0  0  0  0  0]
 [ 3 14 11  0  0  0  0  0  0  0  0  0  0  0  0]
 [ 8 20  0  0  0  0  0  0  0  0  0  0  0  0  0]]
valid: gen=0.561
reward: norm=0.9482755345245724
[ 130 iterations]
real= [[ 3 20  0  0  0  0  0  0  0  0  0  0  0  0  0]
 [ 5  1 13  6  0  0  0  0  0  0  0  0  0  0  0]
 [27 10 15  6  0  0  0  0  0  0  0  0  0  0  0]
 [20 24 17 16  0  0  0  0  0  0  0  0  0  0  0]
 [ 7  0  0  0  0  0  0  0  0  0  0  0  0  0  0]
 [25 14 11  0  0  0  0  0  0  0  0  0  0  0  0]
 [28 17 21  1  0  0  0  0  0  0  0  0  0  0  0]
 [20  0  0  0  0  0  0  0  0  0  0  0  0  0  0]
 [ 2  7  0  0  0  0  0  0  0  0  0  0  0  0  0]
 [15 11  0  0  0  0  0  0  0  0  0  0  0  0  0]]
gen= [[ 3 20  0  0  0  0  0  0  0  0  0  0  0  0  0]
 [13  5  1  0  0  0  0  0  0  0  0  0  0  0  0]
 [15 27  6  0  0  0  0  0  0  0  0  0  0  0  0]
 [17 20 24  0  0  0  0  0  0  0  0  0  0  0  0]
 [ 7  0  0  0  0  0  0  0  0  0  0  0  0  0  0]
 [14 11 25  0  0  0  0  0  0  0  0  0  0  0  0]
 [28 17  1  0  0  0  0  0  0  0  0  0  0  0  0]
 [20  0  0  0  0  0  0  0  0  0  0  0  0  0  0]
 [ 7  2  0  0  0  0  0  0  0  0  0  0  0  0  0]
 [11 15  0  0  0  0  0  0  0  0  0  0  0  0  0]]
valid: gen=0.521
reward: norm=0.9512789011036493
[ 140 iterations]
real= [[12 22  0  0  0  0  0  0  0  0  0  0  0  0  0]
 [23  0  0  0  0  0  0  0  0  0  0  0  0  0  0]
 [ 6 24  0  0  0  0  0  0  0  0  0  0  0  0  0]
 [27 26  7 18 17 13  9  1  5  0  0  0  0  0  0]
 [26 13  2  0  0  0  0  0  0  0  0  0  0  0  0]
 [25  8 15 26 18  0  0  0  0  0  0  0  0  0  0]
 [ 8 13  0  0  0  0  0  0  0  0  0  0  0  0  0]
 [28 14 21 10  9 19  0  0  0  0  0  0  0  0  0]
 [ 4 17 24  0  0  0  0  0  0  0  0  0  0  0  0]
 [20  6 23  0  0  0  0  0  0  0  0  0  0  0  0]]
gen= [[12 22  0  0  0  0  0  0  0  0  0  0  0  0  0]
 [23  0  0  0  0  0  0  0  0  0  0  0  0  0  0]
 [24  6  0  0  0  0  0  0  0  0  0  0  0  0  0]
 [18 26 13  7  0  0  0  0  0  0  0  0  0  0  0]
 [26 13  2  0  0  0  0  0  0  0  0  0  0  0  0]
 [18 26 15  8  0  0  0  0  0  0  0  0  0  0  0]
 [13  8  0  0  0  0  0  0  0  0  0  0  0  0  0]
 [14 28  9 19  0  0  0  0  0  0  0  0  0  0  0]
 [ 4 24 17  0  0  0  0  0  0  0  0  0  0  0  0]
 [ 6 23 20  0  0  0  0  0  0  0  0  0  0  0  0]]
valid: gen=0.503
reward: norm=0.9535068195329581
[ 150 iterations]
real= [[ 4 12 16  1  0  0  0  0  0  0  0  0  0  0  0]
 [12 14 13 25 11  0  0  0  0  0  0  0  0  0  0]
 [25  7  6  0  0  0  0  0  0  0  0  0  0  0  0]
 [12 17 16  3  1  9  0  0  0  0  0  0  0  0  0]
 [13  0  0  0  0  0  0  0  0  0  0  0  0  0  0]
 [20  7 13 21 10  3  0  0  0  0  0  0  0  0  0]
 [16  0  0  0  0  0  0  0  0  0  0  0  0  0  0]
 [12  0  0  0  0  0  0  0  0  0  0  0  0  0  0]
 [ 2 17 13 18  9  0  0  0  0  0  0  0  0  0  0]
 [27 20  5  4 15 19  1  7  0  0  0  0  0  0  0]]
gen= [[ 4 12  1 16  0  0  0  0  0  0  0  0  0  0  0]
 [14 12 11 25  0  0  0  0  0  0  0  0  0  0  0]
 [ 7 25  0  0  0  0  0  0  0  0  0  0  0  0  0]
 [ 3 12  1  9 16  0  0  0  0  0  0  0  0  0  0]
 [13  0  0  0  0  0  0  0  0  0  0  0  0  0  0]
 [ 3 13  7 20  0  0  0  0  0  0  0  0  0  0  0]
 [16  0  0  0  0  0  0  0  0  0  0  0  0  0  0]
 [12  0  0  0  0  0  0  0  0  0  0  0  0  0  0]
 [18 13 17  2  0  0  0  0  0  0  0  0  0  0  0]
 [ 4 15 27  7 19  1  0  0  0  0  0  0  0  0  0]]
valid: gen=0.558
reward: norm=0.9467116652528365
[ 160 iterations]
real= [[ 6  0  0  0  0  0  0  0  0  0  0  0  0  0  0]
 [26  7 24 18 20 23  4  0  0  0  0  0  0  0  0]
 [10  0  0  0  0  0  0  0  0  0  0  0  0  0  0]
 [17 16 15 18  0  0  0  0  0  0  0  0  0  0  0]
 [ 8  7 27  0  0  0  0  0  0  0  0  0  0  0  0]
 [ 1 28 22  0  0  0  0  0  0  0  0  0  0  0  0]
 [ 4 27  5  0  0  0  0  0  0  0  0  0  0  0  0]
 [ 9 22  0  0  0  0  0  0  0  0  0  0  0  0  0]
 [12 24 11  1  0  0  0  0  0  0  0  0  0  0  0]
 [ 4 12 11  5  0  0  0  0  0  0  0  0  0  0  0]]
gen= [[ 6  0  0  0  0  0  0  0  0  0  0  0  0  0  0]
 [18  4 26  0  0  0  0  0  0  0  0  0  0  0  0]
 [10  0  0  0  0  0  0  0  0  0  0  0  0  0  0]
 [18 15 16  0  0  0  0  0  0  0  0  0  0  0  0]
 [ 8 27  7  0  0  0  0  0  0  0  0  0  0  0  0]
 [28 22  1  0  0  0  0  0  0  0  0  0  0  0  0]
 [ 4 27  5  0  0  0  0  0  0  0  0  0  0  0  0]
 [ 9 22  0  0  0  0  0  0  0  0  0  0  0  0  0]
 [12 11 24  0  0  0  0  0  0  0  0  0  0  0  0]
 [ 4 12 11  0  0  0  0  0  0  0  0  0  0  0  0]]
valid: gen=0.415
reward: norm=0.9409326701149968
[ 170 iterations]
real= [[ 9 13 22 18  0  0  0  0  0  0  0  0  0  0  0]
 [ 4 27 24 17  9 19  0  0  0  0  0  0  0  0  0]
 [26  0  0  0  0  0  0  0  0  0  0  0  0  0  0]
 [ 9 21 26  4  5  0  0  0  0  0  0  0  0  0  0]
 [ 3 14 28 19  0  0  0  0  0  0  0  0  0  0  0]
 [23 14  3 10 12  9  1  7  0  0  0  0  0  0  0]
 [12 14 24 21 16 23  0  0  0  0  0  0  0  0  0]
 [20  8 28 17  3 15 18  0  0  0  0  0  0  0  0]
 [ 3 14 13 21 11  0  0  0  0  0  0  0  0  0  0]
 [20  8  0  0  0  0  0  0  0  0  0  0  0  0  0]]
gen= [[18 13  9 22  0  0  0  0  0  0  0  0  0  0  0]
 [ 4 27  9 19 17 24  0  0  0  0  0  0  0  0  0]
 [26  0  0  0  0  0  0  0  0  0  0  0  0  0  0]
 [ 4 26  9  5  0  0  0  0  0  0  0  0  0  0  0]
 [ 3 14 28 19  0  0  0  0  0  0  0  0  0  0  0]
 [ 3 14 12  9  0  0  0  0  0  0  0  0  0  0  0]
 [12 14 23 24  0  0  0  0  0  0  0  0  0  0  0]
 [18  3 15 28  8 20  0  0  0  0  0  0  0  0  0]
 [ 3 14 11  0  0  0  0  0  0  0  0  0  0  0  0]
 [ 8 20  0  0  0  0  0  0  0  0  0  0  0  0  0]]
valid: gen=0.565
reward: norm=0.9473496777604765
[ 180 iterations]
real= [[ 3 20  0  0  0  0  0  0  0  0  0  0  0  0  0]
 [ 5  1 13  6  0  0  0  0  0  0  0  0  0  0  0]
 [27 10 15  6  0  0  0  0  0  0  0  0  0  0  0]
 [20 24 17 16  0  0  0  0  0  0  0  0  0  0  0]
 [ 7  0  0  0  0  0  0  0  0  0  0  0  0  0  0]
 [25 14 11  0  0  0  0  0  0  0  0  0  0  0  0]
 [28 17 21  1  0  0  0  0  0  0  0  0  0  0  0]
 [20  0  0  0  0  0  0  0  0  0  0  0  0  0  0]
 [ 2  7  0  0  0  0  0  0  0  0  0  0  0  0  0]
 [15 11  0  0  0  0  0  0  0  0  0  0  0  0  0]]
gen= [[ 3 20  0  0  0  0  0  0  0  0  0  0  0  0  0]
 [13  5  1  0  0  0  0  0  0  0  0  0  0  0  0]
 [15 27  6  0  0  0  0  0  0  0  0  0  0  0  0]
 [20 16 24  0  0  0  0  0  0  0  0  0  0  0  0]
 [ 7  0  0  0  0  0  0  0  0  0  0  0  0  0  0]
 [14 11 25  0  0  0  0  0  0  0  0  0  0  0  0]
 [28  1 21 17  0  0  0  0  0  0  0  0  0  0  0]
 [20  0  0  0  0  0  0  0  0  0  0  0  0  0  0]
 [ 7  2  0  0  0  0  0  0  0  0  0  0  0  0  0]
 [15 11  0  0  0  0  0  0  0  0  0  0  0  0  0]]
valid: gen=0.536
reward: norm=0.9537342144179178
[ 190 iterations]
real= [[12 22  0  0  0  0  0  0  0  0  0  0  0  0  0]
 [23  0  0  0  0  0  0  0  0  0  0  0  0  0  0]
 [ 6 24  0  0  0  0  0  0  0  0  0  0  0  0  0]
 [27 26  7 18 17 13  9  1  5  0  0  0  0  0  0]
 [26 13  2  0  0  0  0  0  0  0  0  0  0  0  0]
 [25  8 15 26 18  0  0  0  0  0  0  0  0  0  0]
 [ 8 13  0  0  0  0  0  0  0  0  0  0  0  0  0]
 [28 14 21 10  9 19  0  0  0  0  0  0  0  0  0]
 [ 4 17 24  0  0  0  0  0  0  0  0  0  0  0  0]
 [20  6 23  0  0  0  0  0  0  0  0  0  0  0  0]]
gen= [[12 22  0  0  0  0  0  0  0  0  0  0  0  0  0]
 [23  0  0  0  0  0  0  0  0  0  0  0  0  0  0]
 [ 6 24  0  0  0  0  0  0  0  0  0  0  0  0  0]
 [18 26 27  9  0  0  0  0  0  0  0  0  0  0  0]
 [26 13  2  0  0  0  0  0  0  0  0  0  0  0  0]
 [18 26 15  8  0  0  0  0  0  0  0  0  0  0  0]
 [ 8 13  0  0  0  0  0  0  0  0  0  0  0  0  0]
 [14 28  9 19  0  0  0  0  0  0  0  0  0  0  0]
 [ 4 17 24  0  0  0  0  0  0  0  0  0  0  0  0]
 [23  6 20  0  0  0  0  0  0  0  0  0  0  0  0]]
valid: gen=0.514
reward: norm=0.9543684201687187
[ 200 iterations]
real= [[ 4 12 16  1  0  0  0  0  0  0  0  0  0  0  0]
 [12 14 13 25 11  0  0  0  0  0  0  0  0  0  0]
 [25  7  6  0  0  0  0  0  0  0  0  0  0  0  0]
 [12 17 16  3  1  9  0  0  0  0  0  0  0  0  0]
 [13  0  0  0  0  0  0  0  0  0  0  0  0  0  0]
 [20  7 13 21 10  3  0  0  0  0  0  0  0  0  0]
 [16  0  0  0  0  0  0  0  0  0  0  0  0  0  0]
 [12  0  0  0  0  0  0  0  0  0  0  0  0  0  0]
 [ 2 17 13 18  9  0  0  0  0  0  0  0  0  0  0]
 [27 20  5  4 15 19  1  7  0  0  0  0  0  0  0]]
gen= [[ 4 12 16  1  0  0  0  0  0  0  0  0  0  0  0]
 [14 12 11 25  0  0  0  0  0  0  0  0  0  0  0]
 [ 7  6 25  0  0  0  0  0  0  0  0  0  0  0  0]
 [ 3 12  9 16 17  0  0  0  0  0  0  0  0  0  0]
 [13  0  0  0  0  0  0  0  0  0  0  0  0  0  0]
 [ 3  7 13 20  0  0  0  0  0  0  0  0  0  0  0]
 [16  0  0  0  0  0  0  0  0  0  0  0  0  0  0]
 [12  0  0  0  0  0  0  0  0  0  0  0  0  0  0]
 [18  9 13 17  0  0  0  0  0  0  0  0  0  0  0]
 [ 4 15 27 19  7  0  0  0  0  0  0  0  0  0  0]]
valid: gen=0.581
reward: norm=0.9495930903349971
[ 210 iterations]
real= [[ 6  0  0  0  0  0  0  0  0  0  0  0  0  0  0]
 [26  7 24 18 20 23  4  0  0  0  0  0  0  0  0]
 [10  0  0  0  0  0  0  0  0  0  0  0  0  0  0]
 [17 16 15 18  0  0  0  0  0  0  0  0  0  0  0]
 [ 8  7 27  0  0  0  0  0  0  0  0  0  0  0  0]
 [ 1 28 22  0  0  0  0  0  0  0  0  0  0  0  0]
 [ 4 27  5  0  0  0  0  0  0  0  0  0  0  0  0]
 [ 9 22  0  0  0  0  0  0  0  0  0  0  0  0  0]
 [12 24 11  1  0  0  0  0  0  0  0  0  0  0  0]
 [ 4 12 11  5  0  0  0  0  0  0  0  0  0  0  0]]
gen= [[ 6  0  0  0  0  0  0  0  0  0  0  0  0  0  0]
 [18  4 26  0  0  0  0  0  0  0  0  0  0  0  0]
 [10  0  0  0  0  0  0  0  0  0  0  0  0  0  0]
 [18 15 16  0  0  0  0  0  0  0  0  0  0  0  0]
 [ 8 27  7  0  0  0  0  0  0  0  0  0  0  0  0]
 [28 22  1  0  0  0  0  0  0  0  0  0  0  0  0]
 [ 4 27  5  0  0  0  0  0  0  0  0  0  0  0  0]
 [ 9 22  0  0  0  0  0  0  0  0  0  0  0  0  0]
 [12 11 24  0  0  0  0  0  0  0  0  0  0  0  0]
 [ 4 12 11  0  0  0  0  0  0  0  0  0  0  0  0]]
valid: gen=0.414
reward: norm=0.9419665898626728
[ 220 iterations]
real= [[ 9 13 22 18  0  0  0  0  0  0  0  0  0  0  0]
 [ 4 27 24 17  9 19  0  0  0  0  0  0  0  0  0]
 [26  0  0  0  0  0  0  0  0  0  0  0  0  0  0]
 [ 9 21 26  4  5  0  0  0  0  0  0  0  0  0  0]
 [ 3 14 28 19  0  0  0  0  0  0  0  0  0  0  0]
 [23 14  3 10 12  9  1  7  0  0  0  0  0  0  0]
 [12 14 24 21 16 23  0  0  0  0  0  0  0  0  0]
 [20  8 28 17  3 15 18  0  0  0  0  0  0  0  0]
 [ 3 14 13 21 11  0  0  0  0  0  0  0  0  0  0]
 [20  8  0  0  0  0  0  0  0  0  0  0  0  0  0]]
gen= [[18  9 13 22  0  0  0  0  0  0  0  0  0  0  0]
 [ 4 27  9  0  0  0  0  0  0  0  0  0  0  0  0]
 [26  0  0  0  0  0  0  0  0  0  0  0  0  0  0]
 [ 4 26  9  0  0  0  0  0  0  0  0  0  0  0  0]
 [ 3 14 28 19  0  0  0  0  0  0  0  0  0  0  0]
 [ 3 14 12 10  7 23  0  0  0  0  0  0  0  0  0]
 [14 12 21 16  0  0  0  0  0  0  0  0  0  0  0]
 [18  3 15  8 28 20  0  0  0  0  0  0  0  0  0]
 [ 3 14 11  0  0  0  0  0  0  0  0  0  0  0  0]
 [ 8 20  0  0  0  0  0  0  0  0  0  0  0  0  0]]
valid: gen=0.579
reward: norm=0.9519282739334873
[ 230 iterations]
real= [[ 3 20  0  0  0  0  0  0  0  0  0  0  0  0  0]
 [ 5  1 13  6  0  0  0  0  0  0  0  0  0  0  0]
 [27 10 15  6  0  0  0  0  0  0  0  0  0  0  0]
 [20 24 17 16  0  0  0  0  0  0  0  0  0  0  0]
 [ 7  0  0  0  0  0  0  0  0  0  0  0  0  0  0]
 [25 14 11  0  0  0  0  0  0  0  0  0  0  0  0]
 [28 17 21  1  0  0  0  0  0  0  0  0  0  0  0]
 [20  0  0  0  0  0  0  0  0  0  0  0  0  0  0]
 [ 2  7  0  0  0  0  0  0  0  0  0  0  0  0  0]
 [15 11  0  0  0  0  0  0  0  0  0  0  0  0  0]]
gen= [[ 3 20  0  0  0  0  0  0  0  0  0  0  0  0  0]
 [13  5  1  0  0  0  0  0  0  0  0  0  0  0  0]
 [15 27 10  0  0  0  0  0  0  0  0  0  0  0  0]
 [20 24 17 16  0  0  0  0  0  0  0  0  0  0  0]
 [ 7  0  0  0  0  0  0  0  0  0  0  0  0  0  0]
 [14 11 25  0  0  0  0  0  0  0  0  0  0  0  0]
 [28 17 21  1  0  0  0  0  0  0  0  0  0  0  0]
 [20  0  0  0  0  0  0  0  0  0  0  0  0  0  0]
 [ 7  2  0  0  0  0  0  0  0  0  0  0  0  0  0]
 [15 11  0  0  0  0  0  0  0  0  0  0  0  0  0]]
valid: gen=0.536
reward: norm=0.9572321464548746
[ 240 iterations]
real= [[12 22  0  0  0  0  0  0  0  0  0  0  0  0  0]
 [23  0  0  0  0  0  0  0  0  0  0  0  0  0  0]
 [ 6 24  0  0  0  0  0  0  0  0  0  0  0  0  0]
 [27 26  7 18 17 13  9  1  5  0  0  0  0  0  0]
 [26 13  2  0  0  0  0  0  0  0  0  0  0  0  0]
 [25  8 15 26 18  0  0  0  0  0  0  0  0  0  0]
 [ 8 13  0  0  0  0  0  0  0  0  0  0  0  0  0]
 [28 14 21 10  9 19  0  0  0  0  0  0  0  0  0]
 [ 4 17 24  0  0  0  0  0  0  0  0  0  0  0  0]
 [20  6 23  0  0  0  0  0  0  0  0  0  0  0  0]]
gen= [[12 22  0  0  0  0  0  0  0  0  0  0  0  0  0]
 [23  0  0  0  0  0  0  0  0  0  0  0  0  0  0]
 [ 6 24  0  0  0  0  0  0  0  0  0  0  0  0  0]
 [18 26 27  9  0  0  0  0  0  0  0  0  0  0  0]
 [26 13  2  0  0  0  0  0  0  0  0  0  0  0  0]
 [18 26 15  8  0  0  0  0  0  0  0  0  0  0  0]
 [ 8 13  0  0  0  0  0  0  0  0  0  0  0  0  0]
 [14 28  9 19  0  0  0  0  0  0  0  0  0  0  0]
 [ 4 24 17  0  0  0  0  0  0  0  0  0  0  0  0]
 [ 6 23 20  0  0  0  0  0  0  0  0  0  0  0  0]]
valid: gen=0.508
reward: norm=0.9546931184777808
[ 250 iterations]
real= [[ 4 12 16  1  0  0  0  0  0  0  0  0  0  0  0]
 [12 14 13 25 11  0  0  0  0  0  0  0  0  0  0]
 [25  7  6  0  0  0  0  0  0  0  0  0  0  0  0]
 [12 17 16  3  1  9  0  0  0  0  0  0  0  0  0]
 [13  0  0  0  0  0  0  0  0  0  0  0  0  0  0]
 [20  7 13 21 10  3  0  0  0  0  0  0  0  0  0]
 [16  0  0  0  0  0  0  0  0  0  0  0  0  0  0]
 [12  0  0  0  0  0  0  0  0  0  0  0  0  0  0]
 [ 2 17 13 18  9  0  0  0  0  0  0  0  0  0  0]
 [27 20  5  4 15 19  1  7  0  0  0  0  0  0  0]]
gen= [[12  4 16  1  0  0  0  0  0  0  0  0  0  0  0]
 [14 12  0  0  0  0  0  0  0  0  0  0  0  0  0]
 [ 7  6 25  0  0  0  0  0  0  0  0  0  0  0  0]
 [ 3 12  0  0  0  0  0  0  0  0  0  0  0  0  0]
 [13  0  0  0  0  0  0  0  0  0  0  0  0  0  0]
 [ 3  7 10 20  0  0  0  0  0  0  0  0  0  0  0]
 [16  0  0  0  0  0  0  0  0  0  0  0  0  0  0]
 [12  0  0  0  0  0  0  0  0  0  0  0  0  0  0]
 [18  9 13 17  0  0  0  0  0  0  0  0  0  0  0]
 [ 4 15 27  5 20  7  0  0  0  0  0  0  0  0  0]]
valid: gen=0.568
reward: norm=0.9465373652711636
[ 260 iterations]
real= [[ 6  0  0  0  0  0  0  0  0  0  0  0  0  0  0]
 [26  7 24 18 20 23  4  0  0  0  0  0  0  0  0]
 [10  0  0  0  0  0  0  0  0  0  0  0  0  0  0]
 [17 16 15 18  0  0  0  0  0  0  0  0  0  0  0]
 [ 8  7 27  0  0  0  0  0  0  0  0  0  0  0  0]
 [ 1 28 22  0  0  0  0  0  0  0  0  0  0  0  0]
 [ 4 27  5  0  0  0  0  0  0  0  0  0  0  0  0]
 [ 9 22  0  0  0  0  0  0  0  0  0  0  0  0  0]
 [12 24 11  1  0  0  0  0  0  0  0  0  0  0  0]
 [ 4 12 11  5  0  0  0  0  0  0  0  0  0  0  0]]
gen= [[ 6  0  0  0  0  0  0  0  0  0  0  0  0  0  0]
 [18 26  4  0  0  0  0  0  0  0  0  0  0  0  0]
 [10  0  0  0  0  0  0  0  0  0  0  0  0  0  0]
 [18 15 17  0  0  0  0  0  0  0  0  0  0  0  0]
 [ 8 27  7  0  0  0  0  0  0  0  0  0  0  0  0]
 [28 22  1  0  0  0  0  0  0  0  0  0  0  0  0]
 [ 4 27  5  0  0  0  0  0  0  0  0  0  0  0  0]
 [ 9 22  0  0  0  0  0  0  0  0  0  0  0  0  0]
 [12 11 24  0  0  0  0  0  0  0  0  0  0  0  0]
 [ 4 12 11  0  0  0  0  0  0  0  0  0  0  0  0]]
valid: gen=0.414
reward: norm=0.9429032858427099
[ 270 iterations]
real= [[ 9 13 22 18  0  0  0  0  0  0  0  0  0  0  0]
 [ 4 27 24 17  9 19  0  0  0  0  0  0  0  0  0]
 [26  0  0  0  0  0  0  0  0  0  0  0  0  0  0]
 [ 9 21 26  4  5  0  0  0  0  0  0  0  0  0  0]
 [ 3 14 28 19  0  0  0  0  0  0  0  0  0  0  0]
 [23 14  3 10 12  9  1  7  0  0  0  0  0  0  0]
 [12 14 24 21 16 23  0  0  0  0  0  0  0  0  0]
 [20  8 28 17  3 15 18  0  0  0  0  0  0  0  0]
 [ 3 14 13 21 11  0  0  0  0  0  0  0  0  0  0]
 [20  8  0  0  0  0  0  0  0  0  0  0  0  0  0]]
gen= [[18  9 13 22  0  0  0  0  0  0  0  0  0  0  0]
 [ 4 27  9  0  0  0  0  0  0  0  0  0  0  0  0]
 [26  0  0  0  0  0  0  0  0  0  0  0  0  0  0]
 [26  4  9  0  0  0  0  0  0  0  0  0  0  0  0]
 [ 3 14 28 19  0  0  0  0  0  0  0  0  0  0  0]
 [ 3 14 12  7 23  1  0  0  0  0  0  0  0  0  0]
 [14 12 21 16  0  0  0  0  0  0  0  0  0  0  0]
 [18  3 15  8 28 20  0  0  0  0  0  0  0  0  0]
 [ 3 14 11  0  0  0  0  0  0  0  0  0  0  0  0]
 [ 8 20  0  0  0  0  0  0  0  0  0  0  0  0  0]]
valid: gen=0.573
reward: norm=0.9518567596536425
[ 280 iterations]
real= [[ 3 20  0  0  0  0  0  0  0  0  0  0  0  0  0]
 [ 5  1 13  6  0  0  0  0  0  0  0  0  0  0  0]
 [27 10 15  6  0  0  0  0  0  0  0  0  0  0  0]
 [20 24 17 16  0  0  0  0  0  0  0  0  0  0  0]
 [ 7  0  0  0  0  0  0  0  0  0  0  0  0  0  0]
 [25 14 11  0  0  0  0  0  0  0  0  0  0  0  0]
 [28 17 21  1  0  0  0  0  0  0  0  0  0  0  0]
 [20  0  0  0  0  0  0  0  0  0  0  0  0  0  0]
 [ 2  7  0  0  0  0  0  0  0  0  0  0  0  0  0]
 [15 11  0  0  0  0  0  0  0  0  0  0  0  0  0]]
gen= [[ 3 20  0  0  0  0  0  0  0  0  0  0  0  0  0]
 [ 5 13  6  0  0  0  0  0  0  0  0  0  0  0  0]
 [15 27 10  0  0  0  0  0  0  0  0  0  0  0  0]
 [17 20 24  0  0  0  0  0  0  0  0  0  0  0  0]
 [ 7  0  0  0  0  0  0  0  0  0  0  0  0  0  0]
 [14 11 25  0  0  0  0  0  0  0  0  0  0  0  0]
 [28 21  1  0  0  0  0  0  0  0  0  0  0  0  0]
 [20  0  0  0  0  0  0  0  0  0  0  0  0  0  0]
 [ 7  2  0  0  0  0  0  0  0  0  0  0  0  0  0]
 [15 11  0  0  0  0  0  0  0  0  0  0  0  0  0]]
valid: gen=0.531
reward: norm=0.9541754549840037
[ 290 iterations]
real= [[12 22  0  0  0  0  0  0  0  0  0  0  0  0  0]
 [23  0  0  0  0  0  0  0  0  0  0  0  0  0  0]
 [ 6 24  0  0  0  0  0  0  0  0  0  0  0  0  0]
 [27 26  7 18 17 13  9  1  5  0  0  0  0  0  0]
 [26 13  2  0  0  0  0  0  0  0  0  0  0  0  0]
 [25  8 15 26 18  0  0  0  0  0  0  0  0  0  0]
 [ 8 13  0  0  0  0  0  0  0  0  0  0  0  0  0]
 [28 14 21 10  9 19  0  0  0  0  0  0  0  0  0]
 [ 4 17 24  0  0  0  0  0  0  0  0  0  0  0  0]
 [20  6 23  0  0  0  0  0  0  0  0  0  0  0  0]]
gen= [[12 22  0  0  0  0  0  0  0  0  0  0  0  0  0]
 [23  0  0  0  0  0  0  0  0  0  0  0  0  0  0]
 [24  6  0  0  0  0  0  0  0  0  0  0  0  0  0]
 [18 26  9 27  0  0  0  0  0  0  0  0  0  0  0]
 [26  2  0  0  0  0  0  0  0  0  0  0  0  0  0]
 [18 26 15  8  0  0  0  0  0  0  0  0  0  0  0]
 [ 8 13  0  0  0  0  0  0  0  0  0  0  0  0  0]
 [14  9 28 19  0  0  0  0  0  0  0  0  0  0  0]
 [ 4 24 17  0  0  0  0  0  0  0  0  0  0  0  0]
 [ 6 23 20  0  0  0  0  0  0  0  0  0  0  0  0]]
valid: gen=0.502
reward: norm=0.9541712643706987
[ 300 iterations]
real= [[ 4 12 16  1  0  0  0  0  0  0  0  0  0  0  0]
 [12 14 13 25 11  0  0  0  0  0  0  0  0  0  0]
 [25  7  6  0  0  0  0  0  0  0  0  0  0  0  0]
 [12 17 16  3  1  9  0  0  0  0  0  0  0  0  0]
 [13  0  0  0  0  0  0  0  0  0  0  0  0  0  0]
 [20  7 13 21 10  3  0  0  0  0  0  0  0  0  0]
 [16  0  0  0  0  0  0  0  0  0  0  0  0  0  0]
 [12  0  0  0  0  0  0  0  0  0  0  0  0  0  0]
 [ 2 17 13 18  9  0  0  0  0  0  0  0  0  0  0]
 [27 20  5  4 15 19  1  7  0  0  0  0  0  0  0]]
gen= [[12  4 16  1  0  0  0  0  0  0  0  0  0  0  0]
 [14 12  0  0  0  0  0  0  0  0  0  0  0  0  0]
 [ 7 25  0  0  0  0  0  0  0  0  0  0  0  0  0]
 [ 3 12  0  0  0  0  0  0  0  0  0  0  0  0  0]
 [13  0  0  0  0  0  0  0  0  0  0  0  0  0  0]
 [ 3  7 10 20  0  0  0  0  0  0  0  0  0  0  0]
 [16  0  0  0  0  0  0  0  0  0  0  0  0  0  0]
 [12  0  0  0  0  0  0  0  0  0  0  0  0  0  0]
 [18  9 17 13  0  0  0  0  0  0  0  0  0  0  0]
 [ 4 15 27  5  7 20  0  0  0  0  0  0  0  0  0]]
valid: gen=0.561
reward: norm=0.9456915438160833
[ 310 iterations]
real= [[ 6  0  0  0  0  0  0  0  0  0  0  0  0  0  0]
 [26  7 24 18 20 23  4  0  0  0  0  0  0  0  0]
 [10  0  0  0  0  0  0  0  0  0  0  0  0  0  0]
 [17 16 15 18  0  0  0  0  0  0  0  0  0  0  0]
 [ 8  7 27  0  0  0  0  0  0  0  0  0  0  0  0]
 [ 1 28 22  0  0  0  0  0  0  0  0  0  0  0  0]
 [ 4 27  5  0  0  0  0  0  0  0  0  0  0  0  0]
 [ 9 22  0  0  0  0  0  0  0  0  0  0  0  0  0]
 [12 24 11  1  0  0  0  0  0  0  0  0  0  0  0]
 [ 4 12 11  5  0  0  0  0  0  0  0  0  0  0  0]]
gen= [[ 6  0  0  0  0  0  0  0  0  0  0  0  0  0  0]
 [18 26  4  0  0  0  0  0  0  0  0  0  0  0  0]
 [10  0  0  0  0  0  0  0  0  0  0  0  0  0  0]
 [18 15 17  0  0  0  0  0  0  0  0  0  0  0  0]
 [ 8 27  7  0  0  0  0  0  0  0  0  0  0  0  0]
 [28  1 22  0  0  0  0  0  0  0  0  0  0  0  0]
 [ 4 27  5  0  0  0  0  0  0  0  0  0  0  0  0]
 [ 9 22  0  0  0  0  0  0  0  0  0  0  0  0  0]
 [12 11 24  0  0  0  0  0  0  0  0  0  0  0  0]
 [12  4 11  0  0  0  0  0  0  0  0  0  0  0  0]]
valid: gen=0.413
reward: norm=0.9394764362244897
[ 320 iterations]
real= [[ 9 13 22 18  0  0  0  0  0  0  0  0  0  0  0]
 [ 4 27 24 17  9 19  0  0  0  0  0  0  0  0  0]
 [26  0  0  0  0  0  0  0  0  0  0  0  0  0  0]
 [ 9 21 26  4  5  0  0  0  0  0  0  0  0  0  0]
 [ 3 14 28 19  0  0  0  0  0  0  0  0  0  0  0]
 [23 14  3 10 12  9  1  7  0  0  0  0  0  0  0]
 [12 14 24 21 16 23  0  0  0  0  0  0  0  0  0]
 [20  8 28 17  3 15 18  0  0  0  0  0  0  0  0]
 [ 3 14 13 21 11  0  0  0  0  0  0  0  0  0  0]
 [20  8  0  0  0  0  0  0  0  0  0  0  0  0  0]]
gen= [[18  9 13 22  0  0  0  0  0  0  0  0  0  0  0]
 [ 4  9 27 19  0  0  0  0  0  0  0  0  0  0  0]
 [26  0  0  0  0  0  0  0  0  0  0  0  0  0  0]
 [26  4  9  0  0  0  0  0  0  0  0  0  0  0  0]
 [ 3 14 28 19  0  0  0  0  0  0  0  0  0  0  0]
 [ 3 14 12  7 23  1  0  0  0  0  0  0  0  0  0]
 [14 12 21 23  0  0  0  0  0  0  0  0  0  0  0]
 [18  3 15  8 28 20  0  0  0  0  0  0  0  0  0]
 [ 3 14 11  0  0  0  0  0  0  0  0  0  0  0  0]
 [ 8 20  0  0  0  0  0  0  0  0  0  0  0  0  0]]
valid: gen=0.578
reward: norm=0.9497743905413213
[ 330 iterations]
real= [[ 3 20  0  0  0  0  0  0  0  0  0  0  0  0  0]
 [ 5  1 13  6  0  0  0  0  0  0  0  0  0  0  0]
 [27 10 15  6  0  0  0  0  0  0  0  0  0  0  0]
 [20 24 17 16  0  0  0  0  0  0  0  0  0  0  0]
 [ 7  0  0  0  0  0  0  0  0  0  0  0  0  0  0]
 [25 14 11  0  0  0  0  0  0  0  0  0  0  0  0]
 [28 17 21  1  0  0  0  0  0  0  0  0  0  0  0]
 [20  0  0  0  0  0  0  0  0  0  0  0  0  0  0]
 [ 2  7  0  0  0  0  0  0  0  0  0  0  0  0  0]
 [15 11  0  0  0  0  0  0  0  0  0  0  0  0  0]]
gen= [[ 3 20  0  0  0  0  0  0  0  0  0  0  0  0  0]
 [ 5  1 13  6  0  0  0  0  0  0  0  0  0  0  0]
 [15 27  6  0  0  0  0  0  0  0  0  0  0  0  0]
 [20 16 24  0  0  0  0  0  0  0  0  0  0  0  0]
 [ 7  0  0  0  0  0  0  0  0  0  0  0  0  0  0]
 [14 11 25  0  0  0  0  0  0  0  0  0  0  0  0]
 [28 21  1  0  0  0  0  0  0  0  0  0  0  0  0]
 [20  0  0  0  0  0  0  0  0  0  0  0  0  0  0]
 [ 7  2  0  0  0  0  0  0  0  0  0  0  0  0  0]
 [15 11  0  0  0  0  0  0  0  0  0  0  0  0  0]]
valid: gen=0.545
reward: norm=0.9544543378696594
[ 340 iterations]
real= [[12 22  0  0  0  0  0  0  0  0  0  0  0  0  0]
 [23  0  0  0  0  0  0  0  0  0  0  0  0  0  0]
 [ 6 24  0  0  0  0  0  0  0  0  0  0  0  0  0]
 [27 26  7 18 17 13  9  1  5  0  0  0  0  0  0]
 [26 13  2  0  0  0  0  0  0  0  0  0  0  0  0]
 [25  8 15 26 18  0  0  0  0  0  0  0  0  0  0]
 [ 8 13  0  0  0  0  0  0  0  0  0  0  0  0  0]
 [28 14 21 10  9 19  0  0  0  0  0  0  0  0  0]
 [ 4 17 24  0  0  0  0  0  0  0  0  0  0  0  0]
 [20  6 23  0  0  0  0  0  0  0  0  0  0  0  0]]
gen= [[12 22  0  0  0  0  0  0  0  0  0  0  0  0  0]
 [23  0  0  0  0  0  0  0  0  0  0  0  0  0  0]
 [ 6 24  0  0  0  0  0  0  0  0  0  0  0  0  0]
 [18 26  9 27  0  0  0  0  0  0  0  0  0  0  0]
 [26  2  0  0  0  0  0  0  0  0  0  0  0  0  0]
 [18 26 15  8  0  0  0  0  0  0  0  0  0  0  0]
 [ 8 13  0  0  0  0  0  0  0  0  0  0  0  0  0]
 [14  9 28 19  0  0  0  0  0  0  0  0  0  0  0]
 [ 4 24 17  0  0  0  0  0  0  0  0  0  0  0  0]
 [20  6 23  0  0  0  0  0  0  0  0  0  0  0  0]]
valid: gen=0.512
reward: norm=0.9530908877952268
[ 350 iterations]
real= [[ 4 12 16  1  0  0  0  0  0  0  0  0  0  0  0]
 [12 14 13 25 11  0  0  0  0  0  0  0  0  0  0]
 [25  7  6  0  0  0  0  0  0  0  0  0  0  0  0]
 [12 17 16  3  1  9  0  0  0  0  0  0  0  0  0]
 [13  0  0  0  0  0  0  0  0  0  0  0  0  0  0]
 [20  7 13 21 10  3  0  0  0  0  0  0  0  0  0]
 [16  0  0  0  0  0  0  0  0  0  0  0  0  0  0]
 [12  0  0  0  0  0  0  0  0  0  0  0  0  0  0]
 [ 2 17 13 18  9  0  0  0  0  0  0  0  0  0  0]
 [27 20  5  4 15 19  1  7  0  0  0  0  0  0  0]]
gen= [[12  4  1 16  0  0  0  0  0  0  0  0  0  0  0]
 [14 12  0  0  0  0  0  0  0  0  0  0  0  0  0]
 [ 7  6 25  0  0  0  0  0  0  0  0  0  0  0  0]
 [ 3 12  0  0  0  0  0  0  0  0  0  0  0  0  0]
 [13  0  0  0  0  0  0  0  0  0  0  0  0  0  0]
 [ 3  7 13 20  0  0  0  0  0  0  0  0  0  0  0]
 [16  0  0  0  0  0  0  0  0  0  0  0  0  0  0]
 [12  0  0  0  0  0  0  0  0  0  0  0  0  0  0]
 [18  9  2  0  0  0  0  0  0  0  0  0  0  0  0]
 [15  4 27  5  1 19  0  0  0  0  0  0  0  0  0]]
valid: gen=0.559
reward: norm=0.9451869649902035
[ 360 iterations]
real= [[ 6  0  0  0  0  0  0  0  0  0  0  0  0  0  0]
 [26  7 24 18 20 23  4  0  0  0  0  0  0  0  0]
 [10  0  0  0  0  0  0  0  0  0  0  0  0  0  0]
 [17 16 15 18  0  0  0  0  0  0  0  0  0  0  0]
 [ 8  7 27  0  0  0  0  0  0  0  0  0  0  0  0]
 [ 1 28 22  0  0  0  0  0  0  0  0  0  0  0  0]
 [ 4 27  5  0  0  0  0  0  0  0  0  0  0  0  0]
 [ 9 22  0  0  0  0  0  0  0  0  0  0  0  0  0]
 [12 24 11  1  0  0  0  0  0  0  0  0  0  0  0]
 [ 4 12 11  5  0  0  0  0  0  0  0  0  0  0  0]]
gen= [[ 6  0  0  0  0  0  0  0  0  0  0  0  0  0  0]
 [18 26  4  0  0  0  0  0  0  0  0  0  0  0  0]
 [10  0  0  0  0  0  0  0  0  0  0  0  0  0  0]
 [18 15 16  0  0  0  0  0  0  0  0  0  0  0  0]
 [ 8 27  7  0  0  0  0  0  0  0  0  0  0  0  0]
 [28  1 22  0  0  0  0  0  0  0  0  0  0  0  0]
 [ 4 27  5  0  0  0  0  0  0  0  0  0  0  0  0]
 [ 9 22  0  0  0  0  0  0  0  0  0  0  0  0  0]
 [12 11 24  0  0  0  0  0  0  0  0  0  0  0  0]
 [12  4 11  0  0  0  0  0  0  0  0  0  0  0  0]]
valid: gen=0.407
reward: norm=0.9401504428322024
[ 370 iterations]
real= [[ 9 13 22 18  0  0  0  0  0  0  0  0  0  0  0]
 [ 4 27 24 17  9 19  0  0  0  0  0  0  0  0  0]
 [26  0  0  0  0  0  0  0  0  0  0  0  0  0  0]
 [ 9 21 26  4  5  0  0  0  0  0  0  0  0  0  0]
 [ 3 14 28 19  0  0  0  0  0  0  0  0  0  0  0]
 [23 14  3 10 12  9  1  7  0  0  0  0  0  0  0]
 [12 14 24 21 16 23  0  0  0  0  0  0  0  0  0]
 [20  8 28 17  3 15 18  0  0  0  0  0  0  0  0]
 [ 3 14 13 21 11  0  0  0  0  0  0  0  0  0  0]
 [20  8  0  0  0  0  0  0  0  0  0  0  0  0  0]]
gen= [[18  9 22  0  0  0  0  0  0  0  0  0  0  0  0]
 [ 4  9 27 19  0  0  0  0  0  0  0  0  0  0  0]
 [26  0  0  0  0  0  0  0  0  0  0  0  0  0  0]
 [26  4  9  0  0  0  0  0  0  0  0  0  0  0  0]
 [ 3 14 28 19  0  0  0  0  0  0  0  0  0  0  0]
 [ 3 14 12  1  7  0  0  0  0  0  0  0  0  0  0]
 [14 12 16 23  0  0  0  0  0  0  0  0  0  0  0]
 [18  3 15  8 28  0  0  0  0  0  0  0  0  0  0]
 [ 3 14 11  0  0  0  0  0  0  0  0  0  0  0  0]
 [ 8 20  0  0  0  0  0  0  0  0  0  0  0  0  0]]
valid: gen=0.565
reward: norm=0.9487262955632575
[ 380 iterations]
real= [[ 3 20  0  0  0  0  0  0  0  0  0  0  0  0  0]
 [ 5  1 13  6  0  0  0  0  0  0  0  0  0  0  0]
 [27 10 15  6  0  0  0  0  0  0  0  0  0  0  0]
 [20 24 17 16  0  0  0  0  0  0  0  0  0  0  0]
 [ 7  0  0  0  0  0  0  0  0  0  0  0  0  0  0]
 [25 14 11  0  0  0  0  0  0  0  0  0  0  0  0]
 [28 17 21  1  0  0  0  0  0  0  0  0  0  0  0]
 [20  0  0  0  0  0  0  0  0  0  0  0  0  0  0]
 [ 2  7  0  0  0  0  0  0  0  0  0  0  0  0  0]
 [15 11  0  0  0  0  0  0  0  0  0  0  0  0  0]]
gen= [[ 3 20  0  0  0  0  0  0  0  0  0  0  0  0  0]
 [ 5  1 13  6  0  0  0  0  0  0  0  0  0  0  0]
 [15 27 10  0  0  0  0  0  0  0  0  0  0  0  0]
 [20 16 24  0  0  0  0  0  0  0  0  0  0  0  0]
 [ 7  0  0  0  0  0  0  0  0  0  0  0  0  0  0]
 [14 11 25  0  0  0  0  0  0  0  0  0  0  0  0]
 [28  1 21 17  0  0  0  0  0  0  0  0  0  0  0]
 [20  0  0  0  0  0  0  0  0  0  0  0  0  0  0]
 [ 7  2  0  0  0  0  0  0  0  0  0  0  0  0  0]
 [15 11  0  0  0  0  0  0  0  0  0  0  0  0  0]]
valid: gen=0.531
reward: norm=0.9551255780111476
[ 390 iterations]
real= [[12 22  0  0  0  0  0  0  0  0  0  0  0  0  0]
 [23  0  0  0  0  0  0  0  0  0  0  0  0  0  0]
 [ 6 24  0  0  0  0  0  0  0  0  0  0  0  0  0]
 [27 26  7 18 17 13  9  1  5  0  0  0  0  0  0]
 [26 13  2  0  0  0  0  0  0  0  0  0  0  0  0]
 [25  8 15 26 18  0  0  0  0  0  0  0  0  0  0]
 [ 8 13  0  0  0  0  0  0  0  0  0  0  0  0  0]
 [28 14 21 10  9 19  0  0  0  0  0  0  0  0  0]
 [ 4 17 24  0  0  0  0  0  0  0  0  0  0  0  0]
 [20  6 23  0  0  0  0  0  0  0  0  0  0  0  0]]
gen= [[12 22  0  0  0  0  0  0  0  0  0  0  0  0  0]
 [23  0  0  0  0  0  0  0  0  0  0  0  0  0  0]
 [24  6  0  0  0  0  0  0  0  0  0  0  0  0  0]
 [18 26  9  5  0  0  0  0  0  0  0  0  0  0  0]
 [26  2  0  0  0  0  0  0  0  0  0  0  0  0  0]
 [18 15 26  8  0  0  0  0  0  0  0  0  0  0  0]
 [ 8 13  0  0  0  0  0  0  0  0  0  0  0  0  0]
 [14  9 21 28  0  0  0  0  0  0  0  0  0  0  0]
 [ 4 24 17  0  0  0  0  0  0  0  0  0  0  0  0]
 [ 6 23 20  0  0  0  0  0  0  0  0  0  0  0  0]]
valid: gen=0.509
reward: norm=0.9539077051267459
[ 400 iterations]
real= [[ 4 12 16  1  0  0  0  0  0  0  0  0  0  0  0]
 [12 14 13 25 11  0  0  0  0  0  0  0  0  0  0]
 [25  7  6  0  0  0  0  0  0  0  0  0  0  0  0]
 [12 17 16  3  1  9  0  0  0  0  0  0  0  0  0]
 [13  0  0  0  0  0  0  0  0  0  0  0  0  0  0]
 [20  7 13 21 10  3  0  0  0  0  0  0  0  0  0]
 [16  0  0  0  0  0  0  0  0  0  0  0  0  0  0]
 [12  0  0  0  0  0  0  0  0  0  0  0  0  0  0]
 [ 2 17 13 18  9  0  0  0  0  0  0  0  0  0  0]
 [27 20  5  4 15 19  1  7  0  0  0  0  0  0  0]]
gen= [[12  4  1 16  0  0  0  0  0  0  0  0  0  0  0]
 [14 12  0  0  0  0  0  0  0  0  0  0  0  0  0]
 [ 7  6 25  0  0  0  0  0  0  0  0  0  0  0  0]
 [ 3 12  0  0  0  0  0  0  0  0  0  0  0  0  0]
 [13  0  0  0  0  0  0  0  0  0  0  0  0  0  0]
 [ 3  7 10 20  0  0  0  0  0  0  0  0  0  0  0]
 [16  0  0  0  0  0  0  0  0  0  0  0  0  0  0]
 [12  0  0  0  0  0  0  0  0  0  0  0  0  0  0]
 [18  9  2  0  0  0  0  0  0  0  0  0  0  0  0]
 [15  4  5 27  1  7  0  0  0  0  0  0  0  0  0]]
valid: gen=0.555
reward: norm=0.945266660840096
[ 410 iterations]
real= [[ 6  0  0  0  0  0  0  0  0  0  0  0  0  0  0]
 [26  7 24 18 20 23  4  0  0  0  0  0  0  0  0]
 [10  0  0  0  0  0  0  0  0  0  0  0  0  0  0]
 [17 16 15 18  0  0  0  0  0  0  0  0  0  0  0]
 [ 8  7 27  0  0  0  0  0  0  0  0  0  0  0  0]
 [ 1 28 22  0  0  0  0  0  0  0  0  0  0  0  0]
 [ 4 27  5  0  0  0  0  0  0  0  0  0  0  0  0]
 [ 9 22  0  0  0  0  0  0  0  0  0  0  0  0  0]
 [12 24 11  1  0  0  0  0  0  0  0  0  0  0  0]
 [ 4 12 11  5  0  0  0  0  0  0  0  0  0  0  0]]
gen= [[ 6  0  0  0  0  0  0  0  0  0  0  0  0  0  0]
 [18 26  4  0  0  0  0  0  0  0  0  0  0  0  0]
 [10  0  0  0  0  0  0  0  0  0  0  0  0  0  0]
 [18 15 17  0  0  0  0  0  0  0  0  0  0  0  0]
 [ 8 27  7  0  0  0  0  0  0  0  0  0  0  0  0]
 [28  1 22  0  0  0  0  0  0  0  0  0  0  0  0]
 [ 4  5 27  0  0  0  0  0  0  0  0  0  0  0  0]
 [ 9 22  0  0  0  0  0  0  0  0  0  0  0  0  0]
 [12 11 24  0  0  0  0  0  0  0  0  0  0  0  0]
 [12  4  5  0  0  0  0  0  0  0  0  0  0  0  0]]
valid: gen=0.41
reward: norm=0.9416233395478785
[ 420 iterations]
real= [[ 9 13 22 18  0  0  0  0  0  0  0  0  0  0  0]
 [ 4 27 24 17  9 19  0  0  0  0  0  0  0  0  0]
 [26  0  0  0  0  0  0  0  0  0  0  0  0  0  0]
 [ 9 21 26  4  5  0  0  0  0  0  0  0  0  0  0]
 [ 3 14 28 19  0  0  0  0  0  0  0  0  0  0  0]
 [23 14  3 10 12  9  1  7  0  0  0  0  0  0  0]
 [12 14 24 21 16 23  0  0  0  0  0  0  0  0  0]
 [20  8 28 17  3 15 18  0  0  0  0  0  0  0  0]
 [ 3 14 13 21 11  0  0  0  0  0  0  0  0  0  0]
 [20  8  0  0  0  0  0  0  0  0  0  0  0  0  0]]
gen= [[18  9 13 22  0  0  0  0  0  0  0  0  0  0  0]
 [ 4  9 27 24  0  0  0  0  0  0  0  0  0  0  0]
 [26  0  0  0  0  0  0  0  0  0  0  0  0  0  0]
 [26  9  4  5  0  0  0  0  0  0  0  0  0  0  0]
 [ 3 14 28 19  0  0  0  0  0  0  0  0  0  0  0]
 [ 3 14 12  1  7 23  0  0  0  0  0  0  0  0  0]
 [14 12 24 23  0  0  0  0  0  0  0  0  0  0  0]
 [18  3 15  8 28 20  0  0  0  0  0  0  0  0  0]
 [ 3 14 11  0  0  0  0  0  0  0  0  0  0  0  0]
 [ 8 20  0  0  0  0  0  0  0  0  0  0  0  0  0]]
valid: gen=0.578
reward: norm=0.9481164226779935
[ 430 iterations]
real= [[ 3 20  0  0  0  0  0  0  0  0  0  0  0  0  0]
 [ 5  1 13  6  0  0  0  0  0  0  0  0  0  0  0]
 [27 10 15  6  0  0  0  0  0  0  0  0  0  0  0]
 [20 24 17 16  0  0  0  0  0  0  0  0  0  0  0]
 [ 7  0  0  0  0  0  0  0  0  0  0  0  0  0  0]
 [25 14 11  0  0  0  0  0  0  0  0  0  0  0  0]
 [28 17 21  1  0  0  0  0  0  0  0  0  0  0  0]
 [20  0  0  0  0  0  0  0  0  0  0  0  0  0  0]
 [ 2  7  0  0  0  0  0  0  0  0  0  0  0  0  0]
 [15 11  0  0  0  0  0  0  0  0  0  0  0  0  0]]
gen= [[ 3 20  0  0  0  0  0  0  0  0  0  0  0  0  0]
 [ 5  1  6  0  0  0  0  0  0  0  0  0  0  0  0]
 [15 27  6  0  0  0  0  0  0  0  0  0  0  0  0]
 [24 20 17  0  0  0  0  0  0  0  0  0  0  0  0]
 [ 7  0  0  0  0  0  0  0  0  0  0  0  0  0  0]
 [14 11 25  0  0  0  0  0  0  0  0  0  0  0  0]
 [28  1 17 21  0  0  0  0  0  0  0  0  0  0  0]
 [20  0  0  0  0  0  0  0  0  0  0  0  0  0  0]
 [ 7  2  0  0  0  0  0  0  0  0  0  0  0  0  0]
 [15 11  0  0  0  0  0  0  0  0  0  0  0  0  0]]
valid: gen=0.538
reward: norm=0.9532813832339533
[ 440 iterations]
real= [[12 22  0  0  0  0  0  0  0  0  0  0  0  0  0]
 [23  0  0  0  0  0  0  0  0  0  0  0  0  0  0]
 [ 6 24  0  0  0  0  0  0  0  0  0  0  0  0  0]
 [27 26  7 18 17 13  9  1  5  0  0  0  0  0  0]
 [26 13  2  0  0  0  0  0  0  0  0  0  0  0  0]
 [25  8 15 26 18  0  0  0  0  0  0  0  0  0  0]
 [ 8 13  0  0  0  0  0  0  0  0  0  0  0  0  0]
 [28 14 21 10  9 19  0  0  0  0  0  0  0  0  0]
 [ 4 17 24  0  0  0  0  0  0  0  0  0  0  0  0]
 [20  6 23  0  0  0  0  0  0  0  0  0  0  0  0]]
gen= [[12 22  0  0  0  0  0  0  0  0  0  0  0  0  0]
 [23  0  0  0  0  0  0  0  0  0  0  0  0  0  0]
 [ 6 24  0  0  0  0  0  0  0  0  0  0  0  0  0]
 [18 26  9  5  0  0  0  0  0  0  0  0  0  0  0]
 [26 13  2  0  0  0  0  0  0  0  0  0  0  0  0]
 [18 15 26  8  0  0  0  0  0  0  0  0  0  0  0]
 [ 8 13  0  0  0  0  0  0  0  0  0  0  0  0  0]
 [14  9 28 19  0  0  0  0  0  0  0  0  0  0  0]
 [ 4 24 17  0  0  0  0  0  0  0  0  0  0  0  0]
 [23  6 20  0  0  0  0  0  0  0  0  0  0  0  0]]
valid: gen=0.498
reward: norm=0.9505647192830454
[ 450 iterations]
real= [[ 4 12 16  1  0  0  0  0  0  0  0  0  0  0  0]
 [12 14 13 25 11  0  0  0  0  0  0  0  0  0  0]
 [25  7  6  0  0  0  0  0  0  0  0  0  0  0  0]
 [12 17 16  3  1  9  0  0  0  0  0  0  0  0  0]
 [13  0  0  0  0  0  0  0  0  0  0  0  0  0  0]
 [20  7 13 21 10  3  0  0  0  0  0  0  0  0  0]
 [16  0  0  0  0  0  0  0  0  0  0  0  0  0  0]
 [12  0  0  0  0  0  0  0  0  0  0  0  0  0  0]
 [ 2 17 13 18  9  0  0  0  0  0  0  0  0  0  0]
 [27 20  5  4 15 19  1  7  0  0  0  0  0  0  0]]
gen= [[12  4  1 16  0  0  0  0  0  0  0  0  0  0  0]
 [14 12  0  0  0  0  0  0  0  0  0  0  0  0  0]
 [ 7 25  0  0  0  0  0  0  0  0  0  0  0  0  0]
 [ 3 12  0  0  0  0  0  0  0  0  0  0  0  0  0]
 [13  0  0  0  0  0  0  0  0  0  0  0  0  0  0]
 [ 3  7 20  0  0  0  0  0  0  0  0  0  0  0  0]
 [16  0  0  0  0  0  0  0  0  0  0  0  0  0  0]
 [12  0  0  0  0  0  0  0  0  0  0  0  0  0  0]
 [18  9  2  0  0  0  0  0  0  0  0  0  0  0  0]
 [15  4  5 27  1 19  0  0  0  0  0  0  0  0  0]]
valid: gen=0.561
reward: norm=0.940490267513794
[ 460 iterations]
real= [[ 6  0  0  0  0  0  0  0  0  0  0  0  0  0  0]
 [26  7 24 18 20 23  4  0  0  0  0  0  0  0  0]
 [10  0  0  0  0  0  0  0  0  0  0  0  0  0  0]
 [17 16 15 18  0  0  0  0  0  0  0  0  0  0  0]
 [ 8  7 27  0  0  0  0  0  0  0  0  0  0  0  0]
 [ 1 28 22  0  0  0  0  0  0  0  0  0  0  0  0]
 [ 4 27  5  0  0  0  0  0  0  0  0  0  0  0  0]
 [ 9 22  0  0  0  0  0  0  0  0  0  0  0  0  0]
 [12 24 11  1  0  0  0  0  0  0  0  0  0  0  0]
 [ 4 12 11  5  0  0  0  0  0  0  0  0  0  0  0]]
gen= [[ 6  0  0  0  0  0  0  0  0  0  0  0  0  0  0]
 [18 26  4  0  0  0  0  0  0  0  0  0  0  0  0]
 [10  0  0  0  0  0  0  0  0  0  0  0  0  0  0]
 [18 15 17  0  0  0  0  0  0  0  0  0  0  0  0]
 [ 8 27  7  0  0  0  0  0  0  0  0  0  0  0  0]
 [28  1 22  0  0  0  0  0  0  0  0  0  0  0  0]
 [ 4  5 27  0  0  0  0  0  0  0  0  0  0  0  0]
 [ 9 22  0  0  0  0  0  0  0  0  0  0  0  0  0]
 [12 11 24  0  0  0  0  0  0  0  0  0  0  0  0]
 [12  4  5  0  0  0  0  0  0  0  0  0  0  0  0]]
valid: gen=0.409
reward: norm=0.938854741230467
[ 470 iterations]
real= [[ 9 13 22 18  0  0  0  0  0  0  0  0  0  0  0]
 [ 4 27 24 17  9 19  0  0  0  0  0  0  0  0  0]
 [26  0  0  0  0  0  0  0  0  0  0  0  0  0  0]
 [ 9 21 26  4  5  0  0  0  0  0  0  0  0  0  0]
 [ 3 14 28 19  0  0  0  0  0  0  0  0  0  0  0]
 [23 14  3 10 12  9  1  7  0  0  0  0  0  0  0]
 [12 14 24 21 16 23  0  0  0  0  0  0  0  0  0]
 [20  8 28 17  3 15 18  0  0  0  0  0  0  0  0]
 [ 3 14 13 21 11  0  0  0  0  0  0  0  0  0  0]
 [20  8  0  0  0  0  0  0  0  0  0  0  0  0  0]]
gen= [[18  9 22  0  0  0  0  0  0  0  0  0  0  0  0]
 [ 9  4 27 24  0  0  0  0  0  0  0  0  0  0  0]
 [26  0  0  0  0  0  0  0  0  0  0  0  0  0  0]
 [26  9  4  5  0  0  0  0  0  0  0  0  0  0  0]
 [ 3 14 28 19  0  0  0  0  0  0  0  0  0  0  0]
 [ 3 14 12  1  7  0  0  0  0  0  0  0  0  0  0]
 [12 14 16 21 24  0  0  0  0  0  0  0  0  0  0]
 [18  3 15  8 28  0  0  0  0  0  0  0  0  0  0]
 [ 3 14 11  0  0  0  0  0  0  0  0  0  0  0  0]
 [ 8 20  0  0  0  0  0  0  0  0  0  0  0  0  0]]
valid: gen=0.573
reward: norm=0.9479826773220951
[ 480 iterations]
real= [[ 3 20  0  0  0  0  0  0  0  0  0  0  0  0  0]
 [ 5  1 13  6  0  0  0  0  0  0  0  0  0  0  0]
 [27 10 15  6  0  0  0  0  0  0  0  0  0  0  0]
 [20 24 17 16  0  0  0  0  0  0  0  0  0  0  0]
 [ 7  0  0  0  0  0  0  0  0  0  0  0  0  0  0]
 [25 14 11  0  0  0  0  0  0  0  0  0  0  0  0]
 [28 17 21  1  0  0  0  0  0  0  0  0  0  0  0]
 [20  0  0  0  0  0  0  0  0  0  0  0  0  0  0]
 [ 2  7  0  0  0  0  0  0  0  0  0  0  0  0  0]
 [15 11  0  0  0  0  0  0  0  0  0  0  0  0  0]]
gen= [[ 3 20  0  0  0  0  0  0  0  0  0  0  0  0  0]
 [ 5  1 13  6  0  0  0  0  0  0  0  0  0  0  0]
 [15 27 10  0  0  0  0  0  0  0  0  0  0  0  0]
 [24 20 17  0  0  0  0  0  0  0  0  0  0  0  0]
 [ 7  0  0  0  0  0  0  0  0  0  0  0  0  0  0]
 [14 11 25  0  0  0  0  0  0  0  0  0  0  0  0]
 [28  1 17 21  0  0  0  0  0  0  0  0  0  0  0]
 [20  0  0  0  0  0  0  0  0  0  0  0  0  0  0]
 [ 7  2  0  0  0  0  0  0  0  0  0  0  0  0  0]
 [15 11  0  0  0  0  0  0  0  0  0  0  0  0  0]]
valid: gen=0.532
reward: norm=0.9510919329898709
[ 490 iterations]
real= [[12 22  0  0  0  0  0  0  0  0  0  0  0  0  0]
 [23  0  0  0  0  0  0  0  0  0  0  0  0  0  0]
 [ 6 24  0  0  0  0  0  0  0  0  0  0  0  0  0]
 [27 26  7 18 17 13  9  1  5  0  0  0  0  0  0]
 [26 13  2  0  0  0  0  0  0  0  0  0  0  0  0]
 [25  8 15 26 18  0  0  0  0  0  0  0  0  0  0]
 [ 8 13  0  0  0  0  0  0  0  0  0  0  0  0  0]
 [28 14 21 10  9 19  0  0  0  0  0  0  0  0  0]
 [ 4 17 24  0  0  0  0  0  0  0  0  0  0  0  0]
 [20  6 23  0  0  0  0  0  0  0  0  0  0  0  0]]
gen= [[12 22  0  0  0  0  0  0  0  0  0  0  0  0  0]
 [23  0  0  0  0  0  0  0  0  0  0  0  0  0  0]
 [ 6 24  0  0  0  0  0  0  0  0  0  0  0  0  0]
 [18 26  9  5  0  0  0  0  0  0  0  0  0  0  0]
 [26  2  0  0  0  0  0  0  0  0  0  0  0  0  0]
 [18 15 26  8  0  0  0  0  0  0  0  0  0  0  0]
 [ 8 13  0  0  0  0  0  0  0  0  0  0  0  0  0]
 [14  9 10 28  0  0  0  0  0  0  0  0  0  0  0]
 [ 4 24 17  0  0  0  0  0  0  0  0  0  0  0  0]
 [23  6 20  0  0  0  0  0  0  0  0  0  0  0  0]]
valid: gen=0.502
reward: norm=0.9537629833448537
