read problem
[ 10 iterations]
real= [[13  0  0  0  0  0  0  0  0  0  0  0  0  0  0  0  0  0  0  0  0  0]
 [ 5 25 19 10 15  7  0  0  0  0  0  0  0  0  0  0  0  0  0  0  0  0]
 [27  7  3  9 10 13 15  0  0  0  0  0  0  0  0  0  0  0  0  0  0  0]
 [22  7 17 21  0  0  0  0  0  0  0  0  0  0  0  0  0  0  0  0  0  0]
 [26 19  0  0  0  0  0  0  0  0  0  0  0  0  0  0  0  0  0  0  0  0]
 [15  0  0  0  0  0  0  0  0  0  0  0  0  0  0  0  0  0  0  0  0  0]
 [19  0  0  0  0  0  0  0  0  0  0  0  0  0  0  0  0  0  0  0  0  0]
 [ 1  7 18  3 13  0  0  0  0  0  0  0  0  0  0  0  0  0  0  0  0  0]
 [23  0  0  0  0  0  0  0  0  0  0  0  0  0  0  0  0  0  0  0  0  0]
 [20 28  2 19  7  0  0  0  0  0  0  0  0  0  0  0  0  0  0  0  0  0]]
gen= [[13  0  0  0  0  0  0  0  0  0  0  0  0  0  0  0  0  0  0  0  0  0]
 [ 5  7 19  0  0  0  0  0  0  0  0  0  0  0  0  0  0  0  0  0  0  0]
 [27 13  0  0  0  0  0  0  0  0  0  0  0  0  0  0  0  0  0  0  0  0]
 [21 17  7  0  0  0  0  0  0  0  0  0  0  0  0  0  0  0  0  0  0  0]
 [19 26  0  0  0  0  0  0  0  0  0  0  0  0  0  0  0  0  0  0  0  0]
 [15  0  0  0  0  0  0  0  0  0  0  0  0  0  0  0  0  0  0  0  0  0]
 [19  0  0  0  0  0  0  0  0  0  0  0  0  0  0  0  0  0  0  0  0  0]
 [ 7 18  3  0  0  0  0  0  0  0  0  0  0  0  0  0  0  0  0  0  0  0]
 [23  0  0  0  0  0  0  0  0  0  0  0  0  0  0  0  0  0  0  0  0  0]
 [20  7 19  0  0  0  0  0  0  0  0  0  0  0  0  0  0  0  0  0  0  0]]
valid: gen=0.432
reward: norm=0.9576836407794409
[ 20 iterations]
real= [[20  0  0  0  0  0  0  0  0  0  0  0  0  0  0  0  0  0  0  0  0  0]
 [10  0  0  0  0  0  0  0  0  0  0  0  0  0  0  0  0  0  0  0  0  0]
 [22  1 11  0  0  0  0  0  0  0  0  0  0  0  0  0  0  0  0  0  0  0]
 [24  0  0  0  0  0  0  0  0  0  0  0  0  0  0  0  0  0  0  0  0  0]
 [16 17 14  5 25  0  0  0  0  0  0  0  0  0  0  0  0  0  0  0  0  0]
 [17  0  0  0  0  0  0  0  0  0  0  0  0  0  0  0  0  0  0  0  0  0]
 [14  0  0  0  0  0  0  0  0  0  0  0  0  0  0  0  0  0  0  0  0  0]
 [ 7  3  9  1  2  4 11  0  0  0  0  0  0  0  0  0  0  0  0  0  0  0]
 [22  6 27  0  0  0  0  0  0  0  0  0  0  0  0  0  0  0  0  0  0  0]
 [ 8 13  0  0  0  0  0  0  0  0  0  0  0  0  0  0  0  0  0  0  0  0]]
gen= [[20  0  0  0  0  0  0  0  0  0  0  0  0  0  0  0  0  0  0  0  0  0]
 [10  0  0  0  0  0  0  0  0  0  0  0  0  0  0  0  0  0  0  0  0  0]
 [11  1 22  0  0  0  0  0  0  0  0  0  0  0  0  0  0  0  0  0  0  0]
 [24  0  0  0  0  0  0  0  0  0  0  0  0  0  0  0  0  0  0  0  0  0]
 [ 5 16 25  0  0  0  0  0  0  0  0  0  0  0  0  0  0  0  0  0  0  0]
 [17  0  0  0  0  0  0  0  0  0  0  0  0  0  0  0  0  0  0  0  0  0]
 [14  0  0  0  0  0  0  0  0  0  0  0  0  0  0  0  0  0  0  0  0  0]
 [11  7  3  0  0  0  0  0  0  0  0  0  0  0  0  0  0  0  0  0  0  0]
 [27 22  6  0  0  0  0  0  0  0  0  0  0  0  0  0  0  0  0  0  0  0]
 [ 8 13  0  0  0  0  0  0  0  0  0  0  0  0  0  0  0  0  0  0  0  0]]
valid: gen=0.445
reward: norm=0.9604309716290179
[ 30 iterations]
real= [[22  6 13  3  7  0  0  0  0  0  0  0  0  0  0  0  0  0  0  0  0  0]
 [20  5  6  0  0  0  0  0  0  0  0  0  0  0  0  0  0  0  0  0  0  0]
 [22 18 10  9  1 28 25  0  0  0  0  0  0  0  0  0  0  0  0  0  0  0]
 [11 17  0  0  0  0  0  0  0  0  0  0  0  0  0  0  0  0  0  0  0  0]
 [25  0  0  0  0  0  0  0  0  0  0  0  0  0  0  0  0  0  0  0  0  0]
 [19 17  3 10 12  1  4  5  0  0  0  0  0  0  0  0  0  0  0  0  0  0]
 [28 25  3 16 13 18  0  0  0  0  0  0  0  0  0  0  0  0  0  0  0  0]
 [24  1 20 23 28  0  0  0  0  0  0  0  0  0  0  0  0  0  0  0  0  0]
 [27  8  2  9 25  0  0  0  0  0  0  0  0  0  0  0  0  0  0  0  0  0]
 [ 5  0  0  0  0  0  0  0  0  0  0  0  0  0  0  0  0  0  0  0  0  0]]
gen= [[ 7 13  3  6  0  0  0  0  0  0  0  0  0  0  0  0  0  0  0  0  0  0]
 [ 5 20  6  0  0  0  0  0  0  0  0  0  0  0  0  0  0  0  0  0  0  0]
 [ 1 25  9 18 22  0  0  0  0  0  0  0  0  0  0  0  0  0  0  0  0  0]
 [11 17  0  0  0  0  0  0  0  0  0  0  0  0  0  0  0  0  0  0  0  0]
 [25  0  0  0  0  0  0  0  0  0  0  0  0  0  0  0  0  0  0  0  0  0]
 [ 5  1  4 10 12  0  0  0  0  0  0  0  0  0  0  0  0  0  0  0  0  0]
 [13 16 18 28  0  0  0  0  0  0  0  0  0  0  0  0  0  0  0  0  0  0]
 [24  1 20 28 23  0  0  0  0  0  0  0  0  0  0  0  0  0  0  0  0  0]
 [27  8  9  2 25  0  0  0  0  0  0  0  0  0  0  0  0  0  0  0  0  0]
 [ 5  0  0  0  0  0  0  0  0  0  0  0  0  0  0  0  0  0  0  0  0  0]]
valid: gen=0.612
reward: norm=0.9545907360707587
[ 40 iterations]
real= [[ 5  8 28  1 21 13 17  0  0  0  0  0  0  0  0  0  0  0  0  0  0  0]
 [24  6 15  3 28  0  0  0  0  0  0  0  0  0  0  0  0  0  0  0  0  0]
 [17 25  0  0  0  0  0  0  0  0  0  0  0  0  0  0  0  0  0  0  0  0]
 [22 24  0  0  0  0  0  0  0  0  0  0  0  0  0  0  0  0  0  0  0  0]
 [ 7 25  2 18 12  0  0  0  0  0  0  0  0  0  0  0  0  0  0  0  0  0]
 [22 24 14 19 12 23  5  0  0  0  0  0  0  0  0  0  0  0  0  0  0  0]
 [22 23  7  5 27 25  0  0  0  0  0  0  0  0  0  0  0  0  0  0  0  0]
 [11  2  0  0  0  0  0  0  0  0  0  0  0  0  0  0  0  0  0  0  0  0]
 [ 4  1 17 21 26 12  0  0  0  0  0  0  0  0  0  0  0  0  0  0  0  0]
 [23 26 22  6 18  4 11  0  0  0  0  0  0  0  0  0  0  0  0  0  0  0]]
gen= [[ 8  1  5 28  0  0  0  0  0  0  0  0  0  0  0  0  0  0  0  0  0  0]
 [24  6  3 28  0  0  0  0  0  0  0  0  0  0  0  0  0  0  0  0  0  0]
 [17 25  0  0  0  0  0  0  0  0  0  0  0  0  0  0  0  0  0  0  0  0]
 [24 22  0  0  0  0  0  0  0  0  0  0  0  0  0  0  0  0  0  0  0  0]
 [ 7  2 18 12  0  0  0  0  0  0  0  0  0  0  0  0  0  0  0  0  0  0]
 [24 14 23 12 22  0  0  0  0  0  0  0  0  0  0  0  0  0  0  0  0  0]
 [27  7  5 25 23 22  0  0  0  0  0  0  0  0  0  0  0  0  0  0  0  0]
 [11  2  0  0  0  0  0  0  0  0  0  0  0  0  0  0  0  0  0  0  0  0]
 [ 1 21 17  4  0  0  0  0  0  0  0  0  0  0  0  0  0  0  0  0  0  0]
 [18 11 23 26 22  0  0  0  0  0  0  0  0  0  0  0  0  0  0  0  0  0]]
valid: gen=0.581
reward: norm=0.9543654304529575
[ 50 iterations]
real= [[25  8  4 14 23  0  0  0  0  0  0  0  0  0  0  0  0  0  0  0  0  0]
 [ 9 13 10  0  0  0  0  0  0  0  0  0  0  0  0  0  0  0  0  0  0  0]
 [20 27  0  0  0  0  0  0  0  0  0  0  0  0  0  0  0  0  0  0  0  0]
 [ 4  0  0  0  0  0  0  0  0  0  0  0  0  0  0  0  0  0  0  0  0  0]
 [ 6  0  0  0  0  0  0  0  0  0  0  0  0  0  0  0  0  0  0  0  0  0]
 [27  8  1 16 15 26  0  0  0  0  0  0  0  0  0  0  0  0  0  0  0  0]
 [ 1 21 26  5  0  0  0  0  0  0  0  0  0  0  0  0  0  0  0  0  0  0]
 [12 17  0  0  0  0  0  0  0  0  0  0  0  0  0  0  0  0  0  0  0  0]
 [20 13  3 22  0  0  0  0  0  0  0  0  0  0  0  0  0  0  0  0  0  0]
 [20  0  0  0  0  0  0  0  0  0  0  0  0  0  0  0  0  0  0  0  0  0]]
gen= [[ 8 14 25  4  0  0  0  0  0  0  0  0  0  0  0  0  0  0  0  0  0  0]
 [13 10  9  0  0  0  0  0  0  0  0  0  0  0  0  0  0  0  0  0  0  0]
 [27 20  0  0  0  0  0  0  0  0  0  0  0  0  0  0  0  0  0  0  0  0]
 [ 4  0  0  0  0  0  0  0  0  0  0  0  0  0  0  0  0  0  0  0  0  0]
 [ 6  0  0  0  0  0  0  0  0  0  0  0  0  0  0  0  0  0  0  0  0  0]
 [27  8  0  0  0  0  0  0  0  0  0  0  0  0  0  0  0  0  0  0  0  0]
 [ 1 21 26  5  0  0  0  0  0  0  0  0  0  0  0  0  0  0  0  0  0  0]
 [17 12  0  0  0  0  0  0  0  0  0  0  0  0  0  0  0  0  0  0  0  0]
 [ 3 13 22 20  0  0  0  0  0  0  0  0  0  0  0  0  0  0  0  0  0  0]
 [20  0  0  0  0  0  0  0  0  0  0  0  0  0  0  0  0  0  0  0  0  0]]
valid: gen=0.61
reward: norm=0.9561738593086775
[ 60 iterations]
real= [[13  0  0  0  0  0  0  0  0  0  0  0  0  0  0  0  0  0  0  0  0  0]
 [ 5 25 19 10 15  7  0  0  0  0  0  0  0  0  0  0  0  0  0  0  0  0]
 [27  7  3  9 10 13 15  0  0  0  0  0  0  0  0  0  0  0  0  0  0  0]
 [22  7 17 21  0  0  0  0  0  0  0  0  0  0  0  0  0  0  0  0  0  0]
 [26 19  0  0  0  0  0  0  0  0  0  0  0  0  0  0  0  0  0  0  0  0]
 [15  0  0  0  0  0  0  0  0  0  0  0  0  0  0  0  0  0  0  0  0  0]
 [19  0  0  0  0  0  0  0  0  0  0  0  0  0  0  0  0  0  0  0  0  0]
 [ 1  7 18  3 13  0  0  0  0  0  0  0  0  0  0  0  0  0  0  0  0  0]
 [23  0  0  0  0  0  0  0  0  0  0  0  0  0  0  0  0  0  0  0  0  0]
 [20 28  2 19  7  0  0  0  0  0  0  0  0  0  0  0  0  0  0  0  0  0]]
gen= [[13  0  0  0  0  0  0  0  0  0  0  0  0  0  0  0  0  0  0  0  0  0]
 [25  5  7  0  0  0  0  0  0  0  0  0  0  0  0  0  0  0  0  0  0  0]
 [27 13  0  0  0  0  0  0  0  0  0  0  0  0  0  0  0  0  0  0  0  0]
 [17 21  7  0  0  0  0  0  0  0  0  0  0  0  0  0  0  0  0  0  0  0]
 [26 19  0  0  0  0  0  0  0  0  0  0  0  0  0  0  0  0  0  0  0  0]
 [15  0  0  0  0  0  0  0  0  0  0  0  0  0  0  0  0  0  0  0  0  0]
 [19  0  0  0  0  0  0  0  0  0  0  0  0  0  0  0  0  0  0  0  0  0]
 [13  1  7  0  0  0  0  0  0  0  0  0  0  0  0  0  0  0  0  0  0  0]
 [23  0  0  0  0  0  0  0  0  0  0  0  0  0  0  0  0  0  0  0  0  0]
 [ 7 28  2  0  0  0  0  0  0  0  0  0  0  0  0  0  0  0  0  0  0  0]]
valid: gen=0.437
reward: norm=0.9634420133126975
[ 70 iterations]
real= [[20  0  0  0  0  0  0  0  0  0  0  0  0  0  0  0  0  0  0  0  0  0]
 [10  0  0  0  0  0  0  0  0  0  0  0  0  0  0  0  0  0  0  0  0  0]
 [22  1 11  0  0  0  0  0  0  0  0  0  0  0  0  0  0  0  0  0  0  0]
 [24  0  0  0  0  0  0  0  0  0  0  0  0  0  0  0  0  0  0  0  0  0]
 [16 17 14  5 25  0  0  0  0  0  0  0  0  0  0  0  0  0  0  0  0  0]
 [17  0  0  0  0  0  0  0  0  0  0  0  0  0  0  0  0  0  0  0  0  0]
 [14  0  0  0  0  0  0  0  0  0  0  0  0  0  0  0  0  0  0  0  0  0]
 [ 7  3  9  1  2  4 11  0  0  0  0  0  0  0  0  0  0  0  0  0  0  0]
 [22  6 27  0  0  0  0  0  0  0  0  0  0  0  0  0  0  0  0  0  0  0]
 [ 8 13  0  0  0  0  0  0  0  0  0  0  0  0  0  0  0  0  0  0  0  0]]
gen= [[20  0  0  0  0  0  0  0  0  0  0  0  0  0  0  0  0  0  0  0  0  0]
 [10  0  0  0  0  0  0  0  0  0  0  0  0  0  0  0  0  0  0  0  0  0]
 [11  1 22  0  0  0  0  0  0  0  0  0  0  0  0  0  0  0  0  0  0  0]
 [24  0  0  0  0  0  0  0  0  0  0  0  0  0  0  0  0  0  0  0  0  0]
 [16 14  5  0  0  0  0  0  0  0  0  0  0  0  0  0  0  0  0  0  0  0]
 [17  0  0  0  0  0  0  0  0  0  0  0  0  0  0  0  0  0  0  0  0  0]
 [14  0  0  0  0  0  0  0  0  0  0  0  0  0  0  0  0  0  0  0  0  0]
 [ 1 11  9  0  0  0  0  0  0  0  0  0  0  0  0  0  0  0  0  0  0  0]
 [27 22  6  0  0  0  0  0  0  0  0  0  0  0  0  0  0  0  0  0  0  0]
 [13  8  0  0  0  0  0  0  0  0  0  0  0  0  0  0  0  0  0  0  0  0]]
valid: gen=0.453
reward: norm=0.9656544427871551
[ 80 iterations]
real= [[22  6 13  3  7  0  0  0  0  0  0  0  0  0  0  0  0  0  0  0  0  0]
 [20  5  6  0  0  0  0  0  0  0  0  0  0  0  0  0  0  0  0  0  0  0]
 [22 18 10  9  1 28 25  0  0  0  0  0  0  0  0  0  0  0  0  0  0  0]
 [11 17  0  0  0  0  0  0  0  0  0  0  0  0  0  0  0  0  0  0  0  0]
 [25  0  0  0  0  0  0  0  0  0  0  0  0  0  0  0  0  0  0  0  0  0]
 [19 17  3 10 12  1  4  5  0  0  0  0  0  0  0  0  0  0  0  0  0  0]
 [28 25  3 16 13 18  0  0  0  0  0  0  0  0  0  0  0  0  0  0  0  0]
 [24  1 20 23 28  0  0  0  0  0  0  0  0  0  0  0  0  0  0  0  0  0]
 [27  8  2  9 25  0  0  0  0  0  0  0  0  0  0  0  0  0  0  0  0  0]
 [ 5  0  0  0  0  0  0  0  0  0  0  0  0  0  0  0  0  0  0  0  0  0]]
gen= [[13  7  3  0  0  0  0  0  0  0  0  0  0  0  0  0  0  0  0  0  0  0]
 [ 6  5 20  0  0  0  0  0  0  0  0  0  0  0  0  0  0  0  0  0  0  0]
 [ 1 18  9 10  0  0  0  0  0  0  0  0  0  0  0  0  0  0  0  0  0  0]
 [11 17  0  0  0  0  0  0  0  0  0  0  0  0  0  0  0  0  0  0  0  0]
 [25  0  0  0  0  0  0  0  0  0  0  0  0  0  0  0  0  0  0  0  0  0]
 [ 5  1  4 10 12  0  0  0  0  0  0  0  0  0  0  0  0  0  0  0  0  0]
 [13 25 28  0  0  0  0  0  0  0  0  0  0  0  0  0  0  0  0  0  0  0]
 [24  1 23 28  0  0  0  0  0  0  0  0  0  0  0  0  0  0  0  0  0  0]
 [27  8  9 25  2  0  0  0  0  0  0  0  0  0  0  0  0  0  0  0  0  0]
 [ 5  0  0  0  0  0  0  0  0  0  0  0  0  0  0  0  0  0  0  0  0  0]]
valid: gen=0.608
reward: norm=0.9561478362822838
[ 90 iterations]
real= [[ 5  8 28  1 21 13 17  0  0  0  0  0  0  0  0  0  0  0  0  0  0  0]
 [24  6 15  3 28  0  0  0  0  0  0  0  0  0  0  0  0  0  0  0  0  0]
 [17 25  0  0  0  0  0  0  0  0  0  0  0  0  0  0  0  0  0  0  0  0]
 [22 24  0  0  0  0  0  0  0  0  0  0  0  0  0  0  0  0  0  0  0  0]
 [ 7 25  2 18 12  0  0  0  0  0  0  0  0  0  0  0  0  0  0  0  0  0]
 [22 24 14 19 12 23  5  0  0  0  0  0  0  0  0  0  0  0  0  0  0  0]
 [22 23  7  5 27 25  0  0  0  0  0  0  0  0  0  0  0  0  0  0  0  0]
 [11  2  0  0  0  0  0  0  0  0  0  0  0  0  0  0  0  0  0  0  0  0]
 [ 4  1 17 21 26 12  0  0  0  0  0  0  0  0  0  0  0  0  0  0  0  0]
 [23 26 22  6 18  4 11  0  0  0  0  0  0  0  0  0  0  0  0  0  0  0]]
gen= [[ 8  1 21 13 17  0  0  0  0  0  0  0  0  0  0  0  0  0  0  0  0  0]
 [24 15  3 28  0  0  0  0  0  0  0  0  0  0  0  0  0  0  0  0  0  0]
 [25 17  0  0  0  0  0  0  0  0  0  0  0  0  0  0  0  0  0  0  0  0]
 [24 22  0  0  0  0  0  0  0  0  0  0  0  0  0  0  0  0  0  0  0  0]
 [ 7 25 18 12  0  0  0  0  0  0  0  0  0  0  0  0  0  0  0  0  0  0]
 [ 5 24 14 19 12 23  0  0  0  0  0  0  0  0  0  0  0  0  0  0  0  0]
 [27  7  5 25 23 22  0  0  0  0  0  0  0  0  0  0  0  0  0  0  0  0]
 [11  2  0  0  0  0  0  0  0  0  0  0  0  0  0  0  0  0  0  0  0  0]
 [ 1 17  4 12 26  0  0  0  0  0  0  0  0  0  0  0  0  0  0  0  0  0]
 [11  6 18 23 26  0  0  0  0  0  0  0  0  0  0  0  0  0  0  0  0  0]]
valid: gen=0.574
reward: norm=0.9561840657176839
[ 100 iterations]
real= [[25  8  4 14 23  0  0  0  0  0  0  0  0  0  0  0  0  0  0  0  0  0]
 [ 9 13 10  0  0  0  0  0  0  0  0  0  0  0  0  0  0  0  0  0  0  0]
 [20 27  0  0  0  0  0  0  0  0  0  0  0  0  0  0  0  0  0  0  0  0]
 [ 4  0  0  0  0  0  0  0  0  0  0  0  0  0  0  0  0  0  0  0  0  0]
 [ 6  0  0  0  0  0  0  0  0  0  0  0  0  0  0  0  0  0  0  0  0  0]
 [27  8  1 16 15 26  0  0  0  0  0  0  0  0  0  0  0  0  0  0  0  0]
 [ 1 21 26  5  0  0  0  0  0  0  0  0  0  0  0  0  0  0  0  0  0  0]
 [12 17  0  0  0  0  0  0  0  0  0  0  0  0  0  0  0  0  0  0  0  0]
 [20 13  3 22  0  0  0  0  0  0  0  0  0  0  0  0  0  0  0  0  0  0]
 [20  0  0  0  0  0  0  0  0  0  0  0  0  0  0  0  0  0  0  0  0  0]]
gen= [[ 8 14  4 25  0  0  0  0  0  0  0  0  0  0  0  0  0  0  0  0  0  0]
 [13  9 10  0  0  0  0  0  0  0  0  0  0  0  0  0  0  0  0  0  0  0]
 [27 20  0  0  0  0  0  0  0  0  0  0  0  0  0  0  0  0  0  0  0  0]
 [ 4  0  0  0  0  0  0  0  0  0  0  0  0  0  0  0  0  0  0  0  0  0]
 [ 6  0  0  0  0  0  0  0  0  0  0  0  0  0  0  0  0  0  0  0  0  0]
 [27  8  0  0  0  0  0  0  0  0  0  0  0  0  0  0  0  0  0  0  0  0]
 [ 1 21  5  0  0  0  0  0  0  0  0  0  0  0  0  0  0  0  0  0  0  0]
 [17 12  0  0  0  0  0  0  0  0  0  0  0  0  0  0  0  0  0  0  0  0]
 [13  3 20 22  0  0  0  0  0  0  0  0  0  0  0  0  0  0  0  0  0  0]
 [20  0  0  0  0  0  0  0  0  0  0  0  0  0  0  0  0  0  0  0  0  0]]
valid: gen=0.595
reward: norm=0.9555375815003475
[ 110 iterations]
real= [[13  0  0  0  0  0  0  0  0  0  0  0  0  0  0  0  0  0  0  0  0  0]
 [ 5 25 19 10 15  7  0  0  0  0  0  0  0  0  0  0  0  0  0  0  0  0]
 [27  7  3  9 10 13 15  0  0  0  0  0  0  0  0  0  0  0  0  0  0  0]
 [22  7 17 21  0  0  0  0  0  0  0  0  0  0  0  0  0  0  0  0  0  0]
 [26 19  0  0  0  0  0  0  0  0  0  0  0  0  0  0  0  0  0  0  0  0]
 [15  0  0  0  0  0  0  0  0  0  0  0  0  0  0  0  0  0  0  0  0  0]
 [19  0  0  0  0  0  0  0  0  0  0  0  0  0  0  0  0  0  0  0  0  0]
 [ 1  7 18  3 13  0  0  0  0  0  0  0  0  0  0  0  0  0  0  0  0  0]
 [23  0  0  0  0  0  0  0  0  0  0  0  0  0  0  0  0  0  0  0  0  0]
 [20 28  2 19  7  0  0  0  0  0  0  0  0  0  0  0  0  0  0  0  0  0]]
gen= [[13  0  0  0  0  0  0  0  0  0  0  0  0  0  0  0  0  0  0  0  0  0]
 [25 19  7  0  0  0  0  0  0  0  0  0  0  0  0  0  0  0  0  0  0  0]
 [27 13  0  0  0  0  0  0  0  0  0  0  0  0  0  0  0  0  0  0  0  0]
 [17  7 22  0  0  0  0  0  0  0  0  0  0  0  0  0  0  0  0  0  0  0]
 [26 19  0  0  0  0  0  0  0  0  0  0  0  0  0  0  0  0  0  0  0  0]
 [15  0  0  0  0  0  0  0  0  0  0  0  0  0  0  0  0  0  0  0  0  0]
 [19  0  0  0  0  0  0  0  0  0  0  0  0  0  0  0  0  0  0  0  0  0]
 [ 1 13  0  0  0  0  0  0  0  0  0  0  0  0  0  0  0  0  0  0  0  0]
 [23  0  0  0  0  0  0  0  0  0  0  0  0  0  0  0  0  0  0  0  0  0]
 [19  7 20  0  0  0  0  0  0  0  0  0  0  0  0  0  0  0  0  0  0  0]]
valid: gen=0.443
reward: norm=0.9654906953918773
[ 120 iterations]
real= [[20  0  0  0  0  0  0  0  0  0  0  0  0  0  0  0  0  0  0  0  0  0]
 [10  0  0  0  0  0  0  0  0  0  0  0  0  0  0  0  0  0  0  0  0  0]
 [22  1 11  0  0  0  0  0  0  0  0  0  0  0  0  0  0  0  0  0  0  0]
 [24  0  0  0  0  0  0  0  0  0  0  0  0  0  0  0  0  0  0  0  0  0]
 [16 17 14  5 25  0  0  0  0  0  0  0  0  0  0  0  0  0  0  0  0  0]
 [17  0  0  0  0  0  0  0  0  0  0  0  0  0  0  0  0  0  0  0  0  0]
 [14  0  0  0  0  0  0  0  0  0  0  0  0  0  0  0  0  0  0  0  0  0]
 [ 7  3  9  1  2  4 11  0  0  0  0  0  0  0  0  0  0  0  0  0  0  0]
 [22  6 27  0  0  0  0  0  0  0  0  0  0  0  0  0  0  0  0  0  0  0]
 [ 8 13  0  0  0  0  0  0  0  0  0  0  0  0  0  0  0  0  0  0  0  0]]
gen= [[20  0  0  0  0  0  0  0  0  0  0  0  0  0  0  0  0  0  0  0  0  0]
 [10  0  0  0  0  0  0  0  0  0  0  0  0  0  0  0  0  0  0  0  0  0]
 [ 1 11 22  0  0  0  0  0  0  0  0  0  0  0  0  0  0  0  0  0  0  0]
 [24  0  0  0  0  0  0  0  0  0  0  0  0  0  0  0  0  0  0  0  0  0]
 [16 14 25  0  0  0  0  0  0  0  0  0  0  0  0  0  0  0  0  0  0  0]
 [17  0  0  0  0  0  0  0  0  0  0  0  0  0  0  0  0  0  0  0  0  0]
 [14  0  0  0  0  0  0  0  0  0  0  0  0  0  0  0  0  0  0  0  0  0]
 [ 1 11  7  0  0  0  0  0  0  0  0  0  0  0  0  0  0  0  0  0  0  0]
 [27  6 22  0  0  0  0  0  0  0  0  0  0  0  0  0  0  0  0  0  0  0]
 [ 8 13  0  0  0  0  0  0  0  0  0  0  0  0  0  0  0  0  0  0  0  0]]
valid: gen=0.45
reward: norm=0.9653811783544233
[ 130 iterations]
real= [[22  6 13  3  7  0  0  0  0  0  0  0  0  0  0  0  0  0  0  0  0  0]
 [20  5  6  0  0  0  0  0  0  0  0  0  0  0  0  0  0  0  0  0  0  0]
 [22 18 10  9  1 28 25  0  0  0  0  0  0  0  0  0  0  0  0  0  0  0]
 [11 17  0  0  0  0  0  0  0  0  0  0  0  0  0  0  0  0  0  0  0  0]
 [25  0  0  0  0  0  0  0  0  0  0  0  0  0  0  0  0  0  0  0  0  0]
 [19 17  3 10 12  1  4  5  0  0  0  0  0  0  0  0  0  0  0  0  0  0]
 [28 25  3 16 13 18  0  0  0  0  0  0  0  0  0  0  0  0  0  0  0  0]
 [24  1 20 23 28  0  0  0  0  0  0  0  0  0  0  0  0  0  0  0  0  0]
 [27  8  2  9 25  0  0  0  0  0  0  0  0  0  0  0  0  0  0  0  0  0]
 [ 5  0  0  0  0  0  0  0  0  0  0  0  0  0  0  0  0  0  0  0  0  0]]
gen= [[13  6  7  0  0  0  0  0  0  0  0  0  0  0  0  0  0  0  0  0  0  0]
 [ 5  6 20  0  0  0  0  0  0  0  0  0  0  0  0  0  0  0  0  0  0  0]
 [ 1 10 18  9 22  0  0  0  0  0  0  0  0  0  0  0  0  0  0  0  0  0]
 [11 17  0  0  0  0  0  0  0  0  0  0  0  0  0  0  0  0  0  0  0  0]
 [25  0  0  0  0  0  0  0  0  0  0  0  0  0  0  0  0  0  0  0  0  0]
 [ 5  1 17 10  4  0  0  0  0  0  0  0  0  0  0  0  0  0  0  0  0  0]
 [16 13  0  0  0  0  0  0  0  0  0  0  0  0  0  0  0  0  0  0  0  0]
 [24 28  1 20 23  0  0  0  0  0  0  0  0  0  0  0  0  0  0  0  0  0]
 [27  8  9 25  2  0  0  0  0  0  0  0  0  0  0  0  0  0  0  0  0  0]
 [ 5  0  0  0  0  0  0  0  0  0  0  0  0  0  0  0  0  0  0  0  0  0]]
valid: gen=0.592
reward: norm=0.9581714566427998
[ 140 iterations]
real= [[ 5  8 28  1 21 13 17  0  0  0  0  0  0  0  0  0  0  0  0  0  0  0]
 [24  6 15  3 28  0  0  0  0  0  0  0  0  0  0  0  0  0  0  0  0  0]
 [17 25  0  0  0  0  0  0  0  0  0  0  0  0  0  0  0  0  0  0  0  0]
 [22 24  0  0  0  0  0  0  0  0  0  0  0  0  0  0  0  0  0  0  0  0]
 [ 7 25  2 18 12  0  0  0  0  0  0  0  0  0  0  0  0  0  0  0  0  0]
 [22 24 14 19 12 23  5  0  0  0  0  0  0  0  0  0  0  0  0  0  0  0]
 [22 23  7  5 27 25  0  0  0  0  0  0  0  0  0  0  0  0  0  0  0  0]
 [11  2  0  0  0  0  0  0  0  0  0  0  0  0  0  0  0  0  0  0  0  0]
 [ 4  1 17 21 26 12  0  0  0  0  0  0  0  0  0  0  0  0  0  0  0  0]
 [23 26 22  6 18  4 11  0  0  0  0  0  0  0  0  0  0  0  0  0  0  0]]
gen= [[ 1  8 21 13 17  0  0  0  0  0  0  0  0  0  0  0  0  0  0  0  0  0]
 [24  3 15 28  0  0  0  0  0  0  0  0  0  0  0  0  0  0  0  0  0  0]
 [17 25  0  0  0  0  0  0  0  0  0  0  0  0  0  0  0  0  0  0  0  0]
 [24 22  0  0  0  0  0  0  0  0  0  0  0  0  0  0  0  0  0  0  0  0]
 [ 7 18 25  2  0  0  0  0  0  0  0  0  0  0  0  0  0  0  0  0  0  0]
 [24 19  5 12 23  0  0  0  0  0  0  0  0  0  0  0  0  0  0  0  0  0]
 [27  7  5 25 23 22  0  0  0  0  0  0  0  0  0  0  0  0  0  0  0  0]
 [11  2  0  0  0  0  0  0  0  0  0  0  0  0  0  0  0  0  0  0  0  0]
 [12  1  0  0  0  0  0  0  0  0  0  0  0  0  0  0  0  0  0  0  0  0]
 [18 11  4 26 23  0  0  0  0  0  0  0  0  0  0  0  0  0  0  0  0  0]]
valid: gen=0.582
reward: norm=0.9559971880325491
[ 150 iterations]
real= [[25  8  4 14 23  0  0  0  0  0  0  0  0  0  0  0  0  0  0  0  0  0]
 [ 9 13 10  0  0  0  0  0  0  0  0  0  0  0  0  0  0  0  0  0  0  0]
 [20 27  0  0  0  0  0  0  0  0  0  0  0  0  0  0  0  0  0  0  0  0]
 [ 4  0  0  0  0  0  0  0  0  0  0  0  0  0  0  0  0  0  0  0  0  0]
 [ 6  0  0  0  0  0  0  0  0  0  0  0  0  0  0  0  0  0  0  0  0  0]
 [27  8  1 16 15 26  0  0  0  0  0  0  0  0  0  0  0  0  0  0  0  0]
 [ 1 21 26  5  0  0  0  0  0  0  0  0  0  0  0  0  0  0  0  0  0  0]
 [12 17  0  0  0  0  0  0  0  0  0  0  0  0  0  0  0  0  0  0  0  0]
 [20 13  3 22  0  0  0  0  0  0  0  0  0  0  0  0  0  0  0  0  0  0]
 [20  0  0  0  0  0  0  0  0  0  0  0  0  0  0  0  0  0  0  0  0  0]]
gen= [[ 8 23  4 25  0  0  0  0  0  0  0  0  0  0  0  0  0  0  0  0  0  0]
 [13  9 10  0  0  0  0  0  0  0  0  0  0  0  0  0  0  0  0  0  0  0]
 [27 20  0  0  0  0  0  0  0  0  0  0  0  0  0  0  0  0  0  0  0  0]
 [ 4  0  0  0  0  0  0  0  0  0  0  0  0  0  0  0  0  0  0  0  0  0]
 [ 6  0  0  0  0  0  0  0  0  0  0  0  0  0  0  0  0  0  0  0  0  0]
 [ 8 27  1 15 26  0  0  0  0  0  0  0  0  0  0  0  0  0  0  0  0  0]
 [ 5  1 26  0  0  0  0  0  0  0  0  0  0  0  0  0  0  0  0  0  0  0]
 [17 12  0  0  0  0  0  0  0  0  0  0  0  0  0  0  0  0  0  0  0  0]
 [13  3 20 22  0  0  0  0  0  0  0  0  0  0  0  0  0  0  0  0  0  0]
 [20  0  0  0  0  0  0  0  0  0  0  0  0  0  0  0  0  0  0  0  0  0]]
valid: gen=0.594
reward: norm=0.9564048616908847
[ 160 iterations]
real= [[13  0  0  0  0  0  0  0  0  0  0  0  0  0  0  0  0  0  0  0  0  0]
 [ 5 25 19 10 15  7  0  0  0  0  0  0  0  0  0  0  0  0  0  0  0  0]
 [27  7  3  9 10 13 15  0  0  0  0  0  0  0  0  0  0  0  0  0  0  0]
 [22  7 17 21  0  0  0  0  0  0  0  0  0  0  0  0  0  0  0  0  0  0]
 [26 19  0  0  0  0  0  0  0  0  0  0  0  0  0  0  0  0  0  0  0  0]
 [15  0  0  0  0  0  0  0  0  0  0  0  0  0  0  0  0  0  0  0  0  0]
 [19  0  0  0  0  0  0  0  0  0  0  0  0  0  0  0  0  0  0  0  0  0]
 [ 1  7 18  3 13  0  0  0  0  0  0  0  0  0  0  0  0  0  0  0  0  0]
 [23  0  0  0  0  0  0  0  0  0  0  0  0  0  0  0  0  0  0  0  0  0]
 [20 28  2 19  7  0  0  0  0  0  0  0  0  0  0  0  0  0  0  0  0  0]]
gen= [[13  0  0  0  0  0  0  0  0  0  0  0  0  0  0  0  0  0  0  0  0  0]
 [10  7 25  0  0  0  0  0  0  0  0  0  0  0  0  0  0  0  0  0  0  0]
 [27 13  0  0  0  0  0  0  0  0  0  0  0  0  0  0  0  0  0  0  0  0]
 [17  7 22  0  0  0  0  0  0  0  0  0  0  0  0  0  0  0  0  0  0  0]
 [19 26  0  0  0  0  0  0  0  0  0  0  0  0  0  0  0  0  0  0  0  0]
 [15  0  0  0  0  0  0  0  0  0  0  0  0  0  0  0  0  0  0  0  0  0]
 [19  0  0  0  0  0  0  0  0  0  0  0  0  0  0  0  0  0  0  0  0  0]
 [ 1 13  0  0  0  0  0  0  0  0  0  0  0  0  0  0  0  0  0  0  0  0]
 [23  0  0  0  0  0  0  0  0  0  0  0  0  0  0  0  0  0  0  0  0  0]
 [ 7  2 19  0  0  0  0  0  0  0  0  0  0  0  0  0  0  0  0  0  0  0]]
valid: gen=0.436
reward: norm=0.9641485060518079
[ 170 iterations]
real= [[20  0  0  0  0  0  0  0  0  0  0  0  0  0  0  0  0  0  0  0  0  0]
 [10  0  0  0  0  0  0  0  0  0  0  0  0  0  0  0  0  0  0  0  0  0]
 [22  1 11  0  0  0  0  0  0  0  0  0  0  0  0  0  0  0  0  0  0  0]
 [24  0  0  0  0  0  0  0  0  0  0  0  0  0  0  0  0  0  0  0  0  0]
 [16 17 14  5 25  0  0  0  0  0  0  0  0  0  0  0  0  0  0  0  0  0]
 [17  0  0  0  0  0  0  0  0  0  0  0  0  0  0  0  0  0  0  0  0  0]
 [14  0  0  0  0  0  0  0  0  0  0  0  0  0  0  0  0  0  0  0  0  0]
 [ 7  3  9  1  2  4 11  0  0  0  0  0  0  0  0  0  0  0  0  0  0  0]
 [22  6 27  0  0  0  0  0  0  0  0  0  0  0  0  0  0  0  0  0  0  0]
 [ 8 13  0  0  0  0  0  0  0  0  0  0  0  0  0  0  0  0  0  0  0  0]]
gen= [[20  0  0  0  0  0  0  0  0  0  0  0  0  0  0  0  0  0  0  0  0  0]
 [10  0  0  0  0  0  0  0  0  0  0  0  0  0  0  0  0  0  0  0  0  0]
 [ 1 11 22  0  0  0  0  0  0  0  0  0  0  0  0  0  0  0  0  0  0  0]
 [24  0  0  0  0  0  0  0  0  0  0  0  0  0  0  0  0  0  0  0  0  0]
 [16  5 25  0  0  0  0  0  0  0  0  0  0  0  0  0  0  0  0  0  0  0]
 [17  0  0  0  0  0  0  0  0  0  0  0  0  0  0  0  0  0  0  0  0  0]
 [14  0  0  0  0  0  0  0  0  0  0  0  0  0  0  0  0  0  0  0  0  0]
 [ 1 11  2  0  0  0  0  0  0  0  0  0  0  0  0  0  0  0  0  0  0  0]
 [27  6 22  0  0  0  0  0  0  0  0  0  0  0  0  0  0  0  0  0  0  0]
 [ 8 13  0  0  0  0  0  0  0  0  0  0  0  0  0  0  0  0  0  0  0  0]]
valid: gen=0.447
reward: norm=0.9650652232401334
[ 180 iterations]
real= [[22  6 13  3  7  0  0  0  0  0  0  0  0  0  0  0  0  0  0  0  0  0]
 [20  5  6  0  0  0  0  0  0  0  0  0  0  0  0  0  0  0  0  0  0  0]
 [22 18 10  9  1 28 25  0  0  0  0  0  0  0  0  0  0  0  0  0  0  0]
 [11 17  0  0  0  0  0  0  0  0  0  0  0  0  0  0  0  0  0  0  0  0]
 [25  0  0  0  0  0  0  0  0  0  0  0  0  0  0  0  0  0  0  0  0  0]
 [19 17  3 10 12  1  4  5  0  0  0  0  0  0  0  0  0  0  0  0  0  0]
 [28 25  3 16 13 18  0  0  0  0  0  0  0  0  0  0  0  0  0  0  0  0]
 [24  1 20 23 28  0  0  0  0  0  0  0  0  0  0  0  0  0  0  0  0  0]
 [27  8  2  9 25  0  0  0  0  0  0  0  0  0  0  0  0  0  0  0  0  0]
 [ 5  0  0  0  0  0  0  0  0  0  0  0  0  0  0  0  0  0  0  0  0  0]]
gen= [[13  7 22  0  0  0  0  0  0  0  0  0  0  0  0  0  0  0  0  0  0  0]
 [ 6 20  5  0  0  0  0  0  0  0  0  0  0  0  0  0  0  0  0  0  0  0]
 [ 1 18  9 10  0  0  0  0  0  0  0  0  0  0  0  0  0  0  0  0  0  0]
 [11 17  0  0  0  0  0  0  0  0  0  0  0  0  0  0  0  0  0  0  0  0]
 [25  0  0  0  0  0  0  0  0  0  0  0  0  0  0  0  0  0  0  0  0  0]
 [ 1  5  4 19 10  0  0  0  0  0  0  0  0  0  0  0  0  0  0  0  0  0]
 [16 13  0  0  0  0  0  0  0  0  0  0  0  0  0  0  0  0  0  0  0  0]
 [24  1 20 28 23  0  0  0  0  0  0  0  0  0  0  0  0  0  0  0  0  0]
 [27  8  9 25  2  0  0  0  0  0  0  0  0  0  0  0  0  0  0  0  0  0]
 [ 5  0  0  0  0  0  0  0  0  0  0  0  0  0  0  0  0  0  0  0  0  0]]
valid: gen=0.616
reward: norm=0.9568371399229578
[ 190 iterations]
real= [[ 5  8 28  1 21 13 17  0  0  0  0  0  0  0  0  0  0  0  0  0  0  0]
 [24  6 15  3 28  0  0  0  0  0  0  0  0  0  0  0  0  0  0  0  0  0]
 [17 25  0  0  0  0  0  0  0  0  0  0  0  0  0  0  0  0  0  0  0  0]
 [22 24  0  0  0  0  0  0  0  0  0  0  0  0  0  0  0  0  0  0  0  0]
 [ 7 25  2 18 12  0  0  0  0  0  0  0  0  0  0  0  0  0  0  0  0  0]
 [22 24 14 19 12 23  5  0  0  0  0  0  0  0  0  0  0  0  0  0  0  0]
 [22 23  7  5 27 25  0  0  0  0  0  0  0  0  0  0  0  0  0  0  0  0]
 [11  2  0  0  0  0  0  0  0  0  0  0  0  0  0  0  0  0  0  0  0  0]
 [ 4  1 17 21 26 12  0  0  0  0  0  0  0  0  0  0  0  0  0  0  0  0]
 [23 26 22  6 18  4 11  0  0  0  0  0  0  0  0  0  0  0  0  0  0  0]]
gen= [[ 8  1 21 17 13  0  0  0  0  0  0  0  0  0  0  0  0  0  0  0  0  0]
 [24  3 15  6  0  0  0  0  0  0  0  0  0  0  0  0  0  0  0  0  0  0]
 [17 25  0  0  0  0  0  0  0  0  0  0  0  0  0  0  0  0  0  0  0  0]
 [24 22  0  0  0  0  0  0  0  0  0  0  0  0  0  0  0  0  0  0  0  0]
 [18  7  2 25  0  0  0  0  0  0  0  0  0  0  0  0  0  0  0  0  0  0]
 [24 14 19 12 23 22  0  0  0  0  0  0  0  0  0  0  0  0  0  0  0  0]
 [27 25  7 23  5  0  0  0  0  0  0  0  0  0  0  0  0  0  0  0  0  0]
 [11  2  0  0  0  0  0  0  0  0  0  0  0  0  0  0  0  0  0  0  0  0]
 [ 1 17 21 12 26  0  0  0  0  0  0  0  0  0  0  0  0  0  0  0  0  0]
 [11 26 18  4 23  0  0  0  0  0  0  0  0  0  0  0  0  0  0  0  0  0]]
valid: gen=0.58
reward: norm=0.9548755891522406
[ 200 iterations]
real= [[25  8  4 14 23  0  0  0  0  0  0  0  0  0  0  0  0  0  0  0  0  0]
 [ 9 13 10  0  0  0  0  0  0  0  0  0  0  0  0  0  0  0  0  0  0  0]
 [20 27  0  0  0  0  0  0  0  0  0  0  0  0  0  0  0  0  0  0  0  0]
 [ 4  0  0  0  0  0  0  0  0  0  0  0  0  0  0  0  0  0  0  0  0  0]
 [ 6  0  0  0  0  0  0  0  0  0  0  0  0  0  0  0  0  0  0  0  0  0]
 [27  8  1 16 15 26  0  0  0  0  0  0  0  0  0  0  0  0  0  0  0  0]
 [ 1 21 26  5  0  0  0  0  0  0  0  0  0  0  0  0  0  0  0  0  0  0]
 [12 17  0  0  0  0  0  0  0  0  0  0  0  0  0  0  0  0  0  0  0  0]
 [20 13  3 22  0  0  0  0  0  0  0  0  0  0  0  0  0  0  0  0  0  0]
 [20  0  0  0  0  0  0  0  0  0  0  0  0  0  0  0  0  0  0  0  0  0]]
gen= [[ 8 14  4 25  0  0  0  0  0  0  0  0  0  0  0  0  0  0  0  0  0  0]
 [13  9 10  0  0  0  0  0  0  0  0  0  0  0  0  0  0  0  0  0  0  0]
 [27 20  0  0  0  0  0  0  0  0  0  0  0  0  0  0  0  0  0  0  0  0]
 [ 4  0  0  0  0  0  0  0  0  0  0  0  0  0  0  0  0  0  0  0  0  0]
 [ 6  0  0  0  0  0  0  0  0  0  0  0  0  0  0  0  0  0  0  0  0  0]
 [27  8  0  0  0  0  0  0  0  0  0  0  0  0  0  0  0  0  0  0  0  0]
 [ 1 21  5  0  0  0  0  0  0  0  0  0  0  0  0  0  0  0  0  0  0  0]
 [17 12  0  0  0  0  0  0  0  0  0  0  0  0  0  0  0  0  0  0  0  0]
 [13  3 22 20  0  0  0  0  0  0  0  0  0  0  0  0  0  0  0  0  0  0]
 [20  0  0  0  0  0  0  0  0  0  0  0  0  0  0  0  0  0  0  0  0  0]]
valid: gen=0.606
reward: norm=0.9556305796284977
[ 210 iterations]
real= [[13  0  0  0  0  0  0  0  0  0  0  0  0  0  0  0  0  0  0  0  0  0]
 [ 5 25 19 10 15  7  0  0  0  0  0  0  0  0  0  0  0  0  0  0  0  0]
 [27  7  3  9 10 13 15  0  0  0  0  0  0  0  0  0  0  0  0  0  0  0]
 [22  7 17 21  0  0  0  0  0  0  0  0  0  0  0  0  0  0  0  0  0  0]
 [26 19  0  0  0  0  0  0  0  0  0  0  0  0  0  0  0  0  0  0  0  0]
 [15  0  0  0  0  0  0  0  0  0  0  0  0  0  0  0  0  0  0  0  0  0]
 [19  0  0  0  0  0  0  0  0  0  0  0  0  0  0  0  0  0  0  0  0  0]
 [ 1  7 18  3 13  0  0  0  0  0  0  0  0  0  0  0  0  0  0  0  0  0]
 [23  0  0  0  0  0  0  0  0  0  0  0  0  0  0  0  0  0  0  0  0  0]
 [20 28  2 19  7  0  0  0  0  0  0  0  0  0  0  0  0  0  0  0  0  0]]
gen= [[13  0  0  0  0  0  0  0  0  0  0  0  0  0  0  0  0  0  0  0  0  0]
 [ 7  5 19  0  0  0  0  0  0  0  0  0  0  0  0  0  0  0  0  0  0  0]
 [27 13  0  0  0  0  0  0  0  0  0  0  0  0  0  0  0  0  0  0  0  0]
 [ 7 22 17  0  0  0  0  0  0  0  0  0  0  0  0  0  0  0  0  0  0  0]
 [26 19  0  0  0  0  0  0  0  0  0  0  0  0  0  0  0  0  0  0  0  0]
 [15  0  0  0  0  0  0  0  0  0  0  0  0  0  0  0  0  0  0  0  0  0]
 [19  0  0  0  0  0  0  0  0  0  0  0  0  0  0  0  0  0  0  0  0  0]
 [13  1 18  0  0  0  0  0  0  0  0  0  0  0  0  0  0  0  0  0  0  0]
 [23  0  0  0  0  0  0  0  0  0  0  0  0  0  0  0  0  0  0  0  0  0]
 [ 7 19 28  0  0  0  0  0  0  0  0  0  0  0  0  0  0  0  0  0  0  0]]
valid: gen=0.431
reward: norm=0.964141101322182
[ 220 iterations]
real= [[20  0  0  0  0  0  0  0  0  0  0  0  0  0  0  0  0  0  0  0  0  0]
 [10  0  0  0  0  0  0  0  0  0  0  0  0  0  0  0  0  0  0  0  0  0]
 [22  1 11  0  0  0  0  0  0  0  0  0  0  0  0  0  0  0  0  0  0  0]
 [24  0  0  0  0  0  0  0  0  0  0  0  0  0  0  0  0  0  0  0  0  0]
 [16 17 14  5 25  0  0  0  0  0  0  0  0  0  0  0  0  0  0  0  0  0]
 [17  0  0  0  0  0  0  0  0  0  0  0  0  0  0  0  0  0  0  0  0  0]
 [14  0  0  0  0  0  0  0  0  0  0  0  0  0  0  0  0  0  0  0  0  0]
 [ 7  3  9  1  2  4 11  0  0  0  0  0  0  0  0  0  0  0  0  0  0  0]
 [22  6 27  0  0  0  0  0  0  0  0  0  0  0  0  0  0  0  0  0  0  0]
 [ 8 13  0  0  0  0  0  0  0  0  0  0  0  0  0  0  0  0  0  0  0  0]]
gen= [[20  0  0  0  0  0  0  0  0  0  0  0  0  0  0  0  0  0  0  0  0  0]
 [10  0  0  0  0  0  0  0  0  0  0  0  0  0  0  0  0  0  0  0  0  0]
 [ 1 11 22  0  0  0  0  0  0  0  0  0  0  0  0  0  0  0  0  0  0  0]
 [24  0  0  0  0  0  0  0  0  0  0  0  0  0  0  0  0  0  0  0  0  0]
 [ 5 14 16  0  0  0  0  0  0  0  0  0  0  0  0  0  0  0  0  0  0  0]
 [17  0  0  0  0  0  0  0  0  0  0  0  0  0  0  0  0  0  0  0  0  0]
 [14  0  0  0  0  0  0  0  0  0  0  0  0  0  0  0  0  0  0  0  0  0]
 [ 1 11  7  0  0  0  0  0  0  0  0  0  0  0  0  0  0  0  0  0  0  0]
 [27  6 22  0  0  0  0  0  0  0  0  0  0  0  0  0  0  0  0  0  0  0]
 [ 8 13  0  0  0  0  0  0  0  0  0  0  0  0  0  0  0  0  0  0  0  0]]
valid: gen=0.447
reward: norm=0.965409064441817
[ 230 iterations]
real= [[22  6 13  3  7  0  0  0  0  0  0  0  0  0  0  0  0  0  0  0  0  0]
 [20  5  6  0  0  0  0  0  0  0  0  0  0  0  0  0  0  0  0  0  0  0]
 [22 18 10  9  1 28 25  0  0  0  0  0  0  0  0  0  0  0  0  0  0  0]
 [11 17  0  0  0  0  0  0  0  0  0  0  0  0  0  0  0  0  0  0  0  0]
 [25  0  0  0  0  0  0  0  0  0  0  0  0  0  0  0  0  0  0  0  0  0]
 [19 17  3 10 12  1  4  5  0  0  0  0  0  0  0  0  0  0  0  0  0  0]
 [28 25  3 16 13 18  0  0  0  0  0  0  0  0  0  0  0  0  0  0  0  0]
 [24  1 20 23 28  0  0  0  0  0  0  0  0  0  0  0  0  0  0  0  0  0]
 [27  8  2  9 25  0  0  0  0  0  0  0  0  0  0  0  0  0  0  0  0  0]
 [ 5  0  0  0  0  0  0  0  0  0  0  0  0  0  0  0  0  0  0  0  0  0]]
gen= [[ 7 13  6 22  0  0  0  0  0  0  0  0  0  0  0  0  0  0  0  0  0  0]
 [ 5  6 20  0  0  0  0  0  0  0  0  0  0  0  0  0  0  0  0  0  0  0]
 [ 1 18  9 10  0  0  0  0  0  0  0  0  0  0  0  0  0  0  0  0  0  0]
 [11 17  0  0  0  0  0  0  0  0  0  0  0  0  0  0  0  0  0  0  0  0]
 [25  0  0  0  0  0  0  0  0  0  0  0  0  0  0  0  0  0  0  0  0  0]
 [ 1  5  4 12 19 17  0  0  0  0  0  0  0  0  0  0  0  0  0  0  0  0]
 [16 13 18  3 28  0  0  0  0  0  0  0  0  0  0  0  0  0  0  0  0  0]
 [24 28 20  1 23  0  0  0  0  0  0  0  0  0  0  0  0  0  0  0  0  0]
 [27  8 25  9  2  0  0  0  0  0  0  0  0  0  0  0  0  0  0  0  0  0]
 [ 5  0  0  0  0  0  0  0  0  0  0  0  0  0  0  0  0  0  0  0  0  0]]
valid: gen=0.629
reward: norm=0.9569873688567114
[ 240 iterations]
real= [[ 5  8 28  1 21 13 17  0  0  0  0  0  0  0  0  0  0  0  0  0  0  0]
 [24  6 15  3 28  0  0  0  0  0  0  0  0  0  0  0  0  0  0  0  0  0]
 [17 25  0  0  0  0  0  0  0  0  0  0  0  0  0  0  0  0  0  0  0  0]
 [22 24  0  0  0  0  0  0  0  0  0  0  0  0  0  0  0  0  0  0  0  0]
 [ 7 25  2 18 12  0  0  0  0  0  0  0  0  0  0  0  0  0  0  0  0  0]
 [22 24 14 19 12 23  5  0  0  0  0  0  0  0  0  0  0  0  0  0  0  0]
 [22 23  7  5 27 25  0  0  0  0  0  0  0  0  0  0  0  0  0  0  0  0]
 [11  2  0  0  0  0  0  0  0  0  0  0  0  0  0  0  0  0  0  0  0  0]
 [ 4  1 17 21 26 12  0  0  0  0  0  0  0  0  0  0  0  0  0  0  0  0]
 [23 26 22  6 18  4 11  0  0  0  0  0  0  0  0  0  0  0  0  0  0  0]]
gen= [[ 1  8 21 13 17  0  0  0  0  0  0  0  0  0  0  0  0  0  0  0  0  0]
 [24  6  3 15  0  0  0  0  0  0  0  0  0  0  0  0  0  0  0  0  0  0]
 [17 25  0  0  0  0  0  0  0  0  0  0  0  0  0  0  0  0  0  0  0  0]
 [24 22  0  0  0  0  0  0  0  0  0  0  0  0  0  0  0  0  0  0  0  0]
 [ 7 18  2 12  0  0  0  0  0  0  0  0  0  0  0  0  0  0  0  0  0  0]
 [24 14 23 12 19  5  0  0  0  0  0  0  0  0  0  0  0  0  0  0  0  0]
 [27  7 23 22  0  0  0  0  0  0  0  0  0  0  0  0  0  0  0  0  0  0]
 [11  2  0  0  0  0  0  0  0  0  0  0  0  0  0  0  0  0  0  0  0  0]
 [ 1  4 21 17 12  0  0  0  0  0  0  0  0  0  0  0  0  0  0  0  0  0]
 [11 18  6 26 23  0  0  0  0  0  0  0  0  0  0  0  0  0  0  0  0  0]]
valid: gen=0.581
reward: norm=0.9559852662814653
[ 250 iterations]
real= [[25  8  4 14 23  0  0  0  0  0  0  0  0  0  0  0  0  0  0  0  0  0]
 [ 9 13 10  0  0  0  0  0  0  0  0  0  0  0  0  0  0  0  0  0  0  0]
 [20 27  0  0  0  0  0  0  0  0  0  0  0  0  0  0  0  0  0  0  0  0]
 [ 4  0  0  0  0  0  0  0  0  0  0  0  0  0  0  0  0  0  0  0  0  0]
 [ 6  0  0  0  0  0  0  0  0  0  0  0  0  0  0  0  0  0  0  0  0  0]
 [27  8  1 16 15 26  0  0  0  0  0  0  0  0  0  0  0  0  0  0  0  0]
 [ 1 21 26  5  0  0  0  0  0  0  0  0  0  0  0  0  0  0  0  0  0  0]
 [12 17  0  0  0  0  0  0  0  0  0  0  0  0  0  0  0  0  0  0  0  0]
 [20 13  3 22  0  0  0  0  0  0  0  0  0  0  0  0  0  0  0  0  0  0]
 [20  0  0  0  0  0  0  0  0  0  0  0  0  0  0  0  0  0  0  0  0  0]]
gen= [[ 8 14 25  4  0  0  0  0  0  0  0  0  0  0  0  0  0  0  0  0  0  0]
 [13 10  9  0  0  0  0  0  0  0  0  0  0  0  0  0  0  0  0  0  0  0]
 [27 20  0  0  0  0  0  0  0  0  0  0  0  0  0  0  0  0  0  0  0  0]
 [ 4  0  0  0  0  0  0  0  0  0  0  0  0  0  0  0  0  0  0  0  0  0]
 [ 6  0  0  0  0  0  0  0  0  0  0  0  0  0  0  0  0  0  0  0  0  0]
 [27  8  0  0  0  0  0  0  0  0  0  0  0  0  0  0  0  0  0  0  0  0]
 [ 1  5 26  0  0  0  0  0  0  0  0  0  0  0  0  0  0  0  0  0  0  0]
 [17 12  0  0  0  0  0  0  0  0  0  0  0  0  0  0  0  0  0  0  0  0]
 [13  3 20 22  0  0  0  0  0  0  0  0  0  0  0  0  0  0  0  0  0  0]
 [20  0  0  0  0  0  0  0  0  0  0  0  0  0  0  0  0  0  0  0  0  0]]
valid: gen=0.615
reward: norm=0.9564064056334427
[ 260 iterations]
real= [[13  0  0  0  0  0  0  0  0  0  0  0  0  0  0  0  0  0  0  0  0  0]
 [ 5 25 19 10 15  7  0  0  0  0  0  0  0  0  0  0  0  0  0  0  0  0]
 [27  7  3  9 10 13 15  0  0  0  0  0  0  0  0  0  0  0  0  0  0  0]
 [22  7 17 21  0  0  0  0  0  0  0  0  0  0  0  0  0  0  0  0  0  0]
 [26 19  0  0  0  0  0  0  0  0  0  0  0  0  0  0  0  0  0  0  0  0]
 [15  0  0  0  0  0  0  0  0  0  0  0  0  0  0  0  0  0  0  0  0  0]
 [19  0  0  0  0  0  0  0  0  0  0  0  0  0  0  0  0  0  0  0  0  0]
 [ 1  7 18  3 13  0  0  0  0  0  0  0  0  0  0  0  0  0  0  0  0  0]
 [23  0  0  0  0  0  0  0  0  0  0  0  0  0  0  0  0  0  0  0  0  0]
 [20 28  2 19  7  0  0  0  0  0  0  0  0  0  0  0  0  0  0  0  0  0]]
gen= [[13  0  0  0  0  0  0  0  0  0  0  0  0  0  0  0  0  0  0  0  0  0]
 [ 7 19 10  0  0  0  0  0  0  0  0  0  0  0  0  0  0  0  0  0  0  0]
 [27 13  0  0  0  0  0  0  0  0  0  0  0  0  0  0  0  0  0  0  0  0]
 [17  7 22  0  0  0  0  0  0  0  0  0  0  0  0  0  0  0  0  0  0  0]
 [19 26  0  0  0  0  0  0  0  0  0  0  0  0  0  0  0  0  0  0  0  0]
 [15  0  0  0  0  0  0  0  0  0  0  0  0  0  0  0  0  0  0  0  0  0]
 [19  0  0  0  0  0  0  0  0  0  0  0  0  0  0  0  0  0  0  0  0  0]
 [ 1 13  0  0  0  0  0  0  0  0  0  0  0  0  0  0  0  0  0  0  0  0]
 [23  0  0  0  0  0  0  0  0  0  0  0  0  0  0  0  0  0  0  0  0  0]
 [19  7 20  0  0  0  0  0  0  0  0  0  0  0  0  0  0  0  0  0  0  0]]
valid: gen=0.433
reward: norm=0.9642422976383652
[ 270 iterations]
real= [[20  0  0  0  0  0  0  0  0  0  0  0  0  0  0  0  0  0  0  0  0  0]
 [10  0  0  0  0  0  0  0  0  0  0  0  0  0  0  0  0  0  0  0  0  0]
 [22  1 11  0  0  0  0  0  0  0  0  0  0  0  0  0  0  0  0  0  0  0]
 [24  0  0  0  0  0  0  0  0  0  0  0  0  0  0  0  0  0  0  0  0  0]
 [16 17 14  5 25  0  0  0  0  0  0  0  0  0  0  0  0  0  0  0  0  0]
 [17  0  0  0  0  0  0  0  0  0  0  0  0  0  0  0  0  0  0  0  0  0]
 [14  0  0  0  0  0  0  0  0  0  0  0  0  0  0  0  0  0  0  0  0  0]
 [ 7  3  9  1  2  4 11  0  0  0  0  0  0  0  0  0  0  0  0  0  0  0]
 [22  6 27  0  0  0  0  0  0  0  0  0  0  0  0  0  0  0  0  0  0  0]
 [ 8 13  0  0  0  0  0  0  0  0  0  0  0  0  0  0  0  0  0  0  0  0]]
gen= [[20  0  0  0  0  0  0  0  0  0  0  0  0  0  0  0  0  0  0  0  0  0]
 [10  0  0  0  0  0  0  0  0  0  0  0  0  0  0  0  0  0  0  0  0  0]
 [11  1 22  0  0  0  0  0  0  0  0  0  0  0  0  0  0  0  0  0  0  0]
 [24  0  0  0  0  0  0  0  0  0  0  0  0  0  0  0  0  0  0  0  0  0]
 [25  5 16  0  0  0  0  0  0  0  0  0  0  0  0  0  0  0  0  0  0  0]
 [17  0  0  0  0  0  0  0  0  0  0  0  0  0  0  0  0  0  0  0  0  0]
 [14  0  0  0  0  0  0  0  0  0  0  0  0  0  0  0  0  0  0  0  0  0]
 [ 1 11  7  0  0  0  0  0  0  0  0  0  0  0  0  0  0  0  0  0  0  0]
 [27 22  6  0  0  0  0  0  0  0  0  0  0  0  0  0  0  0  0  0  0  0]
 [ 8 13  0  0  0  0  0  0  0  0  0  0  0  0  0  0  0  0  0  0  0  0]]
valid: gen=0.45
reward: norm=0.9671437085982681
[ 280 iterations]
real= [[22  6 13  3  7  0  0  0  0  0  0  0  0  0  0  0  0  0  0  0  0  0]
 [20  5  6  0  0  0  0  0  0  0  0  0  0  0  0  0  0  0  0  0  0  0]
 [22 18 10  9  1 28 25  0  0  0  0  0  0  0  0  0  0  0  0  0  0  0]
 [11 17  0  0  0  0  0  0  0  0  0  0  0  0  0  0  0  0  0  0  0  0]
 [25  0  0  0  0  0  0  0  0  0  0  0  0  0  0  0  0  0  0  0  0  0]
 [19 17  3 10 12  1  4  5  0  0  0  0  0  0  0  0  0  0  0  0  0  0]
 [28 25  3 16 13 18  0  0  0  0  0  0  0  0  0  0  0  0  0  0  0  0]
 [24  1 20 23 28  0  0  0  0  0  0  0  0  0  0  0  0  0  0  0  0  0]
 [27  8  2  9 25  0  0  0  0  0  0  0  0  0  0  0  0  0  0  0  0  0]
 [ 5  0  0  0  0  0  0  0  0  0  0  0  0  0  0  0  0  0  0  0  0  0]]
gen= [[ 6 13  7  0  0  0  0  0  0  0  0  0  0  0  0  0  0  0  0  0  0  0]
 [ 5 20  0  0  0  0  0  0  0  0  0  0  0  0  0  0  0  0  0  0  0  0]
 [ 1  9 18 10 28  0  0  0  0  0  0  0  0  0  0  0  0  0  0  0  0  0]
 [11 17  0  0  0  0  0  0  0  0  0  0  0  0  0  0  0  0  0  0  0  0]
 [25  0  0  0  0  0  0  0  0  0  0  0  0  0  0  0  0  0  0  0  0  0]
 [ 5  1  4  0  0  0  0  0  0  0  0  0  0  0  0  0  0  0  0  0  0  0]
 [13 18 16  3  0  0  0  0  0  0  0  0  0  0  0  0  0  0  0  0  0  0]
 [24  1 20 23 28  0  0  0  0  0  0  0  0  0  0  0  0  0  0  0  0  0]
 [27  8  9 25  2  0  0  0  0  0  0  0  0  0  0  0  0  0  0  0  0  0]
 [ 5  0  0  0  0  0  0  0  0  0  0  0  0  0  0  0  0  0  0  0  0  0]]
valid: gen=0.572
reward: norm=0.9576061620810256
[ 290 iterations]
real= [[ 5  8 28  1 21 13 17  0  0  0  0  0  0  0  0  0  0  0  0  0  0  0]
 [24  6 15  3 28  0  0  0  0  0  0  0  0  0  0  0  0  0  0  0  0  0]
 [17 25  0  0  0  0  0  0  0  0  0  0  0  0  0  0  0  0  0  0  0  0]
 [22 24  0  0  0  0  0  0  0  0  0  0  0  0  0  0  0  0  0  0  0  0]
 [ 7 25  2 18 12  0  0  0  0  0  0  0  0  0  0  0  0  0  0  0  0  0]
 [22 24 14 19 12 23  5  0  0  0  0  0  0  0  0  0  0  0  0  0  0  0]
 [22 23  7  5 27 25  0  0  0  0  0  0  0  0  0  0  0  0  0  0  0  0]
 [11  2  0  0  0  0  0  0  0  0  0  0  0  0  0  0  0  0  0  0  0  0]
 [ 4  1 17 21 26 12  0  0  0  0  0  0  0  0  0  0  0  0  0  0  0  0]
 [23 26 22  6 18  4 11  0  0  0  0  0  0  0  0  0  0  0  0  0  0  0]]
gen= [[ 1  8 21 13 17  0  0  0  0  0  0  0  0  0  0  0  0  0  0  0  0  0]
 [24  3 28 15  0  0  0  0  0  0  0  0  0  0  0  0  0  0  0  0  0  0]
 [25 17  0  0  0  0  0  0  0  0  0  0  0  0  0  0  0  0  0  0  0  0]
 [24 22  0  0  0  0  0  0  0  0  0  0  0  0  0  0  0  0  0  0  0  0]
 [ 7 25 18 12  0  0  0  0  0  0  0  0  0  0  0  0  0  0  0  0  0  0]
 [24 14 12 23 19  5  0  0  0  0  0  0  0  0  0  0  0  0  0  0  0  0]
 [27  7  5 23 25  0  0  0  0  0  0  0  0  0  0  0  0  0  0  0  0  0]
 [ 2 11  0  0  0  0  0  0  0  0  0  0  0  0  0  0  0  0  0  0  0  0]
 [ 1 12 21  4  0  0  0  0  0  0  0  0  0  0  0  0  0  0  0  0  0  0]
 [23 18  4 26 22  0  0  0  0  0  0  0  0  0  0  0  0  0  0  0  0  0]]
valid: gen=0.586
reward: norm=0.955986427055088
[ 300 iterations]
real= [[25  8  4 14 23  0  0  0  0  0  0  0  0  0  0  0  0  0  0  0  0  0]
 [ 9 13 10  0  0  0  0  0  0  0  0  0  0  0  0  0  0  0  0  0  0  0]
 [20 27  0  0  0  0  0  0  0  0  0  0  0  0  0  0  0  0  0  0  0  0]
 [ 4  0  0  0  0  0  0  0  0  0  0  0  0  0  0  0  0  0  0  0  0  0]
 [ 6  0  0  0  0  0  0  0  0  0  0  0  0  0  0  0  0  0  0  0  0  0]
 [27  8  1 16 15 26  0  0  0  0  0  0  0  0  0  0  0  0  0  0  0  0]
 [ 1 21 26  5  0  0  0  0  0  0  0  0  0  0  0  0  0  0  0  0  0  0]
 [12 17  0  0  0  0  0  0  0  0  0  0  0  0  0  0  0  0  0  0  0  0]
 [20 13  3 22  0  0  0  0  0  0  0  0  0  0  0  0  0  0  0  0  0  0]
 [20  0  0  0  0  0  0  0  0  0  0  0  0  0  0  0  0  0  0  0  0  0]]
gen= [[ 8 25 14  4 23  0  0  0  0  0  0  0  0  0  0  0  0  0  0  0  0  0]
 [13  9 10  0  0  0  0  0  0  0  0  0  0  0  0  0  0  0  0  0  0  0]
 [27 20  0  0  0  0  0  0  0  0  0  0  0  0  0  0  0  0  0  0  0  0]
 [ 4  0  0  0  0  0  0  0  0  0  0  0  0  0  0  0  0  0  0  0  0  0]
 [ 6  0  0  0  0  0  0  0  0  0  0  0  0  0  0  0  0  0  0  0  0  0]
 [27  1 15 26  0  0  0  0  0  0  0  0  0  0  0  0  0  0  0  0  0  0]
 [ 1  5 21 26  0  0  0  0  0  0  0  0  0  0  0  0  0  0  0  0  0  0]
 [17 12  0  0  0  0  0  0  0  0  0  0  0  0  0  0  0  0  0  0  0  0]
 [13  3 20 22  0  0  0  0  0  0  0  0  0  0  0  0  0  0  0  0  0  0]
 [20  0  0  0  0  0  0  0  0  0  0  0  0  0  0  0  0  0  0  0  0  0]]
valid: gen=0.609
reward: norm=0.9591912280695202
[ 310 iterations]
real= [[13  0  0  0  0  0  0  0  0  0  0  0  0  0  0  0  0  0  0  0  0  0]
 [ 5 25 19 10 15  7  0  0  0  0  0  0  0  0  0  0  0  0  0  0  0  0]
 [27  7  3  9 10 13 15  0  0  0  0  0  0  0  0  0  0  0  0  0  0  0]
 [22  7 17 21  0  0  0  0  0  0  0  0  0  0  0  0  0  0  0  0  0  0]
 [26 19  0  0  0  0  0  0  0  0  0  0  0  0  0  0  0  0  0  0  0  0]
 [15  0  0  0  0  0  0  0  0  0  0  0  0  0  0  0  0  0  0  0  0  0]
 [19  0  0  0  0  0  0  0  0  0  0  0  0  0  0  0  0  0  0  0  0  0]
 [ 1  7 18  3 13  0  0  0  0  0  0  0  0  0  0  0  0  0  0  0  0  0]
 [23  0  0  0  0  0  0  0  0  0  0  0  0  0  0  0  0  0  0  0  0  0]
 [20 28  2 19  7  0  0  0  0  0  0  0  0  0  0  0  0  0  0  0  0  0]]
gen= [[13  0  0  0  0  0  0  0  0  0  0  0  0  0  0  0  0  0  0  0  0  0]
 [ 7 19 25  0  0  0  0  0  0  0  0  0  0  0  0  0  0  0  0  0  0  0]
 [27 13  0  0  0  0  0  0  0  0  0  0  0  0  0  0  0  0  0  0  0  0]
 [21 22  7  0  0  0  0  0  0  0  0  0  0  0  0  0  0  0  0  0  0  0]
 [19 26  0  0  0  0  0  0  0  0  0  0  0  0  0  0  0  0  0  0  0  0]
 [15  0  0  0  0  0  0  0  0  0  0  0  0  0  0  0  0  0  0  0  0  0]
 [19  0  0  0  0  0  0  0  0  0  0  0  0  0  0  0  0  0  0  0  0  0]
 [ 1 18  7  0  0  0  0  0  0  0  0  0  0  0  0  0  0  0  0  0  0  0]
 [23  0  0  0  0  0  0  0  0  0  0  0  0  0  0  0  0  0  0  0  0  0]
 [ 7 28  2  0  0  0  0  0  0  0  0  0  0  0  0  0  0  0  0  0  0  0]]
valid: gen=0.434
reward: norm=0.9655936906230456
[ 320 iterations]
real= [[20  0  0  0  0  0  0  0  0  0  0  0  0  0  0  0  0  0  0  0  0  0]
 [10  0  0  0  0  0  0  0  0  0  0  0  0  0  0  0  0  0  0  0  0  0]
 [22  1 11  0  0  0  0  0  0  0  0  0  0  0  0  0  0  0  0  0  0  0]
 [24  0  0  0  0  0  0  0  0  0  0  0  0  0  0  0  0  0  0  0  0  0]
 [16 17 14  5 25  0  0  0  0  0  0  0  0  0  0  0  0  0  0  0  0  0]
 [17  0  0  0  0  0  0  0  0  0  0  0  0  0  0  0  0  0  0  0  0  0]
 [14  0  0  0  0  0  0  0  0  0  0  0  0  0  0  0  0  0  0  0  0  0]
 [ 7  3  9  1  2  4 11  0  0  0  0  0  0  0  0  0  0  0  0  0  0  0]
 [22  6 27  0  0  0  0  0  0  0  0  0  0  0  0  0  0  0  0  0  0  0]
 [ 8 13  0  0  0  0  0  0  0  0  0  0  0  0  0  0  0  0  0  0  0  0]]
gen= [[20  0  0  0  0  0  0  0  0  0  0  0  0  0  0  0  0  0  0  0  0  0]
 [10  0  0  0  0  0  0  0  0  0  0  0  0  0  0  0  0  0  0  0  0  0]
 [ 1 11 22  0  0  0  0  0  0  0  0  0  0  0  0  0  0  0  0  0  0  0]
 [24  0  0  0  0  0  0  0  0  0  0  0  0  0  0  0  0  0  0  0  0  0]
 [14  5 25  0  0  0  0  0  0  0  0  0  0  0  0  0  0  0  0  0  0  0]
 [17  0  0  0  0  0  0  0  0  0  0  0  0  0  0  0  0  0  0  0  0  0]
 [14  0  0  0  0  0  0  0  0  0  0  0  0  0  0  0  0  0  0  0  0  0]
 [ 1  7  2  0  0  0  0  0  0  0  0  0  0  0  0  0  0  0  0  0  0  0]
 [27 22  6  0  0  0  0  0  0  0  0  0  0  0  0  0  0  0  0  0  0  0]
 [ 8 13  0  0  0  0  0  0  0  0  0  0  0  0  0  0  0  0  0  0  0  0]]
valid: gen=0.455
reward: norm=0.9649554270268957
[ 330 iterations]
real= [[22  6 13  3  7  0  0  0  0  0  0  0  0  0  0  0  0  0  0  0  0  0]
 [20  5  6  0  0  0  0  0  0  0  0  0  0  0  0  0  0  0  0  0  0  0]
 [22 18 10  9  1 28 25  0  0  0  0  0  0  0  0  0  0  0  0  0  0  0]
 [11 17  0  0  0  0  0  0  0  0  0  0  0  0  0  0  0  0  0  0  0  0]
 [25  0  0  0  0  0  0  0  0  0  0  0  0  0  0  0  0  0  0  0  0  0]
 [19 17  3 10 12  1  4  5  0  0  0  0  0  0  0  0  0  0  0  0  0  0]
 [28 25  3 16 13 18  0  0  0  0  0  0  0  0  0  0  0  0  0  0  0  0]
 [24  1 20 23 28  0  0  0  0  0  0  0  0  0  0  0  0  0  0  0  0  0]
 [27  8  2  9 25  0  0  0  0  0  0  0  0  0  0  0  0  0  0  0  0  0]
 [ 5  0  0  0  0  0  0  0  0  0  0  0  0  0  0  0  0  0  0  0  0  0]]
gen= [[ 3 13  7 22  0  0  0  0  0  0  0  0  0  0  0  0  0  0  0  0  0  0]
 [ 5 20  6  0  0  0  0  0  0  0  0  0  0  0  0  0  0  0  0  0  0  0]
 [ 1 18  9 10  0  0  0  0  0  0  0  0  0  0  0  0  0  0  0  0  0  0]
 [11 17  0  0  0  0  0  0  0  0  0  0  0  0  0  0  0  0  0  0  0  0]
 [25  0  0  0  0  0  0  0  0  0  0  0  0  0  0  0  0  0  0  0  0  0]
 [ 1  5 19 10 12  0  0  0  0  0  0  0  0  0  0  0  0  0  0  0  0  0]
 [18 16 13  0  0  0  0  0  0  0  0  0  0  0  0  0  0  0  0  0  0  0]
 [24  1 23 20 28  0  0  0  0  0  0  0  0  0  0  0  0  0  0  0  0  0]
 [27  8  2  9 25  0  0  0  0  0  0  0  0  0  0  0  0  0  0  0  0  0]
 [ 5  0  0  0  0  0  0  0  0  0  0  0  0  0  0  0  0  0  0  0  0  0]]
valid: gen=0.594
reward: norm=0.9556706408167539
[ 340 iterations]
real= [[ 5  8 28  1 21 13 17  0  0  0  0  0  0  0  0  0  0  0  0  0  0  0]
 [24  6 15  3 28  0  0  0  0  0  0  0  0  0  0  0  0  0  0  0  0  0]
 [17 25  0  0  0  0  0  0  0  0  0  0  0  0  0  0  0  0  0  0  0  0]
 [22 24  0  0  0  0  0  0  0  0  0  0  0  0  0  0  0  0  0  0  0  0]
 [ 7 25  2 18 12  0  0  0  0  0  0  0  0  0  0  0  0  0  0  0  0  0]
 [22 24 14 19 12 23  5  0  0  0  0  0  0  0  0  0  0  0  0  0  0  0]
 [22 23  7  5 27 25  0  0  0  0  0  0  0  0  0  0  0  0  0  0  0  0]
 [11  2  0  0  0  0  0  0  0  0  0  0  0  0  0  0  0  0  0  0  0  0]
 [ 4  1 17 21 26 12  0  0  0  0  0  0  0  0  0  0  0  0  0  0  0  0]
 [23 26 22  6 18  4 11  0  0  0  0  0  0  0  0  0  0  0  0  0  0  0]]
gen= [[ 8  1 13 21 17  0  0  0  0  0  0  0  0  0  0  0  0  0  0  0  0  0]
 [24 28  3  0  0  0  0  0  0  0  0  0  0  0  0  0  0  0  0  0  0  0]
 [25 17  0  0  0  0  0  0  0  0  0  0  0  0  0  0  0  0  0  0  0  0]
 [24 22  0  0  0  0  0  0  0  0  0  0  0  0  0  0  0  0  0  0  0  0]
 [ 7 18 12  2  0  0  0  0  0  0  0  0  0  0  0  0  0  0  0  0  0  0]
 [14 24 12 19 23  5  0  0  0  0  0  0  0  0  0  0  0  0  0  0  0  0]
 [27  7  5 22 23  0  0  0  0  0  0  0  0  0  0  0  0  0  0  0  0  0]
 [11  2  0  0  0  0  0  0  0  0  0  0  0  0  0  0  0  0  0  0  0  0]
 [ 1 17 21  4  0  0  0  0  0  0  0  0  0  0  0  0  0  0  0  0  0  0]
 [22 18  4 23 26  0  0  0  0  0  0  0  0  0  0  0  0  0  0  0  0  0]]
valid: gen=0.584
reward: norm=0.9563806163330097
[ 350 iterations]
real= [[25  8  4 14 23  0  0  0  0  0  0  0  0  0  0  0  0  0  0  0  0  0]
 [ 9 13 10  0  0  0  0  0  0  0  0  0  0  0  0  0  0  0  0  0  0  0]
 [20 27  0  0  0  0  0  0  0  0  0  0  0  0  0  0  0  0  0  0  0  0]
 [ 4  0  0  0  0  0  0  0  0  0  0  0  0  0  0  0  0  0  0  0  0  0]
 [ 6  0  0  0  0  0  0  0  0  0  0  0  0  0  0  0  0  0  0  0  0  0]
 [27  8  1 16 15 26  0  0  0  0  0  0  0  0  0  0  0  0  0  0  0  0]
 [ 1 21 26  5  0  0  0  0  0  0  0  0  0  0  0  0  0  0  0  0  0  0]
 [12 17  0  0  0  0  0  0  0  0  0  0  0  0  0  0  0  0  0  0  0  0]
 [20 13  3 22  0  0  0  0  0  0  0  0  0  0  0  0  0  0  0  0  0  0]
 [20  0  0  0  0  0  0  0  0  0  0  0  0  0  0  0  0  0  0  0  0  0]]
gen= [[ 8 25  4 14 23  0  0  0  0  0  0  0  0  0  0  0  0  0  0  0  0  0]
 [13  9 10  0  0  0  0  0  0  0  0  0  0  0  0  0  0  0  0  0  0  0]
 [27 20  0  0  0  0  0  0  0  0  0  0  0  0  0  0  0  0  0  0  0  0]
 [ 4  0  0  0  0  0  0  0  0  0  0  0  0  0  0  0  0  0  0  0  0  0]
 [ 6  0  0  0  0  0  0  0  0  0  0  0  0  0  0  0  0  0  0  0  0  0]
 [27  8  0  0  0  0  0  0  0  0  0  0  0  0  0  0  0  0  0  0  0  0]
 [ 1 26  5  0  0  0  0  0  0  0  0  0  0  0  0  0  0  0  0  0  0  0]
 [17 12  0  0  0  0  0  0  0  0  0  0  0  0  0  0  0  0  0  0  0  0]
 [ 3 13 22 20  0  0  0  0  0  0  0  0  0  0  0  0  0  0  0  0  0  0]
 [20  0  0  0  0  0  0  0  0  0  0  0  0  0  0  0  0  0  0  0  0  0]]
valid: gen=0.606
reward: norm=0.9582418899042751
[ 360 iterations]
real= [[13  0  0  0  0  0  0  0  0  0  0  0  0  0  0  0  0  0  0  0  0  0]
 [ 5 25 19 10 15  7  0  0  0  0  0  0  0  0  0  0  0  0  0  0  0  0]
 [27  7  3  9 10 13 15  0  0  0  0  0  0  0  0  0  0  0  0  0  0  0]
 [22  7 17 21  0  0  0  0  0  0  0  0  0  0  0  0  0  0  0  0  0  0]
 [26 19  0  0  0  0  0  0  0  0  0  0  0  0  0  0  0  0  0  0  0  0]
 [15  0  0  0  0  0  0  0  0  0  0  0  0  0  0  0  0  0  0  0  0  0]
 [19  0  0  0  0  0  0  0  0  0  0  0  0  0  0  0  0  0  0  0  0  0]
 [ 1  7 18  3 13  0  0  0  0  0  0  0  0  0  0  0  0  0  0  0  0  0]
 [23  0  0  0  0  0  0  0  0  0  0  0  0  0  0  0  0  0  0  0  0  0]
 [20 28  2 19  7  0  0  0  0  0  0  0  0  0  0  0  0  0  0  0  0  0]]
gen= [[13  0  0  0  0  0  0  0  0  0  0  0  0  0  0  0  0  0  0  0  0  0]
 [19  5  7  0  0  0  0  0  0  0  0  0  0  0  0  0  0  0  0  0  0  0]
 [27 13  0  0  0  0  0  0  0  0  0  0  0  0  0  0  0  0  0  0  0  0]
 [ 7 21 22  0  0  0  0  0  0  0  0  0  0  0  0  0  0  0  0  0  0  0]
 [19 26  0  0  0  0  0  0  0  0  0  0  0  0  0  0  0  0  0  0  0  0]
 [15  0  0  0  0  0  0  0  0  0  0  0  0  0  0  0  0  0  0  0  0  0]
 [19  0  0  0  0  0  0  0  0  0  0  0  0  0  0  0  0  0  0  0  0  0]
 [ 1 13  0  0  0  0  0  0  0  0  0  0  0  0  0  0  0  0  0  0  0  0]
 [23  0  0  0  0  0  0  0  0  0  0  0  0  0  0  0  0  0  0  0  0  0]
 [19  7  2  0  0  0  0  0  0  0  0  0  0  0  0  0  0  0  0  0  0  0]]
valid: gen=0.431
reward: norm=0.9642398726585445
[ 370 iterations]
real= [[20  0  0  0  0  0  0  0  0  0  0  0  0  0  0  0  0  0  0  0  0  0]
 [10  0  0  0  0  0  0  0  0  0  0  0  0  0  0  0  0  0  0  0  0  0]
 [22  1 11  0  0  0  0  0  0  0  0  0  0  0  0  0  0  0  0  0  0  0]
 [24  0  0  0  0  0  0  0  0  0  0  0  0  0  0  0  0  0  0  0  0  0]
 [16 17 14  5 25  0  0  0  0  0  0  0  0  0  0  0  0  0  0  0  0  0]
 [17  0  0  0  0  0  0  0  0  0  0  0  0  0  0  0  0  0  0  0  0  0]
 [14  0  0  0  0  0  0  0  0  0  0  0  0  0  0  0  0  0  0  0  0  0]
 [ 7  3  9  1  2  4 11  0  0  0  0  0  0  0  0  0  0  0  0  0  0  0]
 [22  6 27  0  0  0  0  0  0  0  0  0  0  0  0  0  0  0  0  0  0  0]
 [ 8 13  0  0  0  0  0  0  0  0  0  0  0  0  0  0  0  0  0  0  0  0]]
gen= [[20  0  0  0  0  0  0  0  0  0  0  0  0  0  0  0  0  0  0  0  0  0]
 [10  0  0  0  0  0  0  0  0  0  0  0  0  0  0  0  0  0  0  0  0  0]
 [11  1 22  0  0  0  0  0  0  0  0  0  0  0  0  0  0  0  0  0  0  0]
 [24  0  0  0  0  0  0  0  0  0  0  0  0  0  0  0  0  0  0  0  0  0]
 [16 17  5  0  0  0  0  0  0  0  0  0  0  0  0  0  0  0  0  0  0  0]
 [17  0  0  0  0  0  0  0  0  0  0  0  0  0  0  0  0  0  0  0  0  0]
 [14  0  0  0  0  0  0  0  0  0  0  0  0  0  0  0  0  0  0  0  0  0]
 [ 1  7  2  0  0  0  0  0  0  0  0  0  0  0  0  0  0  0  0  0  0  0]
 [27 22  6  0  0  0  0  0  0  0  0  0  0  0  0  0  0  0  0  0  0  0]
 [ 8 13  0  0  0  0  0  0  0  0  0  0  0  0  0  0  0  0  0  0  0  0]]
valid: gen=0.451
reward: norm=0.9650358164709121
[ 380 iterations]
real= [[22  6 13  3  7  0  0  0  0  0  0  0  0  0  0  0  0  0  0  0  0  0]
 [20  5  6  0  0  0  0  0  0  0  0  0  0  0  0  0  0  0  0  0  0  0]
 [22 18 10  9  1 28 25  0  0  0  0  0  0  0  0  0  0  0  0  0  0  0]
 [11 17  0  0  0  0  0  0  0  0  0  0  0  0  0  0  0  0  0  0  0  0]
 [25  0  0  0  0  0  0  0  0  0  0  0  0  0  0  0  0  0  0  0  0  0]
 [19 17  3 10 12  1  4  5  0  0  0  0  0  0  0  0  0  0  0  0  0  0]
 [28 25  3 16 13 18  0  0  0  0  0  0  0  0  0  0  0  0  0  0  0  0]
 [24  1 20 23 28  0  0  0  0  0  0  0  0  0  0  0  0  0  0  0  0  0]
 [27  8  2  9 25  0  0  0  0  0  0  0  0  0  0  0  0  0  0  0  0  0]
 [ 5  0  0  0  0  0  0  0  0  0  0  0  0  0  0  0  0  0  0  0  0  0]]
gen= [[ 7 13  3  6  0  0  0  0  0  0  0  0  0  0  0  0  0  0  0  0  0  0]
 [ 5 20  6  0  0  0  0  0  0  0  0  0  0  0  0  0  0  0  0  0  0  0]
 [ 1 18  9 25 28  0  0  0  0  0  0  0  0  0  0  0  0  0  0  0  0  0]
 [11 17  0  0  0  0  0  0  0  0  0  0  0  0  0  0  0  0  0  0  0  0]
 [25  0  0  0  0  0  0  0  0  0  0  0  0  0  0  0  0  0  0  0  0  0]
 [ 5  1  4  3  0  0  0  0  0  0  0  0  0  0  0  0  0  0  0  0  0  0]
 [13 16 18 28  0  0  0  0  0  0  0  0  0  0  0  0  0  0  0  0  0  0]
 [24  1 20 23 28  0  0  0  0  0  0  0  0  0  0  0  0  0  0  0  0  0]
 [27  8 25  2  9  0  0  0  0  0  0  0  0  0  0  0  0  0  0  0  0  0]
 [ 5  0  0  0  0  0  0  0  0  0  0  0  0  0  0  0  0  0  0  0  0  0]]
valid: gen=0.616
reward: norm=0.9585420248073145
[ 390 iterations]
real= [[ 5  8 28  1 21 13 17  0  0  0  0  0  0  0  0  0  0  0  0  0  0  0]
 [24  6 15  3 28  0  0  0  0  0  0  0  0  0  0  0  0  0  0  0  0  0]
 [17 25  0  0  0  0  0  0  0  0  0  0  0  0  0  0  0  0  0  0  0  0]
 [22 24  0  0  0  0  0  0  0  0  0  0  0  0  0  0  0  0  0  0  0  0]
 [ 7 25  2 18 12  0  0  0  0  0  0  0  0  0  0  0  0  0  0  0  0  0]
 [22 24 14 19 12 23  5  0  0  0  0  0  0  0  0  0  0  0  0  0  0  0]
 [22 23  7  5 27 25  0  0  0  0  0  0  0  0  0  0  0  0  0  0  0  0]
 [11  2  0  0  0  0  0  0  0  0  0  0  0  0  0  0  0  0  0  0  0  0]
 [ 4  1 17 21 26 12  0  0  0  0  0  0  0  0  0  0  0  0  0  0  0  0]
 [23 26 22  6 18  4 11  0  0  0  0  0  0  0  0  0  0  0  0  0  0  0]]
gen= [[ 1  8 21 17  0  0  0  0  0  0  0  0  0  0  0  0  0  0  0  0  0  0]
 [24  6 28  0  0  0  0  0  0  0  0  0  0  0  0  0  0  0  0  0  0  0]
 [25 17  0  0  0  0  0  0  0  0  0  0  0  0  0  0  0  0  0  0  0  0]
 [24 22  0  0  0  0  0  0  0  0  0  0  0  0  0  0  0  0  0  0  0  0]
 [18 12  7  2  0  0  0  0  0  0  0  0  0  0  0  0  0  0  0  0  0  0]
 [24 12 14  5 23  0  0  0  0  0  0  0  0  0  0  0  0  0  0  0  0  0]
 [27  7 22 25 23  0  0  0  0  0  0  0  0  0  0  0  0  0  0  0  0  0]
 [ 2 11  0  0  0  0  0  0  0  0  0  0  0  0  0  0  0  0  0  0  0  0]
 [ 1 21  4  0  0  0  0  0  0  0  0  0  0  0  0  0  0  0  0  0  0  0]
 [11 18  4 23 26  0  0  0  0  0  0  0  0  0  0  0  0  0  0  0  0  0]]
valid: gen=0.583
reward: norm=0.9552526775562215
[ 400 iterations]
real= [[25  8  4 14 23  0  0  0  0  0  0  0  0  0  0  0  0  0  0  0  0  0]
 [ 9 13 10  0  0  0  0  0  0  0  0  0  0  0  0  0  0  0  0  0  0  0]
 [20 27  0  0  0  0  0  0  0  0  0  0  0  0  0  0  0  0  0  0  0  0]
 [ 4  0  0  0  0  0  0  0  0  0  0  0  0  0  0  0  0  0  0  0  0  0]
 [ 6  0  0  0  0  0  0  0  0  0  0  0  0  0  0  0  0  0  0  0  0  0]
 [27  8  1 16 15 26  0  0  0  0  0  0  0  0  0  0  0  0  0  0  0  0]
 [ 1 21 26  5  0  0  0  0  0  0  0  0  0  0  0  0  0  0  0  0  0  0]
 [12 17  0  0  0  0  0  0  0  0  0  0  0  0  0  0  0  0  0  0  0  0]
 [20 13  3 22  0  0  0  0  0  0  0  0  0  0  0  0  0  0  0  0  0  0]
 [20  0  0  0  0  0  0  0  0  0  0  0  0  0  0  0  0  0  0  0  0  0]]
gen= [[ 8 14  4 25  0  0  0  0  0  0  0  0  0  0  0  0  0  0  0  0  0  0]
 [13  9 10  0  0  0  0  0  0  0  0  0  0  0  0  0  0  0  0  0  0  0]
 [27 20  0  0  0  0  0  0  0  0  0  0  0  0  0  0  0  0  0  0  0  0]
 [ 4  0  0  0  0  0  0  0  0  0  0  0  0  0  0  0  0  0  0  0  0  0]
 [ 6  0  0  0  0  0  0  0  0  0  0  0  0  0  0  0  0  0  0  0  0  0]
 [27  1 15 16  0  0  0  0  0  0  0  0  0  0  0  0  0  0  0  0  0  0]
 [ 1 21 26  5  0  0  0  0  0  0  0  0  0  0  0  0  0  0  0  0  0  0]
 [17 12  0  0  0  0  0  0  0  0  0  0  0  0  0  0  0  0  0  0  0  0]
 [13  3 22 20  0  0  0  0  0  0  0  0  0  0  0  0  0  0  0  0  0  0]
 [20  0  0  0  0  0  0  0  0  0  0  0  0  0  0  0  0  0  0  0  0  0]]
valid: gen=0.614
reward: norm=0.9580962319948995
[ 410 iterations]
real= [[13  0  0  0  0  0  0  0  0  0  0  0  0  0  0  0  0  0  0  0  0  0]
 [ 5 25 19 10 15  7  0  0  0  0  0  0  0  0  0  0  0  0  0  0  0  0]
 [27  7  3  9 10 13 15  0  0  0  0  0  0  0  0  0  0  0  0  0  0  0]
 [22  7 17 21  0  0  0  0  0  0  0  0  0  0  0  0  0  0  0  0  0  0]
 [26 19  0  0  0  0  0  0  0  0  0  0  0  0  0  0  0  0  0  0  0  0]
 [15  0  0  0  0  0  0  0  0  0  0  0  0  0  0  0  0  0  0  0  0  0]
 [19  0  0  0  0  0  0  0  0  0  0  0  0  0  0  0  0  0  0  0  0  0]
 [ 1  7 18  3 13  0  0  0  0  0  0  0  0  0  0  0  0  0  0  0  0  0]
 [23  0  0  0  0  0  0  0  0  0  0  0  0  0  0  0  0  0  0  0  0  0]
 [20 28  2 19  7  0  0  0  0  0  0  0  0  0  0  0  0  0  0  0  0  0]]
gen= [[13  0  0  0  0  0  0  0  0  0  0  0  0  0  0  0  0  0  0  0  0  0]
 [ 5  7 10  0  0  0  0  0  0  0  0  0  0  0  0  0  0  0  0  0  0  0]
 [27 13  0  0  0  0  0  0  0  0  0  0  0  0  0  0  0  0  0  0  0  0]
 [ 7 21 17  0  0  0  0  0  0  0  0  0  0  0  0  0  0  0  0  0  0  0]
 [19 26  0  0  0  0  0  0  0  0  0  0  0  0  0  0  0  0  0  0  0  0]
 [15  0  0  0  0  0  0  0  0  0  0  0  0  0  0  0  0  0  0  0  0  0]
 [19  0  0  0  0  0  0  0  0  0  0  0  0  0  0  0  0  0  0  0  0  0]
 [ 1 18  3  0  0  0  0  0  0  0  0  0  0  0  0  0  0  0  0  0  0  0]
 [23  0  0  0  0  0  0  0  0  0  0  0  0  0  0  0  0  0  0  0  0  0]
 [ 7 19  2  0  0  0  0  0  0  0  0  0  0  0  0  0  0  0  0  0  0  0]]
valid: gen=0.434
reward: norm=0.964083101376265
[ 420 iterations]
real= [[20  0  0  0  0  0  0  0  0  0  0  0  0  0  0  0  0  0  0  0  0  0]
 [10  0  0  0  0  0  0  0  0  0  0  0  0  0  0  0  0  0  0  0  0  0]
 [22  1 11  0  0  0  0  0  0  0  0  0  0  0  0  0  0  0  0  0  0  0]
 [24  0  0  0  0  0  0  0  0  0  0  0  0  0  0  0  0  0  0  0  0  0]
 [16 17 14  5 25  0  0  0  0  0  0  0  0  0  0  0  0  0  0  0  0  0]
 [17  0  0  0  0  0  0  0  0  0  0  0  0  0  0  0  0  0  0  0  0  0]
 [14  0  0  0  0  0  0  0  0  0  0  0  0  0  0  0  0  0  0  0  0  0]
 [ 7  3  9  1  2  4 11  0  0  0  0  0  0  0  0  0  0  0  0  0  0  0]
 [22  6 27  0  0  0  0  0  0  0  0  0  0  0  0  0  0  0  0  0  0  0]
 [ 8 13  0  0  0  0  0  0  0  0  0  0  0  0  0  0  0  0  0  0  0  0]]
gen= [[20  0  0  0  0  0  0  0  0  0  0  0  0  0  0  0  0  0  0  0  0  0]
 [10  0  0  0  0  0  0  0  0  0  0  0  0  0  0  0  0  0  0  0  0  0]
 [ 1 11 22  0  0  0  0  0  0  0  0  0  0  0  0  0  0  0  0  0  0  0]
 [24  0  0  0  0  0  0  0  0  0  0  0  0  0  0  0  0  0  0  0  0  0]
 [16 14 17  0  0  0  0  0  0  0  0  0  0  0  0  0  0  0  0  0  0  0]
 [17  0  0  0  0  0  0  0  0  0  0  0  0  0  0  0  0  0  0  0  0  0]
 [14  0  0  0  0  0  0  0  0  0  0  0  0  0  0  0  0  0  0  0  0  0]
 [ 1  7  2  0  0  0  0  0  0  0  0  0  0  0  0  0  0  0  0  0  0  0]
 [27 22  6  0  0  0  0  0  0  0  0  0  0  0  0  0  0  0  0  0  0  0]
 [ 8 13  0  0  0  0  0  0  0  0  0  0  0  0  0  0  0  0  0  0  0  0]]
valid: gen=0.451
reward: norm=0.9645794196539249
[ 430 iterations]
real= [[22  6 13  3  7  0  0  0  0  0  0  0  0  0  0  0  0  0  0  0  0  0]
 [20  5  6  0  0  0  0  0  0  0  0  0  0  0  0  0  0  0  0  0  0  0]
 [22 18 10  9  1 28 25  0  0  0  0  0  0  0  0  0  0  0  0  0  0  0]
 [11 17  0  0  0  0  0  0  0  0  0  0  0  0  0  0  0  0  0  0  0  0]
 [25  0  0  0  0  0  0  0  0  0  0  0  0  0  0  0  0  0  0  0  0  0]
 [19 17  3 10 12  1  4  5  0  0  0  0  0  0  0  0  0  0  0  0  0  0]
 [28 25  3 16 13 18  0  0  0  0  0  0  0  0  0  0  0  0  0  0  0  0]
 [24  1 20 23 28  0  0  0  0  0  0  0  0  0  0  0  0  0  0  0  0  0]
 [27  8  2  9 25  0  0  0  0  0  0  0  0  0  0  0  0  0  0  0  0  0]
 [ 5  0  0  0  0  0  0  0  0  0  0  0  0  0  0  0  0  0  0  0  0  0]]
gen= [[13  7  3  0  0  0  0  0  0  0  0  0  0  0  0  0  0  0  0  0  0  0]
 [ 6  5 20  0  0  0  0  0  0  0  0  0  0  0  0  0  0  0  0  0  0  0]
 [ 1 18 10  9 25  0  0  0  0  0  0  0  0  0  0  0  0  0  0  0  0  0]
 [11 17  0  0  0  0  0  0  0  0  0  0  0  0  0  0  0  0  0  0  0  0]
 [25  0  0  0  0  0  0  0  0  0  0  0  0  0  0  0  0  0  0  0  0  0]
 [ 5 17  1  4 12  0  0  0  0  0  0  0  0  0  0  0  0  0  0  0  0  0]
 [13 18 25 28  0  0  0  0  0  0  0  0  0  0  0  0  0  0  0  0  0  0]
 [24  1 28 20 23  0  0  0  0  0  0  0  0  0  0  0  0  0  0  0  0  0]
 [27  8 25  2  9  0  0  0  0  0  0  0  0  0  0  0  0  0  0  0  0  0]
 [ 5  0  0  0  0  0  0  0  0  0  0  0  0  0  0  0  0  0  0  0  0  0]]
valid: gen=0.601
reward: norm=0.9563636458841952
[ 440 iterations]
real= [[ 5  8 28  1 21 13 17  0  0  0  0  0  0  0  0  0  0  0  0  0  0  0]
 [24  6 15  3 28  0  0  0  0  0  0  0  0  0  0  0  0  0  0  0  0  0]
 [17 25  0  0  0  0  0  0  0  0  0  0  0  0  0  0  0  0  0  0  0  0]
 [22 24  0  0  0  0  0  0  0  0  0  0  0  0  0  0  0  0  0  0  0  0]
 [ 7 25  2 18 12  0  0  0  0  0  0  0  0  0  0  0  0  0  0  0  0  0]
 [22 24 14 19 12 23  5  0  0  0  0  0  0  0  0  0  0  0  0  0  0  0]
 [22 23  7  5 27 25  0  0  0  0  0  0  0  0  0  0  0  0  0  0  0  0]
 [11  2  0  0  0  0  0  0  0  0  0  0  0  0  0  0  0  0  0  0  0  0]
 [ 4  1 17 21 26 12  0  0  0  0  0  0  0  0  0  0  0  0  0  0  0  0]
 [23 26 22  6 18  4 11  0  0  0  0  0  0  0  0  0  0  0  0  0  0  0]]
gen= [[ 8  1 21 13 17  0  0  0  0  0  0  0  0  0  0  0  0  0  0  0  0  0]
 [24  3  6 15  0  0  0  0  0  0  0  0  0  0  0  0  0  0  0  0  0  0]
 [25 17  0  0  0  0  0  0  0  0  0  0  0  0  0  0  0  0  0  0  0  0]
 [24 22  0  0  0  0  0  0  0  0  0  0  0  0  0  0  0  0  0  0  0  0]
 [18  2 12  7  0  0  0  0  0  0  0  0  0  0  0  0  0  0  0  0  0  0]
 [24 14 19 12 23 22  0  0  0  0  0  0  0  0  0  0  0  0  0  0  0  0]
 [27  7 22 25  5 23  0  0  0  0  0  0  0  0  0  0  0  0  0  0  0  0]
 [11  2  0  0  0  0  0  0  0  0  0  0  0  0  0  0  0  0  0  0  0  0]
 [ 1  4 21 17 12  0  0  0  0  0  0  0  0  0  0  0  0  0  0  0  0  0]
 [11 18  4 23 26  0  0  0  0  0  0  0  0  0  0  0  0  0  0  0  0  0]]
valid: gen=0.589
reward: norm=0.9560109825944653
[ 450 iterations]
real= [[25  8  4 14 23  0  0  0  0  0  0  0  0  0  0  0  0  0  0  0  0  0]
 [ 9 13 10  0  0  0  0  0  0  0  0  0  0  0  0  0  0  0  0  0  0  0]
 [20 27  0  0  0  0  0  0  0  0  0  0  0  0  0  0  0  0  0  0  0  0]
 [ 4  0  0  0  0  0  0  0  0  0  0  0  0  0  0  0  0  0  0  0  0  0]
 [ 6  0  0  0  0  0  0  0  0  0  0  0  0  0  0  0  0  0  0  0  0  0]
 [27  8  1 16 15 26  0  0  0  0  0  0  0  0  0  0  0  0  0  0  0  0]
 [ 1 21 26  5  0  0  0  0  0  0  0  0  0  0  0  0  0  0  0  0  0  0]
 [12 17  0  0  0  0  0  0  0  0  0  0  0  0  0  0  0  0  0  0  0  0]
 [20 13  3 22  0  0  0  0  0  0  0  0  0  0  0  0  0  0  0  0  0  0]
 [20  0  0  0  0  0  0  0  0  0  0  0  0  0  0  0  0  0  0  0  0  0]]
gen= [[ 8  4 25 14 23  0  0  0  0  0  0  0  0  0  0  0  0  0  0  0  0  0]
 [13  9 10  0  0  0  0  0  0  0  0  0  0  0  0  0  0  0  0  0  0  0]
 [27 20  0  0  0  0  0  0  0  0  0  0  0  0  0  0  0  0  0  0  0  0]
 [ 4  0  0  0  0  0  0  0  0  0  0  0  0  0  0  0  0  0  0  0  0  0]
 [ 6  0  0  0  0  0  0  0  0  0  0  0  0  0  0  0  0  0  0  0  0  0]
 [27  8  0  0  0  0  0  0  0  0  0  0  0  0  0  0  0  0  0  0  0  0]
 [21  1  5  0  0  0  0  0  0  0  0  0  0  0  0  0  0  0  0  0  0  0]
 [17 12  0  0  0  0  0  0  0  0  0  0  0  0  0  0  0  0  0  0  0  0]
 [ 3 13 22 20  0  0  0  0  0  0  0  0  0  0  0  0  0  0  0  0  0  0]
 [20  0  0  0  0  0  0  0  0  0  0  0  0  0  0  0  0  0  0  0  0  0]]
valid: gen=0.613
reward: norm=0.9591632860621562
[ 460 iterations]
real= [[13  0  0  0  0  0  0  0  0  0  0  0  0  0  0  0  0  0  0  0  0  0]
 [ 5 25 19 10 15  7  0  0  0  0  0  0  0  0  0  0  0  0  0  0  0  0]
 [27  7  3  9 10 13 15  0  0  0  0  0  0  0  0  0  0  0  0  0  0  0]
 [22  7 17 21  0  0  0  0  0  0  0  0  0  0  0  0  0  0  0  0  0  0]
 [26 19  0  0  0  0  0  0  0  0  0  0  0  0  0  0  0  0  0  0  0  0]
 [15  0  0  0  0  0  0  0  0  0  0  0  0  0  0  0  0  0  0  0  0  0]
 [19  0  0  0  0  0  0  0  0  0  0  0  0  0  0  0  0  0  0  0  0  0]
 [ 1  7 18  3 13  0  0  0  0  0  0  0  0  0  0  0  0  0  0  0  0  0]
 [23  0  0  0  0  0  0  0  0  0  0  0  0  0  0  0  0  0  0  0  0  0]
 [20 28  2 19  7  0  0  0  0  0  0  0  0  0  0  0  0  0  0  0  0  0]]
gen= [[13  0  0  0  0  0  0  0  0  0  0  0  0  0  0  0  0  0  0  0  0  0]
 [ 5 25 10  0  0  0  0  0  0  0  0  0  0  0  0  0  0  0  0  0  0  0]
 [27 13  0  0  0  0  0  0  0  0  0  0  0  0  0  0  0  0  0  0  0  0]
 [22 21  7  0  0  0  0  0  0  0  0  0  0  0  0  0  0  0  0  0  0  0]
 [26 19  0  0  0  0  0  0  0  0  0  0  0  0  0  0  0  0  0  0  0  0]
 [15  0  0  0  0  0  0  0  0  0  0  0  0  0  0  0  0  0  0  0  0  0]
 [19  0  0  0  0  0  0  0  0  0  0  0  0  0  0  0  0  0  0  0  0  0]
 [ 1 18  3  0  0  0  0  0  0  0  0  0  0  0  0  0  0  0  0  0  0  0]
 [23  0  0  0  0  0  0  0  0  0  0  0  0  0  0  0  0  0  0  0  0  0]
 [ 7  2 19  0  0  0  0  0  0  0  0  0  0  0  0  0  0  0  0  0  0  0]]
valid: gen=0.441
reward: norm=0.9645785136710024
[ 470 iterations]
real= [[20  0  0  0  0  0  0  0  0  0  0  0  0  0  0  0  0  0  0  0  0  0]
 [10  0  0  0  0  0  0  0  0  0  0  0  0  0  0  0  0  0  0  0  0  0]
 [22  1 11  0  0  0  0  0  0  0  0  0  0  0  0  0  0  0  0  0  0  0]
 [24  0  0  0  0  0  0  0  0  0  0  0  0  0  0  0  0  0  0  0  0  0]
 [16 17 14  5 25  0  0  0  0  0  0  0  0  0  0  0  0  0  0  0  0  0]
 [17  0  0  0  0  0  0  0  0  0  0  0  0  0  0  0  0  0  0  0  0  0]
 [14  0  0  0  0  0  0  0  0  0  0  0  0  0  0  0  0  0  0  0  0  0]
 [ 7  3  9  1  2  4 11  0  0  0  0  0  0  0  0  0  0  0  0  0  0  0]
 [22  6 27  0  0  0  0  0  0  0  0  0  0  0  0  0  0  0  0  0  0  0]
 [ 8 13  0  0  0  0  0  0  0  0  0  0  0  0  0  0  0  0  0  0  0  0]]
gen= [[20  0  0  0  0  0  0  0  0  0  0  0  0  0  0  0  0  0  0  0  0  0]
 [10  0  0  0  0  0  0  0  0  0  0  0  0  0  0  0  0  0  0  0  0  0]
 [ 1 11 22  0  0  0  0  0  0  0  0  0  0  0  0  0  0  0  0  0  0  0]
 [24  0  0  0  0  0  0  0  0  0  0  0  0  0  0  0  0  0  0  0  0  0]
 [ 5 25 14  0  0  0  0  0  0  0  0  0  0  0  0  0  0  0  0  0  0  0]
 [17  0  0  0  0  0  0  0  0  0  0  0  0  0  0  0  0  0  0  0  0  0]
 [14  0  0  0  0  0  0  0  0  0  0  0  0  0  0  0  0  0  0  0  0  0]
 [ 1  7  4  0  0  0  0  0  0  0  0  0  0  0  0  0  0  0  0  0  0  0]
 [27  6 22  0  0  0  0  0  0  0  0  0  0  0  0  0  0  0  0  0  0  0]
 [ 8 13  0  0  0  0  0  0  0  0  0  0  0  0  0  0  0  0  0  0  0  0]]
valid: gen=0.449
reward: norm=0.9645575901953163
[ 480 iterations]
real= [[22  6 13  3  7  0  0  0  0  0  0  0  0  0  0  0  0  0  0  0  0  0]
 [20  5  6  0  0  0  0  0  0  0  0  0  0  0  0  0  0  0  0  0  0  0]
 [22 18 10  9  1 28 25  0  0  0  0  0  0  0  0  0  0  0  0  0  0  0]
 [11 17  0  0  0  0  0  0  0  0  0  0  0  0  0  0  0  0  0  0  0  0]
 [25  0  0  0  0  0  0  0  0  0  0  0  0  0  0  0  0  0  0  0  0  0]
 [19 17  3 10 12  1  4  5  0  0  0  0  0  0  0  0  0  0  0  0  0  0]
 [28 25  3 16 13 18  0  0  0  0  0  0  0  0  0  0  0  0  0  0  0  0]
 [24  1 20 23 28  0  0  0  0  0  0  0  0  0  0  0  0  0  0  0  0  0]
 [27  8  2  9 25  0  0  0  0  0  0  0  0  0  0  0  0  0  0  0  0  0]
 [ 5  0  0  0  0  0  0  0  0  0  0  0  0  0  0  0  0  0  0  0  0  0]]
gen= [[ 7 13  3  6  0  0  0  0  0  0  0  0  0  0  0  0  0  0  0  0  0  0]
 [ 5  6 20  0  0  0  0  0  0  0  0  0  0  0  0  0  0  0  0  0  0  0]
 [ 9  1 18 25 28  0  0  0  0  0  0  0  0  0  0  0  0  0  0  0  0  0]
 [17 11  0  0  0  0  0  0  0  0  0  0  0  0  0  0  0  0  0  0  0  0]
 [25  0  0  0  0  0  0  0  0  0  0  0  0  0  0  0  0  0  0  0  0  0]
 [ 5  1  4 12 19 17  0  0  0  0  0  0  0  0  0  0  0  0  0  0  0  0]
 [13 18 25 28  0  0  0  0  0  0  0  0  0  0  0  0  0  0  0  0  0  0]
 [24  1 28 20 23  0  0  0  0  0  0  0  0  0  0  0  0  0  0  0  0  0]
 [27  8 25  2  9  0  0  0  0  0  0  0  0  0  0  0  0  0  0  0  0  0]
 [ 5  0  0  0  0  0  0  0  0  0  0  0  0  0  0  0  0  0  0  0  0  0]]
valid: gen=0.618
reward: norm=0.9598225654527107
[ 490 iterations]
real= [[ 5  8 28  1 21 13 17  0  0  0  0  0  0  0  0  0  0  0  0  0  0  0]
 [24  6 15  3 28  0  0  0  0  0  0  0  0  0  0  0  0  0  0  0  0  0]
 [17 25  0  0  0  0  0  0  0  0  0  0  0  0  0  0  0  0  0  0  0  0]
 [22 24  0  0  0  0  0  0  0  0  0  0  0  0  0  0  0  0  0  0  0  0]
 [ 7 25  2 18 12  0  0  0  0  0  0  0  0  0  0  0  0  0  0  0  0  0]
 [22 24 14 19 12 23  5  0  0  0  0  0  0  0  0  0  0  0  0  0  0  0]
 [22 23  7  5 27 25  0  0  0  0  0  0  0  0  0  0  0  0  0  0  0  0]
 [11  2  0  0  0  0  0  0  0  0  0  0  0  0  0  0  0  0  0  0  0  0]
 [ 4  1 17 21 26 12  0  0  0  0  0  0  0  0  0  0  0  0  0  0  0  0]
 [23 26 22  6 18  4 11  0  0  0  0  0  0  0  0  0  0  0  0  0  0  0]]
gen= [[ 8  1 21 13 17  0  0  0  0  0  0  0  0  0  0  0  0  0  0  0  0  0]
 [24 15  6  3  0  0  0  0  0  0  0  0  0  0  0  0  0  0  0  0  0  0]
 [17 25  0  0  0  0  0  0  0  0  0  0  0  0  0  0  0  0  0  0  0  0]
 [24 22  0  0  0  0  0  0  0  0  0  0  0  0  0  0  0  0  0  0  0  0]
 [ 2 18 12  7  0  0  0  0  0  0  0  0  0  0  0  0  0  0  0  0  0  0]
 [24 14 19 12 23  5  0  0  0  0  0  0  0  0  0  0  0  0  0  0  0  0]
 [27 25 22  5  0  0  0  0  0  0  0  0  0  0  0  0  0  0  0  0  0  0]
 [11  2  0  0  0  0  0  0  0  0  0  0  0  0  0  0  0  0  0  0  0  0]
 [ 1 21  4  0  0  0  0  0  0  0  0  0  0  0  0  0  0  0  0  0  0  0]
 [11 18  6 26 23  0  0  0  0  0  0  0  0  0  0  0  0  0  0  0  0  0]]
valid: gen=0.606
reward: norm=0.9573814800584697
