read problem
[ 1 iterations]
real=[[26, 24, 4, 19, 17, 3, 9, 6, 0, 0, 0, 0, 0, 0, 0, 0, 0, 0], [20, 6, 2, 14, 12, 3, 10, 0, 0, 0, 0, 0, 0, 0, 0, 0, 0, 0], [24, 23, 22, 21, 20, 19, 17, 15, 14, 7, 8, 10, 5, 3, 13, 0, 0, 0], [1, 22, 8, 21, 0, 0, 0, 0, 0, 0, 0, 0, 0, 0, 0, 0, 0, 0], [25, 24, 23, 22, 21, 20, 19, 18, 16, 15, 10, 7, 9, 5, 1, 12, 2, 0], [28, 27, 23, 21, 20, 15, 12, 14, 2, 9, 11, 3, 4, 0, 0, 0, 0, 0], [16, 0, 0, 0, 0, 0, 0, 0, 0, 0, 0, 0, 0, 0, 0, 0, 0, 0], [28, 26, 25, 24, 19, 16, 15, 14, 13, 11, 8, 7, 4, 5, 2, 9, 6, 0], [27, 26, 25, 24, 22, 20, 18, 17, 15, 14, 13, 8, 4, 5, 1, 10, 6, 0], [17, 27, 11, 19, 0, 0, 0, 0, 0, 0, 0, 0, 0, 0, 0, 0, 0, 0]]
gen=[[17, 19, 24, 9, 3, 4, 26, 6, 0, 0, 0, 0, 0, 0, 0, 0, 0, 0], [2, 20, 14, 6, 3, 10, 12, 0, 0, 0, 0, 0, 0, 0, 0, 0, 0, 0], [22, 20, 17, 21, 19, 15, 14, 23, 13, 5, 24, 3, 7, 10, 8, 0, 0, 0], [22, 21, 1, 8, 0, 0, 0, 0, 0, 0, 0, 0, 0, 0, 0, 0, 0, 0], [22, 18, 20, 21, 19, 16, 15, 23, 25, 7, 9, 12, 2, 10, 24, 1, 5, 0], [20, 21, 23, 14, 11, 15, 2, 12, 9, 27, 28, 3, 4, 0, 0, 0, 0, 0], [16, 0, 0, 0, 0, 0, 0, 0, 0, 0, 0, 0, 0, 0, 0, 0, 0, 0], [19, 16, 11, 25, 15, 14, 24, 9, 5, 7, 2, 8, 13, 26, 28, 4, 6, 0], [22, 17, 18, 20, 14, 15, 25, 24, 5, 26, 6, 10, 27, 8, 1, 13, 4, 0], [17, 19, 11, 27, 0, 0, 0, 0, 0, 0, 0, 0, 0, 0, 0, 0, 0, 0]]
valid routes=1.0
norm-reward=0.8303567347558187
[ 2 iterations]
real=[[28, 25, 24, 21, 20, 17, 14, 13, 6, 7, 8, 12, 4, 5, 0, 0, 0, 0], [18, 27, 7, 22, 21, 0, 0, 0, 0, 0, 0, 0, 0, 0, 0, 0, 0, 0], [28, 24, 20, 18, 13, 10, 16, 7, 12, 1, 8, 0, 0, 0, 0, 0, 0, 0], [26, 24, 23, 21, 19, 16, 14, 10, 2, 6, 3, 13, 5, 0, 0, 0, 0, 0], [28, 27, 23, 22, 11, 13, 10, 4, 2, 8, 0, 0, 0, 0, 0, 0, 0, 0], [28, 15, 10, 21, 17, 6, 27, 0, 0, 0, 0, 0, 0, 0, 0, 0, 0, 0], [28, 27, 25, 24, 22, 21, 20, 19, 18, 17, 13, 8, 5, 3, 1, 16, 2, 0], [6, 0, 0, 0, 0, 0, 0, 0, 0, 0, 0, 0, 0, 0, 0, 0, 0, 0], [28, 27, 26, 22, 21, 20, 19, 18, 17, 16, 10, 1, 9, 5, 2, 3, 6, 0], [27, 24, 22, 21, 20, 19, 17, 11, 10, 9, 2, 3, 4, 16, 0, 0, 0, 0]]
gen=[[24, 17, 20, 25, 21, 14, 7, 28, 13, 4, 6, 8, 12, 5, 0, 0, 0, 0], [27, 22, 21, 18, 7, 0, 0, 0, 0, 0, 0, 0, 0, 0, 0, 0, 0, 0], [24, 20, 28, 18, 16, 7, 8, 13, 10, 1, 12, 0, 0, 0, 0, 0, 0, 0], [24, 23, 21, 19, 14, 16, 26, 13, 10, 3, 2, 5, 6, 0, 0, 0, 0, 0], [23, 22, 27, 28, 11, 13, 8, 10, 4, 2, 0, 0, 0, 0, 0, 0, 0, 0], [17, 21, 27, 15, 28, 6, 10, 0, 0, 0, 0, 0, 0, 0, 0, 0, 0, 0], [24, 22, 20, 17, 25, 18, 27, 21, 19, 16, 5, 28, 13, 8, 3, 1, 2, 0], [6, 0, 0, 0, 0, 0, 0, 0, 0, 0, 0, 0, 0, 0, 0, 0, 0, 0], [22, 17, 20, 21, 18, 27, 19, 16, 9, 28, 26, 6, 1, 5, 2, 3, 10, 0], [24, 20, 17, 21, 27, 19, 16, 22, 11, 9, 2, 10, 3, 4, 0, 0, 0, 0]]
valid routes=1.0
norm-reward=0.8311396109463035
[ 3 iterations]
real=[[27, 26, 25, 24, 22, 21, 20, 19, 18, 9, 15, 12, 17, 5, 1, 0, 0, 0], [28, 23, 22, 17, 14, 13, 11, 4, 6, 9, 8, 7, 0, 0, 0, 0, 0, 0], [28, 25, 24, 22, 15, 4, 1, 7, 13, 8, 5, 0, 0, 0, 0, 0, 0, 0], [18, 27, 6, 0, 0, 0, 0, 0, 0, 0, 0, 0, 0, 0, 0, 0, 0, 0], [28, 27, 26, 25, 22, 21, 20, 19, 18, 17, 13, 11, 4, 5, 9, 14, 10, 0], [7, 0, 0, 0, 0, 0, 0, 0, 0, 0, 0, 0, 0, 0, 0, 0, 0, 0], [27, 26, 25, 23, 19, 15, 12, 11, 14, 9, 5, 7, 0, 0, 0, 0, 0, 0], [23, 0, 0, 0, 0, 0, 0, 0, 0, 0, 0, 0, 0, 0, 0, 0, 0, 0], [11, 21, 0, 0, 0, 0, 0, 0, 0, 0, 0, 0, 0, 0, 0, 0, 0, 0], [28, 25, 24, 23, 21, 18, 17, 15, 14, 12, 9, 8, 7, 5, 2, 10, 4, 0]]
gen=[[27, 17, 25, 24, 20, 18, 19, 21, 26, 15, 9, 5, 22, 1, 12, 0, 0, 0], [28, 17, 23, 14, 9, 7, 11, 8, 22, 13, 6, 4, 0, 0, 0, 0, 0, 0], [28, 25, 24, 15, 22, 7, 8, 13, 4, 1, 5, 0, 0, 0, 0, 0, 0, 0], [27, 18, 6, 0, 0, 0, 0, 0, 0, 0, 0, 0, 0, 0, 0, 0, 0, 0], [27, 17, 25, 28, 20, 18, 14, 21, 19, 26, 22, 11, 9, 5, 10, 13, 4, 0], [7, 0, 0, 0, 0, 0, 0, 0, 0, 0, 0, 0, 0, 0, 0, 0, 0, 0], [27, 25, 23, 19, 14, 15, 26, 11, 9, 7, 5, 12, 0, 0, 0, 0, 0, 0], [23, 0, 0, 0, 0, 0, 0, 0, 0, 0, 0, 0, 0, 0, 0, 0, 0, 0], [21, 11, 0, 0, 0, 0, 0, 0, 0, 0, 0, 0, 0, 0, 0, 0, 0, 0], [28, 17, 25, 23, 24, 18, 14, 21, 15, 8, 7, 5, 9, 2, 12, 4, 10, 0]]
valid routes=1.0
norm-reward=0.8315768355860138
[ 4 iterations]
real=[[7, 0, 0, 0, 0, 0, 0, 0, 0, 0, 0, 0, 0, 0, 0, 0, 0, 0], [27, 23, 22, 19, 18, 17, 16, 14, 12, 11, 9, 7, 5, 3, 1, 10, 4, 0], [25, 24, 22, 21, 20, 15, 10, 7, 3, 14, 13, 12, 0, 0, 0, 0, 0, 0], [25, 27, 24, 5, 21, 0, 0, 0, 0, 0, 0, 0, 0, 0, 0, 0, 0, 0], [27, 25, 19, 20, 11, 3, 1, 6, 13, 0, 0, 0, 0, 0, 0, 0, 0, 0], [28, 25, 24, 22, 21, 20, 19, 17, 15, 14, 11, 13, 7, 5, 1, 3, 2, 0], [23, 2, 0, 0, 0, 0, 0, 0, 0, 0, 0, 0, 0, 0, 0, 0, 0, 0], [28, 27, 25, 23, 22, 17, 15, 14, 11, 9, 8, 12, 7, 3, 0, 0, 0, 0], [26, 24, 23, 22, 19, 17, 16, 15, 14, 9, 11, 12, 2, 3, 8, 0, 0, 0], [28, 27, 26, 25, 23, 17, 11, 10, 2, 9, 8, 7, 4, 5, 0, 0, 0, 0]]
gen=[[7, 0, 0, 0, 0, 0, 0, 0, 0, 0, 0, 0, 0, 0, 0, 0, 0, 0], [17, 27, 23, 18, 19, 14, 16, 11, 7, 9, 3, 5, 22, 1, 4, 12, 10, 0], [24, 25, 20, 21, 14, 15, 12, 22, 7, 3, 10, 13, 0, 0, 0, 0, 0, 0], [27, 24, 25, 21, 5, 0, 0, 0, 0, 0, 0, 0, 0, 0, 0, 0, 0, 0], [27, 25, 20, 19, 11, 1, 3, 6, 13, 0, 0, 0, 0, 0, 0, 0, 0, 0], [28, 17, 24, 25, 20, 14, 19, 21, 15, 7, 11, 1, 22, 13, 5, 2, 3, 0], [23, 2, 0, 0, 0, 0, 0, 0, 0, 0, 0, 0, 0, 0, 0, 0, 0, 0], [28, 17, 27, 23, 25, 14, 15, 11, 8, 22, 9, 7, 3, 12, 0, 0, 0, 0], [17, 24, 23, 26, 14, 19, 15, 16, 11, 22, 12, 2, 3, 9, 8, 0, 0, 0], [28, 17, 27, 23, 26, 25, 9, 7, 8, 11, 10, 2, 5, 4, 0, 0, 0, 0]]
valid routes=1.0
norm-reward=0.8361469700590253
[ 5 iterations]
real=[[24, 15, 9, 5, 8, 3, 20, 4, 0, 0, 0, 0, 0, 0, 0, 0, 0, 0], [13, 26, 7, 2, 1, 10, 0, 0, 0, 0, 0, 0, 0, 0, 0, 0, 0, 0], [26, 25, 22, 21, 20, 16, 15, 13, 12, 11, 9, 7, 4, 3, 1, 10, 6, 0], [17, 26, 7, 19, 21, 16, 0, 0, 0, 0, 0, 0, 0, 0, 0, 0, 0, 0], [28, 27, 24, 23, 22, 20, 12, 7, 18, 8, 15, 13, 0, 0, 0, 0, 0, 0], [12, 14, 2, 0, 0, 0, 0, 0, 0, 0, 0, 0, 0, 0, 0, 0, 0, 0], [27, 25, 24, 22, 21, 19, 16, 15, 14, 13, 11, 8, 9, 5, 2, 12, 4, 0], [26, 25, 24, 19, 17, 4, 15, 14, 2, 9, 8, 0, 0, 0, 0, 0, 0, 0], [28, 27, 25, 24, 23, 21, 17, 16, 14, 13, 10, 8, 7, 5, 2, 3, 9, 0], [23, 21, 15, 20, 5, 3, 11, 9, 13, 0, 0, 0, 0, 0, 0, 0, 0, 0]]
gen=[[24, 20, 15, 8, 9, 4, 3, 5, 0, 0, 0, 0, 0, 0, 0, 0, 0, 0], [26, 13, 7, 10, 1, 2, 0, 0, 0, 0, 0, 0, 0, 0, 0, 0, 0, 0], [25, 20, 26, 21, 16, 15, 22, 11, 9, 1, 7, 4, 10, 3, 6, 13, 12, 0], [17, 26, 21, 19, 16, 7, 0, 0, 0, 0, 0, 0, 0, 0, 0, 0, 0, 0], [28, 27, 24, 23, 20, 18, 15, 8, 7, 13, 22, 12, 0, 0, 0, 0, 0, 0], [2, 14, 12, 0, 0, 0, 0, 0, 0, 0, 0, 0, 0, 0, 0, 0, 0, 0], [27, 25, 24, 21, 14, 19, 16, 15, 11, 9, 22, 8, 2, 4, 5, 12, 13, 0], [17, 25, 24, 26, 19, 14, 15, 9, 8, 4, 2, 0, 0, 0, 0, 0, 0, 0], [28, 17, 27, 25, 23, 24, 21, 14, 16, 9, 10, 8, 3, 5, 7, 2, 13, 0], [23, 20, 21, 15, 11, 13, 9, 3, 5, 0, 0, 0, 0, 0, 0, 0, 0, 0]]
valid routes=1.0
norm-reward=0.8427937001991073
[ 6 iterations]
real=[[27, 26, 25, 23, 21, 19, 18, 17, 10, 9, 5, 1, 6, 14, 2, 0, 0, 0], [7, 0, 0, 0, 0, 0, 0, 0, 0, 0, 0, 0, 0, 0, 0, 0, 0, 0], [26, 23, 22, 21, 20, 18, 17, 14, 11, 10, 9, 1, 7, 5, 2, 3, 4, 0], [17, 23, 9, 5, 25, 6, 0, 0, 0, 0, 0, 0, 0, 0, 0, 0, 0, 0], [26, 25, 23, 22, 18, 17, 16, 15, 12, 11, 8, 7, 4, 5, 2, 3, 6, 0], [28, 24, 9, 15, 17, 10, 7, 0, 0, 0, 0, 0, 0, 0, 0, 0, 0, 0], [28, 27, 24, 20, 22, 3, 15, 6, 13, 14, 0, 0, 0, 0, 0, 0, 0, 0], [27, 24, 20, 19, 18, 14, 16, 4, 2, 9, 8, 1, 0, 0, 0, 0, 0, 0], [23, 19, 2, 18, 12, 20, 0, 0, 0, 0, 0, 0, 0, 0, 0, 0, 0, 0], [28, 26, 24, 21, 19, 17, 15, 14, 10, 7, 8, 13, 4, 5, 6, 0, 0, 0]]
gen=[[26, 17, 27, 25, 23, 18, 21, 14, 19, 10, 9, 2, 5, 6, 1, 0, 0, 0], [7, 0, 0, 0, 0, 0, 0, 0, 0, 0, 0, 0, 0, 0, 0, 0, 0, 0], [26, 17, 23, 20, 21, 18, 14, 10, 22, 7, 2, 9, 11, 3, 1, 5, 4, 0], [17, 25, 23, 9, 5, 6, 0, 0, 0, 0, 0, 0, 0, 0, 0, 0, 0, 0], [26, 17, 25, 23, 18, 15, 22, 16, 5, 8, 11, 6, 4, 7, 12, 3, 2, 0], [28, 17, 24, 15, 7, 9, 10, 0, 0, 0, 0, 0, 0, 0, 0, 0, 0, 0], [28, 27, 24, 20, 14, 15, 22, 13, 6, 3, 0, 0, 0, 0, 0, 0, 0, 0], [27, 24, 20, 18, 19, 14, 16, 9, 2, 1, 4, 8, 0, 0, 0, 0, 0, 0], [23, 20, 18, 19, 2, 12, 0, 0, 0, 0, 0, 0, 0, 0, 0, 0, 0, 0], [28, 17, 26, 24, 21, 14, 19, 8, 15, 5, 13, 10, 7, 4, 6, 0, 0, 0]]
valid routes=1.0
norm-reward=0.8398341029904433
[ 7 iterations]
real=[[5, 0, 0, 0, 0, 0, 0, 0, 0, 0, 0, 0, 0, 0, 0, 0, 0, 0], [21, 13, 24, 5, 3, 6, 15, 0, 0, 0, 0, 0, 0, 0, 0, 0, 0, 0], [7, 5, 24, 2, 0, 0, 0, 0, 0, 0, 0, 0, 0, 0, 0, 0, 0, 0], [28, 27, 25, 19, 21, 3, 22, 2, 0, 0, 0, 0, 0, 0, 0, 0, 0, 0], [28, 27, 25, 24, 22, 21, 20, 19, 17, 15, 13, 11, 1, 3, 8, 14, 9, 0], [11, 28, 0, 0, 0, 0, 0, 0, 0, 0, 0, 0, 0, 0, 0, 0, 0, 0], [28, 27, 26, 25, 24, 23, 21, 20, 19, 18, 17, 12, 4, 9, 8, 14, 10, 0], [27, 26, 25, 24, 23, 22, 17, 15, 14, 12, 11, 8, 5, 3, 1, 10, 2, 0], [17, 9, 12, 20, 0, 0, 0, 0, 0, 0, 0, 0, 0, 0, 0, 0, 0, 0], [28, 27, 26, 23, 22, 21, 18, 17, 15, 14, 13, 8, 7, 9, 1, 10, 4, 0]]
gen=[[5, 0, 0, 0, 0, 0, 0, 0, 0, 0, 0, 0, 0, 0, 0, 0, 0, 0], [24, 21, 15, 13, 5, 3, 6, 0, 0, 0, 0, 0, 0, 0, 0, 0, 0, 0], [24, 5, 7, 2, 0, 0, 0, 0, 0, 0, 0, 0, 0, 0, 0, 0, 0, 0], [28, 27, 25, 21, 19, 22, 3, 2, 0, 0, 0, 0, 0, 0, 0, 0, 0, 0], [28, 27, 17, 24, 20, 25, 21, 14, 15, 19, 11, 22, 9, 13, 8, 1, 3, 0], [28, 11, 0, 0, 0, 0, 0, 0, 0, 0, 0, 0, 0, 0, 0, 0, 0, 0], [28, 26, 17, 27, 24, 25, 23, 20, 18, 14, 19, 21, 10, 9, 4, 12, 8, 0], [26, 27, 17, 24, 25, 23, 14, 15, 22, 10, 8, 3, 2, 11, 1, 5, 12, 0], [17, 20, 9, 12, 0, 0, 0, 0, 0, 0, 0, 0, 0, 0, 0, 0, 0, 0], [28, 26, 17, 27, 23, 18, 21, 14, 15, 9, 13, 8, 7, 10, 22, 4, 1, 0]]
valid routes=1.0
norm-reward=0.8436235585713251
[ 8 iterations]
real=[[26, 23, 22, 21, 20, 19, 18, 16, 15, 11, 8, 7, 4, 2, 1, 9, 6, 0], [21, 15, 3, 0, 0, 0, 0, 0, 0, 0, 0, 0, 0, 0, 0, 0, 0, 0], [27, 25, 23, 22, 19, 18, 15, 14, 13, 11, 10, 1, 7, 5, 2, 3, 6, 0], [27, 26, 24, 22, 20, 19, 18, 17, 15, 14, 11, 7, 5, 3, 8, 10, 9, 0], [28, 27, 26, 25, 24, 22, 20, 19, 16, 13, 11, 12, 7, 3, 6, 10, 4, 0], [28, 27, 26, 25, 23, 22, 21, 20, 17, 16, 15, 8, 7, 5, 1, 14, 6, 0], [27, 24, 23, 21, 19, 20, 15, 11, 2, 8, 13, 0, 0, 0, 0, 0, 0, 0], [28, 26, 25, 24, 22, 21, 19, 17, 15, 13, 11, 8, 5, 3, 2, 10, 6, 0], [6, 26, 7, 22, 8, 0, 0, 0, 0, 0, 0, 0, 0, 0, 0, 0, 0, 0], [28, 27, 25, 24, 20, 19, 18, 15, 13, 12, 11, 7, 5, 3, 1, 10, 9, 0]]
gen=[[26, 20, 23, 21, 18, 19, 16, 22, 15, 11, 8, 2, 7, 9, 1, 4, 6, 0], [21, 15, 3, 0, 0, 0, 0, 0, 0, 0, 0, 0, 0, 0, 0, 0, 0, 0], [27, 25, 23, 18, 19, 22, 14, 15, 11, 7, 13, 10, 3, 6, 2, 5, 1, 0], [26, 17, 27, 24, 20, 18, 19, 14, 9, 15, 11, 10, 22, 7, 8, 5, 3, 0], [28, 26, 27, 24, 25, 20, 19, 16, 22, 7, 10, 11, 12, 13, 4, 6, 3, 0], [28, 26, 17, 27, 25, 23, 20, 21, 14, 15, 16, 6, 8, 22, 7, 1, 5, 0], [27, 24, 20, 23, 21, 19, 15, 11, 8, 13, 2, 0, 0, 0, 0, 0, 0, 0], [28, 26, 17, 25, 24, 21, 19, 15, 22, 8, 13, 10, 11, 3, 5, 2, 6, 0], [26, 22, 7, 8, 6, 0, 0, 0, 0, 0, 0, 0, 0, 0, 0, 0, 0, 0], [28, 27, 24, 25, 20, 18, 15, 19, 3, 11, 9, 10, 7, 13, 1, 12, 5, 0]]
valid routes=1.0
norm-reward=0.8444449224120884
[ 9 iterations]
real=[[28, 27, 25, 24, 18, 15, 14, 13, 12, 10, 11, 7, 4, 9, 6, 1, 0, 0], [25, 9, 0, 0, 0, 0, 0, 0, 0, 0, 0, 0, 0, 0, 0, 0, 0, 0], [26, 25, 24, 23, 19, 18, 15, 14, 3, 9, 17, 1, 4, 0, 0, 0, 0, 0], [28, 15, 24, 14, 6, 10, 1, 0, 0, 0, 0, 0, 0, 0, 0, 0, 0, 0], [27, 21, 12, 19, 5, 6, 1, 7, 9, 0, 0, 0, 0, 0, 0, 0, 0, 0], [28, 27, 26, 25, 21, 20, 18, 17, 16, 15, 8, 7, 1, 3, 2, 14, 6, 0], [20, 27, 2, 19, 11, 0, 0, 0, 0, 0, 0, 0, 0, 0, 0, 0, 0, 0], [28, 27, 26, 24, 23, 20, 19, 18, 16, 15, 11, 10, 7, 5, 8, 14, 1, 0], [23, 10, 24, 21, 8, 20, 0, 0, 0, 0, 0, 0, 0, 0, 0, 0, 0, 0], [18, 13, 7, 22, 12, 9, 0, 0, 0, 0, 0, 0, 0, 0, 0, 0, 0, 0]]
gen=[[28, 27, 25, 24, 18, 14, 15, 9, 10, 11, 7, 4, 13, 1, 12, 6, 0, 0], [25, 9, 0, 0, 0, 0, 0, 0, 0, 0, 0, 0, 0, 0, 0, 0, 0, 0], [26, 17, 25, 23, 24, 18, 14, 19, 15, 9, 1, 3, 4, 0, 0, 0, 0, 0], [28, 24, 14, 15, 10, 1, 6, 0, 0, 0, 0, 0, 0, 0, 0, 0, 0, 0], [27, 21, 19, 9, 7, 12, 5, 1, 6, 0, 0, 0, 0, 0, 0, 0, 0, 0], [27, 17, 26, 25, 20, 28, 18, 21, 14, 15, 16, 2, 3, 8, 6, 7, 1, 0], [27, 20, 19, 11, 2, 0, 0, 0, 0, 0, 0, 0, 0, 0, 0, 0, 0, 0], [28, 27, 26, 24, 23, 20, 18, 16, 14, 19, 15, 10, 8, 11, 5, 1, 7, 0], [24, 21, 20, 23, 8, 10, 0, 0, 0, 0, 0, 0, 0, 0, 0, 0, 0, 0], [22, 18, 7, 9, 12, 13, 0, 0, 0, 0, 0, 0, 0, 0, 0, 0, 0, 0]]
valid routes=1.0
norm-reward=0.8417910726311181
[ 10 iterations]
real=[[13, 0, 0, 0, 0, 0, 0, 0, 0, 0, 0, 0, 0, 0, 0, 0, 0, 0], [28, 26, 25, 24, 21, 18, 17, 16, 15, 12, 11, 10, 4, 5, 2, 3, 6, 0], [28, 27, 26, 25, 24, 23, 21, 19, 17, 15, 13, 8, 4, 3, 6, 12, 11, 0], [3, 4, 9, 16, 12, 0, 0, 0, 0, 0, 0, 0, 0, 0, 0, 0, 0, 0], [27, 14, 9, 2, 12, 10, 1, 4, 0, 0, 0, 0, 0, 0, 0, 0, 0, 0], [24, 20, 19, 18, 17, 13, 16, 7, 2, 1, 8, 0, 0, 0, 0, 0, 0, 0], [28, 24, 23, 20, 19, 18, 17, 16, 15, 14, 13, 8, 4, 9, 2, 12, 6, 0], [28, 25, 10, 19, 17, 3, 23, 5, 0, 0, 0, 0, 0, 0, 0, 0, 0, 0], [28, 27, 26, 25, 24, 23, 20, 18, 17, 15, 11, 8, 7, 5, 2, 12, 6, 0], [14, 0, 0, 0, 0, 0, 0, 0, 0, 0, 0, 0, 0, 0, 0, 0, 0, 0]]
gen=[[13, 0, 0, 0, 0, 0, 0, 0, 0, 0, 0, 0, 0, 0, 0, 0, 0, 0], [28, 17, 26, 25, 24, 18, 21, 16, 15, 11, 10, 3, 12, 6, 5, 4, 2, 0], [28, 27, 17, 26, 25, 23, 24, 21, 19, 8, 15, 13, 11, 6, 3, 4, 12, 0], [16, 12, 9, 3, 4, 0, 0, 0, 0, 0, 0, 0, 0, 0, 0, 0, 0, 0], [27, 12, 14, 10, 9, 2, 1, 4, 0, 0, 0, 0, 0, 0, 0, 0, 0, 0], [17, 24, 20, 18, 19, 16, 7, 8, 2, 1, 13, 0, 0, 0, 0, 0, 0, 0], [28, 17, 24, 23, 20, 18, 14, 19, 15, 16, 13, 8, 2, 12, 9, 6, 4, 0], [28, 17, 25, 23, 19, 10, 3, 5, 0, 0, 0, 0, 0, 0, 0, 0, 0, 0], [28, 27, 17, 26, 25, 23, 20, 18, 24, 15, 5, 11, 7, 2, 8, 6, 12, 0], [14, 0, 0, 0, 0, 0, 0, 0, 0, 0, 0, 0, 0, 0, 0, 0, 0, 0]]
valid routes=1.0
norm-reward=0.8450717178005234
[ 11 iterations]
real=[[26, 24, 4, 19, 17, 3, 9, 6, 0, 0, 0, 0, 0, 0, 0, 0, 0, 0], [20, 6, 2, 14, 12, 3, 10, 0, 0, 0, 0, 0, 0, 0, 0, 0, 0, 0], [24, 23, 22, 21, 20, 19, 17, 15, 14, 7, 8, 10, 5, 3, 13, 0, 0, 0], [1, 22, 8, 21, 0, 0, 0, 0, 0, 0, 0, 0, 0, 0, 0, 0, 0, 0], [25, 24, 23, 22, 21, 20, 19, 18, 16, 15, 10, 7, 9, 5, 1, 12, 2, 0], [28, 27, 23, 21, 20, 15, 12, 14, 2, 9, 11, 3, 4, 0, 0, 0, 0, 0], [16, 0, 0, 0, 0, 0, 0, 0, 0, 0, 0, 0, 0, 0, 0, 0, 0, 0], [28, 26, 25, 24, 19, 16, 15, 14, 13, 11, 8, 7, 4, 5, 2, 9, 6, 0], [27, 26, 25, 24, 22, 20, 18, 17, 15, 14, 13, 8, 4, 5, 1, 10, 6, 0], [17, 27, 11, 19, 0, 0, 0, 0, 0, 0, 0, 0, 0, 0, 0, 0, 0, 0]]
gen=[[17, 26, 24, 19, 9, 6, 4, 3, 0, 0, 0, 0, 0, 0, 0, 0, 0, 0], [20, 10, 14, 3, 2, 6, 12, 0, 0, 0, 0, 0, 0, 0, 0, 0, 0, 0], [17, 24, 20, 23, 21, 19, 14, 22, 15, 7, 13, 3, 5, 10, 8, 0, 0, 0], [22, 21, 1, 8, 0, 0, 0, 0, 0, 0, 0, 0, 0, 0, 0, 0, 0, 0], [24, 25, 20, 23, 21, 18, 19, 9, 16, 22, 15, 10, 5, 7, 12, 2, 1, 0], [28, 27, 20, 23, 21, 14, 9, 11, 15, 2, 4, 3, 12, 0, 0, 0, 0, 0], [16, 0, 0, 0, 0, 0, 0, 0, 0, 0, 0, 0, 0, 0, 0, 0, 0, 0], [28, 26, 25, 24, 19, 16, 14, 15, 9, 13, 5, 7, 11, 6, 2, 8, 4, 0], [27, 17, 26, 25, 20, 24, 18, 14, 15, 22, 10, 5, 1, 8, 6, 13, 4, 0], [27, 17, 19, 11, 0, 0, 0, 0, 0, 0, 0, 0, 0, 0, 0, 0, 0, 0]]
valid routes=1.0
norm-reward=0.8448992581863183
[ 12 iterations]
real=[[28, 25, 24, 21, 20, 17, 14, 13, 6, 7, 8, 12, 4, 5, 0, 0, 0, 0], [18, 27, 7, 22, 21, 0, 0, 0, 0, 0, 0, 0, 0, 0, 0, 0, 0, 0], [28, 24, 20, 18, 13, 10, 16, 7, 12, 1, 8, 0, 0, 0, 0, 0, 0, 0], [26, 24, 23, 21, 19, 16, 14, 10, 2, 6, 3, 13, 5, 0, 0, 0, 0, 0], [28, 27, 23, 22, 11, 13, 10, 4, 2, 8, 0, 0, 0, 0, 0, 0, 0, 0], [28, 15, 10, 21, 17, 6, 27, 0, 0, 0, 0, 0, 0, 0, 0, 0, 0, 0], [28, 27, 25, 24, 22, 21, 20, 19, 18, 17, 13, 8, 5, 3, 1, 16, 2, 0], [6, 0, 0, 0, 0, 0, 0, 0, 0, 0, 0, 0, 0, 0, 0, 0, 0, 0], [28, 27, 26, 22, 21, 20, 19, 18, 17, 16, 10, 1, 9, 5, 2, 3, 6, 0], [27, 24, 22, 21, 20, 19, 17, 11, 10, 9, 2, 3, 4, 16, 0, 0, 0, 0]]
gen=[[28, 17, 25, 24, 20, 21, 14, 13, 8, 6, 12, 7, 5, 4, 0, 0, 0, 0], [27, 22, 21, 18, 7, 0, 0, 0, 0, 0, 0, 0, 0, 0, 0, 0, 0, 0], [28, 24, 20, 18, 16, 13, 10, 7, 12, 8, 1, 0, 0, 0, 0, 0, 0, 0], [26, 24, 23, 21, 19, 14, 16, 10, 5, 13, 2, 3, 6, 0, 0, 0, 0, 0], [28, 27, 23, 22, 13, 11, 10, 8, 2, 4, 0, 0, 0, 0, 0, 0, 0, 0], [28, 27, 17, 21, 15, 10, 6, 0, 0, 0, 0, 0, 0, 0, 0, 0, 0, 0], [28, 27, 17, 25, 24, 20, 21, 19, 18, 16, 8, 22, 13, 1, 3, 5, 2, 0], [6, 0, 0, 0, 0, 0, 0, 0, 0, 0, 0, 0, 0, 0, 0, 0, 0, 0], [28, 27, 17, 26, 20, 21, 18, 19, 16, 10, 22, 5, 6, 9, 3, 2, 1, 0], [27, 17, 24, 20, 19, 21, 16, 22, 11, 10, 2, 9, 4, 3, 0, 0, 0, 0]]
valid routes=1.0
norm-reward=0.8437988752645036
[ 13 iterations]
real=[[27, 26, 25, 24, 22, 21, 20, 19, 18, 9, 15, 12, 17, 5, 1, 0, 0, 0], [28, 23, 22, 17, 14, 13, 11, 4, 6, 9, 8, 7, 0, 0, 0, 0, 0, 0], [28, 25, 24, 22, 15, 4, 1, 7, 13, 8, 5, 0, 0, 0, 0, 0, 0, 0], [18, 27, 6, 0, 0, 0, 0, 0, 0, 0, 0, 0, 0, 0, 0, 0, 0, 0], [28, 27, 26, 25, 22, 21, 20, 19, 18, 17, 13, 11, 4, 5, 9, 14, 10, 0], [7, 0, 0, 0, 0, 0, 0, 0, 0, 0, 0, 0, 0, 0, 0, 0, 0, 0], [27, 26, 25, 23, 19, 15, 12, 11, 14, 9, 5, 7, 0, 0, 0, 0, 0, 0], [23, 0, 0, 0, 0, 0, 0, 0, 0, 0, 0, 0, 0, 0, 0, 0, 0, 0], [11, 21, 0, 0, 0, 0, 0, 0, 0, 0, 0, 0, 0, 0, 0, 0, 0, 0], [28, 25, 24, 23, 21, 18, 17, 15, 14, 12, 9, 8, 7, 5, 2, 10, 4, 0]]
gen=[[27, 26, 17, 25, 24, 20, 18, 19, 21, 15, 22, 1, 12, 5, 9, 0, 0, 0], [28, 17, 23, 22, 14, 9, 8, 11, 13, 6, 4, 7, 0, 0, 0, 0, 0, 0], [28, 25, 24, 22, 15, 13, 8, 5, 1, 7, 4, 0, 0, 0, 0, 0, 0, 0], [27, 18, 6, 0, 0, 0, 0, 0, 0, 0, 0, 0, 0, 0, 0, 0, 0, 0], [28, 27, 17, 26, 25, 20, 21, 18, 14, 19, 11, 22, 9, 13, 5, 10, 4, 0], [7, 0, 0, 0, 0, 0, 0, 0, 0, 0, 0, 0, 0, 0, 0, 0, 0, 0], [27, 26, 25, 23, 19, 14, 15, 11, 9, 5, 12, 7, 0, 0, 0, 0, 0, 0], [23, 0, 0, 0, 0, 0, 0, 0, 0, 0, 0, 0, 0, 0, 0, 0, 0, 0], [21, 11, 0, 0, 0, 0, 0, 0, 0, 0, 0, 0, 0, 0, 0, 0, 0, 0], [28, 17, 25, 24, 23, 21, 18, 14, 8, 10, 15, 9, 5, 7, 4, 12, 2, 0]]
valid routes=1.0
norm-reward=0.8419615966768438
[ 14 iterations]
real=[[7, 0, 0, 0, 0, 0, 0, 0, 0, 0, 0, 0, 0, 0, 0, 0, 0, 0], [27, 23, 22, 19, 18, 17, 16, 14, 12, 11, 9, 7, 5, 3, 1, 10, 4, 0], [25, 24, 22, 21, 20, 15, 10, 7, 3, 14, 13, 12, 0, 0, 0, 0, 0, 0], [25, 27, 24, 5, 21, 0, 0, 0, 0, 0, 0, 0, 0, 0, 0, 0, 0, 0], [27, 25, 19, 20, 11, 3, 1, 6, 13, 0, 0, 0, 0, 0, 0, 0, 0, 0], [28, 25, 24, 22, 21, 20, 19, 17, 15, 14, 11, 13, 7, 5, 1, 3, 2, 0], [23, 2, 0, 0, 0, 0, 0, 0, 0, 0, 0, 0, 0, 0, 0, 0, 0, 0], [28, 27, 25, 23, 22, 17, 15, 14, 11, 9, 8, 12, 7, 3, 0, 0, 0, 0], [26, 24, 23, 22, 19, 17, 16, 15, 14, 9, 11, 12, 2, 3, 8, 0, 0, 0], [28, 27, 26, 25, 23, 17, 11, 10, 2, 9, 8, 7, 4, 5, 0, 0, 0, 0]]
gen=[[7, 0, 0, 0, 0, 0, 0, 0, 0, 0, 0, 0, 0, 0, 0, 0, 0, 0], [27, 17, 23, 22, 18, 19, 16, 14, 9, 5, 10, 3, 11, 7, 1, 12, 4, 0], [25, 24, 20, 21, 14, 22, 15, 7, 10, 13, 3, 12, 0, 0, 0, 0, 0, 0], [27, 25, 24, 21, 5, 0, 0, 0, 0, 0, 0, 0, 0, 0, 0, 0, 0, 0], [27, 25, 20, 19, 13, 11, 3, 6, 1, 0, 0, 0, 0, 0, 0, 0, 0, 0], [28, 25, 17, 24, 20, 19, 21, 14, 15, 22, 11, 13, 5, 7, 1, 3, 2, 0], [23, 2, 0, 0, 0, 0, 0, 0, 0, 0, 0, 0, 0, 0, 0, 0, 0, 0], [28, 27, 17, 25, 23, 22, 14, 15, 9, 11, 8, 7, 12, 3, 0, 0, 0, 0], [26, 17, 24, 23, 19, 14, 16, 15, 22, 8, 9, 11, 2, 12, 3, 0, 0, 0], [28, 27, 26, 17, 25, 23, 10, 8, 9, 7, 11, 2, 5, 4, 0, 0, 0, 0]]
valid routes=1.0
norm-reward=0.8461437918543729
[ 15 iterations]
real=[[24, 15, 9, 5, 8, 3, 20, 4, 0, 0, 0, 0, 0, 0, 0, 0, 0, 0], [13, 26, 7, 2, 1, 10, 0, 0, 0, 0, 0, 0, 0, 0, 0, 0, 0, 0], [26, 25, 22, 21, 20, 16, 15, 13, 12, 11, 9, 7, 4, 3, 1, 10, 6, 0], [17, 26, 7, 19, 21, 16, 0, 0, 0, 0, 0, 0, 0, 0, 0, 0, 0, 0], [28, 27, 24, 23, 22, 20, 12, 7, 18, 8, 15, 13, 0, 0, 0, 0, 0, 0], [12, 14, 2, 0, 0, 0, 0, 0, 0, 0, 0, 0, 0, 0, 0, 0, 0, 0], [27, 25, 24, 22, 21, 19, 16, 15, 14, 13, 11, 8, 9, 5, 2, 12, 4, 0], [26, 25, 24, 19, 17, 4, 15, 14, 2, 9, 8, 0, 0, 0, 0, 0, 0, 0], [28, 27, 25, 24, 23, 21, 17, 16, 14, 13, 10, 8, 7, 5, 2, 3, 9, 0], [23, 21, 15, 20, 5, 3, 11, 9, 13, 0, 0, 0, 0, 0, 0, 0, 0, 0]]
gen=[[24, 20, 15, 5, 8, 9, 3, 4, 0, 0, 0, 0, 0, 0, 0, 0, 0, 0], [26, 13, 10, 7, 1, 2, 0, 0, 0, 0, 0, 0, 0, 0, 0, 0, 0, 0], [26, 25, 20, 22, 21, 16, 15, 9, 13, 10, 7, 12, 11, 4, 6, 1, 3, 0], [26, 17, 21, 19, 16, 7, 0, 0, 0, 0, 0, 0, 0, 0, 0, 0, 0, 0], [28, 27, 24, 20, 23, 18, 22, 15, 13, 8, 12, 7, 0, 0, 0, 0, 0, 0], [12, 14, 2, 0, 0, 0, 0, 0, 0, 0, 0, 0, 0, 0, 0, 0, 0, 0], [27, 25, 24, 22, 21, 16, 19, 14, 15, 13, 9, 11, 8, 4, 12, 5, 2, 0], [26, 25, 17, 24, 14, 19, 15, 9, 8, 4, 2, 0, 0, 0, 0, 0, 0, 0], [28, 27, 17, 25, 24, 23, 21, 14, 16, 9, 13, 5, 10, 2, 7, 8, 3, 0], [23, 20, 21, 15, 13, 11, 9, 3, 5, 0, 0, 0, 0, 0, 0, 0, 0, 0]]
valid routes=1.0
norm-reward=0.8453434118907122
[ 16 iterations]
real=[[27, 26, 25, 23, 21, 19, 18, 17, 10, 9, 5, 1, 6, 14, 2, 0, 0, 0], [7, 0, 0, 0, 0, 0, 0, 0, 0, 0, 0, 0, 0, 0, 0, 0, 0, 0], [26, 23, 22, 21, 20, 18, 17, 14, 11, 10, 9, 1, 7, 5, 2, 3, 4, 0], [17, 23, 9, 5, 25, 6, 0, 0, 0, 0, 0, 0, 0, 0, 0, 0, 0, 0], [26, 25, 23, 22, 18, 17, 16, 15, 12, 11, 8, 7, 4, 5, 2, 3, 6, 0], [28, 24, 9, 15, 17, 10, 7, 0, 0, 0, 0, 0, 0, 0, 0, 0, 0, 0], [28, 27, 24, 20, 22, 3, 15, 6, 13, 14, 0, 0, 0, 0, 0, 0, 0, 0], [27, 24, 20, 19, 18, 14, 16, 4, 2, 9, 8, 1, 0, 0, 0, 0, 0, 0], [23, 19, 2, 18, 12, 20, 0, 0, 0, 0, 0, 0, 0, 0, 0, 0, 0, 0], [28, 26, 24, 21, 19, 17, 15, 14, 10, 7, 8, 13, 4, 5, 6, 0, 0, 0]]
gen=[[27, 26, 17, 25, 23, 21, 18, 19, 14, 10, 9, 1, 5, 2, 6, 0, 0, 0], [7, 0, 0, 0, 0, 0, 0, 0, 0, 0, 0, 0, 0, 0, 0, 0, 0, 0], [26, 17, 20, 23, 21, 18, 14, 22, 9, 10, 7, 11, 2, 5, 4, 3, 1, 0], [17, 25, 23, 9, 5, 6, 0, 0, 0, 0, 0, 0, 0, 0, 0, 0, 0, 0], [26, 17, 25, 23, 18, 16, 22, 8, 15, 7, 11, 3, 12, 4, 5, 2, 6, 0], [28, 17, 24, 15, 10, 9, 7, 0, 0, 0, 0, 0, 0, 0, 0, 0, 0, 0], [28, 27, 24, 20, 22, 14, 15, 13, 3, 6, 0, 0, 0, 0, 0, 0, 0, 0], [27, 24, 20, 18, 16, 19, 14, 4, 8, 9, 2, 1, 0, 0, 0, 0, 0, 0], [23, 20, 18, 19, 2, 12, 0, 0, 0, 0, 0, 0, 0, 0, 0, 0, 0, 0], [28, 26, 17, 24, 21, 19, 14, 15, 7, 10, 13, 4, 8, 6, 5, 0, 0, 0]]
valid routes=1.0
norm-reward=0.847247074419278
[ 17 iterations]
real=[[5, 0, 0, 0, 0, 0, 0, 0, 0, 0, 0, 0, 0, 0, 0, 0, 0, 0], [21, 13, 24, 5, 3, 6, 15, 0, 0, 0, 0, 0, 0, 0, 0, 0, 0, 0], [7, 5, 24, 2, 0, 0, 0, 0, 0, 0, 0, 0, 0, 0, 0, 0, 0, 0], [28, 27, 25, 19, 21, 3, 22, 2, 0, 0, 0, 0, 0, 0, 0, 0, 0, 0], [28, 27, 25, 24, 22, 21, 20, 19, 17, 15, 13, 11, 1, 3, 8, 14, 9, 0], [11, 28, 0, 0, 0, 0, 0, 0, 0, 0, 0, 0, 0, 0, 0, 0, 0, 0], [28, 27, 26, 25, 24, 23, 21, 20, 19, 18, 17, 12, 4, 9, 8, 14, 10, 0], [27, 26, 25, 24, 23, 22, 17, 15, 14, 12, 11, 8, 5, 3, 1, 10, 2, 0], [17, 9, 12, 20, 0, 0, 0, 0, 0, 0, 0, 0, 0, 0, 0, 0, 0, 0], [28, 27, 26, 23, 22, 21, 18, 17, 15, 14, 13, 8, 7, 9, 1, 10, 4, 0]]
gen=[[5, 0, 0, 0, 0, 0, 0, 0, 0, 0, 0, 0, 0, 0, 0, 0, 0, 0], [24, 21, 13, 5, 6, 15, 3, 0, 0, 0, 0, 0, 0, 0, 0, 0, 0, 0], [24, 5, 2, 7, 0, 0, 0, 0, 0, 0, 0, 0, 0, 0, 0, 0, 0, 0], [28, 27, 25, 22, 21, 19, 3, 2, 0, 0, 0, 0, 0, 0, 0, 0, 0, 0], [28, 27, 17, 25, 24, 20, 21, 19, 14, 22, 15, 13, 11, 8, 9, 1, 3, 0], [28, 11, 0, 0, 0, 0, 0, 0, 0, 0, 0, 0, 0, 0, 0, 0, 0, 0], [28, 27, 26, 17, 25, 24, 23, 20, 18, 14, 21, 19, 10, 9, 8, 4, 12, 0], [27, 26, 17, 25, 24, 23, 22, 14, 11, 15, 10, 2, 5, 12, 3, 8, 1, 0], [17, 20, 12, 9, 0, 0, 0, 0, 0, 0, 0, 0, 0, 0, 0, 0, 0, 0], [28, 27, 26, 17, 23, 18, 21, 14, 22, 15, 10, 13, 7, 8, 4, 9, 1, 0]]
valid routes=1.0
norm-reward=0.8470211302595766
[ 18 iterations]
real=[[26, 23, 22, 21, 20, 19, 18, 16, 15, 11, 8, 7, 4, 2, 1, 9, 6, 0], [21, 15, 3, 0, 0, 0, 0, 0, 0, 0, 0, 0, 0, 0, 0, 0, 0, 0], [27, 25, 23, 22, 19, 18, 15, 14, 13, 11, 10, 1, 7, 5, 2, 3, 6, 0], [27, 26, 24, 22, 20, 19, 18, 17, 15, 14, 11, 7, 5, 3, 8, 10, 9, 0], [28, 27, 26, 25, 24, 22, 20, 19, 16, 13, 11, 12, 7, 3, 6, 10, 4, 0], [28, 27, 26, 25, 23, 22, 21, 20, 17, 16, 15, 8, 7, 5, 1, 14, 6, 0], [27, 24, 23, 21, 19, 20, 15, 11, 2, 8, 13, 0, 0, 0, 0, 0, 0, 0], [28, 26, 25, 24, 22, 21, 19, 17, 15, 13, 11, 8, 5, 3, 2, 10, 6, 0], [6, 26, 7, 22, 8, 0, 0, 0, 0, 0, 0, 0, 0, 0, 0, 0, 0, 0], [28, 27, 25, 24, 20, 19, 18, 15, 13, 12, 11, 7, 5, 3, 1, 10, 9, 0]]
gen=[[26, 22, 20, 23, 18, 21, 19, 16, 9, 8, 15, 7, 2, 11, 1, 6, 4, 0], [21, 15, 3, 0, 0, 0, 0, 0, 0, 0, 0, 0, 0, 0, 0, 0, 0, 0], [27, 25, 23, 18, 22, 19, 14, 15, 10, 6, 7, 5, 13, 11, 2, 1, 3, 0], [27, 26, 17, 24, 20, 18, 14, 19, 15, 10, 22, 8, 9, 11, 5, 7, 3, 0], [28, 27, 26, 25, 24, 20, 19, 16, 22, 10, 11, 13, 7, 4, 6, 12, 3, 0], [28, 27, 17, 25, 26, 23, 20, 21, 14, 15, 22, 16, 7, 8, 5, 1, 6, 0], [27, 24, 20, 23, 21, 19, 15, 8, 2, 11, 13, 0, 0, 0, 0, 0, 0, 0], [28, 26, 17, 25, 24, 19, 21, 15, 22, 11, 10, 13, 8, 5, 6, 2, 3, 0], [26, 22, 6, 8, 7, 0, 0, 0, 0, 0, 0, 0, 0, 0, 0, 0, 0, 0], [28, 27, 25, 24, 20, 18, 19, 15, 13, 7, 9, 10, 11, 3, 12, 5, 1, 0]]
valid routes=1.0
norm-reward=0.8503684095475316
[ 19 iterations]
real=[[28, 27, 25, 24, 18, 15, 14, 13, 12, 10, 11, 7, 4, 9, 6, 1, 0, 0], [25, 9, 0, 0, 0, 0, 0, 0, 0, 0, 0, 0, 0, 0, 0, 0, 0, 0], [26, 25, 24, 23, 19, 18, 15, 14, 3, 9, 17, 1, 4, 0, 0, 0, 0, 0], [28, 15, 24, 14, 6, 10, 1, 0, 0, 0, 0, 0, 0, 0, 0, 0, 0, 0], [27, 21, 12, 19, 5, 6, 1, 7, 9, 0, 0, 0, 0, 0, 0, 0, 0, 0], [28, 27, 26, 25, 21, 20, 18, 17, 16, 15, 8, 7, 1, 3, 2, 14, 6, 0], [20, 27, 2, 19, 11, 0, 0, 0, 0, 0, 0, 0, 0, 0, 0, 0, 0, 0], [28, 27, 26, 24, 23, 20, 19, 18, 16, 15, 11, 10, 7, 5, 8, 14, 1, 0], [23, 10, 24, 21, 8, 20, 0, 0, 0, 0, 0, 0, 0, 0, 0, 0, 0, 0], [18, 13, 7, 22, 12, 9, 0, 0, 0, 0, 0, 0, 0, 0, 0, 0, 0, 0]]
gen=[[28, 27, 25, 24, 18, 14, 15, 11, 13, 10, 7, 9, 12, 6, 4, 1, 0, 0], [25, 9, 0, 0, 0, 0, 0, 0, 0, 0, 0, 0, 0, 0, 0, 0, 0, 0], [26, 25, 17, 24, 23, 18, 14, 19, 15, 4, 9, 1, 3, 0, 0, 0, 0, 0], [28, 24, 15, 10, 1, 14, 6, 0, 0, 0, 0, 0, 0, 0, 0, 0, 0, 0], [27, 21, 19, 5, 9, 12, 6, 7, 1, 0, 0, 0, 0, 0, 0, 0, 0, 0], [28, 27, 25, 17, 26, 20, 18, 21, 14, 16, 15, 1, 8, 7, 3, 6, 2, 0], [27, 20, 19, 11, 2, 0, 0, 0, 0, 0, 0, 0, 0, 0, 0, 0, 0, 0], [28, 27, 26, 24, 23, 20, 18, 19, 14, 15, 16, 10, 8, 7, 1, 11, 5, 0], [24, 20, 23, 21, 8, 10, 0, 0, 0, 0, 0, 0, 0, 0, 0, 0, 0, 0], [22, 18, 12, 7, 9, 13, 0, 0, 0, 0, 0, 0, 0, 0, 0, 0, 0, 0]]
valid routes=1.0
norm-reward=0.8434214342716726
[ 20 iterations]
real=[[13, 0, 0, 0, 0, 0, 0, 0, 0, 0, 0, 0, 0, 0, 0, 0, 0, 0], [28, 26, 25, 24, 21, 18, 17, 16, 15, 12, 11, 10, 4, 5, 2, 3, 6, 0], [28, 27, 26, 25, 24, 23, 21, 19, 17, 15, 13, 8, 4, 3, 6, 12, 11, 0], [3, 4, 9, 16, 12, 0, 0, 0, 0, 0, 0, 0, 0, 0, 0, 0, 0, 0], [27, 14, 9, 2, 12, 10, 1, 4, 0, 0, 0, 0, 0, 0, 0, 0, 0, 0], [24, 20, 19, 18, 17, 13, 16, 7, 2, 1, 8, 0, 0, 0, 0, 0, 0, 0], [28, 24, 23, 20, 19, 18, 17, 16, 15, 14, 13, 8, 4, 9, 2, 12, 6, 0], [28, 25, 10, 19, 17, 3, 23, 5, 0, 0, 0, 0, 0, 0, 0, 0, 0, 0], [28, 27, 26, 25, 24, 23, 20, 18, 17, 15, 11, 8, 7, 5, 2, 12, 6, 0], [14, 0, 0, 0, 0, 0, 0, 0, 0, 0, 0, 0, 0, 0, 0, 0, 0, 0]]
gen=[[13, 0, 0, 0, 0, 0, 0, 0, 0, 0, 0, 0, 0, 0, 0, 0, 0, 0], [28, 25, 26, 17, 24, 21, 18, 16, 10, 15, 11, 12, 5, 6, 3, 4, 2, 0], [28, 27, 25, 17, 26, 23, 24, 21, 19, 15, 13, 12, 8, 4, 11, 6, 3, 0], [16, 12, 3, 9, 4, 0, 0, 0, 0, 0, 0, 0, 0, 0, 0, 0, 0, 0], [27, 12, 10, 9, 1, 14, 4, 2, 0, 0, 0, 0, 0, 0, 0, 0, 0, 0], [24, 17, 20, 18, 19, 16, 13, 8, 7, 2, 1, 0, 0, 0, 0, 0, 0, 0], [28, 24, 17, 20, 23, 18, 19, 14, 16, 9, 15, 13, 2, 6, 12, 4, 8, 0], [28, 25, 17, 23, 19, 10, 3, 5, 0, 0, 0, 0, 0, 0, 0, 0, 0, 0], [28, 25, 27, 17, 26, 23, 24, 20, 18, 15, 8, 7, 5, 6, 11, 2, 12, 0], [14, 0, 0, 0, 0, 0, 0, 0, 0, 0, 0, 0, 0, 0, 0, 0, 0, 0]]
valid routes=1.0
norm-reward=0.8379646593632277
[ 21 iterations]
real=[[26, 24, 4, 19, 17, 3, 9, 6, 0, 0, 0, 0, 0, 0, 0, 0, 0, 0], [20, 6, 2, 14, 12, 3, 10, 0, 0, 0, 0, 0, 0, 0, 0, 0, 0, 0], [24, 23, 22, 21, 20, 19, 17, 15, 14, 7, 8, 10, 5, 3, 13, 0, 0, 0], [1, 22, 8, 21, 0, 0, 0, 0, 0, 0, 0, 0, 0, 0, 0, 0, 0, 0], [25, 24, 23, 22, 21, 20, 19, 18, 16, 15, 10, 7, 9, 5, 1, 12, 2, 0], [28, 27, 23, 21, 20, 15, 12, 14, 2, 9, 11, 3, 4, 0, 0, 0, 0, 0], [16, 0, 0, 0, 0, 0, 0, 0, 0, 0, 0, 0, 0, 0, 0, 0, 0, 0], [28, 26, 25, 24, 19, 16, 15, 14, 13, 11, 8, 7, 4, 5, 2, 9, 6, 0], [27, 26, 25, 24, 22, 20, 18, 17, 15, 14, 13, 8, 4, 5, 1, 10, 6, 0], [17, 27, 11, 19, 0, 0, 0, 0, 0, 0, 0, 0, 0, 0, 0, 0, 0, 0]]
gen=[[26, 24, 17, 19, 9, 3, 6, 4, 0, 0, 0, 0, 0, 0, 0, 0, 0, 0], [20, 3, 10, 14, 12, 6, 2, 0, 0, 0, 0, 0, 0, 0, 0, 0, 0, 0], [24, 17, 20, 23, 21, 14, 19, 13, 10, 15, 5, 22, 7, 8, 3, 0, 0, 0], [22, 21, 1, 8, 0, 0, 0, 0, 0, 0, 0, 0, 0, 0, 0, 0, 0, 0], [25, 24, 20, 23, 18, 21, 19, 15, 16, 10, 1, 22, 9, 2, 7, 5, 12, 0], [28, 27, 20, 23, 21, 14, 15, 4, 2, 9, 11, 12, 3, 0, 0, 0, 0, 0], [16, 0, 0, 0, 0, 0, 0, 0, 0, 0, 0, 0, 0, 0, 0, 0, 0, 0], [28, 25, 26, 24, 19, 16, 14, 15, 11, 13, 9, 7, 5, 4, 6, 2, 8, 0], [27, 25, 17, 26, 24, 20, 18, 14, 22, 10, 15, 8, 13, 1, 5, 4, 6, 0], [27, 17, 19, 11, 0, 0, 0, 0, 0, 0, 0, 0, 0, 0, 0, 0, 0, 0]]
valid routes=1.0
norm-reward=0.8304889049479631
[ 22 iterations]
real=[[28, 25, 24, 21, 20, 17, 14, 13, 6, 7, 8, 12, 4, 5, 0, 0, 0, 0], [18, 27, 7, 22, 21, 0, 0, 0, 0, 0, 0, 0, 0, 0, 0, 0, 0, 0], [28, 24, 20, 18, 13, 10, 16, 7, 12, 1, 8, 0, 0, 0, 0, 0, 0, 0], [26, 24, 23, 21, 19, 16, 14, 10, 2, 6, 3, 13, 5, 0, 0, 0, 0, 0], [28, 27, 23, 22, 11, 13, 10, 4, 2, 8, 0, 0, 0, 0, 0, 0, 0, 0], [28, 15, 10, 21, 17, 6, 27, 0, 0, 0, 0, 0, 0, 0, 0, 0, 0, 0], [28, 27, 25, 24, 22, 21, 20, 19, 18, 17, 13, 8, 5, 3, 1, 16, 2, 0], [6, 0, 0, 0, 0, 0, 0, 0, 0, 0, 0, 0, 0, 0, 0, 0, 0, 0], [28, 27, 26, 22, 21, 20, 19, 18, 17, 16, 10, 1, 9, 5, 2, 3, 6, 0], [27, 24, 22, 21, 20, 19, 17, 11, 10, 9, 2, 3, 4, 16, 0, 0, 0, 0]]
gen=[[28, 25, 17, 24, 20, 21, 14, 8, 13, 12, 7, 5, 4, 6, 0, 0, 0, 0], [27, 22, 21, 18, 7, 0, 0, 0, 0, 0, 0, 0, 0, 0, 0, 0, 0, 0], [28, 24, 20, 18, 16, 13, 10, 7, 8, 12, 1, 0, 0, 0, 0, 0, 0, 0], [26, 24, 23, 21, 14, 19, 16, 10, 13, 3, 2, 5, 6, 0, 0, 0, 0, 0], [28, 27, 22, 23, 13, 10, 11, 8, 2, 4, 0, 0, 0, 0, 0, 0, 0, 0], [28, 27, 17, 21, 15, 10, 6, 0, 0, 0, 0, 0, 0, 0, 0, 0, 0, 0], [28, 25, 17, 27, 24, 20, 21, 18, 19, 22, 16, 8, 13, 3, 1, 2, 5, 0], [6, 0, 0, 0, 0, 0, 0, 0, 0, 0, 0, 0, 0, 0, 0, 0, 0, 0], [28, 27, 17, 26, 20, 21, 18, 22, 19, 16, 10, 6, 9, 5, 2, 3, 1, 0], [27, 24, 17, 20, 21, 19, 22, 16, 10, 9, 11, 2, 3, 4, 0, 0, 0, 0]]
valid routes=1.0
norm-reward=0.8314371366795356
[ 23 iterations]
real=[[27, 26, 25, 24, 22, 21, 20, 19, 18, 9, 15, 12, 17, 5, 1, 0, 0, 0], [28, 23, 22, 17, 14, 13, 11, 4, 6, 9, 8, 7, 0, 0, 0, 0, 0, 0], [28, 25, 24, 22, 15, 4, 1, 7, 13, 8, 5, 0, 0, 0, 0, 0, 0, 0], [18, 27, 6, 0, 0, 0, 0, 0, 0, 0, 0, 0, 0, 0, 0, 0, 0, 0], [28, 27, 26, 25, 22, 21, 20, 19, 18, 17, 13, 11, 4, 5, 9, 14, 10, 0], [7, 0, 0, 0, 0, 0, 0, 0, 0, 0, 0, 0, 0, 0, 0, 0, 0, 0], [27, 26, 25, 23, 19, 15, 12, 11, 14, 9, 5, 7, 0, 0, 0, 0, 0, 0], [23, 0, 0, 0, 0, 0, 0, 0, 0, 0, 0, 0, 0, 0, 0, 0, 0, 0], [11, 21, 0, 0, 0, 0, 0, 0, 0, 0, 0, 0, 0, 0, 0, 0, 0, 0], [28, 25, 24, 23, 21, 18, 17, 15, 14, 12, 9, 8, 7, 5, 2, 10, 4, 0]]
gen=[[27, 25, 17, 26, 24, 20, 18, 21, 19, 15, 9, 22, 12, 5, 1, 0, 0, 0], [28, 17, 23, 22, 14, 4, 13, 9, 8, 11, 7, 6, 0, 0, 0, 0, 0, 0], [28, 25, 24, 22, 15, 13, 8, 4, 7, 5, 1, 0, 0, 0, 0, 0, 0, 0], [27, 18, 6, 0, 0, 0, 0, 0, 0, 0, 0, 0, 0, 0, 0, 0, 0, 0], [28, 25, 17, 26, 27, 20, 21, 14, 18, 19, 22, 10, 13, 9, 4, 11, 5, 0], [7, 0, 0, 0, 0, 0, 0, 0, 0, 0, 0, 0, 0, 0, 0, 0, 0, 0], [27, 25, 26, 23, 14, 19, 15, 7, 9, 11, 5, 12, 0, 0, 0, 0, 0, 0], [23, 0, 0, 0, 0, 0, 0, 0, 0, 0, 0, 0, 0, 0, 0, 0, 0, 0], [21, 11, 0, 0, 0, 0, 0, 0, 0, 0, 0, 0, 0, 0, 0, 0, 0, 0], [28, 25, 17, 24, 23, 18, 21, 14, 10, 9, 15, 4, 8, 2, 7, 5, 12, 0]]
valid routes=1.0
norm-reward=0.826460876935802
[ 24 iterations]
real=[[7, 0, 0, 0, 0, 0, 0, 0, 0, 0, 0, 0, 0, 0, 0, 0, 0, 0], [27, 23, 22, 19, 18, 17, 16, 14, 12, 11, 9, 7, 5, 3, 1, 10, 4, 0], [25, 24, 22, 21, 20, 15, 10, 7, 3, 14, 13, 12, 0, 0, 0, 0, 0, 0], [25, 27, 24, 5, 21, 0, 0, 0, 0, 0, 0, 0, 0, 0, 0, 0, 0, 0], [27, 25, 19, 20, 11, 3, 1, 6, 13, 0, 0, 0, 0, 0, 0, 0, 0, 0], [28, 25, 24, 22, 21, 20, 19, 17, 15, 14, 11, 13, 7, 5, 1, 3, 2, 0], [23, 2, 0, 0, 0, 0, 0, 0, 0, 0, 0, 0, 0, 0, 0, 0, 0, 0], [28, 27, 25, 23, 22, 17, 15, 14, 11, 9, 8, 12, 7, 3, 0, 0, 0, 0], [26, 24, 23, 22, 19, 17, 16, 15, 14, 9, 11, 12, 2, 3, 8, 0, 0, 0], [28, 27, 26, 25, 23, 17, 11, 10, 2, 9, 8, 7, 4, 5, 0, 0, 0, 0]]
gen=[[7, 0, 0, 0, 0, 0, 0, 0, 0, 0, 0, 0, 0, 0, 0, 0, 0, 0], [27, 17, 23, 22, 18, 14, 19, 16, 10, 9, 4, 12, 1, 5, 11, 3, 7, 0], [25, 24, 20, 21, 14, 22, 13, 10, 15, 3, 7, 12, 0, 0, 0, 0, 0, 0], [27, 25, 24, 21, 5, 0, 0, 0, 0, 0, 0, 0, 0, 0, 0, 0, 0, 0], [27, 25, 20, 19, 13, 11, 1, 6, 3, 0, 0, 0, 0, 0, 0, 0, 0, 0], [28, 25, 17, 24, 20, 21, 22, 14, 19, 15, 5, 11, 7, 2, 3, 13, 1, 0], [23, 2, 0, 0, 0, 0, 0, 0, 0, 0, 0, 0, 0, 0, 0, 0, 0, 0], [28, 27, 25, 17, 23, 14, 22, 15, 9, 12, 11, 8, 3, 7, 0, 0, 0, 0], [26, 17, 24, 23, 14, 19, 15, 22, 16, 12, 2, 11, 3, 8, 9, 0, 0, 0], [28, 26, 25, 17, 27, 23, 10, 9, 4, 8, 2, 11, 5, 7, 0, 0, 0, 0]]
valid routes=1.0
norm-reward=0.8362855084848949
[ 25 iterations]
real=[[24, 15, 9, 5, 8, 3, 20, 4, 0, 0, 0, 0, 0, 0, 0, 0, 0, 0], [13, 26, 7, 2, 1, 10, 0, 0, 0, 0, 0, 0, 0, 0, 0, 0, 0, 0], [26, 25, 22, 21, 20, 16, 15, 13, 12, 11, 9, 7, 4, 3, 1, 10, 6, 0], [17, 26, 7, 19, 21, 16, 0, 0, 0, 0, 0, 0, 0, 0, 0, 0, 0, 0], [28, 27, 24, 23, 22, 20, 12, 7, 18, 8, 15, 13, 0, 0, 0, 0, 0, 0], [12, 14, 2, 0, 0, 0, 0, 0, 0, 0, 0, 0, 0, 0, 0, 0, 0, 0], [27, 25, 24, 22, 21, 19, 16, 15, 14, 13, 11, 8, 9, 5, 2, 12, 4, 0], [26, 25, 24, 19, 17, 4, 15, 14, 2, 9, 8, 0, 0, 0, 0, 0, 0, 0], [28, 27, 25, 24, 23, 21, 17, 16, 14, 13, 10, 8, 7, 5, 2, 3, 9, 0], [23, 21, 15, 20, 5, 3, 11, 9, 13, 0, 0, 0, 0, 0, 0, 0, 0, 0]]
gen=[[24, 20, 15, 5, 8, 9, 4, 3, 0, 0, 0, 0, 0, 0, 0, 0, 0, 0], [26, 1, 10, 13, 2, 7, 0, 0, 0, 0, 0, 0, 0, 0, 0, 0, 0, 0], [26, 25, 20, 21, 22, 16, 15, 10, 13, 11, 7, 9, 4, 1, 3, 12, 6, 0], [26, 17, 21, 16, 19, 7, 0, 0, 0, 0, 0, 0, 0, 0, 0, 0, 0, 0], [28, 27, 24, 20, 23, 18, 15, 22, 8, 13, 7, 12, 0, 0, 0, 0, 0, 0], [12, 14, 2, 0, 0, 0, 0, 0, 0, 0, 0, 0, 0, 0, 0, 0, 0, 0], [27, 25, 24, 21, 22, 14, 19, 15, 16, 4, 8, 9, 11, 2, 5, 12, 13, 0], [26, 25, 17, 24, 14, 19, 15, 9, 2, 8, 4, 0, 0, 0, 0, 0, 0, 0], [28, 27, 25, 17, 24, 23, 21, 14, 10, 16, 13, 9, 7, 5, 2, 8, 3, 0], [23, 20, 21, 15, 13, 9, 5, 11, 3, 0, 0, 0, 0, 0, 0, 0, 0, 0]]
valid routes=1.0
norm-reward=0.8373712419057406
[ 26 iterations]
real=[[27, 26, 25, 23, 21, 19, 18, 17, 10, 9, 5, 1, 6, 14, 2, 0, 0, 0], [7, 0, 0, 0, 0, 0, 0, 0, 0, 0, 0, 0, 0, 0, 0, 0, 0, 0], [26, 23, 22, 21, 20, 18, 17, 14, 11, 10, 9, 1, 7, 5, 2, 3, 4, 0], [17, 23, 9, 5, 25, 6, 0, 0, 0, 0, 0, 0, 0, 0, 0, 0, 0, 0], [26, 25, 23, 22, 18, 17, 16, 15, 12, 11, 8, 7, 4, 5, 2, 3, 6, 0], [28, 24, 9, 15, 17, 10, 7, 0, 0, 0, 0, 0, 0, 0, 0, 0, 0, 0], [28, 27, 24, 20, 22, 3, 15, 6, 13, 14, 0, 0, 0, 0, 0, 0, 0, 0], [27, 24, 20, 19, 18, 14, 16, 4, 2, 9, 8, 1, 0, 0, 0, 0, 0, 0], [23, 19, 2, 18, 12, 20, 0, 0, 0, 0, 0, 0, 0, 0, 0, 0, 0, 0], [28, 26, 24, 21, 19, 17, 15, 14, 10, 7, 8, 13, 4, 5, 6, 0, 0, 0]]
gen=[[27, 26, 25, 17, 23, 21, 14, 18, 19, 10, 5, 6, 2, 1, 9, 0, 0, 0], [7, 0, 0, 0, 0, 0, 0, 0, 0, 0, 0, 0, 0, 0, 0, 0, 0, 0], [26, 17, 20, 23, 21, 14, 18, 10, 22, 2, 7, 4, 9, 11, 5, 3, 1, 0], [25, 17, 23, 5, 9, 6, 0, 0, 0, 0, 0, 0, 0, 0, 0, 0, 0, 0], [26, 25, 17, 23, 18, 15, 22, 16, 4, 8, 2, 7, 3, 12, 5, 11, 6, 0], [28, 24, 17, 15, 10, 9, 7, 0, 0, 0, 0, 0, 0, 0, 0, 0, 0, 0], [28, 27, 24, 20, 22, 14, 15, 13, 6, 3, 0, 0, 0, 0, 0, 0, 0, 0], [27, 24, 20, 18, 14, 19, 16, 4, 9, 2, 8, 1, 0, 0, 0, 0, 0, 0], [23, 20, 19, 18, 2, 12, 0, 0, 0, 0, 0, 0, 0, 0, 0, 0, 0, 0], [28, 26, 17, 24, 21, 14, 19, 15, 10, 8, 4, 6, 7, 13, 5, 0, 0, 0]]
valid routes=1.0
norm-reward=0.8425191969801894
[ 27 iterations]
real=[[5, 0, 0, 0, 0, 0, 0, 0, 0, 0, 0, 0, 0, 0, 0, 0, 0, 0], [21, 13, 24, 5, 3, 6, 15, 0, 0, 0, 0, 0, 0, 0, 0, 0, 0, 0], [7, 5, 24, 2, 0, 0, 0, 0, 0, 0, 0, 0, 0, 0, 0, 0, 0, 0], [28, 27, 25, 19, 21, 3, 22, 2, 0, 0, 0, 0, 0, 0, 0, 0, 0, 0], [28, 27, 25, 24, 22, 21, 20, 19, 17, 15, 13, 11, 1, 3, 8, 14, 9, 0], [11, 28, 0, 0, 0, 0, 0, 0, 0, 0, 0, 0, 0, 0, 0, 0, 0, 0], [28, 27, 26, 25, 24, 23, 21, 20, 19, 18, 17, 12, 4, 9, 8, 14, 10, 0], [27, 26, 25, 24, 23, 22, 17, 15, 14, 12, 11, 8, 5, 3, 1, 10, 2, 0], [17, 9, 12, 20, 0, 0, 0, 0, 0, 0, 0, 0, 0, 0, 0, 0, 0, 0], [28, 27, 26, 23, 22, 21, 18, 17, 15, 14, 13, 8, 7, 9, 1, 10, 4, 0]]
gen=[[5, 0, 0, 0, 0, 0, 0, 0, 0, 0, 0, 0, 0, 0, 0, 0, 0, 0], [24, 21, 15, 13, 3, 6, 5, 0, 0, 0, 0, 0, 0, 0, 0, 0, 0, 0], [24, 5, 7, 2, 0, 0, 0, 0, 0, 0, 0, 0, 0, 0, 0, 0, 0, 0], [28, 27, 25, 21, 19, 22, 3, 2, 0, 0, 0, 0, 0, 0, 0, 0, 0, 0], [27, 17, 25, 24, 28, 20, 21, 14, 19, 15, 11, 13, 8, 9, 1, 3, 22, 0], [28, 11, 0, 0, 0, 0, 0, 0, 0, 0, 0, 0, 0, 0, 0, 0, 0, 0], [27, 26, 17, 25, 24, 28, 23, 14, 20, 21, 19, 10, 18, 8, 4, 12, 9, 0], [27, 26, 17, 25, 24, 23, 14, 15, 10, 22, 11, 8, 12, 2, 5, 1, 3, 0], [17, 20, 9, 12, 0, 0, 0, 0, 0, 0, 0, 0, 0, 0, 0, 0, 0, 0], [27, 26, 17, 23, 28, 21, 14, 18, 10, 15, 9, 22, 1, 8, 7, 13, 4, 0]]
valid routes=1.0
norm-reward=0.844388029606693
[ 28 iterations]
real=[[26, 23, 22, 21, 20, 19, 18, 16, 15, 11, 8, 7, 4, 2, 1, 9, 6, 0], [21, 15, 3, 0, 0, 0, 0, 0, 0, 0, 0, 0, 0, 0, 0, 0, 0, 0], [27, 25, 23, 22, 19, 18, 15, 14, 13, 11, 10, 1, 7, 5, 2, 3, 6, 0], [27, 26, 24, 22, 20, 19, 18, 17, 15, 14, 11, 7, 5, 3, 8, 10, 9, 0], [28, 27, 26, 25, 24, 22, 20, 19, 16, 13, 11, 12, 7, 3, 6, 10, 4, 0], [28, 27, 26, 25, 23, 22, 21, 20, 17, 16, 15, 8, 7, 5, 1, 14, 6, 0], [27, 24, 23, 21, 19, 20, 15, 11, 2, 8, 13, 0, 0, 0, 0, 0, 0, 0], [28, 26, 25, 24, 22, 21, 19, 17, 15, 13, 11, 8, 5, 3, 2, 10, 6, 0], [6, 26, 7, 22, 8, 0, 0, 0, 0, 0, 0, 0, 0, 0, 0, 0, 0, 0], [28, 27, 25, 24, 20, 19, 18, 15, 13, 12, 11, 7, 5, 3, 1, 10, 9, 0]]
gen=[[26, 22, 23, 20, 21, 18, 19, 16, 15, 4, 2, 9, 7, 11, 1, 6, 8, 0], [21, 15, 3, 0, 0, 0, 0, 0, 0, 0, 0, 0, 0, 0, 0, 0, 0, 0], [27, 25, 23, 22, 18, 19, 15, 14, 13, 10, 2, 5, 1, 7, 3, 11, 6, 0], [27, 26, 24, 17, 20, 18, 19, 22, 14, 15, 10, 8, 9, 7, 5, 11, 3, 0], [28, 27, 26, 24, 25, 20, 22, 16, 19, 13, 10, 12, 4, 11, 7, 3, 6, 0], [28, 27, 26, 25, 17, 23, 20, 21, 14, 22, 15, 16, 5, 1, 6, 7, 8, 0], [27, 24, 23, 20, 21, 19, 15, 13, 2, 11, 8, 0, 0, 0, 0, 0, 0, 0], [28, 26, 24, 17, 25, 21, 19, 15, 22, 10, 13, 8, 2, 11, 6, 3, 5, 0], [26, 22, 7, 6, 8, 0, 0, 0, 0, 0, 0, 0, 0, 0, 0, 0, 0, 0], [28, 27, 24, 25, 20, 19, 18, 15, 13, 12, 10, 1, 5, 9, 11, 7, 3, 0]]
valid routes=1.0
norm-reward=0.8473811236526231
[ 29 iterations]
real=[[28, 27, 25, 24, 18, 15, 14, 13, 12, 10, 11, 7, 4, 9, 6, 1, 0, 0], [25, 9, 0, 0, 0, 0, 0, 0, 0, 0, 0, 0, 0, 0, 0, 0, 0, 0], [26, 25, 24, 23, 19, 18, 15, 14, 3, 9, 17, 1, 4, 0, 0, 0, 0, 0], [28, 15, 24, 14, 6, 10, 1, 0, 0, 0, 0, 0, 0, 0, 0, 0, 0, 0], [27, 21, 12, 19, 5, 6, 1, 7, 9, 0, 0, 0, 0, 0, 0, 0, 0, 0], [28, 27, 26, 25, 21, 20, 18, 17, 16, 15, 8, 7, 1, 3, 2, 14, 6, 0], [20, 27, 2, 19, 11, 0, 0, 0, 0, 0, 0, 0, 0, 0, 0, 0, 0, 0], [28, 27, 26, 24, 23, 20, 19, 18, 16, 15, 11, 10, 7, 5, 8, 14, 1, 0], [23, 10, 24, 21, 8, 20, 0, 0, 0, 0, 0, 0, 0, 0, 0, 0, 0, 0], [18, 13, 7, 22, 12, 9, 0, 0, 0, 0, 0, 0, 0, 0, 0, 0, 0, 0]]
gen=[[28, 27, 24, 25, 18, 15, 14, 10, 11, 12, 4, 13, 9, 7, 1, 6, 0, 0], [25, 9, 0, 0, 0, 0, 0, 0, 0, 0, 0, 0, 0, 0, 0, 0, 0, 0], [26, 24, 25, 17, 23, 18, 14, 19, 15, 4, 1, 9, 3, 0, 0, 0, 0, 0], [28, 24, 15, 14, 1, 6, 10, 0, 0, 0, 0, 0, 0, 0, 0, 0, 0, 0], [27, 21, 19, 5, 9, 1, 12, 6, 7, 0, 0, 0, 0, 0, 0, 0, 0, 0], [28, 27, 26, 25, 17, 20, 21, 18, 15, 14, 16, 2, 1, 3, 7, 8, 6, 0], [27, 20, 19, 11, 2, 0, 0, 0, 0, 0, 0, 0, 0, 0, 0, 0, 0, 0], [28, 27, 26, 24, 23, 20, 16, 18, 14, 15, 10, 19, 5, 7, 11, 8, 1, 0], [24, 23, 20, 21, 10, 8, 0, 0, 0, 0, 0, 0, 0, 0, 0, 0, 0, 0], [22, 18, 12, 13, 9, 7, 0, 0, 0, 0, 0, 0, 0, 0, 0, 0, 0, 0]]
valid routes=1.0
norm-reward=0.8338698753048709
[ 30 iterations]
real=[[13, 0, 0, 0, 0, 0, 0, 0, 0, 0, 0, 0, 0, 0, 0, 0, 0, 0], [28, 26, 25, 24, 21, 18, 17, 16, 15, 12, 11, 10, 4, 5, 2, 3, 6, 0], [28, 27, 26, 25, 24, 23, 21, 19, 17, 15, 13, 8, 4, 3, 6, 12, 11, 0], [3, 4, 9, 16, 12, 0, 0, 0, 0, 0, 0, 0, 0, 0, 0, 0, 0, 0], [27, 14, 9, 2, 12, 10, 1, 4, 0, 0, 0, 0, 0, 0, 0, 0, 0, 0], [24, 20, 19, 18, 17, 13, 16, 7, 2, 1, 8, 0, 0, 0, 0, 0, 0, 0], [28, 24, 23, 20, 19, 18, 17, 16, 15, 14, 13, 8, 4, 9, 2, 12, 6, 0], [28, 25, 10, 19, 17, 3, 23, 5, 0, 0, 0, 0, 0, 0, 0, 0, 0, 0], [28, 27, 26, 25, 24, 23, 20, 18, 17, 15, 11, 8, 7, 5, 2, 12, 6, 0], [14, 0, 0, 0, 0, 0, 0, 0, 0, 0, 0, 0, 0, 0, 0, 0, 0, 0]]
gen=[[13, 0, 0, 0, 0, 0, 0, 0, 0, 0, 0, 0, 0, 0, 0, 0, 0, 0], [28, 26, 24, 17, 25, 2, 16, 21, 18, 4, 10, 15, 11, 3, 5, 6, 12, 0], [28, 27, 26, 24, 17, 25, 23, 19, 21, 4, 15, 13, 12, 3, 11, 8, 6, 0], [16, 12, 3, 4, 9, 0, 0, 0, 0, 0, 0, 0, 0, 0, 0, 0, 0, 0], [27, 12, 2, 4, 1, 9, 14, 10, 0, 0, 0, 0, 0, 0, 0, 0, 0, 0], [24, 17, 20, 2, 18, 19, 16, 1, 13, 8, 7, 0, 0, 0, 0, 0, 0, 0], [28, 24, 17, 23, 20, 2, 19, 14, 18, 4, 16, 15, 9, 13, 6, 12, 8, 0], [28, 25, 23, 17, 19, 10, 5, 3, 0, 0, 0, 0, 0, 0, 0, 0, 0, 0], [28, 27, 26, 24, 17, 25, 23, 2, 20, 18, 15, 12, 5, 11, 7, 8, 6, 0], [14, 0, 0, 0, 0, 0, 0, 0, 0, 0, 0, 0, 0, 0, 0, 0, 0, 0]]
valid routes=1.0
norm-reward=0.8343489321059048
[ 31 iterations]
real=[[26, 24, 4, 19, 17, 3, 9, 6, 0, 0, 0, 0, 0, 0, 0, 0, 0, 0], [20, 6, 2, 14, 12, 3, 10, 0, 0, 0, 0, 0, 0, 0, 0, 0, 0, 0], [24, 23, 22, 21, 20, 19, 17, 15, 14, 7, 8, 10, 5, 3, 13, 0, 0, 0], [1, 22, 8, 21, 0, 0, 0, 0, 0, 0, 0, 0, 0, 0, 0, 0, 0, 0], [25, 24, 23, 22, 21, 20, 19, 18, 16, 15, 10, 7, 9, 5, 1, 12, 2, 0], [28, 27, 23, 21, 20, 15, 12, 14, 2, 9, 11, 3, 4, 0, 0, 0, 0, 0], [16, 0, 0, 0, 0, 0, 0, 0, 0, 0, 0, 0, 0, 0, 0, 0, 0, 0], [28, 26, 25, 24, 19, 16, 15, 14, 13, 11, 8, 7, 4, 5, 2, 9, 6, 0], [27, 26, 25, 24, 22, 20, 18, 17, 15, 14, 13, 8, 4, 5, 1, 10, 6, 0], [17, 27, 11, 19, 0, 0, 0, 0, 0, 0, 0, 0, 0, 0, 0, 0, 0, 0]]
gen=[[26, 24, 17, 19, 6, 9, 4, 3, 0, 0, 0, 0, 0, 0, 0, 0, 0, 0], [20, 12, 2, 6, 14, 3, 10, 0, 0, 0, 0, 0, 0, 0, 0, 0, 0, 0], [24, 22, 17, 20, 23, 21, 14, 19, 13, 15, 5, 8, 3, 10, 7, 0, 0, 0], [22, 21, 1, 8, 0, 0, 0, 0, 0, 0, 0, 0, 0, 0, 0, 0, 0, 0], [24, 25, 20, 23, 2, 21, 19, 22, 18, 15, 16, 5, 9, 7, 10, 12, 1, 0], [28, 27, 20, 23, 21, 2, 14, 15, 12, 11, 4, 3, 9, 0, 0, 0, 0, 0], [16, 0, 0, 0, 0, 0, 0, 0, 0, 0, 0, 0, 0, 0, 0, 0, 0, 0], [28, 26, 24, 25, 2, 19, 14, 13, 11, 15, 16, 5, 6, 7, 8, 9, 4, 0], [27, 26, 24, 25, 17, 20, 22, 14, 18, 13, 15, 5, 10, 4, 8, 1, 6, 0], [27, 19, 17, 11, 0, 0, 0, 0, 0, 0, 0, 0, 0, 0, 0, 0, 0, 0]]
valid routes=1.0
norm-reward=0.8246835893756166
[ 32 iterations]
real=[[28, 25, 24, 21, 20, 17, 14, 13, 6, 7, 8, 12, 4, 5, 0, 0, 0, 0], [18, 27, 7, 22, 21, 0, 0, 0, 0, 0, 0, 0, 0, 0, 0, 0, 0, 0], [28, 24, 20, 18, 13, 10, 16, 7, 12, 1, 8, 0, 0, 0, 0, 0, 0, 0], [26, 24, 23, 21, 19, 16, 14, 10, 2, 6, 3, 13, 5, 0, 0, 0, 0, 0], [28, 27, 23, 22, 11, 13, 10, 4, 2, 8, 0, 0, 0, 0, 0, 0, 0, 0], [28, 15, 10, 21, 17, 6, 27, 0, 0, 0, 0, 0, 0, 0, 0, 0, 0, 0], [28, 27, 25, 24, 22, 21, 20, 19, 18, 17, 13, 8, 5, 3, 1, 16, 2, 0], [6, 0, 0, 0, 0, 0, 0, 0, 0, 0, 0, 0, 0, 0, 0, 0, 0, 0], [28, 27, 26, 22, 21, 20, 19, 18, 17, 16, 10, 1, 9, 5, 2, 3, 6, 0], [27, 24, 22, 21, 20, 19, 17, 11, 10, 9, 2, 3, 4, 16, 0, 0, 0, 0]]
gen=[[28, 24, 25, 17, 20, 21, 13, 14, 12, 5, 8, 4, 6, 7, 0, 0, 0, 0], [27, 22, 21, 18, 7, 0, 0, 0, 0, 0, 0, 0, 0, 0, 0, 0, 0, 0], [28, 24, 20, 13, 18, 16, 12, 8, 10, 1, 7, 0, 0, 0, 0, 0, 0, 0], [26, 24, 23, 21, 2, 19, 13, 14, 10, 6, 5, 16, 3, 0, 0, 0, 0, 0], [28, 27, 22, 23, 13, 2, 11, 10, 8, 4, 0, 0, 0, 0, 0, 0, 0, 0], [28, 27, 21, 17, 15, 6, 10, 0, 0, 0, 0, 0, 0, 0, 0, 0, 0, 0], [28, 27, 24, 25, 17, 20, 2, 21, 22, 13, 19, 18, 16, 5, 8, 3, 1, 0], [6, 0, 0, 0, 0, 0, 0, 0, 0, 0, 0, 0, 0, 0, 0, 0, 0, 0], [28, 27, 26, 17, 20, 21, 2, 22, 19, 18, 9, 10, 5, 16, 6, 1, 3, 0], [27, 24, 22, 17, 20, 2, 21, 19, 16, 11, 10, 3, 4, 9, 0, 0, 0, 0]]
valid routes=1.0
norm-reward=0.8457978526510477
[ 33 iterations]
real=[[27, 26, 25, 24, 22, 21, 20, 19, 18, 9, 15, 12, 17, 5, 1, 0, 0, 0], [28, 23, 22, 17, 14, 13, 11, 4, 6, 9, 8, 7, 0, 0, 0, 0, 0, 0], [28, 25, 24, 22, 15, 4, 1, 7, 13, 8, 5, 0, 0, 0, 0, 0, 0, 0], [18, 27, 6, 0, 0, 0, 0, 0, 0, 0, 0, 0, 0, 0, 0, 0, 0, 0], [28, 27, 26, 25, 22, 21, 20, 19, 18, 17, 13, 11, 4, 5, 9, 14, 10, 0], [7, 0, 0, 0, 0, 0, 0, 0, 0, 0, 0, 0, 0, 0, 0, 0, 0, 0], [27, 26, 25, 23, 19, 15, 12, 11, 14, 9, 5, 7, 0, 0, 0, 0, 0, 0], [23, 0, 0, 0, 0, 0, 0, 0, 0, 0, 0, 0, 0, 0, 0, 0, 0, 0], [11, 21, 0, 0, 0, 0, 0, 0, 0, 0, 0, 0, 0, 0, 0, 0, 0, 0], [28, 25, 24, 23, 21, 18, 17, 15, 14, 12, 9, 8, 7, 5, 2, 10, 4, 0]]
gen=[[27, 26, 24, 25, 17, 20, 22, 21, 18, 19, 12, 9, 15, 1, 5, 0, 0, 0], [28, 22, 23, 17, 13, 14, 4, 8, 11, 9, 7, 6, 0, 0, 0, 0, 0, 0], [28, 24, 25, 22, 13, 4, 15, 8, 5, 1, 7, 0, 0, 0, 0, 0, 0, 0], [27, 18, 6, 0, 0, 0, 0, 0, 0, 0, 0, 0, 0, 0, 0, 0, 0, 0], [28, 27, 26, 25, 17, 20, 21, 22, 13, 14, 4, 18, 19, 11, 5, 10, 9, 0], [7, 0, 0, 0, 0, 0, 0, 0, 0, 0, 0, 0, 0, 0, 0, 0, 0, 0], [27, 26, 25, 23, 19, 15, 14, 9, 12, 11, 5, 7, 0, 0, 0, 0, 0, 0], [23, 0, 0, 0, 0, 0, 0, 0, 0, 0, 0, 0, 0, 0, 0, 0, 0, 0], [21, 11, 0, 0, 0, 0, 0, 0, 0, 0, 0, 0, 0, 0, 0, 0, 0, 0], [28, 24, 25, 17, 23, 21, 2, 14, 18, 4, 12, 9, 15, 10, 5, 7, 8, 0]]
valid routes=1.0
norm-reward=0.8297635592007577
[ 34 iterations]
real=[[7, 0, 0, 0, 0, 0, 0, 0, 0, 0, 0, 0, 0, 0, 0, 0, 0, 0], [27, 23, 22, 19, 18, 17, 16, 14, 12, 11, 9, 7, 5, 3, 1, 10, 4, 0], [25, 24, 22, 21, 20, 15, 10, 7, 3, 14, 13, 12, 0, 0, 0, 0, 0, 0], [25, 27, 24, 5, 21, 0, 0, 0, 0, 0, 0, 0, 0, 0, 0, 0, 0, 0], [27, 25, 19, 20, 11, 3, 1, 6, 13, 0, 0, 0, 0, 0, 0, 0, 0, 0], [28, 25, 24, 22, 21, 20, 19, 17, 15, 14, 11, 13, 7, 5, 1, 3, 2, 0], [23, 2, 0, 0, 0, 0, 0, 0, 0, 0, 0, 0, 0, 0, 0, 0, 0, 0], [28, 27, 25, 23, 22, 17, 15, 14, 11, 9, 8, 12, 7, 3, 0, 0, 0, 0], [26, 24, 23, 22, 19, 17, 16, 15, 14, 9, 11, 12, 2, 3, 8, 0, 0, 0], [28, 27, 26, 25, 23, 17, 11, 10, 2, 9, 8, 7, 4, 5, 0, 0, 0, 0]]
gen=[[7, 0, 0, 0, 0, 0, 0, 0, 0, 0, 0, 0, 0, 0, 0, 0, 0, 0], [27, 22, 23, 17, 4, 18, 14, 16, 19, 11, 1, 3, 5, 12, 7, 9, 10, 0], [24, 25, 22, 20, 21, 13, 14, 10, 7, 15, 12, 3, 0, 0, 0, 0, 0, 0], [27, 24, 25, 21, 5, 0, 0, 0, 0, 0, 0, 0, 0, 0, 0, 0, 0, 0], [27, 25, 20, 19, 13, 1, 11, 6, 3, 0, 0, 0, 0, 0, 0, 0, 0, 0], [28, 24, 25, 17, 20, 2, 21, 13, 14, 22, 11, 3, 19, 15, 1, 5, 7, 0], [23, 2, 0, 0, 0, 0, 0, 0, 0, 0, 0, 0, 0, 0, 0, 0, 0, 0], [28, 27, 25, 22, 17, 23, 14, 12, 11, 3, 9, 8, 15, 7, 0, 0, 0, 0], [26, 24, 22, 17, 23, 2, 14, 19, 11, 16, 15, 3, 12, 8, 9, 0, 0, 0], [28, 27, 26, 25, 17, 4, 2, 23, 11, 5, 9, 7, 10, 8, 0, 0, 0, 0]]
valid routes=1.0
norm-reward=0.8285322954374391
[ 35 iterations]
real=[[24, 15, 9, 5, 8, 3, 20, 4, 0, 0, 0, 0, 0, 0, 0, 0, 0, 0], [13, 26, 7, 2, 1, 10, 0, 0, 0, 0, 0, 0, 0, 0, 0, 0, 0, 0], [26, 25, 22, 21, 20, 16, 15, 13, 12, 11, 9, 7, 4, 3, 1, 10, 6, 0], [17, 26, 7, 19, 21, 16, 0, 0, 0, 0, 0, 0, 0, 0, 0, 0, 0, 0], [28, 27, 24, 23, 22, 20, 12, 7, 18, 8, 15, 13, 0, 0, 0, 0, 0, 0], [12, 14, 2, 0, 0, 0, 0, 0, 0, 0, 0, 0, 0, 0, 0, 0, 0, 0], [27, 25, 24, 22, 21, 19, 16, 15, 14, 13, 11, 8, 9, 5, 2, 12, 4, 0], [26, 25, 24, 19, 17, 4, 15, 14, 2, 9, 8, 0, 0, 0, 0, 0, 0, 0], [28, 27, 25, 24, 23, 21, 17, 16, 14, 13, 10, 8, 7, 5, 2, 3, 9, 0], [23, 21, 15, 20, 5, 3, 11, 9, 13, 0, 0, 0, 0, 0, 0, 0, 0, 0]]
gen=[[24, 20, 15, 5, 4, 3, 8, 9, 0, 0, 0, 0, 0, 0, 0, 0, 0, 0], [26, 13, 1, 10, 2, 7, 0, 0, 0, 0, 0, 0, 0, 0, 0, 0, 0, 0], [26, 22, 25, 20, 21, 4, 13, 12, 16, 15, 9, 11, 7, 6, 3, 1, 10, 0], [26, 21, 16, 17, 19, 7, 0, 0, 0, 0, 0, 0, 0, 0, 0, 0, 0, 0], [28, 27, 24, 22, 20, 23, 18, 13, 12, 15, 8, 7, 0, 0, 0, 0, 0, 0], [12, 14, 2, 0, 0, 0, 0, 0, 0, 0, 0, 0, 0, 0, 0, 0, 0, 0], [27, 24, 25, 22, 21, 4, 2, 14, 13, 12, 15, 19, 11, 5, 16, 8, 9, 0], [26, 24, 25, 17, 4, 2, 14, 19, 15, 9, 8, 0, 0, 0, 0, 0, 0, 0], [28, 27, 24, 25, 17, 23, 2, 21, 14, 13, 16, 7, 5, 9, 8, 3, 10, 0], [23, 21, 20, 13, 15, 11, 3, 9, 5, 0, 0, 0, 0, 0, 0, 0, 0, 0]]
valid routes=1.0
norm-reward=0.8241930824570589
[ 36 iterations]
real=[[27, 26, 25, 23, 21, 19, 18, 17, 10, 9, 5, 1, 6, 14, 2, 0, 0, 0], [7, 0, 0, 0, 0, 0, 0, 0, 0, 0, 0, 0, 0, 0, 0, 0, 0, 0], [26, 23, 22, 21, 20, 18, 17, 14, 11, 10, 9, 1, 7, 5, 2, 3, 4, 0], [17, 23, 9, 5, 25, 6, 0, 0, 0, 0, 0, 0, 0, 0, 0, 0, 0, 0], [26, 25, 23, 22, 18, 17, 16, 15, 12, 11, 8, 7, 4, 5, 2, 3, 6, 0], [28, 24, 9, 15, 17, 10, 7, 0, 0, 0, 0, 0, 0, 0, 0, 0, 0, 0], [28, 27, 24, 20, 22, 3, 15, 6, 13, 14, 0, 0, 0, 0, 0, 0, 0, 0], [27, 24, 20, 19, 18, 14, 16, 4, 2, 9, 8, 1, 0, 0, 0, 0, 0, 0], [23, 19, 2, 18, 12, 20, 0, 0, 0, 0, 0, 0, 0, 0, 0, 0, 0, 0], [28, 26, 24, 21, 19, 17, 15, 14, 10, 7, 8, 13, 4, 5, 6, 0, 0, 0]]
gen=[[27, 26, 25, 17, 23, 21, 2, 14, 18, 19, 9, 10, 1, 6, 5, 0, 0, 0], [7, 0, 0, 0, 0, 0, 0, 0, 0, 0, 0, 0, 0, 0, 0, 0, 0, 0], [26, 22, 23, 17, 20, 4, 2, 14, 21, 18, 10, 9, 11, 3, 5, 1, 7, 0], [23, 25, 5, 17, 9, 6, 0, 0, 0, 0, 0, 0, 0, 0, 0, 0, 0, 0], [26, 22, 25, 17, 23, 4, 2, 18, 16, 12, 15, 11, 7, 3, 6, 8, 5, 0], [28, 24, 17, 15, 9, 10, 7, 0, 0, 0, 0, 0, 0, 0, 0, 0, 0, 0], [28, 27, 24, 22, 20, 13, 14, 15, 6, 3, 0, 0, 0, 0, 0, 0, 0, 0], [27, 24, 20, 19, 4, 2, 18, 14, 16, 8, 1, 9, 0, 0, 0, 0, 0, 0], [23, 20, 19, 12, 18, 2, 0, 0, 0, 0, 0, 0, 0, 0, 0, 0, 0, 0], [28, 26, 24, 17, 21, 4, 19, 14, 13, 15, 5, 10, 8, 6, 7, 0, 0, 0]]
valid routes=1.0
norm-reward=0.8255634962753464
[ 37 iterations]
real=[[5, 0, 0, 0, 0, 0, 0, 0, 0, 0, 0, 0, 0, 0, 0, 0, 0, 0], [21, 13, 24, 5, 3, 6, 15, 0, 0, 0, 0, 0, 0, 0, 0, 0, 0, 0], [7, 5, 24, 2, 0, 0, 0, 0, 0, 0, 0, 0, 0, 0, 0, 0, 0, 0], [28, 27, 25, 19, 21, 3, 22, 2, 0, 0, 0, 0, 0, 0, 0, 0, 0, 0], [28, 27, 25, 24, 22, 21, 20, 19, 17, 15, 13, 11, 1, 3, 8, 14, 9, 0], [11, 28, 0, 0, 0, 0, 0, 0, 0, 0, 0, 0, 0, 0, 0, 0, 0, 0], [28, 27, 26, 25, 24, 23, 21, 20, 19, 18, 17, 12, 4, 9, 8, 14, 10, 0], [27, 26, 25, 24, 23, 22, 17, 15, 14, 12, 11, 8, 5, 3, 1, 10, 2, 0], [17, 9, 12, 20, 0, 0, 0, 0, 0, 0, 0, 0, 0, 0, 0, 0, 0, 0], [28, 27, 26, 23, 22, 21, 18, 17, 15, 14, 13, 8, 7, 9, 1, 10, 4, 0]]
gen=[[5, 0, 0, 0, 0, 0, 0, 0, 0, 0, 0, 0, 0, 0, 0, 0, 0, 0], [24, 21, 15, 13, 6, 3, 5, 0, 0, 0, 0, 0, 0, 0, 0, 0, 0, 0], [24, 5, 2, 7, 0, 0, 0, 0, 0, 0, 0, 0, 0, 0, 0, 0, 0, 0], [28, 27, 25, 22, 21, 19, 2, 3, 0, 0, 0, 0, 0, 0, 0, 0, 0, 0], [28, 27, 24, 25, 17, 20, 21, 13, 14, 19, 15, 11, 9, 22, 3, 1, 8, 0], [28, 11, 0, 0, 0, 0, 0, 0, 0, 0, 0, 0, 0, 0, 0, 0, 0, 0], [28, 27, 24, 26, 17, 25, 4, 23, 20, 14, 19, 18, 12, 10, 21, 8, 9, 0], [27, 24, 26, 25, 17, 23, 2, 14, 22, 12, 15, 1, 10, 11, 8, 3, 5, 0], [12, 20, 17, 9, 0, 0, 0, 0, 0, 0, 0, 0, 0, 0, 0, 0, 0, 0], [28, 27, 26, 23, 17, 21, 4, 13, 14, 15, 18, 10, 22, 1, 7, 9, 8, 0]]
valid routes=1.0
norm-reward=0.821944164722654
[ 38 iterations]
real=[[26, 23, 22, 21, 20, 19, 18, 16, 15, 11, 8, 7, 4, 2, 1, 9, 6, 0], [21, 15, 3, 0, 0, 0, 0, 0, 0, 0, 0, 0, 0, 0, 0, 0, 0, 0], [27, 25, 23, 22, 19, 18, 15, 14, 13, 11, 10, 1, 7, 5, 2, 3, 6, 0], [27, 26, 24, 22, 20, 19, 18, 17, 15, 14, 11, 7, 5, 3, 8, 10, 9, 0], [28, 27, 26, 25, 24, 22, 20, 19, 16, 13, 11, 12, 7, 3, 6, 10, 4, 0], [28, 27, 26, 25, 23, 22, 21, 20, 17, 16, 15, 8, 7, 5, 1, 14, 6, 0], [27, 24, 23, 21, 19, 20, 15, 11, 2, 8, 13, 0, 0, 0, 0, 0, 0, 0], [28, 26, 25, 24, 22, 21, 19, 17, 15, 13, 11, 8, 5, 3, 2, 10, 6, 0], [6, 26, 7, 22, 8, 0, 0, 0, 0, 0, 0, 0, 0, 0, 0, 0, 0, 0], [28, 27, 25, 24, 20, 19, 18, 15, 13, 12, 11, 7, 5, 3, 1, 10, 9, 0]]
gen=[[26, 22, 23, 21, 20, 4, 2, 18, 16, 19, 15, 9, 11, 8, 6, 7, 1, 0], [21, 15, 3, 0, 0, 0, 0, 0, 0, 0, 0, 0, 0, 0, 0, 0, 0, 0], [27, 22, 25, 23, 19, 13, 2, 14, 18, 15, 10, 11, 6, 3, 7, 1, 5, 0], [27, 24, 26, 17, 20, 19, 18, 22, 14, 15, 10, 7, 11, 9, 3, 5, 8, 0], [28, 27, 24, 26, 25, 20, 4, 13, 12, 19, 16, 10, 22, 11, 3, 7, 6, 0], [28, 27, 26, 25, 17, 20, 23, 21, 16, 14, 15, 8, 22, 7, 5, 6, 1, 0], [27, 24, 23, 21, 20, 13, 2, 15, 19, 11, 8, 0, 0, 0, 0, 0, 0, 0], [28, 24, 26, 25, 17, 21, 2, 19, 13, 15, 22, 10, 11, 6, 5, 8, 3, 0], [26, 22, 8, 7, 6, 0, 0, 0, 0, 0, 0, 0, 0, 0, 0, 0, 0, 0], [28, 27, 24, 25, 20, 12, 13, 18, 19, 15, 10, 3, 9, 11, 7, 5, 1, 0]]
valid routes=1.0
norm-reward=0.8302667770297839
[ 39 iterations]
real=[[28, 27, 25, 24, 18, 15, 14, 13, 12, 10, 11, 7, 4, 9, 6, 1, 0, 0], [25, 9, 0, 0, 0, 0, 0, 0, 0, 0, 0, 0, 0, 0, 0, 0, 0, 0], [26, 25, 24, 23, 19, 18, 15, 14, 3, 9, 17, 1, 4, 0, 0, 0, 0, 0], [28, 15, 24, 14, 6, 10, 1, 0, 0, 0, 0, 0, 0, 0, 0, 0, 0, 0], [27, 21, 12, 19, 5, 6, 1, 7, 9, 0, 0, 0, 0, 0, 0, 0, 0, 0], [28, 27, 26, 25, 21, 20, 18, 17, 16, 15, 8, 7, 1, 3, 2, 14, 6, 0], [20, 27, 2, 19, 11, 0, 0, 0, 0, 0, 0, 0, 0, 0, 0, 0, 0, 0], [28, 27, 26, 24, 23, 20, 19, 18, 16, 15, 11, 10, 7, 5, 8, 14, 1, 0], [23, 10, 24, 21, 8, 20, 0, 0, 0, 0, 0, 0, 0, 0, 0, 0, 0, 0], [18, 13, 7, 22, 12, 9, 0, 0, 0, 0, 0, 0, 0, 0, 0, 0, 0, 0]]
gen=[[28, 27, 24, 25, 12, 13, 4, 14, 18, 15, 10, 9, 7, 11, 1, 6, 0, 0], [25, 9, 0, 0, 0, 0, 0, 0, 0, 0, 0, 0, 0, 0, 0, 0, 0, 0], [26, 24, 25, 23, 17, 4, 19, 18, 14, 15, 9, 1, 3, 0, 0, 0, 0, 0], [28, 24, 14, 15, 1, 10, 6, 0, 0, 0, 0, 0, 0, 0, 0, 0, 0, 0], [27, 21, 12, 19, 1, 9, 7, 5, 6, 0, 0, 0, 0, 0, 0, 0, 0, 0], [28, 27, 26, 25, 17, 20, 21, 2, 16, 14, 15, 18, 3, 1, 7, 8, 6, 0], [27, 20, 19, 11, 2, 0, 0, 0, 0, 0, 0, 0, 0, 0, 0, 0, 0, 0], [28, 27, 26, 24, 23, 20, 16, 19, 14, 18, 15, 10, 8, 1, 11, 5, 7, 0], [21, 24, 23, 20, 10, 8, 0, 0, 0, 0, 0, 0, 0, 0, 0, 0, 0, 0], [22, 12, 18, 13, 7, 9, 0, 0, 0, 0, 0, 0, 0, 0, 0, 0, 0, 0]]
valid routes=1.0
norm-reward=0.8485395682874896
[ 40 iterations]
real=[[13, 0, 0, 0, 0, 0, 0, 0, 0, 0, 0, 0, 0, 0, 0, 0, 0, 0], [28, 26, 25, 24, 21, 18, 17, 16, 15, 12, 11, 10, 4, 5, 2, 3, 6, 0], [28, 27, 26, 25, 24, 23, 21, 19, 17, 15, 13, 8, 4, 3, 6, 12, 11, 0], [3, 4, 9, 16, 12, 0, 0, 0, 0, 0, 0, 0, 0, 0, 0, 0, 0, 0], [27, 14, 9, 2, 12, 10, 1, 4, 0, 0, 0, 0, 0, 0, 0, 0, 0, 0], [24, 20, 19, 18, 17, 13, 16, 7, 2, 1, 8, 0, 0, 0, 0, 0, 0, 0], [28, 24, 23, 20, 19, 18, 17, 16, 15, 14, 13, 8, 4, 9, 2, 12, 6, 0], [28, 25, 10, 19, 17, 3, 23, 5, 0, 0, 0, 0, 0, 0, 0, 0, 0, 0], [28, 27, 26, 25, 24, 23, 20, 18, 17, 15, 11, 8, 7, 5, 2, 12, 6, 0], [14, 0, 0, 0, 0, 0, 0, 0, 0, 0, 0, 0, 0, 0, 0, 0, 0, 0]]
gen=[[13, 0, 0, 0, 0, 0, 0, 0, 0, 0, 0, 0, 0, 0, 0, 0, 0, 0], [28, 26, 24, 25, 17, 21, 4, 2, 12, 10, 16, 15, 3, 11, 5, 18, 6, 0], [28, 27, 24, 26, 25, 17, 4, 23, 12, 13, 21, 19, 3, 8, 11, 15, 6, 0], [16, 12, 4, 3, 9, 0, 0, 0, 0, 0, 0, 0, 0, 0, 0, 0, 0, 0], [27, 12, 4, 2, 10, 14, 1, 9, 0, 0, 0, 0, 0, 0, 0, 0, 0, 0], [24, 20, 17, 19, 16, 2, 13, 18, 8, 1, 7, 0, 0, 0, 0, 0, 0, 0], [28, 24, 23, 17, 20, 12, 4, 2, 14, 19, 13, 9, 16, 8, 18, 15, 6, 0], [28, 25, 23, 17, 19, 10, 3, 5, 0, 0, 0, 0, 0, 0, 0, 0, 0, 0], [28, 27, 24, 26, 17, 25, 20, 23, 2, 12, 15, 18, 8, 7, 5, 11, 6, 0], [14, 0, 0, 0, 0, 0, 0, 0, 0, 0, 0, 0, 0, 0, 0, 0, 0, 0]]
valid routes=1.0
norm-reward=0.8307496102221965
[ 41 iterations]
real=[[26, 24, 4, 19, 17, 3, 9, 6, 0, 0, 0, 0, 0, 0, 0, 0, 0, 0], [20, 6, 2, 14, 12, 3, 10, 0, 0, 0, 0, 0, 0, 0, 0, 0, 0, 0], [24, 23, 22, 21, 20, 19, 17, 15, 14, 7, 8, 10, 5, 3, 13, 0, 0, 0], [1, 22, 8, 21, 0, 0, 0, 0, 0, 0, 0, 0, 0, 0, 0, 0, 0, 0], [25, 24, 23, 22, 21, 20, 19, 18, 16, 15, 10, 7, 9, 5, 1, 12, 2, 0], [28, 27, 23, 21, 20, 15, 12, 14, 2, 9, 11, 3, 4, 0, 0, 0, 0, 0], [16, 0, 0, 0, 0, 0, 0, 0, 0, 0, 0, 0, 0, 0, 0, 0, 0, 0], [28, 26, 25, 24, 19, 16, 15, 14, 13, 11, 8, 7, 4, 5, 2, 9, 6, 0], [27, 26, 25, 24, 22, 20, 18, 17, 15, 14, 13, 8, 4, 5, 1, 10, 6, 0], [17, 27, 11, 19, 0, 0, 0, 0, 0, 0, 0, 0, 0, 0, 0, 0, 0, 0]]
gen=[[26, 24, 17, 4, 19, 3, 6, 9, 0, 0, 0, 0, 0, 0, 0, 0, 0, 0], [10, 12, 20, 14, 2, 6, 3, 0, 0, 0, 0, 0, 0, 0, 0, 0, 0, 0], [24, 22, 21, 17, 23, 20, 19, 13, 15, 14, 5, 7, 10, 8, 3, 0, 0, 0], [22, 21, 8, 1, 0, 0, 0, 0, 0, 0, 0, 0, 0, 0, 0, 0, 0, 0], [24, 25, 23, 21, 20, 16, 2, 12, 19, 18, 9, 15, 22, 1, 7, 10, 5, 0], [28, 27, 21, 23, 20, 4, 2, 12, 14, 15, 9, 11, 3, 0, 0, 0, 0, 0], [16, 0, 0, 0, 0, 0, 0, 0, 0, 0, 0, 0, 0, 0, 0, 0, 0, 0], [28, 24, 26, 25, 19, 4, 16, 2, 13, 14, 15, 9, 11, 8, 5, 7, 6, 0], [27, 24, 26, 25, 17, 4, 20, 13, 14, 15, 18, 22, 6, 1, 10, 5, 8, 0], [27, 17, 19, 11, 0, 0, 0, 0, 0, 0, 0, 0, 0, 0, 0, 0, 0, 0]]
valid routes=1.0
norm-reward=0.8433439319202882
[ 42 iterations]
real=[[28, 25, 24, 21, 20, 17, 14, 13, 6, 7, 8, 12, 4, 5, 0, 0, 0, 0], [18, 27, 7, 22, 21, 0, 0, 0, 0, 0, 0, 0, 0, 0, 0, 0, 0, 0], [28, 24, 20, 18, 13, 10, 16, 7, 12, 1, 8, 0, 0, 0, 0, 0, 0, 0], [26, 24, 23, 21, 19, 16, 14, 10, 2, 6, 3, 13, 5, 0, 0, 0, 0, 0], [28, 27, 23, 22, 11, 13, 10, 4, 2, 8, 0, 0, 0, 0, 0, 0, 0, 0], [28, 15, 10, 21, 17, 6, 27, 0, 0, 0, 0, 0, 0, 0, 0, 0, 0, 0], [28, 27, 25, 24, 22, 21, 20, 19, 18, 17, 13, 8, 5, 3, 1, 16, 2, 0], [6, 0, 0, 0, 0, 0, 0, 0, 0, 0, 0, 0, 0, 0, 0, 0, 0, 0], [28, 27, 26, 22, 21, 20, 19, 18, 17, 16, 10, 1, 9, 5, 2, 3, 6, 0], [27, 24, 22, 21, 20, 19, 17, 11, 10, 9, 2, 3, 4, 16, 0, 0, 0, 0]]
gen=[[28, 24, 25, 21, 17, 4, 20, 12, 14, 13, 5, 6, 7, 8, 0, 0, 0, 0], [27, 22, 21, 18, 7, 0, 0, 0, 0, 0, 0, 0, 0, 0, 0, 0, 0, 0], [28, 24, 20, 12, 16, 18, 13, 10, 8, 1, 7, 0, 0, 0, 0, 0, 0, 0], [26, 24, 23, 21, 19, 2, 16, 13, 14, 5, 10, 6, 3, 0, 0, 0, 0, 0], [28, 27, 22, 23, 4, 2, 13, 11, 10, 8, 0, 0, 0, 0, 0, 0, 0, 0], [28, 27, 21, 15, 17, 10, 6, 0, 0, 0, 0, 0, 0, 0, 0, 0, 0, 0], [28, 27, 24, 25, 17, 21, 2, 20, 19, 16, 13, 18, 22, 3, 5, 8, 1, 0], [6, 0, 0, 0, 0, 0, 0, 0, 0, 0, 0, 0, 0, 0, 0, 0, 0, 0], [28, 27, 26, 21, 17, 20, 2, 19, 16, 18, 1, 9, 22, 5, 3, 10, 6, 0], [27, 24, 21, 17, 4, 20, 2, 16, 19, 9, 22, 11, 10, 3, 0, 0, 0, 0]]
valid routes=1.0
norm-reward=0.8532504825238018
[ 43 iterations]
real=[[27, 26, 25, 24, 22, 21, 20, 19, 18, 9, 15, 12, 17, 5, 1, 0, 0, 0], [28, 23, 22, 17, 14, 13, 11, 4, 6, 9, 8, 7, 0, 0, 0, 0, 0, 0], [28, 25, 24, 22, 15, 4, 1, 7, 13, 8, 5, 0, 0, 0, 0, 0, 0, 0], [18, 27, 6, 0, 0, 0, 0, 0, 0, 0, 0, 0, 0, 0, 0, 0, 0, 0], [28, 27, 26, 25, 22, 21, 20, 19, 18, 17, 13, 11, 4, 5, 9, 14, 10, 0], [7, 0, 0, 0, 0, 0, 0, 0, 0, 0, 0, 0, 0, 0, 0, 0, 0, 0], [27, 26, 25, 23, 19, 15, 12, 11, 14, 9, 5, 7, 0, 0, 0, 0, 0, 0], [23, 0, 0, 0, 0, 0, 0, 0, 0, 0, 0, 0, 0, 0, 0, 0, 0, 0], [11, 21, 0, 0, 0, 0, 0, 0, 0, 0, 0, 0, 0, 0, 0, 0, 0, 0], [28, 25, 24, 23, 21, 18, 17, 15, 14, 12, 9, 8, 7, 5, 2, 10, 4, 0]]
gen=[[27, 24, 26, 25, 17, 21, 20, 12, 19, 15, 22, 9, 1, 5, 18, 0, 0, 0], [28, 22, 23, 17, 4, 13, 14, 6, 9, 11, 7, 8, 0, 0, 0, 0, 0, 0], [28, 24, 25, 22, 4, 13, 15, 7, 8, 1, 5, 0, 0, 0, 0, 0, 0, 0], [27, 6, 18, 0, 0, 0, 0, 0, 0, 0, 0, 0, 0, 0, 0, 0, 0, 0], [28, 27, 26, 25, 17, 4, 21, 20, 19, 18, 14, 22, 11, 9, 13, 5, 10, 0], [7, 0, 0, 0, 0, 0, 0, 0, 0, 0, 0, 0, 0, 0, 0, 0, 0, 0], [27, 26, 25, 23, 12, 19, 15, 14, 9, 7, 5, 11, 0, 0, 0, 0, 0, 0], [23, 0, 0, 0, 0, 0, 0, 0, 0, 0, 0, 0, 0, 0, 0, 0, 0, 0], [21, 11, 0, 0, 0, 0, 0, 0, 0, 0, 0, 0, 0, 0, 0, 0, 0, 0], [28, 24, 25, 21, 17, 4, 23, 2, 15, 14, 18, 12, 5, 9, 8, 7, 10, 0]]
valid routes=1.0
norm-reward=0.8421483539372483
[ 44 iterations]
real=[[7, 0, 0, 0, 0, 0, 0, 0, 0, 0, 0, 0, 0, 0, 0, 0, 0, 0], [27, 23, 22, 19, 18, 17, 16, 14, 12, 11, 9, 7, 5, 3, 1, 10, 4, 0], [25, 24, 22, 21, 20, 15, 10, 7, 3, 14, 13, 12, 0, 0, 0, 0, 0, 0], [25, 27, 24, 5, 21, 0, 0, 0, 0, 0, 0, 0, 0, 0, 0, 0, 0, 0], [27, 25, 19, 20, 11, 3, 1, 6, 13, 0, 0, 0, 0, 0, 0, 0, 0, 0], [28, 25, 24, 22, 21, 20, 19, 17, 15, 14, 11, 13, 7, 5, 1, 3, 2, 0], [23, 2, 0, 0, 0, 0, 0, 0, 0, 0, 0, 0, 0, 0, 0, 0, 0, 0], [28, 27, 25, 23, 22, 17, 15, 14, 11, 9, 8, 12, 7, 3, 0, 0, 0, 0], [26, 24, 23, 22, 19, 17, 16, 15, 14, 9, 11, 12, 2, 3, 8, 0, 0, 0], [28, 27, 26, 25, 23, 17, 11, 10, 2, 9, 8, 7, 4, 5, 0, 0, 0, 0]]
gen=[[7, 0, 0, 0, 0, 0, 0, 0, 0, 0, 0, 0, 0, 0, 0, 0, 0, 0], [27, 22, 23, 17, 12, 4, 16, 19, 18, 14, 11, 10, 3, 1, 7, 9, 5, 0], [24, 25, 21, 20, 12, 13, 15, 14, 22, 3, 7, 10, 0, 0, 0, 0, 0, 0], [27, 24, 25, 21, 5, 0, 0, 0, 0, 0, 0, 0, 0, 0, 0, 0, 0, 0], [27, 25, 20, 19, 13, 11, 1, 6, 3, 0, 0, 0, 0, 0, 0, 0, 0, 0], [28, 24, 25, 21, 17, 20, 2, 19, 13, 14, 15, 7, 22, 11, 3, 1, 5, 0], [23, 2, 0, 0, 0, 0, 0, 0, 0, 0, 0, 0, 0, 0, 0, 0, 0, 0], [28, 27, 25, 23, 17, 12, 22, 15, 14, 9, 11, 3, 7, 8, 0, 0, 0, 0], [26, 24, 23, 17, 22, 2, 16, 19, 12, 14, 15, 11, 3, 9, 8, 0, 0, 0], [28, 27, 26, 25, 17, 4, 23, 2, 11, 10, 8, 7, 9, 5, 0, 0, 0, 0]]
valid routes=1.0
norm-reward=0.8606907659907619
[ 45 iterations]
real=[[24, 15, 9, 5, 8, 3, 20, 4, 0, 0, 0, 0, 0, 0, 0, 0, 0, 0], [13, 26, 7, 2, 1, 10, 0, 0, 0, 0, 0, 0, 0, 0, 0, 0, 0, 0], [26, 25, 22, 21, 20, 16, 15, 13, 12, 11, 9, 7, 4, 3, 1, 10, 6, 0], [17, 26, 7, 19, 21, 16, 0, 0, 0, 0, 0, 0, 0, 0, 0, 0, 0, 0], [28, 27, 24, 23, 22, 20, 12, 7, 18, 8, 15, 13, 0, 0, 0, 0, 0, 0], [12, 14, 2, 0, 0, 0, 0, 0, 0, 0, 0, 0, 0, 0, 0, 0, 0, 0], [27, 25, 24, 22, 21, 19, 16, 15, 14, 13, 11, 8, 9, 5, 2, 12, 4, 0], [26, 25, 24, 19, 17, 4, 15, 14, 2, 9, 8, 0, 0, 0, 0, 0, 0, 0], [28, 27, 25, 24, 23, 21, 17, 16, 14, 13, 10, 8, 7, 5, 2, 3, 9, 0], [23, 21, 15, 20, 5, 3, 11, 9, 13, 0, 0, 0, 0, 0, 0, 0, 0, 0]]
gen=[[24, 4, 20, 15, 8, 9, 3, 5, 0, 0, 0, 0, 0, 0, 0, 0, 0, 0], [26, 10, 1, 2, 13, 7, 0, 0, 0, 0, 0, 0, 0, 0, 0, 0, 0, 0], [26, 22, 25, 21, 20, 4, 16, 13, 12, 15, 7, 11, 9, 10, 3, 6, 1, 0], [26, 21, 17, 16, 19, 7, 0, 0, 0, 0, 0, 0, 0, 0, 0, 0, 0, 0], [28, 27, 24, 23, 20, 13, 15, 18, 12, 7, 8, 22, 0, 0, 0, 0, 0, 0], [12, 2, 14, 0, 0, 0, 0, 0, 0, 0, 0, 0, 0, 0, 0, 0, 0, 0], [27, 24, 25, 21, 22, 4, 16, 2, 19, 15, 13, 14, 8, 12, 9, 11, 5, 0], [26, 24, 25, 19, 17, 4, 15, 2, 14, 8, 9, 0, 0, 0, 0, 0, 0, 0], [28, 27, 24, 25, 17, 21, 23, 16, 2, 13, 14, 10, 8, 9, 7, 3, 5, 0], [23, 21, 20, 13, 15, 9, 11, 3, 5, 0, 0, 0, 0, 0, 0, 0, 0, 0]]
valid routes=1.0
norm-reward=0.8688920408794715
[ 46 iterations]
real=[[27, 26, 25, 23, 21, 19, 18, 17, 10, 9, 5, 1, 6, 14, 2, 0, 0, 0], [7, 0, 0, 0, 0, 0, 0, 0, 0, 0, 0, 0, 0, 0, 0, 0, 0, 0], [26, 23, 22, 21, 20, 18, 17, 14, 11, 10, 9, 1, 7, 5, 2, 3, 4, 0], [17, 23, 9, 5, 25, 6, 0, 0, 0, 0, 0, 0, 0, 0, 0, 0, 0, 0], [26, 25, 23, 22, 18, 17, 16, 15, 12, 11, 8, 7, 4, 5, 2, 3, 6, 0], [28, 24, 9, 15, 17, 10, 7, 0, 0, 0, 0, 0, 0, 0, 0, 0, 0, 0], [28, 27, 24, 20, 22, 3, 15, 6, 13, 14, 0, 0, 0, 0, 0, 0, 0, 0], [27, 24, 20, 19, 18, 14, 16, 4, 2, 9, 8, 1, 0, 0, 0, 0, 0, 0], [23, 19, 2, 18, 12, 20, 0, 0, 0, 0, 0, 0, 0, 0, 0, 0, 0, 0], [28, 26, 24, 21, 19, 17, 15, 14, 10, 7, 8, 13, 4, 5, 6, 0, 0, 0]]
gen=[[27, 26, 25, 21, 17, 23, 2, 19, 18, 14, 9, 10, 1, 5, 6, 0, 0, 0], [7, 0, 0, 0, 0, 0, 0, 0, 0, 0, 0, 0, 0, 0, 0, 0, 0, 0], [26, 22, 21, 23, 17, 4, 20, 2, 18, 14, 7, 9, 10, 3, 5, 11, 1, 0], [23, 25, 17, 9, 6, 5, 0, 0, 0, 0, 0, 0, 0, 0, 0, 0, 0, 0], [26, 22, 25, 23, 17, 4, 16, 2, 18, 15, 12, 7, 8, 6, 3, 11, 5, 0], [28, 24, 17, 10, 15, 7, 9, 0, 0, 0, 0, 0, 0, 0, 0, 0, 0, 0], [28, 27, 24, 22, 20, 13, 15, 14, 3, 6, 0, 0, 0, 0, 0, 0, 0, 0], [27, 24, 20, 19, 4, 16, 2, 18, 14, 8, 9, 1, 0, 0, 0, 0, 0, 0], [23, 12, 20, 19, 18, 2, 0, 0, 0, 0, 0, 0, 0, 0, 0, 0, 0, 0], [28, 24, 26, 21, 17, 4, 19, 14, 13, 15, 8, 10, 6, 5, 7, 0, 0, 0]]
valid routes=1.0
norm-reward=0.8771341133924567
[ 47 iterations]
real=[[5, 0, 0, 0, 0, 0, 0, 0, 0, 0, 0, 0, 0, 0, 0, 0, 0, 0], [21, 13, 24, 5, 3, 6, 15, 0, 0, 0, 0, 0, 0, 0, 0, 0, 0, 0], [7, 5, 24, 2, 0, 0, 0, 0, 0, 0, 0, 0, 0, 0, 0, 0, 0, 0], [28, 27, 25, 19, 21, 3, 22, 2, 0, 0, 0, 0, 0, 0, 0, 0, 0, 0], [28, 27, 25, 24, 22, 21, 20, 19, 17, 15, 13, 11, 1, 3, 8, 14, 9, 0], [11, 28, 0, 0, 0, 0, 0, 0, 0, 0, 0, 0, 0, 0, 0, 0, 0, 0], [28, 27, 26, 25, 24, 23, 21, 20, 19, 18, 17, 12, 4, 9, 8, 14, 10, 0], [27, 26, 25, 24, 23, 22, 17, 15, 14, 12, 11, 8, 5, 3, 1, 10, 2, 0], [17, 9, 12, 20, 0, 0, 0, 0, 0, 0, 0, 0, 0, 0, 0, 0, 0, 0], [28, 27, 26, 23, 22, 21, 18, 17, 15, 14, 13, 8, 7, 9, 1, 10, 4, 0]]
gen=[[5, 0, 0, 0, 0, 0, 0, 0, 0, 0, 0, 0, 0, 0, 0, 0, 0, 0], [24, 21, 15, 13, 3, 6, 5, 0, 0, 0, 0, 0, 0, 0, 0, 0, 0, 0], [24, 2, 5, 7, 0, 0, 0, 0, 0, 0, 0, 0, 0, 0, 0, 0, 0, 0], [28, 27, 25, 21, 22, 19, 3, 2, 0, 0, 0, 0, 0, 0, 0, 0, 0, 0], [28, 27, 24, 25, 17, 21, 20, 19, 13, 14, 15, 22, 8, 3, 11, 9, 1, 0], [28, 11, 0, 0, 0, 0, 0, 0, 0, 0, 0, 0, 0, 0, 0, 0, 0, 0], [28, 27, 24, 26, 25, 17, 4, 21, 23, 20, 19, 14, 10, 12, 18, 9, 8, 0], [27, 24, 26, 25, 17, 23, 2, 22, 14, 15, 12, 8, 10, 5, 1, 3, 11, 0], [17, 12, 20, 9, 0, 0, 0, 0, 0, 0, 0, 0, 0, 0, 0, 0, 0, 0], [28, 27, 26, 21, 17, 23, 4, 15, 13, 22, 14, 18, 10, 8, 1, 9, 7, 0]]
valid routes=1.0
norm-reward=0.873785883349251
[ 48 iterations]
real=[[26, 23, 22, 21, 20, 19, 18, 16, 15, 11, 8, 7, 4, 2, 1, 9, 6, 0], [21, 15, 3, 0, 0, 0, 0, 0, 0, 0, 0, 0, 0, 0, 0, 0, 0, 0], [27, 25, 23, 22, 19, 18, 15, 14, 13, 11, 10, 1, 7, 5, 2, 3, 6, 0], [27, 26, 24, 22, 20, 19, 18, 17, 15, 14, 11, 7, 5, 3, 8, 10, 9, 0], [28, 27, 26, 25, 24, 22, 20, 19, 16, 13, 11, 12, 7, 3, 6, 10, 4, 0], [28, 27, 26, 25, 23, 22, 21, 20, 17, 16, 15, 8, 7, 5, 1, 14, 6, 0], [27, 24, 23, 21, 19, 20, 15, 11, 2, 8, 13, 0, 0, 0, 0, 0, 0, 0], [28, 26, 25, 24, 22, 21, 19, 17, 15, 13, 11, 8, 5, 3, 2, 10, 6, 0], [6, 26, 7, 22, 8, 0, 0, 0, 0, 0, 0, 0, 0, 0, 0, 0, 0, 0], [28, 27, 25, 24, 20, 19, 18, 15, 13, 12, 11, 7, 5, 3, 1, 10, 9, 0]]
gen=[[26, 22, 21, 23, 20, 4, 16, 2, 19, 18, 15, 7, 8, 9, 11, 1, 6, 0], [15, 21, 3, 0, 0, 0, 0, 0, 0, 0, 0, 0, 0, 0, 0, 0, 0, 0], [10, 27, 25, 23, 22, 19, 18, 2, 13, 14, 15, 7, 1, 11, 3, 6, 5, 0], [10, 24, 27, 26, 17, 20, 22, 19, 18, 14, 15, 8, 5, 9, 11, 7, 3, 0], [10, 27, 24, 26, 25, 28, 4, 20, 16, 19, 13, 22, 12, 6, 7, 11, 3, 0], [28, 27, 26, 25, 21, 17, 23, 20, 16, 22, 15, 14, 7, 5, 6, 1, 8, 0], [27, 24, 21, 23, 20, 19, 2, 13, 15, 8, 11, 0, 0, 0, 0, 0, 0, 0], [10, 24, 26, 25, 21, 17, 28, 2, 22, 19, 13, 15, 8, 5, 6, 11, 3, 0], [26, 22, 8, 7, 6, 0, 0, 0, 0, 0, 0, 0, 0, 0, 0, 0, 0, 0], [10, 27, 24, 25, 20, 28, 19, 13, 18, 12, 15, 7, 5, 11, 1, 9, 3, 0]]
valid routes=1.0
norm-reward=0.8767687281137554
[ 49 iterations]
real=[[28, 27, 25, 24, 18, 15, 14, 13, 12, 10, 11, 7, 4, 9, 6, 1, 0, 0], [25, 9, 0, 0, 0, 0, 0, 0, 0, 0, 0, 0, 0, 0, 0, 0, 0, 0], [26, 25, 24, 23, 19, 18, 15, 14, 3, 9, 17, 1, 4, 0, 0, 0, 0, 0], [28, 15, 24, 14, 6, 10, 1, 0, 0, 0, 0, 0, 0, 0, 0, 0, 0, 0], [27, 21, 12, 19, 5, 6, 1, 7, 9, 0, 0, 0, 0, 0, 0, 0, 0, 0], [28, 27, 26, 25, 21, 20, 18, 17, 16, 15, 8, 7, 1, 3, 2, 14, 6, 0], [20, 27, 2, 19, 11, 0, 0, 0, 0, 0, 0, 0, 0, 0, 0, 0, 0, 0], [28, 27, 26, 24, 23, 20, 19, 18, 16, 15, 11, 10, 7, 5, 8, 14, 1, 0], [23, 10, 24, 21, 8, 20, 0, 0, 0, 0, 0, 0, 0, 0, 0, 0, 0, 0], [18, 13, 7, 22, 12, 9, 0, 0, 0, 0, 0, 0, 0, 0, 0, 0, 0, 0]]
gen=[[10, 27, 24, 25, 28, 4, 15, 14, 13, 18, 12, 11, 7, 9, 6, 1, 0, 0], [25, 9, 0, 0, 0, 0, 0, 0, 0, 0, 0, 0, 0, 0, 0, 0, 0, 0], [24, 26, 25, 23, 17, 4, 19, 14, 18, 15, 9, 3, 1, 0, 0, 0, 0, 0], [10, 28, 24, 15, 14, 6, 1, 0, 0, 0, 0, 0, 0, 0, 0, 0, 0, 0], [27, 21, 19, 7, 12, 1, 6, 9, 5, 0, 0, 0, 0, 0, 0, 0, 0, 0], [28, 27, 26, 8, 25, 17, 21, 20, 2, 16, 14, 18, 15, 7, 6, 3, 1, 0], [27, 20, 19, 2, 11, 0, 0, 0, 0, 0, 0, 0, 0, 0, 0, 0, 0, 0], [10, 27, 24, 26, 8, 28, 23, 20, 16, 19, 18, 14, 15, 5, 11, 1, 7, 0], [10, 8, 24, 21, 23, 20, 0, 0, 0, 0, 0, 0, 0, 0, 0, 0, 0, 0], [22, 12, 7, 13, 18, 9, 0, 0, 0, 0, 0, 0, 0, 0, 0, 0, 0, 0]]
valid routes=1.0
norm-reward=0.847182758163394
