read problem
[ 10 iterations]
real= [[26  2  0  0  0  0  0  0  0  0  0  0  0  0  0  0  0  0]
 [ 3 13 16 14  8  0  0  0  0  0  0  0  0  0  0  0  0  0]
 [ 6 16  0  0  0  0  0  0  0  0  0  0  0  0  0  0  0  0]
 [21 16 17 18 15 23  1  0  0  0  0  0  0  0  0  0  0  0]
 [24 10 17 14 18  3 19  0  0  0  0  0  0  0  0  0  0  0]
 [19 16  3 24 22  7  0  0  0  0  0  0  0  0  0  0  0  0]
 [25  0  0  0  0  0  0  0  0  0  0  0  0  0  0  0  0  0]
 [ 1 23 17 16 12  0  0  0  0  0  0  0  0  0  0  0  0  0]
 [19  0  0  0  0  0  0  0  0  0  0  0  0  0  0  0  0  0]
 [18  0  0  0  0  0  0  0  0  0  0  0  0  0  0  0  0  0]]
gen= [[ 2 26  0  0  0  0  0  0  0  0  0  0  0  0  0  0  0  0]
 [ 3  8 14  0  0  0  0  0  0  0  0  0  0  0  0  0  0  0]
 [16  6  0  0  0  0  0  0  0  0  0  0  0  0  0  0  0  0]
 [15 16 17  0  0  0  0  0  0  0  0  0  0  0  0  0  0  0]
 [ 3 19 14 18  0  0  0  0  0  0  0  0  0  0  0  0  0  0]
 [ 3 19 22  7  0  0  0  0  0  0  0  0  0  0  0  0  0  0]
 [25  0  0  0  0  0  0  0  0  0  0  0  0  0  0  0  0  0]
 [16 12  1 23  0  0  0  0  0  0  0  0  0  0  0  0  0  0]
 [19  0  0  0  0  0  0  0  0  0  0  0  0  0  0  0  0  0]
 [18  0  0  0  0  0  0  0  0  0  0  0  0  0  0  0  0  0]]
valid: gen=0.472
reward: norm=0.9574540830926213
[ 20 iterations]
real= [[14 10  0  0  0  0  0  0  0  0  0  0  0  0  0  0  0  0]
 [26  9 22  0  0  0  0  0  0  0  0  0  0  0  0  0  0  0]
 [17  0  0  0  0  0  0  0  0  0  0  0  0  0  0  0  0  0]
 [ 6  9 22  0  0  0  0  0  0  0  0  0  0  0  0  0  0  0]
 [17  0  0  0  0  0  0  0  0  0  0  0  0  0  0  0  0  0]
 [26 21  9  0  0  0  0  0  0  0  0  0  0  0  0  0  0  0]
 [ 3 13  0  0  0  0  0  0  0  0  0  0  0  0  0  0  0  0]
 [27 23 22 18 21  1 20  0  0  0  0  0  0  0  0  0  0  0]
 [ 7 16 26  5  0  0  0  0  0  0  0  0  0  0  0  0  0  0]
 [ 3 12 17  0  0  0  0  0  0  0  0  0  0  0  0  0  0  0]]
gen= [[14 10  0  0  0  0  0  0  0  0  0  0  0  0  0  0  0  0]
 [22 26  9  0  0  0  0  0  0  0  0  0  0  0  0  0  0  0]
 [17  0  0  0  0  0  0  0  0  0  0  0  0  0  0  0  0  0]
 [ 6 22  9  0  0  0  0  0  0  0  0  0  0  0  0  0  0  0]
 [17  0  0  0  0  0  0  0  0  0  0  0  0  0  0  0  0  0]
 [26  9 21  0  0  0  0  0  0  0  0  0  0  0  0  0  0  0]
 [ 3 13  0  0  0  0  0  0  0  0  0  0  0  0  0  0  0  0]
 [22  1 18 27  0  0  0  0  0  0  0  0  0  0  0  0  0  0]
 [16 26  7  5  0  0  0  0  0  0  0  0  0  0  0  0  0  0]
 [ 3 12 17  0  0  0  0  0  0  0  0  0  0  0  0  0  0  0]]
valid: gen=0.528
reward: norm=0.9552293333028989
[ 30 iterations]
real= [[24 13  3  0  0  0  0  0  0  0  0  0  0  0  0  0  0  0]
 [20 13  0  0  0  0  0  0  0  0  0  0  0  0  0  0  0  0]
 [ 4  0  0  0  0  0  0  0  0  0  0  0  0  0  0  0  0  0]
 [14 15 18  0  0  0  0  0  0  0  0  0  0  0  0  0  0  0]
 [25 20 17  3 15 12 27  0  0  0  0  0  0  0  0  0  0  0]
 [19  1  8 15 23  4  0  0  0  0  0  0  0  0  0  0  0  0]
 [19 13 22 20  0  0  0  0  0  0  0  0  0  0  0  0  0  0]
 [19 16  5  0  0  0  0  0  0  0  0  0  0  0  0  0  0  0]
 [20 25 28  2 17  9 23  0  0  0  0  0  0  0  0  0  0  0]
 [24  5  9  0  0  0  0  0  0  0  0  0  0  0  0  0  0  0]]
gen= [[ 3 13 24  0  0  0  0  0  0  0  0  0  0  0  0  0  0  0]
 [13 20  0  0  0  0  0  0  0  0  0  0  0  0  0  0  0  0]
 [ 4  0  0  0  0  0  0  0  0  0  0  0  0  0  0  0  0  0]
 [15 18 14  0  0  0  0  0  0  0  0  0  0  0  0  0  0  0]
 [15  3  0  0  0  0  0  0  0  0  0  0  0  0  0  0  0  0]
 [15 19  4  1  8  0  0  0  0  0  0  0  0  0  0  0  0  0]
 [19 22 20  0  0  0  0  0  0  0  0  0  0  0  0  0  0  0]
 [19  5  0  0  0  0  0  0  0  0  0  0  0  0  0  0  0  0]
 [23  2 28 25  9  0  0  0  0  0  0  0  0  0  0  0  0  0]
 [ 5 24  9  0  0  0  0  0  0  0  0  0  0  0  0  0  0  0]]
valid: gen=0.558
reward: norm=0.9475982435732733
[ 40 iterations]
real= [[26 10 17 14 23 27  0  0  0  0  0  0  0  0  0  0  0  0]
 [24 17  2 20  0  0  0  0  0  0  0  0  0  0  0  0  0  0]
 [18 27 17  0  0  0  0  0  0  0  0  0  0  0  0  0  0  0]
 [21 16 13 14 24  3  0  0  0  0  0  0  0  0  0  0  0  0]
 [ 3  1  6 15  0  0  0  0  0  0  0  0  0  0  0  0  0  0]
 [27 15 19 14  7  1  0  0  0  0  0  0  0  0  0  0  0  0]
 [ 7 16 23  0  0  0  0  0  0  0  0  0  0  0  0  0  0  0]
 [25 17 10 24  7  0  0  0  0  0  0  0  0  0  0  0  0  0]
 [13  0  0  0  0  0  0  0  0  0  0  0  0  0  0  0  0  0]
 [11  4 12  2  0  0  0  0  0  0  0  0  0  0  0  0  0  0]]
gen= [[10 26 27 23  0  0  0  0  0  0  0  0  0  0  0  0  0  0]
 [ 2 17 24  0  0  0  0  0  0  0  0  0  0  0  0  0  0  0]
 [18 27 17  0  0  0  0  0  0  0  0  0  0  0  0  0  0  0]
 [ 3 13 16 24 14  0  0  0  0  0  0  0  0  0  0  0  0  0]
 [ 3 15  6  1  0  0  0  0  0  0  0  0  0  0  0  0  0  0]
 [19 15  1  7 27  0  0  0  0  0  0  0  0  0  0  0  0  0]
 [16 23  7  0  0  0  0  0  0  0  0  0  0  0  0  0  0  0]
 [25 10  0  0  0  0  0  0  0  0  0  0  0  0  0  0  0  0]
 [13  0  0  0  0  0  0  0  0  0  0  0  0  0  0  0  0  0]
 [ 2 11  4 12  0  0  0  0  0  0  0  0  0  0  0  0  0  0]]
valid: gen=0.569
reward: norm=0.9493304545033544
[ 50 iterations]
real= [[12 23 17 19  1  8 11  0  0  0  0  0  0  0  0  0  0  0]
 [14 12  0  0  0  0  0  0  0  0  0  0  0  0  0  0  0  0]
 [ 6 10 13  0  0  0  0  0  0  0  0  0  0  0  0  0  0  0]
 [27 25 13 10 18  7  0  0  0  0  0  0  0  0  0  0  0  0]
 [20  5 17 14 18 12  3  0  0  0  0  0  0  0  0  0  0  0]
 [27 11 23  1  0  0  0  0  0  0  0  0  0  0  0  0  0  0]
 [ 3 11 23  0  0  0  0  0  0  0  0  0  0  0  0  0  0  0]
 [19 10 26 24  0  0  0  0  0  0  0  0  0  0  0  0  0  0]
 [ 7  4  0  0  0  0  0  0  0  0  0  0  0  0  0  0  0  0]
 [15 10 16 14 27  0  0  0  0  0  0  0  0  0  0  0  0  0]]
gen= [[19 11 12  8  0  0  0  0  0  0  0  0  0  0  0  0  0  0]
 [14 12  0  0  0  0  0  0  0  0  0  0  0  0  0  0  0  0]
 [ 6 13 10  0  0  0  0  0  0  0  0  0  0  0  0  0  0  0]
 [13 18 27 25  0  0  0  0  0  0  0  0  0  0  0  0  0  0]
 [18  3 20 17  5  0  0  0  0  0  0  0  0  0  0  0  0  0]
 [11  1 23 27  0  0  0  0  0  0  0  0  0  0  0  0  0  0]
 [23  3 11  0  0  0  0  0  0  0  0  0  0  0  0  0  0  0]
 [19 26 10 24  0  0  0  0  0  0  0  0  0  0  0  0  0  0]
 [ 4  7  0  0  0  0  0  0  0  0  0  0  0  0  0  0  0  0]
 [15 16 14 10 27  0  0  0  0  0  0  0  0  0  0  0  0  0]]
valid: gen=0.571
reward: norm=0.9444176215431278
[ 60 iterations]
real= [[26  2  0  0  0  0  0  0  0  0  0  0  0  0  0  0  0  0]
 [ 3 13 16 14  8  0  0  0  0  0  0  0  0  0  0  0  0  0]
 [ 6 16  0  0  0  0  0  0  0  0  0  0  0  0  0  0  0  0]
 [21 16 17 18 15 23  1  0  0  0  0  0  0  0  0  0  0  0]
 [24 10 17 14 18  3 19  0  0  0  0  0  0  0  0  0  0  0]
 [19 16  3 24 22  7  0  0  0  0  0  0  0  0  0  0  0  0]
 [25  0  0  0  0  0  0  0  0  0  0  0  0  0  0  0  0  0]
 [ 1 23 17 16 12  0  0  0  0  0  0  0  0  0  0  0  0  0]
 [19  0  0  0  0  0  0  0  0  0  0  0  0  0  0  0  0  0]
 [18  0  0  0  0  0  0  0  0  0  0  0  0  0  0  0  0  0]]
gen= [[26  2  0  0  0  0  0  0  0  0  0  0  0  0  0  0  0  0]
 [13  3 16  0  0  0  0  0  0  0  0  0  0  0  0  0  0  0]
 [ 6 16  0  0  0  0  0  0  0  0  0  0  0  0  0  0  0  0]
 [15 23 18  1  0  0  0  0  0  0  0  0  0  0  0  0  0  0]
 [19 18 10  0  0  0  0  0  0  0  0  0  0  0  0  0  0  0]
 [19  3 22  7  0  0  0  0  0  0  0  0  0  0  0  0  0  0]
 [25  0  0  0  0  0  0  0  0  0  0  0  0  0  0  0  0  0]
 [ 1 23 16  0  0  0  0  0  0  0  0  0  0  0  0  0  0  0]
 [19  0  0  0  0  0  0  0  0  0  0  0  0  0  0  0  0  0]
 [18  0  0  0  0  0  0  0  0  0  0  0  0  0  0  0  0  0]]
valid: gen=0.52
reward: norm=0.9635418655821304
[ 70 iterations]
real= [[14 10  0  0  0  0  0  0  0  0  0  0  0  0  0  0  0  0]
 [26  9 22  0  0  0  0  0  0  0  0  0  0  0  0  0  0  0]
 [17  0  0  0  0  0  0  0  0  0  0  0  0  0  0  0  0  0]
 [ 6  9 22  0  0  0  0  0  0  0  0  0  0  0  0  0  0  0]
 [17  0  0  0  0  0  0  0  0  0  0  0  0  0  0  0  0  0]
 [26 21  9  0  0  0  0  0  0  0  0  0  0  0  0  0  0  0]
 [ 3 13  0  0  0  0  0  0  0  0  0  0  0  0  0  0  0  0]
 [27 23 22 18 21  1 20  0  0  0  0  0  0  0  0  0  0  0]
 [ 7 16 26  5  0  0  0  0  0  0  0  0  0  0  0  0  0  0]
 [ 3 12 17  0  0  0  0  0  0  0  0  0  0  0  0  0  0  0]]
gen= [[10 14  0  0  0  0  0  0  0  0  0  0  0  0  0  0  0  0]
 [26  9 22  0  0  0  0  0  0  0  0  0  0  0  0  0  0  0]
 [17  0  0  0  0  0  0  0  0  0  0  0  0  0  0  0  0  0]
 [ 6  9 22  0  0  0  0  0  0  0  0  0  0  0  0  0  0  0]
 [17  0  0  0  0  0  0  0  0  0  0  0  0  0  0  0  0  0]
 [26  9 21  0  0  0  0  0  0  0  0  0  0  0  0  0  0  0]
 [13  3  0  0  0  0  0  0  0  0  0  0  0  0  0  0  0  0]
 [18 23 22 27  0  0  0  0  0  0  0  0  0  0  0  0  0  0]
 [26  5 16  0  0  0  0  0  0  0  0  0  0  0  0  0  0  0]
 [ 3 12 17  0  0  0  0  0  0  0  0  0  0  0  0  0  0  0]]
valid: gen=0.533
reward: norm=0.9553001822105419
[ 80 iterations]
real= [[24 13  3  0  0  0  0  0  0  0  0  0  0  0  0  0  0  0]
 [20 13  0  0  0  0  0  0  0  0  0  0  0  0  0  0  0  0]
 [ 4  0  0  0  0  0  0  0  0  0  0  0  0  0  0  0  0  0]
 [14 15 18  0  0  0  0  0  0  0  0  0  0  0  0  0  0  0]
 [25 20 17  3 15 12 27  0  0  0  0  0  0  0  0  0  0  0]
 [19  1  8 15 23  4  0  0  0  0  0  0  0  0  0  0  0  0]
 [19 13 22 20  0  0  0  0  0  0  0  0  0  0  0  0  0  0]
 [19 16  5  0  0  0  0  0  0  0  0  0  0  0  0  0  0  0]
 [20 25 28  2 17  9 23  0  0  0  0  0  0  0  0  0  0  0]
 [24  5  9  0  0  0  0  0  0  0  0  0  0  0  0  0  0  0]]
gen= [[13  3 24  0  0  0  0  0  0  0  0  0  0  0  0  0  0  0]
 [13 20  0  0  0  0  0  0  0  0  0  0  0  0  0  0  0  0]
 [ 4  0  0  0  0  0  0  0  0  0  0  0  0  0  0  0  0  0]
 [15 18 14  0  0  0  0  0  0  0  0  0  0  0  0  0  0  0]
 [15  3 20 17 27  0  0  0  0  0  0  0  0  0  0  0  0  0]
 [15 23  4 19  1  0  0  0  0  0  0  0  0  0  0  0  0  0]
 [19 13  0  0  0  0  0  0  0  0  0  0  0  0  0  0  0  0]
 [19  5  0  0  0  0  0  0  0  0  0  0  0  0  0  0  0  0]
 [23  2  9 17 20  0  0  0  0  0  0  0  0  0  0  0  0  0]
 [ 9 24  5  0  0  0  0  0  0  0  0  0  0  0  0  0  0  0]]
valid: gen=0.572
reward: norm=0.9460429682428417
[ 90 iterations]
real= [[26 10 17 14 23 27  0  0  0  0  0  0  0  0  0  0  0  0]
 [24 17  2 20  0  0  0  0  0  0  0  0  0  0  0  0  0  0]
 [18 27 17  0  0  0  0  0  0  0  0  0  0  0  0  0  0  0]
 [21 16 13 14 24  3  0  0  0  0  0  0  0  0  0  0  0  0]
 [ 3  1  6 15  0  0  0  0  0  0  0  0  0  0  0  0  0  0]
 [27 15 19 14  7  1  0  0  0  0  0  0  0  0  0  0  0  0]
 [ 7 16 23  0  0  0  0  0  0  0  0  0  0  0  0  0  0  0]
 [25 17 10 24  7  0  0  0  0  0  0  0  0  0  0  0  0  0]
 [13  0  0  0  0  0  0  0  0  0  0  0  0  0  0  0  0  0]
 [11  4 12  2  0  0  0  0  0  0  0  0  0  0  0  0  0  0]]
gen= [[23 26 17 10 14 27  0  0  0  0  0  0  0  0  0  0  0  0]
 [ 2 17 24  0  0  0  0  0  0  0  0  0  0  0  0  0  0  0]
 [18 17 27  0  0  0  0  0  0  0  0  0  0  0  0  0  0  0]
 [13  3 16 21 14  0  0  0  0  0  0  0  0  0  0  0  0  0]
 [ 6 15  3  1  0  0  0  0  0  0  0  0  0  0  0  0  0  0]
 [15 19 27  1  7  0  0  0  0  0  0  0  0  0  0  0  0  0]
 [23 16  7  0  0  0  0  0  0  0  0  0  0  0  0  0  0  0]
 [25 24 17  0  0  0  0  0  0  0  0  0  0  0  0  0  0  0]
 [13  0  0  0  0  0  0  0  0  0  0  0  0  0  0  0  0  0]
 [ 4  2 11 12  0  0  0  0  0  0  0  0  0  0  0  0  0  0]]
valid: gen=0.623
reward: norm=0.9414050714375332
[ 100 iterations]
real= [[12 23 17 19  1  8 11  0  0  0  0  0  0  0  0  0  0  0]
 [14 12  0  0  0  0  0  0  0  0  0  0  0  0  0  0  0  0]
 [ 6 10 13  0  0  0  0  0  0  0  0  0  0  0  0  0  0  0]
 [27 25 13 10 18  7  0  0  0  0  0  0  0  0  0  0  0  0]
 [20  5 17 14 18 12  3  0  0  0  0  0  0  0  0  0  0  0]
 [27 11 23  1  0  0  0  0  0  0  0  0  0  0  0  0  0  0]
 [ 3 11 23  0  0  0  0  0  0  0  0  0  0  0  0  0  0  0]
 [19 10 26 24  0  0  0  0  0  0  0  0  0  0  0  0  0  0]
 [ 7  4  0  0  0  0  0  0  0  0  0  0  0  0  0  0  0  0]
 [15 10 16 14 27  0  0  0  0  0  0  0  0  0  0  0  0  0]]
gen= [[19 23 17  1 12  0  0  0  0  0  0  0  0  0  0  0  0  0]
 [12 14  0  0  0  0  0  0  0  0  0  0  0  0  0  0  0  0]
 [ 6 13 10  0  0  0  0  0  0  0  0  0  0  0  0  0  0  0]
 [18 13 27 25  0  0  0  0  0  0  0  0  0  0  0  0  0  0]
 [18  3  5 14 20  0  0  0  0  0  0  0  0  0  0  0  0  0]
 [23 27 11  1  0  0  0  0  0  0  0  0  0  0  0  0  0  0]
 [23  3 11  0  0  0  0  0  0  0  0  0  0  0  0  0  0  0]
 [26 19  0  0  0  0  0  0  0  0  0  0  0  0  0  0  0  0]
 [ 4  7  0  0  0  0  0  0  0  0  0  0  0  0  0  0  0  0]
 [15 10 16 14 27  0  0  0  0  0  0  0  0  0  0  0  0  0]]
valid: gen=0.587
reward: norm=0.9449397692678347
[ 110 iterations]
real= [[26  2  0  0  0  0  0  0  0  0  0  0  0  0  0  0  0  0]
 [ 3 13 16 14  8  0  0  0  0  0  0  0  0  0  0  0  0  0]
 [ 6 16  0  0  0  0  0  0  0  0  0  0  0  0  0  0  0  0]
 [21 16 17 18 15 23  1  0  0  0  0  0  0  0  0  0  0  0]
 [24 10 17 14 18  3 19  0  0  0  0  0  0  0  0  0  0  0]
 [19 16  3 24 22  7  0  0  0  0  0  0  0  0  0  0  0  0]
 [25  0  0  0  0  0  0  0  0  0  0  0  0  0  0  0  0  0]
 [ 1 23 17 16 12  0  0  0  0  0  0  0  0  0  0  0  0  0]
 [19  0  0  0  0  0  0  0  0  0  0  0  0  0  0  0  0  0]
 [18  0  0  0  0  0  0  0  0  0  0  0  0  0  0  0  0  0]]
gen= [[ 2 26  0  0  0  0  0  0  0  0  0  0  0  0  0  0  0  0]
 [13  3  8  0  0  0  0  0  0  0  0  0  0  0  0  0  0  0]
 [ 6 16  0  0  0  0  0  0  0  0  0  0  0  0  0  0  0  0]
 [23 18 15  1  0  0  0  0  0  0  0  0  0  0  0  0  0  0]
 [18 19  3 14  0  0  0  0  0  0  0  0  0  0  0  0  0  0]
 [19  3  7 22  0  0  0  0  0  0  0  0  0  0  0  0  0  0]
 [25  0  0  0  0  0  0  0  0  0  0  0  0  0  0  0  0  0]
 [23 16 17  0  0  0  0  0  0  0  0  0  0  0  0  0  0  0]
 [19  0  0  0  0  0  0  0  0  0  0  0  0  0  0  0  0  0]
 [18  0  0  0  0  0  0  0  0  0  0  0  0  0  0  0  0  0]]
valid: gen=0.49
reward: norm=0.9512373959831765
[ 120 iterations]
real= [[14 10  0  0  0  0  0  0  0  0  0  0  0  0  0  0  0  0]
 [26  9 22  0  0  0  0  0  0  0  0  0  0  0  0  0  0  0]
 [17  0  0  0  0  0  0  0  0  0  0  0  0  0  0  0  0  0]
 [ 6  9 22  0  0  0  0  0  0  0  0  0  0  0  0  0  0  0]
 [17  0  0  0  0  0  0  0  0  0  0  0  0  0  0  0  0  0]
 [26 21  9  0  0  0  0  0  0  0  0  0  0  0  0  0  0  0]
 [ 3 13  0  0  0  0  0  0  0  0  0  0  0  0  0  0  0  0]
 [27 23 22 18 21  1 20  0  0  0  0  0  0  0  0  0  0  0]
 [ 7 16 26  5  0  0  0  0  0  0  0  0  0  0  0  0  0  0]
 [ 3 12 17  0  0  0  0  0  0  0  0  0  0  0  0  0  0  0]]
gen= [[10 14  0  0  0  0  0  0  0  0  0  0  0  0  0  0  0  0]
 [26  9 22  0  0  0  0  0  0  0  0  0  0  0  0  0  0  0]
 [17  0  0  0  0  0  0  0  0  0  0  0  0  0  0  0  0  0]
 [ 6  9 22  0  0  0  0  0  0  0  0  0  0  0  0  0  0  0]
 [17  0  0  0  0  0  0  0  0  0  0  0  0  0  0  0  0  0]
 [26  9 21  0  0  0  0  0  0  0  0  0  0  0  0  0  0  0]
 [13  3  0  0  0  0  0  0  0  0  0  0  0  0  0  0  0  0]
 [18 23 20 22  0  0  0  0  0  0  0  0  0  0  0  0  0  0]
 [26  7 16  5  0  0  0  0  0  0  0  0  0  0  0  0  0  0]
 [ 3 17 12  0  0  0  0  0  0  0  0  0  0  0  0  0  0  0]]
valid: gen=0.52
reward: norm=0.946196006426406
[ 130 iterations]
real= [[24 13  3  0  0  0  0  0  0  0  0  0  0  0  0  0  0  0]
 [20 13  0  0  0  0  0  0  0  0  0  0  0  0  0  0  0  0]
 [ 4  0  0  0  0  0  0  0  0  0  0  0  0  0  0  0  0  0]
 [14 15 18  0  0  0  0  0  0  0  0  0  0  0  0  0  0  0]
 [25 20 17  3 15 12 27  0  0  0  0  0  0  0  0  0  0  0]
 [19  1  8 15 23  4  0  0  0  0  0  0  0  0  0  0  0  0]
 [19 13 22 20  0  0  0  0  0  0  0  0  0  0  0  0  0  0]
 [19 16  5  0  0  0  0  0  0  0  0  0  0  0  0  0  0  0]
 [20 25 28  2 17  9 23  0  0  0  0  0  0  0  0  0  0  0]
 [24  5  9  0  0  0  0  0  0  0  0  0  0  0  0  0  0  0]]
gen= [[13  3 24  0  0  0  0  0  0  0  0  0  0  0  0  0  0  0]
 [13 20  0  0  0  0  0  0  0  0  0  0  0  0  0  0  0  0]
 [ 4  0  0  0  0  0  0  0  0  0  0  0  0  0  0  0  0  0]
 [15 18 14  0  0  0  0  0  0  0  0  0  0  0  0  0  0  0]
 [15  3 12 27 25  0  0  0  0  0  0  0  0  0  0  0  0  0]
 [15 23  4 19  1  0  0  0  0  0  0  0  0  0  0  0  0  0]
 [13 19 20 22  0  0  0  0  0  0  0  0  0  0  0  0  0  0]
 [19  5  0  0  0  0  0  0  0  0  0  0  0  0  0  0  0  0]
 [ 2 23  9 28 20  0  0  0  0  0  0  0  0  0  0  0  0  0]
 [ 9  5 24  0  0  0  0  0  0  0  0  0  0  0  0  0  0  0]]
valid: gen=0.552
reward: norm=0.9352145799439181
[ 140 iterations]
real= [[26 10 17 14 23 27  0  0  0  0  0  0  0  0  0  0  0  0]
 [24 17  2 20  0  0  0  0  0  0  0  0  0  0  0  0  0  0]
 [18 27 17  0  0  0  0  0  0  0  0  0  0  0  0  0  0  0]
 [21 16 13 14 24  3  0  0  0  0  0  0  0  0  0  0  0  0]
 [ 3  1  6 15  0  0  0  0  0  0  0  0  0  0  0  0  0  0]
 [27 15 19 14  7  1  0  0  0  0  0  0  0  0  0  0  0  0]
 [ 7 16 23  0  0  0  0  0  0  0  0  0  0  0  0  0  0  0]
 [25 17 10 24  7  0  0  0  0  0  0  0  0  0  0  0  0  0]
 [13  0  0  0  0  0  0  0  0  0  0  0  0  0  0  0  0  0]
 [11  4 12  2  0  0  0  0  0  0  0  0  0  0  0  0  0  0]]
gen= [[23 26 10 14 27  0  0  0  0  0  0  0  0  0  0  0  0  0]
 [ 2 20 17  0  0  0  0  0  0  0  0  0  0  0  0  0  0  0]
 [18 17 27  0  0  0  0  0  0  0  0  0  0  0  0  0  0  0]
 [13  3 16 14  0  0  0  0  0  0  0  0  0  0  0  0  0  0]
 [15  6  3  1  0  0  0  0  0  0  0  0  0  0  0  0  0  0]
 [15 19  7 14  0  0  0  0  0  0  0  0  0  0  0  0  0  0]
 [23  7 16  0  0  0  0  0  0  0  0  0  0  0  0  0  0  0]
 [10  7 25  0  0  0  0  0  0  0  0  0  0  0  0  0  0  0]
 [13  0  0  0  0  0  0  0  0  0  0  0  0  0  0  0  0  0]
 [ 2  4 12 11  0  0  0  0  0  0  0  0  0  0  0  0  0  0]]
valid: gen=0.599
reward: norm=0.9397200288913207
[ 150 iterations]
real= [[12 23 17 19  1  8 11  0  0  0  0  0  0  0  0  0  0  0]
 [14 12  0  0  0  0  0  0  0  0  0  0  0  0  0  0  0  0]
 [ 6 10 13  0  0  0  0  0  0  0  0  0  0  0  0  0  0  0]
 [27 25 13 10 18  7  0  0  0  0  0  0  0  0  0  0  0  0]
 [20  5 17 14 18 12  3  0  0  0  0  0  0  0  0  0  0  0]
 [27 11 23  1  0  0  0  0  0  0  0  0  0  0  0  0  0  0]
 [ 3 11 23  0  0  0  0  0  0  0  0  0  0  0  0  0  0  0]
 [19 10 26 24  0  0  0  0  0  0  0  0  0  0  0  0  0  0]
 [ 7  4  0  0  0  0  0  0  0  0  0  0  0  0  0  0  0  0]
 [15 10 16 14 27  0  0  0  0  0  0  0  0  0  0  0  0  0]]
gen= [[23 19  8 11  1 12  0  0  0  0  0  0  0  0  0  0  0  0]
 [14 12  0  0  0  0  0  0  0  0  0  0  0  0  0  0  0  0]
 [ 6 13 10  0  0  0  0  0  0  0  0  0  0  0  0  0  0  0]
 [18 13  7 27  0  0  0  0  0  0  0  0  0  0  0  0  0  0]
 [18  3 17 14 20  5 12  0  0  0  0  0  0  0  0  0  0  0]
 [23 11  1 27  0  0  0  0  0  0  0  0  0  0  0  0  0  0]
 [23  3 11  0  0  0  0  0  0  0  0  0  0  0  0  0  0  0]
 [26 19 10 24  0  0  0  0  0  0  0  0  0  0  0  0  0  0]
 [ 4  7  0  0  0  0  0  0  0  0  0  0  0  0  0  0  0  0]
 [15 27 10 14  0  0  0  0  0  0  0  0  0  0  0  0  0  0]]
valid: gen=0.589
reward: norm=0.9403459104011992
[ 160 iterations]
real= [[26  2  0  0  0  0  0  0  0  0  0  0  0  0  0  0  0  0]
 [ 3 13 16 14  8  0  0  0  0  0  0  0  0  0  0  0  0  0]
 [ 6 16  0  0  0  0  0  0  0  0  0  0  0  0  0  0  0  0]
 [21 16 17 18 15 23  1  0  0  0  0  0  0  0  0  0  0  0]
 [24 10 17 14 18  3 19  0  0  0  0  0  0  0  0  0  0  0]
 [19 16  3 24 22  7  0  0  0  0  0  0  0  0  0  0  0  0]
 [25  0  0  0  0  0  0  0  0  0  0  0  0  0  0  0  0  0]
 [ 1 23 17 16 12  0  0  0  0  0  0  0  0  0  0  0  0  0]
 [19  0  0  0  0  0  0  0  0  0  0  0  0  0  0  0  0  0]
 [18  0  0  0  0  0  0  0  0  0  0  0  0  0  0  0  0  0]]
gen= [[ 2 26  0  0  0  0  0  0  0  0  0  0  0  0  0  0  0  0]
 [13  3  8  0  0  0  0  0  0  0  0  0  0  0  0  0  0  0]
 [ 6 16  0  0  0  0  0  0  0  0  0  0  0  0  0  0  0  0]
 [15 23 18  1  0  0  0  0  0  0  0  0  0  0  0  0  0  0]
 [18 19  3 14  0  0  0  0  0  0  0  0  0  0  0  0  0  0]
 [19  3  7 22  0  0  0  0  0  0  0  0  0  0  0  0  0  0]
 [25  0  0  0  0  0  0  0  0  0  0  0  0  0  0  0  0  0]
 [23 12  1  0  0  0  0  0  0  0  0  0  0  0  0  0  0  0]
 [19  0  0  0  0  0  0  0  0  0  0  0  0  0  0  0  0  0]
 [18  0  0  0  0  0  0  0  0  0  0  0  0  0  0  0  0  0]]
valid: gen=0.485
reward: norm=0.9469373943671681
[ 170 iterations]
real= [[14 10  0  0  0  0  0  0  0  0  0  0  0  0  0  0  0  0]
 [26  9 22  0  0  0  0  0  0  0  0  0  0  0  0  0  0  0]
 [17  0  0  0  0  0  0  0  0  0  0  0  0  0  0  0  0  0]
 [ 6  9 22  0  0  0  0  0  0  0  0  0  0  0  0  0  0  0]
 [17  0  0  0  0  0  0  0  0  0  0  0  0  0  0  0  0  0]
 [26 21  9  0  0  0  0  0  0  0  0  0  0  0  0  0  0  0]
 [ 3 13  0  0  0  0  0  0  0  0  0  0  0  0  0  0  0  0]
 [27 23 22 18 21  1 20  0  0  0  0  0  0  0  0  0  0  0]
 [ 7 16 26  5  0  0  0  0  0  0  0  0  0  0  0  0  0  0]
 [ 3 12 17  0  0  0  0  0  0  0  0  0  0  0  0  0  0  0]]
gen= [[10 14  0  0  0  0  0  0  0  0  0  0  0  0  0  0  0  0]
 [26  9 22  0  0  0  0  0  0  0  0  0  0  0  0  0  0  0]
 [17  0  0  0  0  0  0  0  0  0  0  0  0  0  0  0  0  0]
 [ 6  9 22  0  0  0  0  0  0  0  0  0  0  0  0  0  0  0]
 [17  0  0  0  0  0  0  0  0  0  0  0  0  0  0  0  0  0]
 [26  9 21  0  0  0  0  0  0  0  0  0  0  0  0  0  0  0]
 [13  3  0  0  0  0  0  0  0  0  0  0  0  0  0  0  0  0]
 [23 18  1 27  0  0  0  0  0  0  0  0  0  0  0  0  0  0]
 [26  7 16  5  0  0  0  0  0  0  0  0  0  0  0  0  0  0]
 [ 3 12 17  0  0  0  0  0  0  0  0  0  0  0  0  0  0  0]]
valid: gen=0.541
reward: norm=0.9449564722518441
[ 180 iterations]
real= [[24 13  3  0  0  0  0  0  0  0  0  0  0  0  0  0  0  0]
 [20 13  0  0  0  0  0  0  0  0  0  0  0  0  0  0  0  0]
 [ 4  0  0  0  0  0  0  0  0  0  0  0  0  0  0  0  0  0]
 [14 15 18  0  0  0  0  0  0  0  0  0  0  0  0  0  0  0]
 [25 20 17  3 15 12 27  0  0  0  0  0  0  0  0  0  0  0]
 [19  1  8 15 23  4  0  0  0  0  0  0  0  0  0  0  0  0]
 [19 13 22 20  0  0  0  0  0  0  0  0  0  0  0  0  0  0]
 [19 16  5  0  0  0  0  0  0  0  0  0  0  0  0  0  0  0]
 [20 25 28  2 17  9 23  0  0  0  0  0  0  0  0  0  0  0]
 [24  5  9  0  0  0  0  0  0  0  0  0  0  0  0  0  0  0]]
gen= [[13  3 24  0  0  0  0  0  0  0  0  0  0  0  0  0  0  0]
 [13 20  0  0  0  0  0  0  0  0  0  0  0  0  0  0  0  0]
 [ 4  0  0  0  0  0  0  0  0  0  0  0  0  0  0  0  0  0]
 [15 18 14  0  0  0  0  0  0  0  0  0  0  0  0  0  0  0]
 [15  3 27 12 20  0  0  0  0  0  0  0  0  0  0  0  0  0]
 [15 23  4 19  1  0  0  0  0  0  0  0  0  0  0  0  0  0]
 [13 19 22  0  0  0  0  0  0  0  0  0  0  0  0  0  0  0]
 [19  5  0  0  0  0  0  0  0  0  0  0  0  0  0  0  0  0]
 [ 2 23  9 28 20  0  0  0  0  0  0  0  0  0  0  0  0  0]
 [ 9 24  5  0  0  0  0  0  0  0  0  0  0  0  0  0  0  0]]
valid: gen=0.563
reward: norm=0.9379607098218061
[ 190 iterations]
real= [[26 10 17 14 23 27  0  0  0  0  0  0  0  0  0  0  0  0]
 [24 17  2 20  0  0  0  0  0  0  0  0  0  0  0  0  0  0]
 [18 27 17  0  0  0  0  0  0  0  0  0  0  0  0  0  0  0]
 [21 16 13 14 24  3  0  0  0  0  0  0  0  0  0  0  0  0]
 [ 3  1  6 15  0  0  0  0  0  0  0  0  0  0  0  0  0  0]
 [27 15 19 14  7  1  0  0  0  0  0  0  0  0  0  0  0  0]
 [ 7 16 23  0  0  0  0  0  0  0  0  0  0  0  0  0  0  0]
 [25 17 10 24  7  0  0  0  0  0  0  0  0  0  0  0  0  0]
 [13  0  0  0  0  0  0  0  0  0  0  0  0  0  0  0  0  0]
 [11  4 12  2  0  0  0  0  0  0  0  0  0  0  0  0  0  0]]
gen= [[23 26 27 17 10 14  0  0  0  0  0  0  0  0  0  0  0  0]
 [ 2 20 17  0  0  0  0  0  0  0  0  0  0  0  0  0  0  0]
 [18 27 17  0  0  0  0  0  0  0  0  0  0  0  0  0  0  0]
 [13  3 21 16 14  0  0  0  0  0  0  0  0  0  0  0  0  0]
 [15  6  3  1  0  0  0  0  0  0  0  0  0  0  0  0  0  0]
 [15 19 27  7  1  0  0  0  0  0  0  0  0  0  0  0  0  0]
 [23  7 16  0  0  0  0  0  0  0  0  0  0  0  0  0  0  0]
 [10  7 25  0  0  0  0  0  0  0  0  0  0  0  0  0  0  0]
 [13  0  0  0  0  0  0  0  0  0  0  0  0  0  0  0  0  0]
 [ 2  4 12 11  0  0  0  0  0  0  0  0  0  0  0  0  0  0]]
valid: gen=0.59
reward: norm=0.9392653862185241
[ 200 iterations]
real= [[12 23 17 19  1  8 11  0  0  0  0  0  0  0  0  0  0  0]
 [14 12  0  0  0  0  0  0  0  0  0  0  0  0  0  0  0  0]
 [ 6 10 13  0  0  0  0  0  0  0  0  0  0  0  0  0  0  0]
 [27 25 13 10 18  7  0  0  0  0  0  0  0  0  0  0  0  0]
 [20  5 17 14 18 12  3  0  0  0  0  0  0  0  0  0  0  0]
 [27 11 23  1  0  0  0  0  0  0  0  0  0  0  0  0  0  0]
 [ 3 11 23  0  0  0  0  0  0  0  0  0  0  0  0  0  0  0]
 [19 10 26 24  0  0  0  0  0  0  0  0  0  0  0  0  0  0]
 [ 7  4  0  0  0  0  0  0  0  0  0  0  0  0  0  0  0  0]
 [15 10 16 14 27  0  0  0  0  0  0  0  0  0  0  0  0  0]]
gen= [[23 19 17 11  1  0  0  0  0  0  0  0  0  0  0  0  0  0]
 [14 12  0  0  0  0  0  0  0  0  0  0  0  0  0  0  0  0]
 [ 6 13 10  0  0  0  0  0  0  0  0  0  0  0  0  0  0  0]
 [18 13 27  7  0  0  0  0  0  0  0  0  0  0  0  0  0  0]
 [18  3  5 20 12 14  0  0  0  0  0  0  0  0  0  0  0  0]
 [23 27 11  1  0  0  0  0  0  0  0  0  0  0  0  0  0  0]
 [23  3 11  0  0  0  0  0  0  0  0  0  0  0  0  0  0  0]
 [26 19 24 10  0  0  0  0  0  0  0  0  0  0  0  0  0  0]
 [ 4  7  0  0  0  0  0  0  0  0  0  0  0  0  0  0  0  0]
 [15 27 10 14  0  0  0  0  0  0  0  0  0  0  0  0  0  0]]
valid: gen=0.566
reward: norm=0.9441713089047065
[ 210 iterations]
real= [[26  2  0  0  0  0  0  0  0  0  0  0  0  0  0  0  0  0]
 [ 3 13 16 14  8  0  0  0  0  0  0  0  0  0  0  0  0  0]
 [ 6 16  0  0  0  0  0  0  0  0  0  0  0  0  0  0  0  0]
 [21 16 17 18 15 23  1  0  0  0  0  0  0  0  0  0  0  0]
 [24 10 17 14 18  3 19  0  0  0  0  0  0  0  0  0  0  0]
 [19 16  3 24 22  7  0  0  0  0  0  0  0  0  0  0  0  0]
 [25  0  0  0  0  0  0  0  0  0  0  0  0  0  0  0  0  0]
 [ 1 23 17 16 12  0  0  0  0  0  0  0  0  0  0  0  0  0]
 [19  0  0  0  0  0  0  0  0  0  0  0  0  0  0  0  0  0]
 [18  0  0  0  0  0  0  0  0  0  0  0  0  0  0  0  0  0]]
gen= [[ 2 26  0  0  0  0  0  0  0  0  0  0  0  0  0  0  0  0]
 [13  3 14  8  0  0  0  0  0  0  0  0  0  0  0  0  0  0]
 [ 6 16  0  0  0  0  0  0  0  0  0  0  0  0  0  0  0  0]
 [15 23 18  1  0  0  0  0  0  0  0  0  0  0  0  0  0  0]
 [18 19  3 14  0  0  0  0  0  0  0  0  0  0  0  0  0  0]
 [19  3 22  7  0  0  0  0  0  0  0  0  0  0  0  0  0  0]
 [25  0  0  0  0  0  0  0  0  0  0  0  0  0  0  0  0  0]
 [23  1 12  0  0  0  0  0  0  0  0  0  0  0  0  0  0  0]
 [19  0  0  0  0  0  0  0  0  0  0  0  0  0  0  0  0  0]
 [18  0  0  0  0  0  0  0  0  0  0  0  0  0  0  0  0  0]]
valid: gen=0.505
reward: norm=0.9528840397390048
[ 220 iterations]
real= [[14 10  0  0  0  0  0  0  0  0  0  0  0  0  0  0  0  0]
 [26  9 22  0  0  0  0  0  0  0  0  0  0  0  0  0  0  0]
 [17  0  0  0  0  0  0  0  0  0  0  0  0  0  0  0  0  0]
 [ 6  9 22  0  0  0  0  0  0  0  0  0  0  0  0  0  0  0]
 [17  0  0  0  0  0  0  0  0  0  0  0  0  0  0  0  0  0]
 [26 21  9  0  0  0  0  0  0  0  0  0  0  0  0  0  0  0]
 [ 3 13  0  0  0  0  0  0  0  0  0  0  0  0  0  0  0  0]
 [27 23 22 18 21  1 20  0  0  0  0  0  0  0  0  0  0  0]
 [ 7 16 26  5  0  0  0  0  0  0  0  0  0  0  0  0  0  0]
 [ 3 12 17  0  0  0  0  0  0  0  0  0  0  0  0  0  0  0]]
gen= [[14 10  0  0  0  0  0  0  0  0  0  0  0  0  0  0  0  0]
 [26  9 22  0  0  0  0  0  0  0  0  0  0  0  0  0  0  0]
 [17  0  0  0  0  0  0  0  0  0  0  0  0  0  0  0  0  0]
 [ 6  9 22  0  0  0  0  0  0  0  0  0  0  0  0  0  0  0]
 [17  0  0  0  0  0  0  0  0  0  0  0  0  0  0  0  0  0]
 [26  9 21  0  0  0  0  0  0  0  0  0  0  0  0  0  0  0]
 [13  3  0  0  0  0  0  0  0  0  0  0  0  0  0  0  0  0]
 [23 18 27  1  0  0  0  0  0  0  0  0  0  0  0  0  0  0]
 [26  5 16  0  0  0  0  0  0  0  0  0  0  0  0  0  0  0]
 [ 3 12 17  0  0  0  0  0  0  0  0  0  0  0  0  0  0  0]]
valid: gen=0.539
reward: norm=0.9503681415246286
[ 230 iterations]
real= [[24 13  3  0  0  0  0  0  0  0  0  0  0  0  0  0  0  0]
 [20 13  0  0  0  0  0  0  0  0  0  0  0  0  0  0  0  0]
 [ 4  0  0  0  0  0  0  0  0  0  0  0  0  0  0  0  0  0]
 [14 15 18  0  0  0  0  0  0  0  0  0  0  0  0  0  0  0]
 [25 20 17  3 15 12 27  0  0  0  0  0  0  0  0  0  0  0]
 [19  1  8 15 23  4  0  0  0  0  0  0  0  0  0  0  0  0]
 [19 13 22 20  0  0  0  0  0  0  0  0  0  0  0  0  0  0]
 [19 16  5  0  0  0  0  0  0  0  0  0  0  0  0  0  0  0]
 [20 25 28  2 17  9 23  0  0  0  0  0  0  0  0  0  0  0]
 [24  5  9  0  0  0  0  0  0  0  0  0  0  0  0  0  0  0]]
gen= [[13  3 24  0  0  0  0  0  0  0  0  0  0  0  0  0  0  0]
 [13 20  0  0  0  0  0  0  0  0  0  0  0  0  0  0  0  0]
 [ 4  0  0  0  0  0  0  0  0  0  0  0  0  0  0  0  0  0]
 [15 18 14  0  0  0  0  0  0  0  0  0  0  0  0  0  0  0]
 [15  3 20 27 12  0  0  0  0  0  0  0  0  0  0  0  0  0]
 [15 23  4 19  1  0  0  0  0  0  0  0  0  0  0  0  0  0]
 [13 19 20 22  0  0  0  0  0  0  0  0  0  0  0  0  0  0]
 [19 16  5  0  0  0  0  0  0  0  0  0  0  0  0  0  0  0]
 [ 2 23  9 20  0  0  0  0  0  0  0  0  0  0  0  0  0  0]
 [ 9 24  5  0  0  0  0  0  0  0  0  0  0  0  0  0  0  0]]
valid: gen=0.549
reward: norm=0.9424727003249244
[ 240 iterations]
real= [[26 10 17 14 23 27  0  0  0  0  0  0  0  0  0  0  0  0]
 [24 17  2 20  0  0  0  0  0  0  0  0  0  0  0  0  0  0]
 [18 27 17  0  0  0  0  0  0  0  0  0  0  0  0  0  0  0]
 [21 16 13 14 24  3  0  0  0  0  0  0  0  0  0  0  0  0]
 [ 3  1  6 15  0  0  0  0  0  0  0  0  0  0  0  0  0  0]
 [27 15 19 14  7  1  0  0  0  0  0  0  0  0  0  0  0  0]
 [ 7 16 23  0  0  0  0  0  0  0  0  0  0  0  0  0  0  0]
 [25 17 10 24  7  0  0  0  0  0  0  0  0  0  0  0  0  0]
 [13  0  0  0  0  0  0  0  0  0  0  0  0  0  0  0  0  0]
 [11  4 12  2  0  0  0  0  0  0  0  0  0  0  0  0  0  0]]
gen= [[23 26 17 27  0  0  0  0  0  0  0  0  0  0  0  0  0  0]
 [ 2 17 20  0  0  0  0  0  0  0  0  0  0  0  0  0  0  0]
 [18 17 27  0  0  0  0  0  0  0  0  0  0  0  0  0  0  0]
 [13  3 16 21 14  0  0  0  0  0  0  0  0  0  0  0  0  0]
 [15  6  3  1  0  0  0  0  0  0  0  0  0  0  0  0  0  0]
 [15 19 27 14  0  0  0  0  0  0  0  0  0  0  0  0  0  0]
 [23 16  7  0  0  0  0  0  0  0  0  0  0  0  0  0  0  0]
 [ 7 24 17 10  0  0  0  0  0  0  0  0  0  0  0  0  0  0]
 [13  0  0  0  0  0  0  0  0  0  0  0  0  0  0  0  0  0]
 [ 2  4 11 12  0  0  0  0  0  0  0  0  0  0  0  0  0  0]]
valid: gen=0.601
reward: norm=0.9429765636376297
[ 250 iterations]
real= [[12 23 17 19  1  8 11  0  0  0  0  0  0  0  0  0  0  0]
 [14 12  0  0  0  0  0  0  0  0  0  0  0  0  0  0  0  0]
 [ 6 10 13  0  0  0  0  0  0  0  0  0  0  0  0  0  0  0]
 [27 25 13 10 18  7  0  0  0  0  0  0  0  0  0  0  0  0]
 [20  5 17 14 18 12  3  0  0  0  0  0  0  0  0  0  0  0]
 [27 11 23  1  0  0  0  0  0  0  0  0  0  0  0  0  0  0]
 [ 3 11 23  0  0  0  0  0  0  0  0  0  0  0  0  0  0  0]
 [19 10 26 24  0  0  0  0  0  0  0  0  0  0  0  0  0  0]
 [ 7  4  0  0  0  0  0  0  0  0  0  0  0  0  0  0  0  0]
 [15 10 16 14 27  0  0  0  0  0  0  0  0  0  0  0  0  0]]
gen= [[23 19 12 17  1 11  0  0  0  0  0  0  0  0  0  0  0  0]
 [12 14  0  0  0  0  0  0  0  0  0  0  0  0  0  0  0  0]
 [ 6 13 10  0  0  0  0  0  0  0  0  0  0  0  0  0  0  0]
 [18 13 25  7  0  0  0  0  0  0  0  0  0  0  0  0  0  0]
 [18  3 12 17  5 20  0  0  0  0  0  0  0  0  0  0  0  0]
 [23 11  1 27  0  0  0  0  0  0  0  0  0  0  0  0  0  0]
 [23  3 11  0  0  0  0  0  0  0  0  0  0  0  0  0  0  0]
 [26 19 24 10  0  0  0  0  0  0  0  0  0  0  0  0  0  0]
 [ 4  7  0  0  0  0  0  0  0  0  0  0  0  0  0  0  0  0]
 [15 14 10 27  0  0  0  0  0  0  0  0  0  0  0  0  0  0]]
valid: gen=0.581
reward: norm=0.9457380611394517
[ 260 iterations]
real= [[26  2  0  0  0  0  0  0  0  0  0  0  0  0  0  0  0  0]
 [ 3 13 16 14  8  0  0  0  0  0  0  0  0  0  0  0  0  0]
 [ 6 16  0  0  0  0  0  0  0  0  0  0  0  0  0  0  0  0]
 [21 16 17 18 15 23  1  0  0  0  0  0  0  0  0  0  0  0]
 [24 10 17 14 18  3 19  0  0  0  0  0  0  0  0  0  0  0]
 [19 16  3 24 22  7  0  0  0  0  0  0  0  0  0  0  0  0]
 [25  0  0  0  0  0  0  0  0  0  0  0  0  0  0  0  0  0]
 [ 1 23 17 16 12  0  0  0  0  0  0  0  0  0  0  0  0  0]
 [19  0  0  0  0  0  0  0  0  0  0  0  0  0  0  0  0  0]
 [18  0  0  0  0  0  0  0  0  0  0  0  0  0  0  0  0  0]]
gen= [[ 2 26  0  0  0  0  0  0  0  0  0  0  0  0  0  0  0  0]
 [13  3  8  0  0  0  0  0  0  0  0  0  0  0  0  0  0  0]
 [ 6 16  0  0  0  0  0  0  0  0  0  0  0  0  0  0  0  0]
 [15 23 18  1  0  0  0  0  0  0  0  0  0  0  0  0  0  0]
 [18 19  3 14  0  0  0  0  0  0  0  0  0  0  0  0  0  0]
 [19  3  7 24  0  0  0  0  0  0  0  0  0  0  0  0  0  0]
 [25  0  0  0  0  0  0  0  0  0  0  0  0  0  0  0  0  0]
 [23  1 16  0  0  0  0  0  0  0  0  0  0  0  0  0  0  0]
 [19  0  0  0  0  0  0  0  0  0  0  0  0  0  0  0  0  0]
 [18  0  0  0  0  0  0  0  0  0  0  0  0  0  0  0  0  0]]
valid: gen=0.506
reward: norm=0.9490256659297759
[ 270 iterations]
real= [[14 10  0  0  0  0  0  0  0  0  0  0  0  0  0  0  0  0]
 [26  9 22  0  0  0  0  0  0  0  0  0  0  0  0  0  0  0]
 [17  0  0  0  0  0  0  0  0  0  0  0  0  0  0  0  0  0]
 [ 6  9 22  0  0  0  0  0  0  0  0  0  0  0  0  0  0  0]
 [17  0  0  0  0  0  0  0  0  0  0  0  0  0  0  0  0  0]
 [26 21  9  0  0  0  0  0  0  0  0  0  0  0  0  0  0  0]
 [ 3 13  0  0  0  0  0  0  0  0  0  0  0  0  0  0  0  0]
 [27 23 22 18 21  1 20  0  0  0  0  0  0  0  0  0  0  0]
 [ 7 16 26  5  0  0  0  0  0  0  0  0  0  0  0  0  0  0]
 [ 3 12 17  0  0  0  0  0  0  0  0  0  0  0  0  0  0  0]]
gen= [[10 14  0  0  0  0  0  0  0  0  0  0  0  0  0  0  0  0]
 [26  9 22  0  0  0  0  0  0  0  0  0  0  0  0  0  0  0]
 [17  0  0  0  0  0  0  0  0  0  0  0  0  0  0  0  0  0]
 [ 6  9 22  0  0  0  0  0  0  0  0  0  0  0  0  0  0  0]
 [17  0  0  0  0  0  0  0  0  0  0  0  0  0  0  0  0  0]
 [26  9 21  0  0  0  0  0  0  0  0  0  0  0  0  0  0  0]
 [13  3  0  0  0  0  0  0  0  0  0  0  0  0  0  0  0  0]
 [23 18  1 27  0  0  0  0  0  0  0  0  0  0  0  0  0  0]
 [26  5 16  0  0  0  0  0  0  0  0  0  0  0  0  0  0  0]
 [ 3 12 17  0  0  0  0  0  0  0  0  0  0  0  0  0  0  0]]
valid: gen=0.54
reward: norm=0.948372850226958
[ 280 iterations]
real= [[24 13  3  0  0  0  0  0  0  0  0  0  0  0  0  0  0  0]
 [20 13  0  0  0  0  0  0  0  0  0  0  0  0  0  0  0  0]
 [ 4  0  0  0  0  0  0  0  0  0  0  0  0  0  0  0  0  0]
 [14 15 18  0  0  0  0  0  0  0  0  0  0  0  0  0  0  0]
 [25 20 17  3 15 12 27  0  0  0  0  0  0  0  0  0  0  0]
 [19  1  8 15 23  4  0  0  0  0  0  0  0  0  0  0  0  0]
 [19 13 22 20  0  0  0  0  0  0  0  0  0  0  0  0  0  0]
 [19 16  5  0  0  0  0  0  0  0  0  0  0  0  0  0  0  0]
 [20 25 28  2 17  9 23  0  0  0  0  0  0  0  0  0  0  0]
 [24  5  9  0  0  0  0  0  0  0  0  0  0  0  0  0  0  0]]
gen= [[13  3 24  0  0  0  0  0  0  0  0  0  0  0  0  0  0  0]
 [13 20  0  0  0  0  0  0  0  0  0  0  0  0  0  0  0  0]
 [ 4  0  0  0  0  0  0  0  0  0  0  0  0  0  0  0  0  0]
 [15 18 14  0  0  0  0  0  0  0  0  0  0  0  0  0  0  0]
 [15  3 27 20 12  0  0  0  0  0  0  0  0  0  0  0  0  0]
 [15 23  4 19  1  0  0  0  0  0  0  0  0  0  0  0  0  0]
 [13 19 20 22  0  0  0  0  0  0  0  0  0  0  0  0  0  0]
 [19 16  5  0  0  0  0  0  0  0  0  0  0  0  0  0  0  0]
 [ 2 23  9 20  0  0  0  0  0  0  0  0  0  0  0  0  0  0]
 [ 9 24  5  0  0  0  0  0  0  0  0  0  0  0  0  0  0  0]]
valid: gen=0.563
reward: norm=0.9353306727654201
[ 290 iterations]
real= [[26 10 17 14 23 27  0  0  0  0  0  0  0  0  0  0  0  0]
 [24 17  2 20  0  0  0  0  0  0  0  0  0  0  0  0  0  0]
 [18 27 17  0  0  0  0  0  0  0  0  0  0  0  0  0  0  0]
 [21 16 13 14 24  3  0  0  0  0  0  0  0  0  0  0  0  0]
 [ 3  1  6 15  0  0  0  0  0  0  0  0  0  0  0  0  0  0]
 [27 15 19 14  7  1  0  0  0  0  0  0  0  0  0  0  0  0]
 [ 7 16 23  0  0  0  0  0  0  0  0  0  0  0  0  0  0  0]
 [25 17 10 24  7  0  0  0  0  0  0  0  0  0  0  0  0  0]
 [13  0  0  0  0  0  0  0  0  0  0  0  0  0  0  0  0  0]
 [11  4 12  2  0  0  0  0  0  0  0  0  0  0  0  0  0  0]]
gen= [[23 26 17 14 27  0  0  0  0  0  0  0  0  0  0  0  0  0]
 [ 2 20 17  0  0  0  0  0  0  0  0  0  0  0  0  0  0  0]
 [18 17 27  0  0  0  0  0  0  0  0  0  0  0  0  0  0  0]
 [13  3 14 21 16  0  0  0  0  0  0  0  0  0  0  0  0  0]
 [15  6  3  1  0  0  0  0  0  0  0  0  0  0  0  0  0  0]
 [15 19  1 14 27  7  0  0  0  0  0  0  0  0  0  0  0  0]
 [23  7 16  0  0  0  0  0  0  0  0  0  0  0  0  0  0  0]
 [25 17  7  0  0  0  0  0  0  0  0  0  0  0  0  0  0  0]
 [13  0  0  0  0  0  0  0  0  0  0  0  0  0  0  0  0  0]
 [ 2  4 11 12  0  0  0  0  0  0  0  0  0  0  0  0  0  0]]
valid: gen=0.604
reward: norm=0.9401639605521237
[ 300 iterations]
real= [[12 23 17 19  1  8 11  0  0  0  0  0  0  0  0  0  0  0]
 [14 12  0  0  0  0  0  0  0  0  0  0  0  0  0  0  0  0]
 [ 6 10 13  0  0  0  0  0  0  0  0  0  0  0  0  0  0  0]
 [27 25 13 10 18  7  0  0  0  0  0  0  0  0  0  0  0  0]
 [20  5 17 14 18 12  3  0  0  0  0  0  0  0  0  0  0  0]
 [27 11 23  1  0  0  0  0  0  0  0  0  0  0  0  0  0  0]
 [ 3 11 23  0  0  0  0  0  0  0  0  0  0  0  0  0  0  0]
 [19 10 26 24  0  0  0  0  0  0  0  0  0  0  0  0  0  0]
 [ 7  4  0  0  0  0  0  0  0  0  0  0  0  0  0  0  0  0]
 [15 10 16 14 27  0  0  0  0  0  0  0  0  0  0  0  0  0]]
gen= [[23 19 17  1 12  0  0  0  0  0  0  0  0  0  0  0  0  0]
 [12 14  0  0  0  0  0  0  0  0  0  0  0  0  0  0  0  0]
 [ 6 13 10  0  0  0  0  0  0  0  0  0  0  0  0  0  0  0]
 [18 13 25 27  7  0  0  0  0  0  0  0  0  0  0  0  0  0]
 [18  3 17 14 12  5 20  0  0  0  0  0  0  0  0  0  0  0]
 [23  1 27 11  0  0  0  0  0  0  0  0  0  0  0  0  0  0]
 [23  3 11  0  0  0  0  0  0  0  0  0  0  0  0  0  0  0]
 [26 19 10 24  0  0  0  0  0  0  0  0  0  0  0  0  0  0]
 [ 4  7  0  0  0  0  0  0  0  0  0  0  0  0  0  0  0  0]
 [15 16 10 14 27  0  0  0  0  0  0  0  0  0  0  0  0  0]]
valid: gen=0.602
reward: norm=0.9466055952452108
[ 310 iterations]
real= [[26  2  0  0  0  0  0  0  0  0  0  0  0  0  0  0  0  0]
 [ 3 13 16 14  8  0  0  0  0  0  0  0  0  0  0  0  0  0]
 [ 6 16  0  0  0  0  0  0  0  0  0  0  0  0  0  0  0  0]
 [21 16 17 18 15 23  1  0  0  0  0  0  0  0  0  0  0  0]
 [24 10 17 14 18  3 19  0  0  0  0  0  0  0  0  0  0  0]
 [19 16  3 24 22  7  0  0  0  0  0  0  0  0  0  0  0  0]
 [25  0  0  0  0  0  0  0  0  0  0  0  0  0  0  0  0  0]
 [ 1 23 17 16 12  0  0  0  0  0  0  0  0  0  0  0  0  0]
 [19  0  0  0  0  0  0  0  0  0  0  0  0  0  0  0  0  0]
 [18  0  0  0  0  0  0  0  0  0  0  0  0  0  0  0  0  0]]
gen= [[ 2 26  0  0  0  0  0  0  0  0  0  0  0  0  0  0  0  0]
 [13  3 14  8  0  0  0  0  0  0  0  0  0  0  0  0  0  0]
 [ 6 16  0  0  0  0  0  0  0  0  0  0  0  0  0  0  0  0]
 [15 23 18  1  0  0  0  0  0  0  0  0  0  0  0  0  0  0]
 [18 19  3 14  0  0  0  0  0  0  0  0  0  0  0  0  0  0]
 [19  3  7 24  0  0  0  0  0  0  0  0  0  0  0  0  0  0]
 [25  0  0  0  0  0  0  0  0  0  0  0  0  0  0  0  0  0]
 [23 16 12  1  0  0  0  0  0  0  0  0  0  0  0  0  0  0]
 [19  0  0  0  0  0  0  0  0  0  0  0  0  0  0  0  0  0]
 [18  0  0  0  0  0  0  0  0  0  0  0  0  0  0  0  0  0]]
valid: gen=0.504
reward: norm=0.9520519265056635
[ 320 iterations]
real= [[14 10  0  0  0  0  0  0  0  0  0  0  0  0  0  0  0  0]
 [26  9 22  0  0  0  0  0  0  0  0  0  0  0  0  0  0  0]
 [17  0  0  0  0  0  0  0  0  0  0  0  0  0  0  0  0  0]
 [ 6  9 22  0  0  0  0  0  0  0  0  0  0  0  0  0  0  0]
 [17  0  0  0  0  0  0  0  0  0  0  0  0  0  0  0  0  0]
 [26 21  9  0  0  0  0  0  0  0  0  0  0  0  0  0  0  0]
 [ 3 13  0  0  0  0  0  0  0  0  0  0  0  0  0  0  0  0]
 [27 23 22 18 21  1 20  0  0  0  0  0  0  0  0  0  0  0]
 [ 7 16 26  5  0  0  0  0  0  0  0  0  0  0  0  0  0  0]
 [ 3 12 17  0  0  0  0  0  0  0  0  0  0  0  0  0  0  0]]
gen= [[14 10  0  0  0  0  0  0  0  0  0  0  0  0  0  0  0  0]
 [26  9 22  0  0  0  0  0  0  0  0  0  0  0  0  0  0  0]
 [17  0  0  0  0  0  0  0  0  0  0  0  0  0  0  0  0  0]
 [ 6  9 22  0  0  0  0  0  0  0  0  0  0  0  0  0  0  0]
 [17  0  0  0  0  0  0  0  0  0  0  0  0  0  0  0  0  0]
 [26  9 21  0  0  0  0  0  0  0  0  0  0  0  0  0  0  0]
 [13  3  0  0  0  0  0  0  0  0  0  0  0  0  0  0  0  0]
 [23 18  1 20  0  0  0  0  0  0  0  0  0  0  0  0  0  0]
 [26  5 16  0  0  0  0  0  0  0  0  0  0  0  0  0  0  0]
 [ 3 12 17  0  0  0  0  0  0  0  0  0  0  0  0  0  0  0]]
valid: gen=0.545
reward: norm=0.9473484349125861
[ 330 iterations]
real= [[24 13  3  0  0  0  0  0  0  0  0  0  0  0  0  0  0  0]
 [20 13  0  0  0  0  0  0  0  0  0  0  0  0  0  0  0  0]
 [ 4  0  0  0  0  0  0  0  0  0  0  0  0  0  0  0  0  0]
 [14 15 18  0  0  0  0  0  0  0  0  0  0  0  0  0  0  0]
 [25 20 17  3 15 12 27  0  0  0  0  0  0  0  0  0  0  0]
 [19  1  8 15 23  4  0  0  0  0  0  0  0  0  0  0  0  0]
 [19 13 22 20  0  0  0  0  0  0  0  0  0  0  0  0  0  0]
 [19 16  5  0  0  0  0  0  0  0  0  0  0  0  0  0  0  0]
 [20 25 28  2 17  9 23  0  0  0  0  0  0  0  0  0  0  0]
 [24  5  9  0  0  0  0  0  0  0  0  0  0  0  0  0  0  0]]
gen= [[13  3 24  0  0  0  0  0  0  0  0  0  0  0  0  0  0  0]
 [13 20  0  0  0  0  0  0  0  0  0  0  0  0  0  0  0  0]
 [ 4  0  0  0  0  0  0  0  0  0  0  0  0  0  0  0  0  0]
 [15 18 14  0  0  0  0  0  0  0  0  0  0  0  0  0  0  0]
 [15  3 27 25 20  0  0  0  0  0  0  0  0  0  0  0  0  0]
 [15 23  4 19  8  0  0  0  0  0  0  0  0  0  0  0  0  0]
 [13 19 22  0  0  0  0  0  0  0  0  0  0  0  0  0  0  0]
 [19 16  5  0  0  0  0  0  0  0  0  0  0  0  0  0  0  0]
 [ 2 23  9 20  0  0  0  0  0  0  0  0  0  0  0  0  0  0]
 [ 9  5 24  0  0  0  0  0  0  0  0  0  0  0  0  0  0  0]]
valid: gen=0.561
reward: norm=0.9405207519470989
[ 340 iterations]
real= [[26 10 17 14 23 27  0  0  0  0  0  0  0  0  0  0  0  0]
 [24 17  2 20  0  0  0  0  0  0  0  0  0  0  0  0  0  0]
 [18 27 17  0  0  0  0  0  0  0  0  0  0  0  0  0  0  0]
 [21 16 13 14 24  3  0  0  0  0  0  0  0  0  0  0  0  0]
 [ 3  1  6 15  0  0  0  0  0  0  0  0  0  0  0  0  0  0]
 [27 15 19 14  7  1  0  0  0  0  0  0  0  0  0  0  0  0]
 [ 7 16 23  0  0  0  0  0  0  0  0  0  0  0  0  0  0  0]
 [25 17 10 24  7  0  0  0  0  0  0  0  0  0  0  0  0  0]
 [13  0  0  0  0  0  0  0  0  0  0  0  0  0  0  0  0  0]
 [11  4 12  2  0  0  0  0  0  0  0  0  0  0  0  0  0  0]]
gen= [[23 26 10 17 14 27  0  0  0  0  0  0  0  0  0  0  0  0]
 [ 2 20 17  0  0  0  0  0  0  0  0  0  0  0  0  0  0  0]
 [18 17 27  0  0  0  0  0  0  0  0  0  0  0  0  0  0  0]
 [13  3 14 21 24  0  0  0  0  0  0  0  0  0  0  0  0  0]
 [15  6  3  1  0  0  0  0  0  0  0  0  0  0  0  0  0  0]
 [15 19  7 27  1  0  0  0  0  0  0  0  0  0  0  0  0  0]
 [23  7 16  0  0  0  0  0  0  0  0  0  0  0  0  0  0  0]
 [25  7 10  0  0  0  0  0  0  0  0  0  0  0  0  0  0  0]
 [13  0  0  0  0  0  0  0  0  0  0  0  0  0  0  0  0  0]
 [ 2  4 11 12  0  0  0  0  0  0  0  0  0  0  0  0  0  0]]
valid: gen=0.595
reward: norm=0.9427639765141737
[ 350 iterations]
real= [[12 23 17 19  1  8 11  0  0  0  0  0  0  0  0  0  0  0]
 [14 12  0  0  0  0  0  0  0  0  0  0  0  0  0  0  0  0]
 [ 6 10 13  0  0  0  0  0  0  0  0  0  0  0  0  0  0  0]
 [27 25 13 10 18  7  0  0  0  0  0  0  0  0  0  0  0  0]
 [20  5 17 14 18 12  3  0  0  0  0  0  0  0  0  0  0  0]
 [27 11 23  1  0  0  0  0  0  0  0  0  0  0  0  0  0  0]
 [ 3 11 23  0  0  0  0  0  0  0  0  0  0  0  0  0  0  0]
 [19 10 26 24  0  0  0  0  0  0  0  0  0  0  0  0  0  0]
 [ 7  4  0  0  0  0  0  0  0  0  0  0  0  0  0  0  0  0]
 [15 10 16 14 27  0  0  0  0  0  0  0  0  0  0  0  0  0]]
gen= [[23 19 11  8 12  1  0  0  0  0  0  0  0  0  0  0  0  0]
 [14 12  0  0  0  0  0  0  0  0  0  0  0  0  0  0  0  0]
 [ 6 13 10  0  0  0  0  0  0  0  0  0  0  0  0  0  0  0]
 [18 13 27  7  0  0  0  0  0  0  0  0  0  0  0  0  0  0]
 [18  3 20 17 12  0  0  0  0  0  0  0  0  0  0  0  0  0]
 [23 27 11  1  0  0  0  0  0  0  0  0  0  0  0  0  0  0]
 [23  3 11  0  0  0  0  0  0  0  0  0  0  0  0  0  0  0]
 [26 19 10 24  0  0  0  0  0  0  0  0  0  0  0  0  0  0]
 [ 4  7  0  0  0  0  0  0  0  0  0  0  0  0  0  0  0  0]
 [15 16 27  0  0  0  0  0  0  0  0  0  0  0  0  0  0  0]]
valid: gen=0.565
reward: norm=0.9446983053921368
[ 360 iterations]
real= [[26  2  0  0  0  0  0  0  0  0  0  0  0  0  0  0  0  0]
 [ 3 13 16 14  8  0  0  0  0  0  0  0  0  0  0  0  0  0]
 [ 6 16  0  0  0  0  0  0  0  0  0  0  0  0  0  0  0  0]
 [21 16 17 18 15 23  1  0  0  0  0  0  0  0  0  0  0  0]
 [24 10 17 14 18  3 19  0  0  0  0  0  0  0  0  0  0  0]
 [19 16  3 24 22  7  0  0  0  0  0  0  0  0  0  0  0  0]
 [25  0  0  0  0  0  0  0  0  0  0  0  0  0  0  0  0  0]
 [ 1 23 17 16 12  0  0  0  0  0  0  0  0  0  0  0  0  0]
 [19  0  0  0  0  0  0  0  0  0  0  0  0  0  0  0  0  0]
 [18  0  0  0  0  0  0  0  0  0  0  0  0  0  0  0  0  0]]
gen= [[ 2 26  0  0  0  0  0  0  0  0  0  0  0  0  0  0  0  0]
 [13  3 14  8  0  0  0  0  0  0  0  0  0  0  0  0  0  0]
 [ 6 16  0  0  0  0  0  0  0  0  0  0  0  0  0  0  0  0]
 [15 23 18  1  0  0  0  0  0  0  0  0  0  0  0  0  0  0]
 [18 19  3 14  0  0  0  0  0  0  0  0  0  0  0  0  0  0]
 [19  3  7 24  0  0  0  0  0  0  0  0  0  0  0  0  0  0]
 [25  0  0  0  0  0  0  0  0  0  0  0  0  0  0  0  0  0]
 [23  1 16  0  0  0  0  0  0  0  0  0  0  0  0  0  0  0]
 [19  0  0  0  0  0  0  0  0  0  0  0  0  0  0  0  0  0]
 [18  0  0  0  0  0  0  0  0  0  0  0  0  0  0  0  0  0]]
valid: gen=0.5
reward: norm=0.9486038556811891
[ 370 iterations]
real= [[14 10  0  0  0  0  0  0  0  0  0  0  0  0  0  0  0  0]
 [26  9 22  0  0  0  0  0  0  0  0  0  0  0  0  0  0  0]
 [17  0  0  0  0  0  0  0  0  0  0  0  0  0  0  0  0  0]
 [ 6  9 22  0  0  0  0  0  0  0  0  0  0  0  0  0  0  0]
 [17  0  0  0  0  0  0  0  0  0  0  0  0  0  0  0  0  0]
 [26 21  9  0  0  0  0  0  0  0  0  0  0  0  0  0  0  0]
 [ 3 13  0  0  0  0  0  0  0  0  0  0  0  0  0  0  0  0]
 [27 23 22 18 21  1 20  0  0  0  0  0  0  0  0  0  0  0]
 [ 7 16 26  5  0  0  0  0  0  0  0  0  0  0  0  0  0  0]
 [ 3 12 17  0  0  0  0  0  0  0  0  0  0  0  0  0  0  0]]
gen= [[10 14  0  0  0  0  0  0  0  0  0  0  0  0  0  0  0  0]
 [26  9 22  0  0  0  0  0  0  0  0  0  0  0  0  0  0  0]
 [17  0  0  0  0  0  0  0  0  0  0  0  0  0  0  0  0  0]
 [ 6  9 22  0  0  0  0  0  0  0  0  0  0  0  0  0  0  0]
 [17  0  0  0  0  0  0  0  0  0  0  0  0  0  0  0  0  0]
 [26  9 21  0  0  0  0  0  0  0  0  0  0  0  0  0  0  0]
 [13  3  0  0  0  0  0  0  0  0  0  0  0  0  0  0  0  0]
 [23 18 20 21  0  0  0  0  0  0  0  0  0  0  0  0  0  0]
 [26  7 16  5  0  0  0  0  0  0  0  0  0  0  0  0  0  0]
 [ 3 17 12  0  0  0  0  0  0  0  0  0  0  0  0  0  0  0]]
valid: gen=0.544
reward: norm=0.9457800097049611
[ 380 iterations]
real= [[24 13  3  0  0  0  0  0  0  0  0  0  0  0  0  0  0  0]
 [20 13  0  0  0  0  0  0  0  0  0  0  0  0  0  0  0  0]
 [ 4  0  0  0  0  0  0  0  0  0  0  0  0  0  0  0  0  0]
 [14 15 18  0  0  0  0  0  0  0  0  0  0  0  0  0  0  0]
 [25 20 17  3 15 12 27  0  0  0  0  0  0  0  0  0  0  0]
 [19  1  8 15 23  4  0  0  0  0  0  0  0  0  0  0  0  0]
 [19 13 22 20  0  0  0  0  0  0  0  0  0  0  0  0  0  0]
 [19 16  5  0  0  0  0  0  0  0  0  0  0  0  0  0  0  0]
 [20 25 28  2 17  9 23  0  0  0  0  0  0  0  0  0  0  0]
 [24  5  9  0  0  0  0  0  0  0  0  0  0  0  0  0  0  0]]
gen= [[13  3 24  0  0  0  0  0  0  0  0  0  0  0  0  0  0  0]
 [13 20  0  0  0  0  0  0  0  0  0  0  0  0  0  0  0  0]
 [ 4  0  0  0  0  0  0  0  0  0  0  0  0  0  0  0  0  0]
 [15 18 14  0  0  0  0  0  0  0  0  0  0  0  0  0  0  0]
 [15  3 25 20 27  0  0  0  0  0  0  0  0  0  0  0  0  0]
 [15 23  4 19  1  0  0  0  0  0  0  0  0  0  0  0  0  0]
 [13 19 20 22  0  0  0  0  0  0  0  0  0  0  0  0  0  0]
 [19 16  5  0  0  0  0  0  0  0  0  0  0  0  0  0  0  0]
 [ 2 23  9 20  0  0  0  0  0  0  0  0  0  0  0  0  0  0]
 [ 9  5 24  0  0  0  0  0  0  0  0  0  0  0  0  0  0  0]]
valid: gen=0.548
reward: norm=0.9410398446756378
[ 390 iterations]
real= [[26 10 17 14 23 27  0  0  0  0  0  0  0  0  0  0  0  0]
 [24 17  2 20  0  0  0  0  0  0  0  0  0  0  0  0  0  0]
 [18 27 17  0  0  0  0  0  0  0  0  0  0  0  0  0  0  0]
 [21 16 13 14 24  3  0  0  0  0  0  0  0  0  0  0  0  0]
 [ 3  1  6 15  0  0  0  0  0  0  0  0  0  0  0  0  0  0]
 [27 15 19 14  7  1  0  0  0  0  0  0  0  0  0  0  0  0]
 [ 7 16 23  0  0  0  0  0  0  0  0  0  0  0  0  0  0  0]
 [25 17 10 24  7  0  0  0  0  0  0  0  0  0  0  0  0  0]
 [13  0  0  0  0  0  0  0  0  0  0  0  0  0  0  0  0  0]
 [11  4 12  2  0  0  0  0  0  0  0  0  0  0  0  0  0  0]]
gen= [[23 26 10 14 27  0  0  0  0  0  0  0  0  0  0  0  0  0]
 [ 2 20 24  0  0  0  0  0  0  0  0  0  0  0  0  0  0  0]
 [18 27 17  0  0  0  0  0  0  0  0  0  0  0  0  0  0  0]
 [13  3 14 24  0  0  0  0  0  0  0  0  0  0  0  0  0  0]
 [15  6  3  1  0  0  0  0  0  0  0  0  0  0  0  0  0  0]
 [15 19 14  7 27  1  0  0  0  0  0  0  0  0  0  0  0  0]
 [23  7 16  0  0  0  0  0  0  0  0  0  0  0  0  0  0  0]
 [25 10  7  0  0  0  0  0  0  0  0  0  0  0  0  0  0  0]
 [13  0  0  0  0  0  0  0  0  0  0  0  0  0  0  0  0  0]
 [ 2  4 11 12  0  0  0  0  0  0  0  0  0  0  0  0  0  0]]
valid: gen=0.603
reward: norm=0.940572882695548
[ 400 iterations]
real= [[12 23 17 19  1  8 11  0  0  0  0  0  0  0  0  0  0  0]
 [14 12  0  0  0  0  0  0  0  0  0  0  0  0  0  0  0  0]
 [ 6 10 13  0  0  0  0  0  0  0  0  0  0  0  0  0  0  0]
 [27 25 13 10 18  7  0  0  0  0  0  0  0  0  0  0  0  0]
 [20  5 17 14 18 12  3  0  0  0  0  0  0  0  0  0  0  0]
 [27 11 23  1  0  0  0  0  0  0  0  0  0  0  0  0  0  0]
 [ 3 11 23  0  0  0  0  0  0  0  0  0  0  0  0  0  0  0]
 [19 10 26 24  0  0  0  0  0  0  0  0  0  0  0  0  0  0]
 [ 7  4  0  0  0  0  0  0  0  0  0  0  0  0  0  0  0  0]
 [15 10 16 14 27  0  0  0  0  0  0  0  0  0  0  0  0  0]]
gen= [[23 19 11  8  1 12  0  0  0  0  0  0  0  0  0  0  0  0]
 [14 12  0  0  0  0  0  0  0  0  0  0  0  0  0  0  0  0]
 [ 6 13 10  0  0  0  0  0  0  0  0  0  0  0  0  0  0  0]
 [18 13 10  7 27  0  0  0  0  0  0  0  0  0  0  0  0  0]
 [18  3 14  5 20 12  0  0  0  0  0  0  0  0  0  0  0  0]
 [23 11  1 27  0  0  0  0  0  0  0  0  0  0  0  0  0  0]
 [23  3 11  0  0  0  0  0  0  0  0  0  0  0  0  0  0  0]
 [26 19 10 24  0  0  0  0  0  0  0  0  0  0  0  0  0  0]
 [ 4  7  0  0  0  0  0  0  0  0  0  0  0  0  0  0  0  0]
 [15 14 10 16 27  0  0  0  0  0  0  0  0  0  0  0  0  0]]
valid: gen=0.578
reward: norm=0.943709772676826
[ 410 iterations]
real= [[26  2  0  0  0  0  0  0  0  0  0  0  0  0  0  0  0  0]
 [ 3 13 16 14  8  0  0  0  0  0  0  0  0  0  0  0  0  0]
 [ 6 16  0  0  0  0  0  0  0  0  0  0  0  0  0  0  0  0]
 [21 16 17 18 15 23  1  0  0  0  0  0  0  0  0  0  0  0]
 [24 10 17 14 18  3 19  0  0  0  0  0  0  0  0  0  0  0]
 [19 16  3 24 22  7  0  0  0  0  0  0  0  0  0  0  0  0]
 [25  0  0  0  0  0  0  0  0  0  0  0  0  0  0  0  0  0]
 [ 1 23 17 16 12  0  0  0  0  0  0  0  0  0  0  0  0  0]
 [19  0  0  0  0  0  0  0  0  0  0  0  0  0  0  0  0  0]
 [18  0  0  0  0  0  0  0  0  0  0  0  0  0  0  0  0  0]]
gen= [[ 2 26  0  0  0  0  0  0  0  0  0  0  0  0  0  0  0  0]
 [13  3  8  0  0  0  0  0  0  0  0  0  0  0  0  0  0  0]
 [ 6 16  0  0  0  0  0  0  0  0  0  0  0  0  0  0  0  0]
 [15 23 18  1  0  0  0  0  0  0  0  0  0  0  0  0  0  0]
 [18  3 19 14  0  0  0  0  0  0  0  0  0  0  0  0  0  0]
 [19  3 22  7  0  0  0  0  0  0  0  0  0  0  0  0  0  0]
 [25  0  0  0  0  0  0  0  0  0  0  0  0  0  0  0  0  0]
 [23 16 17  0  0  0  0  0  0  0  0  0  0  0  0  0  0  0]
 [19  0  0  0  0  0  0  0  0  0  0  0  0  0  0  0  0  0]
 [18  0  0  0  0  0  0  0  0  0  0  0  0  0  0  0  0  0]]
valid: gen=0.517
reward: norm=0.9549200798410171
[ 420 iterations]
real= [[14 10  0  0  0  0  0  0  0  0  0  0  0  0  0  0  0  0]
 [26  9 22  0  0  0  0  0  0  0  0  0  0  0  0  0  0  0]
 [17  0  0  0  0  0  0  0  0  0  0  0  0  0  0  0  0  0]
 [ 6  9 22  0  0  0  0  0  0  0  0  0  0  0  0  0  0  0]
 [17  0  0  0  0  0  0  0  0  0  0  0  0  0  0  0  0  0]
 [26 21  9  0  0  0  0  0  0  0  0  0  0  0  0  0  0  0]
 [ 3 13  0  0  0  0  0  0  0  0  0  0  0  0  0  0  0  0]
 [27 23 22 18 21  1 20  0  0  0  0  0  0  0  0  0  0  0]
 [ 7 16 26  5  0  0  0  0  0  0  0  0  0  0  0  0  0  0]
 [ 3 12 17  0  0  0  0  0  0  0  0  0  0  0  0  0  0  0]]
gen= [[14 10  0  0  0  0  0  0  0  0  0  0  0  0  0  0  0  0]
 [26  9 22  0  0  0  0  0  0  0  0  0  0  0  0  0  0  0]
 [17  0  0  0  0  0  0  0  0  0  0  0  0  0  0  0  0  0]
 [ 6  9 22  0  0  0  0  0  0  0  0  0  0  0  0  0  0  0]
 [17  0  0  0  0  0  0  0  0  0  0  0  0  0  0  0  0  0]
 [26  9 21  0  0  0  0  0  0  0  0  0  0  0  0  0  0  0]
 [13  3  0  0  0  0  0  0  0  0  0  0  0  0  0  0  0  0]
 [23 18 22 27  0  0  0  0  0  0  0  0  0  0  0  0  0  0]
 [26  5  7  0  0  0  0  0  0  0  0  0  0  0  0  0  0  0]
 [ 3 17 12  0  0  0  0  0  0  0  0  0  0  0  0  0  0  0]]
valid: gen=0.543
reward: norm=0.9495743394435936
[ 430 iterations]
real= [[24 13  3  0  0  0  0  0  0  0  0  0  0  0  0  0  0  0]
 [20 13  0  0  0  0  0  0  0  0  0  0  0  0  0  0  0  0]
 [ 4  0  0  0  0  0  0  0  0  0  0  0  0  0  0  0  0  0]
 [14 15 18  0  0  0  0  0  0  0  0  0  0  0  0  0  0  0]
 [25 20 17  3 15 12 27  0  0  0  0  0  0  0  0  0  0  0]
 [19  1  8 15 23  4  0  0  0  0  0  0  0  0  0  0  0  0]
 [19 13 22 20  0  0  0  0  0  0  0  0  0  0  0  0  0  0]
 [19 16  5  0  0  0  0  0  0  0  0  0  0  0  0  0  0  0]
 [20 25 28  2 17  9 23  0  0  0  0  0  0  0  0  0  0  0]
 [24  5  9  0  0  0  0  0  0  0  0  0  0  0  0  0  0  0]]
gen= [[13  3 24  0  0  0  0  0  0  0  0  0  0  0  0  0  0  0]
 [13 20  0  0  0  0  0  0  0  0  0  0  0  0  0  0  0  0]
 [ 4  0  0  0  0  0  0  0  0  0  0  0  0  0  0  0  0  0]
 [15 18 14  0  0  0  0  0  0  0  0  0  0  0  0  0  0  0]
 [15  3 20 12 25  0  0  0  0  0  0  0  0  0  0  0  0  0]
 [15 23  4 19  1  0  0  0  0  0  0  0  0  0  0  0  0  0]
 [13 19 22  0  0  0  0  0  0  0  0  0  0  0  0  0  0  0]
 [19 16  5  0  0  0  0  0  0  0  0  0  0  0  0  0  0  0]
 [23  2  9 20 28  0  0  0  0  0  0  0  0  0  0  0  0  0]
 [ 9  5 24  0  0  0  0  0  0  0  0  0  0  0  0  0  0  0]]
valid: gen=0.57
reward: norm=0.9410038011908252
[ 440 iterations]
real= [[26 10 17 14 23 27  0  0  0  0  0  0  0  0  0  0  0  0]
 [24 17  2 20  0  0  0  0  0  0  0  0  0  0  0  0  0  0]
 [18 27 17  0  0  0  0  0  0  0  0  0  0  0  0  0  0  0]
 [21 16 13 14 24  3  0  0  0  0  0  0  0  0  0  0  0  0]
 [ 3  1  6 15  0  0  0  0  0  0  0  0  0  0  0  0  0  0]
 [27 15 19 14  7  1  0  0  0  0  0  0  0  0  0  0  0  0]
 [ 7 16 23  0  0  0  0  0  0  0  0  0  0  0  0  0  0  0]
 [25 17 10 24  7  0  0  0  0  0  0  0  0  0  0  0  0  0]
 [13  0  0  0  0  0  0  0  0  0  0  0  0  0  0  0  0  0]
 [11  4 12  2  0  0  0  0  0  0  0  0  0  0  0  0  0  0]]
gen= [[23 26 17 10 14 27  0  0  0  0  0  0  0  0  0  0  0  0]
 [ 2 20 17  0  0  0  0  0  0  0  0  0  0  0  0  0  0  0]
 [18 17 27  0  0  0  0  0  0  0  0  0  0  0  0  0  0  0]
 [13  3 21 14  0  0  0  0  0  0  0  0  0  0  0  0  0  0]
 [15  6  3  1  0  0  0  0  0  0  0  0  0  0  0  0  0  0]
 [15 19  1 27  7  0  0  0  0  0  0  0  0  0  0  0  0  0]
 [23 16  7  0  0  0  0  0  0  0  0  0  0  0  0  0  0  0]
 [ 7 17 25  0  0  0  0  0  0  0  0  0  0  0  0  0  0  0]
 [13  0  0  0  0  0  0  0  0  0  0  0  0  0  0  0  0  0]
 [ 2  4 12 11  0  0  0  0  0  0  0  0  0  0  0  0  0  0]]
valid: gen=0.601
reward: norm=0.9417112893178606
[ 450 iterations]
real= [[12 23 17 19  1  8 11  0  0  0  0  0  0  0  0  0  0  0]
 [14 12  0  0  0  0  0  0  0  0  0  0  0  0  0  0  0  0]
 [ 6 10 13  0  0  0  0  0  0  0  0  0  0  0  0  0  0  0]
 [27 25 13 10 18  7  0  0  0  0  0  0  0  0  0  0  0  0]
 [20  5 17 14 18 12  3  0  0  0  0  0  0  0  0  0  0  0]
 [27 11 23  1  0  0  0  0  0  0  0  0  0  0  0  0  0  0]
 [ 3 11 23  0  0  0  0  0  0  0  0  0  0  0  0  0  0  0]
 [19 10 26 24  0  0  0  0  0  0  0  0  0  0  0  0  0  0]
 [ 7  4  0  0  0  0  0  0  0  0  0  0  0  0  0  0  0  0]
 [15 10 16 14 27  0  0  0  0  0  0  0  0  0  0  0  0  0]]
gen= [[23 19 11  8 12  1  0  0  0  0  0  0  0  0  0  0  0  0]
 [14 12  0  0  0  0  0  0  0  0  0  0  0  0  0  0  0  0]
 [ 6 13 10  0  0  0  0  0  0  0  0  0  0  0  0  0  0  0]
 [18 13 25 27  7  0  0  0  0  0  0  0  0  0  0  0  0  0]
 [18  3 20  5 12 14  0  0  0  0  0  0  0  0  0  0  0  0]
 [23 27 11  1  0  0  0  0  0  0  0  0  0  0  0  0  0  0]
 [23  3 11  0  0  0  0  0  0  0  0  0  0  0  0  0  0  0]
 [26 19 24 10  0  0  0  0  0  0  0  0  0  0  0  0  0  0]
 [ 4  7  0  0  0  0  0  0  0  0  0  0  0  0  0  0  0  0]
 [15 10 27  0  0  0  0  0  0  0  0  0  0  0  0  0  0  0]]
valid: gen=0.57
reward: norm=0.9445744485017517
[ 460 iterations]
real= [[26  2  0  0  0  0  0  0  0  0  0  0  0  0  0  0  0  0]
 [ 3 13 16 14  8  0  0  0  0  0  0  0  0  0  0  0  0  0]
 [ 6 16  0  0  0  0  0  0  0  0  0  0  0  0  0  0  0  0]
 [21 16 17 18 15 23  1  0  0  0  0  0  0  0  0  0  0  0]
 [24 10 17 14 18  3 19  0  0  0  0  0  0  0  0  0  0  0]
 [19 16  3 24 22  7  0  0  0  0  0  0  0  0  0  0  0  0]
 [25  0  0  0  0  0  0  0  0  0  0  0  0  0  0  0  0  0]
 [ 1 23 17 16 12  0  0  0  0  0  0  0  0  0  0  0  0  0]
 [19  0  0  0  0  0  0  0  0  0  0  0  0  0  0  0  0  0]
 [18  0  0  0  0  0  0  0  0  0  0  0  0  0  0  0  0  0]]
gen= [[ 2 26  0  0  0  0  0  0  0  0  0  0  0  0  0  0  0  0]
 [13  3  8  0  0  0  0  0  0  0  0  0  0  0  0  0  0  0]
 [ 6 16  0  0  0  0  0  0  0  0  0  0  0  0  0  0  0  0]
 [15 23 18  1  0  0  0  0  0  0  0  0  0  0  0  0  0  0]
 [18  3 19 14  0  0  0  0  0  0  0  0  0  0  0  0  0  0]
 [ 3 19 16  0  0  0  0  0  0  0  0  0  0  0  0  0  0  0]
 [25  0  0  0  0  0  0  0  0  0  0  0  0  0  0  0  0  0]
 [23 16 17  0  0  0  0  0  0  0  0  0  0  0  0  0  0  0]
 [19  0  0  0  0  0  0  0  0  0  0  0  0  0  0  0  0  0]
 [18  0  0  0  0  0  0  0  0  0  0  0  0  0  0  0  0  0]]
valid: gen=0.492
reward: norm=0.9556783041799608
[ 470 iterations]
real= [[14 10  0  0  0  0  0  0  0  0  0  0  0  0  0  0  0  0]
 [26  9 22  0  0  0  0  0  0  0  0  0  0  0  0  0  0  0]
 [17  0  0  0  0  0  0  0  0  0  0  0  0  0  0  0  0  0]
 [ 6  9 22  0  0  0  0  0  0  0  0  0  0  0  0  0  0  0]
 [17  0  0  0  0  0  0  0  0  0  0  0  0  0  0  0  0  0]
 [26 21  9  0  0  0  0  0  0  0  0  0  0  0  0  0  0  0]
 [ 3 13  0  0  0  0  0  0  0  0  0  0  0  0  0  0  0  0]
 [27 23 22 18 21  1 20  0  0  0  0  0  0  0  0  0  0  0]
 [ 7 16 26  5  0  0  0  0  0  0  0  0  0  0  0  0  0  0]
 [ 3 12 17  0  0  0  0  0  0  0  0  0  0  0  0  0  0  0]]
gen= [[10 14  0  0  0  0  0  0  0  0  0  0  0  0  0  0  0  0]
 [26  9 22  0  0  0  0  0  0  0  0  0  0  0  0  0  0  0]
 [17  0  0  0  0  0  0  0  0  0  0  0  0  0  0  0  0  0]
 [ 6  9 22  0  0  0  0  0  0  0  0  0  0  0  0  0  0  0]
 [17  0  0  0  0  0  0  0  0  0  0  0  0  0  0  0  0  0]
 [26  9 21  0  0  0  0  0  0  0  0  0  0  0  0  0  0  0]
 [13  3  0  0  0  0  0  0  0  0  0  0  0  0  0  0  0  0]
 [18 23 20 27  0  0  0  0  0  0  0  0  0  0  0  0  0  0]
 [26 16  7  5  0  0  0  0  0  0  0  0  0  0  0  0  0  0]
 [ 3 12 17  0  0  0  0  0  0  0  0  0  0  0  0  0  0  0]]
valid: gen=0.531
reward: norm=0.9513010993894093
[ 480 iterations]
real= [[24 13  3  0  0  0  0  0  0  0  0  0  0  0  0  0  0  0]
 [20 13  0  0  0  0  0  0  0  0  0  0  0  0  0  0  0  0]
 [ 4  0  0  0  0  0  0  0  0  0  0  0  0  0  0  0  0  0]
 [14 15 18  0  0  0  0  0  0  0  0  0  0  0  0  0  0  0]
 [25 20 17  3 15 12 27  0  0  0  0  0  0  0  0  0  0  0]
 [19  1  8 15 23  4  0  0  0  0  0  0  0  0  0  0  0  0]
 [19 13 22 20  0  0  0  0  0  0  0  0  0  0  0  0  0  0]
 [19 16  5  0  0  0  0  0  0  0  0  0  0  0  0  0  0  0]
 [20 25 28  2 17  9 23  0  0  0  0  0  0  0  0  0  0  0]
 [24  5  9  0  0  0  0  0  0  0  0  0  0  0  0  0  0  0]]
gen= [[13  3 24  0  0  0  0  0  0  0  0  0  0  0  0  0  0  0]
 [13 20  0  0  0  0  0  0  0  0  0  0  0  0  0  0  0  0]
 [ 4  0  0  0  0  0  0  0  0  0  0  0  0  0  0  0  0  0]
 [15 18 14  0  0  0  0  0  0  0  0  0  0  0  0  0  0  0]
 [15  3 25 12 20  0  0  0  0  0  0  0  0  0  0  0  0  0]
 [15 23  4 19  8  0  0  0  0  0  0  0  0  0  0  0  0  0]
 [13 19 22  0  0  0  0  0  0  0  0  0  0  0  0  0  0  0]
 [19 16  5  0  0  0  0  0  0  0  0  0  0  0  0  0  0  0]
 [23  2  9 28 25  0  0  0  0  0  0  0  0  0  0  0  0  0]
 [ 9  5 24  0  0  0  0  0  0  0  0  0  0  0  0  0  0  0]]
valid: gen=0.559
reward: norm=0.9444242931843464
[ 490 iterations]
real= [[26 10 17 14 23 27  0  0  0  0  0  0  0  0  0  0  0  0]
 [24 17  2 20  0  0  0  0  0  0  0  0  0  0  0  0  0  0]
 [18 27 17  0  0  0  0  0  0  0  0  0  0  0  0  0  0  0]
 [21 16 13 14 24  3  0  0  0  0  0  0  0  0  0  0  0  0]
 [ 3  1  6 15  0  0  0  0  0  0  0  0  0  0  0  0  0  0]
 [27 15 19 14  7  1  0  0  0  0  0  0  0  0  0  0  0  0]
 [ 7 16 23  0  0  0  0  0  0  0  0  0  0  0  0  0  0  0]
 [25 17 10 24  7  0  0  0  0  0  0  0  0  0  0  0  0  0]
 [13  0  0  0  0  0  0  0  0  0  0  0  0  0  0  0  0  0]
 [11  4 12  2  0  0  0  0  0  0  0  0  0  0  0  0  0  0]]
gen= [[23 26 10 17 27  0  0  0  0  0  0  0  0  0  0  0  0  0]
 [ 2 24 20  0  0  0  0  0  0  0  0  0  0  0  0  0  0  0]
 [18 27 17  0  0  0  0  0  0  0  0  0  0  0  0  0  0  0]
 [13  3 16 21 14  0  0  0  0  0  0  0  0  0  0  0  0  0]
 [15  6  3  1  0  0  0  0  0  0  0  0  0  0  0  0  0  0]
 [15 19  7 27  1  0  0  0  0  0  0  0  0  0  0  0  0  0]
 [23  7 16  0  0  0  0  0  0  0  0  0  0  0  0  0  0  0]
 [ 7 10 17 25  0  0  0  0  0  0  0  0  0  0  0  0  0  0]
 [13  0  0  0  0  0  0  0  0  0  0  0  0  0  0  0  0  0]
 [ 2  4 11 12  0  0  0  0  0  0  0  0  0  0  0  0  0  0]]
valid: gen=0.608
reward: norm=0.9467830678716648
