read problem
[ 1 iterations]
real=[[1, 17, 23, 27, 20, 0], [15, 13, 27, 17, 24, 0], [21, 11, 3, 14, 28, 0], [22, 4, 28, 7, 27, 0], [21, 25, 1, 10, 4, 0], [22, 4, 23, 11, 17, 0], [22, 11, 12, 20, 24, 0], [27, 0, 0, 0, 0, 0], [6, 2, 22, 21, 24, 0], [7, 2, 3, 14, 26, 0]]
gen=[[4, 4, 9, 9, 0, 0], [4, 4, 9, 9, 0, 0], [4, 4, 9, 9, 0, 0], [4, 4, 9, 9, 0, 0], [4, 4, 9, 9, 0, 0], [2, 4, 9, 9, 0, 0], [4, 4, 9, 9, 0, 0], [2, 4, 9, 9, 0, 0], [4, 4, 9, 9, 0, 0], [4, 4, 9, 9, 0, 0]]
valid routes=0.0
norm-reward=0.7322242085689195
[ 2 iterations]
real=[[3, 18, 12, 17, 4, 0], [1, 4, 9, 20, 12, 0], [6, 18, 5, 19, 20, 0], [21, 13, 19, 11, 24, 0], [6, 4, 22, 20, 13, 0], [21, 25, 28, 10, 24, 0], [21, 18, 28, 20, 24, 0], [21, 1, 3, 10, 12, 0], [21, 28, 5, 17, 24, 0], [22, 16, 9, 25, 23, 0]]
gen=[[16, 2, 12, 12, 12, 12], [16, 2, 12, 12, 12, 12], [16, 2, 12, 12, 12, 12], [16, 2, 12, 12, 12, 12], [13, 2, 12, 12, 12, 12], [16, 2, 12, 12, 12, 12], [16, 2, 12, 12, 12, 12], [16, 2, 12, 12, 12, 12], [16, 2, 12, 12, 12, 12], [16, 2, 12, 12, 12, 12]]
valid routes=0.0
norm-reward=0.9652520284751103
[ 3 iterations]
real=[[22, 2, 3, 4, 24, 0], [22, 16, 9, 28, 3, 0], [1, 2, 22, 11, 10, 0], [22, 23, 9, 28, 12, 0], [22, 16, 5, 28, 27, 0], [19, 4, 9, 13, 0, 0], [21, 19, 12, 26, 24, 0], [8, 4, 9, 14, 27, 0], [15, 16, 3, 14, 28, 0], [8, 2, 27, 17, 24, 0]]
gen=[[22, 0, 0, 0, 0, 0], [22, 0, 0, 0, 0, 0], [22, 0, 0, 0, 0, 0], [22, 0, 0, 0, 0, 0], [22, 0, 0, 0, 0, 0], [22, 0, 0, 0, 0, 0], [22, 0, 0, 0, 0, 0], [22, 0, 0, 0, 0, 0], [22, 0, 0, 0, 0, 0], [22, 0, 0, 0, 0, 0]]
valid routes=0.0
norm-reward=0.7391537028464141
[ 4 iterations]
real=[[19, 8, 9, 28, 24, 0], [21, 23, 9, 11, 27, 0], [13, 25, 3, 26, 10, 0], [19, 4, 9, 28, 12, 0], [21, 2, 18, 14, 17, 0], [15, 25, 12, 21, 24, 0], [7, 18, 22, 14, 10, 0], [17, 4, 8, 0, 0, 0], [15, 23, 9, 10, 24, 0], [7, 17, 27, 14, 20, 0]]
gen=[[19, 0, 0, 0, 0, 0], [19, 0, 0, 0, 0, 0], [19, 0, 0, 0, 0, 0], [19, 0, 0, 0, 0, 0], [19, 0, 0, 0, 0, 0], [19, 0, 0, 0, 0, 0], [19, 0, 0, 0, 0, 0], [21, 0, 0, 0, 0, 0], [19, 0, 0, 0, 0, 0], [19, 0, 0, 0, 0, 0]]
valid routes=0.001
norm-reward=0.7920202235655411
[ 5 iterations]
real=[[15, 11, 5, 14, 9, 0], [7, 6, 26, 11, 17, 0], [11, 25, 13, 10, 20, 0], [9, 6, 12, 17, 20, 0], [3, 28, 5, 11, 27, 0], [27, 2, 3, 25, 13, 0], [6, 4, 0, 0, 0, 0], [11, 20, 1, 10, 24, 0], [6, 18, 28, 27, 8, 0], [19, 5, 0, 0, 0, 0]]
gen=[[7, 0, 0, 0, 0, 0], [7, 0, 0, 0, 0, 0], [0, 0, 0, 0, 0, 0], [7, 7, 0, 0, 0, 0], [7, 7, 0, 0, 0, 0], [0, 0, 0, 0, 0, 0], [7, 7, 0, 0, 0, 0], [0, 0, 0, 0, 0, 0], [0, 0, 0, 0, 0, 0], [7, 0, 0, 0, 0, 0]]
valid routes=0.0
norm-reward=0.7488804995558256
[ 6 iterations]
real=[[12, 11, 0, 0, 0, 0], [1, 18, 28, 2, 25, 0], [7, 25, 3, 26, 27, 0], [13, 4, 12, 10, 0, 0], [22, 0, 0, 0, 0, 0], [15, 2, 1, 17, 4, 0], [11, 18, 16, 14, 27, 0], [22, 24, 3, 26, 10, 0], [15, 18, 3, 28, 22, 0], [11, 2, 25, 14, 13, 0]]
gen=[[3, 10, 3, 3, 3, 3], [10, 10, 3, 3, 3, 3], [10, 3, 3, 3, 3, 3], [10, 3, 3, 3, 3, 3], [3, 3, 3, 3, 3, 3], [10, 3, 14, 3, 3, 3], [3, 14, 3, 3, 3, 3], [10, 3, 3, 3, 3, 3], [10, 10, 3, 3, 3, 3], [10, 10, 3, 3, 3, 3]]
valid routes=0.0
norm-reward=0.6839787859457346
[ 7 iterations]
real=[[8, 6, 9, 14, 20, 0], [19, 4, 9, 10, 3, 0], [17, 0, 0, 0, 0, 0], [22, 6, 19, 25, 20, 0], [16, 18, 23, 25, 17, 0], [9, 8, 28, 14, 17, 0], [13, 6, 27, 10, 20, 0], [15, 8, 5, 13, 12, 0], [9, 6, 23, 17, 10, 0], [25, 4, 27, 20, 24, 0]]
gen=[[16, 20, 16, 20, 20, 0], [20, 16, 16, 20, 20, 0], [20, 16, 16, 20, 20, 0], [16, 20, 16, 20, 20, 0], [16, 16, 16, 20, 20, 0], [16, 16, 16, 20, 0, 0], [16, 20, 16, 20, 20, 0], [16, 16, 16, 20, 20, 0], [16, 20, 16, 20, 20, 0], [16, 16, 16, 20, 20, 0]]
valid routes=0.0
norm-reward=0.8340325650228452
[ 8 iterations]
real=[[15, 11, 28, 14, 17, 0], [21, 14, 24, 0, 0, 0], [15, 18, 26, 14, 13, 0], [17, 25, 16, 14, 24, 0], [28, 2, 3, 17, 12, 0], [22, 11, 12, 20, 13, 0], [1, 25, 5, 21, 8, 0], [15, 16, 9, 11, 20, 0], [22, 17, 23, 20, 24, 0], [22, 2, 26, 25, 4, 0]]
gen=[[22, 0, 0, 0, 0, 0], [10, 8, 22, 0, 0, 0], [10, 8, 0, 0, 0, 0], [8, 22, 0, 0, 0, 0], [10, 8, 22, 0, 0, 0], [10, 8, 0, 0, 0, 0], [8, 0, 0, 0, 0, 0], [8, 8, 8, 0, 0, 0], [10, 8, 0, 0, 0, 0], [10, 8, 22, 0, 0, 0]]
valid routes=0.0
norm-reward=0.7776601531972235
[ 9 iterations]
real=[[15, 28, 5, 17, 9, 0], [16, 8, 3, 25, 12, 0], [15, 7, 27, 14, 8, 0], [9, 2, 5, 15, 8, 0], [25, 4, 23, 14, 24, 0], [15, 6, 18, 14, 27, 0], [21, 25, 22, 10, 24, 0], [6, 2, 28, 7, 21, 0], [12, 18, 0, 0, 0, 0], [8, 20, 0, 0, 0, 0]]
gen=[[8, 8, 0, 0, 0, 0], [8, 0, 0, 0, 0, 0], [8, 0, 0, 0, 0, 0], [8, 0, 0, 0, 0, 0], [8, 8, 0, 0, 0, 0], [8, 8, 22, 0, 0, 0], [8, 8, 22, 0, 0, 0], [22, 0, 0, 0, 0, 0], [8, 0, 0, 0, 0, 0], [10, 8, 22, 0, 0, 0]]
valid routes=0.001
norm-reward=0.7853334773749376
[ 10 iterations]
real=[[22, 2, 28, 17, 8, 0], [15, 6, 5, 22, 4, 0], [6, 4, 12, 11, 20, 0], [21, 4, 26, 11, 10, 0], [15, 22, 5, 10, 23, 0], [2, 4, 19, 25, 13, 0], [21, 2, 19, 14, 17, 0], [21, 8, 22, 0, 0, 0], [3, 18, 0, 0, 0, 0], [21, 11, 9, 17, 20, 0]]
gen=[[11, 20, 10, 0, 0, 0], [28, 0, 0, 0, 0, 0], [28, 0, 0, 0, 0, 0], [8, 0, 0, 0, 0, 0], [28, 0, 0, 0, 0, 0], [28, 20, 10, 8, 0, 0], [28, 0, 0, 0, 0, 0], [28, 11, 0, 0, 0, 0], [28, 0, 0, 0, 0, 0], [3, 28, 0, 0, 0, 0]]
valid routes=0.001
norm-reward=0.7795013428237236
[ 11 iterations]
real=[[1, 17, 23, 27, 20, 0], [15, 13, 27, 17, 24, 0], [21, 11, 3, 14, 28, 0], [22, 4, 28, 7, 27, 0], [21, 25, 1, 10, 4, 0], [22, 4, 23, 11, 17, 0], [22, 11, 12, 20, 24, 0], [27, 0, 0, 0, 0, 0], [6, 2, 22, 21, 24, 0], [7, 2, 3, 14, 26, 0]]
gen=[[3, 25, 23, 10, 8, 0], [23, 0, 0, 0, 0, 0], [3, 25, 23, 10, 8, 0], [23, 0, 0, 0, 0, 0], [23, 0, 0, 0, 0, 0], [19, 25, 10, 10, 0, 0], [3, 25, 23, 10, 8, 0], [3, 25, 10, 17, 0, 0], [23, 0, 0, 0, 0, 0], [17, 0, 0, 0, 0, 0]]
valid routes=0.001
norm-reward=0.8517019605004472
[ 12 iterations]
real=[[3, 18, 12, 17, 4, 0], [1, 4, 9, 20, 12, 0], [6, 18, 5, 19, 20, 0], [21, 13, 19, 11, 24, 0], [6, 4, 22, 20, 13, 0], [21, 25, 28, 10, 24, 0], [21, 18, 28, 20, 24, 0], [21, 1, 3, 10, 12, 0], [21, 28, 5, 17, 24, 0], [22, 16, 9, 25, 23, 0]]
gen=[[15, 8, 3, 14, 0, 0], [8, 0, 3, 14, 0, 0], [15, 8, 3, 14, 0, 0], [15, 0, 0, 0, 0, 0], [15, 8, 3, 14, 15, 0], [7, 0, 0, 0, 0, 0], [15, 8, 3, 14, 0, 0], [7, 0, 3, 0, 0, 0], [15, 8, 3, 14, 15, 0], [15, 8, 3, 14, 15, 0]]
valid routes=0.0
norm-reward=0.8818037134594672
[ 13 iterations]
real=[[22, 2, 3, 4, 24, 0], [22, 16, 9, 28, 3, 0], [1, 2, 22, 11, 10, 0], [22, 23, 9, 28, 12, 0], [22, 16, 5, 28, 27, 0], [19, 4, 9, 13, 0, 0], [21, 19, 12, 26, 24, 0], [8, 4, 9, 14, 27, 0], [15, 16, 3, 14, 28, 0], [8, 2, 27, 17, 24, 0]]
gen=[[15, 7, 0, 0, 0, 0], [15, 14, 22, 0, 0, 0], [15, 14, 22, 22, 0, 0], [15, 0, 0, 0, 0, 0], [11, 24, 0, 0, 0, 0], [8, 0, 0, 0, 0, 0], [15, 0, 0, 0, 0, 0], [22, 0, 0, 0, 0, 0], [22, 0, 0, 0, 0, 0], [3, 24, 0, 0, 0, 0]]
valid routes=0.002
norm-reward=0.7591326781650654
[ 14 iterations]
real=[[19, 8, 9, 28, 24, 0], [21, 23, 9, 11, 27, 0], [13, 25, 3, 26, 10, 0], [19, 4, 9, 28, 12, 0], [21, 2, 18, 14, 17, 0], [15, 25, 12, 21, 24, 0], [7, 18, 22, 14, 10, 0], [17, 4, 8, 0, 0, 0], [15, 23, 9, 10, 24, 0], [7, 17, 27, 14, 20, 0]]
gen=[[6, 6, 0, 0, 0, 0], [19, 23, 23, 0, 0, 0], [19, 7, 23, 11, 6, 0], [6, 6, 0, 0, 0, 0], [6, 19, 0, 0, 0, 0], [6, 19, 0, 0, 0, 0], [19, 7, 23, 11, 0, 0], [7, 7, 23, 11, 0, 0], [19, 7, 23, 11, 0, 0], [7, 7, 23, 11, 0, 0]]
valid routes=0.001
norm-reward=0.8152726951278169
[ 15 iterations]
real=[[15, 11, 5, 14, 9, 0], [7, 6, 26, 11, 17, 0], [11, 25, 13, 10, 20, 0], [9, 6, 12, 17, 20, 0], [3, 28, 5, 11, 27, 0], [27, 2, 3, 25, 13, 0], [6, 4, 0, 0, 0, 0], [11, 20, 1, 10, 24, 0], [6, 18, 28, 27, 8, 0], [19, 5, 0, 0, 0, 0]]
gen=[[7, 28, 0, 0, 0, 0], [28, 0, 0, 0, 0, 0], [19, 28, 0, 0, 0, 0], [19, 28, 0, 0, 0, 0], [11, 2, 0, 0, 0, 0], [11, 6, 0, 0, 0, 0], [11, 0, 0, 0, 0, 0], [11, 0, 0, 0, 0, 0], [19, 28, 0, 0, 0, 0], [19, 28, 28, 0, 0, 0]]
valid routes=0.0
norm-reward=0.7565218489868499
[ 16 iterations]
real=[[12, 11, 0, 0, 0, 0], [1, 18, 28, 2, 25, 0], [7, 25, 3, 26, 27, 0], [13, 4, 12, 10, 0, 0], [22, 0, 0, 0, 0, 0], [15, 2, 1, 17, 4, 0], [11, 18, 16, 14, 27, 0], [22, 24, 3, 26, 10, 0], [15, 18, 3, 28, 22, 0], [11, 2, 25, 14, 13, 0]]
gen=[[19, 4, 0, 0, 0, 0], [17, 0, 0, 0, 0, 0], [28, 11, 0, 0, 0, 0], [17, 0, 0, 0, 0, 0], [19, 0, 0, 0, 0, 0], [17, 4, 0, 0, 0, 0], [28, 0, 0, 0, 0, 0], [17, 4, 0, 0, 0, 0], [28, 11, 0, 0, 0, 0], [17, 0, 0, 0, 0, 0]]
valid routes=0.0
norm-reward=0.7989070700853085
[ 17 iterations]
real=[[8, 6, 9, 14, 20, 0], [19, 4, 9, 10, 3, 0], [17, 0, 0, 0, 0, 0], [22, 6, 19, 25, 20, 0], [16, 18, 23, 25, 17, 0], [9, 8, 28, 14, 17, 0], [13, 6, 27, 10, 20, 0], [15, 8, 5, 13, 12, 0], [9, 6, 23, 17, 10, 0], [25, 4, 27, 20, 24, 0]]
gen=[[17, 0, 0, 0, 0, 0], [23, 10, 8, 0, 0, 0], [8, 17, 17, 0, 0, 0], [8, 0, 0, 0, 0, 0], [8, 17, 17, 0, 0, 0], [23, 17, 17, 17, 0, 0], [4, 4, 0, 0, 0, 0], [14, 17, 0, 0, 0, 0], [23, 17, 17, 17, 17, 0], [23, 17, 17, 17, 0, 0]]
valid routes=0.0
norm-reward=0.7823919206829494
[ 18 iterations]
real=[[15, 11, 28, 14, 17, 0], [21, 14, 24, 0, 0, 0], [15, 18, 26, 14, 13, 0], [17, 25, 16, 14, 24, 0], [28, 2, 3, 17, 12, 0], [22, 11, 12, 20, 13, 0], [1, 25, 5, 21, 8, 0], [15, 16, 9, 11, 20, 0], [22, 17, 23, 20, 24, 0], [22, 2, 26, 25, 4, 0]]
gen=[[15, 23, 3, 11, 10, 0], [10, 0, 0, 0, 0, 0], [8, 0, 0, 0, 0, 0], [8, 0, 0, 0, 0, 0], [16, 0, 0, 0, 0, 0], [16, 11, 10, 0, 0, 0], [10, 0, 0, 0, 0, 0], [8, 0, 0, 0, 0, 0], [15, 16, 3, 14, 10, 0], [16, 0, 0, 0, 0, 0]]
valid routes=0.0
norm-reward=0.818508921264018
[ 19 iterations]
real=[[15, 28, 5, 17, 9, 0], [16, 8, 3, 25, 12, 0], [15, 7, 27, 14, 8, 0], [9, 2, 5, 15, 8, 0], [25, 4, 23, 14, 24, 0], [15, 6, 18, 14, 27, 0], [21, 25, 22, 10, 24, 0], [6, 2, 28, 7, 21, 0], [12, 18, 0, 0, 0, 0], [8, 20, 0, 0, 0, 0]]
gen=[[8, 0, 0, 0, 0, 0], [23, 0, 0, 0, 0, 0], [15, 2, 3, 0, 0, 0], [8, 0, 0, 0, 0, 0], [15, 2, 3, 0, 0, 0], [10, 2, 23, 0, 0, 0], [15, 0, 3, 0, 0, 0], [8, 0, 0, 0, 0, 0], [15, 0, 3, 0, 0, 0], [15, 2, 23, 0, 0, 0]]
valid routes=0.001
norm-reward=0.8481644158364515
[ 20 iterations]
real=[[22, 2, 28, 17, 8, 0], [15, 6, 5, 22, 4, 0], [6, 4, 12, 11, 20, 0], [21, 4, 26, 11, 10, 0], [15, 22, 5, 10, 23, 0], [2, 4, 19, 25, 13, 0], [21, 2, 19, 14, 17, 0], [21, 8, 22, 0, 0, 0], [3, 18, 0, 0, 0, 0], [21, 11, 9, 17, 20, 0]]
gen=[[2, 2, 0, 0, 0, 0], [15, 2, 0, 0, 0, 0], [8, 0, 3, 0, 0, 0], [8, 0, 0, 0, 0, 0], [2, 0, 0, 0, 0, 0], [2, 0, 0, 0, 0, 0], [22, 0, 3, 0, 10, 0], [2, 0, 0, 0, 0, 0], [23, 0, 0, 0, 0, 0], [7, 2, 3, 11, 10, 0]]
valid routes=0.001
norm-reward=0.8602092143292247
[ 21 iterations]
real=[[1, 17, 23, 27, 20, 0], [15, 13, 27, 17, 24, 0], [21, 11, 3, 14, 28, 0], [22, 4, 28, 7, 27, 0], [21, 25, 1, 10, 4, 0], [22, 4, 23, 11, 17, 0], [22, 11, 12, 20, 24, 0], [27, 0, 0, 0, 0, 0], [6, 2, 22, 21, 24, 0], [7, 2, 3, 14, 26, 0]]
gen=[[22, 25, 25, 14, 19, 0], [15, 25, 25, 19, 0, 0], [15, 25, 25, 14, 19, 0], [22, 0, 3, 0, 19, 0], [22, 25, 25, 14, 19, 0], [22, 25, 25, 14, 19, 0], [22, 4, 19, 25, 19, 0], [2, 19, 0, 0, 0, 0], [22, 0, 3, 0, 19, 0], [2, 0, 0, 0, 0, 0]]
valid routes=0.0
norm-reward=0.7262656772995842
[ 22 iterations]
real=[[3, 18, 12, 17, 4, 0], [1, 4, 9, 20, 12, 0], [6, 18, 5, 19, 20, 0], [21, 13, 19, 11, 24, 0], [6, 4, 22, 20, 13, 0], [21, 25, 28, 10, 24, 0], [21, 18, 28, 20, 24, 0], [21, 1, 3, 10, 12, 0], [21, 28, 5, 17, 24, 0], [22, 16, 9, 25, 23, 0]]
gen=[[22, 7, 28, 11, 0, 0], [15, 7, 28, 11, 3, 0], [4, 22, 0, 3, 0, 0], [22, 0, 3, 0, 0, 0], [22, 0, 0, 0, 0, 0], [15, 22, 28, 3, 0, 0], [4, 0, 0, 0, 0, 0], [22, 0, 3, 0, 0, 0], [7, 0, 0, 0, 0, 0], [15, 7, 28, 0, 0, 0]]
valid routes=0.0
norm-reward=0.7856222213228065
[ 23 iterations]
real=[[22, 2, 3, 4, 24, 0], [22, 16, 9, 28, 3, 0], [1, 2, 22, 11, 10, 0], [22, 23, 9, 28, 12, 0], [22, 16, 5, 28, 27, 0], [19, 4, 9, 13, 0, 0], [21, 19, 12, 26, 24, 0], [8, 4, 9, 14, 27, 0], [15, 16, 3, 14, 28, 0], [8, 2, 27, 17, 24, 0]]
gen=[[4, 0, 0, 0, 0, 0], [15, 4, 3, 15, 4, 0], [15, 0, 0, 0, 0, 0], [22, 0, 0, 0, 0, 0], [15, 14, 22, 15, 4, 0], [22, 0, 3, 0, 0, 0], [15, 0, 0, 0, 0, 0], [15, 4, 0, 0, 0, 0], [15, 14, 22, 15, 4, 0], [15, 4, 0, 0, 0, 0]]
valid routes=0.001
norm-reward=0.8389300592000981
[ 24 iterations]
real=[[19, 8, 9, 28, 24, 0], [21, 23, 9, 11, 27, 0], [13, 25, 3, 26, 10, 0], [19, 4, 9, 28, 12, 0], [21, 2, 18, 14, 17, 0], [15, 25, 12, 21, 24, 0], [7, 18, 22, 14, 10, 0], [17, 4, 8, 0, 0, 0], [15, 23, 9, 10, 24, 0], [7, 17, 27, 14, 20, 0]]
gen=[[3, 18, 0, 0, 0, 0], [7, 18, 24, 0, 0, 0], [15, 0, 0, 0, 0, 0], [22, 0, 0, 0, 0, 0], [15, 0, 0, 0, 0, 0], [5, 0, 0, 0, 0, 0], [15, 0, 0, 0, 0, 0], [5, 0, 0, 0, 0, 0], [15, 18, 5, 0, 0, 0], [22, 0, 0, 0, 0, 0]]
valid routes=0.0
norm-reward=0.8045445988027158
[ 25 iterations]
real=[[15, 11, 5, 14, 9, 0], [7, 6, 26, 11, 17, 0], [11, 25, 13, 10, 20, 0], [9, 6, 12, 17, 20, 0], [3, 28, 5, 11, 27, 0], [27, 2, 3, 25, 13, 0], [6, 4, 0, 0, 0, 0], [11, 20, 1, 10, 24, 0], [6, 18, 28, 27, 8, 0], [19, 5, 0, 0, 0, 0]]
gen=[[18, 0, 0, 0, 0, 0], [23, 0, 3, 0, 0, 0], [22, 16, 19, 14, 23, 0], [7, 8, 19, 14, 23, 0], [23, 0, 0, 0, 0, 0], [23, 0, 0, 0, 0, 0], [23, 0, 0, 0, 0, 0], [22, 16, 19, 14, 23, 0], [17, 0, 0, 0, 0, 0], [3, 18, 19, 14, 23, 0]]
valid routes=0.0
norm-reward=0.827795472066943
[ 26 iterations]
real=[[12, 11, 0, 0, 0, 0], [1, 18, 28, 2, 25, 0], [7, 25, 3, 26, 27, 0], [13, 4, 12, 10, 0, 0], [22, 0, 0, 0, 0, 0], [15, 2, 1, 17, 4, 0], [11, 18, 16, 14, 27, 0], [22, 24, 3, 26, 10, 0], [15, 18, 3, 28, 22, 0], [11, 2, 25, 14, 13, 0]]
gen=[[22, 0, 0, 0, 0, 0], [7, 25, 11, 0, 0, 0], [19, 8, 1, 7, 12, 0], [11, 25, 0, 0, 0, 0], [11, 2, 23, 11, 19, 0], [23, 0, 0, 0, 0, 0], [7, 8, 1, 7, 12, 0], [17, 0, 0, 0, 0, 0], [22, 11, 3, 0, 0, 0], [17, 0, 0, 0, 0, 0]]
valid routes=0.001
norm-reward=0.8249065651700819
[ 27 iterations]
real=[[8, 6, 9, 14, 20, 0], [19, 4, 9, 10, 3, 0], [17, 0, 0, 0, 0, 0], [22, 6, 19, 25, 20, 0], [16, 18, 23, 25, 17, 0], [9, 8, 28, 14, 17, 0], [13, 6, 27, 10, 20, 0], [15, 8, 5, 13, 12, 0], [9, 6, 23, 17, 10, 0], [25, 4, 27, 20, 24, 0]]
gen=[[6, 12, 0, 0, 0, 0], [11, 12, 0, 0, 0, 0], [19, 1, 7, 14, 12, 0], [7, 25, 3, 11, 12, 0], [17, 12, 0, 0, 0, 0], [11, 12, 0, 0, 0, 0], [11, 12, 0, 0, 0, 0], [17, 0, 0, 0, 0, 0], [14, 12, 0, 0, 0, 0], [22, 16, 3, 11, 12, 0]]
valid routes=0.0
norm-reward=0.777832533844011
[ 28 iterations]
real=[[15, 11, 28, 14, 17, 0], [21, 14, 24, 0, 0, 0], [15, 18, 26, 14, 13, 0], [17, 25, 16, 14, 24, 0], [28, 2, 3, 17, 12, 0], [22, 11, 12, 20, 13, 0], [1, 25, 5, 21, 8, 0], [15, 16, 9, 11, 20, 0], [22, 17, 23, 20, 24, 0], [22, 2, 26, 25, 4, 0]]
gen=[[22, 25, 3, 26, 26, 0], [26, 18, 5, 0, 0, 0], [22, 11, 26, 26, 26, 0], [22, 0, 0, 0, 0, 0], [26, 0, 0, 0, 0, 0], [17, 0, 0, 0, 0, 0], [26, 18, 5, 11, 26, 0], [19, 16, 26, 26, 26, 0], [5, 11, 0, 0, 0, 0], [22, 0, 0, 0, 0, 0]]
valid routes=0.0
norm-reward=0.8934402728811145
[ 29 iterations]
real=[[15, 28, 5, 17, 9, 0], [16, 8, 3, 25, 12, 0], [15, 7, 27, 14, 8, 0], [9, 2, 5, 15, 8, 0], [25, 4, 23, 14, 24, 0], [15, 6, 18, 14, 27, 0], [21, 25, 22, 10, 24, 0], [6, 2, 28, 7, 21, 0], [12, 18, 0, 0, 0, 0], [8, 20, 0, 0, 0, 0]]
gen=[[6, 2, 5, 17, 17, 0], [17, 0, 0, 0, 0, 0], [15, 5, 0, 0, 0, 0], [15, 4, 3, 17, 0, 0], [5, 0, 0, 0, 0, 0], [22, 0, 3, 17, 0, 0], [15, 0, 0, 0, 0, 0], [17, 0, 0, 0, 0, 0], [5, 0, 0, 0, 0, 0], [15, 4, 3, 17, 17, 0]]
valid routes=0.0
norm-reward=0.8530069455114311
[ 30 iterations]
real=[[22, 2, 28, 17, 8, 0], [15, 6, 5, 22, 4, 0], [6, 4, 12, 11, 20, 0], [21, 4, 26, 11, 10, 0], [15, 22, 5, 10, 23, 0], [2, 4, 19, 25, 13, 0], [21, 2, 19, 14, 17, 0], [21, 8, 22, 0, 0, 0], [3, 18, 0, 0, 0, 0], [21, 11, 9, 17, 20, 0]]
gen=[[24, 0, 0, 0, 0, 0], [24, 4, 3, 24, 24, 0], [5, 11, 3, 24, 24, 0], [24, 4, 3, 24, 24, 0], [24, 0, 0, 0, 0, 0], [10, 24, 0, 0, 0, 0], [24, 24, 4, 24, 24, 4], [10, 24, 0, 0, 0, 0], [24, 4, 4, 0, 0, 0], [22, 4, 24, 24, 24, 0]]
valid routes=0.002
norm-reward=0.8989883244080749
[ 31 iterations]
real=[[1, 17, 23, 27, 20, 0], [15, 13, 27, 17, 24, 0], [21, 11, 3, 14, 28, 0], [22, 4, 28, 7, 27, 0], [21, 25, 1, 10, 4, 0], [22, 4, 23, 11, 17, 0], [22, 11, 12, 20, 24, 0], [27, 0, 0, 0, 0, 0], [6, 2, 22, 21, 24, 0], [7, 2, 3, 14, 26, 0]]
gen=[[12, 0, 0, 0, 0, 0], [12, 0, 3, 0, 0, 0], [6, 2, 19, 7, 12, 0], [24, 0, 0, 0, 0, 0], [7, 8, 8, 7, 12, 0], [28, 0, 3, 0, 0, 0], [10, 0, 0, 0, 0, 0], [12, 0, 0, 0, 0, 0], [10, 25, 28, 11, 10, 0], [6, 2, 28, 11, 10, 0]]
valid routes=0.0
norm-reward=0.8871215389796772
[ 32 iterations]
real=[[3, 18, 12, 17, 4, 0], [1, 4, 9, 20, 12, 0], [6, 18, 5, 19, 20, 0], [21, 13, 19, 11, 24, 0], [6, 4, 22, 20, 13, 0], [21, 25, 28, 10, 24, 0], [21, 18, 28, 20, 24, 0], [21, 1, 3, 10, 12, 0], [21, 28, 5, 17, 24, 0], [22, 16, 9, 25, 23, 0]]
gen=[[14, 25, 0, 0, 0, 0], [14, 28, 0, 0, 0, 0], [15, 15, 28, 0, 19, 0], [15, 4, 28, 14, 19, 0], [8, 28, 0, 0, 0, 0], [16, 2, 28, 0, 19, 0], [15, 4, 28, 14, 19, 0], [15, 4, 19, 14, 19, 0], [14, 25, 0, 0, 0, 0], [14, 28, 0, 0, 0, 0]]
valid routes=0.0
norm-reward=0.8093614250005634
[ 33 iterations]
real=[[22, 2, 3, 4, 24, 0], [22, 16, 9, 28, 3, 0], [1, 2, 22, 11, 10, 0], [22, 23, 9, 28, 12, 0], [22, 16, 5, 28, 27, 0], [19, 4, 9, 13, 0, 0], [21, 19, 12, 26, 24, 0], [8, 4, 9, 14, 27, 0], [15, 16, 3, 14, 28, 0], [8, 2, 27, 17, 24, 0]]
gen=[[19, 0, 0, 0, 0, 0], [15, 0, 0, 0, 0, 0], [6, 18, 0, 0, 0, 0], [19, 0, 0, 0, 0, 0], [22, 0, 3, 0, 0, 0], [15, 18, 0, 0, 0, 0], [14, 0, 0, 0, 0, 0], [16, 18, 0, 0, 0, 0], [15, 18, 0, 0, 0, 0], [15, 25, 3, 0, 0, 0]]
valid routes=0.0
norm-reward=0.83316080565949
[ 34 iterations]
real=[[19, 8, 9, 28, 24, 0], [21, 23, 9, 11, 27, 0], [13, 25, 3, 26, 10, 0], [19, 4, 9, 28, 12, 0], [21, 2, 18, 14, 17, 0], [15, 25, 12, 21, 24, 0], [7, 18, 22, 14, 10, 0], [17, 4, 8, 0, 0, 0], [15, 23, 9, 10, 24, 0], [7, 17, 27, 14, 20, 0]]
gen=[[6, 4, 5, 11, 20, 0], [19, 0, 0, 0, 0, 0], [7, 0, 22, 0, 0, 0], [20, 22, 0, 0, 0, 0], [7, 18, 5, 11, 20, 0], [15, 8, 5, 20, 20, 0], [6, 18, 5, 20, 20, 0], [6, 18, 5, 11, 20, 0], [6, 18, 5, 11, 20, 0], [20, 0, 0, 0, 0, 0]]
valid routes=0.0
norm-reward=0.9172856150648985
[ 35 iterations]
real=[[15, 11, 5, 14, 9, 0], [7, 6, 26, 11, 17, 0], [11, 25, 13, 10, 20, 0], [9, 6, 12, 17, 20, 0], [3, 28, 5, 11, 27, 0], [27, 2, 3, 25, 13, 0], [6, 4, 0, 0, 0, 0], [11, 20, 1, 10, 24, 0], [6, 18, 28, 27, 8, 0], [19, 5, 0, 0, 0, 0]]
gen=[[7, 2, 19, 14, 19, 0], [15, 14, 23, 14, 24, 0], [19, 0, 0, 0, 0, 0], [22, 6, 3, 14, 24, 0], [19, 0, 0, 0, 0, 0], [7, 6, 3, 7, 19, 0], [19, 8, 19, 7, 19, 0], [22, 11, 3, 0, 0, 0], [26, 24, 0, 0, 0, 0], [16, 24, 0, 0, 0, 0]]
valid routes=0.0
norm-reward=0.8556268649358452
[ 36 iterations]
real=[[12, 11, 0, 0, 0, 0], [1, 18, 28, 2, 25, 0], [7, 25, 3, 26, 27, 0], [13, 4, 12, 10, 0, 0], [22, 0, 0, 0, 0, 0], [15, 2, 1, 17, 4, 0], [11, 18, 16, 14, 27, 0], [22, 24, 3, 26, 10, 0], [15, 18, 3, 28, 22, 0], [11, 2, 25, 14, 13, 0]]
gen=[[19, 5, 0, 0, 0, 0], [5, 11, 3, 22, 4, 0], [7, 2, 5, 0, 0, 0], [7, 2, 5, 0, 0, 0], [17, 24, 0, 0, 0, 0], [19, 0, 0, 0, 0, 0], [6, 2, 5, 11, 20, 0], [16, 5, 0, 0, 0, 0], [20, 0, 0, 0, 0, 0], [22, 0, 0, 0, 0, 0]]
valid routes=0.0
norm-reward=0.877847685298755
[ 37 iterations]
real=[[8, 6, 9, 14, 20, 0], [19, 4, 9, 10, 3, 0], [17, 0, 0, 0, 0, 0], [22, 6, 19, 25, 20, 0], [16, 18, 23, 25, 17, 0], [9, 8, 28, 14, 17, 0], [13, 6, 27, 10, 20, 0], [15, 8, 5, 13, 12, 0], [9, 6, 23, 17, 10, 0], [25, 4, 27, 20, 24, 0]]
gen=[[8, 14, 19, 26, 20, 0], [20, 0, 0, 0, 0, 0], [17, 18, 5, 17, 17, 0], [19, 0, 0, 0, 0, 0], [7, 18, 5, 17, 17, 0], [22, 6, 3, 17, 20, 0], [15, 14, 26, 26, 20, 0], [15, 25, 3, 22, 20, 0], [16, 18, 5, 17, 17, 0], [17, 17, 0, 0, 0, 0]]
valid routes=0.0
norm-reward=0.9258873548205873
[ 38 iterations]
real=[[15, 11, 28, 14, 17, 0], [21, 14, 24, 0, 0, 0], [15, 18, 26, 14, 13, 0], [17, 25, 16, 14, 24, 0], [28, 2, 3, 17, 12, 0], [22, 11, 12, 20, 13, 0], [1, 25, 5, 21, 8, 0], [15, 16, 9, 11, 20, 0], [22, 17, 23, 20, 24, 0], [22, 2, 26, 25, 4, 0]]
gen=[[15, 4, 19, 10, 10, 0], [6, 2, 19, 10, 10, 0], [19, 0, 0, 0, 0, 0], [10, 10, 0, 0, 0, 0], [22, 0, 0, 0, 0, 0], [3, 11, 10, 0, 0, 0], [22, 0, 0, 0, 0, 0], [15, 8, 16, 10, 10, 0], [16, 2, 3, 10, 10, 0], [7, 11, 22, 22, 0, 0]]
valid routes=0.001
norm-reward=0.9074348458152881
[ 39 iterations]
real=[[15, 28, 5, 17, 9, 0], [16, 8, 3, 25, 12, 0], [15, 7, 27, 14, 8, 0], [9, 2, 5, 15, 8, 0], [25, 4, 23, 14, 24, 0], [15, 6, 18, 14, 27, 0], [21, 25, 22, 10, 24, 0], [6, 2, 28, 7, 21, 0], [12, 18, 0, 0, 0, 0], [8, 20, 0, 0, 0, 0]]
gen=[[7, 18, 28, 11, 22, 0], [7, 0, 0, 0, 0, 0], [22, 16, 28, 0, 0, 0], [10, 16, 28, 11, 22, 11], [7, 18, 28, 11, 22, 0], [16, 18, 28, 11, 22, 0], [22, 0, 0, 0, 0, 0], [15, 8, 1, 14, 24, 0], [8, 14, 16, 14, 24, 0], [28, 11, 22, 22, 0, 0]]
valid routes=0.001
norm-reward=0.9088832101893131
[ 40 iterations]
real=[[22, 2, 28, 17, 8, 0], [15, 6, 5, 22, 4, 0], [6, 4, 12, 11, 20, 0], [21, 4, 26, 11, 10, 0], [15, 22, 5, 10, 23, 0], [2, 4, 19, 25, 13, 0], [21, 2, 19, 14, 17, 0], [21, 8, 22, 0, 0, 0], [3, 18, 0, 0, 0, 0], [21, 11, 9, 17, 20, 0]]
gen=[[16, 28, 28, 20, 8, 0], [28, 25, 22, 20, 20, 0], [15, 6, 28, 20, 20, 0], [20, 0, 0, 0, 0, 0], [19, 0, 0, 0, 0, 0], [10, 0, 0, 0, 0, 0], [28, 0, 20, 20, 20, 0], [19, 0, 0, 0, 0, 0], [17, 18, 28, 10, 8, 0], [3, 0, 0, 0, 0, 0]]
valid routes=0.0
norm-reward=0.9556339103187744
[ 41 iterations]
real=[[1, 17, 23, 27, 20, 0], [15, 13, 27, 17, 24, 0], [21, 11, 3, 14, 28, 0], [22, 4, 28, 7, 27, 0], [21, 25, 1, 10, 4, 0], [22, 4, 23, 11, 17, 0], [22, 11, 12, 20, 24, 0], [27, 0, 0, 0, 0, 0], [6, 2, 22, 21, 24, 0], [7, 2, 3, 14, 26, 0]]
gen=[[6, 4, 28, 0, 17, 0], [3, 0, 0, 0, 0, 0], [17, 20, 0, 0, 0, 0], [15, 1, 26, 26, 26, 0], [22, 0, 0, 0, 0, 0], [6, 18, 28, 0, 17, 0], [8, 0, 0, 0, 0, 0], [19, 0, 0, 0, 0, 0], [7, 0, 0, 0, 0, 0], [3, 1, 19, 26, 26, 0]]
valid routes=0.0
norm-reward=0.8680332609069005
[ 42 iterations]
real=[[3, 18, 12, 17, 4, 0], [1, 4, 9, 20, 12, 0], [6, 18, 5, 19, 20, 0], [21, 13, 19, 11, 24, 0], [6, 4, 22, 20, 13, 0], [21, 25, 28, 10, 24, 0], [21, 18, 28, 20, 24, 0], [21, 1, 3, 10, 12, 0], [21, 28, 5, 17, 24, 0], [22, 16, 9, 25, 23, 0]]
gen=[[19, 0, 0, 0, 0, 0], [15, 16, 28, 14, 24, 0], [17, 20, 0, 0, 0, 0], [26, 0, 0, 0, 0, 0], [15, 4, 5, 14, 24, 0], [6, 4, 5, 14, 24, 0], [15, 4, 19, 14, 24, 0], [19, 0, 0, 0, 0, 0], [15, 4, 5, 14, 24, 0], [16, 4, 28, 14, 24, 0]]
valid routes=0.0
norm-reward=0.9583038858926777
[ 43 iterations]
real=[[22, 2, 3, 4, 24, 0], [22, 16, 9, 28, 3, 0], [1, 2, 22, 11, 10, 0], [22, 23, 9, 28, 12, 0], [22, 16, 5, 28, 27, 0], [19, 4, 9, 13, 0, 0], [21, 19, 12, 26, 24, 0], [8, 4, 9, 14, 27, 0], [15, 16, 3, 14, 28, 0], [8, 2, 27, 17, 24, 0]]
gen=[[22, 11, 20, 0, 0, 0], [3, 11, 20, 0, 0, 0], [15, 11, 23, 20, 20, 0], [28, 11, 23, 11, 20, 0], [16, 0, 11, 8, 0, 0], [8, 25, 11, 20, 20, 0], [15, 4, 19, 11, 8, 0], [19, 0, 0, 0, 0, 0], [17, 4, 5, 11, 8, 0], [3, 0, 0, 0, 0, 0]]
valid routes=0.0
norm-reward=0.9252456621202878
[ 44 iterations]
real=[[19, 8, 9, 28, 24, 0], [21, 23, 9, 11, 27, 0], [13, 25, 3, 26, 10, 0], [19, 4, 9, 28, 12, 0], [21, 2, 18, 14, 17, 0], [15, 25, 12, 21, 24, 0], [7, 18, 22, 14, 10, 0], [17, 4, 8, 0, 0, 0], [15, 23, 9, 10, 24, 0], [7, 17, 27, 14, 20, 0]]
gen=[[19, 0, 0, 0, 0, 0], [10, 18, 5, 0, 0, 0], [16, 0, 11, 0, 0, 0], [6, 4, 19, 26, 24, 0], [7, 18, 3, 11, 8, 0], [17, 16, 5, 0, 0, 0], [16, 8, 3, 0, 0, 0], [22, 0, 0, 0, 0, 0], [3, 0, 0, 0, 0, 0], [10, 0, 0, 0, 0, 0]]
valid routes=0.001
norm-reward=0.913060427281076
[ 45 iterations]
real=[[15, 11, 5, 14, 9, 0], [7, 6, 26, 11, 17, 0], [11, 25, 13, 10, 20, 0], [9, 6, 12, 17, 20, 0], [3, 28, 5, 11, 27, 0], [27, 2, 3, 25, 13, 0], [6, 4, 0, 0, 0, 0], [11, 20, 1, 10, 24, 0], [6, 18, 28, 27, 8, 0], [19, 5, 0, 0, 0, 0]]
gen=[[10, 16, 28, 0, 0, 0], [6, 4, 3, 17, 4, 0], [16, 18, 3, 17, 4, 0], [10, 18, 3, 11, 10, 0], [10, 0, 0, 0, 0, 0], [15, 23, 23, 14, 16, 0], [16, 17, 0, 0, 0, 0], [7, 18, 28, 11, 22, 0], [7, 8, 0, 0, 0, 0], [16, 23, 0, 0, 0, 0]]
valid routes=0.0
norm-reward=0.9298625594906426
[ 46 iterations]
real=[[12, 11, 0, 0, 0, 0], [1, 18, 28, 2, 25, 0], [7, 25, 3, 26, 27, 0], [13, 4, 12, 10, 0, 0], [22, 0, 0, 0, 0, 0], [15, 2, 1, 17, 4, 0], [11, 18, 16, 14, 27, 0], [22, 24, 3, 26, 10, 0], [15, 18, 3, 28, 22, 0], [11, 2, 25, 14, 13, 0]]
gen=[[22, 6, 1, 7, 24, 0], [22, 20, 0, 0, 0, 0], [19, 0, 0, 0, 0, 0], [16, 2, 5, 25, 23, 0], [16, 23, 0, 0, 0, 0], [15, 6, 1, 7, 24, 0], [3, 0, 0, 0, 0, 0], [3, 25, 23, 0, 0, 0], [15, 6, 19, 14, 24, 0], [7, 18, 28, 25, 23, 0]]
valid routes=0.0
norm-reward=0.9254292907268642
[ 47 iterations]
real=[[8, 6, 9, 14, 20, 0], [19, 4, 9, 10, 3, 0], [17, 0, 0, 0, 0, 0], [22, 6, 19, 25, 20, 0], [16, 18, 23, 25, 17, 0], [9, 8, 28, 14, 17, 0], [13, 6, 27, 10, 20, 0], [15, 8, 5, 13, 12, 0], [9, 6, 23, 17, 10, 0], [25, 4, 27, 20, 24, 0]]
gen=[[7, 8, 0, 0, 0, 0], [10, 4, 0, 0, 0, 0], [19, 0, 0, 0, 0, 0], [15, 0, 0, 0, 0, 0], [15, 6, 1, 7, 24, 0], [7, 0, 0, 0, 0, 0], [22, 25, 3, 0, 0, 0], [3, 0, 0, 0, 0, 0], [7, 20, 0, 0, 0, 0], [3, 0, 0, 0, 0, 0]]
valid routes=0.0
norm-reward=0.9163365816698154
[ 48 iterations]
real=[[15, 11, 28, 14, 17, 0], [21, 14, 24, 0, 0, 0], [15, 18, 26, 14, 13, 0], [17, 25, 16, 14, 24, 0], [28, 2, 3, 17, 12, 0], [22, 11, 12, 20, 13, 0], [1, 25, 5, 21, 8, 0], [15, 16, 9, 11, 20, 0], [22, 17, 23, 20, 24, 0], [22, 2, 26, 25, 4, 0]]
gen=[[7, 2, 3, 11, 13, 0], [17, 4, 28, 11, 13, 0], [19, 0, 0, 0, 0, 0], [16, 13, 0, 0, 0, 0], [7, 13, 13, 0, 0, 0], [15, 25, 22, 20, 13, 0], [8, 28, 11, 13, 0, 0], [15, 14, 26, 26, 13, 0], [22, 6, 3, 10, 13, 0], [15, 14, 26, 26, 13, 0]]
valid routes=0.0
norm-reward=0.9534336034566898
[ 49 iterations]
real=[[15, 28, 5, 17, 9, 0], [16, 8, 3, 25, 12, 0], [15, 7, 27, 14, 8, 0], [9, 2, 5, 15, 8, 0], [25, 4, 23, 14, 24, 0], [15, 6, 18, 14, 27, 0], [21, 25, 22, 10, 24, 0], [6, 2, 28, 7, 21, 0], [12, 18, 0, 0, 0, 0], [8, 20, 0, 0, 0, 0]]
gen=[[15, 4, 28, 20, 20, 0], [15, 14, 6, 13, 0, 0], [16, 7, 5, 11, 20, 0], [22, 6, 19, 17, 20, 0], [7, 13, 0, 0, 0, 0], [15, 4, 5, 14, 13, 0], [16, 0, 0, 0, 0, 0], [7, 0, 0, 0, 0, 0], [16, 0, 0, 0, 0, 0], [7, 2, 5, 0, 0, 0]]
valid routes=0.0
norm-reward=0.9200454083660611
