read problem
[ 10 iterations]
real= [[25 12  0  0  0  0]
 [25  2 15 24  7  0]
 [23 26 25 19 22  0]
 [26 16 13 20 25  0]
 [26 18 13  9  2  0]
 [ 9  0  0  0  0  0]
 [ 5 11 24 19 28  0]
 [23 16 27  5 11  0]
 [26 10 19  4 11  0]
 [20 18  5 19  4  0]]
gen= [[25 12  0  0  0  0]
 [ 2 25  0  0  0  0]
 [25 26 22 19  0  0]
 [26 25  0  0  0  0]
 [26  2 18  0  0  0]
 [ 9  0  0  0  0  0]
 [ 5 11 19 28  0  0]
 [ 5 16 27 23  0  0]
 [26 11 19  4  0  0]
 [ 5 18 20 19  0  0]]
valid: 0.131, real: 0.4400239708146667, syn: 0.49033410126386867 ratio=0.8973962236778469
[ 20 iterations]
real= [[26  3 13 10 28  0]
 [ 7 26 10  4 28  0]
 [ 9  3 10 27  4  0]
 [23 26  9 19 14  0]
 [19 17 13  0  0  0]
 [ 9  5  4 14 17  0]
 [15 26  7 20  1  0]
 [12  0  0  0  0  0]
 [15 18  3 21 22  0]
 [ 8 25  0  0  0  0]]
gen= [[26  3 13 10 28  0]
 [26  7  4 10  0  0]
 [ 3  9 27  4  0  0]
 [26  9 19 23 14  0]
 [13 19 17  0  0  0]
 [ 5  9  4 14 17  0]
 [26 15  7 20  1  0]
 [12  0  0  0  0  0]
 [18  3 15 21  0  0]
 [25  8  0  0  0  0]]
valid: 0.367, real: 1.1773195044449403, syn: 1.46530953394444 ratio=0.80346130095512
[ 30 iterations]
real= [[ 5  1 25  4 22  0]
 [19 16 26 20 23  0]
 [19  1 25  8 22  0]
 [26 24 13 19  8  0]
 [ 1 16 13 27 23  0]
 [ 3 14 15  7 28  0]
 [23 17  2  8 27  0]
 [26  3 27 28 25  0]
 [20  3 26 24 23  0]
 [26  3 13 20  9  0]]
gen= [[ 5 25  4  1 22  0]
 [16 26 19 20  0  0]
 [ 8 25 19  1 22  0]
 [26 13 19 24  0  0]
 [16 27  1  0  0  0]
 [14  3 28 15  7  0]
 [ 8  2 17 23  0  0]
 [26  3 25  0  0  0]
 [26  3 24 20 23  0]
 [26  3  9 13 20  0]]
valid: 0.361, real: 1.2356126297835612, syn: 1.4471299696590012 ratio=0.8538366668439038
[ 40 iterations]
real= [[28  2 26  5 11  0]
 [23 14 15 24 28  0]
 [23 24 16 19 28  0]
 [ 7 22  6 21 14  0]
 [24 18 12  2  8  0]
 [13  1 25  0  0  0]
 [ 1 16 26  0  0  0]
 [20 18 15  2  8  0]
 [20 17 13  7 12  0]
 [23 11  1 12 17  0]]
gen= [[ 5 26  2 28  0  0]
 [14 28 15 23  0  0]
 [16 28 19  0  0  0]
 [14 22  6  0  0  0]
 [ 2 18 24 12  0  0]
 [ 1 25 13  0  0  0]
 [26 16  1  0  0  0]
 [ 2 18 15 20  0  0]
 [17 20  7 12  0  0]
 [11 17  1 12 23  0]]
valid: 0.41, real: 1.3870462621440771, syn: 1.6418646711508644 ratio=0.844799383600737
[ 50 iterations]
real= [[24 18 27  7 22  0]
 [ 9 11  8  0  0  0]
 [13 23 27  5  8  0]
 [13  7  0  0  0  0]
 [20 14 10  6  7  0]
 [ 4 17  6  0  0  0]
 [18  2  0  0  0  0]
 [27 11 26 12 17  0]
 [15  3 25 27 12  0]
 [28  2  1 24 15  0]]
gen= [[22 18  7 27  0  0]
 [ 9 11  8  0  0  0]
 [ 5 23 13  8  0  0]
 [ 7 13  0  0  0  0]
 [20 10  6  7  0  0]
 [17  6  0  0  0  0]
 [ 2 18  0  0  0  0]
 [17 26 11 27  0  0]
 [15  3 25 27 12  0]
 [ 1  2 15 24  0  0]]
valid: 0.43, real: 1.5566179385073924, syn: 1.7271854276874543 ratio=0.9012454097598331
[ 60 iterations]
real= [[25 12  0  0  0  0]
 [25  2 15 24  7  0]
 [23 26 25 19 22  0]
 [26 16 13 20 25  0]
 [26 18 13  9  2  0]
 [ 9  0  0  0  0  0]
 [ 5 11 24 19 28  0]
 [23 16 27  5 11  0]
 [26 10 19  4 11  0]
 [20 18  5 19  4  0]]
gen= [[25 12  0  0  0  0]
 [15  2  7  0  0  0]
 [22 26 19 25  0  0]
 [25 16 26  0  0  0]
 [ 9  2 26  0  0  0]
 [ 9  0  0  0  0  0]
 [24  5 11 28  0  0]
 [23 16  5 11  0  0]
 [19 26 10  4  0  0]
 [ 5 18 19  4  0  0]]
valid: 0.133, real: 0.4730762895460237, syn: 0.5010243761848112 ratio=0.9442181100017409
[ 70 iterations]
real= [[26  3 13 10 28  0]
 [ 7 26 10  4 28  0]
 [ 9  3 10 27  4  0]
 [23 26  9 19 14  0]
 [19 17 13  0  0  0]
 [ 9  5  4 14 17  0]
 [15 26  7 20  1  0]
 [12  0  0  0  0  0]
 [15 18  3 21 22  0]
 [ 8 25  0  0  0  0]]
gen= [[13 26 28  0  0  0]
 [ 7 26 10  4 28  0]
 [ 9 10 27  4  0  0]
 [ 9 26 19 14 23  0]
 [13 17 19  0  0  0]
 [ 9  5 17 14  0  0]
 [15 26  7  1 20  0]
 [12  0  0  0  0  0]
 [15 22 21 18  0  0]
 [25  8  0  0  0  0]]
valid: 0.398, real: 1.411628876993483, syn: 1.6020715266260381 ratio=0.8811272490226281
[ 80 iterations]
real= [[ 5  1 25  4 22  0]
 [19 16 26 20 23  0]
 [19  1 25  8 22  0]
 [26 24 13 19  8  0]
 [ 1 16 13 27 23  0]
 [ 3 14 15  7 28  0]
 [23 17  2  8 27  0]
 [26  3 27 28 25  0]
 [20  3 26 24 23  0]
 [26  3 13 20  9  0]]
gen= [[22  1 25  5  4  0]
 [23 16 26 19 20  0]
 [22  1  8 25  0  0]
 [13 26  8  0  0  0]
 [13 16 27  1  0  0]
 [15 14  7 28  0  0]
 [23  2  8  0  0  0]
 [25 26 27 28  0  0]
 [23 26 24 20  3  0]
 [ 9 26 13 20  0  0]]
valid: 0.342, real: 1.2187452242595127, syn: 1.3762983371443094 ratio=0.8855240113043334
[ 90 iterations]
real= [[28  2 26  5 11  0]
 [23 14 15 24 28  0]
 [23 24 16 19 28  0]
 [ 7 22  6 21 14  0]
 [24 18 12  2  8  0]
 [13  1 25  0  0  0]
 [ 1 16 26  0  0  0]
 [20 18 15  2  8  0]
 [20 17 13  7 12  0]
 [23 11  1 12 17  0]]
gen= [[ 5  2 26  0  0  0]
 [15 23 24 28  0  0]
 [23 16 24  0  0  0]
 [22 14  6  0  0  0]
 [24  2  8  0  0  0]
 [13  1 25  0  0  0]
 [ 1 16 26  0  0  0]
 [15  2  8 20  0  0]
 [13 17  7 12 20  0]
 [23 11 12  1  0  0]]
valid: 0.283, real: 0.9938549557169087, syn: 1.1349386615837826 ratio=0.87569045742966
[ 100 iterations]
real= [[24 18 27  7 22  0]
 [ 9 11  8  0  0  0]
 [13 23 27  5  8  0]
 [13  7  0  0  0  0]
 [20 14 10  6  7  0]
 [ 4 17  6  0  0  0]
 [18  2  0  0  0  0]
 [27 11 26 12 17  0]
 [15  3 25 27 12  0]
 [28  2  1 24 15  0]]
gen= [[22 18 27  7  0  0]
 [ 9  8 11  0  0  0]
 [23  8 27  5  0  0]
 [13  7  0  0  0  0]
 [20 10  6  7  0  0]
 [ 6 17  4  0  0  0]
 [18  2  0  0  0  0]
 [27 26 17 12 11  0]
 [15 12 25 27  0  0]
 [15  2  1 28  0  0]]
valid: 0.4, real: 1.431745924390484, syn: 1.5988150659915235 ratio=0.8955043987545679
[ 110 iterations]
real= [[25 12  0  0  0  0]
 [25  2 15 24  7  0]
 [23 26 25 19 22  0]
 [26 16 13 20 25  0]
 [26 18 13  9  2  0]
 [ 9  0  0  0  0  0]
 [ 5 11 24 19 28  0]
 [23 16 27  5 11  0]
 [26 10 19  4 11  0]
 [20 18  5 19  4  0]]
gen= [[25 12  0  0  0  0]
 [15  2  7  0  0  0]
 [22 26 19 25  0  0]
 [25 16 26  0  0  0]
 [ 9  2 26  0  0  0]
 [ 9  0  0  0  0  0]
 [24 11 19  0  0  0]
 [23 16 27 11  0  0]
 [11 26 10 19  0  0]
 [20 18 19  4  0  0]]
valid: 0.132, real: 0.47321438274365935, syn: 0.4967946193542539 ratio=0.9525352415425821
[ 120 iterations]
real= [[26  3 13 10 28  0]
 [ 7 26 10  4 28  0]
 [ 9  3 10 27  4  0]
 [23 26  9 19 14  0]
 [19 17 13  0  0  0]
 [ 9  5  4 14 17  0]
 [15 26  7 20  1  0]
 [12  0  0  0  0  0]
 [15 18  3 21 22  0]
 [ 8 25  0  0  0  0]]
gen= [[13 26 28  0  0  0]
 [ 7 26 10  4 28  0]
 [ 9 10 27  4  0  0]
 [23 26  9 19 14  0]
 [13 17 19  0  0  0]
 [ 9 17  4  5  0  0]
 [15  1 26  0  0  0]
 [12  0  0  0  0  0]
 [15 22 21 18  0  0]
 [25  8  0  0  0  0]]
valid: 0.377, real: 1.3743597128346106, syn: 1.51617720823988 ratio=0.9064637730770901
[ 130 iterations]
real= [[ 5  1 25  4 22  0]
 [19 16 26 20 23  0]
 [19  1 25  8 22  0]
 [26 24 13 19  8  0]
 [ 1 16 13 27 23  0]
 [ 3 14 15  7 28  0]
 [23 17  2  8 27  0]
 [26  3 27 28 25  0]
 [20  3 26 24 23  0]
 [26  3 13 20  9  0]]
gen= [[22  1 25  5  4  0]
 [23 16 26 20  0  0]
 [22  1 25  8 19  0]
 [13 26  8  0  0  0]
 [23 16 13 27  1  0]
 [15 14  7 28  0  0]
 [23  2  8  0  0  0]
 [27 26 25 28  3  0]
 [23 20 26 24  3  0]
 [20 26 13  9  3  0]]
valid: 0.365, real: 1.3397873232027628, syn: 1.4715179247786767 ratio=0.9104797846103527
[ 140 iterations]
real= [[28  2 26  5 11  0]
 [23 14 15 24 28  0]
 [23 24 16 19 28  0]
 [ 7 22  6 21 14  0]
 [24 18 12  2  8  0]
 [13  1 25  0  0  0]
 [ 1 16 26  0  0  0]
 [20 18 15  2  8  0]
 [20 17 13  7 12  0]
 [23 11  1 12 17  0]]
gen= [[26  2 11  5  0  0]
 [15 23 24 28  0  0]
 [23 16 24  0  0  0]
 [21 22  7  0  0  0]
 [24  2  8  0  0  0]
 [13  1 25  0  0  0]
 [ 1 16  0  0  0  0]
 [15  2 18  0  0  0]
 [20 17 13  0  0  0]
 [23  1 11 12  0  0]]
valid: 0.258, real: 0.9451271596411233, syn: 1.0303025095330245 ratio=0.9173297656719227
[ 150 iterations]
real= [[24 18 27  7 22  0]
 [ 9 11  8  0  0  0]
 [13 23 27  5  8  0]
 [13  7  0  0  0  0]
 [20 14 10  6  7  0]
 [ 4 17  6  0  0  0]
 [18  2  0  0  0  0]
 [27 11 26 12 17  0]
 [15  3 25 27 12  0]
 [28  2  1 24 15  0]]
gen= [[24 18  7 27 22  0]
 [ 9 11  8  0  0  0]
 [13 23 27  5  8  0]
 [13  7  0  0  0  0]
 [20 14  6 10  0  0]
 [ 6 17  4  0  0  0]
 [18  2  0  0  0  0]
 [27 11 17 26 12  0]
 [15  3 25 27 12  0]
 [15  1  2  0  0  0]]
valid: 0.399, real: 1.4612803387633262, syn: 1.6097360903378255 ratio=0.9077763414353568
[ 160 iterations]
real= [[25 12  0  0  0  0]
 [25  2 15 24  7  0]
 [23 26 25 19 22  0]
 [26 16 13 20 25  0]
 [26 18 13  9  2  0]
 [ 9  0  0  0  0  0]
 [ 5 11 24 19 28  0]
 [23 16 27  5 11  0]
 [26 10 19  4 11  0]
 [20 18  5 19  4  0]]
gen= [[25 12  0  0  0  0]
 [24  2  0  0  0  0]
 [23 22 19 25  0  0]
 [13 16 20 25  0  0]
 [13 18  2  0  0  0]
 [ 9  0  0  0  0  0]
 [24 11 19  0  0  0]
 [23 16 11 27  0  0]
 [26 11 19  4  0  0]
 [20 18 19  4  0  0]]
valid: 0.128, real: 0.45919939461434855, syn: 0.47885684595957534 ratio=0.9589492109988833
[ 170 iterations]
real= [[26  3 13 10 28  0]
 [ 7 26 10  4 28  0]
 [ 9  3 10 27  4  0]
 [23 26  9 19 14  0]
 [19 17 13  0  0  0]
 [ 9  5  4 14 17  0]
 [15 26  7 20  1  0]
 [12  0  0  0  0  0]
 [15 18  3 21 22  0]
 [ 8 25  0  0  0  0]]
gen= [[13  3 10 26  0  0]
 [26 10  7  4  0  0]
 [ 3 10 27  9  0  0]
 [26 23  9 19 14  0]
 [13 17 19  0  0  0]
 [ 9 17  4  5  0  0]
 [20  1 15  7 26  0]
 [12  0  0  0  0  0]
 [21 18 15  0  0  0]
 [25  8  0  0  0  0]]
valid: 0.44, real: 1.6374695735130196, syn: 1.7695743285118675 ratio=0.9253465916235675
[ 180 iterations]
real= [[ 5  1 25  4 22  0]
 [19 16 26 20 23  0]
 [19  1 25  8 22  0]
 [26 24 13 19  8  0]
 [ 1 16 13 27 23  0]
 [ 3 14 15  7 28  0]
 [23 17  2  8 27  0]
 [26  3 27 28 25  0]
 [20  3 26 24 23  0]
 [26  3 13 20  9  0]]
gen= [[22  1 25  5  4  0]
 [26 16 20 19  0  0]
 [22  1 25 19  0  0]
 [13 26 19  0  0  0]
 [13 16 27  1  0  0]
 [15  3  7 14  0  0]
 [ 2 17 27  0  0  0]
 [26  3 25 27  0  0]
 [26  3 20 24 23  0]
 [26  3 13 20  9  0]]
valid: 0.4, real: 1.4838267042123365, syn: 1.5970325966045587 ratio=0.9291148517363337
[ 190 iterations]
real= [[28  2 26  5 11  0]
 [23 14 15 24 28  0]
 [23 24 16 19 28  0]
 [ 7 22  6 21 14  0]
 [24 18 12  2  8  0]
 [13  1 25  0  0  0]
 [ 1 16 26  0  0  0]
 [20 18 15  2  8  0]
 [20 17 13  7 12  0]
 [23 11  1 12 17  0]]
gen= [[26  2 11  5  0  0]
 [24 23 15 14  0  0]
 [24 16 28  0  0  0]
 [21 22  7  0  0  0]
 [24  2 12  0  0  0]
 [13  1 25  0  0  0]
 [26 16  1  0  0  0]
 [20  2 15 18  0  0]
 [20 17 13  0  0  0]
 [23 17 11 12  0  0]]
valid: 0.331, real: 1.2207624883415724, syn: 1.326823009052903 ratio=0.9200643039895446
[ 200 iterations]
real= [[24 18 27  7 22  0]
 [ 9 11  8  0  0  0]
 [13 23 27  5  8  0]
 [13  7  0  0  0  0]
 [20 14 10  6  7  0]
 [ 4 17  6  0  0  0]
 [18  2  0  0  0  0]
 [27 11 26 12 17  0]
 [15  3 25 27 12  0]
 [28  2  1 24 15  0]]
gen= [[22 18 27  7  0  0]
 [ 9 11  8  0  0  0]
 [13 23 27  5  8  0]
 [13  7  0  0  0  0]
 [20 10  6  7  0  0]
 [17  6  0  0  0  0]
 [18  2  0  0  0  0]
 [26 17 11 27  0  0]
 [15  3 25 12 27  0]
 [24  2 28  1  0  0]]
valid: 0.415, real: 1.5349419579143189, syn: 1.6745573561458909 ratio=0.9166254904801192
[ 210 iterations]
real= [[25 12  0  0  0  0]
 [25  2 15 24  7  0]
 [23 26 25 19 22  0]
 [26 16 13 20 25  0]
 [26 18 13  9  2  0]
 [ 9  0  0  0  0  0]
 [ 5 11 24 19 28  0]
 [23 16 27  5 11  0]
 [26 10 19  4 11  0]
 [20 18  5 19  4  0]]
gen= [[25 12  0  0  0  0]
 [24  2  0  0  0  0]
 [26 22 19 25  0  0]
 [26 16 13 25  0  0]
 [26  2 18  0  0  0]
 [ 9  0  0  0  0  0]
 [24 11 28  0  0  0]
 [23 16 11 27  0  0]
 [26 10 11  4  0  0]
 [20 18  4 19  0  0]]
valid: 0.129, real: 0.4619743234154704, syn: 0.48488487468974845 ratio=0.9527505342604525
[ 220 iterations]
real= [[26  3 13 10 28  0]
 [ 7 26 10  4 28  0]
 [ 9  3 10 27  4  0]
 [23 26  9 19 14  0]
 [19 17 13  0  0  0]
 [ 9  5  4 14 17  0]
 [15 26  7 20  1  0]
 [12  0  0  0  0  0]
 [15 18  3 21 22  0]
 [ 8 25  0  0  0  0]]
gen= [[26 28 13  3  0  0]
 [26 28 10  0  0  0]
 [ 9 10  4 27  0  0]
 [26 14 19 23  9  0]
 [17 13 19  0  0  0]
 [ 9 17  4  5  0  0]
 [26 20 15  7  1  0]
 [12  0  0  0  0  0]
 [21 18 15 22  0  0]
 [25  8  0  0  0  0]]
valid: 0.441, real: 1.6403288503243543, syn: 1.7772769494059715 ratio=0.9229449866395949
[ 230 iterations]
real= [[ 5  1 25  4 22  0]
 [19 16 26 20 23  0]
 [19  1 25  8 22  0]
 [26 24 13 19  8  0]
 [ 1 16 13 27 23  0]
 [ 3 14 15  7 28  0]
 [23 17  2  8 27  0]
 [26  3 27 28 25  0]
 [20  3 26 24 23  0]
 [26  3 13 20  9  0]]
gen= [[22  1 25  4  5  0]
 [26 16 20 19  0  0]
 [25 22  0  0  0  0]
 [26 24 13 19  8  0]
 [13 16 27  1  0  0]
 [28 14 15  7  0  0]
 [17  2 27  0  0  0]
 [26 28 25 27  3  0]
 [26 20 24 23  3  0]
 [26 20 13  3  9  0]]
valid: 0.385, real: 1.453863537719985, syn: 1.5507730343867967 ratio=0.937508910383439
[ 240 iterations]
real= [[28  2 26  5 11  0]
 [23 14 15 24 28  0]
 [23 24 16 19 28  0]
 [ 7 22  6 21 14  0]
 [24 18 12  2  8  0]
 [13  1 25  0  0  0]
 [ 1 16 26  0  0  0]
 [20 18 15  2  8  0]
 [20 17 13  7 12  0]
 [23 11  1 12 17  0]]
gen= [[26  2  5 11  0  0]
 [28 14 15 24  0  0]
 [28 16 24 23  0  0]
 [21 14  6  0  0  0]
 [24  2  8  0  0  0]
 [25  1 13  0  0  0]
 [26 16  1  0  0  0]
 [15  2 18  0  0  0]
 [20 17 13  0  0  0]
 [17  1 11 23  0  0]]
valid: 0.325, real: 1.2013430497142243, syn: 1.3124365458428453 ratio=0.9153532439488137
[ 250 iterations]
real= [[24 18 27  7 22  0]
 [ 9 11  8  0  0  0]
 [13 23 27  5  8  0]
 [13  7  0  0  0  0]
 [20 14 10  6  7  0]
 [ 4 17  6  0  0  0]
 [18  2  0  0  0  0]
 [27 11 26 12 17  0]
 [15  3 25 27 12  0]
 [28  2  1 24 15  0]]
gen= [[24 18  7 27 22  0]
 [ 9 11  8  0  0  0]
 [ 5 13 27 23  0  0]
 [13  7  0  0  0  0]
 [20 14  6 10  0  0]
 [17  6  0  0  0  0]
 [18  2  0  0  0  0]
 [26 17 11 27  0  0]
 [15  3 25 27 12  0]
 [28  2 15 24  0  0]]
valid: 0.413, real: 1.5530376105345174, syn: 1.677523010535735 ratio=0.9257921356551396
[ 260 iterations]
real= [[25 12  0  0  0  0]
 [25  2 15 24  7  0]
 [23 26 25 19 22  0]
 [26 16 13 20 25  0]
 [26 18 13  9  2  0]
 [ 9  0  0  0  0  0]
 [ 5 11 24 19 28  0]
 [23 16 27  5 11  0]
 [26 10 19  4 11  0]
 [20 18  5 19  4  0]]
gen= [[25 12  0  0  0  0]
 [24  2  0  0  0  0]
 [26 22 19 25  0  0]
 [26 16 13 25  0  0]
 [26  2 18  0  0  0]
 [ 9  0  0  0  0  0]
 [28  5 11 24  0  0]
 [ 5 16 11  0  0  0]
 [26 11 19  4  0  0]
 [ 5 18 20 19  0  0]]
valid: 0.133, real: 0.4811628095570837, syn: 0.5017011562636209 ratio=0.9590625884550578
[ 270 iterations]
real= [[26  3 13 10 28  0]
 [ 7 26 10  4 28  0]
 [ 9  3 10 27  4  0]
 [23 26  9 19 14  0]
 [19 17 13  0  0  0]
 [ 9  5  4 14 17  0]
 [15 26  7 20  1  0]
 [12  0  0  0  0  0]
 [15 18  3 21 22  0]
 [ 8 25  0  0  0  0]]
gen= [[28 26 13  3  0  0]
 [28 26 10  7  0  0]
 [ 9  3 10 27  4  0]
 [26 14  9 19 23  0]
 [17 13 19  0  0  0]
 [ 5 17  9 14  4  0]
 [15 26  7 20  1  0]
 [12  0  0  0  0  0]
 [21 18 15 22  0  0]
 [25  8  0  0  0  0]]
valid: 0.479, real: 1.791817439412408, syn: 1.9310278240981589 ratio=0.9279086593427177
[ 280 iterations]
real= [[ 5  1 25  4 22  0]
 [19 16 26 20 23  0]
 [19  1 25  8 22  0]
 [26 24 13 19  8  0]
 [ 1 16 13 27 23  0]
 [ 3 14 15  7 28  0]
 [23 17  2  8 27  0]
 [26  3 27 28 25  0]
 [20  3 26 24 23  0]
 [26  3 13 20  9  0]]
gen= [[ 5  1 25  4 22  0]
 [20 16 26 19  0  0]
 [ 1 19 25  8 22  0]
 [24 26 13 19  0  0]
 [27 16 13  1 23  0]
 [28  3 15  7  0  0]
 [27  2 17 23  0  0]
 [28 26 25 27  0  0]
 [24 26 20 23  3  0]
 [ 9 26 13 20  0  0]]
valid: 0.422, real: 1.577547633064827, syn: 1.699074072053292 ratio=0.9284749023086422
[ 290 iterations]
real= [[28  2 26  5 11  0]
 [23 14 15 24 28  0]
 [23 24 16 19 28  0]
 [ 7 22  6 21 14  0]
 [24 18 12  2  8  0]
 [13  1 25  0  0  0]
 [ 1 16 26  0  0  0]
 [20 18 15  2  8  0]
 [20 17 13  7 12  0]
 [23 11  1 12 17  0]]
gen= [[28  2 26  5 11  0]
 [15 28  0  0  0  0]
 [28 16 24 23  0  0]
 [21 14  6  0  0  0]
 [24  2 12  0  0  0]
 [ 1 13 25  0  0  0]
 [ 1 16 26  0  0  0]
 [15  2 18  0  0  0]
 [20 17 13  7 12  0]
 [ 1 17 11 12  0  0]]
valid: 0.424, real: 1.626187820352703, syn: 1.7198742158829077 ratio=0.9455271817758427
[ 300 iterations]
real= [[24 18 27  7 22  0]
 [ 9 11  8  0  0  0]
 [13 23 27  5  8  0]
 [13  7  0  0  0  0]
 [20 14 10  6  7  0]
 [ 4 17  6  0  0  0]
 [18  2  0  0  0  0]
 [27 11 26 12 17  0]
 [15  3 25 27 12  0]
 [28  2  1 24 15  0]]
gen= [[24 18  7 27 22  0]
 [ 9 11  8  0  0  0]
 [ 5 13 27 23  0  0]
 [ 7 13  0  0  0  0]
 [20 14  6 10  0  0]
 [ 6 17  4  0  0  0]
 [18  2  0  0  0  0]
 [27 26 17 12 11  0]
 [15  3 25 12 27  0]
 [15  2 28  0  0  0]]
valid: 0.42, real: 1.6153263308598627, syn: 1.705971904113077 ratio=0.9468657291279716
[ 310 iterations]
real= [[25 12  0  0  0  0]
 [25  2 15 24  7  0]
 [23 26 25 19 22  0]
 [26 16 13 20 25  0]
 [26 18 13  9  2  0]
 [ 9  0  0  0  0  0]
 [ 5 11 24 19 28  0]
 [23 16 27  5 11  0]
 [26 10 19  4 11  0]
 [20 18  5 19  4  0]]
gen= [[12 25  0  0  0  0]
 [15  2 25  0  0  0]
 [25 26 22 19  0  0]
 [20 16 13 25  0  0]
 [ 9  2 18 26  0  0]
 [ 9  0  0  0  0  0]
 [28  5 24 19  0  0]
 [27 16  5 11  0  0]
 [19 26 10  4  0  0]
 [20 18  5 19  0  0]]
valid: 0.132, real: 0.4844639952518663, syn: 0.4983450657663078 ratio=0.9721456647853098
[ 320 iterations]
real= [[26  3 13 10 28  0]
 [ 7 26 10  4 28  0]
 [ 9  3 10 27  4  0]
 [23 26  9 19 14  0]
 [19 17 13  0  0  0]
 [ 9  5  4 14 17  0]
 [15 26  7 20  1  0]
 [12  0  0  0  0  0]
 [15 18  3 21 22  0]
 [ 8 25  0  0  0  0]]
gen= [[28  3 13 10 26  0]
 [28 26 10  7  0  0]
 [ 9  3 10  4 27  0]
 [ 9 26 19 14 23  0]
 [19 17 13  0  0  0]
 [ 9 17  5  4  0  0]
 [15  1 26 20  7  0]
 [12  0  0  0  0  0]
 [21  3 15 18  0  0]
 [25  8  0  0  0  0]]
valid: 0.448, real: 1.7009827110821993, syn: 1.8039451137277163 ratio=0.9429237608938373
[ 330 iterations]
real= [[ 5  1 25  4 22  0]
 [19 16 26 20 23  0]
 [19  1 25  8 22  0]
 [26 24 13 19  8  0]
 [ 1 16 13 27 23  0]
 [ 3 14 15  7 28  0]
 [23 17  2  8 27  0]
 [26  3 27 28 25  0]
 [20  3 26 24 23  0]
 [26  3 13 20  9  0]]
gen= [[ 5  1 25  4 22  0]
 [20 16 26 19  0  0]
 [ 1 22 25  8  0  0]
 [24 13 26 19  0  0]
 [27 16 13  1 23  0]
 [28  3 15  7  0  0]
 [27  2 17 23  0  0]
 [28  3 25 27  0  0]
 [24  3 26 20 23  0]
 [ 9  3 13 20 26  0]]
valid: 0.431, real: 1.624479165074898, syn: 1.725461311470321 ratio=0.9414752763657315
[ 340 iterations]
real= [[28  2 26  5 11  0]
 [23 14 15 24 28  0]
 [23 24 16 19 28  0]
 [ 7 22  6 21 14  0]
 [24 18 12  2  8  0]
 [13  1 25  0  0  0]
 [ 1 16 26  0  0  0]
 [20 18 15  2  8  0]
 [20 17 13  7 12  0]
 [23 11  1 12 17  0]]
gen= [[28  2  5 11 26  0]
 [24 28  0  0  0  0]
 [24 16 19 23  0  0]
 [21 14  6  0  0  0]
 [24  2 12  0  0  0]
 [ 1 13 25  0  0  0]
 [ 1 16 26  0  0  0]
 [15  2 18  0  0  0]
 [20 17 13  7 12  0]
 [23  1 17 12 11  0]]
valid: 0.419, real: 1.55658313005851, syn: 1.6849611814834249 ratio=0.9238094901914049
[ 350 iterations]
real= [[24 18 27  7 22  0]
 [ 9 11  8  0  0  0]
 [13 23 27  5  8  0]
 [13  7  0  0  0  0]
 [20 14 10  6  7  0]
 [ 4 17  6  0  0  0]
 [18  2  0  0  0  0]
 [27 11 26 12 17  0]
 [15  3 25 27 12  0]
 [28  2  1 24 15  0]]
gen= [[24 18  7 27 22  0]
 [ 9 11  8  0  0  0]
 [27 13  5 23  0  0]
 [ 7 13  0  0  0  0]
 [20 10  6  7  0  0]
 [17  6  0  0  0  0]
 [ 2 18  0  0  0  0]
 [27 17 11  0  0  0]
 [27  3 25 15 12  0]
 [24  2 28  1  0  0]]
valid: 0.423, real: 1.587474374829823, syn: 1.7069980061942116 ratio=0.9299802161861518
[ 360 iterations]
real= [[25 12  0  0  0  0]
 [25  2 15 24  7  0]
 [23 26 25 19 22  0]
 [26 16 13 20 25  0]
 [26 18 13  9  2  0]
 [ 9  0  0  0  0  0]
 [ 5 11 24 19 28  0]
 [23 16 27  5 11  0]
 [26 10 19  4 11  0]
 [20 18  5 19  4  0]]
gen= [[25 12  0  0  0  0]
 [24  2  0  0  0  0]
 [23 22 19 25  0  0]
 [20 16 13 25  0  0]
 [ 9  2 18 26  0  0]
 [ 9  0  0  0  0  0]
 [24 28  5 11  0  0]
 [27 16  5 11  0  0]
 [19 10  4 11  0  0]
 [20 18  5 19  0  0]]
valid: 0.131, real: 0.47761505004310273, syn: 0.49322100678484404 ratio=0.9683590996185022
[ 370 iterations]
real= [[26  3 13 10 28  0]
 [ 7 26 10  4 28  0]
 [ 9  3 10 27  4  0]
 [23 26  9 19 14  0]
 [19 17 13  0  0  0]
 [ 9  5  4 14 17  0]
 [15 26  7 20  1  0]
 [12  0  0  0  0  0]
 [15 18  3 21 22  0]
 [ 8 25  0  0  0  0]]
gen= [[28 10 13  3 26  0]
 [28 10  7 26  0  0]
 [27 10  9  4  0  0]
 [23 26  9 19 14  0]
 [17 13 19  0  0  0]
 [ 5 17  9 14  4  0]
 [20  1 15  7 26  0]
 [12  0  0  0  0  0]
 [21  3 15 18  0  0]
 [ 8 25  0  0  0  0]]
valid: 0.471, real: 1.7434888629865457, syn: 1.9018888156273601 ratio=0.9167143992123618
[ 380 iterations]
real= [[ 5  1 25  4 22  0]
 [19 16 26 20 23  0]
 [19  1 25  8 22  0]
 [26 24 13 19  8  0]
 [ 1 16 13 27 23  0]
 [ 3 14 15  7 28  0]
 [23 17  2  8 27  0]
 [26  3 27 28 25  0]
 [20  3 26 24 23  0]
 [26  3 13 20  9  0]]
gen= [[ 5  1 25  4 22  0]
 [23 16 19 20 26  0]
 [19  1 25  8 22  0]
 [24 13  8  0  0  0]
 [27 16 13  1 23  0]
 [28  3 15  7  0  0]
 [23  2 27  8  0  0]
 [27 28 25  3 26  0]
 [24  3 26 20 23  0]
 [ 9  3 13 20 26  0]]
valid: 0.445, real: 1.6481071663710898, syn: 1.7867147554218534 ratio=0.9224232135374975
[ 390 iterations]
real= [[28  2 26  5 11  0]
 [23 14 15 24 28  0]
 [23 24 16 19 28  0]
 [ 7 22  6 21 14  0]
 [24 18 12  2  8  0]
 [13  1 25  0  0  0]
 [ 1 16 26  0  0  0]
 [20 18 15  2  8  0]
 [20 17 13  7 12  0]
 [23 11  1 12 17  0]]
gen= [[28  2 11  5 26  0]
 [24 28  0  0  0  0]
 [24 28  0  0  0  0]
 [21 14  6  0  0  0]
 [24  2  8  0  0  0]
 [ 1 25 13  0  0  0]
 [26 16  1  0  0  0]
 [15  2 18  0  0  0]
 [17 13  7 12 20  0]
 [23 17 11 12  0  0]]
valid: 0.393, real: 1.4560426849402357, syn: 1.5868840133603306 ratio=0.9175482723888372
[ 400 iterations]
real= [[24 18 27  7 22  0]
 [ 9 11  8  0  0  0]
 [13 23 27  5  8  0]
 [13  7  0  0  0  0]
 [20 14 10  6  7  0]
 [ 4 17  6  0  0  0]
 [18  2  0  0  0  0]
 [27 11 26 12 17  0]
 [15  3 25 27 12  0]
 [28  2  1 24 15  0]]
gen= [[24 18 27  7 22  0]
 [ 9 11  8  0  0  0]
 [23 27 13  5  0  0]
 [13  7  0  0  0  0]
 [10 14  6  7  0  0]
 [17  6  0  0  0  0]
 [ 2 18  0  0  0  0]
 [17 26 27 12  0  0]
 [ 3 27 25 15  0  0]
 [28  2 15 24  0  0]]
valid: 0.399, real: 1.496738846573189, syn: 1.6162188196375404 ratio=0.9260743832378178
[ 410 iterations]
real= [[25 12  0  0  0  0]
 [25  2 15 24  7  0]
 [23 26 25 19 22  0]
 [26 16 13 20 25  0]
 [26 18 13  9  2  0]
 [ 9  0  0  0  0  0]
 [ 5 11 24 19 28  0]
 [23 16 27  5 11  0]
 [26 10 19  4 11  0]
 [20 18  5 19  4  0]]
gen= [[25 12  0  0  0  0]
 [24  2  0  0  0  0]
 [26 23 22 25  0  0]
 [26 16 13 25  0  0]
 [26  2  9 18  0  0]
 [ 9  0  0  0  0  0]
 [28 11 24  0  0  0]
 [23 16 27  5  0  0]
 [26 10 11  4  0  0]
 [ 5 18  4 19  0  0]]
valid: 0.135, real: 0.4880376210720668, syn: 0.5077631954221956 ratio=0.9611520202173626
[ 420 iterations]
real= [[26  3 13 10 28  0]
 [ 7 26 10  4 28  0]
 [ 9  3 10 27  4  0]
 [23 26  9 19 14  0]
 [19 17 13  0  0  0]
 [ 9  5  4 14 17  0]
 [15 26  7 20  1  0]
 [12  0  0  0  0  0]
 [15 18  3 21 22  0]
 [ 8 25  0  0  0  0]]
gen= [[28 26 10  3  0  0]
 [28 26 10  7  0  0]
 [10  3 27  4  0  0]
 [26 23  9 19 14  0]
 [17 19 13  0  0  0]
 [17 14  9  5  4  0]
 [26  1  7 15 20  0]
 [12  0  0  0  0  0]
 [21  3 15 22  0  0]
 [ 8 25  0  0  0  0]]
valid: 0.426, real: 1.58445613178619, syn: 1.7215953926655323 ratio=0.9203417588920179
[ 430 iterations]
real= [[ 5  1 25  4 22  0]
 [19 16 26 20 23  0]
 [19  1 25  8 22  0]
 [26 24 13 19  8  0]
 [ 1 16 13 27 23  0]
 [ 3 14 15  7 28  0]
 [23 17  2  8 27  0]
 [26  3 27 28 25  0]
 [20  3 26 24 23  0]
 [26  3 13 20  9  0]]
gen= [[22  1 25  4  5  0]
 [26 16 19 20 23  0]
 [19 22  0  0  0  0]
 [24 26 13 19  0  0]
 [23 16 27  1  0  0]
 [28  3  7 15  0  0]
 [17  2 27  0  0  0]
 [26 28 27 25  0  0]
 [24 26  3 20 23  0]
 [26  3 13 20  9  0]]
valid: 0.379, real: 1.4181516636480853, syn: 1.5141672835799964 ratio=0.9365884991882151
[ 440 iterations]
real= [[28  2 26  5 11  0]
 [23 14 15 24 28  0]
 [23 24 16 19 28  0]
 [ 7 22  6 21 14  0]
 [24 18 12  2  8  0]
 [13  1 25  0  0  0]
 [ 1 16 26  0  0  0]
 [20 18 15  2  8  0]
 [20 17 13  7 12  0]
 [23 11  1 12 17  0]]
gen= [[26  2 28 11  5  0]
 [24 28 15 23  0  0]
 [24 16 28  0  0  0]
 [21 22  7  0  0  0]
 [24  2 12  0  0  0]
 [ 1 25 13  0  0  0]
 [26 16  1  0  0  0]
 [15  2 18  0  0  0]
 [17 20  7 12  0  0]
 [17 11 12 23  0  0]]
valid: 0.334, real: 1.2323131237956606, syn: 1.3410715763842855 ratio=0.9189018285796103
[ 450 iterations]
real= [[24 18 27  7 22  0]
 [ 9 11  8  0  0  0]
 [13 23 27  5  8  0]
 [13  7  0  0  0  0]
 [20 14 10  6  7  0]
 [ 4 17  6  0  0  0]
 [18  2  0  0  0  0]
 [27 11 26 12 17  0]
 [15  3 25 27 12  0]
 [28  2  1 24 15  0]]
gen= [[24 22 27  7  0  0]
 [ 9 11  8  0  0  0]
 [23  5 27 13  0  0]
 [ 7 13  0  0  0  0]
 [20 10  6  7  0  0]
 [17  6  0  0  0  0]
 [ 2 18  0  0  0  0]
 [26 17 11 27  0  0]
 [15  3 25 27 12  0]
 [24  2 28  1  0  0]]
valid: 0.422, real: 1.575914817162831, syn: 1.7052399385977524 ratio=0.924160161565728
[ 460 iterations]
real= [[25 12  0  0  0  0]
 [25  2 15 24  7  0]
 [23 26 25 19 22  0]
 [26 16 13 20 25  0]
 [26 18 13  9  2  0]
 [ 9  0  0  0  0  0]
 [ 5 11 24 19 28  0]
 [23 16 27  5 11  0]
 [26 10 19  4 11  0]
 [20 18  5 19  4  0]]
gen= [[25 12  0  0  0  0]
 [24  2  0  0  0  0]
 [26 22 19 25  0  0]
 [26 16 13 25  0  0]
 [26  2 18  0  0  0]
 [ 9  0  0  0  0  0]
 [24 28 11  5  0  0]
 [23 16 11 27  0  0]
 [26 10 11  4  0  0]
 [20 18  4 19  0  0]]
valid: 0.13, real: 0.47313871601749813, syn: 0.487920048368688 ratio=0.96970542120454
[ 470 iterations]
real= [[26  3 13 10 28  0]
 [ 7 26 10  4 28  0]
 [ 9  3 10 27  4  0]
 [23 26  9 19 14  0]
 [19 17 13  0  0  0]
 [ 9  5  4 14 17  0]
 [15 26  7 20  1  0]
 [12  0  0  0  0  0]
 [15 18  3 21 22  0]
 [ 8 25  0  0  0  0]]
gen= [[26  3 10 13 28  0]
 [26 28 10  0  0  0]
 [ 9  3 10  4 27  0]
 [23 26  0  0  0  0]
 [17 13 19  0  0  0]
 [17 14  9  4  5  0]
 [15 26  0  0  0  0]
 [12  0  0  0  0  0]
 [21  3 22 15  0  0]
 [ 8 25  0  0  0  0]]
valid: 0.421, real: 1.558030921118385, syn: 1.6943110862980977 ratio=0.919566031125092
[ 480 iterations]
real= [[ 5  1 25  4 22  0]
 [19 16 26 20 23  0]
 [19  1 25  8 22  0]
 [26 24 13 19  8  0]
 [ 1 16 13 27 23  0]
 [ 3 14 15  7 28  0]
 [23 17  2  8 27  0]
 [26  3 27 28 25  0]
 [20  3 26 24 23  0]
 [26  3 13 20  9  0]]
gen= [[22  1 25  5  4  0]
 [26 16 20 19  0  0]
 [22  1 25 19  0  0]
 [24 26 13 19  0  0]
 [23 16 13 27  1  0]
 [15  3 28  7  0  0]
 [23  2 27  0  0  0]
 [26  3 25 28 27  0]
 [24 26  3 20 23  0]
 [26  3 13 20  9  0]]
valid: 0.41, real: 1.5405930173504807, syn: 1.6409840775896258 ratio=0.9388226481840058
[ 490 iterations]
real= [[28  2 26  5 11  0]
 [23 14 15 24 28  0]
 [23 24 16 19 28  0]
 [ 7 22  6 21 14  0]
 [24 18 12  2  8  0]
 [13  1 25  0  0  0]
 [ 1 16 26  0  0  0]
 [20 18 15  2  8  0]
 [20 17 13  7 12  0]
 [23 11  1 12 17  0]]
gen= [[26  2 11  5  0  0]
 [24 28 15 23  0  0]
 [24 16 28  0  0  0]
 [21 22  7  0  0  0]
 [24  2 12  0  0  0]
 [ 1 25 13  0  0  0]
 [26 16  1  0  0  0]
 [15  2 18  0  0  0]
 [17 12 13  0  0  0]
 [17 11 12 23  0  0]]
valid: 0.309, real: 1.1503027861943587, syn: 1.2416623104097892 ratio=0.9264216015502001
