data_file: dataset/5locations/bays29_s0_e0_md1000_ms5_random_reward_ne10000_w1000_gt1000.data
prob_file: dataset/5locations/bays29_s0_e0_md1000_ms5_random_reward.prob
read problem
[ 10 iterations]
real= [[ 8  4  9 16 26  0]
 [28  3 14 21 24  0]
 [15  6 16 14 12  0]
 [23 14 19 24 12  0]
 [ 1 17 16 13 14  0]]
synthesis= [[ 4  0  0  0  0  0]
 [28 21  0  0  0  0]
 [ 0  0  0  0  0  0]
 [23 12  0  0  0  0]
 [ 0  0  0  0  0  0]]
reward: gen=2.0317832309383155 real=3.4907934439019135
ratio=0.5820405198960279
valid: gen=0.009  real=1.0
[ 20 iterations]
real= [[11  4 17  7 26  0]
 [ 3  7 28 20 26  0]
 [11  8  1 16 15  0]
 [ 8 15 14 13 26  0]
 [ 8  7 23 13  3  0]]
synthesis= [[ 4  4  0  0  0  0]
 [28 28  0  0  0  0]
 [ 0  0  0  0  0  0]
 [15  0  0  0  0  0]
 [23 23  0  0  0  0]]
reward: gen=2.2588302910264377 real=3.5147896634505535
ratio=0.6426644286898493
valid: gen=0.009  real=1.0
[ 30 iterations]
real= [[13 17 25  8 11  0]
 [ 8 22  6 24 26  0]
 [ 8 17  9 18  3  0]
 [ 7 15  4 28 26  0]
 [22  5 18  0  0  0]]
synthesis= [[0 0 0 0 0 0]
 [0 0 0 0 0 0]
 [0 0 0 0 0 0]
 [0 0 0 0 0 0]
 [0 0 0 0 0 0]]
reward: gen=1.9307093063791865 real=3.4927181910523175
ratio=0.5527813012012529
valid: gen=0.005  real=1.0
[ 40 iterations]
real= [[ 8 10 13 26  0  0]
 [20  0  0  0  0  0]
 [ 7 10 19 20  4  0]
 [19  3 26  0  0  0]
 [ 7  6 24 25  4  0]]
synthesis= [[ 8  0  0  0  0  0]
 [ 0  0  0  0  0  0]
 [ 4  0  0  0  0  0]
 [19  0  0  0  0  0]
 [ 4  0  0  0  0  0]]
reward: gen=2.407422222895952 real=3.48383600774922
ratio=0.6910262760764391
valid: gen=0.025  real=1.0
[ 50 iterations]
real= [[ 8  1 22 18 23  0]
 [11  5  9 21 26  0]
 [13  9  4 20 11  0]
 [ 1 21 18  4  8  0]
 [28 21 14 26 27  0]]
synthesis= [[18 23  8  8  8  0]
 [26  9  9  9  0  0]
 [ 4  4  4  9  9  0]
 [ 4  4  8  8  0  0]
 [28 28 28 14 14  0]]
reward: gen=2.384465659837586 real=3.524909374627953
ratio=0.67646155018929
valid: gen=0.0  real=1.0
[ 60 iterations]
real= [[ 8  4  9 16 26  0]
 [28  3 14 21 24  0]
 [15  6 16 14 12  0]
 [23 14 19 24 12  0]
 [ 1 17 16 13 14  0]]
synthesis= [[ 4  4  4  4  4  0]
 [28 28 28 28 28  0]
 [12 12  6  6  6  0]
 [23 23 23 23 23  0]
 [ 0 17 17 16 16  0]]
reward: gen=2.208656303284668 real=3.4907934439019135
ratio=0.6327089639586043
valid: gen=0.0  real=1.0
[ 70 iterations]
real= [[11  4 17  7 26  0]
 [ 3  7 28 20 26  0]
 [11  8  1 16 15  0]
 [ 8 15 14 13 26  0]
 [ 8  7 23 13  3  0]]
synthesis= [[ 4  4  4 26 26  0]
 [ 3 26 26 28 28  0]
 [15  8  8  8 11  0]
 [26 26 26 26 26  0]
 [23 23 23 23 23  0]]
reward: gen=2.3644069641762737 real=3.5147896634505535
ratio=0.6727022640254036
valid: gen=0.0  real=1.0
[ 80 iterations]
real= [[13 17 25  8 11  0]
 [ 8 22  6 24 26  0]
 [ 8 17  9 18  3  0]
 [ 7 15  4 28 26  0]
 [22  5 18  0  0  0]]
synthesis= [[17 17 11 11 11  0]
 [26 26 26 26 26  0]
 [ 9  9  9  8  0  0]
 [26 26 26 26  0  0]
 [22 22 22 22  0  0]]
reward: gen=2.685622353638937 real=3.4927181910523175
ratio=0.7689204243614595
valid: gen=0.0  real=1.0
[ 90 iterations]
real= [[ 8 10 13 26  0  0]
 [20  0  0  0  0  0]
 [ 7 10 19 20  4  0]
 [19  3 26  0  0  0]
 [ 7  6 24 25  4  0]]
synthesis= [[26 26 26 26 26  0]
 [ 0  0 20  0  0  0]
 [ 7  7  7  7  7  0]
 [ 3 26 26 26  0  0]
 [ 6  6  7  7  7  0]]
reward: gen=2.766075452066153 real=3.48383600774922
ratio=0.7939740693630449
valid: gen=0.0  real=1.0
[ 100 iterations]
real= [[ 8  1 22 18 23  0]
 [11  5  9 21 26  0]
 [13  9  4 20 11  0]
 [ 1 21 18  4  8  0]
 [28 21 14 26 27  0]]
synthesis= [[ 1 22 22 22  8  0]
 [ 9  9  9 11 11  0]
 [ 9  9  9 11 11  0]
 [ 1  1  8  8  8  0]
 [27 28 28 28 27  0]]
reward: gen=2.95266897757977 real=3.524909374627953
ratio=0.8376581250096445
valid: gen=0.0  real=1.0
[ 110 iterations]
real= [[ 8  4  9 16 26  0]
 [28  3 14 21 24  0]
 [15  6 16 14 12  0]
 [23 14 19 24 12  0]
 [ 1 17 16 13 14  0]]
synthesis= [[ 9 16 16 26 26  0]
 [14 14 14 14 14  0]
 [ 6  6 14 14 14  0]
 [14 14 14 14 14  0]
 [ 1  1 14 14 14  0]]
reward: gen=3.0761511006117765 real=3.4907934439019135
ratio=0.8812183104060546
valid: gen=0.0  real=1.0
[ 120 iterations]
real= [[11  4 17  7 26  0]
 [ 3  7 28 20 26  0]
 [11  8  1 16 15  0]
 [ 8 15 14 13 26  0]
 [ 8  7 23 13  3  0]]
synthesis= [[ 7 17 17 26 26  0]
 [ 7  7 28 28 26  0]
 [ 1  1 16 11  8  0]
 [14 14 13 13 26  0]
 [ 7 13 13 13 23  0]]
reward: gen=3.1587921622225874 real=3.5147896634505535
ratio=0.898714422393494
valid: gen=0.001  real=1.0
[ 130 iterations]
real= [[13 17 25  8 11  0]
 [ 8 22  6 24 26  0]
 [ 8 17  9 18  3  0]
 [ 7 15  4 28 26  0]
 [22  5 18  0  0  0]]
synthesis= [[17 17 13 25  8  0]
 [ 6  6 26 26  8  0]
 [17 17 17  8  8  0]
 [ 7  7 28 26 26  0]
 [22 22 18 18  0  0]]
reward: gen=3.194359576683249 real=3.4927181910523175
ratio=0.9145769575302678
valid: gen=0.004  real=1.0
[ 140 iterations]
real= [[ 8 10 13 26  0  0]
 [20  0  0  0  0  0]
 [ 7 10 19 20  4  0]
 [19  3 26  0  0  0]
 [ 7  6 24 25  4  0]]
synthesis= [[10 10 13 26 26  0]
 [ 0  0  0  0  0  0]
 [ 7 10 10  0  0  0]
 [26 26 26 26 26  0]
 [ 7 25 25 25 25  0]]
reward: gen=3.125306642308792 real=3.48383600774922
ratio=0.8970877605481605
valid: gen=0.005  real=1.0
[ 150 iterations]
real= [[ 8  1 22 18 23  0]
 [11  5  9 21 26  0]
 [13  9  4 20 11  0]
 [ 1 21 18  4  8  0]
 [28 21 14 26 27  0]]
synthesis= [[ 1 22 18 18  8  0]
 [ 5 11 26 11 26  0]
 [11 13 11 11 11  0]
 [ 1 18 18 18  8  0]
 [27 14 26 26 27  0]]
reward: gen=3.095394970504384 real=3.524909374627953
ratio=0.8781488093806942
valid: gen=0.003  real=1.0
[ 160 iterations]
real= [[ 8  4  9 16 26  0]
 [28  3 14 21 24  0]
 [15  6 16 14 12  0]
 [23 14 19 24 12  0]
 [ 1 17 16 13 14  0]]
synthesis= [[ 8 26 26 26 26  0]
 [ 3 14 14  0  0  0]
 [12  6 16  0  0  0]
 [23 14 14  0  0  0]
 [ 1 17 16  0  0  0]]
reward: gen=3.110591957735849 real=3.4907934439019135
ratio=0.8910845077842574
valid: gen=0.004  real=1.0
[ 170 iterations]
real= [[11  4 17  7 26  0]
 [ 3  7 28 20 26  0]
 [11  8  1 16 15  0]
 [ 8 15 14 13 26  0]
 [ 8  7 23 13  3  0]]
synthesis= [[ 7 17 26 11 11  0]
 [ 7 26 26 26 26  0]
 [ 1  1 16 11 11  0]
 [ 8 14 14 26  8  0]
 [23  7 13  8  8  0]]
reward: gen=3.2410294291244304 real=3.5147896634505535
ratio=0.9221119154944349
valid: gen=0.006  real=1.0
[ 180 iterations]
real= [[13 17 25  8 11  0]
 [ 8 22  6 24 26  0]
 [ 8 17  9 18  3  0]
 [ 7 15  4 28 26  0]
 [22  5 18  0  0  0]]
synthesis= [[ 8 17 25 25 11  0]
 [22  6 26 26  8  0]
 [ 8 17 18 18  8  0]
 [ 7  7 28 26 26  0]
 [22  5 18 18  0  0]]
reward: gen=3.371670980361248 real=3.4927181910523175
ratio=0.9653429781420186
valid: gen=0.007  real=1.0
[ 190 iterations]
real= [[ 8 10 13 26  0  0]
 [20  0  0  0  0  0]
 [ 7 10 19 20  4  0]
 [19  3 26  0  0  0]
 [ 7  6 24 25  4  0]]
synthesis= [[ 8 10 13 13  8  0]
 [20 20  0  0  0  0]
 [ 7 10 10  0  0  0]
 [ 3 26 26 26 26  0]
 [ 7  6 25 25  0  0]]
reward: gen=3.368819883438505 real=3.48383600774922
ratio=0.9669857811748657
valid: gen=0.013  real=1.0
[ 200 iterations]
real= [[ 8  1 22 18 23  0]
 [11  5  9 21 26  0]
 [13  9  4 20 11  0]
 [ 1 21 18  4  8  0]
 [28 21 14 26 27  0]]
synthesis= [[ 1 22 18 18 18  0]
 [11  9  9  9 26  0]
 [20  9  9 13 13  0]
 [ 1  1 18 18 18  0]
 [27 14 28 28 28  0]]
reward: gen=3.2830686586471045 real=3.524909374627953
ratio=0.9313909407936554
valid: gen=0.006  real=1.0
[ 210 iterations]
real= [[ 8  4  9 16 26  0]
 [28  3 14 21 24  0]
 [15  6 16 14 12  0]
 [23 14 19 24 12  0]
 [ 1 17 16 13 14  0]]
synthesis= [[ 8  9 16 16  9  0]
 [24 24 28 28 28  0]
 [12  6 16 16 15  0]
 [23 24 14 24 24  0]
 [ 1 17 16 13 13  0]]
reward: gen=3.3308264706174877 real=3.4907934439019135
ratio=0.9541746093387814
valid: gen=0.009  real=1.0
[ 220 iterations]
real= [[11  4 17  7 26  0]
 [ 3  7 28 20 26  0]
 [11  8  1 16 15  0]
 [ 8 15 14 13 26  0]
 [ 8  7 23 13  3  0]]
synthesis= [[ 7 17 26 11 11  0]
 [ 7 28 28 28 28  0]
 [ 1 15 16 16 15  0]
 [ 8 14 14 13 15  0]
 [ 8 13 13 13  8  0]]
reward: gen=3.292466479284456 real=3.5147896634505535
ratio=0.9367463758989669
valid: gen=0.011  real=1.0
[ 230 iterations]
real= [[13 17 25  8 11  0]
 [ 8 22  6 24 26  0]
 [ 8 17  9 18  3  0]
 [ 7 15  4 28 26  0]
 [22  5 18  0  0  0]]
synthesis= [[ 8 17 13 13  8  0]
 [ 8  6 24 24 24  0]
 [ 8 17  9  9  9  0]
 [ 7 15 28 28 28  0]
 [22  5 18 18  0  0]]
reward: gen=3.330942761182425 real=3.4927181910523175
ratio=0.9536820834030267
valid: gen=0.017  real=1.0
[ 240 iterations]
real= [[ 8 10 13 26  0  0]
 [20  0  0  0  0  0]
 [ 7 10 19 20  4  0]
 [19  3 26  0  0  0]
 [ 7  6 24 25  4  0]]
synthesis= [[ 8 10 13 13 26  0]
 [20  0  0  0  0  0]
 [ 7 10 19  0  0  0]
 [ 3 19 19  0 26  0]
 [ 7  6 24 24 24  0]]
reward: gen=3.4088936707458988 real=3.48383600774922
ratio=0.9784885577746414
valid: gen=0.023  real=1.0
[ 250 iterations]
real= [[ 8  1 22 18 23  0]
 [11  5  9 21 26  0]
 [13  9  4 20 11  0]
 [ 1 21 18  4  8  0]
 [28 21 14 26 27  0]]
synthesis= [[ 8 22 18 18  8  0]
 [11 21  9 21 21  0]
 [11  9  9 13  9  0]
 [ 8 21 21 21  8  0]
 [21 21 21 21 26  0]]
reward: gen=3.556323446825077 real=3.524909374627953
ratio=1.0089120226531894
valid: gen=0.02  real=1.0
[ 260 iterations]
real= [[ 8  4  9 16 26  0]
 [28  3 14 21 24  0]
 [15  6 16 14 12  0]
 [23 14 19 24 12  0]
 [ 1 17 16 13 14  0]]
synthesis= [[ 8  9 16 16  8  0]
 [ 3 21 21 21 21  0]
 [12  6 16 15 15  0]
 [23 14 14 24  0  0]
 [ 1 17 16 13  0  0]]
reward: gen=3.6866423700110094 real=3.4907934439019135
ratio=1.0561044155881596
valid: gen=0.015  real=1.0
[ 270 iterations]
real= [[11  4 17  7 26  0]
 [ 3  7 28 20 26  0]
 [11  8  1 16 15  0]
 [ 8 15 14 13 26  0]
 [ 8  7 23 13  3  0]]
synthesis= [[ 7 17 26  0 26  0]
 [ 7 26 28 28 26  0]
 [ 8 15 16 15  8  0]
 [ 8 14 15 13  8  0]
 [ 8 13 13 13  8  0]]
reward: gen=3.6905159537395433 real=3.5147896634505535
ratio=1.049996246465706
valid: gen=0.029  real=1.0
[ 280 iterations]
real= [[13 17 25  8 11  0]
 [ 8 22  6 24 26  0]
 [ 8 17  9 18  3  0]
 [ 7 15  4 28 26  0]
 [22  5 18  0  0  0]]
synthesis= [[ 8 17 13 25 25  0]
 [ 8  6 26 24  8  0]
 [ 8 17 18 18  8  0]
 [ 7 15 15 28 26  0]
 [22 22 18 18  0  0]]
reward: gen=3.667839351350294 real=3.4927181910523175
ratio=1.0501389321207202
valid: gen=0.017  real=1.0
[ 290 iterations]
real= [[ 8 10 13 26  0  0]
 [20  0  0  0  0  0]
 [ 7 10 19 20  4  0]
 [19  3 26  0  0  0]
 [ 7  6 24 25  4  0]]
synthesis= [[ 8 10 13 13  8  0]
 [ 0 20  0  0  0  0]
 [ 7 10 19 19 19  0]
 [ 3 26 19 19 26  0]
 [ 7  6 24 25 25  0]]
reward: gen=3.6354633560299354 real=3.48383600774922
ratio=1.0435231015304525
valid: gen=0.027  real=1.0
[ 300 iterations]
real= [[ 8  1 22 18 23  0]
 [11  5  9 21 26  0]
 [13  9  4 20 11  0]
 [ 1 21 18  4  8  0]
 [28 21 14 26 27  0]]
synthesis= [[ 8 22 18 18  8  0]
 [11  9  9 26 26  0]
 [11  9  9 13  0  0]
 [ 8 21 18 18 21  0]
 [27 14 14 28 26  0]]
reward: gen=3.63127054312212 real=3.524909374627953
ratio=1.0301741568903153
valid: gen=0.036  real=1.0
[ 310 iterations]
real= [[ 8  4  9 16 26  0]
 [28  3 14 21 24  0]
 [15  6 16 14 12  0]
 [23 14 19 24 12  0]
 [ 1 17 16 13 14  0]]
synthesis= [[ 8  9 16 26 26  0]
 [ 3 14 14 24  0  0]
 [12  6 16  0 15  0]
 [23 14 14 24  0  0]
 [ 1 17 16 13  0  0]]
reward: gen=3.5345575618803973 real=3.4907934439019135
ratio=1.0125370116226544
valid: gen=0.021  real=1.0
[ 320 iterations]
real= [[11  4 17  7 26  0]
 [ 3  7 28 20 26  0]
 [11  8  1 16 15  0]
 [ 8 15 14 13 26  0]
 [ 8  7 23 13  3  0]]
synthesis= [[ 7 17 26 11 11  0]
 [ 7 26 26 28 26  0]
 [ 8 16 16 11 11  0]
 [ 8 14 14 13 26  0]
 [ 8  7 13 13  0  0]]
reward: gen=3.536352013200444 real=3.5147896634505535
ratio=1.0061347482536755
valid: gen=0.033  real=1.0
[ 330 iterations]
real= [[13 17 25  8 11  0]
 [ 8 22  6 24 26  0]
 [ 8 17  9 18  3  0]
 [ 7 15  4 28 26  0]
 [22  5 18  0  0  0]]
synthesis= [[ 8 17 13 11 11  0]
 [ 8 22 26 24 26  0]
 [ 8 17 18 18  0  0]
 [ 7 26 26 28 26  0]
 [22 22 18 18  0  0]]
reward: gen=3.4932903830085302 real=3.4927181910523175
ratio=1.000163824255183
valid: gen=0.023  real=1.0
[ 340 iterations]
real= [[ 8 10 13 26  0  0]
 [20  0  0  0  0  0]
 [ 7 10 19 20  4  0]
 [19  3 26  0  0  0]
 [ 7  6 24 25  4  0]]
synthesis= [[ 8 10 26 13 26  0]
 [ 0  0  0  0  0  0]
 [ 7 10  0  0  0  0]
 [19 26 26 26 26  0]
 [ 7  6  0 24 24  0]]
reward: gen=3.389170812850791 real=3.48383600774922
ratio=0.9728273102729688
valid: gen=0.022  real=1.0
[ 350 iterations]
real= [[ 8  1 22 18 23  0]
 [11  5  9 21 26  0]
 [13  9  4 20 11  0]
 [ 1 21 18  4  8  0]
 [28 21 14 26 27  0]]
synthesis= [[ 8 22 18  1  1  0]
 [11  9 26 11 11  0]
 [ 4  9 13 13 11  0]
 [ 8 21 18  1  1  0]
 [14 21 14 14 27  0]]
reward: gen=3.319920939344758 real=3.524909374627953
ratio=0.9418457572955812
valid: gen=0.024  real=1.0
[ 360 iterations]
real= [[ 8  4  9 16 26  0]
 [28  3 14 21 24  0]
 [15  6 16 14 12  0]
 [23 14 19 24 12  0]
 [ 1 17 16 13 14  0]]
synthesis= [[ 8  9 16 26 26  0]
 [ 3 21 14 24 14  0]
 [12  6 16 14 14  0]
 [12 12 14 24 14  0]
 [ 1 17 16 13  1  0]]
reward: gen=3.3197856923525277 real=3.4907934439019135
ratio=0.9510117816199867
valid: gen=0.029  real=1.0
[ 370 iterations]
real= [[11  4 17  7 26  0]
 [ 3  7 28 20 26  0]
 [11  8  1 16 15  0]
 [ 8 15 14 13 26  0]
 [ 8  7 23 13  3  0]]
synthesis= [[ 7 17 26 11 26  0]
 [ 7  7 26 28 26  0]
 [ 8  1 16  1  1  0]
 [ 8 14 14 13 14  0]
 [ 8  7 13 13 13  0]]
reward: gen=3.3244285653735854 real=3.5147896634505535
ratio=0.9458399744210907
valid: gen=0.024  real=1.0
[ 380 iterations]
real= [[13 17 25  8 11  0]
 [ 8 22  6 24 26  0]
 [ 8 17  9 18  3  0]
 [ 7 15  4 28 26  0]
 [22  5 18  0  0  0]]
synthesis= [[ 8 17 13 13 13  0]
 [ 8 22 26 24 26  0]
 [ 8 17 18 18  0  0]
 [ 7  7 28 28 26  0]
 [18 22 18 18  0  0]]
reward: gen=3.2784928004583422 real=3.4927181910523175
ratio=0.9386651373297794
valid: gen=0.015  real=1.0
[ 390 iterations]
real= [[ 8 10 13 26  0  0]
 [20  0  0  0  0  0]
 [ 7 10 19 20  4  0]
 [19  3 26  0  0  0]
 [ 7  6 24 25  4  0]]
synthesis= [[ 8 10 13 13 26  0]
 [20  0  0  0  0  0]
 [ 7 10  0  0  0  0]
 [19 26 26 26 26  0]
 [ 7  6  0 24  0  0]]
reward: gen=3.268077564682396 real=3.48383600774922
ratio=0.9380687143175209
valid: gen=0.012  real=1.0
[ 400 iterations]
real= [[ 8  1 22 18 23  0]
 [11  5  9 21 26  0]
 [13  9  4 20 11  0]
 [ 1 21 18  4  8  0]
 [28 21 14 26 27  0]]
synthesis= [[ 8 22 18 23 23  0]
 [11 21 21 21 26  0]
 [ 4  9 13 13 13  0]
 [ 8 21 18 21  1  0]
 [14 21 14 21 27  0]]
reward: gen=3.351952483791448 real=3.524909374627953
ratio=0.9509329538848753
valid: gen=0.028  real=1.0
[ 410 iterations]
real= [[ 8  4  9 16 26  0]
 [28  3 14 21 24  0]
 [15  6 16 14 12  0]
 [23 14 19 24 12  0]
 [ 1 17 16 13 14  0]]
synthesis= [[ 8  9 16 26 26  0]
 [14 21 14 21 21  0]
 [12  6 16 14 15  0]
 [12 14 14 24 23  0]
 [ 1 17 16 13 13  0]]
reward: gen=3.451896230754091 real=3.4907934439019135
ratio=0.9888572000111401
valid: gen=0.023  real=1.0
[ 420 iterations]
real= [[11  4 17  7 26  0]
 [ 3  7 28 20 26  0]
 [11  8  1 16 15  0]
 [ 8 15 14 13 26  0]
 [ 8  7 23 13  3  0]]
synthesis= [[ 7 17 26 26 26  0]
 [ 7  7 28 28 26  0]
 [ 8  1 16  0 15  0]
 [ 8 14 14 13 26  0]
 [ 8  7 13 13 23  0]]
reward: gen=3.4910969597129227 real=3.5147896634505535
ratio=0.9932591403736031
valid: gen=0.021  real=1.0
[ 430 iterations]
real= [[13 17 25  8 11  0]
 [ 8 22  6 24 26  0]
 [ 8 17  9 18  3  0]
 [ 7 15  4 28 26  0]
 [22  5 18  0  0  0]]
synthesis= [[ 8 17 13 13 13  0]
 [ 8 22 26 24 26  0]
 [ 8 17 18 18  0  0]
 [ 7  4 28 28 26  0]
 [22 22 18 18  0  0]]
reward: gen=3.5216175967018932 real=3.4927181910523175
ratio=1.0082741876294545
valid: gen=0.026  real=1.0
[ 440 iterations]
real= [[ 8 10 13 26  0  0]
 [20  0  0  0  0  0]
 [ 7 10 19 20  4  0]
 [19  3 26  0  0  0]
 [ 7  6 24 25  4  0]]
synthesis= [[ 8 10 13 13 26  0]
 [ 0  0  0  0  0  0]
 [ 7 10 10  7  7  0]
 [19 26 26 26 26  0]
 [ 7  6 24 24 24  0]]
reward: gen=3.4507042887377706 real=3.48383600774922
ratio=0.9904898741106776
valid: gen=0.023  real=1.0
[ 450 iterations]
real= [[ 8  1 22 18 23  0]
 [11  5  9 21 26  0]
 [13  9  4 20 11  0]
 [ 1 21 18  4  8  0]
 [28 21 14 26 27  0]]
synthesis= [[ 1 22 18 23 23  0]
 [11  9 21 21 26  0]
 [ 4  9 13 13 13  0]
 [ 8  1 18 21 21  0]
 [27 14 14 21 26  0]]
reward: gen=3.4580072849195362 real=3.524909374627953
ratio=0.9810201958127
valid: gen=0.04  real=1.0
[ 460 iterations]
real= [[ 8  4  9 16 26  0]
 [28  3 14 21 24  0]
 [15  6 16 14 12  0]
 [23 14 19 24 12  0]
 [ 1 17 16 13 14  0]]
synthesis= [[ 8  9 16 26 26  0]
 [24 14 14 24 28  0]
 [12  6 16  0 15  0]
 [12 14 14 24 23  0]
 [ 1 17 16 13 13  0]]
reward: gen=3.4825607877603235 real=3.4907934439019135
ratio=0.9976416089138784
valid: gen=0.026  real=1.0
[ 470 iterations]
real= [[11  4 17  7 26  0]
 [ 3  7 28 20 26  0]
 [11  8  1 16 15  0]
 [ 8 15 14 13 26  0]
 [ 8  7 23 13  3  0]]
synthesis= [[ 7 17 26  7 26  0]
 [ 7 28 28  7 26  0]
 [ 1  1 16  0 15  0]
 [ 8 14 14 13 26  0]
 [ 8  7 13  7 23  0]]
reward: gen=3.4771635557827043 real=3.5147896634505535
ratio=0.9892949191073611
valid: gen=0.027  real=1.0
[ 480 iterations]
real= [[13 17 25  8 11  0]
 [ 8 22  6 24 26  0]
 [ 8 17  9 18  3  0]
 [ 7 15  4 28 26  0]
 [22  5 18  0  0  0]]
synthesis= [[ 8 17 13 25 25  0]
 [ 8  6  8 24 26  0]
 [ 8 17 18 18  0  0]
 [ 7  4 15  7 26  0]
 [22 22 18 18  0  0]]
reward: gen=3.5304483437347796 real=3.4927181910523175
ratio=1.0108025184451237
valid: gen=0.039  real=1.0
[ 490 iterations]
real= [[ 8 10 13 26  0  0]
 [20  0  0  0  0  0]
 [ 7 10 19 20  4  0]
 [19  3 26  0  0  0]
 [ 7  6 24 25  4  0]]
synthesis= [[ 8 10 13 13 26  0]
 [ 0  0  0  0  0  0]
 [ 7 10 19 19 19  0]
 [19 19 19 19 26  0]
 [ 7  6 25 24 25  0]]
reward: gen=3.522180569824787 real=3.48383600774922
ratio=1.0110064199320163
valid: gen=0.045  real=1.0
