read problem
[ 1 iterations]
real=[[27, 26, 25, 23, 22, 21, 17, 16, 15, 12, 3, 10, 9, 2, 8, 0], [27, 24, 22, 21, 19, 15, 11, 10, 9, 8, 1, 4, 14, 0, 0, 0], [20, 14, 0, 0, 0, 0, 0, 0, 0, 0, 0, 0, 0, 0, 0, 0], [28, 27, 26, 25, 24, 20, 17, 16, 15, 4, 11, 10, 5, 2, 8, 0], [21, 14, 28, 0, 0, 0, 0, 0, 0, 0, 0, 0, 0, 0, 0, 0], [22, 0, 0, 0, 0, 0, 0, 0, 0, 0, 0, 0, 0, 0, 0, 0], [28, 26, 25, 22, 20, 19, 18, 17, 15, 4, 5, 10, 13, 2, 12, 0], [17, 25, 0, 0, 0, 0, 0, 0, 0, 0, 0, 0, 0, 0, 0, 0], [15, 26, 12, 2, 0, 0, 0, 0, 0, 0, 0, 0, 0, 0, 0, 0], [11, 0, 0, 0, 0, 0, 0, 0, 0, 0, 0, 0, 0, 0, 0, 0]]
gen=[[19, 19, 0, 0, 0, 0, 0, 0, 0, 0, 0, 0, 0, 0, 0, 0], [27, 16, 16, 0, 0, 0, 0, 0, 0, 0, 0, 0, 0, 0, 0, 0], [19, 17, 17, 0, 0, 0, 0, 0, 0, 0, 0, 0, 0, 0, 0, 0], [19, 19, 19, 0, 0, 0, 0, 0, 0, 0, 0, 0, 0, 0, 0, 0], [0, 0, 0, 0, 0, 0, 0, 0, 0, 0, 0, 0, 0, 0, 0, 0], [24, 19, 19, 0, 0, 0, 0, 0, 0, 0, 0, 0, 0, 0, 0, 0], [19, 19, 19, 19, 0, 0, 0, 0, 0, 0, 0, 0, 0, 0, 0, 0], [0, 0, 0, 0, 0, 0, 0, 0, 0, 0, 0, 0, 0, 0, 0, 0], [27, 19, 0, 0, 0, 0, 0, 0, 0, 0, 0, 0, 0, 0, 0, 0], [0, 0, 24, 0, 0, 0, 0, 0, 0, 0, 0, 0, 0, 0, 0, 0]]
valid routes=0.001
norm-reward=0.8426337922007846
[ 2 iterations]
real=[[7, 3, 5, 0, 0, 0, 0, 0, 0, 0, 0, 0, 0, 0, 0, 0], [28, 26, 25, 22, 21, 20, 19, 17, 16, 4, 11, 10, 5, 2, 8, 0], [27, 26, 24, 23, 22, 21, 19, 18, 16, 11, 9, 13, 7, 2, 8, 0], [28, 17, 14, 12, 8, 7, 6, 5, 3, 11, 1, 0, 0, 0, 0, 0], [26, 23, 22, 13, 15, 4, 5, 10, 2, 12, 0, 0, 0, 0, 0, 0], [8, 0, 0, 0, 0, 0, 0, 0, 0, 0, 0, 0, 0, 0, 0, 0], [27, 25, 24, 21, 20, 18, 17, 15, 14, 11, 1, 13, 5, 6, 12, 0], [27, 26, 24, 21, 20, 17, 16, 15, 14, 5, 1, 10, 9, 3, 6, 0], [27, 24, 23, 21, 20, 18, 14, 13, 10, 11, 5, 1, 9, 6, 8, 0], [27, 24, 22, 21, 20, 19, 18, 15, 12, 13, 3, 10, 1, 2, 6, 0]]
gen=[[18, 18, 18, 0, 0, 0, 0, 0, 0, 0, 0, 0, 0, 0, 0, 0], [18, 11, 0, 0, 0, 0, 0, 0, 0, 0, 0, 0, 0, 0, 0, 0], [18, 18, 11, 0, 0, 0, 0, 0, 0, 0, 0, 0, 0, 0, 0, 0], [18, 18, 18, 0, 0, 0, 0, 0, 0, 0, 0, 0, 0, 0, 0, 0], [18, 11, 0, 0, 0, 0, 0, 0, 0, 0, 0, 0, 0, 0, 0, 0], [18, 0, 0, 0, 0, 0, 0, 0, 0, 0, 0, 0, 0, 0, 0, 0], [16, 0, 0, 0, 0, 0, 0, 0, 0, 0, 0, 0, 0, 0, 0, 0], [16, 16, 0, 0, 0, 0, 0, 0, 0, 0, 0, 0, 0, 0, 0, 0], [16, 16, 0, 0, 0, 0, 0, 0, 0, 0, 0, 0, 0, 0, 0, 0], [18, 18, 0, 0, 0, 0, 0, 0, 0, 0, 0, 0, 0, 0, 0, 0]]
valid routes=0.001
norm-reward=0.8976096660669852
[ 3 iterations]
real=[[28, 25, 23, 21, 18, 15, 13, 10, 9, 4, 6, 3, 7, 2, 8, 0], [24, 22, 21, 17, 16, 15, 13, 12, 11, 7, 1, 10, 9, 3, 6, 0], [9, 0, 0, 0, 0, 0, 0, 0, 0, 0, 0, 0, 0, 0, 0, 0], [27, 23, 18, 17, 15, 14, 13, 10, 9, 4, 6, 1, 7, 2, 8, 0], [26, 25, 23, 21, 6, 16, 11, 5, 17, 7, 0, 0, 0, 0, 0, 0], [16, 18, 0, 0, 0, 0, 0, 0, 0, 0, 0, 0, 0, 0, 0, 0], [27, 24, 21, 20, 18, 17, 14, 5, 3, 12, 11, 10, 9, 0, 0, 0], [27, 26, 25, 23, 22, 20, 18, 4, 9, 13, 11, 10, 7, 0, 0, 0], [15, 25, 3, 1, 20, 22, 0, 0, 0, 0, 0, 0, 0, 0, 0, 0], [27, 24, 16, 13, 6, 4, 7, 5, 9, 12, 0, 0, 0, 0, 0, 0]]
gen=[[24, 24, 10, 10, 10, 10, 10, 10, 10, 10, 10, 10, 10, 10, 10, 10], [24, 26, 10, 10, 10, 10, 10, 10, 10, 10, 10, 10, 10, 10, 10, 10], [10, 10, 10, 10, 10, 10, 10, 10, 10, 10, 10, 10, 10, 10, 10, 10], [24, 24, 24, 10, 10, 10, 10, 10, 10, 10, 10, 10, 10, 10, 10, 10], [24, 24, 24, 26, 10, 10, 10, 10, 10, 10, 10, 10, 10, 10, 10, 10], [24, 24, 24, 10, 10, 10, 10, 10, 10, 10, 10, 10, 10, 10, 10, 10], [26, 10, 10, 10, 10, 10, 10, 10, 10, 10, 10, 10, 10, 10, 10, 10], [24, 24, 24, 10, 10, 10, 10, 10, 10, 10, 10, 10, 10, 10, 10, 10], [24, 10, 10, 10, 10, 10, 10, 10, 10, 10, 10, 10, 10, 10, 10, 10], [24, 24, 24, 10, 10, 10, 10, 10, 10, 10, 10, 10, 10, 10, 10, 10]]
valid routes=0.0
norm-reward=0.8656305620680362
[ 4 iterations]
real=[[26, 25, 22, 20, 18, 15, 14, 12, 9, 11, 6, 1, 7, 3, 8, 0], [23, 17, 15, 13, 12, 9, 11, 5, 3, 4, 10, 0, 0, 0, 0, 0], [28, 26, 24, 23, 21, 19, 17, 16, 14, 8, 1, 10, 7, 3, 13, 0], [24, 14, 16, 4, 0, 0, 0, 0, 0, 0, 0, 0, 0, 0, 0, 0], [28, 26, 25, 21, 20, 17, 16, 14, 9, 8, 5, 4, 7, 10, 1, 0], [27, 25, 24, 23, 22, 20, 16, 15, 12, 11, 3, 4, 7, 2, 6, 0], [28, 26, 25, 22, 21, 20, 18, 17, 14, 12, 5, 10, 7, 3, 8, 0], [27, 25, 22, 21, 7, 24, 5, 17, 15, 0, 0, 0, 0, 0, 0, 0], [27, 24, 23, 22, 21, 20, 18, 16, 15, 12, 5, 10, 7, 2, 6, 0], [16, 0, 0, 0, 0, 0, 0, 0, 0, 0, 0, 0, 0, 0, 0, 0]]
gen=[[28, 28, 28, 0, 0, 0, 0, 0, 0, 0, 0, 0, 0, 0, 0, 0], [28, 28, 28, 28, 0, 0, 0, 0, 0, 0, 0, 0, 0, 0, 0, 0], [28, 28, 28, 28, 28, 28, 0, 0, 0, 0, 0, 0, 0, 0, 0, 0], [28, 28, 28, 28, 28, 0, 0, 0, 0, 0, 0, 0, 0, 0, 0, 0], [28, 28, 28, 28, 28, 0, 0, 0, 0, 0, 0, 0, 0, 0, 0, 0], [26, 28, 28, 28, 28, 28, 0, 0, 0, 0, 0, 0, 0, 0, 0, 0], [28, 28, 28, 28, 28, 0, 0, 0, 0, 0, 0, 0, 0, 0, 0, 0], [28, 28, 28, 28, 28, 0, 0, 0, 0, 0, 0, 0, 0, 0, 0, 0], [28, 28, 28, 28, 0, 0, 0, 0, 0, 0, 0, 0, 0, 0, 0, 0], [28, 28, 28, 28, 0, 0, 0, 0, 0, 0, 0, 0, 0, 0, 0, 0]]
valid routes=0.0
norm-reward=0.9332948955916912
[ 5 iterations]
real=[[13, 23, 0, 0, 0, 0, 0, 0, 0, 0, 0, 0, 0, 0, 0, 0], [26, 3, 12, 27, 0, 0, 0, 0, 0, 0, 0, 0, 0, 0, 0, 0], [28, 27, 26, 23, 21, 20, 19, 18, 17, 4, 11, 10, 15, 6, 8, 0], [17, 16, 26, 6, 2, 0, 0, 0, 0, 0, 0, 0, 0, 0, 0, 0], [22, 20, 16, 11, 2, 19, 6, 4, 3, 0, 0, 0, 0, 0, 0, 0], [15, 18, 0, 0, 0, 0, 0, 0, 0, 0, 0, 0, 0, 0, 0, 0], [28, 27, 25, 24, 23, 18, 13, 12, 10, 11, 6, 1, 7, 2, 8, 0], [26, 24, 13, 10, 2, 20, 18, 0, 0, 0, 0, 0, 0, 0, 0, 0], [26, 18, 16, 12, 8, 7, 6, 5, 2, 4, 3, 1, 0, 0, 0, 0], [26, 25, 24, 23, 22, 18, 16, 14, 10, 8, 6, 4, 5, 2, 13, 0]]
gen=[[13, 13, 13, 13, 13, 13, 13, 13, 13, 13, 13, 13, 13, 13, 13, 13], [28, 28, 13, 13, 13, 13, 13, 13, 13, 13, 13, 13, 13, 13, 13, 13], [28, 13, 13, 13, 13, 13, 13, 13, 13, 13, 13, 13, 13, 13, 13, 13], [28, 13, 13, 13, 13, 13, 13, 13, 13, 13, 13, 13, 13, 13, 13, 13], [28, 13, 13, 13, 13, 13, 13, 13, 13, 13, 13, 13, 13, 13, 13, 13], [28, 13, 13, 13, 13, 13, 13, 13, 13, 13, 13, 13, 13, 13, 13, 13], [28, 13, 13, 13, 13, 13, 13, 13, 13, 13, 13, 13, 13, 13, 13, 13], [28, 13, 13, 13, 13, 13, 13, 13, 13, 13, 13, 13, 13, 13, 13, 13], [13, 13, 13, 13, 13, 13, 13, 13, 13, 13, 13, 13, 13, 13, 13, 13], [13, 13, 13, 13, 13, 13, 13, 13, 13, 13, 13, 13, 13, 13, 13, 13]]
valid routes=0.0
norm-reward=0.8609184631793267
[ 6 iterations]
real=[[27, 22, 20, 19, 16, 13, 11, 10, 9, 4, 5, 1, 7, 3, 8, 0], [27, 23, 21, 17, 16, 15, 13, 10, 7, 8, 3, 1, 5, 2, 6, 0], [28, 25, 24, 23, 21, 20, 17, 15, 12, 11, 5, 13, 7, 3, 8, 0], [28, 3, 12, 27, 6, 13, 1, 0, 0, 0, 0, 0, 0, 0, 0, 0], [27, 24, 22, 19, 6, 4, 11, 14, 17, 12, 0, 0, 0, 0, 0, 0], [9, 25, 28, 0, 0, 0, 0, 0, 0, 0, 0, 0, 0, 0, 0, 0], [2, 0, 0, 0, 0, 0, 0, 0, 0, 0, 0, 0, 0, 0, 0, 0], [28, 26, 25, 23, 22, 20, 18, 14, 11, 13, 6, 10, 9, 3, 8, 0], [22, 21, 19, 18, 17, 16, 14, 12, 11, 3, 5, 10, 7, 2, 6, 0], [26, 25, 24, 20, 18, 17, 16, 14, 9, 11, 5, 4, 7, 3, 1, 0]]
gen=[[28, 12, 12, 12, 12, 12, 12, 12, 12, 12, 12, 12, 12, 12, 12, 12], [28, 28, 28, 12, 12, 12, 12, 12, 12, 12, 12, 12, 12, 12, 12, 12], [12, 12, 12, 12, 12, 12, 12, 12, 12, 12, 12, 12, 12, 12, 12, 12], [28, 28, 28, 28, 28, 12, 12, 12, 12, 12, 12, 12, 12, 12, 12, 12], [28, 28, 28, 28, 28, 12, 12, 12, 12, 12, 12, 12, 12, 12, 12, 12], [12, 28, 28, 28, 28, 28, 12, 12, 12, 12, 12, 12, 12, 12, 12, 12], [12, 12, 12, 12, 12, 12, 12, 12, 12, 12, 12, 12, 12, 12, 12, 12], [28, 28, 28, 28, 28, 12, 12, 12, 12, 12, 12, 12, 12, 12, 12, 12], [12, 28, 28, 28, 28, 12, 12, 12, 12, 12, 12, 12, 12, 12, 12, 12], [28, 28, 28, 28, 28, 12, 12, 12, 12, 12, 12, 12, 12, 12, 12, 12]]
valid routes=0.0
norm-reward=0.8078700010824358
[ 7 iterations]
real=[[20, 21, 28, 0, 0, 0, 0, 0, 0, 0, 0, 0, 0, 0, 0, 0], [5, 0, 0, 0, 0, 0, 0, 0, 0, 0, 0, 0, 0, 0, 0, 0], [26, 22, 19, 18, 17, 15, 14, 5, 9, 8, 6, 1, 7, 0, 0, 0], [28, 25, 22, 20, 18, 16, 15, 13, 12, 4, 11, 10, 7, 2, 6, 0], [28, 27, 26, 23, 21, 19, 17, 16, 9, 8, 1, 4, 15, 3, 6, 0], [27, 26, 23, 22, 20, 18, 17, 15, 11, 9, 5, 1, 7, 6, 13, 0], [26, 24, 22, 21, 19, 16, 14, 11, 9, 4, 5, 1, 7, 6, 0, 0], [28, 26, 24, 22, 21, 19, 18, 16, 10, 13, 5, 1, 9, 2, 6, 0], [24, 21, 20, 17, 14, 16, 7, 1, 3, 8, 0, 0, 0, 0, 0, 0], [28, 26, 25, 22, 20, 17, 16, 14, 9, 12, 1, 10, 13, 2, 0, 0]]
gen=[[28, 28, 9, 9, 9, 9, 9, 1, 1, 0, 0, 0, 0, 0, 0, 0], [9, 9, 9, 28, 1, 28, 0, 0, 15, 28, 28, 28, 9, 9, 9, 1], [28, 28, 9, 9, 9, 9, 9, 9, 1, 1, 1, 0, 0, 0, 0, 0], [28, 28, 28, 9, 9, 9, 9, 9, 9, 1, 1, 0, 0, 0, 0, 0], [28, 28, 9, 9, 9, 9, 9, 9, 1, 1, 0, 0, 0, 0, 0, 0], [9, 9, 9, 9, 9, 1, 1, 0, 0, 0, 0, 0, 0, 0, 0, 28], [28, 28, 28, 9, 9, 9, 9, 9, 9, 1, 1, 0, 0, 0, 0, 0], [28, 9, 9, 9, 9, 9, 9, 1, 1, 0, 0, 0, 0, 0, 0, 0], [28, 28, 9, 9, 9, 9, 1, 1, 1, 0, 0, 0, 0, 0, 0, 0], [28, 28, 28, 9, 9, 9, 9, 9, 9, 1, 0, 0, 0, 0, 0, 0]]
valid routes=0.0
norm-reward=0.737885497243138
[ 8 iterations]
real=[[23, 17, 15, 10, 6, 13, 1, 4, 2, 3, 0, 0, 0, 0, 0, 0], [27, 21, 15, 3, 14, 23, 7, 10, 0, 0, 0, 0, 0, 0, 0, 0], [27, 21, 20, 19, 18, 16, 15, 13, 9, 4, 3, 1, 5, 2, 8, 0], [27, 25, 23, 20, 17, 16, 15, 14, 11, 13, 9, 10, 7, 3, 8, 0], [6, 28, 0, 0, 0, 0, 0, 0, 0, 0, 0, 0, 0, 0, 0, 0], [26, 23, 19, 18, 7, 9, 11, 1, 3, 12, 0, 0, 0, 0, 0, 0], [28, 27, 26, 25, 23, 22, 20, 19, 17, 11, 6, 14, 5, 2, 8, 0], [1, 27, 28, 0, 0, 0, 0, 0, 0, 0, 0, 0, 0, 0, 0, 0], [27, 24, 22, 19, 17, 14, 13, 9, 2, 8, 3, 4, 12, 0, 0, 0], [27, 26, 21, 20, 18, 17, 16, 14, 12, 7, 5, 10, 9, 6, 1, 0]]
gen=[[28, 28, 9, 9, 9, 9, 9, 3, 3, 3, 3, 3, 3, 3, 3, 3], [28, 28, 28, 9, 9, 9, 9, 9, 3, 3, 3, 3, 3, 3, 3, 3], [28, 28, 28, 9, 9, 9, 9, 9, 9, 3, 3, 3, 3, 3, 3, 3], [28, 28, 28, 28, 9, 9, 9, 9, 9, 9, 3, 3, 3, 3, 3, 3], [28, 28, 28, 28, 9, 9, 9, 9, 3, 3, 3, 3, 3, 3, 3, 3], [28, 28, 28, 9, 9, 9, 9, 9, 9, 3, 3, 3, 3, 3, 3, 3], [28, 28, 28, 28, 9, 9, 9, 9, 9, 3, 3, 3, 3, 3, 3, 3], [9, 9, 3, 3, 3, 3, 3, 3, 3, 3, 3, 3, 3, 3, 3, 3], [28, 28, 28, 9, 9, 9, 9, 9, 9, 3, 3, 3, 3, 3, 3, 3], [28, 28, 28, 28, 9, 9, 9, 9, 9, 3, 3, 3, 3, 3, 3, 3]]
valid routes=0.0
norm-reward=0.7733400941017026
[ 9 iterations]
real=[[22, 25, 12, 10, 6, 19, 5, 0, 0, 0, 0, 0, 0, 0, 0, 0], [28, 26, 25, 24, 21, 18, 17, 14, 12, 7, 9, 13, 5, 2, 6, 0], [28, 27, 22, 20, 17, 14, 13, 9, 7, 8, 3, 1, 5, 2, 6, 0], [28, 25, 24, 22, 21, 19, 18, 17, 14, 4, 6, 10, 2, 3, 8, 0], [27, 26, 24, 23, 21, 20, 17, 16, 15, 12, 6, 4, 7, 14, 13, 0], [27, 25, 17, 6, 20, 15, 5, 4, 0, 0, 0, 0, 0, 0, 0, 0], [28, 27, 22, 21, 17, 16, 14, 13, 12, 3, 5, 10, 9, 2, 1, 0], [25, 24, 23, 20, 19, 18, 17, 15, 9, 8, 6, 4, 1, 3, 13, 0], [17, 25, 5, 0, 0, 0, 0, 0, 0, 0, 0, 0, 0, 0, 0, 0], [28, 27, 26, 25, 23, 22, 21, 18, 14, 11, 1, 4, 9, 8, 13, 0]]
gen=[[24, 24, 7, 7, 7, 0, 0, 0, 0, 0, 0, 0, 0, 0, 0, 0], [24, 9, 7, 7, 0, 0, 0, 0, 0, 0, 0, 0, 0, 0, 0, 0], [24, 24, 9, 3, 7, 7, 0, 0, 0, 0, 0, 0, 0, 0, 0, 0], [24, 24, 7, 7, 7, 0, 0, 0, 0, 0, 0, 0, 0, 0, 0, 0], [24, 24, 7, 7, 7, 0, 0, 0, 0, 0, 0, 0, 0, 0, 0, 0], [24, 24, 7, 7, 7, 0, 0, 0, 0, 0, 0, 0, 0, 0, 0, 0], [24, 24, 7, 7, 0, 0, 0, 0, 0, 0, 0, 0, 0, 0, 0, 0], [24, 24, 9, 3, 7, 0, 0, 0, 0, 0, 0, 0, 0, 0, 0, 0], [15, 9, 7, 0, 0, 0, 0, 0, 0, 0, 0, 0, 0, 0, 0, 0], [24, 24, 9, 3, 7, 0, 0, 0, 0, 0, 0, 0, 0, 0, 0, 0]]
valid routes=0.0
norm-reward=0.9497124672627898
[ 10 iterations]
real=[[26, 25, 20, 19, 18, 16, 15, 12, 2, 8, 5, 10, 7, 6, 0, 0], [28, 27, 25, 20, 19, 18, 16, 11, 10, 3, 5, 1, 7, 2, 8, 0], [25, 23, 22, 21, 20, 17, 16, 15, 14, 4, 5, 10, 13, 3, 12, 0], [26, 24, 23, 22, 21, 20, 18, 17, 15, 7, 5, 3, 14, 2, 6, 0], [28, 27, 25, 24, 21, 18, 17, 15, 11, 8, 6, 4, 7, 3, 13, 0], [20, 16, 13, 5, 7, 17, 1, 4, 0, 0, 0, 0, 0, 0, 0, 0], [27, 26, 25, 24, 22, 20, 18, 16, 12, 7, 6, 3, 5, 2, 13, 0], [28, 25, 24, 22, 20, 19, 18, 16, 15, 7, 9, 13, 14, 6, 8, 0], [28, 27, 20, 19, 17, 16, 14, 13, 9, 11, 6, 3, 1, 2, 8, 0], [25, 22, 12, 14, 8, 7, 11, 4, 2, 0, 0, 0, 0, 0, 0, 0]]
gen=[[15, 7, 7, 0, 0, 0, 0, 0, 0, 0, 0, 0, 0, 0, 0, 0], [27, 7, 7, 7, 0, 0, 0, 0, 0, 0, 0, 0, 0, 0, 0, 0], [27, 3, 7, 7, 0, 0, 0, 0, 0, 0, 0, 0, 0, 0, 0, 0], [15, 7, 7, 0, 0, 0, 0, 0, 0, 0, 0, 0, 0, 0, 0, 0], [27, 7, 7, 0, 0, 0, 0, 0, 0, 0, 0, 0, 0, 0, 0, 0], [27, 7, 7, 0, 0, 0, 0, 0, 0, 0, 0, 0, 0, 0, 0, 0], [27, 3, 7, 0, 0, 0, 0, 0, 0, 0, 0, 0, 0, 0, 0, 0], [27, 7, 7, 7, 0, 0, 0, 0, 0, 0, 0, 0, 0, 0, 0, 0], [15, 7, 7, 0, 0, 0, 0, 0, 0, 0, 0, 0, 0, 0, 0, 0], [12, 7, 7, 0, 0, 0, 0, 0, 0, 0, 0, 0, 0, 0, 0, 0]]
valid routes=0.0
norm-reward=0.8899901195639965
[ 11 iterations]
real=[[27, 26, 25, 23, 22, 21, 17, 16, 15, 12, 3, 10, 9, 2, 8, 0], [27, 24, 22, 21, 19, 15, 11, 10, 9, 8, 1, 4, 14, 0, 0, 0], [20, 14, 0, 0, 0, 0, 0, 0, 0, 0, 0, 0, 0, 0, 0, 0], [28, 27, 26, 25, 24, 20, 17, 16, 15, 4, 11, 10, 5, 2, 8, 0], [21, 14, 28, 0, 0, 0, 0, 0, 0, 0, 0, 0, 0, 0, 0, 0], [22, 0, 0, 0, 0, 0, 0, 0, 0, 0, 0, 0, 0, 0, 0, 0], [28, 26, 25, 22, 20, 19, 18, 17, 15, 4, 5, 10, 13, 2, 12, 0], [17, 25, 0, 0, 0, 0, 0, 0, 0, 0, 0, 0, 0, 0, 0, 0], [15, 26, 12, 2, 0, 0, 0, 0, 0, 0, 0, 0, 0, 0, 0, 0], [11, 0, 0, 0, 0, 0, 0, 0, 0, 0, 0, 0, 0, 0, 0, 0]]
gen=[[1, 0, 0, 0, 0, 0, 0, 0, 0, 0, 0, 0, 0, 0, 0, 0], [1, 0, 0, 0, 0, 0, 0, 0, 0, 0, 0, 0, 0, 0, 0, 0], [1, 0, 0, 0, 0, 0, 0, 0, 0, 0, 0, 0, 0, 0, 0, 0], [0, 0, 0, 0, 0, 0, 0, 0, 0, 0, 0, 0, 0, 0, 0, 0], [1, 0, 0, 0, 0, 0, 0, 0, 0, 0, 0, 0, 0, 0, 0, 0], [6, 0, 0, 0, 0, 0, 0, 0, 0, 0, 0, 0, 0, 0, 0, 0], [23, 0, 0, 0, 0, 0, 0, 0, 0, 0, 0, 0, 0, 0, 0, 0], [1, 6, 0, 0, 0, 0, 0, 0, 0, 0, 0, 0, 0, 0, 0, 0], [23, 0, 0, 0, 0, 0, 0, 0, 0, 0, 0, 0, 0, 0, 0, 0], [6, 0, 0, 0, 0, 0, 0, 0, 0, 0, 0, 0, 0, 0, 0, 0]]
valid routes=0.0
norm-reward=0.9008587787130056
[ 12 iterations]
real=[[7, 3, 5, 0, 0, 0, 0, 0, 0, 0, 0, 0, 0, 0, 0, 0], [28, 26, 25, 22, 21, 20, 19, 17, 16, 4, 11, 10, 5, 2, 8, 0], [27, 26, 24, 23, 22, 21, 19, 18, 16, 11, 9, 13, 7, 2, 8, 0], [28, 17, 14, 12, 8, 7, 6, 5, 3, 11, 1, 0, 0, 0, 0, 0], [26, 23, 22, 13, 15, 4, 5, 10, 2, 12, 0, 0, 0, 0, 0, 0], [8, 0, 0, 0, 0, 0, 0, 0, 0, 0, 0, 0, 0, 0, 0, 0], [27, 25, 24, 21, 20, 18, 17, 15, 14, 11, 1, 13, 5, 6, 12, 0], [27, 26, 24, 21, 20, 17, 16, 15, 14, 5, 1, 10, 9, 3, 6, 0], [27, 24, 23, 21, 20, 18, 14, 13, 10, 11, 5, 1, 9, 6, 8, 0], [27, 24, 22, 21, 20, 19, 18, 15, 12, 13, 3, 10, 1, 2, 6, 0]]
gen=[[20, 0, 0, 23, 23, 23, 20, 20, 0, 0, 0, 0, 0, 0, 0, 0], [20, 23, 23, 20, 20, 20, 0, 0, 0, 0, 0, 0, 0, 0, 0, 0], [20, 0, 0, 0, 0, 0, 0, 0, 0, 0, 0, 0, 0, 0, 0, 0], [20, 23, 23, 23, 23, 20, 20, 0, 0, 0, 0, 0, 0, 0, 0, 0], [20, 0, 0, 0, 0, 0, 0, 0, 0, 0, 0, 0, 0, 0, 0, 0], [20, 0, 0, 0, 23, 23, 23, 1, 1, 0, 0, 0, 0, 0, 0, 0], [20, 0, 0, 20, 20, 20, 20, 20, 20, 0, 0, 0, 0, 0, 0, 0], [20, 0, 0, 0, 0, 0, 0, 0, 0, 0, 0, 0, 0, 0, 0, 0], [20, 0, 0, 0, 0, 0, 0, 20, 20, 20, 0, 0, 0, 0, 0, 0], [20, 0, 0, 0, 0, 0, 0, 0, 0, 0, 0, 0, 0, 0, 0, 0]]
valid routes=0.0
norm-reward=0.8864705479544227
[ 13 iterations]
real=[[28, 25, 23, 21, 18, 15, 13, 10, 9, 4, 6, 3, 7, 2, 8, 0], [24, 22, 21, 17, 16, 15, 13, 12, 11, 7, 1, 10, 9, 3, 6, 0], [9, 0, 0, 0, 0, 0, 0, 0, 0, 0, 0, 0, 0, 0, 0, 0], [27, 23, 18, 17, 15, 14, 13, 10, 9, 4, 6, 1, 7, 2, 8, 0], [26, 25, 23, 21, 6, 16, 11, 5, 17, 7, 0, 0, 0, 0, 0, 0], [16, 18, 0, 0, 0, 0, 0, 0, 0, 0, 0, 0, 0, 0, 0, 0], [27, 24, 21, 20, 18, 17, 14, 5, 3, 12, 11, 10, 9, 0, 0, 0], [27, 26, 25, 23, 22, 20, 18, 4, 9, 13, 11, 10, 7, 0, 0, 0], [15, 25, 3, 1, 20, 22, 0, 0, 0, 0, 0, 0, 0, 0, 0, 0], [27, 24, 16, 13, 6, 4, 7, 5, 9, 12, 0, 0, 0, 0, 0, 0]]
gen=[[20, 17, 17, 17, 0, 0, 0, 0, 0, 0, 0, 0, 0, 0, 0, 0], [20, 0, 0, 0, 0, 0, 0, 0, 0, 0, 0, 0, 0, 0, 0, 0], [15, 27, 28, 0, 0, 0, 0, 0, 0, 0, 0, 0, 0, 0, 0, 0], [20, 0, 0, 0, 0, 0, 0, 0, 0, 0, 0, 0, 0, 0, 0, 0], [20, 17, 17, 17, 0, 0, 0, 0, 0, 0, 0, 0, 0, 0, 0, 0], [15, 0, 0, 0, 0, 0, 0, 0, 0, 0, 0, 0, 0, 0, 0, 0], [20, 17, 17, 17, 0, 0, 0, 0, 0, 0, 0, 0, 0, 0, 0, 0], [20, 0, 0, 0, 0, 0, 0, 0, 0, 0, 0, 0, 0, 0, 0, 0], [17, 0, 0, 0, 0, 0, 0, 0, 0, 0, 0, 0, 0, 0, 0, 0], [20, 0, 0, 0, 0, 0, 0, 0, 0, 0, 0, 0, 0, 0, 0, 0]]
valid routes=0.0
norm-reward=0.8861571874164732
[ 14 iterations]
real=[[26, 25, 22, 20, 18, 15, 14, 12, 9, 11, 6, 1, 7, 3, 8, 0], [23, 17, 15, 13, 12, 9, 11, 5, 3, 4, 10, 0, 0, 0, 0, 0], [28, 26, 24, 23, 21, 19, 17, 16, 14, 8, 1, 10, 7, 3, 13, 0], [24, 14, 16, 4, 0, 0, 0, 0, 0, 0, 0, 0, 0, 0, 0, 0], [28, 26, 25, 21, 20, 17, 16, 14, 9, 8, 5, 4, 7, 10, 1, 0], [27, 25, 24, 23, 22, 20, 16, 15, 12, 11, 3, 4, 7, 2, 6, 0], [28, 26, 25, 22, 21, 20, 18, 17, 14, 12, 5, 10, 7, 3, 8, 0], [27, 25, 22, 21, 7, 24, 5, 17, 15, 0, 0, 0, 0, 0, 0, 0], [27, 24, 23, 22, 21, 20, 18, 16, 15, 12, 5, 10, 7, 2, 6, 0], [16, 0, 0, 0, 0, 0, 0, 0, 0, 0, 0, 0, 0, 0, 0, 0]]
gen=[[25, 25, 25, 25, 25, 16, 0, 0, 0, 0, 0, 0, 0, 0, 0, 0], [25, 25, 25, 25, 25, 0, 0, 0, 0, 0, 0, 0, 0, 0, 0, 0], [16, 0, 0, 0, 0, 0, 0, 0, 0, 0, 0, 0, 0, 0, 0, 0], [25, 25, 25, 25, 0, 0, 0, 0, 0, 0, 0, 0, 0, 0, 0, 0], [16, 0, 0, 0, 0, 0, 0, 0, 0, 0, 0, 0, 0, 0, 0, 0], [16, 0, 0, 0, 0, 0, 0, 0, 0, 0, 0, 0, 0, 0, 0, 0], [16, 0, 0, 0, 0, 0, 0, 0, 0, 0, 0, 0, 0, 0, 0, 0], [16, 0, 0, 0, 0, 0, 0, 0, 0, 0, 0, 0, 0, 0, 0, 0], [25, 25, 25, 25, 0, 0, 0, 0, 0, 0, 0, 0, 0, 0, 0, 0], [16, 16, 0, 0, 0, 0, 0, 0, 0, 0, 0, 0, 0, 0, 0, 0]]
valid routes=0.0
norm-reward=0.8832285185161627
[ 15 iterations]
real=[[13, 23, 0, 0, 0, 0, 0, 0, 0, 0, 0, 0, 0, 0, 0, 0], [26, 3, 12, 27, 0, 0, 0, 0, 0, 0, 0, 0, 0, 0, 0, 0], [28, 27, 26, 23, 21, 20, 19, 18, 17, 4, 11, 10, 15, 6, 8, 0], [17, 16, 26, 6, 2, 0, 0, 0, 0, 0, 0, 0, 0, 0, 0, 0], [22, 20, 16, 11, 2, 19, 6, 4, 3, 0, 0, 0, 0, 0, 0, 0], [15, 18, 0, 0, 0, 0, 0, 0, 0, 0, 0, 0, 0, 0, 0, 0], [28, 27, 25, 24, 23, 18, 13, 12, 10, 11, 6, 1, 7, 2, 8, 0], [26, 24, 13, 10, 2, 20, 18, 0, 0, 0, 0, 0, 0, 0, 0, 0], [26, 18, 16, 12, 8, 7, 6, 5, 2, 4, 3, 1, 0, 0, 0, 0], [26, 25, 24, 23, 22, 18, 16, 14, 10, 8, 6, 4, 5, 2, 13, 0]]
gen=[[25, 25, 25, 22, 15, 15, 27, 27, 0, 0, 0, 0, 0, 0, 0, 0], [27, 27, 0, 0, 0, 0, 0, 0, 0, 0, 0, 0, 0, 0, 0, 0], [16, 0, 0, 0, 0, 0, 0, 0, 0, 0, 0, 0, 0, 0, 0, 0], [15, 27, 0, 0, 0, 0, 0, 0, 0, 0, 0, 0, 0, 0, 0, 0], [15, 27, 0, 0, 0, 0, 0, 0, 0, 0, 0, 0, 0, 0, 0, 0], [15, 27, 0, 0, 0, 0, 0, 0, 0, 0, 0, 0, 0, 0, 0, 0], [16, 0, 0, 0, 0, 0, 0, 0, 0, 0, 0, 0, 0, 0, 0, 0], [16, 0, 0, 0, 0, 0, 0, 0, 0, 0, 0, 0, 0, 0, 0, 0], [27, 0, 0, 0, 0, 0, 0, 0, 0, 0, 0, 0, 0, 0, 0, 0], [16, 0, 0, 0, 0, 0, 0, 0, 0, 0, 0, 0, 0, 0, 0, 0]]
valid routes=0.0
norm-reward=0.8860586068557572
[ 16 iterations]
real=[[27, 22, 20, 19, 16, 13, 11, 10, 9, 4, 5, 1, 7, 3, 8, 0], [27, 23, 21, 17, 16, 15, 13, 10, 7, 8, 3, 1, 5, 2, 6, 0], [28, 25, 24, 23, 21, 20, 17, 15, 12, 11, 5, 13, 7, 3, 8, 0], [28, 3, 12, 27, 6, 13, 1, 0, 0, 0, 0, 0, 0, 0, 0, 0], [27, 24, 22, 19, 6, 4, 11, 14, 17, 12, 0, 0, 0, 0, 0, 0], [9, 25, 28, 0, 0, 0, 0, 0, 0, 0, 0, 0, 0, 0, 0, 0], [2, 0, 0, 0, 0, 0, 0, 0, 0, 0, 0, 0, 0, 0, 0, 0], [28, 26, 25, 23, 22, 20, 18, 14, 11, 13, 6, 10, 9, 3, 8, 0], [22, 21, 19, 18, 17, 16, 14, 12, 11, 3, 5, 10, 7, 2, 6, 0], [26, 25, 24, 20, 18, 17, 16, 14, 9, 11, 5, 4, 7, 3, 1, 0]]
gen=[[20, 0, 0, 26, 26, 26, 12, 1, 1, 0, 0, 0, 0, 0, 0, 0], [1, 0, 0, 0, 0, 0, 0, 0, 0, 0, 0, 0, 0, 0, 0, 0], [1, 0, 0, 0, 0, 0, 0, 0, 0, 0, 0, 0, 0, 0, 0, 0], [12, 26, 26, 26, 26, 12, 1, 1, 0, 0, 0, 0, 0, 0, 0, 0], [5, 0, 0, 0, 0, 0, 0, 0, 0, 0, 0, 0, 0, 0, 0, 0], [26, 26, 12, 1, 3, 0, 0, 0, 0, 0, 0, 0, 0, 0, 0, 0], [12, 1, 3, 0, 0, 0, 0, 0, 0, 0, 0, 0, 0, 0, 0, 0], [5, 3, 0, 0, 0, 0, 0, 0, 0, 0, 0, 0, 0, 0, 0, 0], [20, 26, 26, 26, 26, 12, 12, 1, 16, 0, 0, 0, 0, 0, 0, 0], [1, 0, 0, 0, 0, 0, 0, 0, 0, 0, 0, 0, 0, 0, 0, 0]]
valid routes=0.0
norm-reward=0.8464492239426605
[ 17 iterations]
real=[[20, 21, 28, 0, 0, 0, 0, 0, 0, 0, 0, 0, 0, 0, 0, 0], [5, 0, 0, 0, 0, 0, 0, 0, 0, 0, 0, 0, 0, 0, 0, 0], [26, 22, 19, 18, 17, 15, 14, 5, 9, 8, 6, 1, 7, 0, 0, 0], [28, 25, 22, 20, 18, 16, 15, 13, 12, 4, 11, 10, 7, 2, 6, 0], [28, 27, 26, 23, 21, 19, 17, 16, 9, 8, 1, 4, 15, 3, 6, 0], [27, 26, 23, 22, 20, 18, 17, 15, 11, 9, 5, 1, 7, 6, 13, 0], [26, 24, 22, 21, 19, 16, 14, 11, 9, 4, 5, 1, 7, 6, 0, 0], [28, 26, 24, 22, 21, 19, 18, 16, 10, 13, 5, 1, 9, 2, 6, 0], [24, 21, 20, 17, 14, 16, 7, 1, 3, 8, 0, 0, 0, 0, 0, 0], [28, 26, 25, 22, 20, 17, 16, 14, 9, 12, 1, 10, 13, 2, 0, 0]]
gen=[[5, 6, 0, 0, 0, 0, 0, 0, 0, 0, 0, 0, 0, 0, 0, 0], [4, 12, 24, 12, 12, 6, 2, 0, 0, 0, 0, 0, 0, 0, 0, 0], [5, 4, 0, 0, 0, 0, 0, 0, 0, 0, 0, 0, 0, 0, 0, 0], [4, 9, 9, 9, 21, 5, 5, 2, 2, 0, 0, 0, 0, 0, 0, 0], [5, 4, 0, 0, 0, 0, 0, 0, 0, 0, 0, 0, 0, 0, 0, 0], [12, 9, 9, 21, 5, 5, 6, 2, 0, 0, 0, 0, 0, 0, 0, 0], [5, 4, 0, 0, 0, 0, 0, 0, 0, 0, 0, 0, 0, 0, 0, 0], [4, 9, 9, 9, 9, 5, 5, 5, 2, 0, 0, 0, 0, 0, 0, 0], [5, 4, 0, 0, 0, 0, 0, 0, 0, 0, 0, 0, 0, 0, 0, 0], [4, 4, 0, 0, 0, 0, 0, 0, 0, 0, 0, 0, 0, 0, 0, 0]]
valid routes=0.0
norm-reward=0.8409121869552695
[ 18 iterations]
real=[[23, 17, 15, 10, 6, 13, 1, 4, 2, 3, 0, 0, 0, 0, 0, 0], [27, 21, 15, 3, 14, 23, 7, 10, 0, 0, 0, 0, 0, 0, 0, 0], [27, 21, 20, 19, 18, 16, 15, 13, 9, 4, 3, 1, 5, 2, 8, 0], [27, 25, 23, 20, 17, 16, 15, 14, 11, 13, 9, 10, 7, 3, 8, 0], [6, 28, 0, 0, 0, 0, 0, 0, 0, 0, 0, 0, 0, 0, 0, 0], [26, 23, 19, 18, 7, 9, 11, 1, 3, 12, 0, 0, 0, 0, 0, 0], [28, 27, 26, 25, 23, 22, 20, 19, 17, 11, 6, 14, 5, 2, 8, 0], [1, 27, 28, 0, 0, 0, 0, 0, 0, 0, 0, 0, 0, 0, 0, 0], [27, 24, 22, 19, 17, 14, 13, 9, 2, 8, 3, 4, 12, 0, 0, 0], [27, 26, 21, 20, 18, 17, 16, 14, 12, 7, 5, 10, 9, 6, 1, 0]]
gen=[[1, 4, 0, 0, 0, 0, 0, 0, 0, 0, 0, 0, 0, 0, 0, 0], [9, 6, 0, 0, 0, 0, 0, 0, 0, 0, 0, 0, 0, 0, 0, 0], [20, 4, 0, 0, 0, 0, 0, 0, 0, 0, 0, 0, 0, 0, 0, 0], [1, 4, 0, 0, 0, 0, 0, 0, 0, 0, 0, 0, 0, 0, 0, 0], [9, 6, 4, 0, 0, 0, 0, 0, 0, 0, 0, 0, 0, 0, 0, 0], [20, 4, 0, 0, 0, 0, 0, 0, 0, 0, 0, 0, 0, 0, 0, 0], [23, 4, 0, 0, 0, 0, 0, 0, 0, 0, 0, 0, 0, 0, 0, 0], [12, 1, 4, 0, 0, 0, 0, 0, 0, 0, 0, 0, 0, 0, 0, 0], [21, 21, 21, 0, 0, 0, 0, 0, 0, 0, 0, 0, 0, 0, 0, 0], [9, 4, 0, 0, 0, 0, 0, 0, 0, 0, 0, 0, 0, 0, 0, 0]]
valid routes=0.0
norm-reward=0.9339518336495739
[ 19 iterations]
real=[[22, 25, 12, 10, 6, 19, 5, 0, 0, 0, 0, 0, 0, 0, 0, 0], [28, 26, 25, 24, 21, 18, 17, 14, 12, 7, 9, 13, 5, 2, 6, 0], [28, 27, 22, 20, 17, 14, 13, 9, 7, 8, 3, 1, 5, 2, 6, 0], [28, 25, 24, 22, 21, 19, 18, 17, 14, 4, 6, 10, 2, 3, 8, 0], [27, 26, 24, 23, 21, 20, 17, 16, 15, 12, 6, 4, 7, 14, 13, 0], [27, 25, 17, 6, 20, 15, 5, 4, 0, 0, 0, 0, 0, 0, 0, 0], [28, 27, 22, 21, 17, 16, 14, 13, 12, 3, 5, 10, 9, 2, 1, 0], [25, 24, 23, 20, 19, 18, 17, 15, 9, 8, 6, 4, 1, 3, 13, 0], [17, 25, 5, 0, 0, 0, 0, 0, 0, 0, 0, 0, 0, 0, 0, 0], [28, 27, 26, 25, 23, 22, 21, 18, 14, 11, 1, 4, 9, 8, 13, 0]]
gen=[[1, 4, 0, 0, 0, 0, 0, 0, 0, 0, 0, 0, 0, 0, 0, 0], [1, 4, 0, 0, 0, 0, 0, 0, 0, 0, 0, 0, 0, 0, 0, 0], [20, 4, 9, 21, 0, 0, 0, 0, 0, 0, 0, 0, 0, 0, 0, 0], [1, 4, 0, 0, 0, 0, 0, 0, 0, 0, 0, 0, 0, 0, 0, 0], [1, 4, 0, 0, 0, 0, 0, 0, 0, 0, 0, 0, 0, 0, 0, 0], [20, 4, 21, 21, 21, 21, 21, 21, 0, 0, 0, 0, 0, 0, 0, 0], [4, 4, 0, 0, 0, 0, 0, 0, 0, 0, 0, 0, 0, 0, 0, 0], [20, 21, 21, 21, 21, 23, 23, 20, 4, 0, 0, 0, 0, 0, 0, 0], [23, 9, 4, 4, 0, 0, 0, 0, 0, 0, 0, 0, 0, 0, 0, 0], [1, 4, 0, 0, 0, 0, 0, 0, 0, 0, 0, 0, 0, 0, 0, 0]]
valid routes=0.0
norm-reward=0.9201267170430452
[ 20 iterations]
real=[[26, 25, 20, 19, 18, 16, 15, 12, 2, 8, 5, 10, 7, 6, 0, 0], [28, 27, 25, 20, 19, 18, 16, 11, 10, 3, 5, 1, 7, 2, 8, 0], [25, 23, 22, 21, 20, 17, 16, 15, 14, 4, 5, 10, 13, 3, 12, 0], [26, 24, 23, 22, 21, 20, 18, 17, 15, 7, 5, 3, 14, 2, 6, 0], [28, 27, 25, 24, 21, 18, 17, 15, 11, 8, 6, 4, 7, 3, 13, 0], [20, 16, 13, 5, 7, 17, 1, 4, 0, 0, 0, 0, 0, 0, 0, 0], [27, 26, 25, 24, 22, 20, 18, 16, 12, 7, 6, 3, 5, 2, 13, 0], [28, 25, 24, 22, 20, 19, 18, 16, 15, 7, 9, 13, 14, 6, 8, 0], [28, 27, 20, 19, 17, 16, 14, 13, 9, 11, 6, 3, 1, 2, 8, 0], [25, 22, 12, 14, 8, 7, 11, 4, 2, 0, 0, 0, 0, 0, 0, 0]]
gen=[[3, 8, 0, 0, 0, 8, 8, 8, 8, 8, 8, 8, 8, 8, 8, 8], [8, 8, 8, 8, 8, 8, 8, 8, 8, 8, 8, 8, 8, 8, 8, 8], [8, 8, 8, 8, 8, 8, 8, 8, 8, 8, 8, 8, 8, 8, 8, 8], [8, 8, 8, 8, 8, 8, 8, 8, 8, 8, 8, 8, 8, 8, 8, 8], [3, 8, 8, 8, 8, 8, 8, 8, 8, 8, 8, 8, 8, 8, 8, 8], [8, 22, 22, 22, 18, 18, 8, 8, 8, 8, 8, 8, 8, 8, 8, 8], [8, 8, 8, 8, 8, 8, 8, 8, 8, 8, 8, 8, 8, 8, 8, 8], [8, 22, 22, 22, 18, 18, 18, 8, 8, 8, 8, 8, 8, 8, 8, 8], [8, 22, 22, 22, 18, 18, 8, 8, 8, 8, 8, 8, 8, 8, 8, 8], [8, 8, 8, 8, 8, 8, 8, 8, 8, 8, 8, 8, 8, 8, 8, 8]]
valid routes=0.0
norm-reward=0.7855037760590419
[ 21 iterations]
real=[[27, 26, 25, 23, 22, 21, 17, 16, 15, 12, 3, 10, 9, 2, 8, 0], [27, 24, 22, 21, 19, 15, 11, 10, 9, 8, 1, 4, 14, 0, 0, 0], [20, 14, 0, 0, 0, 0, 0, 0, 0, 0, 0, 0, 0, 0, 0, 0], [28, 27, 26, 25, 24, 20, 17, 16, 15, 4, 11, 10, 5, 2, 8, 0], [21, 14, 28, 0, 0, 0, 0, 0, 0, 0, 0, 0, 0, 0, 0, 0], [22, 0, 0, 0, 0, 0, 0, 0, 0, 0, 0, 0, 0, 0, 0, 0], [28, 26, 25, 22, 20, 19, 18, 17, 15, 4, 5, 10, 13, 2, 12, 0], [17, 25, 0, 0, 0, 0, 0, 0, 0, 0, 0, 0, 0, 0, 0, 0], [15, 26, 12, 2, 0, 0, 0, 0, 0, 0, 0, 0, 0, 0, 0, 0], [11, 0, 0, 0, 0, 0, 0, 0, 0, 0, 0, 0, 0, 0, 0, 0]]
gen=[[22, 22, 22, 18, 18, 18, 18, 18, 18, 18, 18, 18, 18, 18, 18, 18], [22, 22, 22, 22, 18, 18, 18, 18, 18, 18, 18, 18, 18, 18, 18, 18], [22, 24, 9, 9, 3, 3, 8, 8, 8, 8, 8, 8, 8, 8, 8, 8], [22, 22, 22, 22, 18, 18, 18, 18, 18, 18, 18, 18, 18, 18, 18, 18], [9, 8, 8, 22, 22, 18, 18, 18, 18, 18, 18, 18, 18, 18, 18, 18], [22, 22, 9, 9, 9, 3, 8, 8, 8, 8, 8, 8, 8, 8, 8, 8], [22, 22, 22, 22, 18, 18, 18, 18, 18, 18, 18, 18, 18, 18, 18, 18], [22, 22, 22, 22, 9, 9, 3, 3, 8, 22, 22, 22, 18, 18, 18, 18], [8, 8, 22, 22, 18, 18, 18, 18, 18, 18, 18, 18, 18, 18, 18, 18], [22, 22, 9, 9, 3, 8, 8, 8, 8, 8, 8, 8, 8, 8, 8, 8]]
valid routes=0.0
norm-reward=0.8607415223678239
[ 22 iterations]
real=[[7, 3, 5, 0, 0, 0, 0, 0, 0, 0, 0, 0, 0, 0, 0, 0], [28, 26, 25, 22, 21, 20, 19, 17, 16, 4, 11, 10, 5, 2, 8, 0], [27, 26, 24, 23, 22, 21, 19, 18, 16, 11, 9, 13, 7, 2, 8, 0], [28, 17, 14, 12, 8, 7, 6, 5, 3, 11, 1, 0, 0, 0, 0, 0], [26, 23, 22, 13, 15, 4, 5, 10, 2, 12, 0, 0, 0, 0, 0, 0], [8, 0, 0, 0, 0, 0, 0, 0, 0, 0, 0, 0, 0, 0, 0, 0], [27, 25, 24, 21, 20, 18, 17, 15, 14, 11, 1, 13, 5, 6, 12, 0], [27, 26, 24, 21, 20, 17, 16, 15, 14, 5, 1, 10, 9, 3, 6, 0], [27, 24, 23, 21, 20, 18, 14, 13, 10, 11, 5, 1, 9, 6, 8, 0], [27, 24, 22, 21, 20, 19, 18, 15, 12, 13, 3, 10, 1, 2, 6, 0]]
gen=[[26, 4, 0, 0, 0, 0, 0, 0, 0, 0, 0, 0, 0, 0, 0, 0], [27, 0, 0, 0, 0, 0, 0, 0, 0, 0, 0, 0, 0, 0, 0, 0], [27, 0, 0, 0, 0, 0, 0, 0, 0, 0, 0, 0, 0, 0, 0, 0], [27, 0, 0, 0, 0, 0, 0, 0, 0, 0, 0, 0, 0, 0, 0, 0], [27, 0, 0, 0, 0, 0, 0, 0, 0, 0, 0, 0, 0, 0, 0, 0], [27, 0, 0, 0, 0, 0, 0, 0, 0, 0, 0, 0, 0, 0, 0, 0], [26, 4, 0, 0, 0, 0, 0, 0, 0, 0, 0, 0, 0, 0, 0, 0], [27, 4, 0, 0, 0, 0, 0, 0, 0, 0, 0, 0, 0, 0, 0, 0], [27, 0, 0, 0, 0, 0, 0, 0, 0, 0, 0, 0, 0, 0, 0, 0], [27, 0, 0, 0, 0, 0, 0, 0, 0, 0, 0, 0, 0, 0, 0, 0]]
valid routes=0.0
norm-reward=0.872000837424677
[ 23 iterations]
real=[[28, 25, 23, 21, 18, 15, 13, 10, 9, 4, 6, 3, 7, 2, 8, 0], [24, 22, 21, 17, 16, 15, 13, 12, 11, 7, 1, 10, 9, 3, 6, 0], [9, 0, 0, 0, 0, 0, 0, 0, 0, 0, 0, 0, 0, 0, 0, 0], [27, 23, 18, 17, 15, 14, 13, 10, 9, 4, 6, 1, 7, 2, 8, 0], [26, 25, 23, 21, 6, 16, 11, 5, 17, 7, 0, 0, 0, 0, 0, 0], [16, 18, 0, 0, 0, 0, 0, 0, 0, 0, 0, 0, 0, 0, 0, 0], [27, 24, 21, 20, 18, 17, 14, 5, 3, 12, 11, 10, 9, 0, 0, 0], [27, 26, 25, 23, 22, 20, 18, 4, 9, 13, 11, 10, 7, 0, 0, 0], [15, 25, 3, 1, 20, 22, 0, 0, 0, 0, 0, 0, 0, 0, 0, 0], [27, 24, 16, 13, 6, 4, 7, 5, 9, 12, 0, 0, 0, 0, 0, 0]]
gen=[[28, 27, 27, 27, 0, 0, 0, 0, 0, 0, 0, 0, 0, 0, 0, 0], [28, 27, 27, 27, 27, 27, 0, 0, 0, 0, 0, 0, 0, 0, 0, 0], [0, 0, 0, 0, 0, 0, 0, 0, 0, 0, 0, 0, 0, 0, 0, 0], [27, 27, 0, 0, 0, 0, 0, 0, 0, 0, 0, 0, 0, 0, 0, 0], [28, 4, 27, 27, 27, 0, 0, 0, 0, 0, 0, 0, 0, 0, 0, 0], [28, 27, 0, 0, 0, 0, 0, 0, 0, 0, 0, 0, 0, 0, 0, 0], [27, 0, 0, 0, 0, 0, 0, 0, 0, 0, 0, 0, 0, 0, 0, 0], [27, 27, 0, 0, 0, 0, 0, 0, 0, 0, 0, 0, 0, 0, 0, 0], [28, 4, 27, 27, 0, 0, 0, 0, 0, 0, 0, 0, 0, 0, 0, 0], [27, 27, 0, 0, 0, 0, 0, 0, 0, 0, 0, 0, 0, 0, 0, 0]]
valid routes=0.0
norm-reward=0.8875634686686643
[ 24 iterations]
real=[[26, 25, 22, 20, 18, 15, 14, 12, 9, 11, 6, 1, 7, 3, 8, 0], [23, 17, 15, 13, 12, 9, 11, 5, 3, 4, 10, 0, 0, 0, 0, 0], [28, 26, 24, 23, 21, 19, 17, 16, 14, 8, 1, 10, 7, 3, 13, 0], [24, 14, 16, 4, 0, 0, 0, 0, 0, 0, 0, 0, 0, 0, 0, 0], [28, 26, 25, 21, 20, 17, 16, 14, 9, 8, 5, 4, 7, 10, 1, 0], [27, 25, 24, 23, 22, 20, 16, 15, 12, 11, 3, 4, 7, 2, 6, 0], [28, 26, 25, 22, 21, 20, 18, 17, 14, 12, 5, 10, 7, 3, 8, 0], [27, 25, 22, 21, 7, 24, 5, 17, 15, 0, 0, 0, 0, 0, 0, 0], [27, 24, 23, 22, 21, 20, 18, 16, 15, 12, 5, 10, 7, 2, 6, 0], [16, 0, 0, 0, 0, 0, 0, 0, 0, 0, 0, 0, 0, 0, 0, 0]]
gen=[[27, 0, 11, 11, 11, 11, 11, 11, 11, 11, 11, 0, 0, 0, 0, 0], [28, 4, 27, 0, 11, 11, 11, 11, 11, 11, 0, 0, 0, 0, 0, 0], [28, 4, 27, 0, 0, 11, 11, 11, 11, 11, 11, 0, 0, 0, 0, 0], [28, 4, 27, 27, 0, 0, 0, 0, 0, 0, 0, 0, 0, 0, 0, 0], [28, 4, 27, 27, 27, 0, 0, 0, 0, 0, 0, 0, 0, 0, 0, 0], [28, 4, 11, 11, 11, 11, 11, 11, 11, 11, 11, 11, 0, 0, 0, 0], [28, 0, 0, 11, 11, 11, 11, 11, 11, 11, 11, 0, 0, 0, 0, 0], [28, 4, 11, 11, 11, 11, 11, 11, 11, 0, 0, 0, 0, 0, 0, 0], [28, 4, 27, 0, 0, 0, 11, 11, 11, 11, 11, 11, 0, 0, 0, 0], [28, 9, 0, 0, 18, 18, 11, 4, 0, 0, 0, 0, 0, 0, 0, 0]]
valid routes=0.0
norm-reward=0.9049572348657451
[ 25 iterations]
real=[[13, 23, 0, 0, 0, 0, 0, 0, 0, 0, 0, 0, 0, 0, 0, 0], [26, 3, 12, 27, 0, 0, 0, 0, 0, 0, 0, 0, 0, 0, 0, 0], [28, 27, 26, 23, 21, 20, 19, 18, 17, 4, 11, 10, 15, 6, 8, 0], [17, 16, 26, 6, 2, 0, 0, 0, 0, 0, 0, 0, 0, 0, 0, 0], [22, 20, 16, 11, 2, 19, 6, 4, 3, 0, 0, 0, 0, 0, 0, 0], [15, 18, 0, 0, 0, 0, 0, 0, 0, 0, 0, 0, 0, 0, 0, 0], [28, 27, 25, 24, 23, 18, 13, 12, 10, 11, 6, 1, 7, 2, 8, 0], [26, 24, 13, 10, 2, 20, 18, 0, 0, 0, 0, 0, 0, 0, 0, 0], [26, 18, 16, 12, 8, 7, 6, 5, 2, 4, 3, 1, 0, 0, 0, 0], [26, 25, 24, 23, 22, 18, 16, 14, 10, 8, 6, 4, 5, 2, 13, 0]]
gen=[[28, 5, 5, 0, 0, 0, 0, 0, 0, 0, 0, 0, 0, 0, 0, 0], [28, 28, 0, 0, 0, 0, 0, 0, 0, 0, 0, 0, 0, 0, 0, 0], [5, 0, 0, 0, 0, 0, 0, 0, 0, 0, 0, 0, 0, 0, 0, 0], [5, 0, 3, 0, 0, 0, 0, 0, 0, 0, 0, 0, 0, 0, 0, 0], [5, 28, 0, 0, 0, 0, 0, 0, 0, 0, 0, 0, 0, 0, 0, 0], [28, 0, 28, 0, 0, 0, 0, 0, 0, 0, 0, 0, 0, 0, 0, 0], [5, 0, 0, 0, 0, 0, 0, 0, 0, 0, 0, 0, 0, 0, 0, 0], [28, 28, 27, 0, 0, 0, 0, 0, 0, 0, 0, 0, 0, 0, 0, 0], [28, 28, 28, 0, 0, 0, 0, 0, 0, 0, 0, 0, 0, 0, 0, 0], [28, 0, 28, 0, 0, 0, 0, 0, 0, 0, 0, 0, 0, 0, 0, 0]]
valid routes=0.0
norm-reward=0.8618278545205761
[ 26 iterations]
real=[[27, 22, 20, 19, 16, 13, 11, 10, 9, 4, 5, 1, 7, 3, 8, 0], [27, 23, 21, 17, 16, 15, 13, 10, 7, 8, 3, 1, 5, 2, 6, 0], [28, 25, 24, 23, 21, 20, 17, 15, 12, 11, 5, 13, 7, 3, 8, 0], [28, 3, 12, 27, 6, 13, 1, 0, 0, 0, 0, 0, 0, 0, 0, 0], [27, 24, 22, 19, 6, 4, 11, 14, 17, 12, 0, 0, 0, 0, 0, 0], [9, 25, 28, 0, 0, 0, 0, 0, 0, 0, 0, 0, 0, 0, 0, 0], [2, 0, 0, 0, 0, 0, 0, 0, 0, 0, 0, 0, 0, 0, 0, 0], [28, 26, 25, 23, 22, 20, 18, 14, 11, 13, 6, 10, 9, 3, 8, 0], [22, 21, 19, 18, 17, 16, 14, 12, 11, 3, 5, 10, 7, 2, 6, 0], [26, 25, 24, 20, 18, 17, 16, 14, 9, 11, 5, 4, 7, 3, 1, 0]]
gen=[[11, 8, 23, 23, 0, 0, 0, 0, 0, 0, 0, 0, 0, 0, 0, 0], [5, 3, 8, 22, 23, 0, 0, 0, 0, 0, 0, 0, 0, 0, 0, 0], [11, 8, 22, 23, 0, 0, 0, 0, 0, 0, 0, 0, 0, 0, 0, 0], [5, 8, 8, 8, 8, 8, 8, 18, 18, 5, 5, 5, 3, 3, 0, 0], [11, 3, 8, 23, 0, 0, 0, 0, 0, 0, 0, 0, 0, 0, 0, 0], [28, 27, 23, 0, 0, 0, 0, 0, 0, 0, 0, 0, 0, 0, 0, 0], [28, 9, 3, 8, 8, 8, 18, 5, 0, 0, 0, 0, 0, 0, 0, 0], [27, 8, 23, 23, 0, 0, 0, 0, 0, 0, 0, 0, 0, 0, 0, 0], [5, 3, 8, 22, 23, 0, 0, 0, 0, 0, 0, 0, 0, 0, 0, 0], [27, 23, 23, 0, 0, 0, 0, 0, 0, 0, 0, 0, 0, 0, 0, 0]]
valid routes=0.0
norm-reward=0.863062359057895
[ 27 iterations]
real=[[20, 21, 28, 0, 0, 0, 0, 0, 0, 0, 0, 0, 0, 0, 0, 0], [5, 0, 0, 0, 0, 0, 0, 0, 0, 0, 0, 0, 0, 0, 0, 0], [26, 22, 19, 18, 17, 15, 14, 5, 9, 8, 6, 1, 7, 0, 0, 0], [28, 25, 22, 20, 18, 16, 15, 13, 12, 4, 11, 10, 7, 2, 6, 0], [28, 27, 26, 23, 21, 19, 17, 16, 9, 8, 1, 4, 15, 3, 6, 0], [27, 26, 23, 22, 20, 18, 17, 15, 11, 9, 5, 1, 7, 6, 13, 0], [26, 24, 22, 21, 19, 16, 14, 11, 9, 4, 5, 1, 7, 6, 0, 0], [28, 26, 24, 22, 21, 19, 18, 16, 10, 13, 5, 1, 9, 2, 6, 0], [24, 21, 20, 17, 14, 16, 7, 1, 3, 8, 0, 0, 0, 0, 0, 0], [28, 26, 25, 22, 20, 17, 16, 14, 9, 12, 1, 10, 13, 2, 0, 0]]
gen=[[28, 24, 8, 8, 8, 8, 18, 18, 5, 5, 0, 0, 0, 0, 0, 0], [5, 3, 8, 8, 8, 8, 18, 18, 5, 5, 0, 0, 0, 0, 0, 0], [11, 24, 0, 0, 0, 0, 0, 0, 0, 0, 0, 0, 0, 0, 0, 0], [11, 24, 9, 0, 0, 0, 0, 0, 0, 0, 0, 0, 0, 0, 0, 0], [11, 24, 0, 0, 0, 0, 0, 0, 0, 0, 0, 0, 0, 0, 0, 0], [11, 24, 0, 0, 0, 0, 0, 0, 0, 0, 0, 0, 0, 0, 0, 0], [11, 24, 0, 0, 0, 0, 0, 0, 0, 0, 0, 0, 0, 0, 0, 0], [11, 24, 5, 0, 0, 0, 0, 0, 0, 0, 0, 0, 0, 0, 0, 0], [5, 3, 8, 8, 24, 24, 5, 0, 0, 0, 0, 0, 0, 0, 0, 0], [5, 3, 8, 8, 24, 24, 18, 5, 5, 0, 0, 0, 0, 0, 0, 0]]
valid routes=0.0
norm-reward=0.9123680209868733
[ 28 iterations]
real=[[23, 17, 15, 10, 6, 13, 1, 4, 2, 3, 0, 0, 0, 0, 0, 0], [27, 21, 15, 3, 14, 23, 7, 10, 0, 0, 0, 0, 0, 0, 0, 0], [27, 21, 20, 19, 18, 16, 15, 13, 9, 4, 3, 1, 5, 2, 8, 0], [27, 25, 23, 20, 17, 16, 15, 14, 11, 13, 9, 10, 7, 3, 8, 0], [6, 28, 0, 0, 0, 0, 0, 0, 0, 0, 0, 0, 0, 0, 0, 0], [26, 23, 19, 18, 7, 9, 11, 1, 3, 12, 0, 0, 0, 0, 0, 0], [28, 27, 26, 25, 23, 22, 20, 19, 17, 11, 6, 14, 5, 2, 8, 0], [1, 27, 28, 0, 0, 0, 0, 0, 0, 0, 0, 0, 0, 0, 0, 0], [27, 24, 22, 19, 17, 14, 13, 9, 2, 8, 3, 4, 12, 0, 0, 0], [27, 26, 21, 20, 18, 17, 16, 14, 12, 7, 5, 10, 9, 6, 1, 0]]
gen=[[9, 24, 17, 17, 17, 24, 0, 0, 0, 0, 0, 0, 0, 0, 0, 0], [9, 0, 17, 17, 2, 17, 17, 2, 17, 17, 24, 9, 0, 0, 0, 0], [0, 0, 0, 0, 0, 0, 0, 0, 0, 0, 0, 0, 0, 0, 0, 0], [9, 0, 0, 0, 0, 0, 0, 0, 0, 0, 0, 0, 0, 0, 0, 0], [28, 24, 17, 17, 8, 8, 24, 9, 0, 0, 0, 0, 0, 0, 0, 0], [0, 0, 0, 0, 0, 0, 0, 0, 0, 0, 0, 0, 0, 0, 0, 0], [9, 0, 0, 0, 0, 0, 0, 0, 0, 0, 0, 0, 0, 0, 0, 0], [20, 9, 2, 24, 17, 17, 8, 24, 24, 0, 0, 0, 0, 0, 0, 0], [0, 0, 0, 0, 0, 0, 0, 0, 0, 0, 0, 0, 0, 0, 0, 0], [17, 0, 0, 0, 0, 0, 0, 0, 0, 0, 0, 0, 0, 0, 0, 0]]
valid routes=0.0
norm-reward=0.8930330127703398
[ 29 iterations]
real=[[22, 25, 12, 10, 6, 19, 5, 0, 0, 0, 0, 0, 0, 0, 0, 0], [28, 26, 25, 24, 21, 18, 17, 14, 12, 7, 9, 13, 5, 2, 6, 0], [28, 27, 22, 20, 17, 14, 13, 9, 7, 8, 3, 1, 5, 2, 6, 0], [28, 25, 24, 22, 21, 19, 18, 17, 14, 4, 6, 10, 2, 3, 8, 0], [27, 26, 24, 23, 21, 20, 17, 16, 15, 12, 6, 4, 7, 14, 13, 0], [27, 25, 17, 6, 20, 15, 5, 4, 0, 0, 0, 0, 0, 0, 0, 0], [28, 27, 22, 21, 17, 16, 14, 13, 12, 3, 5, 10, 9, 2, 1, 0], [25, 24, 23, 20, 19, 18, 17, 15, 9, 8, 6, 4, 1, 3, 13, 0], [17, 25, 5, 0, 0, 0, 0, 0, 0, 0, 0, 0, 0, 0, 0, 0], [28, 27, 26, 25, 23, 22, 21, 18, 14, 11, 1, 4, 9, 8, 13, 0]]
gen=[[1, 0, 0, 0, 0, 0, 0, 0, 0, 0, 0, 0, 0, 0, 0, 0], [25, 0, 0, 0, 0, 0, 0, 0, 0, 0, 0, 0, 0, 0, 0, 0], [25, 25, 25, 25, 1, 1, 0, 1, 0, 0, 0, 0, 0, 0, 0, 0], [25, 25, 25, 25, 25, 1, 25, 0, 0, 0, 0, 0, 0, 0, 0, 0], [25, 25, 25, 25, 25, 0, 0, 0, 0, 0, 0, 0, 0, 0, 0, 0], [9, 25, 25, 25, 1, 25, 25, 0, 0, 0, 0, 0, 0, 0, 0, 0], [9, 0, 0, 0, 0, 0, 0, 0, 0, 0, 0, 0, 0, 0, 0, 0], [25, 25, 25, 25, 25, 1, 25, 0, 1, 0, 0, 0, 0, 0, 0, 0], [9, 8, 8, 22, 22, 18, 0, 0, 0, 0, 0, 0, 0, 0, 0, 0], [1, 24, 0, 0, 0, 0, 0, 0, 0, 0, 0, 0, 0, 0, 0, 0]]
valid routes=0.0
norm-reward=0.9002220377791674
[ 30 iterations]
real=[[26, 25, 20, 19, 18, 16, 15, 12, 2, 8, 5, 10, 7, 6, 0, 0], [28, 27, 25, 20, 19, 18, 16, 11, 10, 3, 5, 1, 7, 2, 8, 0], [25, 23, 22, 21, 20, 17, 16, 15, 14, 4, 5, 10, 13, 3, 12, 0], [26, 24, 23, 22, 21, 20, 18, 17, 15, 7, 5, 3, 14, 2, 6, 0], [28, 27, 25, 24, 21, 18, 17, 15, 11, 8, 6, 4, 7, 3, 13, 0], [20, 16, 13, 5, 7, 17, 1, 4, 0, 0, 0, 0, 0, 0, 0, 0], [27, 26, 25, 24, 22, 20, 18, 16, 12, 7, 6, 3, 5, 2, 13, 0], [28, 25, 24, 22, 20, 19, 18, 16, 15, 7, 9, 13, 14, 6, 8, 0], [28, 27, 20, 19, 17, 16, 14, 13, 9, 11, 6, 3, 1, 2, 8, 0], [25, 22, 12, 14, 8, 7, 11, 4, 2, 0, 0, 0, 0, 0, 0, 0]]
gen=[[25, 25, 25, 25, 1, 20, 0, 1, 0, 0, 0, 0, 0, 0, 0, 0], [9, 24, 8, 8, 22, 18, 18, 9, 0, 0, 0, 0, 0, 0, 0, 0], [1, 0, 0, 0, 0, 0, 0, 0, 0, 0, 0, 0, 0, 0, 0, 0], [9, 1, 0, 0, 0, 0, 0, 0, 0, 0, 0, 0, 0, 0, 0, 0], [9, 1, 0, 0, 0, 0, 0, 0, 0, 0, 0, 0, 0, 0, 0, 0], [20, 0, 0, 0, 0, 0, 0, 0, 0, 0, 0, 0, 0, 0, 0, 0], [20, 0, 0, 0, 0, 0, 0, 0, 0, 0, 0, 0, 0, 0, 0, 0], [20, 0, 0, 0, 0, 0, 0, 0, 0, 0, 0, 0, 0, 0, 0, 0], [9, 0, 0, 0, 0, 0, 0, 0, 0, 0, 0, 0, 0, 0, 0, 0], [20, 25, 8, 22, 24, 9, 0, 0, 0, 0, 0, 0, 0, 0, 0, 0]]
valid routes=0.0
norm-reward=0.921895559995905
[ 31 iterations]
real=[[27, 26, 25, 23, 22, 21, 17, 16, 15, 12, 3, 10, 9, 2, 8, 0], [27, 24, 22, 21, 19, 15, 11, 10, 9, 8, 1, 4, 14, 0, 0, 0], [20, 14, 0, 0, 0, 0, 0, 0, 0, 0, 0, 0, 0, 0, 0, 0], [28, 27, 26, 25, 24, 20, 17, 16, 15, 4, 11, 10, 5, 2, 8, 0], [21, 14, 28, 0, 0, 0, 0, 0, 0, 0, 0, 0, 0, 0, 0, 0], [22, 0, 0, 0, 0, 0, 0, 0, 0, 0, 0, 0, 0, 0, 0, 0], [28, 26, 25, 22, 20, 19, 18, 17, 15, 4, 5, 10, 13, 2, 12, 0], [17, 25, 0, 0, 0, 0, 0, 0, 0, 0, 0, 0, 0, 0, 0, 0], [15, 26, 12, 2, 0, 0, 0, 0, 0, 0, 0, 0, 0, 0, 0, 0], [11, 0, 0, 0, 0, 0, 0, 0, 0, 0, 0, 0, 0, 0, 0, 0]]
gen=[[0, 0, 0, 0, 0, 0, 0, 0, 0, 0, 0, 0, 0, 0, 0, 0], [26, 4, 4, 8, 22, 18, 18, 0, 0, 0, 0, 0, 0, 0, 0, 0], [26, 26, 4, 4, 8, 22, 18, 18, 0, 0, 0, 0, 0, 0, 0, 0], [26, 26, 4, 20, 0, 0, 0, 0, 0, 0, 0, 0, 0, 0, 0, 0], [26, 24, 0, 0, 0, 0, 0, 0, 0, 0, 0, 0, 0, 0, 0, 0], [26, 26, 4, 8, 8, 22, 18, 18, 0, 0, 0, 0, 0, 0, 0, 0], [26, 26, 4, 20, 0, 20, 0, 0, 0, 0, 0, 0, 0, 0, 0, 0], [24, 0, 0, 0, 0, 0, 0, 0, 0, 0, 0, 0, 0, 0, 0, 0], [24, 0, 0, 0, 0, 0, 0, 0, 0, 0, 0, 0, 0, 0, 0, 0], [26, 26, 4, 8, 22, 22, 18, 0, 0, 0, 0, 0, 0, 0, 0, 0]]
valid routes=0.0
norm-reward=0.8890896469692986
[ 32 iterations]
real=[[7, 3, 5, 0, 0, 0, 0, 0, 0, 0, 0, 0, 0, 0, 0, 0], [28, 26, 25, 22, 21, 20, 19, 17, 16, 4, 11, 10, 5, 2, 8, 0], [27, 26, 24, 23, 22, 21, 19, 18, 16, 11, 9, 13, 7, 2, 8, 0], [28, 17, 14, 12, 8, 7, 6, 5, 3, 11, 1, 0, 0, 0, 0, 0], [26, 23, 22, 13, 15, 4, 5, 10, 2, 12, 0, 0, 0, 0, 0, 0], [8, 0, 0, 0, 0, 0, 0, 0, 0, 0, 0, 0, 0, 0, 0, 0], [27, 25, 24, 21, 20, 18, 17, 15, 14, 11, 1, 13, 5, 6, 12, 0], [27, 26, 24, 21, 20, 17, 16, 15, 14, 5, 1, 10, 9, 3, 6, 0], [27, 24, 23, 21, 20, 18, 14, 13, 10, 11, 5, 1, 9, 6, 8, 0], [27, 24, 22, 21, 20, 19, 18, 15, 12, 13, 3, 10, 1, 2, 6, 0]]
gen=[[26, 26, 4, 20, 8, 22, 18, 0, 0, 0, 0, 0, 0, 0, 0, 0], [20, 0, 0, 0, 0, 0, 0, 0, 0, 0, 0, 0, 0, 0, 0, 0], [26, 0, 0, 0, 0, 0, 0, 0, 0, 0, 0, 0, 0, 0, 0, 0], [9, 0, 0, 0, 0, 0, 0, 0, 0, 0, 0, 0, 0, 0, 0, 0], [26, 26, 4, 20, 0, 0, 0, 0, 0, 0, 0, 0, 0, 0, 0, 0], [20, 24, 9, 0, 0, 0, 0, 0, 0, 0, 0, 0, 0, 0, 0, 0], [20, 0, 0, 0, 0, 0, 0, 0, 0, 0, 0, 0, 0, 0, 0, 0], [26, 0, 0, 0, 0, 0, 0, 0, 0, 0, 0, 0, 0, 0, 0, 0], [26, 26, 4, 20, 0, 0, 0, 0, 0, 0, 0, 0, 0, 0, 0, 0], [3, 28, 0, 0, 0, 0, 0, 0, 0, 0, 0, 0, 0, 0, 0, 0]]
valid routes=0.0
norm-reward=0.8813215075926083
[ 33 iterations]
real=[[28, 25, 23, 21, 18, 15, 13, 10, 9, 4, 6, 3, 7, 2, 8, 0], [24, 22, 21, 17, 16, 15, 13, 12, 11, 7, 1, 10, 9, 3, 6, 0], [9, 0, 0, 0, 0, 0, 0, 0, 0, 0, 0, 0, 0, 0, 0, 0], [27, 23, 18, 17, 15, 14, 13, 10, 9, 4, 6, 1, 7, 2, 8, 0], [26, 25, 23, 21, 6, 16, 11, 5, 17, 7, 0, 0, 0, 0, 0, 0], [16, 18, 0, 0, 0, 0, 0, 0, 0, 0, 0, 0, 0, 0, 0, 0], [27, 24, 21, 20, 18, 17, 14, 5, 3, 12, 11, 10, 9, 0, 0, 0], [27, 26, 25, 23, 22, 20, 18, 4, 9, 13, 11, 10, 7, 0, 0, 0], [15, 25, 3, 1, 20, 22, 0, 0, 0, 0, 0, 0, 0, 0, 0, 0], [27, 24, 16, 13, 6, 4, 7, 5, 9, 12, 0, 0, 0, 0, 0, 0]]
gen=[[9, 2, 20, 8, 2, 0, 0, 0, 0, 0, 0, 0, 0, 0, 0, 0], [9, 0, 0, 0, 0, 0, 0, 0, 0, 0, 0, 0, 0, 0, 0, 0], [8, 24, 24, 0, 0, 0, 0, 0, 0, 0, 0, 0, 0, 0, 0, 0], [11, 0, 0, 0, 0, 0, 0, 0, 0, 0, 0, 0, 0, 0, 0, 0], [26, 0, 0, 0, 0, 0, 0, 0, 0, 0, 0, 0, 0, 0, 0, 0], [26, 26, 2, 20, 0, 0, 0, 0, 0, 0, 0, 0, 0, 0, 0, 0], [9, 0, 0, 0, 0, 0, 0, 0, 0, 0, 0, 0, 0, 0, 0, 0], [3, 0, 0, 0, 0, 0, 0, 0, 0, 0, 0, 0, 0, 0, 0, 0], [9, 25, 20, 2, 11, 0, 0, 0, 0, 0, 0, 0, 0, 0, 0, 0], [9, 2, 4, 8, 8, 2, 0, 0, 0, 0, 0, 0, 0, 0, 0, 0]]
valid routes=0.0
norm-reward=0.8908361307271785
[ 34 iterations]
real=[[26, 25, 22, 20, 18, 15, 14, 12, 9, 11, 6, 1, 7, 3, 8, 0], [23, 17, 15, 13, 12, 9, 11, 5, 3, 4, 10, 0, 0, 0, 0, 0], [28, 26, 24, 23, 21, 19, 17, 16, 14, 8, 1, 10, 7, 3, 13, 0], [24, 14, 16, 4, 0, 0, 0, 0, 0, 0, 0, 0, 0, 0, 0, 0], [28, 26, 25, 21, 20, 17, 16, 14, 9, 8, 5, 4, 7, 10, 1, 0], [27, 25, 24, 23, 22, 20, 16, 15, 12, 11, 3, 4, 7, 2, 6, 0], [28, 26, 25, 22, 21, 20, 18, 17, 14, 12, 5, 10, 7, 3, 8, 0], [27, 25, 22, 21, 7, 24, 5, 17, 15, 0, 0, 0, 0, 0, 0, 0], [27, 24, 23, 22, 21, 20, 18, 16, 15, 12, 5, 10, 7, 2, 6, 0], [16, 0, 0, 0, 0, 0, 0, 0, 0, 0, 0, 0, 0, 0, 0, 0]]
gen=[[11, 0, 0, 0, 0, 0, 0, 0, 0, 0, 0, 0, 0, 0, 0, 0], [28, 24, 23, 8, 9, 0, 0, 0, 0, 0, 0, 0, 0, 0, 0, 0], [11, 0, 0, 0, 0, 0, 0, 0, 0, 0, 0, 0, 0, 0, 0, 0], [26, 0, 25, 23, 25, 0, 0, 0, 0, 0, 0, 0, 0, 0, 0, 0], [11, 0, 0, 0, 0, 0, 0, 0, 0, 0, 0, 0, 0, 0, 0, 0], [26, 25, 23, 0, 0, 0, 0, 0, 0, 0, 0, 0, 0, 0, 0, 0], [9, 25, 23, 23, 25, 23, 0, 0, 0, 0, 0, 0, 0, 0, 0, 0], [11, 0, 0, 0, 0, 0, 0, 0, 0, 0, 0, 0, 0, 0, 0, 0], [11, 11, 0, 0, 0, 0, 0, 0, 0, 0, 0, 0, 0, 0, 0, 0], [28, 24, 9, 0, 25, 0, 0, 0, 0, 0, 0, 0, 0, 0, 0, 0]]
valid routes=0.001
norm-reward=0.9094706852946028
[ 35 iterations]
real=[[13, 23, 0, 0, 0, 0, 0, 0, 0, 0, 0, 0, 0, 0, 0, 0], [26, 3, 12, 27, 0, 0, 0, 0, 0, 0, 0, 0, 0, 0, 0, 0], [28, 27, 26, 23, 21, 20, 19, 18, 17, 4, 11, 10, 15, 6, 8, 0], [17, 16, 26, 6, 2, 0, 0, 0, 0, 0, 0, 0, 0, 0, 0, 0], [22, 20, 16, 11, 2, 19, 6, 4, 3, 0, 0, 0, 0, 0, 0, 0], [15, 18, 0, 0, 0, 0, 0, 0, 0, 0, 0, 0, 0, 0, 0, 0], [28, 27, 25, 24, 23, 18, 13, 12, 10, 11, 6, 1, 7, 2, 8, 0], [26, 24, 13, 10, 2, 20, 18, 0, 0, 0, 0, 0, 0, 0, 0, 0], [26, 18, 16, 12, 8, 7, 6, 5, 2, 4, 3, 1, 0, 0, 0, 0], [26, 25, 24, 23, 22, 18, 16, 14, 10, 8, 6, 4, 5, 2, 13, 0]]
gen=[[27, 0, 0, 0, 0, 0, 0, 0, 0, 0, 0, 0, 0, 0, 0, 0], [26, 25, 25, 23, 7, 0, 0, 0, 0, 0, 0, 0, 0, 0, 0, 0], [27, 0, 0, 0, 0, 0, 0, 0, 0, 0, 0, 0, 0, 0, 0, 0], [28, 9, 0, 0, 0, 0, 0, 0, 0, 0, 0, 0, 0, 0, 0, 0], [27, 0, 0, 0, 0, 0, 0, 0, 0, 0, 0, 0, 0, 0, 0, 0], [20, 28, 9, 0, 0, 0, 0, 0, 0, 0, 0, 0, 0, 0, 0, 0], [9, 4, 23, 7, 0, 0, 0, 0, 0, 0, 0, 0, 0, 0, 0, 0], [9, 25, 23, 7, 0, 0, 0, 0, 0, 0, 0, 0, 0, 0, 0, 0], [11, 0, 0, 0, 0, 0, 0, 0, 0, 0, 0, 0, 0, 0, 0, 0], [27, 0, 0, 0, 0, 0, 0, 0, 0, 0, 0, 0, 0, 0, 0, 0]]
valid routes=0.0
norm-reward=0.8929928507022324
[ 36 iterations]
real=[[27, 22, 20, 19, 16, 13, 11, 10, 9, 4, 5, 1, 7, 3, 8, 0], [27, 23, 21, 17, 16, 15, 13, 10, 7, 8, 3, 1, 5, 2, 6, 0], [28, 25, 24, 23, 21, 20, 17, 15, 12, 11, 5, 13, 7, 3, 8, 0], [28, 3, 12, 27, 6, 13, 1, 0, 0, 0, 0, 0, 0, 0, 0, 0], [27, 24, 22, 19, 6, 4, 11, 14, 17, 12, 0, 0, 0, 0, 0, 0], [9, 25, 28, 0, 0, 0, 0, 0, 0, 0, 0, 0, 0, 0, 0, 0], [2, 0, 0, 0, 0, 0, 0, 0, 0, 0, 0, 0, 0, 0, 0, 0], [28, 26, 25, 23, 22, 20, 18, 14, 11, 13, 6, 10, 9, 3, 8, 0], [22, 21, 19, 18, 17, 16, 14, 12, 11, 3, 5, 10, 7, 2, 6, 0], [26, 25, 24, 20, 18, 17, 16, 14, 9, 11, 5, 4, 7, 3, 1, 0]]
gen=[[6, 18, 0, 0, 0, 0, 0, 0, 0, 0, 0, 0, 0, 0, 0, 0], [6, 18, 6, 0, 0, 0, 0, 0, 0, 0, 0, 0, 0, 0, 0, 0], [27, 27, 0, 0, 0, 0, 0, 0, 0, 0, 0, 0, 0, 0, 0, 0], [27, 0, 0, 0, 0, 0, 0, 0, 0, 0, 0, 0, 0, 0, 0, 0], [27, 6, 6, 0, 0, 0, 0, 0, 0, 0, 0, 0, 0, 0, 0, 0], [26, 25, 23, 7, 6, 0, 0, 0, 0, 0, 0, 0, 0, 0, 0, 0], [27, 27, 0, 0, 0, 0, 0, 0, 0, 0, 0, 0, 0, 0, 0, 0], [27, 18, 0, 0, 0, 0, 0, 0, 0, 0, 0, 0, 0, 0, 0, 0], [27, 6, 0, 0, 0, 0, 0, 0, 0, 0, 0, 0, 0, 0, 0, 0], [20, 18, 4, 0, 0, 0, 0, 0, 0, 0, 0, 0, 0, 0, 0, 0]]
valid routes=0.0
norm-reward=0.898157701574119
[ 37 iterations]
real=[[20, 21, 28, 0, 0, 0, 0, 0, 0, 0, 0, 0, 0, 0, 0, 0], [5, 0, 0, 0, 0, 0, 0, 0, 0, 0, 0, 0, 0, 0, 0, 0], [26, 22, 19, 18, 17, 15, 14, 5, 9, 8, 6, 1, 7, 0, 0, 0], [28, 25, 22, 20, 18, 16, 15, 13, 12, 4, 11, 10, 7, 2, 6, 0], [28, 27, 26, 23, 21, 19, 17, 16, 9, 8, 1, 4, 15, 3, 6, 0], [27, 26, 23, 22, 20, 18, 17, 15, 11, 9, 5, 1, 7, 6, 13, 0], [26, 24, 22, 21, 19, 16, 14, 11, 9, 4, 5, 1, 7, 6, 0, 0], [28, 26, 24, 22, 21, 19, 18, 16, 10, 13, 5, 1, 9, 2, 6, 0], [24, 21, 20, 17, 14, 16, 7, 1, 3, 8, 0, 0, 0, 0, 0, 0], [28, 26, 25, 22, 20, 17, 16, 14, 9, 12, 1, 10, 13, 2, 0, 0]]
gen=[[26, 26, 25, 23, 25, 2, 23, 7, 2, 11, 0, 0, 0, 0, 0, 0], [26, 27, 23, 7, 22, 18, 18, 0, 0, 0, 0, 0, 0, 0, 0, 0], [6, 8, 4, 6, 6, 6, 6, 6, 0, 0, 0, 0, 0, 0, 0, 0], [6, 23, 7, 0, 0, 0, 0, 0, 0, 0, 0, 0, 0, 0, 0, 0], [6, 0, 0, 0, 0, 0, 0, 0, 0, 0, 0, 0, 0, 0, 0, 0], [6, 22, 15, 6, 6, 0, 0, 0, 0, 0, 0, 0, 0, 0, 0, 0], [6, 8, 7, 6, 0, 0, 0, 0, 0, 0, 0, 0, 0, 0, 0, 0], [6, 4, 23, 7, 0, 0, 0, 0, 0, 0, 0, 0, 0, 0, 0, 0], [26, 0, 6, 0, 0, 0, 0, 0, 0, 0, 0, 0, 0, 0, 0, 0], [6, 11, 0, 6, 0, 0, 0, 0, 0, 0, 0, 0, 0, 0, 0, 0]]
valid routes=0.0
norm-reward=0.9320299211801621
[ 38 iterations]
real=[[23, 17, 15, 10, 6, 13, 1, 4, 2, 3, 0, 0, 0, 0, 0, 0], [27, 21, 15, 3, 14, 23, 7, 10, 0, 0, 0, 0, 0, 0, 0, 0], [27, 21, 20, 19, 18, 16, 15, 13, 9, 4, 3, 1, 5, 2, 8, 0], [27, 25, 23, 20, 17, 16, 15, 14, 11, 13, 9, 10, 7, 3, 8, 0], [6, 28, 0, 0, 0, 0, 0, 0, 0, 0, 0, 0, 0, 0, 0, 0], [26, 23, 19, 18, 7, 9, 11, 1, 3, 12, 0, 0, 0, 0, 0, 0], [28, 27, 26, 25, 23, 22, 20, 19, 17, 11, 6, 14, 5, 2, 8, 0], [1, 27, 28, 0, 0, 0, 0, 0, 0, 0, 0, 0, 0, 0, 0, 0], [27, 24, 22, 19, 17, 14, 13, 9, 2, 8, 3, 4, 12, 0, 0, 0], [27, 26, 21, 20, 18, 17, 16, 14, 12, 7, 5, 10, 9, 6, 1, 0]]
gen=[[28, 24, 15, 18, 0, 0, 0, 0, 0, 0, 0, 0, 0, 0, 0, 0], [20, 22, 22, 15, 15, 15, 0, 0, 0, 0, 0, 0, 0, 0, 0, 0], [15, 15, 0, 0, 0, 0, 0, 0, 0, 0, 0, 0, 0, 0, 0, 0], [15, 15, 0, 0, 0, 0, 0, 0, 0, 0, 0, 0, 0, 0, 0, 0], [15, 26, 24, 23, 25, 2, 23, 0, 0, 0, 0, 0, 0, 0, 0, 0], [15, 18, 15, 0, 0, 0, 0, 0, 0, 0, 0, 0, 0, 0, 0, 0], [15, 14, 15, 15, 0, 0, 0, 0, 0, 0, 0, 0, 0, 0, 0, 0], [15, 24, 23, 25, 2, 23, 7, 0, 0, 0, 0, 0, 0, 0, 0, 0], [15, 4, 14, 15, 0, 0, 0, 0, 0, 0, 0, 0, 0, 0, 0, 0], [20, 22, 15, 15, 15, 0, 0, 0, 0, 0, 0, 0, 0, 0, 0, 0]]
valid routes=0.0
norm-reward=0.9043700498194968
[ 39 iterations]
real=[[22, 25, 12, 10, 6, 19, 5, 0, 0, 0, 0, 0, 0, 0, 0, 0], [28, 26, 25, 24, 21, 18, 17, 14, 12, 7, 9, 13, 5, 2, 6, 0], [28, 27, 22, 20, 17, 14, 13, 9, 7, 8, 3, 1, 5, 2, 6, 0], [28, 25, 24, 22, 21, 19, 18, 17, 14, 4, 6, 10, 2, 3, 8, 0], [27, 26, 24, 23, 21, 20, 17, 16, 15, 12, 6, 4, 7, 14, 13, 0], [27, 25, 17, 6, 20, 15, 5, 4, 0, 0, 0, 0, 0, 0, 0, 0], [28, 27, 22, 21, 17, 16, 14, 13, 12, 3, 5, 10, 9, 2, 1, 0], [25, 24, 23, 20, 19, 18, 17, 15, 9, 8, 6, 4, 1, 3, 13, 0], [17, 25, 5, 0, 0, 0, 0, 0, 0, 0, 0, 0, 0, 0, 0, 0], [28, 27, 26, 25, 23, 22, 21, 18, 14, 11, 1, 4, 9, 8, 13, 0]]
gen=[[26, 25, 23, 7, 2, 21, 21, 0, 0, 0, 0, 0, 0, 0, 0, 0], [15, 25, 4, 7, 2, 0, 0, 0, 0, 0, 0, 0, 0, 0, 0, 0], [21, 0, 0, 0, 0, 0, 0, 0, 0, 0, 0, 0, 0, 0, 0, 0], [6, 4, 0, 0, 0, 0, 0, 0, 0, 0, 0, 0, 0, 0, 0, 0], [26, 0, 0, 0, 0, 0, 0, 0, 0, 0, 0, 0, 0, 0, 0, 0], [6, 14, 21, 0, 0, 0, 0, 0, 0, 0, 0, 0, 0, 0, 0, 0], [21, 0, 0, 0, 0, 0, 0, 0, 0, 0, 0, 0, 0, 0, 0, 0], [21, 0, 0, 0, 0, 0, 0, 0, 0, 0, 0, 0, 0, 0, 0, 0], [27, 18, 15, 0, 0, 0, 0, 0, 0, 0, 0, 0, 0, 0, 0, 0], [27, 21, 15, 0, 0, 0, 0, 0, 0, 0, 0, 0, 0, 0, 0, 0]]
valid routes=0.0
norm-reward=0.9050040751564254
[ 40 iterations]
real=[[26, 25, 20, 19, 18, 16, 15, 12, 2, 8, 5, 10, 7, 6, 0, 0], [28, 27, 25, 20, 19, 18, 16, 11, 10, 3, 5, 1, 7, 2, 8, 0], [25, 23, 22, 21, 20, 17, 16, 15, 14, 4, 5, 10, 13, 3, 12, 0], [26, 24, 23, 22, 21, 20, 18, 17, 15, 7, 5, 3, 14, 2, 6, 0], [28, 27, 25, 24, 21, 18, 17, 15, 11, 8, 6, 4, 7, 3, 13, 0], [20, 16, 13, 5, 7, 17, 1, 4, 0, 0, 0, 0, 0, 0, 0, 0], [27, 26, 25, 24, 22, 20, 18, 16, 12, 7, 6, 3, 5, 2, 13, 0], [28, 25, 24, 22, 20, 19, 18, 16, 15, 7, 9, 13, 14, 6, 8, 0], [28, 27, 20, 19, 17, 16, 14, 13, 9, 11, 6, 3, 1, 2, 8, 0], [25, 22, 12, 14, 8, 7, 11, 4, 2, 0, 0, 0, 0, 0, 0, 0]]
gen=[[11, 0, 0, 0, 0, 0, 0, 0, 0, 0, 0, 0, 0, 0, 0, 0], [11, 11, 0, 0, 0, 0, 0, 0, 0, 0, 0, 0, 0, 0, 0, 0], [15, 0, 0, 0, 0, 0, 0, 0, 0, 0, 0, 0, 0, 0, 0, 0], [11, 11, 0, 0, 0, 0, 0, 0, 0, 0, 0, 0, 0, 0, 0, 0], [26, 0, 0, 0, 0, 0, 0, 0, 0, 0, 0, 0, 0, 0, 0, 0], [6, 4, 11, 0, 0, 0, 0, 0, 0, 0, 0, 0, 0, 0, 0, 0], [11, 0, 0, 0, 0, 0, 0, 0, 0, 0, 0, 0, 0, 0, 0, 0], [6, 4, 21, 0, 0, 0, 0, 0, 0, 0, 0, 0, 0, 0, 0, 0], [11, 0, 0, 0, 0, 0, 0, 0, 0, 0, 0, 0, 0, 0, 0, 0], [15, 4, 4, 0, 0, 0, 0, 0, 0, 0, 0, 0, 0, 0, 0, 0]]
valid routes=0.0
norm-reward=0.9131476383089684
[ 41 iterations]
real=[[27, 26, 25, 23, 22, 21, 17, 16, 15, 12, 3, 10, 9, 2, 8, 0], [27, 24, 22, 21, 19, 15, 11, 10, 9, 8, 1, 4, 14, 0, 0, 0], [20, 14, 0, 0, 0, 0, 0, 0, 0, 0, 0, 0, 0, 0, 0, 0], [28, 27, 26, 25, 24, 20, 17, 16, 15, 4, 11, 10, 5, 2, 8, 0], [21, 14, 28, 0, 0, 0, 0, 0, 0, 0, 0, 0, 0, 0, 0, 0], [22, 0, 0, 0, 0, 0, 0, 0, 0, 0, 0, 0, 0, 0, 0, 0], [28, 26, 25, 22, 20, 19, 18, 17, 15, 4, 5, 10, 13, 2, 12, 0], [17, 25, 0, 0, 0, 0, 0, 0, 0, 0, 0, 0, 0, 0, 0, 0], [15, 26, 12, 2, 0, 0, 0, 0, 0, 0, 0, 0, 0, 0, 0, 0], [11, 0, 0, 0, 0, 0, 0, 0, 0, 0, 0, 0, 0, 0, 0, 0]]
gen=[[9, 0, 0, 0, 0, 0, 0, 0, 0, 0, 0, 0, 0, 0, 0, 0], [27, 18, 18, 0, 0, 0, 0, 0, 0, 0, 0, 0, 0, 0, 0, 0], [27, 18, 0, 0, 0, 0, 0, 0, 0, 0, 0, 0, 0, 0, 0, 0], [27, 0, 0, 0, 0, 0, 0, 0, 0, 0, 0, 0, 0, 0, 0, 0], [26, 4, 21, 0, 0, 0, 0, 0, 0, 0, 0, 0, 0, 0, 0, 0], [27, 18, 0, 0, 0, 0, 0, 0, 0, 0, 0, 0, 0, 0, 0, 0], [21, 18, 0, 0, 0, 0, 0, 0, 0, 0, 0, 0, 0, 0, 0, 0], [21, 0, 0, 0, 0, 0, 0, 0, 0, 0, 0, 0, 0, 0, 0, 0], [21, 0, 0, 0, 0, 0, 0, 0, 0, 0, 0, 0, 0, 0, 0, 0], [21, 9, 21, 22, 14, 0, 0, 0, 0, 0, 0, 0, 0, 0, 0, 0]]
valid routes=0.0
norm-reward=0.9239106223081264
[ 42 iterations]
real=[[7, 3, 5, 0, 0, 0, 0, 0, 0, 0, 0, 0, 0, 0, 0, 0], [28, 26, 25, 22, 21, 20, 19, 17, 16, 4, 11, 10, 5, 2, 8, 0], [27, 26, 24, 23, 22, 21, 19, 18, 16, 11, 9, 13, 7, 2, 8, 0], [28, 17, 14, 12, 8, 7, 6, 5, 3, 11, 1, 0, 0, 0, 0, 0], [26, 23, 22, 13, 15, 4, 5, 10, 2, 12, 0, 0, 0, 0, 0, 0], [8, 0, 0, 0, 0, 0, 0, 0, 0, 0, 0, 0, 0, 0, 0, 0], [27, 25, 24, 21, 20, 18, 17, 15, 14, 11, 1, 13, 5, 6, 12, 0], [27, 26, 24, 21, 20, 17, 16, 15, 14, 5, 1, 10, 9, 3, 6, 0], [27, 24, 23, 21, 20, 18, 14, 13, 10, 11, 5, 1, 9, 6, 8, 0], [27, 24, 22, 21, 20, 19, 18, 15, 12, 13, 3, 10, 1, 2, 6, 0]]
gen=[[27, 3, 14, 0, 0, 0, 0, 0, 0, 0, 0, 0, 0, 0, 0, 0], [26, 0, 0, 0, 0, 0, 0, 0, 0, 0, 0, 0, 0, 0, 0, 0], [27, 27, 27, 0, 0, 0, 0, 0, 0, 0, 0, 0, 0, 0, 0, 0], [3, 4, 14, 2, 0, 0, 0, 0, 0, 0, 0, 0, 0, 0, 0, 0], [27, 27, 0, 0, 0, 0, 0, 0, 0, 0, 0, 0, 0, 0, 0, 0], [28, 27, 27, 0, 0, 0, 0, 0, 0, 0, 0, 0, 0, 0, 0, 0], [9, 0, 0, 0, 0, 0, 0, 0, 0, 0, 0, 0, 0, 0, 0, 0], [3, 3, 0, 0, 0, 0, 0, 0, 0, 0, 0, 0, 0, 0, 0, 0], [20, 0, 0, 0, 0, 0, 0, 0, 0, 0, 0, 0, 0, 0, 0, 0], [3, 3, 0, 0, 0, 0, 0, 0, 0, 0, 0, 0, 0, 0, 0, 0]]
valid routes=0.0
norm-reward=0.8990476073861144
[ 43 iterations]
real=[[28, 25, 23, 21, 18, 15, 13, 10, 9, 4, 6, 3, 7, 2, 8, 0], [24, 22, 21, 17, 16, 15, 13, 12, 11, 7, 1, 10, 9, 3, 6, 0], [9, 0, 0, 0, 0, 0, 0, 0, 0, 0, 0, 0, 0, 0, 0, 0], [27, 23, 18, 17, 15, 14, 13, 10, 9, 4, 6, 1, 7, 2, 8, 0], [26, 25, 23, 21, 6, 16, 11, 5, 17, 7, 0, 0, 0, 0, 0, 0], [16, 18, 0, 0, 0, 0, 0, 0, 0, 0, 0, 0, 0, 0, 0, 0], [27, 24, 21, 20, 18, 17, 14, 5, 3, 12, 11, 10, 9, 0, 0, 0], [27, 26, 25, 23, 22, 20, 18, 4, 9, 13, 11, 10, 7, 0, 0, 0], [15, 25, 3, 1, 20, 22, 0, 0, 0, 0, 0, 0, 0, 0, 0, 0], [27, 24, 16, 13, 6, 4, 7, 5, 9, 12, 0, 0, 0, 0, 0, 0]]
gen=[[20, 8, 3, 0, 0, 0, 0, 0, 0, 0, 0, 0, 0, 0, 0, 0], [8, 8, 0, 0, 0, 0, 0, 0, 0, 0, 0, 0, 0, 0, 0, 0], [9, 22, 22, 2, 0, 0, 0, 0, 0, 0, 0, 0, 0, 0, 0, 0], [8, 8, 0, 0, 0, 0, 0, 0, 0, 0, 0, 0, 0, 0, 0, 0], [27, 27, 0, 0, 0, 0, 0, 0, 0, 0, 0, 0, 0, 0, 0, 0], [20, 20, 0, 0, 0, 0, 0, 0, 0, 0, 0, 0, 0, 0, 0, 0], [8, 27, 0, 0, 0, 0, 0, 0, 0, 0, 0, 0, 0, 0, 0, 0], [20, 8, 0, 0, 0, 0, 0, 0, 0, 0, 0, 0, 0, 0, 0, 0], [20, 8, 12, 0, 0, 0, 0, 0, 0, 0, 0, 0, 0, 0, 0, 0], [26, 0, 0, 0, 0, 0, 0, 0, 0, 0, 0, 0, 0, 0, 0, 0]]
valid routes=0.001
norm-reward=0.9144260398922056
[ 44 iterations]
real=[[26, 25, 22, 20, 18, 15, 14, 12, 9, 11, 6, 1, 7, 3, 8, 0], [23, 17, 15, 13, 12, 9, 11, 5, 3, 4, 10, 0, 0, 0, 0, 0], [28, 26, 24, 23, 21, 19, 17, 16, 14, 8, 1, 10, 7, 3, 13, 0], [24, 14, 16, 4, 0, 0, 0, 0, 0, 0, 0, 0, 0, 0, 0, 0], [28, 26, 25, 21, 20, 17, 16, 14, 9, 8, 5, 4, 7, 10, 1, 0], [27, 25, 24, 23, 22, 20, 16, 15, 12, 11, 3, 4, 7, 2, 6, 0], [28, 26, 25, 22, 21, 20, 18, 17, 14, 12, 5, 10, 7, 3, 8, 0], [27, 25, 22, 21, 7, 24, 5, 17, 15, 0, 0, 0, 0, 0, 0, 0], [27, 24, 23, 22, 21, 20, 18, 16, 15, 12, 5, 10, 7, 2, 6, 0], [16, 0, 0, 0, 0, 0, 0, 0, 0, 0, 0, 0, 0, 0, 0, 0]]
gen=[[8, 0, 0, 0, 0, 0, 0, 0, 0, 0, 0, 0, 0, 0, 0, 0], [9, 25, 22, 14, 2, 0, 0, 0, 0, 0, 0, 0, 0, 0, 0, 0], [11, 0, 0, 0, 0, 0, 0, 0, 0, 0, 0, 0, 0, 0, 0, 0], [20, 0, 0, 0, 0, 0, 0, 0, 0, 0, 0, 0, 0, 0, 0, 0], [26, 0, 0, 0, 0, 0, 0, 0, 0, 0, 0, 0, 0, 0, 0, 0], [11, 0, 0, 0, 0, 0, 0, 0, 0, 0, 0, 0, 0, 0, 0, 0], [11, 0, 0, 0, 0, 0, 0, 0, 0, 0, 0, 0, 0, 0, 0, 0], [20, 18, 12, 0, 0, 0, 0, 0, 0, 0, 0, 0, 0, 0, 0, 0], [9, 0, 0, 0, 0, 0, 0, 0, 0, 0, 0, 0, 0, 0, 0, 0], [20, 18, 0, 0, 0, 0, 0, 0, 0, 0, 0, 0, 0, 0, 0, 0]]
valid routes=0.0
norm-reward=0.9052906895873106
[ 45 iterations]
real=[[13, 23, 0, 0, 0, 0, 0, 0, 0, 0, 0, 0, 0, 0, 0, 0], [26, 3, 12, 27, 0, 0, 0, 0, 0, 0, 0, 0, 0, 0, 0, 0], [28, 27, 26, 23, 21, 20, 19, 18, 17, 4, 11, 10, 15, 6, 8, 0], [17, 16, 26, 6, 2, 0, 0, 0, 0, 0, 0, 0, 0, 0, 0, 0], [22, 20, 16, 11, 2, 19, 6, 4, 3, 0, 0, 0, 0, 0, 0, 0], [15, 18, 0, 0, 0, 0, 0, 0, 0, 0, 0, 0, 0, 0, 0, 0], [28, 27, 25, 24, 23, 18, 13, 12, 10, 11, 6, 1, 7, 2, 8, 0], [26, 24, 13, 10, 2, 20, 18, 0, 0, 0, 0, 0, 0, 0, 0, 0], [26, 18, 16, 12, 8, 7, 6, 5, 2, 4, 3, 1, 0, 0, 0, 0], [26, 25, 24, 23, 22, 18, 16, 14, 10, 8, 6, 4, 5, 2, 13, 0]]
gen=[[20, 9, 0, 0, 0, 0, 0, 0, 0, 0, 0, 0, 0, 0, 0, 0], [9, 25, 25, 14, 0, 0, 0, 0, 0, 0, 0, 0, 0, 0, 0, 0], [15, 0, 0, 0, 0, 0, 0, 0, 0, 0, 0, 0, 0, 0, 0, 0], [24, 18, 12, 0, 0, 0, 0, 0, 0, 0, 0, 0, 0, 0, 0, 0], [14, 15, 0, 0, 0, 0, 0, 0, 0, 0, 0, 0, 0, 0, 0, 0], [9, 25, 25, 3, 0, 0, 0, 0, 0, 0, 0, 0, 0, 0, 0, 0], [9, 0, 0, 0, 0, 0, 0, 0, 0, 0, 0, 0, 0, 0, 0, 0], [9, 4, 0, 0, 0, 0, 0, 0, 0, 0, 0, 0, 0, 0, 0, 0], [11, 24, 12, 0, 0, 0, 0, 0, 0, 0, 0, 0, 0, 0, 0, 0], [9, 24, 25, 14, 2, 0, 0, 0, 0, 0, 0, 0, 0, 0, 0, 0]]
valid routes=0.0
norm-reward=0.9277098011347976
[ 46 iterations]
real=[[27, 22, 20, 19, 16, 13, 11, 10, 9, 4, 5, 1, 7, 3, 8, 0], [27, 23, 21, 17, 16, 15, 13, 10, 7, 8, 3, 1, 5, 2, 6, 0], [28, 25, 24, 23, 21, 20, 17, 15, 12, 11, 5, 13, 7, 3, 8, 0], [28, 3, 12, 27, 6, 13, 1, 0, 0, 0, 0, 0, 0, 0, 0, 0], [27, 24, 22, 19, 6, 4, 11, 14, 17, 12, 0, 0, 0, 0, 0, 0], [9, 25, 28, 0, 0, 0, 0, 0, 0, 0, 0, 0, 0, 0, 0, 0], [2, 0, 0, 0, 0, 0, 0, 0, 0, 0, 0, 0, 0, 0, 0, 0], [28, 26, 25, 23, 22, 20, 18, 14, 11, 13, 6, 10, 9, 3, 8, 0], [22, 21, 19, 18, 17, 16, 14, 12, 11, 3, 5, 10, 7, 2, 6, 0], [26, 25, 24, 20, 18, 17, 16, 14, 9, 11, 5, 4, 7, 3, 1, 0]]
gen=[[3, 0, 0, 0, 0, 0, 0, 0, 0, 0, 0, 0, 0, 0, 0, 0], [5, 0, 0, 0, 0, 0, 0, 0, 0, 0, 0, 0, 0, 0, 0, 0], [5, 0, 0, 0, 0, 0, 0, 0, 0, 0, 0, 0, 0, 0, 0, 0], [20, 0, 0, 0, 0, 0, 0, 0, 0, 0, 0, 0, 0, 0, 0, 0], [5, 25, 3, 3, 0, 0, 0, 0, 0, 0, 0, 0, 0, 0, 0, 0], [9, 25, 25, 3, 0, 0, 0, 0, 0, 0, 0, 0, 0, 0, 0, 0], [24, 22, 5, 0, 0, 0, 0, 0, 0, 0, 0, 0, 0, 0, 0, 0], [9, 0, 0, 0, 0, 0, 0, 0, 0, 0, 0, 0, 0, 0, 0, 0], [20, 0, 0, 0, 0, 0, 0, 0, 0, 0, 0, 0, 0, 0, 0, 0], [8, 8, 5, 0, 0, 0, 0, 0, 0, 0, 0, 0, 0, 0, 0, 0]]
valid routes=0.0
norm-reward=0.9108713684169958
[ 47 iterations]
real=[[20, 21, 28, 0, 0, 0, 0, 0, 0, 0, 0, 0, 0, 0, 0, 0], [5, 0, 0, 0, 0, 0, 0, 0, 0, 0, 0, 0, 0, 0, 0, 0], [26, 22, 19, 18, 17, 15, 14, 5, 9, 8, 6, 1, 7, 0, 0, 0], [28, 25, 22, 20, 18, 16, 15, 13, 12, 4, 11, 10, 7, 2, 6, 0], [28, 27, 26, 23, 21, 19, 17, 16, 9, 8, 1, 4, 15, 3, 6, 0], [27, 26, 23, 22, 20, 18, 17, 15, 11, 9, 5, 1, 7, 6, 13, 0], [26, 24, 22, 21, 19, 16, 14, 11, 9, 4, 5, 1, 7, 6, 0, 0], [28, 26, 24, 22, 21, 19, 18, 16, 10, 13, 5, 1, 9, 2, 6, 0], [24, 21, 20, 17, 14, 16, 7, 1, 3, 8, 0, 0, 0, 0, 0, 0], [28, 26, 25, 22, 20, 17, 16, 14, 9, 12, 1, 10, 13, 2, 0, 0]]
gen=[[15, 0, 0, 0, 0, 0, 0, 0, 0, 0, 0, 0, 0, 0, 0, 0], [9, 25, 14, 22, 18, 18, 5, 5, 5, 5, 5, 5, 0, 0, 0, 0], [8, 8, 22, 5, 5, 5, 5, 5, 5, 5, 0, 0, 0, 0, 0, 0], [15, 0, 0, 0, 0, 0, 0, 0, 0, 0, 0, 0, 0, 0, 0, 0], [2, 5, 5, 0, 0, 0, 0, 0, 0, 0, 0, 0, 0, 0, 0, 0], [9, 24, 25, 2, 2, 0, 0, 0, 0, 0, 0, 0, 0, 0, 0, 0], [11, 21, 0, 0, 0, 0, 0, 0, 0, 0, 0, 0, 0, 0, 0, 0], [20, 4, 15, 0, 0, 0, 0, 0, 0, 0, 0, 0, 0, 0, 0, 0], [25, 22, 18, 5, 5, 5, 5, 5, 5, 5, 5, 0, 0, 0, 0, 0], [15, 0, 0, 0, 0, 0, 0, 0, 0, 0, 0, 0, 0, 0, 0, 0]]
valid routes=0.0
norm-reward=0.9492484289650521
[ 48 iterations]
real=[[23, 17, 15, 10, 6, 13, 1, 4, 2, 3, 0, 0, 0, 0, 0, 0], [27, 21, 15, 3, 14, 23, 7, 10, 0, 0, 0, 0, 0, 0, 0, 0], [27, 21, 20, 19, 18, 16, 15, 13, 9, 4, 3, 1, 5, 2, 8, 0], [27, 25, 23, 20, 17, 16, 15, 14, 11, 13, 9, 10, 7, 3, 8, 0], [6, 28, 0, 0, 0, 0, 0, 0, 0, 0, 0, 0, 0, 0, 0, 0], [26, 23, 19, 18, 7, 9, 11, 1, 3, 12, 0, 0, 0, 0, 0, 0], [28, 27, 26, 25, 23, 22, 20, 19, 17, 11, 6, 14, 5, 2, 8, 0], [1, 27, 28, 0, 0, 0, 0, 0, 0, 0, 0, 0, 0, 0, 0, 0], [27, 24, 22, 19, 17, 14, 13, 9, 2, 8, 3, 4, 12, 0, 0, 0], [27, 26, 21, 20, 18, 17, 16, 14, 12, 7, 5, 10, 9, 6, 1, 0]]
gen=[[26, 25, 3, 0, 0, 0, 0, 0, 0, 0, 0, 0, 0, 0, 0, 0], [11, 0, 0, 0, 0, 0, 0, 0, 0, 0, 0, 0, 0, 0, 0, 0], [23, 11, 0, 0, 0, 0, 0, 0, 0, 0, 0, 0, 0, 0, 0, 0], [23, 4, 0, 0, 0, 0, 0, 0, 0, 0, 0, 0, 0, 0, 0, 0], [2, 11, 0, 0, 0, 0, 0, 0, 0, 0, 0, 0, 0, 0, 0, 0], [9, 4, 26, 2, 0, 0, 0, 0, 0, 0, 0, 0, 0, 0, 0, 0], [15, 0, 0, 0, 0, 0, 0, 0, 0, 0, 0, 0, 0, 0, 0, 0], [9, 25, 3, 2, 0, 0, 0, 0, 0, 0, 0, 0, 0, 0, 0, 0], [11, 0, 0, 0, 0, 0, 0, 0, 0, 0, 0, 0, 0, 0, 0, 0], [15, 0, 0, 0, 0, 0, 0, 0, 0, 0, 0, 0, 0, 0, 0, 0]]
valid routes=0.0
norm-reward=0.9191324997579196
[ 49 iterations]
real=[[22, 25, 12, 10, 6, 19, 5, 0, 0, 0, 0, 0, 0, 0, 0, 0], [28, 26, 25, 24, 21, 18, 17, 14, 12, 7, 9, 13, 5, 2, 6, 0], [28, 27, 22, 20, 17, 14, 13, 9, 7, 8, 3, 1, 5, 2, 6, 0], [28, 25, 24, 22, 21, 19, 18, 17, 14, 4, 6, 10, 2, 3, 8, 0], [27, 26, 24, 23, 21, 20, 17, 16, 15, 12, 6, 4, 7, 14, 13, 0], [27, 25, 17, 6, 20, 15, 5, 4, 0, 0, 0, 0, 0, 0, 0, 0], [28, 27, 22, 21, 17, 16, 14, 13, 12, 3, 5, 10, 9, 2, 1, 0], [25, 24, 23, 20, 19, 18, 17, 15, 9, 8, 6, 4, 1, 3, 13, 0], [17, 25, 5, 0, 0, 0, 0, 0, 0, 0, 0, 0, 0, 0, 0, 0], [28, 27, 26, 25, 23, 22, 21, 18, 14, 11, 1, 4, 9, 8, 13, 0]]
gen=[[2, 23, 0, 0, 0, 0, 0, 0, 0, 0, 0, 0, 0, 0, 0, 0], [2, 0, 0, 0, 0, 0, 0, 0, 0, 0, 0, 0, 0, 0, 0, 0], [9, 3, 3, 0, 0, 0, 0, 0, 0, 0, 0, 0, 0, 0, 0, 0], [9, 3, 0, 0, 0, 0, 0, 0, 0, 0, 0, 0, 0, 0, 0, 0], [2, 0, 0, 0, 0, 0, 0, 0, 0, 0, 0, 0, 0, 0, 0, 0], [0, 0, 0, 0, 0, 0, 0, 0, 0, 0, 0, 0, 0, 0, 0, 0], [23, 0, 0, 0, 0, 0, 0, 0, 0, 0, 0, 0, 0, 0, 0, 0], [9, 4, 0, 0, 0, 0, 0, 0, 0, 0, 0, 0, 0, 0, 0, 0], [28, 23, 23, 0, 0, 0, 0, 0, 0, 0, 0, 0, 0, 0, 0, 0], [8, 0, 0, 0, 0, 0, 0, 0, 0, 0, 0, 0, 0, 0, 0, 0]]
valid routes=0.002
norm-reward=0.9043385704146906
