read problem
[ 10 iterations]
real= [[21  0  0  0  0  0  0  0  0  0  0  0  0  0  0  0]
 [ 9 15  0  0  0  0  0  0  0  0  0  0  0  0  0  0]
 [23 24 13  8  4  0  0  0  0  0  0  0  0  0  0  0]
 [21  5  0  0  0  0  0  0  0  0  0  0  0  0  0  0]
 [ 3  2  7  0  0  0  0  0  0  0  0  0  0  0  0  0]
 [18 23 24  1 19  0  0  0  0  0  0  0  0  0  0  0]
 [25  7  0  0  0  0  0  0  0  0  0  0  0  0  0  0]
 [18 14 28  0  0  0  0  0  0  0  0  0  0  0  0  0]
 [ 1  0  0  0  0  0  0  0  0  0  0  0  0  0  0  0]
 [25  4  0  0  0  0  0  0  0  0  0  0  0  0  0  0]]
gen= [[ 0  0  0  0  0  0  0  0  0  0  0  0  0  0  0  0]
 [ 0  0  0 15 15  0  0  0  0  0  0  0  0  0 15 15]
 [ 0  0  0  0  0  0  0  0  0  0  0  0  0  0  0  0]
 [ 0  0  0  0  0  0  0  0  0  0  0  0  0  0  0  0]
 [ 0  0  0  0  0  0  0  0  0  0  0  0  0  2  0  0]
 [ 0  0  0  0  0  0  0  0  0  0  0  0  0  0  0  0]
 [25  0  0  0 25  0  0  0  0  0  0  0  0  0  0  0]
 [28  0  0  0  0  0  0  0 18  0  0 18  0  0  0  0]
 [ 0  0  0  0  0  0  0  0  0  0  0  0  0  0  0  0]
 [ 4  0  0  0  0  0  0  0  0  0  0  0  0  0  0  0]]
valid: gen=0.005
reward: norm=0.9581470936015979
[ 20 iterations]
real= [[16 20 27  0  0  0  0  0  0  0  0  0  0  0  0  0]
 [ 7 23 24  9  3  8  0  0  0  0  0  0  0  0  0  0]
 [11  5  4 15 14  0  0  0  0  0  0  0  0  0  0  0]
 [11  1 12 13  0  0  0  0  0  0  0  0  0  0  0  0]
 [27 26 24 17  1  9  0  0  0  0  0  0  0  0  0  0]
 [22 26 27  0  0  0  0  0  0  0  0  0  0  0  0  0]
 [19 21 13  8 11  5  0  0  0  0  0  0  0  0  0  0]
 [20  1 13 16 14  0  0  0  0  0  0  0  0  0  0  0]
 [20 19 13 17 21 24  3  0  0  0  0  0  0  0  0  0]
 [ 5 26  9 16  0  0  0  0  0  0  0  0  0  0  0  0]]
gen= [[0 0 0 0 0 0 0 0 0 0 0 0 0 0 0 0]
 [0 0 0 0 0 0 0 0 0 0 0 0 0 0 0 0]
 [0 0 0 0 0 0 0 0 0 0 0 0 0 0 0 0]
 [0 0 0 0 0 0 0 0 0 0 0 0 0 0 0 0]
 [0 0 0 0 0 0 0 0 0 0 0 0 0 0 0 0]
 [0 0 0 0 0 0 0 0 0 0 0 0 0 0 0 0]
 [0 0 0 0 0 0 0 0 0 0 0 0 0 0 0 0]
 [0 0 0 0 0 0 0 0 0 0 0 0 0 0 0 0]
 [0 0 0 0 0 0 0 0 0 0 0 0 0 0 0 0]
 [0 0 0 0 0 0 0 0 0 0 0 0 0 0 0 0]]
valid: gen=0.013
reward: norm=0.9698257848832494
[ 30 iterations]
real= [[23 26 19  3 18  6  9  0  0  0  0  0  0  0  0  0]
 [15 16 13  9 19  4  1  0  0  0  0  0  0  0  0  0]
 [ 3 16 13  0  0  0  0  0  0  0  0  0  0  0  0  0]
 [ 3  5  7 24  0  0  0  0  0  0  0  0  0  0  0  0]
 [28  9 17 16 13 10 15 23  0  0  0  0  0  0  0  0]
 [ 7  0  0  0  0  0  0  0  0  0  0  0  0  0  0  0]
 [28  2  7  8  0  0  0  0  0  0  0  0  0  0  0  0]
 [20  1 25 17 18 10  0  0  0  0  0  0  0  0  0  0]
 [20  6  7  8  0  0  0  0  0  0  0  0  0  0  0  0]
 [ 7 10  3 19 28  8  0  0  0  0  0  0  0  0  0  0]]
gen= [[0 0 0 0 0 0 0 0 0 0 0 0 0 0 0 0]
 [0 0 0 0 0 0 0 0 0 0 0 0 0 0 0 0]
 [0 0 0 0 0 0 0 0 0 0 0 0 0 0 0 0]
 [0 0 0 0 0 0 0 0 0 0 0 0 0 0 0 0]
 [0 0 0 0 0 0 0 0 0 0 0 0 0 0 0 0]
 [0 0 0 0 0 0 0 0 0 0 0 0 0 0 0 0]
 [0 0 0 0 0 0 0 0 0 0 0 0 0 0 0 0]
 [0 0 0 0 0 0 0 0 0 0 0 0 0 0 0 0]
 [0 0 0 0 0 0 0 0 0 0 0 0 0 0 0 0]
 [0 0 0 0 0 0 0 0 0 0 0 0 0 0 0 0]]
valid: gen=0.0
reward: norm=0.9685510695276734
[ 40 iterations]
real= [[23 19 13 17  3  8  0  0  0  0  0  0  0  0  0  0]
 [18 24 27  8  0  0  0  0  0  0  0  0  0  0  0  0]
 [22  0  0  0  0  0  0  0  0  0  0  0  0  0  0  0]
 [15 23 28  1  2  0  0  0  0  0  0  0  0  0  0  0]
 [20  8 28 14 18  0  0  0  0  0  0  0  0  0  0  0]
 [22 14 13 17 16  3 19  1  0  0  0  0  0  0  0  0]
 [26 23  4 16  0  0  0  0  0  0  0  0  0  0  0  0]
 [25 22  0  0  0  0  0  0  0  0  0  0  0  0  0  0]
 [19  6  0  0  0  0  0  0  0  0  0  0  0  0  0  0]
 [19 23  7  0  0  0  0  0  0  0  0  0  0  0  0  0]]
gen= [[0 0 0 0 0 0 0 0 0 0 0 0 0 0 0 0]
 [0 0 0 0 0 0 0 0 0 0 0 0 0 0 0 0]
 [0 0 0 0 0 0 0 0 0 0 0 0 0 0 0 0]
 [0 0 0 0 0 0 0 0 0 0 0 0 0 0 0 0]
 [0 0 0 0 0 0 0 0 0 0 0 0 0 0 0 0]
 [0 0 0 0 0 0 0 0 0 0 0 0 0 0 0 0]
 [0 0 0 0 0 0 0 0 0 0 0 0 0 0 0 0]
 [0 0 0 0 0 0 0 0 0 0 0 0 0 0 0 0]
 [0 0 0 0 0 0 0 0 0 0 0 0 0 0 0 0]
 [0 0 0 0 0 0 0 0 0 0 0 0 0 0 0 0]]
valid: gen=0.001
reward: norm=0.9721329351553264
[ 50 iterations]
real= [[27 23  1  0  0  0  0  0  0  0  0  0  0  0  0  0]
 [ 5  0  0  0  0  0  0  0  0  0  0  0  0  0  0  0]
 [13  6  0  0  0  0  0  0  0  0  0  0  0  0  0  0]
 [ 9  6  5  0  0  0  0  0  0  0  0  0  0  0  0  0]
 [18 14  0  0  0  0  0  0  0  0  0  0  0  0  0  0]
 [24 10 17  1  0  0  0  0  0  0  0  0  0  0  0  0]
 [25 10 23  0  0  0  0  0  0  0  0  0  0  0  0  0]
 [25 17  7  0  0  0  0  0  0  0  0  0  0  0  0  0]
 [20 17 21  8  0  0  0  0  0  0  0  0  0  0  0  0]
 [24  6 12  3 19  0  0  0  0  0  0  0  0  0  0  0]]
gen= [[0 0 0 0 0 0 0 0 0 0 0 0 0 0 0 0]
 [0 0 0 0 0 0 0 0 0 0 0 0 0 0 0 0]
 [0 0 0 0 0 0 0 0 0 0 0 0 0 0 0 0]
 [0 0 0 0 0 0 0 0 0 0 0 0 0 0 0 0]
 [0 0 0 0 0 0 0 0 0 0 0 0 0 0 0 0]
 [0 0 0 0 0 0 0 0 0 0 0 0 0 0 0 0]
 [0 0 0 0 0 0 0 0 0 0 0 0 0 0 0 0]
 [0 0 0 0 0 0 0 0 0 0 0 0 0 0 0 0]
 [0 0 0 0 0 0 0 0 0 0 0 0 0 0 0 0]
 [0 0 0 0 0 0 0 0 0 0 0 0 0 0 0 0]]
valid: gen=0.009
reward: norm=0.9699635011223353
[ 60 iterations]
real= [[21  0  0  0  0  0  0  0  0  0  0  0  0  0  0  0]
 [ 9 15  0  0  0  0  0  0  0  0  0  0  0  0  0  0]
 [23 24 13  8  4  0  0  0  0  0  0  0  0  0  0  0]
 [21  5  0  0  0  0  0  0  0  0  0  0  0  0  0  0]
 [ 3  2  7  0  0  0  0  0  0  0  0  0  0  0  0  0]
 [18 23 24  1 19  0  0  0  0  0  0  0  0  0  0  0]
 [25  7  0  0  0  0  0  0  0  0  0  0  0  0  0  0]
 [18 14 28  0  0  0  0  0  0  0  0  0  0  0  0  0]
 [ 1  0  0  0  0  0  0  0  0  0  0  0  0  0  0  0]
 [25  4  0  0  0  0  0  0  0  0  0  0  0  0  0  0]]
gen= [[21  0  0  0  0  0  0  0  0  0  0  0  0  0  0  0]
 [ 0  0  0  0  0  0  0  0  0  0  0  0  0  0  0  0]
 [ 0  0  0  0  0  0  0  0  0  0  0  0  0  0  0  0]
 [ 0  0  0  0  0  0  0  0  0  0  0  0  0  0  0  0]
 [ 2  0  0  0  0  0  0  0  0  0  0  0  0  0  0  0]
 [23 23 23  0  0  0  0  0  0  0  0  0  0  0  0  0]
 [ 0  0  0  0  0  0  0  0  0  0  0  0  0  0  0  0]
 [ 0  0  0  0  0  0  0  0  0  0  0  0  0  0  0  0]
 [ 0  0  0  0  0  0  0  0  0  0  0  0  0  0  0  0]
 [ 4  0  0  0  0  0  0  0  0  0  0  0  0  0  0  0]]
valid: gen=0.021
reward: norm=0.9693777429105984
[ 70 iterations]
real= [[16 20 27  0  0  0  0  0  0  0  0  0  0  0  0  0]
 [ 7 23 24  9  3  8  0  0  0  0  0  0  0  0  0  0]
 [11  5  4 15 14  0  0  0  0  0  0  0  0  0  0  0]
 [11  1 12 13  0  0  0  0  0  0  0  0  0  0  0  0]
 [27 26 24 17  1  9  0  0  0  0  0  0  0  0  0  0]
 [22 26 27  0  0  0  0  0  0  0  0  0  0  0  0  0]
 [19 21 13  8 11  5  0  0  0  0  0  0  0  0  0  0]
 [20  1 13 16 14  0  0  0  0  0  0  0  0  0  0  0]
 [20 19 13 17 21 24  3  0  0  0  0  0  0  0  0  0]
 [ 5 26  9 16  0  0  0  0  0  0  0  0  0  0  0  0]]
gen= [[ 0 27  0  0  0  0  0  0  0  0  0  0  0  0  0  0]
 [ 7 24  0  0  0  0  0  0  0  0  0  0  0  0  0  0]
 [ 0 14 14 14  0  0  0  0  0  0  0  0  0  0  0  0]
 [ 0  0  0  0  0  0  0  0  0  0  0  0  0  0  0  0]
 [ 0  0  0  0  0  0  0  0  0  0  0  0  0  0  0  0]
 [ 0  0  0  0  0  0  0  0  0  0  0  0  0  0  0  0]
 [ 8  8  0  0  0  0  0  0  0  0  0  0  0  0  0  0]
 [ 0 13 13 13  0  0  0  0  0  0  0  0  0  0  0  0]
 [ 0 13  0 13  0  0  0  0  0  0  0  0  0  0  0  0]
 [26  0  5  0  0  0  0  0  0  0  0  0  0  0  0  0]]
valid: gen=0.021
reward: norm=0.9463214065834574
[ 80 iterations]
real= [[23 26 19  3 18  6  9  0  0  0  0  0  0  0  0  0]
 [15 16 13  9 19  4  1  0  0  0  0  0  0  0  0  0]
 [ 3 16 13  0  0  0  0  0  0  0  0  0  0  0  0  0]
 [ 3  5  7 24  0  0  0  0  0  0  0  0  0  0  0  0]
 [28  9 17 16 13 10 15 23  0  0  0  0  0  0  0  0]
 [ 7  0  0  0  0  0  0  0  0  0  0  0  0  0  0  0]
 [28  2  7  8  0  0  0  0  0  0  0  0  0  0  0  0]
 [20  1 25 17 18 10  0  0  0  0  0  0  0  0  0  0]
 [20  6  7  8  0  0  0  0  0  0  0  0  0  0  0  0]
 [ 7 10  3 19 28  8  0  0  0  0  0  0  0  0  0  0]]
gen= [[ 0 23  0  0  0  0  0  0  0  0  0  0  0  0  0  0]
 [ 1  0  0  0  0  0  0  0  0  0  0  0  0  0  0  0]
 [ 0  0  0  0  0  0  0  0  0  0  0  0  0  0  0  0]
 [24  0  0  0  0  0  0  0  0  0  0  0  0  0  0  0]
 [ 0  0  0  0  0  0  0  0  0  0  0  0  0  0  0  0]
 [ 0  7  0  0  0  0  0  0  0  0  0  0  0  0  0  0]
 [ 0  0  0  0  0  0  0  0  0  0  0  0  0  0  0  0]
 [ 1  0  0  0  0  0  0  0  0  0  0  0  0  0  0  0]
 [ 0  0  0  0  0  0  0  0  0  0  0  0  0  0  0  0]
 [ 0  0  0  0  0  0  0  0  0  0  0  0  0  0  0  0]]
valid: gen=0.036
reward: norm=0.9652144153607346
[ 90 iterations]
real= [[23 19 13 17  3  8  0  0  0  0  0  0  0  0  0  0]
 [18 24 27  8  0  0  0  0  0  0  0  0  0  0  0  0]
 [22  0  0  0  0  0  0  0  0  0  0  0  0  0  0  0]
 [15 23 28  1  2  0  0  0  0  0  0  0  0  0  0  0]
 [20  8 28 14 18  0  0  0  0  0  0  0  0  0  0  0]
 [22 14 13 17 16  3 19  1  0  0  0  0  0  0  0  0]
 [26 23  4 16  0  0  0  0  0  0  0  0  0  0  0  0]
 [25 22  0  0  0  0  0  0  0  0  0  0  0  0  0  0]
 [19  6  0  0  0  0  0  0  0  0  0  0  0  0  0  0]
 [19 23  7  0  0  0  0  0  0  0  0  0  0  0  0  0]]
gen= [[ 0  0  0  0  0  0  0  0  0  0  0  0  0  0  0  0]
 [ 8 24 24  0  0  0  0  0  0  0  0  0  0  0  0  0]
 [22  0  0  0  0  0  0  0  0  0  0  0  0  0  0  0]
 [ 0  0  0  0  0  0  0  0  0  0  0  0  0  0  0  0]
 [ 0  0  0  0  0  0  0  0  0  0  0  0  0  0  0  0]
 [13  0  0  0  0  0  0  0  0  0  0  0  0  0  0  0]
 [ 0  0  0  0  0  0  0  0  0  0  0  0  0  0  0  0]
 [ 0  0  0  0  0  0  0  0  0  0  0  0  0  0  0  0]
 [ 6  0  0  0  0  0  0  0  0  0  0  0  0  0  0  0]
 [23  0  0  0  0  0  0  0  0  0  0  0  0  0  0  0]]
valid: gen=0.057
reward: norm=0.9766508510340325
[ 100 iterations]
real= [[27 23  1  0  0  0  0  0  0  0  0  0  0  0  0  0]
 [ 5  0  0  0  0  0  0  0  0  0  0  0  0  0  0  0]
 [13  6  0  0  0  0  0  0  0  0  0  0  0  0  0  0]
 [ 9  6  5  0  0  0  0  0  0  0  0  0  0  0  0  0]
 [18 14  0  0  0  0  0  0  0  0  0  0  0  0  0  0]
 [24 10 17  1  0  0  0  0  0  0  0  0  0  0  0  0]
 [25 10 23  0  0  0  0  0  0  0  0  0  0  0  0  0]
 [25 17  7  0  0  0  0  0  0  0  0  0  0  0  0  0]
 [20 17 21  8  0  0  0  0  0  0  0  0  0  0  0  0]
 [24  6 12  3 19  0  0  0  0  0  0  0  0  0  0  0]]
gen= [[23  0  0  0  0  0  0  0  0  0  0  0  0  0  0  0]
 [ 5  0  0  0  0  0  0  0  0  0  0  0  0  0  0  0]
 [13  0  0  0  0  0  0  0  0  0  0  0  0  0  0  0]
 [ 5  0  0  0  0  0  0  0  0  0  0  0  0  0  0  0]
 [14  0  0  0  0  0  0  0  0  0  0  0  0  0  0  0]
 [24  0  0  0  0  0  0  0  0  0  0  0  0  0  0  0]
 [23 23  0  0  0  0  0  0  0  0  0  0  0  0  0  0]
 [ 7  0  0  0  0  0  0  0  0  0  0  0  0  0  0  0]
 [ 8  0  0  0  0  0  0  0  0  0  0  0  0  0  0  0]
 [ 0  0  0  0  0  0  0  0  0  0  0  0  0  0  0  0]]
valid: gen=0.067
reward: norm=0.9727217123178286
[ 110 iterations]
real= [[21  0  0  0  0  0  0  0  0  0  0  0  0  0  0  0]
 [ 9 15  0  0  0  0  0  0  0  0  0  0  0  0  0  0]
 [23 24 13  8  4  0  0  0  0  0  0  0  0  0  0  0]
 [21  5  0  0  0  0  0  0  0  0  0  0  0  0  0  0]
 [ 3  2  7  0  0  0  0  0  0  0  0  0  0  0  0  0]
 [18 23 24  1 19  0  0  0  0  0  0  0  0  0  0  0]
 [25  7  0  0  0  0  0  0  0  0  0  0  0  0  0  0]
 [18 14 28  0  0  0  0  0  0  0  0  0  0  0  0  0]
 [ 1  0  0  0  0  0  0  0  0  0  0  0  0  0  0  0]
 [25  4  0  0  0  0  0  0  0  0  0  0  0  0  0  0]]
gen= [[21  0  0  0  0  0  0  0  0  0  0  0  0  0  0  0]
 [15  0  0  0  0  0  0  0  0  0  0  0  0  0  0  0]
 [ 8 23  0  0  0  0  0  0  0  0  0  0  0  0  0  0]
 [21 21  0  0  0  0  0  0  0  0  0  0  0  0  0  0]
 [ 2  0  0  0  0  0  0  0  0  0  0  0  0  0  0  0]
 [24  0  0  0  0  0  0  0  0  0  0  0  0  0  0  0]
 [25 25  0  0  0  0  0  0  0  0  0  0  0  0  0  0]
 [28  0  0  0  0  0  0  0  0  0  0  0  0  0  0  0]
 [ 1  1  0  0  0  0  0  0  0  0  0  0  0  0  0  0]
 [ 4 25  0  0  0  0  0  0  0  0  0  0  0  0  0  0]]
valid: gen=0.064
reward: norm=0.9663960561521914
[ 120 iterations]
real= [[16 20 27  0  0  0  0  0  0  0  0  0  0  0  0  0]
 [ 7 23 24  9  3  8  0  0  0  0  0  0  0  0  0  0]
 [11  5  4 15 14  0  0  0  0  0  0  0  0  0  0  0]
 [11  1 12 13  0  0  0  0  0  0  0  0  0  0  0  0]
 [27 26 24 17  1  9  0  0  0  0  0  0  0  0  0  0]
 [22 26 27  0  0  0  0  0  0  0  0  0  0  0  0  0]
 [19 21 13  8 11  5  0  0  0  0  0  0  0  0  0  0]
 [20  1 13 16 14  0  0  0  0  0  0  0  0  0  0  0]
 [20 19 13 17 21 24  3  0  0  0  0  0  0  0  0  0]
 [ 5 26  9 16  0  0  0  0  0  0  0  0  0  0  0  0]]
gen= [[20 20  0  0  0  0  0  0  0  0  0  0  0  0  0  0]
 [23 23 23  0  0  0  0  0  0  0  0  0  0  0  0  0]
 [15 15 15  0  0  0  0  0  0  0  0  0  0  0  0  0]
 [ 1  1  1  1  0  0  0  0  0  0  0  0  0  0  0  0]
 [24 24 24  0  0  0  0  0  0  0  0  0  0  0  0  0]
 [26 26 26  0  0  0  0  0  0  0  0  0  0  0  0  0]
 [13 13 13 13  0  0  0  0  0  0  0  0  0  0  0  0]
 [ 1 13 13  0  0  0  0  0  0  0  0  0  0  0  0  0]
 [24 24 21  0  0  0  0  0  0  0  0  0  0  0  0  0]
 [26 26 26  0  0  0  0  0  0  0  0  0  0  0  0  0]]
valid: gen=0.032
reward: norm=0.9373424112693832
[ 130 iterations]
real= [[23 26 19  3 18  6  9  0  0  0  0  0  0  0  0  0]
 [15 16 13  9 19  4  1  0  0  0  0  0  0  0  0  0]
 [ 3 16 13  0  0  0  0  0  0  0  0  0  0  0  0  0]
 [ 3  5  7 24  0  0  0  0  0  0  0  0  0  0  0  0]
 [28  9 17 16 13 10 15 23  0  0  0  0  0  0  0  0]
 [ 7  0  0  0  0  0  0  0  0  0  0  0  0  0  0  0]
 [28  2  7  8  0  0  0  0  0  0  0  0  0  0  0  0]
 [20  1 25 17 18 10  0  0  0  0  0  0  0  0  0  0]
 [20  6  7  8  0  0  0  0  0  0  0  0  0  0  0  0]
 [ 7 10  3 19 28  8  0  0  0  0  0  0  0  0  0  0]]
gen= [[23 23  6  0  0  0  0  0  0  0  0  0  0  0  0  0]
 [15 13  1  0  0  0  0  0  0  0  0  0  0  0  0  0]
 [13 13 13 13  0  0  0  0  0  0  0  0  0  0  0  0]
 [24 24 24 24  0  0  0  0  0  0  0  0  0  0  0  0]
 [15 10 10 10  0  0  0  0  0  0  0  0  0  0  0  0]
 [ 7  7  7  0  0  0  0  0  0  0  0  0  0  0  0  0]
 [ 8  8  8  8  0  0  0  0  0  0  0  0  0  0  0  0]
 [ 1  1 10 10  0  0  0  0  0  0  0  0  0  0  0  0]
 [ 8  8  8  0  0  0  0  0  0  0  0  0  0  0  0  0]
 [ 8  8 10 10  0  0  0  0  0  0  0  0  0  0  0  0]]
valid: gen=0.004
reward: norm=0.9232771642609903
[ 140 iterations]
real= [[23 19 13 17  3  8  0  0  0  0  0  0  0  0  0  0]
 [18 24 27  8  0  0  0  0  0  0  0  0  0  0  0  0]
 [22  0  0  0  0  0  0  0  0  0  0  0  0  0  0  0]
 [15 23 28  1  2  0  0  0  0  0  0  0  0  0  0  0]
 [20  8 28 14 18  0  0  0  0  0  0  0  0  0  0  0]
 [22 14 13 17 16  3 19  1  0  0  0  0  0  0  0  0]
 [26 23  4 16  0  0  0  0  0  0  0  0  0  0  0  0]
 [25 22  0  0  0  0  0  0  0  0  0  0  0  0  0  0]
 [19  6  0  0  0  0  0  0  0  0  0  0  0  0  0  0]
 [19 23  7  0  0  0  0  0  0  0  0  0  0  0  0  0]]
gen= [[23 13 19  0  0  0  0  0  0  0  0  0  0  0  0  0]
 [ 8 24 24  0  0  0  0  0  0  0  0  0  0  0  0  0]
 [22 22  0  0  0  0  0  0  0  0  0  0  0  0  0  0]
 [15 23 23  0  0  0  0  0  0  0  0  0  0  0  0  0]
 [ 8  8  8  0  0  0  0  0  0  0  0  0  0  0  0  0]
 [13 13 13  0  0  0  0  0  0  0  0  0  0  0  0  0]
 [23 23 23  0  0  0  0  0  0  0  0  0  0  0  0  0]
 [22 22 22  0  0  0  0  0  0  0  0  0  0  0  0  0]
 [19 19 19  0  0  0  0  0  0  0  0  0  0  0  0  0]
 [23 23 23  0  0  0  0  0  0  0  0  0  0  0  0  0]]
valid: gen=0.013
reward: norm=0.9390934635103827
[ 150 iterations]
real= [[27 23  1  0  0  0  0  0  0  0  0  0  0  0  0  0]
 [ 5  0  0  0  0  0  0  0  0  0  0  0  0  0  0  0]
 [13  6  0  0  0  0  0  0  0  0  0  0  0  0  0  0]
 [ 9  6  5  0  0  0  0  0  0  0  0  0  0  0  0  0]
 [18 14  0  0  0  0  0  0  0  0  0  0  0  0  0  0]
 [24 10 17  1  0  0  0  0  0  0  0  0  0  0  0  0]
 [25 10 23  0  0  0  0  0  0  0  0  0  0  0  0  0]
 [25 17  7  0  0  0  0  0  0  0  0  0  0  0  0  0]
 [20 17 21  8  0  0  0  0  0  0  0  0  0  0  0  0]
 [24  6 12  3 19  0  0  0  0  0  0  0  0  0  0  0]]
gen= [[23 23 23  0  0  0  0  0  0  0  0  0  0  0  0  0]
 [ 5  5  5  0  0  0  0  0  0  0  0  0  0  0  0  0]
 [13 13 13  0  0  0  0  0  0  0  0  0  0  0  0  0]
 [ 6  6  6  0  0  0  0  0  0  0  0  0  0  0  0  0]
 [14 14 14  0  0  0  0  0  0  0  0  0  0  0  0  0]
 [ 1 10 10  0  0  0  0  0  0  0  0  0  0  0  0  0]
 [10 10 10  0  0  0  0  0  0  0  0  0  0  0  0  0]
 [17 17  0  0  0  0  0  0  0  0  0  0  0  0  0  0]
 [21 21 21  0  0  0  0  0  0  0  0  0  0  0  0  0]
 [24 12 19  0  0  0  0  0  0  0  0  0  0  0  0  0]]
valid: gen=0.012
reward: norm=0.9378314959207942
[ 160 iterations]
real= [[21  0  0  0  0  0  0  0  0  0  0  0  0  0  0  0]
 [ 9 15  0  0  0  0  0  0  0  0  0  0  0  0  0  0]
 [23 24 13  8  4  0  0  0  0  0  0  0  0  0  0  0]
 [21  5  0  0  0  0  0  0  0  0  0  0  0  0  0  0]
 [ 3  2  7  0  0  0  0  0  0  0  0  0  0  0  0  0]
 [18 23 24  1 19  0  0  0  0  0  0  0  0  0  0  0]
 [25  7  0  0  0  0  0  0  0  0  0  0  0  0  0  0]
 [18 14 28  0  0  0  0  0  0  0  0  0  0  0  0  0]
 [ 1  0  0  0  0  0  0  0  0  0  0  0  0  0  0  0]
 [25  4  0  0  0  0  0  0  0  0  0  0  0  0  0  0]]
gen= [[21 21 21  0  0  0  0  0  0  0  0  0  0  0  0  0]
 [15 15 15  0  0  0  0  0  0  0  0  0  0  0  0  0]
 [23 23 13 13  0  0  0  0  0  0  0  0  0  0  0  0]
 [ 5 21 21  0  0  0  0  0  0  0  0  0  0  0  0  0]
 [ 2  2  2  0  0  0  0  0  0  0  0  0  0  0  0  0]
 [24 24  1  0  0  0  0  0  0  0  0  0  0  0  0  0]
 [25 25 25  0  0  0  0  0  0  0  0  0  0  0  0  0]
 [28 28 28 28  0  0  0  0  0  0  0  0  0  0  0  0]
 [ 1  1  1  0  0  0  0  0  0  0  0  0  0  0  0  0]
 [25  4  4  0  0  0  0  0  0  0  0  0  0  0  0  0]]
valid: gen=0.002
reward: norm=0.937459400910832
[ 170 iterations]
real= [[16 20 27  0  0  0  0  0  0  0  0  0  0  0  0  0]
 [ 7 23 24  9  3  8  0  0  0  0  0  0  0  0  0  0]
 [11  5  4 15 14  0  0  0  0  0  0  0  0  0  0  0]
 [11  1 12 13  0  0  0  0  0  0  0  0  0  0  0  0]
 [27 26 24 17  1  9  0  0  0  0  0  0  0  0  0  0]
 [22 26 27  0  0  0  0  0  0  0  0  0  0  0  0  0]
 [19 21 13  8 11  5  0  0  0  0  0  0  0  0  0  0]
 [20  1 13 16 14  0  0  0  0  0  0  0  0  0  0  0]
 [20 19 13 17 21 24  3  0  0  0  0  0  0  0  0  0]
 [ 5 26  9 16  0  0  0  0  0  0  0  0  0  0  0  0]]
gen= [[20 20  0  0  0  0  0  0  0  0  0  0  0  0  0  0]
 [23 23  0  0  0  0  0  0  0  0  0  0  0  0  0  0]
 [ 5  5  0  0  0  0  0  0  0  0  0  0  0  0  0  0]
 [12 12  0  0  0  0  0  0  0  0  0  0  0  0  0  0]
 [24  1  0  0  0  0  0  0  0  0  0  0  0  0  0  0]
 [22 26  0  0  0  0  0  0  0  0  0  0  0  0  0  0]
 [13 13  0  0  0  0  0  0  0  0  0  0  0  0  0  0]
 [ 1 13  0  0  0  0  0  0  0  0  0  0  0  0  0  0]
 [13 13  0  0  0  0  0  0  0  0  0  0  0  0  0  0]
 [26 26  0  0  0  0  0  0  0  0  0  0  0  0  0  0]]
valid: gen=0.046
reward: norm=0.9614619146933817
[ 180 iterations]
real= [[23 26 19  3 18  6  9  0  0  0  0  0  0  0  0  0]
 [15 16 13  9 19  4  1  0  0  0  0  0  0  0  0  0]
 [ 3 16 13  0  0  0  0  0  0  0  0  0  0  0  0  0]
 [ 3  5  7 24  0  0  0  0  0  0  0  0  0  0  0  0]
 [28  9 17 16 13 10 15 23  0  0  0  0  0  0  0  0]
 [ 7  0  0  0  0  0  0  0  0  0  0  0  0  0  0  0]
 [28  2  7  8  0  0  0  0  0  0  0  0  0  0  0  0]
 [20  1 25 17 18 10  0  0  0  0  0  0  0  0  0  0]
 [20  6  7  8  0  0  0  0  0  0  0  0  0  0  0  0]
 [ 7 10  3 19 28  8  0  0  0  0  0  0  0  0  0  0]]
gen= [[19 19  0  0  0  0  0  0  0  0  0  0  0  0  0  0]
 [ 1  1  0  0  0  0  0  0  0  0  0  0  0  0  0  0]
 [13  0  0  0  0  0  0  0  0  0  0  0  0  0  0  0]
 [24  3  0  0  0  0  0  0  0  0  0  0  0  0  0  0]
 [28 10  0  0  0  0  0  0  0  0  0  0  0  0  0  0]
 [ 0  0  0  0  0  0  0  0  0  0  0  0  0  0  0  0]
 [28  0  0  0  0  0  0  0  0  0  0  0  0  0  0  0]
 [10 10  0  0  0  0  0  0  0  0  0  0  0  0  0  0]
 [ 8  0  0  0  0  0  0  0  0  0  0  0  0  0  0  0]
 [10  0  0  0  0  0  0  0  0  0  0  0  0  0  0  0]]
valid: gen=0.105
reward: norm=0.9741315159565189
[ 190 iterations]
real= [[23 19 13 17  3  8  0  0  0  0  0  0  0  0  0  0]
 [18 24 27  8  0  0  0  0  0  0  0  0  0  0  0  0]
 [22  0  0  0  0  0  0  0  0  0  0  0  0  0  0  0]
 [15 23 28  1  2  0  0  0  0  0  0  0  0  0  0  0]
 [20  8 28 14 18  0  0  0  0  0  0  0  0  0  0  0]
 [22 14 13 17 16  3 19  1  0  0  0  0  0  0  0  0]
 [26 23  4 16  0  0  0  0  0  0  0  0  0  0  0  0]
 [25 22  0  0  0  0  0  0  0  0  0  0  0  0  0  0]
 [19  6  0  0  0  0  0  0  0  0  0  0  0  0  0  0]
 [19 23  7  0  0  0  0  0  0  0  0  0  0  0  0  0]]
gen= [[13  0  0  0  0  0  0  0  0  0  0  0  0  0  0  0]
 [ 8  8  0  0  0  0  0  0  0  0  0  0  0  0  0  0]
 [22  0  0  0  0  0  0  0  0  0  0  0  0  0  0  0]
 [28 28  0  0  0  0  0  0  0  0  0  0  0  0  0  0]
 [28 28  0  0  0  0  0  0  0  0  0  0  0  0  0  0]
 [13  0  0  0  0  0  0  0  0  0  0  0  0  0  0  0]
 [26  0  0  0  0  0  0  0  0  0  0  0  0  0  0  0]
 [25  0  0  0  0  0  0  0  0  0  0  0  0  0  0  0]
 [19 19  0  0  0  0  0  0  0  0  0  0  0  0  0  0]
 [23  0  0  0  0  0  0  0  0  0  0  0  0  0  0  0]]
valid: gen=0.137
reward: norm=0.9792587462786607
[ 200 iterations]
real= [[27 23  1  0  0  0  0  0  0  0  0  0  0  0  0  0]
 [ 5  0  0  0  0  0  0  0  0  0  0  0  0  0  0  0]
 [13  6  0  0  0  0  0  0  0  0  0  0  0  0  0  0]
 [ 9  6  5  0  0  0  0  0  0  0  0  0  0  0  0  0]
 [18 14  0  0  0  0  0  0  0  0  0  0  0  0  0  0]
 [24 10 17  1  0  0  0  0  0  0  0  0  0  0  0  0]
 [25 10 23  0  0  0  0  0  0  0  0  0  0  0  0  0]
 [25 17  7  0  0  0  0  0  0  0  0  0  0  0  0  0]
 [20 17 21  8  0  0  0  0  0  0  0  0  0  0  0  0]
 [24  6 12  3 19  0  0  0  0  0  0  0  0  0  0  0]]
gen= [[ 1  1  0  0  0  0  0  0  0  0  0  0  0  0  0  0]
 [ 5  0  0  0  0  0  0  0  0  0  0  0  0  0  0  0]
 [13  0  0  0  0  0  0  0  0  0  0  0  0  0  0  0]
 [ 9  0  0  0  0  0  0  0  0  0  0  0  0  0  0  0]
 [14  0  0  0  0  0  0  0  0  0  0  0  0  0  0  0]
 [10  0  0  0  0  0  0  0  0  0  0  0  0  0  0  0]
 [10 10  0  0  0  0  0  0  0  0  0  0  0  0  0  0]
 [17 25  0  0  0  0  0  0  0  0  0  0  0  0  0  0]
 [ 8  0  0  0  0  0  0  0  0  0  0  0  0  0  0  0]
 [12  0  0  0  0  0  0  0  0  0  0  0  0  0  0  0]]
valid: gen=0.119
reward: norm=0.9763296670696521
[ 210 iterations]
real= [[21  0  0  0  0  0  0  0  0  0  0  0  0  0  0  0]
 [ 9 15  0  0  0  0  0  0  0  0  0  0  0  0  0  0]
 [23 24 13  8  4  0  0  0  0  0  0  0  0  0  0  0]
 [21  5  0  0  0  0  0  0  0  0  0  0  0  0  0  0]
 [ 3  2  7  0  0  0  0  0  0  0  0  0  0  0  0  0]
 [18 23 24  1 19  0  0  0  0  0  0  0  0  0  0  0]
 [25  7  0  0  0  0  0  0  0  0  0  0  0  0  0  0]
 [18 14 28  0  0  0  0  0  0  0  0  0  0  0  0  0]
 [ 1  0  0  0  0  0  0  0  0  0  0  0  0  0  0  0]
 [25  4  0  0  0  0  0  0  0  0  0  0  0  0  0  0]]
gen= [[21  0  0  0  0  0  0  0  0  0  0  0  0  0  0  0]
 [ 9  0  0  0  0  0  0  0  0  0  0  0  0  0  0  0]
 [13 13  0  0  0  0  0  0  0  0  0  0  0  0  0  0]
 [ 5  0  0  0  0  0  0  0  0  0  0  0  0  0  0  0]
 [ 3  3  0  0  0  0  0  0  0  0  0  0  0  0  0  0]
 [ 1  0  0  0  0  0  0  0  0  0  0  0  0  0  0  0]
 [25 25  0  0  0  0  0  0  0  0  0  0  0  0  0  0]
 [28 28  0  0  0  0  0  0  0  0  0  0  0  0  0  0]
 [ 1  1  0  0  0  0  0  0  0  0  0  0  0  0  0  0]
 [25  0  0  0  0  0  0  0  0  0  0  0  0  0  0  0]]
valid: gen=0.096
reward: norm=0.9690155766336642
[ 220 iterations]
real= [[16 20 27  0  0  0  0  0  0  0  0  0  0  0  0  0]
 [ 7 23 24  9  3  8  0  0  0  0  0  0  0  0  0  0]
 [11  5  4 15 14  0  0  0  0  0  0  0  0  0  0  0]
 [11  1 12 13  0  0  0  0  0  0  0  0  0  0  0  0]
 [27 26 24 17  1  9  0  0  0  0  0  0  0  0  0  0]
 [22 26 27  0  0  0  0  0  0  0  0  0  0  0  0  0]
 [19 21 13  8 11  5  0  0  0  0  0  0  0  0  0  0]
 [20  1 13 16 14  0  0  0  0  0  0  0  0  0  0  0]
 [20 19 13 17 21 24  3  0  0  0  0  0  0  0  0  0]
 [ 5 26  9 16  0  0  0  0  0  0  0  0  0  0  0  0]]
gen= [[20 20  0  0  0  0  0  0  0  0  0  0  0  0  0  0]
 [ 9  9  0  0  0  0  0  0  0  0  0  0  0  0  0  0]
 [14 14  0  0  0  0  0  0  0  0  0  0  0  0  0  0]
 [13 13  0  0  0  0  0  0  0  0  0  0  0  0  0  0]
 [ 9  9  0  0  0  0  0  0  0  0  0  0  0  0  0  0]
 [22 26  0  0  0  0  0  0  0  0  0  0  0  0  0  0]
 [13 13  0  0  0  0  0  0  0  0  0  0  0  0  0  0]
 [13 14  0  0  0  0  0  0  0  0  0  0  0  0  0  0]
 [13 13  0  0  0  0  0  0  0  0  0  0  0  0  0  0]
 [ 9  9  0  0  0  0  0  0  0  0  0  0  0  0  0  0]]
valid: gen=0.091
reward: norm=0.965286382293216
[ 230 iterations]
real= [[23 26 19  3 18  6  9  0  0  0  0  0  0  0  0  0]
 [15 16 13  9 19  4  1  0  0  0  0  0  0  0  0  0]
 [ 3 16 13  0  0  0  0  0  0  0  0  0  0  0  0  0]
 [ 3  5  7 24  0  0  0  0  0  0  0  0  0  0  0  0]
 [28  9 17 16 13 10 15 23  0  0  0  0  0  0  0  0]
 [ 7  0  0  0  0  0  0  0  0  0  0  0  0  0  0  0]
 [28  2  7  8  0  0  0  0  0  0  0  0  0  0  0  0]
 [20  1 25 17 18 10  0  0  0  0  0  0  0  0  0  0]
 [20  6  7  8  0  0  0  0  0  0  0  0  0  0  0  0]
 [ 7 10  3 19 28  8  0  0  0  0  0  0  0  0  0  0]]
gen= [[ 3  9  0  0  0  0  0  0  0  0  0  0  0  0  0  0]
 [13 13  0  0  0  0  0  0  0  0  0  0  0  0  0  0]
 [13 13  0  0  0  0  0  0  0  0  0  0  0  0  0  0]
 [ 3  3  0  0  0  0  0  0  0  0  0  0  0  0  0  0]
 [13 13  0  0  0  0  0  0  0  0  0  0  0  0  0  0]
 [ 7  7  0  0  0  0  0  0  0  0  0  0  0  0  0  0]
 [28 28  0  0  0  0  0  0  0  0  0  0  0  0  0  0]
 [ 1  1  0  0  0  0  0  0  0  0  0  0  0  0  0  0]
 [ 8  0  0  0  0  0  0  0  0  0  0  0  0  0  0  0]
 [ 3  3  0  0  0  0  0  0  0  0  0  0  0  0  0  0]]
valid: gen=0.1
reward: norm=0.9656529299335543
[ 240 iterations]
real= [[23 19 13 17  3  8  0  0  0  0  0  0  0  0  0  0]
 [18 24 27  8  0  0  0  0  0  0  0  0  0  0  0  0]
 [22  0  0  0  0  0  0  0  0  0  0  0  0  0  0  0]
 [15 23 28  1  2  0  0  0  0  0  0  0  0  0  0  0]
 [20  8 28 14 18  0  0  0  0  0  0  0  0  0  0  0]
 [22 14 13 17 16  3 19  1  0  0  0  0  0  0  0  0]
 [26 23  4 16  0  0  0  0  0  0  0  0  0  0  0  0]
 [25 22  0  0  0  0  0  0  0  0  0  0  0  0  0  0]
 [19  6  0  0  0  0  0  0  0  0  0  0  0  0  0  0]
 [19 23  7  0  0  0  0  0  0  0  0  0  0  0  0  0]]
gen= [[13 13  0  0  0  0  0  0  0  0  0  0  0  0  0  0]
 [ 8  8  0  0  0  0  0  0  0  0  0  0  0  0  0  0]
 [22  0  0  0  0  0  0  0  0  0  0  0  0  0  0  0]
 [28 28  0  0  0  0  0  0  0  0  0  0  0  0  0  0]
 [ 8  8  0  0  0  0  0  0  0  0  0  0  0  0  0  0]
 [13 13  0  0  0  0  0  0  0  0  0  0  0  0  0  0]
 [ 4  0  0  0  0  0  0  0  0  0  0  0  0  0  0  0]
 [22  0  0  0  0  0  0  0  0  0  0  0  0  0  0  0]
 [19  0  0  0  0  0  0  0  0  0  0  0  0  0  0  0]
 [19 19  0  0  0  0  0  0  0  0  0  0  0  0  0  0]]
valid: gen=0.116
reward: norm=0.9692787705736446
[ 250 iterations]
real= [[27 23  1  0  0  0  0  0  0  0  0  0  0  0  0  0]
 [ 5  0  0  0  0  0  0  0  0  0  0  0  0  0  0  0]
 [13  6  0  0  0  0  0  0  0  0  0  0  0  0  0  0]
 [ 9  6  5  0  0  0  0  0  0  0  0  0  0  0  0  0]
 [18 14  0  0  0  0  0  0  0  0  0  0  0  0  0  0]
 [24 10 17  1  0  0  0  0  0  0  0  0  0  0  0  0]
 [25 10 23  0  0  0  0  0  0  0  0  0  0  0  0  0]
 [25 17  7  0  0  0  0  0  0  0  0  0  0  0  0  0]
 [20 17 21  8  0  0  0  0  0  0  0  0  0  0  0  0]
 [24  6 12  3 19  0  0  0  0  0  0  0  0  0  0  0]]
gen= [[ 1  0  0  0  0  0  0  0  0  0  0  0  0  0  0  0]
 [ 5  0  0  0  0  0  0  0  0  0  0  0  0  0  0  0]
 [13 13  0  0  0  0  0  0  0  0  0  0  0  0  0  0]
 [ 9  0  0  0  0  0  0  0  0  0  0  0  0  0  0  0]
 [14  0  0  0  0  0  0  0  0  0  0  0  0  0  0  0]
 [10 10  0  0  0  0  0  0  0  0  0  0  0  0  0  0]
 [10  0  0  0  0  0  0  0  0  0  0  0  0  0  0  0]
 [17  0  0  0  0  0  0  0  0  0  0  0  0  0  0  0]
 [ 8  8  0  0  0  0  0  0  0  0  0  0  0  0  0  0]
 [ 3  0  0  0  0  0  0  0  0  0  0  0  0  0  0  0]]
valid: gen=0.097
reward: norm=0.9619085316908025
[ 260 iterations]
real= [[21  0  0  0  0  0  0  0  0  0  0  0  0  0  0  0]
 [ 9 15  0  0  0  0  0  0  0  0  0  0  0  0  0  0]
 [23 24 13  8  4  0  0  0  0  0  0  0  0  0  0  0]
 [21  5  0  0  0  0  0  0  0  0  0  0  0  0  0  0]
 [ 3  2  7  0  0  0  0  0  0  0  0  0  0  0  0  0]
 [18 23 24  1 19  0  0  0  0  0  0  0  0  0  0  0]
 [25  7  0  0  0  0  0  0  0  0  0  0  0  0  0  0]
 [18 14 28  0  0  0  0  0  0  0  0  0  0  0  0  0]
 [ 1  0  0  0  0  0  0  0  0  0  0  0  0  0  0  0]
 [25  4  0  0  0  0  0  0  0  0  0  0  0  0  0  0]]
gen= [[ 0  0  0  0  0  0  0  0  0  0  0  0  0  0  0  0]
 [ 9  9  0  0  0  0  0  0  0  0  0  0  0  0  0  0]
 [ 8  8  0  0  0  0  0  0  0  0  0  0  0  0  0  0]
 [21 21  0  0  0  0  0  0  0  0  0  0  0  0  0  0]
 [ 3  0  0  0  0  0  0  0  0  0  0  0  0  0  0  0]
 [ 1  1  1  0  0  0  0  0  0  0  0  0  0  0  0  0]
 [25  0  0  0  0  0  0  0  0  0  0  0  0  0  0  0]
 [28 14  0  0  0  0  0  0  0  0  0  0  0  0  0  0]
 [ 1  0  0  0  0  0  0  0  0  0  0  0  0  0  0  0]
 [ 4  0  0  0  0  0  0  0  0  0  0  0  0  0  0  0]]
valid: gen=0.094
reward: norm=0.9641842344775443
[ 270 iterations]
real= [[16 20 27  0  0  0  0  0  0  0  0  0  0  0  0  0]
 [ 7 23 24  9  3  8  0  0  0  0  0  0  0  0  0  0]
 [11  5  4 15 14  0  0  0  0  0  0  0  0  0  0  0]
 [11  1 12 13  0  0  0  0  0  0  0  0  0  0  0  0]
 [27 26 24 17  1  9  0  0  0  0  0  0  0  0  0  0]
 [22 26 27  0  0  0  0  0  0  0  0  0  0  0  0  0]
 [19 21 13  8 11  5  0  0  0  0  0  0  0  0  0  0]
 [20  1 13 16 14  0  0  0  0  0  0  0  0  0  0  0]
 [20 19 13 17 21 24  3  0  0  0  0  0  0  0  0  0]
 [ 5 26  9 16  0  0  0  0  0  0  0  0  0  0  0  0]]
gen= [[16 16  0  0  0  0  0  0  0  0  0  0  0  0  0  0]
 [ 8  8  0  0  0  0  0  0  0  0  0  0  0  0  0  0]
 [14 14  0  0  0  0  0  0  0  0  0  0  0  0  0  0]
 [13 13  0  0  0  0  0  0  0  0  0  0  0  0  0  0]
 [ 1  0  0  0  0  0  0  0  0  0  0  0  0  0  0  0]
 [22  0  0  0  0  0  0  0  0  0  0  0  0  0  0  0]
 [ 8  8  0  0  0  0  0  0  0  0  0  0  0  0  0  0]
 [13  1  0  0  0  0  0  0  0  0  0  0  0  0  0  0]
 [21 21  0  0  0  0  0  0  0  0  0  0  0  0  0  0]
 [16 16  0  0  0  0  0  0  0  0  0  0  0  0  0  0]]
valid: gen=0.088
reward: norm=0.9636501124662601
[ 280 iterations]
real= [[23 26 19  3 18  6  9  0  0  0  0  0  0  0  0  0]
 [15 16 13  9 19  4  1  0  0  0  0  0  0  0  0  0]
 [ 3 16 13  0  0  0  0  0  0  0  0  0  0  0  0  0]
 [ 3  5  7 24  0  0  0  0  0  0  0  0  0  0  0  0]
 [28  9 17 16 13 10 15 23  0  0  0  0  0  0  0  0]
 [ 7  0  0  0  0  0  0  0  0  0  0  0  0  0  0  0]
 [28  2  7  8  0  0  0  0  0  0  0  0  0  0  0  0]
 [20  1 25 17 18 10  0  0  0  0  0  0  0  0  0  0]
 [20  6  7  8  0  0  0  0  0  0  0  0  0  0  0  0]
 [ 7 10  3 19 28  8  0  0  0  0  0  0  0  0  0  0]]
gen= [[ 3  3  0  0  0  0  0  0  0  0  0  0  0  0  0  0]
 [ 1  0  0  0  0  0  0  0  0  0  0  0  0  0  0  0]
 [ 0  0  0  0  0  0  0  0  0  0  0  0  0  0  0  0]
 [ 3  3  0  0  0  0  0  0  0  0  0  0  0  0  0  0]
 [10 10  0  0  0  0  0  0  0  0  0  0  0  0  0  0]
 [ 7  0  0  0  0  0  0  0  0  0  0  0  0  0  0  0]
 [ 8  8  0  0  0  0  0  0  0  0  0  0  0  0  0  0]
 [10 10  0  0  0  0  0  0  0  0  0  0  0  0  0  0]
 [ 8  8  0  0  0  0  0  0  0  0  0  0  0  0  0  0]
 [10  0  0  0  0  0  0  0  0  0  0  0  0  0  0  0]]
valid: gen=0.081
reward: norm=0.9648705736836911
[ 290 iterations]
real= [[23 19 13 17  3  8  0  0  0  0  0  0  0  0  0  0]
 [18 24 27  8  0  0  0  0  0  0  0  0  0  0  0  0]
 [22  0  0  0  0  0  0  0  0  0  0  0  0  0  0  0]
 [15 23 28  1  2  0  0  0  0  0  0  0  0  0  0  0]
 [20  8 28 14 18  0  0  0  0  0  0  0  0  0  0  0]
 [22 14 13 17 16  3 19  1  0  0  0  0  0  0  0  0]
 [26 23  4 16  0  0  0  0  0  0  0  0  0  0  0  0]
 [25 22  0  0  0  0  0  0  0  0  0  0  0  0  0  0]
 [19  6  0  0  0  0  0  0  0  0  0  0  0  0  0  0]
 [19 23  7  0  0  0  0  0  0  0  0  0  0  0  0  0]]
gen= [[ 8  0  0  0  0  0  0  0  0  0  0  0  0  0  0  0]
 [ 8  0  0  0  0  0  0  0  0  0  0  0  0  0  0  0]
 [22  0  0  0  0  0  0  0  0  0  0  0  0  0  0  0]
 [ 2  0  0  0  0  0  0  0  0  0  0  0  0  0  0  0]
 [ 8  8  0  0  0  0  0  0  0  0  0  0  0  0  0  0]
 [ 1  0  0  0  0  0  0  0  0  0  0  0  0  0  0  0]
 [16  0  0  0  0  0  0  0  0  0  0  0  0  0  0  0]
 [22  0  0  0  0  0  0  0  0  0  0  0  0  0  0  0]
 [19  0  0  0  0  0  0  0  0  0  0  0  0  0  0  0]
 [19  0  0  0  0  0  0  0  0  0  0  0  0  0  0  0]]
valid: gen=0.095
reward: norm=0.9692222893181757
[ 300 iterations]
real= [[27 23  1  0  0  0  0  0  0  0  0  0  0  0  0  0]
 [ 5  0  0  0  0  0  0  0  0  0  0  0  0  0  0  0]
 [13  6  0  0  0  0  0  0  0  0  0  0  0  0  0  0]
 [ 9  6  5  0  0  0  0  0  0  0  0  0  0  0  0  0]
 [18 14  0  0  0  0  0  0  0  0  0  0  0  0  0  0]
 [24 10 17  1  0  0  0  0  0  0  0  0  0  0  0  0]
 [25 10 23  0  0  0  0  0  0  0  0  0  0  0  0  0]
 [25 17  7  0  0  0  0  0  0  0  0  0  0  0  0  0]
 [20 17 21  8  0  0  0  0  0  0  0  0  0  0  0  0]
 [24  6 12  3 19  0  0  0  0  0  0  0  0  0  0  0]]
gen= [[ 1  0  0  0  0  0  0  0  0  0  0  0  0  0  0  0]
 [ 0  0  0  0  0  0  0  0  0  0  0  0  0  0  0  0]
 [ 0  0  0  0  0  0  0  0  0  0  0  0  0  0  0  0]
 [ 0  0  0  0  0  0  0  0  0  0  0  0  0  0  0  0]
 [14  0  0  0  0  0  0  0  0  0  0  0  0  0  0  0]
 [10  0  0  0  0  0  0  0  0  0  0  0  0  0  0  0]
 [10 10  0  0  0  0  0  0  0  0  0  0  0  0  0  0]
 [17 17 17  0  0  0  0  0  0  0  0  0  0  0  0  0]
 [21  0  0  0  0  0  0  0  0  0  0  0  0  0  0  0]
 [ 0  0  0  0  0  0  0  0  0  0  0  0  0  0  0  0]]
valid: gen=0.076
reward: norm=0.9681057984446586
[ 310 iterations]
real= [[21  0  0  0  0  0  0  0  0  0  0  0  0  0  0  0]
 [ 9 15  0  0  0  0  0  0  0  0  0  0  0  0  0  0]
 [23 24 13  8  4  0  0  0  0  0  0  0  0  0  0  0]
 [21  5  0  0  0  0  0  0  0  0  0  0  0  0  0  0]
 [ 3  2  7  0  0  0  0  0  0  0  0  0  0  0  0  0]
 [18 23 24  1 19  0  0  0  0  0  0  0  0  0  0  0]
 [25  7  0  0  0  0  0  0  0  0  0  0  0  0  0  0]
 [18 14 28  0  0  0  0  0  0  0  0  0  0  0  0  0]
 [ 1  0  0  0  0  0  0  0  0  0  0  0  0  0  0  0]
 [25  4  0  0  0  0  0  0  0  0  0  0  0  0  0  0]]
gen= [[21  0  0  0  0  0  0  0  0  0  0  0  0  0  0  0]
 [ 9  0  0  0  0  0  0  0  0  0  0  0  0  0  0  0]
 [ 8  0  0  0  0  0  0  0  0  0  0  0  0  0  0  0]
 [21  0  0  0  0  0  0  0  0  0  0  0  0  0  0  0]
 [ 2  0  0  0  0  0  0  0  0  0  0  0  0  0  0  0]
 [ 1  0  0  0  0  0  0  0  0  0  0  0  0  0  0  0]
 [ 0  0  0  0  0  0  0  0  0  0  0  0  0  0  0  0]
 [14  0  0  0  0  0  0  0  0  0  0  0  0  0  0  0]
 [ 0  0  0  0  0  0  0  0  0  0  0  0  0  0  0  0]
 [ 4  4  0  0  0  0  0  0  0  0  0  0  0  0  0  0]]
valid: gen=0.077
reward: norm=0.9700106007900312
[ 320 iterations]
real= [[16 20 27  0  0  0  0  0  0  0  0  0  0  0  0  0]
 [ 7 23 24  9  3  8  0  0  0  0  0  0  0  0  0  0]
 [11  5  4 15 14  0  0  0  0  0  0  0  0  0  0  0]
 [11  1 12 13  0  0  0  0  0  0  0  0  0  0  0  0]
 [27 26 24 17  1  9  0  0  0  0  0  0  0  0  0  0]
 [22 26 27  0  0  0  0  0  0  0  0  0  0  0  0  0]
 [19 21 13  8 11  5  0  0  0  0  0  0  0  0  0  0]
 [20  1 13 16 14  0  0  0  0  0  0  0  0  0  0  0]
 [20 19 13 17 21 24  3  0  0  0  0  0  0  0  0  0]
 [ 5 26  9 16  0  0  0  0  0  0  0  0  0  0  0  0]]
gen= [[16 16  0  0  0  0  0  0  0  0  0  0  0  0  0  0]
 [ 8  9  0  0  0  0  0  0  0  0  0  0  0  0  0  0]
 [11  0  0  0  0  0  0  0  0  0  0  0  0  0  0  0]
 [11 11  0  0  0  0  0  0  0  0  0  0  0  0  0  0]
 [17 17  0  0  0  0  0  0  0  0  0  0  0  0  0  0]
 [22  0  0  0  0  0  0  0  0  0  0  0  0  0  0  0]
 [21  0  0  0  0  0  0  0  0  0  0  0  0  0  0  0]
 [16  0  0  0  0  0  0  0  0  0  0  0  0  0  0  0]
 [17  0  0  0  0  0  0  0  0  0  0  0  0  0  0  0]
 [16 16 16  0  0  0  0  0  0  0  0  0  0  0  0  0]]
valid: gen=0.066
reward: norm=0.9655619673282158
[ 330 iterations]
real= [[23 26 19  3 18  6  9  0  0  0  0  0  0  0  0  0]
 [15 16 13  9 19  4  1  0  0  0  0  0  0  0  0  0]
 [ 3 16 13  0  0  0  0  0  0  0  0  0  0  0  0  0]
 [ 3  5  7 24  0  0  0  0  0  0  0  0  0  0  0  0]
 [28  9 17 16 13 10 15 23  0  0  0  0  0  0  0  0]
 [ 7  0  0  0  0  0  0  0  0  0  0  0  0  0  0  0]
 [28  2  7  8  0  0  0  0  0  0  0  0  0  0  0  0]
 [20  1 25 17 18 10  0  0  0  0  0  0  0  0  0  0]
 [20  6  7  8  0  0  0  0  0  0  0  0  0  0  0  0]
 [ 7 10  3 19 28  8  0  0  0  0  0  0  0  0  0  0]]
gen= [[18 19  0  0  0  0  0  0  0  0  0  0  0  0  0  0]
 [16  4  0  0  0  0  0  0  0  0  0  0  0  0  0  0]
 [16  0  0  0  0  0  0  0  0  0  0  0  0  0  0  0]
 [24  0  0  0  0  0  0  0  0  0  0  0  0  0  0  0]
 [17 17  0  0  0  0  0  0  0  0  0  0  0  0  0  0]
 [ 7  7  0  0  0  0  0  0  0  0  0  0  0  0  0  0]
 [ 2  2  0  0  0  0  0  0  0  0  0  0  0  0  0  0]
 [17  0  0  0  0  0  0  0  0  0  0  0  0  0  0  0]
 [ 8  0  0  0  0  0  0  0  0  0  0  0  0  0  0  0]
 [10 10 10  0  0  0  0  0  0  0  0  0  0  0  0  0]]
valid: gen=0.073
reward: norm=0.964023282134659
[ 340 iterations]
real= [[23 19 13 17  3  8  0  0  0  0  0  0  0  0  0  0]
 [18 24 27  8  0  0  0  0  0  0  0  0  0  0  0  0]
 [22  0  0  0  0  0  0  0  0  0  0  0  0  0  0  0]
 [15 23 28  1  2  0  0  0  0  0  0  0  0  0  0  0]
 [20  8 28 14 18  0  0  0  0  0  0  0  0  0  0  0]
 [22 14 13 17 16  3 19  1  0  0  0  0  0  0  0  0]
 [26 23  4 16  0  0  0  0  0  0  0  0  0  0  0  0]
 [25 22  0  0  0  0  0  0  0  0  0  0  0  0  0  0]
 [19  6  0  0  0  0  0  0  0  0  0  0  0  0  0  0]
 [19 23  7  0  0  0  0  0  0  0  0  0  0  0  0  0]]
gen= [[17 17  0  0  0  0  0  0  0  0  0  0  0  0  0  0]
 [18  8  0  0  0  0  0  0  0  0  0  0  0  0  0  0]
 [22 22  0  0  0  0  0  0  0  0  0  0  0  0  0  0]
 [ 2  2  2  0  0  0  0  0  0  0  0  0  0  0  0  0]
 [18  8  8  0  0  0  0  0  0  0  0  0  0  0  0  0]
 [17 17  0  0  0  0  0  0  0  0  0  0  0  0  0  0]
 [16 16 16  4  0  0  0  0  0  0  0  0  0  0  0  0]
 [22 22  0  0  0  0  0  0  0  0  0  0  0  0  0  0]
 [19  0  0  0  0  0  0  0  0  0  0  0  0  0  0  0]
 [ 7 19 19  0  0  0  0  0  0  0  0  0  0  0  0  0]]
valid: gen=0.091
reward: norm=0.9575346323624847
[ 350 iterations]
real= [[27 23  1  0  0  0  0  0  0  0  0  0  0  0  0  0]
 [ 5  0  0  0  0  0  0  0  0  0  0  0  0  0  0  0]
 [13  6  0  0  0  0  0  0  0  0  0  0  0  0  0  0]
 [ 9  6  5  0  0  0  0  0  0  0  0  0  0  0  0  0]
 [18 14  0  0  0  0  0  0  0  0  0  0  0  0  0  0]
 [24 10 17  1  0  0  0  0  0  0  0  0  0  0  0  0]
 [25 10 23  0  0  0  0  0  0  0  0  0  0  0  0  0]
 [25 17  7  0  0  0  0  0  0  0  0  0  0  0  0  0]
 [20 17 21  8  0  0  0  0  0  0  0  0  0  0  0  0]
 [24  6 12  3 19  0  0  0  0  0  0  0  0  0  0  0]]
gen= [[23 23 23 23 23 23 23  0  0  0  0  0  0  0  0  0]
 [ 5  5  0  0  0  0  0  0  0  0  0  0  0  0  0  0]
 [13  0  0  0  0  0  0  0  0  0  0  0  0  0  0  0]
 [ 5  0  0  0  0  0  0  0  0  0  0  0  0  0  0  0]
 [18  0  0  0  0  0  0  0  0  0  0  0  0  0  0  0]
 [17 24 17 17 17 17  0  0  0  0  0  0  0  0  0  0]
 [10 10 10 10 10 10  0  0  0  0  0  0  0  0  0  0]
 [17 17 17 17  0  0  0  0  0  0  0  0  0  0  0  0]
 [21 17 17  0  0  0  0  0  0  0  0  0  0  0  0  0]
 [24 19 19  0  0  0  0  0  0  0  0  0  0  0  0  0]]
valid: gen=0.063
reward: norm=0.9268909565406929
[ 360 iterations]
real= [[21  0  0  0  0  0  0  0  0  0  0  0  0  0  0  0]
 [ 9 15  0  0  0  0  0  0  0  0  0  0  0  0  0  0]
 [23 24 13  8  4  0  0  0  0  0  0  0  0  0  0  0]
 [21  5  0  0  0  0  0  0  0  0  0  0  0  0  0  0]
 [ 3  2  7  0  0  0  0  0  0  0  0  0  0  0  0  0]
 [18 23 24  1 19  0  0  0  0  0  0  0  0  0  0  0]
 [25  7  0  0  0  0  0  0  0  0  0  0  0  0  0  0]
 [18 14 28  0  0  0  0  0  0  0  0  0  0  0  0  0]
 [ 1  0  0  0  0  0  0  0  0  0  0  0  0  0  0  0]
 [25  4  0  0  0  0  0  0  0  0  0  0  0  0  0  0]]
gen= [[21 21 21  0  0  0  0  0  0  0  0  0  0  0  0  0]
 [15 15 15 15 15 15  9  0  0  0  0  0  0  0  0  0]
 [13 13 13 13 13  4  4  4  4  0  0  0  0  0  0  0]
 [21  0  0  0  0  0  0  0  0  0  0  0  0  0  0  0]
 [ 2  2  0  0  0  0  0  0  0  0  0  0  0  0  0  0]
 [18 24 24 19 19  0  0  0  0  0  0  0  0  0  0  0]
 [ 7  7  7  7  7  7  0  0  0  0  0  0  0  0  0  0]
 [18 18 18 14 14  0  0  0  0  0  0  0  0  0  0  0]
 [ 1  1  1  1  1  0  0  0  0  0  0  0  0  0  0  0]
 [ 4  4  4  0  0  0  0  0  0  0  0  0  0  0  0  0]]
valid: gen=0.046
reward: norm=0.9190623933851421
[ 370 iterations]
real= [[16 20 27  0  0  0  0  0  0  0  0  0  0  0  0  0]
 [ 7 23 24  9  3  8  0  0  0  0  0  0  0  0  0  0]
 [11  5  4 15 14  0  0  0  0  0  0  0  0  0  0  0]
 [11  1 12 13  0  0  0  0  0  0  0  0  0  0  0  0]
 [27 26 24 17  1  9  0  0  0  0  0  0  0  0  0  0]
 [22 26 27  0  0  0  0  0  0  0  0  0  0  0  0  0]
 [19 21 13  8 11  5  0  0  0  0  0  0  0  0  0  0]
 [20  1 13 16 14  0  0  0  0  0  0  0  0  0  0  0]
 [20 19 13 17 21 24  3  0  0  0  0  0  0  0  0  0]
 [ 5 26  9 16  0  0  0  0  0  0  0  0  0  0  0  0]]
gen= [[16  0  0  0  0  0  0  0  0  0  0  0  0  0  0  0]
 [24 24 24 24 24  0  0  0  0  0  0  0  0  0  0  0]
 [11 11 11 11 11 11  0  0  0  0  0  0  0  0  0  0]
 [11 11 11  0  0  0  0  0  0  0  0  0  0  0  0  0]
 [24 24 24 24 17 17 17  0  0  0  0  0  0  0  0  0]
 [22 22 22 22 22 22  0  0  0  0  0  0  0  0  0  0]
 [21 21 21 21 21 21  0  0  0  0  0  0  0  0  0  0]
 [16 16 16 16 16  0  0  0  0  0  0  0  0  0  0  0]
 [21 21 21 21 21 21 17  0  0  0  0  0  0  0  0  0]
 [ 5  0  0  0  0  0  0  0  0  0  0  0  0  0  0  0]]
valid: gen=0.041
reward: norm=0.9154405553232419
[ 380 iterations]
real= [[23 26 19  3 18  6  9  0  0  0  0  0  0  0  0  0]
 [15 16 13  9 19  4  1  0  0  0  0  0  0  0  0  0]
 [ 3 16 13  0  0  0  0  0  0  0  0  0  0  0  0  0]
 [ 3  5  7 24  0  0  0  0  0  0  0  0  0  0  0  0]
 [28  9 17 16 13 10 15 23  0  0  0  0  0  0  0  0]
 [ 7  0  0  0  0  0  0  0  0  0  0  0  0  0  0  0]
 [28  2  7  8  0  0  0  0  0  0  0  0  0  0  0  0]
 [20  1 25 17 18 10  0  0  0  0  0  0  0  0  0  0]
 [20  6  7  8  0  0  0  0  0  0  0  0  0  0  0  0]
 [ 7 10  3 19 28  8  0  0  0  0  0  0  0  0  0  0]]
gen= [[18 18  6  6  0  0  0  0  0  0  0  0  0  0  0  0]
 [16 16 16 16  0  0  0  0  0  0  0  0  0  0  0  0]
 [16 16 16 16  0  0  0  0  0  0  0  0  0  0  0  0]
 [24 24 24 24 24  0  0  0  0  0  0  0  0  0  0  0]
 [16 16 16 16 16 16 17  0  0  0  0  0  0  0  0  0]
 [ 7  7  0  0  0  0  0  0  0  0  0  0  0  0  0  0]
 [ 2  2  2  2  2  0  0  0  0  0  0  0  0  0  0  0]
 [18 18 18 18 17 17  0  0  0  0  0  0  0  0  0  0]
 [ 8  8  6  0  0  0  0  0  0  0  0  0  0  0  0  0]
 [ 8  8  8  8  8  0  0  0  0  0  0  0  0  0  0  0]]
valid: gen=0.027
reward: norm=0.9180972788861623
[ 390 iterations]
real= [[23 19 13 17  3  8  0  0  0  0  0  0  0  0  0  0]
 [18 24 27  8  0  0  0  0  0  0  0  0  0  0  0  0]
 [22  0  0  0  0  0  0  0  0  0  0  0  0  0  0  0]
 [15 23 28  1  2  0  0  0  0  0  0  0  0  0  0  0]
 [20  8 28 14 18  0  0  0  0  0  0  0  0  0  0  0]
 [22 14 13 17 16  3 19  1  0  0  0  0  0  0  0  0]
 [26 23  4 16  0  0  0  0  0  0  0  0  0  0  0  0]
 [25 22  0  0  0  0  0  0  0  0  0  0  0  0  0  0]
 [19  6  0  0  0  0  0  0  0  0  0  0  0  0  0  0]
 [19 23  7  0  0  0  0  0  0  0  0  0  0  0  0  0]]
gen= [[13 13 13 17  0  0  0  0  0  0  0  0  0  0  0  0]
 [ 8 24  8  8  0  0  0  0  0  0  0  0  0  0  0  0]
 [22  0  0  0  0  0  0  0  0  0  0  0  0  0  0  0]
 [ 2  2  2  2  2  0  0  0  0  0  0  0  0  0  0  0]
 [ 8  8  8  8  8  0  0  0  0  0  0  0  0  0  0  0]
 [16 16 16 16  0  0  0  0  0  0  0  0  0  0  0  0]
 [16 16 16 16  0  0  0  0  0  0  0  0  0  0  0  0]
 [22 22 22  0  0  0  0  0  0  0  0  0  0  0  0  0]
 [ 6  6  6  6  6  0  0  0  0  0  0  0  0  0  0  0]
 [19 19 19 19  0  0  0  0  0  0  0  0  0  0  0  0]]
valid: gen=0.048
reward: norm=0.9278941059479712
[ 400 iterations]
real= [[27 23  1  0  0  0  0  0  0  0  0  0  0  0  0  0]
 [ 5  0  0  0  0  0  0  0  0  0  0  0  0  0  0  0]
 [13  6  0  0  0  0  0  0  0  0  0  0  0  0  0  0]
 [ 9  6  5  0  0  0  0  0  0  0  0  0  0  0  0  0]
 [18 14  0  0  0  0  0  0  0  0  0  0  0  0  0  0]
 [24 10 17  1  0  0  0  0  0  0  0  0  0  0  0  0]
 [25 10 23  0  0  0  0  0  0  0  0  0  0  0  0  0]
 [25 17  7  0  0  0  0  0  0  0  0  0  0  0  0  0]
 [20 17 21  8  0  0  0  0  0  0  0  0  0  0  0  0]
 [24  6 12  3 19  0  0  0  0  0  0  0  0  0  0  0]]
gen= [[23 23 23 23  0  0  0  0  0  0  0  0  0  0  0  0]
 [ 0  0  0  0  0  0  0  0  0  0  0  0  0  0  0  0]
 [13 13  6  0  0  0  0  0  0  0  0  0  0  0  0  0]
 [ 6  6  6  0  0  0  0  0  0  0  0  0  0  0  0  0]
 [14  0  0  0  0  0  0  0  0  0  0  0  0  0  0  0]
 [24 24 24  0  0  0  0  0  0  0  0  0  0  0  0  0]
 [10 10 10  0  0  0  0  0  0  0  0  0  0  0  0  0]
 [17 17  0  0  0  0  0  0  0  0  0  0  0  0  0  0]
 [21 21 21  0  0  0  0  0  0  0  0  0  0  0  0  0]
 [24 24  6  6  0  0  0  0  0  0  0  0  0  0  0  0]]
valid: gen=0.041
reward: norm=0.9272112499793316
[ 410 iterations]
real= [[21  0  0  0  0  0  0  0  0  0  0  0  0  0  0  0]
 [ 9 15  0  0  0  0  0  0  0  0  0  0  0  0  0  0]
 [23 24 13  8  4  0  0  0  0  0  0  0  0  0  0  0]
 [21  5  0  0  0  0  0  0  0  0  0  0  0  0  0  0]
 [ 3  2  7  0  0  0  0  0  0  0  0  0  0  0  0  0]
 [18 23 24  1 19  0  0  0  0  0  0  0  0  0  0  0]
 [25  7  0  0  0  0  0  0  0  0  0  0  0  0  0  0]
 [18 14 28  0  0  0  0  0  0  0  0  0  0  0  0  0]
 [ 1  0  0  0  0  0  0  0  0  0  0  0  0  0  0  0]
 [25  4  0  0  0  0  0  0  0  0  0  0  0  0  0  0]]
gen= [[21 21  0  0  0  0  0  0  0  0  0  0  0  0  0  0]
 [15 15  0  0  0  0  0  0  0  0  0  0  0  0  0  0]
 [13 13 13 13  0  0  0  0  0  0  0  0  0  0  0  0]
 [21 21 21 21  0  0  0  0  0  0  0  0  0  0  0  0]
 [ 2  0  0  0  0  0  0  0  0  0  0  0  0  0  0  0]
 [24 24 24 24  0  0  0  0  0  0  0  0  0  0  0  0]
 [ 7  0  0  0  0  0  0  0  0  0  0  0  0  0  0  0]
 [18 18 14  0  0  0  0  0  0  0  0  0  0  0  0  0]
 [ 1  0  0  0  0  0  0  0  0  0  0  0  0  0  0  0]
 [ 4  4  4  0  0  0  0  0  0  0  0  0  0  0  0  0]]
valid: gen=0.044
reward: norm=0.9299678324345738
[ 420 iterations]
real= [[16 20 27  0  0  0  0  0  0  0  0  0  0  0  0  0]
 [ 7 23 24  9  3  8  0  0  0  0  0  0  0  0  0  0]
 [11  5  4 15 14  0  0  0  0  0  0  0  0  0  0  0]
 [11  1 12 13  0  0  0  0  0  0  0  0  0  0  0  0]
 [27 26 24 17  1  9  0  0  0  0  0  0  0  0  0  0]
 [22 26 27  0  0  0  0  0  0  0  0  0  0  0  0  0]
 [19 21 13  8 11  5  0  0  0  0  0  0  0  0  0  0]
 [20  1 13 16 14  0  0  0  0  0  0  0  0  0  0  0]
 [20 19 13 17 21 24  3  0  0  0  0  0  0  0  0  0]
 [ 5 26  9 16  0  0  0  0  0  0  0  0  0  0  0  0]]
gen= [[16 16  0  0  0  0  0  0  0  0  0  0  0  0  0  0]
 [24 24 24  8  0  0  0  0  0  0  0  0  0  0  0  0]
 [11 11 11 11 11  0  0  0  0  0  0  0  0  0  0  0]
 [13 11 11 11  0  0  0  0  0  0  0  0  0  0  0  0]
 [24 24 24 24 17  0  0  0  0  0  0  0  0  0  0  0]
 [22 22 22 22  0  0  0  0  0  0  0  0  0  0  0  0]
 [21 21 21 21  0  0  0  0  0  0  0  0  0  0  0  0]
 [16 16 16 16  0  0  0  0  0  0  0  0  0  0  0  0]
 [21 21 21 21  0  0  0  0  0  0  0  0  0  0  0  0]
 [16 16 16 16  0  0  0  0  0  0  0  0  0  0  0  0]]
valid: gen=0.033
reward: norm=0.9260594031762098
[ 430 iterations]
real= [[23 26 19  3 18  6  9  0  0  0  0  0  0  0  0  0]
 [15 16 13  9 19  4  1  0  0  0  0  0  0  0  0  0]
 [ 3 16 13  0  0  0  0  0  0  0  0  0  0  0  0  0]
 [ 3  5  7 24  0  0  0  0  0  0  0  0  0  0  0  0]
 [28  9 17 16 13 10 15 23  0  0  0  0  0  0  0  0]
 [ 7  0  0  0  0  0  0  0  0  0  0  0  0  0  0  0]
 [28  2  7  8  0  0  0  0  0  0  0  0  0  0  0  0]
 [20  1 25 17 18 10  0  0  0  0  0  0  0  0  0  0]
 [20  6  7  8  0  0  0  0  0  0  0  0  0  0  0  0]
 [ 7 10  3 19 28  8  0  0  0  0  0  0  0  0  0  0]]
gen= [[18  6  6  6  0  0  0  0  0  0  0  0  0  0  0  0]
 [16 16 16 16  0  0  0  0  0  0  0  0  0  0  0  0]
 [16 16 16  0  0  0  0  0  0  0  0  0  0  0  0  0]
 [24 24  0  0  0  0  0  0  0  0  0  0  0  0  0  0]
 [16 16 16 16  0  0  0  0  0  0  0  0  0  0  0  0]
 [ 7  7  0  0  0  0  0  0  0  0  0  0  0  0  0  0]
 [ 2  2  2  2  2  0  0  0  0  0  0  0  0  0  0  0]
 [18 18 18 17  0  0  0  0  0  0  0  0  0  0  0  0]
 [ 8  6  0  0  0  0  0  0  0  0  0  0  0  0  0  0]
 [ 8  8  8  8  0  0  0  0  0  0  0  0  0  0  0  0]]
valid: gen=0.03
reward: norm=0.9252104056022972
[ 440 iterations]
real= [[23 19 13 17  3  8  0  0  0  0  0  0  0  0  0  0]
 [18 24 27  8  0  0  0  0  0  0  0  0  0  0  0  0]
 [22  0  0  0  0  0  0  0  0  0  0  0  0  0  0  0]
 [15 23 28  1  2  0  0  0  0  0  0  0  0  0  0  0]
 [20  8 28 14 18  0  0  0  0  0  0  0  0  0  0  0]
 [22 14 13 17 16  3 19  1  0  0  0  0  0  0  0  0]
 [26 23  4 16  0  0  0  0  0  0  0  0  0  0  0  0]
 [25 22  0  0  0  0  0  0  0  0  0  0  0  0  0  0]
 [19  6  0  0  0  0  0  0  0  0  0  0  0  0  0  0]
 [19 23  7  0  0  0  0  0  0  0  0  0  0  0  0  0]]
gen= [[13 13 13 13  0  0  0  0  0  0  0  0  0  0  0  0]
 [24  8  8  0  0  0  0  0  0  0  0  0  0  0  0  0]
 [22 22 22  0  0  0  0  0  0  0  0  0  0  0  0  0]
 [ 2  2  2  2  2  2  0  0  0  0  0  0  0  0  0  0]
 [ 8  8  8  0  0  0  0  0  0  0  0  0  0  0  0  0]
 [16 16 16 16  0  0  0  0  0  0  0  0  0  0  0  0]
 [16 16 16  0  0  0  0  0  0  0  0  0  0  0  0  0]
 [22  0  0  0  0  0  0  0  0  0  0  0  0  0  0  0]
 [ 6  6  6  0  0  0  0  0  0  0  0  0  0  0  0  0]
 [19 19  0  0  0  0  0  0  0  0  0  0  0  0  0  0]]
valid: gen=0.045
reward: norm=0.9320625278364902
[ 450 iterations]
real= [[27 23  1  0  0  0  0  0  0  0  0  0  0  0  0  0]
 [ 5  0  0  0  0  0  0  0  0  0  0  0  0  0  0  0]
 [13  6  0  0  0  0  0  0  0  0  0  0  0  0  0  0]
 [ 9  6  5  0  0  0  0  0  0  0  0  0  0  0  0  0]
 [18 14  0  0  0  0  0  0  0  0  0  0  0  0  0  0]
 [24 10 17  1  0  0  0  0  0  0  0  0  0  0  0  0]
 [25 10 23  0  0  0  0  0  0  0  0  0  0  0  0  0]
 [25 17  7  0  0  0  0  0  0  0  0  0  0  0  0  0]
 [20 17 21  8  0  0  0  0  0  0  0  0  0  0  0  0]
 [24  6 12  3 19  0  0  0  0  0  0  0  0  0  0  0]]
gen= [[23 23 23 23 23  0  0  0  0  0  0  0  0  0  0  0]
 [ 5  0  0  0  0  0  0  0  0  0  0  0  0  0  0  0]
 [13  0  0  0  0  0  0  0  0  0  0  0  0  0  0  0]
 [ 6  6  6  0  0  0  0  0  0  0  0  0  0  0  0  0]
 [18 18 14  0  0  0  0  0  0  0  0  0  0  0  0  0]
 [24 24 24 24 17  0  0  0  0  0  0  0  0  0  0  0]
 [10 10 10 10  0  0  0  0  0  0  0  0  0  0  0  0]
 [17 17  0  0  0  0  0  0  0  0  0  0  0  0  0  0]
 [21 21 21  0  0  0  0  0  0  0  0  0  0  0  0  0]
 [24  6  6  6  0  0  0  0  0  0  0  0  0  0  0  0]]
valid: gen=0.047
reward: norm=0.9265121621536238
[ 460 iterations]
real= [[21  0  0  0  0  0  0  0  0  0  0  0  0  0  0  0]
 [ 9 15  0  0  0  0  0  0  0  0  0  0  0  0  0  0]
 [23 24 13  8  4  0  0  0  0  0  0  0  0  0  0  0]
 [21  5  0  0  0  0  0  0  0  0  0  0  0  0  0  0]
 [ 3  2  7  0  0  0  0  0  0  0  0  0  0  0  0  0]
 [18 23 24  1 19  0  0  0  0  0  0  0  0  0  0  0]
 [25  7  0  0  0  0  0  0  0  0  0  0  0  0  0  0]
 [18 14 28  0  0  0  0  0  0  0  0  0  0  0  0  0]
 [ 1  0  0  0  0  0  0  0  0  0  0  0  0  0  0  0]
 [25  4  0  0  0  0  0  0  0  0  0  0  0  0  0  0]]
gen= [[21 21 21 21  0  0  0  0  0  0  0  0  0  0  0  0]
 [15 15  0  0  0  0  0  0  0  0  0  0  0  0  0  0]
 [13 13 13 13  0  0  0  0  0  0  0  0  0  0  0  0]
 [21 21 21  0  0  0  0  0  0  0  0  0  0  0  0  0]
 [ 2  2  2  2  2  0  0  0  0  0  0  0  0  0  0  0]
 [24 24 24 24  0  0  0  0  0  0  0  0  0  0  0  0]
 [ 7  0  0  0  0  0  0  0  0  0  0  0  0  0  0  0]
 [18 18 18 14  0  0  0  0  0  0  0  0  0  0  0  0]
 [ 1  0  0  0  0  0  0  0  0  0  0  0  0  0  0  0]
 [ 4  4  4  4  0  0  0  0  0  0  0  0  0  0  0  0]]
valid: gen=0.05
reward: norm=0.926074876754725
[ 470 iterations]
real= [[16 20 27  0  0  0  0  0  0  0  0  0  0  0  0  0]
 [ 7 23 24  9  3  8  0  0  0  0  0  0  0  0  0  0]
 [11  5  4 15 14  0  0  0  0  0  0  0  0  0  0  0]
 [11  1 12 13  0  0  0  0  0  0  0  0  0  0  0  0]
 [27 26 24 17  1  9  0  0  0  0  0  0  0  0  0  0]
 [22 26 27  0  0  0  0  0  0  0  0  0  0  0  0  0]
 [19 21 13  8 11  5  0  0  0  0  0  0  0  0  0  0]
 [20  1 13 16 14  0  0  0  0  0  0  0  0  0  0  0]
 [20 19 13 17 21 24  3  0  0  0  0  0  0  0  0  0]
 [ 5 26  9 16  0  0  0  0  0  0  0  0  0  0  0  0]]
gen= [[16 16 16 16 16  0  0  0  0  0  0  0  0  0  0  0]
 [ 8 24 24  0  0  0  0  0  0  0  0  0  0  0  0  0]
 [11 11 11 11 11  0  0  0  0  0  0  0  0  0  0  0]
 [11 11 11 11  0  0  0  0  0  0  0  0  0  0  0  0]
 [24 24 24 24 17 17  0  0  0  0  0  0  0  0  0  0]
 [22 22 22 22 22  0  0  0  0  0  0  0  0  0  0  0]
 [21 21 21 21 21  0  0  0  0  0  0  0  0  0  0  0]
 [16 16 16 16  0  0  0  0  0  0  0  0  0  0  0  0]
 [21 21 21 21 21 21 21  0  0  0  0  0  0  0  0  0]
 [16 16 16 16 16  0  0  0  0  0  0  0  0  0  0  0]]
valid: gen=0.038
reward: norm=0.9144401612615208
[ 480 iterations]
real= [[23 26 19  3 18  6  9  0  0  0  0  0  0  0  0  0]
 [15 16 13  9 19  4  1  0  0  0  0  0  0  0  0  0]
 [ 3 16 13  0  0  0  0  0  0  0  0  0  0  0  0  0]
 [ 3  5  7 24  0  0  0  0  0  0  0  0  0  0  0  0]
 [28  9 17 16 13 10 15 23  0  0  0  0  0  0  0  0]
 [ 7  0  0  0  0  0  0  0  0  0  0  0  0  0  0  0]
 [28  2  7  8  0  0  0  0  0  0  0  0  0  0  0  0]
 [20  1 25 17 18 10  0  0  0  0  0  0  0  0  0  0]
 [20  6  7  8  0  0  0  0  0  0  0  0  0  0  0  0]
 [ 7 10  3 19 28  8  0  0  0  0  0  0  0  0  0  0]]
gen= [[18  6  6  6  6  6  6  0  0  0  0  0  0  0  0  0]
 [16 16 16 16 16 16 16 16  0  0  0  0  0  0  0  0]
 [16 16 16 16  0  0  0  0  0  0  0  0  0  0  0  0]
 [24 24 24 24 24 24  0  0  0  0  0  0  0  0  0  0]
 [16 16 16 16 16 16  0  0  0  0  0  0  0  0  0  0]
 [ 7  7  7  0  0  0  0  0  0  0  0  0  0  0  0  0]
 [ 2  2  2  0  0  0  0  0  0  0  0  0  0  0  0  0]
 [18 18 18 17 17 17  0  0  0  0  0  0  0  0  0  0]
 [ 8  6  6  0  0  0  0  0  0  0  0  0  0  0  0  0]
 [ 8  8  8  8  8  0  0  0  0  0  0  0  0  0  0  0]]
valid: gen=0.032
reward: norm=0.9017757636504133
[ 490 iterations]
real= [[23 19 13 17  3  8  0  0  0  0  0  0  0  0  0  0]
 [18 24 27  8  0  0  0  0  0  0  0  0  0  0  0  0]
 [22  0  0  0  0  0  0  0  0  0  0  0  0  0  0  0]
 [15 23 28  1  2  0  0  0  0  0  0  0  0  0  0  0]
 [20  8 28 14 18  0  0  0  0  0  0  0  0  0  0  0]
 [22 14 13 17 16  3 19  1  0  0  0  0  0  0  0  0]
 [26 23  4 16  0  0  0  0  0  0  0  0  0  0  0  0]
 [25 22  0  0  0  0  0  0  0  0  0  0  0  0  0  0]
 [19  6  0  0  0  0  0  0  0  0  0  0  0  0  0  0]
 [19 23  7  0  0  0  0  0  0  0  0  0  0  0  0  0]]
gen= [[13 13 13 13 17 17 17  0  0  0  0  0  0  0  0  0]
 [24 24 24 24 24 24  0  0  0  0  0  0  0  0  0  0]
 [22 22 22 22 22 22  0  0  0  0  0  0  0  0  0  0]
 [ 2  2  2  2  2  2  2  2  0  0  0  0  0  0  0  0]
 [ 8  8  8  8  8  8  0  0  0  0  0  0  0  0  0  0]
 [16 16 16 16 16 16 16  0  0  0  0  0  0  0  0  0]
 [16 16 16 16 16  0  0  0  0  0  0  0  0  0  0  0]
 [22 22 22 22 22  0  0  0  0  0  0  0  0  0  0  0]
 [ 6  0  0  0  0  0  0  0  0  0  0  0  0  0  0  0]
 [ 7  7 19 19 19 19 19 19  0  0  0  0  0  0  0  0]]
valid: gen=0.04
reward: norm=0.9068186664858587
