read problem
[ 1 iterations]
real=[[27, 26, 25, 23, 22, 21, 17, 16, 15, 12, 3, 10, 9, 2, 8, 0], [27, 24, 22, 21, 19, 15, 11, 10, 9, 8, 1, 4, 14, 0, 0, 0], [20, 14, 0, 0, 0, 0, 0, 0, 0, 0, 0, 0, 0, 0, 0, 0], [28, 27, 26, 25, 24, 20, 17, 16, 15, 4, 11, 10, 5, 2, 8, 0], [21, 14, 28, 0, 0, 0, 0, 0, 0, 0, 0, 0, 0, 0, 0, 0], [22, 0, 0, 0, 0, 0, 0, 0, 0, 0, 0, 0, 0, 0, 0, 0], [28, 26, 25, 22, 20, 19, 18, 17, 15, 4, 5, 10, 13, 2, 12, 0], [17, 25, 0, 0, 0, 0, 0, 0, 0, 0, 0, 0, 0, 0, 0, 0], [15, 26, 12, 2, 0, 0, 0, 0, 0, 0, 0, 0, 0, 0, 0, 0], [11, 0, 0, 0, 0, 0, 0, 0, 0, 0, 0, 0, 0, 0, 0, 0]]
gen=[[16, 17, 21, 22, 23, 15, 25, 3, 12, 26, 9, 27, 10, 8, 2, 0], [24, 22, 21, 19, 14, 15, 4, 11, 27, 1, 9, 8, 10, 0, 0, 0], [14, 20, 0, 0, 0, 0, 0, 0, 0, 0, 0, 0, 0, 0, 0, 0], [20, 17, 16, 24, 15, 25, 11, 28, 10, 26, 2, 27, 5, 8, 4, 0], [21, 14, 28, 0, 0, 0, 0, 0, 0, 0, 0, 0, 0, 0, 0, 0], [22, 0, 0, 0, 0, 0, 0, 0, 0, 0, 0, 0, 0, 0, 0, 0], [20, 17, 22, 18, 19, 15, 25, 26, 2, 13, 4, 12, 10, 5, 28, 0], [17, 25, 0, 0, 0, 0, 0, 0, 0, 0, 0, 0, 0, 0, 0, 0], [15, 2, 26, 12, 0, 0, 0, 0, 0, 0, 0, 0, 0, 0, 0, 0], [11, 0, 0, 0, 0, 0, 0, 0, 0, 0, 0, 0, 0, 0, 0, 0]]
valid routes=1.0
norm-reward=0.8551302437888396
[ 2 iterations]
real=[[7, 3, 5, 0, 0, 0, 0, 0, 0, 0, 0, 0, 0, 0, 0, 0], [28, 26, 25, 22, 21, 20, 19, 17, 16, 4, 11, 10, 5, 2, 8, 0], [27, 26, 24, 23, 22, 21, 19, 18, 16, 11, 9, 13, 7, 2, 8, 0], [28, 17, 14, 12, 8, 7, 6, 5, 3, 11, 1, 0, 0, 0, 0, 0], [26, 23, 22, 13, 15, 4, 5, 10, 2, 12, 0, 0, 0, 0, 0, 0], [8, 0, 0, 0, 0, 0, 0, 0, 0, 0, 0, 0, 0, 0, 0, 0], [27, 25, 24, 21, 20, 18, 17, 15, 14, 11, 1, 13, 5, 6, 12, 0], [27, 26, 24, 21, 20, 17, 16, 15, 14, 5, 1, 10, 9, 3, 6, 0], [27, 24, 23, 21, 20, 18, 14, 13, 10, 11, 5, 1, 9, 6, 8, 0], [27, 24, 22, 21, 20, 19, 18, 15, 12, 13, 3, 10, 1, 2, 6, 0]]
gen=[[7, 3, 5, 0, 0, 0, 0, 0, 0, 0, 0, 0, 0, 0, 0, 0], [25, 22, 26, 19, 20, 17, 16, 21, 4, 28, 10, 2, 11, 8, 5, 0], [22, 26, 18, 23, 19, 16, 13, 21, 27, 24, 11, 2, 7, 8, 9, 0], [14, 28, 17, 6, 12, 5, 7, 8, 1, 11, 3, 0, 0, 0, 0, 0], [22, 26, 23, 15, 13, 4, 10, 2, 5, 12, 0, 0, 0, 0, 0, 0], [8, 0, 0, 0, 0, 0, 0, 0, 0, 0, 0, 0, 0, 0, 0, 0], [25, 18, 14, 24, 17, 21, 13, 15, 20, 27, 6, 11, 12, 5, 1, 0], [26, 24, 14, 27, 17, 16, 21, 15, 20, 10, 1, 6, 5, 9, 3, 0], [24, 18, 14, 23, 13, 21, 27, 20, 9, 10, 11, 5, 1, 8, 6, 0], [22, 18, 24, 19, 20, 21, 13, 15, 27, 1, 12, 10, 6, 2, 3, 0]]
valid routes=1.0
norm-reward=0.8597112957250886
[ 3 iterations]
real=[[28, 25, 23, 21, 18, 15, 13, 10, 9, 4, 6, 3, 7, 2, 8, 0], [24, 22, 21, 17, 16, 15, 13, 12, 11, 7, 1, 10, 9, 3, 6, 0], [9, 0, 0, 0, 0, 0, 0, 0, 0, 0, 0, 0, 0, 0, 0, 0], [27, 23, 18, 17, 15, 14, 13, 10, 9, 4, 6, 1, 7, 2, 8, 0], [26, 25, 23, 21, 6, 16, 11, 5, 17, 7, 0, 0, 0, 0, 0, 0], [16, 18, 0, 0, 0, 0, 0, 0, 0, 0, 0, 0, 0, 0, 0, 0], [27, 24, 21, 20, 18, 17, 14, 5, 3, 12, 11, 10, 9, 0, 0, 0], [27, 26, 25, 23, 22, 20, 18, 4, 9, 13, 11, 10, 7, 0, 0, 0], [15, 25, 3, 1, 20, 22, 0, 0, 0, 0, 0, 0, 0, 0, 0, 0], [27, 24, 16, 13, 6, 4, 7, 5, 9, 12, 0, 0, 0, 0, 0, 0]]
gen=[[28, 18, 23, 21, 15, 13, 4, 25, 8, 6, 9, 3, 10, 2, 7, 0], [22, 24, 21, 17, 16, 13, 15, 6, 7, 11, 12, 1, 3, 10, 9, 0], [9, 0, 0, 0, 0, 0, 0, 0, 0, 0, 0, 0, 0, 0, 0, 0], [27, 18, 14, 23, 17, 13, 15, 4, 7, 10, 9, 2, 1, 6, 8, 0], [26, 23, 21, 17, 16, 6, 11, 25, 7, 5, 0, 0, 0, 0, 0, 0], [18, 16, 0, 0, 0, 0, 0, 0, 0, 0, 0, 0, 0, 0, 0, 0], [27, 18, 14, 21, 17, 20, 12, 24, 9, 11, 3, 10, 5, 0, 0, 0], [27, 22, 18, 23, 20, 13, 7, 25, 4, 26, 9, 10, 11, 0, 0, 0], [22, 25, 20, 15, 1, 3, 0, 0, 0, 0, 0, 0, 0, 0, 0, 0], [27, 24, 16, 13, 4, 12, 7, 5, 6, 9, 0, 0, 0, 0, 0, 0]]
valid routes=1.0
norm-reward=0.8234330506641935
[ 4 iterations]
real=[[26, 25, 22, 20, 18, 15, 14, 12, 9, 11, 6, 1, 7, 3, 8, 0], [23, 17, 15, 13, 12, 9, 11, 5, 3, 4, 10, 0, 0, 0, 0, 0], [28, 26, 24, 23, 21, 19, 17, 16, 14, 8, 1, 10, 7, 3, 13, 0], [24, 14, 16, 4, 0, 0, 0, 0, 0, 0, 0, 0, 0, 0, 0, 0], [28, 26, 25, 21, 20, 17, 16, 14, 9, 8, 5, 4, 7, 10, 1, 0], [27, 25, 24, 23, 22, 20, 16, 15, 12, 11, 3, 4, 7, 2, 6, 0], [28, 26, 25, 22, 21, 20, 18, 17, 14, 12, 5, 10, 7, 3, 8, 0], [27, 25, 22, 21, 7, 24, 5, 17, 15, 0, 0, 0, 0, 0, 0, 0], [27, 24, 23, 22, 21, 20, 18, 16, 15, 12, 5, 10, 7, 2, 6, 0], [16, 0, 0, 0, 0, 0, 0, 0, 0, 0, 0, 0, 0, 0, 0, 0]]
gen=[[18, 22, 14, 20, 15, 26, 7, 11, 25, 9, 6, 1, 12, 3, 8, 0], [23, 17, 15, 13, 4, 9, 12, 11, 10, 5, 3, 0, 0, 0, 0, 0], [28, 14, 23, 21, 16, 17, 13, 19, 10, 24, 26, 8, 3, 1, 7, 0], [14, 24, 16, 4, 0, 0, 0, 0, 0, 0, 0, 0, 0, 0, 0, 0], [28, 14, 21, 17, 20, 16, 4, 9, 26, 5, 10, 1, 25, 8, 7, 0], [27, 22, 23, 24, 20, 16, 15, 4, 11, 25, 7, 2, 12, 3, 6, 0], [28, 18, 22, 14, 20, 21, 17, 25, 26, 12, 5, 3, 8, 7, 10, 0], [22, 27, 21, 24, 17, 15, 7, 25, 5, 0, 0, 0, 0, 0, 0, 0], [22, 18, 23, 21, 20, 16, 15, 27, 24, 12, 6, 10, 7, 5, 2, 0], [16, 0, 0, 0, 0, 0, 0, 0, 0, 0, 0, 0, 0, 0, 0, 0]]
valid routes=1.0
norm-reward=0.8373597692197641
[ 5 iterations]
real=[[13, 23, 0, 0, 0, 0, 0, 0, 0, 0, 0, 0, 0, 0, 0, 0], [26, 3, 12, 27, 0, 0, 0, 0, 0, 0, 0, 0, 0, 0, 0, 0], [28, 27, 26, 23, 21, 20, 19, 18, 17, 4, 11, 10, 15, 6, 8, 0], [17, 16, 26, 6, 2, 0, 0, 0, 0, 0, 0, 0, 0, 0, 0, 0], [22, 20, 16, 11, 2, 19, 6, 4, 3, 0, 0, 0, 0, 0, 0, 0], [15, 18, 0, 0, 0, 0, 0, 0, 0, 0, 0, 0, 0, 0, 0, 0], [28, 27, 25, 24, 23, 18, 13, 12, 10, 11, 6, 1, 7, 2, 8, 0], [26, 24, 13, 10, 2, 20, 18, 0, 0, 0, 0, 0, 0, 0, 0, 0], [26, 18, 16, 12, 8, 7, 6, 5, 2, 4, 3, 1, 0, 0, 0, 0], [26, 25, 24, 23, 22, 18, 16, 14, 10, 8, 6, 4, 5, 2, 13, 0]]
gen=[[23, 13, 0, 0, 0, 0, 0, 0, 0, 0, 0, 0, 0, 0, 0, 0], [27, 26, 3, 12, 0, 0, 0, 0, 0, 0, 0, 0, 0, 0, 0, 0], [27, 18, 23, 26, 28, 19, 17, 20, 21, 15, 4, 6, 11, 8, 10, 0], [26, 16, 17, 2, 6, 0, 0, 0, 0, 0, 0, 0, 0, 0, 0, 0], [22, 20, 19, 16, 4, 11, 6, 3, 2, 0, 0, 0, 0, 0, 0, 0], [18, 15, 0, 0, 0, 0, 0, 0, 0, 0, 0, 0, 0, 0, 0, 0], [28, 18, 27, 23, 24, 13, 7, 25, 2, 6, 11, 12, 8, 10, 1, 0], [18, 24, 20, 13, 26, 10, 2, 0, 0, 0, 0, 0, 0, 0, 0, 0], [18, 26, 16, 4, 12, 8, 6, 3, 5, 1, 7, 2, 0, 0, 0, 0], [22, 18, 14, 23, 24, 13, 16, 4, 8, 10, 26, 6, 25, 2, 5, 0]]
valid routes=1.0
norm-reward=0.8301168166442328
[ 6 iterations]
real=[[27, 22, 20, 19, 16, 13, 11, 10, 9, 4, 5, 1, 7, 3, 8, 0], [27, 23, 21, 17, 16, 15, 13, 10, 7, 8, 3, 1, 5, 2, 6, 0], [28, 25, 24, 23, 21, 20, 17, 15, 12, 11, 5, 13, 7, 3, 8, 0], [28, 3, 12, 27, 6, 13, 1, 0, 0, 0, 0, 0, 0, 0, 0, 0], [27, 24, 22, 19, 6, 4, 11, 14, 17, 12, 0, 0, 0, 0, 0, 0], [9, 25, 28, 0, 0, 0, 0, 0, 0, 0, 0, 0, 0, 0, 0, 0], [2, 0, 0, 0, 0, 0, 0, 0, 0, 0, 0, 0, 0, 0, 0, 0], [28, 26, 25, 23, 22, 20, 18, 14, 11, 13, 6, 10, 9, 3, 8, 0], [22, 21, 19, 18, 17, 16, 14, 12, 11, 3, 5, 10, 7, 2, 6, 0], [26, 25, 24, 20, 18, 17, 16, 14, 9, 11, 5, 4, 7, 3, 1, 0]]
gen=[[27, 22, 20, 19, 16, 13, 4, 7, 8, 11, 10, 3, 5, 9, 1, 0], [27, 23, 21, 16, 17, 13, 15, 10, 6, 3, 8, 5, 7, 2, 1, 0], [28, 25, 23, 24, 21, 20, 17, 13, 15, 5, 11, 12, 7, 3, 8, 0], [28, 27, 13, 1, 3, 12, 6, 0, 0, 0, 0, 0, 0, 0, 0, 0], [27, 22, 14, 17, 24, 4, 11, 6, 19, 12, 0, 0, 0, 0, 0, 0], [28, 25, 9, 0, 0, 0, 0, 0, 0, 0, 0, 0, 0, 0, 0, 0], [2, 0, 0, 0, 0, 0, 0, 0, 0, 0, 0, 0, 0, 0, 0, 0], [28, 22, 18, 14, 23, 20, 13, 26, 25, 9, 8, 6, 11, 3, 10, 0], [22, 18, 14, 21, 16, 17, 19, 12, 2, 10, 6, 3, 5, 11, 7, 0], [26, 18, 14, 20, 17, 16, 4, 25, 7, 5, 9, 3, 11, 24, 1, 0]]
valid routes=1.0
norm-reward=0.8245741121435107
[ 7 iterations]
real=[[20, 21, 28, 0, 0, 0, 0, 0, 0, 0, 0, 0, 0, 0, 0, 0], [5, 0, 0, 0, 0, 0, 0, 0, 0, 0, 0, 0, 0, 0, 0, 0], [26, 22, 19, 18, 17, 15, 14, 5, 9, 8, 6, 1, 7, 0, 0, 0], [28, 25, 22, 20, 18, 16, 15, 13, 12, 4, 11, 10, 7, 2, 6, 0], [28, 27, 26, 23, 21, 19, 17, 16, 9, 8, 1, 4, 15, 3, 6, 0], [27, 26, 23, 22, 20, 18, 17, 15, 11, 9, 5, 1, 7, 6, 13, 0], [26, 24, 22, 21, 19, 16, 14, 11, 9, 4, 5, 1, 7, 6, 0, 0], [28, 26, 24, 22, 21, 19, 18, 16, 10, 13, 5, 1, 9, 2, 6, 0], [24, 21, 20, 17, 14, 16, 7, 1, 3, 8, 0, 0, 0, 0, 0, 0], [28, 26, 25, 22, 20, 17, 16, 14, 9, 12, 1, 10, 13, 2, 0, 0]]
gen=[[28, 21, 20, 0, 0, 0, 0, 0, 0, 0, 0, 0, 0, 0, 0, 0], [5, 0, 0, 0, 0, 0, 0, 0, 0, 0, 0, 0, 0, 0, 0, 0], [22, 18, 14, 19, 17, 26, 15, 8, 1, 6, 9, 5, 7, 0, 0, 0], [28, 22, 18, 20, 25, 16, 13, 15, 6, 4, 12, 10, 2, 11, 7, 0], [28, 27, 26, 23, 21, 19, 17, 16, 4, 15, 6, 9, 8, 3, 1, 0], [27, 22, 18, 23, 20, 17, 15, 13, 26, 1, 6, 7, 11, 9, 5, 0], [22, 14, 24, 26, 21, 16, 19, 4, 7, 9, 6, 11, 1, 5, 0, 0], [28, 22, 18, 24, 19, 21, 26, 13, 16, 9, 6, 2, 5, 10, 1, 0], [14, 24, 21, 17, 16, 20, 1, 3, 7, 8, 0, 0, 0, 0, 0, 0], [28, 22, 14, 25, 20, 16, 17, 13, 26, 9, 2, 1, 10, 12, 0, 0]]
valid routes=1.0
norm-reward=0.8352987342751416
[ 8 iterations]
real=[[23, 17, 15, 10, 6, 13, 1, 4, 2, 3, 0, 0, 0, 0, 0, 0], [27, 21, 15, 3, 14, 23, 7, 10, 0, 0, 0, 0, 0, 0, 0, 0], [27, 21, 20, 19, 18, 16, 15, 13, 9, 4, 3, 1, 5, 2, 8, 0], [27, 25, 23, 20, 17, 16, 15, 14, 11, 13, 9, 10, 7, 3, 8, 0], [6, 28, 0, 0, 0, 0, 0, 0, 0, 0, 0, 0, 0, 0, 0, 0], [26, 23, 19, 18, 7, 9, 11, 1, 3, 12, 0, 0, 0, 0, 0, 0], [28, 27, 26, 25, 23, 22, 20, 19, 17, 11, 6, 14, 5, 2, 8, 0], [1, 27, 28, 0, 0, 0, 0, 0, 0, 0, 0, 0, 0, 0, 0, 0], [27, 24, 22, 19, 17, 14, 13, 9, 2, 8, 3, 4, 12, 0, 0, 0], [27, 26, 21, 20, 18, 17, 16, 14, 12, 7, 5, 10, 9, 6, 1, 0]]
gen=[[23, 17, 15, 13, 4, 10, 6, 2, 1, 3, 0, 0, 0, 0, 0, 0], [27, 14, 21, 23, 15, 10, 7, 3, 0, 0, 0, 0, 0, 0, 0, 0], [27, 18, 20, 19, 21, 15, 16, 13, 4, 2, 5, 9, 8, 3, 1, 0], [27, 14, 25, 23, 16, 17, 20, 13, 7, 9, 15, 11, 10, 8, 3, 0], [28, 6, 0, 0, 0, 0, 0, 0, 0, 0, 0, 0, 0, 0, 0, 0], [18, 26, 23, 19, 12, 3, 11, 7, 1, 9, 0, 0, 0, 0, 0, 0], [28, 27, 22, 14, 25, 26, 23, 20, 17, 6, 19, 11, 8, 5, 2, 0], [28, 27, 1, 0, 0, 0, 0, 0, 0, 0, 0, 0, 0, 0, 0, 0], [27, 22, 14, 24, 19, 17, 13, 4, 9, 3, 12, 2, 8, 0, 0, 0], [27, 18, 14, 26, 20, 21, 17, 16, 6, 12, 10, 1, 5, 9, 7, 0]]
valid routes=1.0
norm-reward=0.8287610502892664
[ 9 iterations]
real=[[22, 25, 12, 10, 6, 19, 5, 0, 0, 0, 0, 0, 0, 0, 0, 0], [28, 26, 25, 24, 21, 18, 17, 14, 12, 7, 9, 13, 5, 2, 6, 0], [28, 27, 22, 20, 17, 14, 13, 9, 7, 8, 3, 1, 5, 2, 6, 0], [28, 25, 24, 22, 21, 19, 18, 17, 14, 4, 6, 10, 2, 3, 8, 0], [27, 26, 24, 23, 21, 20, 17, 16, 15, 12, 6, 4, 7, 14, 13, 0], [27, 25, 17, 6, 20, 15, 5, 4, 0, 0, 0, 0, 0, 0, 0, 0], [28, 27, 22, 21, 17, 16, 14, 13, 12, 3, 5, 10, 9, 2, 1, 0], [25, 24, 23, 20, 19, 18, 17, 15, 9, 8, 6, 4, 1, 3, 13, 0], [17, 25, 5, 0, 0, 0, 0, 0, 0, 0, 0, 0, 0, 0, 0, 0], [28, 27, 26, 25, 23, 22, 21, 18, 14, 11, 1, 4, 9, 8, 13, 0]]
gen=[[22, 25, 19, 6, 10, 12, 5, 0, 0, 0, 0, 0, 0, 0, 0, 0], [28, 26, 18, 14, 24, 21, 17, 6, 13, 2, 9, 25, 7, 5, 12, 0], [28, 27, 22, 14, 20, 17, 6, 2, 13, 3, 1, 9, 7, 8, 5, 0], [28, 22, 18, 14, 25, 24, 19, 21, 17, 6, 2, 4, 8, 3, 10, 0], [27, 26, 14, 23, 24, 20, 21, 15, 16, 4, 13, 6, 17, 12, 7, 0], [27, 25, 20, 15, 17, 6, 4, 5, 0, 0, 0, 0, 0, 0, 0, 0], [28, 27, 22, 14, 21, 17, 3, 16, 2, 13, 10, 9, 12, 1, 5, 0], [25, 18, 23, 24, 20, 19, 17, 6, 13, 15, 4, 8, 9, 1, 3, 0], [25, 17, 5, 0, 0, 0, 0, 0, 0, 0, 0, 0, 0, 0, 0, 0], [28, 27, 22, 18, 26, 14, 23, 25, 21, 13, 1, 4, 8, 11, 9, 0]]
valid routes=1.0
norm-reward=0.8309769133051136
[ 10 iterations]
real=[[26, 25, 20, 19, 18, 16, 15, 12, 2, 8, 5, 10, 7, 6, 0, 0], [28, 27, 25, 20, 19, 18, 16, 11, 10, 3, 5, 1, 7, 2, 8, 0], [25, 23, 22, 21, 20, 17, 16, 15, 14, 4, 5, 10, 13, 3, 12, 0], [26, 24, 23, 22, 21, 20, 18, 17, 15, 7, 5, 3, 14, 2, 6, 0], [28, 27, 25, 24, 21, 18, 17, 15, 11, 8, 6, 4, 7, 3, 13, 0], [20, 16, 13, 5, 7, 17, 1, 4, 0, 0, 0, 0, 0, 0, 0, 0], [27, 26, 25, 24, 22, 20, 18, 16, 12, 7, 6, 3, 5, 2, 13, 0], [28, 25, 24, 22, 20, 19, 18, 16, 15, 7, 9, 13, 14, 6, 8, 0], [28, 27, 20, 19, 17, 16, 14, 13, 9, 11, 6, 3, 1, 2, 8, 0], [25, 22, 12, 14, 8, 7, 11, 4, 2, 0, 0, 0, 0, 0, 0, 0]]
gen=[[25, 18, 26, 19, 20, 2, 6, 16, 15, 12, 10, 8, 7, 5, 0, 0], [28, 27, 18, 25, 20, 19, 2, 16, 11, 5, 3, 1, 10, 8, 7, 0], [25, 22, 14, 23, 20, 21, 15, 16, 13, 17, 4, 3, 12, 10, 5, 0], [26, 22, 18, 14, 23, 21, 2, 6, 20, 15, 17, 3, 5, 24, 7, 0], [28, 27, 18, 25, 24, 21, 6, 17, 15, 13, 4, 3, 11, 7, 8, 0], [20, 16, 13, 17, 5, 4, 1, 7, 0, 0, 0, 0, 0, 0, 0, 0], [27, 22, 18, 25, 26, 20, 6, 24, 2, 16, 13, 3, 12, 7, 5, 0], [28, 22, 18, 14, 25, 19, 6, 16, 13, 20, 15, 24, 9, 7, 8, 0], [28, 27, 14, 20, 16, 6, 2, 13, 17, 3, 9, 11, 19, 8, 1, 0], [25, 22, 14, 2, 4, 8, 7, 11, 12, 0, 0, 0, 0, 0, 0, 0]]
valid routes=1.0
norm-reward=0.8454840608201843
[ 11 iterations]
real=[[27, 26, 25, 23, 22, 21, 17, 16, 15, 12, 3, 10, 9, 2, 8, 0], [27, 24, 22, 21, 19, 15, 11, 10, 9, 8, 1, 4, 14, 0, 0, 0], [20, 14, 0, 0, 0, 0, 0, 0, 0, 0, 0, 0, 0, 0, 0, 0], [28, 27, 26, 25, 24, 20, 17, 16, 15, 4, 11, 10, 5, 2, 8, 0], [21, 14, 28, 0, 0, 0, 0, 0, 0, 0, 0, 0, 0, 0, 0, 0], [22, 0, 0, 0, 0, 0, 0, 0, 0, 0, 0, 0, 0, 0, 0, 0], [28, 26, 25, 22, 20, 19, 18, 17, 15, 4, 5, 10, 13, 2, 12, 0], [17, 25, 0, 0, 0, 0, 0, 0, 0, 0, 0, 0, 0, 0, 0, 0], [15, 26, 12, 2, 0, 0, 0, 0, 0, 0, 0, 0, 0, 0, 0, 0], [11, 0, 0, 0, 0, 0, 0, 0, 0, 0, 0, 0, 0, 0, 0, 0]]
gen=[[25, 22, 26, 23, 2, 21, 15, 16, 17, 9, 10, 27, 3, 8, 12, 0], [27, 22, 14, 24, 21, 15, 19, 4, 9, 10, 11, 8, 1, 0, 0, 0], [14, 20, 0, 0, 0, 0, 0, 0, 0, 0, 0, 0, 0, 0, 0, 0], [28, 27, 26, 25, 24, 2, 20, 16, 17, 15, 4, 10, 11, 8, 5, 0], [28, 14, 21, 0, 0, 0, 0, 0, 0, 0, 0, 0, 0, 0, 0, 0], [22, 0, 0, 0, 0, 0, 0, 0, 0, 0, 0, 0, 0, 0, 0, 0], [28, 25, 22, 18, 26, 19, 20, 2, 17, 13, 4, 10, 5, 15, 12, 0], [25, 17, 0, 0, 0, 0, 0, 0, 0, 0, 0, 0, 0, 0, 0, 0], [26, 2, 15, 12, 0, 0, 0, 0, 0, 0, 0, 0, 0, 0, 0, 0], [11, 0, 0, 0, 0, 0, 0, 0, 0, 0, 0, 0, 0, 0, 0, 0]]
valid routes=1.0
norm-reward=0.8498564121961708
[ 12 iterations]
real=[[7, 3, 5, 0, 0, 0, 0, 0, 0, 0, 0, 0, 0, 0, 0, 0], [28, 26, 25, 22, 21, 20, 19, 17, 16, 4, 11, 10, 5, 2, 8, 0], [27, 26, 24, 23, 22, 21, 19, 18, 16, 11, 9, 13, 7, 2, 8, 0], [28, 17, 14, 12, 8, 7, 6, 5, 3, 11, 1, 0, 0, 0, 0, 0], [26, 23, 22, 13, 15, 4, 5, 10, 2, 12, 0, 0, 0, 0, 0, 0], [8, 0, 0, 0, 0, 0, 0, 0, 0, 0, 0, 0, 0, 0, 0, 0], [27, 25, 24, 21, 20, 18, 17, 15, 14, 11, 1, 13, 5, 6, 12, 0], [27, 26, 24, 21, 20, 17, 16, 15, 14, 5, 1, 10, 9, 3, 6, 0], [27, 24, 23, 21, 20, 18, 14, 13, 10, 11, 5, 1, 9, 6, 8, 0], [27, 24, 22, 21, 20, 19, 18, 15, 12, 13, 3, 10, 1, 2, 6, 0]]
gen=[[3, 7, 5, 0, 0, 0, 0, 0, 0, 0, 0, 0, 0, 0, 0, 0], [25, 22, 26, 28, 2, 21, 20, 16, 17, 4, 5, 11, 19, 10, 8, 0], [27, 22, 18, 26, 23, 2, 19, 21, 16, 13, 24, 11, 8, 7, 9, 0], [28, 14, 6, 17, 3, 8, 12, 1, 5, 11, 7, 0, 0, 0, 0, 0], [26, 22, 23, 2, 15, 13, 4, 10, 12, 5, 0, 0, 0, 0, 0, 0], [8, 0, 0, 0, 0, 0, 0, 0, 0, 0, 0, 0, 0, 0, 0, 0], [25, 18, 14, 21, 20, 6, 17, 13, 15, 27, 24, 5, 11, 12, 1, 0], [27, 14, 26, 6, 21, 24, 16, 20, 15, 17, 10, 5, 9, 3, 1, 0], [27, 18, 14, 23, 20, 6, 21, 13, 10, 9, 8, 5, 1, 24, 11, 0], [27, 22, 18, 24, 2, 20, 21, 19, 6, 15, 13, 10, 3, 1, 12, 0]]
valid routes=1.0
norm-reward=0.8586341783822719
[ 13 iterations]
real=[[28, 25, 23, 21, 18, 15, 13, 10, 9, 4, 6, 3, 7, 2, 8, 0], [24, 22, 21, 17, 16, 15, 13, 12, 11, 7, 1, 10, 9, 3, 6, 0], [9, 0, 0, 0, 0, 0, 0, 0, 0, 0, 0, 0, 0, 0, 0, 0], [27, 23, 18, 17, 15, 14, 13, 10, 9, 4, 6, 1, 7, 2, 8, 0], [26, 25, 23, 21, 6, 16, 11, 5, 17, 7, 0, 0, 0, 0, 0, 0], [16, 18, 0, 0, 0, 0, 0, 0, 0, 0, 0, 0, 0, 0, 0, 0], [27, 24, 21, 20, 18, 17, 14, 5, 3, 12, 11, 10, 9, 0, 0, 0], [27, 26, 25, 23, 22, 20, 18, 4, 9, 13, 11, 10, 7, 0, 0, 0], [15, 25, 3, 1, 20, 22, 0, 0, 0, 0, 0, 0, 0, 0, 0, 0], [27, 24, 16, 13, 6, 4, 7, 5, 9, 12, 0, 0, 0, 0, 0, 0]]
gen=[[28, 18, 23, 6, 2, 21, 15, 13, 25, 4, 9, 10, 3, 7, 8, 0], [22, 6, 24, 21, 17, 13, 16, 15, 3, 10, 11, 1, 7, 12, 9, 0], [9, 0, 0, 0, 0, 0, 0, 0, 0, 0, 0, 0, 0, 0, 0, 0], [27, 18, 14, 23, 6, 2, 13, 17, 15, 4, 10, 1, 9, 8, 7, 0], [25, 26, 23, 6, 21, 16, 5, 17, 7, 11, 0, 0, 0, 0, 0, 0], [18, 16, 0, 0, 0, 0, 0, 0, 0, 0, 0, 0, 0, 0, 0, 0], [27, 18, 14, 24, 20, 21, 17, 10, 3, 9, 11, 12, 5, 0, 0, 0], [25, 22, 18, 26, 23, 27, 20, 13, 4, 7, 11, 9, 10, 0, 0, 0], [25, 22, 20, 15, 3, 1, 0, 0, 0, 0, 0, 0, 0, 0, 0, 0], [27, 6, 24, 13, 16, 4, 12, 9, 7, 5, 0, 0, 0, 0, 0, 0]]
valid routes=1.0
norm-reward=0.8641448919742866
[ 14 iterations]
real=[[26, 25, 22, 20, 18, 15, 14, 12, 9, 11, 6, 1, 7, 3, 8, 0], [23, 17, 15, 13, 12, 9, 11, 5, 3, 4, 10, 0, 0, 0, 0, 0], [28, 26, 24, 23, 21, 19, 17, 16, 14, 8, 1, 10, 7, 3, 13, 0], [24, 14, 16, 4, 0, 0, 0, 0, 0, 0, 0, 0, 0, 0, 0, 0], [28, 26, 25, 21, 20, 17, 16, 14, 9, 8, 5, 4, 7, 10, 1, 0], [27, 25, 24, 23, 22, 20, 16, 15, 12, 11, 3, 4, 7, 2, 6, 0], [28, 26, 25, 22, 21, 20, 18, 17, 14, 12, 5, 10, 7, 3, 8, 0], [27, 25, 22, 21, 7, 24, 5, 17, 15, 0, 0, 0, 0, 0, 0, 0], [27, 24, 23, 22, 21, 20, 18, 16, 15, 12, 5, 10, 7, 2, 6, 0], [16, 0, 0, 0, 0, 0, 0, 0, 0, 0, 0, 0, 0, 0, 0, 0]]
gen=[[6, 22, 18, 14, 26, 15, 20, 25, 3, 9, 7, 11, 12, 1, 8, 0], [23, 17, 15, 13, 3, 9, 4, 10, 12, 5, 11, 0, 0, 0, 0, 0], [28, 26, 14, 24, 23, 21, 16, 13, 17, 10, 7, 3, 19, 1, 8, 0], [14, 24, 16, 4, 0, 0, 0, 0, 0, 0, 0, 0, 0, 0, 0, 0], [25, 26, 14, 28, 21, 16, 20, 17, 4, 9, 5, 10, 7, 1, 8, 0], [6, 22, 23, 24, 2, 20, 15, 27, 16, 4, 25, 11, 7, 3, 12, 0], [25, 26, 22, 18, 14, 28, 21, 20, 17, 10, 3, 8, 12, 7, 5, 0], [27, 22, 24, 25, 21, 17, 15, 5, 7, 0, 0, 0, 0, 0, 0, 0], [6, 22, 18, 23, 24, 27, 2, 20, 21, 16, 15, 10, 7, 5, 12, 0], [16, 0, 0, 0, 0, 0, 0, 0, 0, 0, 0, 0, 0, 0, 0, 0]]
valid routes=1.0
norm-reward=0.8658113148401511
[ 15 iterations]
real=[[13, 23, 0, 0, 0, 0, 0, 0, 0, 0, 0, 0, 0, 0, 0, 0], [26, 3, 12, 27, 0, 0, 0, 0, 0, 0, 0, 0, 0, 0, 0, 0], [28, 27, 26, 23, 21, 20, 19, 18, 17, 4, 11, 10, 15, 6, 8, 0], [17, 16, 26, 6, 2, 0, 0, 0, 0, 0, 0, 0, 0, 0, 0, 0], [22, 20, 16, 11, 2, 19, 6, 4, 3, 0, 0, 0, 0, 0, 0, 0], [15, 18, 0, 0, 0, 0, 0, 0, 0, 0, 0, 0, 0, 0, 0, 0], [28, 27, 25, 24, 23, 18, 13, 12, 10, 11, 6, 1, 7, 2, 8, 0], [26, 24, 13, 10, 2, 20, 18, 0, 0, 0, 0, 0, 0, 0, 0, 0], [26, 18, 16, 12, 8, 7, 6, 5, 2, 4, 3, 1, 0, 0, 0, 0], [26, 25, 24, 23, 22, 18, 16, 14, 10, 8, 6, 4, 5, 2, 13, 0]]
gen=[[23, 13, 0, 0, 0, 0, 0, 0, 0, 0, 0, 0, 0, 0, 0, 0], [27, 26, 3, 12, 0, 0, 0, 0, 0, 0, 0, 0, 0, 0, 0, 0], [6, 27, 18, 28, 26, 23, 20, 19, 21, 17, 4, 15, 10, 11, 8, 0], [6, 26, 2, 16, 17, 0, 0, 0, 0, 0, 0, 0, 0, 0, 0, 0], [6, 22, 2, 19, 20, 16, 4, 11, 3, 0, 0, 0, 0, 0, 0, 0], [18, 15, 0, 0, 0, 0, 0, 0, 0, 0, 0, 0, 0, 0, 0, 0], [6, 27, 18, 28, 23, 24, 2, 25, 13, 11, 1, 10, 8, 7, 12, 0], [26, 18, 24, 20, 2, 13, 10, 0, 0, 0, 0, 0, 0, 0, 0, 0], [6, 18, 26, 2, 16, 4, 5, 8, 1, 7, 3, 12, 0, 0, 0, 0], [6, 22, 18, 14, 26, 23, 2, 13, 16, 10, 25, 4, 5, 24, 8, 0]]
valid routes=1.0
norm-reward=0.8634425345749724
[ 16 iterations]
real=[[27, 22, 20, 19, 16, 13, 11, 10, 9, 4, 5, 1, 7, 3, 8, 0], [27, 23, 21, 17, 16, 15, 13, 10, 7, 8, 3, 1, 5, 2, 6, 0], [28, 25, 24, 23, 21, 20, 17, 15, 12, 11, 5, 13, 7, 3, 8, 0], [28, 3, 12, 27, 6, 13, 1, 0, 0, 0, 0, 0, 0, 0, 0, 0], [27, 24, 22, 19, 6, 4, 11, 14, 17, 12, 0, 0, 0, 0, 0, 0], [9, 25, 28, 0, 0, 0, 0, 0, 0, 0, 0, 0, 0, 0, 0, 0], [2, 0, 0, 0, 0, 0, 0, 0, 0, 0, 0, 0, 0, 0, 0, 0], [28, 26, 25, 23, 22, 20, 18, 14, 11, 13, 6, 10, 9, 3, 8, 0], [22, 21, 19, 18, 17, 16, 14, 12, 11, 3, 5, 10, 7, 2, 6, 0], [26, 25, 24, 20, 18, 17, 16, 14, 9, 11, 5, 4, 7, 3, 1, 0]]
gen=[[27, 22, 19, 20, 8, 13, 16, 9, 4, 10, 11, 1, 7, 3, 5, 0], [6, 27, 23, 21, 2, 13, 16, 15, 17, 10, 8, 7, 1, 3, 5, 0], [25, 24, 28, 23, 20, 21, 15, 13, 17, 3, 11, 7, 8, 5, 12, 0], [6, 27, 28, 13, 12, 1, 3, 0, 0, 0, 0, 0, 0, 0, 0, 0], [6, 22, 14, 24, 19, 17, 4, 12, 11, 27, 0, 0, 0, 0, 0, 0], [28, 25, 9, 0, 0, 0, 0, 0, 0, 0, 0, 0, 0, 0, 0, 0], [2, 0, 0, 0, 0, 0, 0, 0, 0, 0, 0, 0, 0, 0, 0, 0], [6, 26, 22, 18, 14, 28, 23, 20, 13, 25, 8, 9, 10, 11, 3, 0], [6, 22, 18, 14, 21, 2, 17, 16, 10, 7, 11, 3, 19, 12, 5, 0], [25, 18, 14, 26, 20, 17, 16, 3, 9, 4, 5, 11, 7, 24, 1, 0]]
valid routes=1.0
norm-reward=0.8560217410480939
[ 17 iterations]
real=[[20, 21, 28, 0, 0, 0, 0, 0, 0, 0, 0, 0, 0, 0, 0, 0], [5, 0, 0, 0, 0, 0, 0, 0, 0, 0, 0, 0, 0, 0, 0, 0], [26, 22, 19, 18, 17, 15, 14, 5, 9, 8, 6, 1, 7, 0, 0, 0], [28, 25, 22, 20, 18, 16, 15, 13, 12, 4, 11, 10, 7, 2, 6, 0], [28, 27, 26, 23, 21, 19, 17, 16, 9, 8, 1, 4, 15, 3, 6, 0], [27, 26, 23, 22, 20, 18, 17, 15, 11, 9, 5, 1, 7, 6, 13, 0], [26, 24, 22, 21, 19, 16, 14, 11, 9, 4, 5, 1, 7, 6, 0, 0], [28, 26, 24, 22, 21, 19, 18, 16, 10, 13, 5, 1, 9, 2, 6, 0], [24, 21, 20, 17, 14, 16, 7, 1, 3, 8, 0, 0, 0, 0, 0, 0], [28, 26, 25, 22, 20, 17, 16, 14, 9, 12, 1, 10, 13, 2, 0, 0]]
gen=[[28, 21, 20, 0, 0, 0, 0, 0, 0, 0, 0, 0, 0, 0, 0, 0], [5, 0, 0, 0, 0, 0, 0, 0, 0, 0, 0, 0, 0, 0, 0, 0], [6, 22, 18, 14, 26, 15, 17, 19, 8, 7, 9, 5, 1, 0, 0, 0], [6, 22, 18, 28, 20, 2, 25, 13, 16, 4, 15, 10, 11, 7, 12, 0], [6, 26, 27, 28, 23, 15, 21, 16, 17, 3, 4, 8, 19, 9, 1, 0], [6, 26, 22, 18, 23, 27, 20, 17, 13, 15, 7, 11, 5, 1, 9, 0], [6, 22, 14, 26, 24, 21, 16, 19, 4, 5, 11, 7, 1, 9, 0, 0], [6, 26, 22, 18, 28, 21, 24, 19, 13, 2, 16, 10, 9, 1, 5, 0], [14, 24, 21, 20, 16, 17, 8, 3, 1, 7, 0, 0, 0, 0, 0, 0], [25, 26, 22, 14, 28, 20, 2, 16, 13, 17, 10, 1, 9, 12, 0, 0]]
valid routes=1.0
norm-reward=0.8520542771799036
[ 18 iterations]
real=[[23, 17, 15, 10, 6, 13, 1, 4, 2, 3, 0, 0, 0, 0, 0, 0], [27, 21, 15, 3, 14, 23, 7, 10, 0, 0, 0, 0, 0, 0, 0, 0], [27, 21, 20, 19, 18, 16, 15, 13, 9, 4, 3, 1, 5, 2, 8, 0], [27, 25, 23, 20, 17, 16, 15, 14, 11, 13, 9, 10, 7, 3, 8, 0], [6, 28, 0, 0, 0, 0, 0, 0, 0, 0, 0, 0, 0, 0, 0, 0], [26, 23, 19, 18, 7, 9, 11, 1, 3, 12, 0, 0, 0, 0, 0, 0], [28, 27, 26, 25, 23, 22, 20, 19, 17, 11, 6, 14, 5, 2, 8, 0], [1, 27, 28, 0, 0, 0, 0, 0, 0, 0, 0, 0, 0, 0, 0, 0], [27, 24, 22, 19, 17, 14, 13, 9, 2, 8, 3, 4, 12, 0, 0, 0], [27, 26, 21, 20, 18, 17, 16, 14, 12, 7, 5, 10, 9, 6, 1, 0]]
gen=[[6, 23, 17, 15, 13, 4, 10, 2, 3, 1, 0, 0, 0, 0, 0, 0], [27, 14, 23, 21, 15, 10, 3, 7, 0, 0, 0, 0, 0, 0, 0, 0], [27, 18, 21, 20, 19, 16, 15, 13, 2, 4, 9, 3, 1, 8, 5, 0], [25, 14, 23, 20, 15, 13, 27, 16, 17, 8, 9, 10, 7, 3, 11, 0], [6, 28, 0, 0, 0, 0, 0, 0, 0, 0, 0, 0, 0, 0, 0, 0], [26, 18, 23, 19, 3, 11, 9, 7, 12, 1, 0, 0, 0, 0, 0, 0], [6, 26, 22, 14, 28, 23, 19, 20, 17, 27, 2, 25, 8, 5, 11, 0], [28, 27, 1, 0, 0, 0, 0, 0, 0, 0, 0, 0, 0, 0, 0, 0], [27, 22, 14, 24, 19, 13, 2, 17, 4, 12, 3, 8, 9, 0, 0, 0], [6, 26, 18, 14, 20, 27, 16, 21, 17, 9, 10, 5, 12, 7, 1, 0]]
valid routes=1.0
norm-reward=0.8528692000848114
[ 19 iterations]
real=[[22, 25, 12, 10, 6, 19, 5, 0, 0, 0, 0, 0, 0, 0, 0, 0], [28, 26, 25, 24, 21, 18, 17, 14, 12, 7, 9, 13, 5, 2, 6, 0], [28, 27, 22, 20, 17, 14, 13, 9, 7, 8, 3, 1, 5, 2, 6, 0], [28, 25, 24, 22, 21, 19, 18, 17, 14, 4, 6, 10, 2, 3, 8, 0], [27, 26, 24, 23, 21, 20, 17, 16, 15, 12, 6, 4, 7, 14, 13, 0], [27, 25, 17, 6, 20, 15, 5, 4, 0, 0, 0, 0, 0, 0, 0, 0], [28, 27, 22, 21, 17, 16, 14, 13, 12, 3, 5, 10, 9, 2, 1, 0], [25, 24, 23, 20, 19, 18, 17, 15, 9, 8, 6, 4, 1, 3, 13, 0], [17, 25, 5, 0, 0, 0, 0, 0, 0, 0, 0, 0, 0, 0, 0, 0], [28, 27, 26, 25, 23, 22, 21, 18, 14, 11, 1, 4, 9, 8, 13, 0]]
gen=[[6, 22, 19, 5, 25, 12, 10, 0, 0, 0, 0, 0, 0, 0, 0, 0], [6, 26, 18, 14, 28, 21, 25, 17, 13, 7, 2, 5, 24, 9, 12, 0], [6, 27, 22, 14, 28, 20, 17, 13, 2, 9, 1, 8, 7, 5, 3, 0], [6, 22, 18, 14, 28, 24, 21, 19, 2, 17, 25, 4, 8, 10, 3, 0], [6, 26, 14, 23, 24, 21, 27, 13, 16, 20, 15, 4, 17, 7, 12, 0], [6, 27, 20, 15, 17, 25, 4, 5, 0, 0, 0, 0, 0, 0, 0, 0], [28, 27, 22, 14, 21, 2, 13, 16, 17, 9, 10, 5, 12, 1, 3, 0], [6, 18, 23, 19, 20, 17, 25, 13, 24, 4, 15, 9, 8, 3, 1, 0], [25, 17, 5, 0, 0, 0, 0, 0, 0, 0, 0, 0, 0, 0, 0, 0], [25, 26, 22, 18, 14, 28, 27, 23, 21, 13, 4, 11, 9, 8, 1, 0]]
valid routes=1.0
norm-reward=0.8490463876100417
[ 20 iterations]
real=[[26, 25, 20, 19, 18, 16, 15, 12, 2, 8, 5, 10, 7, 6, 0, 0], [28, 27, 25, 20, 19, 18, 16, 11, 10, 3, 5, 1, 7, 2, 8, 0], [25, 23, 22, 21, 20, 17, 16, 15, 14, 4, 5, 10, 13, 3, 12, 0], [26, 24, 23, 22, 21, 20, 18, 17, 15, 7, 5, 3, 14, 2, 6, 0], [28, 27, 25, 24, 21, 18, 17, 15, 11, 8, 6, 4, 7, 3, 13, 0], [20, 16, 13, 5, 7, 17, 1, 4, 0, 0, 0, 0, 0, 0, 0, 0], [27, 26, 25, 24, 22, 20, 18, 16, 12, 7, 6, 3, 5, 2, 13, 0], [28, 25, 24, 22, 20, 19, 18, 16, 15, 7, 9, 13, 14, 6, 8, 0], [28, 27, 20, 19, 17, 16, 14, 13, 9, 11, 6, 3, 1, 2, 8, 0], [25, 22, 12, 14, 8, 7, 11, 4, 2, 0, 0, 0, 0, 0, 0, 0]]
gen=[[6, 18, 26, 20, 19, 25, 16, 15, 12, 7, 5, 2, 10, 8, 0, 0], [28, 27, 18, 20, 19, 25, 2, 11, 16, 8, 5, 1, 10, 7, 3, 0], [25, 22, 14, 23, 15, 20, 21, 13, 17, 16, 4, 10, 5, 12, 3, 0], [6, 22, 18, 14, 26, 23, 21, 20, 15, 17, 24, 2, 3, 5, 7, 0], [6, 27, 18, 28, 24, 21, 17, 25, 15, 13, 4, 7, 11, 8, 3, 0], [20, 16, 13, 17, 4, 5, 1, 7, 0, 0, 0, 0, 0, 0, 0, 0], [6, 26, 22, 18, 24, 27, 20, 25, 16, 13, 2, 12, 7, 5, 3, 0], [6, 22, 18, 14, 28, 20, 19, 13, 16, 15, 25, 9, 8, 24, 7, 0], [6, 27, 14, 20, 28, 16, 13, 17, 19, 9, 2, 8, 11, 1, 3, 0], [25, 22, 14, 8, 2, 4, 7, 12, 11, 0, 0, 0, 0, 0, 0, 0]]
valid routes=1.0
norm-reward=0.8508503014411811
[ 21 iterations]
real=[[27, 26, 25, 23, 22, 21, 17, 16, 15, 12, 3, 10, 9, 2, 8, 0], [27, 24, 22, 21, 19, 15, 11, 10, 9, 8, 1, 4, 14, 0, 0, 0], [20, 14, 0, 0, 0, 0, 0, 0, 0, 0, 0, 0, 0, 0, 0, 0], [28, 27, 26, 25, 24, 20, 17, 16, 15, 4, 11, 10, 5, 2, 8, 0], [21, 14, 28, 0, 0, 0, 0, 0, 0, 0, 0, 0, 0, 0, 0, 0], [22, 0, 0, 0, 0, 0, 0, 0, 0, 0, 0, 0, 0, 0, 0, 0], [28, 26, 25, 22, 20, 19, 18, 17, 15, 4, 5, 10, 13, 2, 12, 0], [17, 25, 0, 0, 0, 0, 0, 0, 0, 0, 0, 0, 0, 0, 0, 0], [15, 26, 12, 2, 0, 0, 0, 0, 0, 0, 0, 0, 0, 0, 0, 0], [11, 0, 0, 0, 0, 0, 0, 0, 0, 0, 0, 0, 0, 0, 0, 0]]
gen=[[25, 26, 22, 23, 15, 21, 17, 16, 10, 27, 3, 2, 12, 8, 9, 0], [27, 22, 14, 24, 21, 15, 19, 4, 10, 1, 11, 9, 8, 0, 0, 0], [14, 20, 0, 0, 0, 0, 0, 0, 0, 0, 0, 0, 0, 0, 0, 0], [28, 26, 27, 24, 20, 17, 16, 15, 25, 4, 10, 2, 5, 11, 8, 0], [28, 14, 21, 0, 0, 0, 0, 0, 0, 0, 0, 0, 0, 0, 0, 0], [22, 0, 0, 0, 0, 0, 0, 0, 0, 0, 0, 0, 0, 0, 0, 0], [25, 26, 22, 18, 28, 20, 19, 17, 13, 15, 4, 12, 10, 2, 5, 0], [25, 17, 0, 0, 0, 0, 0, 0, 0, 0, 0, 0, 0, 0, 0, 0], [26, 2, 15, 12, 0, 0, 0, 0, 0, 0, 0, 0, 0, 0, 0, 0], [11, 0, 0, 0, 0, 0, 0, 0, 0, 0, 0, 0, 0, 0, 0, 0]]
valid routes=1.0
norm-reward=0.8483229737193084
[ 22 iterations]
real=[[7, 3, 5, 0, 0, 0, 0, 0, 0, 0, 0, 0, 0, 0, 0, 0], [28, 26, 25, 22, 21, 20, 19, 17, 16, 4, 11, 10, 5, 2, 8, 0], [27, 26, 24, 23, 22, 21, 19, 18, 16, 11, 9, 13, 7, 2, 8, 0], [28, 17, 14, 12, 8, 7, 6, 5, 3, 11, 1, 0, 0, 0, 0, 0], [26, 23, 22, 13, 15, 4, 5, 10, 2, 12, 0, 0, 0, 0, 0, 0], [8, 0, 0, 0, 0, 0, 0, 0, 0, 0, 0, 0, 0, 0, 0, 0], [27, 25, 24, 21, 20, 18, 17, 15, 14, 11, 1, 13, 5, 6, 12, 0], [27, 26, 24, 21, 20, 17, 16, 15, 14, 5, 1, 10, 9, 3, 6, 0], [27, 24, 23, 21, 20, 18, 14, 13, 10, 11, 5, 1, 9, 6, 8, 0], [27, 24, 22, 21, 20, 19, 18, 15, 12, 13, 3, 10, 1, 2, 6, 0]]
gen=[[5, 3, 7, 0, 0, 0, 0, 0, 0, 0, 0, 0, 0, 0, 0, 0], [28, 22, 26, 25, 19, 21, 20, 16, 17, 4, 8, 5, 10, 2, 11, 0], [27, 26, 22, 18, 23, 21, 19, 24, 13, 16, 11, 2, 7, 8, 9, 0], [6, 14, 17, 28, 1, 5, 3, 7, 12, 8, 11, 0, 0, 0, 0, 0], [26, 22, 23, 15, 13, 4, 10, 12, 2, 5, 0, 0, 0, 0, 0, 0], [8, 0, 0, 0, 0, 0, 0, 0, 0, 0, 0, 0, 0, 0, 0, 0], [6, 14, 18, 20, 21, 15, 27, 13, 17, 25, 24, 5, 11, 12, 1, 0], [6, 14, 26, 24, 20, 21, 16, 27, 17, 15, 5, 10, 9, 3, 1, 0], [6, 14, 18, 23, 21, 27, 20, 13, 9, 10, 5, 11, 24, 1, 8, 0], [6, 22, 18, 24, 27, 19, 20, 15, 13, 21, 10, 12, 2, 1, 3, 0]]
valid routes=1.0
norm-reward=0.8452259550065631
[ 23 iterations]
real=[[28, 25, 23, 21, 18, 15, 13, 10, 9, 4, 6, 3, 7, 2, 8, 0], [24, 22, 21, 17, 16, 15, 13, 12, 11, 7, 1, 10, 9, 3, 6, 0], [9, 0, 0, 0, 0, 0, 0, 0, 0, 0, 0, 0, 0, 0, 0, 0], [27, 23, 18, 17, 15, 14, 13, 10, 9, 4, 6, 1, 7, 2, 8, 0], [26, 25, 23, 21, 6, 16, 11, 5, 17, 7, 0, 0, 0, 0, 0, 0], [16, 18, 0, 0, 0, 0, 0, 0, 0, 0, 0, 0, 0, 0, 0, 0], [27, 24, 21, 20, 18, 17, 14, 5, 3, 12, 11, 10, 9, 0, 0, 0], [27, 26, 25, 23, 22, 20, 18, 4, 9, 13, 11, 10, 7, 0, 0, 0], [15, 25, 3, 1, 20, 22, 0, 0, 0, 0, 0, 0, 0, 0, 0, 0], [27, 24, 16, 13, 6, 4, 7, 5, 9, 12, 0, 0, 0, 0, 0, 0]]
gen=[[6, 23, 28, 18, 15, 21, 13, 25, 10, 8, 7, 9, 2, 4, 3, 0], [6, 22, 24, 21, 15, 16, 17, 13, 10, 1, 12, 9, 11, 7, 3, 0], [9, 0, 0, 0, 0, 0, 0, 0, 0, 0, 0, 0, 0, 0, 0, 0], [6, 14, 18, 23, 27, 17, 15, 13, 7, 2, 10, 9, 8, 4, 1, 0], [6, 26, 23, 25, 21, 16, 17, 7, 11, 5, 0, 0, 0, 0, 0, 0], [18, 16, 0, 0, 0, 0, 0, 0, 0, 0, 0, 0, 0, 0, 0, 0], [14, 24, 18, 27, 20, 21, 17, 9, 10, 12, 11, 3, 5, 0, 0, 0], [25, 22, 23, 18, 27, 20, 13, 10, 26, 4, 9, 7, 11, 0, 0, 0], [22, 25, 20, 15, 3, 1, 0, 0, 0, 0, 0, 0, 0, 0, 0, 0], [6, 24, 27, 16, 13, 9, 7, 5, 12, 4, 0, 0, 0, 0, 0, 0]]
valid routes=1.0
norm-reward=0.836387867654382
[ 24 iterations]
real=[[26, 25, 22, 20, 18, 15, 14, 12, 9, 11, 6, 1, 7, 3, 8, 0], [23, 17, 15, 13, 12, 9, 11, 5, 3, 4, 10, 0, 0, 0, 0, 0], [28, 26, 24, 23, 21, 19, 17, 16, 14, 8, 1, 10, 7, 3, 13, 0], [24, 14, 16, 4, 0, 0, 0, 0, 0, 0, 0, 0, 0, 0, 0, 0], [28, 26, 25, 21, 20, 17, 16, 14, 9, 8, 5, 4, 7, 10, 1, 0], [27, 25, 24, 23, 22, 20, 16, 15, 12, 11, 3, 4, 7, 2, 6, 0], [28, 26, 25, 22, 21, 20, 18, 17, 14, 12, 5, 10, 7, 3, 8, 0], [27, 25, 22, 21, 7, 24, 5, 17, 15, 0, 0, 0, 0, 0, 0, 0], [27, 24, 23, 22, 21, 20, 18, 16, 15, 12, 5, 10, 7, 2, 6, 0], [16, 0, 0, 0, 0, 0, 0, 0, 0, 0, 0, 0, 0, 0, 0, 0]]
gen=[[6, 22, 14, 18, 26, 20, 15, 7, 3, 25, 8, 9, 12, 1, 11, 0], [23, 15, 17, 5, 10, 13, 12, 9, 4, 11, 3, 0, 0, 0, 0, 0], [28, 14, 23, 24, 21, 26, 16, 10, 17, 13, 1, 3, 7, 19, 8, 0], [14, 24, 16, 4, 0, 0, 0, 0, 0, 0, 0, 0, 0, 0, 0, 0], [25, 14, 28, 26, 20, 16, 21, 17, 7, 9, 4, 1, 10, 5, 8, 0], [6, 22, 23, 27, 24, 20, 15, 16, 7, 25, 3, 12, 2, 11, 4, 0], [22, 14, 28, 18, 20, 21, 17, 10, 26, 25, 3, 5, 12, 7, 8, 0], [22, 24, 25, 27, 21, 15, 17, 7, 5, 0, 0, 0, 0, 0, 0, 0], [6, 22, 23, 18, 27, 24, 16, 15, 21, 10, 7, 20, 2, 12, 5, 0], [16, 0, 0, 0, 0, 0, 0, 0, 0, 0, 0, 0, 0, 0, 0, 0]]
valid routes=1.0
norm-reward=0.8369088143616413
[ 25 iterations]
real=[[13, 23, 0, 0, 0, 0, 0, 0, 0, 0, 0, 0, 0, 0, 0, 0], [26, 3, 12, 27, 0, 0, 0, 0, 0, 0, 0, 0, 0, 0, 0, 0], [28, 27, 26, 23, 21, 20, 19, 18, 17, 4, 11, 10, 15, 6, 8, 0], [17, 16, 26, 6, 2, 0, 0, 0, 0, 0, 0, 0, 0, 0, 0, 0], [22, 20, 16, 11, 2, 19, 6, 4, 3, 0, 0, 0, 0, 0, 0, 0], [15, 18, 0, 0, 0, 0, 0, 0, 0, 0, 0, 0, 0, 0, 0, 0], [28, 27, 25, 24, 23, 18, 13, 12, 10, 11, 6, 1, 7, 2, 8, 0], [26, 24, 13, 10, 2, 20, 18, 0, 0, 0, 0, 0, 0, 0, 0, 0], [26, 18, 16, 12, 8, 7, 6, 5, 2, 4, 3, 1, 0, 0, 0, 0], [26, 25, 24, 23, 22, 18, 16, 14, 10, 8, 6, 4, 5, 2, 13, 0]]
gen=[[23, 13, 0, 0, 0, 0, 0, 0, 0, 0, 0, 0, 0, 0, 0, 0], [27, 26, 12, 3, 0, 0, 0, 0, 0, 0, 0, 0, 0, 0, 0, 0], [6, 26, 28, 18, 27, 23, 15, 17, 21, 20, 10, 8, 4, 19, 11, 0], [6, 26, 17, 16, 2, 0, 0, 0, 0, 0, 0, 0, 0, 0, 0, 0], [6, 22, 19, 20, 16, 11, 2, 3, 4, 0, 0, 0, 0, 0, 0, 0], [18, 15, 0, 0, 0, 0, 0, 0, 0, 0, 0, 0, 0, 0, 0, 0], [6, 23, 28, 18, 27, 24, 13, 10, 25, 1, 8, 7, 2, 12, 11, 0], [26, 24, 18, 20, 13, 10, 2, 0, 0, 0, 0, 0, 0, 0, 0, 0], [6, 26, 18, 2, 12, 16, 7, 8, 1, 5, 4, 3, 0, 0, 0, 0], [6, 22, 14, 18, 23, 24, 26, 13, 16, 25, 8, 2, 10, 4, 5, 0]]
valid routes=1.0
norm-reward=0.8442173054707458
[ 26 iterations]
real=[[27, 22, 20, 19, 16, 13, 11, 10, 9, 4, 5, 1, 7, 3, 8, 0], [27, 23, 21, 17, 16, 15, 13, 10, 7, 8, 3, 1, 5, 2, 6, 0], [28, 25, 24, 23, 21, 20, 17, 15, 12, 11, 5, 13, 7, 3, 8, 0], [28, 3, 12, 27, 6, 13, 1, 0, 0, 0, 0, 0, 0, 0, 0, 0], [27, 24, 22, 19, 6, 4, 11, 14, 17, 12, 0, 0, 0, 0, 0, 0], [9, 25, 28, 0, 0, 0, 0, 0, 0, 0, 0, 0, 0, 0, 0, 0], [2, 0, 0, 0, 0, 0, 0, 0, 0, 0, 0, 0, 0, 0, 0, 0], [28, 26, 25, 23, 22, 20, 18, 14, 11, 13, 6, 10, 9, 3, 8, 0], [22, 21, 19, 18, 17, 16, 14, 12, 11, 3, 5, 10, 7, 2, 6, 0], [26, 25, 24, 20, 18, 17, 16, 14, 9, 11, 5, 4, 7, 3, 1, 0]]
gen=[[22, 19, 27, 20, 13, 16, 10, 9, 8, 1, 3, 5, 11, 7, 4, 0], [6, 23, 27, 21, 15, 16, 17, 13, 8, 10, 3, 5, 2, 7, 1, 0], [25, 23, 28, 24, 21, 20, 15, 13, 17, 12, 8, 7, 11, 3, 5, 0], [6, 28, 12, 27, 13, 3, 1, 0, 0, 0, 0, 0, 0, 0, 0, 0], [6, 22, 14, 27, 24, 19, 17, 4, 12, 11, 0, 0, 0, 0, 0, 0], [28, 25, 9, 0, 0, 0, 0, 0, 0, 0, 0, 0, 0, 0, 0, 0], [2, 0, 0, 0, 0, 0, 0, 0, 0, 0, 0, 0, 0, 0, 0, 0], [6, 22, 14, 28, 18, 23, 20, 13, 10, 26, 25, 8, 9, 3, 11, 0], [6, 22, 14, 18, 21, 19, 16, 17, 12, 7, 10, 3, 2, 5, 11, 0], [25, 14, 26, 18, 24, 20, 17, 16, 9, 5, 3, 11, 7, 1, 4, 0]]
valid routes=1.0
norm-reward=0.8362563201668124
[ 27 iterations]
real=[[20, 21, 28, 0, 0, 0, 0, 0, 0, 0, 0, 0, 0, 0, 0, 0], [5, 0, 0, 0, 0, 0, 0, 0, 0, 0, 0, 0, 0, 0, 0, 0], [26, 22, 19, 18, 17, 15, 14, 5, 9, 8, 6, 1, 7, 0, 0, 0], [28, 25, 22, 20, 18, 16, 15, 13, 12, 4, 11, 10, 7, 2, 6, 0], [28, 27, 26, 23, 21, 19, 17, 16, 9, 8, 1, 4, 15, 3, 6, 0], [27, 26, 23, 22, 20, 18, 17, 15, 11, 9, 5, 1, 7, 6, 13, 0], [26, 24, 22, 21, 19, 16, 14, 11, 9, 4, 5, 1, 7, 6, 0, 0], [28, 26, 24, 22, 21, 19, 18, 16, 10, 13, 5, 1, 9, 2, 6, 0], [24, 21, 20, 17, 14, 16, 7, 1, 3, 8, 0, 0, 0, 0, 0, 0], [28, 26, 25, 22, 20, 17, 16, 14, 9, 12, 1, 10, 13, 2, 0, 0]]
gen=[[28, 21, 20, 0, 0, 0, 0, 0, 0, 0, 0, 0, 0, 0, 0, 0], [5, 0, 0, 0, 0, 0, 0, 0, 0, 0, 0, 0, 0, 0, 0, 0], [6, 22, 14, 18, 26, 19, 17, 15, 7, 1, 9, 8, 5, 0, 0, 0], [6, 22, 28, 18, 20, 15, 7, 16, 25, 13, 10, 2, 4, 12, 11, 0], [6, 26, 28, 27, 23, 21, 15, 16, 19, 8, 17, 9, 3, 4, 1, 0], [6, 22, 23, 18, 27, 26, 20, 17, 13, 15, 7, 9, 5, 1, 11, 0], [6, 22, 14, 24, 21, 26, 16, 4, 19, 1, 9, 5, 7, 11, 0, 0], [6, 22, 28, 18, 24, 21, 16, 13, 26, 9, 10, 5, 19, 2, 1, 0], [14, 24, 21, 20, 16, 8, 1, 17, 3, 7, 0, 0, 0, 0, 0, 0], [22, 14, 28, 25, 26, 20, 16, 13, 17, 10, 9, 12, 2, 1, 0, 0]]
valid routes=1.0
norm-reward=0.8413324015500155
[ 28 iterations]
real=[[23, 17, 15, 10, 6, 13, 1, 4, 2, 3, 0, 0, 0, 0, 0, 0], [27, 21, 15, 3, 14, 23, 7, 10, 0, 0, 0, 0, 0, 0, 0, 0], [27, 21, 20, 19, 18, 16, 15, 13, 9, 4, 3, 1, 5, 2, 8, 0], [27, 25, 23, 20, 17, 16, 15, 14, 11, 13, 9, 10, 7, 3, 8, 0], [6, 28, 0, 0, 0, 0, 0, 0, 0, 0, 0, 0, 0, 0, 0, 0], [26, 23, 19, 18, 7, 9, 11, 1, 3, 12, 0, 0, 0, 0, 0, 0], [28, 27, 26, 25, 23, 22, 20, 19, 17, 11, 6, 14, 5, 2, 8, 0], [1, 27, 28, 0, 0, 0, 0, 0, 0, 0, 0, 0, 0, 0, 0, 0], [27, 24, 22, 19, 17, 14, 13, 9, 2, 8, 3, 4, 12, 0, 0, 0], [27, 26, 21, 20, 18, 17, 16, 14, 12, 7, 5, 10, 9, 6, 1, 0]]
gen=[[6, 23, 15, 17, 10, 13, 2, 3, 1, 4, 0, 0, 0, 0, 0, 0], [14, 23, 27, 15, 21, 7, 10, 3, 0, 0, 0, 0, 0, 0, 0, 0], [27, 21, 18, 19, 20, 15, 16, 13, 4, 9, 3, 2, 5, 8, 1, 0], [25, 14, 23, 27, 20, 16, 17, 13, 15, 10, 7, 8, 9, 11, 3, 0], [6, 28, 0, 0, 0, 0, 0, 0, 0, 0, 0, 0, 0, 0, 0, 0], [26, 23, 18, 19, 12, 11, 1, 9, 7, 3, 0, 0, 0, 0, 0, 0], [6, 22, 14, 28, 27, 23, 20, 17, 8, 25, 26, 19, 2, 5, 11, 0], [28, 27, 1, 0, 0, 0, 0, 0, 0, 0, 0, 0, 0, 0, 0, 0], [22, 14, 24, 27, 19, 13, 17, 12, 9, 2, 8, 3, 4, 0, 0, 0], [6, 14, 26, 18, 27, 21, 17, 16, 20, 5, 7, 10, 9, 12, 1, 0]]
valid routes=1.0
norm-reward=0.8356721494475248
[ 29 iterations]
real=[[22, 25, 12, 10, 6, 19, 5, 0, 0, 0, 0, 0, 0, 0, 0, 0], [28, 26, 25, 24, 21, 18, 17, 14, 12, 7, 9, 13, 5, 2, 6, 0], [28, 27, 22, 20, 17, 14, 13, 9, 7, 8, 3, 1, 5, 2, 6, 0], [28, 25, 24, 22, 21, 19, 18, 17, 14, 4, 6, 10, 2, 3, 8, 0], [27, 26, 24, 23, 21, 20, 17, 16, 15, 12, 6, 4, 7, 14, 13, 0], [27, 25, 17, 6, 20, 15, 5, 4, 0, 0, 0, 0, 0, 0, 0, 0], [28, 27, 22, 21, 17, 16, 14, 13, 12, 3, 5, 10, 9, 2, 1, 0], [25, 24, 23, 20, 19, 18, 17, 15, 9, 8, 6, 4, 1, 3, 13, 0], [17, 25, 5, 0, 0, 0, 0, 0, 0, 0, 0, 0, 0, 0, 0, 0], [28, 27, 26, 25, 23, 22, 21, 18, 14, 11, 1, 4, 9, 8, 13, 0]]
gen=[[6, 22, 25, 19, 10, 12, 5, 0, 0, 0, 0, 0, 0, 0, 0, 0], [6, 14, 28, 18, 24, 21, 17, 13, 25, 26, 7, 9, 2, 12, 5, 0], [6, 22, 14, 28, 27, 20, 13, 17, 1, 5, 8, 9, 7, 2, 3, 0], [6, 22, 14, 28, 18, 24, 17, 21, 25, 10, 8, 4, 19, 3, 2, 0], [6, 14, 23, 27, 24, 21, 16, 15, 20, 13, 17, 26, 4, 7, 12, 0], [6, 25, 27, 20, 15, 17, 4, 5, 0, 0, 0, 0, 0, 0, 0, 0], [22, 14, 28, 27, 21, 16, 17, 13, 10, 5, 1, 9, 2, 12, 3, 0], [6, 23, 25, 18, 24, 20, 15, 17, 13, 19, 4, 9, 1, 3, 8, 0], [25, 17, 5, 0, 0, 0, 0, 0, 0, 0, 0, 0, 0, 0, 0, 0], [25, 22, 14, 28, 18, 27, 23, 21, 13, 4, 26, 9, 1, 8, 11, 0]]
valid routes=1.0
norm-reward=0.8382287453013296
[ 30 iterations]
real=[[26, 25, 20, 19, 18, 16, 15, 12, 2, 8, 5, 10, 7, 6, 0, 0], [28, 27, 25, 20, 19, 18, 16, 11, 10, 3, 5, 1, 7, 2, 8, 0], [25, 23, 22, 21, 20, 17, 16, 15, 14, 4, 5, 10, 13, 3, 12, 0], [26, 24, 23, 22, 21, 20, 18, 17, 15, 7, 5, 3, 14, 2, 6, 0], [28, 27, 25, 24, 21, 18, 17, 15, 11, 8, 6, 4, 7, 3, 13, 0], [20, 16, 13, 5, 7, 17, 1, 4, 0, 0, 0, 0, 0, 0, 0, 0], [27, 26, 25, 24, 22, 20, 18, 16, 12, 7, 6, 3, 5, 2, 13, 0], [28, 25, 24, 22, 20, 19, 18, 16, 15, 7, 9, 13, 14, 6, 8, 0], [28, 27, 20, 19, 17, 16, 14, 13, 9, 11, 6, 3, 1, 2, 8, 0], [25, 22, 12, 14, 8, 7, 11, 4, 2, 0, 0, 0, 0, 0, 0, 0]]
gen=[[6, 26, 25, 18, 20, 19, 15, 16, 2, 10, 12, 8, 5, 7, 0, 0], [25, 27, 28, 18, 20, 19, 16, 1, 8, 10, 2, 7, 11, 3, 5, 0], [22, 14, 23, 25, 21, 15, 20, 16, 17, 13, 4, 10, 3, 5, 12, 0], [6, 22, 14, 18, 23, 24, 21, 15, 20, 26, 17, 2, 5, 3, 7, 0], [6, 24, 28, 18, 27, 21, 15, 13, 25, 17, 8, 7, 4, 3, 11, 0], [20, 16, 17, 4, 13, 7, 5, 1, 0, 0, 0, 0, 0, 0, 0, 0], [6, 22, 26, 18, 27, 24, 20, 16, 13, 25, 3, 2, 12, 5, 7, 0], [6, 22, 14, 28, 18, 24, 20, 16, 13, 15, 25, 9, 7, 8, 19, 0], [6, 14, 28, 27, 20, 19, 16, 13, 17, 8, 2, 9, 11, 3, 1, 0], [22, 14, 25, 12, 2, 7, 4, 8, 11, 0, 0, 0, 0, 0, 0, 0]]
valid routes=1.0
norm-reward=0.8493914165974523
[ 31 iterations]
real=[[27, 26, 25, 23, 22, 21, 17, 16, 15, 12, 3, 10, 9, 2, 8, 0], [27, 24, 22, 21, 19, 15, 11, 10, 9, 8, 1, 4, 14, 0, 0, 0], [20, 14, 0, 0, 0, 0, 0, 0, 0, 0, 0, 0, 0, 0, 0, 0], [28, 27, 26, 25, 24, 20, 17, 16, 15, 4, 11, 10, 5, 2, 8, 0], [21, 14, 28, 0, 0, 0, 0, 0, 0, 0, 0, 0, 0, 0, 0, 0], [22, 0, 0, 0, 0, 0, 0, 0, 0, 0, 0, 0, 0, 0, 0, 0], [28, 26, 25, 22, 20, 19, 18, 17, 15, 4, 5, 10, 13, 2, 12, 0], [17, 25, 0, 0, 0, 0, 0, 0, 0, 0, 0, 0, 0, 0, 0, 0], [15, 26, 12, 2, 0, 0, 0, 0, 0, 0, 0, 0, 0, 0, 0, 0], [11, 0, 0, 0, 0, 0, 0, 0, 0, 0, 0, 0, 0, 0, 0, 0]]
gen=[[22, 26, 23, 27, 21, 16, 15, 17, 25, 2, 10, 8, 9, 12, 3, 0], [22, 14, 24, 27, 15, 21, 4, 8, 1, 10, 11, 19, 9, 0, 0, 0], [14, 20, 0, 0, 0, 0, 0, 0, 0, 0, 0, 0, 0, 0, 0, 0], [25, 26, 28, 27, 24, 20, 16, 17, 15, 4, 10, 2, 11, 5, 8, 0], [28, 14, 21, 0, 0, 0, 0, 0, 0, 0, 0, 0, 0, 0, 0, 0], [22, 0, 0, 0, 0, 0, 0, 0, 0, 0, 0, 0, 0, 0, 0, 0], [25, 22, 28, 18, 26, 20, 13, 17, 15, 4, 2, 12, 10, 19, 5, 0], [25, 17, 0, 0, 0, 0, 0, 0, 0, 0, 0, 0, 0, 0, 0, 0], [26, 2, 15, 12, 0, 0, 0, 0, 0, 0, 0, 0, 0, 0, 0, 0], [11, 0, 0, 0, 0, 0, 0, 0, 0, 0, 0, 0, 0, 0, 0, 0]]
valid routes=1.0
norm-reward=0.8366353962971577
[ 32 iterations]
real=[[7, 3, 5, 0, 0, 0, 0, 0, 0, 0, 0, 0, 0, 0, 0, 0], [28, 26, 25, 22, 21, 20, 19, 17, 16, 4, 11, 10, 5, 2, 8, 0], [27, 26, 24, 23, 22, 21, 19, 18, 16, 11, 9, 13, 7, 2, 8, 0], [28, 17, 14, 12, 8, 7, 6, 5, 3, 11, 1, 0, 0, 0, 0, 0], [26, 23, 22, 13, 15, 4, 5, 10, 2, 12, 0, 0, 0, 0, 0, 0], [8, 0, 0, 0, 0, 0, 0, 0, 0, 0, 0, 0, 0, 0, 0, 0], [27, 25, 24, 21, 20, 18, 17, 15, 14, 11, 1, 13, 5, 6, 12, 0], [27, 26, 24, 21, 20, 17, 16, 15, 14, 5, 1, 10, 9, 3, 6, 0], [27, 24, 23, 21, 20, 18, 14, 13, 10, 11, 5, 1, 9, 6, 8, 0], [27, 24, 22, 21, 20, 19, 18, 15, 12, 13, 3, 10, 1, 2, 6, 0]]
gen=[[3, 7, 5, 0, 0, 0, 0, 0, 0, 0, 0, 0, 0, 0, 0, 0], [25, 22, 28, 26, 20, 21, 19, 17, 16, 4, 2, 11, 5, 10, 8, 0], [22, 26, 23, 18, 27, 24, 21, 16, 13, 2, 11, 19, 9, 8, 7, 0], [6, 14, 28, 17, 5, 12, 7, 1, 8, 3, 11, 0, 0, 0, 0, 0], [22, 26, 23, 15, 12, 13, 4, 2, 5, 10, 0, 0, 0, 0, 0, 0], [8, 0, 0, 0, 0, 0, 0, 0, 0, 0, 0, 0, 0, 0, 0, 0], [6, 14, 24, 18, 27, 21, 15, 20, 17, 13, 25, 12, 5, 11, 1, 0], [6, 14, 26, 27, 24, 21, 20, 16, 17, 15, 5, 10, 1, 3, 9, 0], [6, 14, 23, 18, 27, 20, 21, 13, 5, 24, 8, 11, 1, 10, 9, 0], [6, 22, 24, 18, 27, 21, 20, 13, 15, 2, 19, 3, 10, 12, 1, 0]]
valid routes=1.0
norm-reward=0.8344874897865583
[ 33 iterations]
real=[[28, 25, 23, 21, 18, 15, 13, 10, 9, 4, 6, 3, 7, 2, 8, 0], [24, 22, 21, 17, 16, 15, 13, 12, 11, 7, 1, 10, 9, 3, 6, 0], [9, 0, 0, 0, 0, 0, 0, 0, 0, 0, 0, 0, 0, 0, 0, 0], [27, 23, 18, 17, 15, 14, 13, 10, 9, 4, 6, 1, 7, 2, 8, 0], [26, 25, 23, 21, 6, 16, 11, 5, 17, 7, 0, 0, 0, 0, 0, 0], [16, 18, 0, 0, 0, 0, 0, 0, 0, 0, 0, 0, 0, 0, 0, 0], [27, 24, 21, 20, 18, 17, 14, 5, 3, 12, 11, 10, 9, 0, 0, 0], [27, 26, 25, 23, 22, 20, 18, 4, 9, 13, 11, 10, 7, 0, 0, 0], [15, 25, 3, 1, 20, 22, 0, 0, 0, 0, 0, 0, 0, 0, 0, 0], [27, 24, 16, 13, 6, 4, 7, 5, 9, 12, 0, 0, 0, 0, 0, 0]]
gen=[[6, 23, 28, 18, 21, 15, 13, 3, 25, 4, 2, 8, 7, 9, 10, 0], [6, 22, 24, 15, 21, 17, 16, 13, 12, 9, 11, 10, 1, 3, 7, 0], [9, 0, 0, 0, 0, 0, 0, 0, 0, 0, 0, 0, 0, 0, 0, 0], [6, 14, 23, 18, 27, 15, 17, 13, 4, 8, 2, 10, 7, 1, 9, 0], [6, 26, 23, 25, 21, 16, 17, 11, 7, 5, 0, 0, 0, 0, 0, 0], [18, 16, 0, 0, 0, 0, 0, 0, 0, 0, 0, 0, 0, 0, 0, 0], [27, 14, 24, 18, 20, 21, 17, 12, 10, 11, 9, 3, 5, 0, 0, 0], [25, 22, 26, 18, 23, 27, 20, 13, 4, 11, 7, 10, 9, 0, 0, 0], [25, 22, 20, 15, 3, 1, 0, 0, 0, 0, 0, 0, 0, 0, 0, 0], [6, 27, 24, 5, 13, 16, 4, 12, 7, 9, 0, 0, 0, 0, 0, 0]]
valid routes=1.0
norm-reward=0.8305464915147039
[ 34 iterations]
real=[[26, 25, 22, 20, 18, 15, 14, 12, 9, 11, 6, 1, 7, 3, 8, 0], [23, 17, 15, 13, 12, 9, 11, 5, 3, 4, 10, 0, 0, 0, 0, 0], [28, 26, 24, 23, 21, 19, 17, 16, 14, 8, 1, 10, 7, 3, 13, 0], [24, 14, 16, 4, 0, 0, 0, 0, 0, 0, 0, 0, 0, 0, 0, 0], [28, 26, 25, 21, 20, 17, 16, 14, 9, 8, 5, 4, 7, 10, 1, 0], [27, 25, 24, 23, 22, 20, 16, 15, 12, 11, 3, 4, 7, 2, 6, 0], [28, 26, 25, 22, 21, 20, 18, 17, 14, 12, 5, 10, 7, 3, 8, 0], [27, 25, 22, 21, 7, 24, 5, 17, 15, 0, 0, 0, 0, 0, 0, 0], [27, 24, 23, 22, 21, 20, 18, 16, 15, 12, 5, 10, 7, 2, 6, 0], [16, 0, 0, 0, 0, 0, 0, 0, 0, 0, 0, 0, 0, 0, 0, 0]]
gen=[[6, 22, 14, 18, 26, 20, 15, 25, 7, 9, 12, 3, 1, 8, 11, 0], [23, 15, 17, 12, 13, 4, 10, 9, 3, 11, 5, 0, 0, 0, 0, 0], [28, 26, 14, 23, 24, 21, 17, 16, 13, 7, 8, 10, 3, 19, 1, 0], [14, 24, 16, 4, 0, 0, 0, 0, 0, 0, 0, 0, 0, 0, 0, 0], [25, 26, 14, 28, 20, 21, 16, 4, 17, 1, 7, 10, 9, 5, 8, 0], [6, 22, 23, 27, 24, 15, 20, 16, 4, 25, 2, 7, 3, 12, 11, 0], [25, 22, 14, 28, 18, 20, 21, 17, 26, 12, 8, 10, 7, 5, 3, 0], [25, 22, 24, 27, 15, 21, 17, 7, 5, 0, 0, 0, 0, 0, 0, 0], [6, 22, 23, 18, 27, 24, 21, 16, 20, 2, 15, 12, 7, 5, 10, 0], [16, 0, 0, 0, 0, 0, 0, 0, 0, 0, 0, 0, 0, 0, 0, 0]]
valid routes=1.0
norm-reward=0.8287289988909444
[ 35 iterations]
real=[[13, 23, 0, 0, 0, 0, 0, 0, 0, 0, 0, 0, 0, 0, 0, 0], [26, 3, 12, 27, 0, 0, 0, 0, 0, 0, 0, 0, 0, 0, 0, 0], [28, 27, 26, 23, 21, 20, 19, 18, 17, 4, 11, 10, 15, 6, 8, 0], [17, 16, 26, 6, 2, 0, 0, 0, 0, 0, 0, 0, 0, 0, 0, 0], [22, 20, 16, 11, 2, 19, 6, 4, 3, 0, 0, 0, 0, 0, 0, 0], [15, 18, 0, 0, 0, 0, 0, 0, 0, 0, 0, 0, 0, 0, 0, 0], [28, 27, 25, 24, 23, 18, 13, 12, 10, 11, 6, 1, 7, 2, 8, 0], [26, 24, 13, 10, 2, 20, 18, 0, 0, 0, 0, 0, 0, 0, 0, 0], [26, 18, 16, 12, 8, 7, 6, 5, 2, 4, 3, 1, 0, 0, 0, 0], [26, 25, 24, 23, 22, 18, 16, 14, 10, 8, 6, 4, 5, 2, 13, 0]]
gen=[[23, 13, 0, 0, 0, 0, 0, 0, 0, 0, 0, 0, 0, 0, 0, 0], [27, 26, 3, 12, 0, 0, 0, 0, 0, 0, 0, 0, 0, 0, 0, 0], [6, 26, 28, 18, 23, 27, 21, 20, 15, 17, 4, 10, 11, 19, 8, 0], [6, 26, 17, 2, 16, 0, 0, 0, 0, 0, 0, 0, 0, 0, 0, 0], [6, 22, 19, 20, 2, 16, 4, 3, 11, 0, 0, 0, 0, 0, 0, 0], [18, 15, 0, 0, 0, 0, 0, 0, 0, 0, 0, 0, 0, 0, 0, 0], [6, 27, 23, 28, 18, 25, 13, 2, 10, 11, 8, 24, 7, 1, 12, 0], [26, 18, 24, 20, 13, 10, 2, 0, 0, 0, 0, 0, 0, 0, 0, 0], [6, 26, 18, 12, 16, 3, 4, 2, 8, 5, 1, 7, 0, 0, 0, 0], [6, 22, 14, 18, 23, 26, 16, 13, 10, 25, 4, 2, 24, 5, 8, 0]]
valid routes=1.0
norm-reward=0.833787060211181
[ 36 iterations]
real=[[27, 22, 20, 19, 16, 13, 11, 10, 9, 4, 5, 1, 7, 3, 8, 0], [27, 23, 21, 17, 16, 15, 13, 10, 7, 8, 3, 1, 5, 2, 6, 0], [28, 25, 24, 23, 21, 20, 17, 15, 12, 11, 5, 13, 7, 3, 8, 0], [28, 3, 12, 27, 6, 13, 1, 0, 0, 0, 0, 0, 0, 0, 0, 0], [27, 24, 22, 19, 6, 4, 11, 14, 17, 12, 0, 0, 0, 0, 0, 0], [9, 25, 28, 0, 0, 0, 0, 0, 0, 0, 0, 0, 0, 0, 0, 0], [2, 0, 0, 0, 0, 0, 0, 0, 0, 0, 0, 0, 0, 0, 0, 0], [28, 26, 25, 23, 22, 20, 18, 14, 11, 13, 6, 10, 9, 3, 8, 0], [22, 21, 19, 18, 17, 16, 14, 12, 11, 3, 5, 10, 7, 2, 6, 0], [26, 25, 24, 20, 18, 17, 16, 14, 9, 11, 5, 4, 7, 3, 1, 0]]
gen=[[27, 22, 19, 20, 5, 16, 10, 4, 13, 7, 8, 11, 3, 1, 9, 0], [6, 27, 23, 15, 21, 13, 16, 17, 1, 2, 10, 7, 3, 5, 8, 0], [28, 23, 25, 24, 15, 21, 20, 13, 17, 7, 8, 11, 5, 12, 3, 0], [6, 27, 28, 12, 13, 3, 1, 0, 0, 0, 0, 0, 0, 0, 0, 0], [6, 22, 14, 27, 24, 17, 19, 4, 11, 12, 0, 0, 0, 0, 0, 0], [28, 25, 9, 0, 0, 0, 0, 0, 0, 0, 0, 0, 0, 0, 0, 0], [2, 0, 0, 0, 0, 0, 0, 0, 0, 0, 0, 0, 0, 0, 0, 0], [6, 22, 14, 28, 18, 23, 20, 13, 25, 26, 9, 3, 11, 8, 10, 0], [6, 22, 14, 18, 19, 21, 16, 17, 2, 10, 11, 3, 7, 12, 5, 0], [25, 14, 26, 18, 20, 24, 17, 16, 4, 1, 11, 5, 3, 9, 7, 0]]
valid routes=1.0
norm-reward=0.8248064867229645
[ 37 iterations]
real=[[20, 21, 28, 0, 0, 0, 0, 0, 0, 0, 0, 0, 0, 0, 0, 0], [5, 0, 0, 0, 0, 0, 0, 0, 0, 0, 0, 0, 0, 0, 0, 0], [26, 22, 19, 18, 17, 15, 14, 5, 9, 8, 6, 1, 7, 0, 0, 0], [28, 25, 22, 20, 18, 16, 15, 13, 12, 4, 11, 10, 7, 2, 6, 0], [28, 27, 26, 23, 21, 19, 17, 16, 9, 8, 1, 4, 15, 3, 6, 0], [27, 26, 23, 22, 20, 18, 17, 15, 11, 9, 5, 1, 7, 6, 13, 0], [26, 24, 22, 21, 19, 16, 14, 11, 9, 4, 5, 1, 7, 6, 0, 0], [28, 26, 24, 22, 21, 19, 18, 16, 10, 13, 5, 1, 9, 2, 6, 0], [24, 21, 20, 17, 14, 16, 7, 1, 3, 8, 0, 0, 0, 0, 0, 0], [28, 26, 25, 22, 20, 17, 16, 14, 9, 12, 1, 10, 13, 2, 0, 0]]
gen=[[28, 21, 20, 0, 0, 0, 0, 0, 0, 0, 0, 0, 0, 0, 0, 0], [5, 0, 0, 0, 0, 0, 0, 0, 0, 0, 0, 0, 0, 0, 0, 0], [6, 22, 14, 18, 26, 17, 15, 1, 9, 7, 5, 8, 19, 0, 0, 0], [6, 22, 28, 18, 25, 15, 16, 20, 13, 4, 2, 10, 12, 11, 7, 0], [6, 26, 27, 28, 23, 21, 15, 16, 17, 9, 4, 19, 8, 3, 1, 0], [6, 26, 22, 18, 23, 27, 20, 13, 17, 15, 1, 11, 5, 7, 9, 0], [6, 22, 14, 26, 24, 21, 16, 11, 9, 4, 19, 7, 5, 1, 0, 0], [6, 26, 22, 18, 28, 24, 21, 16, 2, 13, 10, 1, 19, 5, 9, 0], [14, 24, 20, 17, 21, 16, 3, 7, 8, 1, 0, 0, 0, 0, 0, 0], [25, 22, 14, 28, 26, 20, 16, 13, 17, 2, 10, 9, 12, 1, 0, 0]]
valid routes=1.0
norm-reward=0.8328754148736217
[ 38 iterations]
real=[[23, 17, 15, 10, 6, 13, 1, 4, 2, 3, 0, 0, 0, 0, 0, 0], [27, 21, 15, 3, 14, 23, 7, 10, 0, 0, 0, 0, 0, 0, 0, 0], [27, 21, 20, 19, 18, 16, 15, 13, 9, 4, 3, 1, 5, 2, 8, 0], [27, 25, 23, 20, 17, 16, 15, 14, 11, 13, 9, 10, 7, 3, 8, 0], [6, 28, 0, 0, 0, 0, 0, 0, 0, 0, 0, 0, 0, 0, 0, 0], [26, 23, 19, 18, 7, 9, 11, 1, 3, 12, 0, 0, 0, 0, 0, 0], [28, 27, 26, 25, 23, 22, 20, 19, 17, 11, 6, 14, 5, 2, 8, 0], [1, 27, 28, 0, 0, 0, 0, 0, 0, 0, 0, 0, 0, 0, 0, 0], [27, 24, 22, 19, 17, 14, 13, 9, 2, 8, 3, 4, 12, 0, 0, 0], [27, 26, 21, 20, 18, 17, 16, 14, 12, 7, 5, 10, 9, 6, 1, 0]]
gen=[[6, 23, 15, 17, 2, 13, 4, 3, 10, 1, 0, 0, 0, 0, 0, 0], [27, 14, 23, 15, 21, 7, 10, 3, 0, 0, 0, 0, 0, 0, 0, 0], [27, 18, 20, 19, 21, 15, 16, 2, 13, 5, 9, 4, 3, 1, 8, 0], [25, 14, 23, 27, 20, 15, 16, 17, 13, 10, 9, 11, 7, 3, 8, 0], [28, 6, 0, 0, 0, 0, 0, 0, 0, 0, 0, 0, 0, 0, 0, 0], [26, 23, 18, 19, 3, 7, 9, 1, 11, 12, 0, 0, 0, 0, 0, 0], [6, 22, 14, 28, 23, 27, 26, 20, 17, 25, 2, 5, 8, 11, 19, 0], [28, 27, 1, 0, 0, 0, 0, 0, 0, 0, 0, 0, 0, 0, 0, 0], [27, 22, 14, 24, 13, 19, 2, 17, 4, 8, 12, 3, 9, 0, 0, 0], [6, 26, 14, 18, 27, 21, 20, 16, 17, 10, 9, 1, 7, 5, 12, 0]]
valid routes=1.0
norm-reward=0.8289551167328447
[ 39 iterations]
real=[[22, 25, 12, 10, 6, 19, 5, 0, 0, 0, 0, 0, 0, 0, 0, 0], [28, 26, 25, 24, 21, 18, 17, 14, 12, 7, 9, 13, 5, 2, 6, 0], [28, 27, 22, 20, 17, 14, 13, 9, 7, 8, 3, 1, 5, 2, 6, 0], [28, 25, 24, 22, 21, 19, 18, 17, 14, 4, 6, 10, 2, 3, 8, 0], [27, 26, 24, 23, 21, 20, 17, 16, 15, 12, 6, 4, 7, 14, 13, 0], [27, 25, 17, 6, 20, 15, 5, 4, 0, 0, 0, 0, 0, 0, 0, 0], [28, 27, 22, 21, 17, 16, 14, 13, 12, 3, 5, 10, 9, 2, 1, 0], [25, 24, 23, 20, 19, 18, 17, 15, 9, 8, 6, 4, 1, 3, 13, 0], [17, 25, 5, 0, 0, 0, 0, 0, 0, 0, 0, 0, 0, 0, 0, 0], [28, 27, 26, 25, 23, 22, 21, 18, 14, 11, 1, 4, 9, 8, 13, 0]]
gen=[[6, 22, 19, 25, 5, 10, 12, 0, 0, 0, 0, 0, 0, 0, 0, 0], [6, 26, 14, 28, 18, 21, 17, 13, 25, 2, 7, 24, 12, 5, 9, 0], [6, 22, 14, 28, 27, 20, 2, 13, 17, 8, 5, 9, 3, 7, 1, 0], [6, 22, 14, 18, 28, 24, 21, 17, 25, 2, 4, 10, 8, 19, 3, 0], [6, 26, 14, 27, 23, 21, 15, 20, 16, 13, 17, 4, 24, 12, 7, 0], [6, 27, 15, 20, 17, 25, 4, 5, 0, 0, 0, 0, 0, 0, 0, 0], [28, 22, 14, 27, 21, 16, 17, 13, 2, 10, 1, 5, 12, 9, 3, 0], [6, 23, 18, 24, 19, 20, 13, 15, 25, 17, 4, 9, 3, 1, 8, 0], [25, 5, 17, 0, 0, 0, 0, 0, 0, 0, 0, 0, 0, 0, 0, 0], [28, 22, 14, 18, 27, 23, 26, 13, 25, 11, 4, 21, 8, 1, 9, 0]]
valid routes=1.0
norm-reward=0.825538748125357
[ 40 iterations]
real=[[26, 25, 20, 19, 18, 16, 15, 12, 2, 8, 5, 10, 7, 6, 0, 0], [28, 27, 25, 20, 19, 18, 16, 11, 10, 3, 5, 1, 7, 2, 8, 0], [25, 23, 22, 21, 20, 17, 16, 15, 14, 4, 5, 10, 13, 3, 12, 0], [26, 24, 23, 22, 21, 20, 18, 17, 15, 7, 5, 3, 14, 2, 6, 0], [28, 27, 25, 24, 21, 18, 17, 15, 11, 8, 6, 4, 7, 3, 13, 0], [20, 16, 13, 5, 7, 17, 1, 4, 0, 0, 0, 0, 0, 0, 0, 0], [27, 26, 25, 24, 22, 20, 18, 16, 12, 7, 6, 3, 5, 2, 13, 0], [28, 25, 24, 22, 20, 19, 18, 16, 15, 7, 9, 13, 14, 6, 8, 0], [28, 27, 20, 19, 17, 16, 14, 13, 9, 11, 6, 3, 1, 2, 8, 0], [25, 22, 12, 14, 8, 7, 11, 4, 2, 0, 0, 0, 0, 0, 0, 0]]
gen=[[6, 26, 18, 20, 19, 15, 16, 25, 2, 7, 12, 8, 5, 10, 0, 0], [28, 27, 18, 20, 19, 16, 2, 25, 3, 11, 10, 8, 5, 1, 7, 0], [25, 22, 14, 23, 20, 21, 16, 15, 13, 17, 4, 12, 3, 10, 5, 0], [6, 22, 14, 18, 23, 26, 21, 15, 17, 20, 2, 24, 7, 5, 3, 0], [6, 27, 18, 28, 21, 17, 15, 13, 25, 4, 24, 7, 3, 8, 11, 0], [20, 16, 17, 13, 4, 7, 1, 5, 0, 0, 0, 0, 0, 0, 0, 0], [6, 22, 26, 18, 27, 20, 16, 13, 2, 25, 24, 5, 3, 12, 7, 0], [6, 22, 14, 28, 18, 16, 20, 13, 15, 25, 19, 24, 9, 7, 8, 0], [6, 14, 28, 27, 19, 20, 13, 16, 2, 17, 11, 8, 3, 1, 9, 0], [25, 22, 14, 12, 2, 7, 4, 11, 8, 0, 0, 0, 0, 0, 0, 0]]
valid routes=1.0
norm-reward=0.8368180062683316
[ 41 iterations]
real=[[27, 26, 25, 23, 22, 21, 17, 16, 15, 12, 3, 10, 9, 2, 8, 0], [27, 24, 22, 21, 19, 15, 11, 10, 9, 8, 1, 4, 14, 0, 0, 0], [20, 14, 0, 0, 0, 0, 0, 0, 0, 0, 0, 0, 0, 0, 0, 0], [28, 27, 26, 25, 24, 20, 17, 16, 15, 4, 11, 10, 5, 2, 8, 0], [21, 14, 28, 0, 0, 0, 0, 0, 0, 0, 0, 0, 0, 0, 0, 0], [22, 0, 0, 0, 0, 0, 0, 0, 0, 0, 0, 0, 0, 0, 0, 0], [28, 26, 25, 22, 20, 19, 18, 17, 15, 4, 5, 10, 13, 2, 12, 0], [17, 25, 0, 0, 0, 0, 0, 0, 0, 0, 0, 0, 0, 0, 0, 0], [15, 26, 12, 2, 0, 0, 0, 0, 0, 0, 0, 0, 0, 0, 0, 0], [11, 0, 0, 0, 0, 0, 0, 0, 0, 0, 0, 0, 0, 0, 0, 0]]
gen=[[27, 22, 26, 23, 21, 17, 15, 2, 16, 25, 10, 3, 12, 9, 8, 0], [27, 22, 14, 19, 24, 21, 15, 9, 1, 4, 11, 10, 8, 0, 0, 0], [14, 20, 0, 0, 0, 0, 0, 0, 0, 0, 0, 0, 0, 0, 0, 0], [27, 26, 28, 25, 24, 20, 16, 17, 15, 10, 2, 5, 11, 4, 8, 0], [28, 14, 21, 0, 0, 0, 0, 0, 0, 0, 0, 0, 0, 0, 0, 0], [22, 0, 0, 0, 0, 0, 0, 0, 0, 0, 0, 0, 0, 0, 0, 0], [28, 22, 26, 18, 20, 15, 17, 2, 25, 13, 19, 10, 12, 5, 4, 0], [25, 17, 0, 0, 0, 0, 0, 0, 0, 0, 0, 0, 0, 0, 0, 0], [26, 15, 2, 12, 0, 0, 0, 0, 0, 0, 0, 0, 0, 0, 0, 0], [11, 0, 0, 0, 0, 0, 0, 0, 0, 0, 0, 0, 0, 0, 0, 0]]
valid routes=1.0
norm-reward=0.8192805302775629
[ 42 iterations]
real=[[7, 3, 5, 0, 0, 0, 0, 0, 0, 0, 0, 0, 0, 0, 0, 0], [28, 26, 25, 22, 21, 20, 19, 17, 16, 4, 11, 10, 5, 2, 8, 0], [27, 26, 24, 23, 22, 21, 19, 18, 16, 11, 9, 13, 7, 2, 8, 0], [28, 17, 14, 12, 8, 7, 6, 5, 3, 11, 1, 0, 0, 0, 0, 0], [26, 23, 22, 13, 15, 4, 5, 10, 2, 12, 0, 0, 0, 0, 0, 0], [8, 0, 0, 0, 0, 0, 0, 0, 0, 0, 0, 0, 0, 0, 0, 0], [27, 25, 24, 21, 20, 18, 17, 15, 14, 11, 1, 13, 5, 6, 12, 0], [27, 26, 24, 21, 20, 17, 16, 15, 14, 5, 1, 10, 9, 3, 6, 0], [27, 24, 23, 21, 20, 18, 14, 13, 10, 11, 5, 1, 9, 6, 8, 0], [27, 24, 22, 21, 20, 19, 18, 15, 12, 13, 3, 10, 1, 2, 6, 0]]
gen=[[3, 7, 5, 0, 0, 0, 0, 0, 0, 0, 0, 0, 0, 0, 0, 0], [25, 26, 22, 28, 20, 21, 19, 11, 2, 16, 10, 5, 8, 17, 4, 0], [23, 26, 22, 18, 24, 19, 21, 27, 2, 11, 13, 9, 8, 16, 7, 0], [28, 6, 14, 11, 12, 5, 17, 1, 8, 7, 3, 0, 0, 0, 0, 0], [23, 22, 26, 15, 2, 13, 12, 10, 5, 4, 0, 0, 0, 0, 0, 0], [8, 0, 0, 0, 0, 0, 0, 0, 0, 0, 0, 0, 0, 0, 0, 0], [25, 24, 18, 6, 14, 27, 20, 13, 11, 21, 12, 5, 17, 15, 1, 0], [26, 6, 24, 14, 20, 27, 16, 15, 21, 10, 9, 5, 17, 1, 3, 0], [23, 24, 18, 6, 14, 27, 20, 11, 13, 21, 10, 9, 5, 1, 8, 0], [27, 22, 18, 24, 19, 6, 20, 15, 2, 12, 13, 21, 10, 1, 3, 0]]
valid routes=1.0
norm-reward=0.881459051567949
[ 43 iterations]
real=[[28, 25, 23, 21, 18, 15, 13, 10, 9, 4, 6, 3, 7, 2, 8, 0], [24, 22, 21, 17, 16, 15, 13, 12, 11, 7, 1, 10, 9, 3, 6, 0], [9, 0, 0, 0, 0, 0, 0, 0, 0, 0, 0, 0, 0, 0, 0, 0], [27, 23, 18, 17, 15, 14, 13, 10, 9, 4, 6, 1, 7, 2, 8, 0], [26, 25, 23, 21, 6, 16, 11, 5, 17, 7, 0, 0, 0, 0, 0, 0], [16, 18, 0, 0, 0, 0, 0, 0, 0, 0, 0, 0, 0, 0, 0, 0], [27, 24, 21, 20, 18, 17, 14, 5, 3, 12, 11, 10, 9, 0, 0, 0], [27, 26, 25, 23, 22, 20, 18, 4, 9, 13, 11, 10, 7, 0, 0, 0], [15, 25, 3, 1, 20, 22, 0, 0, 0, 0, 0, 0, 0, 0, 0, 0], [27, 24, 16, 13, 6, 4, 7, 5, 9, 12, 0, 0, 0, 0, 0, 0]]
gen=[[28, 25, 23, 18, 21, 6, 15, 13, 7, 8, 2, 10, 9, 4, 3, 0], [24, 22, 6, 15, 21, 11, 12, 16, 13, 10, 9, 3, 1, 7, 17, 0], [9, 0, 0, 0, 0, 0, 0, 0, 0, 0, 0, 0, 0, 0, 0, 0], [23, 18, 6, 14, 27, 15, 13, 17, 9, 2, 10, 8, 4, 1, 7, 0], [25, 23, 26, 6, 21, 11, 16, 17, 5, 7, 0, 0, 0, 0, 0, 0], [18, 16, 0, 0, 0, 0, 0, 0, 0, 0, 0, 0, 0, 0, 0, 0], [27, 24, 18, 14, 20, 11, 12, 10, 9, 21, 3, 5, 17, 0, 0, 0], [25, 23, 22, 18, 27, 20, 11, 26, 13, 10, 9, 7, 4, 0, 0, 0], [25, 22, 20, 15, 1, 3, 0, 0, 0, 0, 0, 0, 0, 0, 0, 0], [27, 24, 6, 12, 13, 5, 9, 7, 4, 16, 0, 0, 0, 0, 0, 0]]
valid routes=1.0
norm-reward=0.8608918467723305
[ 44 iterations]
real=[[26, 25, 22, 20, 18, 15, 14, 12, 9, 11, 6, 1, 7, 3, 8, 0], [23, 17, 15, 13, 12, 9, 11, 5, 3, 4, 10, 0, 0, 0, 0, 0], [28, 26, 24, 23, 21, 19, 17, 16, 14, 8, 1, 10, 7, 3, 13, 0], [24, 14, 16, 4, 0, 0, 0, 0, 0, 0, 0, 0, 0, 0, 0, 0], [28, 26, 25, 21, 20, 17, 16, 14, 9, 8, 5, 4, 7, 10, 1, 0], [27, 25, 24, 23, 22, 20, 16, 15, 12, 11, 3, 4, 7, 2, 6, 0], [28, 26, 25, 22, 21, 20, 18, 17, 14, 12, 5, 10, 7, 3, 8, 0], [27, 25, 22, 21, 7, 24, 5, 17, 15, 0, 0, 0, 0, 0, 0, 0], [27, 24, 23, 22, 21, 20, 18, 16, 15, 12, 5, 10, 7, 2, 6, 0], [16, 0, 0, 0, 0, 0, 0, 0, 0, 0, 0, 0, 0, 0, 0, 0]]
gen=[[25, 26, 22, 18, 12, 14, 20, 15, 6, 11, 9, 8, 3, 7, 1, 0], [23, 12, 15, 17, 13, 11, 9, 3, 10, 5, 4, 0, 0, 0, 0, 0], [24, 26, 23, 28, 14, 19, 21, 16, 13, 8, 17, 7, 10, 3, 1, 0], [24, 14, 16, 4, 0, 0, 0, 0, 0, 0, 0, 0, 0, 0, 0, 0], [28, 25, 26, 14, 21, 20, 16, 17, 9, 8, 7, 4, 1, 5, 10, 0], [24, 25, 23, 22, 27, 12, 20, 6, 15, 11, 4, 3, 16, 2, 7, 0], [28, 25, 26, 22, 18, 12, 14, 21, 20, 17, 10, 8, 5, 7, 3, 0], [24, 25, 22, 27, 21, 15, 17, 5, 7, 0, 0, 0, 0, 0, 0, 0], [24, 23, 22, 18, 27, 12, 20, 6, 15, 2, 10, 16, 5, 21, 7, 0], [16, 0, 0, 0, 0, 0, 0, 0, 0, 0, 0, 0, 0, 0, 0, 0]]
valid routes=1.0
norm-reward=0.8678764855724143
[ 45 iterations]
real=[[13, 23, 0, 0, 0, 0, 0, 0, 0, 0, 0, 0, 0, 0, 0, 0], [26, 3, 12, 27, 0, 0, 0, 0, 0, 0, 0, 0, 0, 0, 0, 0], [28, 27, 26, 23, 21, 20, 19, 18, 17, 4, 11, 10, 15, 6, 8, 0], [17, 16, 26, 6, 2, 0, 0, 0, 0, 0, 0, 0, 0, 0, 0, 0], [22, 20, 16, 11, 2, 19, 6, 4, 3, 0, 0, 0, 0, 0, 0, 0], [15, 18, 0, 0, 0, 0, 0, 0, 0, 0, 0, 0, 0, 0, 0, 0], [28, 27, 25, 24, 23, 18, 13, 12, 10, 11, 6, 1, 7, 2, 8, 0], [26, 24, 13, 10, 2, 20, 18, 0, 0, 0, 0, 0, 0, 0, 0, 0], [26, 18, 16, 12, 8, 7, 6, 5, 2, 4, 3, 1, 0, 0, 0, 0], [26, 25, 24, 23, 22, 18, 16, 14, 10, 8, 6, 4, 5, 2, 13, 0]]
gen=[[23, 13, 0, 0, 0, 0, 0, 0, 0, 0, 0, 0, 0, 0, 0, 0], [27, 26, 12, 3, 0, 0, 0, 0, 0, 0, 0, 0, 0, 0, 0, 0], [28, 26, 23, 18, 27, 21, 15, 20, 19, 11, 17, 8, 4, 6, 10, 0], [26, 16, 6, 17, 2, 0, 0, 0, 0, 0, 0, 0, 0, 0, 0, 0], [22, 19, 6, 20, 16, 11, 4, 2, 3, 0, 0, 0, 0, 0, 0, 0], [18, 15, 0, 0, 0, 0, 0, 0, 0, 0, 0, 0, 0, 0, 0, 0], [24, 25, 23, 18, 28, 12, 27, 13, 11, 7, 8, 6, 2, 1, 10, 0], [24, 26, 18, 20, 13, 10, 2, 0, 0, 0, 0, 0, 0, 0, 0, 0], [26, 18, 6, 12, 16, 2, 4, 7, 8, 5, 3, 1, 0, 0, 0, 0], [24, 25, 23, 22, 18, 14, 6, 16, 13, 26, 5, 8, 4, 2, 10, 0]]
valid routes=1.0
norm-reward=0.8777809759468407
[ 46 iterations]
real=[[27, 22, 20, 19, 16, 13, 11, 10, 9, 4, 5, 1, 7, 3, 8, 0], [27, 23, 21, 17, 16, 15, 13, 10, 7, 8, 3, 1, 5, 2, 6, 0], [28, 25, 24, 23, 21, 20, 17, 15, 12, 11, 5, 13, 7, 3, 8, 0], [28, 3, 12, 27, 6, 13, 1, 0, 0, 0, 0, 0, 0, 0, 0, 0], [27, 24, 22, 19, 6, 4, 11, 14, 17, 12, 0, 0, 0, 0, 0, 0], [9, 25, 28, 0, 0, 0, 0, 0, 0, 0, 0, 0, 0, 0, 0, 0], [2, 0, 0, 0, 0, 0, 0, 0, 0, 0, 0, 0, 0, 0, 0, 0], [28, 26, 25, 23, 22, 20, 18, 14, 11, 13, 6, 10, 9, 3, 8, 0], [22, 21, 19, 18, 17, 16, 14, 12, 11, 3, 5, 10, 7, 2, 6, 0], [26, 25, 24, 20, 18, 17, 16, 14, 9, 11, 5, 4, 7, 3, 1, 0]]
gen=[[27, 22, 19, 20, 16, 13, 11, 9, 1, 8, 5, 3, 7, 4, 10, 0], [27, 23, 6, 21, 15, 16, 17, 5, 13, 2, 8, 1, 7, 10, 3, 0], [24, 25, 23, 28, 21, 12, 20, 15, 17, 13, 11, 8, 5, 3, 7, 0], [28, 27, 12, 6, 13, 3, 1, 0, 0, 0, 0, 0, 0, 0, 0, 0], [24, 27, 22, 6, 12, 14, 19, 11, 17, 4, 0, 0, 0, 0, 0, 0], [28, 25, 9, 0, 0, 0, 0, 0, 0, 0, 0, 0, 0, 0, 0, 0], [2, 0, 0, 0, 0, 0, 0, 0, 0, 0, 0, 0, 0, 0, 0, 0], [25, 23, 26, 22, 18, 28, 14, 20, 13, 11, 9, 8, 3, 6, 10, 0], [6, 22, 18, 19, 12, 14, 21, 16, 17, 11, 5, 10, 2, 3, 7, 0], [24, 25, 26, 18, 14, 20, 16, 17, 11, 9, 1, 5, 7, 3, 4, 0]]
valid routes=1.0
norm-reward=0.8793867385347067
[ 47 iterations]
real=[[20, 21, 28, 0, 0, 0, 0, 0, 0, 0, 0, 0, 0, 0, 0, 0], [5, 0, 0, 0, 0, 0, 0, 0, 0, 0, 0, 0, 0, 0, 0, 0], [26, 22, 19, 18, 17, 15, 14, 5, 9, 8, 6, 1, 7, 0, 0, 0], [28, 25, 22, 20, 18, 16, 15, 13, 12, 4, 11, 10, 7, 2, 6, 0], [28, 27, 26, 23, 21, 19, 17, 16, 9, 8, 1, 4, 15, 3, 6, 0], [27, 26, 23, 22, 20, 18, 17, 15, 11, 9, 5, 1, 7, 6, 13, 0], [26, 24, 22, 21, 19, 16, 14, 11, 9, 4, 5, 1, 7, 6, 0, 0], [28, 26, 24, 22, 21, 19, 18, 16, 10, 13, 5, 1, 9, 2, 6, 0], [24, 21, 20, 17, 14, 16, 7, 1, 3, 8, 0, 0, 0, 0, 0, 0], [28, 26, 25, 22, 20, 17, 16, 14, 9, 12, 1, 10, 13, 2, 0, 0]]
gen=[[28, 21, 20, 0, 0, 0, 0, 0, 0, 0, 0, 0, 0, 0, 0, 0], [5, 0, 0, 0, 0, 0, 0, 0, 0, 0, 0, 0, 0, 0, 0, 0], [26, 22, 18, 6, 19, 14, 15, 17, 9, 5, 8, 1, 7, 0, 0, 0], [28, 25, 22, 18, 6, 12, 20, 15, 16, 10, 13, 11, 4, 2, 7, 0], [27, 26, 23, 6, 28, 19, 21, 15, 16, 9, 17, 8, 1, 3, 4, 0], [26, 23, 22, 18, 27, 6, 20, 15, 17, 9, 5, 11, 13, 1, 7, 0], [24, 26, 22, 6, 19, 14, 21, 16, 9, 4, 11, 5, 1, 7, 0, 0], [24, 26, 22, 18, 28, 6, 19, 21, 16, 9, 5, 13, 10, 2, 1, 0], [24, 21, 14, 20, 17, 16, 8, 3, 7, 1, 0, 0, 0, 0, 0, 0], [28, 25, 26, 22, 20, 14, 12, 16, 17, 9, 13, 2, 1, 10, 0, 0]]
valid routes=1.0
norm-reward=0.8750497152914656
[ 48 iterations]
real=[[23, 17, 15, 10, 6, 13, 1, 4, 2, 3, 0, 0, 0, 0, 0, 0], [27, 21, 15, 3, 14, 23, 7, 10, 0, 0, 0, 0, 0, 0, 0, 0], [27, 21, 20, 19, 18, 16, 15, 13, 9, 4, 3, 1, 5, 2, 8, 0], [27, 25, 23, 20, 17, 16, 15, 14, 11, 13, 9, 10, 7, 3, 8, 0], [6, 28, 0, 0, 0, 0, 0, 0, 0, 0, 0, 0, 0, 0, 0, 0], [26, 23, 19, 18, 7, 9, 11, 1, 3, 12, 0, 0, 0, 0, 0, 0], [28, 27, 26, 25, 23, 22, 20, 19, 17, 11, 6, 14, 5, 2, 8, 0], [1, 27, 28, 0, 0, 0, 0, 0, 0, 0, 0, 0, 0, 0, 0, 0], [27, 24, 22, 19, 17, 14, 13, 9, 2, 8, 3, 4, 12, 0, 0, 0], [27, 26, 21, 20, 18, 17, 16, 14, 12, 7, 5, 10, 9, 6, 1, 0]]
gen=[[23, 6, 17, 15, 10, 2, 13, 3, 4, 1, 0, 0, 0, 0, 0, 0], [27, 23, 21, 14, 15, 10, 7, 3, 0, 0, 0, 0, 0, 0, 0, 0], [27, 21, 18, 19, 20, 15, 16, 2, 13, 9, 5, 1, 8, 4, 3, 0], [23, 25, 27, 14, 20, 15, 17, 16, 9, 11, 8, 13, 7, 3, 10, 0], [28, 6, 0, 0, 0, 0, 0, 0, 0, 0, 0, 0, 0, 0, 0, 0], [26, 23, 18, 19, 12, 9, 3, 11, 7, 1, 0, 0, 0, 0, 0, 0], [25, 26, 23, 22, 28, 27, 14, 19, 20, 17, 5, 11, 6, 2, 8, 0], [28, 27, 1, 0, 0, 0, 0, 0, 0, 0, 0, 0, 0, 0, 0, 0], [24, 27, 22, 19, 14, 12, 17, 2, 4, 9, 13, 8, 3, 0, 0, 0], [26, 27, 18, 6, 21, 14, 12, 20, 16, 17, 9, 5, 1, 10, 7, 0]]
valid routes=1.0
norm-reward=0.8961092479024155
[ 49 iterations]
real=[[22, 25, 12, 10, 6, 19, 5, 0, 0, 0, 0, 0, 0, 0, 0, 0], [28, 26, 25, 24, 21, 18, 17, 14, 12, 7, 9, 13, 5, 2, 6, 0], [28, 27, 22, 20, 17, 14, 13, 9, 7, 8, 3, 1, 5, 2, 6, 0], [28, 25, 24, 22, 21, 19, 18, 17, 14, 4, 6, 10, 2, 3, 8, 0], [27, 26, 24, 23, 21, 20, 17, 16, 15, 12, 6, 4, 7, 14, 13, 0], [27, 25, 17, 6, 20, 15, 5, 4, 0, 0, 0, 0, 0, 0, 0, 0], [28, 27, 22, 21, 17, 16, 14, 13, 12, 3, 5, 10, 9, 2, 1, 0], [25, 24, 23, 20, 19, 18, 17, 15, 9, 8, 6, 4, 1, 3, 13, 0], [17, 25, 5, 0, 0, 0, 0, 0, 0, 0, 0, 0, 0, 0, 0, 0], [28, 27, 26, 25, 23, 22, 21, 18, 14, 11, 1, 4, 9, 8, 13, 0]]
gen=[[25, 22, 19, 6, 12, 5, 10, 0, 0, 0, 0, 0, 0, 0, 0, 0], [24, 25, 26, 6, 28, 18, 14, 12, 21, 9, 5, 17, 2, 13, 7, 0], [28, 27, 22, 6, 20, 14, 17, 7, 1, 9, 5, 13, 8, 2, 3, 0], [24, 25, 22, 18, 28, 19, 14, 21, 6, 17, 8, 2, 3, 4, 10, 0], [24, 26, 23, 6, 27, 14, 21, 12, 20, 15, 16, 17, 13, 7, 4, 0], [27, 25, 20, 6, 15, 17, 5, 4, 0, 0, 0, 0, 0, 0, 0, 0], [28, 27, 22, 21, 17, 14, 12, 16, 9, 3, 5, 2, 13, 1, 10, 0], [24, 23, 25, 6, 18, 19, 20, 15, 17, 13, 9, 8, 1, 3, 4, 0], [25, 5, 17, 0, 0, 0, 0, 0, 0, 0, 0, 0, 0, 0, 0, 0], [26, 25, 23, 22, 28, 18, 27, 14, 21, 9, 11, 1, 13, 8, 4, 0]]
valid routes=1.0
norm-reward=0.9017531703387881
