read problem
[ 10 iterations]
real= [[16  8  7  0  0  0  0  0  0  0  0  0  0  0]
 [28 15 12  1  0  0  0  0  0  0  0  0  0  0]
 [10  0  0  0  0  0  0  0  0  0  0  0  0  0]
 [21  3  0  0  0  0  0  0  0  0  0  0  0  0]
 [25 21 13  0  0  0  0  0  0  0  0  0  0  0]
 [27 23 15 17 16 25  0  0  0  0  0  0  0  0]
 [28 25  4  1 19 14 10  3 23  0  0  0  0  0]
 [18 20  9 26  0  0  0  0  0  0  0  0  0  0]
 [18  7 14  0  0  0  0  0  0  0  0  0  0  0]
 [ 5 20  3 17  6 24  0  0  0  0  0  0  0  0]]
gen= [[ 7  7  0  0  0  0  0  0  0  0  0  0  0  0]
 [ 0  0  0  0  0  0  0  0  0  0  0  0  0  0]
 [10  0  0  0  0  0  0  0  0  0  0  0  0  0]
 [ 0  0  0  0  0  0  0  0  0  0  0  0  0  0]
 [25 25  0  0  0  0  0  0  0  0  0  0  0  0]
 [17 25 16 25 25  0 25 25 16 16 16  0  0  0]
 [14 14 14 14  0  0 14  0  0  0  0  0  0  0]
 [26 26  0  0  0  0  0  0  0  0  0  0  0  0]
 [14  7 14 14 14  0  0  0 14 14 14  0  0  0]
 [ 0  0  0  0  0  0  6  0  0  0  0  0  0 24]]
valid: gen=0.033
reward: norm=0.947291595510589
[ 20 iterations]
real= [[12 24  0  0  0  0  0  0  0  0  0  0  0  0]
 [22 17 11  5  0  0  0  0  0  0  0  0  0  0]
 [24  0  0  0  0  0  0  0  0  0  0  0  0  0]
 [10  4 23  0  0  0  0  0  0  0  0  0  0  0]
 [ 8 25 15  5  0  0  0  0  0  0  0  0  0  0]
 [ 1  4  9 10 23  0  0  0  0  0  0  0  0  0]
 [28  1 11  0  0  0  0  0  0  0  0  0  0  0]
 [27 23  3 21 20  4  8  0  0  0  0  0  0  0]
 [18  7  0  0  0  0  0  0  0  0  0  0  0  0]
 [20  6 23  5  8  0  0  0  0  0  0  0  0  0]]
gen= [[0 0 0 0 0 0 0 0 0 0 0 0 0 0]
 [0 0 0 0 0 0 0 0 0 0 0 0 0 0]
 [0 0 0 0 0 0 0 0 0 0 0 0 0 0]
 [0 0 0 0 0 0 0 0 0 0 0 0 0 0]
 [0 0 0 0 0 0 0 0 0 0 0 0 0 0]
 [0 0 0 0 0 0 0 0 0 0 0 0 0 0]
 [0 0 0 0 0 0 0 0 0 0 0 0 0 0]
 [0 0 0 0 0 0 0 0 0 0 0 0 0 0]
 [0 0 0 0 0 0 0 0 0 0 0 0 0 0]
 [0 0 0 0 0 0 0 0 0 0 0 0 0 0]]
valid: gen=0.006
reward: norm=0.9048020965211306
[ 30 iterations]
real= [[ 8  0  0  0  0  0  0  0  0  0  0  0  0  0]
 [ 8 25 23 24 14  0  0  0  0  0  0  0  0  0]
 [17  0  0  0  0  0  0  0  0  0  0  0  0  0]
 [23  0  0  0  0  0  0  0  0  0  0  0  0  0]
 [18 17 13 28  4  7  0  0  0  0  0  0  0  0]
 [27  6 14  0  0  0  0  0  0  0  0  0  0  0]
 [19 16  9  8 11  0  0  0  0  0  0  0  0  0]
 [26 24 11  5  0  0  0  0  0  0  0  0  0  0]
 [26  6 13  0  0  0  0  0  0  0  0  0  0  0]
 [11  0  0  0  0  0  0  0  0  0  0  0  0  0]]
gen= [[0 0 0 0 0 0 0 0 0 0 0 0 0 0]
 [0 0 0 0 0 0 0 0 0 0 0 0 0 0]
 [0 0 0 0 0 0 0 0 0 0 0 0 0 0]
 [0 0 0 0 0 0 0 0 0 0 0 0 0 0]
 [0 0 0 0 0 0 0 0 0 0 0 0 0 0]
 [0 0 0 0 0 0 0 0 0 0 0 0 0 0]
 [0 0 0 0 0 0 0 0 0 0 0 0 0 0]
 [0 0 0 0 0 0 0 0 0 0 0 0 0 0]
 [0 0 0 0 0 0 0 0 0 0 0 0 0 0]
 [0 0 0 0 0 0 0 0 0 0 0 0 0 0]]
valid: gen=0.0
reward: norm=0.8940719910594704
[ 40 iterations]
real= [[19 27  0  0  0  0  0  0  0  0  0  0  0  0]
 [ 3 17  0  0  0  0  0  0  0  0  0  0  0  0]
 [15  0  0  0  0  0  0  0  0  0  0  0  0  0]
 [27  7 18 10 17 21 19  0  0  0  0  0  0  0]
 [21 15  5  0  0  0  0  0  0  0  0  0  0  0]
 [ 7  0  0  0  0  0  0  0  0  0  0  0  0  0]
 [19 17  9  8  4  0  0  0  0  0  0  0  0  0]
 [11  6  0  0  0  0  0  0  0  0  0  0  0  0]
 [ 8 17  0  0  0  0  0  0  0  0  0  0  0  0]
 [19 17  0  0  0  0  0  0  0  0  0  0  0  0]]
gen= [[0 0 0 0 0 0 0 0 0 0 0 0 0 0]
 [0 0 0 0 0 0 0 0 0 0 0 0 0 0]
 [0 0 0 0 0 0 0 0 0 0 0 0 0 0]
 [0 0 0 0 0 0 0 0 0 0 0 0 0 0]
 [0 0 0 0 0 0 0 0 0 0 0 0 0 0]
 [0 0 0 0 0 0 0 0 0 0 0 0 0 0]
 [0 0 0 0 0 0 0 0 0 0 0 0 0 0]
 [0 0 0 0 0 0 0 0 0 0 0 0 0 0]
 [0 0 0 0 0 0 0 0 0 0 0 0 0 0]
 [0 0 0 0 0 0 0 0 0 0 0 0 0 0]]
valid: gen=0.0
reward: norm=0.8964565123160108
[ 50 iterations]
real= [[28  0  0  0  0  0  0  0  0  0  0  0  0  0]
 [12  5  0  0  0  0  0  0  0  0  0  0  0  0]
 [28  9  3 21 12 26  0  0  0  0  0  0  0  0]
 [18 26 12 23  0  0  0  0  0  0  0  0  0  0]
 [13  4 11 23  0  0  0  0  0  0  0  0  0  0]
 [26  0  0  0  0  0  0  0  0  0  0  0  0  0]
 [21 10  8  0  0  0  0  0  0  0  0  0  0  0]
 [ 5  0  0  0  0  0  0  0  0  0  0  0  0  0]
 [25 17 13 22  0  0  0  0  0  0  0  0  0  0]
 [18 20 10  0  0  0  0  0  0  0  0  0  0  0]]
gen= [[0 0 0 0 0 0 0 0 0 0 0 0 0 0]
 [0 0 0 0 0 0 0 0 0 0 0 0 0 0]
 [0 0 0 0 0 0 0 0 0 0 0 0 0 0]
 [0 0 0 0 0 0 0 0 0 0 0 0 0 0]
 [0 0 0 0 0 0 0 0 0 0 0 0 0 0]
 [0 0 0 0 0 0 0 0 0 0 0 0 0 0]
 [0 0 0 0 0 0 0 0 0 0 0 0 0 0]
 [0 0 0 0 0 0 0 0 0 0 0 0 0 0]
 [0 0 0 0 0 0 0 0 0 0 0 0 0 0]
 [0 0 0 0 0 0 0 0 0 0 0 0 0 0]]
valid: gen=0.0
reward: norm=0.8996821761700194
[ 60 iterations]
real= [[16  8  7  0  0  0  0  0  0  0  0  0  0  0]
 [28 15 12  1  0  0  0  0  0  0  0  0  0  0]
 [10  0  0  0  0  0  0  0  0  0  0  0  0  0]
 [21  3  0  0  0  0  0  0  0  0  0  0  0  0]
 [25 21 13  0  0  0  0  0  0  0  0  0  0  0]
 [27 23 15 17 16 25  0  0  0  0  0  0  0  0]
 [28 25  4  1 19 14 10  3 23  0  0  0  0  0]
 [18 20  9 26  0  0  0  0  0  0  0  0  0  0]
 [18  7 14  0  0  0  0  0  0  0  0  0  0  0]
 [ 5 20  3 17  6 24  0  0  0  0  0  0  0  0]]
gen= [[0 0 0 0 0 0 0 0 0 0 0 0 0 0]
 [0 0 0 0 0 0 0 0 0 0 0 0 0 0]
 [0 0 0 0 0 0 0 0 0 0 0 0 0 0]
 [0 0 0 0 0 0 0 0 0 0 0 0 0 0]
 [0 0 0 0 0 0 0 0 0 0 0 0 0 0]
 [0 0 0 0 0 0 0 0 0 0 0 0 0 0]
 [0 0 0 0 0 0 0 0 0 0 0 0 0 0]
 [0 0 0 0 0 0 0 0 0 0 0 0 0 0]
 [0 0 0 0 0 0 0 0 0 0 0 0 0 0]
 [0 0 0 0 0 0 0 0 0 0 0 0 0 0]]
valid: gen=0.0
reward: norm=0.8995271063083873
[ 70 iterations]
real= [[12 24  0  0  0  0  0  0  0  0  0  0  0  0]
 [22 17 11  5  0  0  0  0  0  0  0  0  0  0]
 [24  0  0  0  0  0  0  0  0  0  0  0  0  0]
 [10  4 23  0  0  0  0  0  0  0  0  0  0  0]
 [ 8 25 15  5  0  0  0  0  0  0  0  0  0  0]
 [ 1  4  9 10 23  0  0  0  0  0  0  0  0  0]
 [28  1 11  0  0  0  0  0  0  0  0  0  0  0]
 [27 23  3 21 20  4  8  0  0  0  0  0  0  0]
 [18  7  0  0  0  0  0  0  0  0  0  0  0  0]
 [20  6 23  5  8  0  0  0  0  0  0  0  0  0]]
gen= [[0 0 0 0 0 0 0 0 0 0 0 0 0 0]
 [0 0 0 0 0 0 0 0 0 0 0 0 0 0]
 [0 0 0 0 0 0 0 0 0 0 0 0 0 0]
 [0 0 0 0 0 0 0 0 0 0 0 0 0 0]
 [0 0 0 0 0 0 0 0 0 0 0 0 0 0]
 [0 0 0 0 0 0 0 0 0 0 0 0 0 0]
 [0 0 0 0 0 0 0 0 0 0 0 0 0 0]
 [0 0 0 0 0 0 0 0 0 0 0 0 0 0]
 [0 0 0 0 0 0 0 0 0 0 0 0 0 0]
 [0 0 0 0 0 0 0 0 0 0 0 0 0 0]]
valid: gen=0.005
reward: norm=0.905770382733869
[ 80 iterations]
real= [[ 8  0  0  0  0  0  0  0  0  0  0  0  0  0]
 [ 8 25 23 24 14  0  0  0  0  0  0  0  0  0]
 [17  0  0  0  0  0  0  0  0  0  0  0  0  0]
 [23  0  0  0  0  0  0  0  0  0  0  0  0  0]
 [18 17 13 28  4  7  0  0  0  0  0  0  0  0]
 [27  6 14  0  0  0  0  0  0  0  0  0  0  0]
 [19 16  9  8 11  0  0  0  0  0  0  0  0  0]
 [26 24 11  5  0  0  0  0  0  0  0  0  0  0]
 [26  6 13  0  0  0  0  0  0  0  0  0  0  0]
 [11  0  0  0  0  0  0  0  0  0  0  0  0  0]]
gen= [[ 0  0  0  0  0  0  0  0  0  0  0  0  0  0]
 [ 0  0  0  0  0  0  0  0  0  0  0  0  0  0]
 [17  0  0  0  0  0  0  0  0  0  0  0  0  0]
 [ 0  0  0  0  0  0  0  0  0  0  0  0  0  0]
 [ 0  0  0  0  0  0  0  0  0  0  0  0  0  0]
 [ 0  0  0  0  0  0  0  0  0  0  0  0  0  0]
 [ 0  0  0  0  0  0  0  0  0  0  0  0  0  0]
 [ 0  0  0  0  0  0  0  0  0  0  0  0  0  0]
 [ 0  0  0  0  0  0  0  0  0  0  0  0  0  0]
 [ 0  0  0  0  0  0  0  0  0  0  0  0  0  0]]
valid: gen=0.013
reward: norm=0.8889735221507974
[ 90 iterations]
real= [[19 27  0  0  0  0  0  0  0  0  0  0  0  0]
 [ 3 17  0  0  0  0  0  0  0  0  0  0  0  0]
 [15  0  0  0  0  0  0  0  0  0  0  0  0  0]
 [27  7 18 10 17 21 19  0  0  0  0  0  0  0]
 [21 15  5  0  0  0  0  0  0  0  0  0  0  0]
 [ 7  0  0  0  0  0  0  0  0  0  0  0  0  0]
 [19 17  9  8  4  0  0  0  0  0  0  0  0  0]
 [11  6  0  0  0  0  0  0  0  0  0  0  0  0]
 [ 8 17  0  0  0  0  0  0  0  0  0  0  0  0]
 [19 17  0  0  0  0  0  0  0  0  0  0  0  0]]
gen= [[0 0 0 0 0 0 0 0 0 0 0 0 0 0]
 [0 0 0 0 0 0 0 0 0 0 0 0 0 0]
 [0 0 0 0 0 0 0 0 0 0 0 0 0 0]
 [0 0 0 0 0 0 0 0 0 0 0 0 0 0]
 [0 0 0 0 0 0 0 0 0 0 0 0 0 0]
 [0 0 0 0 0 0 0 0 0 0 0 0 0 0]
 [0 0 0 0 0 0 0 0 0 0 0 0 0 0]
 [0 0 0 0 0 0 0 0 0 0 0 0 0 0]
 [0 0 0 0 0 0 0 0 0 0 0 0 0 0]
 [0 0 0 0 0 0 0 0 0 0 0 0 0 0]]
valid: gen=0.016
reward: norm=0.8903091546680756
[ 100 iterations]
real= [[28  0  0  0  0  0  0  0  0  0  0  0  0  0]
 [12  5  0  0  0  0  0  0  0  0  0  0  0  0]
 [28  9  3 21 12 26  0  0  0  0  0  0  0  0]
 [18 26 12 23  0  0  0  0  0  0  0  0  0  0]
 [13  4 11 23  0  0  0  0  0  0  0  0  0  0]
 [26  0  0  0  0  0  0  0  0  0  0  0  0  0]
 [21 10  8  0  0  0  0  0  0  0  0  0  0  0]
 [ 5  0  0  0  0  0  0  0  0  0  0  0  0  0]
 [25 17 13 22  0  0  0  0  0  0  0  0  0  0]
 [18 20 10  0  0  0  0  0  0  0  0  0  0  0]]
gen= [[ 0  0  0  0  0  0  0  0  0  0  0  0  0  0]
 [ 5  5  0  0  0  0  0  0  0  0  0  0  0  0]
 [ 0  0  0  0  0  0  0  0  0  0  0  0  0  0]
 [ 0  0  0  0  0  0  0  0  0  0  0  0  0  0]
 [ 0  0  0  0  0  0  0  0  0  0  0  0  0  0]
 [ 0  0  0  0  0  0  0  0  0  0  0  0  0  0]
 [ 0  0  0  0  0  0  0  0  0  0  0  0  0  0]
 [ 0  0  0  0  0  0  0  0  0  0  0  0  0  0]
 [17 17  0  0  0  0  0  0  0  0  0  0  0  0]
 [ 0  0  0  0  0  0  0  0  0  0  0  0  0  0]]
valid: gen=0.017
reward: norm=0.888427583952895
[ 110 iterations]
real= [[16  8  7  0  0  0  0  0  0  0  0  0  0  0]
 [28 15 12  1  0  0  0  0  0  0  0  0  0  0]
 [10  0  0  0  0  0  0  0  0  0  0  0  0  0]
 [21  3  0  0  0  0  0  0  0  0  0  0  0  0]
 [25 21 13  0  0  0  0  0  0  0  0  0  0  0]
 [27 23 15 17 16 25  0  0  0  0  0  0  0  0]
 [28 25  4  1 19 14 10  3 23  0  0  0  0  0]
 [18 20  9 26  0  0  0  0  0  0  0  0  0  0]
 [18  7 14  0  0  0  0  0  0  0  0  0  0  0]
 [ 5 20  3 17  6 24  0  0  0  0  0  0  0  0]]
gen= [[ 0  0  0  0  0  0  0  0  0  0  0  0  0  0]
 [ 1  0  0  0  0  0  0  0  0  0  0  0  0  0]
 [ 0  0  0  0  0  0  0  0  0  0  0  0  0  0]
 [ 0  0  0  0  0  0  0  0  0  0  0  0  0  0]
 [ 0  0  0  0  0  0  0  0  0  0  0  0  0  0]
 [17 17  0  0  0  0  0  0  0  0  0  0  0  0]
 [ 0 25  0  0  0  0  0  0  0  0  0  0  0  0]
 [ 0  0  0  0  0  0  0  0  0  0  0  0  0  0]
 [ 0  0  0  0  0  0  0  0  0  0  0  0  0  0]
 [ 5  5  0  0  0  0  0  0  0  0  0  0  0  0]]
valid: gen=0.02
reward: norm=0.8836255474537196
[ 120 iterations]
real= [[12 24  0  0  0  0  0  0  0  0  0  0  0  0]
 [22 17 11  5  0  0  0  0  0  0  0  0  0  0]
 [24  0  0  0  0  0  0  0  0  0  0  0  0  0]
 [10  4 23  0  0  0  0  0  0  0  0  0  0  0]
 [ 8 25 15  5  0  0  0  0  0  0  0  0  0  0]
 [ 1  4  9 10 23  0  0  0  0  0  0  0  0  0]
 [28  1 11  0  0  0  0  0  0  0  0  0  0  0]
 [27 23  3 21 20  4  8  0  0  0  0  0  0  0]
 [18  7  0  0  0  0  0  0  0  0  0  0  0  0]
 [20  6 23  5  8  0  0  0  0  0  0  0  0  0]]
gen= [[ 0  0  0  0  0  0  0  0  0  0  0  0  0  0]
 [ 0  5  0  0  0  0  0  0  0  0  0  0  0  0]
 [24  0  0  0  0  0  0  0  0  0  0  0  0  0]
 [ 4  0 10 10 10  0  0  0  0  0  0  0  0  0]
 [ 0  0  0  0  0  0  0  0  0  0  0  0  0  0]
 [ 1 23  0 10  0  0  0  0  0  0  0  0  0  0]
 [ 0  0  1  1  0  0  0  0  0  0  0  0  0  0]
 [20  0  0  0  0  0  0  0  0  0  0  0  0  0]
 [ 0  0  0  0  0  0  0  0  0  0  0  0  0  0]
 [ 5  0  0  0  0  0  0  0  0  0  0  0  0  0]]
valid: gen=0.038
reward: norm=0.878258611872005
[ 130 iterations]
real= [[ 8  0  0  0  0  0  0  0  0  0  0  0  0  0]
 [ 8 25 23 24 14  0  0  0  0  0  0  0  0  0]
 [17  0  0  0  0  0  0  0  0  0  0  0  0  0]
 [23  0  0  0  0  0  0  0  0  0  0  0  0  0]
 [18 17 13 28  4  7  0  0  0  0  0  0  0  0]
 [27  6 14  0  0  0  0  0  0  0  0  0  0  0]
 [19 16  9  8 11  0  0  0  0  0  0  0  0  0]
 [26 24 11  5  0  0  0  0  0  0  0  0  0  0]
 [26  6 13  0  0  0  0  0  0  0  0  0  0  0]
 [11  0  0  0  0  0  0  0  0  0  0  0  0  0]]
gen= [[ 8  0  0  0  0  0  0  0  0  0  0  0  0  0]
 [24 25  0  0  0  0  0  0  0  0  0  0  0  0]
 [ 0  0  0  0  0  0  0  0  0  0  0  0  0  0]
 [23  0  0  0  0  0  0  0  0  0  0  0  0  0]
 [17  0  0  0  0  0  0  0  0  0  0  0  0  0]
 [ 0 14 14  0  0  0  0  0  0  0  0  0  0  0]
 [ 0  0  0  0  0  0  0  0  0  0  0  0  0  0]
 [ 0  0  5  5  0  0  0  0  0  0  0  0  0  0]
 [ 0  0  0  0  0  0  0  0  0  0  0  0  0  0]
 [11  0  0  0  0  0  0  0  0  0  0  0  0  0]]
valid: gen=0.041
reward: norm=0.8637424538418098
[ 140 iterations]
real= [[19 27  0  0  0  0  0  0  0  0  0  0  0  0]
 [ 3 17  0  0  0  0  0  0  0  0  0  0  0  0]
 [15  0  0  0  0  0  0  0  0  0  0  0  0  0]
 [27  7 18 10 17 21 19  0  0  0  0  0  0  0]
 [21 15  5  0  0  0  0  0  0  0  0  0  0  0]
 [ 7  0  0  0  0  0  0  0  0  0  0  0  0  0]
 [19 17  9  8  4  0  0  0  0  0  0  0  0  0]
 [11  6  0  0  0  0  0  0  0  0  0  0  0  0]
 [ 8 17  0  0  0  0  0  0  0  0  0  0  0  0]
 [19 17  0  0  0  0  0  0  0  0  0  0  0  0]]
gen= [[27  0  0  0  0  0  0  0  0  0  0  0  0  0]
 [17 17 17 17  0  0  0  0  0  0  0  0  0  0]
 [ 0  0  0  0  0  0  0  0  0  0  0  0  0  0]
 [17 17  0  0  0  0  0  0  0  0  0  0  0  0]
 [ 5  0  0  0  0  0  0  0  0  0  0  0  0  0]
 [ 7  0  0  0  0  0  0  0  0  0  0  0  0  0]
 [17  0  0  0  0  0  0  0  0  0  0  0  0  0]
 [11  0  0  0  0  0  0  0  0  0  0  0  0  0]
 [ 0  0  0  0  0  0  0  0  0  0  0  0  0  0]
 [ 0  0  0  0  0  0  0  0  0  0  0  0  0  0]]
valid: gen=0.041
reward: norm=0.8595320867567011
[ 150 iterations]
real= [[28  0  0  0  0  0  0  0  0  0  0  0  0  0]
 [12  5  0  0  0  0  0  0  0  0  0  0  0  0]
 [28  9  3 21 12 26  0  0  0  0  0  0  0  0]
 [18 26 12 23  0  0  0  0  0  0  0  0  0  0]
 [13  4 11 23  0  0  0  0  0  0  0  0  0  0]
 [26  0  0  0  0  0  0  0  0  0  0  0  0  0]
 [21 10  8  0  0  0  0  0  0  0  0  0  0  0]
 [ 5  0  0  0  0  0  0  0  0  0  0  0  0  0]
 [25 17 13 22  0  0  0  0  0  0  0  0  0  0]
 [18 20 10  0  0  0  0  0  0  0  0  0  0  0]]
gen= [[ 0 28  0  0  0  0  0  0  0  0  0  0  0  0]
 [ 5  0  0  0  0  0  0  0  0  0  0  0  0  0]
 [ 9 21  0  0  0  0  0  0  0  0  0  0  0  0]
 [26 26  0  0  0  0  0  0  0  0  0  0  0  0]
 [23  0  0  0  0  0  0  0  0  0  0  0  0  0]
 [26  0  0  0  0  0  0  0  0  0  0  0  0  0]
 [10  0  0  0  0  0  0  0  0  0  0  0  0  0]
 [ 5  0  0  0  0  0  0  0  0  0  0  0  0  0]
 [ 0  0  0  0  0  0  0  0  0  0  0  0  0  0]
 [20  0  0  0  0  0  0  0  0  0  0  0  0  0]]
valid: gen=0.032
reward: norm=0.8755222283461384
[ 160 iterations]
real= [[16  8  7  0  0  0  0  0  0  0  0  0  0  0]
 [28 15 12  1  0  0  0  0  0  0  0  0  0  0]
 [10  0  0  0  0  0  0  0  0  0  0  0  0  0]
 [21  3  0  0  0  0  0  0  0  0  0  0  0  0]
 [25 21 13  0  0  0  0  0  0  0  0  0  0  0]
 [27 23 15 17 16 25  0  0  0  0  0  0  0  0]
 [28 25  4  1 19 14 10  3 23  0  0  0  0  0]
 [18 20  9 26  0  0  0  0  0  0  0  0  0  0]
 [18  7 14  0  0  0  0  0  0  0  0  0  0  0]
 [ 5 20  3 17  6 24  0  0  0  0  0  0  0  0]]
gen= [[ 0  0  0  0  0  0  0  0  0  0  0  0  0  0]
 [ 0  0  0  0  0  0  0  0  0  0  0  0  0  0]
 [10  0  0  0  0  0  0  0  0  0  0  0  0  0]
 [ 0  0  0  0  0  0  0  0  0  0  0  0  0  0]
 [ 0  0  0  0  0  0  0  0  0  0  0  0  0  0]
 [17  0  0  0  0  0  0  0  0  0  0  0  0  0]
 [10  0  0  0  0  0  0  0  0  0  0  0  0  0]
 [20 20  0  0  0  0  0  0  0  0  0  0  0  0]
 [ 0  0  0  0  0  0  0  0  0  0  0  0  0  0]
 [17  0  0  0  0  0  0  0  0  0  0  0  0  0]]
valid: gen=0.03
reward: norm=0.8755050798614125
[ 170 iterations]
real= [[12 24  0  0  0  0  0  0  0  0  0  0  0  0]
 [22 17 11  5  0  0  0  0  0  0  0  0  0  0]
 [24  0  0  0  0  0  0  0  0  0  0  0  0  0]
 [10  4 23  0  0  0  0  0  0  0  0  0  0  0]
 [ 8 25 15  5  0  0  0  0  0  0  0  0  0  0]
 [ 1  4  9 10 23  0  0  0  0  0  0  0  0  0]
 [28  1 11  0  0  0  0  0  0  0  0  0  0  0]
 [27 23  3 21 20  4  8  0  0  0  0  0  0  0]
 [18  7  0  0  0  0  0  0  0  0  0  0  0  0]
 [20  6 23  5  8  0  0  0  0  0  0  0  0  0]]
gen= [[ 0  0  0  0  0  0  0  0  0  0  0  0  0  0]
 [ 0  0  0  0  0  0  0  0  0  0  0  0  0  0]
 [ 0  0  0  0  0  0  0  0  0  0  0  0  0  0]
 [10  0  0  0  0  0  0  0  0  0  0  0  0  0]
 [25  0  0  0  0  0  0  0  0  0  0  0  0  0]
 [ 0  0  0  0  0  0  0  0  0  0  0  0  0  0]
 [ 0  0  0  0  0  0  0  0  0  0  0  0  0  0]
 [ 0  0  0  0  0  0  0  0  0  0  0  0  0  0]
 [ 0  0  0  0  0  0  0  0  0  0  0  0  0  0]
 [ 0  5  0  0  0  0  0  0  0  0  0  0  0  0]]
valid: gen=0.047
reward: norm=0.8816033654226155
[ 180 iterations]
real= [[ 8  0  0  0  0  0  0  0  0  0  0  0  0  0]
 [ 8 25 23 24 14  0  0  0  0  0  0  0  0  0]
 [17  0  0  0  0  0  0  0  0  0  0  0  0  0]
 [23  0  0  0  0  0  0  0  0  0  0  0  0  0]
 [18 17 13 28  4  7  0  0  0  0  0  0  0  0]
 [27  6 14  0  0  0  0  0  0  0  0  0  0  0]
 [19 16  9  8 11  0  0  0  0  0  0  0  0  0]
 [26 24 11  5  0  0  0  0  0  0  0  0  0  0]
 [26  6 13  0  0  0  0  0  0  0  0  0  0  0]
 [11  0  0  0  0  0  0  0  0  0  0  0  0  0]]
gen= [[ 0  0  0  0  0  0  0  0  0  0  0  0  0  0]
 [ 0  0  0  0  0  0  0  0  0  0  0  0  0  0]
 [17  0  0  0  0  0  0  0  0  0  0  0  0  0]
 [23  0  0  0  0  0  0  0  0  0  0  0  0  0]
 [17  0  0  0  0  0  0  0  0  0  0  0  0  0]
 [14  0  0  0  0  0  0  0  0  0  0  0  0  0]
 [ 9  0  0  0  0  0  0  0  0  0  0  0  0  0]
 [ 0  0  0  0  0  0  0  0  0  0  0  0  0  0]
 [26  0  0  0  0  0  0  0  0  0  0  0  0  0]
 [ 0  0  0  0  0  0  0  0  0  0  0  0  0  0]]
valid: gen=0.059
reward: norm=0.8582201214967136
[ 190 iterations]
real= [[19 27  0  0  0  0  0  0  0  0  0  0  0  0]
 [ 3 17  0  0  0  0  0  0  0  0  0  0  0  0]
 [15  0  0  0  0  0  0  0  0  0  0  0  0  0]
 [27  7 18 10 17 21 19  0  0  0  0  0  0  0]
 [21 15  5  0  0  0  0  0  0  0  0  0  0  0]
 [ 7  0  0  0  0  0  0  0  0  0  0  0  0  0]
 [19 17  9  8  4  0  0  0  0  0  0  0  0  0]
 [11  6  0  0  0  0  0  0  0  0  0  0  0  0]
 [ 8 17  0  0  0  0  0  0  0  0  0  0  0  0]
 [19 17  0  0  0  0  0  0  0  0  0  0  0  0]]
gen= [[19  0  0  0  0  0  0  0  0  0  0  0  0  0]
 [17  0  0  0  0  0  0  0  0  0  0  0  0  0]
 [15  0  0  0  0  0  0  0  0  0  0  0  0  0]
 [10  0  0  0  0  0  0  0  0  0  0  0  0  0]
 [ 0  0  0  0  0  0  0  0  0  0  0  0  0  0]
 [ 0  0  0  0  0  0  0  0  0  0  0  0  0  0]
 [17  0  0  0  0  0  0  0  0  0  0  0  0  0]
 [11  0  0  0  0  0  0  0  0  0  0  0  0  0]
 [ 0  0  0  0  0  0  0  0  0  0  0  0  0  0]
 [17  0  0  0  0  0  0  0  0  0  0  0  0  0]]
valid: gen=0.075
reward: norm=0.8429632376389987
[ 200 iterations]
real= [[28  0  0  0  0  0  0  0  0  0  0  0  0  0]
 [12  5  0  0  0  0  0  0  0  0  0  0  0  0]
 [28  9  3 21 12 26  0  0  0  0  0  0  0  0]
 [18 26 12 23  0  0  0  0  0  0  0  0  0  0]
 [13  4 11 23  0  0  0  0  0  0  0  0  0  0]
 [26  0  0  0  0  0  0  0  0  0  0  0  0  0]
 [21 10  8  0  0  0  0  0  0  0  0  0  0  0]
 [ 5  0  0  0  0  0  0  0  0  0  0  0  0  0]
 [25 17 13 22  0  0  0  0  0  0  0  0  0  0]
 [18 20 10  0  0  0  0  0  0  0  0  0  0  0]]
gen= [[28  0  0  0  0  0  0  0  0  0  0  0  0  0]
 [ 0  5  5  0  0  0  0  0  0  0  0  0  0  0]
 [21 21 21  0  0  0  0  0  0  0  0  0  0  0]
 [ 0  0 26 26  0  0  0  0  0  0  0  0  0  0]
 [11 11  0  0  0  0  0  0  0  0  0  0  0  0]
 [26  0  0  0  0  0  0  0  0  0  0  0  0  0]
 [ 0 10 10  0  0  0  0  0  0  0  0  0  0  0]
 [ 5  5  0  0  0  0  0  0  0  0  0  0  0  0]
 [17 25 25  0  0  0  0  0  0  0  0  0  0  0]
 [10 10 10  0  0  0  0  0  0  0  0  0  0  0]]
valid: gen=0.061
reward: norm=0.8282910729576886
[ 210 iterations]
real= [[16  8  7  0  0  0  0  0  0  0  0  0  0  0]
 [28 15 12  1  0  0  0  0  0  0  0  0  0  0]
 [10  0  0  0  0  0  0  0  0  0  0  0  0  0]
 [21  3  0  0  0  0  0  0  0  0  0  0  0  0]
 [25 21 13  0  0  0  0  0  0  0  0  0  0  0]
 [27 23 15 17 16 25  0  0  0  0  0  0  0  0]
 [28 25  4  1 19 14 10  3 23  0  0  0  0  0]
 [18 20  9 26  0  0  0  0  0  0  0  0  0  0]
 [18  7 14  0  0  0  0  0  0  0  0  0  0  0]
 [ 5 20  3 17  6 24  0  0  0  0  0  0  0  0]]
gen= [[ 8  8  0  0  0  0  0  0  0  0  0  0  0  0]
 [ 1  1 15  0  0  0  0  0  0  0  0  0  0  0]
 [10 10  0  0  0  0  0  0  0  0  0  0  0  0]
 [21  0  0  0  0  0  0  0  0  0  0  0  0  0]
 [25 25  0  0  0  0  0  0  0  0  0  0  0  0]
 [15 15 25  0  0  0  0  0  0  0  0  0  0  0]
 [10 10 10  0  0  0  0  0  0  0  0  0  0  0]
 [20 20 20 20  0  0  0  0  0  0  0  0  0  0]
 [14 14 14  0  0  0  0  0  0  0  0  0  0  0]
 [20  6  6  0  0  0  0  0  0  0  0  0  0  0]]
valid: gen=0.048
reward: norm=0.822284113248264
[ 220 iterations]
real= [[12 24  0  0  0  0  0  0  0  0  0  0  0  0]
 [22 17 11  5  0  0  0  0  0  0  0  0  0  0]
 [24  0  0  0  0  0  0  0  0  0  0  0  0  0]
 [10  4 23  0  0  0  0  0  0  0  0  0  0  0]
 [ 8 25 15  5  0  0  0  0  0  0  0  0  0  0]
 [ 1  4  9 10 23  0  0  0  0  0  0  0  0  0]
 [28  1 11  0  0  0  0  0  0  0  0  0  0  0]
 [27 23  3 21 20  4  8  0  0  0  0  0  0  0]
 [18  7  0  0  0  0  0  0  0  0  0  0  0  0]
 [20  6 23  5  8  0  0  0  0  0  0  0  0  0]]
gen= [[24 24  0  0  0  0  0  0  0  0  0  0  0  0]
 [11  0  0  0  0  0  0  0  0  0  0  0  0  0]
 [24 24  0  0  0  0  0  0  0  0  0  0  0  0]
 [10 10  0  0  0  0  0  0  0  0  0  0  0  0]
 [ 8  8  0  0  0  0  0  0  0  0  0  0  0  0]
 [10 10  0  0  0  0  0  0  0  0  0  0  0  0]
 [11 11 11  0  0  0  0  0  0  0  0  0  0  0]
 [ 8  8  0  0  0  0  0  0  0  0  0  0  0  0]
 [ 7  0  0  0  0  0  0  0  0  0  0  0  0  0]
 [ 6  6  0  0  0  0  0  0  0  0  0  0  0  0]]
valid: gen=0.096
reward: norm=0.8254124610817434
[ 230 iterations]
real= [[ 8  0  0  0  0  0  0  0  0  0  0  0  0  0]
 [ 8 25 23 24 14  0  0  0  0  0  0  0  0  0]
 [17  0  0  0  0  0  0  0  0  0  0  0  0  0]
 [23  0  0  0  0  0  0  0  0  0  0  0  0  0]
 [18 17 13 28  4  7  0  0  0  0  0  0  0  0]
 [27  6 14  0  0  0  0  0  0  0  0  0  0  0]
 [19 16  9  8 11  0  0  0  0  0  0  0  0  0]
 [26 24 11  5  0  0  0  0  0  0  0  0  0  0]
 [26  6 13  0  0  0  0  0  0  0  0  0  0  0]
 [11  0  0  0  0  0  0  0  0  0  0  0  0  0]]
gen= [[ 8  0  0  0  0  0  0  0  0  0  0  0  0  0]
 [ 8  8  0  0  0  0  0  0  0  0  0  0  0  0]
 [ 0  0  0  0  0  0  0  0  0  0  0  0  0  0]
 [23  0  0  0  0  0  0  0  0  0  0  0  0  0]
 [17  0  0  0  0  0  0  0  0  0  0  0  0  0]
 [ 6  6  0  0  0  0  0  0  0  0  0  0  0  0]
 [ 0  0  0  0  0  0  0  0  0  0  0  0  0  0]
 [11  0  0  0  0  0  0  0  0  0  0  0  0  0]
 [ 6  6  0  0  0  0  0  0  0  0  0  0  0  0]
 [11  0  0  0  0  0  0  0  0  0  0  0  0  0]]
valid: gen=0.092
reward: norm=0.8289166072576513
[ 240 iterations]
real= [[19 27  0  0  0  0  0  0  0  0  0  0  0  0]
 [ 3 17  0  0  0  0  0  0  0  0  0  0  0  0]
 [15  0  0  0  0  0  0  0  0  0  0  0  0  0]
 [27  7 18 10 17 21 19  0  0  0  0  0  0  0]
 [21 15  5  0  0  0  0  0  0  0  0  0  0  0]
 [ 7  0  0  0  0  0  0  0  0  0  0  0  0  0]
 [19 17  9  8  4  0  0  0  0  0  0  0  0  0]
 [11  6  0  0  0  0  0  0  0  0  0  0  0  0]
 [ 8 17  0  0  0  0  0  0  0  0  0  0  0  0]
 [19 17  0  0  0  0  0  0  0  0  0  0  0  0]]
gen= [[19  0  0  0  0  0  0  0  0  0  0  0  0  0]
 [ 3  0  0  0  0  0  0  0  0  0  0  0  0  0]
 [15  0  0  0  0  0  0  0  0  0  0  0  0  0]
 [10  0  0  0  0  0  0  0  0  0  0  0  0  0]
 [ 0  0  0  0  0  0  0  0  0  0  0  0  0  0]
 [ 0  0  0  0  0  0  0  0  0  0  0  0  0  0]
 [ 0  0  0  0  0  0  0  0  0  0  0  0  0  0]
 [11  0  0  0  0  0  0  0  0  0  0  0  0  0]
 [ 8  0  0  0  0  0  0  0  0  0  0  0  0  0]
 [17  0  0  0  0  0  0  0  0  0  0  0  0  0]]
valid: gen=0.079
reward: norm=0.8343083105276305
[ 250 iterations]
real= [[28  0  0  0  0  0  0  0  0  0  0  0  0  0]
 [12  5  0  0  0  0  0  0  0  0  0  0  0  0]
 [28  9  3 21 12 26  0  0  0  0  0  0  0  0]
 [18 26 12 23  0  0  0  0  0  0  0  0  0  0]
 [13  4 11 23  0  0  0  0  0  0  0  0  0  0]
 [26  0  0  0  0  0  0  0  0  0  0  0  0  0]
 [21 10  8  0  0  0  0  0  0  0  0  0  0  0]
 [ 5  0  0  0  0  0  0  0  0  0  0  0  0  0]
 [25 17 13 22  0  0  0  0  0  0  0  0  0  0]
 [18 20 10  0  0  0  0  0  0  0  0  0  0  0]]
gen= [[28  0  0  0  0  0  0  0  0  0  0  0  0  0]
 [ 0  0  0  0  0  0  0  0  0  0  0  0  0  0]
 [26  3  0  0  0  0  0  0  0  0  0  0  0  0]
 [26  0  0  0  0  0  0  0  0  0  0  0  0  0]
 [11 11  0  0  0  0  0  0  0  0  0  0  0  0]
 [26  0  0  0  0  0  0  0  0  0  0  0  0  0]
 [ 0  0  0  0  0  0  0  0  0  0  0  0  0  0]
 [ 5  0  0  0  0  0  0  0  0  0  0  0  0  0]
 [22  0  0  0  0  0  0  0  0  0  0  0  0  0]
 [10 10  0  0  0  0  0  0  0  0  0  0  0  0]]
valid: gen=0.106
reward: norm=0.8311685900444222
[ 260 iterations]
real= [[16  8  7  0  0  0  0  0  0  0  0  0  0  0]
 [28 15 12  1  0  0  0  0  0  0  0  0  0  0]
 [10  0  0  0  0  0  0  0  0  0  0  0  0  0]
 [21  3  0  0  0  0  0  0  0  0  0  0  0  0]
 [25 21 13  0  0  0  0  0  0  0  0  0  0  0]
 [27 23 15 17 16 25  0  0  0  0  0  0  0  0]
 [28 25  4  1 19 14 10  3 23  0  0  0  0  0]
 [18 20  9 26  0  0  0  0  0  0  0  0  0  0]
 [18  7 14  0  0  0  0  0  0  0  0  0  0  0]
 [ 5 20  3 17  6 24  0  0  0  0  0  0  0  0]]
gen= [[ 8  0  0  0  0  0  0  0  0  0  0  0  0  0]
 [ 1  0  0  0  0  0  0  0  0  0  0  0  0  0]
 [10  0  0  0  0  0  0  0  0  0  0  0  0  0]
 [ 3  0  0  0  0  0  0  0  0  0  0  0  0  0]
 [21 25  0  0  0  0  0  0  0  0  0  0  0  0]
 [23  0  0  0  0  0  0  0  0  0  0  0  0  0]
 [10  3  0  0  0  0  0  0  0  0  0  0  0  0]
 [26  0  0  0  0  0  0  0  0  0  0  0  0  0]
 [14  0  0  0  0  0  0  0  0  0  0  0  0  0]
 [ 6  6  0  0  0  0  0  0  0  0  0  0  0  0]]
valid: gen=0.105
reward: norm=0.8361793050185217
[ 270 iterations]
real= [[12 24  0  0  0  0  0  0  0  0  0  0  0  0]
 [22 17 11  5  0  0  0  0  0  0  0  0  0  0]
 [24  0  0  0  0  0  0  0  0  0  0  0  0  0]
 [10  4 23  0  0  0  0  0  0  0  0  0  0  0]
 [ 8 25 15  5  0  0  0  0  0  0  0  0  0  0]
 [ 1  4  9 10 23  0  0  0  0  0  0  0  0  0]
 [28  1 11  0  0  0  0  0  0  0  0  0  0  0]
 [27 23  3 21 20  4  8  0  0  0  0  0  0  0]
 [18  7  0  0  0  0  0  0  0  0  0  0  0  0]
 [20  6 23  5  8  0  0  0  0  0  0  0  0  0]]
gen= [[24  0  0  0  0  0  0  0  0  0  0  0  0  0]
 [11  0  0  0  0  0  0  0  0  0  0  0  0  0]
 [24  0  0  0  0  0  0  0  0  0  0  0  0  0]
 [10  0  0  0  0  0  0  0  0  0  0  0  0  0]
 [25  0  0  0  0  0  0  0  0  0  0  0  0  0]
 [10  0  0  0  0  0  0  0  0  0  0  0  0  0]
 [11  0  0  0  0  0  0  0  0  0  0  0  0  0]
 [21  3  0  0  0  0  0  0  0  0  0  0  0  0]
 [ 7  0  0  0  0  0  0  0  0  0  0  0  0  0]
 [ 6  0  0  0  0  0  0  0  0  0  0  0  0  0]]
valid: gen=0.116
reward: norm=0.8432317096042004
[ 280 iterations]
real= [[ 8  0  0  0  0  0  0  0  0  0  0  0  0  0]
 [ 8 25 23 24 14  0  0  0  0  0  0  0  0  0]
 [17  0  0  0  0  0  0  0  0  0  0  0  0  0]
 [23  0  0  0  0  0  0  0  0  0  0  0  0  0]
 [18 17 13 28  4  7  0  0  0  0  0  0  0  0]
 [27  6 14  0  0  0  0  0  0  0  0  0  0  0]
 [19 16  9  8 11  0  0  0  0  0  0  0  0  0]
 [26 24 11  5  0  0  0  0  0  0  0  0  0  0]
 [26  6 13  0  0  0  0  0  0  0  0  0  0  0]
 [11  0  0  0  0  0  0  0  0  0  0  0  0  0]]
gen= [[ 8  0  0  0  0  0  0  0  0  0  0  0  0  0]
 [23  0  0  0  0  0  0  0  0  0  0  0  0  0]
 [17  0  0  0  0  0  0  0  0  0  0  0  0  0]
 [23  0  0  0  0  0  0  0  0  0  0  0  0  0]
 [17  0  0  0  0  0  0  0  0  0  0  0  0  0]
 [ 6  0  0  0  0  0  0  0  0  0  0  0  0  0]
 [11  0  0  0  0  0  0  0  0  0  0  0  0  0]
 [11 11  0  0  0  0  0  0  0  0  0  0  0  0]
 [ 6  0  0  0  0  0  0  0  0  0  0  0  0  0]
 [ 0  0  0  0  0  0  0  0  0  0  0  0  0  0]]
valid: gen=0.098
reward: norm=0.8388060722438507
[ 290 iterations]
real= [[19 27  0  0  0  0  0  0  0  0  0  0  0  0]
 [ 3 17  0  0  0  0  0  0  0  0  0  0  0  0]
 [15  0  0  0  0  0  0  0  0  0  0  0  0  0]
 [27  7 18 10 17 21 19  0  0  0  0  0  0  0]
 [21 15  5  0  0  0  0  0  0  0  0  0  0  0]
 [ 7  0  0  0  0  0  0  0  0  0  0  0  0  0]
 [19 17  9  8  4  0  0  0  0  0  0  0  0  0]
 [11  6  0  0  0  0  0  0  0  0  0  0  0  0]
 [ 8 17  0  0  0  0  0  0  0  0  0  0  0  0]
 [19 17  0  0  0  0  0  0  0  0  0  0  0  0]]
gen= [[ 0  0  0  0  0  0  0  0  0  0  0  0  0  0]
 [17  0  0  0  0  0  0  0  0  0  0  0  0  0]
 [ 0  0  0  0  0  0  0  0  0  0  0  0  0  0]
 [17 17  0  0  0  0  0  0  0  0  0  0  0  0]
 [ 5  0  0  0  0  0  0  0  0  0  0  0  0  0]
 [ 0  0  0  0  0  0  0  0  0  0  0  0  0  0]
 [17  0  0  0  0  0  0  0  0  0  0  0  0  0]
 [ 6  0  0  0  0  0  0  0  0  0  0  0  0  0]
 [17  0  0  0  0  0  0  0  0  0  0  0  0  0]
 [17  0  0  0  0  0  0  0  0  0  0  0  0  0]]
valid: gen=0.113
reward: norm=0.8422731028327294
[ 300 iterations]
real= [[28  0  0  0  0  0  0  0  0  0  0  0  0  0]
 [12  5  0  0  0  0  0  0  0  0  0  0  0  0]
 [28  9  3 21 12 26  0  0  0  0  0  0  0  0]
 [18 26 12 23  0  0  0  0  0  0  0  0  0  0]
 [13  4 11 23  0  0  0  0  0  0  0  0  0  0]
 [26  0  0  0  0  0  0  0  0  0  0  0  0  0]
 [21 10  8  0  0  0  0  0  0  0  0  0  0  0]
 [ 5  0  0  0  0  0  0  0  0  0  0  0  0  0]
 [25 17 13 22  0  0  0  0  0  0  0  0  0  0]
 [18 20 10  0  0  0  0  0  0  0  0  0  0  0]]
gen= [[28  0  0  0  0  0  0  0  0  0  0  0  0  0]
 [ 5  0  0  0  0  0  0  0  0  0  0  0  0  0]
 [ 9  0  0  0  0  0  0  0  0  0  0  0  0  0]
 [23  0  0  0  0  0  0  0  0  0  0  0  0  0]
 [23  0  0  0  0  0  0  0  0  0  0  0  0  0]
 [26 26  0  0  0  0  0  0  0  0  0  0  0  0]
 [10  0  0  0  0  0  0  0  0  0  0  0  0  0]
 [ 5  0  0  0  0  0  0  0  0  0  0  0  0  0]
 [17 17  0  0  0  0  0  0  0  0  0  0  0  0]
 [10  0  0  0  0  0  0  0  0  0  0  0  0  0]]
valid: gen=0.112
reward: norm=0.844812323137453
[ 310 iterations]
real= [[16  8  7  0  0  0  0  0  0  0  0  0  0  0]
 [28 15 12  1  0  0  0  0  0  0  0  0  0  0]
 [10  0  0  0  0  0  0  0  0  0  0  0  0  0]
 [21  3  0  0  0  0  0  0  0  0  0  0  0  0]
 [25 21 13  0  0  0  0  0  0  0  0  0  0  0]
 [27 23 15 17 16 25  0  0  0  0  0  0  0  0]
 [28 25  4  1 19 14 10  3 23  0  0  0  0  0]
 [18 20  9 26  0  0  0  0  0  0  0  0  0  0]
 [18  7 14  0  0  0  0  0  0  0  0  0  0  0]
 [ 5 20  3 17  6 24  0  0  0  0  0  0  0  0]]
gen= [[ 0  0  0  0  0  0  0  0  0  0  0  0  0  0]
 [ 1  0  0  0  0  0  0  0  0  0  0  0  0  0]
 [10  0  0  0  0  0  0  0  0  0  0  0  0  0]
 [21  0  0  0  0  0  0  0  0  0  0  0  0  0]
 [13  0  0  0  0  0  0  0  0  0  0  0  0  0]
 [17  0  0  0  0  0  0  0  0  0  0  0  0  0]
 [14  0  0  0  0  0  0  0  0  0  0  0  0  0]
 [ 9  0  0  0  0  0  0  0  0  0  0  0  0  0]
 [14 14  0  0  0  0  0  0  0  0  0  0  0  0]
 [17  0  0  0  0  0  0  0  0  0  0  0  0  0]]
valid: gen=0.105
reward: norm=0.8466082774587147
[ 320 iterations]
real= [[12 24  0  0  0  0  0  0  0  0  0  0  0  0]
 [22 17 11  5  0  0  0  0  0  0  0  0  0  0]
 [24  0  0  0  0  0  0  0  0  0  0  0  0  0]
 [10  4 23  0  0  0  0  0  0  0  0  0  0  0]
 [ 8 25 15  5  0  0  0  0  0  0  0  0  0  0]
 [ 1  4  9 10 23  0  0  0  0  0  0  0  0  0]
 [28  1 11  0  0  0  0  0  0  0  0  0  0  0]
 [27 23  3 21 20  4  8  0  0  0  0  0  0  0]
 [18  7  0  0  0  0  0  0  0  0  0  0  0  0]
 [20  6 23  5  8  0  0  0  0  0  0  0  0  0]]
gen= [[24 24  0  0  0  0  0  0  0  0  0  0  0  0]
 [17  0  0  0  0  0  0  0  0  0  0  0  0  0]
 [ 0  0  0  0  0  0  0  0  0  0  0  0  0  0]
 [10 10  0  0  0  0  0  0  0  0  0  0  0  0]
 [ 5  0  0  0  0  0  0  0  0  0  0  0  0  0]
 [ 9  0  0  0  0  0  0  0  0  0  0  0  0  0]
 [ 1  0  0  0  0  0  0  0  0  0  0  0  0  0]
 [21  0  0  0  0  0  0  0  0  0  0  0  0  0]
 [ 7  0  0  0  0  0  0  0  0  0  0  0  0  0]
 [ 6  0  0  0  0  0  0  0  0  0  0  0  0  0]]
valid: gen=0.119
reward: norm=0.8495818584769849
[ 330 iterations]
real= [[ 8  0  0  0  0  0  0  0  0  0  0  0  0  0]
 [ 8 25 23 24 14  0  0  0  0  0  0  0  0  0]
 [17  0  0  0  0  0  0  0  0  0  0  0  0  0]
 [23  0  0  0  0  0  0  0  0  0  0  0  0  0]
 [18 17 13 28  4  7  0  0  0  0  0  0  0  0]
 [27  6 14  0  0  0  0  0  0  0  0  0  0  0]
 [19 16  9  8 11  0  0  0  0  0  0  0  0  0]
 [26 24 11  5  0  0  0  0  0  0  0  0  0  0]
 [26  6 13  0  0  0  0  0  0  0  0  0  0  0]
 [11  0  0  0  0  0  0  0  0  0  0  0  0  0]]
gen= [[ 8  0  0  0  0  0  0  0  0  0  0  0  0  0]
 [14 14  0  0  0  0  0  0  0  0  0  0  0  0]
 [17  0  0  0  0  0  0  0  0  0  0  0  0  0]
 [23  0  0  0  0  0  0  0  0  0  0  0  0  0]
 [17  0  0  0  0  0  0  0  0  0  0  0  0  0]
 [14  0  0  0  0  0  0  0  0  0  0  0  0  0]
 [ 9  0  0  0  0  0  0  0  0  0  0  0  0  0]
 [24  0  0  0  0  0  0  0  0  0  0  0  0  0]
 [ 6  0  0  0  0  0  0  0  0  0  0  0  0  0]
 [11  0  0  0  0  0  0  0  0  0  0  0  0  0]]
valid: gen=0.117
reward: norm=0.8374201507262733
[ 340 iterations]
real= [[19 27  0  0  0  0  0  0  0  0  0  0  0  0]
 [ 3 17  0  0  0  0  0  0  0  0  0  0  0  0]
 [15  0  0  0  0  0  0  0  0  0  0  0  0  0]
 [27  7 18 10 17 21 19  0  0  0  0  0  0  0]
 [21 15  5  0  0  0  0  0  0  0  0  0  0  0]
 [ 7  0  0  0  0  0  0  0  0  0  0  0  0  0]
 [19 17  9  8  4  0  0  0  0  0  0  0  0  0]
 [11  6  0  0  0  0  0  0  0  0  0  0  0  0]
 [ 8 17  0  0  0  0  0  0  0  0  0  0  0  0]
 [19 17  0  0  0  0  0  0  0  0  0  0  0  0]]
gen= [[19  0  0  0  0  0  0  0  0  0  0  0  0  0]
 [17  0  0  0  0  0  0  0  0  0  0  0  0  0]
 [15  0  0  0  0  0  0  0  0  0  0  0  0  0]
 [10  0  0  0  0  0  0  0  0  0  0  0  0  0]
 [ 5  0  0  0  0  0  0  0  0  0  0  0  0  0]
 [ 7  0  0  0  0  0  0  0  0  0  0  0  0  0]
 [ 9  0  0  0  0  0  0  0  0  0  0  0  0  0]
 [ 6  0  0  0  0  0  0  0  0  0  0  0  0  0]
 [17  0  0  0  0  0  0  0  0  0  0  0  0  0]
 [17  0  0  0  0  0  0  0  0  0  0  0  0  0]]
valid: gen=0.134
reward: norm=0.8405236677006829
[ 350 iterations]
real= [[28  0  0  0  0  0  0  0  0  0  0  0  0  0]
 [12  5  0  0  0  0  0  0  0  0  0  0  0  0]
 [28  9  3 21 12 26  0  0  0  0  0  0  0  0]
 [18 26 12 23  0  0  0  0  0  0  0  0  0  0]
 [13  4 11 23  0  0  0  0  0  0  0  0  0  0]
 [26  0  0  0  0  0  0  0  0  0  0  0  0  0]
 [21 10  8  0  0  0  0  0  0  0  0  0  0  0]
 [ 5  0  0  0  0  0  0  0  0  0  0  0  0  0]
 [25 17 13 22  0  0  0  0  0  0  0  0  0  0]
 [18 20 10  0  0  0  0  0  0  0  0  0  0  0]]
gen= [[28  0  0  0  0  0  0  0  0  0  0  0  0  0]
 [ 5  0  0  0  0  0  0  0  0  0  0  0  0  0]
 [ 9  9  0  0  0  0  0  0  0  0  0  0  0  0]
 [26 23  0  0  0  0  0  0  0  0  0  0  0  0]
 [23  0  0  0  0  0  0  0  0  0  0  0  0  0]
 [26  0  0  0  0  0  0  0  0  0  0  0  0  0]
 [10  0  0  0  0  0  0  0  0  0  0  0  0  0]
 [ 5  0  0  0  0  0  0  0  0  0  0  0  0  0]
 [17  0  0  0  0  0  0  0  0  0  0  0  0  0]
 [10  0  0  0  0  0  0  0  0  0  0  0  0  0]]
valid: gen=0.112
reward: norm=0.8439511021906608
[ 360 iterations]
real= [[16  8  7  0  0  0  0  0  0  0  0  0  0  0]
 [28 15 12  1  0  0  0  0  0  0  0  0  0  0]
 [10  0  0  0  0  0  0  0  0  0  0  0  0  0]
 [21  3  0  0  0  0  0  0  0  0  0  0  0  0]
 [25 21 13  0  0  0  0  0  0  0  0  0  0  0]
 [27 23 15 17 16 25  0  0  0  0  0  0  0  0]
 [28 25  4  1 19 14 10  3 23  0  0  0  0  0]
 [18 20  9 26  0  0  0  0  0  0  0  0  0  0]
 [18  7 14  0  0  0  0  0  0  0  0  0  0  0]
 [ 5 20  3 17  6 24  0  0  0  0  0  0  0  0]]
gen= [[ 8  0  0  0  0  0  0  0  0  0  0  0  0  0]
 [ 1 15  0  0  0  0  0  0  0  0  0  0  0  0]
 [10  0  0  0  0  0  0  0  0  0  0  0  0  0]
 [21  0  0  0  0  0  0  0  0  0  0  0  0  0]
 [13 13  0  0  0  0  0  0  0  0  0  0  0  0]
 [16 17  0  0  0  0  0  0  0  0  0  0  0  0]
 [10 10  0  0  0  0  0  0  0  0  0  0  0  0]
 [20 20  0  0  0  0  0  0  0  0  0  0  0  0]
 [ 7  0  0  0  0  0  0  0  0  0  0  0  0  0]
 [24  0  0  0  0  0  0  0  0  0  0  0  0  0]]
valid: gen=0.136
reward: norm=0.853014579673932
[ 370 iterations]
real= [[12 24  0  0  0  0  0  0  0  0  0  0  0  0]
 [22 17 11  5  0  0  0  0  0  0  0  0  0  0]
 [24  0  0  0  0  0  0  0  0  0  0  0  0  0]
 [10  4 23  0  0  0  0  0  0  0  0  0  0  0]
 [ 8 25 15  5  0  0  0  0  0  0  0  0  0  0]
 [ 1  4  9 10 23  0  0  0  0  0  0  0  0  0]
 [28  1 11  0  0  0  0  0  0  0  0  0  0  0]
 [27 23  3 21 20  4  8  0  0  0  0  0  0  0]
 [18  7  0  0  0  0  0  0  0  0  0  0  0  0]
 [20  6 23  5  8  0  0  0  0  0  0  0  0  0]]
gen= [[24 24  0  0  0  0  0  0  0  0  0  0  0  0]
 [17  0  0  0  0  0  0  0  0  0  0  0  0  0]
 [24  0  0  0  0  0  0  0  0  0  0  0  0  0]
 [10  4  0  0  0  0  0  0  0  0  0  0  0  0]
 [ 8  8  0  0  0  0  0  0  0  0  0  0  0  0]
 [10  4  0  0  0  0  0  0  0  0  0  0  0  0]
 [ 1  0  0  0  0  0  0  0  0  0  0  0  0  0]
 [20 20  0  0  0  0  0  0  0  0  0  0  0  0]
 [ 7  0  0  0  0  0  0  0  0  0  0  0  0  0]
 [20  0  0  0  0  0  0  0  0  0  0  0  0  0]]
valid: gen=0.157
reward: norm=0.8555505819216133
[ 380 iterations]
real= [[ 8  0  0  0  0  0  0  0  0  0  0  0  0  0]
 [ 8 25 23 24 14  0  0  0  0  0  0  0  0  0]
 [17  0  0  0  0  0  0  0  0  0  0  0  0  0]
 [23  0  0  0  0  0  0  0  0  0  0  0  0  0]
 [18 17 13 28  4  7  0  0  0  0  0  0  0  0]
 [27  6 14  0  0  0  0  0  0  0  0  0  0  0]
 [19 16  9  8 11  0  0  0  0  0  0  0  0  0]
 [26 24 11  5  0  0  0  0  0  0  0  0  0  0]
 [26  6 13  0  0  0  0  0  0  0  0  0  0  0]
 [11  0  0  0  0  0  0  0  0  0  0  0  0  0]]
gen= [[ 8  0  0  0  0  0  0  0  0  0  0  0  0  0]
 [ 8 24  0  0  0  0  0  0  0  0  0  0  0  0]
 [17  0  0  0  0  0  0  0  0  0  0  0  0  0]
 [23  0  0  0  0  0  0  0  0  0  0  0  0  0]
 [13  4  0  0  0  0  0  0  0  0  0  0  0  0]
 [ 6  0  0  0  0  0  0  0  0  0  0  0  0  0]
 [ 8  0  0  0  0  0  0  0  0  0  0  0  0  0]
 [11 24  0  0  0  0  0  0  0  0  0  0  0  0]
 [ 6  0  0  0  0  0  0  0  0  0  0  0  0  0]
 [11  0  0  0  0  0  0  0  0  0  0  0  0  0]]
valid: gen=0.147
reward: norm=0.8534188571345062
[ 390 iterations]
real= [[19 27  0  0  0  0  0  0  0  0  0  0  0  0]
 [ 3 17  0  0  0  0  0  0  0  0  0  0  0  0]
 [15  0  0  0  0  0  0  0  0  0  0  0  0  0]
 [27  7 18 10 17 21 19  0  0  0  0  0  0  0]
 [21 15  5  0  0  0  0  0  0  0  0  0  0  0]
 [ 7  0  0  0  0  0  0  0  0  0  0  0  0  0]
 [19 17  9  8  4  0  0  0  0  0  0  0  0  0]
 [11  6  0  0  0  0  0  0  0  0  0  0  0  0]
 [ 8 17  0  0  0  0  0  0  0  0  0  0  0  0]
 [19 17  0  0  0  0  0  0  0  0  0  0  0  0]]
gen= [[19  0  0  0  0  0  0  0  0  0  0  0  0  0]
 [ 3  0  0  0  0  0  0  0  0  0  0  0  0  0]
 [15  0  0  0  0  0  0  0  0  0  0  0  0  0]
 [10 17  0  0  0  0  0  0  0  0  0  0  0  0]
 [15  0  0  0  0  0  0  0  0  0  0  0  0  0]
 [ 7  0  0  0  0  0  0  0  0  0  0  0  0  0]
 [ 8  4  0  0  0  0  0  0  0  0  0  0  0  0]
 [ 6  0  0  0  0  0  0  0  0  0  0  0  0  0]
 [17  0  0  0  0  0  0  0  0  0  0  0  0  0]
 [17  0  0  0  0  0  0  0  0  0  0  0  0  0]]
valid: gen=0.15
reward: norm=0.8562797150448077
[ 400 iterations]
real= [[28  0  0  0  0  0  0  0  0  0  0  0  0  0]
 [12  5  0  0  0  0  0  0  0  0  0  0  0  0]
 [28  9  3 21 12 26  0  0  0  0  0  0  0  0]
 [18 26 12 23  0  0  0  0  0  0  0  0  0  0]
 [13  4 11 23  0  0  0  0  0  0  0  0  0  0]
 [26  0  0  0  0  0  0  0  0  0  0  0  0  0]
 [21 10  8  0  0  0  0  0  0  0  0  0  0  0]
 [ 5  0  0  0  0  0  0  0  0  0  0  0  0  0]
 [25 17 13 22  0  0  0  0  0  0  0  0  0  0]
 [18 20 10  0  0  0  0  0  0  0  0  0  0  0]]
gen= [[28  0  0  0  0  0  0  0  0  0  0  0  0  0]
 [ 5  0  0  0  0  0  0  0  0  0  0  0  0  0]
 [ 3  3  0  0  0  0  0  0  0  0  0  0  0  0]
 [26 23  0  0  0  0  0  0  0  0  0  0  0  0]
 [ 4  0  0  0  0  0  0  0  0  0  0  0  0  0]
 [26  0  0  0  0  0  0  0  0  0  0  0  0  0]
 [10  0  0  0  0  0  0  0  0  0  0  0  0  0]
 [ 5  5  0  0  0  0  0  0  0  0  0  0  0  0]
 [13 17  0  0  0  0  0  0  0  0  0  0  0  0]
 [10  0  0  0  0  0  0  0  0  0  0  0  0  0]]
valid: gen=0.136
reward: norm=0.8509253112570143
[ 410 iterations]
real= [[16  8  7  0  0  0  0  0  0  0  0  0  0  0]
 [28 15 12  1  0  0  0  0  0  0  0  0  0  0]
 [10  0  0  0  0  0  0  0  0  0  0  0  0  0]
 [21  3  0  0  0  0  0  0  0  0  0  0  0  0]
 [25 21 13  0  0  0  0  0  0  0  0  0  0  0]
 [27 23 15 17 16 25  0  0  0  0  0  0  0  0]
 [28 25  4  1 19 14 10  3 23  0  0  0  0  0]
 [18 20  9 26  0  0  0  0  0  0  0  0  0  0]
 [18  7 14  0  0  0  0  0  0  0  0  0  0  0]
 [ 5 20  3 17  6 24  0  0  0  0  0  0  0  0]]
gen= [[ 8  0  0  0  0  0  0  0  0  0  0  0  0  0]
 [15 15  0  0  0  0  0  0  0  0  0  0  0  0]
 [10  0  0  0  0  0  0  0  0  0  0  0  0  0]
 [ 3  0  0  0  0  0  0  0  0  0  0  0  0  0]
 [21  0  0  0  0  0  0  0  0  0  0  0  0  0]
 [17 23  0  0  0  0  0  0  0  0  0  0  0  0]
 [10  3  0  0  0  0  0  0  0  0  0  0  0  0]
 [26  0  0  0  0  0  0  0  0  0  0  0  0  0]
 [ 7  0  0  0  0  0  0  0  0  0  0  0  0  0]
 [ 6  0  0  0  0  0  0  0  0  0  0  0  0  0]]
valid: gen=0.143
reward: norm=0.8560301422065874
[ 420 iterations]
real= [[12 24  0  0  0  0  0  0  0  0  0  0  0  0]
 [22 17 11  5  0  0  0  0  0  0  0  0  0  0]
 [24  0  0  0  0  0  0  0  0  0  0  0  0  0]
 [10  4 23  0  0  0  0  0  0  0  0  0  0  0]
 [ 8 25 15  5  0  0  0  0  0  0  0  0  0  0]
 [ 1  4  9 10 23  0  0  0  0  0  0  0  0  0]
 [28  1 11  0  0  0  0  0  0  0  0  0  0  0]
 [27 23  3 21 20  4  8  0  0  0  0  0  0  0]
 [18  7  0  0  0  0  0  0  0  0  0  0  0  0]
 [20  6 23  5  8  0  0  0  0  0  0  0  0  0]]
gen= [[12  0  0  0  0  0  0  0  0  0  0  0  0  0]
 [11  0  0  0  0  0  0  0  0  0  0  0  0  0]
 [24  0  0  0  0  0  0  0  0  0  0  0  0  0]
 [10 10  0  0  0  0  0  0  0  0  0  0  0  0]
 [25  0  0  0  0  0  0  0  0  0  0  0  0  0]
 [10  0  0  0  0  0  0  0  0  0  0  0  0  0]
 [11  0  0  0  0  0  0  0  0  0  0  0  0  0]
 [21  3  0  0  0  0  0  0  0  0  0  0  0  0]
 [ 7  0  0  0  0  0  0  0  0  0  0  0  0  0]
 [ 6  6  0  0  0  0  0  0  0  0  0  0  0  0]]
valid: gen=0.166
reward: norm=0.8631251837841863
[ 430 iterations]
real= [[ 8  0  0  0  0  0  0  0  0  0  0  0  0  0]
 [ 8 25 23 24 14  0  0  0  0  0  0  0  0  0]
 [17  0  0  0  0  0  0  0  0  0  0  0  0  0]
 [23  0  0  0  0  0  0  0  0  0  0  0  0  0]
 [18 17 13 28  4  7  0  0  0  0  0  0  0  0]
 [27  6 14  0  0  0  0  0  0  0  0  0  0  0]
 [19 16  9  8 11  0  0  0  0  0  0  0  0  0]
 [26 24 11  5  0  0  0  0  0  0  0  0  0  0]
 [26  6 13  0  0  0  0  0  0  0  0  0  0  0]
 [11  0  0  0  0  0  0  0  0  0  0  0  0  0]]
gen= [[ 8  0  0  0  0  0  0  0  0  0  0  0  0  0]
 [25  0  0  0  0  0  0  0  0  0  0  0  0  0]
 [17 17  0  0  0  0  0  0  0  0  0  0  0  0]
 [23  0  0  0  0  0  0  0  0  0  0  0  0  0]
 [28 17  0  0  0  0  0  0  0  0  0  0  0  0]
 [ 6  6  0  0  0  0  0  0  0  0  0  0  0  0]
 [11  0  0  0  0  0  0  0  0  0  0  0  0  0]
 [11 11  0  0  0  0  0  0  0  0  0  0  0  0]
 [ 6  0  0  0  0  0  0  0  0  0  0  0  0  0]
 [11  0  0  0  0  0  0  0  0  0  0  0  0  0]]
valid: gen=0.139
reward: norm=0.8594781562773035
[ 440 iterations]
real= [[19 27  0  0  0  0  0  0  0  0  0  0  0  0]
 [ 3 17  0  0  0  0  0  0  0  0  0  0  0  0]
 [15  0  0  0  0  0  0  0  0  0  0  0  0  0]
 [27  7 18 10 17 21 19  0  0  0  0  0  0  0]
 [21 15  5  0  0  0  0  0  0  0  0  0  0  0]
 [ 7  0  0  0  0  0  0  0  0  0  0  0  0  0]
 [19 17  9  8  4  0  0  0  0  0  0  0  0  0]
 [11  6  0  0  0  0  0  0  0  0  0  0  0  0]
 [ 8 17  0  0  0  0  0  0  0  0  0  0  0  0]
 [19 17  0  0  0  0  0  0  0  0  0  0  0  0]]
gen= [[27  0  0  0  0  0  0  0  0  0  0  0  0  0]
 [17  0  0  0  0  0  0  0  0  0  0  0  0  0]
 [15  0  0  0  0  0  0  0  0  0  0  0  0  0]
 [21 17  0  0  0  0  0  0  0  0  0  0  0  0]
 [21  5  0  0  0  0  0  0  0  0  0  0  0  0]
 [ 7  7  0  0  0  0  0  0  0  0  0  0  0  0]
 [ 8 17  0  0  0  0  0  0  0  0  0  0  0  0]
 [ 6  0  0  0  0  0  0  0  0  0  0  0  0  0]
 [17  0  0  0  0  0  0  0  0  0  0  0  0  0]
 [19 17  0  0  0  0  0  0  0  0  0  0  0  0]]
valid: gen=0.13
reward: norm=0.8565003165274592
[ 450 iterations]
real= [[28  0  0  0  0  0  0  0  0  0  0  0  0  0]
 [12  5  0  0  0  0  0  0  0  0  0  0  0  0]
 [28  9  3 21 12 26  0  0  0  0  0  0  0  0]
 [18 26 12 23  0  0  0  0  0  0  0  0  0  0]
 [13  4 11 23  0  0  0  0  0  0  0  0  0  0]
 [26  0  0  0  0  0  0  0  0  0  0  0  0  0]
 [21 10  8  0  0  0  0  0  0  0  0  0  0  0]
 [ 5  0  0  0  0  0  0  0  0  0  0  0  0  0]
 [25 17 13 22  0  0  0  0  0  0  0  0  0  0]
 [18 20 10  0  0  0  0  0  0  0  0  0  0  0]]
gen= [[28  0  0  0  0  0  0  0  0  0  0  0  0  0]
 [ 5  0  0  0  0  0  0  0  0  0  0  0  0  0]
 [21 12 12  0  0  0  0  0  0  0  0  0  0  0]
 [26 12 12 12  0  0  0  0  0  0  0  0  0  0]
 [13 11 11 11 11 11  0  0  0  0  0  0  0  0]
 [26  0  0  0  0  0  0  0  0  0  0  0  0  0]
 [10  0  0  0  0  0  0  0  0  0  0  0  0  0]
 [ 5  5  5  0  0  0  0  0  0  0  0  0  0  0]
 [22 22 25  0  0  0  0  0  0  0  0  0  0  0]
 [10 10 10 10 10  0  0  0  0  0  0  0  0  0]]
valid: gen=0.099
reward: norm=0.888819685098195
[ 460 iterations]
real= [[16  8  7  0  0  0  0  0  0  0  0  0  0  0]
 [28 15 12  1  0  0  0  0  0  0  0  0  0  0]
 [10  0  0  0  0  0  0  0  0  0  0  0  0  0]
 [21  3  0  0  0  0  0  0  0  0  0  0  0  0]
 [25 21 13  0  0  0  0  0  0  0  0  0  0  0]
 [27 23 15 17 16 25  0  0  0  0  0  0  0  0]
 [28 25  4  1 19 14 10  3 23  0  0  0  0  0]
 [18 20  9 26  0  0  0  0  0  0  0  0  0  0]
 [18  7 14  0  0  0  0  0  0  0  0  0  0  0]
 [ 5 20  3 17  6 24  0  0  0  0  0  0  0  0]]
gen= [[16  8  8  0  0  0  0  0  0  0  0  0  0  0]
 [12 12  0  0  0  0  0  0  0  0  0  0  0  0]
 [10 10 10 10  0  0  0  0  0  0  0  0  0  0]
 [21  0  0  0  0  0  0  0  0  0  0  0  0  0]
 [21 25 25 25  0  0  0  0  0  0  0  0  0  0]
 [16 27 27 27 25 25 25 25  0  0  0  0  0  0]
 [28 10 10 25 25 25 25  0  0  0  0  0  0  0]
 [26 26  9  0  0  0  0  0  0  0  0  0  0  0]
 [18 18 18  7  7  0  0  0  0  0  0  0  0  0]
 [ 6  0  0  0  0  0  0  0  0  0  0  0  0  0]]
valid: gen=0.101
reward: norm=0.8822353931285322
[ 470 iterations]
real= [[12 24  0  0  0  0  0  0  0  0  0  0  0  0]
 [22 17 11  5  0  0  0  0  0  0  0  0  0  0]
 [24  0  0  0  0  0  0  0  0  0  0  0  0  0]
 [10  4 23  0  0  0  0  0  0  0  0  0  0  0]
 [ 8 25 15  5  0  0  0  0  0  0  0  0  0  0]
 [ 1  4  9 10 23  0  0  0  0  0  0  0  0  0]
 [28  1 11  0  0  0  0  0  0  0  0  0  0  0]
 [27 23  3 21 20  4  8  0  0  0  0  0  0  0]
 [18  7  0  0  0  0  0  0  0  0  0  0  0  0]
 [20  6 23  5  8  0  0  0  0  0  0  0  0  0]]
gen= [[12 12  0  0  0  0  0  0  0  0  0  0  0  0]
 [22 22  0  0  0  0  0  0  0  0  0  0  0  0]
 [24  0  0  0  0  0  0  0  0  0  0  0  0  0]
 [10  0  0  0  0  0  0  0  0  0  0  0  0  0]
 [ 5 25  0  0  0  0  0  0  0  0  0  0  0  0]
 [10 10 10 10  0  0  0  0  0  0  0  0  0  0]
 [28 11 11 11 11  0  0  0  0  0  0  0  0  0]
 [21 27 27 27  0  0  0  0  0  0  0  0  0  0]
 [ 7  0  0  0  0  0  0  0  0  0  0  0  0  0]
 [ 6  6  6  6  6  0  0  0  0  0  0  0  0  0]]
valid: gen=0.116
reward: norm=0.8820722486872926
[ 480 iterations]
real= [[ 8  0  0  0  0  0  0  0  0  0  0  0  0  0]
 [ 8 25 23 24 14  0  0  0  0  0  0  0  0  0]
 [17  0  0  0  0  0  0  0  0  0  0  0  0  0]
 [23  0  0  0  0  0  0  0  0  0  0  0  0  0]
 [18 17 13 28  4  7  0  0  0  0  0  0  0  0]
 [27  6 14  0  0  0  0  0  0  0  0  0  0  0]
 [19 16  9  8 11  0  0  0  0  0  0  0  0  0]
 [26 24 11  5  0  0  0  0  0  0  0  0  0  0]
 [26  6 13  0  0  0  0  0  0  0  0  0  0  0]
 [11  0  0  0  0  0  0  0  0  0  0  0  0  0]]
gen= [[ 8  0  0  0  0  0  0  0  0  0  0  0  0  0]
 [ 8  8 25 25  0  0  0  0  0  0  0  0  0  0]
 [17  0  0  0  0  0  0  0  0  0  0  0  0  0]
 [23  0  0  0  0  0  0  0  0  0  0  0  0  0]
 [13 13 28 17 17 17 17  0  0  0  0  0  0  0]
 [ 6  6  0  0  0  0  0  0  0  0  0  0  0  0]
 [11  9  0  0  0  0  0  0  0  0  0  0  0  0]
 [ 5 11 11  0  0  0  0  0  0  0  0  0  0  0]
 [ 6  0  0  0  0  0  0  0  0  0  0  0  0  0]
 [11  0  0  0  0  0  0  0  0  0  0  0  0  0]]
valid: gen=0.091
reward: norm=0.8899643319322202
[ 490 iterations]
real= [[19 27  0  0  0  0  0  0  0  0  0  0  0  0]
 [ 3 17  0  0  0  0  0  0  0  0  0  0  0  0]
 [15  0  0  0  0  0  0  0  0  0  0  0  0  0]
 [27  7 18 10 17 21 19  0  0  0  0  0  0  0]
 [21 15  5  0  0  0  0  0  0  0  0  0  0  0]
 [ 7  0  0  0  0  0  0  0  0  0  0  0  0  0]
 [19 17  9  8  4  0  0  0  0  0  0  0  0  0]
 [11  6  0  0  0  0  0  0  0  0  0  0  0  0]
 [ 8 17  0  0  0  0  0  0  0  0  0  0  0  0]
 [19 17  0  0  0  0  0  0  0  0  0  0  0  0]]
gen= [[19 19 27 27 27  0  0  0  0  0  0  0  0  0]
 [17 17 17  0  0  0  0  0  0  0  0  0  0  0]
 [15  0  0  0  0  0  0  0  0  0  0  0  0  0]
 [21 10 10 10 10 10 10  0  0  0  0  0  0  0]
 [ 5  5  5  0  0  0  0  0  0  0  0  0  0  0]
 [ 7  0  0  0  0  0  0  0  0  0  0  0  0  0]
 [19 19 19 19  9  9  9  0  0  0  0  0  0  0]
 [ 6  0  0  0  0  0  0  0  0  0  0  0  0  0]
 [ 8 17 17 17 17  0  0  0  0  0  0  0  0  0]
 [19 19 17 17  0  0  0  0  0  0  0  0  0  0]]
valid: gen=0.104
reward: norm=0.8922346711614038
