read problem
[ 1 iterations]
real=[[26, 25, 4, 9, 6, 12, 10, 0, 0, 0, 0, 0, 0, 0], [22, 14, 21, 7, 6, 13, 19, 0, 0, 0, 0, 0, 0, 0], [28, 22, 20, 14, 15, 7, 5, 18, 19, 0, 0, 0, 0, 0], [28, 27, 24, 22, 15, 13, 10, 8, 5, 4, 12, 6, 2, 0], [25, 23, 22, 21, 19, 16, 13, 11, 14, 9, 12, 8, 7, 0], [27, 24, 20, 19, 17, 15, 13, 9, 3, 10, 11, 4, 5, 0], [25, 24, 21, 18, 17, 16, 14, 9, 11, 4, 12, 8, 1, 0], [27, 26, 24, 23, 14, 12, 9, 7, 5, 4, 1, 6, 2, 0], [28, 27, 25, 19, 18, 15, 13, 8, 6, 10, 11, 3, 2, 0], [5, 2, 25, 10, 6, 0, 0, 0, 0, 0, 0, 0, 0, 0]]
gen=[[26, 25, 6, 12, 4, 10, 9, 0, 0, 0, 0, 0, 0, 0], [21, 19, 6, 13, 14, 7, 22, 0, 0, 0, 0, 0, 0, 0], [28, 19, 14, 20, 5, 22, 18, 7, 15, 0, 0, 0, 0, 0], [28, 24, 10, 6, 2, 27, 12, 8, 22, 5, 13, 15, 4, 0], [23, 25, 19, 12, 16, 14, 21, 11, 9, 8, 22, 13, 7, 0], [24, 19, 27, 4, 11, 10, 15, 3, 5, 13, 9, 20, 17, 0], [24, 25, 16, 11, 4, 8, 12, 21, 14, 1, 9, 18, 17, 0], [24, 26, 23, 27, 14, 9, 5, 6, 2, 1, 7, 4, 12, 0], [28, 25, 19, 27, 6, 13, 2, 15, 8, 10, 11, 18, 3, 0], [25, 2, 6, 5, 10, 0, 0, 0, 0, 0, 0, 0, 0, 0]]
valid routes=1.0
norm-reward=0.8012237362924536
[ 2 iterations]
real=[[28, 21, 20, 17, 16, 11, 9, 8, 5, 4, 6, 3, 7, 0], [11, 25, 15, 17, 6, 0, 0, 0, 0, 0, 0, 0, 0, 0], [7, 13, 0, 0, 0, 0, 0, 0, 0, 0, 0, 0, 0, 0], [27, 20, 13, 9, 4, 12, 10, 1, 6, 0, 0, 0, 0, 0], [28, 26, 22, 21, 20, 18, 16, 9, 6, 10, 11, 7, 2, 0], [12, 16, 17, 27, 0, 0, 0, 0, 0, 0, 0, 0, 0, 0], [26, 24, 22, 20, 18, 17, 14, 13, 15, 4, 11, 9, 1, 0], [28, 26, 22, 18, 17, 16, 12, 10, 15, 4, 11, 8, 3, 0], [28, 25, 0, 0, 0, 0, 0, 0, 0, 0, 0, 0, 0, 0], [25, 24, 23, 19, 17, 13, 10, 8, 14, 4, 2, 0, 0, 0]]
gen=[[28, 21, 7, 20, 8, 4, 11, 6, 16, 17, 9, 5, 3, 0], [25, 6, 17, 11, 15, 0, 0, 0, 0, 0, 0, 0, 0, 0], [7, 13, 0, 0, 0, 0, 0, 0, 0, 0, 0, 0, 0, 0], [27, 9, 13, 1, 12, 20, 4, 6, 10, 0, 0, 0, 0, 0], [28, 26, 6, 11, 2, 10, 21, 22, 20, 18, 9, 7, 16, 0], [27, 17, 16, 12, 0, 0, 0, 0, 0, 0, 0, 0, 0, 0], [26, 24, 17, 15, 22, 11, 13, 4, 20, 14, 9, 18, 1, 0], [28, 26, 22, 8, 11, 15, 17, 12, 4, 3, 18, 16, 10, 0], [28, 25, 0, 0, 0, 0, 0, 0, 0, 0, 0, 0, 0, 0], [25, 24, 4, 23, 17, 2, 8, 10, 19, 14, 13, 0, 0, 0]]
valid routes=1.0
norm-reward=0.8101771687959861
[ 3 iterations]
real=[[26, 25, 10, 12, 2, 4, 9, 1, 5, 0, 0, 0, 0, 0], [28, 23, 21, 19, 2, 12, 14, 18, 6, 16, 0, 0, 0, 0], [24, 22, 21, 19, 18, 16, 13, 8, 14, 7, 11, 3, 2, 0], [26, 19, 13, 23, 0, 0, 0, 0, 0, 0, 0, 0, 0, 0], [21, 3, 0, 0, 0, 0, 0, 0, 0, 0, 0, 0, 0, 0], [25, 24, 22, 21, 16, 7, 5, 2, 3, 10, 15, 0, 0, 0], [12, 14, 22, 23, 0, 0, 0, 0, 0, 0, 0, 0, 0, 0], [27, 26, 24, 21, 20, 18, 11, 9, 6, 1, 17, 4, 2, 0], [23, 22, 20, 17, 16, 15, 11, 10, 3, 4, 12, 7, 2, 0], [28, 25, 20, 22, 2, 3, 11, 7, 0, 0, 0, 0, 0, 0]]
gen=[[26, 25, 4, 12, 9, 5, 10, 2, 1, 0, 0, 0, 0, 0], [28, 16, 18, 23, 6, 2, 12, 21, 19, 14, 0, 0, 0, 0], [24, 3, 22, 8, 14, 2, 19, 11, 7, 18, 16, 21, 13, 0], [26, 23, 19, 13, 0, 0, 0, 0, 0, 0, 0, 0, 0, 0], [21, 3, 0, 0, 0, 0, 0, 0, 0, 0, 0, 0, 0, 0], [24, 25, 3, 21, 2, 16, 22, 10, 7, 5, 15, 0, 0, 0], [23, 12, 22, 14, 0, 0, 0, 0, 0, 0, 0, 0, 0, 0], [27, 26, 24, 4, 1, 2, 18, 20, 6, 17, 21, 9, 11, 0], [23, 20, 3, 7, 22, 15, 17, 11, 2, 12, 10, 16, 4, 0], [28, 25, 7, 20, 22, 2, 11, 3, 0, 0, 0, 0, 0, 0]]
valid routes=1.0
norm-reward=0.8002233611557513
[ 4 iterations]
real=[[5, 15, 0, 0, 0, 0, 0, 0, 0, 0, 0, 0, 0, 0], [27, 24, 20, 18, 14, 13, 9, 7, 6, 1, 12, 3, 0, 0], [27, 0, 0, 0, 0, 0, 0, 0, 0, 0, 0, 0, 0, 0], [28, 26, 25, 24, 19, 18, 17, 1, 14, 4, 12, 8, 15, 0], [28, 25, 24, 18, 17, 16, 14, 9, 3, 10, 6, 8, 5, 0], [6, 0, 0, 0, 0, 0, 0, 0, 0, 0, 0, 0, 0, 0], [28, 24, 23, 22, 21, 16, 8, 7, 6, 4, 1, 3, 2, 0], [26, 14, 1, 7, 22, 13, 10, 0, 0, 0, 0, 0, 0, 0], [27, 25, 21, 19, 17, 16, 14, 1, 6, 10, 12, 11, 2, 0], [27, 25, 22, 21, 20, 19, 14, 13, 5, 10, 12, 9, 7, 0]]
gen=[[15, 5, 0, 0, 0, 0, 0, 0, 0, 0, 0, 0, 0, 0], [27, 24, 3, 13, 1, 20, 18, 9, 7, 12, 6, 14, 0, 0], [27, 0, 0, 0, 0, 0, 0, 0, 0, 0, 0, 0, 0, 0], [28, 26, 25, 24, 12, 15, 17, 8, 1, 18, 14, 19, 4, 0], [28, 25, 24, 16, 8, 5, 14, 17, 18, 9, 3, 6, 10, 0], [6, 0, 0, 0, 0, 0, 0, 0, 0, 0, 0, 0, 0, 0], [28, 24, 3, 6, 7, 8, 4, 22, 23, 16, 2, 21, 1, 0], [26, 22, 7, 14, 10, 13, 1, 0, 0, 0, 0, 0, 0, 0], [27, 25, 17, 19, 10, 1, 21, 6, 2, 11, 12, 14, 16, 0], [27, 25, 20, 5, 22, 19, 7, 13, 10, 9, 21, 12, 14, 0]]
valid routes=1.0
norm-reward=0.7983162594789415
[ 5 iterations]
real=[[28, 27, 25, 23, 19, 18, 17, 1, 15, 10, 12, 11, 7, 0], [27, 25, 24, 22, 20, 16, 14, 9, 15, 4, 12, 8, 3, 0], [26, 22, 17, 15, 14, 13, 10, 9, 5, 4, 6, 8, 7, 0], [28, 19, 17, 15, 14, 13, 9, 8, 5, 7, 11, 6, 2, 0], [27, 24, 22, 21, 16, 11, 10, 2, 5, 1, 17, 0, 0, 0], [28, 27, 26, 23, 22, 21, 20, 2, 19, 10, 12, 18, 16, 0], [5, 8, 22, 0, 0, 0, 0, 0, 0, 0, 0, 0, 0, 0], [26, 25, 24, 22, 17, 12, 9, 7, 5, 4, 11, 6, 2, 0], [12, 11, 10, 26, 16, 0, 0, 0, 0, 0, 0, 0, 0, 0], [11, 16, 10, 9, 0, 0, 0, 0, 0, 0, 0, 0, 0, 0]]
gen=[[28, 27, 25, 19, 11, 1, 12, 23, 18, 15, 7, 17, 10, 0], [27, 25, 16, 4, 20, 3, 22, 8, 15, 12, 14, 9, 24, 0], [26, 5, 10, 22, 7, 13, 8, 6, 14, 15, 17, 4, 9, 0], [28, 19, 17, 7, 15, 14, 5, 13, 8, 6, 11, 2, 9, 0], [27, 24, 10, 16, 11, 1, 22, 2, 17, 5, 21, 0, 0, 0], [28, 27, 26, 21, 2, 16, 18, 22, 23, 19, 20, 10, 12, 0], [8, 22, 5, 0, 0, 0, 0, 0, 0, 0, 0, 0, 0, 0], [26, 25, 24, 2, 4, 17, 22, 9, 5, 12, 7, 11, 6, 0], [26, 16, 10, 11, 12, 0, 0, 0, 0, 0, 0, 0, 0, 0], [10, 9, 16, 11, 0, 0, 0, 0, 0, 0, 0, 0, 0, 0]]
valid routes=1.0
norm-reward=0.7955030397741107
[ 6 iterations]
real=[[28, 27, 26, 22, 18, 15, 9, 8, 5, 4, 12, 3, 7, 0], [26, 25, 24, 21, 20, 18, 13, 10, 15, 6, 12, 8, 7, 0], [22, 21, 15, 14, 13, 11, 10, 9, 3, 4, 1, 8, 2, 0], [27, 26, 24, 22, 20, 19, 18, 13, 17, 6, 11, 3, 5, 0], [21, 19, 10, 0, 0, 0, 0, 0, 0, 0, 0, 0, 0, 0], [24, 8, 10, 17, 16, 0, 0, 0, 0, 0, 0, 0, 0, 0], [28, 24, 16, 0, 0, 0, 0, 0, 0, 0, 0, 0, 0, 0], [26, 25, 24, 23, 22, 20, 14, 10, 19, 4, 12, 3, 7, 0], [15, 0, 0, 0, 0, 0, 0, 0, 0, 0, 0, 0, 0, 0], [28, 23, 21, 15, 16, 7, 13, 1, 0, 0, 0, 0, 0, 0]]
gen=[[28, 27, 26, 18, 4, 7, 8, 22, 3, 12, 5, 15, 9, 0], [26, 25, 8, 18, 24, 10, 13, 20, 15, 7, 6, 12, 21, 0], [13, 9, 4, 22, 1, 3, 15, 8, 11, 2, 14, 21, 10, 0], [27, 26, 24, 11, 19, 20, 18, 22, 13, 6, 17, 5, 3, 0], [19, 10, 21, 0, 0, 0, 0, 0, 0, 0, 0, 0, 0, 0], [24, 16, 8, 10, 17, 0, 0, 0, 0, 0, 0, 0, 0, 0], [28, 24, 16, 0, 0, 0, 0, 0, 0, 0, 0, 0, 0, 0], [26, 19, 24, 22, 10, 25, 4, 12, 20, 23, 7, 3, 14, 0], [15, 0, 0, 0, 0, 0, 0, 0, 0, 0, 0, 0, 0, 0], [28, 23, 16, 13, 7, 1, 15, 21, 0, 0, 0, 0, 0, 0]]
valid routes=1.0
norm-reward=0.7901427937518536
[ 7 iterations]
real=[[21, 20, 19, 18, 14, 12, 11, 7, 5, 4, 6, 3, 2, 0], [27, 23, 10, 8, 2, 13, 5, 1, 0, 0, 0, 0, 0, 0], [5, 14, 13, 27, 4, 7, 0, 0, 0, 0, 0, 0, 0, 0], [28, 24, 23, 22, 18, 15, 14, 8, 3, 10, 12, 4, 2, 0], [26, 23, 20, 22, 16, 4, 11, 17, 19, 0, 0, 0, 0, 0], [11, 8, 1, 0, 0, 0, 0, 0, 0, 0, 0, 0, 0, 0], [12, 22, 0, 0, 0, 0, 0, 0, 0, 0, 0, 0, 0, 0], [22, 20, 19, 17, 14, 11, 9, 8, 6, 10, 7, 3, 2, 0], [26, 25, 22, 21, 19, 18, 13, 9, 17, 10, 1, 3, 7, 0], [12, 1, 0, 0, 0, 0, 0, 0, 0, 0, 0, 0, 0, 0]]
gen=[[6, 18, 2, 11, 19, 4, 7, 14, 20, 3, 21, 12, 5, 0], [27, 5, 10, 2, 1, 8, 23, 13, 0, 0, 0, 0, 0, 0], [27, 13, 4, 7, 14, 5, 0, 0, 0, 0, 0, 0, 0, 0], [28, 24, 18, 4, 3, 8, 22, 23, 15, 10, 14, 12, 2, 0], [26, 16, 11, 19, 4, 22, 17, 23, 20, 0, 0, 0, 0, 0], [11, 8, 1, 0, 0, 0, 0, 0, 0, 0, 0, 0, 0, 0], [22, 12, 0, 0, 0, 0, 0, 0, 0, 0, 0, 0, 0, 0], [2, 11, 19, 10, 14, 8, 20, 22, 17, 6, 9, 7, 3, 0], [26, 10, 19, 25, 18, 22, 1, 17, 9, 3, 7, 13, 21, 0], [1, 12, 0, 0, 0, 0, 0, 0, 0, 0, 0, 0, 0, 0]]
valid routes=1.0
norm-reward=0.7940272739193025
[ 8 iterations]
real=[[28, 24, 21, 18, 16, 15, 13, 8, 10, 4, 12, 11, 2, 0], [28, 26, 23, 19, 18, 17, 12, 7, 15, 4, 11, 2, 5, 0], [28, 25, 24, 23, 19, 17, 10, 8, 5, 4, 12, 3, 7, 0], [27, 25, 23, 21, 17, 14, 9, 7, 3, 1, 12, 4, 2, 0], [4, 8, 10, 17, 6, 7, 0, 0, 0, 0, 0, 0, 0, 0], [28, 26, 21, 20, 18, 14, 13, 9, 3, 1, 12, 11, 10, 0], [1, 14, 0, 0, 0, 0, 0, 0, 0, 0, 0, 0, 0, 0], [26, 14, 25, 0, 0, 0, 0, 0, 0, 0, 0, 0, 0, 0], [28, 24, 22, 21, 17, 11, 10, 8, 3, 19, 6, 0, 0, 0], [26, 24, 20, 19, 16, 14, 13, 9, 6, 10, 4, 8, 2, 0]]
gen=[[28, 24, 15, 16, 11, 18, 12, 8, 10, 2, 4, 21, 13, 0], [28, 26, 18, 19, 11, 12, 17, 23, 15, 4, 2, 7, 5, 0], [28, 24, 3, 19, 7, 25, 12, 23, 8, 17, 4, 10, 5, 0], [27, 25, 3, 2, 4, 7, 12, 17, 23, 9, 1, 14, 21, 0], [8, 10, 17, 4, 7, 6, 0, 0, 0, 0, 0, 0, 0, 0], [28, 26, 10, 9, 18, 13, 14, 1, 11, 3, 12, 20, 21, 0], [1, 14, 0, 0, 0, 0, 0, 0, 0, 0, 0, 0, 0, 0], [26, 25, 14, 0, 0, 0, 0, 0, 0, 0, 0, 0, 0, 0], [28, 19, 21, 24, 3, 11, 8, 17, 22, 6, 10, 0, 0, 0], [26, 10, 19, 4, 16, 14, 8, 9, 2, 24, 13, 20, 6, 0]]
valid routes=1.0
norm-reward=0.7995570893696431
[ 9 iterations]
real=[[27, 26, 23, 22, 20, 19, 14, 13, 5, 10, 1, 8, 7, 0], [26, 25, 23, 21, 20, 13, 14, 2, 3, 19, 12, 0, 0, 0], [27, 25, 21, 20, 17, 16, 14, 13, 3, 10, 4, 15, 5, 0], [7, 2, 17, 11, 26, 3, 0, 0, 0, 0, 0, 0, 0, 0], [28, 25, 24, 23, 21, 20, 19, 9, 17, 11, 12, 15, 2, 0], [27, 26, 25, 24, 23, 20, 19, 8, 3, 1, 11, 18, 7, 0], [23, 19, 17, 16, 12, 11, 10, 8, 6, 7, 1, 3, 2, 0], [28, 25, 21, 14, 4, 13, 11, 7, 8, 1, 0, 0, 0, 0], [28, 27, 25, 23, 18, 17, 13, 9, 15, 1, 11, 3, 2, 0], [28, 27, 21, 17, 15, 14, 13, 7, 3, 6, 12, 11, 2, 0]]
gen=[[27, 26, 19, 20, 5, 10, 8, 22, 23, 1, 14, 7, 13, 0], [26, 19, 13, 20, 25, 23, 14, 21, 12, 3, 2, 0, 0, 0], [27, 25, 16, 14, 4, 20, 15, 10, 3, 17, 21, 5, 13, 0], [26, 11, 7, 2, 3, 17, 0, 0, 0, 0, 0, 0, 0, 0], [28, 15, 19, 11, 20, 9, 25, 23, 17, 2, 21, 12, 24, 0], [27, 26, 24, 19, 11, 18, 7, 25, 8, 23, 3, 20, 1, 0], [8, 19, 10, 6, 2, 11, 16, 1, 23, 3, 17, 7, 12, 0], [28, 8, 11, 25, 14, 7, 13, 4, 1, 21, 0, 0, 0, 0], [28, 27, 11, 18, 25, 15, 1, 9, 3, 23, 2, 17, 13, 0], [28, 27, 11, 2, 7, 15, 17, 14, 12, 13, 3, 21, 6, 0]]
valid routes=1.0
norm-reward=0.7992287275218815
[ 10 iterations]
real=[[9, 10, 0, 0, 0, 0, 0, 0, 0, 0, 0, 0, 0, 0], [27, 24, 22, 21, 20, 16, 10, 17, 3, 6, 2, 15, 0, 0], [24, 20, 15, 11, 27, 3, 0, 0, 0, 0, 0, 0, 0, 0], [27, 23, 21, 19, 17, 15, 10, 9, 5, 4, 1, 8, 7, 0], [28, 25, 24, 22, 20, 19, 16, 13, 5, 6, 12, 15, 7, 0], [26, 23, 22, 21, 2, 13, 18, 8, 5, 12, 0, 0, 0, 0], [28, 27, 26, 25, 23, 22, 18, 17, 11, 10, 12, 20, 16, 0], [7, 8, 18, 9, 6, 0, 0, 0, 0, 0, 0, 0, 0, 0], [15, 0, 0, 0, 0, 0, 0, 0, 0, 0, 0, 0, 0, 0], [27, 26, 24, 23, 21, 17, 16, 13, 3, 4, 12, 8, 5, 0]]
gen=[[10, 9, 0, 0, 0, 0, 0, 0, 0, 0, 0, 0, 0, 0], [27, 24, 16, 3, 2, 20, 15, 17, 22, 6, 10, 21, 0, 0], [27, 24, 11, 3, 20, 15, 0, 0, 0, 0, 0, 0, 0, 0], [27, 19, 4, 5, 9, 15, 7, 8, 17, 23, 10, 1, 21, 0], [28, 24, 13, 19, 16, 25, 7, 22, 20, 15, 6, 12, 5, 0], [26, 18, 2, 13, 12, 22, 8, 23, 5, 21, 0, 0, 0, 0], [28, 27, 26, 16, 11, 25, 22, 23, 10, 20, 18, 17, 12, 0], [6, 18, 7, 9, 8, 0, 0, 0, 0, 0, 0, 0, 0, 0], [15, 0, 0, 0, 0, 0, 0, 0, 0, 0, 0, 0, 0, 0], [27, 26, 24, 16, 3, 4, 17, 8, 23, 21, 5, 13, 12, 0]]
valid routes=1.0
norm-reward=0.7980329709475387
[ 11 iterations]
real=[[26, 25, 4, 9, 6, 12, 10, 0, 0, 0, 0, 0, 0, 0], [22, 14, 21, 7, 6, 13, 19, 0, 0, 0, 0, 0, 0, 0], [28, 22, 20, 14, 15, 7, 5, 18, 19, 0, 0, 0, 0, 0], [28, 27, 24, 22, 15, 13, 10, 8, 5, 4, 12, 6, 2, 0], [25, 23, 22, 21, 19, 16, 13, 11, 14, 9, 12, 8, 7, 0], [27, 24, 20, 19, 17, 15, 13, 9, 3, 10, 11, 4, 5, 0], [25, 24, 21, 18, 17, 16, 14, 9, 11, 4, 12, 8, 1, 0], [27, 26, 24, 23, 14, 12, 9, 7, 5, 4, 1, 6, 2, 0], [28, 27, 25, 19, 18, 15, 13, 8, 6, 10, 11, 3, 2, 0], [5, 2, 25, 10, 6, 0, 0, 0, 0, 0, 0, 0, 0, 0]]
gen=[[26, 9, 6, 25, 4, 12, 10, 0, 0, 0, 0, 0, 0, 0], [19, 13, 14, 22, 7, 6, 21, 0, 0, 0, 0, 0, 0, 0], [28, 20, 19, 18, 15, 7, 22, 14, 5, 0, 0, 0, 0, 0], [28, 27, 24, 8, 15, 4, 5, 12, 22, 6, 2, 10, 13, 0], [25, 7, 19, 11, 16, 14, 8, 23, 22, 9, 13, 21, 12, 0], [27, 11, 24, 19, 10, 4, 3, 17, 15, 13, 20, 9, 5, 0], [24, 8, 18, 14, 16, 11, 25, 4, 12, 9, 21, 17, 1, 0], [27, 26, 4, 2, 24, 6, 9, 7, 23, 12, 1, 14, 5, 0], [28, 27, 8, 18, 19, 3, 25, 11, 15, 10, 6, 2, 13, 0], [25, 5, 2, 10, 6, 0, 0, 0, 0, 0, 0, 0, 0, 0]]
valid routes=1.0
norm-reward=0.789908614739247
[ 12 iterations]
real=[[28, 21, 20, 17, 16, 11, 9, 8, 5, 4, 6, 3, 7, 0], [11, 25, 15, 17, 6, 0, 0, 0, 0, 0, 0, 0, 0, 0], [7, 13, 0, 0, 0, 0, 0, 0, 0, 0, 0, 0, 0, 0], [27, 20, 13, 9, 4, 12, 10, 1, 6, 0, 0, 0, 0, 0], [28, 26, 22, 21, 20, 18, 16, 9, 6, 10, 11, 7, 2, 0], [12, 16, 17, 27, 0, 0, 0, 0, 0, 0, 0, 0, 0, 0], [26, 24, 22, 20, 18, 17, 14, 13, 15, 4, 11, 9, 1, 0], [28, 26, 22, 18, 17, 16, 12, 10, 15, 4, 11, 8, 3, 0], [28, 25, 0, 0, 0, 0, 0, 0, 0, 0, 0, 0, 0, 0], [25, 24, 23, 19, 17, 13, 10, 8, 14, 4, 2, 0, 0, 0]]
gen=[[28, 21, 11, 16, 4, 7, 9, 17, 8, 3, 5, 20, 6, 0], [25, 15, 11, 6, 17, 0, 0, 0, 0, 0, 0, 0, 0, 0], [13, 7, 0, 0, 0, 0, 0, 0, 0, 0, 0, 0, 0, 0], [27, 10, 6, 12, 9, 4, 13, 20, 1, 0, 0, 0, 0, 0], [28, 26, 11, 16, 18, 7, 22, 9, 21, 6, 10, 20, 2, 0], [27, 16, 12, 17, 0, 0, 0, 0, 0, 0, 0, 0, 0, 0], [26, 24, 15, 17, 11, 18, 13, 9, 22, 1, 4, 20, 14, 0], [28, 26, 16, 11, 18, 4, 15, 12, 22, 3, 8, 17, 10, 0], [28, 25, 0, 0, 0, 0, 0, 0, 0, 0, 0, 0, 0, 0], [25, 8, 24, 19, 2, 14, 23, 17, 13, 4, 10, 0, 0, 0]]
valid routes=1.0
norm-reward=0.7887184422674725
[ 13 iterations]
real=[[26, 25, 10, 12, 2, 4, 9, 1, 5, 0, 0, 0, 0, 0], [28, 23, 21, 19, 2, 12, 14, 18, 6, 16, 0, 0, 0, 0], [24, 22, 21, 19, 18, 16, 13, 8, 14, 7, 11, 3, 2, 0], [26, 19, 13, 23, 0, 0, 0, 0, 0, 0, 0, 0, 0, 0], [21, 3, 0, 0, 0, 0, 0, 0, 0, 0, 0, 0, 0, 0], [25, 24, 22, 21, 16, 7, 5, 2, 3, 10, 15, 0, 0, 0], [12, 14, 22, 23, 0, 0, 0, 0, 0, 0, 0, 0, 0, 0], [27, 26, 24, 21, 20, 18, 11, 9, 6, 1, 17, 4, 2, 0], [23, 22, 20, 17, 16, 15, 11, 10, 3, 4, 12, 7, 2, 0], [28, 25, 20, 22, 2, 3, 11, 7, 0, 0, 0, 0, 0, 0]]
gen=[[26, 25, 2, 4, 9, 12, 1, 5, 10, 0, 0, 0, 0, 0], [28, 16, 19, 18, 2, 14, 23, 12, 6, 21, 0, 0, 0, 0], [19, 24, 8, 16, 18, 11, 7, 13, 3, 22, 14, 2, 21, 0], [26, 13, 19, 23, 0, 0, 0, 0, 0, 0, 0, 0, 0, 0], [3, 21, 0, 0, 0, 0, 0, 0, 0, 0, 0, 0, 0, 0], [25, 24, 16, 15, 2, 7, 21, 22, 5, 3, 10, 0, 0, 0], [23, 14, 22, 12, 0, 0, 0, 0, 0, 0, 0, 0, 0, 0], [27, 26, 24, 4, 9, 11, 18, 6, 2, 17, 1, 20, 21, 0], [3, 16, 12, 2, 4, 7, 15, 17, 23, 22, 11, 20, 10, 0], [28, 7, 25, 2, 11, 20, 22, 3, 0, 0, 0, 0, 0, 0]]
valid routes=1.0
norm-reward=0.7849714741006568
[ 14 iterations]
real=[[5, 15, 0, 0, 0, 0, 0, 0, 0, 0, 0, 0, 0, 0], [27, 24, 20, 18, 14, 13, 9, 7, 6, 1, 12, 3, 0, 0], [27, 0, 0, 0, 0, 0, 0, 0, 0, 0, 0, 0, 0, 0], [28, 26, 25, 24, 19, 18, 17, 1, 14, 4, 12, 8, 15, 0], [28, 25, 24, 18, 17, 16, 14, 9, 3, 10, 6, 8, 5, 0], [6, 0, 0, 0, 0, 0, 0, 0, 0, 0, 0, 0, 0, 0], [28, 24, 23, 22, 21, 16, 8, 7, 6, 4, 1, 3, 2, 0], [26, 14, 1, 7, 22, 13, 10, 0, 0, 0, 0, 0, 0, 0], [27, 25, 21, 19, 17, 16, 14, 1, 6, 10, 12, 11, 2, 0], [27, 25, 22, 21, 20, 19, 14, 13, 5, 10, 12, 9, 7, 0]]
gen=[[5, 15, 0, 0, 0, 0, 0, 0, 0, 0, 0, 0, 0, 0], [27, 24, 18, 20, 7, 9, 12, 3, 14, 6, 13, 1, 0, 0], [27, 0, 0, 0, 0, 0, 0, 0, 0, 0, 0, 0, 0, 0], [28, 26, 19, 24, 18, 15, 25, 8, 17, 4, 14, 1, 12, 0], [28, 24, 18, 16, 5, 25, 17, 8, 3, 9, 6, 14, 10, 0], [6, 0, 0, 0, 0, 0, 0, 0, 0, 0, 0, 0, 0, 0], [28, 24, 6, 16, 4, 22, 2, 8, 1, 23, 3, 7, 21, 0], [26, 10, 22, 7, 1, 14, 13, 0, 0, 0, 0, 0, 0, 0], [27, 25, 19, 16, 11, 2, 14, 17, 6, 21, 1, 10, 12, 0], [27, 9, 20, 19, 13, 14, 25, 22, 7, 5, 21, 12, 10, 0]]
valid routes=1.0
norm-reward=0.7917211342646968
[ 15 iterations]
real=[[28, 27, 25, 23, 19, 18, 17, 1, 15, 10, 12, 11, 7, 0], [27, 25, 24, 22, 20, 16, 14, 9, 15, 4, 12, 8, 3, 0], [26, 22, 17, 15, 14, 13, 10, 9, 5, 4, 6, 8, 7, 0], [28, 19, 17, 15, 14, 13, 9, 8, 5, 7, 11, 6, 2, 0], [27, 24, 22, 21, 16, 11, 10, 2, 5, 1, 17, 0, 0, 0], [28, 27, 26, 23, 22, 21, 20, 2, 19, 10, 12, 18, 16, 0], [5, 8, 22, 0, 0, 0, 0, 0, 0, 0, 0, 0, 0, 0], [26, 25, 24, 22, 17, 12, 9, 7, 5, 4, 11, 6, 2, 0], [12, 11, 10, 26, 16, 0, 0, 0, 0, 0, 0, 0, 0, 0], [11, 16, 10, 9, 0, 0, 0, 0, 0, 0, 0, 0, 0, 0]]
gen=[[28, 27, 19, 18, 15, 11, 10, 25, 7, 17, 23, 1, 12, 0], [27, 24, 16, 4, 15, 9, 14, 8, 25, 3, 22, 12, 20, 0], [26, 8, 4, 15, 9, 7, 22, 17, 5, 6, 13, 14, 10, 0], [28, 8, 5, 19, 11, 2, 15, 17, 7, 9, 14, 13, 6, 0], [27, 24, 16, 11, 2, 10, 17, 22, 21, 1, 5, 0, 0, 0], [28, 27, 26, 18, 19, 16, 22, 2, 12, 23, 10, 20, 21, 0], [8, 22, 5, 0, 0, 0, 0, 0, 0, 0, 0, 0, 0, 0], [26, 24, 11, 6, 2, 9, 22, 17, 5, 25, 7, 4, 12, 0], [26, 16, 10, 11, 12, 0, 0, 0, 0, 0, 0, 0, 0, 0], [9, 16, 10, 11, 0, 0, 0, 0, 0, 0, 0, 0, 0, 0]]
valid routes=1.0
norm-reward=0.7743546998241588
[ 16 iterations]
real=[[28, 27, 26, 22, 18, 15, 9, 8, 5, 4, 12, 3, 7, 0], [26, 25, 24, 21, 20, 18, 13, 10, 15, 6, 12, 8, 7, 0], [22, 21, 15, 14, 13, 11, 10, 9, 3, 4, 1, 8, 2, 0], [27, 26, 24, 22, 20, 19, 18, 13, 17, 6, 11, 3, 5, 0], [21, 19, 10, 0, 0, 0, 0, 0, 0, 0, 0, 0, 0, 0], [24, 8, 10, 17, 16, 0, 0, 0, 0, 0, 0, 0, 0, 0], [28, 24, 16, 0, 0, 0, 0, 0, 0, 0, 0, 0, 0, 0], [26, 25, 24, 23, 22, 20, 14, 10, 19, 4, 12, 3, 7, 0], [15, 0, 0, 0, 0, 0, 0, 0, 0, 0, 0, 0, 0, 0], [28, 23, 21, 15, 16, 7, 13, 1, 0, 0, 0, 0, 0, 0]]
gen=[[28, 27, 26, 18, 15, 12, 3, 8, 22, 9, 7, 4, 5, 0], [26, 25, 24, 18, 15, 7, 8, 12, 13, 10, 6, 21, 20, 0], [2, 22, 15, 14, 3, 9, 8, 11, 13, 21, 10, 4, 1, 0], [27, 26, 24, 19, 18, 11, 17, 3, 22, 13, 5, 6, 20, 0], [21, 19, 10, 0, 0, 0, 0, 0, 0, 0, 0, 0, 0, 0], [24, 17, 16, 10, 8, 0, 0, 0, 0, 0, 0, 0, 0, 0], [28, 24, 16, 0, 0, 0, 0, 0, 0, 0, 0, 0, 0, 0], [26, 25, 24, 19, 20, 14, 7, 22, 23, 4, 3, 10, 12, 0], [15, 0, 0, 0, 0, 0, 0, 0, 0, 0, 0, 0, 0, 0], [28, 7, 23, 1, 15, 16, 21, 13, 0, 0, 0, 0, 0, 0]]
valid routes=1.0
norm-reward=0.7894891773264574
[ 17 iterations]
real=[[21, 20, 19, 18, 14, 12, 11, 7, 5, 4, 6, 3, 2, 0], [27, 23, 10, 8, 2, 13, 5, 1, 0, 0, 0, 0, 0, 0], [5, 14, 13, 27, 4, 7, 0, 0, 0, 0, 0, 0, 0, 0], [28, 24, 23, 22, 18, 15, 14, 8, 3, 10, 12, 4, 2, 0], [26, 23, 20, 22, 16, 4, 11, 17, 19, 0, 0, 0, 0, 0], [11, 8, 1, 0, 0, 0, 0, 0, 0, 0, 0, 0, 0, 0], [12, 22, 0, 0, 0, 0, 0, 0, 0, 0, 0, 0, 0, 0], [22, 20, 19, 17, 14, 11, 9, 8, 6, 10, 7, 3, 2, 0], [26, 25, 22, 21, 19, 18, 13, 9, 17, 10, 1, 3, 7, 0], [12, 1, 0, 0, 0, 0, 0, 0, 0, 0, 0, 0, 0, 0]]
gen=[[2, 20, 19, 18, 3, 14, 12, 11, 7, 6, 5, 21, 4, 0], [27, 2, 13, 10, 8, 5, 23, 1, 0, 0, 0, 0, 0, 0], [27, 4, 14, 13, 7, 5, 0, 0, 0, 0, 0, 0, 0, 0], [28, 24, 15, 18, 2, 14, 8, 4, 22, 23, 3, 12, 10, 0], [26, 20, 19, 16, 17, 11, 4, 23, 22, 0, 0, 0, 0, 0], [8, 1, 11, 0, 0, 0, 0, 0, 0, 0, 0, 0, 0, 0], [22, 12, 0, 0, 0, 0, 0, 0, 0, 0, 0, 0, 0, 0], [17, 20, 19, 2, 14, 7, 11, 22, 8, 3, 9, 10, 6, 0], [26, 21, 19, 18, 9, 17, 7, 25, 3, 22, 1, 10, 13, 0], [12, 1, 0, 0, 0, 0, 0, 0, 0, 0, 0, 0, 0, 0]]
valid routes=1.0
norm-reward=0.7896305629009192
[ 18 iterations]
real=[[28, 24, 21, 18, 16, 15, 13, 8, 10, 4, 12, 11, 2, 0], [28, 26, 23, 19, 18, 17, 12, 7, 15, 4, 11, 2, 5, 0], [28, 25, 24, 23, 19, 17, 10, 8, 5, 4, 12, 3, 7, 0], [27, 25, 23, 21, 17, 14, 9, 7, 3, 1, 12, 4, 2, 0], [4, 8, 10, 17, 6, 7, 0, 0, 0, 0, 0, 0, 0, 0], [28, 26, 21, 20, 18, 14, 13, 9, 3, 1, 12, 11, 10, 0], [1, 14, 0, 0, 0, 0, 0, 0, 0, 0, 0, 0, 0, 0], [26, 14, 25, 0, 0, 0, 0, 0, 0, 0, 0, 0, 0, 0], [28, 24, 22, 21, 17, 11, 10, 8, 3, 19, 6, 0, 0, 0], [26, 24, 20, 19, 16, 14, 13, 9, 6, 10, 4, 8, 2, 0]]
gen=[[28, 24, 8, 16, 15, 11, 4, 18, 12, 2, 13, 10, 21, 0], [28, 26, 19, 15, 18, 2, 11, 17, 4, 23, 12, 7, 5, 0], [28, 24, 19, 7, 25, 8, 23, 3, 4, 10, 5, 17, 12, 0], [27, 14, 12, 2, 4, 7, 25, 23, 9, 21, 3, 17, 1, 0], [7, 17, 10, 4, 8, 6, 0, 0, 0, 0, 0, 0, 0, 0], [28, 26, 20, 11, 18, 21, 14, 12, 9, 3, 13, 10, 1, 0], [14, 1, 0, 0, 0, 0, 0, 0, 0, 0, 0, 0, 0, 0], [26, 25, 14, 0, 0, 0, 0, 0, 0, 0, 0, 0, 0, 0], [28, 24, 19, 8, 11, 10, 17, 22, 3, 6, 21, 0, 0, 0], [26, 24, 16, 19, 20, 14, 4, 2, 9, 8, 13, 10, 6, 0]]
valid routes=1.0
norm-reward=0.7881422672927824
[ 19 iterations]
real=[[27, 26, 23, 22, 20, 19, 14, 13, 5, 10, 1, 8, 7, 0], [26, 25, 23, 21, 20, 13, 14, 2, 3, 19, 12, 0, 0, 0], [27, 25, 21, 20, 17, 16, 14, 13, 3, 10, 4, 15, 5, 0], [7, 2, 17, 11, 26, 3, 0, 0, 0, 0, 0, 0, 0, 0], [28, 25, 24, 23, 21, 20, 19, 9, 17, 11, 12, 15, 2, 0], [27, 26, 25, 24, 23, 20, 19, 8, 3, 1, 11, 18, 7, 0], [23, 19, 17, 16, 12, 11, 10, 8, 6, 7, 1, 3, 2, 0], [28, 25, 21, 14, 4, 13, 11, 7, 8, 1, 0, 0, 0, 0], [28, 27, 25, 23, 18, 17, 13, 9, 15, 1, 11, 3, 2, 0], [28, 27, 21, 17, 15, 14, 13, 7, 3, 6, 12, 11, 2, 0]]
gen=[[27, 26, 19, 14, 20, 13, 22, 5, 7, 8, 23, 1, 10, 0], [26, 12, 19, 2, 25, 20, 14, 3, 23, 21, 13, 0, 0, 0], [27, 15, 16, 20, 14, 5, 25, 17, 4, 3, 21, 10, 13, 0], [26, 11, 2, 3, 17, 7, 0, 0, 0, 0, 0, 0, 0, 0], [28, 15, 24, 19, 11, 25, 17, 20, 9, 23, 12, 2, 21, 0], [27, 26, 19, 18, 24, 11, 25, 8, 3, 23, 1, 20, 7, 0], [17, 8, 16, 19, 11, 3, 12, 2, 7, 10, 23, 6, 1, 0], [28, 25, 8, 1, 13, 14, 7, 11, 21, 4, 0, 0, 0, 0], [28, 27, 11, 15, 18, 2, 17, 3, 23, 9, 1, 25, 13, 0], [28, 27, 15, 14, 11, 7, 17, 2, 6, 13, 3, 21, 12, 0]]
valid routes=1.0
norm-reward=0.789344029287627
[ 20 iterations]
real=[[9, 10, 0, 0, 0, 0, 0, 0, 0, 0, 0, 0, 0, 0], [27, 24, 22, 21, 20, 16, 10, 17, 3, 6, 2, 15, 0, 0], [24, 20, 15, 11, 27, 3, 0, 0, 0, 0, 0, 0, 0, 0], [27, 23, 21, 19, 17, 15, 10, 9, 5, 4, 1, 8, 7, 0], [28, 25, 24, 22, 20, 19, 16, 13, 5, 6, 12, 15, 7, 0], [26, 23, 22, 21, 2, 13, 18, 8, 5, 12, 0, 0, 0, 0], [28, 27, 26, 25, 23, 22, 18, 17, 11, 10, 12, 20, 16, 0], [7, 8, 18, 9, 6, 0, 0, 0, 0, 0, 0, 0, 0, 0], [15, 0, 0, 0, 0, 0, 0, 0, 0, 0, 0, 0, 0, 0], [27, 26, 24, 23, 21, 17, 16, 13, 3, 4, 12, 8, 5, 0]]
gen=[[10, 9, 0, 0, 0, 0, 0, 0, 0, 0, 0, 0, 0, 0], [27, 15, 16, 20, 2, 17, 22, 10, 24, 3, 21, 6, 0, 0], [27, 24, 15, 20, 11, 3, 0, 0, 0, 0, 0, 0, 0, 0], [27, 15, 19, 21, 5, 17, 9, 8, 23, 7, 10, 1, 4, 0], [28, 15, 19, 16, 24, 20, 7, 13, 22, 6, 25, 12, 5, 0], [26, 22, 18, 8, 2, 12, 13, 23, 5, 21, 0, 0, 0, 0], [28, 27, 26, 18, 16, 25, 11, 22, 23, 17, 12, 20, 10, 0], [18, 6, 7, 9, 8, 0, 0, 0, 0, 0, 0, 0, 0, 0], [15, 0, 0, 0, 0, 0, 0, 0, 0, 0, 0, 0, 0, 0], [27, 26, 24, 5, 16, 13, 12, 17, 8, 23, 21, 4, 3, 0]]
valid routes=1.0
norm-reward=0.8001135570312558
[ 21 iterations]
real=[[26, 25, 4, 9, 6, 12, 10, 0, 0, 0, 0, 0, 0, 0], [22, 14, 21, 7, 6, 13, 19, 0, 0, 0, 0, 0, 0, 0], [28, 22, 20, 14, 15, 7, 5, 18, 19, 0, 0, 0, 0, 0], [28, 27, 24, 22, 15, 13, 10, 8, 5, 4, 12, 6, 2, 0], [25, 23, 22, 21, 19, 16, 13, 11, 14, 9, 12, 8, 7, 0], [27, 24, 20, 19, 17, 15, 13, 9, 3, 10, 11, 4, 5, 0], [25, 24, 21, 18, 17, 16, 14, 9, 11, 4, 12, 8, 1, 0], [27, 26, 24, 23, 14, 12, 9, 7, 5, 4, 1, 6, 2, 0], [28, 27, 25, 19, 18, 15, 13, 8, 6, 10, 11, 3, 2, 0], [5, 2, 25, 10, 6, 0, 0, 0, 0, 0, 0, 0, 0, 0]]
gen=[[26, 6, 4, 9, 25, 10, 12, 0, 0, 0, 0, 0, 0, 0], [21, 19, 22, 6, 13, 14, 7, 0, 0, 0, 0, 0, 0, 0], [28, 15, 18, 19, 14, 20, 7, 22, 5, 0, 0, 0, 0, 0], [28, 27, 15, 24, 2, 8, 6, 22, 12, 10, 13, 5, 4, 0], [25, 23, 19, 16, 14, 11, 13, 8, 22, 12, 9, 21, 7, 0], [27, 15, 20, 19, 11, 13, 24, 4, 9, 17, 3, 10, 5, 0], [24, 8, 16, 18, 14, 1, 25, 4, 11, 17, 12, 9, 21, 0], [27, 26, 24, 2, 9, 14, 7, 23, 4, 1, 6, 12, 5, 0], [28, 27, 15, 19, 18, 11, 25, 13, 3, 8, 6, 2, 10, 0], [10, 25, 2, 5, 6, 0, 0, 0, 0, 0, 0, 0, 0, 0]]
valid routes=1.0
norm-reward=0.7889962316995535
[ 22 iterations]
real=[[28, 21, 20, 17, 16, 11, 9, 8, 5, 4, 6, 3, 7, 0], [11, 25, 15, 17, 6, 0, 0, 0, 0, 0, 0, 0, 0, 0], [7, 13, 0, 0, 0, 0, 0, 0, 0, 0, 0, 0, 0, 0], [27, 20, 13, 9, 4, 12, 10, 1, 6, 0, 0, 0, 0, 0], [28, 26, 22, 21, 20, 18, 16, 9, 6, 10, 11, 7, 2, 0], [12, 16, 17, 27, 0, 0, 0, 0, 0, 0, 0, 0, 0, 0], [26, 24, 22, 20, 18, 17, 14, 13, 15, 4, 11, 9, 1, 0], [28, 26, 22, 18, 17, 16, 12, 10, 15, 4, 11, 8, 3, 0], [28, 25, 0, 0, 0, 0, 0, 0, 0, 0, 0, 0, 0, 0], [25, 24, 23, 19, 17, 13, 10, 8, 14, 4, 2, 0, 0, 0]]
gen=[[28, 16, 17, 20, 11, 9, 8, 7, 3, 6, 5, 4, 21, 0], [15, 25, 11, 6, 17, 0, 0, 0, 0, 0, 0, 0, 0, 0], [7, 13, 0, 0, 0, 0, 0, 0, 0, 0, 0, 0, 0, 0], [27, 20, 9, 13, 4, 12, 6, 10, 1, 0, 0, 0, 0, 0], [28, 26, 18, 16, 6, 11, 22, 9, 7, 21, 2, 10, 20, 0], [27, 16, 17, 12, 0, 0, 0, 0, 0, 0, 0, 0, 0, 0], [26, 15, 18, 20, 17, 11, 9, 14, 4, 13, 22, 1, 24, 0], [28, 26, 15, 16, 18, 12, 4, 17, 11, 3, 10, 8, 22, 0], [28, 25, 0, 0, 0, 0, 0, 0, 0, 0, 0, 0, 0, 0], [25, 8, 24, 19, 10, 13, 17, 4, 23, 14, 2, 0, 0, 0]]
valid routes=1.0
norm-reward=0.7931824367118916
[ 23 iterations]
real=[[26, 25, 10, 12, 2, 4, 9, 1, 5, 0, 0, 0, 0, 0], [28, 23, 21, 19, 2, 12, 14, 18, 6, 16, 0, 0, 0, 0], [24, 22, 21, 19, 18, 16, 13, 8, 14, 7, 11, 3, 2, 0], [26, 19, 13, 23, 0, 0, 0, 0, 0, 0, 0, 0, 0, 0], [21, 3, 0, 0, 0, 0, 0, 0, 0, 0, 0, 0, 0, 0], [25, 24, 22, 21, 16, 7, 5, 2, 3, 10, 15, 0, 0, 0], [12, 14, 22, 23, 0, 0, 0, 0, 0, 0, 0, 0, 0, 0], [27, 26, 24, 21, 20, 18, 11, 9, 6, 1, 17, 4, 2, 0], [23, 22, 20, 17, 16, 15, 11, 10, 3, 4, 12, 7, 2, 0], [28, 25, 20, 22, 2, 3, 11, 7, 0, 0, 0, 0, 0, 0]]
gen=[[26, 5, 10, 4, 25, 9, 12, 1, 2, 0, 0, 0, 0, 0], [28, 16, 19, 18, 6, 21, 12, 23, 14, 2, 0, 0, 0, 0], [24, 18, 16, 19, 14, 7, 8, 13, 3, 22, 11, 21, 2, 0], [26, 19, 23, 13, 0, 0, 0, 0, 0, 0, 0, 0, 0, 0], [21, 3, 0, 0, 0, 0, 0, 0, 0, 0, 0, 0, 0, 0], [24, 15, 16, 25, 21, 3, 22, 2, 7, 5, 10, 0, 0, 0], [23, 14, 22, 12, 0, 0, 0, 0, 0, 0, 0, 0, 0, 0], [27, 26, 18, 11, 9, 21, 17, 2, 6, 4, 24, 20, 1, 0], [15, 16, 11, 17, 20, 4, 22, 23, 7, 3, 12, 10, 2, 0], [28, 11, 2, 25, 20, 3, 22, 7, 0, 0, 0, 0, 0, 0]]
valid routes=1.0
norm-reward=0.7941158448888697
[ 24 iterations]
real=[[5, 15, 0, 0, 0, 0, 0, 0, 0, 0, 0, 0, 0, 0], [27, 24, 20, 18, 14, 13, 9, 7, 6, 1, 12, 3, 0, 0], [27, 0, 0, 0, 0, 0, 0, 0, 0, 0, 0, 0, 0, 0], [28, 26, 25, 24, 19, 18, 17, 1, 14, 4, 12, 8, 15, 0], [28, 25, 24, 18, 17, 16, 14, 9, 3, 10, 6, 8, 5, 0], [6, 0, 0, 0, 0, 0, 0, 0, 0, 0, 0, 0, 0, 0], [28, 24, 23, 22, 21, 16, 8, 7, 6, 4, 1, 3, 2, 0], [26, 14, 1, 7, 22, 13, 10, 0, 0, 0, 0, 0, 0, 0], [27, 25, 21, 19, 17, 16, 14, 1, 6, 10, 12, 11, 2, 0], [27, 25, 22, 21, 20, 19, 14, 13, 5, 10, 12, 9, 7, 0]]
gen=[[15, 5, 0, 0, 0, 0, 0, 0, 0, 0, 0, 0, 0, 0], [27, 18, 20, 14, 9, 13, 12, 3, 7, 24, 6, 1, 0, 0], [27, 0, 0, 0, 0, 0, 0, 0, 0, 0, 0, 0, 0, 0], [28, 26, 15, 19, 18, 17, 8, 4, 14, 25, 12, 1, 24, 0], [28, 18, 24, 16, 8, 17, 9, 6, 14, 3, 25, 5, 10, 0], [6, 0, 0, 0, 0, 0, 0, 0, 0, 0, 0, 0, 0, 0], [28, 24, 16, 2, 8, 22, 3, 4, 23, 7, 21, 6, 1, 0], [26, 22, 13, 14, 7, 1, 10, 0, 0, 0, 0, 0, 0, 0], [27, 16, 19, 10, 25, 17, 14, 1, 6, 2, 21, 11, 12, 0], [27, 19, 22, 14, 13, 25, 20, 9, 10, 5, 12, 7, 21, 0]]
valid routes=1.0
norm-reward=0.7983530558455637
[ 25 iterations]
real=[[28, 27, 25, 23, 19, 18, 17, 1, 15, 10, 12, 11, 7, 0], [27, 25, 24, 22, 20, 16, 14, 9, 15, 4, 12, 8, 3, 0], [26, 22, 17, 15, 14, 13, 10, 9, 5, 4, 6, 8, 7, 0], [28, 19, 17, 15, 14, 13, 9, 8, 5, 7, 11, 6, 2, 0], [27, 24, 22, 21, 16, 11, 10, 2, 5, 1, 17, 0, 0, 0], [28, 27, 26, 23, 22, 21, 20, 2, 19, 10, 12, 18, 16, 0], [5, 8, 22, 0, 0, 0, 0, 0, 0, 0, 0, 0, 0, 0], [26, 25, 24, 22, 17, 12, 9, 7, 5, 4, 11, 6, 2, 0], [12, 11, 10, 26, 16, 0, 0, 0, 0, 0, 0, 0, 0, 0], [11, 16, 10, 9, 0, 0, 0, 0, 0, 0, 0, 0, 0, 0]]
gen=[[28, 27, 15, 19, 18, 17, 7, 12, 11, 23, 25, 10, 1, 0], [27, 15, 16, 24, 20, 25, 22, 14, 4, 9, 8, 3, 12, 0], [26, 15, 17, 14, 8, 13, 7, 22, 5, 9, 6, 10, 4, 0], [28, 15, 19, 17, 13, 6, 14, 8, 7, 11, 9, 5, 2, 0], [27, 16, 24, 17, 11, 22, 10, 2, 5, 1, 21, 0, 0, 0], [28, 27, 26, 19, 16, 18, 23, 20, 12, 22, 2, 10, 21, 0], [8, 22, 5, 0, 0, 0, 0, 0, 0, 0, 0, 0, 0, 0], [26, 24, 11, 6, 17, 25, 9, 4, 2, 7, 22, 5, 12, 0], [26, 16, 11, 12, 10, 0, 0, 0, 0, 0, 0, 0, 0, 0], [10, 16, 9, 11, 0, 0, 0, 0, 0, 0, 0, 0, 0, 0]]
valid routes=1.0
norm-reward=0.7895708298532791
[ 26 iterations]
real=[[28, 27, 26, 22, 18, 15, 9, 8, 5, 4, 12, 3, 7, 0], [26, 25, 24, 21, 20, 18, 13, 10, 15, 6, 12, 8, 7, 0], [22, 21, 15, 14, 13, 11, 10, 9, 3, 4, 1, 8, 2, 0], [27, 26, 24, 22, 20, 19, 18, 13, 17, 6, 11, 3, 5, 0], [21, 19, 10, 0, 0, 0, 0, 0, 0, 0, 0, 0, 0, 0], [24, 8, 10, 17, 16, 0, 0, 0, 0, 0, 0, 0, 0, 0], [28, 24, 16, 0, 0, 0, 0, 0, 0, 0, 0, 0, 0, 0], [26, 25, 24, 23, 22, 20, 14, 10, 19, 4, 12, 3, 7, 0], [15, 0, 0, 0, 0, 0, 0, 0, 0, 0, 0, 0, 0, 0], [28, 23, 21, 15, 16, 7, 13, 1, 0, 0, 0, 0, 0, 0]]
gen=[[28, 27, 15, 26, 18, 22, 8, 7, 4, 5, 3, 9, 12, 0], [26, 15, 18, 13, 12, 25, 24, 8, 21, 10, 6, 7, 20, 0], [15, 3, 11, 14, 13, 9, 22, 8, 2, 4, 1, 10, 21, 0], [27, 26, 19, 18, 11, 13, 24, 3, 17, 20, 6, 5, 22, 0], [19, 10, 21, 0, 0, 0, 0, 0, 0, 0, 0, 0, 0, 0], [24, 16, 10, 17, 8, 0, 0, 0, 0, 0, 0, 0, 0, 0], [28, 24, 16, 0, 0, 0, 0, 0, 0, 0, 0, 0, 0, 0], [26, 19, 14, 24, 20, 25, 12, 7, 22, 10, 23, 4, 3, 0], [15, 0, 0, 0, 0, 0, 0, 0, 0, 0, 0, 0, 0, 0], [28, 15, 23, 13, 21, 1, 16, 7, 0, 0, 0, 0, 0, 0]]
valid routes=1.0
norm-reward=0.7779313279351404
[ 27 iterations]
real=[[21, 20, 19, 18, 14, 12, 11, 7, 5, 4, 6, 3, 2, 0], [27, 23, 10, 8, 2, 13, 5, 1, 0, 0, 0, 0, 0, 0], [5, 14, 13, 27, 4, 7, 0, 0, 0, 0, 0, 0, 0, 0], [28, 24, 23, 22, 18, 15, 14, 8, 3, 10, 12, 4, 2, 0], [26, 23, 20, 22, 16, 4, 11, 17, 19, 0, 0, 0, 0, 0], [11, 8, 1, 0, 0, 0, 0, 0, 0, 0, 0, 0, 0, 0], [12, 22, 0, 0, 0, 0, 0, 0, 0, 0, 0, 0, 0, 0], [22, 20, 19, 17, 14, 11, 9, 8, 6, 10, 7, 3, 2, 0], [26, 25, 22, 21, 19, 18, 13, 9, 17, 10, 1, 3, 7, 0], [12, 1, 0, 0, 0, 0, 0, 0, 0, 0, 0, 0, 0, 0]]
gen=[[2, 19, 18, 14, 11, 6, 12, 4, 20, 5, 7, 3, 21, 0], [27, 23, 13, 8, 10, 2, 1, 5, 0, 0, 0, 0, 0, 0], [27, 5, 4, 13, 14, 7, 0, 0, 0, 0, 0, 0, 0, 0], [28, 15, 18, 23, 14, 12, 4, 24, 3, 8, 10, 2, 22, 0], [26, 19, 11, 16, 17, 20, 22, 4, 23, 0, 0, 0, 0, 0], [1, 11, 8, 0, 0, 0, 0, 0, 0, 0, 0, 0, 0, 0], [12, 22, 0, 0, 0, 0, 0, 0, 0, 0, 0, 0, 0, 0], [19, 20, 11, 17, 2, 6, 8, 7, 22, 9, 14, 3, 10, 0], [26, 18, 19, 13, 17, 25, 7, 9, 22, 3, 1, 21, 10, 0], [1, 12, 0, 0, 0, 0, 0, 0, 0, 0, 0, 0, 0, 0]]
valid routes=1.0
norm-reward=0.7834544450390106
[ 28 iterations]
real=[[28, 24, 21, 18, 16, 15, 13, 8, 10, 4, 12, 11, 2, 0], [28, 26, 23, 19, 18, 17, 12, 7, 15, 4, 11, 2, 5, 0], [28, 25, 24, 23, 19, 17, 10, 8, 5, 4, 12, 3, 7, 0], [27, 25, 23, 21, 17, 14, 9, 7, 3, 1, 12, 4, 2, 0], [4, 8, 10, 17, 6, 7, 0, 0, 0, 0, 0, 0, 0, 0], [28, 26, 21, 20, 18, 14, 13, 9, 3, 1, 12, 11, 10, 0], [1, 14, 0, 0, 0, 0, 0, 0, 0, 0, 0, 0, 0, 0], [26, 14, 25, 0, 0, 0, 0, 0, 0, 0, 0, 0, 0, 0], [28, 24, 22, 21, 17, 11, 10, 8, 3, 19, 6, 0, 0, 0], [26, 24, 20, 19, 16, 14, 13, 9, 6, 10, 4, 8, 2, 0]]
gen=[[28, 15, 18, 16, 11, 24, 13, 12, 8, 21, 4, 2, 10, 0], [28, 15, 26, 19, 18, 17, 2, 23, 11, 7, 5, 4, 12, 0], [28, 24, 19, 8, 25, 17, 12, 4, 10, 7, 3, 23, 5, 0], [27, 17, 9, 23, 14, 25, 12, 1, 7, 3, 4, 21, 2, 0], [4, 6, 17, 8, 10, 7, 0, 0, 0, 0, 0, 0, 0, 0], [28, 26, 18, 13, 14, 11, 12, 1, 20, 3, 21, 9, 10, 0], [14, 1, 0, 0, 0, 0, 0, 0, 0, 0, 0, 0, 0, 0], [26, 25, 14, 0, 0, 0, 0, 0, 0, 0, 0, 0, 0, 0], [28, 24, 19, 11, 17, 6, 22, 3, 8, 21, 10, 0, 0, 0], [26, 16, 19, 13, 14, 20, 10, 9, 4, 8, 6, 24, 2, 0]]
valid routes=1.0
norm-reward=0.7658234078210466
[ 29 iterations]
real=[[27, 26, 23, 22, 20, 19, 14, 13, 5, 10, 1, 8, 7, 0], [26, 25, 23, 21, 20, 13, 14, 2, 3, 19, 12, 0, 0, 0], [27, 25, 21, 20, 17, 16, 14, 13, 3, 10, 4, 15, 5, 0], [7, 2, 17, 11, 26, 3, 0, 0, 0, 0, 0, 0, 0, 0], [28, 25, 24, 23, 21, 20, 19, 9, 17, 11, 12, 15, 2, 0], [27, 26, 25, 24, 23, 20, 19, 8, 3, 1, 11, 18, 7, 0], [23, 19, 17, 16, 12, 11, 10, 8, 6, 7, 1, 3, 2, 0], [28, 25, 21, 14, 4, 13, 11, 7, 8, 1, 0, 0, 0, 0], [28, 27, 25, 23, 18, 17, 13, 9, 15, 1, 11, 3, 2, 0], [28, 27, 21, 17, 15, 14, 13, 7, 3, 6, 12, 11, 2, 0]]
gen=[[27, 26, 19, 13, 23, 10, 7, 20, 22, 14, 8, 1, 5, 0], [26, 19, 23, 14, 2, 13, 12, 20, 21, 3, 25, 0, 0, 0], [27, 15, 16, 3, 17, 14, 13, 4, 10, 5, 21, 25, 20, 0], [26, 11, 17, 2, 3, 7, 0, 0, 0, 0, 0, 0, 0, 0], [28, 15, 19, 17, 24, 11, 12, 25, 20, 2, 23, 9, 21, 0], [27, 26, 19, 18, 23, 11, 7, 8, 24, 25, 1, 3, 20, 0], [8, 16, 19, 17, 11, 6, 12, 10, 23, 1, 7, 3, 2, 0], [28, 11, 8, 14, 13, 25, 1, 7, 4, 21, 0, 0, 0, 0], [28, 27, 15, 18, 11, 17, 13, 9, 3, 23, 25, 1, 2, 0], [28, 27, 15, 17, 7, 11, 12, 2, 13, 14, 3, 21, 6, 0]]
valid routes=1.0
norm-reward=0.7627030171190329
[ 30 iterations]
real=[[9, 10, 0, 0, 0, 0, 0, 0, 0, 0, 0, 0, 0, 0], [27, 24, 22, 21, 20, 16, 10, 17, 3, 6, 2, 15, 0, 0], [24, 20, 15, 11, 27, 3, 0, 0, 0, 0, 0, 0, 0, 0], [27, 23, 21, 19, 17, 15, 10, 9, 5, 4, 1, 8, 7, 0], [28, 25, 24, 22, 20, 19, 16, 13, 5, 6, 12, 15, 7, 0], [26, 23, 22, 21, 2, 13, 18, 8, 5, 12, 0, 0, 0, 0], [28, 27, 26, 25, 23, 22, 18, 17, 11, 10, 12, 20, 16, 0], [7, 8, 18, 9, 6, 0, 0, 0, 0, 0, 0, 0, 0, 0], [15, 0, 0, 0, 0, 0, 0, 0, 0, 0, 0, 0, 0, 0], [27, 26, 24, 23, 21, 17, 16, 13, 3, 4, 12, 8, 5, 0]]
gen=[[9, 10, 0, 0, 0, 0, 0, 0, 0, 0, 0, 0, 0, 0], [27, 15, 16, 20, 2, 17, 10, 22, 21, 24, 3, 6, 0, 0], [27, 15, 24, 20, 11, 3, 0, 0, 0, 0, 0, 0, 0, 0], [15, 27, 19, 23, 17, 5, 9, 8, 7, 4, 21, 1, 10, 0], [28, 15, 19, 16, 25, 13, 5, 6, 22, 12, 20, 7, 24, 0], [26, 8, 18, 13, 2, 23, 22, 12, 5, 21, 0, 0, 0, 0], [28, 27, 26, 16, 18, 22, 11, 17, 10, 12, 25, 23, 20, 0], [7, 18, 8, 6, 9, 0, 0, 0, 0, 0, 0, 0, 0, 0], [15, 0, 0, 0, 0, 0, 0, 0, 0, 0, 0, 0, 0, 0], [27, 26, 16, 13, 17, 24, 8, 12, 23, 4, 21, 5, 3, 0]]
valid routes=1.0
norm-reward=0.7786857534791333
[ 31 iterations]
real=[[26, 25, 4, 9, 6, 12, 10, 0, 0, 0, 0, 0, 0, 0], [22, 14, 21, 7, 6, 13, 19, 0, 0, 0, 0, 0, 0, 0], [28, 22, 20, 14, 15, 7, 5, 18, 19, 0, 0, 0, 0, 0], [28, 27, 24, 22, 15, 13, 10, 8, 5, 4, 12, 6, 2, 0], [25, 23, 22, 21, 19, 16, 13, 11, 14, 9, 12, 8, 7, 0], [27, 24, 20, 19, 17, 15, 13, 9, 3, 10, 11, 4, 5, 0], [25, 24, 21, 18, 17, 16, 14, 9, 11, 4, 12, 8, 1, 0], [27, 26, 24, 23, 14, 12, 9, 7, 5, 4, 1, 6, 2, 0], [28, 27, 25, 19, 18, 15, 13, 8, 6, 10, 11, 3, 2, 0], [5, 2, 25, 10, 6, 0, 0, 0, 0, 0, 0, 0, 0, 0]]
gen=[[26, 10, 4, 25, 12, 6, 9, 0, 0, 0, 0, 0, 0, 0], [19, 13, 22, 21, 14, 6, 7, 0, 0, 0, 0, 0, 0, 0], [28, 15, 19, 18, 14, 7, 22, 5, 20, 0, 0, 0, 0, 0], [28, 27, 15, 24, 13, 6, 5, 8, 2, 22, 4, 10, 12, 0], [13, 19, 23, 16, 11, 25, 14, 7, 8, 22, 9, 12, 21, 0], [15, 27, 19, 24, 20, 9, 13, 4, 10, 17, 11, 3, 5, 0], [25, 24, 16, 18, 11, 17, 4, 9, 12, 8, 14, 21, 1, 0], [27, 26, 24, 6, 12, 2, 9, 23, 7, 14, 4, 5, 1, 0], [28, 27, 15, 18, 19, 3, 13, 25, 2, 10, 6, 8, 11, 0], [25, 2, 10, 6, 5, 0, 0, 0, 0, 0, 0, 0, 0, 0]]
valid routes=1.0
norm-reward=0.7744123079273634
[ 32 iterations]
real=[[28, 21, 20, 17, 16, 11, 9, 8, 5, 4, 6, 3, 7, 0], [11, 25, 15, 17, 6, 0, 0, 0, 0, 0, 0, 0, 0, 0], [7, 13, 0, 0, 0, 0, 0, 0, 0, 0, 0, 0, 0, 0], [27, 20, 13, 9, 4, 12, 10, 1, 6, 0, 0, 0, 0, 0], [28, 26, 22, 21, 20, 18, 16, 9, 6, 10, 11, 7, 2, 0], [12, 16, 17, 27, 0, 0, 0, 0, 0, 0, 0, 0, 0, 0], [26, 24, 22, 20, 18, 17, 14, 13, 15, 4, 11, 9, 1, 0], [28, 26, 22, 18, 17, 16, 12, 10, 15, 4, 11, 8, 3, 0], [28, 25, 0, 0, 0, 0, 0, 0, 0, 0, 0, 0, 0, 0], [25, 24, 23, 19, 17, 13, 10, 8, 14, 4, 2, 0, 0, 0]]
gen=[[28, 7, 16, 8, 17, 20, 11, 4, 3, 21, 5, 9, 6, 0], [15, 17, 6, 11, 25, 0, 0, 0, 0, 0, 0, 0, 0, 0], [7, 13, 0, 0, 0, 0, 0, 0, 0, 0, 0, 0, 0, 0], [27, 13, 20, 4, 12, 10, 1, 6, 9, 0, 0, 0, 0, 0], [28, 26, 18, 16, 11, 20, 9, 10, 2, 6, 22, 7, 21, 0], [27, 16, 12, 17, 0, 0, 0, 0, 0, 0, 0, 0, 0, 0], [15, 26, 18, 20, 17, 11, 13, 4, 14, 22, 9, 24, 1, 0], [28, 15, 26, 18, 16, 11, 17, 8, 10, 4, 22, 12, 3, 0], [28, 25, 0, 0, 0, 0, 0, 0, 0, 0, 0, 0, 0, 0], [24, 10, 19, 4, 8, 17, 13, 25, 14, 2, 23, 0, 0, 0]]
valid routes=1.0
norm-reward=0.7713868198325667
[ 33 iterations]
real=[[26, 25, 10, 12, 2, 4, 9, 1, 5, 0, 0, 0, 0, 0], [28, 23, 21, 19, 2, 12, 14, 18, 6, 16, 0, 0, 0, 0], [24, 22, 21, 19, 18, 16, 13, 8, 14, 7, 11, 3, 2, 0], [26, 19, 13, 23, 0, 0, 0, 0, 0, 0, 0, 0, 0, 0], [21, 3, 0, 0, 0, 0, 0, 0, 0, 0, 0, 0, 0, 0], [25, 24, 22, 21, 16, 7, 5, 2, 3, 10, 15, 0, 0, 0], [12, 14, 22, 23, 0, 0, 0, 0, 0, 0, 0, 0, 0, 0], [27, 26, 24, 21, 20, 18, 11, 9, 6, 1, 17, 4, 2, 0], [23, 22, 20, 17, 16, 15, 11, 10, 3, 4, 12, 7, 2, 0], [28, 25, 20, 22, 2, 3, 11, 7, 0, 0, 0, 0, 0, 0]]
gen=[[26, 4, 25, 5, 12, 10, 1, 9, 2, 0, 0, 0, 0, 0], [28, 23, 19, 18, 16, 14, 2, 12, 6, 21, 0, 0, 0, 0], [22, 2, 19, 18, 16, 3, 13, 7, 8, 21, 14, 24, 11, 0], [26, 23, 19, 13, 0, 0, 0, 0, 0, 0, 0, 0, 0, 0], [3, 21, 0, 0, 0, 0, 0, 0, 0, 0, 0, 0, 0, 0], [15, 24, 16, 3, 2, 10, 25, 21, 7, 22, 5, 0, 0, 0], [12, 14, 22, 23, 0, 0, 0, 0, 0, 0, 0, 0, 0, 0], [27, 26, 18, 11, 17, 20, 4, 2, 6, 24, 1, 9, 21, 0], [15, 2, 16, 20, 11, 17, 7, 10, 22, 12, 23, 3, 4, 0], [28, 3, 22, 2, 11, 25, 20, 7, 0, 0, 0, 0, 0, 0]]
valid routes=1.0
norm-reward=0.7689506739634157
[ 34 iterations]
real=[[5, 15, 0, 0, 0, 0, 0, 0, 0, 0, 0, 0, 0, 0], [27, 24, 20, 18, 14, 13, 9, 7, 6, 1, 12, 3, 0, 0], [27, 0, 0, 0, 0, 0, 0, 0, 0, 0, 0, 0, 0, 0], [28, 26, 25, 24, 19, 18, 17, 1, 14, 4, 12, 8, 15, 0], [28, 25, 24, 18, 17, 16, 14, 9, 3, 10, 6, 8, 5, 0], [6, 0, 0, 0, 0, 0, 0, 0, 0, 0, 0, 0, 0, 0], [28, 24, 23, 22, 21, 16, 8, 7, 6, 4, 1, 3, 2, 0], [26, 14, 1, 7, 22, 13, 10, 0, 0, 0, 0, 0, 0, 0], [27, 25, 21, 19, 17, 16, 14, 1, 6, 10, 12, 11, 2, 0], [27, 25, 22, 21, 20, 19, 14, 13, 5, 10, 12, 9, 7, 0]]
gen=[[15, 5, 0, 0, 0, 0, 0, 0, 0, 0, 0, 0, 0, 0], [27, 24, 18, 20, 9, 3, 13, 7, 12, 14, 1, 6, 0, 0], [27, 0, 0, 0, 0, 0, 0, 0, 0, 0, 0, 0, 0, 0], [28, 15, 26, 19, 18, 12, 17, 4, 14, 1, 24, 25, 8, 0], [28, 24, 18, 25, 16, 17, 3, 8, 10, 5, 14, 9, 6, 0], [6, 0, 0, 0, 0, 0, 0, 0, 0, 0, 0, 0, 0, 0], [28, 24, 16, 8, 4, 3, 2, 23, 21, 7, 22, 1, 6, 0], [26, 13, 7, 22, 10, 14, 1, 0, 0, 0, 0, 0, 0, 0], [27, 19, 16, 17, 11, 14, 12, 6, 25, 21, 2, 10, 1, 0], [27, 19, 5, 12, 9, 20, 13, 10, 22, 14, 25, 7, 21, 0]]
valid routes=1.0
norm-reward=0.769293840717393
[ 35 iterations]
real=[[28, 27, 25, 23, 19, 18, 17, 1, 15, 10, 12, 11, 7, 0], [27, 25, 24, 22, 20, 16, 14, 9, 15, 4, 12, 8, 3, 0], [26, 22, 17, 15, 14, 13, 10, 9, 5, 4, 6, 8, 7, 0], [28, 19, 17, 15, 14, 13, 9, 8, 5, 7, 11, 6, 2, 0], [27, 24, 22, 21, 16, 11, 10, 2, 5, 1, 17, 0, 0, 0], [28, 27, 26, 23, 22, 21, 20, 2, 19, 10, 12, 18, 16, 0], [5, 8, 22, 0, 0, 0, 0, 0, 0, 0, 0, 0, 0, 0], [26, 25, 24, 22, 17, 12, 9, 7, 5, 4, 11, 6, 2, 0], [12, 11, 10, 26, 16, 0, 0, 0, 0, 0, 0, 0, 0, 0], [11, 16, 10, 9, 0, 0, 0, 0, 0, 0, 0, 0, 0, 0]]
gen=[[28, 27, 15, 19, 18, 23, 17, 25, 10, 12, 11, 7, 1, 0], [15, 27, 16, 24, 20, 12, 25, 4, 8, 22, 14, 9, 3, 0], [15, 26, 10, 14, 9, 5, 13, 17, 8, 22, 7, 6, 4, 0], [28, 15, 2, 19, 11, 17, 13, 14, 8, 9, 7, 6, 5, 0], [27, 24, 11, 16, 17, 21, 10, 22, 2, 5, 1, 0, 0, 0], [28, 27, 26, 19, 18, 16, 20, 10, 2, 22, 23, 12, 21, 0], [22, 5, 8, 0, 0, 0, 0, 0, 0, 0, 0, 0, 0, 0], [26, 24, 7, 6, 2, 17, 25, 22, 5, 11, 12, 4, 9, 0], [26, 12, 16, 11, 10, 0, 0, 0, 0, 0, 0, 0, 0, 0], [16, 11, 10, 9, 0, 0, 0, 0, 0, 0, 0, 0, 0, 0]]
valid routes=1.0
norm-reward=0.7579531252288513
[ 36 iterations]
real=[[28, 27, 26, 22, 18, 15, 9, 8, 5, 4, 12, 3, 7, 0], [26, 25, 24, 21, 20, 18, 13, 10, 15, 6, 12, 8, 7, 0], [22, 21, 15, 14, 13, 11, 10, 9, 3, 4, 1, 8, 2, 0], [27, 26, 24, 22, 20, 19, 18, 13, 17, 6, 11, 3, 5, 0], [21, 19, 10, 0, 0, 0, 0, 0, 0, 0, 0, 0, 0, 0], [24, 8, 10, 17, 16, 0, 0, 0, 0, 0, 0, 0, 0, 0], [28, 24, 16, 0, 0, 0, 0, 0, 0, 0, 0, 0, 0, 0], [26, 25, 24, 23, 22, 20, 14, 10, 19, 4, 12, 3, 7, 0], [15, 0, 0, 0, 0, 0, 0, 0, 0, 0, 0, 0, 0, 0], [28, 23, 21, 15, 16, 7, 13, 1, 0, 0, 0, 0, 0, 0]]
gen=[[28, 27, 15, 26, 18, 3, 7, 5, 12, 9, 22, 4, 8, 0], [15, 26, 18, 24, 13, 10, 25, 6, 21, 7, 12, 20, 8, 0], [15, 1, 11, 4, 21, 13, 14, 2, 10, 9, 22, 8, 3, 0], [27, 26, 19, 18, 13, 20, 17, 24, 11, 22, 6, 5, 3, 0], [21, 19, 10, 0, 0, 0, 0, 0, 0, 0, 0, 0, 0, 0], [24, 10, 16, 8, 17, 0, 0, 0, 0, 0, 0, 0, 0, 0], [28, 24, 16, 0, 0, 0, 0, 0, 0, 0, 0, 0, 0, 0], [26, 19, 24, 20, 14, 3, 22, 25, 7, 12, 10, 23, 4, 0], [15, 0, 0, 0, 0, 0, 0, 0, 0, 0, 0, 0, 0, 0], [28, 15, 16, 13, 23, 21, 1, 7, 0, 0, 0, 0, 0, 0]]
valid routes=1.0
norm-reward=0.7558180300199707
[ 37 iterations]
real=[[21, 20, 19, 18, 14, 12, 11, 7, 5, 4, 6, 3, 2, 0], [27, 23, 10, 8, 2, 13, 5, 1, 0, 0, 0, 0, 0, 0], [5, 14, 13, 27, 4, 7, 0, 0, 0, 0, 0, 0, 0, 0], [28, 24, 23, 22, 18, 15, 14, 8, 3, 10, 12, 4, 2, 0], [26, 23, 20, 22, 16, 4, 11, 17, 19, 0, 0, 0, 0, 0], [11, 8, 1, 0, 0, 0, 0, 0, 0, 0, 0, 0, 0, 0], [12, 22, 0, 0, 0, 0, 0, 0, 0, 0, 0, 0, 0, 0], [22, 20, 19, 17, 14, 11, 9, 8, 6, 10, 7, 3, 2, 0], [26, 25, 22, 21, 19, 18, 13, 9, 17, 10, 1, 3, 7, 0], [12, 1, 0, 0, 0, 0, 0, 0, 0, 0, 0, 0, 0, 0]]
gen=[[7, 21, 18, 19, 14, 11, 4, 5, 2, 12, 20, 6, 3, 0], [27, 8, 23, 13, 2, 1, 10, 5, 0, 0, 0, 0, 0, 0], [27, 5, 4, 14, 13, 7, 0, 0, 0, 0, 0, 0, 0, 0], [28, 15, 8, 24, 18, 14, 4, 10, 2, 22, 12, 23, 3, 0], [26, 4, 19, 16, 11, 17, 23, 22, 20, 0, 0, 0, 0, 0], [1, 11, 8, 0, 0, 0, 0, 0, 0, 0, 0, 0, 0, 0], [22, 12, 0, 0, 0, 0, 0, 0, 0, 0, 0, 0, 0, 0], [7, 6, 19, 20, 14, 17, 11, 10, 22, 2, 9, 8, 3, 0], [26, 18, 19, 17, 13, 21, 9, 10, 1, 7, 22, 25, 3, 0], [12, 1, 0, 0, 0, 0, 0, 0, 0, 0, 0, 0, 0, 0]]
valid routes=1.0
norm-reward=0.7625228746442384
[ 38 iterations]
real=[[28, 24, 21, 18, 16, 15, 13, 8, 10, 4, 12, 11, 2, 0], [28, 26, 23, 19, 18, 17, 12, 7, 15, 4, 11, 2, 5, 0], [28, 25, 24, 23, 19, 17, 10, 8, 5, 4, 12, 3, 7, 0], [27, 25, 23, 21, 17, 14, 9, 7, 3, 1, 12, 4, 2, 0], [4, 8, 10, 17, 6, 7, 0, 0, 0, 0, 0, 0, 0, 0], [28, 26, 21, 20, 18, 14, 13, 9, 3, 1, 12, 11, 10, 0], [1, 14, 0, 0, 0, 0, 0, 0, 0, 0, 0, 0, 0, 0], [26, 14, 25, 0, 0, 0, 0, 0, 0, 0, 0, 0, 0, 0], [28, 24, 22, 21, 17, 11, 10, 8, 3, 19, 6, 0, 0, 0], [26, 24, 20, 19, 16, 14, 13, 9, 6, 10, 4, 8, 2, 0]]
gen=[[28, 15, 18, 16, 13, 12, 4, 11, 8, 2, 24, 21, 10, 0], [28, 15, 26, 19, 18, 17, 11, 2, 12, 7, 23, 5, 4, 0], [28, 24, 19, 23, 25, 17, 4, 10, 12, 5, 7, 8, 3, 0], [27, 7, 12, 3, 17, 14, 4, 25, 1, 2, 9, 23, 21, 0], [10, 4, 8, 6, 17, 7, 0, 0, 0, 0, 0, 0, 0, 0], [28, 26, 18, 20, 14, 13, 12, 11, 21, 1, 10, 3, 9, 0], [1, 14, 0, 0, 0, 0, 0, 0, 0, 0, 0, 0, 0, 0], [26, 14, 25, 0, 0, 0, 0, 0, 0, 0, 0, 0, 0, 0], [28, 24, 19, 11, 17, 21, 8, 22, 6, 10, 3, 0, 0, 0], [26, 2, 24, 19, 16, 14, 10, 13, 8, 20, 4, 6, 9, 0]]
valid routes=1.0
norm-reward=0.7612146757857546
[ 39 iterations]
real=[[27, 26, 23, 22, 20, 19, 14, 13, 5, 10, 1, 8, 7, 0], [26, 25, 23, 21, 20, 13, 14, 2, 3, 19, 12, 0, 0, 0], [27, 25, 21, 20, 17, 16, 14, 13, 3, 10, 4, 15, 5, 0], [7, 2, 17, 11, 26, 3, 0, 0, 0, 0, 0, 0, 0, 0], [28, 25, 24, 23, 21, 20, 19, 9, 17, 11, 12, 15, 2, 0], [27, 26, 25, 24, 23, 20, 19, 8, 3, 1, 11, 18, 7, 0], [23, 19, 17, 16, 12, 11, 10, 8, 6, 7, 1, 3, 2, 0], [28, 25, 21, 14, 4, 13, 11, 7, 8, 1, 0, 0, 0, 0], [28, 27, 25, 23, 18, 17, 13, 9, 15, 1, 11, 3, 2, 0], [28, 27, 21, 17, 15, 14, 13, 7, 3, 6, 12, 11, 2, 0]]
gen=[[26, 27, 19, 1, 13, 14, 10, 8, 22, 20, 5, 7, 23, 0], [26, 19, 23, 20, 13, 21, 14, 25, 3, 2, 12, 0, 0, 0], [15, 27, 16, 21, 20, 13, 17, 5, 4, 14, 10, 25, 3, 0], [26, 2, 17, 11, 7, 3, 0, 0, 0, 0, 0, 0, 0, 0], [28, 15, 19, 20, 24, 11, 25, 2, 17, 12, 23, 21, 9, 0], [27, 26, 20, 19, 18, 1, 11, 25, 7, 24, 23, 3, 8, 0], [3, 16, 19, 10, 11, 17, 6, 7, 2, 1, 12, 23, 8, 0], [28, 1, 11, 8, 13, 14, 25, 21, 7, 4, 0, 0, 0, 0], [28, 27, 15, 17, 18, 13, 11, 25, 2, 3, 1, 9, 23, 0], [28, 27, 15, 13, 11, 17, 3, 21, 2, 14, 12, 7, 6, 0]]
valid routes=1.0
norm-reward=0.7658083206952866
[ 40 iterations]
real=[[9, 10, 0, 0, 0, 0, 0, 0, 0, 0, 0, 0, 0, 0], [27, 24, 22, 21, 20, 16, 10, 17, 3, 6, 2, 15, 0, 0], [24, 20, 15, 11, 27, 3, 0, 0, 0, 0, 0, 0, 0, 0], [27, 23, 21, 19, 17, 15, 10, 9, 5, 4, 1, 8, 7, 0], [28, 25, 24, 22, 20, 19, 16, 13, 5, 6, 12, 15, 7, 0], [26, 23, 22, 21, 2, 13, 18, 8, 5, 12, 0, 0, 0, 0], [28, 27, 26, 25, 23, 22, 18, 17, 11, 10, 12, 20, 16, 0], [7, 8, 18, 9, 6, 0, 0, 0, 0, 0, 0, 0, 0, 0], [15, 0, 0, 0, 0, 0, 0, 0, 0, 0, 0, 0, 0, 0], [27, 26, 24, 23, 21, 17, 16, 13, 3, 4, 12, 8, 5, 0]]
gen=[[9, 10, 0, 0, 0, 0, 0, 0, 0, 0, 0, 0, 0, 0], [15, 27, 16, 2, 20, 17, 24, 10, 21, 22, 6, 3, 0, 0], [15, 27, 20, 24, 11, 3, 0, 0, 0, 0, 0, 0, 0, 0], [15, 27, 19, 7, 21, 17, 5, 1, 4, 10, 8, 9, 23, 0], [28, 15, 19, 16, 24, 13, 12, 25, 5, 7, 22, 20, 6, 0], [26, 2, 18, 23, 22, 13, 5, 12, 8, 21, 0, 0, 0, 0], [28, 27, 26, 16, 18, 11, 17, 23, 20, 22, 12, 10, 25, 0], [8, 18, 7, 9, 6, 0, 0, 0, 0, 0, 0, 0, 0, 0], [15, 0, 0, 0, 0, 0, 0, 0, 0, 0, 0, 0, 0, 0], [27, 26, 24, 16, 8, 17, 3, 13, 12, 21, 5, 23, 4, 0]]
valid routes=1.0
norm-reward=0.7697690842550869
[ 41 iterations]
real=[[26, 25, 4, 9, 6, 12, 10, 0, 0, 0, 0, 0, 0, 0], [22, 14, 21, 7, 6, 13, 19, 0, 0, 0, 0, 0, 0, 0], [28, 22, 20, 14, 15, 7, 5, 18, 19, 0, 0, 0, 0, 0], [28, 27, 24, 22, 15, 13, 10, 8, 5, 4, 12, 6, 2, 0], [25, 23, 22, 21, 19, 16, 13, 11, 14, 9, 12, 8, 7, 0], [27, 24, 20, 19, 17, 15, 13, 9, 3, 10, 11, 4, 5, 0], [25, 24, 21, 18, 17, 16, 14, 9, 11, 4, 12, 8, 1, 0], [27, 26, 24, 23, 14, 12, 9, 7, 5, 4, 1, 6, 2, 0], [28, 27, 25, 19, 18, 15, 13, 8, 6, 10, 11, 3, 2, 0], [5, 2, 25, 10, 6, 0, 0, 0, 0, 0, 0, 0, 0, 0]]
gen=[[26, 4, 6, 9, 10, 12, 25, 0, 0, 0, 0, 0, 0, 0], [6, 22, 19, 14, 13, 7, 21, 0, 0, 0, 0, 0, 0, 0], [28, 15, 18, 19, 20, 14, 7, 22, 5, 0, 0, 0, 0, 0], [28, 27, 15, 24, 22, 13, 5, 6, 2, 12, 10, 4, 8, 0], [8, 11, 19, 16, 22, 14, 25, 9, 13, 7, 23, 12, 21, 0], [15, 27, 24, 19, 17, 20, 11, 13, 5, 10, 9, 4, 3, 0], [24, 8, 17, 18, 16, 12, 11, 25, 14, 1, 9, 4, 21, 0], [27, 26, 24, 6, 14, 23, 12, 2, 7, 5, 1, 4, 9, 0], [28, 27, 15, 19, 18, 11, 13, 2, 25, 8, 10, 3, 6, 0], [5, 6, 2, 10, 25, 0, 0, 0, 0, 0, 0, 0, 0, 0]]
valid routes=1.0
norm-reward=0.7601711468632757
[ 42 iterations]
real=[[28, 21, 20, 17, 16, 11, 9, 8, 5, 4, 6, 3, 7, 0], [11, 25, 15, 17, 6, 0, 0, 0, 0, 0, 0, 0, 0, 0], [7, 13, 0, 0, 0, 0, 0, 0, 0, 0, 0, 0, 0, 0], [27, 20, 13, 9, 4, 12, 10, 1, 6, 0, 0, 0, 0, 0], [28, 26, 22, 21, 20, 18, 16, 9, 6, 10, 11, 7, 2, 0], [12, 16, 17, 27, 0, 0, 0, 0, 0, 0, 0, 0, 0, 0], [26, 24, 22, 20, 18, 17, 14, 13, 15, 4, 11, 9, 1, 0], [28, 26, 22, 18, 17, 16, 12, 10, 15, 4, 11, 8, 3, 0], [28, 25, 0, 0, 0, 0, 0, 0, 0, 0, 0, 0, 0, 0], [25, 24, 23, 19, 17, 13, 10, 8, 14, 4, 2, 0, 0, 0]]
gen=[[28, 16, 21, 20, 17, 11, 7, 5, 4, 9, 8, 3, 6, 0], [15, 11, 17, 6, 25, 0, 0, 0, 0, 0, 0, 0, 0, 0], [7, 13, 0, 0, 0, 0, 0, 0, 0, 0, 0, 0, 0, 0], [27, 20, 4, 12, 13, 6, 9, 1, 10, 0, 0, 0, 0, 0], [28, 26, 20, 18, 16, 22, 21, 2, 11, 6, 10, 7, 9, 0], [27, 16, 12, 17, 0, 0, 0, 0, 0, 0, 0, 0, 0, 0], [15, 26, 18, 24, 13, 20, 11, 17, 22, 4, 14, 9, 1, 0], [28, 15, 26, 16, 18, 12, 17, 10, 11, 8, 22, 3, 4, 0], [28, 25, 0, 0, 0, 0, 0, 0, 0, 0, 0, 0, 0, 0], [8, 24, 19, 17, 13, 14, 2, 25, 23, 10, 4, 0, 0, 0]]
valid routes=1.0
norm-reward=0.7648126291240533
[ 43 iterations]
real=[[26, 25, 10, 12, 2, 4, 9, 1, 5, 0, 0, 0, 0, 0], [28, 23, 21, 19, 2, 12, 14, 18, 6, 16, 0, 0, 0, 0], [24, 22, 21, 19, 18, 16, 13, 8, 14, 7, 11, 3, 2, 0], [26, 19, 13, 23, 0, 0, 0, 0, 0, 0, 0, 0, 0, 0], [21, 3, 0, 0, 0, 0, 0, 0, 0, 0, 0, 0, 0, 0], [25, 24, 22, 21, 16, 7, 5, 2, 3, 10, 15, 0, 0, 0], [12, 14, 22, 23, 0, 0, 0, 0, 0, 0, 0, 0, 0, 0], [27, 26, 24, 21, 20, 18, 11, 9, 6, 1, 17, 4, 2, 0], [23, 22, 20, 17, 16, 15, 11, 10, 3, 4, 12, 7, 2, 0], [28, 25, 20, 22, 2, 3, 11, 7, 0, 0, 0, 0, 0, 0]]
gen=[[26, 2, 25, 4, 5, 10, 1, 12, 9, 0, 0, 0, 0, 0], [28, 6, 18, 19, 16, 12, 23, 2, 14, 21, 0, 0, 0, 0], [24, 2, 16, 19, 18, 11, 13, 21, 3, 8, 14, 7, 22, 0], [26, 19, 23, 13, 0, 0, 0, 0, 0, 0, 0, 0, 0, 0], [3, 21, 0, 0, 0, 0, 0, 0, 0, 0, 0, 0, 0, 0], [15, 2, 16, 24, 3, 22, 25, 10, 5, 7, 21, 0, 0, 0], [23, 12, 22, 14, 0, 0, 0, 0, 0, 0, 0, 0, 0, 0], [27, 26, 24, 18, 11, 17, 2, 6, 4, 1, 20, 21, 9, 0], [15, 17, 20, 16, 11, 12, 3, 2, 10, 23, 7, 22, 4, 0], [28, 7, 22, 2, 11, 20, 25, 3, 0, 0, 0, 0, 0, 0]]
valid routes=1.0
norm-reward=0.7672235343624991
[ 44 iterations]
real=[[5, 15, 0, 0, 0, 0, 0, 0, 0, 0, 0, 0, 0, 0], [27, 24, 20, 18, 14, 13, 9, 7, 6, 1, 12, 3, 0, 0], [27, 0, 0, 0, 0, 0, 0, 0, 0, 0, 0, 0, 0, 0], [28, 26, 25, 24, 19, 18, 17, 1, 14, 4, 12, 8, 15, 0], [28, 25, 24, 18, 17, 16, 14, 9, 3, 10, 6, 8, 5, 0], [6, 0, 0, 0, 0, 0, 0, 0, 0, 0, 0, 0, 0, 0], [28, 24, 23, 22, 21, 16, 8, 7, 6, 4, 1, 3, 2, 0], [26, 14, 1, 7, 22, 13, 10, 0, 0, 0, 0, 0, 0, 0], [27, 25, 21, 19, 17, 16, 14, 1, 6, 10, 12, 11, 2, 0], [27, 25, 22, 21, 20, 19, 14, 13, 5, 10, 12, 9, 7, 0]]
gen=[[15, 5, 0, 0, 0, 0, 0, 0, 0, 0, 0, 0, 0, 0], [27, 24, 20, 18, 6, 14, 3, 13, 7, 12, 1, 9, 0, 0], [27, 0, 0, 0, 0, 0, 0, 0, 0, 0, 0, 0, 0, 0], [28, 15, 26, 19, 18, 8, 17, 24, 4, 25, 1, 14, 12, 0], [28, 24, 16, 17, 18, 3, 6, 14, 10, 9, 25, 8, 5, 0], [6, 0, 0, 0, 0, 0, 0, 0, 0, 0, 0, 0, 0, 0], [28, 1, 16, 24, 23, 2, 7, 4, 3, 6, 22, 21, 8, 0], [26, 22, 14, 13, 7, 10, 1, 0, 0, 0, 0, 0, 0, 0], [27, 2, 19, 17, 16, 11, 6, 25, 10, 1, 14, 12, 21, 0], [27, 19, 20, 12, 13, 14, 5, 25, 7, 22, 21, 10, 9, 0]]
valid routes=1.0
norm-reward=0.7565291882423237
[ 45 iterations]
real=[[28, 27, 25, 23, 19, 18, 17, 1, 15, 10, 12, 11, 7, 0], [27, 25, 24, 22, 20, 16, 14, 9, 15, 4, 12, 8, 3, 0], [26, 22, 17, 15, 14, 13, 10, 9, 5, 4, 6, 8, 7, 0], [28, 19, 17, 15, 14, 13, 9, 8, 5, 7, 11, 6, 2, 0], [27, 24, 22, 21, 16, 11, 10, 2, 5, 1, 17, 0, 0, 0], [28, 27, 26, 23, 22, 21, 20, 2, 19, 10, 12, 18, 16, 0], [5, 8, 22, 0, 0, 0, 0, 0, 0, 0, 0, 0, 0, 0], [26, 25, 24, 22, 17, 12, 9, 7, 5, 4, 11, 6, 2, 0], [12, 11, 10, 26, 16, 0, 0, 0, 0, 0, 0, 0, 0, 0], [11, 16, 10, 9, 0, 0, 0, 0, 0, 0, 0, 0, 0, 0]]
gen=[[28, 27, 15, 19, 18, 17, 11, 25, 10, 12, 7, 23, 1, 0], [15, 27, 24, 16, 25, 8, 22, 20, 12, 14, 9, 4, 3, 0], [15, 26, 4, 14, 17, 13, 7, 10, 5, 6, 8, 22, 9, 0], [28, 15, 19, 17, 6, 14, 2, 11, 5, 7, 9, 8, 13, 0], [27, 24, 16, 11, 17, 2, 1, 21, 5, 22, 10, 0, 0, 0], [28, 27, 26, 19, 16, 18, 2, 10, 12, 20, 22, 23, 21, 0], [22, 5, 8, 0, 0, 0, 0, 0, 0, 0, 0, 0, 0, 0], [26, 2, 24, 11, 12, 25, 6, 5, 22, 17, 7, 4, 9, 0], [26, 16, 10, 11, 12, 0, 0, 0, 0, 0, 0, 0, 0, 0], [11, 16, 10, 9, 0, 0, 0, 0, 0, 0, 0, 0, 0, 0]]
valid routes=1.0
norm-reward=0.7532752154890887
[ 46 iterations]
real=[[28, 27, 26, 22, 18, 15, 9, 8, 5, 4, 12, 3, 7, 0], [26, 25, 24, 21, 20, 18, 13, 10, 15, 6, 12, 8, 7, 0], [22, 21, 15, 14, 13, 11, 10, 9, 3, 4, 1, 8, 2, 0], [27, 26, 24, 22, 20, 19, 18, 13, 17, 6, 11, 3, 5, 0], [21, 19, 10, 0, 0, 0, 0, 0, 0, 0, 0, 0, 0, 0], [24, 8, 10, 17, 16, 0, 0, 0, 0, 0, 0, 0, 0, 0], [28, 24, 16, 0, 0, 0, 0, 0, 0, 0, 0, 0, 0, 0], [26, 25, 24, 23, 22, 20, 14, 10, 19, 4, 12, 3, 7, 0], [15, 0, 0, 0, 0, 0, 0, 0, 0, 0, 0, 0, 0, 0], [28, 23, 21, 15, 16, 7, 13, 1, 0, 0, 0, 0, 0, 0]]
gen=[[28, 27, 15, 26, 18, 8, 12, 4, 22, 7, 5, 3, 9, 0], [15, 26, 18, 24, 13, 20, 25, 10, 7, 12, 8, 6, 21, 0], [15, 2, 22, 11, 13, 3, 14, 10, 9, 8, 21, 4, 1, 0], [26, 27, 19, 18, 24, 13, 6, 11, 17, 5, 20, 22, 3, 0], [19, 21, 10, 0, 0, 0, 0, 0, 0, 0, 0, 0, 0, 0], [8, 24, 16, 10, 17, 0, 0, 0, 0, 0, 0, 0, 0, 0], [28, 24, 16, 0, 0, 0, 0, 0, 0, 0, 0, 0, 0, 0], [26, 24, 19, 20, 14, 4, 12, 25, 22, 7, 10, 3, 23, 0], [15, 0, 0, 0, 0, 0, 0, 0, 0, 0, 0, 0, 0, 0], [28, 15, 7, 1, 23, 16, 13, 21, 0, 0, 0, 0, 0, 0]]
valid routes=1.0
norm-reward=0.7600896856834344
[ 47 iterations]
real=[[21, 20, 19, 18, 14, 12, 11, 7, 5, 4, 6, 3, 2, 0], [27, 23, 10, 8, 2, 13, 5, 1, 0, 0, 0, 0, 0, 0], [5, 14, 13, 27, 4, 7, 0, 0, 0, 0, 0, 0, 0, 0], [28, 24, 23, 22, 18, 15, 14, 8, 3, 10, 12, 4, 2, 0], [26, 23, 20, 22, 16, 4, 11, 17, 19, 0, 0, 0, 0, 0], [11, 8, 1, 0, 0, 0, 0, 0, 0, 0, 0, 0, 0, 0], [12, 22, 0, 0, 0, 0, 0, 0, 0, 0, 0, 0, 0, 0], [22, 20, 19, 17, 14, 11, 9, 8, 6, 10, 7, 3, 2, 0], [26, 25, 22, 21, 19, 18, 13, 9, 17, 10, 1, 3, 7, 0], [12, 1, 0, 0, 0, 0, 0, 0, 0, 0, 0, 0, 0, 0]]
gen=[[2, 3, 19, 18, 14, 21, 11, 5, 7, 12, 6, 4, 20, 0], [27, 2, 13, 23, 1, 10, 8, 5, 0, 0, 0, 0, 0, 0], [27, 4, 5, 13, 14, 7, 0, 0, 0, 0, 0, 0, 0, 0], [28, 15, 2, 18, 24, 14, 10, 3, 22, 23, 12, 4, 8, 0], [26, 20, 19, 16, 17, 4, 11, 22, 23, 0, 0, 0, 0, 0], [1, 11, 8, 0, 0, 0, 0, 0, 0, 0, 0, 0, 0, 0], [22, 12, 0, 0, 0, 0, 0, 0, 0, 0, 0, 0, 0, 0], [2, 19, 10, 20, 8, 17, 6, 7, 3, 11, 22, 14, 9, 0], [26, 21, 19, 18, 13, 17, 3, 7, 10, 22, 9, 25, 1, 0], [1, 12, 0, 0, 0, 0, 0, 0, 0, 0, 0, 0, 0, 0]]
valid routes=1.0
norm-reward=0.7710284525904069
[ 48 iterations]
real=[[28, 24, 21, 18, 16, 15, 13, 8, 10, 4, 12, 11, 2, 0], [28, 26, 23, 19, 18, 17, 12, 7, 15, 4, 11, 2, 5, 0], [28, 25, 24, 23, 19, 17, 10, 8, 5, 4, 12, 3, 7, 0], [27, 25, 23, 21, 17, 14, 9, 7, 3, 1, 12, 4, 2, 0], [4, 8, 10, 17, 6, 7, 0, 0, 0, 0, 0, 0, 0, 0], [28, 26, 21, 20, 18, 14, 13, 9, 3, 1, 12, 11, 10, 0], [1, 14, 0, 0, 0, 0, 0, 0, 0, 0, 0, 0, 0, 0], [26, 14, 25, 0, 0, 0, 0, 0, 0, 0, 0, 0, 0, 0], [28, 24, 22, 21, 17, 11, 10, 8, 3, 19, 6, 0, 0, 0], [26, 24, 20, 19, 16, 14, 13, 9, 6, 10, 4, 8, 2, 0]]
gen=[[28, 2, 15, 18, 16, 13, 11, 12, 4, 24, 21, 10, 8, 0], [28, 2, 15, 26, 19, 18, 11, 7, 12, 23, 17, 4, 5, 0], [28, 24, 19, 23, 17, 4, 25, 7, 10, 3, 12, 5, 8, 0], [2, 27, 17, 9, 14, 25, 21, 3, 12, 7, 4, 23, 1, 0], [7, 4, 10, 17, 6, 8, 0, 0, 0, 0, 0, 0, 0, 0], [28, 26, 1, 18, 11, 3, 9, 13, 12, 20, 10, 21, 14, 0], [14, 1, 0, 0, 0, 0, 0, 0, 0, 0, 0, 0, 0, 0], [26, 25, 14, 0, 0, 0, 0, 0, 0, 0, 0, 0, 0, 0], [28, 24, 8, 19, 17, 21, 11, 10, 3, 6, 22, 0, 0, 0], [2, 26, 19, 24, 16, 14, 13, 10, 8, 6, 9, 4, 20, 0]]
valid routes=1.0
norm-reward=0.7834870605346579
[ 49 iterations]
real=[[27, 26, 23, 22, 20, 19, 14, 13, 5, 10, 1, 8, 7, 0], [26, 25, 23, 21, 20, 13, 14, 2, 3, 19, 12, 0, 0, 0], [27, 25, 21, 20, 17, 16, 14, 13, 3, 10, 4, 15, 5, 0], [7, 2, 17, 11, 26, 3, 0, 0, 0, 0, 0, 0, 0, 0], [28, 25, 24, 23, 21, 20, 19, 9, 17, 11, 12, 15, 2, 0], [27, 26, 25, 24, 23, 20, 19, 8, 3, 1, 11, 18, 7, 0], [23, 19, 17, 16, 12, 11, 10, 8, 6, 7, 1, 3, 2, 0], [28, 25, 21, 14, 4, 13, 11, 7, 8, 1, 0, 0, 0, 0], [28, 27, 25, 23, 18, 17, 13, 9, 15, 1, 11, 3, 2, 0], [28, 27, 21, 17, 15, 14, 13, 7, 3, 6, 12, 11, 2, 0]]
gen=[[27, 26, 19, 20, 22, 13, 5, 1, 23, 8, 7, 14, 10, 0], [2, 26, 3, 19, 13, 23, 25, 21, 12, 14, 20, 0, 0, 0], [27, 15, 16, 17, 13, 14, 25, 10, 20, 5, 3, 21, 4, 0], [2, 26, 11, 3, 17, 7, 0, 0, 0, 0, 0, 0, 0, 0], [28, 2, 15, 19, 17, 12, 11, 23, 25, 21, 9, 20, 24, 0], [26, 27, 24, 19, 18, 11, 8, 7, 20, 25, 23, 3, 1, 0], [2, 23, 10, 19, 16, 3, 11, 8, 17, 7, 12, 1, 6, 0], [28, 1, 8, 11, 14, 13, 25, 4, 7, 21, 0, 0, 0, 0], [28, 27, 15, 2, 18, 13, 25, 11, 3, 23, 9, 17, 1, 0], [28, 27, 2, 15, 17, 12, 13, 11, 14, 3, 6, 7, 21, 0]]
valid routes=1.0
norm-reward=0.7977624762691794
