read problem
[ 10 iterations]
real= [[16  8  7  0  0  0  0  0  0  0  0  0  0  0]
 [28 15 12  1  0  0  0  0  0  0  0  0  0  0]
 [10  0  0  0  0  0  0  0  0  0  0  0  0  0]
 [21  3  0  0  0  0  0  0  0  0  0  0  0  0]
 [25 21 13  0  0  0  0  0  0  0  0  0  0  0]
 [27 23 15 17 16 25  0  0  0  0  0  0  0  0]
 [28 25  4  1 19 14 10  3 23  0  0  0  0  0]
 [18 20  9 26  0  0  0  0  0  0  0  0  0  0]
 [18  7 14  0  0  0  0  0  0  0  0  0  0  0]
 [ 5 20  3 17  6 24  0  0  0  0  0  0  0  0]]
gen= [[16  8  7  0  0  0  0  0  0  0  0  0  0  0]
 [28 12  1 15  0  0  0  0  0  0  0  0  0  0]
 [10  0  0  0  0  0  0  0  0  0  0  0  0  0]
 [ 3 21  0  0  0  0  0  0  0  0  0  0  0  0]
 [13 25  0  0  0  0  0  0  0  0  0  0  0  0]
 [25 15 27 23  0  0  0  0  0  0  0  0  0  0]
 [28  3 25  1 23  0  0  0  0  0  0  0  0  0]
 [ 9 18 20 26  0  0  0  0  0  0  0  0  0  0]
 [14  7 18  0  0  0  0  0  0  0  0  0  0  0]
 [ 3 20 17  5  0  0  0  0  0  0  0  0  0  0]]
valid: gen=0.537
reward: norm=0.8638482204498357
[ 20 iterations]
real= [[12 24  0  0  0  0  0  0  0  0  0  0  0  0]
 [22 17 11  5  0  0  0  0  0  0  0  0  0  0]
 [24  0  0  0  0  0  0  0  0  0  0  0  0  0]
 [10  4 23  0  0  0  0  0  0  0  0  0  0  0]
 [ 8 25 15  5  0  0  0  0  0  0  0  0  0  0]
 [ 1  4  9 10 23  0  0  0  0  0  0  0  0  0]
 [28  1 11  0  0  0  0  0  0  0  0  0  0  0]
 [27 23  3 21 20  4  8  0  0  0  0  0  0  0]
 [18  7  0  0  0  0  0  0  0  0  0  0  0  0]
 [20  6 23  5  8  0  0  0  0  0  0  0  0  0]]
gen= [[12 24  0  0  0  0  0  0  0  0  0  0  0  0]
 [ 5 22 11  0  0  0  0  0  0  0  0  0  0  0]
 [24  0  0  0  0  0  0  0  0  0  0  0  0  0]
 [10 23  4  0  0  0  0  0  0  0  0  0  0  0]
 [ 5 15 25  8  0  0  0  0  0  0  0  0  0  0]
 [ 1 10  4  9  0  0  0  0  0  0  0  0  0  0]
 [ 1 28 11  0  0  0  0  0  0  0  0  0  0  0]
 [ 4  3 21 20  0  0  0  0  0  0  0  0  0  0]
 [18  7  0  0  0  0  0  0  0  0  0  0  0  0]
 [ 5 20  6 23  0  0  0  0  0  0  0  0  0  0]]
valid: gen=0.562
reward: norm=0.8503626541745545
[ 30 iterations]
real= [[ 8  0  0  0  0  0  0  0  0  0  0  0  0  0]
 [ 8 25 23 24 14  0  0  0  0  0  0  0  0  0]
 [17  0  0  0  0  0  0  0  0  0  0  0  0  0]
 [23  0  0  0  0  0  0  0  0  0  0  0  0  0]
 [18 17 13 28  4  7  0  0  0  0  0  0  0  0]
 [27  6 14  0  0  0  0  0  0  0  0  0  0  0]
 [19 16  9  8 11  0  0  0  0  0  0  0  0  0]
 [26 24 11  5  0  0  0  0  0  0  0  0  0  0]
 [26  6 13  0  0  0  0  0  0  0  0  0  0  0]
 [11  0  0  0  0  0  0  0  0  0  0  0  0  0]]
gen= [[ 8  0  0  0  0  0  0  0  0  0  0  0  0  0]
 [14 25 23  0  0  0  0  0  0  0  0  0  0  0]
 [17  0  0  0  0  0  0  0  0  0  0  0  0  0]
 [23  0  0  0  0  0  0  0  0  0  0  0  0  0]
 [18 13 17  0  0  0  0  0  0  0  0  0  0  0]
 [14  6 27  0  0  0  0  0  0  0  0  0  0  0]
 [16  9 19  0  0  0  0  0  0  0  0  0  0  0]
 [26 24  5  0  0  0  0  0  0  0  0  0  0  0]
 [26 13  0  0  0  0  0  0  0  0  0  0  0  0]
 [11  0  0  0  0  0  0  0  0  0  0  0  0  0]]
valid: gen=0.424
reward: norm=0.858806270431981
[ 40 iterations]
real= [[19 27  0  0  0  0  0  0  0  0  0  0  0  0]
 [ 3 17  0  0  0  0  0  0  0  0  0  0  0  0]
 [15  0  0  0  0  0  0  0  0  0  0  0  0  0]
 [27  7 18 10 17 21 19  0  0  0  0  0  0  0]
 [21 15  5  0  0  0  0  0  0  0  0  0  0  0]
 [ 7  0  0  0  0  0  0  0  0  0  0  0  0  0]
 [19 17  9  8  4  0  0  0  0  0  0  0  0  0]
 [11  6  0  0  0  0  0  0  0  0  0  0  0  0]
 [ 8 17  0  0  0  0  0  0  0  0  0  0  0  0]
 [19 17  0  0  0  0  0  0  0  0  0  0  0  0]]
gen= [[19 27  0  0  0  0  0  0  0  0  0  0  0  0]
 [ 3 17  0  0  0  0  0  0  0  0  0  0  0  0]
 [15  0  0  0  0  0  0  0  0  0  0  0  0  0]
 [18 10 21 17  0  0  0  0  0  0  0  0  0  0]
 [ 5 15 21  0  0  0  0  0  0  0  0  0  0  0]
 [ 7  0  0  0  0  0  0  0  0  0  0  0  0  0]
 [ 4 17  9  8  0  0  0  0  0  0  0  0  0  0]
 [ 6 11  0  0  0  0  0  0  0  0  0  0  0  0]
 [17  8  0  0  0  0  0  0  0  0  0  0  0  0]
 [19 17  0  0  0  0  0  0  0  0  0  0  0  0]]
valid: gen=0.539
reward: norm=0.8452347101036302
[ 50 iterations]
real= [[28  0  0  0  0  0  0  0  0  0  0  0  0  0]
 [12  5  0  0  0  0  0  0  0  0  0  0  0  0]
 [28  9  3 21 12 26  0  0  0  0  0  0  0  0]
 [18 26 12 23  0  0  0  0  0  0  0  0  0  0]
 [13  4 11 23  0  0  0  0  0  0  0  0  0  0]
 [26  0  0  0  0  0  0  0  0  0  0  0  0  0]
 [21 10  8  0  0  0  0  0  0  0  0  0  0  0]
 [ 5  0  0  0  0  0  0  0  0  0  0  0  0  0]
 [25 17 13 22  0  0  0  0  0  0  0  0  0  0]
 [18 20 10  0  0  0  0  0  0  0  0  0  0  0]]
gen= [[28  0  0  0  0  0  0  0  0  0  0  0  0  0]
 [12  5  0  0  0  0  0  0  0  0  0  0  0  0]
 [12 26  3  0  0  0  0  0  0  0  0  0  0  0]
 [18 12 26  0  0  0  0  0  0  0  0  0  0  0]
 [13 11  4  0  0  0  0  0  0  0  0  0  0  0]
 [26  0  0  0  0  0  0  0  0  0  0  0  0  0]
 [10 21  8  0  0  0  0  0  0  0  0  0  0  0]
 [ 5  0  0  0  0  0  0  0  0  0  0  0  0  0]
 [25 17 22  0  0  0  0  0  0  0  0  0  0  0]
 [18 20 10  0  0  0  0  0  0  0  0  0  0  0]]
valid: gen=0.456
reward: norm=0.8639672312999216
[ 60 iterations]
real= [[16  8  7  0  0  0  0  0  0  0  0  0  0  0]
 [28 15 12  1  0  0  0  0  0  0  0  0  0  0]
 [10  0  0  0  0  0  0  0  0  0  0  0  0  0]
 [21  3  0  0  0  0  0  0  0  0  0  0  0  0]
 [25 21 13  0  0  0  0  0  0  0  0  0  0  0]
 [27 23 15 17 16 25  0  0  0  0  0  0  0  0]
 [28 25  4  1 19 14 10  3 23  0  0  0  0  0]
 [18 20  9 26  0  0  0  0  0  0  0  0  0  0]
 [18  7 14  0  0  0  0  0  0  0  0  0  0  0]
 [ 5 20  3 17  6 24  0  0  0  0  0  0  0  0]]
gen= [[16  7  0  0  0  0  0  0  0  0  0  0  0  0]
 [ 1 12 15 28  0  0  0  0  0  0  0  0  0  0]
 [10  0  0  0  0  0  0  0  0  0  0  0  0  0]
 [ 3 21  0  0  0  0  0  0  0  0  0  0  0  0]
 [25 21 13  0  0  0  0  0  0  0  0  0  0  0]
 [16 25 27  0  0  0  0  0  0  0  0  0  0  0]
 [ 1 14 25  3  0  0  0  0  0  0  0  0  0  0]
 [18 20 26  9  0  0  0  0  0  0  0  0  0  0]
 [18 14  7  0  0  0  0  0  0  0  0  0  0  0]
 [ 5 20  3 24  0  0  0  0  0  0  0  0  0  0]]
valid: gen=0.508
reward: norm=0.8533370304046415
[ 70 iterations]
real= [[12 24  0  0  0  0  0  0  0  0  0  0  0  0]
 [22 17 11  5  0  0  0  0  0  0  0  0  0  0]
 [24  0  0  0  0  0  0  0  0  0  0  0  0  0]
 [10  4 23  0  0  0  0  0  0  0  0  0  0  0]
 [ 8 25 15  5  0  0  0  0  0  0  0  0  0  0]
 [ 1  4  9 10 23  0  0  0  0  0  0  0  0  0]
 [28  1 11  0  0  0  0  0  0  0  0  0  0  0]
 [27 23  3 21 20  4  8  0  0  0  0  0  0  0]
 [18  7  0  0  0  0  0  0  0  0  0  0  0  0]
 [20  6 23  5  8  0  0  0  0  0  0  0  0  0]]
gen= [[12 24  0  0  0  0  0  0  0  0  0  0  0  0]
 [ 5 22 17  0  0  0  0  0  0  0  0  0  0  0]
 [24  0  0  0  0  0  0  0  0  0  0  0  0  0]
 [10  4 23  0  0  0  0  0  0  0  0  0  0  0]
 [ 5 25 15  8  0  0  0  0  0  0  0  0  0  0]
 [ 1 23 10  4  0  0  0  0  0  0  0  0  0  0]
 [ 1 11 28  0  0  0  0  0  0  0  0  0  0  0]
 [20  3 27  4  0  0  0  0  0  0  0  0  0  0]
 [18  7  0  0  0  0  0  0  0  0  0  0  0  0]
 [ 5 20  6 23  0  0  0  0  0  0  0  0  0  0]]
valid: gen=0.558
reward: norm=0.8571546055192578
[ 80 iterations]
real= [[ 8  0  0  0  0  0  0  0  0  0  0  0  0  0]
 [ 8 25 23 24 14  0  0  0  0  0  0  0  0  0]
 [17  0  0  0  0  0  0  0  0  0  0  0  0  0]
 [23  0  0  0  0  0  0  0  0  0  0  0  0  0]
 [18 17 13 28  4  7  0  0  0  0  0  0  0  0]
 [27  6 14  0  0  0  0  0  0  0  0  0  0  0]
 [19 16  9  8 11  0  0  0  0  0  0  0  0  0]
 [26 24 11  5  0  0  0  0  0  0  0  0  0  0]
 [26  6 13  0  0  0  0  0  0  0  0  0  0  0]
 [11  0  0  0  0  0  0  0  0  0  0  0  0  0]]
gen= [[ 8  0  0  0  0  0  0  0  0  0  0  0  0  0]
 [14 25 23  0  0  0  0  0  0  0  0  0  0  0]
 [17  0  0  0  0  0  0  0  0  0  0  0  0  0]
 [23  0  0  0  0  0  0  0  0  0  0  0  0  0]
 [18 13 17  0  0  0  0  0  0  0  0  0  0  0]
 [14  6 27  0  0  0  0  0  0  0  0  0  0  0]
 [16 19 11  0  0  0  0  0  0  0  0  0  0  0]
 [ 5 26 11  0  0  0  0  0  0  0  0  0  0  0]
 [26 13  0  0  0  0  0  0  0  0  0  0  0  0]
 [11  0  0  0  0  0  0  0  0  0  0  0  0  0]]
valid: gen=0.42
reward: norm=0.8621819296722636
[ 90 iterations]
real= [[19 27  0  0  0  0  0  0  0  0  0  0  0  0]
 [ 3 17  0  0  0  0  0  0  0  0  0  0  0  0]
 [15  0  0  0  0  0  0  0  0  0  0  0  0  0]
 [27  7 18 10 17 21 19  0  0  0  0  0  0  0]
 [21 15  5  0  0  0  0  0  0  0  0  0  0  0]
 [ 7  0  0  0  0  0  0  0  0  0  0  0  0  0]
 [19 17  9  8  4  0  0  0  0  0  0  0  0  0]
 [11  6  0  0  0  0  0  0  0  0  0  0  0  0]
 [ 8 17  0  0  0  0  0  0  0  0  0  0  0  0]
 [19 17  0  0  0  0  0  0  0  0  0  0  0  0]]
gen= [[19 27  0  0  0  0  0  0  0  0  0  0  0  0]
 [ 3 17  0  0  0  0  0  0  0  0  0  0  0  0]
 [15  0  0  0  0  0  0  0  0  0  0  0  0  0]
 [18 19  0  0  0  0  0  0  0  0  0  0  0  0]
 [ 5 15 21  0  0  0  0  0  0  0  0  0  0  0]
 [ 7  0  0  0  0  0  0  0  0  0  0  0  0  0]
 [19  4 17  9  0  0  0  0  0  0  0  0  0  0]
 [11  6  0  0  0  0  0  0  0  0  0  0  0  0]
 [ 8 17  0  0  0  0  0  0  0  0  0  0  0  0]
 [19 17  0  0  0  0  0  0  0  0  0  0  0  0]]
valid: gen=0.533
reward: norm=0.8495657191038026
[ 100 iterations]
real= [[28  0  0  0  0  0  0  0  0  0  0  0  0  0]
 [12  5  0  0  0  0  0  0  0  0  0  0  0  0]
 [28  9  3 21 12 26  0  0  0  0  0  0  0  0]
 [18 26 12 23  0  0  0  0  0  0  0  0  0  0]
 [13  4 11 23  0  0  0  0  0  0  0  0  0  0]
 [26  0  0  0  0  0  0  0  0  0  0  0  0  0]
 [21 10  8  0  0  0  0  0  0  0  0  0  0  0]
 [ 5  0  0  0  0  0  0  0  0  0  0  0  0  0]
 [25 17 13 22  0  0  0  0  0  0  0  0  0  0]
 [18 20 10  0  0  0  0  0  0  0  0  0  0  0]]
gen= [[28  0  0  0  0  0  0  0  0  0  0  0  0  0]
 [12  5  0  0  0  0  0  0  0  0  0  0  0  0]
 [12  3 26  0  0  0  0  0  0  0  0  0  0  0]
 [12 18 26  0  0  0  0  0  0  0  0  0  0  0]
 [23 13  4  0  0  0  0  0  0  0  0  0  0  0]
 [26  0  0  0  0  0  0  0  0  0  0  0  0  0]
 [21  8  0  0  0  0  0  0  0  0  0  0  0  0]
 [ 5  0  0  0  0  0  0  0  0  0  0  0  0  0]
 [25 17 22  0  0  0  0  0  0  0  0  0  0  0]
 [18 20 10  0  0  0  0  0  0  0  0  0  0  0]]
valid: gen=0.443
reward: norm=0.8609219425676127
[ 110 iterations]
real= [[16  8  7  0  0  0  0  0  0  0  0  0  0  0]
 [28 15 12  1  0  0  0  0  0  0  0  0  0  0]
 [10  0  0  0  0  0  0  0  0  0  0  0  0  0]
 [21  3  0  0  0  0  0  0  0  0  0  0  0  0]
 [25 21 13  0  0  0  0  0  0  0  0  0  0  0]
 [27 23 15 17 16 25  0  0  0  0  0  0  0  0]
 [28 25  4  1 19 14 10  3 23  0  0  0  0  0]
 [18 20  9 26  0  0  0  0  0  0  0  0  0  0]
 [18  7 14  0  0  0  0  0  0  0  0  0  0  0]
 [ 5 20  3 17  6 24  0  0  0  0  0  0  0  0]]
gen= [[16  8  7  0  0  0  0  0  0  0  0  0  0  0]
 [ 1 12 15 28  0  0  0  0  0  0  0  0  0  0]
 [10  0  0  0  0  0  0  0  0  0  0  0  0  0]
 [ 3 21  0  0  0  0  0  0  0  0  0  0  0  0]
 [25 13 21  0  0  0  0  0  0  0  0  0  0  0]
 [25 15 23 27  0  0  0  0  0  0  0  0  0  0]
 [14  1 25  3 19  0  0  0  0  0  0  0  0  0]
 [18 20 26  9  0  0  0  0  0  0  0  0  0  0]
 [14 18  7  0  0  0  0  0  0  0  0  0  0  0]
 [ 5 20  3 17 24  0  0  0  0  0  0  0  0  0]]
valid: gen=0.511
reward: norm=0.8608249231964392
[ 120 iterations]
real= [[12 24  0  0  0  0  0  0  0  0  0  0  0  0]
 [22 17 11  5  0  0  0  0  0  0  0  0  0  0]
 [24  0  0  0  0  0  0  0  0  0  0  0  0  0]
 [10  4 23  0  0  0  0  0  0  0  0  0  0  0]
 [ 8 25 15  5  0  0  0  0  0  0  0  0  0  0]
 [ 1  4  9 10 23  0  0  0  0  0  0  0  0  0]
 [28  1 11  0  0  0  0  0  0  0  0  0  0  0]
 [27 23  3 21 20  4  8  0  0  0  0  0  0  0]
 [18  7  0  0  0  0  0  0  0  0  0  0  0  0]
 [20  6 23  5  8  0  0  0  0  0  0  0  0  0]]
gen= [[12 24  0  0  0  0  0  0  0  0  0  0  0  0]
 [ 5 22 17  0  0  0  0  0  0  0  0  0  0  0]
 [24  0  0  0  0  0  0  0  0  0  0  0  0  0]
 [ 4 10 23  0  0  0  0  0  0  0  0  0  0  0]
 [ 5 25 15  8  0  0  0  0  0  0  0  0  0  0]
 [ 1  4  9 10  0  0  0  0  0  0  0  0  0  0]
 [ 1 28 11  0  0  0  0  0  0  0  0  0  0  0]
 [20  3  4  8  0  0  0  0  0  0  0  0  0  0]
 [18  7  0  0  0  0  0  0  0  0  0  0  0  0]
 [ 5 20 23  6  0  0  0  0  0  0  0  0  0  0]]
valid: gen=0.552
reward: norm=0.8559033612014961
[ 130 iterations]
real= [[ 8  0  0  0  0  0  0  0  0  0  0  0  0  0]
 [ 8 25 23 24 14  0  0  0  0  0  0  0  0  0]
 [17  0  0  0  0  0  0  0  0  0  0  0  0  0]
 [23  0  0  0  0  0  0  0  0  0  0  0  0  0]
 [18 17 13 28  4  7  0  0  0  0  0  0  0  0]
 [27  6 14  0  0  0  0  0  0  0  0  0  0  0]
 [19 16  9  8 11  0  0  0  0  0  0  0  0  0]
 [26 24 11  5  0  0  0  0  0  0  0  0  0  0]
 [26  6 13  0  0  0  0  0  0  0  0  0  0  0]
 [11  0  0  0  0  0  0  0  0  0  0  0  0  0]]
gen= [[ 8  0  0  0  0  0  0  0  0  0  0  0  0  0]
 [14 25 23  0  0  0  0  0  0  0  0  0  0  0]
 [17  0  0  0  0  0  0  0  0  0  0  0  0  0]
 [23  0  0  0  0  0  0  0  0  0  0  0  0  0]
 [18  4 17  0  0  0  0  0  0  0  0  0  0  0]
 [14  6 27  0  0  0  0  0  0  0  0  0  0  0]
 [19  9 16  0  0  0  0  0  0  0  0  0  0  0]
 [ 5 24 26  0  0  0  0  0  0  0  0  0  0  0]
 [26  6  0  0  0  0  0  0  0  0  0  0  0  0]
 [11  0  0  0  0  0  0  0  0  0  0  0  0  0]]
valid: gen=0.416
reward: norm=0.8667221974131922
[ 140 iterations]
real= [[19 27  0  0  0  0  0  0  0  0  0  0  0  0]
 [ 3 17  0  0  0  0  0  0  0  0  0  0  0  0]
 [15  0  0  0  0  0  0  0  0  0  0  0  0  0]
 [27  7 18 10 17 21 19  0  0  0  0  0  0  0]
 [21 15  5  0  0  0  0  0  0  0  0  0  0  0]
 [ 7  0  0  0  0  0  0  0  0  0  0  0  0  0]
 [19 17  9  8  4  0  0  0  0  0  0  0  0  0]
 [11  6  0  0  0  0  0  0  0  0  0  0  0  0]
 [ 8 17  0  0  0  0  0  0  0  0  0  0  0  0]
 [19 17  0  0  0  0  0  0  0  0  0  0  0  0]]
gen= [[19 27  0  0  0  0  0  0  0  0  0  0  0  0]
 [ 3 17  0  0  0  0  0  0  0  0  0  0  0  0]
 [15  0  0  0  0  0  0  0  0  0  0  0  0  0]
 [18 19  0  0  0  0  0  0  0  0  0  0  0  0]
 [ 5 15 21  0  0  0  0  0  0  0  0  0  0  0]
 [ 7  0  0  0  0  0  0  0  0  0  0  0  0  0]
 [19  9  4 17  0  0  0  0  0  0  0  0  0  0]
 [11  6  0  0  0  0  0  0  0  0  0  0  0  0]
 [17  8  0  0  0  0  0  0  0  0  0  0  0  0]
 [19 17  0  0  0  0  0  0  0  0  0  0  0  0]]
valid: gen=0.547
reward: norm=0.8547945091903943
[ 150 iterations]
real= [[28  0  0  0  0  0  0  0  0  0  0  0  0  0]
 [12  5  0  0  0  0  0  0  0  0  0  0  0  0]
 [28  9  3 21 12 26  0  0  0  0  0  0  0  0]
 [18 26 12 23  0  0  0  0  0  0  0  0  0  0]
 [13  4 11 23  0  0  0  0  0  0  0  0  0  0]
 [26  0  0  0  0  0  0  0  0  0  0  0  0  0]
 [21 10  8  0  0  0  0  0  0  0  0  0  0  0]
 [ 5  0  0  0  0  0  0  0  0  0  0  0  0  0]
 [25 17 13 22  0  0  0  0  0  0  0  0  0  0]
 [18 20 10  0  0  0  0  0  0  0  0  0  0  0]]
gen= [[28  0  0  0  0  0  0  0  0  0  0  0  0  0]
 [ 5 12  0  0  0  0  0  0  0  0  0  0  0  0]
 [12  3  9  0  0  0  0  0  0  0  0  0  0  0]
 [18 12 26  0  0  0  0  0  0  0  0  0  0  0]
 [ 4 13 11  0  0  0  0  0  0  0  0  0  0  0]
 [26  0  0  0  0  0  0  0  0  0  0  0  0  0]
 [ 8 10 21  0  0  0  0  0  0  0  0  0  0  0]
 [ 5  0  0  0  0  0  0  0  0  0  0  0  0  0]
 [25 17 22  0  0  0  0  0  0  0  0  0  0  0]
 [18 20 10  0  0  0  0  0  0  0  0  0  0  0]]
valid: gen=0.453
reward: norm=0.8642174407685047
[ 160 iterations]
real= [[16  8  7  0  0  0  0  0  0  0  0  0  0  0]
 [28 15 12  1  0  0  0  0  0  0  0  0  0  0]
 [10  0  0  0  0  0  0  0  0  0  0  0  0  0]
 [21  3  0  0  0  0  0  0  0  0  0  0  0  0]
 [25 21 13  0  0  0  0  0  0  0  0  0  0  0]
 [27 23 15 17 16 25  0  0  0  0  0  0  0  0]
 [28 25  4  1 19 14 10  3 23  0  0  0  0  0]
 [18 20  9 26  0  0  0  0  0  0  0  0  0  0]
 [18  7 14  0  0  0  0  0  0  0  0  0  0  0]
 [ 5 20  3 17  6 24  0  0  0  0  0  0  0  0]]
gen= [[16  8  7  0  0  0  0  0  0  0  0  0  0  0]
 [ 1 15 12 28  0  0  0  0  0  0  0  0  0  0]
 [10  0  0  0  0  0  0  0  0  0  0  0  0  0]
 [ 3 21  0  0  0  0  0  0  0  0  0  0  0  0]
 [25 21 13  0  0  0  0  0  0  0  0  0  0  0]
 [25 15 17 27  0  0  0  0  0  0  0  0  0  0]
 [25  1 14 19  4  0  0  0  0  0  0  0  0  0]
 [18  9 20 26  0  0  0  0  0  0  0  0  0  0]
 [18 14  7  0  0  0  0  0  0  0  0  0  0  0]
 [ 5  3 20 17  0  0  0  0  0  0  0  0  0  0]]
valid: gen=0.507
reward: norm=0.8681792291690678
[ 170 iterations]
real= [[12 24  0  0  0  0  0  0  0  0  0  0  0  0]
 [22 17 11  5  0  0  0  0  0  0  0  0  0  0]
 [24  0  0  0  0  0  0  0  0  0  0  0  0  0]
 [10  4 23  0  0  0  0  0  0  0  0  0  0  0]
 [ 8 25 15  5  0  0  0  0  0  0  0  0  0  0]
 [ 1  4  9 10 23  0  0  0  0  0  0  0  0  0]
 [28  1 11  0  0  0  0  0  0  0  0  0  0  0]
 [27 23  3 21 20  4  8  0  0  0  0  0  0  0]
 [18  7  0  0  0  0  0  0  0  0  0  0  0  0]
 [20  6 23  5  8  0  0  0  0  0  0  0  0  0]]
gen= [[12 24  0  0  0  0  0  0  0  0  0  0  0  0]
 [ 5 17 22  0  0  0  0  0  0  0  0  0  0  0]
 [24  0  0  0  0  0  0  0  0  0  0  0  0  0]
 [ 4 10 23  0  0  0  0  0  0  0  0  0  0  0]
 [ 5 25 15  8  0  0  0  0  0  0  0  0  0  0]
 [ 1  9  4 23  0  0  0  0  0  0  0  0  0  0]
 [ 1 28 11  0  0  0  0  0  0  0  0  0  0  0]
 [ 4  3 20 27  0  0  0  0  0  0  0  0  0  0]
 [18  7  0  0  0  0  0  0  0  0  0  0  0  0]
 [ 5 20 23  8  0  0  0  0  0  0  0  0  0  0]]
valid: gen=0.55
reward: norm=0.8537465549952776
[ 180 iterations]
real= [[ 8  0  0  0  0  0  0  0  0  0  0  0  0  0]
 [ 8 25 23 24 14  0  0  0  0  0  0  0  0  0]
 [17  0  0  0  0  0  0  0  0  0  0  0  0  0]
 [23  0  0  0  0  0  0  0  0  0  0  0  0  0]
 [18 17 13 28  4  7  0  0  0  0  0  0  0  0]
 [27  6 14  0  0  0  0  0  0  0  0  0  0  0]
 [19 16  9  8 11  0  0  0  0  0  0  0  0  0]
 [26 24 11  5  0  0  0  0  0  0  0  0  0  0]
 [26  6 13  0  0  0  0  0  0  0  0  0  0  0]
 [11  0  0  0  0  0  0  0  0  0  0  0  0  0]]
gen= [[ 8  0  0  0  0  0  0  0  0  0  0  0  0  0]
 [25 14 24  0  0  0  0  0  0  0  0  0  0  0]
 [17  0  0  0  0  0  0  0  0  0  0  0  0  0]
 [23  0  0  0  0  0  0  0  0  0  0  0  0  0]
 [18  4 17  0  0  0  0  0  0  0  0  0  0  0]
 [14 27  0  0  0  0  0  0  0  0  0  0  0  0]
 [ 9 19 11  0  0  0  0  0  0  0  0  0  0  0]
 [ 5 11 24  0  0  0  0  0  0  0  0  0  0  0]
 [26  6  0  0  0  0  0  0  0  0  0  0  0  0]
 [11  0  0  0  0  0  0  0  0  0  0  0  0  0]]
valid: gen=0.413
reward: norm=0.8607453250049495
[ 190 iterations]
real= [[19 27  0  0  0  0  0  0  0  0  0  0  0  0]
 [ 3 17  0  0  0  0  0  0  0  0  0  0  0  0]
 [15  0  0  0  0  0  0  0  0  0  0  0  0  0]
 [27  7 18 10 17 21 19  0  0  0  0  0  0  0]
 [21 15  5  0  0  0  0  0  0  0  0  0  0  0]
 [ 7  0  0  0  0  0  0  0  0  0  0  0  0  0]
 [19 17  9  8  4  0  0  0  0  0  0  0  0  0]
 [11  6  0  0  0  0  0  0  0  0  0  0  0  0]
 [ 8 17  0  0  0  0  0  0  0  0  0  0  0  0]
 [19 17  0  0  0  0  0  0  0  0  0  0  0  0]]
gen= [[19 27  0  0  0  0  0  0  0  0  0  0  0  0]
 [17  3  0  0  0  0  0  0  0  0  0  0  0  0]
 [15  0  0  0  0  0  0  0  0  0  0  0  0  0]
 [18 17 27  0  0  0  0  0  0  0  0  0  0  0]
 [15  5  0  0  0  0  0  0  0  0  0  0  0  0]
 [ 7  0  0  0  0  0  0  0  0  0  0  0  0  0]
 [ 9  4 17  0  0  0  0  0  0  0  0  0  0  0]
 [11  6  0  0  0  0  0  0  0  0  0  0  0  0]
 [17  8  0  0  0  0  0  0  0  0  0  0  0  0]
 [17 19  0  0  0  0  0  0  0  0  0  0  0  0]]
valid: gen=0.543
reward: norm=0.845085562026627
[ 200 iterations]
real= [[28  0  0  0  0  0  0  0  0  0  0  0  0  0]
 [12  5  0  0  0  0  0  0  0  0  0  0  0  0]
 [28  9  3 21 12 26  0  0  0  0  0  0  0  0]
 [18 26 12 23  0  0  0  0  0  0  0  0  0  0]
 [13  4 11 23  0  0  0  0  0  0  0  0  0  0]
 [26  0  0  0  0  0  0  0  0  0  0  0  0  0]
 [21 10  8  0  0  0  0  0  0  0  0  0  0  0]
 [ 5  0  0  0  0  0  0  0  0  0  0  0  0  0]
 [25 17 13 22  0  0  0  0  0  0  0  0  0  0]
 [18 20 10  0  0  0  0  0  0  0  0  0  0  0]]
gen= [[28  0  0  0  0  0  0  0  0  0  0  0  0  0]
 [ 5 12  0  0  0  0  0  0  0  0  0  0  0  0]
 [ 9 12 21  0  0  0  0  0  0  0  0  0  0  0]
 [18 12 23  0  0  0  0  0  0  0  0  0  0  0]
 [ 4 11 13  0  0  0  0  0  0  0  0  0  0  0]
 [26  0  0  0  0  0  0  0  0  0  0  0  0  0]
 [21 10  8  0  0  0  0  0  0  0  0  0  0  0]
 [ 5  0  0  0  0  0  0  0  0  0  0  0  0  0]
 [25 17 22  0  0  0  0  0  0  0  0  0  0  0]
 [18 20 10  0  0  0  0  0  0  0  0  0  0  0]]
valid: gen=0.45
reward: norm=0.8549213547032957
[ 210 iterations]
real= [[16  8  7  0  0  0  0  0  0  0  0  0  0  0]
 [28 15 12  1  0  0  0  0  0  0  0  0  0  0]
 [10  0  0  0  0  0  0  0  0  0  0  0  0  0]
 [21  3  0  0  0  0  0  0  0  0  0  0  0  0]
 [25 21 13  0  0  0  0  0  0  0  0  0  0  0]
 [27 23 15 17 16 25  0  0  0  0  0  0  0  0]
 [28 25  4  1 19 14 10  3 23  0  0  0  0  0]
 [18 20  9 26  0  0  0  0  0  0  0  0  0  0]
 [18  7 14  0  0  0  0  0  0  0  0  0  0  0]
 [ 5 20  3 17  6 24  0  0  0  0  0  0  0  0]]
gen= [[16  8  7  0  0  0  0  0  0  0  0  0  0  0]
 [15  1 12 28  0  0  0  0  0  0  0  0  0  0]
 [10  0  0  0  0  0  0  0  0  0  0  0  0  0]
 [ 3 21  0  0  0  0  0  0  0  0  0  0  0  0]
 [25 21 13  0  0  0  0  0  0  0  0  0  0  0]
 [25 15 17 27  0  0  0  0  0  0  0  0  0  0]
 [25  4  1 19 14  0  0  0  0  0  0  0  0  0]
 [ 9 18 20 26  0  0  0  0  0  0  0  0  0  0]
 [18 14  7  0  0  0  0  0  0  0  0  0  0  0]
 [ 5 17  6  0  0  0  0  0  0  0  0  0  0  0]]
valid: gen=0.514
reward: norm=0.8596719166233698
[ 220 iterations]
real= [[12 24  0  0  0  0  0  0  0  0  0  0  0  0]
 [22 17 11  5  0  0  0  0  0  0  0  0  0  0]
 [24  0  0  0  0  0  0  0  0  0  0  0  0  0]
 [10  4 23  0  0  0  0  0  0  0  0  0  0  0]
 [ 8 25 15  5  0  0  0  0  0  0  0  0  0  0]
 [ 1  4  9 10 23  0  0  0  0  0  0  0  0  0]
 [28  1 11  0  0  0  0  0  0  0  0  0  0  0]
 [27 23  3 21 20  4  8  0  0  0  0  0  0  0]
 [18  7  0  0  0  0  0  0  0  0  0  0  0  0]
 [20  6 23  5  8  0  0  0  0  0  0  0  0  0]]
gen= [[12 24  0  0  0  0  0  0  0  0  0  0  0  0]
 [17  5 11  0  0  0  0  0  0  0  0  0  0  0]
 [24  0  0  0  0  0  0  0  0  0  0  0  0  0]
 [ 4 23 10  0  0  0  0  0  0  0  0  0  0  0]
 [25 15  5  8  0  0  0  0  0  0  0  0  0  0]
 [ 4  9  1 23  0  0  0  0  0  0  0  0  0  0]
 [ 1 11 28  0  0  0  0  0  0  0  0  0  0  0]
 [ 4 27 21 23  0  0  0  0  0  0  0  0  0  0]
 [18  7  0  0  0  0  0  0  0  0  0  0  0  0]
 [ 5  6 23 20  0  0  0  0  0  0  0  0  0  0]]
valid: gen=0.536
reward: norm=0.8443819278176806
[ 230 iterations]
real= [[ 8  0  0  0  0  0  0  0  0  0  0  0  0  0]
 [ 8 25 23 24 14  0  0  0  0  0  0  0  0  0]
 [17  0  0  0  0  0  0  0  0  0  0  0  0  0]
 [23  0  0  0  0  0  0  0  0  0  0  0  0  0]
 [18 17 13 28  4  7  0  0  0  0  0  0  0  0]
 [27  6 14  0  0  0  0  0  0  0  0  0  0  0]
 [19 16  9  8 11  0  0  0  0  0  0  0  0  0]
 [26 24 11  5  0  0  0  0  0  0  0  0  0  0]
 [26  6 13  0  0  0  0  0  0  0  0  0  0  0]
 [11  0  0  0  0  0  0  0  0  0  0  0  0  0]]
gen= [[ 8  0  0  0  0  0  0  0  0  0  0  0  0  0]
 [25 23 14  0  0  0  0  0  0  0  0  0  0  0]
 [17  0  0  0  0  0  0  0  0  0  0  0  0  0]
 [23  0  0  0  0  0  0  0  0  0  0  0  0  0]
 [ 4 17 18  0  0  0  0  0  0  0  0  0  0  0]
 [27  6  0  0  0  0  0  0  0  0  0  0  0  0]
 [ 9 19 11  0  0  0  0  0  0  0  0  0  0  0]
 [ 5 11 26  0  0  0  0  0  0  0  0  0  0  0]
 [ 6 13 26  0  0  0  0  0  0  0  0  0  0  0]
 [11  0  0  0  0  0  0  0  0  0  0  0  0  0]]
valid: gen=0.414
reward: norm=0.8564774186471514
[ 240 iterations]
real= [[19 27  0  0  0  0  0  0  0  0  0  0  0  0]
 [ 3 17  0  0  0  0  0  0  0  0  0  0  0  0]
 [15  0  0  0  0  0  0  0  0  0  0  0  0  0]
 [27  7 18 10 17 21 19  0  0  0  0  0  0  0]
 [21 15  5  0  0  0  0  0  0  0  0  0  0  0]
 [ 7  0  0  0  0  0  0  0  0  0  0  0  0  0]
 [19 17  9  8  4  0  0  0  0  0  0  0  0  0]
 [11  6  0  0  0  0  0  0  0  0  0  0  0  0]
 [ 8 17  0  0  0  0  0  0  0  0  0  0  0  0]
 [19 17  0  0  0  0  0  0  0  0  0  0  0  0]]
gen= [[19 27  0  0  0  0  0  0  0  0  0  0  0  0]
 [17  3  0  0  0  0  0  0  0  0  0  0  0  0]
 [15  0  0  0  0  0  0  0  0  0  0  0  0  0]
 [17 19  0  0  0  0  0  0  0  0  0  0  0  0]
 [15 21  5  0  0  0  0  0  0  0  0  0  0  0]
 [ 7  0  0  0  0  0  0  0  0  0  0  0  0  0]
 [ 4 17  9  8  0  0  0  0  0  0  0  0  0  0]
 [11  6  0  0  0  0  0  0  0  0  0  0  0  0]
 [17  8  0  0  0  0  0  0  0  0  0  0  0  0]
 [17 19  0  0  0  0  0  0  0  0  0  0  0  0]]
valid: gen=0.533
reward: norm=0.8467498854745762
[ 250 iterations]
real= [[28  0  0  0  0  0  0  0  0  0  0  0  0  0]
 [12  5  0  0  0  0  0  0  0  0  0  0  0  0]
 [28  9  3 21 12 26  0  0  0  0  0  0  0  0]
 [18 26 12 23  0  0  0  0  0  0  0  0  0  0]
 [13  4 11 23  0  0  0  0  0  0  0  0  0  0]
 [26  0  0  0  0  0  0  0  0  0  0  0  0  0]
 [21 10  8  0  0  0  0  0  0  0  0  0  0  0]
 [ 5  0  0  0  0  0  0  0  0  0  0  0  0  0]
 [25 17 13 22  0  0  0  0  0  0  0  0  0  0]
 [18 20 10  0  0  0  0  0  0  0  0  0  0  0]]
gen= [[28  0  0  0  0  0  0  0  0  0  0  0  0  0]
 [12  5  0  0  0  0  0  0  0  0  0  0  0  0]
 [ 9 21 12  0  0  0  0  0  0  0  0  0  0  0]
 [18 23 12  0  0  0  0  0  0  0  0  0  0  0]
 [ 4 11 23  0  0  0  0  0  0  0  0  0  0  0]
 [26  0  0  0  0  0  0  0  0  0  0  0  0  0]
 [21  8  0  0  0  0  0  0  0  0  0  0  0  0]
 [ 5  0  0  0  0  0  0  0  0  0  0  0  0  0]
 [25 17 22  0  0  0  0  0  0  0  0  0  0  0]
 [18 20 10  0  0  0  0  0  0  0  0  0  0  0]]
valid: gen=0.444
reward: norm=0.8609015671097355
[ 260 iterations]
real= [[16  8  7  0  0  0  0  0  0  0  0  0  0  0]
 [28 15 12  1  0  0  0  0  0  0  0  0  0  0]
 [10  0  0  0  0  0  0  0  0  0  0  0  0  0]
 [21  3  0  0  0  0  0  0  0  0  0  0  0  0]
 [25 21 13  0  0  0  0  0  0  0  0  0  0  0]
 [27 23 15 17 16 25  0  0  0  0  0  0  0  0]
 [28 25  4  1 19 14 10  3 23  0  0  0  0  0]
 [18 20  9 26  0  0  0  0  0  0  0  0  0  0]
 [18  7 14  0  0  0  0  0  0  0  0  0  0  0]
 [ 5 20  3 17  6 24  0  0  0  0  0  0  0  0]]
gen= [[ 8  7  0  0  0  0  0  0  0  0  0  0  0  0]
 [15 12 28  1  0  0  0  0  0  0  0  0  0  0]
 [10  0  0  0  0  0  0  0  0  0  0  0  0  0]
 [21  3  0  0  0  0  0  0  0  0  0  0  0  0]
 [25 21 13  0  0  0  0  0  0  0  0  0  0  0]
 [25 15 17 27  0  0  0  0  0  0  0  0  0  0]
 [25  4 23 19  0  0  0  0  0  0  0  0  0  0]
 [ 9 18 26 20  0  0  0  0  0  0  0  0  0  0]
 [18  7 14  0  0  0  0  0  0  0  0  0  0  0]
 [17  6  5  0  0  0  0  0  0  0  0  0  0  0]]
valid: gen=0.514
reward: norm=0.8549193790830955
[ 270 iterations]
real= [[12 24  0  0  0  0  0  0  0  0  0  0  0  0]
 [22 17 11  5  0  0  0  0  0  0  0  0  0  0]
 [24  0  0  0  0  0  0  0  0  0  0  0  0  0]
 [10  4 23  0  0  0  0  0  0  0  0  0  0  0]
 [ 8 25 15  5  0  0  0  0  0  0  0  0  0  0]
 [ 1  4  9 10 23  0  0  0  0  0  0  0  0  0]
 [28  1 11  0  0  0  0  0  0  0  0  0  0  0]
 [27 23  3 21 20  4  8  0  0  0  0  0  0  0]
 [18  7  0  0  0  0  0  0  0  0  0  0  0  0]
 [20  6 23  5  8  0  0  0  0  0  0  0  0  0]]
gen= [[12 24  0  0  0  0  0  0  0  0  0  0  0  0]
 [17 22  5  0  0  0  0  0  0  0  0  0  0  0]
 [24  0  0  0  0  0  0  0  0  0  0  0  0  0]
 [ 4 23 10  0  0  0  0  0  0  0  0  0  0  0]
 [15 25  8  5  0  0  0  0  0  0  0  0  0  0]
 [ 4  9 23  1  0  0  0  0  0  0  0  0  0  0]
 [11 28  1  0  0  0  0  0  0  0  0  0  0  0]
 [ 4 27 21 23  0  0  0  0  0  0  0  0  0  0]
 [18  7  0  0  0  0  0  0  0  0  0  0  0  0]
 [ 6 23  8  5  0  0  0  0  0  0  0  0  0  0]]
valid: gen=0.528
reward: norm=0.8607722023158624
[ 280 iterations]
real= [[ 8  0  0  0  0  0  0  0  0  0  0  0  0  0]
 [ 8 25 23 24 14  0  0  0  0  0  0  0  0  0]
 [17  0  0  0  0  0  0  0  0  0  0  0  0  0]
 [23  0  0  0  0  0  0  0  0  0  0  0  0  0]
 [18 17 13 28  4  7  0  0  0  0  0  0  0  0]
 [27  6 14  0  0  0  0  0  0  0  0  0  0  0]
 [19 16  9  8 11  0  0  0  0  0  0  0  0  0]
 [26 24 11  5  0  0  0  0  0  0  0  0  0  0]
 [26  6 13  0  0  0  0  0  0  0  0  0  0  0]
 [11  0  0  0  0  0  0  0  0  0  0  0  0  0]]
gen= [[ 8  0  0  0  0  0  0  0  0  0  0  0  0  0]
 [25 23 24  0  0  0  0  0  0  0  0  0  0  0]
 [17  0  0  0  0  0  0  0  0  0  0  0  0  0]
 [23  0  0  0  0  0  0  0  0  0  0  0  0  0]
 [17  4 28  0  0  0  0  0  0  0  0  0  0  0]
 [ 6 27  0  0  0  0  0  0  0  0  0  0  0  0]
 [11  9 19  0  0  0  0  0  0  0  0  0  0  0]
 [11 26  5  0  0  0  0  0  0  0  0  0  0  0]
 [ 6 26  0  0  0  0  0  0  0  0  0  0  0  0]
 [11  0  0  0  0  0  0  0  0  0  0  0  0  0]]
valid: gen=0.413
reward: norm=0.862401237582549
[ 290 iterations]
real= [[19 27  0  0  0  0  0  0  0  0  0  0  0  0]
 [ 3 17  0  0  0  0  0  0  0  0  0  0  0  0]
 [15  0  0  0  0  0  0  0  0  0  0  0  0  0]
 [27  7 18 10 17 21 19  0  0  0  0  0  0  0]
 [21 15  5  0  0  0  0  0  0  0  0  0  0  0]
 [ 7  0  0  0  0  0  0  0  0  0  0  0  0  0]
 [19 17  9  8  4  0  0  0  0  0  0  0  0  0]
 [11  6  0  0  0  0  0  0  0  0  0  0  0  0]
 [ 8 17  0  0  0  0  0  0  0  0  0  0  0  0]
 [19 17  0  0  0  0  0  0  0  0  0  0  0  0]]
gen= [[27 19  0  0  0  0  0  0  0  0  0  0  0  0]
 [17  3  0  0  0  0  0  0  0  0  0  0  0  0]
 [15  0  0  0  0  0  0  0  0  0  0  0  0  0]
 [17 21  7 27  0  0  0  0  0  0  0  0  0  0]
 [15 21  5  0  0  0  0  0  0  0  0  0  0  0]
 [ 7  0  0  0  0  0  0  0  0  0  0  0  0  0]
 [17  4  8  9  0  0  0  0  0  0  0  0  0  0]
 [ 6 11  0  0  0  0  0  0  0  0  0  0  0  0]
 [17  8  0  0  0  0  0  0  0  0  0  0  0  0]
 [17 19  0  0  0  0  0  0  0  0  0  0  0  0]]
valid: gen=0.529
reward: norm=0.8445334413912532
[ 300 iterations]
real= [[28  0  0  0  0  0  0  0  0  0  0  0  0  0]
 [12  5  0  0  0  0  0  0  0  0  0  0  0  0]
 [28  9  3 21 12 26  0  0  0  0  0  0  0  0]
 [18 26 12 23  0  0  0  0  0  0  0  0  0  0]
 [13  4 11 23  0  0  0  0  0  0  0  0  0  0]
 [26  0  0  0  0  0  0  0  0  0  0  0  0  0]
 [21 10  8  0  0  0  0  0  0  0  0  0  0  0]
 [ 5  0  0  0  0  0  0  0  0  0  0  0  0  0]
 [25 17 13 22  0  0  0  0  0  0  0  0  0  0]
 [18 20 10  0  0  0  0  0  0  0  0  0  0  0]]
gen= [[28  0  0  0  0  0  0  0  0  0  0  0  0  0]
 [12  5  0  0  0  0  0  0  0  0  0  0  0  0]
 [21 28  0  0  0  0  0  0  0  0  0  0  0  0]
 [23 26 18  0  0  0  0  0  0  0  0  0  0  0]
 [ 4 11 23  0  0  0  0  0  0  0  0  0  0  0]
 [26  0  0  0  0  0  0  0  0  0  0  0  0  0]
 [21  8  0  0  0  0  0  0  0  0  0  0  0  0]
 [ 5  0  0  0  0  0  0  0  0  0  0  0  0  0]
 [17 25  0  0  0  0  0  0  0  0  0  0  0  0]
 [18 20 10  0  0  0  0  0  0  0  0  0  0  0]]
valid: gen=0.446
reward: norm=0.8635504804566038
[ 310 iterations]
real= [[16  8  7  0  0  0  0  0  0  0  0  0  0  0]
 [28 15 12  1  0  0  0  0  0  0  0  0  0  0]
 [10  0  0  0  0  0  0  0  0  0  0  0  0  0]
 [21  3  0  0  0  0  0  0  0  0  0  0  0  0]
 [25 21 13  0  0  0  0  0  0  0  0  0  0  0]
 [27 23 15 17 16 25  0  0  0  0  0  0  0  0]
 [28 25  4  1 19 14 10  3 23  0  0  0  0  0]
 [18 20  9 26  0  0  0  0  0  0  0  0  0  0]
 [18  7 14  0  0  0  0  0  0  0  0  0  0  0]
 [ 5 20  3 17  6 24  0  0  0  0  0  0  0  0]]
gen= [[ 8  7  0  0  0  0  0  0  0  0  0  0  0  0]
 [15 28 12  1  0  0  0  0  0  0  0  0  0  0]
 [10  0  0  0  0  0  0  0  0  0  0  0  0  0]
 [21  3  0  0  0  0  0  0  0  0  0  0  0  0]
 [21 25  0  0  0  0  0  0  0  0  0  0  0  0]
 [17 15 25 27  0  0  0  0  0  0  0  0  0  0]
 [25  4 23 28  0  0  0  0  0  0  0  0  0  0]
 [26  9 18 20  0  0  0  0  0  0  0  0  0  0]
 [ 7 18 14  0  0  0  0  0  0  0  0  0  0  0]
 [17  6  5  0  0  0  0  0  0  0  0  0  0  0]]
valid: gen=0.522
reward: norm=0.8577900917340379
[ 320 iterations]
real= [[12 24  0  0  0  0  0  0  0  0  0  0  0  0]
 [22 17 11  5  0  0  0  0  0  0  0  0  0  0]
 [24  0  0  0  0  0  0  0  0  0  0  0  0  0]
 [10  4 23  0  0  0  0  0  0  0  0  0  0  0]
 [ 8 25 15  5  0  0  0  0  0  0  0  0  0  0]
 [ 1  4  9 10 23  0  0  0  0  0  0  0  0  0]
 [28  1 11  0  0  0  0  0  0  0  0  0  0  0]
 [27 23  3 21 20  4  8  0  0  0  0  0  0  0]
 [18  7  0  0  0  0  0  0  0  0  0  0  0  0]
 [20  6 23  5  8  0  0  0  0  0  0  0  0  0]]
gen= [[12 24  0  0  0  0  0  0  0  0  0  0  0  0]
 [17 22  5  0  0  0  0  0  0  0  0  0  0  0]
 [24  0  0  0  0  0  0  0  0  0  0  0  0  0]
 [ 4 23 10  0  0  0  0  0  0  0  0  0  0  0]
 [15 25  8  5  0  0  0  0  0  0  0  0  0  0]
 [ 4 23  9 10  0  0  0  0  0  0  0  0  0  0]
 [11 28  1  0  0  0  0  0  0  0  0  0  0  0]
 [21 27  4 20  0  0  0  0  0  0  0  0  0  0]
 [ 7 18  0  0  0  0  0  0  0  0  0  0  0  0]
 [ 6  8  5 20  0  0  0  0  0  0  0  0  0  0]]
valid: gen=0.527
reward: norm=0.8586221103953767
[ 330 iterations]
real= [[ 8  0  0  0  0  0  0  0  0  0  0  0  0  0]
 [ 8 25 23 24 14  0  0  0  0  0  0  0  0  0]
 [17  0  0  0  0  0  0  0  0  0  0  0  0  0]
 [23  0  0  0  0  0  0  0  0  0  0  0  0  0]
 [18 17 13 28  4  7  0  0  0  0  0  0  0  0]
 [27  6 14  0  0  0  0  0  0  0  0  0  0  0]
 [19 16  9  8 11  0  0  0  0  0  0  0  0  0]
 [26 24 11  5  0  0  0  0  0  0  0  0  0  0]
 [26  6 13  0  0  0  0  0  0  0  0  0  0  0]
 [11  0  0  0  0  0  0  0  0  0  0  0  0  0]]
gen= [[ 8  0  0  0  0  0  0  0  0  0  0  0  0  0]
 [ 8 23 25  0  0  0  0  0  0  0  0  0  0  0]
 [17  0  0  0  0  0  0  0  0  0  0  0  0  0]
 [23  0  0  0  0  0  0  0  0  0  0  0  0  0]
 [17  7  4  0  0  0  0  0  0  0  0  0  0  0]
 [ 6 27  0  0  0  0  0  0  0  0  0  0  0  0]
 [11  8  0  0  0  0  0  0  0  0  0  0  0  0]
 [11 26 24  0  0  0  0  0  0  0  0  0  0  0]
 [ 6 26  0  0  0  0  0  0  0  0  0  0  0  0]
 [11  0  0  0  0  0  0  0  0  0  0  0  0  0]]
valid: gen=0.418
reward: norm=0.8608208653352498
[ 340 iterations]
real= [[19 27  0  0  0  0  0  0  0  0  0  0  0  0]
 [ 3 17  0  0  0  0  0  0  0  0  0  0  0  0]
 [15  0  0  0  0  0  0  0  0  0  0  0  0  0]
 [27  7 18 10 17 21 19  0  0  0  0  0  0  0]
 [21 15  5  0  0  0  0  0  0  0  0  0  0  0]
 [ 7  0  0  0  0  0  0  0  0  0  0  0  0  0]
 [19 17  9  8  4  0  0  0  0  0  0  0  0  0]
 [11  6  0  0  0  0  0  0  0  0  0  0  0  0]
 [ 8 17  0  0  0  0  0  0  0  0  0  0  0  0]
 [19 17  0  0  0  0  0  0  0  0  0  0  0  0]]
gen= [[27 19  0  0  0  0  0  0  0  0  0  0  0  0]
 [17  3  0  0  0  0  0  0  0  0  0  0  0  0]
 [15  0  0  0  0  0  0  0  0  0  0  0  0  0]
 [21 27  0  0  0  0  0  0  0  0  0  0  0  0]
 [21 15  5  0  0  0  0  0  0  0  0  0  0  0]
 [ 7  0  0  0  0  0  0  0  0  0  0  0  0  0]
 [17  8  4  9  0  0  0  0  0  0  0  0  0  0]
 [ 6 11  0  0  0  0  0  0  0  0  0  0  0  0]
 [17  8  0  0  0  0  0  0  0  0  0  0  0  0]
 [17 19  0  0  0  0  0  0  0  0  0  0  0  0]]
valid: gen=0.542
reward: norm=0.8536733732595121
[ 350 iterations]
real= [[28  0  0  0  0  0  0  0  0  0  0  0  0  0]
 [12  5  0  0  0  0  0  0  0  0  0  0  0  0]
 [28  9  3 21 12 26  0  0  0  0  0  0  0  0]
 [18 26 12 23  0  0  0  0  0  0  0  0  0  0]
 [13  4 11 23  0  0  0  0  0  0  0  0  0  0]
 [26  0  0  0  0  0  0  0  0  0  0  0  0  0]
 [21 10  8  0  0  0  0  0  0  0  0  0  0  0]
 [ 5  0  0  0  0  0  0  0  0  0  0  0  0  0]
 [25 17 13 22  0  0  0  0  0  0  0  0  0  0]
 [18 20 10  0  0  0  0  0  0  0  0  0  0  0]]
gen= [[28  0  0  0  0  0  0  0  0  0  0  0  0  0]
 [12  5  0  0  0  0  0  0  0  0  0  0  0  0]
 [21 28  0  0  0  0  0  0  0  0  0  0  0  0]
 [23 26 18  0  0  0  0  0  0  0  0  0  0  0]
 [11 23  4  0  0  0  0  0  0  0  0  0  0  0]
 [26  0  0  0  0  0  0  0  0  0  0  0  0  0]
 [21  8  0  0  0  0  0  0  0  0  0  0  0  0]
 [ 5  0  0  0  0  0  0  0  0  0  0  0  0  0]
 [22 17 13  0  0  0  0  0  0  0  0  0  0  0]
 [18 10 20  0  0  0  0  0  0  0  0  0  0  0]]
valid: gen=0.451
reward: norm=0.866760684449471
[ 360 iterations]
real= [[16  8  7  0  0  0  0  0  0  0  0  0  0  0]
 [28 15 12  1  0  0  0  0  0  0  0  0  0  0]
 [10  0  0  0  0  0  0  0  0  0  0  0  0  0]
 [21  3  0  0  0  0  0  0  0  0  0  0  0  0]
 [25 21 13  0  0  0  0  0  0  0  0  0  0  0]
 [27 23 15 17 16 25  0  0  0  0  0  0  0  0]
 [28 25  4  1 19 14 10  3 23  0  0  0  0  0]
 [18 20  9 26  0  0  0  0  0  0  0  0  0  0]
 [18  7 14  0  0  0  0  0  0  0  0  0  0  0]
 [ 5 20  3 17  6 24  0  0  0  0  0  0  0  0]]
gen= [[ 8  7  0  0  0  0  0  0  0  0  0  0  0  0]
 [28 15 12  1  0  0  0  0  0  0  0  0  0  0]
 [10  0  0  0  0  0  0  0  0  0  0  0  0  0]
 [21  3  0  0  0  0  0  0  0  0  0  0  0  0]
 [21 25  0  0  0  0  0  0  0  0  0  0  0  0]
 [27 17 23 15  0  0  0  0  0  0  0  0  0  0]
 [28 23  4 25  0  0  0  0  0  0  0  0  0  0]
 [26  9 18 20  0  0  0  0  0  0  0  0  0  0]
 [ 7 18 14  0  0  0  0  0  0  0  0  0  0  0]
 [ 6 17 24  0  0  0  0  0  0  0  0  0  0  0]]
valid: gen=0.557
reward: norm=0.8587093141976921
[ 370 iterations]
real= [[12 24  0  0  0  0  0  0  0  0  0  0  0  0]
 [22 17 11  5  0  0  0  0  0  0  0  0  0  0]
 [24  0  0  0  0  0  0  0  0  0  0  0  0  0]
 [10  4 23  0  0  0  0  0  0  0  0  0  0  0]
 [ 8 25 15  5  0  0  0  0  0  0  0  0  0  0]
 [ 1  4  9 10 23  0  0  0  0  0  0  0  0  0]
 [28  1 11  0  0  0  0  0  0  0  0  0  0  0]
 [27 23  3 21 20  4  8  0  0  0  0  0  0  0]
 [18  7  0  0  0  0  0  0  0  0  0  0  0  0]
 [20  6 23  5  8  0  0  0  0  0  0  0  0  0]]
gen= [[12 24  0  0  0  0  0  0  0  0  0  0  0  0]
 [22 11  5  0  0  0  0  0  0  0  0  0  0  0]
 [24  0  0  0  0  0  0  0  0  0  0  0  0  0]
 [23  4 10  0  0  0  0  0  0  0  0  0  0  0]
 [ 8 15 25  5  0  0  0  0  0  0  0  0  0  0]
 [23  4  9 10  0  0  0  0  0  0  0  0  0  0]
 [11 28  1  0  0  0  0  0  0  0  0  0  0  0]
 [21 27 23 20  0  0  0  0  0  0  0  0  0  0]
 [ 7 18  0  0  0  0  0  0  0  0  0  0  0  0]
 [ 6  8  5 20  0  0  0  0  0  0  0  0  0  0]]
valid: gen=0.539
reward: norm=0.8625756975873682
[ 380 iterations]
real= [[ 8  0  0  0  0  0  0  0  0  0  0  0  0  0]
 [ 8 25 23 24 14  0  0  0  0  0  0  0  0  0]
 [17  0  0  0  0  0  0  0  0  0  0  0  0  0]
 [23  0  0  0  0  0  0  0  0  0  0  0  0  0]
 [18 17 13 28  4  7  0  0  0  0  0  0  0  0]
 [27  6 14  0  0  0  0  0  0  0  0  0  0  0]
 [19 16  9  8 11  0  0  0  0  0  0  0  0  0]
 [26 24 11  5  0  0  0  0  0  0  0  0  0  0]
 [26  6 13  0  0  0  0  0  0  0  0  0  0  0]
 [11  0  0  0  0  0  0  0  0  0  0  0  0  0]]
gen= [[ 8  0  0  0  0  0  0  0  0  0  0  0  0  0]
 [ 8 23 25  0  0  0  0  0  0  0  0  0  0  0]
 [17  0  0  0  0  0  0  0  0  0  0  0  0  0]
 [23  0  0  0  0  0  0  0  0  0  0  0  0  0]
 [ 7 28  4  0  0  0  0  0  0  0  0  0  0  0]
 [ 6 27  0  0  0  0  0  0  0  0  0  0  0  0]
 [ 8 11  9  0  0  0  0  0  0  0  0  0  0  0]
 [11 26 24  0  0  0  0  0  0  0  0  0  0  0]
 [ 6 26  0  0  0  0  0  0  0  0  0  0  0  0]
 [11  0  0  0  0  0  0  0  0  0  0  0  0  0]]
valid: gen=0.425
reward: norm=0.8673441266353609
[ 390 iterations]
real= [[19 27  0  0  0  0  0  0  0  0  0  0  0  0]
 [ 3 17  0  0  0  0  0  0  0  0  0  0  0  0]
 [15  0  0  0  0  0  0  0  0  0  0  0  0  0]
 [27  7 18 10 17 21 19  0  0  0  0  0  0  0]
 [21 15  5  0  0  0  0  0  0  0  0  0  0  0]
 [ 7  0  0  0  0  0  0  0  0  0  0  0  0  0]
 [19 17  9  8  4  0  0  0  0  0  0  0  0  0]
 [11  6  0  0  0  0  0  0  0  0  0  0  0  0]
 [ 8 17  0  0  0  0  0  0  0  0  0  0  0  0]
 [19 17  0  0  0  0  0  0  0  0  0  0  0  0]]
gen= [[27 19  0  0  0  0  0  0  0  0  0  0  0  0]
 [17  3  0  0  0  0  0  0  0  0  0  0  0  0]
 [15  0  0  0  0  0  0  0  0  0  0  0  0  0]
 [21 27  0  0  0  0  0  0  0  0  0  0  0  0]
 [21 15  5  0  0  0  0  0  0  0  0  0  0  0]
 [ 7  0  0  0  0  0  0  0  0  0  0  0  0  0]
 [ 8  4 17  9  0  0  0  0  0  0  0  0  0  0]
 [ 6 11  0  0  0  0  0  0  0  0  0  0  0  0]
 [ 8 17  0  0  0  0  0  0  0  0  0  0  0  0]
 [17 19  0  0  0  0  0  0  0  0  0  0  0  0]]
valid: gen=0.544
reward: norm=0.849328088394429
[ 400 iterations]
real= [[28  0  0  0  0  0  0  0  0  0  0  0  0  0]
 [12  5  0  0  0  0  0  0  0  0  0  0  0  0]
 [28  9  3 21 12 26  0  0  0  0  0  0  0  0]
 [18 26 12 23  0  0  0  0  0  0  0  0  0  0]
 [13  4 11 23  0  0  0  0  0  0  0  0  0  0]
 [26  0  0  0  0  0  0  0  0  0  0  0  0  0]
 [21 10  8  0  0  0  0  0  0  0  0  0  0  0]
 [ 5  0  0  0  0  0  0  0  0  0  0  0  0  0]
 [25 17 13 22  0  0  0  0  0  0  0  0  0  0]
 [18 20 10  0  0  0  0  0  0  0  0  0  0  0]]
gen= [[28  0  0  0  0  0  0  0  0  0  0  0  0  0]
 [12  5  0  0  0  0  0  0  0  0  0  0  0  0]
 [21 28  0  0  0  0  0  0  0  0  0  0  0  0]
 [23 26 18  0  0  0  0  0  0  0  0  0  0  0]
 [11 23  4  0  0  0  0  0  0  0  0  0  0  0]
 [26  0  0  0  0  0  0  0  0  0  0  0  0  0]
 [21  8  0  0  0  0  0  0  0  0  0  0  0  0]
 [ 5  0  0  0  0  0  0  0  0  0  0  0  0  0]
 [22 17 25  0  0  0  0  0  0  0  0  0  0  0]
 [18 20 10  0  0  0  0  0  0  0  0  0  0  0]]
valid: gen=0.456
reward: norm=0.8683310025188352
[ 410 iterations]
real= [[16  8  7  0  0  0  0  0  0  0  0  0  0  0]
 [28 15 12  1  0  0  0  0  0  0  0  0  0  0]
 [10  0  0  0  0  0  0  0  0  0  0  0  0  0]
 [21  3  0  0  0  0  0  0  0  0  0  0  0  0]
 [25 21 13  0  0  0  0  0  0  0  0  0  0  0]
 [27 23 15 17 16 25  0  0  0  0  0  0  0  0]
 [28 25  4  1 19 14 10  3 23  0  0  0  0  0]
 [18 20  9 26  0  0  0  0  0  0  0  0  0  0]
 [18  7 14  0  0  0  0  0  0  0  0  0  0  0]
 [ 5 20  3 17  6 24  0  0  0  0  0  0  0  0]]
gen= [[ 7  8 16  0  0  0  0  0  0  0  0  0  0  0]
 [28 15 12  1  0  0  0  0  0  0  0  0  0  0]
 [10  0  0  0  0  0  0  0  0  0  0  0  0  0]
 [21  3  0  0  0  0  0  0  0  0  0  0  0  0]
 [21 13 25  0  0  0  0  0  0  0  0  0  0  0]
 [27 23 15 25  0  0  0  0  0  0  0  0  0  0]
 [28 23  4 25 19  0  0  0  0  0  0  0  0  0]
 [26  9 18 20  0  0  0  0  0  0  0  0  0  0]
 [ 7 18 14  0  0  0  0  0  0  0  0  0  0  0]
 [ 6 17  3  5  0  0  0  0  0  0  0  0  0  0]]
valid: gen=0.589
reward: norm=0.8622002838723264
[ 420 iterations]
real= [[12 24  0  0  0  0  0  0  0  0  0  0  0  0]
 [22 17 11  5  0  0  0  0  0  0  0  0  0  0]
 [24  0  0  0  0  0  0  0  0  0  0  0  0  0]
 [10  4 23  0  0  0  0  0  0  0  0  0  0  0]
 [ 8 25 15  5  0  0  0  0  0  0  0  0  0  0]
 [ 1  4  9 10 23  0  0  0  0  0  0  0  0  0]
 [28  1 11  0  0  0  0  0  0  0  0  0  0  0]
 [27 23  3 21 20  4  8  0  0  0  0  0  0  0]
 [18  7  0  0  0  0  0  0  0  0  0  0  0  0]
 [20  6 23  5  8  0  0  0  0  0  0  0  0  0]]
gen= [[12 24  0  0  0  0  0  0  0  0  0  0  0  0]
 [22 11  5  0  0  0  0  0  0  0  0  0  0  0]
 [24  0  0  0  0  0  0  0  0  0  0  0  0  0]
 [23  4 10  0  0  0  0  0  0  0  0  0  0  0]
 [ 8 15 25  5  0  0  0  0  0  0  0  0  0  0]
 [23  4  9  1  0  0  0  0  0  0  0  0  0  0]
 [28 11  1  0  0  0  0  0  0  0  0  0  0  0]
 [21 27 23 20  0  0  0  0  0  0  0  0  0  0]
 [ 7 18  0  0  0  0  0  0  0  0  0  0  0  0]
 [ 6  8  5 20  0  0  0  0  0  0  0  0  0  0]]
valid: gen=0.536
reward: norm=0.8590393234410241
[ 430 iterations]
real= [[ 8  0  0  0  0  0  0  0  0  0  0  0  0  0]
 [ 8 25 23 24 14  0  0  0  0  0  0  0  0  0]
 [17  0  0  0  0  0  0  0  0  0  0  0  0  0]
 [23  0  0  0  0  0  0  0  0  0  0  0  0  0]
 [18 17 13 28  4  7  0  0  0  0  0  0  0  0]
 [27  6 14  0  0  0  0  0  0  0  0  0  0  0]
 [19 16  9  8 11  0  0  0  0  0  0  0  0  0]
 [26 24 11  5  0  0  0  0  0  0  0  0  0  0]
 [26  6 13  0  0  0  0  0  0  0  0  0  0  0]
 [11  0  0  0  0  0  0  0  0  0  0  0  0  0]]
gen= [[ 8  0  0  0  0  0  0  0  0  0  0  0  0  0]
 [ 8 23 25  0  0  0  0  0  0  0  0  0  0  0]
 [17  0  0  0  0  0  0  0  0  0  0  0  0  0]
 [23  0  0  0  0  0  0  0  0  0  0  0  0  0]
 [ 7 28  4  0  0  0  0  0  0  0  0  0  0  0]
 [ 6 27  0  0  0  0  0  0  0  0  0  0  0  0]
 [ 8 11  9  0  0  0  0  0  0  0  0  0  0  0]
 [26 11  5  0  0  0  0  0  0  0  0  0  0  0]
 [ 6 26  0  0  0  0  0  0  0  0  0  0  0  0]
 [11  0  0  0  0  0  0  0  0  0  0  0  0  0]]
valid: gen=0.426
reward: norm=0.8642265678807944
[ 440 iterations]
real= [[19 27  0  0  0  0  0  0  0  0  0  0  0  0]
 [ 3 17  0  0  0  0  0  0  0  0  0  0  0  0]
 [15  0  0  0  0  0  0  0  0  0  0  0  0  0]
 [27  7 18 10 17 21 19  0  0  0  0  0  0  0]
 [21 15  5  0  0  0  0  0  0  0  0  0  0  0]
 [ 7  0  0  0  0  0  0  0  0  0  0  0  0  0]
 [19 17  9  8  4  0  0  0  0  0  0  0  0  0]
 [11  6  0  0  0  0  0  0  0  0  0  0  0  0]
 [ 8 17  0  0  0  0  0  0  0  0  0  0  0  0]
 [19 17  0  0  0  0  0  0  0  0  0  0  0  0]]
gen= [[27 19  0  0  0  0  0  0  0  0  0  0  0  0]
 [17  3  0  0  0  0  0  0  0  0  0  0  0  0]
 [15  0  0  0  0  0  0  0  0  0  0  0  0  0]
 [21 27  0  0  0  0  0  0  0  0  0  0  0  0]
 [21 15  5  0  0  0  0  0  0  0  0  0  0  0]
 [ 7  0  0  0  0  0  0  0  0  0  0  0  0  0]
 [ 8 17  4  0  0  0  0  0  0  0  0  0  0  0]
 [ 6 11  0  0  0  0  0  0  0  0  0  0  0  0]
 [ 8 17  0  0  0  0  0  0  0  0  0  0  0  0]
 [17 19  0  0  0  0  0  0  0  0  0  0  0  0]]
valid: gen=0.55
reward: norm=0.8493034230973484
[ 450 iterations]
real= [[28  0  0  0  0  0  0  0  0  0  0  0  0  0]
 [12  5  0  0  0  0  0  0  0  0  0  0  0  0]
 [28  9  3 21 12 26  0  0  0  0  0  0  0  0]
 [18 26 12 23  0  0  0  0  0  0  0  0  0  0]
 [13  4 11 23  0  0  0  0  0  0  0  0  0  0]
 [26  0  0  0  0  0  0  0  0  0  0  0  0  0]
 [21 10  8  0  0  0  0  0  0  0  0  0  0  0]
 [ 5  0  0  0  0  0  0  0  0  0  0  0  0  0]
 [25 17 13 22  0  0  0  0  0  0  0  0  0  0]
 [18 20 10  0  0  0  0  0  0  0  0  0  0  0]]
gen= [[28  0  0  0  0  0  0  0  0  0  0  0  0  0]
 [12  5  0  0  0  0  0  0  0  0  0  0  0  0]
 [21 26  9  0  0  0  0  0  0  0  0  0  0  0]
 [26 23 18  0  0  0  0  0  0  0  0  0  0  0]
 [23 11 13  0  0  0  0  0  0  0  0  0  0  0]
 [26  0  0  0  0  0  0  0  0  0  0  0  0  0]
 [21  8  0  0  0  0  0  0  0  0  0  0  0  0]
 [ 5  0  0  0  0  0  0  0  0  0  0  0  0  0]
 [22 13 17  0  0  0  0  0  0  0  0  0  0  0]
 [18 10 20  0  0  0  0  0  0  0  0  0  0  0]]
valid: gen=0.451
reward: norm=0.8655204231670858
[ 460 iterations]
real= [[16  8  7  0  0  0  0  0  0  0  0  0  0  0]
 [28 15 12  1  0  0  0  0  0  0  0  0  0  0]
 [10  0  0  0  0  0  0  0  0  0  0  0  0  0]
 [21  3  0  0  0  0  0  0  0  0  0  0  0  0]
 [25 21 13  0  0  0  0  0  0  0  0  0  0  0]
 [27 23 15 17 16 25  0  0  0  0  0  0  0  0]
 [28 25  4  1 19 14 10  3 23  0  0  0  0  0]
 [18 20  9 26  0  0  0  0  0  0  0  0  0  0]
 [18  7 14  0  0  0  0  0  0  0  0  0  0  0]
 [ 5 20  3 17  6 24  0  0  0  0  0  0  0  0]]
gen= [[ 7  8 16  0  0  0  0  0  0  0  0  0  0  0]
 [28 15 12  1  0  0  0  0  0  0  0  0  0  0]
 [10  0  0  0  0  0  0  0  0  0  0  0  0  0]
 [21  3  0  0  0  0  0  0  0  0  0  0  0  0]
 [21 13 25  0  0  0  0  0  0  0  0  0  0  0]
 [27 23 15 17 25  0  0  0  0  0  0  0  0  0]
 [23 28  4 25 14  0  0  0  0  0  0  0  0  0]
 [26  9 18 20  0  0  0  0  0  0  0  0  0  0]
 [ 7 18 14  0  0  0  0  0  0  0  0  0  0  0]
 [ 6 17  3  5  0  0  0  0  0  0  0  0  0  0]]
valid: gen=0.594
reward: norm=0.8600558550787241
[ 470 iterations]
real= [[12 24  0  0  0  0  0  0  0  0  0  0  0  0]
 [22 17 11  5  0  0  0  0  0  0  0  0  0  0]
 [24  0  0  0  0  0  0  0  0  0  0  0  0  0]
 [10  4 23  0  0  0  0  0  0  0  0  0  0  0]
 [ 8 25 15  5  0  0  0  0  0  0  0  0  0  0]
 [ 1  4  9 10 23  0  0  0  0  0  0  0  0  0]
 [28  1 11  0  0  0  0  0  0  0  0  0  0  0]
 [27 23  3 21 20  4  8  0  0  0  0  0  0  0]
 [18  7  0  0  0  0  0  0  0  0  0  0  0  0]
 [20  6 23  5  8  0  0  0  0  0  0  0  0  0]]
gen= [[12 24  0  0  0  0  0  0  0  0  0  0  0  0]
 [22 11  5  0  0  0  0  0  0  0  0  0  0  0]
 [24  0  0  0  0  0  0  0  0  0  0  0  0  0]
 [23  4 10  0  0  0  0  0  0  0  0  0  0  0]
 [ 8 15 25  5  0  0  0  0  0  0  0  0  0  0]
 [23  4  9  1  0  0  0  0  0  0  0  0  0  0]
 [11 28  1  0  0  0  0  0  0  0  0  0  0  0]
 [21 27 23 20  0  0  0  0  0  0  0  0  0  0]
 [ 7 18  0  0  0  0  0  0  0  0  0  0  0  0]
 [ 6 23  8  5  0  0  0  0  0  0  0  0  0  0]]
valid: gen=0.542
reward: norm=0.8584979382119333
[ 480 iterations]
real= [[ 8  0  0  0  0  0  0  0  0  0  0  0  0  0]
 [ 8 25 23 24 14  0  0  0  0  0  0  0  0  0]
 [17  0  0  0  0  0  0  0  0  0  0  0  0  0]
 [23  0  0  0  0  0  0  0  0  0  0  0  0  0]
 [18 17 13 28  4  7  0  0  0  0  0  0  0  0]
 [27  6 14  0  0  0  0  0  0  0  0  0  0  0]
 [19 16  9  8 11  0  0  0  0  0  0  0  0  0]
 [26 24 11  5  0  0  0  0  0  0  0  0  0  0]
 [26  6 13  0  0  0  0  0  0  0  0  0  0  0]
 [11  0  0  0  0  0  0  0  0  0  0  0  0  0]]
gen= [[ 8  0  0  0  0  0  0  0  0  0  0  0  0  0]
 [23  8  0  0  0  0  0  0  0  0  0  0  0  0]
 [17  0  0  0  0  0  0  0  0  0  0  0  0  0]
 [23  0  0  0  0  0  0  0  0  0  0  0  0  0]
 [ 7 28 13  0  0  0  0  0  0  0  0  0  0  0]
 [ 6 27  0  0  0  0  0  0  0  0  0  0  0  0]
 [11  8  0  0  0  0  0  0  0  0  0  0  0  0]
 [26 11  5  0  0  0  0  0  0  0  0  0  0  0]
 [ 6 26  0  0  0  0  0  0  0  0  0  0  0  0]
 [11  0  0  0  0  0  0  0  0  0  0  0  0  0]]
valid: gen=0.423
reward: norm=0.8660290967663065
[ 490 iterations]
real= [[19 27  0  0  0  0  0  0  0  0  0  0  0  0]
 [ 3 17  0  0  0  0  0  0  0  0  0  0  0  0]
 [15  0  0  0  0  0  0  0  0  0  0  0  0  0]
 [27  7 18 10 17 21 19  0  0  0  0  0  0  0]
 [21 15  5  0  0  0  0  0  0  0  0  0  0  0]
 [ 7  0  0  0  0  0  0  0  0  0  0  0  0  0]
 [19 17  9  8  4  0  0  0  0  0  0  0  0  0]
 [11  6  0  0  0  0  0  0  0  0  0  0  0  0]
 [ 8 17  0  0  0  0  0  0  0  0  0  0  0  0]
 [19 17  0  0  0  0  0  0  0  0  0  0  0  0]]
gen= [[27 19  0  0  0  0  0  0  0  0  0  0  0  0]
 [17  3  0  0  0  0  0  0  0  0  0  0  0  0]
 [15  0  0  0  0  0  0  0  0  0  0  0  0  0]
 [21 27  0  0  0  0  0  0  0  0  0  0  0  0]
 [21 15  5  0  0  0  0  0  0  0  0  0  0  0]
 [ 7  0  0  0  0  0  0  0  0  0  0  0  0  0]
 [ 8 17  4  0  0  0  0  0  0  0  0  0  0  0]
 [ 6 11  0  0  0  0  0  0  0  0  0  0  0  0]
 [ 8 17  0  0  0  0  0  0  0  0  0  0  0  0]
 [17 19  0  0  0  0  0  0  0  0  0  0  0  0]]
valid: gen=0.549
reward: norm=0.8499312810024561
