read problem
[ 10 iterations]
real= [[13  0  0  0  0  0  0  0  0  0  0  0]
 [27 23 22 10 14  3  1 20  5  0  0  0]
 [28 27  0  0  0  0  0  0  0  0  0  0]
 [ 5 26 21 19  0  0  0  0  0  0  0  0]
 [15  3  0  0  0  0  0  0  0  0  0  0]
 [20 19  0  0  0  0  0  0  0  0  0  0]
 [23  2  0  0  0  0  0  0  0  0  0  0]
 [ 7 23 14  2  5 27  0  0  0  0  0  0]
 [24  0  0  0  0  0  0  0  0  0  0  0]
 [ 3 13  0  0  0  0  0  0  0  0  0  0]]
gen= [[13  0  0  0  0  0  0  0  0  0  0  0]
 [27 14 20  0  0  0  0  0  0  0  0  0]
 [27 28  0  0  0  0  0  0  0  0  0  0]
 [21 26  5  0  0  0  0  0  0  0  0  0]
 [ 3 15  0  0  0  0  0  0  0  0  0  0]
 [19 20  0  0  0  0  0  0  0  0  0  0]
 [23  2  0  0  0  0  0  0  0  0  0  0]
 [14 23 27  0  0  0  0  0  0  0  0  0]
 [24  0  0  0  0  0  0  0  0  0  0  0]
 [13  3  0  0  0  0  0  0  0  0  0  0]]
valid: gen=0.444
reward: norm=0.8860989480675718
[ 20 iterations]
real= [[22 19 28  4 20  0  0  0  0  0  0  0]
 [28  9  3 14 21 10 24 26  0  0  0  0]
 [22 15  4  2  0  0  0  0  0  0  0  0]
 [21  8  0  0  0  0  0  0  0  0  0  0]
 [18 24 16  0  0  0  0  0  0  0  0  0]
 [11  0  0  0  0  0  0  0  0  0  0  0]
 [13 17  3  7  0  0  0  0  0  0  0  0]
 [18  0  0  0  0  0  0  0  0  0  0  0]
 [22 24 18  9 19  8  5  4  0  0  0  0]
 [ 4  0  0  0  0  0  0  0  0  0  0  0]]
gen= [[22  4 20 19 28  0  0  0  0  0  0  0]
 [26 14 21  0  0  0  0  0  0  0  0  0]
 [ 2 22  0  0  0  0  0  0  0  0  0  0]
 [ 8 21  0  0  0  0  0  0  0  0  0  0]
 [18 16 24  0  0  0  0  0  0  0  0  0]
 [11  0  0  0  0  0  0  0  0  0  0  0]
 [17  7  3  0  0  0  0  0  0  0  0  0]
 [18  0  0  0  0  0  0  0  0  0  0  0]
 [ 8 22  0  0  0  0  0  0  0  0  0  0]
 [ 4  0  0  0  0  0  0  0  0  0  0  0]]
valid: gen=0.563
reward: norm=0.8922494416937526
[ 30 iterations]
real= [[22 15  8 11  5  1 20  0  0  0  0  0]
 [28  0  0  0  0  0  0  0  0  0  0  0]
 [ 7 21 19 25 28  0  0  0  0  0  0  0]
 [18  0  0  0  0  0  0  0  0  0  0  0]
 [22 24 16  3  1  0  0  0  0  0  0  0]
 [23 16  2  0  0  0  0  0  0  0  0  0]
 [11 20 17 10 18 26  7  0  0  0  0  0]
 [19  9  2  7  0  0  0  0  0  0  0  0]
 [13  0  0  0  0  0  0  0  0  0  0  0]
 [16  4  5  0  0  0  0  0  0  0  0  0]]
gen= [[ 8 22 20 15  0  0  0  0  0  0  0  0]
 [28  0  0  0  0  0  0  0  0  0  0  0]
 [ 7 21 25 28  0  0  0  0  0  0  0  0]
 [18  0  0  0  0  0  0  0  0  0  0  0]
 [22 24  1  3  0  0  0  0  0  0  0  0]
 [23  2  0  0  0  0  0  0  0  0  0  0]
 [26 17  7 18  0  0  0  0  0  0  0  0]
 [ 9  2  7  0  0  0  0  0  0  0  0  0]
 [13  0  0  0  0  0  0  0  0  0  0  0]
 [ 4  5 16  0  0  0  0  0  0  0  0  0]]
valid: gen=0.573
reward: norm=0.8915089118012197
[ 40 iterations]
real= [[23 15  6 24 12 19  8  0  0  0  0  0]
 [20  0  0  0  0  0  0  0  0  0  0  0]
 [ 1 12  0  0  0  0  0  0  0  0  0  0]
 [11 17 21 10  0  0  0  0  0  0  0  0]
 [ 6  0  0  0  0  0  0  0  0  0  0  0]
 [ 6  4  0  0  0  0  0  0  0  0  0  0]
 [27 11  5 20 13 21  3 19  0  0  0  0]
 [13  8  0  0  0  0  0  0  0  0  0  0]
 [27 23  7 22  3  1 20  5 11  0  0  0]
 [11  0  0  0  0  0  0  0  0  0  0  0]]
gen= [[23  8 24 12 15  0  0  0  0  0  0  0]
 [20  0  0  0  0  0  0  0  0  0  0  0]
 [ 1 12  0  0  0  0  0  0  0  0  0  0]
 [17 10 21  0  0  0  0  0  0  0  0  0]
 [ 6  0  0  0  0  0  0  0  0  0  0  0]
 [ 4  6  0  0  0  0  0  0  0  0  0  0]
 [27  3 21  5 20  0  0  0  0  0  0  0]
 [ 8 13  0  0  0  0  0  0  0  0  0  0]
 [ 7 23  0  0  0  0  0  0  0  0  0  0]
 [11  0  0  0  0  0  0  0  0  0  0  0]]
valid: gen=0.592
reward: norm=0.8945556208326114
[ 50 iterations]
real= [[25  8  2  0  0  0  0  0  0  0  0  0]
 [ 7 23 24 16  1  5  0  0  0  0  0  0]
 [25  0  0  0  0  0  0  0  0  0  0  0]
 [ 5 11 28  1 24  3  0  0  0  0  0  0]
 [10 14  9  2 20 27  0  0  0  0  0  0]
 [18  2  0  0  0  0  0  0  0  0  0  0]
 [ 7  5  0  0  0  0  0  0  0  0  0  0]
 [11  2  1  9 12 15  7  0  0  0  0  0]
 [ 1  4 24  0  0  0  0  0  0  0  0  0]
 [ 4  8  2 19 24 23  0  0  0  0  0  0]]
gen= [[ 8 25  2  0  0  0  0  0  0  0  0  0]
 [23  7  5  1 16  0  0  0  0  0  0  0]
 [25  0  0  0  0  0  0  0  0  0  0  0]
 [ 5  3 28  1 11  0  0  0  0  0  0  0]
 [ 9 14 10 27 20  0  0  0  0  0  0  0]
 [18  2  0  0  0  0  0  0  0  0  0  0]
 [ 7  5  0  0  0  0  0  0  0  0  0  0]
 [ 9  7  2  1  0  0  0  0  0  0  0  0]
 [24  1  4  0  0  0  0  0  0  0  0  0]
 [ 8 23 19  2  0  0  0  0  0  0  0  0]]
valid: gen=0.586
reward: norm=0.8923807804367331
[ 60 iterations]
real= [[13  0  0  0  0  0  0  0  0  0  0  0]
 [27 23 22 10 14  3  1 20  5  0  0  0]
 [28 27  0  0  0  0  0  0  0  0  0  0]
 [ 5 26 21 19  0  0  0  0  0  0  0  0]
 [15  3  0  0  0  0  0  0  0  0  0  0]
 [20 19  0  0  0  0  0  0  0  0  0  0]
 [23  2  0  0  0  0  0  0  0  0  0  0]
 [ 7 23 14  2  5 27  0  0  0  0  0  0]
 [24  0  0  0  0  0  0  0  0  0  0  0]
 [ 3 13  0  0  0  0  0  0  0  0  0  0]]
gen= [[13  0  0  0  0  0  0  0  0  0  0  0]
 [23 27 14  0  0  0  0  0  0  0  0  0]
 [27 28  0  0  0  0  0  0  0  0  0  0]
 [26 19  5  0  0  0  0  0  0  0  0  0]
 [15  3  0  0  0  0  0  0  0  0  0  0]
 [19 20  0  0  0  0  0  0  0  0  0  0]
 [23  2  0  0  0  0  0  0  0  0  0  0]
 [14 27 23  0  0  0  0  0  0  0  0  0]
 [24  0  0  0  0  0  0  0  0  0  0  0]
 [13  3  0  0  0  0  0  0  0  0  0  0]]
valid: gen=0.428
reward: norm=0.8773581450284318
[ 70 iterations]
real= [[22 19 28  4 20  0  0  0  0  0  0  0]
 [28  9  3 14 21 10 24 26  0  0  0  0]
 [22 15  4  2  0  0  0  0  0  0  0  0]
 [21  8  0  0  0  0  0  0  0  0  0  0]
 [18 24 16  0  0  0  0  0  0  0  0  0]
 [11  0  0  0  0  0  0  0  0  0  0  0]
 [13 17  3  7  0  0  0  0  0  0  0  0]
 [18  0  0  0  0  0  0  0  0  0  0  0]
 [22 24 18  9 19  8  5  4  0  0  0  0]
 [ 4  0  0  0  0  0  0  0  0  0  0  0]]
gen= [[19 20 28 22  0  0  0  0  0  0  0  0]
 [10 14 26  9  3  0  0  0  0  0  0  0]
 [22 15  2  4  0  0  0  0  0  0  0  0]
 [ 8 21  0  0  0  0  0  0  0  0  0  0]
 [18 24 16  0  0  0  0  0  0  0  0  0]
 [11  0  0  0  0  0  0  0  0  0  0  0]
 [13  7  3  0  0  0  0  0  0  0  0  0]
 [18  0  0  0  0  0  0  0  0  0  0  0]
 [ 8 19  0  0  0  0  0  0  0  0  0  0]
 [ 4  0  0  0  0  0  0  0  0  0  0  0]]
valid: gen=0.604
reward: norm=0.8916185930509782
[ 80 iterations]
real= [[22 15  8 11  5  1 20  0  0  0  0  0]
 [28  0  0  0  0  0  0  0  0  0  0  0]
 [ 7 21 19 25 28  0  0  0  0  0  0  0]
 [18  0  0  0  0  0  0  0  0  0  0  0]
 [22 24 16  3  1  0  0  0  0  0  0  0]
 [23 16  2  0  0  0  0  0  0  0  0  0]
 [11 20 17 10 18 26  7  0  0  0  0  0]
 [19  9  2  7  0  0  0  0  0  0  0  0]
 [13  0  0  0  0  0  0  0  0  0  0  0]
 [16  4  5  0  0  0  0  0  0  0  0  0]]
gen= [[20  5 15 22 11  0  0  0  0  0  0  0]
 [28  0  0  0  0  0  0  0  0  0  0  0]
 [25 19 28  7  0  0  0  0  0  0  0  0]
 [18  0  0  0  0  0  0  0  0  0  0  0]
 [22  3 24  1  0  0  0  0  0  0  0  0]
 [23 16  2  0  0  0  0  0  0  0  0  0]
 [10 20  0  0  0  0  0  0  0  0  0  0]
 [19  2  9  7  0  0  0  0  0  0  0  0]
 [13  0  0  0  0  0  0  0  0  0  0  0]
 [ 5 16  4  0  0  0  0  0  0  0  0  0]]
valid: gen=0.611
reward: norm=0.8966744860087671
[ 90 iterations]
real= [[23 15  6 24 12 19  8  0  0  0  0  0]
 [20  0  0  0  0  0  0  0  0  0  0  0]
 [ 1 12  0  0  0  0  0  0  0  0  0  0]
 [11 17 21 10  0  0  0  0  0  0  0  0]
 [ 6  0  0  0  0  0  0  0  0  0  0  0]
 [ 6  4  0  0  0  0  0  0  0  0  0  0]
 [27 11  5 20 13 21  3 19  0  0  0  0]
 [13  8  0  0  0  0  0  0  0  0  0  0]
 [27 23  7 22  3  1 20  5 11  0  0  0]
 [11  0  0  0  0  0  0  0  0  0  0  0]]
gen= [[ 6 24 15 19 23 12  0  0  0  0  0  0]
 [20  0  0  0  0  0  0  0  0  0  0  0]
 [ 1 12  0  0  0  0  0  0  0  0  0  0]
 [21 11  0  0  0  0  0  0  0  0  0  0]
 [ 6  0  0  0  0  0  0  0  0  0  0  0]
 [ 6  4  0  0  0  0  0  0  0  0  0  0]
 [27 13  3 20 11  5  0  0  0  0  0  0]
 [13  8  0  0  0  0  0  0  0  0  0  0]
 [27 22  3 20 11  5  0  0  0  0  0  0]
 [11  0  0  0  0  0  0  0  0  0  0  0]]
valid: gen=0.573
reward: norm=0.8861484019787346
[ 100 iterations]
real= [[25  8  2  0  0  0  0  0  0  0  0  0]
 [ 7 23 24 16  1  5  0  0  0  0  0  0]
 [25  0  0  0  0  0  0  0  0  0  0  0]
 [ 5 11 28  1 24  3  0  0  0  0  0  0]
 [10 14  9  2 20 27  0  0  0  0  0  0]
 [18  2  0  0  0  0  0  0  0  0  0  0]
 [ 7  5  0  0  0  0  0  0  0  0  0  0]
 [11  2  1  9 12 15  7  0  0  0  0  0]
 [ 1  4 24  0  0  0  0  0  0  0  0  0]
 [ 4  8  2 19 24 23  0  0  0  0  0  0]]
gen= [[25  2  8  0  0  0  0  0  0  0  0  0]
 [24 16  5  0  0  0  0  0  0  0  0  0]
 [25  0  0  0  0  0  0  0  0  0  0  0]
 [24 28  3  1  0  0  0  0  0  0  0  0]
 [27  2 20 14  9  0  0  0  0  0  0  0]
 [ 2 18  0  0  0  0  0  0  0  0  0  0]
 [ 7  5  0  0  0  0  0  0  0  0  0  0]
 [ 2 11 15 12  0  0  0  0  0  0  0  0]
 [24  1  4  0  0  0  0  0  0  0  0  0]
 [ 2 24 19  0  0  0  0  0  0  0  0  0]]
valid: gen=0.601
reward: norm=0.894444085298183
[ 110 iterations]
real= [[13  0  0  0  0  0  0  0  0  0  0  0]
 [27 23 22 10 14  3  1 20  5  0  0  0]
 [28 27  0  0  0  0  0  0  0  0  0  0]
 [ 5 26 21 19  0  0  0  0  0  0  0  0]
 [15  3  0  0  0  0  0  0  0  0  0  0]
 [20 19  0  0  0  0  0  0  0  0  0  0]
 [23  2  0  0  0  0  0  0  0  0  0  0]
 [ 7 23 14  2  5 27  0  0  0  0  0  0]
 [24  0  0  0  0  0  0  0  0  0  0  0]
 [ 3 13  0  0  0  0  0  0  0  0  0  0]]
gen= [[13  0  0  0  0  0  0  0  0  0  0  0]
 [27 22  3  0  0  0  0  0  0  0  0  0]
 [27 28  0  0  0  0  0  0  0  0  0  0]
 [21 26 19  0  0  0  0  0  0  0  0  0]
 [ 3 15  0  0  0  0  0  0  0  0  0  0]
 [20 19  0  0  0  0  0  0  0  0  0  0]
 [ 2 23  0  0  0  0  0  0  0  0  0  0]
 [27  2  5  0  0  0  0  0  0  0  0  0]
 [24  0  0  0  0  0  0  0  0  0  0  0]
 [13  3  0  0  0  0  0  0  0  0  0  0]]
valid: gen=0.447
reward: norm=0.8794559162044491
[ 120 iterations]
real= [[22 19 28  4 20  0  0  0  0  0  0  0]
 [28  9  3 14 21 10 24 26  0  0  0  0]
 [22 15  4  2  0  0  0  0  0  0  0  0]
 [21  8  0  0  0  0  0  0  0  0  0  0]
 [18 24 16  0  0  0  0  0  0  0  0  0]
 [11  0  0  0  0  0  0  0  0  0  0  0]
 [13 17  3  7  0  0  0  0  0  0  0  0]
 [18  0  0  0  0  0  0  0  0  0  0  0]
 [22 24 18  9 19  8  5  4  0  0  0  0]
 [ 4  0  0  0  0  0  0  0  0  0  0  0]]
gen= [[28 22 20  4  0  0  0  0  0  0  0  0]
 [28 21  3 26  0  0  0  0  0  0  0  0]
 [ 2 22 15  0  0  0  0  0  0  0  0  0]
 [21  8  0  0  0  0  0  0  0  0  0  0]
 [16 24 18  0  0  0  0  0  0  0  0  0]
 [11  0  0  0  0  0  0  0  0  0  0  0]
 [13  3  7  0  0  0  0  0  0  0  0  0]
 [18  0  0  0  0  0  0  0  0  0  0  0]
 [22 24  8  5  4  0  0  0  0  0  0  0]
 [ 4  0  0  0  0  0  0  0  0  0  0  0]]
valid: gen=0.591
reward: norm=0.8934818227708371
[ 130 iterations]
real= [[22 15  8 11  5  1 20  0  0  0  0  0]
 [28  0  0  0  0  0  0  0  0  0  0  0]
 [ 7 21 19 25 28  0  0  0  0  0  0  0]
 [18  0  0  0  0  0  0  0  0  0  0  0]
 [22 24 16  3  1  0  0  0  0  0  0  0]
 [23 16  2  0  0  0  0  0  0  0  0  0]
 [11 20 17 10 18 26  7  0  0  0  0  0]
 [19  9  2  7  0  0  0  0  0  0  0  0]
 [13  0  0  0  0  0  0  0  0  0  0  0]
 [16  4  5  0  0  0  0  0  0  0  0  0]]
gen= [[22 15 11 20  5  0  0  0  0  0  0  0]
 [28  0  0  0  0  0  0  0  0  0  0  0]
 [28 25 19 21  7  0  0  0  0  0  0  0]
 [18  0  0  0  0  0  0  0  0  0  0  0]
 [16 22  0  0  0  0  0  0  0  0  0  0]
 [ 2 16 23  0  0  0  0  0  0  0  0  0]
 [11 26 20 18  7  0  0  0  0  0  0  0]
 [ 2 19  7  0  0  0  0  0  0  0  0  0]
 [13  0  0  0  0  0  0  0  0  0  0  0]
 [16  5  4  0  0  0  0  0  0  0  0  0]]
valid: gen=0.596
reward: norm=0.8921474707358937
[ 140 iterations]
real= [[23 15  6 24 12 19  8  0  0  0  0  0]
 [20  0  0  0  0  0  0  0  0  0  0  0]
 [ 1 12  0  0  0  0  0  0  0  0  0  0]
 [11 17 21 10  0  0  0  0  0  0  0  0]
 [ 6  0  0  0  0  0  0  0  0  0  0  0]
 [ 6  4  0  0  0  0  0  0  0  0  0  0]
 [27 11  5 20 13 21  3 19  0  0  0  0]
 [13  8  0  0  0  0  0  0  0  0  0  0]
 [27 23  7 22  3  1 20  5 11  0  0  0]
 [11  0  0  0  0  0  0  0  0  0  0  0]]
gen= [[ 6 24 15 19 12 23  0  0  0  0  0  0]
 [20  0  0  0  0  0  0  0  0  0  0  0]
 [12  1  0  0  0  0  0  0  0  0  0  0]
 [21 11  0  0  0  0  0  0  0  0  0  0]
 [ 6  0  0  0  0  0  0  0  0  0  0  0]
 [ 6  4  0  0  0  0  0  0  0  0  0  0]
 [27 21 13  3 20 11  5  0  0  0  0  0]
 [13  8  0  0  0  0  0  0  0  0  0  0]
 [27  3 22 20  5  0  0  0  0  0  0  0]
 [11  0  0  0  0  0  0  0  0  0  0  0]]
valid: gen=0.568
reward: norm=0.8900353969343284
[ 150 iterations]
real= [[25  8  2  0  0  0  0  0  0  0  0  0]
 [ 7 23 24 16  1  5  0  0  0  0  0  0]
 [25  0  0  0  0  0  0  0  0  0  0  0]
 [ 5 11 28  1 24  3  0  0  0  0  0  0]
 [10 14  9  2 20 27  0  0  0  0  0  0]
 [18  2  0  0  0  0  0  0  0  0  0  0]
 [ 7  5  0  0  0  0  0  0  0  0  0  0]
 [11  2  1  9 12 15  7  0  0  0  0  0]
 [ 1  4 24  0  0  0  0  0  0  0  0  0]
 [ 4  8  2 19 24 23  0  0  0  0  0  0]]
gen= [[25  2  8  0  0  0  0  0  0  0  0  0]
 [24 16  5  0  0  0  0  0  0  0  0  0]
 [25  0  0  0  0  0  0  0  0  0  0  0]
 [28 24  3  5  0  0  0  0  0  0  0  0]
 [27  2 20 14  9  0  0  0  0  0  0  0]
 [ 2 18  0  0  0  0  0  0  0  0  0  0]
 [ 5  7  0  0  0  0  0  0  0  0  0  0]
 [15  2 11  7  0  0  0  0  0  0  0  0]
 [24  1  4  0  0  0  0  0  0  0  0  0]
 [24  2 19  0  0  0  0  0  0  0  0  0]]
valid: gen=0.593
reward: norm=0.8895731019750854
[ 160 iterations]
real= [[13  0  0  0  0  0  0  0  0  0  0  0]
 [27 23 22 10 14  3  1 20  5  0  0  0]
 [28 27  0  0  0  0  0  0  0  0  0  0]
 [ 5 26 21 19  0  0  0  0  0  0  0  0]
 [15  3  0  0  0  0  0  0  0  0  0  0]
 [20 19  0  0  0  0  0  0  0  0  0  0]
 [23  2  0  0  0  0  0  0  0  0  0  0]
 [ 7 23 14  2  5 27  0  0  0  0  0  0]
 [24  0  0  0  0  0  0  0  0  0  0  0]
 [ 3 13  0  0  0  0  0  0  0  0  0  0]]
gen= [[13  0  0  0  0  0  0  0  0  0  0  0]
 [27 22  3  0  0  0  0  0  0  0  0  0]
 [27 28  0  0  0  0  0  0  0  0  0  0]
 [21 26 19  0  0  0  0  0  0  0  0  0]
 [15  3  0  0  0  0  0  0  0  0  0  0]
 [20 19  0  0  0  0  0  0  0  0  0  0]
 [ 2 23  0  0  0  0  0  0  0  0  0  0]
 [27  2 14  0  0  0  0  0  0  0  0  0]
 [24  0  0  0  0  0  0  0  0  0  0  0]
 [13  3  0  0  0  0  0  0  0  0  0  0]]
valid: gen=0.447
reward: norm=0.87502140471107
[ 170 iterations]
real= [[22 19 28  4 20  0  0  0  0  0  0  0]
 [28  9  3 14 21 10 24 26  0  0  0  0]
 [22 15  4  2  0  0  0  0  0  0  0  0]
 [21  8  0  0  0  0  0  0  0  0  0  0]
 [18 24 16  0  0  0  0  0  0  0  0  0]
 [11  0  0  0  0  0  0  0  0  0  0  0]
 [13 17  3  7  0  0  0  0  0  0  0  0]
 [18  0  0  0  0  0  0  0  0  0  0  0]
 [22 24 18  9 19  8  5  4  0  0  0  0]
 [ 4  0  0  0  0  0  0  0  0  0  0  0]]
gen= [[28 22 20 19  0  0  0  0  0  0  0  0]
 [28 21 24 26  0  0  0  0  0  0  0  0]
 [22  2  4  0  0  0  0  0  0  0  0  0]
 [21  8  0  0  0  0  0  0  0  0  0  0]
 [24 16 18  0  0  0  0  0  0  0  0  0]
 [11  0  0  0  0  0  0  0  0  0  0  0]
 [13  3 17  0  0  0  0  0  0  0  0  0]
 [18  0  0  0  0  0  0  0  0  0  0  0]
 [22 24 19  5  4  8  0  0  0  0  0  0]
 [ 4  0  0  0  0  0  0  0  0  0  0  0]]
valid: gen=0.607
reward: norm=0.8990484727783085
[ 180 iterations]
real= [[22 15  8 11  5  1 20  0  0  0  0  0]
 [28  0  0  0  0  0  0  0  0  0  0  0]
 [ 7 21 19 25 28  0  0  0  0  0  0  0]
 [18  0  0  0  0  0  0  0  0  0  0  0]
 [22 24 16  3  1  0  0  0  0  0  0  0]
 [23 16  2  0  0  0  0  0  0  0  0  0]
 [11 20 17 10 18 26  7  0  0  0  0  0]
 [19  9  2  7  0  0  0  0  0  0  0  0]
 [13  0  0  0  0  0  0  0  0  0  0  0]
 [16  4  5  0  0  0  0  0  0  0  0  0]]
gen= [[22 15 20 11  1  5  0  0  0  0  0  0]
 [28  0  0  0  0  0  0  0  0  0  0  0]
 [25 28 19 21  7  0  0  0  0  0  0  0]
 [18  0  0  0  0  0  0  0  0  0  0  0]
 [22 24 16  3  1  0  0  0  0  0  0  0]
 [16  2  0  0  0  0  0  0  0  0  0  0]
 [26 20 11 18  7  0  0  0  0  0  0  0]
 [ 2 19  9  7  0  0  0  0  0  0  0  0]
 [13  0  0  0  0  0  0  0  0  0  0  0]
 [16  4  5  0  0  0  0  0  0  0  0  0]]
valid: gen=0.604
reward: norm=0.8939130953130868
[ 190 iterations]
real= [[23 15  6 24 12 19  8  0  0  0  0  0]
 [20  0  0  0  0  0  0  0  0  0  0  0]
 [ 1 12  0  0  0  0  0  0  0  0  0  0]
 [11 17 21 10  0  0  0  0  0  0  0  0]
 [ 6  0  0  0  0  0  0  0  0  0  0  0]
 [ 6  4  0  0  0  0  0  0  0  0  0  0]
 [27 11  5 20 13 21  3 19  0  0  0  0]
 [13  8  0  0  0  0  0  0  0  0  0  0]
 [27 23  7 22  3  1 20  5 11  0  0  0]
 [11  0  0  0  0  0  0  0  0  0  0  0]]
gen= [[ 6 24 15 23 19 12  0  0  0  0  0  0]
 [20  0  0  0  0  0  0  0  0  0  0  0]
 [ 1 12  0  0  0  0  0  0  0  0  0  0]
 [21 11  0  0  0  0  0  0  0  0  0  0]
 [ 6  0  0  0  0  0  0  0  0  0  0  0]
 [ 6  4  0  0  0  0  0  0  0  0  0  0]
 [27 21 13  3 20 11  5  0  0  0  0  0]
 [13  8  0  0  0  0  0  0  0  0  0  0]
 [27 22  3 23 20 11  5  0  0  0  0  0]
 [11  0  0  0  0  0  0  0  0  0  0  0]]
valid: gen=0.586
reward: norm=0.8943404052060864
[ 200 iterations]
real= [[25  8  2  0  0  0  0  0  0  0  0  0]
 [ 7 23 24 16  1  5  0  0  0  0  0  0]
 [25  0  0  0  0  0  0  0  0  0  0  0]
 [ 5 11 28  1 24  3  0  0  0  0  0  0]
 [10 14  9  2 20 27  0  0  0  0  0  0]
 [18  2  0  0  0  0  0  0  0  0  0  0]
 [ 7  5  0  0  0  0  0  0  0  0  0  0]
 [11  2  1  9 12 15  7  0  0  0  0  0]
 [ 1  4 24  0  0  0  0  0  0  0  0  0]
 [ 4  8  2 19 24 23  0  0  0  0  0  0]]
gen= [[25  2  8  0  0  0  0  0  0  0  0  0]
 [24 16 23  1  0  0  0  0  0  0  0  0]
 [25  0  0  0  0  0  0  0  0  0  0  0]
 [28 24  3  1  5  0  0  0  0  0  0  0]
 [27  2 20 14  9  0  0  0  0  0  0  0]
 [ 2 18  0  0  0  0  0  0  0  0  0  0]
 [ 5  7  0  0  0  0  0  0  0  0  0  0]
 [ 2 15 11  0  0  0  0  0  0  0  0  0]
 [24  4  1  0  0  0  0  0  0  0  0  0]
 [24  2 23  0  0  0  0  0  0  0  0  0]]
valid: gen=0.595
reward: norm=0.8971811791579829
[ 210 iterations]
real= [[13  0  0  0  0  0  0  0  0  0  0  0]
 [27 23 22 10 14  3  1 20  5  0  0  0]
 [28 27  0  0  0  0  0  0  0  0  0  0]
 [ 5 26 21 19  0  0  0  0  0  0  0  0]
 [15  3  0  0  0  0  0  0  0  0  0  0]
 [20 19  0  0  0  0  0  0  0  0  0  0]
 [23  2  0  0  0  0  0  0  0  0  0  0]
 [ 7 23 14  2  5 27  0  0  0  0  0  0]
 [24  0  0  0  0  0  0  0  0  0  0  0]
 [ 3 13  0  0  0  0  0  0  0  0  0  0]]
gen= [[13  0  0  0  0  0  0  0  0  0  0  0]
 [27 22 23  0  0  0  0  0  0  0  0  0]
 [27 28  0  0  0  0  0  0  0  0  0  0]
 [21 26 19  0  0  0  0  0  0  0  0  0]
 [15  3  0  0  0  0  0  0  0  0  0  0]
 [20 19  0  0  0  0  0  0  0  0  0  0]
 [ 2 23  0  0  0  0  0  0  0  0  0  0]
 [27  2 23  0  0  0  0  0  0  0  0  0]
 [24  0  0  0  0  0  0  0  0  0  0  0]
 [13  3  0  0  0  0  0  0  0  0  0  0]]
valid: gen=0.448
reward: norm=0.8823848423790147
[ 220 iterations]
real= [[22 19 28  4 20  0  0  0  0  0  0  0]
 [28  9  3 14 21 10 24 26  0  0  0  0]
 [22 15  4  2  0  0  0  0  0  0  0  0]
 [21  8  0  0  0  0  0  0  0  0  0  0]
 [18 24 16  0  0  0  0  0  0  0  0  0]
 [11  0  0  0  0  0  0  0  0  0  0  0]
 [13 17  3  7  0  0  0  0  0  0  0  0]
 [18  0  0  0  0  0  0  0  0  0  0  0]
 [22 24 18  9 19  8  5  4  0  0  0  0]
 [ 4  0  0  0  0  0  0  0  0  0  0  0]]
gen= [[28 22 20 19  0  0  0  0  0  0  0  0]
 [28 21 26  0  0  0  0  0  0  0  0  0]
 [22  2  4  0  0  0  0  0  0  0  0  0]
 [21  8  0  0  0  0  0  0  0  0  0  0]
 [16 24 18  0  0  0  0  0  0  0  0  0]
 [11  0  0  0  0  0  0  0  0  0  0  0]
 [13  3 17  0  0  0  0  0  0  0  0  0]
 [18  0  0  0  0  0  0  0  0  0  0  0]
 [22 24 19 18  9  0  0  0  0  0  0  0]
 [ 4  0  0  0  0  0  0  0  0  0  0  0]]
valid: gen=0.625
reward: norm=0.8932299129390888
[ 230 iterations]
real= [[22 15  8 11  5  1 20  0  0  0  0  0]
 [28  0  0  0  0  0  0  0  0  0  0  0]
 [ 7 21 19 25 28  0  0  0  0  0  0  0]
 [18  0  0  0  0  0  0  0  0  0  0  0]
 [22 24 16  3  1  0  0  0  0  0  0  0]
 [23 16  2  0  0  0  0  0  0  0  0  0]
 [11 20 17 10 18 26  7  0  0  0  0  0]
 [19  9  2  7  0  0  0  0  0  0  0  0]
 [13  0  0  0  0  0  0  0  0  0  0  0]
 [16  4  5  0  0  0  0  0  0  0  0  0]]
gen= [[22 15 20  8 11  1  0  0  0  0  0  0]
 [28  0  0  0  0  0  0  0  0  0  0  0]
 [28 21 19  0  0  0  0  0  0  0  0  0]
 [18  0  0  0  0  0  0  0  0  0  0  0]
 [22 16 24  0  0  0  0  0  0  0  0  0]
 [16  2  0  0  0  0  0  0  0  0  0  0]
 [26 10 20 18  7  0  0  0  0  0  0  0]
 [ 2 19  9  7  0  0  0  0  0  0  0  0]
 [13  0  0  0  0  0  0  0  0  0  0  0]
 [16  5  4  0  0  0  0  0  0  0  0  0]]
valid: gen=0.625
reward: norm=0.889388337805904
[ 240 iterations]
real= [[23 15  6 24 12 19  8  0  0  0  0  0]
 [20  0  0  0  0  0  0  0  0  0  0  0]
 [ 1 12  0  0  0  0  0  0  0  0  0  0]
 [11 17 21 10  0  0  0  0  0  0  0  0]
 [ 6  0  0  0  0  0  0  0  0  0  0  0]
 [ 6  4  0  0  0  0  0  0  0  0  0  0]
 [27 11  5 20 13 21  3 19  0  0  0  0]
 [13  8  0  0  0  0  0  0  0  0  0  0]
 [27 23  7 22  3  1 20  5 11  0  0  0]
 [11  0  0  0  0  0  0  0  0  0  0  0]]
gen= [[ 6 24 23 15 19 12  0  0  0  0  0  0]
 [20  0  0  0  0  0  0  0  0  0  0  0]
 [12  1  0  0  0  0  0  0  0  0  0  0]
 [21 10 17  0  0  0  0  0  0  0  0  0]
 [ 6  0  0  0  0  0  0  0  0  0  0  0]
 [ 6  4  0  0  0  0  0  0  0  0  0  0]
 [27 21 13 20 19  0  0  0  0  0  0  0]
 [13  8  0  0  0  0  0  0  0  0  0  0]
 [27 22 23 20  3 11  5  0  0  0  0  0]
 [11  0  0  0  0  0  0  0  0  0  0  0]]
valid: gen=0.632
reward: norm=0.8859127133996986
[ 250 iterations]
real= [[25  8  2  0  0  0  0  0  0  0  0  0]
 [ 7 23 24 16  1  5  0  0  0  0  0  0]
 [25  0  0  0  0  0  0  0  0  0  0  0]
 [ 5 11 28  1 24  3  0  0  0  0  0  0]
 [10 14  9  2 20 27  0  0  0  0  0  0]
 [18  2  0  0  0  0  0  0  0  0  0  0]
 [ 7  5  0  0  0  0  0  0  0  0  0  0]
 [11  2  1  9 12 15  7  0  0  0  0  0]
 [ 1  4 24  0  0  0  0  0  0  0  0  0]
 [ 4  8  2 19 24 23  0  0  0  0  0  0]]
gen= [[ 2 25  8  0  0  0  0  0  0  0  0  0]
 [16 23  7  1  0  0  0  0  0  0  0  0]
 [25  0  0  0  0  0  0  0  0  0  0  0]
 [28 24  3  1  5  0  0  0  0  0  0  0]
 [27  2  0  0  0  0  0  0  0  0  0  0]
 [ 2 18  0  0  0  0  0  0  0  0  0  0]
 [ 7  5  0  0  0  0  0  0  0  0  0  0]
 [ 2 15 12  9  1  0  0  0  0  0  0  0]
 [24  4  1  0  0  0  0  0  0  0  0  0]
 [ 2 23 24  0  0  0  0  0  0  0  0  0]]
valid: gen=0.58
reward: norm=0.8850928094810204
[ 260 iterations]
real= [[13  0  0  0  0  0  0  0  0  0  0  0]
 [27 23 22 10 14  3  1 20  5  0  0  0]
 [28 27  0  0  0  0  0  0  0  0  0  0]
 [ 5 26 21 19  0  0  0  0  0  0  0  0]
 [15  3  0  0  0  0  0  0  0  0  0  0]
 [20 19  0  0  0  0  0  0  0  0  0  0]
 [23  2  0  0  0  0  0  0  0  0  0  0]
 [ 7 23 14  2  5 27  0  0  0  0  0  0]
 [24  0  0  0  0  0  0  0  0  0  0  0]
 [ 3 13  0  0  0  0  0  0  0  0  0  0]]
gen= [[13  0  0  0  0  0  0  0  0  0  0  0]
 [27 22 23  0  0  0  0  0  0  0  0  0]
 [27 28  0  0  0  0  0  0  0  0  0  0]
 [26 21 19  0  0  0  0  0  0  0  0  0]
 [15  3  0  0  0  0  0  0  0  0  0  0]
 [20 19  0  0  0  0  0  0  0  0  0  0]
 [ 2 23  0  0  0  0  0  0  0  0  0  0]
 [27  2 23  0  0  0  0  0  0  0  0  0]
 [24  0  0  0  0  0  0  0  0  0  0  0]
 [13  3  0  0  0  0  0  0  0  0  0  0]]
valid: gen=0.448
reward: norm=0.8695776952182432
[ 270 iterations]
real= [[22 19 28  4 20  0  0  0  0  0  0  0]
 [28  9  3 14 21 10 24 26  0  0  0  0]
 [22 15  4  2  0  0  0  0  0  0  0  0]
 [21  8  0  0  0  0  0  0  0  0  0  0]
 [18 24 16  0  0  0  0  0  0  0  0  0]
 [11  0  0  0  0  0  0  0  0  0  0  0]
 [13 17  3  7  0  0  0  0  0  0  0  0]
 [18  0  0  0  0  0  0  0  0  0  0  0]
 [22 24 18  9 19  8  5  4  0  0  0  0]
 [ 4  0  0  0  0  0  0  0  0  0  0  0]]
gen= [[28 22 20 19  0  0  0  0  0  0  0  0]
 [28 26 10  0  0  0  0  0  0  0  0  0]
 [ 2 22 15  0  0  0  0  0  0  0  0  0]
 [21  8  0  0  0  0  0  0  0  0  0  0]
 [16 24 18  0  0  0  0  0  0  0  0  0]
 [11  0  0  0  0  0  0  0  0  0  0  0]
 [13  3 17  0  0  0  0  0  0  0  0  0]
 [18  0  0  0  0  0  0  0  0  0  0  0]
 [22 24 18 19  9  8  0  0  0  0  0  0]
 [ 4  0  0  0  0  0  0  0  0  0  0  0]]
valid: gen=0.642
reward: norm=0.8903526211955519
[ 280 iterations]
real= [[22 15  8 11  5  1 20  0  0  0  0  0]
 [28  0  0  0  0  0  0  0  0  0  0  0]
 [ 7 21 19 25 28  0  0  0  0  0  0  0]
 [18  0  0  0  0  0  0  0  0  0  0  0]
 [22 24 16  3  1  0  0  0  0  0  0  0]
 [23 16  2  0  0  0  0  0  0  0  0  0]
 [11 20 17 10 18 26  7  0  0  0  0  0]
 [19  9  2  7  0  0  0  0  0  0  0  0]
 [13  0  0  0  0  0  0  0  0  0  0  0]
 [16  4  5  0  0  0  0  0  0  0  0  0]]
gen= [[22 15 20  8  1  5  0  0  0  0  0  0]
 [28  0  0  0  0  0  0  0  0  0  0  0]
 [28 21 19  0  0  0  0  0  0  0  0  0]
 [18  0  0  0  0  0  0  0  0  0  0  0]
 [16 22  0  0  0  0  0  0  0  0  0  0]
 [16  2  0  0  0  0  0  0  0  0  0  0]
 [26 10 18 20  0  0  0  0  0  0  0  0]
 [ 2 19  9  7  0  0  0  0  0  0  0  0]
 [13  0  0  0  0  0  0  0  0  0  0  0]
 [16  5  4  0  0  0  0  0  0  0  0  0]]
valid: gen=0.64
reward: norm=0.8880491600488416
[ 290 iterations]
real= [[23 15  6 24 12 19  8  0  0  0  0  0]
 [20  0  0  0  0  0  0  0  0  0  0  0]
 [ 1 12  0  0  0  0  0  0  0  0  0  0]
 [11 17 21 10  0  0  0  0  0  0  0  0]
 [ 6  0  0  0  0  0  0  0  0  0  0  0]
 [ 6  4  0  0  0  0  0  0  0  0  0  0]
 [27 11  5 20 13 21  3 19  0  0  0  0]
 [13  8  0  0  0  0  0  0  0  0  0  0]
 [27 23  7 22  3  1 20  5 11  0  0  0]
 [11  0  0  0  0  0  0  0  0  0  0  0]]
gen= [[ 6 23 24 15 12  0  0  0  0  0  0  0]
 [20  0  0  0  0  0  0  0  0  0  0  0]
 [12  1  0  0  0  0  0  0  0  0  0  0]
 [21 10 17  0  0  0  0  0  0  0  0  0]
 [ 6  0  0  0  0  0  0  0  0  0  0  0]
 [ 6  4  0  0  0  0  0  0  0  0  0  0]
 [27 21 13 20 19  0  0  0  0  0  0  0]
 [13  8  0  0  0  0  0  0  0  0  0  0]
 [27 22 23  0  0  0  0  0  0  0  0  0]
 [11  0  0  0  0  0  0  0  0  0  0  0]]
valid: gen=0.65
reward: norm=0.8870208761562652
[ 300 iterations]
real= [[25  8  2  0  0  0  0  0  0  0  0  0]
 [ 7 23 24 16  1  5  0  0  0  0  0  0]
 [25  0  0  0  0  0  0  0  0  0  0  0]
 [ 5 11 28  1 24  3  0  0  0  0  0  0]
 [10 14  9  2 20 27  0  0  0  0  0  0]
 [18  2  0  0  0  0  0  0  0  0  0  0]
 [ 7  5  0  0  0  0  0  0  0  0  0  0]
 [11  2  1  9 12 15  7  0  0  0  0  0]
 [ 1  4 24  0  0  0  0  0  0  0  0  0]
 [ 4  8  2 19 24 23  0  0  0  0  0  0]]
gen= [[ 2 25  8  0  0  0  0  0  0  0  0  0]
 [16 23  1  5  0  0  0  0  0  0  0  0]
 [25  0  0  0  0  0  0  0  0  0  0  0]
 [28 24  3  1  5  0  0  0  0  0  0  0]
 [27  2  0  0  0  0  0  0  0  0  0  0]
 [ 2 18  0  0  0  0  0  0  0  0  0  0]
 [ 5  7  0  0  0  0  0  0  0  0  0  0]
 [ 2 15 12  1  9  0  0  0  0  0  0  0]
 [24  1  4  0  0  0  0  0  0  0  0  0]
 [ 2 23 24  0  0  0  0  0  0  0  0  0]]
valid: gen=0.585
reward: norm=0.8855312134867223
[ 310 iterations]
real= [[13  0  0  0  0  0  0  0  0  0  0  0]
 [27 23 22 10 14  3  1 20  5  0  0  0]
 [28 27  0  0  0  0  0  0  0  0  0  0]
 [ 5 26 21 19  0  0  0  0  0  0  0  0]
 [15  3  0  0  0  0  0  0  0  0  0  0]
 [20 19  0  0  0  0  0  0  0  0  0  0]
 [23  2  0  0  0  0  0  0  0  0  0  0]
 [ 7 23 14  2  5 27  0  0  0  0  0  0]
 [24  0  0  0  0  0  0  0  0  0  0  0]
 [ 3 13  0  0  0  0  0  0  0  0  0  0]]
gen= [[13  0  0  0  0  0  0  0  0  0  0  0]
 [27 22 23  0  0  0  0  0  0  0  0  0]
 [27 28  0  0  0  0  0  0  0  0  0  0]
 [26 21 19  0  0  0  0  0  0  0  0  0]
 [15  3  0  0  0  0  0  0  0  0  0  0]
 [20 19  0  0  0  0  0  0  0  0  0  0]
 [ 2 23  0  0  0  0  0  0  0  0  0  0]
 [27  2 23  0  0  0  0  0  0  0  0  0]
 [24  0  0  0  0  0  0  0  0  0  0  0]
 [13  3  0  0  0  0  0  0  0  0  0  0]]
valid: gen=0.448
reward: norm=0.8695357622668743
[ 320 iterations]
real= [[22 19 28  4 20  0  0  0  0  0  0  0]
 [28  9  3 14 21 10 24 26  0  0  0  0]
 [22 15  4  2  0  0  0  0  0  0  0  0]
 [21  8  0  0  0  0  0  0  0  0  0  0]
 [18 24 16  0  0  0  0  0  0  0  0  0]
 [11  0  0  0  0  0  0  0  0  0  0  0]
 [13 17  3  7  0  0  0  0  0  0  0  0]
 [18  0  0  0  0  0  0  0  0  0  0  0]
 [22 24 18  9 19  8  5  4  0  0  0  0]
 [ 4  0  0  0  0  0  0  0  0  0  0  0]]
gen= [[28 22 20 19  0  0  0  0  0  0  0  0]
 [28 26 10  0  0  0  0  0  0  0  0  0]
 [ 2 22 15  0  0  0  0  0  0  0  0  0]
 [21  8  0  0  0  0  0  0  0  0  0  0]
 [16 24 18  0  0  0  0  0  0  0  0  0]
 [11  0  0  0  0  0  0  0  0  0  0  0]
 [13 17  3  7  0  0  0  0  0  0  0  0]
 [18  0  0  0  0  0  0  0  0  0  0  0]
 [22 24 18 19  9  5  0  0  0  0  0  0]
 [ 4  0  0  0  0  0  0  0  0  0  0  0]]
valid: gen=0.646
reward: norm=0.8916791014351256
[ 330 iterations]
real= [[22 15  8 11  5  1 20  0  0  0  0  0]
 [28  0  0  0  0  0  0  0  0  0  0  0]
 [ 7 21 19 25 28  0  0  0  0  0  0  0]
 [18  0  0  0  0  0  0  0  0  0  0  0]
 [22 24 16  3  1  0  0  0  0  0  0  0]
 [23 16  2  0  0  0  0  0  0  0  0  0]
 [11 20 17 10 18 26  7  0  0  0  0  0]
 [19  9  2  7  0  0  0  0  0  0  0  0]
 [13  0  0  0  0  0  0  0  0  0  0  0]
 [16  4  5  0  0  0  0  0  0  0  0  0]]
gen= [[22 15 20  8  1  5  0  0  0  0  0  0]
 [28  0  0  0  0  0  0  0  0  0  0  0]
 [28 25 19 21  7  0  0  0  0  0  0  0]
 [18  0  0  0  0  0  0  0  0  0  0  0]
 [16 22  0  0  0  0  0  0  0  0  0  0]
 [ 2 16 23  0  0  0  0  0  0  0  0  0]
 [26 10 18 20  0  0  0  0  0  0  0  0]
 [ 2 19  9  7  0  0  0  0  0  0  0  0]
 [13  0  0  0  0  0  0  0  0  0  0  0]
 [16  4  5  0  0  0  0  0  0  0  0  0]]
valid: gen=0.637
reward: norm=0.8866457575007867
[ 340 iterations]
real= [[23 15  6 24 12 19  8  0  0  0  0  0]
 [20  0  0  0  0  0  0  0  0  0  0  0]
 [ 1 12  0  0  0  0  0  0  0  0  0  0]
 [11 17 21 10  0  0  0  0  0  0  0  0]
 [ 6  0  0  0  0  0  0  0  0  0  0  0]
 [ 6  4  0  0  0  0  0  0  0  0  0  0]
 [27 11  5 20 13 21  3 19  0  0  0  0]
 [13  8  0  0  0  0  0  0  0  0  0  0]
 [27 23  7 22  3  1 20  5 11  0  0  0]
 [11  0  0  0  0  0  0  0  0  0  0  0]]
gen= [[ 6 23 24 15 12  0  0  0  0  0  0  0]
 [20  0  0  0  0  0  0  0  0  0  0  0]
 [12  1  0  0  0  0  0  0  0  0  0  0]
 [21 10 17  0  0  0  0  0  0  0  0  0]
 [ 6  0  0  0  0  0  0  0  0  0  0  0]
 [ 6  4  0  0  0  0  0  0  0  0  0  0]
 [27 21 13 20 19  0  0  0  0  0  0  0]
 [13  8  0  0  0  0  0  0  0  0  0  0]
 [27 23 22 20  3  7  0  0  0  0  0  0]
 [11  0  0  0  0  0  0  0  0  0  0  0]]
valid: gen=0.652
reward: norm=0.8859701598334424
[ 350 iterations]
real= [[25  8  2  0  0  0  0  0  0  0  0  0]
 [ 7 23 24 16  1  5  0  0  0  0  0  0]
 [25  0  0  0  0  0  0  0  0  0  0  0]
 [ 5 11 28  1 24  3  0  0  0  0  0  0]
 [10 14  9  2 20 27  0  0  0  0  0  0]
 [18  2  0  0  0  0  0  0  0  0  0  0]
 [ 7  5  0  0  0  0  0  0  0  0  0  0]
 [11  2  1  9 12 15  7  0  0  0  0  0]
 [ 1  4 24  0  0  0  0  0  0  0  0  0]
 [ 4  8  2 19 24 23  0  0  0  0  0  0]]
gen= [[ 2 25  8  0  0  0  0  0  0  0  0  0]
 [16 23  1  5  0  0  0  0  0  0  0  0]
 [25  0  0  0  0  0  0  0  0  0  0  0]
 [28 24  3  1  5  0  0  0  0  0  0  0]
 [27  2  0  0  0  0  0  0  0  0  0  0]
 [ 2 18  0  0  0  0  0  0  0  0  0  0]
 [ 5  7  0  0  0  0  0  0  0  0  0  0]
 [ 2 15  1 12  0  0  0  0  0  0  0  0]
 [24  4  1  0  0  0  0  0  0  0  0  0]
 [ 2 23 24  0  0  0  0  0  0  0  0  0]]
valid: gen=0.582
reward: norm=0.8864278761058956
[ 360 iterations]
real= [[13  0  0  0  0  0  0  0  0  0  0  0]
 [27 23 22 10 14  3  1 20  5  0  0  0]
 [28 27  0  0  0  0  0  0  0  0  0  0]
 [ 5 26 21 19  0  0  0  0  0  0  0  0]
 [15  3  0  0  0  0  0  0  0  0  0  0]
 [20 19  0  0  0  0  0  0  0  0  0  0]
 [23  2  0  0  0  0  0  0  0  0  0  0]
 [ 7 23 14  2  5 27  0  0  0  0  0  0]
 [24  0  0  0  0  0  0  0  0  0  0  0]
 [ 3 13  0  0  0  0  0  0  0  0  0  0]]
gen= [[13  0  0  0  0  0  0  0  0  0  0  0]
 [27 23 22  0  0  0  0  0  0  0  0  0]
 [27 28  0  0  0  0  0  0  0  0  0  0]
 [26 21 19  0  0  0  0  0  0  0  0  0]
 [15  3  0  0  0  0  0  0  0  0  0  0]
 [20 19  0  0  0  0  0  0  0  0  0  0]
 [ 2 23  0  0  0  0  0  0  0  0  0  0]
 [27  2 23  0  0  0  0  0  0  0  0  0]
 [24  0  0  0  0  0  0  0  0  0  0  0]
 [13  3  0  0  0  0  0  0  0  0  0  0]]
valid: gen=0.448
reward: norm=0.8719991352592973
[ 370 iterations]
real= [[22 19 28  4 20  0  0  0  0  0  0  0]
 [28  9  3 14 21 10 24 26  0  0  0  0]
 [22 15  4  2  0  0  0  0  0  0  0  0]
 [21  8  0  0  0  0  0  0  0  0  0  0]
 [18 24 16  0  0  0  0  0  0  0  0  0]
 [11  0  0  0  0  0  0  0  0  0  0  0]
 [13 17  3  7  0  0  0  0  0  0  0  0]
 [18  0  0  0  0  0  0  0  0  0  0  0]
 [22 24 18  9 19  8  5  4  0  0  0  0]
 [ 4  0  0  0  0  0  0  0  0  0  0  0]]
gen= [[28 22 19 20  0  0  0  0  0  0  0  0]
 [28 26 24 10 14  3  0  0  0  0  0  0]
 [ 2 22 15  0  0  0  0  0  0  0  0  0]
 [21  8  0  0  0  0  0  0  0  0  0  0]
 [16 24 18  0  0  0  0  0  0  0  0  0]
 [11  0  0  0  0  0  0  0  0  0  0  0]
 [13  3 17  0  0  0  0  0  0  0  0  0]
 [18  0  0  0  0  0  0  0  0  0  0  0]
 [22 24 18 19  0  0  0  0  0  0  0  0]
 [ 4  0  0  0  0  0  0  0  0  0  0  0]]
valid: gen=0.654
reward: norm=0.8912732643927771
[ 380 iterations]
real= [[22 15  8 11  5  1 20  0  0  0  0  0]
 [28  0  0  0  0  0  0  0  0  0  0  0]
 [ 7 21 19 25 28  0  0  0  0  0  0  0]
 [18  0  0  0  0  0  0  0  0  0  0  0]
 [22 24 16  3  1  0  0  0  0  0  0  0]
 [23 16  2  0  0  0  0  0  0  0  0  0]
 [11 20 17 10 18 26  7  0  0  0  0  0]
 [19  9  2  7  0  0  0  0  0  0  0  0]
 [13  0  0  0  0  0  0  0  0  0  0  0]
 [16  4  5  0  0  0  0  0  0  0  0  0]]
gen= [[22 15 20  8  1  5  0  0  0  0  0  0]
 [28  0  0  0  0  0  0  0  0  0  0  0]
 [28 25 19 21  7  0  0  0  0  0  0  0]
 [18  0  0  0  0  0  0  0  0  0  0  0]
 [16 22  0  0  0  0  0  0  0  0  0  0]
 [ 2 16 23  0  0  0  0  0  0  0  0  0]
 [26 10 18 17  7  0  0  0  0  0  0  0]
 [ 2 19  9  7  0  0  0  0  0  0  0  0]
 [13  0  0  0  0  0  0  0  0  0  0  0]
 [16  4  5  0  0  0  0  0  0  0  0  0]]
valid: gen=0.644
reward: norm=0.8905205507843048
[ 390 iterations]
real= [[23 15  6 24 12 19  8  0  0  0  0  0]
 [20  0  0  0  0  0  0  0  0  0  0  0]
 [ 1 12  0  0  0  0  0  0  0  0  0  0]
 [11 17 21 10  0  0  0  0  0  0  0  0]
 [ 6  0  0  0  0  0  0  0  0  0  0  0]
 [ 6  4  0  0  0  0  0  0  0  0  0  0]
 [27 11  5 20 13 21  3 19  0  0  0  0]
 [13  8  0  0  0  0  0  0  0  0  0  0]
 [27 23  7 22  3  1 20  5 11  0  0  0]
 [11  0  0  0  0  0  0  0  0  0  0  0]]
gen= [[ 6 23 24 15 12  0  0  0  0  0  0  0]
 [20  0  0  0  0  0  0  0  0  0  0  0]
 [12  1  0  0  0  0  0  0  0  0  0  0]
 [21 10 17  0  0  0  0  0  0  0  0  0]
 [ 6  0  0  0  0  0  0  0  0  0  0  0]
 [ 6  4  0  0  0  0  0  0  0  0  0  0]
 [27 21 13  3 19 20  5  0  0  0  0  0]
 [13  8  0  0  0  0  0  0  0  0  0  0]
 [27 23 22  3  1 20  5  0  0  0  0  0]
 [11  0  0  0  0  0  0  0  0  0  0  0]]
valid: gen=0.667
reward: norm=0.892434018416698
[ 400 iterations]
real= [[25  8  2  0  0  0  0  0  0  0  0  0]
 [ 7 23 24 16  1  5  0  0  0  0  0  0]
 [25  0  0  0  0  0  0  0  0  0  0  0]
 [ 5 11 28  1 24  3  0  0  0  0  0  0]
 [10 14  9  2 20 27  0  0  0  0  0  0]
 [18  2  0  0  0  0  0  0  0  0  0  0]
 [ 7  5  0  0  0  0  0  0  0  0  0  0]
 [11  2  1  9 12 15  7  0  0  0  0  0]
 [ 1  4 24  0  0  0  0  0  0  0  0  0]
 [ 4  8  2 19 24 23  0  0  0  0  0  0]]
gen= [[ 2 25  8  0  0  0  0  0  0  0  0  0]
 [16 23  1  5  0  0  0  0  0  0  0  0]
 [25  0  0  0  0  0  0  0  0  0  0  0]
 [28 24  3  1  5  0  0  0  0  0  0  0]
 [27  2  0  0  0  0  0  0  0  0  0  0]
 [ 2 18  0  0  0  0  0  0  0  0  0  0]
 [ 5  7  0  0  0  0  0  0  0  0  0  0]
 [ 2  9 15 12  1  0  0  0  0  0  0  0]
 [24  1  4  0  0  0  0  0  0  0  0  0]
 [ 2 23 24  0  0  0  0  0  0  0  0  0]]
valid: gen=0.588
reward: norm=0.8905592767140611
[ 410 iterations]
real= [[13  0  0  0  0  0  0  0  0  0  0  0]
 [27 23 22 10 14  3  1 20  5  0  0  0]
 [28 27  0  0  0  0  0  0  0  0  0  0]
 [ 5 26 21 19  0  0  0  0  0  0  0  0]
 [15  3  0  0  0  0  0  0  0  0  0  0]
 [20 19  0  0  0  0  0  0  0  0  0  0]
 [23  2  0  0  0  0  0  0  0  0  0  0]
 [ 7 23 14  2  5 27  0  0  0  0  0  0]
 [24  0  0  0  0  0  0  0  0  0  0  0]
 [ 3 13  0  0  0  0  0  0  0  0  0  0]]
gen= [[13  0  0  0  0  0  0  0  0  0  0  0]
 [27 23 22  0  0  0  0  0  0  0  0  0]
 [27 28  0  0  0  0  0  0  0  0  0  0]
 [26 21 19  0  0  0  0  0  0  0  0  0]
 [ 3 15  0  0  0  0  0  0  0  0  0  0]
 [19 20  0  0  0  0  0  0  0  0  0  0]
 [ 2 23  0  0  0  0  0  0  0  0  0  0]
 [27  2 23  0  0  0  0  0  0  0  0  0]
 [24  0  0  0  0  0  0  0  0  0  0  0]
 [13  3  0  0  0  0  0  0  0  0  0  0]]
valid: gen=0.452
reward: norm=0.8797069390037126
[ 420 iterations]
real= [[22 19 28  4 20  0  0  0  0  0  0  0]
 [28  9  3 14 21 10 24 26  0  0  0  0]
 [22 15  4  2  0  0  0  0  0  0  0  0]
 [21  8  0  0  0  0  0  0  0  0  0  0]
 [18 24 16  0  0  0  0  0  0  0  0  0]
 [11  0  0  0  0  0  0  0  0  0  0  0]
 [13 17  3  7  0  0  0  0  0  0  0  0]
 [18  0  0  0  0  0  0  0  0  0  0  0]
 [22 24 18  9 19  8  5  4  0  0  0  0]
 [ 4  0  0  0  0  0  0  0  0  0  0  0]]
gen= [[28 22 19 20  0  0  0  0  0  0  0  0]
 [28 26 24 14  3  9  0  0  0  0  0  0]
 [ 2 22 15  0  0  0  0  0  0  0  0  0]
 [21  8  0  0  0  0  0  0  0  0  0  0]
 [16 24 18  0  0  0  0  0  0  0  0  0]
 [11  0  0  0  0  0  0  0  0  0  0  0]
 [13  3 17  0  0  0  0  0  0  0  0  0]
 [18  0  0  0  0  0  0  0  0  0  0  0]
 [22 24  9 18  4  5  0  0  0  0  0  0]
 [ 4  0  0  0  0  0  0  0  0  0  0  0]]
valid: gen=0.639
reward: norm=0.8950173670174384
[ 430 iterations]
real= [[22 15  8 11  5  1 20  0  0  0  0  0]
 [28  0  0  0  0  0  0  0  0  0  0  0]
 [ 7 21 19 25 28  0  0  0  0  0  0  0]
 [18  0  0  0  0  0  0  0  0  0  0  0]
 [22 24 16  3  1  0  0  0  0  0  0  0]
 [23 16  2  0  0  0  0  0  0  0  0  0]
 [11 20 17 10 18 26  7  0  0  0  0  0]
 [19  9  2  7  0  0  0  0  0  0  0  0]
 [13  0  0  0  0  0  0  0  0  0  0  0]
 [16  4  5  0  0  0  0  0  0  0  0  0]]
gen= [[22 15 20  8  1  5  0  0  0  0  0  0]
 [28  0  0  0  0  0  0  0  0  0  0  0]
 [28 25 19 21  7  0  0  0  0  0  0  0]
 [18  0  0  0  0  0  0  0  0  0  0  0]
 [16 22  0  0  0  0  0  0  0  0  0  0]
 [ 2 16 23  0  0  0  0  0  0  0  0  0]
 [26 10 18 17  7  0  0  0  0  0  0  0]
 [ 2  9 19  7  0  0  0  0  0  0  0  0]
 [13  0  0  0  0  0  0  0  0  0  0  0]
 [16  4  5  0  0  0  0  0  0  0  0  0]]
valid: gen=0.637
reward: norm=0.8937050034019668
[ 440 iterations]
real= [[23 15  6 24 12 19  8  0  0  0  0  0]
 [20  0  0  0  0  0  0  0  0  0  0  0]
 [ 1 12  0  0  0  0  0  0  0  0  0  0]
 [11 17 21 10  0  0  0  0  0  0  0  0]
 [ 6  0  0  0  0  0  0  0  0  0  0  0]
 [ 6  4  0  0  0  0  0  0  0  0  0  0]
 [27 11  5 20 13 21  3 19  0  0  0  0]
 [13  8  0  0  0  0  0  0  0  0  0  0]
 [27 23  7 22  3  1 20  5 11  0  0  0]
 [11  0  0  0  0  0  0  0  0  0  0  0]]
gen= [[ 6 23 24 15 12  0  0  0  0  0  0  0]
 [20  0  0  0  0  0  0  0  0  0  0  0]
 [12  1  0  0  0  0  0  0  0  0  0  0]
 [21 10 17  0  0  0  0  0  0  0  0  0]
 [ 6  0  0  0  0  0  0  0  0  0  0  0]
 [ 6  4  0  0  0  0  0  0  0  0  0  0]
 [27 21 13  3 20 19  0  0  0  0  0  0]
 [13  8  0  0  0  0  0  0  0  0  0  0]
 [27 23 22  3 20  1  5  0  0  0  0  0]
 [11  0  0  0  0  0  0  0  0  0  0  0]]
valid: gen=0.669
reward: norm=0.8900300497101339
[ 450 iterations]
real= [[25  8  2  0  0  0  0  0  0  0  0  0]
 [ 7 23 24 16  1  5  0  0  0  0  0  0]
 [25  0  0  0  0  0  0  0  0  0  0  0]
 [ 5 11 28  1 24  3  0  0  0  0  0  0]
 [10 14  9  2 20 27  0  0  0  0  0  0]
 [18  2  0  0  0  0  0  0  0  0  0  0]
 [ 7  5  0  0  0  0  0  0  0  0  0  0]
 [11  2  1  9 12 15  7  0  0  0  0  0]
 [ 1  4 24  0  0  0  0  0  0  0  0  0]
 [ 4  8  2 19 24 23  0  0  0  0  0  0]]
gen= [[ 2 25  8  0  0  0  0  0  0  0  0  0]
 [16 23  1  5  0  0  0  0  0  0  0  0]
 [25  0  0  0  0  0  0  0  0  0  0  0]
 [28 24  3  1  5  0  0  0  0  0  0  0]
 [27  2  0  0  0  0  0  0  0  0  0  0]
 [ 2 18  0  0  0  0  0  0  0  0  0  0]
 [ 5  7  0  0  0  0  0  0  0  0  0  0]
 [ 2 15  9 12  1  0  0  0  0  0  0  0]
 [24  4  1  0  0  0  0  0  0  0  0  0]
 [ 2 23 24  0  0  0  0  0  0  0  0  0]]
valid: gen=0.603
reward: norm=0.8897018778674033
[ 460 iterations]
real= [[13  0  0  0  0  0  0  0  0  0  0  0]
 [27 23 22 10 14  3  1 20  5  0  0  0]
 [28 27  0  0  0  0  0  0  0  0  0  0]
 [ 5 26 21 19  0  0  0  0  0  0  0  0]
 [15  3  0  0  0  0  0  0  0  0  0  0]
 [20 19  0  0  0  0  0  0  0  0  0  0]
 [23  2  0  0  0  0  0  0  0  0  0  0]
 [ 7 23 14  2  5 27  0  0  0  0  0  0]
 [24  0  0  0  0  0  0  0  0  0  0  0]
 [ 3 13  0  0  0  0  0  0  0  0  0  0]]
gen= [[13  0  0  0  0  0  0  0  0  0  0  0]
 [27 23 22  0  0  0  0  0  0  0  0  0]
 [27 28  0  0  0  0  0  0  0  0  0  0]
 [26 21 19  0  0  0  0  0  0  0  0  0]
 [15  3  0  0  0  0  0  0  0  0  0  0]
 [20 19  0  0  0  0  0  0  0  0  0  0]
 [ 2 23  0  0  0  0  0  0  0  0  0  0]
 [27  2 23  0  0  0  0  0  0  0  0  0]
 [24  0  0  0  0  0  0  0  0  0  0  0]
 [13  3  0  0  0  0  0  0  0  0  0  0]]
valid: gen=0.448
reward: norm=0.8746809227772838
[ 470 iterations]
real= [[22 19 28  4 20  0  0  0  0  0  0  0]
 [28  9  3 14 21 10 24 26  0  0  0  0]
 [22 15  4  2  0  0  0  0  0  0  0  0]
 [21  8  0  0  0  0  0  0  0  0  0  0]
 [18 24 16  0  0  0  0  0  0  0  0  0]
 [11  0  0  0  0  0  0  0  0  0  0  0]
 [13 17  3  7  0  0  0  0  0  0  0  0]
 [18  0  0  0  0  0  0  0  0  0  0  0]
 [22 24 18  9 19  8  5  4  0  0  0  0]
 [ 4  0  0  0  0  0  0  0  0  0  0  0]]
gen= [[28 22 20 19  0  0  0  0  0  0  0  0]
 [28 26 24 10  3  9  0  0  0  0  0  0]
 [ 2 22 15  0  0  0  0  0  0  0  0  0]
 [21  8  0  0  0  0  0  0  0  0  0  0]
 [16 24 18  0  0  0  0  0  0  0  0  0]
 [11  0  0  0  0  0  0  0  0  0  0  0]
 [13 17  3  7  0  0  0  0  0  0  0  0]
 [18  0  0  0  0  0  0  0  0  0  0  0]
 [22 24 18 19  9  4  0  0  0  0  0  0]
 [ 4  0  0  0  0  0  0  0  0  0  0  0]]
valid: gen=0.651
reward: norm=0.8903365044022387
[ 480 iterations]
real= [[22 15  8 11  5  1 20  0  0  0  0  0]
 [28  0  0  0  0  0  0  0  0  0  0  0]
 [ 7 21 19 25 28  0  0  0  0  0  0  0]
 [18  0  0  0  0  0  0  0  0  0  0  0]
 [22 24 16  3  1  0  0  0  0  0  0  0]
 [23 16  2  0  0  0  0  0  0  0  0  0]
 [11 20 17 10 18 26  7  0  0  0  0  0]
 [19  9  2  7  0  0  0  0  0  0  0  0]
 [13  0  0  0  0  0  0  0  0  0  0  0]
 [16  4  5  0  0  0  0  0  0  0  0  0]]
gen= [[22 20 15  1  5  0  0  0  0  0  0  0]
 [28  0  0  0  0  0  0  0  0  0  0  0]
 [28 25 19 21  7  0  0  0  0  0  0  0]
 [18  0  0  0  0  0  0  0  0  0  0  0]
 [16 22  0  0  0  0  0  0  0  0  0  0]
 [ 2 16 23  0  0  0  0  0  0  0  0  0]
 [26 10 18 17  7  0  0  0  0  0  0  0]
 [ 2 19  9  7  0  0  0  0  0  0  0  0]
 [13  0  0  0  0  0  0  0  0  0  0  0]
 [16  4  5  0  0  0  0  0  0  0  0  0]]
valid: gen=0.649
reward: norm=0.8845920016406282
[ 490 iterations]
real= [[23 15  6 24 12 19  8  0  0  0  0  0]
 [20  0  0  0  0  0  0  0  0  0  0  0]
 [ 1 12  0  0  0  0  0  0  0  0  0  0]
 [11 17 21 10  0  0  0  0  0  0  0  0]
 [ 6  0  0  0  0  0  0  0  0  0  0  0]
 [ 6  4  0  0  0  0  0  0  0  0  0  0]
 [27 11  5 20 13 21  3 19  0  0  0  0]
 [13  8  0  0  0  0  0  0  0  0  0  0]
 [27 23  7 22  3  1 20  5 11  0  0  0]
 [11  0  0  0  0  0  0  0  0  0  0  0]]
gen= [[ 6 23 24 15 12  0  0  0  0  0  0  0]
 [20  0  0  0  0  0  0  0  0  0  0  0]
 [12  1  0  0  0  0  0  0  0  0  0  0]
 [21 10 17  0  0  0  0  0  0  0  0  0]
 [ 6  0  0  0  0  0  0  0  0  0  0  0]
 [ 6  4  0  0  0  0  0  0  0  0  0  0]
 [27 21 20 19  0  0  0  0  0  0  0  0]
 [13  8  0  0  0  0  0  0  0  0  0  0]
 [27 22 23  0  0  0  0  0  0  0  0  0]
 [11  0  0  0  0  0  0  0  0  0  0  0]]
valid: gen=0.649
reward: norm=0.8848265275847471
