read problem
[ 1 iterations]
real=[[27, 26, 24, 23, 16, 13, 21, 6, 2, 1, 9, 0], [28, 27, 26, 25, 22, 18, 21, 13, 15, 3, 2, 0], [27, 24, 21, 20, 14, 13, 8, 11, 10, 1, 2, 0], [27, 24, 20, 17, 12, 14, 8, 6, 10, 11, 2, 0], [28, 25, 24, 22, 18, 21, 14, 4, 7, 6, 9, 0], [9, 19, 10, 5, 11, 13, 0, 0, 0, 0, 0, 0], [28, 22, 19, 17, 12, 8, 7, 4, 5, 1, 13, 0], [28, 25, 22, 1, 15, 18, 3, 9, 19, 0, 0, 0], [28, 25, 24, 20, 19, 4, 14, 6, 5, 1, 12, 0], [27, 25, 22, 19, 17, 13, 7, 5, 0, 0, 0, 0]]
gen=[[2, 1, 26, 13, 27, 24, 16, 6, 9, 21, 23, 0], [28, 2, 26, 13, 25, 27, 21, 18, 15, 3, 22, 0], [1, 2, 13, 27, 11, 14, 24, 8, 20, 10, 21, 0], [2, 27, 6, 14, 8, 24, 11, 12, 20, 10, 17, 0], [7, 28, 14, 25, 24, 18, 21, 6, 22, 9, 4, 0], [13, 11, 5, 10, 9, 19, 0, 0, 0, 0, 0, 0], [7, 1, 28, 13, 12, 8, 5, 17, 19, 22, 4, 0], [1, 28, 3, 25, 18, 9, 15, 19, 22, 0, 0, 0], [28, 1, 14, 25, 20, 24, 12, 6, 4, 5, 19, 0], [7, 13, 27, 25, 17, 19, 5, 22, 0, 0, 0, 0]]
valid routes=1.0
norm-reward=0.7618499181237119
[ 2 iterations]
real=[[28, 26, 23, 22, 20, 18, 21, 6, 8, 1, 15, 0], [26, 25, 21, 16, 13, 11, 14, 6, 8, 1, 10, 0], [28, 26, 24, 20, 18, 13, 7, 12, 19, 3, 9, 0], [26, 25, 23, 20, 18, 2, 1, 16, 5, 3, 10, 0], [22, 20, 16, 12, 10, 7, 1, 5, 8, 3, 9, 0], [28, 26, 24, 17, 14, 4, 7, 6, 8, 12, 13, 0], [26, 23, 22, 20, 19, 18, 7, 6, 8, 9, 2, 0], [5, 0, 0, 0, 0, 0, 0, 0, 0, 0, 0, 0], [27, 26, 23, 21, 15, 11, 7, 16, 8, 1, 2, 0], [26, 25, 24, 22, 20, 21, 8, 5, 10, 3, 2, 0]]
gen=[[28, 18, 8, 1, 6, 15, 26, 20, 21, 23, 22, 0], [13, 11, 14, 25, 1, 6, 21, 26, 8, 10, 16, 0], [28, 7, 3, 26, 18, 20, 12, 13, 24, 19, 9, 0], [3, 2, 5, 1, 25, 18, 20, 16, 26, 10, 23, 0], [7, 3, 5, 9, 1, 10, 20, 8, 16, 12, 22, 0], [28, 7, 13, 14, 6, 8, 26, 24, 4, 17, 12, 0], [7, 2, 8, 23, 18, 6, 20, 19, 26, 22, 9, 0], [5, 0, 0, 0, 0, 0, 0, 0, 0, 0, 0, 0], [7, 2, 8, 1, 11, 15, 27, 16, 21, 23, 26, 0], [3, 2, 5, 26, 25, 20, 8, 10, 21, 24, 22, 0]]
valid routes=1.0
norm-reward=0.7949187688314798
[ 3 iterations]
real=[[25, 19, 26, 1, 8, 4, 21, 0, 0, 0, 0, 0], [28, 26, 23, 19, 11, 4, 17, 9, 10, 0, 0, 0], [27, 26, 25, 23, 22, 13, 1, 16, 8, 3, 10, 0], [25, 23, 22, 17, 16, 8, 14, 6, 5, 12, 4, 0], [22, 23, 21, 13, 0, 0, 0, 0, 0, 0, 0, 0], [27, 25, 24, 23, 18, 21, 1, 6, 8, 9, 16, 0], [27, 24, 23, 19, 17, 4, 1, 16, 10, 3, 9, 0], [27, 20, 19, 17, 12, 11, 7, 4, 5, 1, 13, 0], [5, 11, 3, 25, 0, 0, 0, 0, 0, 0, 0, 0], [11, 19, 0, 0, 0, 0, 0, 0, 0, 0, 0, 0]]
gen=[[8, 4, 26, 1, 25, 21, 19, 0, 0, 0, 0, 0], [28, 26, 19, 11, 4, 10, 23, 17, 9, 0, 0, 0], [13, 3, 8, 1, 25, 27, 23, 10, 26, 16, 22, 0], [5, 8, 23, 16, 25, 14, 6, 4, 22, 17, 12, 0], [13, 22, 21, 23, 0, 0, 0, 0, 0, 0, 0, 0], [27, 25, 18, 8, 6, 24, 1, 23, 16, 21, 9, 0], [3, 1, 19, 10, 27, 24, 4, 17, 23, 9, 16, 0], [7, 5, 13, 27, 11, 4, 1, 20, 12, 17, 19, 0], [5, 3, 11, 25, 0, 0, 0, 0, 0, 0, 0, 0], [11, 19, 0, 0, 0, 0, 0, 0, 0, 0, 0, 0]]
valid routes=1.0
norm-reward=0.8008625512176002
[ 4 iterations]
real=[[26, 18, 14, 13, 11, 8, 1, 12, 7, 3, 2, 0], [27, 21, 20, 16, 12, 13, 7, 6, 8, 5, 10, 0], [27, 26, 23, 12, 15, 20, 7, 9, 17, 0, 0, 0], [28, 26, 22, 11, 8, 7, 1, 6, 4, 5, 9, 0], [28, 13, 21, 14, 11, 0, 0, 0, 0, 0, 0, 0], [28, 26, 22, 19, 15, 13, 14, 4, 17, 6, 2, 0], [28, 23, 22, 20, 12, 2, 1, 6, 4, 5, 10, 0], [27, 23, 20, 17, 14, 2, 8, 12, 5, 3, 9, 0], [26, 25, 24, 21, 15, 13, 8, 12, 20, 3, 9, 0], [21, 20, 18, 17, 15, 7, 14, 4, 5, 3, 12, 0]]
gen=[[7, 3, 2, 18, 1, 11, 14, 26, 8, 12, 13, 0], [7, 5, 10, 13, 27, 6, 21, 12, 8, 20, 16, 0], [7, 26, 27, 20, 12, 15, 9, 23, 17, 0, 0, 0], [28, 7, 5, 11, 6, 1, 26, 8, 4, 22, 9, 0], [28, 11, 13, 14, 21, 0, 0, 0, 0, 0, 0, 0], [28, 2, 13, 22, 14, 6, 15, 26, 4, 19, 17, 0], [28, 5, 2, 1, 6, 10, 23, 20, 4, 12, 22, 0], [3, 5, 2, 27, 8, 14, 20, 17, 12, 23, 9, 0], [3, 8, 26, 25, 24, 21, 13, 12, 15, 20, 9, 0], [7, 3, 5, 17, 20, 18, 14, 12, 4, 15, 21, 0]]
valid routes=1.0
norm-reward=0.8034734277232126
[ 5 iterations]
real=[[27, 26, 25, 24, 19, 18, 8, 6, 5, 15, 22, 0], [26, 23, 20, 18, 14, 13, 7, 4, 8, 1, 9, 0], [22, 12, 26, 1, 11, 18, 0, 0, 0, 0, 0, 0], [6, 0, 0, 0, 0, 0, 0, 0, 0, 0, 0, 0], [23, 20, 16, 6, 11, 13, 7, 12, 8, 0, 0, 0], [28, 25, 23, 18, 16, 11, 1, 6, 5, 12, 13, 0], [26, 25, 22, 20, 15, 13, 17, 4, 5, 12, 10, 0], [26, 24, 21, 5, 19, 18, 7, 16, 10, 0, 0, 0], [24, 19, 21, 0, 0, 0, 0, 0, 0, 0, 0, 0], [28, 27, 26, 23, 15, 14, 1, 6, 19, 3, 10, 0]]
gen=[[5, 8, 26, 27, 6, 18, 25, 24, 15, 19, 22, 0], [7, 26, 23, 13, 1, 4, 18, 14, 8, 20, 9, 0], [11, 26, 18, 1, 12, 22, 0, 0, 0, 0, 0, 0], [6, 0, 0, 0, 0, 0, 0, 0, 0, 0, 0, 0], [7, 11, 8, 12, 6, 16, 20, 13, 23, 0, 0, 0], [28, 5, 6, 25, 11, 1, 16, 13, 18, 23, 12, 0], [13, 5, 26, 17, 25, 20, 15, 22, 4, 10, 12, 0], [7, 5, 26, 18, 24, 19, 21, 10, 16, 0, 0, 0], [24, 19, 21, 0, 0, 0, 0, 0, 0, 0, 0, 0], [28, 3, 14, 1, 27, 15, 6, 23, 10, 19, 26, 0]]
valid routes=1.0
norm-reward=0.8153973540487128
[ 6 iterations]
real=[[25, 23, 22, 21, 19, 20, 17, 4, 5, 12, 10, 0], [28, 27, 24, 18, 17, 2, 15, 16, 4, 3, 9, 0], [27, 25, 22, 19, 16, 18, 7, 12, 10, 1, 9, 0], [26, 25, 23, 22, 17, 18, 7, 4, 8, 11, 2, 0], [28, 26, 25, 22, 19, 21, 7, 6, 17, 10, 13, 0], [27, 20, 10, 2, 19, 18, 21, 0, 0, 0, 0, 0], [28, 26, 25, 17, 15, 13, 14, 6, 8, 12, 10, 0], [24, 22, 19, 14, 11, 2, 8, 9, 5, 1, 10, 0], [28, 24, 22, 18, 17, 11, 1, 6, 5, 3, 12, 0], [26, 19, 22, 24, 15, 5, 25, 0, 0, 0, 0, 0]]
gen=[[5, 20, 4, 25, 21, 22, 23, 10, 12, 19, 17, 0], [28, 3, 2, 18, 27, 15, 4, 24, 17, 9, 16, 0], [7, 9, 1, 27, 25, 18, 10, 12, 19, 16, 22, 0], [7, 8, 2, 25, 11, 4, 17, 26, 18, 23, 22, 0], [28, 7, 26, 25, 6, 17, 13, 10, 21, 19, 22, 0], [2, 21, 19, 20, 18, 27, 10, 0, 0, 0, 0, 0], [28, 26, 17, 6, 10, 25, 14, 8, 15, 13, 12, 0], [2, 5, 8, 1, 11, 14, 9, 10, 24, 19, 22, 0], [28, 5, 3, 1, 11, 12, 18, 6, 22, 24, 17, 0], [5, 26, 19, 25, 24, 15, 22, 0, 0, 0, 0, 0]]
valid routes=1.0
norm-reward=0.8102023945745407
[ 7 iterations]
real=[[27, 24, 23, 18, 14, 13, 1, 4, 7, 3, 10, 0], [25, 24, 22, 21, 17, 7, 14, 6, 3, 12, 2, 0], [5, 20, 12, 0, 0, 0, 0, 0, 0, 0, 0, 0], [24, 21, 16, 15, 14, 8, 7, 4, 5, 12, 13, 0], [13, 3, 0, 0, 0, 0, 0, 0, 0, 0, 0, 0], [26, 22, 21, 20, 11, 18, 1, 6, 4, 5, 2, 0], [28, 27, 18, 17, 15, 8, 14, 11, 10, 1, 9, 0], [25, 24, 22, 17, 11, 20, 8, 16, 5, 1, 0, 0], [26, 24, 19, 13, 11, 12, 8, 6, 4, 3, 9, 0], [28, 27, 16, 14, 11, 9, 12, 6, 10, 3, 2, 0]]
gen=[[7, 3, 27, 1, 4, 23, 14, 18, 13, 10, 24, 0], [7, 3, 2, 24, 6, 14, 21, 25, 12, 22, 17, 0], [5, 12, 20, 0, 0, 0, 0, 0, 0, 0, 0, 0], [7, 5, 13, 21, 24, 14, 15, 12, 4, 8, 16, 0], [3, 13, 0, 0, 0, 0, 0, 0, 0, 0, 0, 0], [5, 11, 2, 20, 6, 1, 4, 21, 18, 26, 22, 0], [28, 14, 8, 15, 11, 1, 10, 27, 18, 9, 17, 0], [5, 22, 17, 25, 11, 1, 20, 24, 16, 8, 0, 0], [13, 3, 26, 6, 11, 12, 4, 8, 24, 9, 19, 0], [28, 3, 2, 14, 11, 27, 6, 16, 12, 10, 9, 0]]
valid routes=1.0
norm-reward=0.8087487250808156
[ 8 iterations]
real=[[27, 26, 24, 22, 17, 14, 7, 13, 20, 10, 9, 0], [28, 26, 25, 23, 22, 18, 8, 1, 17, 3, 9, 0], [28, 27, 26, 25, 15, 18, 10, 6, 19, 0, 0, 0], [26, 15, 17, 0, 0, 0, 0, 0, 0, 0, 0, 0], [27, 17, 16, 24, 1, 8, 7, 6, 0, 0, 0, 0], [28, 24, 23, 21, 17, 18, 15, 4, 11, 12, 9, 0], [24, 23, 20, 17, 15, 11, 7, 4, 10, 9, 16, 0], [25, 16, 10, 17, 15, 21, 14, 0, 0, 0, 0, 0], [28, 27, 26, 24, 16, 20, 14, 6, 5, 3, 10, 0], [26, 19, 17, 16, 15, 13, 14, 12, 8, 11, 9, 0]]
gen=[[7, 13, 26, 20, 27, 14, 24, 17, 10, 22, 9, 0], [28, 3, 25, 22, 1, 8, 17, 18, 26, 23, 9, 0], [28, 26, 27, 6, 25, 15, 18, 19, 10, 0, 0, 0], [15, 26, 17, 0, 0, 0, 0, 0, 0, 0, 0, 0], [7, 8, 27, 17, 6, 1, 24, 16, 0, 0, 0, 0], [28, 11, 24, 18, 15, 12, 4, 23, 21, 17, 9, 0], [7, 23, 17, 10, 11, 24, 20, 4, 15, 9, 16, 0], [21, 16, 14, 17, 25, 10, 15, 0, 0, 0, 0, 0], [28, 5, 3, 14, 6, 27, 24, 10, 26, 20, 16, 0], [13, 16, 26, 11, 14, 15, 9, 19, 12, 8, 17, 0]]
valid routes=1.0
norm-reward=0.8094190821886391
[ 9 iterations]
real=[[19, 8, 0, 0, 0, 0, 0, 0, 0, 0, 0, 0], [9, 20, 21, 23, 22, 0, 0, 0, 0, 0, 0, 0], [28, 26, 24, 23, 22, 21, 7, 16, 20, 11, 9, 0], [26, 24, 18, 17, 12, 13, 1, 4, 8, 3, 10, 0], [28, 23, 21, 19, 17, 13, 7, 11, 10, 3, 2, 0], [23, 20, 19, 13, 11, 18, 4, 9, 5, 0, 0, 0], [27, 25, 23, 21, 20, 13, 1, 12, 19, 5, 16, 0], [23, 22, 20, 13, 11, 8, 7, 6, 5, 1, 2, 0], [5, 26, 28, 13, 15, 0, 0, 0, 0, 0, 0, 0], [3, 20, 1, 0, 0, 0, 0, 0, 0, 0, 0, 0]]
gen=[[19, 8, 0, 0, 0, 0, 0, 0, 0, 0, 0, 0], [20, 23, 22, 9, 21, 0, 0, 0, 0, 0, 0, 0], [28, 7, 26, 23, 11, 21, 20, 24, 22, 9, 16, 0], [13, 3, 26, 17, 12, 18, 1, 10, 4, 8, 24, 0], [28, 7, 3, 2, 11, 23, 13, 19, 10, 21, 17, 0], [13, 5, 11, 4, 23, 19, 20, 9, 18, 0, 0, 0], [13, 5, 16, 25, 20, 1, 23, 27, 19, 12, 21, 0], [7, 5, 2, 20, 1, 11, 6, 13, 8, 23, 22, 0], [28, 5, 26, 15, 13, 0, 0, 0, 0, 0, 0, 0], [3, 20, 1, 0, 0, 0, 0, 0, 0, 0, 0, 0]]
valid routes=1.0
norm-reward=0.80935319047821
[ 10 iterations]
real=[[24, 23, 19, 17, 16, 2, 8, 6, 4, 5, 9, 0], [27, 26, 24, 23, 13, 21, 1, 6, 4, 9, 2, 0], [20, 17, 15, 6, 1, 13, 14, 12, 8, 0, 0, 0], [21, 19, 18, 16, 11, 2, 7, 5, 8, 3, 9, 0], [27, 25, 24, 23, 22, 18, 21, 4, 19, 6, 13, 0], [28, 27, 21, 23, 3, 18, 20, 25, 0, 0, 0, 0], [24, 22, 21, 20, 18, 13, 14, 11, 3, 1, 16, 0], [28, 27, 26, 23, 22, 13, 7, 14, 8, 15, 16, 0], [27, 21, 18, 15, 12, 14, 7, 4, 11, 3, 9, 0], [24, 19, 17, 14, 12, 11, 1, 4, 5, 3, 13, 0]]
gen=[[5, 2, 23, 4, 19, 24, 6, 8, 16, 17, 9, 0], [2, 23, 21, 27, 6, 1, 13, 9, 24, 26, 4, 0], [13, 6, 1, 20, 15, 12, 14, 17, 8, 0, 0, 0], [7, 2, 11, 18, 3, 19, 16, 21, 9, 8, 5, 0], [13, 27, 21, 23, 6, 22, 18, 25, 19, 4, 24, 0], [28, 3, 21, 23, 27, 20, 25, 18, 0, 0, 0, 0], [13, 18, 1, 11, 22, 21, 24, 3, 14, 20, 16, 0], [28, 7, 23, 15, 27, 22, 14, 13, 16, 8, 26, 0], [7, 21, 15, 11, 27, 3, 18, 14, 9, 4, 12, 0], [13, 3, 11, 1, 19, 14, 4, 5, 24, 12, 17, 0]]
valid routes=1.0
norm-reward=0.8043897800426398
[ 11 iterations]
real=[[27, 26, 24, 23, 16, 13, 21, 6, 2, 1, 9, 0], [28, 27, 26, 25, 22, 18, 21, 13, 15, 3, 2, 0], [27, 24, 21, 20, 14, 13, 8, 11, 10, 1, 2, 0], [27, 24, 20, 17, 12, 14, 8, 6, 10, 11, 2, 0], [28, 25, 24, 22, 18, 21, 14, 4, 7, 6, 9, 0], [9, 19, 10, 5, 11, 13, 0, 0, 0, 0, 0, 0], [28, 22, 19, 17, 12, 8, 7, 4, 5, 1, 13, 0], [28, 25, 22, 1, 15, 18, 3, 9, 19, 0, 0, 0], [28, 25, 24, 20, 19, 4, 14, 6, 5, 1, 12, 0], [27, 25, 22, 19, 17, 13, 7, 5, 0, 0, 0, 0]]
gen=[[13, 26, 2, 1, 27, 23, 24, 6, 21, 9, 16, 0], [28, 2, 22, 27, 3, 13, 21, 15, 25, 26, 18, 0], [13, 2, 8, 20, 11, 14, 27, 24, 1, 10, 21, 0], [2, 6, 14, 17, 11, 27, 12, 8, 24, 10, 20, 0], [28, 7, 18, 4, 25, 24, 6, 14, 22, 21, 9, 0], [13, 11, 9, 5, 19, 10, 0, 0, 0, 0, 0, 0], [28, 7, 12, 8, 1, 5, 22, 17, 19, 4, 13, 0], [28, 25, 3, 9, 1, 22, 18, 19, 15, 0, 0, 0], [28, 14, 4, 1, 5, 6, 25, 24, 12, 20, 19, 0], [25, 7, 5, 27, 17, 22, 19, 13, 0, 0, 0, 0]]
valid routes=1.0
norm-reward=0.7893354197900372
[ 12 iterations]
real=[[28, 26, 23, 22, 20, 18, 21, 6, 8, 1, 15, 0], [26, 25, 21, 16, 13, 11, 14, 6, 8, 1, 10, 0], [28, 26, 24, 20, 18, 13, 7, 12, 19, 3, 9, 0], [26, 25, 23, 20, 18, 2, 1, 16, 5, 3, 10, 0], [22, 20, 16, 12, 10, 7, 1, 5, 8, 3, 9, 0], [28, 26, 24, 17, 14, 4, 7, 6, 8, 12, 13, 0], [26, 23, 22, 20, 19, 18, 7, 6, 8, 9, 2, 0], [5, 0, 0, 0, 0, 0, 0, 0, 0, 0, 0, 0], [27, 26, 23, 21, 15, 11, 7, 16, 8, 1, 2, 0], [26, 25, 24, 22, 20, 21, 8, 5, 10, 3, 2, 0]]
gen=[[28, 1, 20, 18, 8, 22, 26, 6, 21, 23, 15, 0], [13, 8, 21, 14, 26, 11, 6, 25, 1, 16, 10, 0], [28, 7, 12, 3, 24, 13, 26, 9, 18, 20, 19, 0], [3, 2, 26, 5, 1, 20, 25, 23, 10, 18, 16, 0], [5, 7, 3, 16, 1, 10, 12, 9, 22, 8, 20, 0], [28, 7, 8, 24, 13, 26, 6, 17, 14, 12, 4, 0], [2, 7, 8, 22, 9, 6, 26, 18, 20, 23, 19, 0], [5, 0, 0, 0, 0, 0, 0, 0, 0, 0, 0, 0], [7, 2, 8, 11, 26, 1, 23, 16, 27, 15, 21, 0], [3, 24, 2, 26, 5, 8, 22, 25, 20, 21, 10, 0]]
valid routes=1.0
norm-reward=0.7865063356944183
[ 13 iterations]
real=[[25, 19, 26, 1, 8, 4, 21, 0, 0, 0, 0, 0], [28, 26, 23, 19, 11, 4, 17, 9, 10, 0, 0, 0], [27, 26, 25, 23, 22, 13, 1, 16, 8, 3, 10, 0], [25, 23, 22, 17, 16, 8, 14, 6, 5, 12, 4, 0], [22, 23, 21, 13, 0, 0, 0, 0, 0, 0, 0, 0], [27, 25, 24, 23, 18, 21, 1, 6, 8, 9, 16, 0], [27, 24, 23, 19, 17, 4, 1, 16, 10, 3, 9, 0], [27, 20, 19, 17, 12, 11, 7, 4, 5, 1, 13, 0], [5, 11, 3, 25, 0, 0, 0, 0, 0, 0, 0, 0], [11, 19, 0, 0, 0, 0, 0, 0, 0, 0, 0, 0]]
gen=[[25, 8, 4, 26, 1, 21, 19, 0, 0, 0, 0, 0], [28, 10, 9, 11, 26, 17, 19, 23, 4, 0, 0, 0], [13, 23, 3, 25, 26, 27, 8, 1, 22, 10, 16, 0], [22, 8, 5, 25, 4, 14, 17, 23, 6, 16, 12, 0], [13, 23, 21, 22, 0, 0, 0, 0, 0, 0, 0, 0], [25, 21, 23, 27, 9, 8, 1, 24, 6, 16, 18, 0], [3, 10, 23, 24, 4, 1, 27, 17, 9, 19, 16, 0], [13, 7, 5, 4, 1, 17, 11, 27, 12, 20, 19, 0], [3, 25, 11, 5, 0, 0, 0, 0, 0, 0, 0, 0], [11, 19, 0, 0, 0, 0, 0, 0, 0, 0, 0, 0]]
valid routes=1.0
norm-reward=0.7843688747459504
[ 14 iterations]
real=[[26, 18, 14, 13, 11, 8, 1, 12, 7, 3, 2, 0], [27, 21, 20, 16, 12, 13, 7, 6, 8, 5, 10, 0], [27, 26, 23, 12, 15, 20, 7, 9, 17, 0, 0, 0], [28, 26, 22, 11, 8, 7, 1, 6, 4, 5, 9, 0], [28, 13, 21, 14, 11, 0, 0, 0, 0, 0, 0, 0], [28, 26, 22, 19, 15, 13, 14, 4, 17, 6, 2, 0], [28, 23, 22, 20, 12, 2, 1, 6, 4, 5, 10, 0], [27, 23, 20, 17, 14, 2, 8, 12, 5, 3, 9, 0], [26, 25, 24, 21, 15, 13, 8, 12, 20, 3, 9, 0], [21, 20, 18, 17, 15, 7, 14, 4, 5, 3, 12, 0]]
gen=[[13, 7, 26, 11, 2, 3, 1, 8, 18, 14, 12, 0], [13, 7, 8, 5, 10, 20, 21, 6, 16, 27, 12, 0], [27, 7, 17, 26, 15, 20, 12, 23, 9, 0, 0, 0], [28, 7, 11, 5, 26, 8, 9, 1, 22, 4, 6, 0], [28, 21, 11, 14, 13, 0, 0, 0, 0, 0, 0, 0], [28, 17, 2, 15, 26, 14, 6, 19, 22, 13, 4, 0], [28, 2, 5, 22, 1, 4, 23, 6, 10, 20, 12, 0], [2, 20, 3, 5, 14, 27, 8, 12, 17, 9, 23, 0], [13, 25, 21, 20, 3, 24, 26, 8, 9, 15, 12, 0], [7, 3, 5, 18, 15, 14, 12, 21, 20, 17, 4, 0]]
valid routes=1.0
norm-reward=0.7893479089127503
[ 15 iterations]
real=[[27, 26, 25, 24, 19, 18, 8, 6, 5, 15, 22, 0], [26, 23, 20, 18, 14, 13, 7, 4, 8, 1, 9, 0], [22, 12, 26, 1, 11, 18, 0, 0, 0, 0, 0, 0], [6, 0, 0, 0, 0, 0, 0, 0, 0, 0, 0, 0], [23, 20, 16, 6, 11, 13, 7, 12, 8, 0, 0, 0], [28, 25, 23, 18, 16, 11, 1, 6, 5, 12, 13, 0], [26, 25, 22, 20, 15, 13, 17, 4, 5, 12, 10, 0], [26, 24, 21, 5, 19, 18, 7, 16, 10, 0, 0, 0], [24, 19, 21, 0, 0, 0, 0, 0, 0, 0, 0, 0], [28, 27, 26, 23, 15, 14, 1, 6, 19, 3, 10, 0]]
gen=[[5, 6, 26, 15, 22, 24, 27, 8, 25, 18, 19, 0], [13, 7, 8, 14, 26, 1, 18, 23, 9, 4, 20, 0], [11, 22, 26, 1, 12, 18, 0, 0, 0, 0, 0, 0], [6, 0, 0, 0, 0, 0, 0, 0, 0, 0, 0, 0], [13, 7, 8, 20, 11, 6, 16, 23, 12, 0, 0, 0], [28, 23, 1, 5, 18, 6, 11, 16, 25, 13, 12, 0], [13, 26, 17, 22, 5, 25, 10, 4, 20, 15, 12, 0], [5, 7, 26, 24, 10, 21, 19, 16, 18, 0, 0, 0], [24, 21, 19, 0, 0, 0, 0, 0, 0, 0, 0, 0], [28, 26, 19, 3, 14, 1, 6, 10, 15, 23, 27, 0]]
valid routes=1.0
norm-reward=0.7808906734956189
[ 16 iterations]
real=[[25, 23, 22, 21, 19, 20, 17, 4, 5, 12, 10, 0], [28, 27, 24, 18, 17, 2, 15, 16, 4, 3, 9, 0], [27, 25, 22, 19, 16, 18, 7, 12, 10, 1, 9, 0], [26, 25, 23, 22, 17, 18, 7, 4, 8, 11, 2, 0], [28, 26, 25, 22, 19, 21, 7, 6, 17, 10, 13, 0], [27, 20, 10, 2, 19, 18, 21, 0, 0, 0, 0, 0], [28, 26, 25, 17, 15, 13, 14, 6, 8, 12, 10, 0], [24, 22, 19, 14, 11, 2, 8, 9, 5, 1, 10, 0], [28, 24, 22, 18, 17, 11, 1, 6, 5, 3, 12, 0], [26, 19, 22, 24, 15, 5, 25, 0, 0, 0, 0, 0]]
gen=[[20, 21, 5, 22, 17, 25, 23, 10, 12, 4, 19, 0], [28, 2, 16, 3, 15, 24, 4, 9, 17, 18, 27, 0], [25, 7, 12, 1, 22, 18, 10, 16, 27, 9, 19, 0], [25, 22, 7, 11, 26, 2, 23, 4, 17, 8, 18, 0], [28, 7, 19, 25, 26, 13, 21, 10, 6, 17, 22, 0], [2, 20, 21, 27, 10, 18, 19, 0, 0, 0, 0, 0], [28, 14, 17, 26, 25, 10, 8, 13, 6, 12, 15, 0], [2, 22, 5, 24, 9, 11, 19, 1, 10, 14, 8, 0], [28, 6, 5, 3, 24, 11, 18, 22, 17, 1, 12, 0], [5, 24, 25, 26, 15, 22, 19, 0, 0, 0, 0, 0]]
valid routes=1.0
norm-reward=0.7743233170343822
[ 17 iterations]
real=[[27, 24, 23, 18, 14, 13, 1, 4, 7, 3, 10, 0], [25, 24, 22, 21, 17, 7, 14, 6, 3, 12, 2, 0], [5, 20, 12, 0, 0, 0, 0, 0, 0, 0, 0, 0], [24, 21, 16, 15, 14, 8, 7, 4, 5, 12, 13, 0], [13, 3, 0, 0, 0, 0, 0, 0, 0, 0, 0, 0], [26, 22, 21, 20, 11, 18, 1, 6, 4, 5, 2, 0], [28, 27, 18, 17, 15, 8, 14, 11, 10, 1, 9, 0], [25, 24, 22, 17, 11, 20, 8, 16, 5, 1, 0, 0], [26, 24, 19, 13, 11, 12, 8, 6, 4, 3, 9, 0], [28, 27, 16, 14, 11, 9, 12, 6, 10, 3, 2, 0]]
gen=[[3, 7, 10, 24, 27, 1, 13, 18, 4, 23, 14, 0], [3, 7, 22, 25, 2, 17, 6, 14, 21, 24, 12, 0], [5, 20, 12, 0, 0, 0, 0, 0, 0, 0, 0, 0], [5, 7, 8, 24, 16, 13, 4, 15, 14, 21, 12, 0], [3, 13, 0, 0, 0, 0, 0, 0, 0, 0, 0, 0], [21, 4, 2, 26, 11, 20, 5, 1, 22, 6, 18, 0], [28, 14, 8, 1, 11, 27, 15, 9, 17, 10, 18, 0], [25, 5, 17, 8, 24, 11, 1, 22, 20, 16, 0, 0], [3, 6, 26, 11, 9, 8, 4, 13, 24, 12, 19, 0], [28, 14, 2, 9, 11, 3, 27, 6, 10, 12, 16, 0]]
valid routes=1.0
norm-reward=0.7895011281894306
[ 18 iterations]
real=[[27, 26, 24, 22, 17, 14, 7, 13, 20, 10, 9, 0], [28, 26, 25, 23, 22, 18, 8, 1, 17, 3, 9, 0], [28, 27, 26, 25, 15, 18, 10, 6, 19, 0, 0, 0], [26, 15, 17, 0, 0, 0, 0, 0, 0, 0, 0, 0], [27, 17, 16, 24, 1, 8, 7, 6, 0, 0, 0, 0], [28, 24, 23, 21, 17, 18, 15, 4, 11, 12, 9, 0], [24, 23, 20, 17, 15, 11, 7, 4, 10, 9, 16, 0], [25, 16, 10, 17, 15, 21, 14, 0, 0, 0, 0, 0], [28, 27, 26, 24, 16, 20, 14, 6, 5, 3, 10, 0], [26, 19, 17, 16, 15, 13, 14, 12, 8, 11, 9, 0]]
gen=[[13, 7, 26, 24, 17, 20, 22, 10, 9, 14, 27, 0], [28, 8, 1, 26, 3, 22, 25, 17, 23, 18, 9, 0], [28, 6, 18, 26, 25, 15, 10, 19, 27, 0, 0, 0], [26, 17, 15, 0, 0, 0, 0, 0, 0, 0, 0, 0], [7, 17, 6, 24, 8, 1, 27, 16, 0, 0, 0, 0], [28, 23, 17, 15, 24, 21, 11, 12, 9, 18, 4, 0], [23, 7, 20, 10, 11, 9, 17, 24, 4, 16, 15, 0], [25, 21, 17, 10, 14, 15, 16, 0, 0, 0, 0, 0], [28, 24, 27, 6, 26, 20, 3, 5, 14, 10, 16, 0], [12, 13, 26, 17, 11, 8, 19, 9, 15, 14, 16, 0]]
valid routes=1.0
norm-reward=0.7881715599343309
[ 19 iterations]
real=[[19, 8, 0, 0, 0, 0, 0, 0, 0, 0, 0, 0], [9, 20, 21, 23, 22, 0, 0, 0, 0, 0, 0, 0], [28, 26, 24, 23, 22, 21, 7, 16, 20, 11, 9, 0], [26, 24, 18, 17, 12, 13, 1, 4, 8, 3, 10, 0], [28, 23, 21, 19, 17, 13, 7, 11, 10, 3, 2, 0], [23, 20, 19, 13, 11, 18, 4, 9, 5, 0, 0, 0], [27, 25, 23, 21, 20, 13, 1, 12, 19, 5, 16, 0], [23, 22, 20, 13, 11, 8, 7, 6, 5, 1, 2, 0], [5, 26, 28, 13, 15, 0, 0, 0, 0, 0, 0, 0], [3, 20, 1, 0, 0, 0, 0, 0, 0, 0, 0, 0]]
gen=[[19, 8, 0, 0, 0, 0, 0, 0, 0, 0, 0, 0], [22, 21, 20, 23, 9, 0, 0, 0, 0, 0, 0, 0], [28, 7, 26, 20, 22, 11, 16, 24, 21, 9, 23, 0], [3, 26, 1, 13, 24, 18, 17, 10, 8, 4, 12, 0], [28, 7, 2, 11, 13, 23, 3, 17, 10, 21, 19, 0], [13, 4, 5, 18, 11, 19, 20, 9, 23, 0, 0, 0], [13, 19, 1, 21, 27, 5, 25, 20, 16, 23, 12, 0], [13, 7, 11, 2, 5, 20, 6, 8, 22, 1, 23, 0], [28, 5, 13, 26, 15, 0, 0, 0, 0, 0, 0, 0], [3, 20, 1, 0, 0, 0, 0, 0, 0, 0, 0, 0]]
valid routes=1.0
norm-reward=0.787872963159982
[ 20 iterations]
real=[[24, 23, 19, 17, 16, 2, 8, 6, 4, 5, 9, 0], [27, 26, 24, 23, 13, 21, 1, 6, 4, 9, 2, 0], [20, 17, 15, 6, 1, 13, 14, 12, 8, 0, 0, 0], [21, 19, 18, 16, 11, 2, 7, 5, 8, 3, 9, 0], [27, 25, 24, 23, 22, 18, 21, 4, 19, 6, 13, 0], [28, 27, 21, 23, 3, 18, 20, 25, 0, 0, 0, 0], [24, 22, 21, 20, 18, 13, 14, 11, 3, 1, 16, 0], [28, 27, 26, 23, 22, 13, 7, 14, 8, 15, 16, 0], [27, 21, 18, 15, 12, 14, 7, 4, 11, 3, 9, 0], [24, 19, 17, 14, 12, 11, 1, 4, 5, 3, 13, 0]]
gen=[[5, 23, 24, 2, 19, 6, 8, 17, 9, 4, 16, 0], [13, 23, 2, 6, 1, 24, 26, 27, 21, 9, 4, 0], [13, 6, 8, 1, 14, 15, 17, 20, 12, 0, 0, 0], [3, 7, 21, 2, 11, 5, 8, 9, 16, 18, 19, 0], [13, 18, 19, 6, 25, 23, 27, 24, 4, 22, 21, 0], [28, 21, 20, 3, 27, 25, 18, 23, 0, 0, 0, 0], [3, 21, 24, 14, 13, 11, 1, 20, 22, 18, 16, 0], [28, 7, 13, 14, 26, 22, 27, 8, 16, 23, 15, 0], [27, 7, 11, 3, 15, 12, 21, 18, 14, 9, 4, 0], [24, 4, 1, 11, 5, 13, 3, 12, 14, 17, 19, 0]]
valid routes=1.0
norm-reward=0.7844425402459724
[ 21 iterations]
real=[[27, 26, 24, 23, 16, 13, 21, 6, 2, 1, 9, 0], [28, 27, 26, 25, 22, 18, 21, 13, 15, 3, 2, 0], [27, 24, 21, 20, 14, 13, 8, 11, 10, 1, 2, 0], [27, 24, 20, 17, 12, 14, 8, 6, 10, 11, 2, 0], [28, 25, 24, 22, 18, 21, 14, 4, 7, 6, 9, 0], [9, 19, 10, 5, 11, 13, 0, 0, 0, 0, 0, 0], [28, 22, 19, 17, 12, 8, 7, 4, 5, 1, 13, 0], [28, 25, 22, 1, 15, 18, 3, 9, 19, 0, 0, 0], [28, 25, 24, 20, 19, 4, 14, 6, 5, 1, 12, 0], [27, 25, 22, 19, 17, 13, 7, 5, 0, 0, 0, 0]]
gen=[[13, 1, 6, 26, 2, 21, 24, 16, 27, 9, 23, 0], [28, 3, 2, 25, 21, 26, 13, 22, 15, 27, 18, 0], [27, 2, 11, 20, 24, 8, 1, 14, 13, 10, 21, 0], [27, 10, 2, 11, 6, 24, 14, 8, 17, 20, 12, 0], [28, 7, 18, 22, 14, 25, 21, 24, 6, 4, 9, 0], [11, 5, 13, 9, 10, 19, 0, 0, 0, 0, 0, 0], [28, 7, 1, 5, 13, 17, 22, 4, 8, 19, 12, 0], [28, 22, 1, 3, 25, 19, 9, 15, 18, 0, 0, 0], [28, 6, 20, 5, 14, 1, 24, 25, 19, 4, 12, 0], [13, 7, 22, 5, 17, 25, 27, 19, 0, 0, 0, 0]]
valid routes=1.0
norm-reward=0.7868505806642657
[ 22 iterations]
real=[[28, 26, 23, 22, 20, 18, 21, 6, 8, 1, 15, 0], [26, 25, 21, 16, 13, 11, 14, 6, 8, 1, 10, 0], [28, 26, 24, 20, 18, 13, 7, 12, 19, 3, 9, 0], [26, 25, 23, 20, 18, 2, 1, 16, 5, 3, 10, 0], [22, 20, 16, 12, 10, 7, 1, 5, 8, 3, 9, 0], [28, 26, 24, 17, 14, 4, 7, 6, 8, 12, 13, 0], [26, 23, 22, 20, 19, 18, 7, 6, 8, 9, 2, 0], [5, 0, 0, 0, 0, 0, 0, 0, 0, 0, 0, 0], [27, 26, 23, 21, 15, 11, 7, 16, 8, 1, 2, 0], [26, 25, 24, 22, 20, 21, 8, 5, 10, 3, 2, 0]]
gen=[[28, 26, 6, 8, 22, 18, 20, 1, 15, 23, 21, 0], [25, 13, 6, 1, 26, 11, 8, 16, 10, 14, 21, 0], [28, 7, 26, 3, 19, 18, 20, 9, 12, 13, 24, 0], [3, 2, 5, 26, 25, 1, 23, 20, 10, 18, 16, 0], [3, 7, 5, 10, 8, 22, 1, 12, 20, 9, 16, 0], [28, 7, 26, 24, 13, 12, 6, 4, 14, 8, 17, 0], [2, 7, 22, 26, 9, 6, 20, 8, 18, 23, 19, 0], [5, 0, 0, 0, 0, 0, 0, 0, 0, 0, 0, 0], [21, 7, 11, 2, 26, 15, 16, 1, 23, 27, 8, 0], [3, 2, 26, 24, 21, 22, 5, 8, 10, 25, 20, 0]]
valid routes=1.0
norm-reward=0.7873658872334344
[ 23 iterations]
real=[[25, 19, 26, 1, 8, 4, 21, 0, 0, 0, 0, 0], [28, 26, 23, 19, 11, 4, 17, 9, 10, 0, 0, 0], [27, 26, 25, 23, 22, 13, 1, 16, 8, 3, 10, 0], [25, 23, 22, 17, 16, 8, 14, 6, 5, 12, 4, 0], [22, 23, 21, 13, 0, 0, 0, 0, 0, 0, 0, 0], [27, 25, 24, 23, 18, 21, 1, 6, 8, 9, 16, 0], [27, 24, 23, 19, 17, 4, 1, 16, 10, 3, 9, 0], [27, 20, 19, 17, 12, 11, 7, 4, 5, 1, 13, 0], [5, 11, 3, 25, 0, 0, 0, 0, 0, 0, 0, 0], [11, 19, 0, 0, 0, 0, 0, 0, 0, 0, 0, 0]]
gen=[[21, 19, 26, 25, 4, 1, 8, 0, 0, 0, 0, 0], [28, 23, 26, 11, 9, 10, 19, 4, 17, 0, 0, 0], [3, 23, 25, 26, 16, 13, 27, 22, 8, 1, 10, 0], [5, 12, 16, 23, 6, 22, 17, 8, 4, 14, 25, 0], [13, 21, 22, 23, 0, 0, 0, 0, 0, 0, 0, 0], [27, 23, 1, 6, 25, 18, 24, 8, 9, 21, 16, 0], [3, 1, 24, 16, 4, 17, 9, 10, 27, 23, 19, 0], [13, 7, 11, 5, 19, 27, 20, 17, 12, 1, 4, 0], [3, 5, 11, 25, 0, 0, 0, 0, 0, 0, 0, 0], [11, 19, 0, 0, 0, 0, 0, 0, 0, 0, 0, 0]]
valid routes=1.0
norm-reward=0.7793421449136343
[ 24 iterations]
real=[[26, 18, 14, 13, 11, 8, 1, 12, 7, 3, 2, 0], [27, 21, 20, 16, 12, 13, 7, 6, 8, 5, 10, 0], [27, 26, 23, 12, 15, 20, 7, 9, 17, 0, 0, 0], [28, 26, 22, 11, 8, 7, 1, 6, 4, 5, 9, 0], [28, 13, 21, 14, 11, 0, 0, 0, 0, 0, 0, 0], [28, 26, 22, 19, 15, 13, 14, 4, 17, 6, 2, 0], [28, 23, 22, 20, 12, 2, 1, 6, 4, 5, 10, 0], [27, 23, 20, 17, 14, 2, 8, 12, 5, 3, 9, 0], [26, 25, 24, 21, 15, 13, 8, 12, 20, 3, 9, 0], [21, 20, 18, 17, 15, 7, 14, 4, 5, 3, 12, 0]]
gen=[[3, 7, 2, 26, 11, 14, 18, 13, 8, 1, 12, 0], [13, 7, 27, 20, 12, 6, 5, 10, 8, 21, 16, 0], [26, 7, 23, 20, 17, 15, 27, 9, 12, 0, 0, 0], [28, 7, 11, 5, 9, 26, 6, 8, 1, 22, 4, 0], [28, 21, 11, 13, 14, 0, 0, 0, 0, 0, 0, 0], [28, 15, 2, 26, 22, 14, 6, 13, 17, 19, 4, 0], [28, 2, 5, 10, 22, 23, 1, 6, 20, 4, 12, 0], [3, 8, 5, 2, 27, 12, 20, 9, 23, 14, 17, 0], [3, 15, 20, 24, 12, 26, 13, 8, 25, 9, 21, 0], [3, 7, 5, 21, 4, 20, 14, 17, 15, 18, 12, 0]]
valid routes=1.0
norm-reward=0.7804581584743437
[ 25 iterations]
real=[[27, 26, 25, 24, 19, 18, 8, 6, 5, 15, 22, 0], [26, 23, 20, 18, 14, 13, 7, 4, 8, 1, 9, 0], [22, 12, 26, 1, 11, 18, 0, 0, 0, 0, 0, 0], [6, 0, 0, 0, 0, 0, 0, 0, 0, 0, 0, 0], [23, 20, 16, 6, 11, 13, 7, 12, 8, 0, 0, 0], [28, 25, 23, 18, 16, 11, 1, 6, 5, 12, 13, 0], [26, 25, 22, 20, 15, 13, 17, 4, 5, 12, 10, 0], [26, 24, 21, 5, 19, 18, 7, 16, 10, 0, 0, 0], [24, 19, 21, 0, 0, 0, 0, 0, 0, 0, 0, 0], [28, 27, 26, 23, 15, 14, 1, 6, 19, 3, 10, 0]]
gen=[[27, 8, 15, 18, 5, 6, 26, 22, 24, 25, 19, 0], [26, 7, 18, 1, 14, 13, 9, 20, 8, 4, 23, 0], [26, 22, 11, 18, 12, 1, 0, 0, 0, 0, 0, 0], [6, 0, 0, 0, 0, 0, 0, 0, 0, 0, 0, 0], [13, 7, 11, 20, 16, 6, 23, 8, 12, 0, 0, 0], [28, 23, 16, 11, 13, 5, 6, 25, 1, 12, 18, 0], [13, 20, 5, 26, 25, 22, 12, 17, 15, 10, 4, 0], [24, 7, 21, 26, 5, 16, 18, 19, 10, 0, 0, 0], [21, 19, 24, 0, 0, 0, 0, 0, 0, 0, 0, 0], [28, 23, 3, 26, 6, 15, 14, 27, 1, 10, 19, 0]]
valid routes=1.0
norm-reward=0.7836158546441397
[ 26 iterations]
real=[[25, 23, 22, 21, 19, 20, 17, 4, 5, 12, 10, 0], [28, 27, 24, 18, 17, 2, 15, 16, 4, 3, 9, 0], [27, 25, 22, 19, 16, 18, 7, 12, 10, 1, 9, 0], [26, 25, 23, 22, 17, 18, 7, 4, 8, 11, 2, 0], [28, 26, 25, 22, 19, 21, 7, 6, 17, 10, 13, 0], [27, 20, 10, 2, 19, 18, 21, 0, 0, 0, 0, 0], [28, 26, 25, 17, 15, 13, 14, 6, 8, 12, 10, 0], [24, 22, 19, 14, 11, 2, 8, 9, 5, 1, 10, 0], [28, 24, 22, 18, 17, 11, 1, 6, 5, 3, 12, 0], [26, 19, 22, 24, 15, 5, 25, 0, 0, 0, 0, 0]]
gen=[[5, 23, 22, 20, 10, 17, 19, 4, 21, 25, 12, 0], [28, 24, 3, 2, 15, 18, 17, 27, 4, 16, 9, 0], [27, 7, 22, 9, 25, 1, 19, 16, 12, 10, 18, 0], [26, 7, 17, 11, 8, 25, 2, 22, 18, 23, 4, 0], [28, 7, 13, 26, 19, 22, 6, 21, 10, 25, 17, 0], [27, 21, 20, 2, 19, 18, 10, 0, 0, 0, 0, 0], [28, 8, 6, 26, 13, 12, 25, 14, 17, 10, 15, 0], [5, 9, 1, 11, 2, 14, 24, 22, 8, 19, 10, 0], [28, 3, 11, 22, 24, 5, 6, 1, 18, 17, 12, 0], [25, 24, 26, 5, 22, 15, 19, 0, 0, 0, 0, 0]]
valid routes=1.0
norm-reward=0.7747153013612119
[ 27 iterations]
real=[[27, 24, 23, 18, 14, 13, 1, 4, 7, 3, 10, 0], [25, 24, 22, 21, 17, 7, 14, 6, 3, 12, 2, 0], [5, 20, 12, 0, 0, 0, 0, 0, 0, 0, 0, 0], [24, 21, 16, 15, 14, 8, 7, 4, 5, 12, 13, 0], [13, 3, 0, 0, 0, 0, 0, 0, 0, 0, 0, 0], [26, 22, 21, 20, 11, 18, 1, 6, 4, 5, 2, 0], [28, 27, 18, 17, 15, 8, 14, 11, 10, 1, 9, 0], [25, 24, 22, 17, 11, 20, 8, 16, 5, 1, 0, 0], [26, 24, 19, 13, 11, 12, 8, 6, 4, 3, 9, 0], [28, 27, 16, 14, 11, 9, 12, 6, 10, 3, 2, 0]]
gen=[[3, 7, 1, 13, 10, 24, 4, 23, 27, 14, 18, 0], [3, 7, 2, 22, 6, 14, 24, 12, 25, 17, 21, 0], [20, 5, 12, 0, 0, 0, 0, 0, 0, 0, 0, 0], [13, 7, 16, 5, 8, 4, 24, 12, 14, 21, 15, 0], [3, 13, 0, 0, 0, 0, 0, 0, 0, 0, 0, 0], [2, 5, 22, 1, 11, 6, 20, 26, 18, 4, 21, 0], [28, 27, 9, 11, 10, 1, 14, 17, 8, 15, 18, 0], [17, 5, 11, 25, 22, 1, 20, 24, 8, 16, 0, 0], [3, 13, 11, 6, 26, 9, 8, 24, 4, 12, 19, 0], [28, 2, 27, 6, 11, 14, 10, 9, 16, 12, 3, 0]]
valid routes=1.0
norm-reward=0.779653091438738
[ 28 iterations]
real=[[27, 26, 24, 22, 17, 14, 7, 13, 20, 10, 9, 0], [28, 26, 25, 23, 22, 18, 8, 1, 17, 3, 9, 0], [28, 27, 26, 25, 15, 18, 10, 6, 19, 0, 0, 0], [26, 15, 17, 0, 0, 0, 0, 0, 0, 0, 0, 0], [27, 17, 16, 24, 1, 8, 7, 6, 0, 0, 0, 0], [28, 24, 23, 21, 17, 18, 15, 4, 11, 12, 9, 0], [24, 23, 20, 17, 15, 11, 7, 4, 10, 9, 16, 0], [25, 16, 10, 17, 15, 21, 14, 0, 0, 0, 0, 0], [28, 27, 26, 24, 16, 20, 14, 6, 5, 3, 10, 0], [26, 19, 17, 16, 15, 13, 14, 12, 8, 11, 9, 0]]
gen=[[27, 7, 26, 9, 20, 22, 14, 10, 17, 13, 24, 0], [28, 23, 26, 18, 17, 22, 1, 3, 25, 9, 8, 0], [28, 18, 27, 6, 26, 25, 10, 19, 15, 0, 0, 0], [26, 17, 15, 0, 0, 0, 0, 0, 0, 0, 0, 0], [27, 7, 6, 1, 17, 8, 24, 16, 0, 0, 0, 0], [28, 21, 18, 11, 24, 23, 9, 17, 4, 12, 15, 0], [7, 23, 11, 10, 20, 17, 24, 16, 9, 4, 15, 0], [25, 16, 14, 10, 15, 17, 21, 0, 0, 0, 0, 0], [28, 10, 5, 26, 6, 3, 20, 16, 27, 14, 24, 0], [13, 26, 11, 16, 8, 19, 15, 17, 12, 14, 9, 0]]
valid routes=1.0
norm-reward=0.77704149616933
[ 29 iterations]
real=[[19, 8, 0, 0, 0, 0, 0, 0, 0, 0, 0, 0], [9, 20, 21, 23, 22, 0, 0, 0, 0, 0, 0, 0], [28, 26, 24, 23, 22, 21, 7, 16, 20, 11, 9, 0], [26, 24, 18, 17, 12, 13, 1, 4, 8, 3, 10, 0], [28, 23, 21, 19, 17, 13, 7, 11, 10, 3, 2, 0], [23, 20, 19, 13, 11, 18, 4, 9, 5, 0, 0, 0], [27, 25, 23, 21, 20, 13, 1, 12, 19, 5, 16, 0], [23, 22, 20, 13, 11, 8, 7, 6, 5, 1, 2, 0], [5, 26, 28, 13, 15, 0, 0, 0, 0, 0, 0, 0], [3, 20, 1, 0, 0, 0, 0, 0, 0, 0, 0, 0]]
gen=[[8, 19, 0, 0, 0, 0, 0, 0, 0, 0, 0, 0], [21, 23, 22, 20, 9, 0, 0, 0, 0, 0, 0, 0], [28, 7, 24, 22, 26, 20, 11, 21, 16, 23, 9, 0], [3, 4, 10, 26, 24, 8, 17, 13, 18, 1, 12, 0], [28, 7, 2, 3, 19, 13, 17, 11, 23, 21, 10, 0], [5, 9, 11, 19, 13, 23, 4, 18, 20, 0, 0, 0], [27, 5, 21, 23, 19, 25, 13, 20, 1, 16, 12, 0], [7, 23, 11, 5, 2, 1, 8, 22, 20, 13, 6, 0], [28, 13, 5, 26, 15, 0, 0, 0, 0, 0, 0, 0], [3, 20, 1, 0, 0, 0, 0, 0, 0, 0, 0, 0]]
valid routes=1.0
norm-reward=0.7790789182389601
[ 30 iterations]
real=[[24, 23, 19, 17, 16, 2, 8, 6, 4, 5, 9, 0], [27, 26, 24, 23, 13, 21, 1, 6, 4, 9, 2, 0], [20, 17, 15, 6, 1, 13, 14, 12, 8, 0, 0, 0], [21, 19, 18, 16, 11, 2, 7, 5, 8, 3, 9, 0], [27, 25, 24, 23, 22, 18, 21, 4, 19, 6, 13, 0], [28, 27, 21, 23, 3, 18, 20, 25, 0, 0, 0, 0], [24, 22, 21, 20, 18, 13, 14, 11, 3, 1, 16, 0], [28, 27, 26, 23, 22, 13, 7, 14, 8, 15, 16, 0], [27, 21, 18, 15, 12, 14, 7, 4, 11, 3, 9, 0], [24, 19, 17, 14, 12, 11, 1, 4, 5, 3, 13, 0]]
gen=[[5, 24, 16, 2, 6, 17, 4, 19, 23, 9, 8, 0], [27, 2, 24, 26, 6, 1, 23, 9, 13, 4, 21, 0], [13, 17, 20, 12, 6, 1, 15, 14, 8, 0, 0, 0], [3, 7, 5, 8, 11, 16, 2, 18, 19, 21, 9, 0], [27, 21, 25, 22, 24, 6, 13, 18, 19, 23, 4, 0], [28, 23, 27, 20, 3, 25, 21, 18, 0, 0, 0, 0], [3, 21, 1, 13, 18, 11, 14, 22, 24, 20, 16, 0], [28, 7, 14, 8, 22, 26, 13, 27, 16, 15, 23, 0], [27, 7, 18, 11, 3, 21, 9, 15, 12, 14, 4, 0], [3, 13, 4, 5, 11, 1, 12, 19, 24, 14, 17, 0]]
valid routes=1.0
norm-reward=0.7745627722856291
[ 31 iterations]
real=[[27, 26, 24, 23, 16, 13, 21, 6, 2, 1, 9, 0], [28, 27, 26, 25, 22, 18, 21, 13, 15, 3, 2, 0], [27, 24, 21, 20, 14, 13, 8, 11, 10, 1, 2, 0], [27, 24, 20, 17, 12, 14, 8, 6, 10, 11, 2, 0], [28, 25, 24, 22, 18, 21, 14, 4, 7, 6, 9, 0], [9, 19, 10, 5, 11, 13, 0, 0, 0, 0, 0, 0], [28, 22, 19, 17, 12, 8, 7, 4, 5, 1, 13, 0], [28, 25, 22, 1, 15, 18, 3, 9, 19, 0, 0, 0], [28, 25, 24, 20, 19, 4, 14, 6, 5, 1, 12, 0], [27, 25, 22, 19, 17, 13, 7, 5, 0, 0, 0, 0]]
gen=[[27, 23, 9, 26, 2, 6, 1, 16, 13, 24, 21, 0], [28, 27, 15, 21, 3, 2, 26, 13, 18, 22, 25, 0], [27, 1, 2, 10, 13, 20, 8, 14, 11, 21, 24, 0], [27, 14, 11, 2, 10, 20, 6, 24, 8, 12, 17, 0], [28, 7, 22, 14, 6, 9, 25, 24, 4, 21, 18, 0], [13, 9, 5, 11, 10, 19, 0, 0, 0, 0, 0, 0], [28, 7, 5, 12, 8, 1, 19, 13, 22, 17, 4, 0], [28, 25, 1, 3, 18, 22, 9, 19, 15, 0, 0, 0], [28, 6, 19, 25, 20, 12, 1, 14, 5, 24, 4, 0], [27, 7, 5, 19, 22, 13, 25, 17, 0, 0, 0, 0]]
valid routes=1.0
norm-reward=0.7733972758548155
[ 32 iterations]
real=[[28, 26, 23, 22, 20, 18, 21, 6, 8, 1, 15, 0], [26, 25, 21, 16, 13, 11, 14, 6, 8, 1, 10, 0], [28, 26, 24, 20, 18, 13, 7, 12, 19, 3, 9, 0], [26, 25, 23, 20, 18, 2, 1, 16, 5, 3, 10, 0], [22, 20, 16, 12, 10, 7, 1, 5, 8, 3, 9, 0], [28, 26, 24, 17, 14, 4, 7, 6, 8, 12, 13, 0], [26, 23, 22, 20, 19, 18, 7, 6, 8, 9, 2, 0], [5, 0, 0, 0, 0, 0, 0, 0, 0, 0, 0, 0], [27, 26, 23, 21, 15, 11, 7, 16, 8, 1, 2, 0], [26, 25, 24, 22, 20, 21, 8, 5, 10, 3, 2, 0]]
gen=[[28, 22, 15, 21, 1, 26, 6, 18, 8, 20, 23, 0], [25, 11, 26, 8, 14, 1, 10, 6, 13, 21, 16, 0], [28, 7, 18, 13, 26, 3, 24, 20, 12, 9, 19, 0], [3, 18, 2, 5, 1, 20, 26, 16, 10, 25, 23, 0], [3, 7, 10, 22, 1, 5, 20, 8, 16, 9, 12, 0], [28, 7, 6, 26, 4, 17, 8, 24, 14, 12, 13, 0], [7, 22, 26, 2, 6, 18, 19, 23, 9, 20, 8, 0], [5, 0, 0, 0, 0, 0, 0, 0, 0, 0, 0, 0], [27, 7, 2, 26, 1, 11, 23, 21, 8, 15, 16, 0], [3, 22, 26, 5, 10, 8, 2, 20, 24, 25, 21, 0]]
valid routes=1.0
norm-reward=0.769956213522987
[ 33 iterations]
real=[[25, 19, 26, 1, 8, 4, 21, 0, 0, 0, 0, 0], [28, 26, 23, 19, 11, 4, 17, 9, 10, 0, 0, 0], [27, 26, 25, 23, 22, 13, 1, 16, 8, 3, 10, 0], [25, 23, 22, 17, 16, 8, 14, 6, 5, 12, 4, 0], [22, 23, 21, 13, 0, 0, 0, 0, 0, 0, 0, 0], [27, 25, 24, 23, 18, 21, 1, 6, 8, 9, 16, 0], [27, 24, 23, 19, 17, 4, 1, 16, 10, 3, 9, 0], [27, 20, 19, 17, 12, 11, 7, 4, 5, 1, 13, 0], [5, 11, 3, 25, 0, 0, 0, 0, 0, 0, 0, 0], [11, 19, 0, 0, 0, 0, 0, 0, 0, 0, 0, 0]]
gen=[[26, 1, 4, 21, 25, 8, 19, 0, 0, 0, 0, 0], [28, 10, 9, 11, 19, 26, 4, 23, 17, 0, 0, 0], [3, 22, 27, 10, 26, 23, 1, 13, 16, 25, 8, 0], [8, 25, 5, 17, 14, 22, 6, 16, 4, 23, 12, 0], [13, 23, 21, 22, 0, 0, 0, 0, 0, 0, 0, 0], [27, 21, 18, 6, 1, 23, 8, 24, 25, 9, 16, 0], [27, 4, 1, 9, 3, 10, 16, 24, 17, 23, 19, 0], [27, 1, 7, 11, 5, 17, 13, 12, 20, 4, 19, 0], [3, 5, 11, 25, 0, 0, 0, 0, 0, 0, 0, 0], [19, 11, 0, 0, 0, 0, 0, 0, 0, 0, 0, 0]]
valid routes=1.0
norm-reward=0.7704766577613896
[ 34 iterations]
real=[[26, 18, 14, 13, 11, 8, 1, 12, 7, 3, 2, 0], [27, 21, 20, 16, 12, 13, 7, 6, 8, 5, 10, 0], [27, 26, 23, 12, 15, 20, 7, 9, 17, 0, 0, 0], [28, 26, 22, 11, 8, 7, 1, 6, 4, 5, 9, 0], [28, 13, 21, 14, 11, 0, 0, 0, 0, 0, 0, 0], [28, 26, 22, 19, 15, 13, 14, 4, 17, 6, 2, 0], [28, 23, 22, 20, 12, 2, 1, 6, 4, 5, 10, 0], [27, 23, 20, 17, 14, 2, 8, 12, 5, 3, 9, 0], [26, 25, 24, 21, 15, 13, 8, 12, 20, 3, 9, 0], [21, 20, 18, 17, 15, 7, 14, 4, 5, 3, 12, 0]]
gen=[[3, 7, 11, 1, 2, 26, 18, 14, 12, 13, 8, 0], [27, 7, 6, 5, 20, 8, 21, 16, 10, 13, 12, 0], [27, 7, 20, 9, 26, 15, 12, 23, 17, 0, 0, 0], [28, 7, 4, 5, 22, 26, 11, 1, 6, 9, 8, 0], [28, 13, 11, 14, 21, 0, 0, 0, 0, 0, 0, 0], [28, 2, 13, 4, 26, 22, 14, 6, 15, 19, 17, 0], [28, 4, 2, 5, 23, 22, 10, 6, 20, 1, 12, 0], [3, 8, 5, 2, 14, 20, 17, 27, 23, 12, 9, 0], [3, 20, 15, 26, 25, 12, 13, 24, 8, 21, 9, 0], [3, 18, 7, 5, 14, 20, 21, 4, 15, 12, 17, 0]]
valid routes=1.0
norm-reward=0.7719347481592022
[ 35 iterations]
real=[[27, 26, 25, 24, 19, 18, 8, 6, 5, 15, 22, 0], [26, 23, 20, 18, 14, 13, 7, 4, 8, 1, 9, 0], [22, 12, 26, 1, 11, 18, 0, 0, 0, 0, 0, 0], [6, 0, 0, 0, 0, 0, 0, 0, 0, 0, 0, 0], [23, 20, 16, 6, 11, 13, 7, 12, 8, 0, 0, 0], [28, 25, 23, 18, 16, 11, 1, 6, 5, 12, 13, 0], [26, 25, 22, 20, 15, 13, 17, 4, 5, 12, 10, 0], [26, 24, 21, 5, 19, 18, 7, 16, 10, 0, 0, 0], [24, 19, 21, 0, 0, 0, 0, 0, 0, 0, 0, 0], [28, 27, 26, 23, 15, 14, 1, 6, 19, 3, 10, 0]]
gen=[[27, 19, 8, 18, 5, 26, 22, 6, 24, 25, 15, 0], [13, 7, 20, 1, 26, 9, 18, 14, 23, 8, 4, 0], [1, 22, 26, 11, 12, 18, 0, 0, 0, 0, 0, 0], [6, 0, 0, 0, 0, 0, 0, 0, 0, 0, 0, 0], [7, 8, 13, 11, 20, 12, 16, 6, 23, 0, 0, 0], [28, 16, 5, 23, 11, 6, 25, 18, 1, 13, 12, 0], [5, 22, 15, 26, 13, 12, 10, 20, 17, 4, 25, 0], [7, 18, 26, 5, 21, 10, 24, 16, 19, 0, 0, 0], [21, 24, 19, 0, 0, 0, 0, 0, 0, 0, 0, 0], [28, 14, 15, 6, 26, 3, 27, 1, 10, 19, 23, 0]]
valid routes=1.0
norm-reward=0.7723265687351862
[ 36 iterations]
real=[[25, 23, 22, 21, 19, 20, 17, 4, 5, 12, 10, 0], [28, 27, 24, 18, 17, 2, 15, 16, 4, 3, 9, 0], [27, 25, 22, 19, 16, 18, 7, 12, 10, 1, 9, 0], [26, 25, 23, 22, 17, 18, 7, 4, 8, 11, 2, 0], [28, 26, 25, 22, 19, 21, 7, 6, 17, 10, 13, 0], [27, 20, 10, 2, 19, 18, 21, 0, 0, 0, 0, 0], [28, 26, 25, 17, 15, 13, 14, 6, 8, 12, 10, 0], [24, 22, 19, 14, 11, 2, 8, 9, 5, 1, 10, 0], [28, 24, 22, 18, 17, 11, 1, 6, 5, 3, 12, 0], [26, 19, 22, 24, 15, 5, 25, 0, 0, 0, 0, 0]]
gen=[[4, 5, 22, 20, 10, 23, 25, 17, 19, 21, 12, 0], [28, 18, 2, 4, 3, 27, 17, 16, 9, 24, 15, 0], [27, 7, 16, 10, 12, 22, 1, 18, 9, 19, 25, 0], [2, 7, 26, 18, 22, 11, 4, 8, 25, 17, 23, 0], [28, 7, 26, 13, 22, 10, 6, 25, 17, 21, 19, 0], [27, 18, 2, 20, 10, 19, 21, 0, 0, 0, 0, 0], [28, 6, 10, 15, 26, 25, 14, 8, 12, 13, 17, 0], [5, 14, 11, 2, 10, 1, 24, 22, 8, 19, 9, 0], [28, 18, 22, 5, 17, 3, 11, 1, 6, 12, 24, 0], [26, 19, 22, 5, 25, 24, 15, 0, 0, 0, 0, 0]]
valid routes=1.0
norm-reward=0.7627972556608581
[ 37 iterations]
real=[[27, 24, 23, 18, 14, 13, 1, 4, 7, 3, 10, 0], [25, 24, 22, 21, 17, 7, 14, 6, 3, 12, 2, 0], [5, 20, 12, 0, 0, 0, 0, 0, 0, 0, 0, 0], [24, 21, 16, 15, 14, 8, 7, 4, 5, 12, 13, 0], [13, 3, 0, 0, 0, 0, 0, 0, 0, 0, 0, 0], [26, 22, 21, 20, 11, 18, 1, 6, 4, 5, 2, 0], [28, 27, 18, 17, 15, 8, 14, 11, 10, 1, 9, 0], [25, 24, 22, 17, 11, 20, 8, 16, 5, 1, 0, 0], [26, 24, 19, 13, 11, 12, 8, 6, 4, 3, 9, 0], [28, 27, 16, 14, 11, 9, 12, 6, 10, 3, 2, 0]]
gen=[[3, 7, 24, 10, 4, 1, 14, 18, 27, 13, 23, 0], [3, 7, 22, 2, 14, 17, 12, 6, 25, 24, 21, 0], [5, 12, 20, 0, 0, 0, 0, 0, 0, 0, 0, 0], [13, 4, 7, 24, 8, 5, 12, 15, 21, 14, 16, 0], [3, 13, 0, 0, 0, 0, 0, 0, 0, 0, 0, 0], [1, 18, 11, 5, 6, 26, 2, 22, 4, 20, 21, 0], [28, 1, 10, 8, 27, 18, 11, 14, 9, 17, 15, 0], [11, 1, 16, 8, 17, 20, 5, 24, 22, 25, 0, 0], [3, 11, 26, 12, 8, 6, 13, 24, 4, 9, 19, 0], [28, 3, 11, 27, 2, 14, 12, 10, 6, 9, 16, 0]]
valid routes=1.0
norm-reward=0.7760377659494262
[ 38 iterations]
real=[[27, 26, 24, 22, 17, 14, 7, 13, 20, 10, 9, 0], [28, 26, 25, 23, 22, 18, 8, 1, 17, 3, 9, 0], [28, 27, 26, 25, 15, 18, 10, 6, 19, 0, 0, 0], [26, 15, 17, 0, 0, 0, 0, 0, 0, 0, 0, 0], [27, 17, 16, 24, 1, 8, 7, 6, 0, 0, 0, 0], [28, 24, 23, 21, 17, 18, 15, 4, 11, 12, 9, 0], [24, 23, 20, 17, 15, 11, 7, 4, 10, 9, 16, 0], [25, 16, 10, 17, 15, 21, 14, 0, 0, 0, 0, 0], [28, 27, 26, 24, 16, 20, 14, 6, 5, 3, 10, 0], [26, 19, 17, 16, 15, 13, 14, 12, 8, 11, 9, 0]]
gen=[[13, 7, 10, 26, 22, 27, 14, 20, 24, 17, 9, 0], [28, 22, 18, 26, 3, 8, 1, 23, 9, 17, 25, 0], [28, 26, 27, 18, 10, 25, 15, 6, 19, 0, 0, 0], [26, 15, 17, 0, 0, 0, 0, 0, 0, 0, 0, 0], [27, 7, 24, 1, 16, 6, 8, 17, 0, 0, 0, 0], [28, 21, 12, 17, 11, 4, 9, 23, 24, 18, 15, 0], [7, 23, 20, 11, 4, 10, 9, 15, 24, 17, 16, 0], [15, 10, 25, 14, 17, 21, 16, 0, 0, 0, 0, 0], [28, 3, 27, 26, 14, 5, 10, 16, 6, 20, 24, 0], [13, 9, 15, 16, 26, 11, 17, 12, 14, 8, 19, 0]]
valid routes=1.0
norm-reward=0.7742574726793167
[ 39 iterations]
real=[[19, 8, 0, 0, 0, 0, 0, 0, 0, 0, 0, 0], [9, 20, 21, 23, 22, 0, 0, 0, 0, 0, 0, 0], [28, 26, 24, 23, 22, 21, 7, 16, 20, 11, 9, 0], [26, 24, 18, 17, 12, 13, 1, 4, 8, 3, 10, 0], [28, 23, 21, 19, 17, 13, 7, 11, 10, 3, 2, 0], [23, 20, 19, 13, 11, 18, 4, 9, 5, 0, 0, 0], [27, 25, 23, 21, 20, 13, 1, 12, 19, 5, 16, 0], [23, 22, 20, 13, 11, 8, 7, 6, 5, 1, 2, 0], [5, 26, 28, 13, 15, 0, 0, 0, 0, 0, 0, 0], [3, 20, 1, 0, 0, 0, 0, 0, 0, 0, 0, 0]]
gen=[[8, 19, 0, 0, 0, 0, 0, 0, 0, 0, 0, 0], [22, 23, 20, 9, 21, 0, 0, 0, 0, 0, 0, 0], [28, 7, 22, 16, 11, 26, 20, 9, 24, 21, 23, 0], [3, 10, 4, 24, 1, 8, 26, 13, 12, 18, 17, 0], [28, 7, 11, 2, 10, 23, 13, 17, 21, 3, 19, 0], [18, 23, 5, 19, 4, 13, 11, 20, 9, 0, 0, 0], [27, 16, 25, 13, 5, 19, 1, 21, 20, 12, 23, 0], [7, 6, 11, 5, 22, 2, 23, 20, 13, 1, 8, 0], [28, 5, 26, 13, 15, 0, 0, 0, 0, 0, 0, 0], [3, 20, 1, 0, 0, 0, 0, 0, 0, 0, 0, 0]]
valid routes=1.0
norm-reward=0.7745215580826074
[ 40 iterations]
real=[[24, 23, 19, 17, 16, 2, 8, 6, 4, 5, 9, 0], [27, 26, 24, 23, 13, 21, 1, 6, 4, 9, 2, 0], [20, 17, 15, 6, 1, 13, 14, 12, 8, 0, 0, 0], [21, 19, 18, 16, 11, 2, 7, 5, 8, 3, 9, 0], [27, 25, 24, 23, 22, 18, 21, 4, 19, 6, 13, 0], [28, 27, 21, 23, 3, 18, 20, 25, 0, 0, 0, 0], [24, 22, 21, 20, 18, 13, 14, 11, 3, 1, 16, 0], [28, 27, 26, 23, 22, 13, 7, 14, 8, 15, 16, 0], [27, 21, 18, 15, 12, 14, 7, 4, 11, 3, 9, 0], [24, 19, 17, 14, 12, 11, 1, 4, 5, 3, 13, 0]]
gen=[[2, 9, 8, 19, 5, 6, 16, 23, 24, 4, 17, 0], [27, 1, 2, 6, 26, 24, 4, 13, 23, 9, 21, 0], [13, 17, 20, 6, 14, 1, 8, 15, 12, 0, 0, 0], [3, 7, 2, 11, 5, 19, 18, 9, 16, 8, 21, 0], [27, 6, 18, 4, 24, 23, 22, 13, 25, 19, 21, 0], [28, 25, 27, 21, 20, 3, 23, 18, 0, 0, 0, 0], [3, 11, 18, 24, 20, 13, 22, 14, 1, 21, 16, 0], [28, 7, 22, 14, 27, 26, 16, 8, 15, 13, 23, 0], [3, 7, 14, 11, 27, 18, 9, 15, 12, 4, 21, 0], [3, 13, 11, 14, 5, 24, 17, 1, 19, 4, 12, 0]]
valid routes=1.0
norm-reward=0.7780488807628725
[ 41 iterations]
real=[[27, 26, 24, 23, 16, 13, 21, 6, 2, 1, 9, 0], [28, 27, 26, 25, 22, 18, 21, 13, 15, 3, 2, 0], [27, 24, 21, 20, 14, 13, 8, 11, 10, 1, 2, 0], [27, 24, 20, 17, 12, 14, 8, 6, 10, 11, 2, 0], [28, 25, 24, 22, 18, 21, 14, 4, 7, 6, 9, 0], [9, 19, 10, 5, 11, 13, 0, 0, 0, 0, 0, 0], [28, 22, 19, 17, 12, 8, 7, 4, 5, 1, 13, 0], [28, 25, 22, 1, 15, 18, 3, 9, 19, 0, 0, 0], [28, 25, 24, 20, 19, 4, 14, 6, 5, 1, 12, 0], [27, 25, 22, 19, 17, 13, 7, 5, 0, 0, 0, 0]]
gen=[[27, 2, 24, 23, 1, 26, 6, 13, 9, 21, 16, 0], [28, 3, 2, 27, 26, 15, 21, 18, 13, 22, 25, 0], [27, 24, 2, 8, 20, 1, 14, 11, 10, 21, 13, 0], [27, 6, 2, 10, 14, 11, 17, 20, 8, 12, 24, 0], [28, 7, 24, 14, 6, 18, 22, 4, 25, 21, 9, 0], [5, 11, 9, 19, 10, 13, 0, 0, 0, 0, 0, 0], [28, 7, 4, 5, 1, 12, 8, 17, 13, 22, 19, 0], [28, 3, 1, 25, 18, 9, 22, 15, 19, 0, 0, 0], [28, 25, 4, 5, 6, 1, 12, 20, 19, 14, 24, 0], [5, 7, 25, 22, 13, 27, 19, 17, 0, 0, 0, 0]]
valid routes=1.0
norm-reward=0.7735281854687702
[ 42 iterations]
real=[[28, 26, 23, 22, 20, 18, 21, 6, 8, 1, 15, 0], [26, 25, 21, 16, 13, 11, 14, 6, 8, 1, 10, 0], [28, 26, 24, 20, 18, 13, 7, 12, 19, 3, 9, 0], [26, 25, 23, 20, 18, 2, 1, 16, 5, 3, 10, 0], [22, 20, 16, 12, 10, 7, 1, 5, 8, 3, 9, 0], [28, 26, 24, 17, 14, 4, 7, 6, 8, 12, 13, 0], [26, 23, 22, 20, 19, 18, 7, 6, 8, 9, 2, 0], [5, 0, 0, 0, 0, 0, 0, 0, 0, 0, 0, 0], [27, 26, 23, 21, 15, 11, 7, 16, 8, 1, 2, 0], [26, 25, 24, 22, 20, 21, 8, 5, 10, 3, 2, 0]]
gen=[[28, 22, 1, 26, 18, 21, 6, 20, 8, 15, 23, 0], [8, 25, 11, 13, 26, 1, 14, 10, 6, 21, 16, 0], [28, 7, 3, 20, 18, 24, 26, 13, 9, 12, 19, 0], [3, 1, 10, 18, 2, 5, 26, 20, 23, 16, 25, 0], [3, 7, 5, 9, 10, 20, 1, 8, 22, 16, 12, 0], [28, 7, 6, 12, 24, 17, 4, 14, 26, 8, 13, 0], [7, 22, 8, 2, 19, 26, 18, 6, 20, 9, 23, 0], [5, 0, 0, 0, 0, 0, 0, 0, 0, 0, 0, 0], [27, 7, 26, 11, 2, 8, 21, 1, 15, 16, 23, 0], [3, 2, 26, 8, 5, 25, 20, 22, 10, 21, 24, 0]]
valid routes=1.0
norm-reward=0.7660552740821851
[ 43 iterations]
real=[[25, 19, 26, 1, 8, 4, 21, 0, 0, 0, 0, 0], [28, 26, 23, 19, 11, 4, 17, 9, 10, 0, 0, 0], [27, 26, 25, 23, 22, 13, 1, 16, 8, 3, 10, 0], [25, 23, 22, 17, 16, 8, 14, 6, 5, 12, 4, 0], [22, 23, 21, 13, 0, 0, 0, 0, 0, 0, 0, 0], [27, 25, 24, 23, 18, 21, 1, 6, 8, 9, 16, 0], [27, 24, 23, 19, 17, 4, 1, 16, 10, 3, 9, 0], [27, 20, 19, 17, 12, 11, 7, 4, 5, 1, 13, 0], [5, 11, 3, 25, 0, 0, 0, 0, 0, 0, 0, 0], [11, 19, 0, 0, 0, 0, 0, 0, 0, 0, 0, 0]]
gen=[[8, 25, 26, 1, 21, 19, 4, 0, 0, 0, 0, 0], [28, 26, 11, 10, 17, 4, 9, 23, 19, 0, 0, 0], [3, 26, 8, 10, 25, 27, 1, 16, 22, 23, 13, 0], [8, 5, 14, 16, 23, 6, 4, 25, 22, 12, 17, 0], [21, 13, 22, 23, 0, 0, 0, 0, 0, 0, 0, 0], [27, 9, 18, 1, 6, 21, 8, 25, 16, 23, 24, 0], [3, 1, 27, 4, 17, 23, 10, 19, 9, 24, 16, 0], [27, 7, 1, 5, 4, 17, 20, 11, 13, 19, 12, 0], [3, 11, 5, 25, 0, 0, 0, 0, 0, 0, 0, 0], [11, 19, 0, 0, 0, 0, 0, 0, 0, 0, 0, 0]]
valid routes=1.0
norm-reward=0.7703556571271729
[ 44 iterations]
real=[[26, 18, 14, 13, 11, 8, 1, 12, 7, 3, 2, 0], [27, 21, 20, 16, 12, 13, 7, 6, 8, 5, 10, 0], [27, 26, 23, 12, 15, 20, 7, 9, 17, 0, 0, 0], [28, 26, 22, 11, 8, 7, 1, 6, 4, 5, 9, 0], [28, 13, 21, 14, 11, 0, 0, 0, 0, 0, 0, 0], [28, 26, 22, 19, 15, 13, 14, 4, 17, 6, 2, 0], [28, 23, 22, 20, 12, 2, 1, 6, 4, 5, 10, 0], [27, 23, 20, 17, 14, 2, 8, 12, 5, 3, 9, 0], [26, 25, 24, 21, 15, 13, 8, 12, 20, 3, 9, 0], [21, 20, 18, 17, 15, 7, 14, 4, 5, 3, 12, 0]]
gen=[[3, 7, 2, 11, 1, 26, 14, 8, 18, 13, 12, 0], [8, 7, 5, 6, 12, 21, 10, 27, 20, 16, 13, 0], [27, 7, 9, 20, 23, 12, 26, 15, 17, 0, 0, 0], [28, 7, 11, 5, 22, 8, 9, 6, 1, 26, 4, 0], [28, 14, 11, 21, 13, 0, 0, 0, 0, 0, 0, 0], [28, 17, 6, 15, 2, 26, 19, 14, 22, 4, 13, 0], [28, 20, 6, 5, 10, 2, 22, 1, 23, 12, 4, 0], [3, 9, 23, 5, 2, 27, 14, 20, 17, 12, 8, 0], [3, 25, 20, 9, 8, 26, 12, 21, 24, 15, 13, 0], [3, 7, 5, 21, 20, 15, 14, 17, 18, 12, 4, 0]]
valid routes=1.0
norm-reward=0.772411864040624
[ 45 iterations]
real=[[27, 26, 25, 24, 19, 18, 8, 6, 5, 15, 22, 0], [26, 23, 20, 18, 14, 13, 7, 4, 8, 1, 9, 0], [22, 12, 26, 1, 11, 18, 0, 0, 0, 0, 0, 0], [6, 0, 0, 0, 0, 0, 0, 0, 0, 0, 0, 0], [23, 20, 16, 6, 11, 13, 7, 12, 8, 0, 0, 0], [28, 25, 23, 18, 16, 11, 1, 6, 5, 12, 13, 0], [26, 25, 22, 20, 15, 13, 17, 4, 5, 12, 10, 0], [26, 24, 21, 5, 19, 18, 7, 16, 10, 0, 0, 0], [24, 19, 21, 0, 0, 0, 0, 0, 0, 0, 0, 0], [28, 27, 26, 23, 15, 14, 1, 6, 19, 3, 10, 0]]
gen=[[27, 15, 19, 18, 26, 5, 8, 6, 25, 22, 24, 0], [13, 7, 1, 18, 14, 26, 23, 4, 8, 9, 20, 0], [18, 11, 12, 26, 1, 22, 0, 0, 0, 0, 0, 0], [6, 0, 0, 0, 0, 0, 0, 0, 0, 0, 0, 0], [12, 7, 11, 23, 20, 6, 8, 16, 13, 0, 0, 0], [28, 1, 18, 11, 5, 6, 16, 13, 23, 25, 12, 0], [13, 15, 5, 20, 25, 4, 17, 10, 26, 12, 22, 0], [7, 21, 18, 16, 26, 5, 10, 19, 24, 0, 0, 0], [21, 19, 24, 0, 0, 0, 0, 0, 0, 0, 0, 0], [28, 3, 1, 10, 14, 6, 26, 27, 23, 15, 19, 0]]
valid routes=1.0
norm-reward=0.7768283744731523
[ 46 iterations]
real=[[25, 23, 22, 21, 19, 20, 17, 4, 5, 12, 10, 0], [28, 27, 24, 18, 17, 2, 15, 16, 4, 3, 9, 0], [27, 25, 22, 19, 16, 18, 7, 12, 10, 1, 9, 0], [26, 25, 23, 22, 17, 18, 7, 4, 8, 11, 2, 0], [28, 26, 25, 22, 19, 21, 7, 6, 17, 10, 13, 0], [27, 20, 10, 2, 19, 18, 21, 0, 0, 0, 0, 0], [28, 26, 25, 17, 15, 13, 14, 6, 8, 12, 10, 0], [24, 22, 19, 14, 11, 2, 8, 9, 5, 1, 10, 0], [28, 24, 22, 18, 17, 11, 1, 6, 5, 3, 12, 0], [26, 19, 22, 24, 15, 5, 25, 0, 0, 0, 0, 0]]
gen=[[20, 21, 4, 12, 5, 25, 10, 23, 19, 22, 17, 0], [28, 9, 18, 17, 2, 16, 3, 24, 27, 15, 4, 0], [27, 7, 1, 9, 16, 10, 25, 18, 12, 22, 19, 0], [26, 7, 23, 18, 2, 17, 11, 22, 4, 8, 25, 0], [28, 7, 10, 19, 17, 25, 26, 21, 6, 13, 22, 0], [27, 18, 10, 2, 20, 19, 21, 0, 0, 0, 0, 0], [28, 8, 12, 10, 6, 25, 26, 14, 17, 13, 15, 0], [5, 11, 10, 14, 2, 9, 1, 19, 8, 24, 22, 0], [28, 11, 24, 6, 5, 1, 18, 17, 3, 22, 12, 0], [5, 26, 19, 25, 22, 15, 24, 0, 0, 0, 0, 0]]
valid routes=1.0
norm-reward=0.7724119754213822
[ 47 iterations]
real=[[27, 24, 23, 18, 14, 13, 1, 4, 7, 3, 10, 0], [25, 24, 22, 21, 17, 7, 14, 6, 3, 12, 2, 0], [5, 20, 12, 0, 0, 0, 0, 0, 0, 0, 0, 0], [24, 21, 16, 15, 14, 8, 7, 4, 5, 12, 13, 0], [13, 3, 0, 0, 0, 0, 0, 0, 0, 0, 0, 0], [26, 22, 21, 20, 11, 18, 1, 6, 4, 5, 2, 0], [28, 27, 18, 17, 15, 8, 14, 11, 10, 1, 9, 0], [25, 24, 22, 17, 11, 20, 8, 16, 5, 1, 0, 0], [26, 24, 19, 13, 11, 12, 8, 6, 4, 3, 9, 0], [28, 27, 16, 14, 11, 9, 12, 6, 10, 3, 2, 0]]
gen=[[3, 7, 14, 18, 10, 24, 23, 1, 4, 13, 27, 0], [3, 21, 7, 17, 2, 14, 22, 24, 6, 12, 25, 0], [5, 20, 12, 0, 0, 0, 0, 0, 0, 0, 0, 0], [5, 7, 4, 21, 14, 8, 24, 13, 12, 16, 15, 0], [3, 13, 0, 0, 0, 0, 0, 0, 0, 0, 0, 0], [5, 6, 21, 11, 26, 2, 1, 4, 18, 20, 22, 0], [28, 18, 9, 1, 11, 8, 14, 17, 15, 10, 27, 0], [5, 20, 11, 1, 25, 8, 17, 16, 24, 22, 0, 0], [3, 9, 6, 11, 26, 12, 8, 13, 4, 19, 24, 0], [28, 9, 11, 16, 2, 12, 14, 6, 10, 27, 3, 0]]
valid routes=1.0
norm-reward=0.7749750922174187
[ 48 iterations]
real=[[27, 26, 24, 22, 17, 14, 7, 13, 20, 10, 9, 0], [28, 26, 25, 23, 22, 18, 8, 1, 17, 3, 9, 0], [28, 27, 26, 25, 15, 18, 10, 6, 19, 0, 0, 0], [26, 15, 17, 0, 0, 0, 0, 0, 0, 0, 0, 0], [27, 17, 16, 24, 1, 8, 7, 6, 0, 0, 0, 0], [28, 24, 23, 21, 17, 18, 15, 4, 11, 12, 9, 0], [24, 23, 20, 17, 15, 11, 7, 4, 10, 9, 16, 0], [25, 16, 10, 17, 15, 21, 14, 0, 0, 0, 0, 0], [28, 27, 26, 24, 16, 20, 14, 6, 5, 3, 10, 0], [26, 19, 17, 16, 15, 13, 14, 12, 8, 11, 9, 0]]
gen=[[27, 7, 9, 10, 20, 13, 14, 26, 22, 17, 24, 0], [28, 3, 23, 18, 25, 9, 1, 26, 8, 22, 17, 0], [28, 26, 18, 6, 19, 10, 25, 15, 27, 0, 0, 0], [26, 15, 17, 0, 0, 0, 0, 0, 0, 0, 0, 0], [16, 24, 7, 1, 6, 27, 8, 17, 0, 0, 0, 0], [28, 9, 18, 11, 21, 23, 17, 12, 4, 24, 15, 0], [4, 7, 10, 9, 20, 23, 11, 17, 16, 24, 15, 0], [15, 25, 10, 17, 14, 21, 16, 0, 0, 0, 0, 0], [28, 6, 26, 10, 5, 16, 14, 3, 20, 27, 24, 0], [13, 9, 14, 11, 8, 26, 16, 15, 12, 19, 17, 0]]
valid routes=1.0
norm-reward=0.7802255870458922
[ 49 iterations]
real=[[19, 8, 0, 0, 0, 0, 0, 0, 0, 0, 0, 0], [9, 20, 21, 23, 22, 0, 0, 0, 0, 0, 0, 0], [28, 26, 24, 23, 22, 21, 7, 16, 20, 11, 9, 0], [26, 24, 18, 17, 12, 13, 1, 4, 8, 3, 10, 0], [28, 23, 21, 19, 17, 13, 7, 11, 10, 3, 2, 0], [23, 20, 19, 13, 11, 18, 4, 9, 5, 0, 0, 0], [27, 25, 23, 21, 20, 13, 1, 12, 19, 5, 16, 0], [23, 22, 20, 13, 11, 8, 7, 6, 5, 1, 2, 0], [5, 26, 28, 13, 15, 0, 0, 0, 0, 0, 0, 0], [3, 20, 1, 0, 0, 0, 0, 0, 0, 0, 0, 0]]
gen=[[8, 19, 0, 0, 0, 0, 0, 0, 0, 0, 0, 0], [20, 9, 23, 22, 21, 0, 0, 0, 0, 0, 0, 0], [28, 7, 20, 9, 22, 21, 11, 23, 24, 26, 16, 0], [3, 1, 12, 10, 18, 17, 8, 4, 26, 13, 24, 0], [28, 7, 3, 11, 2, 13, 10, 17, 19, 23, 21, 0], [13, 9, 18, 11, 5, 23, 20, 19, 4, 0, 0, 0], [27, 21, 12, 16, 5, 20, 19, 23, 1, 13, 25, 0], [2, 7, 1, 5, 11, 23, 8, 13, 20, 6, 22, 0], [28, 13, 5, 26, 15, 0, 0, 0, 0, 0, 0, 0], [3, 1, 20, 0, 0, 0, 0, 0, 0, 0, 0, 0]]
valid routes=1.0
norm-reward=0.7760244278988354
