read problem
[ 1 iterations]
real=[[27, 26, 24, 23, 16, 13, 21, 6, 2, 1, 9, 0], [28, 27, 26, 25, 22, 18, 21, 13, 15, 3, 2, 0], [27, 24, 21, 20, 14, 13, 8, 11, 10, 1, 2, 0], [27, 24, 20, 17, 12, 14, 8, 6, 10, 11, 2, 0], [28, 25, 24, 22, 18, 21, 14, 4, 7, 6, 9, 0], [9, 19, 10, 5, 11, 13, 0, 0, 0, 0, 0, 0], [28, 22, 19, 17, 12, 8, 7, 4, 5, 1, 13, 0], [28, 25, 22, 1, 15, 18, 3, 9, 19, 0, 0, 0], [28, 25, 24, 20, 19, 4, 14, 6, 5, 1, 12, 0], [27, 25, 22, 19, 17, 13, 7, 5, 0, 0, 0, 0]]
gen=[[21, 21, 21, 0, 0, 0, 0, 0, 0, 0, 0, 0], [13, 0, 0, 0, 0, 0, 0, 0, 0, 0, 0, 0], [13, 13, 0, 0, 0, 0, 0, 0, 0, 0, 0, 0], [17, 0, 0, 0, 0, 0, 0, 0, 0, 0, 0, 0], [17, 0, 0, 0, 0, 0, 0, 0, 0, 0, 0, 0], [0, 0, 0, 0, 0, 0, 0, 0, 0, 0, 0, 0], [13, 0, 0, 0, 0, 0, 0, 0, 0, 0, 0, 0], [14, 0, 0, 0, 0, 0, 0, 0, 0, 0, 0, 0], [7, 0, 0, 0, 0, 0, 0, 0, 0, 0, 0, 0], [0, 0, 0, 0, 0, 0, 0, 0, 0, 0, 0, 0]]
valid routes=0.0
norm-reward=0.7196365553525986
[ 2 iterations]
real=[[28, 26, 23, 22, 20, 18, 21, 6, 8, 1, 15, 0], [26, 25, 21, 16, 13, 11, 14, 6, 8, 1, 10, 0], [28, 26, 24, 20, 18, 13, 7, 12, 19, 3, 9, 0], [26, 25, 23, 20, 18, 2, 1, 16, 5, 3, 10, 0], [22, 20, 16, 12, 10, 7, 1, 5, 8, 3, 9, 0], [28, 26, 24, 17, 14, 4, 7, 6, 8, 12, 13, 0], [26, 23, 22, 20, 19, 18, 7, 6, 8, 9, 2, 0], [5, 0, 0, 0, 0, 0, 0, 0, 0, 0, 0, 0], [27, 26, 23, 21, 15, 11, 7, 16, 8, 1, 2, 0], [26, 25, 24, 22, 20, 21, 8, 5, 10, 3, 2, 0]]
gen=[[25, 26, 11, 11, 0, 0, 0, 0, 0, 0, 0, 0], [26, 25, 11, 11, 0, 0, 0, 0, 0, 0, 0, 0], [11, 11, 0, 0, 0, 0, 0, 0, 0, 0, 0, 0], [25, 11, 11, 0, 0, 0, 0, 0, 0, 0, 0, 0], [25, 11, 11, 0, 0, 0, 0, 0, 0, 0, 0, 0], [26, 25, 25, 11, 11, 0, 0, 0, 0, 0, 0, 0], [25, 11, 11, 0, 0, 0, 0, 0, 0, 0, 0, 0], [11, 11, 11, 0, 0, 0, 0, 0, 0, 0, 0, 0], [25, 11, 0, 0, 0, 0, 0, 0, 0, 0, 0, 0], [25, 25, 11, 11, 0, 0, 0, 0, 0, 0, 0, 0]]
valid routes=0.0
norm-reward=0.8403513765392792
[ 3 iterations]
real=[[25, 19, 26, 1, 8, 4, 21, 0, 0, 0, 0, 0], [28, 26, 23, 19, 11, 4, 17, 9, 10, 0, 0, 0], [27, 26, 25, 23, 22, 13, 1, 16, 8, 3, 10, 0], [25, 23, 22, 17, 16, 8, 14, 6, 5, 12, 4, 0], [22, 23, 21, 13, 0, 0, 0, 0, 0, 0, 0, 0], [27, 25, 24, 23, 18, 21, 1, 6, 8, 9, 16, 0], [27, 24, 23, 19, 17, 4, 1, 16, 10, 3, 9, 0], [27, 20, 19, 17, 12, 11, 7, 4, 5, 1, 13, 0], [5, 11, 3, 25, 0, 0, 0, 0, 0, 0, 0, 0], [11, 19, 0, 0, 0, 0, 0, 0, 0, 0, 0, 0]]
gen=[[28, 5, 5, 5, 5, 5, 5, 5, 5, 5, 5, 5], [5, 5, 5, 5, 5, 5, 5, 5, 5, 5, 5, 5], [28, 23, 5, 5, 5, 5, 5, 5, 5, 5, 5, 5], [5, 5, 5, 5, 5, 5, 5, 5, 5, 5, 5, 5], [28, 5, 5, 5, 5, 5, 5, 5, 5, 5, 5, 5], [5, 5, 5, 5, 5, 5, 5, 5, 5, 5, 5, 5], [28, 5, 5, 5, 5, 5, 5, 5, 5, 5, 5, 5], [28, 23, 5, 5, 5, 5, 5, 5, 5, 5, 5, 5], [5, 5, 5, 5, 5, 5, 5, 5, 5, 5, 5, 5], [28, 23, 5, 5, 5, 5, 5, 5, 5, 5, 5, 5]]
valid routes=0.0
norm-reward=0.7822157462999063
[ 4 iterations]
real=[[26, 18, 14, 13, 11, 8, 1, 12, 7, 3, 2, 0], [27, 21, 20, 16, 12, 13, 7, 6, 8, 5, 10, 0], [27, 26, 23, 12, 15, 20, 7, 9, 17, 0, 0, 0], [28, 26, 22, 11, 8, 7, 1, 6, 4, 5, 9, 0], [28, 13, 21, 14, 11, 0, 0, 0, 0, 0, 0, 0], [28, 26, 22, 19, 15, 13, 14, 4, 17, 6, 2, 0], [28, 23, 22, 20, 12, 2, 1, 6, 4, 5, 10, 0], [27, 23, 20, 17, 14, 2, 8, 12, 5, 3, 9, 0], [26, 25, 24, 21, 15, 13, 8, 12, 20, 3, 9, 0], [21, 20, 18, 17, 15, 7, 14, 4, 5, 3, 12, 0]]
gen=[[28, 24, 18, 18, 18, 18, 18, 18, 18, 18, 18, 18], [28, 24, 18, 18, 18, 18, 18, 18, 18, 18, 18, 18], [28, 24, 18, 18, 18, 18, 18, 18, 18, 18, 18, 18], [28, 24, 18, 18, 18, 18, 18, 18, 18, 18, 18, 18], [28, 24, 18, 18, 18, 18, 18, 18, 18, 18, 18, 18], [28, 24, 18, 18, 18, 18, 18, 18, 18, 18, 18, 18], [28, 18, 18, 18, 18, 18, 18, 18, 18, 18, 18, 18], [28, 24, 18, 18, 18, 18, 18, 18, 18, 18, 18, 18], [28, 24, 18, 18, 18, 18, 18, 18, 18, 18, 18, 18], [28, 18, 18, 18, 18, 18, 18, 18, 18, 18, 18, 18]]
valid routes=0.0
norm-reward=0.7563313766341686
[ 5 iterations]
real=[[27, 26, 25, 24, 19, 18, 8, 6, 5, 15, 22, 0], [26, 23, 20, 18, 14, 13, 7, 4, 8, 1, 9, 0], [22, 12, 26, 1, 11, 18, 0, 0, 0, 0, 0, 0], [6, 0, 0, 0, 0, 0, 0, 0, 0, 0, 0, 0], [23, 20, 16, 6, 11, 13, 7, 12, 8, 0, 0, 0], [28, 25, 23, 18, 16, 11, 1, 6, 5, 12, 13, 0], [26, 25, 22, 20, 15, 13, 17, 4, 5, 12, 10, 0], [26, 24, 21, 5, 19, 18, 7, 16, 10, 0, 0, 0], [24, 19, 21, 0, 0, 0, 0, 0, 0, 0, 0, 0], [28, 27, 26, 23, 15, 14, 1, 6, 19, 3, 10, 0]]
gen=[[28, 26, 26, 26, 26, 18, 18, 18, 18, 18, 18, 18], [28, 26, 26, 26, 26, 18, 18, 18, 18, 18, 18, 18], [28, 26, 26, 26, 26, 18, 18, 18, 18, 18, 18, 18], [28, 26, 26, 26, 18, 18, 18, 18, 18, 18, 18, 18], [28, 26, 26, 26, 26, 18, 18, 18, 18, 18, 18, 18], [28, 26, 26, 26, 26, 18, 18, 18, 18, 18, 18, 18], [5, 28, 26, 26, 26, 26, 18, 18, 18, 18, 18, 18], [28, 26, 26, 26, 26, 18, 18, 18, 18, 18, 18, 18], [28, 26, 26, 26, 26, 18, 18, 18, 18, 18, 18, 18], [28, 26, 26, 26, 26, 18, 18, 18, 18, 18, 18, 18]]
valid routes=0.0
norm-reward=0.8591993434852083
[ 6 iterations]
real=[[25, 23, 22, 21, 19, 20, 17, 4, 5, 12, 10, 0], [28, 27, 24, 18, 17, 2, 15, 16, 4, 3, 9, 0], [27, 25, 22, 19, 16, 18, 7, 12, 10, 1, 9, 0], [26, 25, 23, 22, 17, 18, 7, 4, 8, 11, 2, 0], [28, 26, 25, 22, 19, 21, 7, 6, 17, 10, 13, 0], [27, 20, 10, 2, 19, 18, 21, 0, 0, 0, 0, 0], [28, 26, 25, 17, 15, 13, 14, 6, 8, 12, 10, 0], [24, 22, 19, 14, 11, 2, 8, 9, 5, 1, 10, 0], [28, 24, 22, 18, 17, 11, 1, 6, 5, 3, 12, 0], [26, 19, 22, 24, 15, 5, 25, 0, 0, 0, 0, 0]]
gen=[[5, 26, 26, 26, 26, 18, 18, 18, 18, 18, 18, 18], [28, 26, 26, 26, 26, 18, 18, 18, 18, 18, 18, 18], [5, 26, 26, 26, 26, 18, 18, 18, 18, 18, 18, 18], [28, 26, 26, 26, 26, 18, 18, 18, 18, 18, 18, 18], [28, 26, 26, 26, 26, 18, 18, 18, 18, 18, 18, 18], [28, 26, 26, 26, 26, 18, 18, 18, 18, 18, 18, 18], [28, 26, 26, 26, 26, 18, 18, 18, 18, 18, 18, 18], [5, 26, 26, 26, 26, 18, 18, 18, 18, 18, 18, 18], [28, 26, 26, 26, 26, 18, 18, 18, 18, 18, 18, 18], [5, 26, 26, 26, 26, 18, 18, 18, 18, 18, 18, 18]]
valid routes=0.0
norm-reward=0.8687154620077476
[ 7 iterations]
real=[[27, 24, 23, 18, 14, 13, 1, 4, 7, 3, 10, 0], [25, 24, 22, 21, 17, 7, 14, 6, 3, 12, 2, 0], [5, 20, 12, 0, 0, 0, 0, 0, 0, 0, 0, 0], [24, 21, 16, 15, 14, 8, 7, 4, 5, 12, 13, 0], [13, 3, 0, 0, 0, 0, 0, 0, 0, 0, 0, 0], [26, 22, 21, 20, 11, 18, 1, 6, 4, 5, 2, 0], [28, 27, 18, 17, 15, 8, 14, 11, 10, 1, 9, 0], [25, 24, 22, 17, 11, 20, 8, 16, 5, 1, 0, 0], [26, 24, 19, 13, 11, 12, 8, 6, 4, 3, 9, 0], [28, 27, 16, 14, 11, 9, 12, 6, 10, 3, 2, 0]]
gen=[[5, 12, 22, 22, 22, 22, 22, 2, 2, 2, 2, 2], [5, 26, 26, 22, 22, 22, 22, 22, 22, 22, 2, 2], [5, 26, 22, 22, 22, 22, 22, 22, 22, 2, 2, 2], [5, 26, 26, 22, 22, 22, 22, 22, 22, 22, 22, 22], [5, 26, 22, 22, 22, 22, 2, 2, 2, 2, 2, 2], [5, 26, 26, 22, 22, 22, 22, 22, 22, 22, 22, 2], [5, 12, 22, 22, 22, 22, 22, 22, 2, 2, 2, 2], [5, 26, 22, 22, 22, 22, 22, 22, 22, 2, 2, 2], [5, 26, 26, 22, 22, 22, 22, 22, 22, 22, 22, 22], [5, 26, 26, 22, 22, 22, 22, 22, 22, 22, 2, 2]]
valid routes=0.0
norm-reward=0.8079394247061705
[ 8 iterations]
real=[[27, 26, 24, 22, 17, 14, 7, 13, 20, 10, 9, 0], [28, 26, 25, 23, 22, 18, 8, 1, 17, 3, 9, 0], [28, 27, 26, 25, 15, 18, 10, 6, 19, 0, 0, 0], [26, 15, 17, 0, 0, 0, 0, 0, 0, 0, 0, 0], [27, 17, 16, 24, 1, 8, 7, 6, 0, 0, 0, 0], [28, 24, 23, 21, 17, 18, 15, 4, 11, 12, 9, 0], [24, 23, 20, 17, 15, 11, 7, 4, 10, 9, 16, 0], [25, 16, 10, 17, 15, 21, 14, 0, 0, 0, 0, 0], [28, 27, 26, 24, 16, 20, 14, 6, 5, 3, 10, 0], [26, 19, 17, 16, 15, 13, 14, 12, 8, 11, 9, 0]]
gen=[[16, 17, 8, 8, 8, 8, 8, 8, 8, 8, 8, 8], [27, 22, 8, 8, 8, 8, 8, 8, 8, 8, 8, 8], [16, 21, 8, 8, 8, 8, 8, 8, 8, 8, 8, 8], [7, 21, 8, 8, 8, 8, 8, 8, 8, 8, 8, 8], [16, 17, 8, 8, 8, 8, 8, 8, 8, 8, 8, 8], [7, 21, 8, 8, 8, 8, 8, 8, 8, 8, 8, 8], [28, 15, 25, 15, 15, 21, 8, 8, 8, 8, 8, 8], [27, 21, 8, 8, 8, 8, 8, 8, 8, 8, 8, 8], [28, 17, 8, 8, 8, 8, 8, 8, 8, 8, 8, 8], [16, 21, 8, 8, 8, 8, 8, 8, 8, 8, 8, 8]]
valid routes=0.0
norm-reward=0.737078071036919
[ 9 iterations]
real=[[19, 8, 0, 0, 0, 0, 0, 0, 0, 0, 0, 0], [9, 20, 21, 23, 22, 0, 0, 0, 0, 0, 0, 0], [28, 26, 24, 23, 22, 21, 7, 16, 20, 11, 9, 0], [26, 24, 18, 17, 12, 13, 1, 4, 8, 3, 10, 0], [28, 23, 21, 19, 17, 13, 7, 11, 10, 3, 2, 0], [23, 20, 19, 13, 11, 18, 4, 9, 5, 0, 0, 0], [27, 25, 23, 21, 20, 13, 1, 12, 19, 5, 16, 0], [23, 22, 20, 13, 11, 8, 7, 6, 5, 1, 2, 0], [5, 26, 28, 13, 15, 0, 0, 0, 0, 0, 0, 0], [3, 20, 1, 0, 0, 0, 0, 0, 0, 0, 0, 0]]
gen=[[27, 27, 27, 25, 16, 7, 27, 27, 27, 25, 16, 7], [28, 27, 27, 25, 16, 7, 27, 27, 27, 25, 16, 7], [16, 16, 18, 27, 27, 27, 16, 16, 16, 27, 16, 16], [16, 16, 18, 27, 27, 27, 16, 16, 7, 27, 27, 27], [16, 16, 7, 27, 27, 27, 16, 16, 7, 27, 27, 27], [16, 27, 27, 25, 16, 7, 27, 27, 27, 27, 16, 7], [16, 16, 18, 27, 27, 27, 16, 16, 7, 27, 27, 27], [16, 21, 8, 27, 27, 27, 27, 27, 16, 16, 7, 27], [16, 21, 7, 27, 27, 27, 27, 16, 16, 27, 27, 27], [16, 16, 7, 27, 27, 27, 27, 16, 16, 27, 27, 27]]
valid routes=0.0
norm-reward=0.7155818854362265
[ 10 iterations]
real=[[24, 23, 19, 17, 16, 2, 8, 6, 4, 5, 9, 0], [27, 26, 24, 23, 13, 21, 1, 6, 4, 9, 2, 0], [20, 17, 15, 6, 1, 13, 14, 12, 8, 0, 0, 0], [21, 19, 18, 16, 11, 2, 7, 5, 8, 3, 9, 0], [27, 25, 24, 23, 22, 18, 21, 4, 19, 6, 13, 0], [28, 27, 21, 23, 3, 18, 20, 25, 0, 0, 0, 0], [24, 22, 21, 20, 18, 13, 14, 11, 3, 1, 16, 0], [28, 27, 26, 23, 22, 13, 7, 14, 8, 15, 16, 0], [27, 21, 18, 15, 12, 14, 7, 4, 11, 3, 9, 0], [24, 19, 17, 14, 12, 11, 1, 4, 5, 3, 13, 0]]
gen=[[28, 10, 10, 10, 10, 10, 10, 10, 10, 10, 10, 10], [16, 10, 10, 10, 10, 10, 10, 10, 10, 10, 10, 10], [28, 27, 27, 27, 10, 10, 10, 10, 10, 10, 10, 10], [16, 16, 10, 10, 10, 10, 10, 10, 10, 10, 10, 10], [28, 10, 10, 10, 10, 10, 10, 10, 10, 10, 10, 10], [28, 10, 10, 10, 10, 10, 10, 10, 10, 10, 10, 10], [28, 10, 10, 10, 10, 10, 10, 10, 10, 10, 10, 10], [28, 27, 27, 10, 10, 10, 10, 10, 10, 10, 10, 10], [16, 16, 10, 10, 10, 10, 10, 10, 10, 10, 10, 10], [28, 10, 10, 10, 10, 10, 10, 10, 10, 10, 10, 10]]
valid routes=0.0
norm-reward=0.8126996444699401
[ 11 iterations]
real=[[27, 26, 24, 23, 16, 13, 21, 6, 2, 1, 9, 0], [28, 27, 26, 25, 22, 18, 21, 13, 15, 3, 2, 0], [27, 24, 21, 20, 14, 13, 8, 11, 10, 1, 2, 0], [27, 24, 20, 17, 12, 14, 8, 6, 10, 11, 2, 0], [28, 25, 24, 22, 18, 21, 14, 4, 7, 6, 9, 0], [9, 19, 10, 5, 11, 13, 0, 0, 0, 0, 0, 0], [28, 22, 19, 17, 12, 8, 7, 4, 5, 1, 13, 0], [28, 25, 22, 1, 15, 18, 3, 9, 19, 0, 0, 0], [28, 25, 24, 20, 19, 4, 14, 6, 5, 1, 12, 0], [27, 25, 22, 19, 17, 13, 7, 5, 0, 0, 0, 0]]
gen=[[16, 10, 10, 10, 10, 10, 27, 10, 10, 27, 10, 10], [28, 27, 27, 27, 27, 10, 27, 10, 10, 27, 10, 10], [28, 10, 10, 27, 10, 10, 27, 10, 10, 27, 10, 10], [28, 27, 27, 27, 27, 10, 27, 10, 10, 27, 10, 10], [28, 27, 27, 27, 27, 10, 27, 10, 10, 27, 10, 10], [28, 27, 27, 27, 27, 10, 27, 10, 10, 27, 10, 10], [28, 27, 27, 27, 27, 10, 27, 10, 10, 27, 10, 10], [16, 10, 10, 10, 10, 10, 10, 10, 10, 27, 10, 10], [28, 27, 27, 27, 27, 10, 27, 10, 10, 27, 10, 10], [16, 10, 10, 10, 10, 10, 10, 10, 10, 27, 10, 10]]
valid routes=0.0
norm-reward=0.867480065484794
[ 12 iterations]
real=[[28, 26, 23, 22, 20, 18, 21, 6, 8, 1, 15, 0], [26, 25, 21, 16, 13, 11, 14, 6, 8, 1, 10, 0], [28, 26, 24, 20, 18, 13, 7, 12, 19, 3, 9, 0], [26, 25, 23, 20, 18, 2, 1, 16, 5, 3, 10, 0], [22, 20, 16, 12, 10, 7, 1, 5, 8, 3, 9, 0], [28, 26, 24, 17, 14, 4, 7, 6, 8, 12, 13, 0], [26, 23, 22, 20, 19, 18, 7, 6, 8, 9, 2, 0], [5, 0, 0, 0, 0, 0, 0, 0, 0, 0, 0, 0], [27, 26, 23, 21, 15, 11, 7, 16, 8, 1, 2, 0], [26, 25, 24, 22, 20, 21, 8, 5, 10, 3, 2, 0]]
gen=[[28, 23, 23, 23, 23, 23, 23, 23, 23, 23, 23, 23], [28, 23, 23, 23, 23, 23, 23, 23, 23, 23, 23, 23], [28, 23, 23, 23, 23, 23, 23, 23, 23, 23, 10, 23], [28, 23, 23, 23, 23, 23, 23, 23, 23, 23, 23, 23], [28, 23, 23, 23, 23, 23, 23, 23, 23, 23, 23, 23], [28, 23, 23, 23, 23, 23, 23, 23, 23, 23, 23, 23], [28, 23, 23, 23, 23, 23, 23, 23, 23, 23, 23, 23], [28, 23, 23, 23, 23, 23, 23, 23, 23, 23, 23, 23], [7, 10, 10, 23, 10, 23, 23, 23, 23, 23, 23, 23], [28, 23, 23, 23, 23, 23, 23, 23, 23, 23, 23, 23]]
valid routes=0.0
norm-reward=0.7369521908832671
[ 13 iterations]
real=[[25, 19, 26, 1, 8, 4, 21, 0, 0, 0, 0, 0], [28, 26, 23, 19, 11, 4, 17, 9, 10, 0, 0, 0], [27, 26, 25, 23, 22, 13, 1, 16, 8, 3, 10, 0], [25, 23, 22, 17, 16, 8, 14, 6, 5, 12, 4, 0], [22, 23, 21, 13, 0, 0, 0, 0, 0, 0, 0, 0], [27, 25, 24, 23, 18, 21, 1, 6, 8, 9, 16, 0], [27, 24, 23, 19, 17, 4, 1, 16, 10, 3, 9, 0], [27, 20, 19, 17, 12, 11, 7, 4, 5, 1, 13, 0], [5, 11, 3, 25, 0, 0, 0, 0, 0, 0, 0, 0], [11, 19, 0, 0, 0, 0, 0, 0, 0, 0, 0, 0]]
gen=[[28, 23, 23, 17, 17, 17, 17, 17, 17, 17, 17, 17], [28, 23, 23, 23, 17, 17, 17, 17, 17, 17, 17, 17], [28, 23, 23, 17, 17, 17, 17, 17, 17, 17, 17, 17], [17, 17, 17, 17, 17, 17, 17, 17, 17, 17, 17, 17], [28, 23, 23, 17, 17, 17, 17, 17, 17, 17, 17, 17], [28, 17, 23, 17, 17, 17, 17, 17, 17, 17, 17, 17], [28, 23, 23, 17, 17, 17, 17, 17, 17, 17, 17, 17], [28, 17, 17, 17, 17, 17, 17, 17, 17, 17, 17, 17], [28, 23, 23, 17, 17, 17, 17, 17, 17, 17, 17, 17], [28, 17, 17, 17, 17, 17, 17, 17, 17, 17, 17, 17]]
valid routes=0.0
norm-reward=0.8263011274852402
[ 14 iterations]
real=[[26, 18, 14, 13, 11, 8, 1, 12, 7, 3, 2, 0], [27, 21, 20, 16, 12, 13, 7, 6, 8, 5, 10, 0], [27, 26, 23, 12, 15, 20, 7, 9, 17, 0, 0, 0], [28, 26, 22, 11, 8, 7, 1, 6, 4, 5, 9, 0], [28, 13, 21, 14, 11, 0, 0, 0, 0, 0, 0, 0], [28, 26, 22, 19, 15, 13, 14, 4, 17, 6, 2, 0], [28, 23, 22, 20, 12, 2, 1, 6, 4, 5, 10, 0], [27, 23, 20, 17, 14, 2, 8, 12, 5, 3, 9, 0], [26, 25, 24, 21, 15, 13, 8, 12, 20, 3, 9, 0], [21, 20, 18, 17, 15, 7, 14, 4, 5, 3, 12, 0]]
gen=[[28, 23, 23, 23, 17, 23, 17, 17, 17, 17, 17, 17], [28, 23, 23, 23, 17, 23, 17, 17, 17, 17, 17, 17], [28, 23, 23, 23, 17, 23, 17, 17, 17, 17, 17, 17], [28, 23, 23, 23, 17, 23, 17, 17, 17, 17, 17, 17], [28, 23, 23, 23, 17, 23, 17, 17, 17, 17, 17, 17], [28, 23, 23, 23, 17, 23, 17, 17, 17, 17, 17, 17], [28, 23, 23, 23, 17, 23, 17, 17, 17, 17, 17, 17], [28, 23, 23, 23, 17, 23, 17, 17, 17, 17, 17, 17], [28, 23, 23, 23, 17, 23, 17, 17, 17, 17, 17, 17], [28, 23, 23, 23, 17, 23, 17, 17, 17, 17, 17, 17]]
valid routes=0.0
norm-reward=0.8229912143368
[ 15 iterations]
real=[[27, 26, 25, 24, 19, 18, 8, 6, 5, 15, 22, 0], [26, 23, 20, 18, 14, 13, 7, 4, 8, 1, 9, 0], [22, 12, 26, 1, 11, 18, 0, 0, 0, 0, 0, 0], [6, 0, 0, 0, 0, 0, 0, 0, 0, 0, 0, 0], [23, 20, 16, 6, 11, 13, 7, 12, 8, 0, 0, 0], [28, 25, 23, 18, 16, 11, 1, 6, 5, 12, 13, 0], [26, 25, 22, 20, 15, 13, 17, 4, 5, 12, 10, 0], [26, 24, 21, 5, 19, 18, 7, 16, 10, 0, 0, 0], [24, 19, 21, 0, 0, 0, 0, 0, 0, 0, 0, 0], [28, 27, 26, 23, 15, 14, 1, 6, 19, 3, 10, 0]]
gen=[[28, 23, 23, 23, 17, 23, 17, 17, 17, 17, 17, 17], [28, 17, 23, 23, 17, 23, 17, 17, 17, 17, 17, 17], [28, 17, 23, 23, 17, 23, 17, 17, 17, 17, 17, 17], [5, 17, 17, 23, 17, 23, 17, 17, 17, 17, 17, 17], [28, 23, 23, 23, 17, 23, 17, 17, 17, 17, 17, 17], [28, 23, 23, 23, 17, 23, 17, 17, 17, 17, 17, 17], [28, 23, 23, 23, 17, 23, 17, 17, 17, 17, 17, 17], [28, 17, 23, 23, 17, 23, 17, 17, 17, 17, 17, 17], [7, 21, 23, 23, 17, 23, 17, 17, 17, 17, 17, 17], [28, 23, 23, 23, 17, 23, 17, 17, 17, 17, 17, 17]]
valid routes=0.0
norm-reward=0.8268640282162022
[ 16 iterations]
real=[[25, 23, 22, 21, 19, 20, 17, 4, 5, 12, 10, 0], [28, 27, 24, 18, 17, 2, 15, 16, 4, 3, 9, 0], [27, 25, 22, 19, 16, 18, 7, 12, 10, 1, 9, 0], [26, 25, 23, 22, 17, 18, 7, 4, 8, 11, 2, 0], [28, 26, 25, 22, 19, 21, 7, 6, 17, 10, 13, 0], [27, 20, 10, 2, 19, 18, 21, 0, 0, 0, 0, 0], [28, 26, 25, 17, 15, 13, 14, 6, 8, 12, 10, 0], [24, 22, 19, 14, 11, 2, 8, 9, 5, 1, 10, 0], [28, 24, 22, 18, 17, 11, 1, 6, 5, 3, 12, 0], [26, 19, 22, 24, 15, 5, 25, 0, 0, 0, 0, 0]]
gen=[[28, 23, 23, 23, 17, 23, 17, 17, 17, 17, 17, 17], [28, 17, 23, 23, 17, 23, 17, 17, 17, 17, 17, 17], [28, 23, 23, 23, 17, 23, 17, 17, 17, 17, 17, 17], [28, 23, 23, 23, 17, 23, 17, 17, 17, 17, 17, 17], [28, 23, 23, 23, 17, 23, 17, 17, 17, 17, 17, 17], [28, 23, 23, 23, 17, 23, 17, 17, 17, 17, 17, 17], [28, 23, 23, 23, 17, 23, 17, 17, 17, 17, 17, 17], [28, 23, 23, 23, 17, 23, 17, 17, 17, 17, 17, 17], [28, 23, 23, 23, 17, 23, 17, 17, 17, 17, 17, 17], [28, 23, 23, 23, 17, 23, 17, 17, 17, 17, 17, 17]]
valid routes=0.0
norm-reward=0.824753895689325
[ 17 iterations]
real=[[27, 24, 23, 18, 14, 13, 1, 4, 7, 3, 10, 0], [25, 24, 22, 21, 17, 7, 14, 6, 3, 12, 2, 0], [5, 20, 12, 0, 0, 0, 0, 0, 0, 0, 0, 0], [24, 21, 16, 15, 14, 8, 7, 4, 5, 12, 13, 0], [13, 3, 0, 0, 0, 0, 0, 0, 0, 0, 0, 0], [26, 22, 21, 20, 11, 18, 1, 6, 4, 5, 2, 0], [28, 27, 18, 17, 15, 8, 14, 11, 10, 1, 9, 0], [25, 24, 22, 17, 11, 20, 8, 16, 5, 1, 0, 0], [26, 24, 19, 13, 11, 12, 8, 6, 4, 3, 9, 0], [28, 27, 16, 14, 11, 9, 12, 6, 10, 3, 2, 0]]
gen=[[28, 23, 23, 12, 12, 12, 12, 12, 12, 12, 12, 12], [28, 23, 23, 12, 12, 12, 12, 12, 12, 12, 12, 12], [16, 17, 23, 23, 12, 12, 12, 12, 12, 12, 12, 12], [28, 23, 23, 12, 12, 12, 12, 12, 12, 12, 12, 12], [28, 23, 23, 12, 12, 12, 12, 12, 12, 12, 12, 12], [28, 23, 23, 12, 12, 12, 12, 12, 12, 12, 12, 12], [28, 23, 23, 12, 12, 12, 12, 12, 12, 12, 12, 12], [28, 23, 23, 12, 12, 12, 12, 12, 12, 12, 12, 12], [28, 23, 23, 12, 12, 12, 12, 12, 12, 12, 12, 12], [28, 23, 23, 12, 12, 12, 12, 12, 12, 12, 12, 12]]
valid routes=0.0
norm-reward=0.7587728214981888
[ 18 iterations]
real=[[27, 26, 24, 22, 17, 14, 7, 13, 20, 10, 9, 0], [28, 26, 25, 23, 22, 18, 8, 1, 17, 3, 9, 0], [28, 27, 26, 25, 15, 18, 10, 6, 19, 0, 0, 0], [26, 15, 17, 0, 0, 0, 0, 0, 0, 0, 0, 0], [27, 17, 16, 24, 1, 8, 7, 6, 0, 0, 0, 0], [28, 24, 23, 21, 17, 18, 15, 4, 11, 12, 9, 0], [24, 23, 20, 17, 15, 11, 7, 4, 10, 9, 16, 0], [25, 16, 10, 17, 15, 21, 14, 0, 0, 0, 0, 0], [28, 27, 26, 24, 16, 20, 14, 6, 5, 3, 10, 0], [26, 19, 17, 16, 15, 13, 14, 12, 8, 11, 9, 0]]
gen=[[28, 23, 23, 12, 12, 12, 12, 12, 12, 12, 12, 12], [28, 23, 23, 12, 12, 12, 12, 12, 12, 12, 12, 12], [28, 23, 23, 12, 12, 12, 12, 12, 12, 12, 12, 12], [16, 10, 23, 23, 23, 23, 12, 12, 12, 12, 12, 12], [28, 23, 23, 12, 12, 12, 12, 12, 12, 12, 12, 12], [28, 23, 23, 12, 12, 12, 12, 12, 12, 12, 12, 12], [28, 23, 23, 23, 12, 12, 12, 12, 12, 12, 12, 12], [28, 23, 23, 12, 12, 12, 12, 12, 12, 12, 12, 12], [28, 23, 23, 12, 12, 12, 12, 12, 12, 12, 12, 12], [28, 23, 23, 12, 12, 12, 12, 12, 12, 12, 12, 12]]
valid routes=0.0
norm-reward=0.7593071786707908
[ 19 iterations]
real=[[19, 8, 0, 0, 0, 0, 0, 0, 0, 0, 0, 0], [9, 20, 21, 23, 22, 0, 0, 0, 0, 0, 0, 0], [28, 26, 24, 23, 22, 21, 7, 16, 20, 11, 9, 0], [26, 24, 18, 17, 12, 13, 1, 4, 8, 3, 10, 0], [28, 23, 21, 19, 17, 13, 7, 11, 10, 3, 2, 0], [23, 20, 19, 13, 11, 18, 4, 9, 5, 0, 0, 0], [27, 25, 23, 21, 20, 13, 1, 12, 19, 5, 16, 0], [23, 22, 20, 13, 11, 8, 7, 6, 5, 1, 2, 0], [5, 26, 28, 13, 15, 0, 0, 0, 0, 0, 0, 0], [3, 20, 1, 0, 0, 0, 0, 0, 0, 0, 0, 0]]
gen=[[28, 28, 23, 23, 23, 23, 23, 23, 23, 23, 23, 23], [28, 28, 23, 23, 23, 23, 23, 23, 23, 23, 23, 23], [28, 28, 23, 23, 23, 23, 23, 23, 23, 23, 23, 23], [28, 28, 23, 23, 23, 23, 23, 23, 23, 23, 23, 23], [28, 28, 23, 23, 23, 23, 23, 23, 23, 23, 23, 23], [28, 28, 23, 23, 23, 23, 23, 23, 23, 23, 23, 23], [28, 28, 23, 23, 23, 23, 23, 23, 23, 23, 23, 23], [28, 28, 23, 23, 23, 23, 23, 23, 23, 23, 23, 23], [28, 28, 23, 23, 23, 23, 23, 23, 23, 23, 23, 23], [16, 10, 23, 23, 23, 23, 23, 23, 23, 23, 23, 23]]
valid routes=0.0
norm-reward=0.7117949324907376
[ 20 iterations]
real=[[24, 23, 19, 17, 16, 2, 8, 6, 4, 5, 9, 0], [27, 26, 24, 23, 13, 21, 1, 6, 4, 9, 2, 0], [20, 17, 15, 6, 1, 13, 14, 12, 8, 0, 0, 0], [21, 19, 18, 16, 11, 2, 7, 5, 8, 3, 9, 0], [27, 25, 24, 23, 22, 18, 21, 4, 19, 6, 13, 0], [28, 27, 21, 23, 3, 18, 20, 25, 0, 0, 0, 0], [24, 22, 21, 20, 18, 13, 14, 11, 3, 1, 16, 0], [28, 27, 26, 23, 22, 13, 7, 14, 8, 15, 16, 0], [27, 21, 18, 15, 12, 14, 7, 4, 11, 3, 9, 0], [24, 19, 17, 14, 12, 11, 1, 4, 5, 3, 13, 0]]
gen=[[16, 28, 23, 23, 23, 23, 23, 23, 23, 23, 23, 23], [16, 28, 23, 23, 23, 23, 23, 23, 23, 23, 23, 23], [28, 28, 23, 23, 23, 23, 23, 23, 23, 23, 23, 23], [28, 28, 23, 23, 23, 23, 23, 23, 23, 23, 23, 23], [28, 28, 23, 23, 23, 23, 23, 23, 23, 23, 23, 23], [28, 28, 23, 23, 23, 23, 23, 23, 23, 23, 23, 23], [28, 28, 23, 23, 23, 23, 23, 23, 23, 23, 23, 23], [28, 28, 23, 23, 23, 23, 23, 23, 23, 23, 23, 23], [28, 28, 23, 23, 23, 23, 23, 23, 23, 23, 23, 23], [28, 28, 23, 23, 23, 23, 23, 23, 23, 23, 23, 23]]
valid routes=0.0
norm-reward=0.705509763241852
[ 21 iterations]
real=[[27, 26, 24, 23, 16, 13, 21, 6, 2, 1, 9, 0], [28, 27, 26, 25, 22, 18, 21, 13, 15, 3, 2, 0], [27, 24, 21, 20, 14, 13, 8, 11, 10, 1, 2, 0], [27, 24, 20, 17, 12, 14, 8, 6, 10, 11, 2, 0], [28, 25, 24, 22, 18, 21, 14, 4, 7, 6, 9, 0], [9, 19, 10, 5, 11, 13, 0, 0, 0, 0, 0, 0], [28, 22, 19, 17, 12, 8, 7, 4, 5, 1, 13, 0], [28, 25, 22, 1, 15, 18, 3, 9, 19, 0, 0, 0], [28, 25, 24, 20, 19, 4, 14, 6, 5, 1, 12, 0], [27, 25, 22, 19, 17, 13, 7, 5, 0, 0, 0, 0]]
gen=[[28, 28, 23, 23, 23, 23, 23, 23, 23, 23, 23, 23], [28, 28, 23, 23, 23, 23, 23, 23, 23, 23, 23, 23], [28, 28, 23, 23, 23, 23, 23, 23, 23, 23, 23, 23], [28, 28, 23, 23, 23, 23, 23, 23, 23, 23, 23, 23], [28, 28, 23, 23, 23, 23, 23, 23, 23, 23, 23, 23], [16, 28, 23, 23, 23, 23, 23, 23, 23, 23, 23, 23], [16, 28, 23, 23, 23, 23, 23, 23, 23, 23, 23, 23], [28, 28, 23, 23, 23, 23, 23, 23, 23, 23, 23, 23], [28, 28, 23, 23, 23, 23, 23, 23, 23, 23, 23, 23], [16, 28, 23, 23, 23, 23, 23, 23, 23, 23, 23, 23]]
valid routes=0.0
norm-reward=0.6919534161248081
[ 22 iterations]
real=[[28, 26, 23, 22, 20, 18, 21, 6, 8, 1, 15, 0], [26, 25, 21, 16, 13, 11, 14, 6, 8, 1, 10, 0], [28, 26, 24, 20, 18, 13, 7, 12, 19, 3, 9, 0], [26, 25, 23, 20, 18, 2, 1, 16, 5, 3, 10, 0], [22, 20, 16, 12, 10, 7, 1, 5, 8, 3, 9, 0], [28, 26, 24, 17, 14, 4, 7, 6, 8, 12, 13, 0], [26, 23, 22, 20, 19, 18, 7, 6, 8, 9, 2, 0], [5, 0, 0, 0, 0, 0, 0, 0, 0, 0, 0, 0], [27, 26, 23, 21, 15, 11, 7, 16, 8, 1, 2, 0], [26, 25, 24, 22, 20, 21, 8, 5, 10, 3, 2, 0]]
gen=[[16, 28, 23, 23, 23, 23, 23, 23, 23, 23, 23, 23], [6, 28, 23, 23, 23, 23, 23, 23, 23, 23, 23, 23], [6, 28, 23, 23, 23, 23, 23, 23, 23, 23, 23, 23], [16, 28, 23, 23, 23, 23, 23, 23, 23, 23, 23, 23], [6, 28, 23, 23, 23, 23, 23, 23, 23, 23, 23, 23], [6, 28, 23, 23, 23, 23, 23, 23, 23, 23, 23, 23], [6, 28, 23, 23, 23, 23, 23, 23, 23, 23, 23, 23], [16, 10, 23, 23, 23, 23, 23, 23, 23, 23, 23, 23], [16, 28, 23, 23, 23, 23, 23, 23, 23, 23, 23, 23], [6, 28, 23, 23, 23, 23, 23, 23, 23, 23, 23, 23]]
valid routes=0.0
norm-reward=0.6820253618363588
[ 23 iterations]
real=[[25, 19, 26, 1, 8, 4, 21, 0, 0, 0, 0, 0], [28, 26, 23, 19, 11, 4, 17, 9, 10, 0, 0, 0], [27, 26, 25, 23, 22, 13, 1, 16, 8, 3, 10, 0], [25, 23, 22, 17, 16, 8, 14, 6, 5, 12, 4, 0], [22, 23, 21, 13, 0, 0, 0, 0, 0, 0, 0, 0], [27, 25, 24, 23, 18, 21, 1, 6, 8, 9, 16, 0], [27, 24, 23, 19, 17, 4, 1, 16, 10, 3, 9, 0], [27, 20, 19, 17, 12, 11, 7, 4, 5, 1, 13, 0], [5, 11, 3, 25, 0, 0, 0, 0, 0, 0, 0, 0], [11, 19, 0, 0, 0, 0, 0, 0, 0, 0, 0, 0]]
gen=[[6, 28, 23, 23, 23, 23, 23, 23, 23, 23, 23, 23], [6, 28, 23, 23, 23, 23, 23, 23, 23, 23, 23, 23], [6, 28, 23, 23, 23, 23, 23, 23, 23, 23, 23, 23], [6, 28, 23, 23, 23, 23, 23, 23, 23, 23, 23, 23], [6, 10, 23, 23, 23, 23, 23, 23, 23, 23, 23, 23], [6, 10, 23, 23, 23, 23, 23, 23, 23, 23, 23, 23], [6, 28, 23, 23, 23, 23, 23, 23, 23, 23, 23, 23], [6, 28, 23, 23, 23, 23, 23, 23, 23, 23, 23, 23], [6, 28, 23, 23, 23, 23, 23, 23, 23, 23, 23, 23], [6, 28, 23, 23, 23, 23, 23, 23, 23, 23, 23, 23]]
valid routes=0.0
norm-reward=0.7162568957313088
[ 24 iterations]
real=[[26, 18, 14, 13, 11, 8, 1, 12, 7, 3, 2, 0], [27, 21, 20, 16, 12, 13, 7, 6, 8, 5, 10, 0], [27, 26, 23, 12, 15, 20, 7, 9, 17, 0, 0, 0], [28, 26, 22, 11, 8, 7, 1, 6, 4, 5, 9, 0], [28, 13, 21, 14, 11, 0, 0, 0, 0, 0, 0, 0], [28, 26, 22, 19, 15, 13, 14, 4, 17, 6, 2, 0], [28, 23, 22, 20, 12, 2, 1, 6, 4, 5, 10, 0], [27, 23, 20, 17, 14, 2, 8, 12, 5, 3, 9, 0], [26, 25, 24, 21, 15, 13, 8, 12, 20, 3, 9, 0], [21, 20, 18, 17, 15, 7, 14, 4, 5, 3, 12, 0]]
gen=[[6, 28, 23, 23, 23, 23, 23, 23, 23, 23, 23, 23], [6, 28, 23, 23, 23, 23, 23, 23, 23, 23, 23, 23], [6, 28, 23, 23, 23, 23, 23, 23, 23, 23, 23, 23], [6, 28, 23, 23, 23, 23, 23, 23, 23, 23, 23, 23], [6, 8, 23, 23, 23, 23, 23, 23, 23, 23, 23, 23], [6, 28, 23, 23, 23, 23, 23, 23, 23, 23, 23, 23], [6, 8, 23, 23, 23, 23, 23, 23, 23, 23, 23, 23], [6, 28, 23, 23, 23, 23, 23, 23, 23, 23, 23, 23], [6, 28, 23, 23, 23, 23, 23, 23, 23, 23, 23, 23], [6, 8, 23, 23, 23, 23, 23, 23, 23, 23, 23, 23]]
valid routes=0.0
norm-reward=0.7195573416007222
[ 25 iterations]
real=[[27, 26, 25, 24, 19, 18, 8, 6, 5, 15, 22, 0], [26, 23, 20, 18, 14, 13, 7, 4, 8, 1, 9, 0], [22, 12, 26, 1, 11, 18, 0, 0, 0, 0, 0, 0], [6, 0, 0, 0, 0, 0, 0, 0, 0, 0, 0, 0], [23, 20, 16, 6, 11, 13, 7, 12, 8, 0, 0, 0], [28, 25, 23, 18, 16, 11, 1, 6, 5, 12, 13, 0], [26, 25, 22, 20, 15, 13, 17, 4, 5, 12, 10, 0], [26, 24, 21, 5, 19, 18, 7, 16, 10, 0, 0, 0], [24, 19, 21, 0, 0, 0, 0, 0, 0, 0, 0, 0], [28, 27, 26, 23, 15, 14, 1, 6, 19, 3, 10, 0]]
gen=[[6, 7, 6, 6, 7, 6, 7, 6, 7, 7, 6, 7], [6, 7, 6, 6, 7, 6, 7, 6, 7, 7, 6, 7], [6, 7, 6, 6, 7, 6, 7, 6, 7, 7, 6, 7], [6, 7, 6, 7, 7, 6, 7, 6, 7, 7, 6, 7], [6, 7, 6, 6, 7, 6, 7, 6, 7, 7, 6, 7], [6, 8, 6, 6, 7, 6, 7, 6, 7, 7, 6, 7], [6, 7, 6, 6, 7, 6, 7, 6, 7, 7, 6, 7], [6, 7, 6, 6, 7, 6, 7, 6, 7, 7, 6, 7], [6, 7, 6, 7, 7, 6, 7, 6, 7, 7, 6, 7], [6, 7, 6, 6, 7, 6, 7, 6, 7, 7, 6, 7]]
valid routes=0.0
norm-reward=0.8796392147403324
[ 26 iterations]
real=[[25, 23, 22, 21, 19, 20, 17, 4, 5, 12, 10, 0], [28, 27, 24, 18, 17, 2, 15, 16, 4, 3, 9, 0], [27, 25, 22, 19, 16, 18, 7, 12, 10, 1, 9, 0], [26, 25, 23, 22, 17, 18, 7, 4, 8, 11, 2, 0], [28, 26, 25, 22, 19, 21, 7, 6, 17, 10, 13, 0], [27, 20, 10, 2, 19, 18, 21, 0, 0, 0, 0, 0], [28, 26, 25, 17, 15, 13, 14, 6, 8, 12, 10, 0], [24, 22, 19, 14, 11, 2, 8, 9, 5, 1, 10, 0], [28, 24, 22, 18, 17, 11, 1, 6, 5, 3, 12, 0], [26, 19, 22, 24, 15, 5, 25, 0, 0, 0, 0, 0]]
gen=[[6, 7, 7, 6, 7, 6, 7, 6, 7, 7, 6, 7], [6, 7, 7, 6, 7, 6, 7, 6, 7, 7, 6, 7], [6, 7, 7, 6, 7, 6, 7, 6, 7, 7, 6, 7], [6, 7, 7, 6, 7, 6, 7, 6, 7, 7, 6, 7], [6, 7, 7, 6, 7, 6, 7, 6, 7, 7, 6, 7], [6, 7, 7, 6, 7, 6, 7, 6, 7, 7, 6, 7], [6, 7, 7, 6, 7, 6, 7, 6, 7, 7, 6, 7], [6, 7, 7, 6, 7, 6, 7, 6, 7, 7, 6, 7], [6, 7, 7, 6, 7, 6, 7, 6, 7, 7, 6, 7], [6, 7, 7, 6, 7, 6, 7, 6, 7, 7, 6, 7]]
valid routes=0.0
norm-reward=0.82976384214432
[ 27 iterations]
real=[[27, 24, 23, 18, 14, 13, 1, 4, 7, 3, 10, 0], [25, 24, 22, 21, 17, 7, 14, 6, 3, 12, 2, 0], [5, 20, 12, 0, 0, 0, 0, 0, 0, 0, 0, 0], [24, 21, 16, 15, 14, 8, 7, 4, 5, 12, 13, 0], [13, 3, 0, 0, 0, 0, 0, 0, 0, 0, 0, 0], [26, 22, 21, 20, 11, 18, 1, 6, 4, 5, 2, 0], [28, 27, 18, 17, 15, 8, 14, 11, 10, 1, 9, 0], [25, 24, 22, 17, 11, 20, 8, 16, 5, 1, 0, 0], [26, 24, 19, 13, 11, 12, 8, 6, 4, 3, 9, 0], [28, 27, 16, 14, 11, 9, 12, 6, 10, 3, 2, 0]]
gen=[[6, 7, 7, 7, 7, 6, 7, 6, 7, 7, 6, 7], [6, 7, 7, 7, 7, 6, 7, 6, 7, 7, 6, 7], [6, 7, 7, 7, 7, 6, 7, 6, 7, 7, 6, 7], [6, 7, 7, 7, 7, 6, 7, 6, 7, 7, 6, 7], [6, 7, 7, 7, 7, 6, 7, 6, 7, 7, 6, 7], [6, 7, 7, 7, 7, 6, 7, 6, 7, 7, 6, 7], [6, 7, 7, 7, 7, 6, 7, 6, 7, 7, 6, 7], [6, 7, 7, 7, 7, 6, 7, 6, 7, 7, 6, 7], [6, 7, 7, 7, 7, 6, 7, 6, 7, 7, 6, 7], [6, 7, 7, 7, 7, 6, 7, 6, 7, 7, 6, 7]]
valid routes=0.0
norm-reward=0.7271554465965614
[ 28 iterations]
real=[[27, 26, 24, 22, 17, 14, 7, 13, 20, 10, 9, 0], [28, 26, 25, 23, 22, 18, 8, 1, 17, 3, 9, 0], [28, 27, 26, 25, 15, 18, 10, 6, 19, 0, 0, 0], [26, 15, 17, 0, 0, 0, 0, 0, 0, 0, 0, 0], [27, 17, 16, 24, 1, 8, 7, 6, 0, 0, 0, 0], [28, 24, 23, 21, 17, 18, 15, 4, 11, 12, 9, 0], [24, 23, 20, 17, 15, 11, 7, 4, 10, 9, 16, 0], [25, 16, 10, 17, 15, 21, 14, 0, 0, 0, 0, 0], [28, 27, 26, 24, 16, 20, 14, 6, 5, 3, 10, 0], [26, 19, 17, 16, 15, 13, 14, 12, 8, 11, 9, 0]]
gen=[[6, 7, 7, 7, 7, 7, 7, 6, 7, 7, 6, 7], [6, 7, 7, 7, 7, 7, 7, 6, 7, 7, 6, 7], [6, 7, 7, 7, 7, 7, 7, 6, 7, 7, 6, 7], [6, 7, 7, 7, 7, 7, 7, 6, 7, 7, 6, 7], [6, 7, 7, 7, 7, 7, 7, 6, 7, 7, 6, 7], [6, 7, 7, 7, 7, 7, 7, 6, 7, 7, 6, 7], [6, 7, 7, 7, 7, 7, 7, 6, 7, 7, 6, 7], [6, 7, 7, 7, 7, 7, 7, 6, 7, 7, 6, 7], [6, 7, 7, 7, 7, 7, 7, 6, 7, 7, 6, 7], [6, 7, 7, 7, 7, 7, 7, 6, 7, 7, 6, 7]]
valid routes=0.0
norm-reward=0.7876407089614116
[ 29 iterations]
real=[[19, 8, 0, 0, 0, 0, 0, 0, 0, 0, 0, 0], [9, 20, 21, 23, 22, 0, 0, 0, 0, 0, 0, 0], [28, 26, 24, 23, 22, 21, 7, 16, 20, 11, 9, 0], [26, 24, 18, 17, 12, 13, 1, 4, 8, 3, 10, 0], [28, 23, 21, 19, 17, 13, 7, 11, 10, 3, 2, 0], [23, 20, 19, 13, 11, 18, 4, 9, 5, 0, 0, 0], [27, 25, 23, 21, 20, 13, 1, 12, 19, 5, 16, 0], [23, 22, 20, 13, 11, 8, 7, 6, 5, 1, 2, 0], [5, 26, 28, 13, 15, 0, 0, 0, 0, 0, 0, 0], [3, 20, 1, 0, 0, 0, 0, 0, 0, 0, 0, 0]]
gen=[[6, 19, 19, 19, 19, 6, 19, 6, 19, 19, 6, 19], [6, 19, 19, 19, 19, 6, 19, 6, 19, 19, 6, 19], [6, 19, 19, 19, 19, 6, 19, 6, 19, 19, 6, 19], [6, 19, 19, 19, 19, 6, 19, 6, 19, 19, 6, 19], [6, 19, 19, 19, 19, 6, 19, 6, 19, 19, 6, 19], [6, 19, 19, 19, 19, 6, 19, 6, 6, 19, 6, 19], [6, 19, 19, 19, 19, 6, 19, 6, 19, 19, 6, 19], [6, 19, 19, 19, 19, 6, 19, 6, 19, 19, 6, 19], [6, 19, 19, 19, 19, 6, 19, 6, 19, 19, 6, 19], [6, 19, 19, 19, 19, 6, 19, 6, 19, 19, 6, 19]]
valid routes=0.0
norm-reward=0.7167977191724616
[ 30 iterations]
real=[[24, 23, 19, 17, 16, 2, 8, 6, 4, 5, 9, 0], [27, 26, 24, 23, 13, 21, 1, 6, 4, 9, 2, 0], [20, 17, 15, 6, 1, 13, 14, 12, 8, 0, 0, 0], [21, 19, 18, 16, 11, 2, 7, 5, 8, 3, 9, 0], [27, 25, 24, 23, 22, 18, 21, 4, 19, 6, 13, 0], [28, 27, 21, 23, 3, 18, 20, 25, 0, 0, 0, 0], [24, 22, 21, 20, 18, 13, 14, 11, 3, 1, 16, 0], [28, 27, 26, 23, 22, 13, 7, 14, 8, 15, 16, 0], [27, 21, 18, 15, 12, 14, 7, 4, 11, 3, 9, 0], [24, 19, 17, 14, 12, 11, 1, 4, 5, 3, 13, 0]]
gen=[[6, 19, 6, 19, 6, 6, 19, 6, 19, 19, 6, 19], [6, 19, 19, 19, 19, 6, 19, 6, 6, 19, 6, 19], [6, 19, 19, 19, 6, 6, 19, 6, 19, 19, 6, 19], [6, 19, 19, 19, 19, 6, 19, 6, 6, 19, 6, 19], [6, 19, 19, 19, 19, 6, 19, 6, 6, 19, 6, 19], [6, 19, 19, 19, 19, 6, 19, 6, 6, 19, 6, 19], [6, 19, 19, 19, 19, 6, 19, 6, 6, 19, 6, 19], [6, 19, 19, 19, 19, 6, 19, 6, 6, 19, 6, 19], [6, 19, 19, 19, 19, 6, 19, 6, 6, 19, 6, 19], [6, 19, 6, 19, 6, 6, 19, 6, 19, 19, 6, 19]]
valid routes=0.0
norm-reward=0.7075116376256665
[ 31 iterations]
real=[[27, 26, 24, 23, 16, 13, 21, 6, 2, 1, 9, 0], [28, 27, 26, 25, 22, 18, 21, 13, 15, 3, 2, 0], [27, 24, 21, 20, 14, 13, 8, 11, 10, 1, 2, 0], [27, 24, 20, 17, 12, 14, 8, 6, 10, 11, 2, 0], [28, 25, 24, 22, 18, 21, 14, 4, 7, 6, 9, 0], [9, 19, 10, 5, 11, 13, 0, 0, 0, 0, 0, 0], [28, 22, 19, 17, 12, 8, 7, 4, 5, 1, 13, 0], [28, 25, 22, 1, 15, 18, 3, 9, 19, 0, 0, 0], [28, 25, 24, 20, 19, 4, 14, 6, 5, 1, 12, 0], [27, 25, 22, 19, 17, 13, 7, 5, 0, 0, 0, 0]]
gen=[[6, 19, 19, 19, 19, 6, 19, 6, 6, 19, 6, 19], [6, 19, 6, 19, 6, 6, 19, 6, 19, 19, 6, 19], [6, 19, 6, 19, 6, 6, 19, 6, 19, 19, 6, 19], [6, 19, 6, 19, 6, 6, 19, 6, 19, 19, 6, 19], [6, 19, 19, 19, 19, 6, 19, 6, 6, 19, 6, 19], [6, 19, 6, 19, 6, 6, 19, 6, 19, 19, 6, 19], [6, 19, 6, 19, 6, 6, 19, 6, 19, 19, 6, 19], [6, 19, 6, 19, 6, 6, 19, 6, 19, 19, 6, 19], [6, 19, 6, 19, 6, 6, 19, 6, 19, 19, 6, 19], [6, 19, 6, 19, 6, 6, 19, 6, 19, 19, 6, 19]]
valid routes=0.0
norm-reward=0.7468799160872189
[ 32 iterations]
real=[[28, 26, 23, 22, 20, 18, 21, 6, 8, 1, 15, 0], [26, 25, 21, 16, 13, 11, 14, 6, 8, 1, 10, 0], [28, 26, 24, 20, 18, 13, 7, 12, 19, 3, 9, 0], [26, 25, 23, 20, 18, 2, 1, 16, 5, 3, 10, 0], [22, 20, 16, 12, 10, 7, 1, 5, 8, 3, 9, 0], [28, 26, 24, 17, 14, 4, 7, 6, 8, 12, 13, 0], [26, 23, 22, 20, 19, 18, 7, 6, 8, 9, 2, 0], [5, 0, 0, 0, 0, 0, 0, 0, 0, 0, 0, 0], [27, 26, 23, 21, 15, 11, 7, 16, 8, 1, 2, 0], [26, 25, 24, 22, 20, 21, 8, 5, 10, 3, 2, 0]]
gen=[[19, 19, 6, 19, 6, 6, 19, 6, 19, 19, 6, 19], [16, 16, 19, 19, 19, 6, 19, 6, 6, 19, 6, 19], [16, 16, 19, 19, 19, 19, 19, 6, 6, 19, 6, 19], [19, 19, 6, 19, 6, 6, 19, 6, 19, 19, 6, 19], [16, 16, 19, 19, 19, 6, 19, 6, 6, 19, 6, 19], [19, 19, 6, 19, 6, 6, 19, 6, 19, 19, 6, 19], [16, 16, 19, 19, 19, 6, 19, 6, 6, 19, 6, 19], [19, 19, 6, 19, 6, 6, 19, 6, 19, 19, 6, 19], [16, 19, 19, 19, 6, 6, 19, 6, 19, 19, 6, 19], [16, 16, 19, 19, 19, 6, 19, 6, 6, 19, 6, 19]]
valid routes=0.0
norm-reward=0.6397959536804759
[ 33 iterations]
real=[[25, 19, 26, 1, 8, 4, 21, 0, 0, 0, 0, 0], [28, 26, 23, 19, 11, 4, 17, 9, 10, 0, 0, 0], [27, 26, 25, 23, 22, 13, 1, 16, 8, 3, 10, 0], [25, 23, 22, 17, 16, 8, 14, 6, 5, 12, 4, 0], [22, 23, 21, 13, 0, 0, 0, 0, 0, 0, 0, 0], [27, 25, 24, 23, 18, 21, 1, 6, 8, 9, 16, 0], [27, 24, 23, 19, 17, 4, 1, 16, 10, 3, 9, 0], [27, 20, 19, 17, 12, 11, 7, 4, 5, 1, 13, 0], [5, 11, 3, 25, 0, 0, 0, 0, 0, 0, 0, 0], [11, 19, 0, 0, 0, 0, 0, 0, 0, 0, 0, 0]]
gen=[[19, 19, 6, 6, 6, 6, 19, 19, 19, 19, 19, 19], [19, 19, 6, 6, 6, 6, 19, 19, 19, 19, 19, 19], [28, 25, 25, 19, 19, 6, 6, 6, 6, 19, 19, 19], [19, 19, 6, 6, 6, 6, 19, 19, 19, 19, 19, 19], [25, 25, 25, 25, 25, 25, 25, 25, 19, 19, 6, 6], [28, 25, 25, 25, 25, 19, 19, 6, 6, 19, 19, 19], [19, 19, 6, 6, 6, 6, 19, 19, 19, 19, 19, 19], [25, 25, 25, 25, 25, 19, 19, 6, 6, 6, 6, 19], [25, 25, 25, 25, 19, 19, 19, 6, 6, 19, 25, 19], [19, 25, 25, 25, 25, 25, 19, 19, 19, 6, 6, 19]]
valid routes=0.0
norm-reward=0.7271035258010669
[ 34 iterations]
real=[[26, 18, 14, 13, 11, 8, 1, 12, 7, 3, 2, 0], [27, 21, 20, 16, 12, 13, 7, 6, 8, 5, 10, 0], [27, 26, 23, 12, 15, 20, 7, 9, 17, 0, 0, 0], [28, 26, 22, 11, 8, 7, 1, 6, 4, 5, 9, 0], [28, 13, 21, 14, 11, 0, 0, 0, 0, 0, 0, 0], [28, 26, 22, 19, 15, 13, 14, 4, 17, 6, 2, 0], [28, 23, 22, 20, 12, 2, 1, 6, 4, 5, 10, 0], [27, 23, 20, 17, 14, 2, 8, 12, 5, 3, 9, 0], [26, 25, 24, 21, 15, 13, 8, 12, 20, 3, 9, 0], [21, 20, 18, 17, 15, 7, 14, 4, 5, 3, 12, 0]]
gen=[[28, 28, 25, 25, 25, 25, 25, 6, 28, 28, 28, 25], [28, 28, 28, 25, 25, 25, 25, 6, 25, 28, 28, 25], [25, 19, 6, 12, 6, 6, 28, 28, 28, 28, 28, 25], [25, 25, 6, 25, 6, 6, 28, 28, 28, 28, 25, 25], [25, 19, 6, 12, 6, 6, 28, 28, 28, 28, 28, 19], [25, 19, 6, 6, 6, 6, 28, 28, 28, 28, 28, 25], [25, 25, 25, 25, 25, 6, 25, 28, 25, 25, 25, 25], [25, 25, 25, 25, 6, 6, 28, 6, 28, 28, 28, 25], [25, 19, 6, 6, 6, 6, 28, 28, 28, 28, 28, 25], [25, 25, 25, 25, 25, 25, 25, 6, 28, 28, 28, 25]]
valid routes=0.0
norm-reward=0.8548343911627673
[ 35 iterations]
real=[[27, 26, 25, 24, 19, 18, 8, 6, 5, 15, 22, 0], [26, 23, 20, 18, 14, 13, 7, 4, 8, 1, 9, 0], [22, 12, 26, 1, 11, 18, 0, 0, 0, 0, 0, 0], [6, 0, 0, 0, 0, 0, 0, 0, 0, 0, 0, 0], [23, 20, 16, 6, 11, 13, 7, 12, 8, 0, 0, 0], [28, 25, 23, 18, 16, 11, 1, 6, 5, 12, 13, 0], [26, 25, 22, 20, 15, 13, 17, 4, 5, 12, 10, 0], [26, 24, 21, 5, 19, 18, 7, 16, 10, 0, 0, 0], [24, 19, 21, 0, 0, 0, 0, 0, 0, 0, 0, 0], [28, 27, 26, 23, 15, 14, 1, 6, 19, 3, 10, 0]]
gen=[[25, 16, 21, 12, 16, 21, 12, 16, 21, 12, 16, 21], [28, 28, 25, 25, 16, 21, 21, 16, 21, 12, 16, 21], [25, 16, 21, 25, 16, 21, 12, 16, 21, 12, 16, 21], [25, 16, 21, 21, 16, 21, 12, 16, 21, 12, 16, 21], [25, 16, 21, 21, 16, 21, 12, 16, 21, 12, 16, 21], [25, 16, 21, 21, 16, 21, 12, 16, 21, 12, 16, 21], [25, 16, 21, 12, 16, 21, 12, 16, 21, 12, 16, 21], [25, 16, 21, 12, 16, 21, 12, 16, 21, 12, 16, 21], [25, 19, 21, 21, 16, 21, 21, 16, 21, 12, 16, 21], [28, 28, 25, 25, 16, 21, 21, 16, 21, 12, 16, 21]]
valid routes=0.0
norm-reward=0.8159227909558282
[ 36 iterations]
real=[[25, 23, 22, 21, 19, 20, 17, 4, 5, 12, 10, 0], [28, 27, 24, 18, 17, 2, 15, 16, 4, 3, 9, 0], [27, 25, 22, 19, 16, 18, 7, 12, 10, 1, 9, 0], [26, 25, 23, 22, 17, 18, 7, 4, 8, 11, 2, 0], [28, 26, 25, 22, 19, 21, 7, 6, 17, 10, 13, 0], [27, 20, 10, 2, 19, 18, 21, 0, 0, 0, 0, 0], [28, 26, 25, 17, 15, 13, 14, 6, 8, 12, 10, 0], [24, 22, 19, 14, 11, 2, 8, 9, 5, 1, 10, 0], [28, 24, 22, 18, 17, 11, 1, 6, 5, 3, 12, 0], [26, 19, 22, 24, 15, 5, 25, 0, 0, 0, 0, 0]]
gen=[[19, 19, 19, 19, 19, 19, 19, 19, 19, 19, 19, 19], [28, 19, 19, 19, 19, 19, 19, 19, 19, 19, 19, 19], [28, 19, 19, 19, 19, 19, 19, 19, 19, 19, 19, 19], [19, 19, 19, 19, 19, 19, 19, 19, 19, 19, 19, 19], [28, 19, 19, 19, 19, 19, 19, 19, 19, 19, 19, 19], [19, 19, 19, 19, 19, 19, 19, 19, 19, 19, 19, 19], [28, 19, 19, 19, 19, 19, 19, 19, 19, 19, 19, 19], [19, 19, 19, 19, 19, 19, 19, 19, 19, 19, 19, 19], [19, 19, 19, 19, 19, 19, 19, 19, 19, 19, 19, 19], [28, 19, 19, 19, 19, 19, 19, 19, 19, 19, 19, 19]]
valid routes=0.0
norm-reward=0.6386472880926856
[ 37 iterations]
real=[[27, 24, 23, 18, 14, 13, 1, 4, 7, 3, 10, 0], [25, 24, 22, 21, 17, 7, 14, 6, 3, 12, 2, 0], [5, 20, 12, 0, 0, 0, 0, 0, 0, 0, 0, 0], [24, 21, 16, 15, 14, 8, 7, 4, 5, 12, 13, 0], [13, 3, 0, 0, 0, 0, 0, 0, 0, 0, 0, 0], [26, 22, 21, 20, 11, 18, 1, 6, 4, 5, 2, 0], [28, 27, 18, 17, 15, 8, 14, 11, 10, 1, 9, 0], [25, 24, 22, 17, 11, 20, 8, 16, 5, 1, 0, 0], [26, 24, 19, 13, 11, 12, 8, 6, 4, 3, 9, 0], [28, 27, 16, 14, 11, 9, 12, 6, 10, 3, 2, 0]]
gen=[[24, 24, 24, 24, 24, 24, 24, 24, 24, 24, 24, 24], [24, 24, 24, 24, 24, 24, 24, 24, 24, 24, 24, 24], [24, 24, 24, 24, 24, 24, 24, 24, 24, 24, 24, 24], [24, 24, 24, 24, 24, 24, 24, 24, 24, 24, 24, 24], [24, 24, 24, 24, 24, 24, 24, 24, 24, 24, 24, 24], [24, 24, 24, 24, 24, 24, 24, 24, 24, 24, 24, 24], [24, 24, 24, 24, 24, 24, 24, 24, 24, 24, 24, 24], [24, 24, 24, 24, 24, 24, 24, 24, 24, 24, 24, 24], [24, 24, 24, 24, 24, 24, 24, 24, 24, 24, 24, 24], [24, 24, 24, 24, 24, 24, 24, 24, 24, 24, 24, 24]]
valid routes=0.0
norm-reward=0.7625241566590941
[ 38 iterations]
real=[[27, 26, 24, 22, 17, 14, 7, 13, 20, 10, 9, 0], [28, 26, 25, 23, 22, 18, 8, 1, 17, 3, 9, 0], [28, 27, 26, 25, 15, 18, 10, 6, 19, 0, 0, 0], [26, 15, 17, 0, 0, 0, 0, 0, 0, 0, 0, 0], [27, 17, 16, 24, 1, 8, 7, 6, 0, 0, 0, 0], [28, 24, 23, 21, 17, 18, 15, 4, 11, 12, 9, 0], [24, 23, 20, 17, 15, 11, 7, 4, 10, 9, 16, 0], [25, 16, 10, 17, 15, 21, 14, 0, 0, 0, 0, 0], [28, 27, 26, 24, 16, 20, 14, 6, 5, 3, 10, 0], [26, 19, 17, 16, 15, 13, 14, 12, 8, 11, 9, 0]]
gen=[[24, 24, 9, 9, 9, 9, 9, 9, 9, 9, 9, 9], [9, 9, 9, 9, 9, 9, 9, 9, 9, 9, 9, 9], [24, 24, 9, 9, 9, 9, 9, 9, 9, 9, 9, 9], [24, 24, 9, 9, 9, 9, 9, 9, 9, 9, 9, 9], [24, 9, 9, 9, 9, 9, 9, 9, 9, 9, 9, 9], [24, 24, 9, 9, 9, 9, 9, 9, 9, 9, 9, 9], [24, 9, 9, 9, 9, 9, 9, 9, 9, 9, 9, 9], [24, 24, 9, 9, 9, 9, 9, 9, 9, 9, 9, 9], [24, 24, 24, 9, 9, 9, 9, 9, 9, 9, 9, 9], [24, 24, 9, 9, 9, 9, 9, 9, 9, 9, 9, 9]]
valid routes=0.0
norm-reward=0.7193099045424255
[ 39 iterations]
real=[[19, 8, 0, 0, 0, 0, 0, 0, 0, 0, 0, 0], [9, 20, 21, 23, 22, 0, 0, 0, 0, 0, 0, 0], [28, 26, 24, 23, 22, 21, 7, 16, 20, 11, 9, 0], [26, 24, 18, 17, 12, 13, 1, 4, 8, 3, 10, 0], [28, 23, 21, 19, 17, 13, 7, 11, 10, 3, 2, 0], [23, 20, 19, 13, 11, 18, 4, 9, 5, 0, 0, 0], [27, 25, 23, 21, 20, 13, 1, 12, 19, 5, 16, 0], [23, 22, 20, 13, 11, 8, 7, 6, 5, 1, 2, 0], [5, 26, 28, 13, 15, 0, 0, 0, 0, 0, 0, 0], [3, 20, 1, 0, 0, 0, 0, 0, 0, 0, 0, 0]]
gen=[[24, 9, 9, 9, 9, 9, 9, 9, 9, 9, 9, 9], [24, 9, 9, 9, 9, 9, 9, 9, 9, 9, 9, 9], [9, 9, 9, 9, 9, 9, 9, 9, 9, 9, 9, 9], [9, 9, 9, 9, 9, 9, 9, 9, 9, 9, 9, 9], [9, 9, 9, 9, 9, 9, 9, 9, 9, 9, 9, 9], [24, 9, 9, 9, 9, 9, 9, 9, 9, 9, 9, 9], [9, 9, 9, 9, 9, 9, 9, 9, 9, 9, 9, 9], [9, 9, 9, 9, 9, 9, 9, 9, 9, 9, 9, 9], [9, 9, 9, 9, 9, 9, 9, 9, 9, 9, 9, 9], [9, 9, 9, 9, 9, 9, 9, 9, 9, 9, 9, 9]]
valid routes=0.0
norm-reward=0.7402062116199765
[ 40 iterations]
real=[[24, 23, 19, 17, 16, 2, 8, 6, 4, 5, 9, 0], [27, 26, 24, 23, 13, 21, 1, 6, 4, 9, 2, 0], [20, 17, 15, 6, 1, 13, 14, 12, 8, 0, 0, 0], [21, 19, 18, 16, 11, 2, 7, 5, 8, 3, 9, 0], [27, 25, 24, 23, 22, 18, 21, 4, 19, 6, 13, 0], [28, 27, 21, 23, 3, 18, 20, 25, 0, 0, 0, 0], [24, 22, 21, 20, 18, 13, 14, 11, 3, 1, 16, 0], [28, 27, 26, 23, 22, 13, 7, 14, 8, 15, 16, 0], [27, 21, 18, 15, 12, 14, 7, 4, 11, 3, 9, 0], [24, 19, 17, 14, 12, 11, 1, 4, 5, 3, 13, 0]]
gen=[[9, 9, 9, 9, 9, 9, 9, 9, 9, 9, 9, 9], [9, 9, 9, 9, 9, 9, 9, 9, 9, 9, 9, 9], [9, 9, 9, 9, 9, 9, 9, 9, 9, 9, 9, 9], [9, 9, 9, 9, 9, 9, 9, 9, 9, 9, 9, 9], [9, 9, 9, 9, 9, 9, 9, 9, 9, 9, 9, 9], [9, 9, 9, 9, 9, 9, 9, 9, 9, 9, 9, 9], [9, 9, 9, 9, 9, 9, 9, 9, 9, 9, 9, 9], [9, 9, 9, 9, 9, 9, 9, 9, 9, 9, 9, 9], [9, 9, 9, 9, 9, 9, 9, 9, 9, 9, 9, 9], [24, 9, 9, 9, 9, 9, 9, 9, 9, 9, 9, 9]]
valid routes=0.0
norm-reward=0.7375910509265136
[ 41 iterations]
real=[[27, 26, 24, 23, 16, 13, 21, 6, 2, 1, 9, 0], [28, 27, 26, 25, 22, 18, 21, 13, 15, 3, 2, 0], [27, 24, 21, 20, 14, 13, 8, 11, 10, 1, 2, 0], [27, 24, 20, 17, 12, 14, 8, 6, 10, 11, 2, 0], [28, 25, 24, 22, 18, 21, 14, 4, 7, 6, 9, 0], [9, 19, 10, 5, 11, 13, 0, 0, 0, 0, 0, 0], [28, 22, 19, 17, 12, 8, 7, 4, 5, 1, 13, 0], [28, 25, 22, 1, 15, 18, 3, 9, 19, 0, 0, 0], [28, 25, 24, 20, 19, 4, 14, 6, 5, 1, 12, 0], [27, 25, 22, 19, 17, 13, 7, 5, 0, 0, 0, 0]]
gen=[[9, 9, 9, 9, 9, 9, 9, 9, 9, 9, 9, 9], [24, 9, 9, 9, 9, 9, 9, 9, 9, 9, 9, 9], [24, 9, 9, 9, 9, 9, 9, 9, 9, 9, 9, 9], [24, 9, 9, 9, 9, 9, 9, 9, 9, 9, 9, 9], [24, 9, 9, 9, 9, 9, 9, 9, 9, 9, 9, 9], [9, 9, 9, 9, 9, 9, 9, 9, 9, 9, 9, 9], [24, 9, 9, 9, 9, 9, 9, 9, 9, 9, 9, 9], [9, 9, 9, 9, 9, 9, 9, 9, 9, 9, 9, 9], [24, 9, 9, 9, 9, 9, 9, 9, 9, 9, 9, 9], [24, 9, 9, 9, 9, 9, 9, 9, 9, 9, 9, 9]]
valid routes=0.0
norm-reward=0.7273665630474272
[ 42 iterations]
real=[[28, 26, 23, 22, 20, 18, 21, 6, 8, 1, 15, 0], [26, 25, 21, 16, 13, 11, 14, 6, 8, 1, 10, 0], [28, 26, 24, 20, 18, 13, 7, 12, 19, 3, 9, 0], [26, 25, 23, 20, 18, 2, 1, 16, 5, 3, 10, 0], [22, 20, 16, 12, 10, 7, 1, 5, 8, 3, 9, 0], [28, 26, 24, 17, 14, 4, 7, 6, 8, 12, 13, 0], [26, 23, 22, 20, 19, 18, 7, 6, 8, 9, 2, 0], [5, 0, 0, 0, 0, 0, 0, 0, 0, 0, 0, 0], [27, 26, 23, 21, 15, 11, 7, 16, 8, 1, 2, 0], [26, 25, 24, 22, 20, 21, 8, 5, 10, 3, 2, 0]]
gen=[[24, 9, 9, 9, 9, 9, 9, 9, 9, 9, 9, 9], [24, 9, 9, 9, 9, 9, 9, 9, 9, 9, 9, 9], [24, 9, 9, 9, 9, 9, 9, 9, 9, 9, 9, 9], [24, 9, 9, 9, 9, 9, 9, 9, 9, 9, 9, 9], [24, 9, 9, 9, 9, 9, 9, 9, 9, 9, 9, 9], [24, 9, 9, 9, 9, 9, 9, 9, 9, 9, 9, 9], [9, 9, 9, 9, 9, 9, 9, 9, 9, 9, 9, 9], [9, 9, 9, 9, 9, 9, 9, 9, 9, 9, 9, 9], [24, 9, 9, 9, 9, 9, 9, 9, 9, 9, 9, 9], [9, 9, 9, 9, 9, 9, 9, 9, 9, 9, 9, 9]]
valid routes=0.0
norm-reward=0.7151406228762435
[ 43 iterations]
real=[[25, 19, 26, 1, 8, 4, 21, 0, 0, 0, 0, 0], [28, 26, 23, 19, 11, 4, 17, 9, 10, 0, 0, 0], [27, 26, 25, 23, 22, 13, 1, 16, 8, 3, 10, 0], [25, 23, 22, 17, 16, 8, 14, 6, 5, 12, 4, 0], [22, 23, 21, 13, 0, 0, 0, 0, 0, 0, 0, 0], [27, 25, 24, 23, 18, 21, 1, 6, 8, 9, 16, 0], [27, 24, 23, 19, 17, 4, 1, 16, 10, 3, 9, 0], [27, 20, 19, 17, 12, 11, 7, 4, 5, 1, 13, 0], [5, 11, 3, 25, 0, 0, 0, 0, 0, 0, 0, 0], [11, 19, 0, 0, 0, 0, 0, 0, 0, 0, 0, 0]]
gen=[[24, 9, 9, 9, 9, 9, 9, 9, 9, 9, 9, 9], [24, 9, 9, 9, 9, 9, 9, 9, 9, 9, 9, 9], [24, 9, 9, 9, 9, 9, 9, 9, 9, 9, 9, 9], [24, 9, 9, 9, 9, 9, 9, 9, 9, 9, 9, 9], [9, 9, 9, 9, 9, 9, 9, 9, 9, 9, 9, 9], [24, 9, 9, 9, 9, 9, 9, 9, 9, 9, 9, 9], [24, 9, 9, 9, 9, 9, 9, 9, 9, 9, 9, 9], [24, 9, 9, 9, 9, 9, 9, 9, 9, 9, 9, 9], [24, 9, 9, 9, 9, 9, 9, 9, 9, 9, 9, 9], [24, 9, 9, 9, 9, 9, 9, 9, 9, 9, 9, 9]]
valid routes=0.0
norm-reward=0.7154580439345305
[ 44 iterations]
real=[[26, 18, 14, 13, 11, 8, 1, 12, 7, 3, 2, 0], [27, 21, 20, 16, 12, 13, 7, 6, 8, 5, 10, 0], [27, 26, 23, 12, 15, 20, 7, 9, 17, 0, 0, 0], [28, 26, 22, 11, 8, 7, 1, 6, 4, 5, 9, 0], [28, 13, 21, 14, 11, 0, 0, 0, 0, 0, 0, 0], [28, 26, 22, 19, 15, 13, 14, 4, 17, 6, 2, 0], [28, 23, 22, 20, 12, 2, 1, 6, 4, 5, 10, 0], [27, 23, 20, 17, 14, 2, 8, 12, 5, 3, 9, 0], [26, 25, 24, 21, 15, 13, 8, 12, 20, 3, 9, 0], [21, 20, 18, 17, 15, 7, 14, 4, 5, 3, 12, 0]]
gen=[[24, 9, 9, 9, 9, 9, 9, 9, 9, 9, 9, 9], [24, 9, 9, 9, 9, 9, 9, 9, 9, 9, 9, 9], [24, 9, 9, 9, 9, 9, 9, 9, 9, 9, 9, 9], [24, 9, 9, 9, 9, 9, 9, 9, 9, 9, 9, 9], [24, 9, 9, 9, 9, 9, 9, 9, 9, 9, 9, 9], [24, 9, 9, 9, 9, 9, 9, 9, 9, 9, 9, 9], [24, 9, 9, 9, 9, 9, 9, 9, 9, 9, 9, 9], [24, 9, 9, 9, 9, 9, 9, 9, 9, 9, 9, 9], [24, 9, 9, 9, 9, 9, 9, 9, 9, 9, 9, 9], [24, 9, 9, 9, 9, 9, 9, 9, 9, 9, 9, 9]]
valid routes=0.0
norm-reward=0.7105873544880559
[ 45 iterations]
real=[[27, 26, 25, 24, 19, 18, 8, 6, 5, 15, 22, 0], [26, 23, 20, 18, 14, 13, 7, 4, 8, 1, 9, 0], [22, 12, 26, 1, 11, 18, 0, 0, 0, 0, 0, 0], [6, 0, 0, 0, 0, 0, 0, 0, 0, 0, 0, 0], [23, 20, 16, 6, 11, 13, 7, 12, 8, 0, 0, 0], [28, 25, 23, 18, 16, 11, 1, 6, 5, 12, 13, 0], [26, 25, 22, 20, 15, 13, 17, 4, 5, 12, 10, 0], [26, 24, 21, 5, 19, 18, 7, 16, 10, 0, 0, 0], [24, 19, 21, 0, 0, 0, 0, 0, 0, 0, 0, 0], [28, 27, 26, 23, 15, 14, 1, 6, 19, 3, 10, 0]]
gen=[[24, 9, 9, 9, 9, 9, 9, 9, 9, 9, 9, 9], [24, 9, 9, 9, 9, 9, 9, 9, 9, 9, 9, 9], [24, 9, 9, 9, 9, 9, 9, 9, 9, 9, 9, 9], [24, 9, 9, 9, 9, 9, 9, 9, 9, 9, 9, 9], [24, 9, 9, 9, 9, 9, 9, 9, 9, 9, 9, 9], [24, 9, 9, 9, 9, 9, 9, 9, 9, 9, 9, 9], [24, 9, 9, 9, 9, 9, 9, 9, 9, 9, 9, 9], [24, 9, 9, 9, 9, 9, 9, 9, 9, 9, 9, 9], [24, 9, 9, 9, 9, 9, 9, 9, 9, 9, 9, 9], [24, 9, 9, 9, 9, 9, 9, 9, 9, 9, 9, 9]]
valid routes=0.0
norm-reward=0.7118918192980758
[ 46 iterations]
real=[[25, 23, 22, 21, 19, 20, 17, 4, 5, 12, 10, 0], [28, 27, 24, 18, 17, 2, 15, 16, 4, 3, 9, 0], [27, 25, 22, 19, 16, 18, 7, 12, 10, 1, 9, 0], [26, 25, 23, 22, 17, 18, 7, 4, 8, 11, 2, 0], [28, 26, 25, 22, 19, 21, 7, 6, 17, 10, 13, 0], [27, 20, 10, 2, 19, 18, 21, 0, 0, 0, 0, 0], [28, 26, 25, 17, 15, 13, 14, 6, 8, 12, 10, 0], [24, 22, 19, 14, 11, 2, 8, 9, 5, 1, 10, 0], [28, 24, 22, 18, 17, 11, 1, 6, 5, 3, 12, 0], [26, 19, 22, 24, 15, 5, 25, 0, 0, 0, 0, 0]]
gen=[[24, 9, 9, 9, 9, 9, 9, 9, 9, 9, 9, 9], [24, 9, 9, 9, 9, 9, 9, 9, 9, 9, 9, 9], [24, 9, 9, 9, 9, 9, 9, 9, 9, 9, 9, 9], [24, 9, 9, 9, 9, 9, 9, 9, 9, 9, 9, 9], [24, 9, 9, 9, 9, 9, 9, 9, 9, 9, 9, 9], [24, 9, 9, 9, 9, 9, 9, 9, 9, 9, 9, 9], [24, 9, 9, 9, 9, 9, 9, 9, 9, 9, 9, 9], [24, 9, 9, 9, 9, 9, 9, 9, 9, 9, 9, 9], [24, 9, 9, 9, 9, 9, 9, 9, 9, 9, 9, 9], [24, 9, 9, 9, 9, 9, 9, 9, 9, 9, 9, 9]]
valid routes=0.0
norm-reward=0.7086011450801553
[ 47 iterations]
real=[[27, 24, 23, 18, 14, 13, 1, 4, 7, 3, 10, 0], [25, 24, 22, 21, 17, 7, 14, 6, 3, 12, 2, 0], [5, 20, 12, 0, 0, 0, 0, 0, 0, 0, 0, 0], [24, 21, 16, 15, 14, 8, 7, 4, 5, 12, 13, 0], [13, 3, 0, 0, 0, 0, 0, 0, 0, 0, 0, 0], [26, 22, 21, 20, 11, 18, 1, 6, 4, 5, 2, 0], [28, 27, 18, 17, 15, 8, 14, 11, 10, 1, 9, 0], [25, 24, 22, 17, 11, 20, 8, 16, 5, 1, 0, 0], [26, 24, 19, 13, 11, 12, 8, 6, 4, 3, 9, 0], [28, 27, 16, 14, 11, 9, 12, 6, 10, 3, 2, 0]]
gen=[[24, 9, 9, 9, 9, 9, 9, 9, 9, 9, 9, 9], [24, 9, 9, 9, 9, 9, 9, 9, 9, 9, 9, 9], [24, 9, 9, 9, 9, 9, 9, 9, 9, 9, 9, 9], [24, 9, 9, 9, 9, 9, 9, 9, 9, 9, 9, 9], [24, 24, 9, 9, 9, 9, 9, 9, 9, 9, 9, 9], [24, 9, 9, 9, 9, 9, 9, 9, 9, 9, 9, 9], [24, 9, 9, 9, 9, 9, 9, 9, 9, 9, 9, 9], [24, 9, 9, 9, 9, 9, 9, 9, 9, 9, 9, 9], [24, 9, 9, 9, 9, 9, 9, 9, 9, 9, 9, 9], [24, 9, 9, 9, 9, 9, 9, 9, 9, 9, 9, 9]]
valid routes=0.0
norm-reward=0.7122134865726498
[ 48 iterations]
real=[[27, 26, 24, 22, 17, 14, 7, 13, 20, 10, 9, 0], [28, 26, 25, 23, 22, 18, 8, 1, 17, 3, 9, 0], [28, 27, 26, 25, 15, 18, 10, 6, 19, 0, 0, 0], [26, 15, 17, 0, 0, 0, 0, 0, 0, 0, 0, 0], [27, 17, 16, 24, 1, 8, 7, 6, 0, 0, 0, 0], [28, 24, 23, 21, 17, 18, 15, 4, 11, 12, 9, 0], [24, 23, 20, 17, 15, 11, 7, 4, 10, 9, 16, 0], [25, 16, 10, 17, 15, 21, 14, 0, 0, 0, 0, 0], [28, 27, 26, 24, 16, 20, 14, 6, 5, 3, 10, 0], [26, 19, 17, 16, 15, 13, 14, 12, 8, 11, 9, 0]]
gen=[[24, 9, 9, 9, 9, 9, 9, 9, 9, 9, 9, 9], [24, 9, 9, 9, 9, 9, 9, 9, 9, 9, 9, 9], [24, 9, 9, 9, 9, 9, 9, 9, 9, 9, 9, 9], [24, 9, 9, 9, 9, 9, 9, 9, 9, 9, 9, 9], [24, 9, 9, 9, 9, 9, 9, 9, 9, 9, 9, 9], [24, 9, 9, 9, 9, 9, 9, 9, 9, 9, 9, 9], [24, 9, 9, 9, 9, 9, 9, 9, 9, 9, 9, 9], [24, 9, 9, 9, 9, 9, 9, 9, 9, 9, 9, 9], [24, 9, 9, 9, 9, 9, 9, 9, 9, 9, 9, 9], [24, 9, 9, 9, 9, 9, 9, 9, 9, 9, 9, 9]]
valid routes=0.0
norm-reward=0.7152008543926007
[ 49 iterations]
real=[[19, 8, 0, 0, 0, 0, 0, 0, 0, 0, 0, 0], [9, 20, 21, 23, 22, 0, 0, 0, 0, 0, 0, 0], [28, 26, 24, 23, 22, 21, 7, 16, 20, 11, 9, 0], [26, 24, 18, 17, 12, 13, 1, 4, 8, 3, 10, 0], [28, 23, 21, 19, 17, 13, 7, 11, 10, 3, 2, 0], [23, 20, 19, 13, 11, 18, 4, 9, 5, 0, 0, 0], [27, 25, 23, 21, 20, 13, 1, 12, 19, 5, 16, 0], [23, 22, 20, 13, 11, 8, 7, 6, 5, 1, 2, 0], [5, 26, 28, 13, 15, 0, 0, 0, 0, 0, 0, 0], [3, 20, 1, 0, 0, 0, 0, 0, 0, 0, 0, 0]]
gen=[[24, 9, 9, 9, 9, 9, 9, 9, 9, 9, 9, 9], [24, 9, 9, 9, 9, 9, 9, 9, 9, 9, 9, 9], [24, 9, 9, 9, 9, 9, 9, 9, 9, 9, 9, 9], [24, 9, 9, 9, 9, 9, 9, 9, 9, 9, 9, 9], [24, 9, 9, 9, 9, 9, 9, 9, 9, 9, 9, 9], [24, 9, 9, 9, 9, 9, 9, 9, 9, 9, 9, 9], [24, 9, 9, 9, 9, 9, 9, 9, 9, 9, 9, 9], [24, 9, 9, 9, 9, 9, 9, 9, 9, 9, 9, 9], [24, 9, 9, 9, 9, 9, 9, 9, 9, 9, 9, 9], [24, 9, 9, 9, 9, 9, 9, 9, 9, 9, 9, 9]]
valid routes=0.0
norm-reward=0.7168006386637882
