read problem
[ 10 iterations]
real= [[16 22  0  0  0  0  0  0  0  0  0  0  0]
 [26 20 23 18  9  3  4  0  0  0  0  0  0]
 [13  0  0  0  0  0  0  0  0  0  0  0  0]
 [25 28 17  1  0  0  0  0  0  0  0  0  0]
 [26  7  0  0  0  0  0  0  0  0  0  0  0]
 [27  7  6 10 14  3  9  5  0  0  0  0  0]
 [25  2 28 23 12  3 26  0  0  0  0  0  0]
 [27  7 26 14 28  8 11  0  0  0  0  0  0]
 [16  0  0  0  0  0  0  0  0  0  0  0  0]
 [ 3  0  0  0  0  0  0  0  0  0  0  0  0]]
gen= [[ 0  0  0  0  0  0  0  0  0  0  0  0  0]
 [20  0 20  0  0  0  0  0  0  0  0  0  0]
 [ 0  0  0  0  0  0  0  0  0  0  0  0  0]
 [ 0  0  0  0  0  0  0  0  0  0  0  0  0]
 [ 0  0  0  0  0  0  0  0  0  0  0  0  0]
 [14  0  0  0  0  0  0  0  0  0  0  0  0]
 [25  0  0  0  0  0  0  0  0  0  0  0  0]
 [ 0 11  0  0  0  0  0  0  0  0  0  0  0]
 [ 0  0  0  0  0  0  0  0  0  0  0  0  0]
 [ 0  0  0  0  0  0  0  0  0  0  0  0  0]]
valid: gen=0.01
reward: norm=0.9109298805235911
[ 20 iterations]
real= [[22 27  1 14  0  0  0  0  0  0  0  0  0]
 [26 23 22 15 17 13 10 18 12  0  0  0  0]
 [ 4 28 23  8 25  0  0  0  0  0  0  0  0]
 [ 3 19 17 18  0  0  0  0  0  0  0  0  0]
 [ 3 18  6  0  0  0  0  0  0  0  0  0  0]
 [22 19 23 20  0  0  0  0  0  0  0  0  0]
 [ 2 13 18 27  0  0  0  0  0  0  0  0  0]
 [27 23 17 14 15  7  5 11  0  0  0  0  0]
 [ 3 28  8  0  0  0  0  0  0  0  0  0  0]
 [25  0  0  0  0  0  0  0  0  0  0  0  0]]
gen= [[0 0 0 0 0 0 0 0 0 0 0 0 0]
 [0 0 0 0 0 0 0 0 0 0 0 0 0]
 [0 0 0 0 0 0 0 0 0 0 0 0 0]
 [0 0 0 0 0 0 0 0 0 0 0 0 0]
 [0 0 0 0 0 0 0 0 0 0 0 0 0]
 [0 0 0 0 0 0 0 0 0 0 0 0 0]
 [0 0 0 0 0 0 0 0 0 0 0 0 0]
 [0 0 0 0 0 0 0 0 0 0 0 0 0]
 [0 0 0 0 0 0 0 0 0 0 0 0 0]
 [0 0 0 0 0 0 0 0 0 0 0 0 0]]
valid: gen=0.001
reward: norm=0.9076072928007458
[ 30 iterations]
real= [[ 1  0  0  0  0  0  0  0  0  0  0  0  0]
 [22 23 15  3 28  1  5  0  0  0  0  0  0]
 [ 4  9  6 14  0  0  0  0  0  0  0  0  0]
 [ 3 20 25 18  0  0  0  0  0  0  0  0  0]
 [ 2 21  0  0  0  0  0  0  0  0  0  0  0]
 [16  0  0  0  0  0  0  0  0  0  0  0  0]
 [12 18 24 21 16  9  5  0  0  0  0  0  0]
 [16  5  0  0  0  0  0  0  0  0  0  0  0]
 [15  2 11  0  0  0  0  0  0  0  0  0  0]
 [20 28 13 24 22  0  0  0  0  0  0  0  0]]
gen= [[0 0 0 0 0 0 0 0 0 0 0 0 0]
 [0 0 0 0 0 0 0 0 0 0 0 0 0]
 [0 0 0 0 0 0 0 0 0 0 0 0 0]
 [0 0 0 0 0 0 0 0 0 0 0 0 0]
 [0 0 0 0 0 0 0 0 0 0 0 0 0]
 [0 0 0 0 0 0 0 0 0 0 0 0 0]
 [0 0 0 0 0 0 0 0 0 0 0 0 0]
 [0 0 0 0 0 0 0 0 0 0 0 0 0]
 [0 0 0 0 0 0 0 0 0 0 0 0 0]
 [0 0 0 0 0 0 0 0 0 0 0 0 0]]
valid: gen=0.0
reward: norm=0.9135431615079789
[ 40 iterations]
real= [[23 14 17 13 10  9  1  7  0  0  0  0  0]
 [ 3 19 12  0  0  0  0  0  0  0  0  0  0]
 [24 28 12  0  0  0  0  0  0  0  0  0  0]
 [ 4 12  0  0  0  0  0  0  0  0  0  0  0]
 [14  9  0  0  0  0  0  0  0  0  0  0  0]
 [ 8  0  0  0  0  0  0  0  0  0  0  0  0]
 [ 5 20 12 18  9  0  0  0  0  0  0  0  0]
 [13 18 23  0  0  0  0  0  0  0  0  0  0]
 [ 3  8  0  0  0  0  0  0  0  0  0  0  0]
 [12  0  0  0  0  0  0  0  0  0  0  0  0]]
gen= [[0 0 0 0 0 0 0 0 0 0 0 0 0]
 [0 0 0 0 0 0 0 0 0 0 0 0 0]
 [0 0 0 0 0 0 0 0 0 0 0 0 0]
 [0 0 0 0 0 0 0 0 0 0 0 0 0]
 [0 0 0 0 0 0 0 0 0 0 0 0 0]
 [0 0 0 0 0 0 0 0 0 0 0 0 0]
 [0 0 0 0 0 0 0 0 0 0 0 0 0]
 [0 0 0 0 0 0 0 0 0 0 0 0 0]
 [0 0 0 0 0 0 0 0 0 0 0 0 0]
 [0 0 0 0 0 0 0 0 0 0 0 0 0]]
valid: gen=0.001
reward: norm=0.9109504159800085
[ 50 iterations]
real= [[ 6 27  0  0  0  0  0  0  0  0  0  0  0]
 [ 3  0  0  0  0  0  0  0  0  0  0  0  0]
 [26 19 14 13 18 15 12  5  0  0  0  0  0]
 [16 21  0  0  0  0  0  0  0  0  0  0  0]
 [27  8  4  9  6 24 18 12  0  0  0  0  0]
 [ 3 14 12  6  0  0  0  0  0  0  0  0  0]
 [ 6  1  0  0  0  0  0  0  0  0  0  0  0]
 [ 4 27  5 11  3  0  0  0  0  0  0  0  0]
 [ 3  0  0  0  0  0  0  0  0  0  0  0  0]
 [ 1 20 19 16 22  0  0  0  0  0  0  0  0]]
gen= [[0 0 0 0 0 0 0 0 0 0 0 0 0]
 [0 0 0 0 0 0 0 0 0 0 0 0 0]
 [0 0 0 0 0 0 0 0 0 0 0 0 0]
 [0 0 0 0 0 0 0 0 0 0 0 0 0]
 [0 0 0 0 0 0 0 0 0 0 0 0 0]
 [0 0 0 0 0 0 0 0 0 0 0 0 0]
 [0 0 0 0 0 0 0 0 0 0 0 0 0]
 [0 0 0 0 0 0 0 0 0 0 0 0 0]
 [0 0 0 0 0 0 0 0 0 0 0 0 0]
 [0 0 0 0 0 0 0 0 0 0 0 0 0]]
valid: gen=0.014
reward: norm=0.9088238913995985
[ 60 iterations]
real= [[16 22  0  0  0  0  0  0  0  0  0  0  0]
 [26 20 23 18  9  3  4  0  0  0  0  0  0]
 [13  0  0  0  0  0  0  0  0  0  0  0  0]
 [25 28 17  1  0  0  0  0  0  0  0  0  0]
 [26  7  0  0  0  0  0  0  0  0  0  0  0]
 [27  7  6 10 14  3  9  5  0  0  0  0  0]
 [25  2 28 23 12  3 26  0  0  0  0  0  0]
 [27  7 26 14 28  8 11  0  0  0  0  0  0]
 [16  0  0  0  0  0  0  0  0  0  0  0  0]
 [ 3  0  0  0  0  0  0  0  0  0  0  0  0]]
gen= [[16  0  0  0  0  0  0  0  0  0  0  0  0]
 [ 0  0  0  0  0  0  0  0  0  0  0  0  0]
 [ 0  0  0  0  0  0  0  0  0  0  0  0  0]
 [17  0  0  0  0  0  0  0  0  0  0  0  0]
 [ 0  0  0  0  0  0  0  0  0  0  0  0  0]
 [ 0  0  0  0  0  0  0  0  0  0  0  0  0]
 [ 0  0  0  0  0  0  0  0  0  0  0  0  0]
 [ 0  0  0  0  0  0  0  0  0  0  0  0  0]
 [16 16 16  0  0  0  0  0  0  0  0  0  0]
 [ 0  0  0  0  0  0  0  0  0  0  0  0  0]]
valid: gen=0.011
reward: norm=0.9106840287924362
[ 70 iterations]
real= [[22 27  1 14  0  0  0  0  0  0  0  0  0]
 [26 23 22 15 17 13 10 18 12  0  0  0  0]
 [ 4 28 23  8 25  0  0  0  0  0  0  0  0]
 [ 3 19 17 18  0  0  0  0  0  0  0  0  0]
 [ 3 18  6  0  0  0  0  0  0  0  0  0  0]
 [22 19 23 20  0  0  0  0  0  0  0  0  0]
 [ 2 13 18 27  0  0  0  0  0  0  0  0  0]
 [27 23 17 14 15  7  5 11  0  0  0  0  0]
 [ 3 28  8  0  0  0  0  0  0  0  0  0  0]
 [25  0  0  0  0  0  0  0  0  0  0  0  0]]
gen= [[0 0 0 0 0 0 0 0 0 0 0 0 0]
 [0 0 0 0 0 0 0 0 0 0 0 0 0]
 [0 0 0 0 0 0 0 0 0 0 0 0 0]
 [0 0 0 0 0 0 0 0 0 0 0 0 0]
 [0 0 0 0 0 0 0 0 0 0 0 0 0]
 [0 0 0 0 0 0 0 0 0 0 0 0 0]
 [0 0 0 0 0 0 0 0 0 0 0 0 0]
 [0 0 0 0 0 0 0 0 0 0 0 0 0]
 [0 0 0 0 0 0 0 0 0 0 0 0 0]
 [0 0 0 0 0 0 0 0 0 0 0 0 0]]
valid: gen=0.021
reward: norm=0.9139694056498102
[ 80 iterations]
real= [[ 1  0  0  0  0  0  0  0  0  0  0  0  0]
 [22 23 15  3 28  1  5  0  0  0  0  0  0]
 [ 4  9  6 14  0  0  0  0  0  0  0  0  0]
 [ 3 20 25 18  0  0  0  0  0  0  0  0  0]
 [ 2 21  0  0  0  0  0  0  0  0  0  0  0]
 [16  0  0  0  0  0  0  0  0  0  0  0  0]
 [12 18 24 21 16  9  5  0  0  0  0  0  0]
 [16  5  0  0  0  0  0  0  0  0  0  0  0]
 [15  2 11  0  0  0  0  0  0  0  0  0  0]
 [20 28 13 24 22  0  0  0  0  0  0  0  0]]
gen= [[0 0 0 0 0 0 0 0 0 0 0 0 0]
 [0 0 0 0 0 0 0 0 0 0 0 0 0]
 [0 0 0 0 0 0 0 0 0 0 0 0 0]
 [0 0 0 0 0 0 0 0 0 0 0 0 0]
 [0 0 0 0 0 0 0 0 0 0 0 0 0]
 [0 0 0 0 0 0 0 0 0 0 0 0 0]
 [0 0 0 0 0 0 0 0 0 0 0 0 0]
 [0 0 0 0 0 0 0 0 0 0 0 0 0]
 [0 0 0 0 0 0 0 0 0 0 0 0 0]
 [0 0 0 0 0 0 0 0 0 0 0 0 0]]
valid: gen=0.023
reward: norm=0.9185236740277302
[ 90 iterations]
real= [[23 14 17 13 10  9  1  7  0  0  0  0  0]
 [ 3 19 12  0  0  0  0  0  0  0  0  0  0]
 [24 28 12  0  0  0  0  0  0  0  0  0  0]
 [ 4 12  0  0  0  0  0  0  0  0  0  0  0]
 [14  9  0  0  0  0  0  0  0  0  0  0  0]
 [ 8  0  0  0  0  0  0  0  0  0  0  0  0]
 [ 5 20 12 18  9  0  0  0  0  0  0  0  0]
 [13 18 23  0  0  0  0  0  0  0  0  0  0]
 [ 3  8  0  0  0  0  0  0  0  0  0  0  0]
 [12  0  0  0  0  0  0  0  0  0  0  0  0]]
gen= [[ 0  0  0  0  0  0  0  0  0  0  0  0  0]
 [ 0  0  0  0  0  0  0  0  0  0  0  0  0]
 [28  0  0  0  0  0  0  0  0  0  0  0  0]
 [ 0  0  0  0  0  0  0  0  0  0  0  0  0]
 [ 0  0  0  0  0  0  0  0  0  0  0  0  0]
 [ 0  0  8  0  0  0  0  0  0  0  0  0  0]
 [ 0  0  0  0  0  0  0  0  0  0  0  0  0]
 [ 0  0  0  0  0  0  0  0  0  0  0  0  0]
 [ 0  0  0  0  0  0  0  0  0  0  0  0  0]
 [ 0  0  0  0  0  0  0  0  0  0  0  0  0]]
valid: gen=0.024
reward: norm=0.9165507386225091
[ 100 iterations]
real= [[ 6 27  0  0  0  0  0  0  0  0  0  0  0]
 [ 3  0  0  0  0  0  0  0  0  0  0  0  0]
 [26 19 14 13 18 15 12  5  0  0  0  0  0]
 [16 21  0  0  0  0  0  0  0  0  0  0  0]
 [27  8  4  9  6 24 18 12  0  0  0  0  0]
 [ 3 14 12  6  0  0  0  0  0  0  0  0  0]
 [ 6  1  0  0  0  0  0  0  0  0  0  0  0]
 [ 4 27  5 11  3  0  0  0  0  0  0  0  0]
 [ 3  0  0  0  0  0  0  0  0  0  0  0  0]
 [ 1 20 19 16 22  0  0  0  0  0  0  0  0]]
gen= [[0 0 0 0 0 0 0 0 0 0 0 0 0]
 [0 0 0 0 0 0 0 0 0 0 0 0 0]
 [0 0 0 0 0 0 0 0 0 0 0 0 0]
 [0 0 0 0 0 0 0 0 0 0 0 0 0]
 [0 0 0 0 0 0 0 0 0 0 0 0 0]
 [0 0 0 0 0 0 0 0 0 0 0 0 0]
 [0 0 0 0 0 0 0 0 0 0 0 0 0]
 [0 0 0 0 0 0 0 0 0 0 0 0 0]
 [0 0 0 0 0 0 0 0 0 0 0 0 0]
 [0 0 0 0 0 0 0 0 0 0 0 0 0]]
valid: gen=0.026
reward: norm=0.9124104200453104
[ 110 iterations]
real= [[16 22  0  0  0  0  0  0  0  0  0  0  0]
 [26 20 23 18  9  3  4  0  0  0  0  0  0]
 [13  0  0  0  0  0  0  0  0  0  0  0  0]
 [25 28 17  1  0  0  0  0  0  0  0  0  0]
 [26  7  0  0  0  0  0  0  0  0  0  0  0]
 [27  7  6 10 14  3  9  5  0  0  0  0  0]
 [25  2 28 23 12  3 26  0  0  0  0  0  0]
 [27  7 26 14 28  8 11  0  0  0  0  0  0]
 [16  0  0  0  0  0  0  0  0  0  0  0  0]
 [ 3  0  0  0  0  0  0  0  0  0  0  0  0]]
gen= [[0 0 0 0 0 0 0 0 0 0 0 0 0]
 [0 0 0 0 0 0 0 0 0 0 0 0 0]
 [0 0 0 0 0 0 0 0 0 0 0 0 0]
 [0 0 0 0 0 0 0 0 0 0 0 0 0]
 [0 0 0 0 0 0 0 0 0 0 0 0 0]
 [0 0 0 0 0 0 0 0 0 0 0 0 0]
 [0 0 0 0 0 0 0 0 0 0 0 0 0]
 [0 0 0 0 0 0 0 0 0 0 0 0 0]
 [0 0 0 0 0 0 0 0 0 0 0 0 0]
 [0 0 0 0 0 0 0 0 0 0 0 0 0]]
valid: gen=0.022
reward: norm=0.9107323746266108
[ 120 iterations]
real= [[22 27  1 14  0  0  0  0  0  0  0  0  0]
 [26 23 22 15 17 13 10 18 12  0  0  0  0]
 [ 4 28 23  8 25  0  0  0  0  0  0  0  0]
 [ 3 19 17 18  0  0  0  0  0  0  0  0  0]
 [ 3 18  6  0  0  0  0  0  0  0  0  0  0]
 [22 19 23 20  0  0  0  0  0  0  0  0  0]
 [ 2 13 18 27  0  0  0  0  0  0  0  0  0]
 [27 23 17 14 15  7  5 11  0  0  0  0  0]
 [ 3 28  8  0  0  0  0  0  0  0  0  0  0]
 [25  0  0  0  0  0  0  0  0  0  0  0  0]]
gen= [[ 0  0  0  0  0  0  0  0  0  0  0  0  0]
 [ 0  0  0  0  0  0  0  0  0  0  0  0  0]
 [ 0  0  0  0  0  0  0  0  0  0  0  0  0]
 [ 0  0  0  0  0  0  0  0  0  0  0  0  0]
 [ 0  0  0  0  0  0  0  0  0  0  0  0  0]
 [22  0  0  0  0  0  0  0  0  0  0  0  0]
 [ 0  0  0  0  0  0  0  0  0  0  0  0  0]
 [ 7  0  0  0  0  0  0  0  0  0  0  0  0]
 [ 0  0  0  0  0  0  0  0  0  0  0  0  0]
 [25  0  0  0  0  0  0  0  0  0  0  0  0]]
valid: gen=0.035
reward: norm=0.9153087684341068
[ 130 iterations]
real= [[ 1  0  0  0  0  0  0  0  0  0  0  0  0]
 [22 23 15  3 28  1  5  0  0  0  0  0  0]
 [ 4  9  6 14  0  0  0  0  0  0  0  0  0]
 [ 3 20 25 18  0  0  0  0  0  0  0  0  0]
 [ 2 21  0  0  0  0  0  0  0  0  0  0  0]
 [16  0  0  0  0  0  0  0  0  0  0  0  0]
 [12 18 24 21 16  9  5  0  0  0  0  0  0]
 [16  5  0  0  0  0  0  0  0  0  0  0  0]
 [15  2 11  0  0  0  0  0  0  0  0  0  0]
 [20 28 13 24 22  0  0  0  0  0  0  0  0]]
gen= [[0 0 0 0 0 0 0 0 0 0 0 0 0]
 [0 0 0 0 0 0 0 0 0 0 0 0 0]
 [9 0 0 0 0 0 0 0 0 0 0 0 0]
 [0 0 0 0 0 0 0 0 0 0 0 0 0]
 [0 0 0 0 0 0 0 0 0 0 0 0 0]
 [0 0 0 0 0 0 0 0 0 0 0 0 0]
 [0 0 0 0 0 0 0 0 0 0 0 0 0]
 [0 0 0 0 0 0 0 0 0 0 0 0 0]
 [0 0 0 0 0 0 0 0 0 0 0 0 0]
 [0 0 0 0 0 0 0 0 0 0 0 0 0]]
valid: gen=0.034
reward: norm=0.9201245147367718
[ 140 iterations]
real= [[23 14 17 13 10  9  1  7  0  0  0  0  0]
 [ 3 19 12  0  0  0  0  0  0  0  0  0  0]
 [24 28 12  0  0  0  0  0  0  0  0  0  0]
 [ 4 12  0  0  0  0  0  0  0  0  0  0  0]
 [14  9  0  0  0  0  0  0  0  0  0  0  0]
 [ 8  0  0  0  0  0  0  0  0  0  0  0  0]
 [ 5 20 12 18  9  0  0  0  0  0  0  0  0]
 [13 18 23  0  0  0  0  0  0  0  0  0  0]
 [ 3  8  0  0  0  0  0  0  0  0  0  0  0]
 [12  0  0  0  0  0  0  0  0  0  0  0  0]]
gen= [[ 1  0  0  0  0  0  0  0  0  0  0  0  0]
 [ 0  0  0  0  0  0  0  0  0  0  0  0  0]
 [ 0  0  0  0  0  0  0  0  0  0  0  0  0]
 [ 0  0  0  0  0  0  0  0  0  0  0  0  0]
 [14  0  0  0  0  0  0  0  0  0  0  0  0]
 [ 0  8  0  0  0  0  0  0  0  0  0  0  0]
 [ 0  0  0  0  0  0  0  0  0  0  0  0  0]
 [ 0  0  0  0  0  0  0  0  0  0  0  0  0]
 [ 0  8  0  0  0  0  0  0  0  0  0  0  0]
 [12  0  0  0  0  0  0  0  0  0  0  0  0]]
valid: gen=0.036
reward: norm=0.9180165988786575
[ 150 iterations]
real= [[ 6 27  0  0  0  0  0  0  0  0  0  0  0]
 [ 3  0  0  0  0  0  0  0  0  0  0  0  0]
 [26 19 14 13 18 15 12  5  0  0  0  0  0]
 [16 21  0  0  0  0  0  0  0  0  0  0  0]
 [27  8  4  9  6 24 18 12  0  0  0  0  0]
 [ 3 14 12  6  0  0  0  0  0  0  0  0  0]
 [ 6  1  0  0  0  0  0  0  0  0  0  0  0]
 [ 4 27  5 11  3  0  0  0  0  0  0  0  0]
 [ 3  0  0  0  0  0  0  0  0  0  0  0  0]
 [ 1 20 19 16 22  0  0  0  0  0  0  0  0]]
gen= [[ 0  0  0  0  0  0  0  0  0  0  0  0  0]
 [ 3  0  0  0  0  0  0  0  0  0  0  0  0]
 [18 18  0  0  0  0  0  0  0  0  0  0  0]
 [21 21  0  0  0  0  0  0  0  0  0  0  0]
 [ 9  0  0  0  0  0  0  0  0  0  0  0  0]
 [14  0  0  0  0  0  0  0  0  0  0  0  0]
 [ 1  0  0  0  0  0  0  0  0  0  0  0  0]
 [ 3  0  0  0  0  0  0  0  0  0  0  0  0]
 [ 3  3  3  0  0  0  0  0  0  0  0  0  0]
 [ 1  0  0  0  0  0  0  0  0  0  0  0  0]]
valid: gen=0.065
reward: norm=0.913392066459853
[ 160 iterations]
real= [[16 22  0  0  0  0  0  0  0  0  0  0  0]
 [26 20 23 18  9  3  4  0  0  0  0  0  0]
 [13  0  0  0  0  0  0  0  0  0  0  0  0]
 [25 28 17  1  0  0  0  0  0  0  0  0  0]
 [26  7  0  0  0  0  0  0  0  0  0  0  0]
 [27  7  6 10 14  3  9  5  0  0  0  0  0]
 [25  2 28 23 12  3 26  0  0  0  0  0  0]
 [27  7 26 14 28  8 11  0  0  0  0  0  0]
 [16  0  0  0  0  0  0  0  0  0  0  0  0]
 [ 3  0  0  0  0  0  0  0  0  0  0  0  0]]
gen= [[22  0  0  0  0  0  0  0  0  0  0  0  0]
 [ 3  0  0  0  0  0  0  0  0  0  0  0  0]
 [13  0  0  0  0  0  0  0  0  0  0  0  0]
 [ 1  0  0  0  0  0  0  0  0  0  0  0  0]
 [ 0  0  0  0  0  0  0  0  0  0  0  0  0]
 [ 9  0  0  0  0  0  0  0  0  0  0  0  0]
 [ 3  0  0  0  0  0  0  0  0  0  0  0  0]
 [14  0  0  0  0  0  0  0  0  0  0  0  0]
 [ 0 16  0  0  0  0  0  0  0  0  0  0  0]
 [ 3  0  0  0  0  0  0  0  0  0  0  0  0]]
valid: gen=0.062
reward: norm=0.9207630458769406
[ 170 iterations]
real= [[22 27  1 14  0  0  0  0  0  0  0  0  0]
 [26 23 22 15 17 13 10 18 12  0  0  0  0]
 [ 4 28 23  8 25  0  0  0  0  0  0  0  0]
 [ 3 19 17 18  0  0  0  0  0  0  0  0  0]
 [ 3 18  6  0  0  0  0  0  0  0  0  0  0]
 [22 19 23 20  0  0  0  0  0  0  0  0  0]
 [ 2 13 18 27  0  0  0  0  0  0  0  0  0]
 [27 23 17 14 15  7  5 11  0  0  0  0  0]
 [ 3 28  8  0  0  0  0  0  0  0  0  0  0]
 [25  0  0  0  0  0  0  0  0  0  0  0  0]]
gen= [[22  1  0  0  0  0  0  0  0  0  0  0  0]
 [22  0  0  0  0  0  0  0  0  0  0  0  0]
 [28  0  0  0  0  0  0  0  0  0  0  0  0]
 [ 3  0  0  0  0  0  0  0  0  0  0  0  0]
 [ 6  0  0  0  0  0  0  0  0  0  0  0  0]
 [22  0  0  0  0  0  0  0  0  0  0  0  0]
 [18  0  0  0  0  0  0  0  0  0  0  0  0]
 [23  0  0  0  0  0  0  0  0  0  0  0  0]
 [ 8  0  0  0  0  0  0  0  0  0  0  0  0]
 [25  0  0  0  0  0  0  0  0  0  0  0  0]]
valid: gen=0.065
reward: norm=0.9257399141757758
[ 180 iterations]
real= [[ 1  0  0  0  0  0  0  0  0  0  0  0  0]
 [22 23 15  3 28  1  5  0  0  0  0  0  0]
 [ 4  9  6 14  0  0  0  0  0  0  0  0  0]
 [ 3 20 25 18  0  0  0  0  0  0  0  0  0]
 [ 2 21  0  0  0  0  0  0  0  0  0  0  0]
 [16  0  0  0  0  0  0  0  0  0  0  0  0]
 [12 18 24 21 16  9  5  0  0  0  0  0  0]
 [16  5  0  0  0  0  0  0  0  0  0  0  0]
 [15  2 11  0  0  0  0  0  0  0  0  0  0]
 [20 28 13 24 22  0  0  0  0  0  0  0  0]]
gen= [[ 1  1  1  0  0  0  0  0  0  0  0  0  0]
 [ 1  0  0  0  0  0  0  0  0  0  0  0  0]
 [ 6  0  0  0  0  0  0  0  0  0  0  0  0]
 [ 0  0  0  0  0  0  0  0  0  0  0  0  0]
 [ 0  0  0  0  0  0  0  0  0  0  0  0  0]
 [ 0  0  0  0  0  0  0  0  0  0  0  0  0]
 [21  0  0  0  0  0  0  0  0  0  0  0  0]
 [ 5  0  0  0  0  0  0  0  0  0  0  0  0]
 [ 2  0  0  0  0  0  0  0  0  0  0  0  0]
 [22  0  0  0  0  0  0  0  0  0  0  0  0]]
valid: gen=0.078
reward: norm=0.936581340435741
[ 190 iterations]
real= [[23 14 17 13 10  9  1  7  0  0  0  0  0]
 [ 3 19 12  0  0  0  0  0  0  0  0  0  0]
 [24 28 12  0  0  0  0  0  0  0  0  0  0]
 [ 4 12  0  0  0  0  0  0  0  0  0  0  0]
 [14  9  0  0  0  0  0  0  0  0  0  0  0]
 [ 8  0  0  0  0  0  0  0  0  0  0  0  0]
 [ 5 20 12 18  9  0  0  0  0  0  0  0  0]
 [13 18 23  0  0  0  0  0  0  0  0  0  0]
 [ 3  8  0  0  0  0  0  0  0  0  0  0  0]
 [12  0  0  0  0  0  0  0  0  0  0  0  0]]
gen= [[ 1  1  0  0  0  0  0  0  0  0  0  0  0]
 [ 3  0  0  0  0  0  0  0  0  0  0  0  0]
 [28 28  0  0  0  0  0  0  0  0  0  0  0]
 [ 4  0  0  0  0  0  0  0  0  0  0  0  0]
 [ 0  0  0  0  0  0  0  0  0  0  0  0  0]
 [ 0  0  0  0  0  0  0  0  0  0  0  0  0]
 [ 0  0  0  0  0  0  0  0  0  0  0  0  0]
 [23  0  0  0  0  0  0  0  0  0  0  0  0]
 [ 0  0  0  0  0  0  0  0  0  0  0  0  0]
 [12  0  0  0  0  0  0  0  0  0  0  0  0]]
valid: gen=0.085
reward: norm=0.9319788859375973
[ 200 iterations]
real= [[ 6 27  0  0  0  0  0  0  0  0  0  0  0]
 [ 3  0  0  0  0  0  0  0  0  0  0  0  0]
 [26 19 14 13 18 15 12  5  0  0  0  0  0]
 [16 21  0  0  0  0  0  0  0  0  0  0  0]
 [27  8  4  9  6 24 18 12  0  0  0  0  0]
 [ 3 14 12  6  0  0  0  0  0  0  0  0  0]
 [ 6  1  0  0  0  0  0  0  0  0  0  0  0]
 [ 4 27  5 11  3  0  0  0  0  0  0  0  0]
 [ 3  0  0  0  0  0  0  0  0  0  0  0  0]
 [ 1 20 19 16 22  0  0  0  0  0  0  0  0]]
gen= [[6 6 0 0 0 0 0 0 0 0 0 0 0]
 [0 0 0 0 0 0 0 0 0 0 0 0 0]
 [0 0 0 0 0 0 0 0 0 0 0 0 0]
 [0 0 0 0 0 0 0 0 0 0 0 0 0]
 [6 0 0 0 0 0 0 0 0 0 0 0 0]
 [6 0 0 0 0 0 0 0 0 0 0 0 0]
 [1 1 0 0 0 0 0 0 0 0 0 0 0]
 [0 0 0 0 0 0 0 0 0 0 0 0 0]
 [3 0 0 0 0 0 0 0 0 0 0 0 0]
 [1 0 0 0 0 0 0 0 0 0 0 0 0]]
valid: gen=0.075
reward: norm=0.9279255439747162
[ 210 iterations]
real= [[16 22  0  0  0  0  0  0  0  0  0  0  0]
 [26 20 23 18  9  3  4  0  0  0  0  0  0]
 [13  0  0  0  0  0  0  0  0  0  0  0  0]
 [25 28 17  1  0  0  0  0  0  0  0  0  0]
 [26  7  0  0  0  0  0  0  0  0  0  0  0]
 [27  7  6 10 14  3  9  5  0  0  0  0  0]
 [25  2 28 23 12  3 26  0  0  0  0  0  0]
 [27  7 26 14 28  8 11  0  0  0  0  0  0]
 [16  0  0  0  0  0  0  0  0  0  0  0  0]
 [ 3  0  0  0  0  0  0  0  0  0  0  0  0]]
gen= [[ 0  0  0  0  0  0  0  0  0  0  0  0  0]
 [ 3  0  0  0  0  0  0  0  0  0  0  0  0]
 [13  0  0  0  0  0  0  0  0  0  0  0  0]
 [ 1  1  0  0  0  0  0  0  0  0  0  0  0]
 [ 7  0  0  0  0  0  0  0  0  0  0  0  0]
 [ 6  0  0  0  0  0  0  0  0  0  0  0  0]
 [ 3  3  0  0  0  0  0  0  0  0  0  0  0]
 [ 8  0  0  0  0  0  0  0  0  0  0  0  0]
 [ 0  0  0  0  0  0  0  0  0  0  0  0  0]
 [ 3  0  0  0  0  0  0  0  0  0  0  0  0]]
valid: gen=0.071
reward: norm=0.9300584950768078
[ 220 iterations]
real= [[22 27  1 14  0  0  0  0  0  0  0  0  0]
 [26 23 22 15 17 13 10 18 12  0  0  0  0]
 [ 4 28 23  8 25  0  0  0  0  0  0  0  0]
 [ 3 19 17 18  0  0  0  0  0  0  0  0  0]
 [ 3 18  6  0  0  0  0  0  0  0  0  0  0]
 [22 19 23 20  0  0  0  0  0  0  0  0  0]
 [ 2 13 18 27  0  0  0  0  0  0  0  0  0]
 [27 23 17 14 15  7  5 11  0  0  0  0  0]
 [ 3 28  8  0  0  0  0  0  0  0  0  0  0]
 [25  0  0  0  0  0  0  0  0  0  0  0  0]]
gen= [[ 1  1  0  0  0  0  0  0  0  0  0  0  0]
 [23  0  0  0  0  0  0  0  0  0  0  0  0]
 [23  0  0  0  0  0  0  0  0  0  0  0  0]
 [ 3  0  0  0  0  0  0  0  0  0  0  0  0]
 [ 6  0  0  0  0  0  0  0  0  0  0  0  0]
 [22  0  0  0  0  0  0  0  0  0  0  0  0]
 [ 0  0  0  0  0  0  0  0  0  0  0  0  0]
 [23  0  0  0  0  0  0  0  0  0  0  0  0]
 [ 3  0  0  0  0  0  0  0  0  0  0  0  0]
 [ 0  0  0  0  0  0  0  0  0  0  0  0  0]]
valid: gen=0.088
reward: norm=0.9333506480743133
[ 230 iterations]
real= [[ 1  0  0  0  0  0  0  0  0  0  0  0  0]
 [22 23 15  3 28  1  5  0  0  0  0  0  0]
 [ 4  9  6 14  0  0  0  0  0  0  0  0  0]
 [ 3 20 25 18  0  0  0  0  0  0  0  0  0]
 [ 2 21  0  0  0  0  0  0  0  0  0  0  0]
 [16  0  0  0  0  0  0  0  0  0  0  0  0]
 [12 18 24 21 16  9  5  0  0  0  0  0  0]
 [16  5  0  0  0  0  0  0  0  0  0  0  0]
 [15  2 11  0  0  0  0  0  0  0  0  0  0]
 [20 28 13 24 22  0  0  0  0  0  0  0  0]]
gen= [[ 1  0  0  0  0  0  0  0  0  0  0  0  0]
 [ 1  0  0  0  0  0  0  0  0  0  0  0  0]
 [ 6  0  0  0  0  0  0  0  0  0  0  0  0]
 [ 3  0  0  0  0  0  0  0  0  0  0  0  0]
 [21 21  0  0  0  0  0  0  0  0  0  0  0]
 [ 0  0  0  0  0  0  0  0  0  0  0  0  0]
 [21  0  0  0  0  0  0  0  0  0  0  0  0]
 [ 5  0  0  0  0  0  0  0  0  0  0  0  0]
 [ 2  0  0  0  0  0  0  0  0  0  0  0  0]
 [22  0  0  0  0  0  0  0  0  0  0  0  0]]
valid: gen=0.106
reward: norm=0.9407906275628528
[ 240 iterations]
real= [[23 14 17 13 10  9  1  7  0  0  0  0  0]
 [ 3 19 12  0  0  0  0  0  0  0  0  0  0]
 [24 28 12  0  0  0  0  0  0  0  0  0  0]
 [ 4 12  0  0  0  0  0  0  0  0  0  0  0]
 [14  9  0  0  0  0  0  0  0  0  0  0  0]
 [ 8  0  0  0  0  0  0  0  0  0  0  0  0]
 [ 5 20 12 18  9  0  0  0  0  0  0  0  0]
 [13 18 23  0  0  0  0  0  0  0  0  0  0]
 [ 3  8  0  0  0  0  0  0  0  0  0  0  0]
 [12  0  0  0  0  0  0  0  0  0  0  0  0]]
gen= [[ 1  1  0  0  0  0  0  0  0  0  0  0  0]
 [ 3  0  0  0  0  0  0  0  0  0  0  0  0]
 [ 0  0  0  0  0  0  0  0  0  0  0  0  0]
 [12  0  0  0  0  0  0  0  0  0  0  0  0]
 [ 9  0  0  0  0  0  0  0  0  0  0  0  0]
 [ 8  0  0  0  0  0  0  0  0  0  0  0  0]
 [ 9  0  0  0  0  0  0  0  0  0  0  0  0]
 [23 23  0  0  0  0  0  0  0  0  0  0  0]
 [ 3  0  0  0  0  0  0  0  0  0  0  0  0]
 [12  0  0  0  0  0  0  0  0  0  0  0  0]]
valid: gen=0.117
reward: norm=0.9410320197781936
[ 250 iterations]
real= [[ 6 27  0  0  0  0  0  0  0  0  0  0  0]
 [ 3  0  0  0  0  0  0  0  0  0  0  0  0]
 [26 19 14 13 18 15 12  5  0  0  0  0  0]
 [16 21  0  0  0  0  0  0  0  0  0  0  0]
 [27  8  4  9  6 24 18 12  0  0  0  0  0]
 [ 3 14 12  6  0  0  0  0  0  0  0  0  0]
 [ 6  1  0  0  0  0  0  0  0  0  0  0  0]
 [ 4 27  5 11  3  0  0  0  0  0  0  0  0]
 [ 3  0  0  0  0  0  0  0  0  0  0  0  0]
 [ 1 20 19 16 22  0  0  0  0  0  0  0  0]]
gen= [[ 6  0  0  0  0  0  0  0  0  0  0  0  0]
 [ 3  0  0  0  0  0  0  0  0  0  0  0  0]
 [ 5  0  0  0  0  0  0  0  0  0  0  0  0]
 [21  0  0  0  0  0  0  0  0  0  0  0  0]
 [ 6  0  0  0  0  0  0  0  0  0  0  0  0]
 [ 3  0  0  0  0  0  0  0  0  0  0  0  0]
 [ 1  0  0  0  0  0  0  0  0  0  0  0  0]
 [ 3  0  0  0  0  0  0  0  0  0  0  0  0]
 [ 3  0  0  0  0  0  0  0  0  0  0  0  0]
 [ 1  0  0  0  0  0  0  0  0  0  0  0  0]]
valid: gen=0.128
reward: norm=0.9368709708082068
[ 260 iterations]
real= [[16 22  0  0  0  0  0  0  0  0  0  0  0]
 [26 20 23 18  9  3  4  0  0  0  0  0  0]
 [13  0  0  0  0  0  0  0  0  0  0  0  0]
 [25 28 17  1  0  0  0  0  0  0  0  0  0]
 [26  7  0  0  0  0  0  0  0  0  0  0  0]
 [27  7  6 10 14  3  9  5  0  0  0  0  0]
 [25  2 28 23 12  3 26  0  0  0  0  0  0]
 [27  7 26 14 28  8 11  0  0  0  0  0  0]
 [16  0  0  0  0  0  0  0  0  0  0  0  0]
 [ 3  0  0  0  0  0  0  0  0  0  0  0  0]]
gen= [[22  0  0  0  0  0  0  0  0  0  0  0  0]
 [ 3  0  0  0  0  0  0  0  0  0  0  0  0]
 [13  0  0  0  0  0  0  0  0  0  0  0  0]
 [ 1  0  0  0  0  0  0  0  0  0  0  0  0]
 [ 7  0  0  0  0  0  0  0  0  0  0  0  0]
 [ 3  0  0  0  0  0  0  0  0  0  0  0  0]
 [ 3  0  0  0  0  0  0  0  0  0  0  0  0]
 [ 8  8  0  0  0  0  0  0  0  0  0  0  0]
 [16  0  0  0  0  0  0  0  0  0  0  0  0]
 [ 3  0  0  0  0  0  0  0  0  0  0  0  0]]
valid: gen=0.129
reward: norm=0.9417754870349747
[ 270 iterations]
real= [[22 27  1 14  0  0  0  0  0  0  0  0  0]
 [26 23 22 15 17 13 10 18 12  0  0  0  0]
 [ 4 28 23  8 25  0  0  0  0  0  0  0  0]
 [ 3 19 17 18  0  0  0  0  0  0  0  0  0]
 [ 3 18  6  0  0  0  0  0  0  0  0  0  0]
 [22 19 23 20  0  0  0  0  0  0  0  0  0]
 [ 2 13 18 27  0  0  0  0  0  0  0  0  0]
 [27 23 17 14 15  7  5 11  0  0  0  0  0]
 [ 3 28  8  0  0  0  0  0  0  0  0  0  0]
 [25  0  0  0  0  0  0  0  0  0  0  0  0]]
gen= [[ 1  0  0  0  0  0  0  0  0  0  0  0  0]
 [22  0  0  0  0  0  0  0  0  0  0  0  0]
 [ 8  8  0  0  0  0  0  0  0  0  0  0  0]
 [ 3  0  0  0  0  0  0  0  0  0  0  0  0]
 [ 6  6  0  0  0  0  0  0  0  0  0  0  0]
 [22  0  0  0  0  0  0  0  0  0  0  0  0]
 [ 2  0  0  0  0  0  0  0  0  0  0  0  0]
 [23  0  0  0  0  0  0  0  0  0  0  0  0]
 [ 3  0  0  0  0  0  0  0  0  0  0  0  0]
 [25  0  0  0  0  0  0  0  0  0  0  0  0]]
valid: gen=0.14
reward: norm=0.9431701558088317
[ 280 iterations]
real= [[ 1  0  0  0  0  0  0  0  0  0  0  0  0]
 [22 23 15  3 28  1  5  0  0  0  0  0  0]
 [ 4  9  6 14  0  0  0  0  0  0  0  0  0]
 [ 3 20 25 18  0  0  0  0  0  0  0  0  0]
 [ 2 21  0  0  0  0  0  0  0  0  0  0  0]
 [16  0  0  0  0  0  0  0  0  0  0  0  0]
 [12 18 24 21 16  9  5  0  0  0  0  0  0]
 [16  5  0  0  0  0  0  0  0  0  0  0  0]
 [15  2 11  0  0  0  0  0  0  0  0  0  0]
 [20 28 13 24 22  0  0  0  0  0  0  0  0]]
gen= [[ 1  0  0  0  0  0  0  0  0  0  0  0  0]
 [ 1  0  0  0  0  0  0  0  0  0  0  0  0]
 [ 6  0  0  0  0  0  0  0  0  0  0  0  0]
 [ 3  0  0  0  0  0  0  0  0  0  0  0  0]
 [21  0  0  0  0  0  0  0  0  0  0  0  0]
 [16  0  0  0  0  0  0  0  0  0  0  0  0]
 [21  0  0  0  0  0  0  0  0  0  0  0  0]
 [ 5  0  0  0  0  0  0  0  0  0  0  0  0]
 [ 2  0  0  0  0  0  0  0  0  0  0  0  0]
 [24  0  0  0  0  0  0  0  0  0  0  0  0]]
valid: gen=0.147
reward: norm=0.947309032159215
[ 290 iterations]
real= [[23 14 17 13 10  9  1  7  0  0  0  0  0]
 [ 3 19 12  0  0  0  0  0  0  0  0  0  0]
 [24 28 12  0  0  0  0  0  0  0  0  0  0]
 [ 4 12  0  0  0  0  0  0  0  0  0  0  0]
 [14  9  0  0  0  0  0  0  0  0  0  0  0]
 [ 8  0  0  0  0  0  0  0  0  0  0  0  0]
 [ 5 20 12 18  9  0  0  0  0  0  0  0  0]
 [13 18 23  0  0  0  0  0  0  0  0  0  0]
 [ 3  8  0  0  0  0  0  0  0  0  0  0  0]
 [12  0  0  0  0  0  0  0  0  0  0  0  0]]
gen= [[ 1  0  0  0  0  0  0  0  0  0  0  0  0]
 [ 3  0  0  0  0  0  0  0  0  0  0  0  0]
 [24  0  0  0  0  0  0  0  0  0  0  0  0]
 [12  0  0  0  0  0  0  0  0  0  0  0  0]
 [ 9  0  0  0  0  0  0  0  0  0  0  0  0]
 [ 8  0  0  0  0  0  0  0  0  0  0  0  0]
 [18  0  0  0  0  0  0  0  0  0  0  0  0]
 [18  0  0  0  0  0  0  0  0  0  0  0  0]
 [ 8  0  0  0  0  0  0  0  0  0  0  0  0]
 [12  0  0  0  0  0  0  0  0  0  0  0  0]]
valid: gen=0.146
reward: norm=0.9459287503897853
[ 300 iterations]
real= [[ 6 27  0  0  0  0  0  0  0  0  0  0  0]
 [ 3  0  0  0  0  0  0  0  0  0  0  0  0]
 [26 19 14 13 18 15 12  5  0  0  0  0  0]
 [16 21  0  0  0  0  0  0  0  0  0  0  0]
 [27  8  4  9  6 24 18 12  0  0  0  0  0]
 [ 3 14 12  6  0  0  0  0  0  0  0  0  0]
 [ 6  1  0  0  0  0  0  0  0  0  0  0  0]
 [ 4 27  5 11  3  0  0  0  0  0  0  0  0]
 [ 3  0  0  0  0  0  0  0  0  0  0  0  0]
 [ 1 20 19 16 22  0  0  0  0  0  0  0  0]]
gen= [[ 6  0  0  0  0  0  0  0  0  0  0  0  0]
 [ 3  0  0  0  0  0  0  0  0  0  0  0  0]
 [18  0  0  0  0  0  0  0  0  0  0  0  0]
 [21  0  0  0  0  0  0  0  0  0  0  0  0]
 [ 6  0  0  0  0  0  0  0  0  0  0  0  0]
 [ 3  6  0  0  0  0  0  0  0  0  0  0  0]
 [ 6  0  0  0  0  0  0  0  0  0  0  0  0]
 [ 3  0  0  0  0  0  0  0  0  0  0  0  0]
 [ 3  0  0  0  0  0  0  0  0  0  0  0  0]
 [22  0  0  0  0  0  0  0  0  0  0  0  0]]
valid: gen=0.146
reward: norm=0.942702285341281
[ 310 iterations]
real= [[16 22  0  0  0  0  0  0  0  0  0  0  0]
 [26 20 23 18  9  3  4  0  0  0  0  0  0]
 [13  0  0  0  0  0  0  0  0  0  0  0  0]
 [25 28 17  1  0  0  0  0  0  0  0  0  0]
 [26  7  0  0  0  0  0  0  0  0  0  0  0]
 [27  7  6 10 14  3  9  5  0  0  0  0  0]
 [25  2 28 23 12  3 26  0  0  0  0  0  0]
 [27  7 26 14 28  8 11  0  0  0  0  0  0]
 [16  0  0  0  0  0  0  0  0  0  0  0  0]
 [ 3  0  0  0  0  0  0  0  0  0  0  0  0]]
gen= [[22  0  0  0  0  0  0  0  0  0  0  0  0]
 [ 3  0  0  0  0  0  0  0  0  0  0  0  0]
 [13  0  0  0  0  0  0  0  0  0  0  0  0]
 [ 1  0  0  0  0  0  0  0  0  0  0  0  0]
 [ 7  0  0  0  0  0  0  0  0  0  0  0  0]
 [ 6  0  0  0  0  0  0  0  0  0  0  0  0]
 [ 3  0  0  0  0  0  0  0  0  0  0  0  0]
 [ 8  0  0  0  0  0  0  0  0  0  0  0  0]
 [16  0  0  0  0  0  0  0  0  0  0  0  0]
 [ 3  0  0  0  0  0  0  0  0  0  0  0  0]]
valid: gen=0.136
reward: norm=0.9433958231651391
[ 320 iterations]
real= [[22 27  1 14  0  0  0  0  0  0  0  0  0]
 [26 23 22 15 17 13 10 18 12  0  0  0  0]
 [ 4 28 23  8 25  0  0  0  0  0  0  0  0]
 [ 3 19 17 18  0  0  0  0  0  0  0  0  0]
 [ 3 18  6  0  0  0  0  0  0  0  0  0  0]
 [22 19 23 20  0  0  0  0  0  0  0  0  0]
 [ 2 13 18 27  0  0  0  0  0  0  0  0  0]
 [27 23 17 14 15  7  5 11  0  0  0  0  0]
 [ 3 28  8  0  0  0  0  0  0  0  0  0  0]
 [25  0  0  0  0  0  0  0  0  0  0  0  0]]
gen= [[22  1  0  0  0  0  0  0  0  0  0  0  0]
 [22  0  0  0  0  0  0  0  0  0  0  0  0]
 [25  0  0  0  0  0  0  0  0  0  0  0  0]
 [ 3  0  0  0  0  0  0  0  0  0  0  0  0]
 [ 6  0  0  0  0  0  0  0  0  0  0  0  0]
 [22  0  0  0  0  0  0  0  0  0  0  0  0]
 [13  0  0  0  0  0  0  0  0  0  0  0  0]
 [ 5  0  0  0  0  0  0  0  0  0  0  0  0]
 [ 8  0  0  0  0  0  0  0  0  0  0  0  0]
 [25  0  0  0  0  0  0  0  0  0  0  0  0]]
valid: gen=0.148
reward: norm=0.9474177905642571
[ 330 iterations]
real= [[ 1  0  0  0  0  0  0  0  0  0  0  0  0]
 [22 23 15  3 28  1  5  0  0  0  0  0  0]
 [ 4  9  6 14  0  0  0  0  0  0  0  0  0]
 [ 3 20 25 18  0  0  0  0  0  0  0  0  0]
 [ 2 21  0  0  0  0  0  0  0  0  0  0  0]
 [16  0  0  0  0  0  0  0  0  0  0  0  0]
 [12 18 24 21 16  9  5  0  0  0  0  0  0]
 [16  5  0  0  0  0  0  0  0  0  0  0  0]
 [15  2 11  0  0  0  0  0  0  0  0  0  0]
 [20 28 13 24 22  0  0  0  0  0  0  0  0]]
gen= [[ 1  0  0  0  0  0  0  0  0  0  0  0  0]
 [ 1  0  0  0  0  0  0  0  0  0  0  0  0]
 [ 6  6  0  0  0  0  0  0  0  0  0  0  0]
 [25 25  0  0  0  0  0  0  0  0  0  0  0]
 [21  0  0  0  0  0  0  0  0  0  0  0  0]
 [16  0  0  0  0  0  0  0  0  0  0  0  0]
 [21  0  0  0  0  0  0  0  0  0  0  0  0]
 [ 5  0  0  0  0  0  0  0  0  0  0  0  0]
 [ 2  0  0  0  0  0  0  0  0  0  0  0  0]
 [22  0  0  0  0  0  0  0  0  0  0  0  0]]
valid: gen=0.152
reward: norm=0.9496145508251324
[ 340 iterations]
real= [[23 14 17 13 10  9  1  7  0  0  0  0  0]
 [ 3 19 12  0  0  0  0  0  0  0  0  0  0]
 [24 28 12  0  0  0  0  0  0  0  0  0  0]
 [ 4 12  0  0  0  0  0  0  0  0  0  0  0]
 [14  9  0  0  0  0  0  0  0  0  0  0  0]
 [ 8  0  0  0  0  0  0  0  0  0  0  0  0]
 [ 5 20 12 18  9  0  0  0  0  0  0  0  0]
 [13 18 23  0  0  0  0  0  0  0  0  0  0]
 [ 3  8  0  0  0  0  0  0  0  0  0  0  0]
 [12  0  0  0  0  0  0  0  0  0  0  0  0]]
gen= [[ 1  0  0  0  0  0  0  0  0  0  0  0  0]
 [ 3  0  0  0  0  0  0  0  0  0  0  0  0]
 [24  0  0  0  0  0  0  0  0  0  0  0  0]
 [12  0  0  0  0  0  0  0  0  0  0  0  0]
 [ 9  0  0  0  0  0  0  0  0  0  0  0  0]
 [ 8  0  0  0  0  0  0  0  0  0  0  0  0]
 [18  0  0  0  0  0  0  0  0  0  0  0  0]
 [13  0  0  0  0  0  0  0  0  0  0  0  0]
 [ 3  0  0  0  0  0  0  0  0  0  0  0  0]
 [12  0  0  0  0  0  0  0  0  0  0  0  0]]
valid: gen=0.15
reward: norm=0.9471842238746432
[ 350 iterations]
real= [[ 6 27  0  0  0  0  0  0  0  0  0  0  0]
 [ 3  0  0  0  0  0  0  0  0  0  0  0  0]
 [26 19 14 13 18 15 12  5  0  0  0  0  0]
 [16 21  0  0  0  0  0  0  0  0  0  0  0]
 [27  8  4  9  6 24 18 12  0  0  0  0  0]
 [ 3 14 12  6  0  0  0  0  0  0  0  0  0]
 [ 6  1  0  0  0  0  0  0  0  0  0  0  0]
 [ 4 27  5 11  3  0  0  0  0  0  0  0  0]
 [ 3  0  0  0  0  0  0  0  0  0  0  0  0]
 [ 1 20 19 16 22  0  0  0  0  0  0  0  0]]
gen= [[ 6  0  0  0  0  0  0  0  0  0  0  0  0]
 [ 3  0  0  0  0  0  0  0  0  0  0  0  0]
 [13  0  0  0  0  0  0  0  0  0  0  0  0]
 [21  0  0  0  0  0  0  0  0  0  0  0  0]
 [ 6  0  0  0  0  0  0  0  0  0  0  0  0]
 [ 6  0  0  0  0  0  0  0  0  0  0  0  0]
 [ 1  1  0  0  0  0  0  0  0  0  0  0  0]
 [27  0  0  0  0  0  0  0  0  0  0  0  0]
 [ 3  0  0  0  0  0  0  0  0  0  0  0  0]
 [ 1  0  0  0  0  0  0  0  0  0  0  0  0]]
valid: gen=0.147
reward: norm=0.9404139711200884
[ 360 iterations]
real= [[16 22  0  0  0  0  0  0  0  0  0  0  0]
 [26 20 23 18  9  3  4  0  0  0  0  0  0]
 [13  0  0  0  0  0  0  0  0  0  0  0  0]
 [25 28 17  1  0  0  0  0  0  0  0  0  0]
 [26  7  0  0  0  0  0  0  0  0  0  0  0]
 [27  7  6 10 14  3  9  5  0  0  0  0  0]
 [25  2 28 23 12  3 26  0  0  0  0  0  0]
 [27  7 26 14 28  8 11  0  0  0  0  0  0]
 [16  0  0  0  0  0  0  0  0  0  0  0  0]
 [ 3  0  0  0  0  0  0  0  0  0  0  0  0]]
gen= [[22  0  0  0  0  0  0  0  0  0  0  0  0]
 [23  0  0  0  0  0  0  0  0  0  0  0  0]
 [13  0  0  0  0  0  0  0  0  0  0  0  0]
 [ 1  0  0  0  0  0  0  0  0  0  0  0  0]
 [ 7  0  0  0  0  0  0  0  0  0  0  0  0]
 [ 6  6  0  0  0  0  0  0  0  0  0  0  0]
 [23  0  0  0  0  0  0  0  0  0  0  0  0]
 [27  0  0  0  0  0  0  0  0  0  0  0  0]
 [16  0  0  0  0  0  0  0  0  0  0  0  0]
 [ 3  0  0  0  0  0  0  0  0  0  0  0  0]]
valid: gen=0.141
reward: norm=0.9355044005314456
[ 370 iterations]
real= [[22 27  1 14  0  0  0  0  0  0  0  0  0]
 [26 23 22 15 17 13 10 18 12  0  0  0  0]
 [ 4 28 23  8 25  0  0  0  0  0  0  0  0]
 [ 3 19 17 18  0  0  0  0  0  0  0  0  0]
 [ 3 18  6  0  0  0  0  0  0  0  0  0  0]
 [22 19 23 20  0  0  0  0  0  0  0  0  0]
 [ 2 13 18 27  0  0  0  0  0  0  0  0  0]
 [27 23 17 14 15  7  5 11  0  0  0  0  0]
 [ 3 28  8  0  0  0  0  0  0  0  0  0  0]
 [25  0  0  0  0  0  0  0  0  0  0  0  0]]
gen= [[ 1  1  0  0  0  0  0  0  0  0  0  0  0]
 [23  0  0  0  0  0  0  0  0  0  0  0  0]
 [23  0  0  0  0  0  0  0  0  0  0  0  0]
 [ 3  0  0  0  0  0  0  0  0  0  0  0  0]
 [ 6  6  0  0  0  0  0  0  0  0  0  0  0]
 [22 22 23  0  0  0  0  0  0  0  0  0  0]
 [13  0  0  0  0  0  0  0  0  0  0  0  0]
 [23 23  0  0  0  0  0  0  0  0  0  0  0]
 [ 3  0  0  0  0  0  0  0  0  0  0  0  0]
 [25 25 25  0  0  0  0  0  0  0  0  0  0]]
valid: gen=0.138
reward: norm=0.9329426215720449
[ 380 iterations]
real= [[ 1  0  0  0  0  0  0  0  0  0  0  0  0]
 [22 23 15  3 28  1  5  0  0  0  0  0  0]
 [ 4  9  6 14  0  0  0  0  0  0  0  0  0]
 [ 3 20 25 18  0  0  0  0  0  0  0  0  0]
 [ 2 21  0  0  0  0  0  0  0  0  0  0  0]
 [16  0  0  0  0  0  0  0  0  0  0  0  0]
 [12 18 24 21 16  9  5  0  0  0  0  0  0]
 [16  5  0  0  0  0  0  0  0  0  0  0  0]
 [15  2 11  0  0  0  0  0  0  0  0  0  0]
 [20 28 13 24 22  0  0  0  0  0  0  0  0]]
gen= [[ 1  0  0  0  0  0  0  0  0  0  0  0  0]
 [ 1  1  0  0  0  0  0  0  0  0  0  0  0]
 [ 6  6  0  0  0  0  0  0  0  0  0  0  0]
 [ 3  3  0  0  0  0  0  0  0  0  0  0  0]
 [21 21  0  0  0  0  0  0  0  0  0  0  0]
 [16  0  0  0  0  0  0  0  0  0  0  0  0]
 [21 21  0  0  0  0  0  0  0  0  0  0  0]
 [ 5  0  0  0  0  0  0  0  0  0  0  0  0]
 [ 2  0  0  0  0  0  0  0  0  0  0  0  0]
 [24 24  0  0  0  0  0  0  0  0  0  0  0]]
valid: gen=0.129
reward: norm=0.930950326850468
[ 390 iterations]
real= [[23 14 17 13 10  9  1  7  0  0  0  0  0]
 [ 3 19 12  0  0  0  0  0  0  0  0  0  0]
 [24 28 12  0  0  0  0  0  0  0  0  0  0]
 [ 4 12  0  0  0  0  0  0  0  0  0  0  0]
 [14  9  0  0  0  0  0  0  0  0  0  0  0]
 [ 8  0  0  0  0  0  0  0  0  0  0  0  0]
 [ 5 20 12 18  9  0  0  0  0  0  0  0  0]
 [13 18 23  0  0  0  0  0  0  0  0  0  0]
 [ 3  8  0  0  0  0  0  0  0  0  0  0  0]
 [12  0  0  0  0  0  0  0  0  0  0  0  0]]
gen= [[ 1 23  0  0  0  0  0  0  0  0  0  0  0]
 [ 3  3  0  0  0  0  0  0  0  0  0  0  0]
 [24  0  0  0  0  0  0  0  0  0  0  0  0]
 [12 12  0  0  0  0  0  0  0  0  0  0  0]
 [ 9  9  9  0  0  0  0  0  0  0  0  0  0]
 [ 8  8  0  0  0  0  0  0  0  0  0  0  0]
 [ 5  5  0  0  0  0  0  0  0  0  0  0  0]
 [23 23  0  0  0  0  0  0  0  0  0  0  0]
 [ 3  0  0  0  0  0  0  0  0  0  0  0  0]
 [12  0  0  0  0  0  0  0  0  0  0  0  0]]
valid: gen=0.115
reward: norm=0.9340787386304634
[ 400 iterations]
real= [[ 6 27  0  0  0  0  0  0  0  0  0  0  0]
 [ 3  0  0  0  0  0  0  0  0  0  0  0  0]
 [26 19 14 13 18 15 12  5  0  0  0  0  0]
 [16 21  0  0  0  0  0  0  0  0  0  0  0]
 [27  8  4  9  6 24 18 12  0  0  0  0  0]
 [ 3 14 12  6  0  0  0  0  0  0  0  0  0]
 [ 6  1  0  0  0  0  0  0  0  0  0  0  0]
 [ 4 27  5 11  3  0  0  0  0  0  0  0  0]
 [ 3  0  0  0  0  0  0  0  0  0  0  0  0]
 [ 1 20 19 16 22  0  0  0  0  0  0  0  0]]
gen= [[ 6  6  6  6  6  6  6  6  6  6  0  0  0]
 [ 3  3  0  0  0  0  0  0  0  0  0  0  0]
 [12 26  0  0  0  0  0  0  0  0  0  0  0]
 [21  0  0  0  0  0  0  0  0  0  0  0  0]
 [ 6  6  0  0  0  0  0  0  0  0  0  0  0]
 [ 6  6  6  6  0  0  0  0  0  0  0  0  0]
 [ 6  6  0  0  0  0  0  0  0  0  0  0  0]
 [ 3  3 11  3  3 11  3  0  0  0  0  0  0]
 [ 3  0  0  0  0  0  0  0  0  0  0  0  0]
 [22 20  0  0  0  0  0  0  0  0  0  0  0]]
valid: gen=0.085
reward: norm=0.9286412884476569
[ 410 iterations]
real= [[16 22  0  0  0  0  0  0  0  0  0  0  0]
 [26 20 23 18  9  3  4  0  0  0  0  0  0]
 [13  0  0  0  0  0  0  0  0  0  0  0  0]
 [25 28 17  1  0  0  0  0  0  0  0  0  0]
 [26  7  0  0  0  0  0  0  0  0  0  0  0]
 [27  7  6 10 14  3  9  5  0  0  0  0  0]
 [25  2 28 23 12  3 26  0  0  0  0  0  0]
 [27  7 26 14 28  8 11  0  0  0  0  0  0]
 [16  0  0  0  0  0  0  0  0  0  0  0  0]
 [ 3  0  0  0  0  0  0  0  0  0  0  0  0]]
gen= [[22 16  0  0  0  0  0  0  0  0  0  0  0]
 [ 3 18 18 18 18 18  0  0  0  0  0  0  0]
 [13  0  0  0  0  0  0  0  0  0  0  0  0]
 [17 17 17 28 28 28  0  0  0  0  0  0  0]
 [26  7  0  0  0  0  0  0  0  0  0  0  0]
 [ 6  6 10 10 10 10  0  0  0  0  0  0  0]
 [ 2  2  2  2  2  2  2  2  0  0  0  0  0]
 [11  8 11 11 11 11 11 11 11  0  0  0  0]
 [16  0  0  0  0  0  0  0  0  0  0  0  0]
 [ 3  3  3  0  0  0  0  0  0  0  0  0  0]]
valid: gen=0.073
reward: norm=0.9217282044657324
[ 420 iterations]
real= [[22 27  1 14  0  0  0  0  0  0  0  0  0]
 [26 23 22 15 17 13 10 18 12  0  0  0  0]
 [ 4 28 23  8 25  0  0  0  0  0  0  0  0]
 [ 3 19 17 18  0  0  0  0  0  0  0  0  0]
 [ 3 18  6  0  0  0  0  0  0  0  0  0  0]
 [22 19 23 20  0  0  0  0  0  0  0  0  0]
 [ 2 13 18 27  0  0  0  0  0  0  0  0  0]
 [27 23 17 14 15  7  5 11  0  0  0  0  0]
 [ 3 28  8  0  0  0  0  0  0  0  0  0  0]
 [25  0  0  0  0  0  0  0  0  0  0  0  0]]
gen= [[22 14  0  0  0  0  0  0  0  0  0  0  0]
 [10 10 10 18 18 18 18 18 18  0  0  0  0]
 [ 8  8  0  0  0  0  0  0  0  0  0  0  0]
 [17 19  0  0  0  0  0  0  0  0  0  0  0]
 [ 6 18  0  0  0  0  0  0  0  0  0  0  0]
 [22 19  0  0  0  0  0  0  0  0  0  0  0]
 [ 2  0  0  0  0  0  0  0  0  0  0  0  0]
 [15 14  0  0  0  0  0  0  0  0  0  0  0]
 [ 8  8  0  0  0  0  0  0  0  0  0  0  0]
 [25 25  0  0  0  0  0  0  0  0  0  0  0]]
valid: gen=0.063
reward: norm=0.9060515001343542
[ 430 iterations]
real= [[ 1  0  0  0  0  0  0  0  0  0  0  0  0]
 [22 23 15  3 28  1  5  0  0  0  0  0  0]
 [ 4  9  6 14  0  0  0  0  0  0  0  0  0]
 [ 3 20 25 18  0  0  0  0  0  0  0  0  0]
 [ 2 21  0  0  0  0  0  0  0  0  0  0  0]
 [16  0  0  0  0  0  0  0  0  0  0  0  0]
 [12 18 24 21 16  9  5  0  0  0  0  0  0]
 [16  5  0  0  0  0  0  0  0  0  0  0  0]
 [15  2 11  0  0  0  0  0  0  0  0  0  0]
 [20 28 13 24 22  0  0  0  0  0  0  0  0]]
gen= [[ 1  0  0  0  0  0  0  0  0  0  0  0  0]
 [15 15  0  0  0  0  0  0  0  0  0  0  0]
 [ 4  4  4  4  4  0  0  0  0  0  0  0  0]
 [25 20  0  0  0  0  0  0  0  0  0  0  0]
 [ 2  2  0  0  0  0  0  0  0  0  0  0  0]
 [16 16 16 16  0  0  0  0  0  0  0  0  0]
 [16 16 16  0  0  0  0  0  0  0  0  0  0]
 [16  0  0  0  0  0  0  0  0  0  0  0  0]
 [ 2  2  0  0  0  0  0  0  0  0  0  0  0]
 [24 20 20 20 20 20  0  0  0  0  0  0  0]]
valid: gen=0.078
reward: norm=0.9159119238376956
[ 440 iterations]
real= [[23 14 17 13 10  9  1  7  0  0  0  0  0]
 [ 3 19 12  0  0  0  0  0  0  0  0  0  0]
 [24 28 12  0  0  0  0  0  0  0  0  0  0]
 [ 4 12  0  0  0  0  0  0  0  0  0  0  0]
 [14  9  0  0  0  0  0  0  0  0  0  0  0]
 [ 8  0  0  0  0  0  0  0  0  0  0  0  0]
 [ 5 20 12 18  9  0  0  0  0  0  0  0  0]
 [13 18 23  0  0  0  0  0  0  0  0  0  0]
 [ 3  8  0  0  0  0  0  0  0  0  0  0  0]
 [12  0  0  0  0  0  0  0  0  0  0  0  0]]
gen= [[14 14  0  0  0  0  0  0  0  0  0  0  0]
 [19 19  0  0  0  0  0  0  0  0  0  0  0]
 [28 28  0  0  0  0  0  0  0  0  0  0  0]
 [ 4  4  0  0  0  0  0  0  0  0  0  0  0]
 [14  0  0  0  0  0  0  0  0  0  0  0  0]
 [ 8  8  8  0  0  0  0  0  0  0  0  0  0]
 [20 20  0  0  0  0  0  0  0  0  0  0  0]
 [18 18 18 18 18  0  0  0  0  0  0  0  0]
 [ 8  8  8  8  0  0  0  0  0  0  0  0  0]
 [12  0  0  0  0  0  0  0  0  0  0  0  0]]
valid: gen=0.07
reward: norm=0.9173358088659774
[ 450 iterations]
real= [[ 6 27  0  0  0  0  0  0  0  0  0  0  0]
 [ 3  0  0  0  0  0  0  0  0  0  0  0  0]
 [26 19 14 13 18 15 12  5  0  0  0  0  0]
 [16 21  0  0  0  0  0  0  0  0  0  0  0]
 [27  8  4  9  6 24 18 12  0  0  0  0  0]
 [ 3 14 12  6  0  0  0  0  0  0  0  0  0]
 [ 6  1  0  0  0  0  0  0  0  0  0  0  0]
 [ 4 27  5 11  3  0  0  0  0  0  0  0  0]
 [ 3  0  0  0  0  0  0  0  0  0  0  0  0]
 [ 1 20 19 16 22  0  0  0  0  0  0  0  0]]
gen= [[27 27 27 27  0  0  0  0  0  0  0  0  0]
 [ 3  0  0  0  0  0  0  0  0  0  0  0  0]
 [19 19 19 19 19  0  0  0  0  0  0  0  0]
 [16  0  0  0  0  0  0  0  0  0  0  0  0]
 [ 4  4  4  4  4  0  0  0  0  0  0  0  0]
 [14 14 14 14  0  0  0  0  0  0  0  0  0]
 [ 6  6  0  0  0  0  0  0  0  0  0  0  0]
 [ 4  4  4  0  0  0  0  0  0  0  0  0  0]
 [ 3  3  0  0  0  0  0  0  0  0  0  0  0]
 [16 20 20 20  0  0  0  0  0  0  0  0  0]]
valid: gen=0.072
reward: norm=0.9210984830172129
[ 460 iterations]
real= [[16 22  0  0  0  0  0  0  0  0  0  0  0]
 [26 20 23 18  9  3  4  0  0  0  0  0  0]
 [13  0  0  0  0  0  0  0  0  0  0  0  0]
 [25 28 17  1  0  0  0  0  0  0  0  0  0]
 [26  7  0  0  0  0  0  0  0  0  0  0  0]
 [27  7  6 10 14  3  9  5  0  0  0  0  0]
 [25  2 28 23 12  3 26  0  0  0  0  0  0]
 [27  7 26 14 28  8 11  0  0  0  0  0  0]
 [16  0  0  0  0  0  0  0  0  0  0  0  0]
 [ 3  0  0  0  0  0  0  0  0  0  0  0  0]]
gen= [[16 16 16 16 16  0  0  0  0  0  0  0  0]
 [ 4 20 20 20 20  0  0  0  0  0  0  0  0]
 [13  0  0  0  0  0  0  0  0  0  0  0  0]
 [25 25  0  0  0  0  0  0  0  0  0  0  0]
 [26  7  0  0  0  0  0  0  0  0  0  0  0]
 [27 27 27 27 27  0  0  0  0  0  0  0  0]
 [ 2  2  2  2  2  0  0  0  0  0  0  0  0]
 [27 27 27 27 27 27  0  0  0  0  0  0  0]
 [16  0  0  0  0  0  0  0  0  0  0  0  0]
 [ 3  3  3  3  0  0  0  0  0  0  0  0  0]]
valid: gen=0.064
reward: norm=0.9269333516556558
[ 470 iterations]
real= [[22 27  1 14  0  0  0  0  0  0  0  0  0]
 [26 23 22 15 17 13 10 18 12  0  0  0  0]
 [ 4 28 23  8 25  0  0  0  0  0  0  0  0]
 [ 3 19 17 18  0  0  0  0  0  0  0  0  0]
 [ 3 18  6  0  0  0  0  0  0  0  0  0  0]
 [22 19 23 20  0  0  0  0  0  0  0  0  0]
 [ 2 13 18 27  0  0  0  0  0  0  0  0  0]
 [27 23 17 14 15  7  5 11  0  0  0  0  0]
 [ 3 28  8  0  0  0  0  0  0  0  0  0  0]
 [25  0  0  0  0  0  0  0  0  0  0  0  0]]
gen= [[27 27 27 27  0  0  0  0  0  0  0  0  0]
 [17 17 17 17 17  0  0  0  0  0  0  0  0]
 [ 4  4  0  0  0  0  0  0  0  0  0  0  0]
 [17 17 19 19  0  0  0  0  0  0  0  0  0]
 [ 3 18  0  0  0  0  0  0  0  0  0  0  0]
 [20 20  0  0  0  0  0  0  0  0  0  0  0]
 [ 2 27  0  0  0  0  0  0  0  0  0  0  0]
 [27 27 27 27 27  0  0  0  0  0  0  0  0]
 [ 3  0  0  0  0  0  0  0  0  0  0  0  0]
 [25 25 25 25 25 25  0  0  0  0  0  0  0]]
valid: gen=0.069
reward: norm=0.929419192320583
[ 480 iterations]
real= [[ 1  0  0  0  0  0  0  0  0  0  0  0  0]
 [22 23 15  3 28  1  5  0  0  0  0  0  0]
 [ 4  9  6 14  0  0  0  0  0  0  0  0  0]
 [ 3 20 25 18  0  0  0  0  0  0  0  0  0]
 [ 2 21  0  0  0  0  0  0  0  0  0  0  0]
 [16  0  0  0  0  0  0  0  0  0  0  0  0]
 [12 18 24 21 16  9  5  0  0  0  0  0  0]
 [16  5  0  0  0  0  0  0  0  0  0  0  0]
 [15  2 11  0  0  0  0  0  0  0  0  0  0]
 [20 28 13 24 22  0  0  0  0  0  0  0  0]]
gen= [[ 1  0  0  0  0  0  0  0  0  0  0  0  0]
 [ 3 22 22 22 22 22  0  0  0  0  0  0  0]
 [ 4  4  4  4  4  9  0  0  0  0  0  0  0]
 [20 20  0  0  0  0  0  0  0  0  0  0  0]
 [ 2  2  2  2  0  0  0  0  0  0  0  0  0]
 [16 16 16 16  0  0  0  0  0  0  0  0  0]
 [16 16 16  0  0  0  0  0  0  0  0  0  0]
 [16  0  0  0  0  0  0  0  0  0  0  0  0]
 [ 2  0  0  0  0  0  0  0  0  0  0  0  0]
 [20 20 20 20 20  0  0  0  0  0  0  0  0]]
valid: gen=0.065
reward: norm=0.9465999622376209
[ 490 iterations]
real= [[23 14 17 13 10  9  1  7  0  0  0  0  0]
 [ 3 19 12  0  0  0  0  0  0  0  0  0  0]
 [24 28 12  0  0  0  0  0  0  0  0  0  0]
 [ 4 12  0  0  0  0  0  0  0  0  0  0  0]
 [14  9  0  0  0  0  0  0  0  0  0  0  0]
 [ 8  0  0  0  0  0  0  0  0  0  0  0  0]
 [ 5 20 12 18  9  0  0  0  0  0  0  0  0]
 [13 18 23  0  0  0  0  0  0  0  0  0  0]
 [ 3  8  0  0  0  0  0  0  0  0  0  0  0]
 [12  0  0  0  0  0  0  0  0  0  0  0  0]]
gen= [[13  9  0  0  0  0  0  0  0  0  0  0  0]
 [ 3  3 12 12  0  0  0  0  0  0  0  0  0]
 [24 12 28  0  0  0  0  0  0  0  0  0  0]
 [12 12  0  0  0  0  0  0  0  0  0  0  0]
 [ 9  9  0  0  0  0  0  0  0  0  0  0  0]
 [ 8  0  0  0  0  0  0  0  0  0  0  0  0]
 [12 20 20 20 20  0  0  0  0  0  0  0  0]
 [13 18 18  0  0  0  0  0  0  0  0  0  0]
 [ 3  3  3  3  3  3  0  0  0  0  0  0  0]
 [12 12 12  0  0  0  0  0  0  0  0  0  0]]
valid: gen=0.085
reward: norm=0.9409859002910361
