read problem
[ 10 iterations]
real= [[16 22  0  0  0  0  0  0  0  0  0  0  0]
 [26 20 23 18  9  3  4  0  0  0  0  0  0]
 [13  0  0  0  0  0  0  0  0  0  0  0  0]
 [25 28 17  1  0  0  0  0  0  0  0  0  0]
 [26  7  0  0  0  0  0  0  0  0  0  0  0]
 [27  7  6 10 14  3  9  5  0  0  0  0  0]
 [25  2 28 23 12  3 26  0  0  0  0  0  0]
 [27  7 26 14 28  8 11  0  0  0  0  0  0]
 [16  0  0  0  0  0  0  0  0  0  0  0  0]
 [ 3  0  0  0  0  0  0  0  0  0  0  0  0]]
gen= [[16 22  0  0  0  0  0  0  0  0  0  0  0]
 [ 9 26 23 20  0  0  0  0  0  0  0  0  0]
 [13  0  0  0  0  0  0  0  0  0  0  0  0]
 [28  1 17 25  0  0  0  0  0  0  0  0  0]
 [ 7 26  0  0  0  0  0  0  0  0  0  0  0]
 [ 6 14  9 27  0  0  0  0  0  0  0  0  0]
 [26  3  2  0  0  0  0  0  0  0  0  0  0]
 [14  8 27 26  0  0  0  0  0  0  0  0  0]
 [16  0  0  0  0  0  0  0  0  0  0  0  0]
 [ 3  0  0  0  0  0  0  0  0  0  0  0  0]]
valid: gen=0.507
reward: norm=0.9022167128491879
[ 20 iterations]
real= [[22 27  1 14  0  0  0  0  0  0  0  0  0]
 [26 23 22 15 17 13 10 18 12  0  0  0  0]
 [ 4 28 23  8 25  0  0  0  0  0  0  0  0]
 [ 3 19 17 18  0  0  0  0  0  0  0  0  0]
 [ 3 18  6  0  0  0  0  0  0  0  0  0  0]
 [22 19 23 20  0  0  0  0  0  0  0  0  0]
 [ 2 13 18 27  0  0  0  0  0  0  0  0  0]
 [27 23 17 14 15  7  5 11  0  0  0  0  0]
 [ 3 28  8  0  0  0  0  0  0  0  0  0  0]
 [25  0  0  0  0  0  0  0  0  0  0  0  0]]
gen= [[22 14  1 27  0  0  0  0  0  0  0  0  0]
 [13 10 23 26 15 18  0  0  0  0  0  0  0]
 [ 8 23 28  4 25  0  0  0  0  0  0  0  0]
 [ 3 18 17 19  0  0  0  0  0  0  0  0  0]
 [ 6  3 18  0  0  0  0  0  0  0  0  0  0]
 [23 22  0  0  0  0  0  0  0  0  0  0  0]
 [13 18  2  0  0  0  0  0  0  0  0  0  0]
 [14 17  7  5 23 27  0  0  0  0  0  0  0]
 [ 8  3 28  0  0  0  0  0  0  0  0  0  0]
 [25  0  0  0  0  0  0  0  0  0  0  0  0]]
valid: gen=0.577
reward: norm=0.9011828786030973
[ 30 iterations]
real= [[ 1  0  0  0  0  0  0  0  0  0  0  0  0]
 [22 23 15  3 28  1  5  0  0  0  0  0  0]
 [ 4  9  6 14  0  0  0  0  0  0  0  0  0]
 [ 3 20 25 18  0  0  0  0  0  0  0  0  0]
 [ 2 21  0  0  0  0  0  0  0  0  0  0  0]
 [16  0  0  0  0  0  0  0  0  0  0  0  0]
 [12 18 24 21 16  9  5  0  0  0  0  0  0]
 [16  5  0  0  0  0  0  0  0  0  0  0  0]
 [15  2 11  0  0  0  0  0  0  0  0  0  0]
 [20 28 13 24 22  0  0  0  0  0  0  0  0]]
gen= [[ 1  0  0  0  0  0  0  0  0  0  0  0  0]
 [23 22  3  0  0  0  0  0  0  0  0  0  0]
 [14  9  6  0  0  0  0  0  0  0  0  0  0]
 [ 3 18 25  0  0  0  0  0  0  0  0  0  0]
 [ 2 21  0  0  0  0  0  0  0  0  0  0  0]
 [16  0  0  0  0  0  0  0  0  0  0  0  0]
 [ 9 16  5  0  0  0  0  0  0  0  0  0  0]
 [ 5 16  0  0  0  0  0  0  0  0  0  0  0]
 [ 2 15 11  0  0  0  0  0  0  0  0  0  0]
 [13 22 24  0  0  0  0  0  0  0  0  0  0]]
valid: gen=0.444
reward: norm=0.8880483051705732
[ 40 iterations]
real= [[23 14 17 13 10  9  1  7  0  0  0  0  0]
 [ 3 19 12  0  0  0  0  0  0  0  0  0  0]
 [24 28 12  0  0  0  0  0  0  0  0  0  0]
 [ 4 12  0  0  0  0  0  0  0  0  0  0  0]
 [14  9  0  0  0  0  0  0  0  0  0  0  0]
 [ 8  0  0  0  0  0  0  0  0  0  0  0  0]
 [ 5 20 12 18  9  0  0  0  0  0  0  0  0]
 [13 18 23  0  0  0  0  0  0  0  0  0  0]
 [ 3  8  0  0  0  0  0  0  0  0  0  0  0]
 [12  0  0  0  0  0  0  0  0  0  0  0  0]]
gen= [[14 13  7 23  9  1  0  0  0  0  0  0  0]
 [19 12  3  0  0  0  0  0  0  0  0  0  0]
 [28 12 24  0  0  0  0  0  0  0  0  0  0]
 [12  4  0  0  0  0  0  0  0  0  0  0  0]
 [14  9  0  0  0  0  0  0  0  0  0  0  0]
 [ 8  0  0  0  0  0  0  0  0  0  0  0  0]
 [ 9  5 20 18 12  0  0  0  0  0  0  0  0]
 [13 23 18  0  0  0  0  0  0  0  0  0  0]
 [ 8  3  0  0  0  0  0  0  0  0  0  0  0]
 [12  0  0  0  0  0  0  0  0  0  0  0  0]]
valid: gen=0.609
reward: norm=0.9086097091260965
[ 50 iterations]
real= [[ 6 27  0  0  0  0  0  0  0  0  0  0  0]
 [ 3  0  0  0  0  0  0  0  0  0  0  0  0]
 [26 19 14 13 18 15 12  5  0  0  0  0  0]
 [16 21  0  0  0  0  0  0  0  0  0  0  0]
 [27  8  4  9  6 24 18 12  0  0  0  0  0]
 [ 3 14 12  6  0  0  0  0  0  0  0  0  0]
 [ 6  1  0  0  0  0  0  0  0  0  0  0  0]
 [ 4 27  5 11  3  0  0  0  0  0  0  0  0]
 [ 3  0  0  0  0  0  0  0  0  0  0  0  0]
 [ 1 20 19 16 22  0  0  0  0  0  0  0  0]]
gen= [[27  6  0  0  0  0  0  0  0  0  0  0  0]
 [ 3  0  0  0  0  0  0  0  0  0  0  0  0]
 [26 13 14  5  0  0  0  0  0  0  0  0  0]
 [16 21  0  0  0  0  0  0  0  0  0  0  0]
 [ 8  9  4 12  0  0  0  0  0  0  0  0  0]
 [14  6  3 12  0  0  0  0  0  0  0  0  0]
 [ 1  6  0  0  0  0  0  0  0  0  0  0  0]
 [ 5 27  0  0  0  0  0  0  0  0  0  0  0]
 [ 3  0  0  0  0  0  0  0  0  0  0  0  0]
 [22 16 19  1  0  0  0  0  0  0  0  0  0]]
valid: gen=0.502
reward: norm=0.9104231971365543
[ 60 iterations]
real= [[16 22  0  0  0  0  0  0  0  0  0  0  0]
 [26 20 23 18  9  3  4  0  0  0  0  0  0]
 [13  0  0  0  0  0  0  0  0  0  0  0  0]
 [25 28 17  1  0  0  0  0  0  0  0  0  0]
 [26  7  0  0  0  0  0  0  0  0  0  0  0]
 [27  7  6 10 14  3  9  5  0  0  0  0  0]
 [25  2 28 23 12  3 26  0  0  0  0  0  0]
 [27  7 26 14 28  8 11  0  0  0  0  0  0]
 [16  0  0  0  0  0  0  0  0  0  0  0  0]
 [ 3  0  0  0  0  0  0  0  0  0  0  0  0]]
gen= [[22 16  0  0  0  0  0  0  0  0  0  0  0]
 [26  9 23 20  0  0  0  0  0  0  0  0  0]
 [13  0  0  0  0  0  0  0  0  0  0  0  0]
 [17 25  1  0  0  0  0  0  0  0  0  0  0]
 [26  7  0  0  0  0  0  0  0  0  0  0  0]
 [ 9 14 10  5  0  0  0  0  0  0  0  0  0]
 [26 23 12 25  0  0  0  0  0  0  0  0  0]
 [ 8 26 14  7  0  0  0  0  0  0  0  0  0]
 [16  0  0  0  0  0  0  0  0  0  0  0  0]
 [ 3  0  0  0  0  0  0  0  0  0  0  0  0]]
valid: gen=0.514
reward: norm=0.9064472332165835
[ 70 iterations]
real= [[22 27  1 14  0  0  0  0  0  0  0  0  0]
 [26 23 22 15 17 13 10 18 12  0  0  0  0]
 [ 4 28 23  8 25  0  0  0  0  0  0  0  0]
 [ 3 19 17 18  0  0  0  0  0  0  0  0  0]
 [ 3 18  6  0  0  0  0  0  0  0  0  0  0]
 [22 19 23 20  0  0  0  0  0  0  0  0  0]
 [ 2 13 18 27  0  0  0  0  0  0  0  0  0]
 [27 23 17 14 15  7  5 11  0  0  0  0  0]
 [ 3 28  8  0  0  0  0  0  0  0  0  0  0]
 [25  0  0  0  0  0  0  0  0  0  0  0  0]]
gen= [[14 22 27  1  0  0  0  0  0  0  0  0  0]
 [26 13 10 22  0  0  0  0  0  0  0  0  0]
 [ 8 23 25 28  4  0  0  0  0  0  0  0  0]
 [17  3 19 18  0  0  0  0  0  0  0  0  0]
 [ 6  3 18  0  0  0  0  0  0  0  0  0  0]
 [22 23 20 19  0  0  0  0  0  0  0  0  0]
 [13 27  0  0  0  0  0  0  0  0  0  0  0]
 [14  5 23 27 11  0  0  0  0  0  0  0  0]
 [ 8  3 28  0  0  0  0  0  0  0  0  0  0]
 [25  0  0  0  0  0  0  0  0  0  0  0  0]]
valid: gen=0.595
reward: norm=0.9063775941980436
[ 80 iterations]
real= [[ 1  0  0  0  0  0  0  0  0  0  0  0  0]
 [22 23 15  3 28  1  5  0  0  0  0  0  0]
 [ 4  9  6 14  0  0  0  0  0  0  0  0  0]
 [ 3 20 25 18  0  0  0  0  0  0  0  0  0]
 [ 2 21  0  0  0  0  0  0  0  0  0  0  0]
 [16  0  0  0  0  0  0  0  0  0  0  0  0]
 [12 18 24 21 16  9  5  0  0  0  0  0  0]
 [16  5  0  0  0  0  0  0  0  0  0  0  0]
 [15  2 11  0  0  0  0  0  0  0  0  0  0]
 [20 28 13 24 22  0  0  0  0  0  0  0  0]]
gen= [[ 1  0  0  0  0  0  0  0  0  0  0  0  0]
 [ 5 22 23  0  0  0  0  0  0  0  0  0  0]
 [14  9  6  0  0  0  0  0  0  0  0  0  0]
 [20 25  3  0  0  0  0  0  0  0  0  0  0]
 [21  2  0  0  0  0  0  0  0  0  0  0  0]
 [16  0  0  0  0  0  0  0  0  0  0  0  0]
 [ 5  9 16  0  0  0  0  0  0  0  0  0  0]
 [ 5 16  0  0  0  0  0  0  0  0  0  0  0]
 [11  2 15  0  0  0  0  0  0  0  0  0  0]
 [22 13 20  0  0  0  0  0  0  0  0  0  0]]
valid: gen=0.452
reward: norm=0.8865688054322057
[ 90 iterations]
real= [[23 14 17 13 10  9  1  7  0  0  0  0  0]
 [ 3 19 12  0  0  0  0  0  0  0  0  0  0]
 [24 28 12  0  0  0  0  0  0  0  0  0  0]
 [ 4 12  0  0  0  0  0  0  0  0  0  0  0]
 [14  9  0  0  0  0  0  0  0  0  0  0  0]
 [ 8  0  0  0  0  0  0  0  0  0  0  0  0]
 [ 5 20 12 18  9  0  0  0  0  0  0  0  0]
 [13 18 23  0  0  0  0  0  0  0  0  0  0]
 [ 3  8  0  0  0  0  0  0  0  0  0  0  0]
 [12  0  0  0  0  0  0  0  0  0  0  0  0]]
gen= [[14  9 10 17 23  7  0  0  0  0  0  0  0]
 [12  3 19  0  0  0  0  0  0  0  0  0  0]
 [12 28 24  0  0  0  0  0  0  0  0  0  0]
 [12  4  0  0  0  0  0  0  0  0  0  0  0]
 [ 9 14  0  0  0  0  0  0  0  0  0  0  0]
 [ 8  0  0  0  0  0  0  0  0  0  0  0  0]
 [ 5 12  9  0  0  0  0  0  0  0  0  0  0]
 [13 23 18  0  0  0  0  0  0  0  0  0  0]
 [ 8  3  0  0  0  0  0  0  0  0  0  0  0]
 [12  0  0  0  0  0  0  0  0  0  0  0  0]]
valid: gen=0.632
reward: norm=0.896152893869887
[ 100 iterations]
real= [[ 6 27  0  0  0  0  0  0  0  0  0  0  0]
 [ 3  0  0  0  0  0  0  0  0  0  0  0  0]
 [26 19 14 13 18 15 12  5  0  0  0  0  0]
 [16 21  0  0  0  0  0  0  0  0  0  0  0]
 [27  8  4  9  6 24 18 12  0  0  0  0  0]
 [ 3 14 12  6  0  0  0  0  0  0  0  0  0]
 [ 6  1  0  0  0  0  0  0  0  0  0  0  0]
 [ 4 27  5 11  3  0  0  0  0  0  0  0  0]
 [ 3  0  0  0  0  0  0  0  0  0  0  0  0]
 [ 1 20 19 16 22  0  0  0  0  0  0  0  0]]
gen= [[27  6  0  0  0  0  0  0  0  0  0  0  0]
 [ 3  0  0  0  0  0  0  0  0  0  0  0  0]
 [12  5 15 14  0  0  0  0  0  0  0  0  0]
 [16 21  0  0  0  0  0  0  0  0  0  0  0]
 [27 12  6  0  0  0  0  0  0  0  0  0  0]
 [12  6  3 14  0  0  0  0  0  0  0  0  0]
 [ 6  1  0  0  0  0  0  0  0  0  0  0  0]
 [27 11  5  3  0  0  0  0  0  0  0  0  0]
 [ 3  0  0  0  0  0  0  0  0  0  0  0  0]
 [16 20  1 19  0  0  0  0  0  0  0  0  0]]
valid: gen=0.529
reward: norm=0.9064780686003193
[ 110 iterations]
real= [[16 22  0  0  0  0  0  0  0  0  0  0  0]
 [26 20 23 18  9  3  4  0  0  0  0  0  0]
 [13  0  0  0  0  0  0  0  0  0  0  0  0]
 [25 28 17  1  0  0  0  0  0  0  0  0  0]
 [26  7  0  0  0  0  0  0  0  0  0  0  0]
 [27  7  6 10 14  3  9  5  0  0  0  0  0]
 [25  2 28 23 12  3 26  0  0  0  0  0  0]
 [27  7 26 14 28  8 11  0  0  0  0  0  0]
 [16  0  0  0  0  0  0  0  0  0  0  0  0]
 [ 3  0  0  0  0  0  0  0  0  0  0  0  0]]
gen= [[16 22  0  0  0  0  0  0  0  0  0  0  0]
 [20  3 18  4  0  0  0  0  0  0  0  0  0]
 [13  0  0  0  0  0  0  0  0  0  0  0  0]
 [25 17  1  0  0  0  0  0  0  0  0  0  0]
 [26  7  0  0  0  0  0  0  0  0  0  0  0]
 [27  6  3  5  0  0  0  0  0  0  0  0  0]
 [25 12  2  0  0  0  0  0  0  0  0  0  0]
 [27 11  8  0  0  0  0  0  0  0  0  0  0]
 [16  0  0  0  0  0  0  0  0  0  0  0  0]
 [ 3  0  0  0  0  0  0  0  0  0  0  0  0]]
valid: gen=0.509
reward: norm=0.9046369316747609
[ 120 iterations]
real= [[22 27  1 14  0  0  0  0  0  0  0  0  0]
 [26 23 22 15 17 13 10 18 12  0  0  0  0]
 [ 4 28 23  8 25  0  0  0  0  0  0  0  0]
 [ 3 19 17 18  0  0  0  0  0  0  0  0  0]
 [ 3 18  6  0  0  0  0  0  0  0  0  0  0]
 [22 19 23 20  0  0  0  0  0  0  0  0  0]
 [ 2 13 18 27  0  0  0  0  0  0  0  0  0]
 [27 23 17 14 15  7  5 11  0  0  0  0  0]
 [ 3 28  8  0  0  0  0  0  0  0  0  0  0]
 [25  0  0  0  0  0  0  0  0  0  0  0  0]]
gen= [[27 22 14  1  0  0  0  0  0  0  0  0  0]
 [17 12 15 18 22  0  0  0  0  0  0  0  0]
 [25  4  8 28 23  0  0  0  0  0  0  0  0]
 [17  3 18 19  0  0  0  0  0  0  0  0  0]
 [ 6  3 18  0  0  0  0  0  0  0  0  0  0]
 [20 22 23 19  0  0  0  0  0  0  0  0  0]
 [27  2 18  0  0  0  0  0  0  0  0  0  0]
 [17 27  0  0  0  0  0  0  0  0  0  0  0]
 [ 3  8 28  0  0  0  0  0  0  0  0  0  0]
 [25  0  0  0  0  0  0  0  0  0  0  0  0]]
valid: gen=0.597
reward: norm=0.9144030921447158
[ 130 iterations]
real= [[ 1  0  0  0  0  0  0  0  0  0  0  0  0]
 [22 23 15  3 28  1  5  0  0  0  0  0  0]
 [ 4  9  6 14  0  0  0  0  0  0  0  0  0]
 [ 3 20 25 18  0  0  0  0  0  0  0  0  0]
 [ 2 21  0  0  0  0  0  0  0  0  0  0  0]
 [16  0  0  0  0  0  0  0  0  0  0  0  0]
 [12 18 24 21 16  9  5  0  0  0  0  0  0]
 [16  5  0  0  0  0  0  0  0  0  0  0  0]
 [15  2 11  0  0  0  0  0  0  0  0  0  0]
 [20 28 13 24 22  0  0  0  0  0  0  0  0]]
gen= [[ 1  0  0  0  0  0  0  0  0  0  0  0  0]
 [15  3  5  0  0  0  0  0  0  0  0  0  0]
 [ 6  4  0  0  0  0  0  0  0  0  0  0  0]
 [25 18  3  0  0  0  0  0  0  0  0  0  0]
 [21  2  0  0  0  0  0  0  0  0  0  0  0]
 [16  0  0  0  0  0  0  0  0  0  0  0  0]
 [16 21 12  0  0  0  0  0  0  0  0  0  0]
 [16  5  0  0  0  0  0  0  0  0  0  0  0]
 [11  2 15  0  0  0  0  0  0  0  0  0  0]
 [24 20 13  0  0  0  0  0  0  0  0  0  0]]
valid: gen=0.452
reward: norm=0.8844975895555978
[ 140 iterations]
real= [[23 14 17 13 10  9  1  7  0  0  0  0  0]
 [ 3 19 12  0  0  0  0  0  0  0  0  0  0]
 [24 28 12  0  0  0  0  0  0  0  0  0  0]
 [ 4 12  0  0  0  0  0  0  0  0  0  0  0]
 [14  9  0  0  0  0  0  0  0  0  0  0  0]
 [ 8  0  0  0  0  0  0  0  0  0  0  0  0]
 [ 5 20 12 18  9  0  0  0  0  0  0  0  0]
 [13 18 23  0  0  0  0  0  0  0  0  0  0]
 [ 3  8  0  0  0  0  0  0  0  0  0  0  0]
 [12  0  0  0  0  0  0  0  0  0  0  0  0]]
gen= [[17 14 13  9  7 23  0  0  0  0  0  0  0]
 [12  3 19  0  0  0  0  0  0  0  0  0  0]
 [24 12 28  0  0  0  0  0  0  0  0  0  0]
 [12  4  0  0  0  0  0  0  0  0  0  0  0]
 [14  9  0  0  0  0  0  0  0  0  0  0  0]
 [ 8  0  0  0  0  0  0  0  0  0  0  0  0]
 [12 18 20  5  9  0  0  0  0  0  0  0  0]
 [18 13 23  0  0  0  0  0  0  0  0  0  0]
 [ 3  8  0  0  0  0  0  0  0  0  0  0  0]
 [12  0  0  0  0  0  0  0  0  0  0  0  0]]
valid: gen=0.569
reward: norm=0.9072309601423986
[ 150 iterations]
real= [[ 6 27  0  0  0  0  0  0  0  0  0  0  0]
 [ 3  0  0  0  0  0  0  0  0  0  0  0  0]
 [26 19 14 13 18 15 12  5  0  0  0  0  0]
 [16 21  0  0  0  0  0  0  0  0  0  0  0]
 [27  8  4  9  6 24 18 12  0  0  0  0  0]
 [ 3 14 12  6  0  0  0  0  0  0  0  0  0]
 [ 6  1  0  0  0  0  0  0  0  0  0  0  0]
 [ 4 27  5 11  3  0  0  0  0  0  0  0  0]
 [ 3  0  0  0  0  0  0  0  0  0  0  0  0]
 [ 1 20 19 16 22  0  0  0  0  0  0  0  0]]
gen= [[27  6  0  0  0  0  0  0  0  0  0  0  0]
 [ 3  0  0  0  0  0  0  0  0  0  0  0  0]
 [15 18 12 19  0  0  0  0  0  0  0  0  0]
 [21 16  0  0  0  0  0  0  0  0  0  0  0]
 [27  6 24 18  0  0  0  0  0  0  0  0  0]
 [ 6 12  3 14  0  0  0  0  0  0  0  0  0]
 [ 6  1  0  0  0  0  0  0  0  0  0  0  0]
 [27 11  3  4  0  0  0  0  0  0  0  0  0]
 [ 3  0  0  0  0  0  0  0  0  0  0  0  0]
 [16 20 19  1  0  0  0  0  0  0  0  0  0]]
valid: gen=0.552
reward: norm=0.9049941079535452
[ 160 iterations]
real= [[16 22  0  0  0  0  0  0  0  0  0  0  0]
 [26 20 23 18  9  3  4  0  0  0  0  0  0]
 [13  0  0  0  0  0  0  0  0  0  0  0  0]
 [25 28 17  1  0  0  0  0  0  0  0  0  0]
 [26  7  0  0  0  0  0  0  0  0  0  0  0]
 [27  7  6 10 14  3  9  5  0  0  0  0  0]
 [25  2 28 23 12  3 26  0  0  0  0  0  0]
 [27  7 26 14 28  8 11  0  0  0  0  0  0]
 [16  0  0  0  0  0  0  0  0  0  0  0  0]
 [ 3  0  0  0  0  0  0  0  0  0  0  0  0]]
gen= [[16 22  0  0  0  0  0  0  0  0  0  0  0]
 [18 20  3 26  0  0  0  0  0  0  0  0  0]
 [13  0  0  0  0  0  0  0  0  0  0  0  0]
 [25 17 28  0  0  0  0  0  0  0  0  0  0]
 [26  7  0  0  0  0  0  0  0  0  0  0  0]
 [27  6  3  5  0  0  0  0  0  0  0  0  0]
 [25  2 12  3  0  0  0  0  0  0  0  0  0]
 [27 11 26 14  0  0  0  0  0  0  0  0  0]
 [16  0  0  0  0  0  0  0  0  0  0  0  0]
 [ 3  0  0  0  0  0  0  0  0  0  0  0  0]]
valid: gen=0.526
reward: norm=0.9028725180882099
[ 170 iterations]
real= [[22 27  1 14  0  0  0  0  0  0  0  0  0]
 [26 23 22 15 17 13 10 18 12  0  0  0  0]
 [ 4 28 23  8 25  0  0  0  0  0  0  0  0]
 [ 3 19 17 18  0  0  0  0  0  0  0  0  0]
 [ 3 18  6  0  0  0  0  0  0  0  0  0  0]
 [22 19 23 20  0  0  0  0  0  0  0  0  0]
 [ 2 13 18 27  0  0  0  0  0  0  0  0  0]
 [27 23 17 14 15  7  5 11  0  0  0  0  0]
 [ 3 28  8  0  0  0  0  0  0  0  0  0  0]
 [25  0  0  0  0  0  0  0  0  0  0  0  0]]
gen= [[27 22 14  1  0  0  0  0  0  0  0  0  0]
 [15 17 18 12 22  0  0  0  0  0  0  0  0]
 [25  8 28  4 23  0  0  0  0  0  0  0  0]
 [17 18 19  3  0  0  0  0  0  0  0  0  0]
 [ 6 18  3  0  0  0  0  0  0  0  0  0  0]
 [19 22 20 23  0  0  0  0  0  0  0  0  0]
 [27  2 18  0  0  0  0  0  0  0  0  0  0]
 [27 11 15 17  5  0  0  0  0  0  0  0  0]
 [ 3 28  8  0  0  0  0  0  0  0  0  0  0]
 [25  0  0  0  0  0  0  0  0  0  0  0  0]]
valid: gen=0.623
reward: norm=0.9038933625199269
[ 180 iterations]
real= [[ 1  0  0  0  0  0  0  0  0  0  0  0  0]
 [22 23 15  3 28  1  5  0  0  0  0  0  0]
 [ 4  9  6 14  0  0  0  0  0  0  0  0  0]
 [ 3 20 25 18  0  0  0  0  0  0  0  0  0]
 [ 2 21  0  0  0  0  0  0  0  0  0  0  0]
 [16  0  0  0  0  0  0  0  0  0  0  0  0]
 [12 18 24 21 16  9  5  0  0  0  0  0  0]
 [16  5  0  0  0  0  0  0  0  0  0  0  0]
 [15  2 11  0  0  0  0  0  0  0  0  0  0]
 [20 28 13 24 22  0  0  0  0  0  0  0  0]]
gen= [[ 1  0  0  0  0  0  0  0  0  0  0  0  0]
 [15 22  3  0  0  0  0  0  0  0  0  0  0]
 [ 6 14  9  0  0  0  0  0  0  0  0  0  0]
 [25 18 20  0  0  0  0  0  0  0  0  0  0]
 [ 2 21  0  0  0  0  0  0  0  0  0  0  0]
 [16  0  0  0  0  0  0  0  0  0  0  0  0]
 [21 16 24  0  0  0  0  0  0  0  0  0  0]
 [16  5  0  0  0  0  0  0  0  0  0  0  0]
 [ 2 15 11  0  0  0  0  0  0  0  0  0  0]
 [24 22 20  0  0  0  0  0  0  0  0  0  0]]
valid: gen=0.451
reward: norm=0.8852836189894672
[ 190 iterations]
real= [[23 14 17 13 10  9  1  7  0  0  0  0  0]
 [ 3 19 12  0  0  0  0  0  0  0  0  0  0]
 [24 28 12  0  0  0  0  0  0  0  0  0  0]
 [ 4 12  0  0  0  0  0  0  0  0  0  0  0]
 [14  9  0  0  0  0  0  0  0  0  0  0  0]
 [ 8  0  0  0  0  0  0  0  0  0  0  0  0]
 [ 5 20 12 18  9  0  0  0  0  0  0  0  0]
 [13 18 23  0  0  0  0  0  0  0  0  0  0]
 [ 3  8  0  0  0  0  0  0  0  0  0  0  0]
 [12  0  0  0  0  0  0  0  0  0  0  0  0]]
gen= [[17 14  9 13 10 23  0  0  0  0  0  0  0]
 [12 19  3  0  0  0  0  0  0  0  0  0  0]
 [24 12 28  0  0  0  0  0  0  0  0  0  0]
 [12  4  0  0  0  0  0  0  0  0  0  0  0]
 [ 9 14  0  0  0  0  0  0  0  0  0  0  0]
 [ 8  0  0  0  0  0  0  0  0  0  0  0  0]
 [18 12 20  9  0  0  0  0  0  0  0  0  0]
 [18 13 23  0  0  0  0  0  0  0  0  0  0]
 [ 3  8  0  0  0  0  0  0  0  0  0  0  0]
 [12  0  0  0  0  0  0  0  0  0  0  0  0]]
valid: gen=0.589
reward: norm=0.9051665601418869
[ 200 iterations]
real= [[ 6 27  0  0  0  0  0  0  0  0  0  0  0]
 [ 3  0  0  0  0  0  0  0  0  0  0  0  0]
 [26 19 14 13 18 15 12  5  0  0  0  0  0]
 [16 21  0  0  0  0  0  0  0  0  0  0  0]
 [27  8  4  9  6 24 18 12  0  0  0  0  0]
 [ 3 14 12  6  0  0  0  0  0  0  0  0  0]
 [ 6  1  0  0  0  0  0  0  0  0  0  0  0]
 [ 4 27  5 11  3  0  0  0  0  0  0  0  0]
 [ 3  0  0  0  0  0  0  0  0  0  0  0  0]
 [ 1 20 19 16 22  0  0  0  0  0  0  0  0]]
gen= [[27  6  0  0  0  0  0  0  0  0  0  0  0]
 [ 3  0  0  0  0  0  0  0  0  0  0  0  0]
 [15 26 18 12  0  0  0  0  0  0  0  0  0]
 [21 16  0  0  0  0  0  0  0  0  0  0  0]
 [27  6 24 18  0  0  0  0  0  0  0  0  0]
 [ 6 12 14  3  0  0  0  0  0  0  0  0  0]
 [ 6  1  0  0  0  0  0  0  0  0  0  0  0]
 [27 11  3  5  0  0  0  0  0  0  0  0  0]
 [ 3  0  0  0  0  0  0  0  0  0  0  0  0]
 [16 22 20  0  0  0  0  0  0  0  0  0  0]]
valid: gen=0.553
reward: norm=0.9029562023892763
[ 210 iterations]
real= [[16 22  0  0  0  0  0  0  0  0  0  0  0]
 [26 20 23 18  9  3  4  0  0  0  0  0  0]
 [13  0  0  0  0  0  0  0  0  0  0  0  0]
 [25 28 17  1  0  0  0  0  0  0  0  0  0]
 [26  7  0  0  0  0  0  0  0  0  0  0  0]
 [27  7  6 10 14  3  9  5  0  0  0  0  0]
 [25  2 28 23 12  3 26  0  0  0  0  0  0]
 [27  7 26 14 28  8 11  0  0  0  0  0  0]
 [16  0  0  0  0  0  0  0  0  0  0  0  0]
 [ 3  0  0  0  0  0  0  0  0  0  0  0  0]]
gen= [[16 22  0  0  0  0  0  0  0  0  0  0  0]
 [26 18 20 23  0  0  0  0  0  0  0  0  0]
 [13  0  0  0  0  0  0  0  0  0  0  0  0]
 [25 17  1  0  0  0  0  0  0  0  0  0  0]
 [26  7  0  0  0  0  0  0  0  0  0  0  0]
 [27  6 14 10  0  0  0  0  0  0  0  0  0]
 [ 2 25 26 12  0  0  0  0  0  0  0  0  0]
 [27 11 26 14  0  0  0  0  0  0  0  0  0]
 [16  0  0  0  0  0  0  0  0  0  0  0  0]
 [ 3  0  0  0  0  0  0  0  0  0  0  0  0]]
valid: gen=0.536
reward: norm=0.9002842029235693
[ 220 iterations]
real= [[22 27  1 14  0  0  0  0  0  0  0  0  0]
 [26 23 22 15 17 13 10 18 12  0  0  0  0]
 [ 4 28 23  8 25  0  0  0  0  0  0  0  0]
 [ 3 19 17 18  0  0  0  0  0  0  0  0  0]
 [ 3 18  6  0  0  0  0  0  0  0  0  0  0]
 [22 19 23 20  0  0  0  0  0  0  0  0  0]
 [ 2 13 18 27  0  0  0  0  0  0  0  0  0]
 [27 23 17 14 15  7  5 11  0  0  0  0  0]
 [ 3 28  8  0  0  0  0  0  0  0  0  0  0]
 [25  0  0  0  0  0  0  0  0  0  0  0  0]]
gen= [[27 22 14  1  0  0  0  0  0  0  0  0  0]
 [26 22 15 17 18 12  0  0  0  0  0  0  0]
 [25 23  8  4 28  0  0  0  0  0  0  0  0]
 [17 18 19  3  0  0  0  0  0  0  0  0  0]
 [ 6 18  3  0  0  0  0  0  0  0  0  0  0]
 [22 19 20 23  0  0  0  0  0  0  0  0  0]
 [27  2 18  0  0  0  0  0  0  0  0  0  0]
 [27 15 11 14  0  0  0  0  0  0  0  0  0]
 [28  3  8  0  0  0  0  0  0  0  0  0  0]
 [25  0  0  0  0  0  0  0  0  0  0  0  0]]
valid: gen=0.656
reward: norm=0.9052435450950557
[ 230 iterations]
real= [[ 1  0  0  0  0  0  0  0  0  0  0  0  0]
 [22 23 15  3 28  1  5  0  0  0  0  0  0]
 [ 4  9  6 14  0  0  0  0  0  0  0  0  0]
 [ 3 20 25 18  0  0  0  0  0  0  0  0  0]
 [ 2 21  0  0  0  0  0  0  0  0  0  0  0]
 [16  0  0  0  0  0  0  0  0  0  0  0  0]
 [12 18 24 21 16  9  5  0  0  0  0  0  0]
 [16  5  0  0  0  0  0  0  0  0  0  0  0]
 [15  2 11  0  0  0  0  0  0  0  0  0  0]
 [20 28 13 24 22  0  0  0  0  0  0  0  0]]
gen= [[ 1  0  0  0  0  0  0  0  0  0  0  0  0]
 [22 15  3  0  0  0  0  0  0  0  0  0  0]
 [ 6 14  9  0  0  0  0  0  0  0  0  0  0]
 [25 18 20  0  0  0  0  0  0  0  0  0  0]
 [ 2 21  0  0  0  0  0  0  0  0  0  0  0]
 [16  0  0  0  0  0  0  0  0  0  0  0  0]
 [21 16 24  0  0  0  0  0  0  0  0  0  0]
 [16  5  0  0  0  0  0  0  0  0  0  0  0]
 [ 2 15 11  0  0  0  0  0  0  0  0  0  0]
 [22 24 13  0  0  0  0  0  0  0  0  0  0]]
valid: gen=0.45
reward: norm=0.8884510926416946
[ 240 iterations]
real= [[23 14 17 13 10  9  1  7  0  0  0  0  0]
 [ 3 19 12  0  0  0  0  0  0  0  0  0  0]
 [24 28 12  0  0  0  0  0  0  0  0  0  0]
 [ 4 12  0  0  0  0  0  0  0  0  0  0  0]
 [14  9  0  0  0  0  0  0  0  0  0  0  0]
 [ 8  0  0  0  0  0  0  0  0  0  0  0  0]
 [ 5 20 12 18  9  0  0  0  0  0  0  0  0]
 [13 18 23  0  0  0  0  0  0  0  0  0  0]
 [ 3  8  0  0  0  0  0  0  0  0  0  0  0]
 [12  0  0  0  0  0  0  0  0  0  0  0  0]]
gen= [[17 13 14 10  9 23  7  0  0  0  0  0  0]
 [19 12  3  0  0  0  0  0  0  0  0  0  0]
 [24 12 28  0  0  0  0  0  0  0  0  0  0]
 [12  4  0  0  0  0  0  0  0  0  0  0  0]
 [14  9  0  0  0  0  0  0  0  0  0  0  0]
 [ 8  0  0  0  0  0  0  0  0  0  0  0  0]
 [18 12  9 20  5  0  0  0  0  0  0  0  0]
 [18 13 23  0  0  0  0  0  0  0  0  0  0]
 [ 3  8  0  0  0  0  0  0  0  0  0  0  0]
 [12  0  0  0  0  0  0  0  0  0  0  0  0]]
valid: gen=0.619
reward: norm=0.9084691195075144
[ 250 iterations]
real= [[ 6 27  0  0  0  0  0  0  0  0  0  0  0]
 [ 3  0  0  0  0  0  0  0  0  0  0  0  0]
 [26 19 14 13 18 15 12  5  0  0  0  0  0]
 [16 21  0  0  0  0  0  0  0  0  0  0  0]
 [27  8  4  9  6 24 18 12  0  0  0  0  0]
 [ 3 14 12  6  0  0  0  0  0  0  0  0  0]
 [ 6  1  0  0  0  0  0  0  0  0  0  0  0]
 [ 4 27  5 11  3  0  0  0  0  0  0  0  0]
 [ 3  0  0  0  0  0  0  0  0  0  0  0  0]
 [ 1 20 19 16 22  0  0  0  0  0  0  0  0]]
gen= [[27  6  0  0  0  0  0  0  0  0  0  0  0]
 [ 3  0  0  0  0  0  0  0  0  0  0  0  0]
 [26 18 15 19  0  0  0  0  0  0  0  0  0]
 [21 16  0  0  0  0  0  0  0  0  0  0  0]
 [27  6 24 18  0  0  0  0  0  0  0  0  0]
 [ 6 14 12  3  0  0  0  0  0  0  0  0  0]
 [ 6  1  0  0  0  0  0  0  0  0  0  0  0]
 [27 11  3  5  0  0  0  0  0  0  0  0  0]
 [ 3  0  0  0  0  0  0  0  0  0  0  0  0]
 [16 22 20  0  0  0  0  0  0  0  0  0  0]]
valid: gen=0.558
reward: norm=0.9042854378830186
[ 260 iterations]
real= [[16 22  0  0  0  0  0  0  0  0  0  0  0]
 [26 20 23 18  9  3  4  0  0  0  0  0  0]
 [13  0  0  0  0  0  0  0  0  0  0  0  0]
 [25 28 17  1  0  0  0  0  0  0  0  0  0]
 [26  7  0  0  0  0  0  0  0  0  0  0  0]
 [27  7  6 10 14  3  9  5  0  0  0  0  0]
 [25  2 28 23 12  3 26  0  0  0  0  0  0]
 [27  7 26 14 28  8 11  0  0  0  0  0  0]
 [16  0  0  0  0  0  0  0  0  0  0  0  0]
 [ 3  0  0  0  0  0  0  0  0  0  0  0  0]]
gen= [[16 22  0  0  0  0  0  0  0  0  0  0  0]
 [26 18  9  3  0  0  0  0  0  0  0  0  0]
 [13  0  0  0  0  0  0  0  0  0  0  0  0]
 [25 17 28  0  0  0  0  0  0  0  0  0  0]
 [26  7  0  0  0  0  0  0  0  0  0  0  0]
 [27  6 14 10  0  0  0  0  0  0  0  0  0]
 [ 2 26 25  0  0  0  0  0  0  0  0  0  0]
 [27 26 11  0  0  0  0  0  0  0  0  0  0]
 [16  0  0  0  0  0  0  0  0  0  0  0  0]
 [ 3  0  0  0  0  0  0  0  0  0  0  0  0]]
valid: gen=0.546
reward: norm=0.9000453181750606
[ 270 iterations]
real= [[22 27  1 14  0  0  0  0  0  0  0  0  0]
 [26 23 22 15 17 13 10 18 12  0  0  0  0]
 [ 4 28 23  8 25  0  0  0  0  0  0  0  0]
 [ 3 19 17 18  0  0  0  0  0  0  0  0  0]
 [ 3 18  6  0  0  0  0  0  0  0  0  0  0]
 [22 19 23 20  0  0  0  0  0  0  0  0  0]
 [ 2 13 18 27  0  0  0  0  0  0  0  0  0]
 [27 23 17 14 15  7  5 11  0  0  0  0  0]
 [ 3 28  8  0  0  0  0  0  0  0  0  0  0]
 [25  0  0  0  0  0  0  0  0  0  0  0  0]]
gen= [[27 22 14  1  0  0  0  0  0  0  0  0  0]
 [26 22 10 17 18 15  0  0  0  0  0  0  0]
 [25 23  4 28  8  0  0  0  0  0  0  0  0]
 [17 18 19  3  0  0  0  0  0  0  0  0  0]
 [ 6 18  3  0  0  0  0  0  0  0  0  0  0]
 [22 19 20 23  0  0  0  0  0  0  0  0  0]
 [27  2 18  0  0  0  0  0  0  0  0  0  0]
 [27 17 11 23  0  0  0  0  0  0  0  0  0]
 [ 3 28  8  0  0  0  0  0  0  0  0  0  0]
 [25  0  0  0  0  0  0  0  0  0  0  0  0]]
valid: gen=0.686
reward: norm=0.9024456199415596
[ 280 iterations]
real= [[ 1  0  0  0  0  0  0  0  0  0  0  0  0]
 [22 23 15  3 28  1  5  0  0  0  0  0  0]
 [ 4  9  6 14  0  0  0  0  0  0  0  0  0]
 [ 3 20 25 18  0  0  0  0  0  0  0  0  0]
 [ 2 21  0  0  0  0  0  0  0  0  0  0  0]
 [16  0  0  0  0  0  0  0  0  0  0  0  0]
 [12 18 24 21 16  9  5  0  0  0  0  0  0]
 [16  5  0  0  0  0  0  0  0  0  0  0  0]
 [15  2 11  0  0  0  0  0  0  0  0  0  0]
 [20 28 13 24 22  0  0  0  0  0  0  0  0]]
gen= [[ 1  0  0  0  0  0  0  0  0  0  0  0  0]
 [22 15 23  0  0  0  0  0  0  0  0  0  0]
 [ 6 14  9  0  0  0  0  0  0  0  0  0  0]
 [25 18  3  0  0  0  0  0  0  0  0  0  0]
 [ 2 21  0  0  0  0  0  0  0  0  0  0  0]
 [16  0  0  0  0  0  0  0  0  0  0  0  0]
 [21 16 24  0  0  0  0  0  0  0  0  0  0]
 [16  5  0  0  0  0  0  0  0  0  0  0  0]
 [ 2 11 15  0  0  0  0  0  0  0  0  0  0]
 [22 24 13  0  0  0  0  0  0  0  0  0  0]]
valid: gen=0.45
reward: norm=0.8902442553916611
[ 290 iterations]
real= [[23 14 17 13 10  9  1  7  0  0  0  0  0]
 [ 3 19 12  0  0  0  0  0  0  0  0  0  0]
 [24 28 12  0  0  0  0  0  0  0  0  0  0]
 [ 4 12  0  0  0  0  0  0  0  0  0  0  0]
 [14  9  0  0  0  0  0  0  0  0  0  0  0]
 [ 8  0  0  0  0  0  0  0  0  0  0  0  0]
 [ 5 20 12 18  9  0  0  0  0  0  0  0  0]
 [13 18 23  0  0  0  0  0  0  0  0  0  0]
 [ 3  8  0  0  0  0  0  0  0  0  0  0  0]
 [12  0  0  0  0  0  0  0  0  0  0  0  0]]
gen= [[10 17 23  9  1  0  0  0  0  0  0  0  0]
 [19 12  3  0  0  0  0  0  0  0  0  0  0]
 [24 12 28  0  0  0  0  0  0  0  0  0  0]
 [12  4  0  0  0  0  0  0  0  0  0  0  0]
 [14  9  0  0  0  0  0  0  0  0  0  0  0]
 [ 8  0  0  0  0  0  0  0  0  0  0  0  0]
 [18  9 12 20  5  0  0  0  0  0  0  0  0]
 [23 18 13  0  0  0  0  0  0  0  0  0  0]
 [ 3  8  0  0  0  0  0  0  0  0  0  0  0]
 [12  0  0  0  0  0  0  0  0  0  0  0  0]]
valid: gen=0.636
reward: norm=0.9118871910956317
[ 300 iterations]
real= [[ 6 27  0  0  0  0  0  0  0  0  0  0  0]
 [ 3  0  0  0  0  0  0  0  0  0  0  0  0]
 [26 19 14 13 18 15 12  5  0  0  0  0  0]
 [16 21  0  0  0  0  0  0  0  0  0  0  0]
 [27  8  4  9  6 24 18 12  0  0  0  0  0]
 [ 3 14 12  6  0  0  0  0  0  0  0  0  0]
 [ 6  1  0  0  0  0  0  0  0  0  0  0  0]
 [ 4 27  5 11  3  0  0  0  0  0  0  0  0]
 [ 3  0  0  0  0  0  0  0  0  0  0  0  0]
 [ 1 20 19 16 22  0  0  0  0  0  0  0  0]]
gen= [[27  6  0  0  0  0  0  0  0  0  0  0  0]
 [ 3  0  0  0  0  0  0  0  0  0  0  0  0]
 [26 18 15 19  0  0  0  0  0  0  0  0  0]
 [21 16  0  0  0  0  0  0  0  0  0  0  0]
 [27  6 24 18  0  0  0  0  0  0  0  0  0]
 [ 6 14 12  3  0  0  0  0  0  0  0  0  0]
 [ 6  1  0  0  0  0  0  0  0  0  0  0  0]
 [27 11  3  5  0  0  0  0  0  0  0  0  0]
 [ 3  0  0  0  0  0  0  0  0  0  0  0  0]
 [16 22 20  0  0  0  0  0  0  0  0  0  0]]
valid: gen=0.555
reward: norm=0.9065305416698838
[ 310 iterations]
real= [[16 22  0  0  0  0  0  0  0  0  0  0  0]
 [26 20 23 18  9  3  4  0  0  0  0  0  0]
 [13  0  0  0  0  0  0  0  0  0  0  0  0]
 [25 28 17  1  0  0  0  0  0  0  0  0  0]
 [26  7  0  0  0  0  0  0  0  0  0  0  0]
 [27  7  6 10 14  3  9  5  0  0  0  0  0]
 [25  2 28 23 12  3 26  0  0  0  0  0  0]
 [27  7 26 14 28  8 11  0  0  0  0  0  0]
 [16  0  0  0  0  0  0  0  0  0  0  0  0]
 [ 3  0  0  0  0  0  0  0  0  0  0  0  0]]
gen= [[16 22  0  0  0  0  0  0  0  0  0  0  0]
 [26 23 18  9  0  0  0  0  0  0  0  0  0]
 [13  0  0  0  0  0  0  0  0  0  0  0  0]
 [25 17 28  0  0  0  0  0  0  0  0  0  0]
 [26  7  0  0  0  0  0  0  0  0  0  0  0]
 [27  6 14 10  0  0  0  0  0  0  0  0  0]
 [ 2 26 25  0  0  0  0  0  0  0  0  0  0]
 [27 26 11  0  0  0  0  0  0  0  0  0  0]
 [16  0  0  0  0  0  0  0  0  0  0  0  0]
 [ 3  0  0  0  0  0  0  0  0  0  0  0  0]]
valid: gen=0.543
reward: norm=0.9044596109246068
[ 320 iterations]
real= [[22 27  1 14  0  0  0  0  0  0  0  0  0]
 [26 23 22 15 17 13 10 18 12  0  0  0  0]
 [ 4 28 23  8 25  0  0  0  0  0  0  0  0]
 [ 3 19 17 18  0  0  0  0  0  0  0  0  0]
 [ 3 18  6  0  0  0  0  0  0  0  0  0  0]
 [22 19 23 20  0  0  0  0  0  0  0  0  0]
 [ 2 13 18 27  0  0  0  0  0  0  0  0  0]
 [27 23 17 14 15  7  5 11  0  0  0  0  0]
 [ 3 28  8  0  0  0  0  0  0  0  0  0  0]
 [25  0  0  0  0  0  0  0  0  0  0  0  0]]
gen= [[27 22 14  1  0  0  0  0  0  0  0  0  0]
 [26 23 22  0  0  0  0  0  0  0  0  0  0]
 [25 23 28  8  4  0  0  0  0  0  0  0  0]
 [17 18 19  3  0  0  0  0  0  0  0  0  0]
 [ 6 18  3  0  0  0  0  0  0  0  0  0  0]
 [23 22 19 20  0  0  0  0  0  0  0  0  0]
 [27  2 18  0  0  0  0  0  0  0  0  0  0]
 [27 23 11 15  5  0  0  0  0  0  0  0  0]
 [ 3 28  8  0  0  0  0  0  0  0  0  0  0]
 [25  0  0  0  0  0  0  0  0  0  0  0  0]]
valid: gen=0.688
reward: norm=0.9072227242179115
[ 330 iterations]
real= [[ 1  0  0  0  0  0  0  0  0  0  0  0  0]
 [22 23 15  3 28  1  5  0  0  0  0  0  0]
 [ 4  9  6 14  0  0  0  0  0  0  0  0  0]
 [ 3 20 25 18  0  0  0  0  0  0  0  0  0]
 [ 2 21  0  0  0  0  0  0  0  0  0  0  0]
 [16  0  0  0  0  0  0  0  0  0  0  0  0]
 [12 18 24 21 16  9  5  0  0  0  0  0  0]
 [16  5  0  0  0  0  0  0  0  0  0  0  0]
 [15  2 11  0  0  0  0  0  0  0  0  0  0]
 [20 28 13 24 22  0  0  0  0  0  0  0  0]]
gen= [[ 1  0  0  0  0  0  0  0  0  0  0  0  0]
 [23 22 15  0  0  0  0  0  0  0  0  0  0]
 [ 6 14  9  0  0  0  0  0  0  0  0  0  0]
 [25 18 20  0  0  0  0  0  0  0  0  0  0]
 [ 2 21  0  0  0  0  0  0  0  0  0  0  0]
 [16  0  0  0  0  0  0  0  0  0  0  0  0]
 [21 16 24  0  0  0  0  0  0  0  0  0  0]
 [16  5  0  0  0  0  0  0  0  0  0  0  0]
 [ 2 11 15  0  0  0  0  0  0  0  0  0  0]
 [22 24 13  0  0  0  0  0  0  0  0  0  0]]
valid: gen=0.45
reward: norm=0.8948395092187916
[ 340 iterations]
real= [[23 14 17 13 10  9  1  7  0  0  0  0  0]
 [ 3 19 12  0  0  0  0  0  0  0  0  0  0]
 [24 28 12  0  0  0  0  0  0  0  0  0  0]
 [ 4 12  0  0  0  0  0  0  0  0  0  0  0]
 [14  9  0  0  0  0  0  0  0  0  0  0  0]
 [ 8  0  0  0  0  0  0  0  0  0  0  0  0]
 [ 5 20 12 18  9  0  0  0  0  0  0  0  0]
 [13 18 23  0  0  0  0  0  0  0  0  0  0]
 [ 3  8  0  0  0  0  0  0  0  0  0  0  0]
 [12  0  0  0  0  0  0  0  0  0  0  0  0]]
gen= [[23 10 17 13 14  1  7  0  0  0  0  0  0]
 [19 12  3  0  0  0  0  0  0  0  0  0  0]
 [24 28 12  0  0  0  0  0  0  0  0  0  0]
 [12  4  0  0  0  0  0  0  0  0  0  0  0]
 [14  9  0  0  0  0  0  0  0  0  0  0  0]
 [ 8  0  0  0  0  0  0  0  0  0  0  0  0]
 [18 12 20  9  5  0  0  0  0  0  0  0  0]
 [23 18 13  0  0  0  0  0  0  0  0  0  0]
 [ 3  8  0  0  0  0  0  0  0  0  0  0  0]
 [12  0  0  0  0  0  0  0  0  0  0  0  0]]
valid: gen=0.639
reward: norm=0.9113617786625096
[ 350 iterations]
real= [[ 6 27  0  0  0  0  0  0  0  0  0  0  0]
 [ 3  0  0  0  0  0  0  0  0  0  0  0  0]
 [26 19 14 13 18 15 12  5  0  0  0  0  0]
 [16 21  0  0  0  0  0  0  0  0  0  0  0]
 [27  8  4  9  6 24 18 12  0  0  0  0  0]
 [ 3 14 12  6  0  0  0  0  0  0  0  0  0]
 [ 6  1  0  0  0  0  0  0  0  0  0  0  0]
 [ 4 27  5 11  3  0  0  0  0  0  0  0  0]
 [ 3  0  0  0  0  0  0  0  0  0  0  0  0]
 [ 1 20 19 16 22  0  0  0  0  0  0  0  0]]
gen= [[27  6  0  0  0  0  0  0  0  0  0  0  0]
 [ 3  0  0  0  0  0  0  0  0  0  0  0  0]
 [26 18 13 14  0  0  0  0  0  0  0  0  0]
 [21 16  0  0  0  0  0  0  0  0  0  0  0]
 [27  6 24 18  0  0  0  0  0  0  0  0  0]
 [ 6 14 12  3  0  0  0  0  0  0  0  0  0]
 [ 6  1  0  0  0  0  0  0  0  0  0  0  0]
 [27 11  3  4  0  0  0  0  0  0  0  0  0]
 [ 3  0  0  0  0  0  0  0  0  0  0  0  0]
 [16 22 20  0  0  0  0  0  0  0  0  0  0]]
valid: gen=0.561
reward: norm=0.9093158108117283
[ 360 iterations]
real= [[16 22  0  0  0  0  0  0  0  0  0  0  0]
 [26 20 23 18  9  3  4  0  0  0  0  0  0]
 [13  0  0  0  0  0  0  0  0  0  0  0  0]
 [25 28 17  1  0  0  0  0  0  0  0  0  0]
 [26  7  0  0  0  0  0  0  0  0  0  0  0]
 [27  7  6 10 14  3  9  5  0  0  0  0  0]
 [25  2 28 23 12  3 26  0  0  0  0  0  0]
 [27  7 26 14 28  8 11  0  0  0  0  0  0]
 [16  0  0  0  0  0  0  0  0  0  0  0  0]
 [ 3  0  0  0  0  0  0  0  0  0  0  0  0]]
gen= [[16 22  0  0  0  0  0  0  0  0  0  0  0]
 [26 23 18  3  0  0  0  0  0  0  0  0  0]
 [13  0  0  0  0  0  0  0  0  0  0  0  0]
 [25 17 28  0  0  0  0  0  0  0  0  0  0]
 [26  7  0  0  0  0  0  0  0  0  0  0  0]
 [27  6 14 10  0  0  0  0  0  0  0  0  0]
 [ 2 26 25  0  0  0  0  0  0  0  0  0  0]
 [27 26 14 11  0  0  0  0  0  0  0  0  0]
 [16  0  0  0  0  0  0  0  0  0  0  0  0]
 [ 3  0  0  0  0  0  0  0  0  0  0  0  0]]
valid: gen=0.545
reward: norm=0.9055263206486188
[ 370 iterations]
real= [[22 27  1 14  0  0  0  0  0  0  0  0  0]
 [26 23 22 15 17 13 10 18 12  0  0  0  0]
 [ 4 28 23  8 25  0  0  0  0  0  0  0  0]
 [ 3 19 17 18  0  0  0  0  0  0  0  0  0]
 [ 3 18  6  0  0  0  0  0  0  0  0  0  0]
 [22 19 23 20  0  0  0  0  0  0  0  0  0]
 [ 2 13 18 27  0  0  0  0  0  0  0  0  0]
 [27 23 17 14 15  7  5 11  0  0  0  0  0]
 [ 3 28  8  0  0  0  0  0  0  0  0  0  0]
 [25  0  0  0  0  0  0  0  0  0  0  0  0]]
gen= [[27 22 14  1  0  0  0  0  0  0  0  0  0]
 [26 23 22  0  0  0  0  0  0  0  0  0  0]
 [25 23  4 28  8  0  0  0  0  0  0  0  0]
 [17 18 19  3  0  0  0  0  0  0  0  0  0]
 [ 6 18  3  0  0  0  0  0  0  0  0  0  0]
 [23 22 19 20  0  0  0  0  0  0  0  0  0]
 [27  2 18  0  0  0  0  0  0  0  0  0  0]
 [27 23 14 17  5 11  0  0  0  0  0  0  0]
 [ 3  8 28  0  0  0  0  0  0  0  0  0  0]
 [25  0  0  0  0  0  0  0  0  0  0  0  0]]
valid: gen=0.69
reward: norm=0.9073694851153713
[ 380 iterations]
real= [[ 1  0  0  0  0  0  0  0  0  0  0  0  0]
 [22 23 15  3 28  1  5  0  0  0  0  0  0]
 [ 4  9  6 14  0  0  0  0  0  0  0  0  0]
 [ 3 20 25 18  0  0  0  0  0  0  0  0  0]
 [ 2 21  0  0  0  0  0  0  0  0  0  0  0]
 [16  0  0  0  0  0  0  0  0  0  0  0  0]
 [12 18 24 21 16  9  5  0  0  0  0  0  0]
 [16  5  0  0  0  0  0  0  0  0  0  0  0]
 [15  2 11  0  0  0  0  0  0  0  0  0  0]
 [20 28 13 24 22  0  0  0  0  0  0  0  0]]
gen= [[ 1  0  0  0  0  0  0  0  0  0  0  0  0]
 [23 22  3  0  0  0  0  0  0  0  0  0  0]
 [ 6 14  9  0  0  0  0  0  0  0  0  0  0]
 [25 18  3  0  0  0  0  0  0  0  0  0  0]
 [ 2 21  0  0  0  0  0  0  0  0  0  0  0]
 [16  0  0  0  0  0  0  0  0  0  0  0  0]
 [21 16 18  0  0  0  0  0  0  0  0  0  0]
 [16  5  0  0  0  0  0  0  0  0  0  0  0]
 [ 2 15 11  0  0  0  0  0  0  0  0  0  0]
 [22 13 28  0  0  0  0  0  0  0  0  0  0]]
valid: gen=0.454
reward: norm=0.8929936034044986
[ 390 iterations]
real= [[23 14 17 13 10  9  1  7  0  0  0  0  0]
 [ 3 19 12  0  0  0  0  0  0  0  0  0  0]
 [24 28 12  0  0  0  0  0  0  0  0  0  0]
 [ 4 12  0  0  0  0  0  0  0  0  0  0  0]
 [14  9  0  0  0  0  0  0  0  0  0  0  0]
 [ 8  0  0  0  0  0  0  0  0  0  0  0  0]
 [ 5 20 12 18  9  0  0  0  0  0  0  0  0]
 [13 18 23  0  0  0  0  0  0  0  0  0  0]
 [ 3  8  0  0  0  0  0  0  0  0  0  0  0]
 [12  0  0  0  0  0  0  0  0  0  0  0  0]]
gen= [[23 10 17 14 13  9  1  0  0  0  0  0  0]
 [19 12  3  0  0  0  0  0  0  0  0  0  0]
 [24 12 28  0  0  0  0  0  0  0  0  0  0]
 [12  4  0  0  0  0  0  0  0  0  0  0  0]
 [14  9  0  0  0  0  0  0  0  0  0  0  0]
 [ 8  0  0  0  0  0  0  0  0  0  0  0  0]
 [18 12  9  5 20  0  0  0  0  0  0  0  0]
 [23 18 13  0  0  0  0  0  0  0  0  0  0]
 [ 3  8  0  0  0  0  0  0  0  0  0  0  0]
 [12  0  0  0  0  0  0  0  0  0  0  0  0]]
valid: gen=0.673
reward: norm=0.9134082987310282
[ 400 iterations]
real= [[ 6 27  0  0  0  0  0  0  0  0  0  0  0]
 [ 3  0  0  0  0  0  0  0  0  0  0  0  0]
 [26 19 14 13 18 15 12  5  0  0  0  0  0]
 [16 21  0  0  0  0  0  0  0  0  0  0  0]
 [27  8  4  9  6 24 18 12  0  0  0  0  0]
 [ 3 14 12  6  0  0  0  0  0  0  0  0  0]
 [ 6  1  0  0  0  0  0  0  0  0  0  0  0]
 [ 4 27  5 11  3  0  0  0  0  0  0  0  0]
 [ 3  0  0  0  0  0  0  0  0  0  0  0  0]
 [ 1 20 19 16 22  0  0  0  0  0  0  0  0]]
gen= [[27  6  0  0  0  0  0  0  0  0  0  0  0]
 [ 3  0  0  0  0  0  0  0  0  0  0  0  0]
 [26 18 13 14  0  0  0  0  0  0  0  0  0]
 [21 16  0  0  0  0  0  0  0  0  0  0  0]
 [27  6 18 24  0  0  0  0  0  0  0  0  0]
 [ 6 14 12  3  0  0  0  0  0  0  0  0  0]
 [ 6  1  0  0  0  0  0  0  0  0  0  0  0]
 [27 11  3  5  0  0  0  0  0  0  0  0  0]
 [ 3  0  0  0  0  0  0  0  0  0  0  0  0]
 [22 16 19 20  0  0  0  0  0  0  0  0  0]]
valid: gen=0.572
reward: norm=0.9096041237838377
[ 410 iterations]
real= [[16 22  0  0  0  0  0  0  0  0  0  0  0]
 [26 20 23 18  9  3  4  0  0  0  0  0  0]
 [13  0  0  0  0  0  0  0  0  0  0  0  0]
 [25 28 17  1  0  0  0  0  0  0  0  0  0]
 [26  7  0  0  0  0  0  0  0  0  0  0  0]
 [27  7  6 10 14  3  9  5  0  0  0  0  0]
 [25  2 28 23 12  3 26  0  0  0  0  0  0]
 [27  7 26 14 28  8 11  0  0  0  0  0  0]
 [16  0  0  0  0  0  0  0  0  0  0  0  0]
 [ 3  0  0  0  0  0  0  0  0  0  0  0  0]]
gen= [[22 16  0  0  0  0  0  0  0  0  0  0  0]
 [26 23 18  3  0  0  0  0  0  0  0  0  0]
 [13  0  0  0  0  0  0  0  0  0  0  0  0]
 [25 17 28  0  0  0  0  0  0  0  0  0  0]
 [26  7  0  0  0  0  0  0  0  0  0  0  0]
 [27  6 10 14  0  0  0  0  0  0  0  0  0]
 [ 2 26 25  0  0  0  0  0  0  0  0  0  0]
 [27 26 14 11  0  0  0  0  0  0  0  0  0]
 [16  0  0  0  0  0  0  0  0  0  0  0  0]
 [ 3  0  0  0  0  0  0  0  0  0  0  0  0]]
valid: gen=0.563
reward: norm=0.9056638192492563
[ 420 iterations]
real= [[22 27  1 14  0  0  0  0  0  0  0  0  0]
 [26 23 22 15 17 13 10 18 12  0  0  0  0]
 [ 4 28 23  8 25  0  0  0  0  0  0  0  0]
 [ 3 19 17 18  0  0  0  0  0  0  0  0  0]
 [ 3 18  6  0  0  0  0  0  0  0  0  0  0]
 [22 19 23 20  0  0  0  0  0  0  0  0  0]
 [ 2 13 18 27  0  0  0  0  0  0  0  0  0]
 [27 23 17 14 15  7  5 11  0  0  0  0  0]
 [ 3 28  8  0  0  0  0  0  0  0  0  0  0]
 [25  0  0  0  0  0  0  0  0  0  0  0  0]]
gen= [[27 22 14  1  0  0  0  0  0  0  0  0  0]
 [26 23 22  0  0  0  0  0  0  0  0  0  0]
 [25 23 28  4  8  0  0  0  0  0  0  0  0]
 [17 18 19  3  0  0  0  0  0  0  0  0  0]
 [ 6 18  3  0  0  0  0  0  0  0  0  0  0]
 [23 22 19 20  0  0  0  0  0  0  0  0  0]
 [27  2 13 18  0  0  0  0  0  0  0  0  0]
 [27 23 17 14  0  0  0  0  0  0  0  0  0]
 [28  3  8  0  0  0  0  0  0  0  0  0  0]
 [25  0  0  0  0  0  0  0  0  0  0  0  0]]
valid: gen=0.719
reward: norm=0.9066912036923408
[ 430 iterations]
real= [[ 1  0  0  0  0  0  0  0  0  0  0  0  0]
 [22 23 15  3 28  1  5  0  0  0  0  0  0]
 [ 4  9  6 14  0  0  0  0  0  0  0  0  0]
 [ 3 20 25 18  0  0  0  0  0  0  0  0  0]
 [ 2 21  0  0  0  0  0  0  0  0  0  0  0]
 [16  0  0  0  0  0  0  0  0  0  0  0  0]
 [12 18 24 21 16  9  5  0  0  0  0  0  0]
 [16  5  0  0  0  0  0  0  0  0  0  0  0]
 [15  2 11  0  0  0  0  0  0  0  0  0  0]
 [20 28 13 24 22  0  0  0  0  0  0  0  0]]
gen= [[ 1  0  0  0  0  0  0  0  0  0  0  0  0]
 [23 22 15  0  0  0  0  0  0  0  0  0  0]
 [ 6 14  9  0  0  0  0  0  0  0  0  0  0]
 [25 18  3  0  0  0  0  0  0  0  0  0  0]
 [ 2 21  0  0  0  0  0  0  0  0  0  0  0]
 [16  0  0  0  0  0  0  0  0  0  0  0  0]
 [21 16 18  0  0  0  0  0  0  0  0  0  0]
 [16  5  0  0  0  0  0  0  0  0  0  0  0]
 [ 2 15 11  0  0  0  0  0  0  0  0  0  0]
 [22 13 24  0  0  0  0  0  0  0  0  0  0]]
valid: gen=0.452
reward: norm=0.8953469959556197
[ 440 iterations]
real= [[23 14 17 13 10  9  1  7  0  0  0  0  0]
 [ 3 19 12  0  0  0  0  0  0  0  0  0  0]
 [24 28 12  0  0  0  0  0  0  0  0  0  0]
 [ 4 12  0  0  0  0  0  0  0  0  0  0  0]
 [14  9  0  0  0  0  0  0  0  0  0  0  0]
 [ 8  0  0  0  0  0  0  0  0  0  0  0  0]
 [ 5 20 12 18  9  0  0  0  0  0  0  0  0]
 [13 18 23  0  0  0  0  0  0  0  0  0  0]
 [ 3  8  0  0  0  0  0  0  0  0  0  0  0]
 [12  0  0  0  0  0  0  0  0  0  0  0  0]]
gen= [[23 10 13 17 14  9  1  7  0  0  0  0  0]
 [19 12  3  0  0  0  0  0  0  0  0  0  0]
 [24 12 28  0  0  0  0  0  0  0  0  0  0]
 [12  4  0  0  0  0  0  0  0  0  0  0  0]
 [14  9  0  0  0  0  0  0  0  0  0  0  0]
 [ 8  0  0  0  0  0  0  0  0  0  0  0  0]
 [18 12 20  9  5  0  0  0  0  0  0  0  0]
 [23 13 18  0  0  0  0  0  0  0  0  0  0]
 [ 3  8  0  0  0  0  0  0  0  0  0  0  0]
 [12  0  0  0  0  0  0  0  0  0  0  0  0]]
valid: gen=0.677
reward: norm=0.9148490901282543
[ 450 iterations]
real= [[ 6 27  0  0  0  0  0  0  0  0  0  0  0]
 [ 3  0  0  0  0  0  0  0  0  0  0  0  0]
 [26 19 14 13 18 15 12  5  0  0  0  0  0]
 [16 21  0  0  0  0  0  0  0  0  0  0  0]
 [27  8  4  9  6 24 18 12  0  0  0  0  0]
 [ 3 14 12  6  0  0  0  0  0  0  0  0  0]
 [ 6  1  0  0  0  0  0  0  0  0  0  0  0]
 [ 4 27  5 11  3  0  0  0  0  0  0  0  0]
 [ 3  0  0  0  0  0  0  0  0  0  0  0  0]
 [ 1 20 19 16 22  0  0  0  0  0  0  0  0]]
gen= [[27  6  0  0  0  0  0  0  0  0  0  0  0]
 [ 3  0  0  0  0  0  0  0  0  0  0  0  0]
 [26 13 18 19  0  0  0  0  0  0  0  0  0]
 [21 16  0  0  0  0  0  0  0  0  0  0  0]
 [27  6 18 24  0  0  0  0  0  0  0  0  0]
 [ 6 14 12  3  0  0  0  0  0  0  0  0  0]
 [ 6  1  0  0  0  0  0  0  0  0  0  0  0]
 [27 11  3  5  0  0  0  0  0  0  0  0  0]
 [ 3  0  0  0  0  0  0  0  0  0  0  0  0]
 [22 16 19 20  0  0  0  0  0  0  0  0  0]]
valid: gen=0.571
reward: norm=0.9096578468142925
[ 460 iterations]
real= [[16 22  0  0  0  0  0  0  0  0  0  0  0]
 [26 20 23 18  9  3  4  0  0  0  0  0  0]
 [13  0  0  0  0  0  0  0  0  0  0  0  0]
 [25 28 17  1  0  0  0  0  0  0  0  0  0]
 [26  7  0  0  0  0  0  0  0  0  0  0  0]
 [27  7  6 10 14  3  9  5  0  0  0  0  0]
 [25  2 28 23 12  3 26  0  0  0  0  0  0]
 [27  7 26 14 28  8 11  0  0  0  0  0  0]
 [16  0  0  0  0  0  0  0  0  0  0  0  0]
 [ 3  0  0  0  0  0  0  0  0  0  0  0  0]]
gen= [[22 16  0  0  0  0  0  0  0  0  0  0  0]
 [26 23 18  3  0  0  0  0  0  0  0  0  0]
 [13  0  0  0  0  0  0  0  0  0  0  0  0]
 [25 17 28  0  0  0  0  0  0  0  0  0  0]
 [26  7  0  0  0  0  0  0  0  0  0  0  0]
 [27  6 10 14  0  0  0  0  0  0  0  0  0]
 [26  2 25  0  0  0  0  0  0  0  0  0  0]
 [27 26 14 28  0  0  0  0  0  0  0  0  0]
 [16  0  0  0  0  0  0  0  0  0  0  0  0]
 [ 3  0  0  0  0  0  0  0  0  0  0  0  0]]
valid: gen=0.557
reward: norm=0.9039746644086424
[ 470 iterations]
real= [[22 27  1 14  0  0  0  0  0  0  0  0  0]
 [26 23 22 15 17 13 10 18 12  0  0  0  0]
 [ 4 28 23  8 25  0  0  0  0  0  0  0  0]
 [ 3 19 17 18  0  0  0  0  0  0  0  0  0]
 [ 3 18  6  0  0  0  0  0  0  0  0  0  0]
 [22 19 23 20  0  0  0  0  0  0  0  0  0]
 [ 2 13 18 27  0  0  0  0  0  0  0  0  0]
 [27 23 17 14 15  7  5 11  0  0  0  0  0]
 [ 3 28  8  0  0  0  0  0  0  0  0  0  0]
 [25  0  0  0  0  0  0  0  0  0  0  0  0]]
gen= [[27 22 14  1  0  0  0  0  0  0  0  0  0]
 [26 23 22  0  0  0  0  0  0  0  0  0  0]
 [25 23 28  4  8  0  0  0  0  0  0  0  0]
 [17 18 19  3  0  0  0  0  0  0  0  0  0]
 [ 6 18  3  0  0  0  0  0  0  0  0  0  0]
 [23 22 19 20  0  0  0  0  0  0  0  0  0]
 [27  2 13 18  0  0  0  0  0  0  0  0  0]
 [27 23 17 14  0  0  0  0  0  0  0  0  0]
 [28  3  8  0  0  0  0  0  0  0  0  0  0]
 [25  0  0  0  0  0  0  0  0  0  0  0  0]]
valid: gen=0.713
reward: norm=0.9075032947399345
[ 480 iterations]
real= [[ 1  0  0  0  0  0  0  0  0  0  0  0  0]
 [22 23 15  3 28  1  5  0  0  0  0  0  0]
 [ 4  9  6 14  0  0  0  0  0  0  0  0  0]
 [ 3 20 25 18  0  0  0  0  0  0  0  0  0]
 [ 2 21  0  0  0  0  0  0  0  0  0  0  0]
 [16  0  0  0  0  0  0  0  0  0  0  0  0]
 [12 18 24 21 16  9  5  0  0  0  0  0  0]
 [16  5  0  0  0  0  0  0  0  0  0  0  0]
 [15  2 11  0  0  0  0  0  0  0  0  0  0]
 [20 28 13 24 22  0  0  0  0  0  0  0  0]]
gen= [[ 1  0  0  0  0  0  0  0  0  0  0  0  0]
 [23 22 15  0  0  0  0  0  0  0  0  0  0]
 [ 6 14  9  0  0  0  0  0  0  0  0  0  0]
 [25 18  3  0  0  0  0  0  0  0  0  0  0]
 [ 2 21  0  0  0  0  0  0  0  0  0  0  0]
 [16  0  0  0  0  0  0  0  0  0  0  0  0]
 [21 16 18  0  0  0  0  0  0  0  0  0  0]
 [16  5  0  0  0  0  0  0  0  0  0  0  0]
 [ 2 15 11  0  0  0  0  0  0  0  0  0  0]
 [22 13 24  0  0  0  0  0  0  0  0  0  0]]
valid: gen=0.452
reward: norm=0.8936052783671657
[ 490 iterations]
real= [[23 14 17 13 10  9  1  7  0  0  0  0  0]
 [ 3 19 12  0  0  0  0  0  0  0  0  0  0]
 [24 28 12  0  0  0  0  0  0  0  0  0  0]
 [ 4 12  0  0  0  0  0  0  0  0  0  0  0]
 [14  9  0  0  0  0  0  0  0  0  0  0  0]
 [ 8  0  0  0  0  0  0  0  0  0  0  0  0]
 [ 5 20 12 18  9  0  0  0  0  0  0  0  0]
 [13 18 23  0  0  0  0  0  0  0  0  0  0]
 [ 3  8  0  0  0  0  0  0  0  0  0  0  0]
 [12  0  0  0  0  0  0  0  0  0  0  0  0]]
gen= [[23 10 13 17 14  9  1  7  0  0  0  0  0]
 [19 12  3  0  0  0  0  0  0  0  0  0  0]
 [24 28 12  0  0  0  0  0  0  0  0  0  0]
 [12  4  0  0  0  0  0  0  0  0  0  0  0]
 [14  9  0  0  0  0  0  0  0  0  0  0  0]
 [ 8  0  0  0  0  0  0  0  0  0  0  0  0]
 [18 12  9 20  5  0  0  0  0  0  0  0  0]
 [23 13 18  0  0  0  0  0  0  0  0  0  0]
 [ 3  8  0  0  0  0  0  0  0  0  0  0  0]
 [12  0  0  0  0  0  0  0  0  0  0  0  0]]
valid: gen=0.674
reward: norm=0.9105543817521558
