read problem
[ 1 iterations]
real=[[27, 26, 23, 17, 15, 13, 14, 7, 6, 3, 5, 11, 0], [28, 7, 4, 21, 12, 13, 8, 0, 0, 0, 0, 0, 0], [28, 23, 22, 19, 15, 11, 6, 9, 10, 3, 2, 1, 0], [28, 27, 26, 24, 22, 21, 18, 10, 17, 3, 15, 16, 0], [28, 24, 22, 20, 19, 11, 14, 5, 10, 3, 8, 4, 0], [25, 23, 15, 13, 12, 4, 6, 9, 7, 3, 2, 0, 0], [28, 27, 24, 23, 19, 13, 6, 10, 7, 3, 2, 1, 0], [28, 26, 25, 18, 17, 15, 14, 10, 2, 5, 1, 13, 0], [26, 25, 22, 21, 20, 19, 18, 9, 6, 1, 2, 16, 0], [18, 25, 4, 21, 17, 0, 0, 0, 0, 0, 0, 0, 0]]
gen=[[17, 23, 14, 15, 26, 13, 11, 5, 3, 7, 27, 6, 0], [21, 13, 28, 7, 8, 4, 12, 0, 0, 0, 0, 0, 0], [22, 23, 15, 19, 11, 2, 10, 28, 9, 3, 6, 1, 0], [21, 17, 22, 16, 18, 15, 24, 26, 10, 28, 3, 27, 0], [20, 19, 14, 22, 24, 28, 10, 11, 3, 4, 5, 8, 0], [23, 15, 13, 25, 2, 9, 4, 12, 7, 6, 3, 0, 0], [24, 23, 19, 13, 10, 6, 28, 7, 3, 1, 2, 27, 0], [17, 14, 18, 15, 25, 13, 26, 10, 5, 2, 28, 1, 0], [25, 21, 16, 22, 18, 19, 20, 26, 9, 2, 1, 6, 0], [17, 21, 18, 25, 4, 0, 0, 0, 0, 0, 0, 0, 0]]
valid routes=1.0
norm-reward=0.7898020357094262
[ 2 iterations]
real=[[25, 23, 20, 19, 17, 16, 15, 10, 7, 2, 9, 12, 0], [25, 24, 22, 20, 19, 16, 15, 5, 4, 3, 2, 11, 0], [8, 16, 13, 6, 24, 7, 0, 0, 0, 0, 0, 0, 0], [27, 25, 24, 22, 21, 17, 18, 9, 13, 5, 15, 1, 0], [7, 20, 26, 9, 17, 0, 0, 0, 0, 0, 0, 0, 0], [25, 11, 15, 0, 0, 0, 0, 0, 0, 0, 0, 0, 0], [27, 26, 21, 19, 14, 13, 8, 15, 12, 11, 2, 0, 0], [21, 16, 15, 14, 13, 12, 6, 9, 7, 8, 1, 4, 0], [27, 23, 4, 11, 3, 7, 22, 16, 0, 0, 0, 0, 0], [27, 0, 0, 0, 0, 0, 0, 0, 0, 0, 0, 0, 0]]
gen=[[25, 20, 19, 23, 17, 15, 10, 16, 2, 9, 12, 7, 0], [25, 24, 20, 19, 22, 15, 5, 4, 16, 11, 3, 2, 0], [24, 13, 6, 16, 7, 8, 0, 0, 0, 0, 0, 0, 0], [18, 25, 21, 24, 15, 22, 17, 13, 5, 27, 9, 1, 0], [26, 20, 17, 9, 7, 0, 0, 0, 0, 0, 0, 0, 0], [25, 15, 11, 0, 0, 0, 0, 0, 0, 0, 0, 0, 0], [26, 21, 19, 15, 13, 27, 14, 11, 2, 12, 8, 0, 0], [21, 15, 13, 14, 16, 6, 9, 8, 4, 7, 12, 1, 0], [27, 23, 22, 16, 11, 7, 3, 4, 0, 0, 0, 0, 0], [27, 0, 0, 0, 0, 0, 0, 0, 0, 0, 0, 0, 0]]
valid routes=1.0
norm-reward=0.8295776988818676
[ 3 iterations]
real=[[26, 24, 20, 9, 8, 5, 4, 10, 7, 1, 0, 0, 0], [26, 25, 22, 17, 16, 15, 6, 10, 12, 5, 1, 11, 0], [27, 26, 24, 22, 18, 13, 15, 5, 7, 3, 1, 4, 0], [2, 19, 4, 10, 22, 11, 0, 0, 0, 0, 0, 0, 0], [27, 24, 23, 22, 19, 15, 18, 9, 7, 14, 2, 4, 0], [24, 23, 22, 21, 16, 15, 8, 5, 10, 3, 9, 14, 0], [20, 0, 0, 0, 0, 0, 0, 0, 0, 0, 0, 0, 0], [27, 25, 23, 22, 21, 20, 6, 10, 7, 5, 15, 12, 0], [28, 27, 25, 24, 20, 13, 18, 6, 3, 8, 2, 4, 0], [26, 22, 21, 20, 18, 13, 6, 10, 7, 8, 2, 11, 0]]
gen=[[26, 20, 24, 10, 5, 8, 9, 7, 1, 4, 0, 0, 0], [25, 22, 17, 15, 10, 6, 26, 5, 16, 11, 12, 1, 0], [18, 22, 24, 15, 13, 26, 5, 27, 7, 4, 3, 1, 0], [22, 19, 2, 10, 11, 4, 0, 0, 0, 0, 0, 0, 0], [18, 22, 19, 23, 15, 24, 14, 27, 9, 2, 4, 7, 0], [23, 21, 22, 24, 15, 14, 10, 5, 16, 8, 3, 9, 0], [20, 0, 0, 0, 0, 0, 0, 0, 0, 0, 0, 0, 0], [25, 21, 22, 20, 15, 10, 27, 23, 5, 6, 12, 7, 0], [28, 18, 20, 25, 13, 24, 27, 6, 8, 2, 3, 4, 0], [18, 21, 22, 20, 13, 10, 26, 6, 8, 7, 11, 2, 0]]
valid routes=1.0
norm-reward=0.7979630069210931
[ 4 iterations]
real=[[25, 22, 21, 19, 17, 13, 8, 6, 4, 5, 2, 16, 0], [27, 25, 23, 19, 13, 12, 6, 5, 10, 3, 8, 9, 0], [28, 0, 0, 0, 0, 0, 0, 0, 0, 0, 0, 0, 0], [28, 24, 21, 17, 16, 11, 15, 5, 6, 3, 2, 1, 0], [28, 24, 23, 21, 19, 17, 2, 9, 4, 5, 1, 13, 0], [28, 26, 24, 22, 19, 17, 4, 5, 3, 11, 15, 16, 0], [18, 20, 26, 11, 0, 0, 0, 0, 0, 0, 0, 0, 0], [26, 24, 23, 21, 18, 13, 4, 10, 7, 8, 2, 11, 0], [17, 14, 15, 0, 0, 0, 0, 0, 0, 0, 0, 0, 0], [28, 26, 25, 21, 19, 17, 14, 10, 12, 11, 9, 16, 0]]
gen=[[25, 21, 19, 17, 13, 22, 6, 5, 16, 2, 8, 4, 0], [25, 27, 19, 23, 13, 10, 6, 5, 8, 12, 9, 3, 0], [28, 0, 0, 0, 0, 0, 0, 0, 0, 0, 0, 0, 0], [28, 21, 24, 17, 15, 5, 6, 16, 2, 11, 3, 1, 0], [28, 21, 17, 19, 23, 13, 5, 24, 4, 2, 9, 1, 0], [28, 24, 22, 19, 15, 17, 5, 26, 16, 11, 4, 3, 0], [18, 20, 26, 11, 0, 0, 0, 0, 0, 0, 0, 0, 0], [18, 21, 24, 23, 13, 10, 26, 8, 11, 2, 7, 4, 0], [15, 17, 14, 0, 0, 0, 0, 0, 0, 0, 0, 0, 0], [28, 25, 21, 17, 19, 10, 14, 26, 16, 11, 9, 12, 0]]
valid routes=1.0
norm-reward=0.7820685867203201
[ 5 iterations]
real=[[28, 26, 23, 21, 17, 13, 14, 10, 6, 5, 1, 7, 0], [21, 0, 0, 0, 0, 0, 0, 0, 0, 0, 0, 0, 0], [26, 25, 22, 18, 17, 16, 14, 10, 12, 1, 2, 13, 0], [26, 25, 24, 22, 21, 16, 14, 9, 2, 5, 1, 4, 0], [22, 21, 18, 16, 15, 11, 14, 5, 10, 8, 2, 1, 0], [27, 24, 22, 20, 18, 15, 6, 5, 4, 3, 2, 16, 0], [23, 26, 5, 6, 14, 1, 18, 0, 0, 0, 0, 0, 0], [27, 25, 24, 21, 18, 15, 6, 10, 7, 14, 8, 4, 0], [9, 3, 0, 0, 0, 0, 0, 0, 0, 0, 0, 0, 0], [18, 20, 5, 3, 0, 0, 0, 0, 0, 0, 0, 0, 0]]
gen=[[28, 21, 17, 23, 13, 10, 14, 5, 6, 7, 26, 1, 0], [21, 0, 0, 0, 0, 0, 0, 0, 0, 0, 0, 0, 0], [18, 25, 17, 22, 13, 10, 14, 26, 2, 16, 12, 1, 0], [25, 21, 22, 24, 14, 5, 16, 26, 2, 9, 1, 4, 0], [18, 21, 22, 15, 14, 10, 5, 16, 2, 11, 8, 1, 0], [18, 24, 22, 20, 15, 6, 5, 27, 16, 2, 3, 4, 0], [18, 26, 23, 6, 14, 5, 1, 0, 0, 0, 0, 0, 0], [18, 25, 21, 15, 24, 14, 10, 6, 27, 8, 7, 4, 0], [9, 3, 0, 0, 0, 0, 0, 0, 0, 0, 0, 0, 0], [18, 20, 5, 3, 0, 0, 0, 0, 0, 0, 0, 0, 0]]
valid routes=1.0
norm-reward=0.7826808486036664
[ 6 iterations]
real=[[28, 27, 26, 23, 19, 15, 18, 7, 14, 1, 2, 4, 0], [25, 0, 0, 0, 0, 0, 0, 0, 0, 0, 0, 0, 0], [28, 26, 25, 21, 20, 19, 6, 17, 7, 11, 2, 13, 0], [21, 19, 9, 7, 23, 13, 15, 0, 0, 0, 0, 0, 0], [28, 25, 11, 9, 12, 1, 2, 10, 4, 0, 0, 0, 0], [18, 11, 13, 10, 24, 0, 0, 0, 0, 0, 0, 0, 0], [28, 25, 22, 20, 17, 16, 14, 5, 12, 8, 13, 4, 0], [23, 1, 24, 17, 0, 0, 0, 0, 0, 0, 0, 0, 0], [25, 0, 0, 0, 0, 0, 0, 0, 0, 0, 0, 0, 0], [15, 19, 0, 0, 0, 0, 0, 0, 0, 0, 0, 0, 0]]
gen=[[28, 18, 19, 15, 23, 14, 2, 26, 27, 7, 1, 4, 0], [25, 0, 0, 0, 0, 0, 0, 0, 0, 0, 0, 0, 0], [28, 25, 21, 19, 17, 20, 13, 6, 11, 2, 7, 26, 0], [21, 23, 19, 15, 13, 9, 7, 0, 0, 0, 0, 0, 0], [28, 25, 2, 10, 11, 9, 4, 12, 1, 0, 0, 0, 0], [18, 24, 13, 10, 11, 0, 0, 0, 0, 0, 0, 0, 0], [28, 25, 22, 20, 17, 13, 14, 5, 16, 8, 12, 4, 0], [23, 24, 17, 1, 0, 0, 0, 0, 0, 0, 0, 0, 0], [25, 0, 0, 0, 0, 0, 0, 0, 0, 0, 0, 0, 0], [19, 15, 0, 0, 0, 0, 0, 0, 0, 0, 0, 0, 0]]
valid routes=1.0
norm-reward=0.7745345686998568
[ 7 iterations]
real=[[28, 25, 24, 21, 19, 17, 8, 9, 10, 3, 1, 11, 0], [27, 17, 16, 15, 12, 11, 8, 10, 7, 5, 1, 4, 0], [28, 27, 25, 24, 23, 22, 14, 18, 13, 3, 2, 11, 0], [27, 26, 25, 20, 18, 17, 14, 12, 6, 3, 2, 11, 0], [27, 25, 24, 22, 20, 17, 18, 5, 10, 11, 1, 13, 0], [23, 3, 28, 6, 22, 1, 0, 0, 0, 0, 0, 0, 0], [24, 22, 21, 16, 15, 13, 14, 6, 4, 3, 8, 11, 0], [27, 25, 20, 19, 18, 11, 14, 9, 6, 3, 8, 4, 0], [18, 27, 23, 2, 0, 0, 0, 0, 0, 0, 0, 0, 0], [24, 23, 19, 18, 16, 15, 14, 5, 10, 3, 1, 4, 0]]
gen=[[28, 21, 19, 17, 24, 10, 25, 11, 9, 8, 1, 3, 0], [27, 15, 17, 10, 16, 8, 5, 7, 11, 12, 4, 1, 0], [28, 18, 22, 23, 13, 14, 2, 24, 25, 27, 11, 3, 0], [18, 25, 20, 17, 6, 14, 27, 11, 2, 26, 3, 12, 0], [18, 25, 20, 17, 13, 10, 22, 5, 24, 27, 11, 1, 0], [28, 23, 22, 6, 1, 3, 0, 0, 0, 0, 0, 0, 0], [24, 21, 22, 13, 15, 6, 14, 11, 8, 16, 4, 3, 0], [18, 25, 19, 20, 6, 14, 27, 11, 9, 3, 4, 8, 0], [18, 23, 2, 27, 0, 0, 0, 0, 0, 0, 0, 0, 0], [18, 19, 23, 15, 24, 10, 14, 5, 16, 4, 1, 3, 0]]
valid routes=1.0
norm-reward=0.7779566817931626
[ 8 iterations]
real=[[28, 26, 25, 21, 19, 16, 15, 10, 6, 8, 2, 13, 0], [15, 0, 0, 0, 0, 0, 0, 0, 0, 0, 0, 0, 0], [28, 24, 21, 20, 19, 13, 14, 5, 7, 8, 1, 12, 0], [11, 17, 28, 0, 0, 0, 0, 0, 0, 0, 0, 0, 0], [27, 24, 23, 21, 20, 13, 18, 7, 3, 8, 9, 4, 0], [28, 26, 25, 22, 21, 20, 14, 18, 4, 1, 2, 13, 0], [26, 21, 18, 16, 15, 13, 14, 10, 6, 11, 1, 12, 0], [18, 26, 2, 17, 3, 0, 0, 0, 0, 0, 0, 0, 0], [27, 25, 24, 23, 22, 19, 18, 10, 3, 8, 13, 16, 0], [22, 16, 15, 12, 14, 17, 18, 0, 0, 0, 0, 0, 0]]
gen=[[28, 25, 21, 19, 13, 15, 10, 6, 2, 8, 16, 26, 0], [15, 0, 0, 0, 0, 0, 0, 0, 0, 0, 0, 0, 0], [28, 21, 19, 20, 13, 24, 14, 5, 7, 8, 1, 12, 0], [28, 17, 11, 0, 0, 0, 0, 0, 0, 0, 0, 0, 0], [18, 21, 20, 24, 13, 23, 8, 9, 7, 27, 3, 4, 0], [28, 18, 21, 20, 13, 22, 14, 2, 25, 26, 4, 1, 0], [18, 21, 13, 15, 10, 6, 14, 16, 11, 26, 12, 1, 0], [18, 17, 2, 26, 3, 0, 0, 0, 0, 0, 0, 0, 0], [18, 19, 22, 13, 10, 23, 24, 16, 25, 8, 27, 3, 0], [18, 22, 17, 15, 14, 16, 12, 0, 0, 0, 0, 0, 0]]
valid routes=1.0
norm-reward=0.7966560251829817
[ 9 iterations]
real=[[28, 27, 25, 23, 21, 19, 18, 5, 6, 3, 15, 11, 0], [28, 25, 23, 22, 21, 19, 14, 9, 12, 11, 2, 1, 0], [10, 8, 5, 9, 22, 13, 0, 0, 0, 0, 0, 0, 0], [2, 7, 13, 0, 0, 0, 0, 0, 0, 0, 0, 0, 0], [23, 21, 20, 6, 3, 16, 15, 19, 7, 0, 0, 0, 0], [26, 24, 23, 22, 20, 19, 18, 9, 4, 8, 13, 16, 0], [22, 12, 26, 6, 0, 0, 0, 0, 0, 0, 0, 0, 0], [26, 25, 24, 20, 19, 16, 14, 7, 6, 5, 12, 11, 0], [27, 26, 18, 19, 12, 1, 8, 16, 13, 0, 0, 0, 0], [27, 26, 23, 22, 21, 17, 20, 9, 7, 8, 2, 4, 0]]
gen=[[28, 18, 21, 19, 15, 6, 23, 5, 25, 27, 3, 11, 0], [28, 25, 21, 19, 22, 23, 14, 2, 11, 9, 12, 1, 0], [22, 13, 10, 8, 5, 9, 0, 0, 0, 0, 0, 0, 0], [2, 7, 13, 0, 0, 0, 0, 0, 0, 0, 0, 0, 0], [21, 19, 20, 15, 23, 6, 16, 7, 3, 0, 0, 0, 0], [18, 19, 20, 23, 13, 22, 16, 24, 8, 26, 4, 9, 0], [26, 22, 6, 12, 0, 0, 0, 0, 0, 0, 0, 0, 0], [25, 19, 20, 24, 6, 14, 5, 16, 26, 7, 11, 12, 0], [18, 19, 13, 16, 8, 27, 26, 1, 12, 0, 0, 0, 0], [2, 21, 22, 17, 20, 23, 8, 27, 4, 26, 7, 9, 0]]
valid routes=1.0
norm-reward=0.7822611536523304
[ 10 iterations]
real=[[27, 26, 25, 23, 17, 15, 14, 7, 6, 3, 8, 4, 0], [28, 27, 26, 25, 22, 16, 20, 15, 12, 5, 2, 11, 0], [24, 23, 19, 18, 10, 9, 8, 5, 2, 3, 1, 4, 0], [25, 24, 9, 10, 27, 5, 4, 0, 0, 0, 0, 0, 0], [25, 23, 20, 17, 14, 13, 6, 5, 7, 8, 9, 11, 0], [28, 17, 14, 13, 12, 11, 4, 10, 7, 8, 9, 1, 0], [2, 25, 26, 21, 0, 0, 0, 0, 0, 0, 0, 0, 0], [28, 26, 25, 23, 18, 16, 14, 8, 13, 3, 2, 11, 0], [28, 24, 23, 17, 12, 4, 15, 16, 10, 3, 0, 0, 0], [23, 20, 18, 17, 11, 13, 15, 10, 7, 6, 0, 0, 0]]
gen=[[25, 4, 17, 23, 15, 6, 14, 27, 8, 3, 26, 7, 0], [28, 2, 22, 20, 15, 16, 27, 5, 25, 26, 12, 11, 0], [18, 2, 19, 4, 10, 23, 24, 5, 8, 9, 3, 1, 0], [25, 4, 24, 10, 5, 27, 9, 0, 0, 0, 0, 0, 0], [25, 23, 20, 17, 13, 6, 14, 5, 8, 7, 11, 9, 0], [28, 4, 17, 13, 10, 14, 8, 9, 7, 11, 12, 1, 0], [2, 25, 21, 26, 0, 0, 0, 0, 0, 0, 0, 0, 0], [28, 18, 2, 13, 23, 14, 16, 8, 25, 26, 11, 3, 0], [28, 4, 23, 17, 15, 10, 16, 24, 3, 12, 0, 0, 0], [18, 23, 20, 17, 15, 13, 10, 6, 7, 11, 0, 0, 0]]
valid routes=1.0
norm-reward=0.7962397885859455
[ 11 iterations]
real=[[27, 26, 23, 17, 15, 13, 14, 7, 6, 3, 5, 11, 0], [28, 7, 4, 21, 12, 13, 8, 0, 0, 0, 0, 0, 0], [28, 23, 22, 19, 15, 11, 6, 9, 10, 3, 2, 1, 0], [28, 27, 26, 24, 22, 21, 18, 10, 17, 3, 15, 16, 0], [28, 24, 22, 20, 19, 11, 14, 5, 10, 3, 8, 4, 0], [25, 23, 15, 13, 12, 4, 6, 9, 7, 3, 2, 0, 0], [28, 27, 24, 23, 19, 13, 6, 10, 7, 3, 2, 1, 0], [28, 26, 25, 18, 17, 15, 14, 10, 2, 5, 1, 13, 0], [26, 25, 22, 21, 20, 19, 18, 9, 6, 1, 2, 16, 0], [18, 25, 4, 21, 17, 0, 0, 0, 0, 0, 0, 0, 0]]
gen=[[23, 17, 15, 13, 6, 14, 5, 11, 7, 27, 26, 3, 0], [28, 4, 21, 13, 8, 7, 12, 0, 0, 0, 0, 0, 0], [2, 19, 23, 22, 15, 10, 6, 9, 28, 11, 3, 1, 0], [28, 18, 21, 17, 15, 10, 22, 24, 16, 26, 27, 3, 0], [28, 4, 19, 20, 24, 10, 14, 22, 5, 8, 11, 3, 0], [2, 4, 15, 13, 23, 6, 7, 25, 12, 3, 9, 0, 0], [2, 19, 13, 23, 10, 6, 24, 27, 28, 7, 1, 3, 0], [2, 18, 13, 17, 15, 10, 5, 14, 28, 26, 1, 25, 0], [2, 18, 21, 19, 20, 22, 6, 16, 25, 26, 9, 1, 0], [18, 4, 17, 21, 25, 0, 0, 0, 0, 0, 0, 0, 0]]
valid routes=1.0
norm-reward=0.8062947650979736
[ 12 iterations]
real=[[25, 23, 20, 19, 17, 16, 15, 10, 7, 2, 9, 12, 0], [25, 24, 22, 20, 19, 16, 15, 5, 4, 3, 2, 11, 0], [8, 16, 13, 6, 24, 7, 0, 0, 0, 0, 0, 0, 0], [27, 25, 24, 22, 21, 17, 18, 9, 13, 5, 15, 1, 0], [7, 20, 26, 9, 17, 0, 0, 0, 0, 0, 0, 0, 0], [25, 11, 15, 0, 0, 0, 0, 0, 0, 0, 0, 0, 0], [27, 26, 21, 19, 14, 13, 8, 15, 12, 11, 2, 0, 0], [21, 16, 15, 14, 13, 12, 6, 9, 7, 8, 1, 4, 0], [27, 23, 4, 11, 3, 7, 22, 16, 0, 0, 0, 0, 0], [27, 0, 0, 0, 0, 0, 0, 0, 0, 0, 0, 0, 0]]
gen=[[2, 19, 17, 20, 15, 10, 23, 16, 25, 7, 12, 9, 0], [2, 4, 19, 20, 15, 24, 16, 22, 5, 11, 25, 3, 0], [24, 7, 13, 6, 8, 16, 0, 0, 0, 0, 0, 0, 0], [18, 24, 21, 17, 13, 15, 22, 5, 27, 9, 25, 1, 0], [26, 17, 20, 7, 9, 0, 0, 0, 0, 0, 0, 0, 0], [25, 15, 11, 0, 0, 0, 0, 0, 0, 0, 0, 0, 0], [2, 21, 19, 13, 15, 14, 8, 27, 11, 26, 12, 0, 0], [4, 21, 13, 15, 16, 6, 8, 14, 7, 12, 1, 9, 0], [4, 22, 23, 16, 11, 7, 27, 3, 0, 0, 0, 0, 0], [27, 0, 0, 0, 0, 0, 0, 0, 0, 0, 0, 0, 0]]
valid routes=1.0
norm-reward=0.8114180877866423
[ 13 iterations]
real=[[26, 24, 20, 9, 8, 5, 4, 10, 7, 1, 0, 0, 0], [26, 25, 22, 17, 16, 15, 6, 10, 12, 5, 1, 11, 0], [27, 26, 24, 22, 18, 13, 15, 5, 7, 3, 1, 4, 0], [2, 19, 4, 10, 22, 11, 0, 0, 0, 0, 0, 0, 0], [27, 24, 23, 22, 19, 15, 18, 9, 7, 14, 2, 4, 0], [24, 23, 22, 21, 16, 15, 8, 5, 10, 3, 9, 14, 0], [20, 0, 0, 0, 0, 0, 0, 0, 0, 0, 0, 0, 0], [27, 25, 23, 22, 21, 20, 6, 10, 7, 5, 15, 12, 0], [28, 27, 25, 24, 20, 13, 18, 6, 3, 8, 2, 4, 0], [26, 22, 21, 20, 18, 13, 6, 10, 7, 8, 2, 11, 0]]
gen=[[4, 24, 20, 10, 8, 5, 9, 26, 7, 1, 0, 0, 0], [25, 22, 17, 15, 10, 6, 5, 16, 11, 26, 12, 1, 0], [18, 4, 22, 15, 13, 5, 24, 27, 7, 26, 1, 3, 0], [2, 4, 19, 22, 10, 11, 0, 0, 0, 0, 0, 0, 0], [2, 18, 4, 19, 15, 23, 14, 24, 22, 27, 9, 7, 0], [21, 23, 22, 15, 24, 10, 8, 14, 5, 16, 3, 9, 0], [20, 0, 0, 0, 0, 0, 0, 0, 0, 0, 0, 0, 0], [25, 21, 20, 15, 10, 23, 6, 22, 5, 27, 12, 7, 0], [2, 18, 4, 20, 13, 6, 8, 24, 28, 27, 3, 25, 0], [2, 18, 21, 20, 13, 10, 22, 6, 8, 11, 26, 7, 0]]
valid routes=1.0
norm-reward=0.8026610510435203
[ 14 iterations]
real=[[25, 22, 21, 19, 17, 13, 8, 6, 4, 5, 2, 16, 0], [27, 25, 23, 19, 13, 12, 6, 5, 10, 3, 8, 9, 0], [28, 0, 0, 0, 0, 0, 0, 0, 0, 0, 0, 0, 0], [28, 24, 21, 17, 16, 11, 15, 5, 6, 3, 2, 1, 0], [28, 24, 23, 21, 19, 17, 2, 9, 4, 5, 1, 13, 0], [28, 26, 24, 22, 19, 17, 4, 5, 3, 11, 15, 16, 0], [18, 20, 26, 11, 0, 0, 0, 0, 0, 0, 0, 0, 0], [26, 24, 23, 21, 18, 13, 4, 10, 7, 8, 2, 11, 0], [17, 14, 15, 0, 0, 0, 0, 0, 0, 0, 0, 0, 0], [28, 26, 25, 21, 19, 17, 14, 10, 12, 11, 9, 16, 0]]
gen=[[2, 4, 19, 21, 17, 13, 22, 6, 5, 8, 16, 25, 0], [25, 19, 23, 13, 10, 6, 8, 5, 9, 12, 27, 3, 0], [28, 0, 0, 0, 0, 0, 0, 0, 0, 0, 0, 0, 0], [2, 21, 17, 24, 15, 6, 5, 16, 11, 28, 3, 1, 0], [2, 4, 17, 21, 19, 13, 24, 23, 5, 28, 9, 1, 0], [4, 22, 19, 17, 15, 24, 5, 16, 11, 28, 3, 26, 0], [18, 20, 26, 11, 0, 0, 0, 0, 0, 0, 0, 0, 0], [2, 18, 4, 21, 13, 10, 23, 8, 24, 7, 26, 11, 0], [17, 15, 14, 0, 0, 0, 0, 0, 0, 0, 0, 0, 0], [28, 21, 19, 17, 10, 14, 16, 11, 25, 26, 12, 9, 0]]
valid routes=1.0
norm-reward=0.7939891186711081
[ 15 iterations]
real=[[28, 26, 23, 21, 17, 13, 14, 10, 6, 5, 1, 7, 0], [21, 0, 0, 0, 0, 0, 0, 0, 0, 0, 0, 0, 0], [26, 25, 22, 18, 17, 16, 14, 10, 12, 1, 2, 13, 0], [26, 25, 24, 22, 21, 16, 14, 9, 2, 5, 1, 4, 0], [22, 21, 18, 16, 15, 11, 14, 5, 10, 8, 2, 1, 0], [27, 24, 22, 20, 18, 15, 6, 5, 4, 3, 2, 16, 0], [23, 26, 5, 6, 14, 1, 18, 0, 0, 0, 0, 0, 0], [27, 25, 24, 21, 18, 15, 6, 10, 7, 14, 8, 4, 0], [9, 3, 0, 0, 0, 0, 0, 0, 0, 0, 0, 0, 0], [18, 20, 5, 3, 0, 0, 0, 0, 0, 0, 0, 0, 0]]
gen=[[28, 21, 17, 13, 23, 10, 6, 5, 14, 7, 26, 1, 0], [21, 0, 0, 0, 0, 0, 0, 0, 0, 0, 0, 0, 0], [2, 18, 13, 17, 10, 14, 22, 16, 26, 12, 1, 25, 0], [2, 4, 21, 22, 24, 14, 16, 5, 9, 25, 26, 1, 0], [2, 18, 21, 22, 15, 10, 14, 5, 8, 16, 11, 1, 0], [2, 18, 4, 20, 15, 24, 6, 22, 5, 16, 3, 27, 0], [18, 23, 6, 14, 5, 26, 1, 0, 0, 0, 0, 0, 0], [4, 18, 21, 15, 10, 6, 24, 14, 25, 8, 7, 27, 0], [9, 3, 0, 0, 0, 0, 0, 0, 0, 0, 0, 0, 0], [18, 20, 5, 3, 0, 0, 0, 0, 0, 0, 0, 0, 0]]
valid routes=1.0
norm-reward=0.7947559026306318
[ 16 iterations]
real=[[28, 27, 26, 23, 19, 15, 18, 7, 14, 1, 2, 4, 0], [25, 0, 0, 0, 0, 0, 0, 0, 0, 0, 0, 0, 0], [28, 26, 25, 21, 20, 19, 6, 17, 7, 11, 2, 13, 0], [21, 19, 9, 7, 23, 13, 15, 0, 0, 0, 0, 0, 0], [28, 25, 11, 9, 12, 1, 2, 10, 4, 0, 0, 0, 0], [18, 11, 13, 10, 24, 0, 0, 0, 0, 0, 0, 0, 0], [28, 25, 22, 20, 17, 16, 14, 5, 12, 8, 13, 4, 0], [23, 1, 24, 17, 0, 0, 0, 0, 0, 0, 0, 0, 0], [25, 0, 0, 0, 0, 0, 0, 0, 0, 0, 0, 0, 0], [15, 19, 0, 0, 0, 0, 0, 0, 0, 0, 0, 0, 0]]
gen=[[4, 18, 2, 19, 15, 28, 14, 23, 1, 26, 7, 27, 0], [25, 0, 0, 0, 0, 0, 0, 0, 0, 0, 0, 0, 0], [2, 20, 21, 17, 19, 13, 28, 6, 11, 26, 25, 7, 0], [21, 19, 23, 13, 15, 9, 7, 0, 0, 0, 0, 0, 0], [4, 2, 28, 10, 25, 11, 9, 1, 12, 0, 0, 0, 0], [18, 24, 13, 10, 11, 0, 0, 0, 0, 0, 0, 0, 0], [4, 22, 13, 17, 20, 28, 14, 5, 8, 16, 12, 25, 0], [23, 17, 24, 1, 0, 0, 0, 0, 0, 0, 0, 0, 0], [25, 0, 0, 0, 0, 0, 0, 0, 0, 0, 0, 0, 0], [19, 15, 0, 0, 0, 0, 0, 0, 0, 0, 0, 0, 0]]
valid routes=1.0
norm-reward=0.7912974062457944
[ 17 iterations]
real=[[28, 25, 24, 21, 19, 17, 8, 9, 10, 3, 1, 11, 0], [27, 17, 16, 15, 12, 11, 8, 10, 7, 5, 1, 4, 0], [28, 27, 25, 24, 23, 22, 14, 18, 13, 3, 2, 11, 0], [27, 26, 25, 20, 18, 17, 14, 12, 6, 3, 2, 11, 0], [27, 25, 24, 22, 20, 17, 18, 5, 10, 11, 1, 13, 0], [23, 3, 28, 6, 22, 1, 0, 0, 0, 0, 0, 0, 0], [24, 22, 21, 16, 15, 13, 14, 6, 4, 3, 8, 11, 0], [27, 25, 20, 19, 18, 11, 14, 9, 6, 3, 8, 4, 0], [18, 27, 23, 2, 0, 0, 0, 0, 0, 0, 0, 0, 0], [24, 23, 19, 18, 16, 15, 14, 5, 10, 3, 1, 4, 0]]
gen=[[28, 17, 21, 19, 10, 8, 24, 9, 11, 3, 25, 1, 0], [4, 17, 15, 10, 8, 5, 16, 11, 1, 12, 27, 7, 0], [2, 18, 22, 13, 24, 28, 14, 23, 25, 11, 3, 27, 0], [2, 18, 20, 17, 14, 6, 11, 12, 3, 26, 25, 27, 0], [18, 17, 22, 20, 13, 10, 5, 24, 11, 25, 1, 27, 0], [28, 22, 23, 6, 1, 3, 0, 0, 0, 0, 0, 0, 0], [4, 24, 21, 15, 13, 6, 14, 8, 16, 22, 3, 11, 0], [4, 18, 19, 20, 6, 14, 8, 9, 27, 25, 11, 3, 0], [2, 18, 23, 27, 0, 0, 0, 0, 0, 0, 0, 0, 0], [4, 18, 19, 23, 15, 10, 14, 5, 16, 3, 24, 1, 0]]
valid routes=1.0
norm-reward=0.7792438020428499
[ 18 iterations]
real=[[28, 26, 25, 21, 19, 16, 15, 10, 6, 8, 2, 13, 0], [15, 0, 0, 0, 0, 0, 0, 0, 0, 0, 0, 0, 0], [28, 24, 21, 20, 19, 13, 14, 5, 7, 8, 1, 12, 0], [11, 17, 28, 0, 0, 0, 0, 0, 0, 0, 0, 0, 0], [27, 24, 23, 21, 20, 13, 18, 7, 3, 8, 9, 4, 0], [28, 26, 25, 22, 21, 20, 14, 18, 4, 1, 2, 13, 0], [26, 21, 18, 16, 15, 13, 14, 10, 6, 11, 1, 12, 0], [18, 26, 2, 17, 3, 0, 0, 0, 0, 0, 0, 0, 0], [27, 25, 24, 23, 22, 19, 18, 10, 3, 8, 13, 16, 0], [22, 16, 15, 12, 14, 17, 18, 0, 0, 0, 0, 0, 0]]
gen=[[2, 19, 21, 13, 15, 28, 10, 6, 8, 16, 26, 25, 0], [15, 0, 0, 0, 0, 0, 0, 0, 0, 0, 0, 0, 0], [28, 19, 21, 20, 13, 14, 5, 24, 8, 12, 7, 1, 0], [28, 17, 11, 0, 0, 0, 0, 0, 0, 0, 0, 0, 0], [4, 18, 21, 13, 20, 23, 8, 24, 3, 27, 9, 7, 0], [4, 18, 2, 21, 20, 13, 14, 22, 28, 26, 1, 25, 0], [18, 13, 21, 15, 6, 10, 14, 11, 16, 1, 26, 12, 0], [2, 18, 17, 3, 26, 0, 0, 0, 0, 0, 0, 0, 0], [18, 19, 13, 22, 23, 10, 8, 16, 24, 25, 27, 3, 0], [18, 22, 17, 15, 14, 16, 12, 0, 0, 0, 0, 0, 0]]
valid routes=1.0
norm-reward=0.7900932417042511
[ 19 iterations]
real=[[28, 27, 25, 23, 21, 19, 18, 5, 6, 3, 15, 11, 0], [28, 25, 23, 22, 21, 19, 14, 9, 12, 11, 2, 1, 0], [10, 8, 5, 9, 22, 13, 0, 0, 0, 0, 0, 0, 0], [2, 7, 13, 0, 0, 0, 0, 0, 0, 0, 0, 0, 0], [23, 21, 20, 6, 3, 16, 15, 19, 7, 0, 0, 0, 0], [26, 24, 23, 22, 20, 19, 18, 9, 4, 8, 13, 16, 0], [22, 12, 26, 6, 0, 0, 0, 0, 0, 0, 0, 0, 0], [26, 25, 24, 20, 19, 16, 14, 7, 6, 5, 12, 11, 0], [27, 26, 18, 19, 12, 1, 8, 16, 13, 0, 0, 0, 0], [27, 26, 23, 22, 21, 17, 20, 9, 7, 8, 2, 4, 0]]
gen=[[18, 19, 21, 15, 23, 28, 5, 6, 11, 3, 25, 27, 0], [2, 21, 19, 23, 22, 28, 14, 25, 11, 9, 12, 1, 0], [22, 13, 10, 8, 5, 9, 0, 0, 0, 0, 0, 0, 0], [2, 13, 7, 0, 0, 0, 0, 0, 0, 0, 0, 0, 0], [21, 19, 23, 20, 15, 6, 16, 3, 7, 0, 0, 0, 0], [4, 18, 20, 19, 13, 22, 8, 23, 24, 16, 26, 9, 0], [22, 26, 6, 12, 0, 0, 0, 0, 0, 0, 0, 0, 0], [25, 19, 20, 24, 6, 14, 16, 5, 11, 26, 7, 12, 0], [18, 19, 13, 8, 16, 27, 12, 26, 1, 0, 0, 0, 0], [4, 22, 2, 21, 17, 20, 8, 23, 9, 26, 27, 7, 0]]
valid routes=1.0
norm-reward=0.7886156623557999
[ 20 iterations]
real=[[27, 26, 25, 23, 17, 15, 14, 7, 6, 3, 8, 4, 0], [28, 27, 26, 25, 22, 16, 20, 15, 12, 5, 2, 11, 0], [24, 23, 19, 18, 10, 9, 8, 5, 2, 3, 1, 4, 0], [25, 24, 9, 10, 27, 5, 4, 0, 0, 0, 0, 0, 0], [25, 23, 20, 17, 14, 13, 6, 5, 7, 8, 9, 11, 0], [28, 17, 14, 13, 12, 11, 4, 10, 7, 8, 9, 1, 0], [2, 25, 26, 21, 0, 0, 0, 0, 0, 0, 0, 0, 0], [28, 26, 25, 23, 18, 16, 14, 8, 13, 3, 2, 11, 0], [28, 24, 23, 17, 12, 4, 15, 16, 10, 3, 0, 0, 0], [23, 20, 18, 17, 11, 13, 15, 10, 7, 6, 0, 0, 0]]
gen=[[4, 6, 17, 15, 23, 14, 8, 3, 26, 7, 25, 27, 0], [2, 25, 20, 22, 15, 28, 16, 5, 11, 26, 12, 27, 0], [4, 18, 2, 19, 10, 24, 8, 5, 23, 1, 3, 9, 0], [4, 24, 10, 25, 5, 9, 27, 0, 0, 0, 0, 0, 0], [25, 20, 17, 13, 6, 14, 5, 23, 8, 11, 7, 9, 0], [4, 28, 17, 13, 10, 9, 14, 8, 12, 11, 7, 1, 0], [2, 21, 25, 26, 0, 0, 0, 0, 0, 0, 0, 0, 0], [2, 18, 13, 23, 28, 14, 8, 16, 11, 26, 25, 3, 0], [4, 17, 15, 23, 28, 10, 16, 24, 12, 3, 0, 0, 0], [18, 20, 17, 15, 13, 10, 6, 23, 11, 7, 0, 0, 0]]
valid routes=1.0
norm-reward=0.7896516078512036
[ 21 iterations]
real=[[27, 26, 23, 17, 15, 13, 14, 7, 6, 3, 5, 11, 0], [28, 7, 4, 21, 12, 13, 8, 0, 0, 0, 0, 0, 0], [28, 23, 22, 19, 15, 11, 6, 9, 10, 3, 2, 1, 0], [28, 27, 26, 24, 22, 21, 18, 10, 17, 3, 15, 16, 0], [28, 24, 22, 20, 19, 11, 14, 5, 10, 3, 8, 4, 0], [25, 23, 15, 13, 12, 4, 6, 9, 7, 3, 2, 0, 0], [28, 27, 24, 23, 19, 13, 6, 10, 7, 3, 2, 1, 0], [28, 26, 25, 18, 17, 15, 14, 10, 2, 5, 1, 13, 0], [26, 25, 22, 21, 20, 19, 18, 9, 6, 1, 2, 16, 0], [18, 25, 4, 21, 17, 0, 0, 0, 0, 0, 0, 0, 0]]
gen=[[26, 15, 13, 17, 23, 14, 5, 6, 11, 27, 3, 7, 0], [4, 21, 13, 28, 8, 7, 12, 0, 0, 0, 0, 0, 0], [2, 28, 19, 15, 22, 6, 10, 23, 9, 11, 3, 1, 0], [18, 22, 21, 17, 15, 28, 10, 24, 16, 27, 26, 3, 0], [4, 19, 20, 28, 8, 10, 14, 5, 22, 11, 24, 3, 0], [4, 6, 2, 13, 15, 23, 9, 25, 12, 3, 7, 0, 0], [2, 28, 19, 23, 13, 10, 6, 24, 27, 7, 1, 3, 0], [2, 18, 17, 15, 13, 28, 5, 10, 14, 26, 1, 25, 0], [2, 18, 19, 21, 20, 6, 22, 16, 9, 26, 25, 1, 0], [4, 18, 21, 17, 25, 0, 0, 0, 0, 0, 0, 0, 0]]
valid routes=1.0
norm-reward=0.7840545447357972
[ 22 iterations]
real=[[25, 23, 20, 19, 17, 16, 15, 10, 7, 2, 9, 12, 0], [25, 24, 22, 20, 19, 16, 15, 5, 4, 3, 2, 11, 0], [8, 16, 13, 6, 24, 7, 0, 0, 0, 0, 0, 0, 0], [27, 25, 24, 22, 21, 17, 18, 9, 13, 5, 15, 1, 0], [7, 20, 26, 9, 17, 0, 0, 0, 0, 0, 0, 0, 0], [25, 11, 15, 0, 0, 0, 0, 0, 0, 0, 0, 0, 0], [27, 26, 21, 19, 14, 13, 8, 15, 12, 11, 2, 0, 0], [21, 16, 15, 14, 13, 12, 6, 9, 7, 8, 1, 4, 0], [27, 23, 4, 11, 3, 7, 22, 16, 0, 0, 0, 0, 0], [27, 0, 0, 0, 0, 0, 0, 0, 0, 0, 0, 0, 0]]
gen=[[2, 19, 20, 17, 15, 10, 16, 23, 12, 7, 25, 9, 0], [4, 19, 2, 20, 15, 22, 5, 24, 16, 11, 3, 25, 0], [24, 6, 13, 8, 16, 7, 0, 0, 0, 0, 0, 0, 0], [18, 21, 17, 13, 15, 24, 5, 22, 27, 25, 9, 1, 0], [17, 20, 7, 9, 26, 0, 0, 0, 0, 0, 0, 0, 0], [25, 15, 11, 0, 0, 0, 0, 0, 0, 0, 0, 0, 0], [2, 19, 21, 13, 15, 14, 8, 11, 26, 12, 27, 0, 0], [4, 6, 21, 15, 13, 8, 14, 16, 1, 12, 7, 9, 0], [4, 22, 23, 16, 11, 7, 3, 27, 0, 0, 0, 0, 0], [27, 0, 0, 0, 0, 0, 0, 0, 0, 0, 0, 0, 0]]
valid routes=1.0
norm-reward=0.7823184808986081
[ 23 iterations]
real=[[26, 24, 20, 9, 8, 5, 4, 10, 7, 1, 0, 0, 0], [26, 25, 22, 17, 16, 15, 6, 10, 12, 5, 1, 11, 0], [27, 26, 24, 22, 18, 13, 15, 5, 7, 3, 1, 4, 0], [2, 19, 4, 10, 22, 11, 0, 0, 0, 0, 0, 0, 0], [27, 24, 23, 22, 19, 15, 18, 9, 7, 14, 2, 4, 0], [24, 23, 22, 21, 16, 15, 8, 5, 10, 3, 9, 14, 0], [20, 0, 0, 0, 0, 0, 0, 0, 0, 0, 0, 0, 0], [27, 25, 23, 22, 21, 20, 6, 10, 7, 5, 15, 12, 0], [28, 27, 25, 24, 20, 13, 18, 6, 3, 8, 2, 4, 0], [26, 22, 21, 20, 18, 13, 6, 10, 7, 8, 2, 11, 0]]
gen=[[4, 24, 20, 10, 8, 5, 9, 7, 26, 1, 0, 0, 0], [25, 22, 17, 15, 6, 10, 5, 16, 26, 11, 12, 1, 0], [4, 18, 15, 13, 24, 22, 5, 3, 7, 26, 27, 1, 0], [4, 19, 2, 22, 10, 11, 0, 0, 0, 0, 0, 0, 0], [4, 18, 2, 19, 15, 22, 14, 23, 24, 27, 9, 7, 0], [21, 22, 24, 23, 15, 10, 5, 14, 8, 16, 3, 9, 0], [20, 0, 0, 0, 0, 0, 0, 0, 0, 0, 0, 0, 0], [25, 20, 21, 15, 22, 10, 5, 6, 23, 12, 27, 7, 0], [4, 18, 2, 20, 13, 8, 6, 24, 25, 3, 28, 27, 0], [2, 18, 21, 13, 20, 10, 6, 8, 22, 11, 26, 7, 0]]
valid routes=1.0
norm-reward=0.7928120404732545
[ 24 iterations]
real=[[25, 22, 21, 19, 17, 13, 8, 6, 4, 5, 2, 16, 0], [27, 25, 23, 19, 13, 12, 6, 5, 10, 3, 8, 9, 0], [28, 0, 0, 0, 0, 0, 0, 0, 0, 0, 0, 0, 0], [28, 24, 21, 17, 16, 11, 15, 5, 6, 3, 2, 1, 0], [28, 24, 23, 21, 19, 17, 2, 9, 4, 5, 1, 13, 0], [28, 26, 24, 22, 19, 17, 4, 5, 3, 11, 15, 16, 0], [18, 20, 26, 11, 0, 0, 0, 0, 0, 0, 0, 0, 0], [26, 24, 23, 21, 18, 13, 4, 10, 7, 8, 2, 11, 0], [17, 14, 15, 0, 0, 0, 0, 0, 0, 0, 0, 0, 0], [28, 26, 25, 21, 19, 17, 14, 10, 12, 11, 9, 16, 0]]
gen=[[4, 19, 21, 17, 13, 8, 5, 22, 6, 16, 25, 2, 0], [25, 19, 13, 23, 10, 5, 8, 6, 3, 27, 12, 9, 0], [28, 0, 0, 0, 0, 0, 0, 0, 0, 0, 0, 0, 0], [2, 21, 17, 15, 28, 5, 6, 16, 24, 11, 3, 1, 0], [4, 21, 17, 19, 13, 23, 5, 28, 24, 2, 1, 9, 0], [4, 22, 19, 17, 15, 5, 28, 16, 26, 24, 3, 11, 0], [18, 20, 11, 26, 0, 0, 0, 0, 0, 0, 0, 0, 0], [4, 18, 2, 21, 13, 10, 11, 23, 8, 26, 7, 24, 0], [17, 15, 14, 0, 0, 0, 0, 0, 0, 0, 0, 0, 0], [28, 17, 21, 19, 10, 16, 14, 11, 26, 25, 9, 12, 0]]
valid routes=1.0
norm-reward=0.7839484582124538
[ 25 iterations]
real=[[28, 26, 23, 21, 17, 13, 14, 10, 6, 5, 1, 7, 0], [21, 0, 0, 0, 0, 0, 0, 0, 0, 0, 0, 0, 0], [26, 25, 22, 18, 17, 16, 14, 10, 12, 1, 2, 13, 0], [26, 25, 24, 22, 21, 16, 14, 9, 2, 5, 1, 4, 0], [22, 21, 18, 16, 15, 11, 14, 5, 10, 8, 2, 1, 0], [27, 24, 22, 20, 18, 15, 6, 5, 4, 3, 2, 16, 0], [23, 26, 5, 6, 14, 1, 18, 0, 0, 0, 0, 0, 0], [27, 25, 24, 21, 18, 15, 6, 10, 7, 14, 8, 4, 0], [9, 3, 0, 0, 0, 0, 0, 0, 0, 0, 0, 0, 0], [18, 20, 5, 3, 0, 0, 0, 0, 0, 0, 0, 0, 0]]
gen=[[28, 21, 17, 13, 23, 10, 5, 6, 14, 7, 26, 1, 0], [21, 0, 0, 0, 0, 0, 0, 0, 0, 0, 0, 0, 0], [2, 18, 17, 13, 22, 10, 16, 14, 26, 25, 12, 1, 0], [4, 24, 21, 2, 22, 14, 5, 16, 26, 25, 9, 1, 0], [2, 18, 21, 22, 15, 10, 5, 14, 8, 16, 11, 1, 0], [4, 18, 2, 20, 15, 6, 5, 22, 16, 3, 24, 27, 0], [18, 6, 23, 14, 5, 1, 26, 0, 0, 0, 0, 0, 0], [4, 18, 21, 24, 15, 6, 10, 8, 14, 27, 25, 7, 0], [3, 9, 0, 0, 0, 0, 0, 0, 0, 0, 0, 0, 0], [18, 20, 5, 3, 0, 0, 0, 0, 0, 0, 0, 0, 0]]
valid routes=1.0
norm-reward=0.783485611691659
[ 26 iterations]
real=[[28, 27, 26, 23, 19, 15, 18, 7, 14, 1, 2, 4, 0], [25, 0, 0, 0, 0, 0, 0, 0, 0, 0, 0, 0, 0], [28, 26, 25, 21, 20, 19, 6, 17, 7, 11, 2, 13, 0], [21, 19, 9, 7, 23, 13, 15, 0, 0, 0, 0, 0, 0], [28, 25, 11, 9, 12, 1, 2, 10, 4, 0, 0, 0, 0], [18, 11, 13, 10, 24, 0, 0, 0, 0, 0, 0, 0, 0], [28, 25, 22, 20, 17, 16, 14, 5, 12, 8, 13, 4, 0], [23, 1, 24, 17, 0, 0, 0, 0, 0, 0, 0, 0, 0], [25, 0, 0, 0, 0, 0, 0, 0, 0, 0, 0, 0, 0], [15, 19, 0, 0, 0, 0, 0, 0, 0, 0, 0, 0, 0]]
gen=[[4, 18, 2, 19, 15, 14, 23, 26, 28, 27, 1, 7, 0], [25, 0, 0, 0, 0, 0, 0, 0, 0, 0, 0, 0, 0], [2, 28, 21, 13, 19, 17, 20, 6, 11, 25, 26, 7, 0], [21, 19, 13, 15, 23, 9, 7, 0, 0, 0, 0, 0, 0], [4, 28, 2, 25, 10, 9, 11, 12, 1, 0, 0, 0, 0], [18, 24, 13, 10, 11, 0, 0, 0, 0, 0, 0, 0, 0], [4, 28, 17, 20, 13, 22, 14, 8, 5, 16, 25, 12, 0], [24, 17, 23, 1, 0, 0, 0, 0, 0, 0, 0, 0, 0], [25, 0, 0, 0, 0, 0, 0, 0, 0, 0, 0, 0, 0], [19, 15, 0, 0, 0, 0, 0, 0, 0, 0, 0, 0, 0]]
valid routes=1.0
norm-reward=0.787165033884805
[ 27 iterations]
real=[[28, 25, 24, 21, 19, 17, 8, 9, 10, 3, 1, 11, 0], [27, 17, 16, 15, 12, 11, 8, 10, 7, 5, 1, 4, 0], [28, 27, 25, 24, 23, 22, 14, 18, 13, 3, 2, 11, 0], [27, 26, 25, 20, 18, 17, 14, 12, 6, 3, 2, 11, 0], [27, 25, 24, 22, 20, 17, 18, 5, 10, 11, 1, 13, 0], [23, 3, 28, 6, 22, 1, 0, 0, 0, 0, 0, 0, 0], [24, 22, 21, 16, 15, 13, 14, 6, 4, 3, 8, 11, 0], [27, 25, 20, 19, 18, 11, 14, 9, 6, 3, 8, 4, 0], [18, 27, 23, 2, 0, 0, 0, 0, 0, 0, 0, 0, 0], [24, 23, 19, 18, 16, 15, 14, 5, 10, 3, 1, 4, 0]]
gen=[[28, 21, 17, 19, 24, 10, 8, 11, 1, 3, 9, 25, 0], [4, 17, 15, 10, 8, 5, 16, 11, 1, 12, 7, 27, 0], [2, 18, 22, 13, 28, 24, 14, 23, 11, 25, 3, 27, 0], [2, 18, 17, 20, 6, 25, 14, 11, 27, 3, 26, 12, 0], [18, 22, 20, 17, 13, 10, 5, 24, 11, 27, 25, 1, 0], [28, 22, 23, 6, 3, 1, 0, 0, 0, 0, 0, 0, 0], [4, 24, 21, 13, 15, 6, 14, 16, 8, 22, 3, 11, 0], [4, 18, 20, 19, 8, 6, 14, 3, 11, 27, 9, 25, 0], [2, 18, 23, 27, 0, 0, 0, 0, 0, 0, 0, 0, 0], [4, 18, 19, 15, 24, 10, 5, 14, 23, 16, 3, 1, 0]]
valid routes=1.0
norm-reward=0.7921322950112736
[ 28 iterations]
real=[[28, 26, 25, 21, 19, 16, 15, 10, 6, 8, 2, 13, 0], [15, 0, 0, 0, 0, 0, 0, 0, 0, 0, 0, 0, 0], [28, 24, 21, 20, 19, 13, 14, 5, 7, 8, 1, 12, 0], [11, 17, 28, 0, 0, 0, 0, 0, 0, 0, 0, 0, 0], [27, 24, 23, 21, 20, 13, 18, 7, 3, 8, 9, 4, 0], [28, 26, 25, 22, 21, 20, 14, 18, 4, 1, 2, 13, 0], [26, 21, 18, 16, 15, 13, 14, 10, 6, 11, 1, 12, 0], [18, 26, 2, 17, 3, 0, 0, 0, 0, 0, 0, 0, 0], [27, 25, 24, 23, 22, 19, 18, 10, 3, 8, 13, 16, 0], [22, 16, 15, 12, 14, 17, 18, 0, 0, 0, 0, 0, 0]]
gen=[[2, 21, 19, 13, 15, 28, 10, 8, 16, 6, 26, 25, 0], [15, 0, 0, 0, 0, 0, 0, 0, 0, 0, 0, 0, 0], [28, 19, 21, 20, 13, 14, 5, 8, 24, 7, 1, 12, 0], [28, 17, 11, 0, 0, 0, 0, 0, 0, 0, 0, 0, 0], [4, 18, 20, 21, 13, 8, 23, 24, 3, 27, 7, 9, 0], [4, 18, 2, 21, 20, 13, 14, 22, 25, 26, 28, 1, 0], [18, 21, 15, 13, 6, 10, 14, 16, 11, 26, 12, 1, 0], [2, 18, 17, 3, 26, 0, 0, 0, 0, 0, 0, 0, 0], [18, 22, 19, 24, 13, 10, 8, 23, 16, 25, 3, 27, 0], [18, 22, 17, 15, 16, 14, 12, 0, 0, 0, 0, 0, 0]]
valid routes=1.0
norm-reward=0.7954585182887659
[ 29 iterations]
real=[[28, 27, 25, 23, 21, 19, 18, 5, 6, 3, 15, 11, 0], [28, 25, 23, 22, 21, 19, 14, 9, 12, 11, 2, 1, 0], [10, 8, 5, 9, 22, 13, 0, 0, 0, 0, 0, 0, 0], [2, 7, 13, 0, 0, 0, 0, 0, 0, 0, 0, 0, 0], [23, 21, 20, 6, 3, 16, 15, 19, 7, 0, 0, 0, 0], [26, 24, 23, 22, 20, 19, 18, 9, 4, 8, 13, 16, 0], [22, 12, 26, 6, 0, 0, 0, 0, 0, 0, 0, 0, 0], [26, 25, 24, 20, 19, 16, 14, 7, 6, 5, 12, 11, 0], [27, 26, 18, 19, 12, 1, 8, 16, 13, 0, 0, 0, 0], [27, 26, 23, 22, 21, 17, 20, 9, 7, 8, 2, 4, 0]]
gen=[[28, 18, 21, 19, 6, 15, 5, 11, 27, 23, 25, 3, 0], [2, 28, 21, 19, 23, 14, 9, 22, 25, 12, 11, 1, 0], [22, 13, 9, 10, 5, 8, 0, 0, 0, 0, 0, 0, 0], [2, 13, 7, 0, 0, 0, 0, 0, 0, 0, 0, 0, 0], [21, 20, 23, 19, 15, 6, 16, 3, 7, 0, 0, 0, 0], [4, 18, 19, 24, 20, 13, 16, 8, 22, 23, 26, 9, 0], [26, 22, 6, 12, 0, 0, 0, 0, 0, 0, 0, 0, 0], [25, 24, 19, 20, 5, 6, 14, 16, 26, 11, 7, 12, 0], [18, 27, 19, 13, 8, 16, 12, 26, 1, 0, 0, 0, 0], [4, 22, 2, 21, 17, 20, 8, 27, 23, 9, 26, 7, 0]]
valid routes=1.0
norm-reward=0.7989340678956857
[ 30 iterations]
real=[[27, 26, 25, 23, 17, 15, 14, 7, 6, 3, 8, 4, 0], [28, 27, 26, 25, 22, 16, 20, 15, 12, 5, 2, 11, 0], [24, 23, 19, 18, 10, 9, 8, 5, 2, 3, 1, 4, 0], [25, 24, 9, 10, 27, 5, 4, 0, 0, 0, 0, 0, 0], [25, 23, 20, 17, 14, 13, 6, 5, 7, 8, 9, 11, 0], [28, 17, 14, 13, 12, 11, 4, 10, 7, 8, 9, 1, 0], [2, 25, 26, 21, 0, 0, 0, 0, 0, 0, 0, 0, 0], [28, 26, 25, 23, 18, 16, 14, 8, 13, 3, 2, 11, 0], [28, 24, 23, 17, 12, 4, 15, 16, 10, 3, 0, 0, 0], [23, 20, 18, 17, 11, 13, 15, 10, 7, 6, 0, 0, 0]]
gen=[[4, 26, 23, 17, 15, 8, 14, 27, 25, 7, 6, 3, 0], [2, 28, 25, 20, 15, 5, 16, 27, 12, 22, 26, 11, 0], [4, 18, 2, 23, 19, 5, 10, 8, 9, 24, 3, 1, 0], [4, 24, 25, 10, 5, 27, 9, 0, 0, 0, 0, 0, 0], [25, 13, 23, 17, 5, 20, 14, 8, 9, 6, 7, 11, 0], [4, 28, 17, 13, 10, 14, 8, 9, 12, 11, 7, 1, 0], [2, 21, 25, 26, 0, 0, 0, 0, 0, 0, 0, 0, 0], [2, 18, 25, 23, 28, 8, 13, 16, 14, 3, 26, 11, 0], [4, 28, 23, 17, 15, 10, 16, 3, 24, 12, 0, 0, 0], [18, 6, 23, 17, 15, 13, 10, 20, 7, 11, 0, 0, 0]]
valid routes=1.0
norm-reward=0.8138389160079761
[ 31 iterations]
real=[[27, 26, 23, 17, 15, 13, 14, 7, 6, 3, 5, 11, 0], [28, 7, 4, 21, 12, 13, 8, 0, 0, 0, 0, 0, 0], [28, 23, 22, 19, 15, 11, 6, 9, 10, 3, 2, 1, 0], [28, 27, 26, 24, 22, 21, 18, 10, 17, 3, 15, 16, 0], [28, 24, 22, 20, 19, 11, 14, 5, 10, 3, 8, 4, 0], [25, 23, 15, 13, 12, 4, 6, 9, 7, 3, 2, 0, 0], [28, 27, 24, 23, 19, 13, 6, 10, 7, 3, 2, 1, 0], [28, 26, 25, 18, 17, 15, 14, 10, 2, 5, 1, 13, 0], [26, 25, 22, 21, 20, 19, 18, 9, 6, 1, 2, 16, 0], [18, 25, 4, 21, 17, 0, 0, 0, 0, 0, 0, 0, 0]]
gen=[[7, 6, 23, 17, 15, 13, 14, 5, 27, 26, 3, 11, 0], [4, 28, 13, 21, 8, 12, 7, 0, 0, 0, 0, 0, 0], [2, 28, 19, 23, 15, 6, 22, 3, 10, 11, 9, 1, 0], [28, 18, 21, 17, 15, 10, 16, 22, 26, 3, 24, 27, 0], [4, 28, 19, 24, 20, 5, 22, 8, 3, 10, 14, 11, 0], [4, 2, 23, 15, 6, 13, 9, 7, 25, 3, 12, 0, 0], [2, 28, 23, 19, 6, 13, 10, 24, 27, 3, 1, 7, 0], [2, 18, 28, 17, 15, 13, 14, 5, 10, 26, 25, 1, 0], [2, 18, 21, 19, 20, 6, 16, 22, 26, 25, 9, 1, 0], [4, 18, 21, 17, 25, 0, 0, 0, 0, 0, 0, 0, 0]]
valid routes=1.0
norm-reward=0.8186554983700642
[ 32 iterations]
real=[[25, 23, 20, 19, 17, 16, 15, 10, 7, 2, 9, 12, 0], [25, 24, 22, 20, 19, 16, 15, 5, 4, 3, 2, 11, 0], [8, 16, 13, 6, 24, 7, 0, 0, 0, 0, 0, 0, 0], [27, 25, 24, 22, 21, 17, 18, 9, 13, 5, 15, 1, 0], [7, 20, 26, 9, 17, 0, 0, 0, 0, 0, 0, 0, 0], [25, 11, 15, 0, 0, 0, 0, 0, 0, 0, 0, 0, 0], [27, 26, 21, 19, 14, 13, 8, 15, 12, 11, 2, 0, 0], [21, 16, 15, 14, 13, 12, 6, 9, 7, 8, 1, 4, 0], [27, 23, 4, 11, 3, 7, 22, 16, 0, 0, 0, 0, 0], [27, 0, 0, 0, 0, 0, 0, 0, 0, 0, 0, 0, 0]]
gen=[[2, 17, 10, 19, 15, 20, 23, 25, 16, 12, 9, 7, 0], [4, 2, 25, 19, 15, 20, 5, 16, 11, 22, 3, 24, 0], [24, 6, 13, 8, 16, 7, 0, 0, 0, 0, 0, 0, 0], [18, 22, 21, 25, 17, 15, 13, 27, 1, 9, 24, 5, 0], [17, 20, 9, 26, 7, 0, 0, 0, 0, 0, 0, 0, 0], [25, 15, 11, 0, 0, 0, 0, 0, 0, 0, 0, 0, 0], [2, 19, 13, 21, 15, 14, 8, 11, 26, 27, 12, 0, 0], [4, 6, 13, 21, 15, 8, 16, 14, 9, 12, 7, 1, 0], [4, 22, 16, 23, 3, 27, 11, 7, 0, 0, 0, 0, 0], [27, 0, 0, 0, 0, 0, 0, 0, 0, 0, 0, 0, 0]]
valid routes=1.0
norm-reward=0.8028007371054153
[ 33 iterations]
real=[[26, 24, 20, 9, 8, 5, 4, 10, 7, 1, 0, 0, 0], [26, 25, 22, 17, 16, 15, 6, 10, 12, 5, 1, 11, 0], [27, 26, 24, 22, 18, 13, 15, 5, 7, 3, 1, 4, 0], [2, 19, 4, 10, 22, 11, 0, 0, 0, 0, 0, 0, 0], [27, 24, 23, 22, 19, 15, 18, 9, 7, 14, 2, 4, 0], [24, 23, 22, 21, 16, 15, 8, 5, 10, 3, 9, 14, 0], [20, 0, 0, 0, 0, 0, 0, 0, 0, 0, 0, 0, 0], [27, 25, 23, 22, 21, 20, 6, 10, 7, 5, 15, 12, 0], [28, 27, 25, 24, 20, 13, 18, 6, 3, 8, 2, 4, 0], [26, 22, 21, 20, 18, 13, 6, 10, 7, 8, 2, 11, 0]]
gen=[[4, 24, 26, 8, 9, 7, 5, 20, 1, 10, 0, 0, 0], [25, 17, 10, 15, 26, 5, 22, 16, 1, 6, 12, 11, 0], [4, 18, 13, 15, 3, 22, 27, 1, 5, 26, 7, 24, 0], [4, 2, 19, 10, 11, 22, 0, 0, 0, 0, 0, 0, 0], [4, 18, 2, 19, 15, 24, 9, 23, 27, 14, 7, 22, 0], [21, 15, 5, 23, 16, 9, 22, 14, 3, 10, 8, 24, 0], [20, 0, 0, 0, 0, 0, 0, 0, 0, 0, 0, 0, 0], [21, 6, 10, 15, 20, 27, 5, 22, 7, 25, 23, 12, 0], [4, 18, 2, 13, 20, 28, 24, 27, 25, 3, 6, 8, 0], [2, 18, 10, 21, 13, 20, 26, 6, 8, 7, 22, 11, 0]]
valid routes=1.0
norm-reward=0.7725164880876568
[ 34 iterations]
real=[[25, 22, 21, 19, 17, 13, 8, 6, 4, 5, 2, 16, 0], [27, 25, 23, 19, 13, 12, 6, 5, 10, 3, 8, 9, 0], [28, 0, 0, 0, 0, 0, 0, 0, 0, 0, 0, 0, 0], [28, 24, 21, 17, 16, 11, 15, 5, 6, 3, 2, 1, 0], [28, 24, 23, 21, 19, 17, 2, 9, 4, 5, 1, 13, 0], [28, 26, 24, 22, 19, 17, 4, 5, 3, 11, 15, 16, 0], [18, 20, 26, 11, 0, 0, 0, 0, 0, 0, 0, 0, 0], [26, 24, 23, 21, 18, 13, 4, 10, 7, 8, 2, 11, 0], [17, 14, 15, 0, 0, 0, 0, 0, 0, 0, 0, 0, 0], [28, 26, 25, 21, 19, 17, 14, 10, 12, 11, 9, 16, 0]]
gen=[[4, 2, 13, 21, 17, 19, 25, 5, 16, 6, 8, 22, 0], [25, 13, 23, 19, 9, 3, 27, 10, 5, 12, 8, 6, 0], [28, 0, 0, 0, 0, 0, 0, 0, 0, 0, 0, 0, 0], [2, 28, 15, 17, 5, 21, 16, 11, 1, 3, 24, 6, 0], [4, 28, 2, 21, 17, 5, 13, 19, 23, 9, 1, 24, 0], [4, 28, 17, 19, 15, 5, 3, 26, 24, 16, 22, 11, 0], [18, 20, 26, 11, 0, 0, 0, 0, 0, 0, 0, 0, 0], [4, 18, 2, 21, 7, 26, 13, 24, 10, 8, 11, 23, 0], [17, 15, 14, 0, 0, 0, 0, 0, 0, 0, 0, 0, 0], [28, 17, 14, 19, 21, 16, 25, 12, 10, 26, 9, 11, 0]]
valid routes=1.0
norm-reward=0.7646547686762364
[ 35 iterations]
real=[[28, 26, 23, 21, 17, 13, 14, 10, 6, 5, 1, 7, 0], [21, 0, 0, 0, 0, 0, 0, 0, 0, 0, 0, 0, 0], [26, 25, 22, 18, 17, 16, 14, 10, 12, 1, 2, 13, 0], [26, 25, 24, 22, 21, 16, 14, 9, 2, 5, 1, 4, 0], [22, 21, 18, 16, 15, 11, 14, 5, 10, 8, 2, 1, 0], [27, 24, 22, 20, 18, 15, 6, 5, 4, 3, 2, 16, 0], [23, 26, 5, 6, 14, 1, 18, 0, 0, 0, 0, 0, 0], [27, 25, 24, 21, 18, 15, 6, 10, 7, 14, 8, 4, 0], [9, 3, 0, 0, 0, 0, 0, 0, 0, 0, 0, 0, 0], [18, 20, 5, 3, 0, 0, 0, 0, 0, 0, 0, 0, 0]]
gen=[[28, 21, 17, 10, 26, 1, 13, 5, 7, 6, 14, 23, 0], [21, 0, 0, 0, 0, 0, 0, 0, 0, 0, 0, 0, 0], [2, 18, 17, 13, 10, 26, 14, 1, 12, 16, 25, 22, 0], [4, 2, 21, 16, 5, 26, 25, 14, 24, 22, 1, 9, 0], [2, 18, 15, 21, 16, 10, 8, 5, 14, 1, 22, 11, 0], [4, 18, 2, 5, 16, 15, 27, 3, 24, 20, 22, 6, 0], [18, 6, 26, 5, 1, 14, 23, 0, 0, 0, 0, 0, 0], [4, 18, 10, 15, 21, 27, 14, 25, 7, 8, 6, 24, 0], [9, 3, 0, 0, 0, 0, 0, 0, 0, 0, 0, 0, 0], [18, 20, 5, 3, 0, 0, 0, 0, 0, 0, 0, 0, 0]]
valid routes=1.0
norm-reward=0.7712949822491356
[ 36 iterations]
real=[[28, 27, 26, 23, 19, 15, 18, 7, 14, 1, 2, 4, 0], [25, 0, 0, 0, 0, 0, 0, 0, 0, 0, 0, 0, 0], [28, 26, 25, 21, 20, 19, 6, 17, 7, 11, 2, 13, 0], [21, 19, 9, 7, 23, 13, 15, 0, 0, 0, 0, 0, 0], [28, 25, 11, 9, 12, 1, 2, 10, 4, 0, 0, 0, 0], [18, 11, 13, 10, 24, 0, 0, 0, 0, 0, 0, 0, 0], [28, 25, 22, 20, 17, 16, 14, 5, 12, 8, 13, 4, 0], [23, 1, 24, 17, 0, 0, 0, 0, 0, 0, 0, 0, 0], [25, 0, 0, 0, 0, 0, 0, 0, 0, 0, 0, 0, 0], [15, 19, 0, 0, 0, 0, 0, 0, 0, 0, 0, 0, 0]]
gen=[[4, 18, 19, 15, 2, 26, 27, 14, 28, 7, 1, 23, 0], [25, 0, 0, 0, 0, 0, 0, 0, 0, 0, 0, 0, 0], [2, 28, 6, 17, 26, 11, 20, 25, 13, 19, 21, 7, 0], [21, 13, 15, 19, 23, 7, 9, 0, 0, 0, 0, 0, 0], [4, 28, 2, 11, 9, 10, 25, 1, 12, 0, 0, 0, 0], [18, 24, 13, 10, 11, 0, 0, 0, 0, 0, 0, 0, 0], [4, 28, 17, 13, 16, 5, 20, 25, 14, 12, 22, 8, 0], [24, 17, 23, 1, 0, 0, 0, 0, 0, 0, 0, 0, 0], [25, 0, 0, 0, 0, 0, 0, 0, 0, 0, 0, 0, 0], [19, 15, 0, 0, 0, 0, 0, 0, 0, 0, 0, 0, 0]]
valid routes=1.0
norm-reward=0.7675756548972851
[ 37 iterations]
real=[[28, 25, 24, 21, 19, 17, 8, 9, 10, 3, 1, 11, 0], [27, 17, 16, 15, 12, 11, 8, 10, 7, 5, 1, 4, 0], [28, 27, 25, 24, 23, 22, 14, 18, 13, 3, 2, 11, 0], [27, 26, 25, 20, 18, 17, 14, 12, 6, 3, 2, 11, 0], [27, 25, 24, 22, 20, 17, 18, 5, 10, 11, 1, 13, 0], [23, 3, 28, 6, 22, 1, 0, 0, 0, 0, 0, 0, 0], [24, 22, 21, 16, 15, 13, 14, 6, 4, 3, 8, 11, 0], [27, 25, 20, 19, 18, 11, 14, 9, 6, 3, 8, 4, 0], [18, 27, 23, 2, 0, 0, 0, 0, 0, 0, 0, 0, 0], [24, 23, 19, 18, 16, 15, 14, 5, 10, 3, 1, 4, 0]]
gen=[[28, 24, 19, 17, 21, 11, 3, 10, 1, 25, 9, 8, 0], [4, 27, 17, 15, 12, 10, 5, 1, 7, 16, 11, 8, 0], [2, 18, 28, 27, 13, 25, 3, 24, 22, 11, 23, 14, 0], [2, 18, 17, 20, 27, 26, 12, 3, 6, 25, 11, 14, 0], [18, 20, 17, 24, 27, 5, 25, 22, 1, 13, 10, 11, 0], [28, 6, 23, 3, 22, 1, 0, 0, 0, 0, 0, 0, 0], [4, 6, 24, 15, 13, 21, 3, 11, 22, 8, 14, 16, 0], [4, 18, 19, 6, 27, 3, 14, 20, 25, 11, 9, 8, 0], [2, 18, 27, 23, 0, 0, 0, 0, 0, 0, 0, 0, 0], [4, 18, 10, 24, 3, 15, 14, 19, 1, 23, 5, 16, 0]]
valid routes=1.0
norm-reward=0.7732348303394111
[ 38 iterations]
real=[[28, 26, 25, 21, 19, 16, 15, 10, 6, 8, 2, 13, 0], [15, 0, 0, 0, 0, 0, 0, 0, 0, 0, 0, 0, 0], [28, 24, 21, 20, 19, 13, 14, 5, 7, 8, 1, 12, 0], [11, 17, 28, 0, 0, 0, 0, 0, 0, 0, 0, 0, 0], [27, 24, 23, 21, 20, 13, 18, 7, 3, 8, 9, 4, 0], [28, 26, 25, 22, 21, 20, 14, 18, 4, 1, 2, 13, 0], [26, 21, 18, 16, 15, 13, 14, 10, 6, 11, 1, 12, 0], [18, 26, 2, 17, 3, 0, 0, 0, 0, 0, 0, 0, 0], [27, 25, 24, 23, 22, 19, 18, 10, 3, 8, 13, 16, 0], [22, 16, 15, 12, 14, 17, 18, 0, 0, 0, 0, 0, 0]]
gen=[[2, 28, 10, 25, 26, 6, 19, 15, 21, 13, 16, 8, 0], [15, 0, 0, 0, 0, 0, 0, 0, 0, 0, 0, 0, 0], [28, 20, 24, 21, 19, 5, 8, 13, 1, 7, 14, 12, 0], [28, 17, 11, 0, 0, 0, 0, 0, 0, 0, 0, 0, 0], [4, 18, 24, 27, 20, 21, 7, 23, 8, 13, 3, 9, 0], [4, 18, 28, 21, 20, 26, 22, 1, 2, 13, 14, 25, 0], [18, 6, 10, 13, 26, 15, 21, 1, 11, 14, 12, 16, 0], [2, 18, 17, 26, 3, 0, 0, 0, 0, 0, 0, 0, 0], [18, 24, 10, 19, 27, 13, 3, 23, 8, 25, 22, 16, 0], [18, 17, 15, 14, 16, 12, 22, 0, 0, 0, 0, 0, 0]]
valid routes=1.0
norm-reward=0.770046643441605
[ 39 iterations]
real=[[28, 27, 25, 23, 21, 19, 18, 5, 6, 3, 15, 11, 0], [28, 25, 23, 22, 21, 19, 14, 9, 12, 11, 2, 1, 0], [10, 8, 5, 9, 22, 13, 0, 0, 0, 0, 0, 0, 0], [2, 7, 13, 0, 0, 0, 0, 0, 0, 0, 0, 0, 0], [23, 21, 20, 6, 3, 16, 15, 19, 7, 0, 0, 0, 0], [26, 24, 23, 22, 20, 19, 18, 9, 4, 8, 13, 16, 0], [22, 12, 26, 6, 0, 0, 0, 0, 0, 0, 0, 0, 0], [26, 25, 24, 20, 19, 16, 14, 7, 6, 5, 12, 11, 0], [27, 26, 18, 19, 12, 1, 8, 16, 13, 0, 0, 0, 0], [27, 26, 23, 22, 21, 17, 20, 9, 7, 8, 2, 4, 0]]
gen=[[18, 28, 27, 19, 6, 21, 15, 3, 11, 5, 25, 23, 0], [2, 28, 21, 19, 25, 23, 11, 22, 12, 9, 1, 14, 0], [22, 10, 13, 9, 8, 5, 0, 0, 0, 0, 0, 0, 0], [2, 13, 7, 0, 0, 0, 0, 0, 0, 0, 0, 0, 0], [21, 6, 20, 19, 15, 16, 3, 7, 23, 0, 0, 0, 0], [4, 18, 24, 26, 20, 19, 22, 13, 16, 8, 9, 23, 0], [26, 6, 12, 22, 0, 0, 0, 0, 0, 0, 0, 0, 0], [25, 24, 6, 26, 20, 19, 11, 5, 14, 12, 7, 16, 0], [18, 26, 27, 19, 12, 8, 13, 1, 16, 0, 0, 0, 0], [4, 20, 2, 27, 21, 26, 17, 9, 22, 7, 8, 23, 0]]
valid routes=1.0
norm-reward=0.7677481140255907
[ 40 iterations]
real=[[27, 26, 25, 23, 17, 15, 14, 7, 6, 3, 8, 4, 0], [28, 27, 26, 25, 22, 16, 20, 15, 12, 5, 2, 11, 0], [24, 23, 19, 18, 10, 9, 8, 5, 2, 3, 1, 4, 0], [25, 24, 9, 10, 27, 5, 4, 0, 0, 0, 0, 0, 0], [25, 23, 20, 17, 14, 13, 6, 5, 7, 8, 9, 11, 0], [28, 17, 14, 13, 12, 11, 4, 10, 7, 8, 9, 1, 0], [2, 25, 26, 21, 0, 0, 0, 0, 0, 0, 0, 0, 0], [28, 26, 25, 23, 18, 16, 14, 8, 13, 3, 2, 11, 0], [28, 24, 23, 17, 12, 4, 15, 16, 10, 3, 0, 0, 0], [23, 20, 18, 17, 11, 13, 15, 10, 7, 6, 0, 0, 0]]
gen=[[4, 6, 26, 27, 17, 15, 23, 25, 7, 14, 3, 8, 0], [2, 28, 26, 27, 20, 15, 11, 5, 25, 22, 12, 16, 0], [4, 18, 24, 10, 19, 5, 9, 3, 2, 1, 8, 23, 0], [4, 24, 10, 27, 5, 9, 25, 0, 0, 0, 0, 0, 0], [25, 6, 20, 17, 9, 11, 5, 23, 13, 7, 14, 8, 0], [4, 28, 10, 17, 13, 1, 12, 8, 11, 9, 7, 14, 0], [2, 26, 21, 25, 0, 0, 0, 0, 0, 0, 0, 0, 0], [2, 18, 26, 25, 16, 11, 23, 28, 3, 13, 14, 8, 0], [4, 24, 10, 17, 15, 23, 3, 12, 16, 28, 0, 0, 0], [18, 6, 10, 20, 17, 13, 15, 7, 11, 23, 0, 0, 0]]
valid routes=1.0
norm-reward=0.8045429902580232
[ 41 iterations]
real=[[27, 26, 23, 17, 15, 13, 14, 7, 6, 3, 5, 11, 0], [28, 7, 4, 21, 12, 13, 8, 0, 0, 0, 0, 0, 0], [28, 23, 22, 19, 15, 11, 6, 9, 10, 3, 2, 1, 0], [28, 27, 26, 24, 22, 21, 18, 10, 17, 3, 15, 16, 0], [28, 24, 22, 20, 19, 11, 14, 5, 10, 3, 8, 4, 0], [25, 23, 15, 13, 12, 4, 6, 9, 7, 3, 2, 0, 0], [28, 27, 24, 23, 19, 13, 6, 10, 7, 3, 2, 1, 0], [28, 26, 25, 18, 17, 15, 14, 10, 2, 5, 1, 13, 0], [26, 25, 22, 21, 20, 19, 18, 9, 6, 1, 2, 16, 0], [18, 25, 4, 21, 17, 0, 0, 0, 0, 0, 0, 0, 0]]
gen=[[23, 26, 27, 6, 15, 17, 5, 13, 3, 14, 11, 7, 0], [4, 28, 21, 13, 7, 12, 8, 0, 0, 0, 0, 0, 0], [2, 28, 10, 6, 19, 15, 9, 1, 3, 22, 23, 11, 0], [28, 18, 24, 26, 27, 10, 17, 21, 15, 22, 3, 16, 0], [4, 24, 10, 20, 19, 5, 14, 3, 28, 11, 22, 8, 0], [4, 6, 23, 15, 2, 13, 9, 3, 7, 12, 25, 0, 0], [2, 24, 10, 27, 6, 19, 13, 1, 7, 3, 23, 28, 0], [2, 18, 26, 10, 17, 15, 1, 13, 5, 28, 14, 25, 0], [2, 18, 26, 6, 20, 9, 19, 21, 22, 1, 16, 25, 0], [4, 18, 17, 21, 25, 0, 0, 0, 0, 0, 0, 0, 0]]
valid routes=1.0
norm-reward=0.8044571656024829
[ 42 iterations]
real=[[25, 23, 20, 19, 17, 16, 15, 10, 7, 2, 9, 12, 0], [25, 24, 22, 20, 19, 16, 15, 5, 4, 3, 2, 11, 0], [8, 16, 13, 6, 24, 7, 0, 0, 0, 0, 0, 0, 0], [27, 25, 24, 22, 21, 17, 18, 9, 13, 5, 15, 1, 0], [7, 20, 26, 9, 17, 0, 0, 0, 0, 0, 0, 0, 0], [25, 11, 15, 0, 0, 0, 0, 0, 0, 0, 0, 0, 0], [27, 26, 21, 19, 14, 13, 8, 15, 12, 11, 2, 0, 0], [21, 16, 15, 14, 13, 12, 6, 9, 7, 8, 1, 4, 0], [27, 23, 4, 11, 3, 7, 22, 16, 0, 0, 0, 0, 0], [27, 0, 0, 0, 0, 0, 0, 0, 0, 0, 0, 0, 0]]
gen=[[2, 20, 10, 25, 17, 15, 19, 9, 16, 12, 7, 23, 0], [4, 24, 20, 25, 16, 19, 15, 3, 11, 5, 2, 22, 0], [24, 6, 7, 13, 8, 16, 0, 0, 0, 0, 0, 0, 0], [24, 18, 27, 25, 17, 15, 21, 9, 5, 13, 1, 22, 0], [17, 26, 20, 9, 7, 0, 0, 0, 0, 0, 0, 0, 0], [25, 11, 15, 0, 0, 0, 0, 0, 0, 0, 0, 0, 0], [2, 26, 27, 21, 13, 15, 19, 14, 12, 11, 8, 0, 0], [4, 6, 15, 21, 13, 16, 7, 14, 9, 1, 8, 12, 0], [4, 27, 23, 11, 7, 3, 16, 22, 0, 0, 0, 0, 0], [27, 0, 0, 0, 0, 0, 0, 0, 0, 0, 0, 0, 0]]
valid routes=1.0
norm-reward=0.7846433606962374
[ 43 iterations]
real=[[26, 24, 20, 9, 8, 5, 4, 10, 7, 1, 0, 0, 0], [26, 25, 22, 17, 16, 15, 6, 10, 12, 5, 1, 11, 0], [27, 26, 24, 22, 18, 13, 15, 5, 7, 3, 1, 4, 0], [2, 19, 4, 10, 22, 11, 0, 0, 0, 0, 0, 0, 0], [27, 24, 23, 22, 19, 15, 18, 9, 7, 14, 2, 4, 0], [24, 23, 22, 21, 16, 15, 8, 5, 10, 3, 9, 14, 0], [20, 0, 0, 0, 0, 0, 0, 0, 0, 0, 0, 0, 0], [27, 25, 23, 22, 21, 20, 6, 10, 7, 5, 15, 12, 0], [28, 27, 25, 24, 20, 13, 18, 6, 3, 8, 2, 4, 0], [26, 22, 21, 20, 18, 13, 6, 10, 7, 8, 2, 11, 0]]
gen=[[4, 24, 26, 10, 20, 8, 5, 1, 9, 7, 0, 0, 0], [25, 26, 10, 6, 17, 15, 5, 22, 1, 16, 12, 11, 0], [4, 24, 18, 26, 27, 15, 13, 5, 1, 7, 3, 22, 0], [4, 10, 19, 2, 22, 11, 0, 0, 0, 0, 0, 0, 0], [4, 24, 18, 27, 15, 23, 19, 22, 9, 2, 7, 14, 0], [24, 10, 23, 21, 15, 9, 8, 5, 22, 16, 14, 3, 0], [20, 0, 0, 0, 0, 0, 0, 0, 0, 0, 0, 0, 0], [25, 27, 10, 6, 20, 21, 15, 7, 22, 5, 12, 23, 0], [4, 24, 18, 27, 20, 6, 25, 2, 13, 28, 3, 8, 0], [2, 18, 26, 10, 6, 20, 21, 13, 7, 22, 11, 8, 0]]
valid routes=1.0
norm-reward=0.83156340505162
[ 44 iterations]
real=[[25, 22, 21, 19, 17, 13, 8, 6, 4, 5, 2, 16, 0], [27, 25, 23, 19, 13, 12, 6, 5, 10, 3, 8, 9, 0], [28, 0, 0, 0, 0, 0, 0, 0, 0, 0, 0, 0, 0], [28, 24, 21, 17, 16, 11, 15, 5, 6, 3, 2, 1, 0], [28, 24, 23, 21, 19, 17, 2, 9, 4, 5, 1, 13, 0], [28, 26, 24, 22, 19, 17, 4, 5, 3, 11, 15, 16, 0], [18, 20, 26, 11, 0, 0, 0, 0, 0, 0, 0, 0, 0], [26, 24, 23, 21, 18, 13, 4, 10, 7, 8, 2, 11, 0], [17, 14, 15, 0, 0, 0, 0, 0, 0, 0, 0, 0, 0], [28, 26, 25, 21, 19, 17, 14, 10, 12, 11, 9, 16, 0]]
gen=[[4, 6, 25, 21, 17, 19, 13, 5, 22, 2, 8, 16, 0], [25, 27, 10, 6, 19, 23, 13, 5, 3, 12, 9, 8, 0], [28, 0, 0, 0, 0, 0, 0, 0, 0, 0, 0, 0, 0], [2, 24, 6, 17, 21, 15, 28, 5, 1, 11, 16, 3, 0], [4, 24, 2, 19, 28, 21, 17, 23, 5, 9, 13, 1, 0], [4, 24, 26, 17, 28, 19, 15, 22, 5, 11, 3, 16, 0], [18, 26, 20, 11, 0, 0, 0, 0, 0, 0, 0, 0, 0], [4, 24, 18, 26, 10, 21, 23, 13, 2, 7, 8, 11, 0], [17, 14, 15, 0, 0, 0, 0, 0, 0, 0, 0, 0, 0], [28, 26, 10, 21, 19, 25, 17, 9, 14, 12, 11, 16, 0]]
valid routes=1.0
norm-reward=0.8347439109012814
[ 45 iterations]
real=[[28, 26, 23, 21, 17, 13, 14, 10, 6, 5, 1, 7, 0], [21, 0, 0, 0, 0, 0, 0, 0, 0, 0, 0, 0, 0], [26, 25, 22, 18, 17, 16, 14, 10, 12, 1, 2, 13, 0], [26, 25, 24, 22, 21, 16, 14, 9, 2, 5, 1, 4, 0], [22, 21, 18, 16, 15, 11, 14, 5, 10, 8, 2, 1, 0], [27, 24, 22, 20, 18, 15, 6, 5, 4, 3, 2, 16, 0], [23, 26, 5, 6, 14, 1, 18, 0, 0, 0, 0, 0, 0], [27, 25, 24, 21, 18, 15, 6, 10, 7, 14, 8, 4, 0], [9, 3, 0, 0, 0, 0, 0, 0, 0, 0, 0, 0, 0], [18, 20, 5, 3, 0, 0, 0, 0, 0, 0, 0, 0, 0]]
gen=[[28, 26, 10, 6, 21, 23, 17, 13, 5, 14, 1, 7, 0], [21, 0, 0, 0, 0, 0, 0, 0, 0, 0, 0, 0, 0], [2, 18, 26, 10, 25, 13, 17, 14, 1, 16, 22, 12, 0], [4, 24, 26, 21, 25, 5, 22, 9, 14, 2, 1, 16, 0], [2, 18, 10, 21, 15, 5, 8, 14, 22, 1, 16, 11, 0], [4, 24, 18, 27, 6, 20, 15, 5, 2, 22, 16, 3, 0], [18, 26, 6, 23, 5, 14, 1, 0, 0, 0, 0, 0, 0], [4, 24, 18, 27, 10, 6, 21, 15, 25, 7, 14, 8, 0], [3, 9, 0, 0, 0, 0, 0, 0, 0, 0, 0, 0, 0], [20, 18, 3, 5, 0, 0, 0, 0, 0, 0, 0, 0, 0]]
valid routes=1.0
norm-reward=0.8286635993302341
[ 46 iterations]
real=[[28, 27, 26, 23, 19, 15, 18, 7, 14, 1, 2, 4, 0], [25, 0, 0, 0, 0, 0, 0, 0, 0, 0, 0, 0, 0], [28, 26, 25, 21, 20, 19, 6, 17, 7, 11, 2, 13, 0], [21, 19, 9, 7, 23, 13, 15, 0, 0, 0, 0, 0, 0], [28, 25, 11, 9, 12, 1, 2, 10, 4, 0, 0, 0, 0], [18, 11, 13, 10, 24, 0, 0, 0, 0, 0, 0, 0, 0], [28, 25, 22, 20, 17, 16, 14, 5, 12, 8, 13, 4, 0], [23, 1, 24, 17, 0, 0, 0, 0, 0, 0, 0, 0, 0], [25, 0, 0, 0, 0, 0, 0, 0, 0, 0, 0, 0, 0], [15, 19, 0, 0, 0, 0, 0, 0, 0, 0, 0, 0, 0]]
gen=[[4, 18, 26, 27, 23, 19, 15, 28, 2, 14, 7, 1, 0], [25, 0, 0, 0, 0, 0, 0, 0, 0, 0, 0, 0, 0], [2, 26, 20, 6, 28, 21, 13, 25, 17, 19, 7, 11, 0], [21, 23, 19, 13, 15, 9, 7, 0, 0, 0, 0, 0, 0], [4, 28, 10, 25, 2, 9, 12, 1, 11, 0, 0, 0, 0], [24, 18, 10, 13, 11, 0, 0, 0, 0, 0, 0, 0, 0], [4, 20, 25, 28, 17, 13, 5, 22, 12, 8, 16, 14, 0], [24, 17, 23, 1, 0, 0, 0, 0, 0, 0, 0, 0, 0], [25, 0, 0, 0, 0, 0, 0, 0, 0, 0, 0, 0, 0], [19, 15, 0, 0, 0, 0, 0, 0, 0, 0, 0, 0, 0]]
valid routes=1.0
norm-reward=0.8406926880831123
[ 47 iterations]
real=[[28, 25, 24, 21, 19, 17, 8, 9, 10, 3, 1, 11, 0], [27, 17, 16, 15, 12, 11, 8, 10, 7, 5, 1, 4, 0], [28, 27, 25, 24, 23, 22, 14, 18, 13, 3, 2, 11, 0], [27, 26, 25, 20, 18, 17, 14, 12, 6, 3, 2, 11, 0], [27, 25, 24, 22, 20, 17, 18, 5, 10, 11, 1, 13, 0], [23, 3, 28, 6, 22, 1, 0, 0, 0, 0, 0, 0, 0], [24, 22, 21, 16, 15, 13, 14, 6, 4, 3, 8, 11, 0], [27, 25, 20, 19, 18, 11, 14, 9, 6, 3, 8, 4, 0], [18, 27, 23, 2, 0, 0, 0, 0, 0, 0, 0, 0, 0], [24, 23, 19, 18, 16, 15, 14, 5, 10, 3, 1, 4, 0]]
gen=[[28, 24, 10, 21, 19, 17, 25, 8, 9, 1, 3, 11, 0], [4, 27, 10, 17, 15, 8, 5, 1, 7, 16, 12, 11, 0], [2, 24, 18, 27, 25, 13, 28, 22, 23, 3, 14, 11, 0], [2, 18, 26, 27, 6, 20, 25, 17, 11, 3, 12, 14, 0], [24, 18, 27, 10, 20, 17, 25, 22, 13, 5, 1, 11, 0], [28, 6, 23, 22, 1, 3, 0, 0, 0, 0, 0, 0, 0], [4, 24, 6, 21, 13, 8, 15, 14, 22, 3, 16, 11, 0], [4, 18, 27, 6, 20, 19, 25, 9, 14, 11, 8, 3, 0], [2, 27, 18, 23, 0, 0, 0, 0, 0, 0, 0, 0, 0], [4, 24, 18, 10, 19, 15, 23, 5, 14, 1, 3, 16, 0]]
valid routes=1.0
norm-reward=0.8350591131577129
[ 48 iterations]
real=[[28, 26, 25, 21, 19, 16, 15, 10, 6, 8, 2, 13, 0], [15, 0, 0, 0, 0, 0, 0, 0, 0, 0, 0, 0, 0], [28, 24, 21, 20, 19, 13, 14, 5, 7, 8, 1, 12, 0], [11, 17, 28, 0, 0, 0, 0, 0, 0, 0, 0, 0, 0], [27, 24, 23, 21, 20, 13, 18, 7, 3, 8, 9, 4, 0], [28, 26, 25, 22, 21, 20, 14, 18, 4, 1, 2, 13, 0], [26, 21, 18, 16, 15, 13, 14, 10, 6, 11, 1, 12, 0], [18, 26, 2, 17, 3, 0, 0, 0, 0, 0, 0, 0, 0], [27, 25, 24, 23, 22, 19, 18, 10, 3, 8, 13, 16, 0], [22, 16, 15, 12, 14, 17, 18, 0, 0, 0, 0, 0, 0]]
gen=[[2, 26, 10, 6, 28, 21, 15, 25, 19, 8, 13, 16, 0], [15, 0, 0, 0, 0, 0, 0, 0, 0, 0, 0, 0, 0], [28, 24, 20, 21, 19, 13, 5, 8, 7, 12, 1, 14, 0], [28, 17, 11, 0, 0, 0, 0, 0, 0, 0, 0, 0, 0], [4, 24, 18, 27, 20, 21, 13, 8, 7, 3, 23, 9, 0], [4, 18, 26, 20, 25, 28, 21, 2, 13, 22, 1, 14, 0], [21, 18, 26, 10, 6, 15, 13, 11, 12, 14, 1, 16, 0], [2, 26, 18, 17, 3, 0, 0, 0, 0, 0, 0, 0, 0], [24, 18, 27, 10, 25, 19, 13, 22, 8, 16, 3, 23, 0], [18, 22, 17, 15, 16, 12, 14, 0, 0, 0, 0, 0, 0]]
valid routes=1.0
norm-reward=0.8373237771118495
[ 49 iterations]
real=[[28, 27, 25, 23, 21, 19, 18, 5, 6, 3, 15, 11, 0], [28, 25, 23, 22, 21, 19, 14, 9, 12, 11, 2, 1, 0], [10, 8, 5, 9, 22, 13, 0, 0, 0, 0, 0, 0, 0], [2, 7, 13, 0, 0, 0, 0, 0, 0, 0, 0, 0, 0], [23, 21, 20, 6, 3, 16, 15, 19, 7, 0, 0, 0, 0], [26, 24, 23, 22, 20, 19, 18, 9, 4, 8, 13, 16, 0], [22, 12, 26, 6, 0, 0, 0, 0, 0, 0, 0, 0, 0], [26, 25, 24, 20, 19, 16, 14, 7, 6, 5, 12, 11, 0], [27, 26, 18, 19, 12, 1, 8, 16, 13, 0, 0, 0, 0], [27, 26, 23, 22, 21, 17, 20, 9, 7, 8, 2, 4, 0]]
gen=[[28, 18, 27, 6, 25, 21, 19, 15, 5, 23, 3, 11, 0], [2, 28, 25, 21, 19, 23, 22, 1, 14, 12, 11, 9, 0], [22, 10, 13, 9, 5, 8, 0, 0, 0, 0, 0, 0, 0], [2, 7, 13, 0, 0, 0, 0, 0, 0, 0, 0, 0, 0], [21, 6, 20, 23, 19, 15, 3, 7, 16, 0, 0, 0, 0], [4, 24, 18, 26, 20, 19, 23, 13, 22, 8, 9, 16, 0], [12, 26, 6, 22, 0, 0, 0, 0, 0, 0, 0, 0, 0], [24, 26, 20, 6, 25, 19, 5, 7, 12, 14, 16, 11, 0], [27, 26, 18, 19, 13, 16, 12, 1, 8, 0, 0, 0, 0], [4, 26, 27, 20, 17, 21, 23, 2, 9, 8, 7, 22, 0]]
valid routes=1.0
norm-reward=0.8343978367435132
