read problem
[ 10 iterations]
real= [[20  1  2 28 16 19  0  0  0  0  0]
 [27 24 10 13  9 19  4  5  0  0  0]
 [22  4  0  0  0  0  0  0  0  0  0]
 [26  0  0  0  0  0  0  0  0  0  0]
 [18 27  8 25  0  0  0  0  0  0  0]
 [ 7  6 24 18 16  3  0  0  0  0  0]
 [13 19  8 20 27  0  0  0  0  0  0]
 [15 24  8  0  0  0  0  0  0  0  0]
 [20 16 12  1  7  0  0  0  0  0  0]
 [ 2  0  0  0  0  0  0  0  0  0  0]]
gen= [[19 19 19 16  0  0  0  0  0  0  0]
 [ 9 13 13 13 13 13  0  0  0  0  0]
 [ 0  0  0  0  0  0  0  0  0  0  0]
 [26  0 26 26  0  0  0 26  0  0  0]
 [18  0  0  0  0  0  0  0  0  0  0]
 [16  0  0  0  0  0 18 18 18  0  0]
 [13  0  0  0  0  0  0 19  0  0  0]
 [ 0  0  0  0  0  0  8  0  0  0  0]
 [ 0  0  0  0  0  0  0  0  0  0  0]
 [ 2  2  0  0  0  0  0  0  0  0  0]]
valid: gen=0.02
reward: norm=0.9201098413616575
[ 20 iterations]
real= [[23 21  9 24  0  0  0  0  0  0  0]
 [11 17  0  0  0  0  0  0  0  0  0]
 [15 24 27  1 26  0  0  0  0  0  0]
 [ 5 19 24  0  0  0  0  0  0  0  0]
 [22  2 28  4  0  0  0  0  0  0  0]
 [26  0  0  0  0  0  0  0  0  0  0]
 [ 5 14 12 20  0  0  0  0  0  0  0]
 [22  5  4  0  0  0  0  0  0  0  0]
 [18  2  8  0  0  0  0  0  0  0  0]
 [ 5 24  0  0  0  0  0  0  0  0  0]]
gen= [[ 0  0  0  0  0  0  0  0  0  0  0]
 [ 0  0  0  0  0  0  0  0  0  0  0]
 [ 0  0  0  0  0  0  0  0  0  0  0]
 [ 0  0  0  0  0  0  0  0  0  0  0]
 [ 0  0  0  0  0  0  0  0  0  0  0]
 [26 26  0  0  0  0  0  0  0  0  0]
 [ 0  0  0  0  0  0  0  0  0  0  0]
 [ 0  0  0  0  0  0  0  0  0  0  0]
 [ 0  0  0  0  0  0  0  0  0  0  0]
 [ 0  0  0  0  0  0  0  0  0  0  0]]
valid: gen=0.016
reward: norm=0.9803313137273463
[ 30 iterations]
real= [[28 19 12  4  0  0  0  0  0  0  0]
 [11 20 25 23 18  0  0  0  0  0  0]
 [20 14 16 24 15  5  0  0  0  0  0]
 [ 5 10  0  0  0  0  0  0  0  0  0]
 [18 15  4 23  0  0  0  0  0  0  0]
 [24 10 27  1  0  0  0  0  0  0  0]
 [ 7 19 28  2  9 12  0  0  0  0  0]
 [18 15  8  1  0  0  0  0  0  0  0]
 [13 26  7 28  0  0  0  0  0  0  0]
 [ 4  0  0  0  0  0  0  0  0  0  0]]
gen= [[0 0 0 0 0 0 0 0 0 0 0]
 [0 0 0 0 0 0 0 0 0 0 0]
 [0 0 0 0 0 0 0 0 0 0 0]
 [0 0 0 0 0 0 0 0 0 0 0]
 [0 0 0 0 0 0 0 0 0 0 0]
 [0 0 0 0 0 0 0 0 0 0 0]
 [0 0 0 0 0 0 0 0 0 0 0]
 [0 0 0 0 0 0 0 0 0 0 0]
 [0 0 0 0 0 0 0 0 0 0 0]
 [0 0 0 0 0 0 0 0 0 0 0]]
valid: gen=0.001
reward: norm=0.9888397151196764
[ 40 iterations]
real= [[11 15 23  0  0  0  0  0  0  0  0]
 [12  3 27 15 26  9  0  0  0  0  0]
 [ 4  6  3  0  0  0  0  0  0  0  0]
 [ 7 25  0  0  0  0  0  0  0  0  0]
 [20 25 16 14 18 12  7  0  0  0  0]
 [24 17  3  9  1 28  8  0  0  0  0]
 [20  2 27  4  0  0  0  0  0  0  0]
 [13 21 24 15  0  0  0  0  0  0  0]
 [27 26 18  3  9  1 25  8  4  7  0]
 [ 4  0  0  0  0  0  0  0  0  0  0]]
gen= [[0 0 0 0 0 0 0 0 0 0 0]
 [0 0 0 0 0 0 0 0 0 0 0]
 [0 0 0 0 0 0 0 0 0 0 0]
 [0 0 0 0 0 0 0 0 0 0 0]
 [0 0 0 0 0 0 0 0 0 0 0]
 [0 0 0 0 0 0 0 0 0 0 0]
 [0 0 0 0 0 0 0 0 0 0 0]
 [0 0 0 0 0 0 0 0 0 0 0]
 [0 0 0 0 0 0 0 0 0 0 0]
 [0 0 0 0 0 0 0 0 0 0 0]]
valid: gen=0.004
reward: norm=0.9921390186570083
[ 50 iterations]
real= [[12 16 27 20  0  0  0  0  0  0  0]
 [ 7 19  3 20  8  0  0  0  0  0  0]
 [ 8 10 24 22 26 23  0  0  0  0  0]
 [15 10 21 20  8 27  0  0  0  0  0]
 [18 13 25 19  0  0  0  0  0  0  0]
 [ 5  1 25 24 26  7  0  0  0  0  0]
 [12 21 16  4 23  0  0  0  0  0  0]
 [26  7 12  3  9  1  4  2  0  0  0]
 [14 26 23 24  0  0  0  0  0  0  0]
 [21 17  2  0  0  0  0  0  0  0  0]]
gen= [[ 0  0  0  0  0  0  0  0  0  0  0]
 [ 0  0  0  0  0  0  0  0  0  0  0]
 [ 0  0  0  0  0  0  0  0  0  0  0]
 [ 0  0  0  0  0  0  0  0  0  0  0]
 [19  0  0  0  0  0  0  0  0  0  0]
 [ 0  0  0  0  0  0  0  0  0  0  0]
 [ 0  0  0  0  0  0  0  0  0  0  0]
 [ 0  0  0  0  0  0  0  0  0  0  0]
 [26  0  0  0  0  0  0  0  0  0  0]
 [21  0  0  0  0  0  0  0  0  0  0]]
valid: gen=0.025
reward: norm=0.9842986932481534
[ 60 iterations]
real= [[20  1  2 28 16 19  0  0  0  0  0]
 [27 24 10 13  9 19  4  5  0  0  0]
 [22  4  0  0  0  0  0  0  0  0  0]
 [26  0  0  0  0  0  0  0  0  0  0]
 [18 27  8 25  0  0  0  0  0  0  0]
 [ 7  6 24 18 16  3  0  0  0  0  0]
 [13 19  8 20 27  0  0  0  0  0  0]
 [15 24  8  0  0  0  0  0  0  0  0]
 [20 16 12  1  7  0  0  0  0  0  0]
 [ 2  0  0  0  0  0  0  0  0  0  0]]
gen= [[0 0 0 0 0 0 0 0 0 0 0]
 [0 0 0 0 0 0 0 0 0 0 0]
 [0 0 0 0 0 0 0 0 0 0 0]
 [0 0 0 0 0 0 0 0 0 0 0]
 [0 0 0 0 0 0 0 0 0 0 0]
 [0 0 0 0 0 0 0 0 0 0 0]
 [0 0 0 0 0 0 0 0 0 0 0]
 [0 0 0 0 0 0 0 0 0 0 0]
 [0 0 0 0 0 0 0 0 0 0 0]
 [0 0 0 0 0 0 0 0 0 0 0]]
valid: gen=0.015
reward: norm=0.9859889453356556
[ 70 iterations]
real= [[23 21  9 24  0  0  0  0  0  0  0]
 [11 17  0  0  0  0  0  0  0  0  0]
 [15 24 27  1 26  0  0  0  0  0  0]
 [ 5 19 24  0  0  0  0  0  0  0  0]
 [22  2 28  4  0  0  0  0  0  0  0]
 [26  0  0  0  0  0  0  0  0  0  0]
 [ 5 14 12 20  0  0  0  0  0  0  0]
 [22  5  4  0  0  0  0  0  0  0  0]
 [18  2  8  0  0  0  0  0  0  0  0]
 [ 5 24  0  0  0  0  0  0  0  0  0]]
gen= [[ 0  0  0  0  0  0  0  0  0  0  0]
 [ 0  0  0  0  0  0  0  0  0  0  0]
 [ 0  0  0  0  0  0  0  0  0  0  0]
 [19  0  0  0  0  0  0  0  0  0  0]
 [ 0  0  0  0  0  0  0  0  0  0  0]
 [26  0  0  0  0  0  0  0  0  0  0]
 [ 0  0  0  0  0  0  0  0  0  0  0]
 [ 0  0  0  0  0  0  0  0  0  0  0]
 [ 0  0  0  0  0  0  0  0  0  0  0]
 [ 0  0  0  0  0  0  0  0  0  0  0]]
valid: gen=0.021
reward: norm=0.9752631606090681
[ 80 iterations]
real= [[28 19 12  4  0  0  0  0  0  0  0]
 [11 20 25 23 18  0  0  0  0  0  0]
 [20 14 16 24 15  5  0  0  0  0  0]
 [ 5 10  0  0  0  0  0  0  0  0  0]
 [18 15  4 23  0  0  0  0  0  0  0]
 [24 10 27  1  0  0  0  0  0  0  0]
 [ 7 19 28  2  9 12  0  0  0  0  0]
 [18 15  8  1  0  0  0  0  0  0  0]
 [13 26  7 28  0  0  0  0  0  0  0]
 [ 4  0  0  0  0  0  0  0  0  0  0]]
gen= [[19  0  0  0  0  0  0  0  0  0  0]
 [18  0  0  0  0  0  0  0  0  0  0]
 [ 0  0  0  0  0  0  0  0  0  0  0]
 [ 0  0  0  0  0  0  0  0  0  0  0]
 [ 0  0  0  0  0  0  0  0  0  0  0]
 [ 0  0  0  0  0  0  0  0  0  0  0]
 [ 0  0  0  0  0  0  0  0  0  0  0]
 [ 0  0  0  0  0  0  0  0  0  0  0]
 [ 0  0  0  0  0  0  0  0  0  0  0]
 [ 4  0  0  0  0  0  0  0  0  0  0]]
valid: gen=0.023
reward: norm=0.9719235782078434
[ 90 iterations]
real= [[11 15 23  0  0  0  0  0  0  0  0]
 [12  3 27 15 26  9  0  0  0  0  0]
 [ 4  6  3  0  0  0  0  0  0  0  0]
 [ 7 25  0  0  0  0  0  0  0  0  0]
 [20 25 16 14 18 12  7  0  0  0  0]
 [24 17  3  9  1 28  8  0  0  0  0]
 [20  2 27  4  0  0  0  0  0  0  0]
 [13 21 24 15  0  0  0  0  0  0  0]
 [27 26 18  3  9  1 25  8  4  7  0]
 [ 4  0  0  0  0  0  0  0  0  0  0]]
gen= [[0 0 0 0 0 0 0 0 0 0 0]
 [0 0 0 0 0 0 0 0 0 0 0]
 [0 0 0 0 0 0 0 0 0 0 0]
 [0 0 0 0 0 0 0 0 0 0 0]
 [0 0 0 0 0 0 0 0 0 0 0]
 [0 0 0 0 0 0 0 0 0 0 0]
 [0 0 0 0 0 0 0 0 0 0 0]
 [0 0 0 0 0 0 0 0 0 0 0]
 [0 0 0 0 0 0 0 0 0 0 0]
 [4 0 0 0 0 0 0 0 0 0 0]]
valid: gen=0.033
reward: norm=0.9760182912719824
[ 100 iterations]
real= [[12 16 27 20  0  0  0  0  0  0  0]
 [ 7 19  3 20  8  0  0  0  0  0  0]
 [ 8 10 24 22 26 23  0  0  0  0  0]
 [15 10 21 20  8 27  0  0  0  0  0]
 [18 13 25 19  0  0  0  0  0  0  0]
 [ 5  1 25 24 26  7  0  0  0  0  0]
 [12 21 16  4 23  0  0  0  0  0  0]
 [26  7 12  3  9  1  4  2  0  0  0]
 [14 26 23 24  0  0  0  0  0  0  0]
 [21 17  2  0  0  0  0  0  0  0  0]]
gen= [[27  0  0  0  0  0  0  0  0  0  0]
 [ 0  0  0  0  0  0  0  0  0  0  0]
 [ 0  0  0  0  0  0  0  0  0  0  0]
 [ 0  0  0  0  0  0  0  0  0  0  0]
 [ 0  0  0  0  0  0  0  0  0  0  0]
 [ 0  0  0  0  0  0  0  0  0  0  0]
 [23  0  0  0  0  0  0  0  0  0  0]
 [ 0  0  0  0  0  0  0  0  0  0  0]
 [ 0  0  0  0  0  0  0  0  0  0  0]
 [ 0  0  0  0  0  0  0  0  0  0  0]]
valid: gen=0.038
reward: norm=0.9654794230187576
[ 110 iterations]
real= [[20  1  2 28 16 19  0  0  0  0  0]
 [27 24 10 13  9 19  4  5  0  0  0]
 [22  4  0  0  0  0  0  0  0  0  0]
 [26  0  0  0  0  0  0  0  0  0  0]
 [18 27  8 25  0  0  0  0  0  0  0]
 [ 7  6 24 18 16  3  0  0  0  0  0]
 [13 19  8 20 27  0  0  0  0  0  0]
 [15 24  8  0  0  0  0  0  0  0  0]
 [20 16 12  1  7  0  0  0  0  0  0]
 [ 2  0  0  0  0  0  0  0  0  0  0]]
gen= [[16  0  0  0  0  0  0  0  0  0  0]
 [ 0  0  0  0  0  0  0  0  0  0  0]
 [ 0  0  0  0  0  0  0  0  0  0  0]
 [ 0  0  0  0  0  0  0  0  0  0  0]
 [27  0  0  0  0  0  0  0  0  0  0]
 [ 3  0  0  0  0  0  0  0  0  0  0]
 [ 0  0  0  0  0  0  0  0  0  0  0]
 [15  0  0  0  0  0  0  0  0  0  0]
 [16  0  0  0  0  0  0  0  0  0  0]
 [ 0  0  0  0  0  0  0  0  0  0  0]]
valid: gen=0.039
reward: norm=0.9663763850957865
[ 120 iterations]
real= [[23 21  9 24  0  0  0  0  0  0  0]
 [11 17  0  0  0  0  0  0  0  0  0]
 [15 24 27  1 26  0  0  0  0  0  0]
 [ 5 19 24  0  0  0  0  0  0  0  0]
 [22  2 28  4  0  0  0  0  0  0  0]
 [26  0  0  0  0  0  0  0  0  0  0]
 [ 5 14 12 20  0  0  0  0  0  0  0]
 [22  5  4  0  0  0  0  0  0  0  0]
 [18  2  8  0  0  0  0  0  0  0  0]
 [ 5 24  0  0  0  0  0  0  0  0  0]]
gen= [[ 0  0  0  0  0  0  0  0  0  0  0]
 [ 0  0  0  0  0  0  0  0  0  0  0]
 [ 0  0  0  0  0  0  0  0  0  0  0]
 [ 0  0  0  0  0  0  0  0  0  0  0]
 [ 0  0  0  0  0  0  0  0  0  0  0]
 [26  0  0  0  0  0  0  0  0  0  0]
 [20 20  0  0  0  0  0  0  0  0  0]
 [ 0  0  0  0  0  0  0  0  0  0  0]
 [ 0  0  0  0  0  0  0  0  0  0  0]
 [ 0  0  0  0  0  0  0  0  0  0  0]]
valid: gen=0.034
reward: norm=0.9558948334085933
[ 130 iterations]
real= [[28 19 12  4  0  0  0  0  0  0  0]
 [11 20 25 23 18  0  0  0  0  0  0]
 [20 14 16 24 15  5  0  0  0  0  0]
 [ 5 10  0  0  0  0  0  0  0  0  0]
 [18 15  4 23  0  0  0  0  0  0  0]
 [24 10 27  1  0  0  0  0  0  0  0]
 [ 7 19 28  2  9 12  0  0  0  0  0]
 [18 15  8  1  0  0  0  0  0  0  0]
 [13 26  7 28  0  0  0  0  0  0  0]
 [ 4  0  0  0  0  0  0  0  0  0  0]]
gen= [[ 4  0  0  0  0  0  0  0  0  0  0]
 [ 0  0  0  0  0  0  0  0  0  0  0]
 [15  0  0  0  0  0  0  0  0  0  0]
 [ 0  0  0  0  0  0  0  0  0  0  0]
 [23  0  0  0  0  0  0  0  0  0  0]
 [ 0  0  0  0  0  0  0  0  0  0  0]
 [ 0  0  0  0  0  0  0  0  0  0  0]
 [ 0  0  0  0  0  0  0  0  0  0  0]
 [26  0  0  0  0  0  0  0  0  0  0]
 [ 4  0  0  0  0  0  0  0  0  0  0]]
valid: gen=0.053
reward: norm=0.942891018670877
[ 140 iterations]
real= [[11 15 23  0  0  0  0  0  0  0  0]
 [12  3 27 15 26  9  0  0  0  0  0]
 [ 4  6  3  0  0  0  0  0  0  0  0]
 [ 7 25  0  0  0  0  0  0  0  0  0]
 [20 25 16 14 18 12  7  0  0  0  0]
 [24 17  3  9  1 28  8  0  0  0  0]
 [20  2 27  4  0  0  0  0  0  0  0]
 [13 21 24 15  0  0  0  0  0  0  0]
 [27 26 18  3  9  1 25  8  4  7  0]
 [ 4  0  0  0  0  0  0  0  0  0  0]]
gen= [[23  0  0  0  0  0  0  0  0  0  0]
 [26  0  0  0  0  0  0  0  0  0  0]
 [ 4  0  0  0  0  0  0  0  0  0  0]
 [25  0  0  0  0  0  0  0  0  0  0]
 [25  0  0  0  0  0  0  0  0  0  0]
 [ 0  0  0  0  0  0  0  0  0  0  0]
 [ 4  0  0  0  0  0  0  0  0  0  0]
 [ 0  0  0  0  0  0  0  0  0  0  0]
 [ 4  0  0  0  0  0  0  0  0  0  0]
 [ 0  0  0  0  0  0  0  0  0  0  0]]
valid: gen=0.08
reward: norm=0.9250536961229763
[ 150 iterations]
real= [[12 16 27 20  0  0  0  0  0  0  0]
 [ 7 19  3 20  8  0  0  0  0  0  0]
 [ 8 10 24 22 26 23  0  0  0  0  0]
 [15 10 21 20  8 27  0  0  0  0  0]
 [18 13 25 19  0  0  0  0  0  0  0]
 [ 5  1 25 24 26  7  0  0  0  0  0]
 [12 21 16  4 23  0  0  0  0  0  0]
 [26  7 12  3  9  1  4  2  0  0  0]
 [14 26 23 24  0  0  0  0  0  0  0]
 [21 17  2  0  0  0  0  0  0  0  0]]
gen= [[12  0  0  0  0  0  0  0  0  0  0]
 [ 3  0  0  0  0  0  0  0  0  0  0]
 [23  0  0  0  0  0  0  0  0  0  0]
 [15  0  0  0  0  0  0  0  0  0  0]
 [25  0  0  0  0  0  0  0  0  0  0]
 [25  0  0  0  0  0  0  0  0  0  0]
 [23 23  0  0  0  0  0  0  0  0  0]
 [ 4  0  0  0  0  0  0  0  0  0  0]
 [23  0  0  0  0  0  0  0  0  0  0]
 [17  0  0  0  0  0  0  0  0  0  0]]
valid: gen=0.119
reward: norm=0.9132626179001894
[ 160 iterations]
real= [[20  1  2 28 16 19  0  0  0  0  0]
 [27 24 10 13  9 19  4  5  0  0  0]
 [22  4  0  0  0  0  0  0  0  0  0]
 [26  0  0  0  0  0  0  0  0  0  0]
 [18 27  8 25  0  0  0  0  0  0  0]
 [ 7  6 24 18 16  3  0  0  0  0  0]
 [13 19  8 20 27  0  0  0  0  0  0]
 [15 24  8  0  0  0  0  0  0  0  0]
 [20 16 12  1  7  0  0  0  0  0  0]
 [ 2  0  0  0  0  0  0  0  0  0  0]]
gen= [[16  2  0  0  0  0  0  0  0  0  0]
 [ 4  4  0  0  0  0  0  0  0  0  0]
 [ 4  4  0  0  0  0  0  0  0  0  0]
 [26 26  0  0  0  0  0  0  0  0  0]
 [25 25  0  0  0  0  0  0  0  0  0]
 [ 7 24  0  0  0  0  0  0  0  0  0]
 [19 19  0  0  0  0  0  0  0  0  0]
 [15  0  0  0  0  0  0  0  0  0  0]
 [12 12  0  0  0  0  0  0  0  0  0]
 [ 2  2  0  0  0  0  0  0  0  0  0]]
valid: gen=0.118
reward: norm=0.906702809738089
[ 170 iterations]
real= [[23 21  9 24  0  0  0  0  0  0  0]
 [11 17  0  0  0  0  0  0  0  0  0]
 [15 24 27  1 26  0  0  0  0  0  0]
 [ 5 19 24  0  0  0  0  0  0  0  0]
 [22  2 28  4  0  0  0  0  0  0  0]
 [26  0  0  0  0  0  0  0  0  0  0]
 [ 5 14 12 20  0  0  0  0  0  0  0]
 [22  5  4  0  0  0  0  0  0  0  0]
 [18  2  8  0  0  0  0  0  0  0  0]
 [ 5 24  0  0  0  0  0  0  0  0  0]]
gen= [[24 24  0  0  0  0  0  0  0  0  0]
 [11 11  0  0  0  0  0  0  0  0  0]
 [26 26 24  0  0  0  0  0  0  0  0]
 [24 24  0  0  0  0  0  0  0  0  0]
 [ 2  2  0  0  0  0  0  0  0  0  0]
 [26  0  0  0  0  0  0  0  0  0  0]
 [12 12  0  0  0  0  0  0  0  0  0]
 [ 4  0  0  0  0  0  0  0  0  0  0]
 [ 2  2  0  0  0  0  0  0  0  0  0]
 [24  0  0  0  0  0  0  0  0  0  0]]
valid: gen=0.089
reward: norm=0.9196328600309837
[ 180 iterations]
real= [[28 19 12  4  0  0  0  0  0  0  0]
 [11 20 25 23 18  0  0  0  0  0  0]
 [20 14 16 24 15  5  0  0  0  0  0]
 [ 5 10  0  0  0  0  0  0  0  0  0]
 [18 15  4 23  0  0  0  0  0  0  0]
 [24 10 27  1  0  0  0  0  0  0  0]
 [ 7 19 28  2  9 12  0  0  0  0  0]
 [18 15  8  1  0  0  0  0  0  0  0]
 [13 26  7 28  0  0  0  0  0  0  0]
 [ 4  0  0  0  0  0  0  0  0  0  0]]
gen= [[ 4 19  0  0  0  0  0  0  0  0  0]
 [25 25  0  0  0  0  0  0  0  0  0]
 [15  0  0  0  0  0  0  0  0  0  0]
 [10  0  0  0  0  0  0  0  0  0  0]
 [15  0  0  0  0  0  0  0  0  0  0]
 [24 24  0  0  0  0  0  0  0  0  0]
 [ 2  0  0  0  0  0  0  0  0  0  0]
 [15  0  0  0  0  0  0  0  0  0  0]
 [26 26  0  0  0  0  0  0  0  0  0]
 [ 4  0  0  0  0  0  0  0  0  0  0]]
valid: gen=0.142
reward: norm=0.9254922716212475
[ 190 iterations]
real= [[11 15 23  0  0  0  0  0  0  0  0]
 [12  3 27 15 26  9  0  0  0  0  0]
 [ 4  6  3  0  0  0  0  0  0  0  0]
 [ 7 25  0  0  0  0  0  0  0  0  0]
 [20 25 16 14 18 12  7  0  0  0  0]
 [24 17  3  9  1 28  8  0  0  0  0]
 [20  2 27  4  0  0  0  0  0  0  0]
 [13 21 24 15  0  0  0  0  0  0  0]
 [27 26 18  3  9  1 25  8  4  7  0]
 [ 4  0  0  0  0  0  0  0  0  0  0]]
gen= [[15  0  0  0  0  0  0  0  0  0  0]
 [26 26  0  0  0  0  0  0  0  0  0]
 [ 6  0  0  0  0  0  0  0  0  0  0]
 [25  0  0  0  0  0  0  0  0  0  0]
 [25  0  0  0  0  0  0  0  0  0  0]
 [17  0  0  0  0  0  0  0  0  0  0]
 [ 2  0  0  0  0  0  0  0  0  0  0]
 [13  0  0  0  0  0  0  0  0  0  0]
 [ 8  0  0  0  0  0  0  0  0  0  0]
 [ 4  0  0  0  0  0  0  0  0  0  0]]
valid: gen=0.151
reward: norm=0.9198452897480371
[ 200 iterations]
real= [[12 16 27 20  0  0  0  0  0  0  0]
 [ 7 19  3 20  8  0  0  0  0  0  0]
 [ 8 10 24 22 26 23  0  0  0  0  0]
 [15 10 21 20  8 27  0  0  0  0  0]
 [18 13 25 19  0  0  0  0  0  0  0]
 [ 5  1 25 24 26  7  0  0  0  0  0]
 [12 21 16  4 23  0  0  0  0  0  0]
 [26  7 12  3  9  1  4  2  0  0  0]
 [14 26 23 24  0  0  0  0  0  0  0]
 [21 17  2  0  0  0  0  0  0  0  0]]
gen= [[27  0  0  0  0  0  0  0  0  0  0]
 [19  0  0  0  0  0  0  0  0  0  0]
 [10  0  0  0  0  0  0  0  0  0  0]
 [ 8  0  0  0  0  0  0  0  0  0  0]
 [13  0  0  0  0  0  0  0  0  0  0]
 [26  0  0  0  0  0  0  0  0  0  0]
 [21  0  0  0  0  0  0  0  0  0  0]
 [ 2  0  0  0  0  0  0  0  0  0  0]
 [26  0  0  0  0  0  0  0  0  0  0]
 [ 2  0  0  0  0  0  0  0  0  0  0]]
valid: gen=0.162
reward: norm=0.9149001773308105
[ 210 iterations]
real= [[20  1  2 28 16 19  0  0  0  0  0]
 [27 24 10 13  9 19  4  5  0  0  0]
 [22  4  0  0  0  0  0  0  0  0  0]
 [26  0  0  0  0  0  0  0  0  0  0]
 [18 27  8 25  0  0  0  0  0  0  0]
 [ 7  6 24 18 16  3  0  0  0  0  0]
 [13 19  8 20 27  0  0  0  0  0  0]
 [15 24  8  0  0  0  0  0  0  0  0]
 [20 16 12  1  7  0  0  0  0  0  0]
 [ 2  0  0  0  0  0  0  0  0  0  0]]
gen= [[19  0  0  0  0  0  0  0  0  0  0]
 [13  0  0  0  0  0  0  0  0  0  0]
 [22  0  0  0  0  0  0  0  0  0  0]
 [26  0  0  0  0  0  0  0  0  0  0]
 [ 8  0  0  0  0  0  0  0  0  0  0]
 [ 6  0  0  0  0  0  0  0  0  0  0]
 [13  0  0  0  0  0  0  0  0  0  0]
 [ 8  0  0  0  0  0  0  0  0  0  0]
 [ 1  0  0  0  0  0  0  0  0  0  0]
 [ 2  0  0  0  0  0  0  0  0  0  0]]
valid: gen=0.152
reward: norm=0.9178022375692372
[ 220 iterations]
real= [[23 21  9 24  0  0  0  0  0  0  0]
 [11 17  0  0  0  0  0  0  0  0  0]
 [15 24 27  1 26  0  0  0  0  0  0]
 [ 5 19 24  0  0  0  0  0  0  0  0]
 [22  2 28  4  0  0  0  0  0  0  0]
 [26  0  0  0  0  0  0  0  0  0  0]
 [ 5 14 12 20  0  0  0  0  0  0  0]
 [22  5  4  0  0  0  0  0  0  0  0]
 [18  2  8  0  0  0  0  0  0  0  0]
 [ 5 24  0  0  0  0  0  0  0  0  0]]
gen= [[21  0  0  0  0  0  0  0  0  0  0]
 [17  0  0  0  0  0  0  0  0  0  0]
 [ 1  0  0  0  0  0  0  0  0  0  0]
 [19  0  0  0  0  0  0  0  0  0  0]
 [ 2  0  0  0  0  0  0  0  0  0  0]
 [26  0  0  0  0  0  0  0  0  0  0]
 [14  0  0  0  0  0  0  0  0  0  0]
 [22  0  0  0  0  0  0  0  0  0  0]
 [ 8  0  0  0  0  0  0  0  0  0  0]
 [ 5  0  0  0  0  0  0  0  0  0  0]]
valid: gen=0.135
reward: norm=0.9157884589747592
[ 230 iterations]
real= [[28 19 12  4  0  0  0  0  0  0  0]
 [11 20 25 23 18  0  0  0  0  0  0]
 [20 14 16 24 15  5  0  0  0  0  0]
 [ 5 10  0  0  0  0  0  0  0  0  0]
 [18 15  4 23  0  0  0  0  0  0  0]
 [24 10 27  1  0  0  0  0  0  0  0]
 [ 7 19 28  2  9 12  0  0  0  0  0]
 [18 15  8  1  0  0  0  0  0  0  0]
 [13 26  7 28  0  0  0  0  0  0  0]
 [ 4  0  0  0  0  0  0  0  0  0  0]]
gen= [[ 4  0  0  0  0  0  0  0  0  0  0]
 [11  0  0  0  0  0  0  0  0  0  0]
 [14  0  0  0  0  0  0  0  0  0  0]
 [10  0  0  0  0  0  0  0  0  0  0]
 [18  0  0  0  0  0  0  0  0  0  0]
 [ 1  0  0  0  0  0  0  0  0  0  0]
 [ 7  0  0  0  0  0  0  0  0  0  0]
 [ 1  0  0  0  0  0  0  0  0  0  0]
 [ 7  0  0  0  0  0  0  0  0  0  0]
 [ 4  0  0  0  0  0  0  0  0  0  0]]
valid: gen=0.148
reward: norm=0.9286166770843121
[ 240 iterations]
real= [[11 15 23  0  0  0  0  0  0  0  0]
 [12  3 27 15 26  9  0  0  0  0  0]
 [ 4  6  3  0  0  0  0  0  0  0  0]
 [ 7 25  0  0  0  0  0  0  0  0  0]
 [20 25 16 14 18 12  7  0  0  0  0]
 [24 17  3  9  1 28  8  0  0  0  0]
 [20  2 27  4  0  0  0  0  0  0  0]
 [13 21 24 15  0  0  0  0  0  0  0]
 [27 26 18  3  9  1 25  8  4  7  0]
 [ 4  0  0  0  0  0  0  0  0  0  0]]
gen= [[11  0  0  0  0  0  0  0  0  0  0]
 [26 26  0  0  0  0  0  0  0  0  0]
 [ 6  0  0  0  0  0  0  0  0  0  0]
 [ 7  0  0  0  0  0  0  0  0  0  0]
 [ 7 14  0  0  0  0  0  0  0  0  0]
 [ 1  0  0  0  0  0  0  0  0  0  0]
 [ 2  0  0  0  0  0  0  0  0  0  0]
 [21  0  0  0  0  0  0  0  0  0  0]
 [ 7  1  0  0  0  0  0  0  0  0  0]
 [ 4  0  0  0  0  0  0  0  0  0  0]]
valid: gen=0.147
reward: norm=0.9380230488181674
[ 250 iterations]
real= [[12 16 27 20  0  0  0  0  0  0  0]
 [ 7 19  3 20  8  0  0  0  0  0  0]
 [ 8 10 24 22 26 23  0  0  0  0  0]
 [15 10 21 20  8 27  0  0  0  0  0]
 [18 13 25 19  0  0  0  0  0  0  0]
 [ 5  1 25 24 26  7  0  0  0  0  0]
 [12 21 16  4 23  0  0  0  0  0  0]
 [26  7 12  3  9  1  4  2  0  0  0]
 [14 26 23 24  0  0  0  0  0  0  0]
 [21 17  2  0  0  0  0  0  0  0  0]]
gen= [[16 16  0  0  0  0  0  0  0  0  0]
 [ 7  0  0  0  0  0  0  0  0  0  0]
 [10 10  0  0  0  0  0  0  0  0  0]
 [21 21  0  0  0  0  0  0  0  0  0]
 [13 13  0  0  0  0  0  0  0  0  0]
 [ 1  1  0  0  0  0  0  0  0  0  0]
 [21 21  0  0  0  0  0  0  0  0  0]
 [ 2  2  0  0  0  0  0  0  0  0  0]
 [14  0  0  0  0  0  0  0  0  0  0]
 [21  0  0  0  0  0  0  0  0  0  0]]
valid: gen=0.149
reward: norm=0.9400386778996744
[ 260 iterations]
real= [[20  1  2 28 16 19  0  0  0  0  0]
 [27 24 10 13  9 19  4  5  0  0  0]
 [22  4  0  0  0  0  0  0  0  0  0]
 [26  0  0  0  0  0  0  0  0  0  0]
 [18 27  8 25  0  0  0  0  0  0  0]
 [ 7  6 24 18 16  3  0  0  0  0  0]
 [13 19  8 20 27  0  0  0  0  0  0]
 [15 24  8  0  0  0  0  0  0  0  0]
 [20 16 12  1  7  0  0  0  0  0  0]
 [ 2  0  0  0  0  0  0  0  0  0  0]]
gen= [[ 2  2  0  0  0  0  0  0  0  0  0]
 [10 10  0  0  0  0  0  0  0  0  0]
 [22  0  0  0  0  0  0  0  0  0  0]
 [26 26  0  0  0  0  0  0  0  0  0]
 [ 8  8  0  0  0  0  0  0  0  0  0]
 [ 7  6  0  0  0  0  0  0  0  0  0]
 [27 13 13  0  0  0  0  0  0  0  0]
 [ 8  8  0  0  0  0  0  0  0  0  0]
 [ 7  1  0  0  0  0  0  0  0  0  0]
 [ 2  0  0  0  0  0  0  0  0  0  0]]
valid: gen=0.145
reward: norm=0.9422628809848043
[ 270 iterations]
real= [[23 21  9 24  0  0  0  0  0  0  0]
 [11 17  0  0  0  0  0  0  0  0  0]
 [15 24 27  1 26  0  0  0  0  0  0]
 [ 5 19 24  0  0  0  0  0  0  0  0]
 [22  2 28  4  0  0  0  0  0  0  0]
 [26  0  0  0  0  0  0  0  0  0  0]
 [ 5 14 12 20  0  0  0  0  0  0  0]
 [22  5  4  0  0  0  0  0  0  0  0]
 [18  2  8  0  0  0  0  0  0  0  0]
 [ 5 24  0  0  0  0  0  0  0  0  0]]
gen= [[21 21  0  0  0  0  0  0  0  0  0]
 [11 17  0  0  0  0  0  0  0  0  0]
 [26 26  0  0  0  0  0  0  0  0  0]
 [ 5  5  0  0  0  0  0  0  0  0  0]
 [ 2  0  0  0  0  0  0  0  0  0  0]
 [26 26  0  0  0  0  0  0  0  0  0]
 [ 5 14  0  0  0  0  0  0  0  0  0]
 [22 22  0  0  0  0  0  0  0  0  0]
 [ 2  0  0  0  0  0  0  0  0  0  0]
 [ 5  5  0  0  0  0  0  0  0  0  0]]
valid: gen=0.128
reward: norm=0.9387022810704629
[ 280 iterations]
real= [[28 19 12  4  0  0  0  0  0  0  0]
 [11 20 25 23 18  0  0  0  0  0  0]
 [20 14 16 24 15  5  0  0  0  0  0]
 [ 5 10  0  0  0  0  0  0  0  0  0]
 [18 15  4 23  0  0  0  0  0  0  0]
 [24 10 27  1  0  0  0  0  0  0  0]
 [ 7 19 28  2  9 12  0  0  0  0  0]
 [18 15  8  1  0  0  0  0  0  0  0]
 [13 26  7 28  0  0  0  0  0  0  0]
 [ 4  0  0  0  0  0  0  0  0  0  0]]
gen= [[ 4  4  0  0  0  0  0  0  0  0  0]
 [11 18  0  0  0  0  0  0  0  0  0]
 [16 16  0  0  0  0  0  0  0  0  0]
 [10 10  0  0  0  0  0  0  0  0  0]
 [ 4  4  4  0  0  0  0  0  0  0  0]
 [10 10  0  0  0  0  0  0  0  0  0]
 [ 2  2  0  0  0  0  0  0  0  0  0]
 [ 8  8  0  0  0  0  0  0  0  0  0]
 [28 13  0  0  0  0  0  0  0  0  0]
 [ 4  0  0  0  0  0  0  0  0  0  0]]
valid: gen=0.123
reward: norm=0.9385767008603672
[ 290 iterations]
real= [[11 15 23  0  0  0  0  0  0  0  0]
 [12  3 27 15 26  9  0  0  0  0  0]
 [ 4  6  3  0  0  0  0  0  0  0  0]
 [ 7 25  0  0  0  0  0  0  0  0  0]
 [20 25 16 14 18 12  7  0  0  0  0]
 [24 17  3  9  1 28  8  0  0  0  0]
 [20  2 27  4  0  0  0  0  0  0  0]
 [13 21 24 15  0  0  0  0  0  0  0]
 [27 26 18  3  9  1 25  8  4  7  0]
 [ 4  0  0  0  0  0  0  0  0  0  0]]
gen= [[11 11  0  0  0  0  0  0  0  0  0]
 [26 26 26 26 26  3  0  0  0  0  0]
 [ 4  0  0  0  0  0  0  0  0  0  0]
 [25  0  0  0  0  0  0  0  0  0  0]
 [16 16 16 16 16  0  0  0  0  0  0]
 [28 28 28  3  0  0  0  0  0  0  0]
 [ 2  2  0  0  0  0  0  0  0  0  0]
 [21 21  0  0  0  0  0  0  0  0  0]
 [ 4  4  4  4  4  4  0  0  0  0  0]
 [ 4  0  0  0  0  0  0  0  0  0  0]]
valid: gen=0.135
reward: norm=0.9418650308573675
[ 300 iterations]
real= [[12 16 27 20  0  0  0  0  0  0  0]
 [ 7 19  3 20  8  0  0  0  0  0  0]
 [ 8 10 24 22 26 23  0  0  0  0  0]
 [15 10 21 20  8 27  0  0  0  0  0]
 [18 13 25 19  0  0  0  0  0  0  0]
 [ 5  1 25 24 26  7  0  0  0  0  0]
 [12 21 16  4 23  0  0  0  0  0  0]
 [26  7 12  3  9  1  4  2  0  0  0]
 [14 26 23 24  0  0  0  0  0  0  0]
 [21 17  2  0  0  0  0  0  0  0  0]]
gen= [[16 16  0  0  0  0  0  0  0  0  0]
 [ 8 20 20 20  3  3  0  0  0  0  0]
 [23 23  0  0  0  0  0  0  0  0  0]
 [21 21 21 21  0  0  0  0  0  0  0]
 [25 25  0  0  0  0  0  0  0  0  0]
 [25 24  0  0  0  0  0  0  0  0  0]
 [16 16 16 16 16  0  0  0  0  0  0]
 [ 2  2  0  0  0  0  0  0  0  0  0]
 [23 23  0  0  0  0  0  0  0  0  0]
 [ 2  2  0  0  0  0  0  0  0  0  0]]
valid: gen=0.137
reward: norm=0.9323186402172683
[ 310 iterations]
real= [[20  1  2 28 16 19  0  0  0  0  0]
 [27 24 10 13  9 19  4  5  0  0  0]
 [22  4  0  0  0  0  0  0  0  0  0]
 [26  0  0  0  0  0  0  0  0  0  0]
 [18 27  8 25  0  0  0  0  0  0  0]
 [ 7  6 24 18 16  3  0  0  0  0  0]
 [13 19  8 20 27  0  0  0  0  0  0]
 [15 24  8  0  0  0  0  0  0  0  0]
 [20 16 12  1  7  0  0  0  0  0  0]
 [ 2  0  0  0  0  0  0  0  0  0  0]]
gen= [[ 2  2  0  0  0  0  0  0  0  0  0]
 [13 24 24 24  0  0  0  0  0  0  0]
 [22  0  0  0  0  0  0  0  0  0  0]
 [26 26  0  0  0  0  0  0  0  0  0]
 [25 25 25 25 25 25 25 25 25  0  0]
 [16  6  6  6  3  0  0  0  0  0  0]
 [20 20 20 20 20 20  0  0  0  0  0]
 [15 15  0  0  0  0  0  0  0  0  0]
 [16 16 16  0  0  0  0  0  0  0  0]
 [ 2  0  0  0  0  0  0  0  0  0  0]]
valid: gen=0.13
reward: norm=0.9479902498280521
[ 320 iterations]
real= [[23 21  9 24  0  0  0  0  0  0  0]
 [11 17  0  0  0  0  0  0  0  0  0]
 [15 24 27  1 26  0  0  0  0  0  0]
 [ 5 19 24  0  0  0  0  0  0  0  0]
 [22  2 28  4  0  0  0  0  0  0  0]
 [26  0  0  0  0  0  0  0  0  0  0]
 [ 5 14 12 20  0  0  0  0  0  0  0]
 [22  5  4  0  0  0  0  0  0  0  0]
 [18  2  8  0  0  0  0  0  0  0  0]
 [ 5 24  0  0  0  0  0  0  0  0  0]]
gen= [[21 24 24  0  0  0  0  0  0  0  0]
 [11  0  0  0  0  0  0  0  0  0  0]
 [15 15 15 24  0  0  0  0  0  0  0]
 [24  0  0  0  0  0  0  0  0  0  0]
 [ 2  2  0  0  0  0  0  0  0  0  0]
 [26 26  0  0  0  0  0  0  0  0  0]
 [20 20  0  0  0  0  0  0  0  0  0]
 [22 22  0  0  0  0  0  0  0  0  0]
 [ 2  2  2  0  0  0  0  0  0  0  0]
 [24 24  0  0  0  0  0  0  0  0  0]]
valid: gen=0.113
reward: norm=0.9502295529113768
[ 330 iterations]
real= [[28 19 12  4  0  0  0  0  0  0  0]
 [11 20 25 23 18  0  0  0  0  0  0]
 [20 14 16 24 15  5  0  0  0  0  0]
 [ 5 10  0  0  0  0  0  0  0  0  0]
 [18 15  4 23  0  0  0  0  0  0  0]
 [24 10 27  1  0  0  0  0  0  0  0]
 [ 7 19 28  2  9 12  0  0  0  0  0]
 [18 15  8  1  0  0  0  0  0  0  0]
 [13 26  7 28  0  0  0  0  0  0  0]
 [ 4  0  0  0  0  0  0  0  0  0  0]]
gen= [[12 19  0  0  0  0  0  0  0  0  0]
 [11 25 25  0  0  0  0  0  0  0  0]
 [16 15 24 24 24 24  0  0  0  0  0]
 [10 10  0  0  0  0  0  0  0  0  0]
 [15 15 15 15 15 15 15  0  0  0  0]
 [10 24  0  0  0  0  0  0  0  0  0]
 [ 2  2  2  0  0  0  0  0  0  0  0]
 [15 15 15 15 15 15 15  0  0  0  0]
 [26 26  0  0  0  0  0  0  0  0  0]
 [ 4  0  0  0  0  0  0  0  0  0  0]]
valid: gen=0.096
reward: norm=0.9393150736472112
[ 340 iterations]
real= [[11 15 23  0  0  0  0  0  0  0  0]
 [12  3 27 15 26  9  0  0  0  0  0]
 [ 4  6  3  0  0  0  0  0  0  0  0]
 [ 7 25  0  0  0  0  0  0  0  0  0]
 [20 25 16 14 18 12  7  0  0  0  0]
 [24 17  3  9  1 28  8  0  0  0  0]
 [20  2 27  4  0  0  0  0  0  0  0]
 [13 21 24 15  0  0  0  0  0  0  0]
 [27 26 18  3  9  1 25  8  4  7  0]
 [ 4  0  0  0  0  0  0  0  0  0  0]]
gen= [[11 15  0  0  0  0  0  0  0  0  0]
 [26  3  0  0  0  0  0  0  0  0  0]
 [ 6  3  0  0  0  0  0  0  0  0  0]
 [ 7  0  0  0  0  0  0  0  0  0  0]
 [ 7 14 14 14 14 14  0  0  0  0  0]
 [17 17 17 17 17  0  0  0  0  0  0]
 [ 2  2  2  2  2  0  0  0  0  0  0]
 [21 13 13 13  0  0  0  0  0  0  0]
 [ 7 26 26 26 18  3  0  0  0  0  0]
 [ 4  0  0  0  0  0  0  0  0  0  0]]
valid: gen=0.094
reward: norm=0.9311497669268458
[ 350 iterations]
real= [[12 16 27 20  0  0  0  0  0  0  0]
 [ 7 19  3 20  8  0  0  0  0  0  0]
 [ 8 10 24 22 26 23  0  0  0  0  0]
 [15 10 21 20  8 27  0  0  0  0  0]
 [18 13 25 19  0  0  0  0  0  0  0]
 [ 5  1 25 24 26  7  0  0  0  0  0]
 [12 21 16  4 23  0  0  0  0  0  0]
 [26  7 12  3  9  1  4  2  0  0  0]
 [14 26 23 24  0  0  0  0  0  0  0]
 [21 17  2  0  0  0  0  0  0  0  0]]
gen= [[12 12 12  0  0  0  0  0  0  0  0]
 [ 7 19 19  0  0  0  0  0  0  0  0]
 [10 10 10 10  0  0  0  0  0  0  0]
 [10 10 10 10 10 10  0  0  0  0  0]
 [18 19 19 19 19 19 19  0  0  0  0]
 [ 7 26  0  0  0  0  0  0  0  0  0]
 [21 21 21 21 21  0  0  0  0  0  0]
 [ 7  7  2  2  2  9  0  0  0  0  0]
 [14 14 14 14 14  0  0  0  0  0  0]
 [ 2 17  0  0  0  0  0  0  0  0  0]]
valid: gen=0.107
reward: norm=0.9458206805210903
[ 360 iterations]
real= [[20  1  2 28 16 19  0  0  0  0  0]
 [27 24 10 13  9 19  4  5  0  0  0]
 [22  4  0  0  0  0  0  0  0  0  0]
 [26  0  0  0  0  0  0  0  0  0  0]
 [18 27  8 25  0  0  0  0  0  0  0]
 [ 7  6 24 18 16  3  0  0  0  0  0]
 [13 19  8 20 27  0  0  0  0  0  0]
 [15 24  8  0  0  0  0  0  0  0  0]
 [20 16 12  1  7  0  0  0  0  0  0]
 [ 2  0  0  0  0  0  0  0  0  0  0]]
gen= [[ 2 19 19 19  0  0  0  0  0  0  0]
 [13 10 19 19 19 19 19  0  0  0  0]
 [22 22 22  0  0  0  0  0  0  0  0]
 [26 26  0  0  0  0  0  0  0  0  0]
 [18 18 18 18 18  0  0  0  0  0  0]
 [ 7 18 18  0  0  0  0  0  0  0  0]
 [13 13 19 19 19 19 19  0  0  0  0]
 [ 8  8  8  0  0  0  0  0  0  0  0]
 [ 7  7  7  1  0  0  0  0  0  0  0]
 [ 2  0  0  0  0  0  0  0  0  0  0]]
valid: gen=0.089
reward: norm=0.9414244996878847
[ 370 iterations]
real= [[23 21  9 24  0  0  0  0  0  0  0]
 [11 17  0  0  0  0  0  0  0  0  0]
 [15 24 27  1 26  0  0  0  0  0  0]
 [ 5 19 24  0  0  0  0  0  0  0  0]
 [22  2 28  4  0  0  0  0  0  0  0]
 [26  0  0  0  0  0  0  0  0  0  0]
 [ 5 14 12 20  0  0  0  0  0  0  0]
 [22  5  4  0  0  0  0  0  0  0  0]
 [18  2  8  0  0  0  0  0  0  0  0]
 [ 5 24  0  0  0  0  0  0  0  0  0]]
gen= [[ 9  9  0  0  0  0  0  0  0  0  0]
 [17 17  0  0  0  0  0  0  0  0  0]
 [ 1  1  1  1  1  0  0  0  0  0  0]
 [ 5 19 19  0  0  0  0  0  0  0  0]
 [ 2  2  0  0  0  0  0  0  0  0  0]
 [26 26  0  0  0  0  0  0  0  0  0]
 [14 14 14  0  0  0  0  0  0  0  0]
 [22  0  0  0  0  0  0  0  0  0  0]
 [ 2  2  2  0  0  0  0  0  0  0  0]
 [ 5  5  0  0  0  0  0  0  0  0  0]]
valid: gen=0.077
reward: norm=0.9188930482228781
[ 380 iterations]
real= [[28 19 12  4  0  0  0  0  0  0  0]
 [11 20 25 23 18  0  0  0  0  0  0]
 [20 14 16 24 15  5  0  0  0  0  0]
 [ 5 10  0  0  0  0  0  0  0  0  0]
 [18 15  4 23  0  0  0  0  0  0  0]
 [24 10 27  1  0  0  0  0  0  0  0]
 [ 7 19 28  2  9 12  0  0  0  0  0]
 [18 15  8  1  0  0  0  0  0  0  0]
 [13 26  7 28  0  0  0  0  0  0  0]
 [ 4  0  0  0  0  0  0  0  0  0  0]]
gen= [[12 19 19 19 19  0  0  0  0  0  0]
 [11 20 25 25 25  0  0  0  0  0  0]
 [14 14 14 14  0  0  0  0  0  0  0]
 [10  0  0  0  0  0  0  0  0  0  0]
 [18 18 18 18  0  0  0  0  0  0  0]
 [ 1  1  1  1  1  0  0  0  0  0  0]
 [ 9  9  9  9  9  0  0  0  0  0  0]
 [ 1  1  1  1  1  1  0  0  0  0  0]
 [13 13 13 13  0  0  0  0  0  0  0]
 [ 4  0  0  0  0  0  0  0  0  0  0]]
valid: gen=0.09
reward: norm=0.9125578155869224
[ 390 iterations]
real= [[11 15 23  0  0  0  0  0  0  0  0]
 [12  3 27 15 26  9  0  0  0  0  0]
 [ 4  6  3  0  0  0  0  0  0  0  0]
 [ 7 25  0  0  0  0  0  0  0  0  0]
 [20 25 16 14 18 12  7  0  0  0  0]
 [24 17  3  9  1 28  8  0  0  0  0]
 [20  2 27  4  0  0  0  0  0  0  0]
 [13 21 24 15  0  0  0  0  0  0  0]
 [27 26 18  3  9  1 25  8  4  7  0]
 [ 4  0  0  0  0  0  0  0  0  0  0]]
gen= [[11 11  0  0  0  0  0  0  0  0  0]
 [ 9  9  9  9  9  9  0  0  0  0  0]
 [ 6  6  0  0  0  0  0  0  0  0  0]
 [25 25 25 25  0  0  0  0  0  0  0]
 [14 14 14 14 14  0  0  0  0  0  0]
 [ 9  9  9  9  0  0  0  0  0  0  0]
 [27 27  0  0  0  0  0  0  0  0  0]
 [13 13 13  0  0  0  0  0  0  0  0]
 [ 9  9  9  9  9  9  9  0  0  0  0]
 [ 4  4  0  0  0  0  0  0  0  0  0]]
valid: gen=0.1
reward: norm=0.9067616157488381
[ 400 iterations]
real= [[12 16 27 20  0  0  0  0  0  0  0]
 [ 7 19  3 20  8  0  0  0  0  0  0]
 [ 8 10 24 22 26 23  0  0  0  0  0]
 [15 10 21 20  8 27  0  0  0  0  0]
 [18 13 25 19  0  0  0  0  0  0  0]
 [ 5  1 25 24 26  7  0  0  0  0  0]
 [12 21 16  4 23  0  0  0  0  0  0]
 [26  7 12  3  9  1  4  2  0  0  0]
 [14 26 23 24  0  0  0  0  0  0  0]
 [21 17  2  0  0  0  0  0  0  0  0]]
gen= [[27 27  0  0  0  0  0  0  0  0  0]
 [20  8  8  8  8  0  0  0  0  0  0]
 [ 8  8  8  8  0  0  0  0  0  0  0]
 [20  8  8  8  8  0  0  0  0  0  0]
 [25 25 13 13 13 13  0  0  0  0  0]
 [ 1  1  1  0  0  0  0  0  0  0  0]
 [21 21 21 21  0  0  0  0  0  0  0]
 [ 9  9  9  9  0  0  0  0  0  0  0]
 [14 14 14 14 14  0  0  0  0  0  0]
 [21 21 17  0  0  0  0  0  0  0  0]]
valid: gen=0.099
reward: norm=0.9135715941326921
[ 410 iterations]
real= [[20  1  2 28 16 19  0  0  0  0  0]
 [27 24 10 13  9 19  4  5  0  0  0]
 [22  4  0  0  0  0  0  0  0  0  0]
 [26  0  0  0  0  0  0  0  0  0  0]
 [18 27  8 25  0  0  0  0  0  0  0]
 [ 7  6 24 18 16  3  0  0  0  0  0]
 [13 19  8 20 27  0  0  0  0  0  0]
 [15 24  8  0  0  0  0  0  0  0  0]
 [20 16 12  1  7  0  0  0  0  0  0]
 [ 2  0  0  0  0  0  0  0  0  0  0]]
gen= [[20 20 20  1  1  0  0  0  0  0  0]
 [ 9  9  9  9  9  9  9  0  0  0  0]
 [22 22  0  0  0  0  0  0  0  0  0]
 [26 26  0  0  0  0  0  0  0  0  0]
 [ 8  8  8  0  0  0  0  0  0  0  0]
 [16 16 16  6  0  0  0  0  0  0  0]
 [20  8  8  8  8  8  0  0  0  0  0]
 [ 8  8  0  0  0  0  0  0  0  0  0]
 [20 20 20  1  1  0  0  0  0  0  0]
 [ 2  0  0  0  0  0  0  0  0  0  0]]
valid: gen=0.093
reward: norm=0.9439572846083883
[ 420 iterations]
real= [[23 21  9 24  0  0  0  0  0  0  0]
 [11 17  0  0  0  0  0  0  0  0  0]
 [15 24 27  1 26  0  0  0  0  0  0]
 [ 5 19 24  0  0  0  0  0  0  0  0]
 [22  2 28  4  0  0  0  0  0  0  0]
 [26  0  0  0  0  0  0  0  0  0  0]
 [ 5 14 12 20  0  0  0  0  0  0  0]
 [22  5  4  0  0  0  0  0  0  0  0]
 [18  2  8  0  0  0  0  0  0  0  0]
 [ 5 24  0  0  0  0  0  0  0  0  0]]
gen= [[21 21  9  9  9  0  0  0  0  0  0]
 [11 11 17  0  0  0  0  0  0  0  0]
 [ 1  1  0  0  0  0  0  0  0  0  0]
 [ 5  5  5 24  0  0  0  0  0  0  0]
 [28 28  0  0  0  0  0  0  0  0  0]
 [26  0  0  0  0  0  0  0  0  0  0]
 [20 20 12  0  0  0  0  0  0  0  0]
 [22 22 22  0  0  0  0  0  0  0  0]
 [ 8  8  0  0  0  0  0  0  0  0  0]
 [ 5  5  0  0  0  0  0  0  0  0  0]]
valid: gen=0.075
reward: norm=0.9503684579145548
[ 430 iterations]
real= [[28 19 12  4  0  0  0  0  0  0  0]
 [11 20 25 23 18  0  0  0  0  0  0]
 [20 14 16 24 15  5  0  0  0  0  0]
 [ 5 10  0  0  0  0  0  0  0  0  0]
 [18 15  4 23  0  0  0  0  0  0  0]
 [24 10 27  1  0  0  0  0  0  0  0]
 [ 7 19 28  2  9 12  0  0  0  0  0]
 [18 15  8  1  0  0  0  0  0  0  0]
 [13 26  7 28  0  0  0  0  0  0  0]
 [ 4  0  0  0  0  0  0  0  0  0  0]]
gen= [[28 28 28 28 12  0  0  0  0  0  0]
 [20 25 25 25 25  0  0  0  0  0  0]
 [16 16 16 16  0  0  0  0  0  0  0]
 [ 5 10  0  0  0  0  0  0  0  0  0]
 [18 15 15  0  0  0  0  0  0  0  0]
 [27 24  0  0  0  0  0  0  0  0  0]
 [28 28 28 28 12  0  0  0  0  0  0]
 [ 8  8  8  8  0  0  0  0  0  0  0]
 [28 28 28 28  0  0  0  0  0  0  0]
 [ 4  0  0  0  0  0  0  0  0  0  0]]
valid: gen=0.097
reward: norm=0.9693075464870644
[ 440 iterations]
real= [[11 15 23  0  0  0  0  0  0  0  0]
 [12  3 27 15 26  9  0  0  0  0  0]
 [ 4  6  3  0  0  0  0  0  0  0  0]
 [ 7 25  0  0  0  0  0  0  0  0  0]
 [20 25 16 14 18 12  7  0  0  0  0]
 [24 17  3  9  1 28  8  0  0  0  0]
 [20  2 27  4  0  0  0  0  0  0  0]
 [13 21 24 15  0  0  0  0  0  0  0]
 [27 26 18  3  9  1 25  8  4  7  0]
 [ 4  0  0  0  0  0  0  0  0  0  0]]
gen= [[11 15 15  0  0  0  0  0  0  0  0]
 [15 15 15 15 15  0  0  0  0  0  0]
 [ 6  3  0  0  0  0  0  0  0  0  0]
 [25 25 25  0  0  0  0  0  0  0  0]
 [16 16 16 16  0  0  0  0  0  0  0]
 [28 28 28  0  0  0  0  0  0  0  0]
 [20  2  0  0  0  0  0  0  0  0  0]
 [15 15 21  0  0  0  0  0  0  0  0]
 [25 25  8  8  8  8  0  0  0  0  0]
 [ 4  4  0  0  0  0  0  0  0  0  0]]
valid: gen=0.11
reward: norm=0.9785887853904357
[ 450 iterations]
real= [[12 16 27 20  0  0  0  0  0  0  0]
 [ 7 19  3 20  8  0  0  0  0  0  0]
 [ 8 10 24 22 26 23  0  0  0  0  0]
 [15 10 21 20  8 27  0  0  0  0  0]
 [18 13 25 19  0  0  0  0  0  0  0]
 [ 5  1 25 24 26  7  0  0  0  0  0]
 [12 21 16  4 23  0  0  0  0  0  0]
 [26  7 12  3  9  1  4  2  0  0  0]
 [14 26 23 24  0  0  0  0  0  0  0]
 [21 17  2  0  0  0  0  0  0  0  0]]
gen= [[16 16 16 16  0  0  0  0  0  0  0]
 [ 7  3  3  3  0  0  0  0  0  0  0]
 [22 22 24 24 24  0  0  0  0  0  0]
 [15 15 15 15 15  0  0  0  0  0  0]
 [18 25 25 25 25  0  0  0  0  0  0]
 [25 25 25 24 24 24  0  0  0  0  0]
 [16 16  0  0  0  0  0  0  0  0  0]
 [ 2  3  3  3  3  0  0  0  0  0  0]
 [26 24 24  0  0  0  0  0  0  0  0]
 [21  0  0  0  0  0  0  0  0  0  0]]
valid: gen=0.109
reward: norm=0.9647249419403314
[ 460 iterations]
real= [[20  1  2 28 16 19  0  0  0  0  0]
 [27 24 10 13  9 19  4  5  0  0  0]
 [22  4  0  0  0  0  0  0  0  0  0]
 [26  0  0  0  0  0  0  0  0  0  0]
 [18 27  8 25  0  0  0  0  0  0  0]
 [ 7  6 24 18 16  3  0  0  0  0  0]
 [13 19  8 20 27  0  0  0  0  0  0]
 [15 24  8  0  0  0  0  0  0  0  0]
 [20 16 12  1  7  0  0  0  0  0  0]
 [ 2  0  0  0  0  0  0  0  0  0  0]]
gen= [[16 16 16 16 16  0  0  0  0  0  0]
 [13 24 24  0  0  0  0  0  0  0  0]
 [22 22  0  0  0  0  0  0  0  0  0]
 [26 26 26  0  0  0  0  0  0  0  0]
 [18 18 18 18 18  8  0  0  0  0  0]
 [16 16  3  0  0  0  0  0  0  0  0]
 [13 13 13  0  0  0  0  0  0  0  0]
 [15 15  0  0  0  0  0  0  0  0  0]
 [16 16 16  0  0  0  0  0  0  0  0]
 [ 2  2  0  0  0  0  0  0  0  0  0]]
valid: gen=0.096
reward: norm=0.9640130933324513
[ 470 iterations]
real= [[23 21  9 24  0  0  0  0  0  0  0]
 [11 17  0  0  0  0  0  0  0  0  0]
 [15 24 27  1 26  0  0  0  0  0  0]
 [ 5 19 24  0  0  0  0  0  0  0  0]
 [22  2 28  4  0  0  0  0  0  0  0]
 [26  0  0  0  0  0  0  0  0  0  0]
 [ 5 14 12 20  0  0  0  0  0  0  0]
 [22  5  4  0  0  0  0  0  0  0  0]
 [18  2  8  0  0  0  0  0  0  0  0]
 [ 5 24  0  0  0  0  0  0  0  0  0]]
gen= [[24 24 24  0  0  0  0  0  0  0  0]
 [11  0  0  0  0  0  0  0  0  0  0]
 [15 15 15 15 15  0  0  0  0  0  0]
 [24 24 24  0  0  0  0  0  0  0  0]
 [ 2 28  2  2  0  0  0  0  0  0  0]
 [26 26 26 26  0  0  0  0  0  0  0]
 [ 5 14  0  0  0  0  0  0  0  0  0]
 [22 22 22  0  0  0  0  0  0  0  0]
 [18  2  0  0  0  0  0  0  0  0  0]
 [24 24  0  0  0  0  0  0  0  0  0]]
valid: gen=0.087
reward: norm=0.9555025357170207
[ 480 iterations]
real= [[28 19 12  4  0  0  0  0  0  0  0]
 [11 20 25 23 18  0  0  0  0  0  0]
 [20 14 16 24 15  5  0  0  0  0  0]
 [ 5 10  0  0  0  0  0  0  0  0  0]
 [18 15  4 23  0  0  0  0  0  0  0]
 [24 10 27  1  0  0  0  0  0  0  0]
 [ 7 19 28  2  9 12  0  0  0  0  0]
 [18 15  8  1  0  0  0  0  0  0  0]
 [13 26  7 28  0  0  0  0  0  0  0]
 [ 4  0  0  0  0  0  0  0  0  0  0]]
gen= [[28 28  0  0  0  0  0  0  0  0  0]
 [11 11 11 18  0  0  0  0  0  0  0]
 [15 24 24  0  0  0  0  0  0  0  0]
 [ 5 10 10  0  0  0  0  0  0  0  0]
 [15 15 15  0  0  0  0  0  0  0  0]
 [24 24 24 24  0  0  0  0  0  0  0]
 [ 7  2  0  0  0  0  0  0  0  0  0]
 [15 15  0  0  0  0  0  0  0  0  0]
 [26 26  0  0  0  0  0  0  0  0  0]
 [ 4  0  0  0  0  0  0  0  0  0  0]]
valid: gen=0.118
reward: norm=0.9492526322048506
[ 490 iterations]
real= [[11 15 23  0  0  0  0  0  0  0  0]
 [12  3 27 15 26  9  0  0  0  0  0]
 [ 4  6  3  0  0  0  0  0  0  0  0]
 [ 7 25  0  0  0  0  0  0  0  0  0]
 [20 25 16 14 18 12  7  0  0  0  0]
 [24 17  3  9  1 28  8  0  0  0  0]
 [20  2 27  4  0  0  0  0  0  0  0]
 [13 21 24 15  0  0  0  0  0  0  0]
 [27 26 18  3  9  1 25  8  4  7  0]
 [ 4  0  0  0  0  0  0  0  0  0  0]]
gen= [[15 15 15 15 15  0  0  0  0  0  0]
 [ 3  3  3  3  3  0  0  0  0  0  0]
 [ 3  3  3  0  0  0  0  0  0  0  0]
 [ 7  7  0  0  0  0  0  0  0  0  0]
 [16 16 16 16 16  0  0  0  0  0  0]
 [ 3  3  3  3  3  0  0  0  0  0  0]
 [ 2  2  2  2  0  0  0  0  0  0  0]
 [15 24 24 24  0  0  0  0  0  0  0]
 [ 3  3  3  3  3  3  0  0  0  0  0]
 [ 4  0  0  0  0  0  0  0  0  0  0]]
valid: gen=0.085
reward: norm=0.9483153410001688
