read problem
[ 1 iterations]
real=[[23, 21, 20, 17, 1, 5, 3, 11, 4, 13, 0], [27, 22, 21, 18, 1, 14, 9, 2, 3, 7, 0], [28, 24, 23, 22, 16, 8, 15, 2, 17, 13, 0], [24, 22, 20, 15, 19, 14, 5, 2, 12, 11, 0], [28, 26, 25, 18, 4, 7, 9, 6, 12, 13, 0], [24, 23, 22, 19, 16, 14, 6, 15, 10, 8, 0], [27, 21, 18, 15, 16, 14, 9, 2, 10, 11, 0], [17, 16, 14, 13, 1, 10, 4, 6, 12, 11, 0], [9, 6, 19, 23, 8, 21, 0, 0, 0, 0, 0], [27, 26, 24, 23, 1, 21, 18, 16, 10, 20, 0]]
gen=[[20, 21, 23, 17, 1, 4, 13, 11, 3, 5, 0], [21, 22, 27, 18, 2, 1, 7, 9, 3, 14, 0], [23, 22, 17, 24, 15, 28, 8, 2, 13, 16, 0], [20, 22, 19, 24, 15, 12, 2, 11, 14, 5, 0], [25, 26, 28, 18, 13, 9, 12, 4, 7, 6, 0], [22, 19, 23, 24, 15, 14, 6, 10, 8, 16, 0], [21, 27, 15, 16, 10, 9, 11, 14, 18, 2, 0], [17, 1, 10, 11, 6, 14, 12, 4, 16, 13, 0], [19, 21, 23, 9, 6, 8, 0, 0, 0, 0, 0], [21, 20, 23, 24, 26, 27, 1, 18, 10, 16, 0]]
valid routes=1.0
norm-reward=0.755299214088721
[ 2 iterations]
real=[[24, 23, 21, 14, 1, 7, 4, 10, 12, 13, 0], [26, 18, 16, 13, 1, 2, 3, 6, 10, 7, 0], [19, 15, 13, 12, 4, 5, 3, 6, 10, 11, 0], [9, 28, 4, 11, 16, 18, 0, 0, 0, 0, 0], [24, 27, 25, 0, 0, 0, 0, 0, 0, 0, 0], [27, 26, 25, 22, 1, 18, 5, 15, 21, 8, 0], [22, 5, 12, 18, 3, 8, 6, 0, 0, 0, 0], [26, 22, 17, 14, 16, 7, 3, 1, 12, 11, 0], [28, 26, 21, 19, 16, 5, 9, 6, 15, 20, 0], [28, 9, 13, 23, 15, 22, 25, 0, 0, 0, 0]]
gen=[[24, 23, 21, 7, 13, 10, 1, 4, 14, 12, 0], [26, 3, 7, 13, 16, 6, 2, 1, 18, 10, 0], [19, 13, 6, 4, 15, 11, 10, 5, 3, 12, 0], [28, 4, 16, 18, 9, 11, 0, 0, 0, 0, 0], [25, 27, 24, 0, 0, 0, 0, 0, 0, 0, 0], [25, 27, 26, 22, 21, 1, 18, 15, 5, 8, 0], [22, 3, 6, 12, 18, 8, 5, 0, 0, 0, 0], [26, 22, 17, 16, 7, 14, 11, 1, 3, 12, 0], [26, 20, 28, 21, 19, 6, 16, 9, 15, 5, 0], [25, 28, 23, 22, 15, 9, 13, 0, 0, 0, 0]]
valid routes=1.0
norm-reward=0.748327352725019
[ 3 iterations]
real=[[7, 6, 11, 22, 25, 21, 0, 0, 0, 0, 0], [14, 18, 24, 0, 0, 0, 0, 0, 0, 0, 0], [20, 0, 0, 0, 0, 0, 0, 0, 0, 0, 0], [28, 24, 23, 20, 7, 14, 18, 17, 10, 8, 0], [26, 25, 20, 19, 9, 18, 5, 14, 12, 11, 0], [24, 23, 20, 16, 1, 11, 6, 10, 12, 13, 0], [28, 27, 22, 15, 9, 21, 6, 1, 4, 13, 0], [28, 26, 19, 18, 1, 8, 11, 6, 4, 13, 0], [28, 23, 22, 19, 16, 7, 11, 14, 12, 20, 0], [26, 25, 24, 21, 1, 19, 6, 17, 10, 11, 0]]
gen=[[25, 22, 21, 7, 6, 11, 0, 0, 0, 0, 0], [24, 18, 14, 0, 0, 0, 0, 0, 0, 0, 0], [20, 0, 0, 0, 0, 0, 0, 0, 0, 0, 0], [28, 20, 24, 23, 17, 14, 18, 10, 8, 7, 0], [25, 20, 26, 19, 5, 14, 9, 18, 12, 11, 0], [20, 24, 23, 16, 12, 6, 11, 10, 1, 13, 0], [27, 28, 22, 21, 6, 15, 9, 4, 1, 13, 0], [28, 26, 19, 18, 11, 13, 6, 1, 4, 8, 0], [28, 20, 23, 22, 19, 16, 14, 7, 11, 12, 0], [25, 26, 24, 21, 19, 17, 6, 10, 1, 11, 0]]
valid routes=1.0
norm-reward=0.7752494701009651
[ 4 iterations]
real=[[11, 14, 19, 0, 0, 0, 0, 0, 0, 0, 0], [23, 20, 12, 6, 19, 14, 0, 0, 0, 0, 0], [24, 21, 19, 18, 1, 5, 3, 9, 17, 11, 0], [23, 26, 0, 0, 0, 0, 0, 0, 0, 0, 0], [27, 26, 22, 18, 16, 5, 10, 15, 12, 17, 0], [27, 21, 16, 15, 12, 5, 3, 14, 10, 11, 0], [23, 14, 28, 27, 1, 0, 0, 0, 0, 0, 0], [28, 22, 20, 12, 16, 10, 9, 6, 4, 11, 0], [27, 26, 25, 22, 1, 10, 11, 2, 4, 20, 0], [3, 0, 0, 0, 0, 0, 0, 0, 0, 0, 0]]
gen=[[19, 11, 14, 0, 0, 0, 0, 0, 0, 0, 0], [20, 23, 19, 6, 14, 12, 0, 0, 0, 0, 0], [24, 21, 19, 17, 3, 9, 11, 18, 1, 5, 0], [26, 23, 0, 0, 0, 0, 0, 0, 0, 0, 0], [27, 26, 22, 17, 12, 15, 16, 5, 10, 18, 0], [27, 21, 11, 12, 15, 14, 16, 10, 3, 5, 0], [27, 28, 23, 1, 14, 0, 0, 0, 0, 0, 0], [28, 20, 22, 16, 6, 9, 4, 10, 11, 12, 0], [27, 25, 20, 26, 22, 10, 11, 2, 1, 4, 0], [3, 0, 0, 0, 0, 0, 0, 0, 0, 0, 0]]
valid routes=1.0
norm-reward=0.784779508991497
[ 5 iterations]
real=[[27, 26, 25, 22, 15, 21, 5, 6, 3, 23, 0], [28, 21, 18, 16, 1, 14, 9, 2, 12, 6, 0], [24, 20, 19, 13, 9, 7, 6, 2, 12, 11, 0], [24, 22, 18, 15, 3, 14, 5, 2, 4, 13, 0], [24, 23, 11, 9, 3, 18, 5, 2, 8, 0, 0], [28, 26, 2, 23, 9, 18, 25, 0, 0, 0, 0], [28, 26, 25, 23, 22, 24, 11, 2, 10, 8, 0], [28, 21, 20, 15, 7, 5, 6, 2, 3, 17, 0], [17, 26, 4, 6, 12, 0, 0, 0, 0, 0, 0], [2, 5, 13, 8, 0, 0, 0, 0, 0, 0, 0]]
gen=[[27, 25, 26, 23, 21, 22, 15, 3, 5, 6, 0], [28, 21, 2, 18, 16, 14, 6, 9, 1, 12, 0], [20, 24, 19, 6, 9, 12, 11, 7, 13, 2, 0], [24, 22, 2, 4, 5, 14, 13, 3, 18, 15, 0], [23, 24, 2, 8, 18, 9, 11, 3, 5, 0, 0], [28, 25, 26, 23, 9, 18, 2, 0, 0, 0, 0], [28, 25, 26, 23, 24, 22, 8, 10, 2, 11, 0], [28, 20, 21, 17, 7, 6, 15, 5, 2, 3, 0], [26, 17, 4, 12, 6, 0, 0, 0, 0, 0, 0], [2, 13, 5, 8, 0, 0, 0, 0, 0, 0, 0]]
valid routes=1.0
norm-reward=0.7815144222226637
[ 6 iterations]
real=[[21, 14, 13, 11, 9, 7, 3, 10, 4, 8, 0], [26, 25, 22, 15, 9, 5, 3, 2, 10, 7, 0], [27, 25, 23, 20, 19, 21, 6, 15, 10, 13, 0], [26, 24, 20, 19, 3, 10, 6, 2, 12, 7, 0], [28, 20, 13, 26, 19, 7, 2, 0, 0, 0, 0], [6, 2, 0, 0, 0, 0, 0, 0, 0, 0, 0], [13, 8, 0, 0, 0, 0, 0, 0, 0, 0, 0], [26, 4, 13, 14, 10, 8, 25, 0, 0, 0, 0], [28, 24, 20, 19, 9, 7, 6, 2, 8, 13, 0], [28, 26, 15, 18, 9, 5, 6, 14, 10, 0, 0]]
gen=[[21, 14, 11, 9, 4, 3, 10, 7, 8, 13, 0], [25, 26, 22, 9, 15, 2, 5, 3, 7, 10, 0], [27, 25, 20, 23, 21, 19, 6, 15, 10, 13, 0], [26, 20, 24, 19, 6, 12, 7, 10, 3, 2, 0], [28, 20, 26, 19, 7, 13, 2, 0, 0, 0, 0], [6, 2, 0, 0, 0, 0, 0, 0, 0, 0, 0], [8, 13, 0, 0, 0, 0, 0, 0, 0, 0, 0], [25, 26, 8, 4, 13, 10, 14, 0, 0, 0, 0], [28, 20, 24, 19, 7, 6, 9, 13, 8, 2, 0], [28, 26, 18, 15, 14, 6, 5, 9, 10, 0, 0]]
valid routes=1.0
norm-reward=0.774236876577487
[ 7 iterations]
real=[[27, 25, 24, 23, 16, 19, 1, 22, 10, 8, 0], [28, 26, 24, 23, 9, 5, 3, 14, 12, 11, 0], [28, 23, 21, 15, 9, 11, 3, 6, 8, 13, 0], [23, 2, 12, 0, 0, 0, 0, 0, 0, 0, 0], [25, 23, 22, 20, 19, 7, 3, 17, 4, 8, 0], [28, 21, 20, 16, 9, 5, 3, 6, 10, 8, 0], [1, 26, 13, 0, 0, 0, 0, 0, 0, 0, 0], [27, 25, 24, 20, 19, 7, 3, 14, 4, 8, 0], [28, 26, 25, 19, 16, 11, 3, 1, 21, 13, 0], [28, 27, 24, 22, 19, 18, 9, 17, 4, 8, 0]]
gen=[[27, 25, 23, 24, 22, 19, 10, 16, 1, 8, 0], [28, 26, 23, 24, 12, 14, 11, 5, 9, 3, 0], [28, 23, 21, 8, 15, 6, 9, 3, 13, 11, 0], [23, 2, 12, 0, 0, 0, 0, 0, 0, 0, 0], [25, 20, 23, 22, 19, 17, 7, 4, 3, 8, 0], [28, 20, 21, 16, 8, 9, 6, 10, 5, 3, 0], [26, 13, 1, 0, 0, 0, 0, 0, 0, 0, 0], [27, 25, 20, 24, 19, 7, 8, 14, 4, 3, 0], [28, 25, 26, 21, 19, 3, 16, 1, 13, 11, 0], [28, 27, 24, 22, 17, 19, 4, 9, 8, 18, 0]]
valid routes=1.0
norm-reward=0.7821432118219366
[ 8 iterations]
real=[[24, 23, 20, 19, 9, 18, 6, 2, 7, 13, 0], [28, 27, 17, 11, 9, 5, 3, 2, 8, 13, 0], [22, 5, 4, 15, 19, 7, 18, 0, 0, 0, 0], [26, 23, 19, 16, 9, 5, 3, 6, 17, 8, 0], [27, 23, 19, 15, 12, 18, 3, 5, 10, 7, 0], [26, 25, 21, 18, 1, 7, 3, 16, 4, 11, 0], [28, 23, 21, 15, 16, 5, 3, 2, 12, 9, 0], [26, 25, 24, 20, 15, 18, 11, 14, 4, 17, 0], [26, 22, 21, 11, 7, 5, 6, 2, 4, 13, 0], [27, 25, 23, 22, 20, 7, 18, 5, 17, 13, 0]]
gen=[[20, 23, 24, 19, 6, 9, 7, 18, 2, 13, 0], [28, 27, 17, 2, 9, 5, 3, 13, 8, 11, 0], [22, 19, 4, 18, 15, 5, 7, 0, 0, 0, 0], [26, 23, 19, 17, 16, 8, 6, 5, 3, 9, 0], [27, 23, 19, 15, 12, 18, 10, 5, 7, 3, 0], [25, 26, 21, 18, 16, 4, 7, 3, 1, 11, 0], [28, 23, 21, 16, 12, 3, 5, 9, 15, 2, 0], [25, 20, 26, 24, 17, 18, 14, 15, 4, 11, 0], [26, 22, 21, 6, 5, 7, 4, 2, 11, 13, 0], [27, 25, 20, 23, 22, 17, 18, 7, 5, 13, 0]]
valid routes=1.0
norm-reward=0.7708084969083185
[ 9 iterations]
real=[[27, 23, 20, 16, 15, 14, 9, 1, 10, 17, 0], [21, 0, 0, 0, 0, 0, 0, 0, 0, 0, 0], [24, 19, 12, 15, 1, 18, 4, 10, 0, 0, 0], [28, 26, 25, 13, 16, 5, 9, 2, 4, 7, 0], [28, 23, 20, 14, 4, 10, 3, 2, 12, 7, 0], [28, 24, 21, 20, 16, 11, 3, 6, 10, 13, 0], [27, 25, 24, 23, 2, 21, 11, 17, 10, 8, 0], [28, 27, 21, 19, 4, 5, 3, 14, 17, 8, 0], [27, 26, 15, 14, 9, 7, 3, 11, 4, 13, 0], [21, 18, 4, 14, 16, 8, 6, 17, 0, 0, 0]]
gen=[[27, 20, 23, 17, 14, 16, 1, 9, 10, 15, 0], [21, 0, 0, 0, 0, 0, 0, 0, 0, 0, 0], [24, 19, 12, 18, 4, 10, 1, 15, 0, 0, 0], [28, 25, 26, 2, 16, 9, 5, 4, 7, 13, 0], [28, 20, 23, 14, 12, 4, 7, 3, 2, 10, 0], [28, 20, 24, 21, 16, 13, 6, 11, 10, 3, 0], [27, 25, 24, 23, 21, 17, 8, 10, 2, 11, 0], [28, 27, 21, 17, 19, 8, 4, 14, 3, 5, 0], [27, 26, 11, 4, 3, 7, 9, 14, 15, 13, 0], [21, 17, 16, 6, 4, 18, 14, 8, 0, 0, 0]]
valid routes=1.0
norm-reward=0.7795015631885606
[ 10 iterations]
real=[[28, 25, 24, 18, 3, 8, 6, 2, 17, 0, 0], [15, 12, 24, 13, 0, 0, 0, 0, 0, 0, 0], [27, 22, 20, 18, 16, 7, 6, 10, 4, 13, 0], [10, 11, 25, 19, 3, 0, 0, 0, 0, 0, 0], [23, 21, 19, 17, 16, 14, 6, 2, 9, 13, 0], [26, 25, 23, 18, 15, 14, 6, 2, 7, 20, 0], [27, 26, 25, 23, 16, 24, 5, 6, 1, 17, 0], [28, 25, 17, 15, 1, 14, 6, 2, 3, 8, 0], [10, 25, 17, 0, 0, 0, 0, 0, 0, 0, 0], [28, 26, 20, 18, 1, 5, 11, 17, 4, 8, 0]]
gen=[[28, 25, 24, 17, 2, 6, 18, 8, 3, 0, 0], [24, 12, 15, 13, 0, 0, 0, 0, 0, 0, 0], [27, 20, 22, 6, 16, 18, 13, 4, 10, 7, 0], [25, 19, 3, 10, 11, 0, 0, 0, 0, 0, 0], [23, 21, 19, 17, 2, 6, 16, 14, 13, 9, 0], [25, 20, 26, 23, 7, 14, 6, 2, 18, 15, 0], [27, 25, 26, 23, 24, 17, 16, 5, 1, 6, 0], [28, 25, 17, 2, 15, 6, 3, 8, 1, 14, 0], [25, 17, 10, 0, 0, 0, 0, 0, 0, 0, 0], [28, 20, 26, 17, 4, 5, 11, 18, 1, 8, 0]]
valid routes=1.0
norm-reward=0.779125079478759
[ 11 iterations]
real=[[23, 21, 20, 17, 1, 5, 3, 11, 4, 13, 0], [27, 22, 21, 18, 1, 14, 9, 2, 3, 7, 0], [28, 24, 23, 22, 16, 8, 15, 2, 17, 13, 0], [24, 22, 20, 15, 19, 14, 5, 2, 12, 11, 0], [28, 26, 25, 18, 4, 7, 9, 6, 12, 13, 0], [24, 23, 22, 19, 16, 14, 6, 15, 10, 8, 0], [27, 21, 18, 15, 16, 14, 9, 2, 10, 11, 0], [17, 16, 14, 13, 1, 10, 4, 6, 12, 11, 0], [9, 6, 19, 23, 8, 21, 0, 0, 0, 0, 0], [27, 26, 24, 23, 1, 21, 18, 16, 10, 20, 0]]
gen=[[23, 20, 21, 17, 11, 4, 13, 5, 1, 3, 0], [27, 22, 21, 2, 18, 7, 14, 3, 1, 9, 0], [28, 23, 24, 22, 17, 8, 16, 15, 13, 2, 0], [20, 22, 24, 19, 12, 14, 2, 5, 15, 11, 0], [28, 25, 26, 18, 12, 6, 4, 7, 13, 9, 0], [23, 22, 24, 19, 16, 6, 14, 15, 8, 10, 0], [27, 21, 2, 18, 16, 14, 10, 15, 11, 9, 0], [17, 12, 16, 6, 4, 10, 14, 13, 1, 11, 0], [23, 21, 19, 8, 6, 9, 0, 0, 0, 0, 0], [27, 20, 26, 23, 24, 21, 16, 1, 10, 18, 0]]
valid routes=1.0
norm-reward=0.7843430211571099
[ 12 iterations]
real=[[24, 23, 21, 14, 1, 7, 4, 10, 12, 13, 0], [26, 18, 16, 13, 1, 2, 3, 6, 10, 7, 0], [19, 15, 13, 12, 4, 5, 3, 6, 10, 11, 0], [9, 28, 4, 11, 16, 18, 0, 0, 0, 0, 0], [24, 27, 25, 0, 0, 0, 0, 0, 0, 0, 0], [27, 26, 25, 22, 1, 18, 5, 15, 21, 8, 0], [22, 5, 12, 18, 3, 8, 6, 0, 0, 0, 0], [26, 22, 17, 14, 16, 7, 3, 1, 12, 11, 0], [28, 26, 21, 19, 16, 5, 9, 6, 15, 20, 0], [28, 9, 13, 23, 15, 22, 25, 0, 0, 0, 0]]
gen=[[23, 24, 21, 12, 4, 13, 14, 10, 1, 7, 0], [26, 2, 6, 18, 16, 10, 3, 1, 7, 13, 0], [19, 12, 3, 6, 13, 4, 10, 5, 15, 11, 0], [28, 9, 16, 18, 4, 11, 0, 0, 0, 0, 0], [27, 25, 24, 0, 0, 0, 0, 0, 0, 0, 0], [27, 25, 26, 22, 21, 15, 18, 8, 5, 1, 0], [22, 6, 12, 18, 3, 5, 8, 0, 0, 0, 0], [26, 22, 17, 16, 12, 11, 14, 1, 3, 7, 0], [28, 20, 26, 21, 19, 16, 6, 15, 5, 9, 0], [28, 25, 23, 22, 9, 15, 13, 0, 0, 0, 0]]
valid routes=1.0
norm-reward=0.7721785988220082
[ 13 iterations]
real=[[7, 6, 11, 22, 25, 21, 0, 0, 0, 0, 0], [14, 18, 24, 0, 0, 0, 0, 0, 0, 0, 0], [20, 0, 0, 0, 0, 0, 0, 0, 0, 0, 0], [28, 24, 23, 20, 7, 14, 18, 17, 10, 8, 0], [26, 25, 20, 19, 9, 18, 5, 14, 12, 11, 0], [24, 23, 20, 16, 1, 11, 6, 10, 12, 13, 0], [28, 27, 22, 15, 9, 21, 6, 1, 4, 13, 0], [28, 26, 19, 18, 1, 8, 11, 6, 4, 13, 0], [28, 23, 22, 19, 16, 7, 11, 14, 12, 20, 0], [26, 25, 24, 21, 1, 19, 6, 17, 10, 11, 0]]
gen=[[25, 22, 21, 6, 11, 7, 0, 0, 0, 0, 0], [24, 14, 18, 0, 0, 0, 0, 0, 0, 0, 0], [20, 0, 0, 0, 0, 0, 0, 0, 0, 0, 0], [28, 20, 23, 24, 17, 7, 18, 14, 10, 8, 0], [25, 20, 26, 19, 12, 14, 11, 5, 9, 18, 0], [23, 20, 24, 6, 12, 16, 1, 10, 11, 13, 0], [28, 27, 22, 21, 6, 4, 1, 13, 15, 9, 0], [28, 26, 6, 19, 4, 13, 18, 1, 8, 11, 0], [28, 20, 23, 22, 19, 12, 14, 16, 11, 7, 0], [25, 26, 24, 21, 17, 19, 6, 10, 1, 11, 0]]
valid routes=1.0
norm-reward=0.7651805626538158
[ 14 iterations]
real=[[11, 14, 19, 0, 0, 0, 0, 0, 0, 0, 0], [23, 20, 12, 6, 19, 14, 0, 0, 0, 0, 0], [24, 21, 19, 18, 1, 5, 3, 9, 17, 11, 0], [23, 26, 0, 0, 0, 0, 0, 0, 0, 0, 0], [27, 26, 22, 18, 16, 5, 10, 15, 12, 17, 0], [27, 21, 16, 15, 12, 5, 3, 14, 10, 11, 0], [23, 14, 28, 27, 1, 0, 0, 0, 0, 0, 0], [28, 22, 20, 12, 16, 10, 9, 6, 4, 11, 0], [27, 26, 25, 22, 1, 10, 11, 2, 4, 20, 0], [3, 0, 0, 0, 0, 0, 0, 0, 0, 0, 0]]
gen=[[19, 14, 11, 0, 0, 0, 0, 0, 0, 0, 0], [23, 20, 12, 19, 14, 6, 0, 0, 0, 0, 0], [21, 24, 17, 19, 5, 1, 18, 3, 9, 11, 0], [26, 23, 0, 0, 0, 0, 0, 0, 0, 0, 0], [27, 26, 22, 17, 12, 16, 15, 10, 5, 18, 0], [27, 21, 12, 16, 15, 10, 14, 5, 3, 11, 0], [28, 27, 23, 14, 1, 0, 0, 0, 0, 0, 0], [28, 20, 22, 12, 16, 6, 4, 10, 11, 9, 0], [27, 25, 20, 2, 22, 26, 1, 10, 4, 11, 0], [3, 0, 0, 0, 0, 0, 0, 0, 0, 0, 0]]
valid routes=1.0
norm-reward=0.760295939012294
[ 15 iterations]
real=[[27, 26, 25, 22, 15, 21, 5, 6, 3, 23, 0], [28, 21, 18, 16, 1, 14, 9, 2, 12, 6, 0], [24, 20, 19, 13, 9, 7, 6, 2, 12, 11, 0], [24, 22, 18, 15, 3, 14, 5, 2, 4, 13, 0], [24, 23, 11, 9, 3, 18, 5, 2, 8, 0, 0], [28, 26, 2, 23, 9, 18, 25, 0, 0, 0, 0], [28, 26, 25, 23, 22, 24, 11, 2, 10, 8, 0], [28, 21, 20, 15, 7, 5, 6, 2, 3, 17, 0], [17, 26, 4, 6, 12, 0, 0, 0, 0, 0, 0], [2, 5, 13, 8, 0, 0, 0, 0, 0, 0, 0]]
gen=[[27, 25, 23, 26, 22, 21, 6, 5, 15, 3, 0], [2, 21, 28, 12, 6, 16, 18, 14, 1, 9, 0], [2, 20, 24, 12, 6, 19, 11, 7, 9, 13, 0], [2, 22, 24, 18, 3, 4, 14, 15, 13, 5, 0], [2, 23, 24, 8, 5, 18, 3, 11, 9, 0, 0], [2, 25, 28, 23, 26, 18, 9, 0, 0, 0, 0], [2, 25, 28, 23, 24, 22, 26, 10, 8, 11, 0], [2, 20, 28, 21, 17, 6, 3, 7, 5, 15, 0], [26, 17, 12, 6, 4, 0, 0, 0, 0, 0, 0], [2, 8, 5, 13, 0, 0, 0, 0, 0, 0, 0]]
valid routes=1.0
norm-reward=0.7590128038055906
[ 16 iterations]
real=[[21, 14, 13, 11, 9, 7, 3, 10, 4, 8, 0], [26, 25, 22, 15, 9, 5, 3, 2, 10, 7, 0], [27, 25, 23, 20, 19, 21, 6, 15, 10, 13, 0], [26, 24, 20, 19, 3, 10, 6, 2, 12, 7, 0], [28, 20, 13, 26, 19, 7, 2, 0, 0, 0, 0], [6, 2, 0, 0, 0, 0, 0, 0, 0, 0, 0], [13, 8, 0, 0, 0, 0, 0, 0, 0, 0, 0], [26, 4, 13, 14, 10, 8, 25, 0, 0, 0, 0], [28, 24, 20, 19, 9, 7, 6, 2, 8, 13, 0], [28, 26, 15, 18, 9, 5, 6, 14, 10, 0, 0]]
gen=[[21, 8, 10, 9, 4, 3, 14, 7, 13, 11, 0], [2, 25, 26, 22, 10, 3, 15, 7, 5, 9, 0], [27, 25, 20, 23, 21, 6, 19, 10, 13, 15, 0], [2, 20, 26, 24, 12, 19, 6, 10, 3, 7, 0], [2, 20, 28, 26, 7, 19, 13, 0, 0, 0, 0], [2, 6, 0, 0, 0, 0, 0, 0, 0, 0, 0], [8, 13, 0, 0, 0, 0, 0, 0, 0, 0, 0], [25, 26, 10, 8, 4, 14, 13, 0, 0, 0, 0], [2, 20, 28, 24, 6, 19, 7, 9, 13, 8, 0], [28, 26, 6, 5, 10, 18, 14, 15, 9, 0, 0]]
valid routes=1.0
norm-reward=0.7484162129631627
[ 17 iterations]
real=[[27, 25, 24, 23, 16, 19, 1, 22, 10, 8, 0], [28, 26, 24, 23, 9, 5, 3, 14, 12, 11, 0], [28, 23, 21, 15, 9, 11, 3, 6, 8, 13, 0], [23, 2, 12, 0, 0, 0, 0, 0, 0, 0, 0], [25, 23, 22, 20, 19, 7, 3, 17, 4, 8, 0], [28, 21, 20, 16, 9, 5, 3, 6, 10, 8, 0], [1, 26, 13, 0, 0, 0, 0, 0, 0, 0, 0], [27, 25, 24, 20, 19, 7, 3, 14, 4, 8, 0], [28, 26, 25, 19, 16, 11, 3, 1, 21, 13, 0], [28, 27, 24, 22, 19, 18, 9, 17, 4, 8, 0]]
gen=[[27, 25, 23, 22, 24, 19, 10, 1, 16, 8, 0], [28, 26, 23, 24, 12, 14, 3, 11, 9, 5, 0], [28, 23, 21, 6, 8, 3, 15, 11, 9, 13, 0], [2, 23, 12, 0, 0, 0, 0, 0, 0, 0, 0], [25, 20, 23, 22, 17, 19, 4, 3, 8, 7, 0], [28, 20, 21, 6, 10, 3, 8, 16, 9, 5, 0], [26, 1, 13, 0, 0, 0, 0, 0, 0, 0, 0], [27, 25, 20, 24, 19, 4, 14, 3, 8, 7, 0], [28, 25, 26, 21, 19, 3, 1, 16, 13, 11, 0], [28, 27, 22, 24, 17, 19, 4, 18, 8, 9, 0]]
valid routes=1.0
norm-reward=0.7512673400361621
[ 18 iterations]
real=[[24, 23, 20, 19, 9, 18, 6, 2, 7, 13, 0], [28, 27, 17, 11, 9, 5, 3, 2, 8, 13, 0], [22, 5, 4, 15, 19, 7, 18, 0, 0, 0, 0], [26, 23, 19, 16, 9, 5, 3, 6, 17, 8, 0], [27, 23, 19, 15, 12, 18, 3, 5, 10, 7, 0], [26, 25, 21, 18, 1, 7, 3, 16, 4, 11, 0], [28, 23, 21, 15, 16, 5, 3, 2, 12, 9, 0], [26, 25, 24, 20, 15, 18, 11, 14, 4, 17, 0], [26, 22, 21, 11, 7, 5, 6, 2, 4, 13, 0], [27, 25, 23, 22, 20, 7, 18, 5, 17, 13, 0]]
gen=[[2, 20, 23, 24, 19, 6, 13, 18, 7, 9, 0], [2, 27, 28, 17, 5, 8, 3, 11, 9, 13, 0], [22, 19, 18, 4, 7, 15, 5, 0, 0, 0, 0], [26, 23, 17, 6, 16, 3, 19, 8, 9, 5, 0], [27, 23, 12, 3, 19, 10, 18, 15, 7, 5, 0], [25, 26, 21, 16, 18, 4, 3, 7, 1, 11, 0], [2, 23, 28, 21, 12, 16, 15, 5, 9, 3, 0], [25, 20, 26, 24, 17, 4, 14, 15, 18, 11, 0], [2, 26, 22, 21, 6, 4, 13, 7, 5, 11, 0], [27, 25, 20, 23, 22, 17, 18, 5, 13, 7, 0]]
valid routes=1.0
norm-reward=0.7474755763544009
[ 19 iterations]
real=[[27, 23, 20, 16, 15, 14, 9, 1, 10, 17, 0], [21, 0, 0, 0, 0, 0, 0, 0, 0, 0, 0], [24, 19, 12, 15, 1, 18, 4, 10, 0, 0, 0], [28, 26, 25, 13, 16, 5, 9, 2, 4, 7, 0], [28, 23, 20, 14, 4, 10, 3, 2, 12, 7, 0], [28, 24, 21, 20, 16, 11, 3, 6, 10, 13, 0], [27, 25, 24, 23, 2, 21, 11, 17, 10, 8, 0], [28, 27, 21, 19, 4, 5, 3, 14, 17, 8, 0], [27, 26, 15, 14, 9, 7, 3, 11, 4, 13, 0], [21, 18, 4, 14, 16, 8, 6, 17, 0, 0, 0]]
gen=[[27, 20, 23, 17, 16, 9, 1, 10, 14, 15, 0], [21, 0, 0, 0, 0, 0, 0, 0, 0, 0, 0], [12, 24, 19, 4, 10, 18, 1, 15, 0, 0, 0], [2, 25, 28, 26, 16, 4, 7, 13, 5, 9, 0], [2, 20, 28, 23, 12, 4, 14, 3, 10, 7, 0], [28, 20, 24, 21, 6, 16, 10, 3, 13, 11, 0], [2, 27, 25, 23, 24, 17, 21, 11, 10, 8, 0], [28, 27, 17, 21, 19, 3, 4, 8, 5, 14, 0], [27, 26, 9, 4, 3, 14, 11, 15, 7, 13, 0], [21, 17, 6, 16, 18, 4, 8, 14, 0, 0, 0]]
valid routes=1.0
norm-reward=0.743855246591769
[ 20 iterations]
real=[[28, 25, 24, 18, 3, 8, 6, 2, 17, 0, 0], [15, 12, 24, 13, 0, 0, 0, 0, 0, 0, 0], [27, 22, 20, 18, 16, 7, 6, 10, 4, 13, 0], [10, 11, 25, 19, 3, 0, 0, 0, 0, 0, 0], [23, 21, 19, 17, 16, 14, 6, 2, 9, 13, 0], [26, 25, 23, 18, 15, 14, 6, 2, 7, 20, 0], [27, 26, 25, 23, 16, 24, 5, 6, 1, 17, 0], [28, 25, 17, 15, 1, 14, 6, 2, 3, 8, 0], [10, 25, 17, 0, 0, 0, 0, 0, 0, 0, 0], [28, 26, 20, 18, 1, 5, 11, 17, 4, 8, 0]]
gen=[[2, 25, 28, 24, 17, 6, 18, 3, 8, 0, 0], [24, 12, 15, 13, 0, 0, 0, 0, 0, 0, 0], [27, 20, 22, 6, 4, 16, 10, 18, 7, 13, 0], [25, 19, 10, 3, 11, 0, 0, 0, 0, 0, 0], [2, 23, 21, 17, 6, 19, 14, 16, 13, 9, 0], [2, 25, 20, 23, 26, 14, 18, 6, 7, 15, 0], [27, 25, 23, 26, 24, 17, 6, 16, 1, 5, 0], [2, 25, 28, 17, 6, 3, 14, 1, 8, 15, 0], [25, 17, 10, 0, 0, 0, 0, 0, 0, 0, 0], [28, 20, 26, 17, 18, 4, 1, 8, 5, 11, 0]]
valid routes=1.0
norm-reward=0.7465171490310157
[ 21 iterations]
real=[[23, 21, 20, 17, 1, 5, 3, 11, 4, 13, 0], [27, 22, 21, 18, 1, 14, 9, 2, 3, 7, 0], [28, 24, 23, 22, 16, 8, 15, 2, 17, 13, 0], [24, 22, 20, 15, 19, 14, 5, 2, 12, 11, 0], [28, 26, 25, 18, 4, 7, 9, 6, 12, 13, 0], [24, 23, 22, 19, 16, 14, 6, 15, 10, 8, 0], [27, 21, 18, 15, 16, 14, 9, 2, 10, 11, 0], [17, 16, 14, 13, 1, 10, 4, 6, 12, 11, 0], [9, 6, 19, 23, 8, 21, 0, 0, 0, 0, 0], [27, 26, 24, 23, 1, 21, 18, 16, 10, 20, 0]]
gen=[[23, 20, 21, 17, 5, 4, 3, 1, 13, 11, 0], [2, 27, 22, 21, 18, 3, 1, 14, 7, 9, 0], [2, 22, 28, 23, 24, 17, 16, 8, 13, 15, 0], [2, 20, 24, 12, 22, 19, 14, 5, 11, 15, 0], [28, 25, 26, 12, 6, 18, 4, 13, 9, 7, 0], [22, 23, 24, 6, 10, 19, 14, 15, 16, 8, 0], [2, 27, 21, 18, 16, 10, 11, 14, 9, 15, 0], [17, 12, 6, 16, 10, 4, 14, 11, 13, 1, 0], [23, 21, 6, 19, 9, 8, 0, 0, 0, 0, 0], [27, 20, 26, 23, 24, 21, 16, 10, 1, 18, 0]]
valid routes=1.0
norm-reward=0.7520511948402274
[ 22 iterations]
real=[[24, 23, 21, 14, 1, 7, 4, 10, 12, 13, 0], [26, 18, 16, 13, 1, 2, 3, 6, 10, 7, 0], [19, 15, 13, 12, 4, 5, 3, 6, 10, 11, 0], [9, 28, 4, 11, 16, 18, 0, 0, 0, 0, 0], [24, 27, 25, 0, 0, 0, 0, 0, 0, 0, 0], [27, 26, 25, 22, 1, 18, 5, 15, 21, 8, 0], [22, 5, 12, 18, 3, 8, 6, 0, 0, 0, 0], [26, 22, 17, 14, 16, 7, 3, 1, 12, 11, 0], [28, 26, 21, 19, 16, 5, 9, 6, 15, 20, 0], [28, 9, 13, 23, 15, 22, 25, 0, 0, 0, 0]]
gen=[[23, 12, 21, 24, 10, 7, 4, 14, 1, 13, 0], [2, 26, 6, 16, 10, 3, 13, 18, 7, 1, 0], [12, 6, 19, 10, 15, 4, 3, 13, 11, 5, 0], [28, 9, 16, 18, 4, 11, 0, 0, 0, 0, 0], [25, 27, 24, 0, 0, 0, 0, 0, 0, 0, 0], [27, 25, 26, 22, 21, 8, 18, 1, 5, 15, 0], [22, 12, 6, 18, 8, 5, 3, 0, 0, 0, 0], [26, 22, 12, 17, 16, 11, 14, 3, 7, 1, 0], [28, 20, 26, 21, 16, 6, 19, 5, 9, 15, 0], [28, 25, 23, 22, 13, 15, 9, 0, 0, 0, 0]]
valid routes=1.0
norm-reward=0.7290202203065466
[ 23 iterations]
real=[[7, 6, 11, 22, 25, 21, 0, 0, 0, 0, 0], [14, 18, 24, 0, 0, 0, 0, 0, 0, 0, 0], [20, 0, 0, 0, 0, 0, 0, 0, 0, 0, 0], [28, 24, 23, 20, 7, 14, 18, 17, 10, 8, 0], [26, 25, 20, 19, 9, 18, 5, 14, 12, 11, 0], [24, 23, 20, 16, 1, 11, 6, 10, 12, 13, 0], [28, 27, 22, 15, 9, 21, 6, 1, 4, 13, 0], [28, 26, 19, 18, 1, 8, 11, 6, 4, 13, 0], [28, 23, 22, 19, 16, 7, 11, 14, 12, 20, 0], [26, 25, 24, 21, 1, 19, 6, 17, 10, 11, 0]]
gen=[[25, 22, 21, 6, 11, 7, 0, 0, 0, 0, 0], [24, 18, 14, 0, 0, 0, 0, 0, 0, 0, 0], [20, 0, 0, 0, 0, 0, 0, 0, 0, 0, 0], [28, 20, 23, 24, 17, 14, 10, 8, 7, 18, 0], [25, 20, 26, 12, 19, 18, 14, 5, 11, 9, 0], [23, 20, 24, 12, 6, 10, 1, 13, 16, 11, 0], [28, 27, 22, 21, 6, 4, 13, 1, 15, 9, 0], [28, 26, 6, 19, 4, 18, 11, 8, 1, 13, 0], [28, 20, 23, 12, 22, 16, 19, 14, 7, 11, 0], [25, 26, 24, 21, 17, 6, 10, 19, 1, 11, 0]]
valid routes=1.0
norm-reward=0.7425555551103599
[ 24 iterations]
real=[[11, 14, 19, 0, 0, 0, 0, 0, 0, 0, 0], [23, 20, 12, 6, 19, 14, 0, 0, 0, 0, 0], [24, 21, 19, 18, 1, 5, 3, 9, 17, 11, 0], [23, 26, 0, 0, 0, 0, 0, 0, 0, 0, 0], [27, 26, 22, 18, 16, 5, 10, 15, 12, 17, 0], [27, 21, 16, 15, 12, 5, 3, 14, 10, 11, 0], [23, 14, 28, 27, 1, 0, 0, 0, 0, 0, 0], [28, 22, 20, 12, 16, 10, 9, 6, 4, 11, 0], [27, 26, 25, 22, 1, 10, 11, 2, 4, 20, 0], [3, 0, 0, 0, 0, 0, 0, 0, 0, 0, 0]]
gen=[[19, 14, 11, 0, 0, 0, 0, 0, 0, 0, 0], [12, 20, 23, 6, 19, 14, 0, 0, 0, 0, 0], [21, 17, 24, 18, 19, 11, 3, 9, 1, 5, 0], [23, 26, 0, 0, 0, 0, 0, 0, 0, 0, 0], [27, 12, 26, 22, 17, 16, 10, 18, 15, 5, 0], [27, 12, 21, 16, 3, 10, 14, 5, 15, 11, 0], [28, 27, 23, 1, 14, 0, 0, 0, 0, 0, 0], [28, 12, 20, 22, 6, 4, 10, 16, 11, 9, 0], [2, 27, 20, 25, 26, 22, 10, 4, 11, 1, 0], [3, 0, 0, 0, 0, 0, 0, 0, 0, 0, 0]]
valid routes=1.0
norm-reward=0.7281549257763945
[ 25 iterations]
real=[[27, 26, 25, 22, 15, 21, 5, 6, 3, 23, 0], [28, 21, 18, 16, 1, 14, 9, 2, 12, 6, 0], [24, 20, 19, 13, 9, 7, 6, 2, 12, 11, 0], [24, 22, 18, 15, 3, 14, 5, 2, 4, 13, 0], [24, 23, 11, 9, 3, 18, 5, 2, 8, 0, 0], [28, 26, 2, 23, 9, 18, 25, 0, 0, 0, 0], [28, 26, 25, 23, 22, 24, 11, 2, 10, 8, 0], [28, 21, 20, 15, 7, 5, 6, 2, 3, 17, 0], [17, 26, 4, 6, 12, 0, 0, 0, 0, 0, 0], [2, 5, 13, 8, 0, 0, 0, 0, 0, 0, 0]]
gen=[[27, 25, 26, 23, 22, 21, 6, 3, 15, 5, 0], [2, 12, 28, 21, 6, 18, 16, 14, 1, 9, 0], [2, 12, 20, 24, 6, 19, 9, 11, 7, 13, 0], [2, 22, 24, 5, 4, 14, 18, 13, 3, 15, 0], [2, 23, 24, 18, 9, 3, 5, 8, 11, 0, 0], [2, 25, 28, 23, 26, 18, 9, 0, 0, 0, 0], [2, 25, 28, 23, 24, 22, 10, 26, 8, 11, 0], [2, 20, 28, 21, 17, 6, 5, 7, 15, 3, 0], [12, 26, 17, 6, 4, 0, 0, 0, 0, 0, 0], [2, 8, 5, 13, 0, 0, 0, 0, 0, 0, 0]]
valid routes=1.0
norm-reward=0.7062218911627047
[ 26 iterations]
real=[[21, 14, 13, 11, 9, 7, 3, 10, 4, 8, 0], [26, 25, 22, 15, 9, 5, 3, 2, 10, 7, 0], [27, 25, 23, 20, 19, 21, 6, 15, 10, 13, 0], [26, 24, 20, 19, 3, 10, 6, 2, 12, 7, 0], [28, 20, 13, 26, 19, 7, 2, 0, 0, 0, 0], [6, 2, 0, 0, 0, 0, 0, 0, 0, 0, 0], [13, 8, 0, 0, 0, 0, 0, 0, 0, 0, 0], [26, 4, 13, 14, 10, 8, 25, 0, 0, 0, 0], [28, 24, 20, 19, 9, 7, 6, 2, 8, 13, 0], [28, 26, 15, 18, 9, 5, 6, 14, 10, 0, 0]]
gen=[[21, 8, 9, 10, 3, 4, 13, 14, 11, 7, 0], [2, 25, 26, 22, 15, 9, 3, 10, 7, 5, 0], [27, 25, 20, 23, 21, 6, 13, 19, 10, 15, 0], [2, 12, 20, 24, 26, 6, 10, 19, 7, 3, 0], [2, 20, 28, 26, 13, 19, 7, 0, 0, 0, 0], [2, 6, 0, 0, 0, 0, 0, 0, 0, 0, 0], [8, 13, 0, 0, 0, 0, 0, 0, 0, 0, 0], [25, 26, 10, 4, 14, 8, 13, 0, 0, 0, 0], [2, 20, 28, 24, 6, 9, 8, 19, 13, 7, 0], [28, 26, 6, 18, 10, 14, 5, 15, 9, 0, 0]]
valid routes=1.0
norm-reward=0.7307567073035612
[ 27 iterations]
real=[[27, 25, 24, 23, 16, 19, 1, 22, 10, 8, 0], [28, 26, 24, 23, 9, 5, 3, 14, 12, 11, 0], [28, 23, 21, 15, 9, 11, 3, 6, 8, 13, 0], [23, 2, 12, 0, 0, 0, 0, 0, 0, 0, 0], [25, 23, 22, 20, 19, 7, 3, 17, 4, 8, 0], [28, 21, 20, 16, 9, 5, 3, 6, 10, 8, 0], [1, 26, 13, 0, 0, 0, 0, 0, 0, 0, 0], [27, 25, 24, 20, 19, 7, 3, 14, 4, 8, 0], [28, 26, 25, 19, 16, 11, 3, 1, 21, 13, 0], [28, 27, 24, 22, 19, 18, 9, 17, 4, 8, 0]]
gen=[[27, 25, 23, 22, 24, 16, 1, 10, 19, 8, 0], [28, 12, 26, 23, 24, 5, 14, 3, 11, 9, 0], [28, 23, 21, 6, 15, 8, 9, 13, 3, 11, 0], [2, 12, 23, 0, 0, 0, 0, 0, 0, 0, 0], [25, 20, 23, 22, 17, 19, 4, 7, 8, 3, 0], [28, 20, 21, 6, 16, 9, 8, 10, 5, 3, 0], [26, 13, 1, 0, 0, 0, 0, 0, 0, 0, 0], [27, 25, 20, 24, 19, 8, 4, 3, 14, 7, 0], [28, 25, 26, 21, 16, 1, 19, 11, 13, 3, 0], [28, 27, 22, 24, 17, 18, 9, 4, 19, 8, 0]]
valid routes=1.0
norm-reward=0.7483897470790128
[ 28 iterations]
real=[[24, 23, 20, 19, 9, 18, 6, 2, 7, 13, 0], [28, 27, 17, 11, 9, 5, 3, 2, 8, 13, 0], [22, 5, 4, 15, 19, 7, 18, 0, 0, 0, 0], [26, 23, 19, 16, 9, 5, 3, 6, 17, 8, 0], [27, 23, 19, 15, 12, 18, 3, 5, 10, 7, 0], [26, 25, 21, 18, 1, 7, 3, 16, 4, 11, 0], [28, 23, 21, 15, 16, 5, 3, 2, 12, 9, 0], [26, 25, 24, 20, 15, 18, 11, 14, 4, 17, 0], [26, 22, 21, 11, 7, 5, 6, 2, 4, 13, 0], [27, 25, 23, 22, 20, 7, 18, 5, 17, 13, 0]]
gen=[[2, 20, 23, 24, 6, 18, 9, 19, 13, 7, 0], [2, 27, 28, 17, 5, 8, 9, 11, 13, 3, 0], [22, 19, 18, 15, 5, 4, 7, 0, 0, 0, 0], [26, 23, 17, 19, 6, 16, 5, 8, 3, 9, 0], [27, 12, 23, 18, 19, 15, 7, 10, 3, 5, 0], [25, 26, 21, 18, 16, 1, 7, 3, 4, 11, 0], [2, 12, 28, 23, 21, 9, 15, 3, 16, 5, 0], [25, 26, 20, 24, 15, 17, 14, 11, 4, 18, 0], [2, 26, 22, 21, 6, 5, 11, 13, 4, 7, 0], [27, 25, 20, 23, 22, 18, 17, 7, 5, 13, 0]]
valid routes=1.0
norm-reward=0.7455591448175513
[ 29 iterations]
real=[[27, 23, 20, 16, 15, 14, 9, 1, 10, 17, 0], [21, 0, 0, 0, 0, 0, 0, 0, 0, 0, 0], [24, 19, 12, 15, 1, 18, 4, 10, 0, 0, 0], [28, 26, 25, 13, 16, 5, 9, 2, 4, 7, 0], [28, 23, 20, 14, 4, 10, 3, 2, 12, 7, 0], [28, 24, 21, 20, 16, 11, 3, 6, 10, 13, 0], [27, 25, 24, 23, 2, 21, 11, 17, 10, 8, 0], [28, 27, 21, 19, 4, 5, 3, 14, 17, 8, 0], [27, 26, 15, 14, 9, 7, 3, 11, 4, 13, 0], [21, 18, 4, 14, 16, 8, 6, 17, 0, 0, 0]]
gen=[[27, 23, 20, 17, 15, 14, 1, 10, 16, 9, 0], [21, 0, 0, 0, 0, 0, 0, 0, 0, 0, 0], [12, 24, 19, 18, 15, 1, 10, 4, 0, 0, 0], [2, 25, 26, 28, 16, 9, 5, 13, 4, 7, 0], [2, 12, 20, 28, 23, 14, 7, 4, 10, 3, 0], [28, 20, 21, 24, 6, 11, 16, 10, 3, 13, 0], [2, 27, 25, 23, 24, 21, 11, 17, 10, 8, 0], [28, 27, 21, 17, 14, 5, 8, 19, 3, 4, 0], [27, 26, 4, 9, 15, 11, 13, 7, 14, 3, 0], [21, 17, 6, 18, 16, 14, 8, 4, 0, 0, 0]]
valid routes=1.0
norm-reward=0.746592042468354
[ 30 iterations]
real=[[28, 25, 24, 18, 3, 8, 6, 2, 17, 0, 0], [15, 12, 24, 13, 0, 0, 0, 0, 0, 0, 0], [27, 22, 20, 18, 16, 7, 6, 10, 4, 13, 0], [10, 11, 25, 19, 3, 0, 0, 0, 0, 0, 0], [23, 21, 19, 17, 16, 14, 6, 2, 9, 13, 0], [26, 25, 23, 18, 15, 14, 6, 2, 7, 20, 0], [27, 26, 25, 23, 16, 24, 5, 6, 1, 17, 0], [28, 25, 17, 15, 1, 14, 6, 2, 3, 8, 0], [10, 25, 17, 0, 0, 0, 0, 0, 0, 0, 0], [28, 26, 20, 18, 1, 5, 11, 17, 4, 8, 0]]
gen=[[2, 25, 24, 28, 17, 6, 8, 3, 18, 0, 0], [12, 24, 15, 13, 0, 0, 0, 0, 0, 0, 0], [27, 22, 20, 18, 6, 16, 13, 7, 4, 10, 0], [25, 19, 3, 10, 11, 0, 0, 0, 0, 0, 0], [2, 23, 21, 17, 6, 9, 19, 13, 14, 16, 0], [2, 25, 20, 26, 23, 6, 15, 14, 7, 18, 0], [27, 25, 26, 23, 24, 6, 16, 1, 17, 5, 0], [2, 25, 28, 17, 6, 15, 1, 3, 14, 8, 0], [25, 17, 10, 0, 0, 0, 0, 0, 0, 0, 0], [28, 26, 20, 17, 18, 8, 1, 11, 4, 5, 0]]
valid routes=1.0
norm-reward=0.7390964583012488
[ 31 iterations]
real=[[23, 21, 20, 17, 1, 5, 3, 11, 4, 13, 0], [27, 22, 21, 18, 1, 14, 9, 2, 3, 7, 0], [28, 24, 23, 22, 16, 8, 15, 2, 17, 13, 0], [24, 22, 20, 15, 19, 14, 5, 2, 12, 11, 0], [28, 26, 25, 18, 4, 7, 9, 6, 12, 13, 0], [24, 23, 22, 19, 16, 14, 6, 15, 10, 8, 0], [27, 21, 18, 15, 16, 14, 9, 2, 10, 11, 0], [17, 16, 14, 13, 1, 10, 4, 6, 12, 11, 0], [9, 6, 19, 23, 8, 21, 0, 0, 0, 0, 0], [27, 26, 24, 23, 1, 21, 18, 16, 10, 20, 0]]
gen=[[23, 21, 20, 17, 11, 13, 1, 4, 5, 3, 0], [2, 27, 22, 21, 18, 1, 9, 3, 7, 14, 0], [2, 23, 22, 28, 24, 15, 8, 13, 16, 17, 0], [2, 12, 20, 24, 22, 15, 19, 11, 5, 14, 0], [28, 25, 12, 26, 6, 18, 9, 4, 13, 7, 0], [23, 22, 24, 6, 15, 16, 19, 10, 8, 14, 0], [2, 27, 21, 18, 14, 15, 11, 10, 16, 9, 0], [12, 17, 6, 16, 1, 4, 10, 13, 14, 11, 0], [23, 21, 6, 19, 8, 9, 0, 0, 0, 0, 0], [27, 26, 20, 23, 24, 21, 1, 16, 10, 18, 0]]
valid routes=1.0
norm-reward=0.7429950916497164
[ 32 iterations]
real=[[24, 23, 21, 14, 1, 7, 4, 10, 12, 13, 0], [26, 18, 16, 13, 1, 2, 3, 6, 10, 7, 0], [19, 15, 13, 12, 4, 5, 3, 6, 10, 11, 0], [9, 28, 4, 11, 16, 18, 0, 0, 0, 0, 0], [24, 27, 25, 0, 0, 0, 0, 0, 0, 0, 0], [27, 26, 25, 22, 1, 18, 5, 15, 21, 8, 0], [22, 5, 12, 18, 3, 8, 6, 0, 0, 0, 0], [26, 22, 17, 14, 16, 7, 3, 1, 12, 11, 0], [28, 26, 21, 19, 16, 5, 9, 6, 15, 20, 0], [28, 9, 13, 23, 15, 22, 25, 0, 0, 0, 0]]
gen=[[12, 23, 24, 21, 14, 1, 4, 10, 7, 13, 0], [2, 26, 6, 18, 16, 7, 3, 1, 10, 13, 0], [12, 19, 6, 5, 13, 15, 11, 3, 4, 10, 0], [28, 16, 18, 9, 4, 11, 0, 0, 0, 0, 0], [27, 25, 24, 0, 0, 0, 0, 0, 0, 0, 0], [27, 25, 26, 22, 21, 15, 5, 1, 8, 18, 0], [12, 22, 6, 5, 18, 8, 3, 0, 0, 0, 0], [12, 26, 22, 17, 1, 16, 11, 3, 14, 7, 0], [28, 26, 20, 21, 6, 15, 19, 9, 16, 5, 0], [28, 25, 23, 22, 15, 9, 13, 0, 0, 0, 0]]
valid routes=1.0
norm-reward=0.7341235137990195
[ 33 iterations]
real=[[7, 6, 11, 22, 25, 21, 0, 0, 0, 0, 0], [14, 18, 24, 0, 0, 0, 0, 0, 0, 0, 0], [20, 0, 0, 0, 0, 0, 0, 0, 0, 0, 0], [28, 24, 23, 20, 7, 14, 18, 17, 10, 8, 0], [26, 25, 20, 19, 9, 18, 5, 14, 12, 11, 0], [24, 23, 20, 16, 1, 11, 6, 10, 12, 13, 0], [28, 27, 22, 15, 9, 21, 6, 1, 4, 13, 0], [28, 26, 19, 18, 1, 8, 11, 6, 4, 13, 0], [28, 23, 22, 19, 16, 7, 11, 14, 12, 20, 0], [26, 25, 24, 21, 1, 19, 6, 17, 10, 11, 0]]
gen=[[25, 22, 21, 6, 7, 11, 0, 0, 0, 0, 0], [24, 18, 14, 0, 0, 0, 0, 0, 0, 0, 0], [20, 0, 0, 0, 0, 0, 0, 0, 0, 0, 0], [28, 23, 20, 24, 17, 8, 18, 7, 14, 10, 0], [12, 25, 20, 26, 5, 9, 18, 11, 19, 14, 0], [12, 23, 20, 24, 6, 16, 11, 10, 1, 13, 0], [28, 27, 22, 21, 15, 6, 1, 4, 13, 9, 0], [28, 26, 6, 19, 1, 4, 8, 18, 13, 11, 0], [28, 12, 20, 23, 22, 19, 11, 14, 16, 7, 0], [25, 26, 24, 21, 6, 1, 19, 17, 10, 11, 0]]
valid routes=1.0
norm-reward=0.7501008548575465
[ 34 iterations]
real=[[11, 14, 19, 0, 0, 0, 0, 0, 0, 0, 0], [23, 20, 12, 6, 19, 14, 0, 0, 0, 0, 0], [24, 21, 19, 18, 1, 5, 3, 9, 17, 11, 0], [23, 26, 0, 0, 0, 0, 0, 0, 0, 0, 0], [27, 26, 22, 18, 16, 5, 10, 15, 12, 17, 0], [27, 21, 16, 15, 12, 5, 3, 14, 10, 11, 0], [23, 14, 28, 27, 1, 0, 0, 0, 0, 0, 0], [28, 22, 20, 12, 16, 10, 9, 6, 4, 11, 0], [27, 26, 25, 22, 1, 10, 11, 2, 4, 20, 0], [3, 0, 0, 0, 0, 0, 0, 0, 0, 0, 0]]
gen=[[19, 14, 11, 0, 0, 0, 0, 0, 0, 0, 0], [12, 23, 20, 6, 19, 14, 0, 0, 0, 0, 0], [19, 21, 24, 17, 18, 5, 1, 9, 11, 3, 0], [26, 23, 0, 0, 0, 0, 0, 0, 0, 0, 0], [27, 12, 26, 22, 17, 5, 15, 10, 18, 16, 0], [27, 12, 21, 15, 16, 5, 3, 11, 10, 14, 0], [28, 27, 23, 14, 1, 0, 0, 0, 0, 0, 0], [28, 12, 20, 22, 6, 16, 9, 10, 11, 4, 0], [2, 27, 25, 20, 26, 22, 10, 4, 11, 1, 0], [3, 0, 0, 0, 0, 0, 0, 0, 0, 0, 0]]
valid routes=1.0
norm-reward=0.7387622197005467
[ 35 iterations]
real=[[27, 26, 25, 22, 15, 21, 5, 6, 3, 23, 0], [28, 21, 18, 16, 1, 14, 9, 2, 12, 6, 0], [24, 20, 19, 13, 9, 7, 6, 2, 12, 11, 0], [24, 22, 18, 15, 3, 14, 5, 2, 4, 13, 0], [24, 23, 11, 9, 3, 18, 5, 2, 8, 0, 0], [28, 26, 2, 23, 9, 18, 25, 0, 0, 0, 0], [28, 26, 25, 23, 22, 24, 11, 2, 10, 8, 0], [28, 21, 20, 15, 7, 5, 6, 2, 3, 17, 0], [17, 26, 4, 6, 12, 0, 0, 0, 0, 0, 0], [2, 5, 13, 8, 0, 0, 0, 0, 0, 0, 0]]
gen=[[27, 25, 26, 23, 22, 21, 6, 15, 5, 3, 0], [2, 12, 21, 28, 6, 18, 1, 14, 16, 9, 0], [2, 12, 20, 24, 6, 9, 7, 13, 19, 11, 0], [2, 22, 24, 18, 14, 15, 13, 5, 4, 3, 0], [2, 23, 24, 18, 8, 9, 11, 3, 5, 0, 0], [2, 25, 26, 28, 23, 9, 18, 0, 0, 0, 0], [2, 25, 26, 28, 23, 24, 22, 10, 11, 8, 0], [2, 20, 21, 28, 6, 15, 17, 7, 5, 3, 0], [12, 26, 17, 6, 4, 0, 0, 0, 0, 0, 0], [2, 8, 5, 13, 0, 0, 0, 0, 0, 0, 0]]
valid routes=1.0
norm-reward=0.7412078769366213
[ 36 iterations]
real=[[21, 14, 13, 11, 9, 7, 3, 10, 4, 8, 0], [26, 25, 22, 15, 9, 5, 3, 2, 10, 7, 0], [27, 25, 23, 20, 19, 21, 6, 15, 10, 13, 0], [26, 24, 20, 19, 3, 10, 6, 2, 12, 7, 0], [28, 20, 13, 26, 19, 7, 2, 0, 0, 0, 0], [6, 2, 0, 0, 0, 0, 0, 0, 0, 0, 0], [13, 8, 0, 0, 0, 0, 0, 0, 0, 0, 0], [26, 4, 13, 14, 10, 8, 25, 0, 0, 0, 0], [28, 24, 20, 19, 9, 7, 6, 2, 8, 13, 0], [28, 26, 15, 18, 9, 5, 6, 14, 10, 0, 0]]
gen=[[21, 8, 9, 7, 3, 14, 13, 11, 10, 4, 0], [2, 25, 26, 22, 15, 5, 7, 3, 10, 9, 0], [27, 25, 20, 23, 21, 6, 19, 10, 15, 13, 0], [2, 12, 20, 26, 24, 6, 19, 10, 7, 3, 0], [2, 26, 20, 28, 13, 19, 7, 0, 0, 0, 0], [2, 6, 0, 0, 0, 0, 0, 0, 0, 0, 0], [8, 13, 0, 0, 0, 0, 0, 0, 0, 0, 0], [25, 26, 10, 14, 13, 8, 4, 0, 0, 0, 0], [2, 20, 24, 28, 6, 9, 19, 7, 13, 8, 0], [28, 26, 6, 18, 15, 9, 10, 14, 5, 0, 0]]
valid routes=1.0
norm-reward=0.737284157888344
[ 37 iterations]
real=[[27, 25, 24, 23, 16, 19, 1, 22, 10, 8, 0], [28, 26, 24, 23, 9, 5, 3, 14, 12, 11, 0], [28, 23, 21, 15, 9, 11, 3, 6, 8, 13, 0], [23, 2, 12, 0, 0, 0, 0, 0, 0, 0, 0], [25, 23, 22, 20, 19, 7, 3, 17, 4, 8, 0], [28, 21, 20, 16, 9, 5, 3, 6, 10, 8, 0], [1, 26, 13, 0, 0, 0, 0, 0, 0, 0, 0], [27, 25, 24, 20, 19, 7, 3, 14, 4, 8, 0], [28, 26, 25, 19, 16, 11, 3, 1, 21, 13, 0], [28, 27, 24, 22, 19, 18, 9, 17, 4, 8, 0]]
gen=[[27, 25, 23, 22, 24, 16, 19, 1, 10, 8, 0], [28, 12, 26, 23, 24, 9, 14, 3, 5, 11, 0], [28, 23, 21, 6, 9, 15, 8, 11, 3, 13, 0], [2, 12, 23, 0, 0, 0, 0, 0, 0, 0, 0], [25, 22, 20, 23, 17, 8, 19, 7, 4, 3, 0], [28, 21, 20, 6, 5, 9, 10, 8, 3, 16, 0], [26, 13, 1, 0, 0, 0, 0, 0, 0, 0, 0], [27, 25, 20, 24, 14, 8, 19, 3, 4, 7, 0], [28, 25, 26, 21, 16, 1, 19, 11, 3, 13, 0], [28, 27, 22, 24, 17, 18, 8, 19, 4, 9, 0]]
valid routes=1.0
norm-reward=0.7364834086956218
[ 38 iterations]
real=[[24, 23, 20, 19, 9, 18, 6, 2, 7, 13, 0], [28, 27, 17, 11, 9, 5, 3, 2, 8, 13, 0], [22, 5, 4, 15, 19, 7, 18, 0, 0, 0, 0], [26, 23, 19, 16, 9, 5, 3, 6, 17, 8, 0], [27, 23, 19, 15, 12, 18, 3, 5, 10, 7, 0], [26, 25, 21, 18, 1, 7, 3, 16, 4, 11, 0], [28, 23, 21, 15, 16, 5, 3, 2, 12, 9, 0], [26, 25, 24, 20, 15, 18, 11, 14, 4, 17, 0], [26, 22, 21, 11, 7, 5, 6, 2, 4, 13, 0], [27, 25, 23, 22, 20, 7, 18, 5, 17, 13, 0]]
gen=[[2, 23, 20, 24, 6, 9, 19, 7, 18, 13, 0], [2, 27, 28, 17, 11, 5, 8, 9, 13, 3, 0], [22, 19, 18, 15, 5, 4, 7, 0, 0, 0, 0], [26, 23, 17, 6, 9, 16, 19, 3, 8, 5, 0], [27, 12, 23, 18, 5, 19, 10, 3, 15, 7, 0], [25, 26, 21, 18, 7, 1, 16, 4, 3, 11, 0], [2, 12, 23, 28, 21, 16, 5, 9, 15, 3, 0], [25, 26, 20, 24, 18, 15, 17, 4, 14, 11, 0], [2, 26, 22, 21, 6, 5, 13, 4, 7, 11, 0], [27, 25, 20, 23, 22, 17, 18, 7, 5, 13, 0]]
valid routes=1.0
norm-reward=0.7385874919293788
[ 39 iterations]
real=[[27, 23, 20, 16, 15, 14, 9, 1, 10, 17, 0], [21, 0, 0, 0, 0, 0, 0, 0, 0, 0, 0], [24, 19, 12, 15, 1, 18, 4, 10, 0, 0, 0], [28, 26, 25, 13, 16, 5, 9, 2, 4, 7, 0], [28, 23, 20, 14, 4, 10, 3, 2, 12, 7, 0], [28, 24, 21, 20, 16, 11, 3, 6, 10, 13, 0], [27, 25, 24, 23, 2, 21, 11, 17, 10, 8, 0], [28, 27, 21, 19, 4, 5, 3, 14, 17, 8, 0], [27, 26, 15, 14, 9, 7, 3, 11, 4, 13, 0], [21, 18, 4, 14, 16, 8, 6, 17, 0, 0, 0]]
gen=[[27, 23, 20, 17, 16, 15, 1, 9, 10, 14, 0], [21, 0, 0, 0, 0, 0, 0, 0, 0, 0, 0], [12, 24, 18, 19, 15, 1, 10, 4, 0, 0, 0], [2, 25, 26, 28, 5, 4, 16, 9, 13, 7, 0], [2, 12, 20, 28, 23, 10, 14, 3, 4, 7, 0], [28, 20, 21, 24, 6, 3, 16, 10, 13, 11, 0], [2, 27, 25, 23, 24, 21, 17, 11, 8, 10, 0], [28, 27, 17, 21, 5, 8, 19, 4, 14, 3, 0], [27, 26, 4, 15, 9, 14, 3, 11, 7, 13, 0], [21, 17, 6, 18, 14, 16, 8, 4, 0, 0, 0]]
valid routes=1.0
norm-reward=0.7394971834027535
[ 40 iterations]
real=[[28, 25, 24, 18, 3, 8, 6, 2, 17, 0, 0], [15, 12, 24, 13, 0, 0, 0, 0, 0, 0, 0], [27, 22, 20, 18, 16, 7, 6, 10, 4, 13, 0], [10, 11, 25, 19, 3, 0, 0, 0, 0, 0, 0], [23, 21, 19, 17, 16, 14, 6, 2, 9, 13, 0], [26, 25, 23, 18, 15, 14, 6, 2, 7, 20, 0], [27, 26, 25, 23, 16, 24, 5, 6, 1, 17, 0], [28, 25, 17, 15, 1, 14, 6, 2, 3, 8, 0], [10, 25, 17, 0, 0, 0, 0, 0, 0, 0, 0], [28, 26, 20, 18, 1, 5, 11, 17, 4, 8, 0]]
gen=[[2, 25, 28, 24, 6, 8, 17, 3, 18, 0, 0], [12, 24, 15, 13, 0, 0, 0, 0, 0, 0, 0], [27, 22, 20, 6, 16, 18, 4, 13, 10, 7, 0], [25, 19, 3, 10, 11, 0, 0, 0, 0, 0, 0], [2, 23, 21, 17, 6, 9, 19, 13, 16, 14, 0], [2, 25, 20, 26, 23, 6, 18, 15, 7, 14, 0], [27, 25, 26, 23, 24, 6, 16, 1, 5, 17, 0], [2, 25, 28, 17, 6, 1, 15, 14, 3, 8, 0], [25, 17, 10, 0, 0, 0, 0, 0, 0, 0, 0], [28, 26, 20, 17, 1, 8, 5, 4, 18, 11, 0]]
valid routes=1.0
norm-reward=0.7338388019825771
[ 41 iterations]
real=[[23, 21, 20, 17, 1, 5, 3, 11, 4, 13, 0], [27, 22, 21, 18, 1, 14, 9, 2, 3, 7, 0], [28, 24, 23, 22, 16, 8, 15, 2, 17, 13, 0], [24, 22, 20, 15, 19, 14, 5, 2, 12, 11, 0], [28, 26, 25, 18, 4, 7, 9, 6, 12, 13, 0], [24, 23, 22, 19, 16, 14, 6, 15, 10, 8, 0], [27, 21, 18, 15, 16, 14, 9, 2, 10, 11, 0], [17, 16, 14, 13, 1, 10, 4, 6, 12, 11, 0], [9, 6, 19, 23, 8, 21, 0, 0, 0, 0, 0], [27, 26, 24, 23, 1, 21, 18, 16, 10, 20, 0]]
gen=[[21, 23, 20, 17, 3, 1, 5, 11, 4, 13, 0], [2, 27, 22, 21, 9, 1, 7, 3, 18, 14, 0], [2, 23, 22, 28, 24, 16, 15, 17, 8, 13, 0], [2, 12, 20, 24, 22, 15, 5, 14, 19, 11, 0], [28, 25, 12, 26, 6, 9, 18, 4, 13, 7, 0], [22, 23, 24, 6, 19, 15, 8, 10, 14, 16, 0], [2, 27, 21, 9, 16, 18, 11, 10, 14, 15, 0], [12, 17, 6, 1, 16, 4, 14, 10, 13, 11, 0], [21, 23, 6, 9, 19, 8, 0, 0, 0, 0, 0], [27, 26, 20, 23, 24, 21, 1, 18, 10, 16, 0]]
valid routes=1.0
norm-reward=0.7419076592188799
[ 42 iterations]
real=[[24, 23, 21, 14, 1, 7, 4, 10, 12, 13, 0], [26, 18, 16, 13, 1, 2, 3, 6, 10, 7, 0], [19, 15, 13, 12, 4, 5, 3, 6, 10, 11, 0], [9, 28, 4, 11, 16, 18, 0, 0, 0, 0, 0], [24, 27, 25, 0, 0, 0, 0, 0, 0, 0, 0], [27, 26, 25, 22, 1, 18, 5, 15, 21, 8, 0], [22, 5, 12, 18, 3, 8, 6, 0, 0, 0, 0], [26, 22, 17, 14, 16, 7, 3, 1, 12, 11, 0], [28, 26, 21, 19, 16, 5, 9, 6, 15, 20, 0], [28, 9, 13, 23, 15, 22, 25, 0, 0, 0, 0]]
gen=[[12, 23, 24, 21, 1, 13, 14, 10, 7, 4, 0], [2, 26, 6, 18, 13, 16, 1, 3, 7, 10, 0], [12, 6, 19, 4, 15, 5, 3, 10, 13, 11, 0], [28, 4, 18, 16, 9, 11, 0, 0, 0, 0, 0], [27, 25, 24, 0, 0, 0, 0, 0, 0, 0, 0], [27, 25, 26, 22, 21, 5, 1, 18, 15, 8, 0], [12, 22, 6, 18, 5, 8, 3, 0, 0, 0, 0], [12, 26, 22, 17, 16, 1, 7, 14, 11, 3, 0], [28, 26, 20, 21, 6, 16, 19, 15, 5, 9, 0], [28, 25, 23, 22, 15, 9, 13, 0, 0, 0, 0]]
valid routes=1.0
norm-reward=0.7297233862316226
[ 43 iterations]
real=[[7, 6, 11, 22, 25, 21, 0, 0, 0, 0, 0], [14, 18, 24, 0, 0, 0, 0, 0, 0, 0, 0], [20, 0, 0, 0, 0, 0, 0, 0, 0, 0, 0], [28, 24, 23, 20, 7, 14, 18, 17, 10, 8, 0], [26, 25, 20, 19, 9, 18, 5, 14, 12, 11, 0], [24, 23, 20, 16, 1, 11, 6, 10, 12, 13, 0], [28, 27, 22, 15, 9, 21, 6, 1, 4, 13, 0], [28, 26, 19, 18, 1, 8, 11, 6, 4, 13, 0], [28, 23, 22, 19, 16, 7, 11, 14, 12, 20, 0], [26, 25, 24, 21, 1, 19, 6, 17, 10, 11, 0]]
gen=[[25, 21, 22, 6, 7, 11, 0, 0, 0, 0, 0], [24, 18, 14, 0, 0, 0, 0, 0, 0, 0, 0], [20, 0, 0, 0, 0, 0, 0, 0, 0, 0, 0], [28, 23, 20, 24, 17, 14, 8, 10, 7, 18, 0], [12, 25, 20, 26, 18, 5, 11, 9, 19, 14, 0], [12, 23, 20, 24, 6, 16, 1, 13, 11, 10, 0], [28, 27, 22, 21, 6, 15, 1, 9, 4, 13, 0], [28, 26, 6, 19, 1, 4, 8, 18, 13, 11, 0], [28, 12, 20, 23, 22, 16, 19, 11, 7, 14, 0], [25, 26, 21, 24, 6, 17, 1, 11, 19, 10, 0]]
valid routes=1.0
norm-reward=0.7362967174818058
[ 44 iterations]
real=[[11, 14, 19, 0, 0, 0, 0, 0, 0, 0, 0], [23, 20, 12, 6, 19, 14, 0, 0, 0, 0, 0], [24, 21, 19, 18, 1, 5, 3, 9, 17, 11, 0], [23, 26, 0, 0, 0, 0, 0, 0, 0, 0, 0], [27, 26, 22, 18, 16, 5, 10, 15, 12, 17, 0], [27, 21, 16, 15, 12, 5, 3, 14, 10, 11, 0], [23, 14, 28, 27, 1, 0, 0, 0, 0, 0, 0], [28, 22, 20, 12, 16, 10, 9, 6, 4, 11, 0], [27, 26, 25, 22, 1, 10, 11, 2, 4, 20, 0], [3, 0, 0, 0, 0, 0, 0, 0, 0, 0, 0]]
gen=[[19, 14, 11, 0, 0, 0, 0, 0, 0, 0, 0], [12, 23, 20, 6, 14, 19, 0, 0, 0, 0, 0], [21, 17, 24, 1, 9, 19, 18, 3, 5, 11, 0], [23, 26, 0, 0, 0, 0, 0, 0, 0, 0, 0], [27, 12, 26, 22, 17, 5, 15, 18, 16, 10, 0], [27, 12, 21, 14, 5, 15, 16, 3, 11, 10, 0], [27, 23, 28, 14, 1, 0, 0, 0, 0, 0, 0], [28, 12, 20, 22, 6, 9, 10, 16, 4, 11, 0], [2, 27, 25, 20, 26, 22, 1, 11, 4, 10, 0], [3, 0, 0, 0, 0, 0, 0, 0, 0, 0, 0]]
valid routes=1.0
norm-reward=0.7376734010513689
[ 45 iterations]
real=[[27, 26, 25, 22, 15, 21, 5, 6, 3, 23, 0], [28, 21, 18, 16, 1, 14, 9, 2, 12, 6, 0], [24, 20, 19, 13, 9, 7, 6, 2, 12, 11, 0], [24, 22, 18, 15, 3, 14, 5, 2, 4, 13, 0], [24, 23, 11, 9, 3, 18, 5, 2, 8, 0, 0], [28, 26, 2, 23, 9, 18, 25, 0, 0, 0, 0], [28, 26, 25, 23, 22, 24, 11, 2, 10, 8, 0], [28, 21, 20, 15, 7, 5, 6, 2, 3, 17, 0], [17, 26, 4, 6, 12, 0, 0, 0, 0, 0, 0], [2, 5, 13, 8, 0, 0, 0, 0, 0, 0, 0]]
gen=[[27, 25, 26, 23, 22, 21, 6, 3, 5, 15, 0], [2, 12, 21, 28, 6, 1, 18, 9, 16, 14, 0], [2, 12, 20, 24, 6, 9, 19, 13, 7, 11, 0], [2, 22, 24, 15, 5, 4, 14, 3, 13, 18, 0], [2, 23, 24, 18, 5, 9, 11, 3, 8, 0, 0], [2, 25, 28, 26, 23, 9, 18, 0, 0, 0, 0], [2, 25, 26, 28, 24, 23, 8, 11, 10, 22, 0], [2, 20, 28, 21, 6, 15, 7, 17, 5, 3, 0], [12, 26, 17, 6, 4, 0, 0, 0, 0, 0, 0], [2, 5, 8, 13, 0, 0, 0, 0, 0, 0, 0]]
valid routes=1.0
norm-reward=0.7303364558986469
[ 46 iterations]
real=[[21, 14, 13, 11, 9, 7, 3, 10, 4, 8, 0], [26, 25, 22, 15, 9, 5, 3, 2, 10, 7, 0], [27, 25, 23, 20, 19, 21, 6, 15, 10, 13, 0], [26, 24, 20, 19, 3, 10, 6, 2, 12, 7, 0], [28, 20, 13, 26, 19, 7, 2, 0, 0, 0, 0], [6, 2, 0, 0, 0, 0, 0, 0, 0, 0, 0], [13, 8, 0, 0, 0, 0, 0, 0, 0, 0, 0], [26, 4, 13, 14, 10, 8, 25, 0, 0, 0, 0], [28, 24, 20, 19, 9, 7, 6, 2, 8, 13, 0], [28, 26, 15, 18, 9, 5, 6, 14, 10, 0, 0]]
gen=[[21, 10, 7, 8, 13, 9, 14, 11, 4, 3, 0], [2, 25, 26, 22, 5, 15, 10, 9, 7, 3, 0], [27, 25, 20, 23, 21, 15, 6, 19, 13, 10, 0], [2, 12, 20, 26, 24, 6, 19, 7, 3, 10, 0], [2, 26, 20, 28, 19, 13, 7, 0, 0, 0, 0], [2, 6, 0, 0, 0, 0, 0, 0, 0, 0, 0], [13, 8, 0, 0, 0, 0, 0, 0, 0, 0, 0], [25, 26, 4, 8, 14, 13, 10, 0, 0, 0, 0], [2, 20, 24, 28, 6, 8, 19, 9, 13, 7, 0], [28, 26, 6, 18, 5, 15, 9, 14, 10, 0, 0]]
valid routes=1.0
norm-reward=0.7401270756478444
[ 47 iterations]
real=[[27, 25, 24, 23, 16, 19, 1, 22, 10, 8, 0], [28, 26, 24, 23, 9, 5, 3, 14, 12, 11, 0], [28, 23, 21, 15, 9, 11, 3, 6, 8, 13, 0], [23, 2, 12, 0, 0, 0, 0, 0, 0, 0, 0], [25, 23, 22, 20, 19, 7, 3, 17, 4, 8, 0], [28, 21, 20, 16, 9, 5, 3, 6, 10, 8, 0], [1, 26, 13, 0, 0, 0, 0, 0, 0, 0, 0], [27, 25, 24, 20, 19, 7, 3, 14, 4, 8, 0], [28, 26, 25, 19, 16, 11, 3, 1, 21, 13, 0], [28, 27, 24, 22, 19, 18, 9, 17, 4, 8, 0]]
gen=[[27, 25, 23, 22, 24, 19, 1, 16, 8, 10, 0], [28, 12, 26, 23, 24, 5, 3, 11, 14, 9, 0], [28, 23, 21, 6, 15, 9, 8, 13, 3, 11, 0], [2, 12, 23, 0, 0, 0, 0, 0, 0, 0, 0], [25, 23, 20, 22, 17, 8, 19, 7, 4, 3, 0], [28, 20, 21, 6, 16, 9, 8, 3, 5, 10, 0], [26, 1, 13, 0, 0, 0, 0, 0, 0, 0, 0], [27, 25, 20, 24, 14, 4, 19, 3, 8, 7, 0], [28, 25, 26, 21, 16, 1, 19, 3, 11, 13, 0], [28, 27, 22, 24, 17, 8, 19, 4, 9, 18, 0]]
valid routes=1.0
norm-reward=0.7341629050404063
[ 48 iterations]
real=[[24, 23, 20, 19, 9, 18, 6, 2, 7, 13, 0], [28, 27, 17, 11, 9, 5, 3, 2, 8, 13, 0], [22, 5, 4, 15, 19, 7, 18, 0, 0, 0, 0], [26, 23, 19, 16, 9, 5, 3, 6, 17, 8, 0], [27, 23, 19, 15, 12, 18, 3, 5, 10, 7, 0], [26, 25, 21, 18, 1, 7, 3, 16, 4, 11, 0], [28, 23, 21, 15, 16, 5, 3, 2, 12, 9, 0], [26, 25, 24, 20, 15, 18, 11, 14, 4, 17, 0], [26, 22, 21, 11, 7, 5, 6, 2, 4, 13, 0], [27, 25, 23, 22, 20, 7, 18, 5, 17, 13, 0]]
gen=[[2, 23, 20, 24, 6, 18, 19, 7, 13, 9, 0], [2, 27, 28, 17, 9, 5, 8, 3, 11, 13, 0], [22, 18, 19, 15, 5, 7, 4, 0, 0, 0, 0], [26, 23, 17, 6, 16, 5, 19, 9, 8, 3, 0], [27, 12, 23, 18, 15, 5, 19, 3, 7, 10, 0], [25, 26, 21, 18, 1, 16, 3, 7, 4, 11, 0], [2, 12, 23, 28, 21, 15, 16, 3, 9, 5, 0], [25, 26, 20, 24, 17, 15, 11, 18, 4, 14, 0], [2, 26, 22, 21, 6, 5, 4, 7, 11, 13, 0], [27, 25, 20, 23, 22, 5, 17, 7, 13, 18, 0]]
valid routes=1.0
norm-reward=0.7287144545327249
[ 49 iterations]
real=[[27, 23, 20, 16, 15, 14, 9, 1, 10, 17, 0], [21, 0, 0, 0, 0, 0, 0, 0, 0, 0, 0], [24, 19, 12, 15, 1, 18, 4, 10, 0, 0, 0], [28, 26, 25, 13, 16, 5, 9, 2, 4, 7, 0], [28, 23, 20, 14, 4, 10, 3, 2, 12, 7, 0], [28, 24, 21, 20, 16, 11, 3, 6, 10, 13, 0], [27, 25, 24, 23, 2, 21, 11, 17, 10, 8, 0], [28, 27, 21, 19, 4, 5, 3, 14, 17, 8, 0], [27, 26, 15, 14, 9, 7, 3, 11, 4, 13, 0], [21, 18, 4, 14, 16, 8, 6, 17, 0, 0, 0]]
gen=[[27, 23, 20, 17, 16, 15, 1, 9, 10, 14, 0], [21, 0, 0, 0, 0, 0, 0, 0, 0, 0, 0], [12, 24, 18, 15, 4, 19, 10, 1, 0, 0, 0], [2, 25, 26, 28, 5, 13, 16, 4, 7, 9, 0], [2, 12, 20, 28, 23, 14, 10, 3, 4, 7, 0], [28, 20, 24, 21, 6, 16, 10, 3, 13, 11, 0], [2, 27, 25, 23, 24, 21, 10, 17, 8, 11, 0], [28, 27, 21, 17, 4, 8, 19, 14, 3, 5, 0], [27, 26, 4, 9, 15, 14, 3, 11, 13, 7, 0], [21, 17, 6, 18, 4, 8, 14, 16, 0, 0, 0]]
valid routes=1.0
norm-reward=0.7370344879993079
