read problem
[ 10 iterations]
real= [[20  1  2 28 16 19  0  0  0  0  0]
 [27 24 10 13  9 19  4  5  0  0  0]
 [22  4  0  0  0  0  0  0  0  0  0]
 [26  0  0  0  0  0  0  0  0  0  0]
 [18 27  8 25  0  0  0  0  0  0  0]
 [ 7  6 24 18 16  3  0  0  0  0  0]
 [13 19  8 20 27  0  0  0  0  0  0]
 [15 24  8  0  0  0  0  0  0  0  0]
 [20 16 12  1  7  0  0  0  0  0  0]
 [ 2  0  0  0  0  0  0  0  0  0  0]]
gen= [[ 1 19 28  2 20  0  0  0  0  0  0]
 [ 5 19 27 24  9  0  0  0  0  0  0]
 [ 4 22  0  0  0  0  0  0  0  0  0]
 [26  0  0  0  0  0  0  0  0  0  0]
 [ 8 25 27 18  0  0  0  0  0  0  0]
 [ 3 16  7  0  0  0  0  0  0  0  0]
 [19  8 27 20  0  0  0  0  0  0  0]
 [15  8 24  0  0  0  0  0  0  0  0]
 [16  1  0  0  0  0  0  0  0  0  0]
 [ 2  0  0  0  0  0  0  0  0  0  0]]
valid: gen=0.554
reward: norm=0.9294705143592761
[ 20 iterations]
real= [[23 21  9 24  0  0  0  0  0  0  0]
 [11 17  0  0  0  0  0  0  0  0  0]
 [15 24 27  1 26  0  0  0  0  0  0]
 [ 5 19 24  0  0  0  0  0  0  0  0]
 [22  2 28  4  0  0  0  0  0  0  0]
 [26  0  0  0  0  0  0  0  0  0  0]
 [ 5 14 12 20  0  0  0  0  0  0  0]
 [22  5  4  0  0  0  0  0  0  0  0]
 [18  2  8  0  0  0  0  0  0  0  0]
 [ 5 24  0  0  0  0  0  0  0  0  0]]
gen= [[ 9 21 24 23  0  0  0  0  0  0  0]
 [11 17  0  0  0  0  0  0  0  0  0]
 [ 1 24 27 26 15  0  0  0  0  0  0]
 [19 24  5  0  0  0  0  0  0  0  0]
 [ 2 28  4  0  0  0  0  0  0  0  0]
 [26  0  0  0  0  0  0  0  0  0  0]
 [14 12 20  5  0  0  0  0  0  0  0]
 [ 5  4 22  0  0  0  0  0  0  0  0]
 [18  2  8  0  0  0  0  0  0  0  0]
 [24  5  0  0  0  0  0  0  0  0  0]]
valid: gen=0.547
reward: norm=0.9257650422122433
[ 30 iterations]
real= [[28 19 12  4  0  0  0  0  0  0  0]
 [11 20 25 23 18  0  0  0  0  0  0]
 [20 14 16 24 15  5  0  0  0  0  0]
 [ 5 10  0  0  0  0  0  0  0  0  0]
 [18 15  4 23  0  0  0  0  0  0  0]
 [24 10 27  1  0  0  0  0  0  0  0]
 [ 7 19 28  2  9 12  0  0  0  0  0]
 [18 15  8  1  0  0  0  0  0  0  0]
 [13 26  7 28  0  0  0  0  0  0  0]
 [ 4  0  0  0  0  0  0  0  0  0  0]]
gen= [[19 12  4 28  0  0  0  0  0  0  0]
 [18 20 11 25 23  0  0  0  0  0  0]
 [14 24  5 15  0  0  0  0  0  0  0]
 [ 5 10  0  0  0  0  0  0  0  0  0]
 [18  4 15 23  0  0  0  0  0  0  0]
 [ 1 27 24 10  0  0  0  0  0  0  0]
 [19 12  9  7 28  0  0  0  0  0  0]
 [ 1 18  8 15  0  0  0  0  0  0  0]
 [26  7 28 13  0  0  0  0  0  0  0]
 [ 4  0  0  0  0  0  0  0  0  0  0]]
valid: gen=0.571
reward: norm=0.9230186034632938
[ 40 iterations]
real= [[11 15 23  0  0  0  0  0  0  0  0]
 [12  3 27 15 26  9  0  0  0  0  0]
 [ 4  6  3  0  0  0  0  0  0  0  0]
 [ 7 25  0  0  0  0  0  0  0  0  0]
 [20 25 16 14 18 12  7  0  0  0  0]
 [24 17  3  9  1 28  8  0  0  0  0]
 [20  2 27  4  0  0  0  0  0  0  0]
 [13 21 24 15  0  0  0  0  0  0  0]
 [27 26 18  3  9  1 25  8  4  7  0]
 [ 4  0  0  0  0  0  0  0  0  0  0]]
gen= [[11 15 23  0  0  0  0  0  0  0  0]
 [27  9 12  3 26  0  0  0  0  0  0]
 [ 6  3  4  0  0  0  0  0  0  0  0]
 [25  7  0  0  0  0  0  0  0  0  0]
 [18 14 12 20 25  0  0  0  0  0  0]
 [ 1 17  9 24  3  0  0  0  0  0  0]
 [27 20  2  4  0  0  0  0  0  0  0]
 [24 21 13 15  0  0  0  0  0  0  0]
 [27  1 18  9  3  0  0  0  0  0  0]
 [ 4  0  0  0  0  0  0  0  0  0  0]]
valid: gen=0.524
reward: norm=0.9220946804134045
[ 50 iterations]
real= [[12 16 27 20  0  0  0  0  0  0  0]
 [ 7 19  3 20  8  0  0  0  0  0  0]
 [ 8 10 24 22 26 23  0  0  0  0  0]
 [15 10 21 20  8 27  0  0  0  0  0]
 [18 13 25 19  0  0  0  0  0  0  0]
 [ 5  1 25 24 26  7  0  0  0  0  0]
 [12 21 16  4 23  0  0  0  0  0  0]
 [26  7 12  3  9  1  4  2  0  0  0]
 [14 26 23 24  0  0  0  0  0  0  0]
 [21 17  2  0  0  0  0  0  0  0  0]]
gen= [[27 12 20 16  0  0  0  0  0  0  0]
 [19  3 20  8  7  0  0  0  0  0  0]
 [24 26  8 23  0  0  0  0  0  0  0]
 [27 20 15 21 10  0  0  0  0  0  0]
 [18 19 25  0  0  0  0  0  0  0  0]
 [ 1  5 24 26  7  0  0  0  0  0  0]
 [12 23 21 16  4  0  0  0  0  0  0]
 [ 1 12  9  3 26  7  0  0  0  0  0]
 [14 24 26 23  0  0  0  0  0  0  0]
 [17  2  0  0  0  0  0  0  0  0  0]]
valid: gen=0.612
reward: norm=0.920565565493233
[ 60 iterations]
real= [[20  1  2 28 16 19  0  0  0  0  0]
 [27 24 10 13  9 19  4  5  0  0  0]
 [22  4  0  0  0  0  0  0  0  0  0]
 [26  0  0  0  0  0  0  0  0  0  0]
 [18 27  8 25  0  0  0  0  0  0  0]
 [ 7  6 24 18 16  3  0  0  0  0  0]
 [13 19  8 20 27  0  0  0  0  0  0]
 [15 24  8  0  0  0  0  0  0  0  0]
 [20 16 12  1  7  0  0  0  0  0  0]
 [ 2  0  0  0  0  0  0  0  0  0  0]]
gen= [[ 1 19 20  2 28  0  0  0  0  0  0]
 [27 19  9  5 24  0  0  0  0  0  0]
 [22  4  0  0  0  0  0  0  0  0  0]
 [26  0  0  0  0  0  0  0  0  0  0]
 [27 18 25  8  0  0  0  0  0  0  0]
 [18  3 24  6  7  0  0  0  0  0  0]
 [27 19 20 13  0  0  0  0  0  0  0]
 [24 15  8  0  0  0  0  0  0  0  0]
 [12  1  0  0  0  0  0  0  0  0  0]
 [ 2  0  0  0  0  0  0  0  0  0  0]]
valid: gen=0.579
reward: norm=0.9279082161882369
[ 70 iterations]
real= [[23 21  9 24  0  0  0  0  0  0  0]
 [11 17  0  0  0  0  0  0  0  0  0]
 [15 24 27  1 26  0  0  0  0  0  0]
 [ 5 19 24  0  0  0  0  0  0  0  0]
 [22  2 28  4  0  0  0  0  0  0  0]
 [26  0  0  0  0  0  0  0  0  0  0]
 [ 5 14 12 20  0  0  0  0  0  0  0]
 [22  5  4  0  0  0  0  0  0  0  0]
 [18  2  8  0  0  0  0  0  0  0  0]
 [ 5 24  0  0  0  0  0  0  0  0  0]]
gen= [[ 9 21 23  0  0  0  0  0  0  0  0]
 [17 11  0  0  0  0  0  0  0  0  0]
 [ 1 26 27 15 24  0  0  0  0  0  0]
 [19  5 24  0  0  0  0  0  0  0  0]
 [28  2 22  0  0  0  0  0  0  0  0]
 [26  0  0  0  0  0  0  0  0  0  0]
 [12 20 14  5  0  0  0  0  0  0  0]
 [ 5 22  4  0  0  0  0  0  0  0  0]
 [18  2  8  0  0  0  0  0  0  0  0]
 [ 5 24  0  0  0  0  0  0  0  0  0]]
valid: gen=0.529
reward: norm=0.9264463920287114
[ 80 iterations]
real= [[28 19 12  4  0  0  0  0  0  0  0]
 [11 20 25 23 18  0  0  0  0  0  0]
 [20 14 16 24 15  5  0  0  0  0  0]
 [ 5 10  0  0  0  0  0  0  0  0  0]
 [18 15  4 23  0  0  0  0  0  0  0]
 [24 10 27  1  0  0  0  0  0  0  0]
 [ 7 19 28  2  9 12  0  0  0  0  0]
 [18 15  8  1  0  0  0  0  0  0  0]
 [13 26  7 28  0  0  0  0  0  0  0]
 [ 4  0  0  0  0  0  0  0  0  0  0]]
gen= [[12 19 28  4  0  0  0  0  0  0  0]
 [20 11 18 25  0  0  0  0  0  0  0]
 [20 15 14 16 24  0  0  0  0  0  0]
 [10  5  0  0  0  0  0  0  0  0  0]
 [18 15 23  4  0  0  0  0  0  0  0]
 [ 1 10 27  0  0  0  0  0  0  0  0]
 [12  2 19  0  0  0  0  0  0  0  0]
 [18 15  1  8  0  0  0  0  0  0  0]
 [26 13 28  7  0  0  0  0  0  0  0]
 [ 4  0  0  0  0  0  0  0  0  0  0]]
valid: gen=0.574
reward: norm=0.9286089021693811
[ 90 iterations]
real= [[11 15 23  0  0  0  0  0  0  0  0]
 [12  3 27 15 26  9  0  0  0  0  0]
 [ 4  6  3  0  0  0  0  0  0  0  0]
 [ 7 25  0  0  0  0  0  0  0  0  0]
 [20 25 16 14 18 12  7  0  0  0  0]
 [24 17  3  9  1 28  8  0  0  0  0]
 [20  2 27  4  0  0  0  0  0  0  0]
 [13 21 24 15  0  0  0  0  0  0  0]
 [27 26 18  3  9  1 25  8  4  7  0]
 [ 4  0  0  0  0  0  0  0  0  0  0]]
gen= [[15 11 23  0  0  0  0  0  0  0  0]
 [26 12  3  9 15  0  0  0  0  0  0]
 [ 6  3  4  0  0  0  0  0  0  0  0]
 [25  7  0  0  0  0  0  0  0  0  0]
 [20 12 25 18  7  0  0  0  0  0  0]
 [17  3  8 28  1  0  0  0  0  0  0]
 [20  2 27  4  0  0  0  0  0  0  0]
 [15 21 13 24  0  0  0  0  0  0  0]
 [26  3  8 25  1  0  0  0  0  0  0]
 [ 4  0  0  0  0  0  0  0  0  0  0]]
valid: gen=0.57
reward: norm=0.9330938680626021
[ 100 iterations]
real= [[12 16 27 20  0  0  0  0  0  0  0]
 [ 7 19  3 20  8  0  0  0  0  0  0]
 [ 8 10 24 22 26 23  0  0  0  0  0]
 [15 10 21 20  8 27  0  0  0  0  0]
 [18 13 25 19  0  0  0  0  0  0  0]
 [ 5  1 25 24 26  7  0  0  0  0  0]
 [12 21 16  4 23  0  0  0  0  0  0]
 [26  7 12  3  9  1  4  2  0  0  0]
 [14 26 23 24  0  0  0  0  0  0  0]
 [21 17  2  0  0  0  0  0  0  0  0]]
gen= [[20 16 12 27  0  0  0  0  0  0  0]
 [ 8 20  0  0  0  0  0  0  0  0  0]
 [26 10  8 23  0  0  0  0  0  0  0]
 [21 10  8 20  0  0  0  0  0  0  0]
 [13 25 19  0  0  0  0  0  0  0  0]
 [26 25  7  1  5  0  0  0  0  0  0]
 [21 23 12  4  0  0  0  0  0  0  0]
 [26  2 12  3  9  0  0  0  0  0  0]
 [26 23 24 14  0  0  0  0  0  0  0]
 [21  2  0  0  0  0  0  0  0  0  0]]
valid: gen=0.604
reward: norm=0.9232103430125642
[ 110 iterations]
real= [[20  1  2 28 16 19  0  0  0  0  0]
 [27 24 10 13  9 19  4  5  0  0  0]
 [22  4  0  0  0  0  0  0  0  0  0]
 [26  0  0  0  0  0  0  0  0  0  0]
 [18 27  8 25  0  0  0  0  0  0  0]
 [ 7  6 24 18 16  3  0  0  0  0  0]
 [13 19  8 20 27  0  0  0  0  0  0]
 [15 24  8  0  0  0  0  0  0  0  0]
 [20 16 12  1  7  0  0  0  0  0  0]
 [ 2  0  0  0  0  0  0  0  0  0  0]]
gen= [[28  2 16 20  0  0  0  0  0  0  0]
 [10 13 24  9 27  0  0  0  0  0  0]
 [22  4  0  0  0  0  0  0  0  0  0]
 [26  0  0  0  0  0  0  0  0  0  0]
 [ 8 25 18 27  0  0  0  0  0  0  0]
 [ 6 16 18  0  0  0  0  0  0  0  0]
 [ 8 13 20 27  0  0  0  0  0  0  0]
 [ 8 15 24  0  0  0  0  0  0  0  0]
 [16  7 20  1  0  0  0  0  0  0  0]
 [ 2  0  0  0  0  0  0  0  0  0  0]]
valid: gen=0.571
reward: norm=0.9195565175801149
[ 120 iterations]
real= [[23 21  9 24  0  0  0  0  0  0  0]
 [11 17  0  0  0  0  0  0  0  0  0]
 [15 24 27  1 26  0  0  0  0  0  0]
 [ 5 19 24  0  0  0  0  0  0  0  0]
 [22  2 28  4  0  0  0  0  0  0  0]
 [26  0  0  0  0  0  0  0  0  0  0]
 [ 5 14 12 20  0  0  0  0  0  0  0]
 [22  5  4  0  0  0  0  0  0  0  0]
 [18  2  8  0  0  0  0  0  0  0  0]
 [ 5 24  0  0  0  0  0  0  0  0  0]]
gen= [[21 23  9  0  0  0  0  0  0  0  0]
 [17 11  0  0  0  0  0  0  0  0  0]
 [26 15 24 27  1  0  0  0  0  0  0]
 [24  5 19  0  0  0  0  0  0  0  0]
 [28 22  0  0  0  0  0  0  0  0  0]
 [26  0  0  0  0  0  0  0  0  0  0]
 [20 14 12  5  0  0  0  0  0  0  0]
 [22  4  5  0  0  0  0  0  0  0  0]
 [ 2  8 18  0  0  0  0  0  0  0  0]
 [24  5  0  0  0  0  0  0  0  0  0]]
valid: gen=0.563
reward: norm=0.9125961950631043
[ 130 iterations]
real= [[28 19 12  4  0  0  0  0  0  0  0]
 [11 20 25 23 18  0  0  0  0  0  0]
 [20 14 16 24 15  5  0  0  0  0  0]
 [ 5 10  0  0  0  0  0  0  0  0  0]
 [18 15  4 23  0  0  0  0  0  0  0]
 [24 10 27  1  0  0  0  0  0  0  0]
 [ 7 19 28  2  9 12  0  0  0  0  0]
 [18 15  8  1  0  0  0  0  0  0  0]
 [13 26  7 28  0  0  0  0  0  0  0]
 [ 4  0  0  0  0  0  0  0  0  0  0]]
gen= [[28 12 19  4  0  0  0  0  0  0  0]
 [23 25 11 18 20  0  0  0  0  0  0]
 [16 15 24 20  0  0  0  0  0  0  0]
 [10  5  0  0  0  0  0  0  0  0  0]
 [23 15 18  4  0  0  0  0  0  0  0]
 [10 24 27  1  0  0  0  0  0  0  0]
 [28  2  7  9 19  0  0  0  0  0  0]
 [ 8 15 18  1  0  0  0  0  0  0  0]
 [26 28  0  0  0  0  0  0  0  0  0]
 [ 4  0  0  0  0  0  0  0  0  0  0]]
valid: gen=0.574
reward: norm=0.9132605098963322
[ 140 iterations]
real= [[11 15 23  0  0  0  0  0  0  0  0]
 [12  3 27 15 26  9  0  0  0  0  0]
 [ 4  6  3  0  0  0  0  0  0  0  0]
 [ 7 25  0  0  0  0  0  0  0  0  0]
 [20 25 16 14 18 12  7  0  0  0  0]
 [24 17  3  9  1 28  8  0  0  0  0]
 [20  2 27  4  0  0  0  0  0  0  0]
 [13 21 24 15  0  0  0  0  0  0  0]
 [27 26 18  3  9  1 25  8  4  7  0]
 [ 4  0  0  0  0  0  0  0  0  0  0]]
gen= [[23 15 11  0  0  0  0  0  0  0  0]
 [26 15  3 12  9  0  0  0  0  0  0]
 [ 6  3  4  0  0  0  0  0  0  0  0]
 [25  7  0  0  0  0  0  0  0  0  0]
 [25 16 18 20  0  0  0  0  0  0  0]
 [28  8  3 17  9  0  0  0  0  0  0]
 [ 2 20  4 27  0  0  0  0  0  0  0]
 [21 13 15  0  0  0  0  0  0  0  0]
 [26 25  8 18  3  0  0  0  0  0  0]
 [ 4  0  0  0  0  0  0  0  0  0  0]]
valid: gen=0.58
reward: norm=0.9120955721745617
[ 150 iterations]
real= [[12 16 27 20  0  0  0  0  0  0  0]
 [ 7 19  3 20  8  0  0  0  0  0  0]
 [ 8 10 24 22 26 23  0  0  0  0  0]
 [15 10 21 20  8 27  0  0  0  0  0]
 [18 13 25 19  0  0  0  0  0  0  0]
 [ 5  1 25 24 26  7  0  0  0  0  0]
 [12 21 16  4 23  0  0  0  0  0  0]
 [26  7 12  3  9  1  4  2  0  0  0]
 [14 26 23 24  0  0  0  0  0  0  0]
 [21 17  2  0  0  0  0  0  0  0  0]]
gen= [[16 12 20 27  0  0  0  0  0  0  0]
 [ 8  3 20 19  7  0  0  0  0  0  0]
 [26 23 22 10 24  0  0  0  0  0  0]
 [21 10 15 20 27  0  0  0  0  0  0]
 [25 13 18 19  0  0  0  0  0  0  0]
 [26 25  1 24  7  0  0  0  0  0  0]
 [23 21 12  0  0  0  0  0  0  0  0]
 [26  2  3  9  1  0  0  0  0  0  0]
 [26 23 14 24  0  0  0  0  0  0  0]
 [ 2 21  0  0  0  0  0  0  0  0  0]]
valid: gen=0.632
reward: norm=0.9197532212498017
[ 160 iterations]
real= [[20  1  2 28 16 19  0  0  0  0  0]
 [27 24 10 13  9 19  4  5  0  0  0]
 [22  4  0  0  0  0  0  0  0  0  0]
 [26  0  0  0  0  0  0  0  0  0  0]
 [18 27  8 25  0  0  0  0  0  0  0]
 [ 7  6 24 18 16  3  0  0  0  0  0]
 [13 19  8 20 27  0  0  0  0  0  0]
 [15 24  8  0  0  0  0  0  0  0  0]
 [20 16 12  1  7  0  0  0  0  0  0]
 [ 2  0  0  0  0  0  0  0  0  0  0]]
gen= [[28  2 16 20  0  0  0  0  0  0  0]
 [10 13 19  9 27  5  0  0  0  0  0]
 [22  4  0  0  0  0  0  0  0  0  0]
 [26  0  0  0  0  0  0  0  0  0  0]
 [25 18  8 27  0  0  0  0  0  0  0]
 [ 6 16 18  0  0  0  0  0  0  0  0]
 [13  8 20 27  0  0  0  0  0  0  0]
 [ 8 15 24  0  0  0  0  0  0  0  0]
 [16 20 12  7  0  0  0  0  0  0  0]
 [ 2  0  0  0  0  0  0  0  0  0  0]]
valid: gen=0.622
reward: norm=0.9220171125519726
[ 170 iterations]
real= [[23 21  9 24  0  0  0  0  0  0  0]
 [11 17  0  0  0  0  0  0  0  0  0]
 [15 24 27  1 26  0  0  0  0  0  0]
 [ 5 19 24  0  0  0  0  0  0  0  0]
 [22  2 28  4  0  0  0  0  0  0  0]
 [26  0  0  0  0  0  0  0  0  0  0]
 [ 5 14 12 20  0  0  0  0  0  0  0]
 [22  5  4  0  0  0  0  0  0  0  0]
 [18  2  8  0  0  0  0  0  0  0  0]
 [ 5 24  0  0  0  0  0  0  0  0  0]]
gen= [[21 23  9  0  0  0  0  0  0  0  0]
 [17 11  0  0  0  0  0  0  0  0  0]
 [26 15 24 27  1  0  0  0  0  0  0]
 [24 19  5  0  0  0  0  0  0  0  0]
 [28  2  0  0  0  0  0  0  0  0  0]
 [26  0  0  0  0  0  0  0  0  0  0]
 [20 12 14  5  0  0  0  0  0  0  0]
 [22  4  5  0  0  0  0  0  0  0  0]
 [ 2  8 18  0  0  0  0  0  0  0  0]
 [24  5  0  0  0  0  0  0  0  0  0]]
valid: gen=0.573
reward: norm=0.9138621330000151
[ 180 iterations]
real= [[28 19 12  4  0  0  0  0  0  0  0]
 [11 20 25 23 18  0  0  0  0  0  0]
 [20 14 16 24 15  5  0  0  0  0  0]
 [ 5 10  0  0  0  0  0  0  0  0  0]
 [18 15  4 23  0  0  0  0  0  0  0]
 [24 10 27  1  0  0  0  0  0  0  0]
 [ 7 19 28  2  9 12  0  0  0  0  0]
 [18 15  8  1  0  0  0  0  0  0  0]
 [13 26  7 28  0  0  0  0  0  0  0]
 [ 4  0  0  0  0  0  0  0  0  0  0]]
gen= [[28 19 12  4  0  0  0  0  0  0  0]
 [25 23 20 18  0  0  0  0  0  0  0]
 [16 20 15  0  0  0  0  0  0  0  0]
 [10  5  0  0  0  0  0  0  0  0  0]
 [23 18 15  4  0  0  0  0  0  0  0]
 [10 24 27  1  0  0  0  0  0  0  0]
 [28  2 19  0  0  0  0  0  0  0  0]
 [ 8 18 15  1  0  0  0  0  0  0  0]
 [26 28  0  0  0  0  0  0  0  0  0]
 [ 4  0  0  0  0  0  0  0  0  0  0]]
valid: gen=0.593
reward: norm=0.9178349876695968
[ 190 iterations]
real= [[11 15 23  0  0  0  0  0  0  0  0]
 [12  3 27 15 26  9  0  0  0  0  0]
 [ 4  6  3  0  0  0  0  0  0  0  0]
 [ 7 25  0  0  0  0  0  0  0  0  0]
 [20 25 16 14 18 12  7  0  0  0  0]
 [24 17  3  9  1 28  8  0  0  0  0]
 [20  2 27  4  0  0  0  0  0  0  0]
 [13 21 24 15  0  0  0  0  0  0  0]
 [27 26 18  3  9  1 25  8  4  7  0]
 [ 4  0  0  0  0  0  0  0  0  0  0]]
gen= [[23 15 11  0  0  0  0  0  0  0  0]
 [26 15  3 12  9  0  0  0  0  0  0]
 [ 6  3  4  0  0  0  0  0  0  0  0]
 [25  7  0  0  0  0  0  0  0  0  0]
 [25 16 20  0  0  0  0  0  0  0  0]
 [28  8 17  3  9  0  0  0  0  0  0]
 [ 2 20 27  4  0  0  0  0  0  0  0]
 [21 13 15  0  0  0  0  0  0  0  0]
 [26 25 18  3  9  0  0  0  0  0  0]
 [ 4  0  0  0  0  0  0  0  0  0  0]]
valid: gen=0.603
reward: norm=0.9154441702700136
[ 200 iterations]
real= [[12 16 27 20  0  0  0  0  0  0  0]
 [ 7 19  3 20  8  0  0  0  0  0  0]
 [ 8 10 24 22 26 23  0  0  0  0  0]
 [15 10 21 20  8 27  0  0  0  0  0]
 [18 13 25 19  0  0  0  0  0  0  0]
 [ 5  1 25 24 26  7  0  0  0  0  0]
 [12 21 16  4 23  0  0  0  0  0  0]
 [26  7 12  3  9  1  4  2  0  0  0]
 [14 26 23 24  0  0  0  0  0  0  0]
 [21 17  2  0  0  0  0  0  0  0  0]]
gen= [[16 20 12 27  0  0  0  0  0  0  0]
 [20  8 19  3  7  0  0  0  0  0  0]
 [26 23 22 10 24  0  0  0  0  0  0]
 [21 20  8 27  0  0  0  0  0  0  0]
 [25 18 13 19  0  0  0  0  0  0  0]
 [26 25 24  7  0  0  0  0  0  0  0]
 [16 23 12  4  0  0  0  0  0  0  0]
 [26  2  3  9  1  0  0  0  0  0  0]
 [26 23 24 14  0  0  0  0  0  0  0]
 [ 2 21  0  0  0  0  0  0  0  0  0]]
valid: gen=0.654
reward: norm=0.9202213770962839
[ 210 iterations]
real= [[20  1  2 28 16 19  0  0  0  0  0]
 [27 24 10 13  9 19  4  5  0  0  0]
 [22  4  0  0  0  0  0  0  0  0  0]
 [26  0  0  0  0  0  0  0  0  0  0]
 [18 27  8 25  0  0  0  0  0  0  0]
 [ 7  6 24 18 16  3  0  0  0  0  0]
 [13 19  8 20 27  0  0  0  0  0  0]
 [15 24  8  0  0  0  0  0  0  0  0]
 [20 16 12  1  7  0  0  0  0  0  0]
 [ 2  0  0  0  0  0  0  0  0  0  0]]
gen= [[28  2 16 20  0  0  0  0  0  0  0]
 [10 24 19  9 27  5  0  0  0  0  0]
 [22  4  0  0  0  0  0  0  0  0  0]
 [26  0  0  0  0  0  0  0  0  0  0]
 [25 18  8 27  0  0  0  0  0  0  0]
 [ 6 16 18  0  0  0  0  0  0  0  0]
 [20  8 19 13 27  0  0  0  0  0  0]
 [24  8 15  0  0  0  0  0  0  0  0]
 [16 20 12  1  0  0  0  0  0  0  0]
 [ 2  0  0  0  0  0  0  0  0  0  0]]
valid: gen=0.621
reward: norm=0.9178653064007316
[ 220 iterations]
real= [[23 21  9 24  0  0  0  0  0  0  0]
 [11 17  0  0  0  0  0  0  0  0  0]
 [15 24 27  1 26  0  0  0  0  0  0]
 [ 5 19 24  0  0  0  0  0  0  0  0]
 [22  2 28  4  0  0  0  0  0  0  0]
 [26  0  0  0  0  0  0  0  0  0  0]
 [ 5 14 12 20  0  0  0  0  0  0  0]
 [22  5  4  0  0  0  0  0  0  0  0]
 [18  2  8  0  0  0  0  0  0  0  0]
 [ 5 24  0  0  0  0  0  0  0  0  0]]
gen= [[23 21 24  9  0  0  0  0  0  0  0]
 [11 17  0  0  0  0  0  0  0  0  0]
 [26 24 27 15  1  0  0  0  0  0  0]
 [24 19  5  0  0  0  0  0  0  0  0]
 [28  2 22  0  0  0  0  0  0  0  0]
 [26  0  0  0  0  0  0  0  0  0  0]
 [20 14 12  5  0  0  0  0  0  0  0]
 [22  5  4  0  0  0  0  0  0  0  0]
 [ 2 18  0  0  0  0  0  0  0  0  0]
 [24  5  0  0  0  0  0  0  0  0  0]]
valid: gen=0.59
reward: norm=0.9179775338555087
[ 230 iterations]
real= [[28 19 12  4  0  0  0  0  0  0  0]
 [11 20 25 23 18  0  0  0  0  0  0]
 [20 14 16 24 15  5  0  0  0  0  0]
 [ 5 10  0  0  0  0  0  0  0  0  0]
 [18 15  4 23  0  0  0  0  0  0  0]
 [24 10 27  1  0  0  0  0  0  0  0]
 [ 7 19 28  2  9 12  0  0  0  0  0]
 [18 15  8  1  0  0  0  0  0  0  0]
 [13 26  7 28  0  0  0  0  0  0  0]
 [ 4  0  0  0  0  0  0  0  0  0  0]]
gen= [[28 19 12  4  0  0  0  0  0  0  0]
 [25 23 20 18  0  0  0  0  0  0  0]
 [16 24 20  5  0  0  0  0  0  0  0]
 [10  5  0  0  0  0  0  0  0  0  0]
 [23 18 15  4  0  0  0  0  0  0  0]
 [24 27  1  0  0  0  0  0  0  0  0]
 [28  2 19  0  0  0  0  0  0  0  0]
 [18 15  8  1  0  0  0  0  0  0  0]
 [26 28  0  0  0  0  0  0  0  0  0]
 [ 4  0  0  0  0  0  0  0  0  0  0]]
valid: gen=0.584
reward: norm=0.9088546542906982
[ 240 iterations]
real= [[11 15 23  0  0  0  0  0  0  0  0]
 [12  3 27 15 26  9  0  0  0  0  0]
 [ 4  6  3  0  0  0  0  0  0  0  0]
 [ 7 25  0  0  0  0  0  0  0  0  0]
 [20 25 16 14 18 12  7  0  0  0  0]
 [24 17  3  9  1 28  8  0  0  0  0]
 [20  2 27  4  0  0  0  0  0  0  0]
 [13 21 24 15  0  0  0  0  0  0  0]
 [27 26 18  3  9  1 25  8  4  7  0]
 [ 4  0  0  0  0  0  0  0  0  0  0]]
gen= [[23 15 11  0  0  0  0  0  0  0  0]
 [26 27 15  0  0  0  0  0  0  0  0]
 [ 6  3  4  0  0  0  0  0  0  0  0]
 [25  7  0  0  0  0  0  0  0  0  0]
 [25 16 20  0  0  0  0  0  0  0  0]
 [28 24  3 17  0  0  0  0  0  0  0]
 [ 2 20 27  4  0  0  0  0  0  0  0]
 [24 21 13  0  0  0  0  0  0  0  0]
 [26 25 18 27  0  0  0  0  0  0  0]
 [ 4  0  0  0  0  0  0  0  0  0  0]]
valid: gen=0.598
reward: norm=0.9106514281103745
[ 250 iterations]
real= [[12 16 27 20  0  0  0  0  0  0  0]
 [ 7 19  3 20  8  0  0  0  0  0  0]
 [ 8 10 24 22 26 23  0  0  0  0  0]
 [15 10 21 20  8 27  0  0  0  0  0]
 [18 13 25 19  0  0  0  0  0  0  0]
 [ 5  1 25 24 26  7  0  0  0  0  0]
 [12 21 16  4 23  0  0  0  0  0  0]
 [26  7 12  3  9  1  4  2  0  0  0]
 [14 26 23 24  0  0  0  0  0  0  0]
 [21 17  2  0  0  0  0  0  0  0  0]]
gen= [[16 27 20  0  0  0  0  0  0  0  0]
 [20 19  3  8  7  0  0  0  0  0  0]
 [26 23 24 22  8  0  0  0  0  0  0]
 [21 27 20  0  0  0  0  0  0  0  0]
 [25 18 19  0  0  0  0  0  0  0  0]
 [26 25 24  7  0  0  0  0  0  0  0]
 [16 23  4  0  0  0  0  0  0  0  0]
 [26  2  3  9  1  0  0  0  0  0  0]
 [26 23 24 14  0  0  0  0  0  0  0]
 [ 2 21  0  0  0  0  0  0  0  0  0]]
valid: gen=0.645
reward: norm=0.9164320047673303
[ 260 iterations]
real= [[20  1  2 28 16 19  0  0  0  0  0]
 [27 24 10 13  9 19  4  5  0  0  0]
 [22  4  0  0  0  0  0  0  0  0  0]
 [26  0  0  0  0  0  0  0  0  0  0]
 [18 27  8 25  0  0  0  0  0  0  0]
 [ 7  6 24 18 16  3  0  0  0  0  0]
 [13 19  8 20 27  0  0  0  0  0  0]
 [15 24  8  0  0  0  0  0  0  0  0]
 [20 16 12  1  7  0  0  0  0  0  0]
 [ 2  0  0  0  0  0  0  0  0  0  0]]
gen= [[28  2 16 20  0  0  0  0  0  0  0]
 [24 27 19  9  4  5  0  0  0  0  0]
 [22  4  0  0  0  0  0  0  0  0  0]
 [26  0  0  0  0  0  0  0  0  0  0]
 [25 27 18  8  0  0  0  0  0  0  0]
 [ 6 24 18  3  7  0  0  0  0  0  0]
 [27 20 19 13  8  0  0  0  0  0  0]
 [24 15  8  0  0  0  0  0  0  0  0]
 [16 20  1 12  7  0  0  0  0  0  0]
 [ 2  0  0  0  0  0  0  0  0  0  0]]
valid: gen=0.616
reward: norm=0.914740207687594
[ 270 iterations]
real= [[23 21  9 24  0  0  0  0  0  0  0]
 [11 17  0  0  0  0  0  0  0  0  0]
 [15 24 27  1 26  0  0  0  0  0  0]
 [ 5 19 24  0  0  0  0  0  0  0  0]
 [22  2 28  4  0  0  0  0  0  0  0]
 [26  0  0  0  0  0  0  0  0  0  0]
 [ 5 14 12 20  0  0  0  0  0  0  0]
 [22  5  4  0  0  0  0  0  0  0  0]
 [18  2  8  0  0  0  0  0  0  0  0]
 [ 5 24  0  0  0  0  0  0  0  0  0]]
gen= [[24 23  9  0  0  0  0  0  0  0  0]
 [17 11  0  0  0  0  0  0  0  0  0]
 [26 24  0  0  0  0  0  0  0  0  0]
 [24 19  5  0  0  0  0  0  0  0  0]
 [28  2 22  0  0  0  0  0  0  0  0]
 [26  0  0  0  0  0  0  0  0  0  0]
 [20 14 12  5  0  0  0  0  0  0  0]
 [22  5  4  0  0  0  0  0  0  0  0]
 [ 2 18  0  0  0  0  0  0  0  0  0]
 [24  5  0  0  0  0  0  0  0  0  0]]
valid: gen=0.576
reward: norm=0.906648790220339
[ 280 iterations]
real= [[28 19 12  4  0  0  0  0  0  0  0]
 [11 20 25 23 18  0  0  0  0  0  0]
 [20 14 16 24 15  5  0  0  0  0  0]
 [ 5 10  0  0  0  0  0  0  0  0  0]
 [18 15  4 23  0  0  0  0  0  0  0]
 [24 10 27  1  0  0  0  0  0  0  0]
 [ 7 19 28  2  9 12  0  0  0  0  0]
 [18 15  8  1  0  0  0  0  0  0  0]
 [13 26  7 28  0  0  0  0  0  0  0]
 [ 4  0  0  0  0  0  0  0  0  0  0]]
gen= [[28 19  4 12  0  0  0  0  0  0  0]
 [25 23 18 20 11  0  0  0  0  0  0]
 [24 16 14 20  5  0  0  0  0  0  0]
 [10  5  0  0  0  0  0  0  0  0  0]
 [23 18 15  4  0  0  0  0  0  0  0]
 [24 27  1  0  0  0  0  0  0  0  0]
 [28  2 19  0  0  0  0  0  0  0  0]
 [18 15  1  8  0  0  0  0  0  0  0]
 [26 28  0  0  0  0  0  0  0  0  0]
 [ 4  0  0  0  0  0  0  0  0  0  0]]
valid: gen=0.616
reward: norm=0.9109961622983821
[ 290 iterations]
real= [[11 15 23  0  0  0  0  0  0  0  0]
 [12  3 27 15 26  9  0  0  0  0  0]
 [ 4  6  3  0  0  0  0  0  0  0  0]
 [ 7 25  0  0  0  0  0  0  0  0  0]
 [20 25 16 14 18 12  7  0  0  0  0]
 [24 17  3  9  1 28  8  0  0  0  0]
 [20  2 27  4  0  0  0  0  0  0  0]
 [13 21 24 15  0  0  0  0  0  0  0]
 [27 26 18  3  9  1 25  8  4  7  0]
 [ 4  0  0  0  0  0  0  0  0  0  0]]
gen= [[23 15 11  0  0  0  0  0  0  0  0]
 [26 27  3  9 15  0  0  0  0  0  0]
 [ 6  3  4  0  0  0  0  0  0  0  0]
 [25  7  0  0  0  0  0  0  0  0  0]
 [25 16 18 14 12  0  0  0  0  0  0]
 [28 24 17  3  9  0  0  0  0  0  0]
 [ 2 27 20  4  0  0  0  0  0  0  0]
 [24 21 13  0  0  0  0  0  0  0  0]
 [26 25 27 18  7  0  0  0  0  0  0]
 [ 4  0  0  0  0  0  0  0  0  0  0]]
valid: gen=0.605
reward: norm=0.9118491627126554
[ 300 iterations]
real= [[12 16 27 20  0  0  0  0  0  0  0]
 [ 7 19  3 20  8  0  0  0  0  0  0]
 [ 8 10 24 22 26 23  0  0  0  0  0]
 [15 10 21 20  8 27  0  0  0  0  0]
 [18 13 25 19  0  0  0  0  0  0  0]
 [ 5  1 25 24 26  7  0  0  0  0  0]
 [12 21 16  4 23  0  0  0  0  0  0]
 [26  7 12  3  9  1  4  2  0  0  0]
 [14 26 23 24  0  0  0  0  0  0  0]
 [21 17  2  0  0  0  0  0  0  0  0]]
gen= [[27 16 12 20  0  0  0  0  0  0  0]
 [19  3 20  8  7  0  0  0  0  0  0]
 [26 24 23 22  0  0  0  0  0  0  0]
 [27 21 15 20  0  0  0  0  0  0  0]
 [25 18 13 19  0  0  0  0  0  0  0]
 [26 25 24  7  0  0  0  0  0  0  0]
 [16 23 12  4  0  0  0  0  0  0  0]
 [26  2  3  9  1  0  0  0  0  0  0]
 [26 24 23 14  0  0  0  0  0  0  0]
 [ 2 21  0  0  0  0  0  0  0  0  0]]
valid: gen=0.663
reward: norm=0.9137948784028179
[ 310 iterations]
real= [[20  1  2 28 16 19  0  0  0  0  0]
 [27 24 10 13  9 19  4  5  0  0  0]
 [22  4  0  0  0  0  0  0  0  0  0]
 [26  0  0  0  0  0  0  0  0  0  0]
 [18 27  8 25  0  0  0  0  0  0  0]
 [ 7  6 24 18 16  3  0  0  0  0  0]
 [13 19  8 20 27  0  0  0  0  0  0]
 [15 24  8  0  0  0  0  0  0  0  0]
 [20 16 12  1  7  0  0  0  0  0  0]
 [ 2  0  0  0  0  0  0  0  0  0  0]]
gen= [[28  2 16 19 20  0  0  0  0  0  0]
 [27 24 13 19  9  4  5  0  0  0  0]
 [22  4  0  0  0  0  0  0  0  0  0]
 [26  0  0  0  0  0  0  0  0  0  0]
 [27 25 18  8  0  0  0  0  0  0  0]
 [ 6 24 18  3  7  0  0  0  0  0  0]
 [27 13 19 20  8  0  0  0  0  0  0]
 [24 15  8  0  0  0  0  0  0  0  0]
 [16  1 12 20  0  0  0  0  0  0  0]
 [ 2  0  0  0  0  0  0  0  0  0  0]]
valid: gen=0.651
reward: norm=0.9120886956523074
[ 320 iterations]
real= [[23 21  9 24  0  0  0  0  0  0  0]
 [11 17  0  0  0  0  0  0  0  0  0]
 [15 24 27  1 26  0  0  0  0  0  0]
 [ 5 19 24  0  0  0  0  0  0  0  0]
 [22  2 28  4  0  0  0  0  0  0  0]
 [26  0  0  0  0  0  0  0  0  0  0]
 [ 5 14 12 20  0  0  0  0  0  0  0]
 [22  5  4  0  0  0  0  0  0  0  0]
 [18  2  8  0  0  0  0  0  0  0  0]
 [ 5 24  0  0  0  0  0  0  0  0  0]]
gen= [[24 21 23  0  0  0  0  0  0  0  0]
 [17 11  0  0  0  0  0  0  0  0  0]
 [26 27 15 24  1  0  0  0  0  0  0]
 [24 19  5  0  0  0  0  0  0  0  0]
 [28  2 22  0  0  0  0  0  0  0  0]
 [26  0  0  0  0  0  0  0  0  0  0]
 [14 12 20  5  0  0  0  0  0  0  0]
 [22  4  5  0  0  0  0  0  0  0  0]
 [ 2 18  0  0  0  0  0  0  0  0  0]
 [24  5  0  0  0  0  0  0  0  0  0]]
valid: gen=0.612
reward: norm=0.9061384934422146
[ 330 iterations]
real= [[28 19 12  4  0  0  0  0  0  0  0]
 [11 20 25 23 18  0  0  0  0  0  0]
 [20 14 16 24 15  5  0  0  0  0  0]
 [ 5 10  0  0  0  0  0  0  0  0  0]
 [18 15  4 23  0  0  0  0  0  0  0]
 [24 10 27  1  0  0  0  0  0  0  0]
 [ 7 19 28  2  9 12  0  0  0  0  0]
 [18 15  8  1  0  0  0  0  0  0  0]
 [13 26  7 28  0  0  0  0  0  0  0]
 [ 4  0  0  0  0  0  0  0  0  0  0]]
gen= [[28 19 12  4  0  0  0  0  0  0  0]
 [25 23 18 11 20  0  0  0  0  0  0]
 [24 16 15 20  0  0  0  0  0  0  0]
 [10  5  0  0  0  0  0  0  0  0  0]
 [23 18 15  4  0  0  0  0  0  0  0]
 [27 24 10  1  0  0  0  0  0  0  0]
 [28  2 19  0  0  0  0  0  0  0  0]
 [18 15  1  8  0  0  0  0  0  0  0]
 [28 26 13  0  0  0  0  0  0  0  0]
 [ 4  0  0  0  0  0  0  0  0  0  0]]
valid: gen=0.631
reward: norm=0.9088934218986735
[ 340 iterations]
real= [[11 15 23  0  0  0  0  0  0  0  0]
 [12  3 27 15 26  9  0  0  0  0  0]
 [ 4  6  3  0  0  0  0  0  0  0  0]
 [ 7 25  0  0  0  0  0  0  0  0  0]
 [20 25 16 14 18 12  7  0  0  0  0]
 [24 17  3  9  1 28  8  0  0  0  0]
 [20  2 27  4  0  0  0  0  0  0  0]
 [13 21 24 15  0  0  0  0  0  0  0]
 [27 26 18  3  9  1 25  8  4  7  0]
 [ 4  0  0  0  0  0  0  0  0  0  0]]
gen= [[23 15 11  0  0  0  0  0  0  0  0]
 [26 27 15  0  0  0  0  0  0  0  0]
 [ 6  3  4  0  0  0  0  0  0  0  0]
 [25  7  0  0  0  0  0  0  0  0  0]
 [25 16 18 14 12  0  0  0  0  0  0]
 [28 24 17  3  9  0  0  0  0  0  0]
 [ 2 27  4 20  0  0  0  0  0  0  0]
 [24 21 13  0  0  0  0  0  0  0  0]
 [26 27 25 18  3  0  0  0  0  0  0]
 [ 4  0  0  0  0  0  0  0  0  0  0]]
valid: gen=0.605
reward: norm=0.9108456107759374
[ 350 iterations]
real= [[12 16 27 20  0  0  0  0  0  0  0]
 [ 7 19  3 20  8  0  0  0  0  0  0]
 [ 8 10 24 22 26 23  0  0  0  0  0]
 [15 10 21 20  8 27  0  0  0  0  0]
 [18 13 25 19  0  0  0  0  0  0  0]
 [ 5  1 25 24 26  7  0  0  0  0  0]
 [12 21 16  4 23  0  0  0  0  0  0]
 [26  7 12  3  9  1  4  2  0  0  0]
 [14 26 23 24  0  0  0  0  0  0  0]
 [21 17  2  0  0  0  0  0  0  0  0]]
gen= [[27 16 20 12  0  0  0  0  0  0  0]
 [19  3 20  8  7  0  0  0  0  0  0]
 [26 24 22 23  8  0  0  0  0  0  0]
 [27 21 10 15  0  0  0  0  0  0  0]
 [25 18 13 19  0  0  0  0  0  0  0]
 [26 24 25  1  7  0  0  0  0  0  0]
 [16 21 23  4  0  0  0  0  0  0  0]
 [ 2 26  3  9  1  0  0  0  0  0  0]
 [26 24 23 14  0  0  0  0  0  0  0]
 [ 2 21  0  0  0  0  0  0  0  0  0]]
valid: gen=0.68
reward: norm=0.916834293302132
[ 360 iterations]
real= [[20  1  2 28 16 19  0  0  0  0  0]
 [27 24 10 13  9 19  4  5  0  0  0]
 [22  4  0  0  0  0  0  0  0  0  0]
 [26  0  0  0  0  0  0  0  0  0  0]
 [18 27  8 25  0  0  0  0  0  0  0]
 [ 7  6 24 18 16  3  0  0  0  0  0]
 [13 19  8 20 27  0  0  0  0  0  0]
 [15 24  8  0  0  0  0  0  0  0  0]
 [20 16 12  1  7  0  0  0  0  0  0]
 [ 2  0  0  0  0  0  0  0  0  0  0]]
gen= [[28  2 16 19 20  0  0  0  0  0  0]
 [27 24 10 19  9  4  5  0  0  0  0]
 [22  4  0  0  0  0  0  0  0  0  0]
 [26  0  0  0  0  0  0  0  0  0  0]
 [27 25 18  8  0  0  0  0  0  0  0]
 [ 6 24 18  3  7  0  0  0  0  0  0]
 [27 13 19 20  8  0  0  0  0  0  0]
 [24 15  8  0  0  0  0  0  0  0  0]
 [16 20 12  1  0  0  0  0  0  0  0]
 [ 2  0  0  0  0  0  0  0  0  0  0]]
valid: gen=0.65
reward: norm=0.9087153167950976
[ 370 iterations]
real= [[23 21  9 24  0  0  0  0  0  0  0]
 [11 17  0  0  0  0  0  0  0  0  0]
 [15 24 27  1 26  0  0  0  0  0  0]
 [ 5 19 24  0  0  0  0  0  0  0  0]
 [22  2 28  4  0  0  0  0  0  0  0]
 [26  0  0  0  0  0  0  0  0  0  0]
 [ 5 14 12 20  0  0  0  0  0  0  0]
 [22  5  4  0  0  0  0  0  0  0  0]
 [18  2  8  0  0  0  0  0  0  0  0]
 [ 5 24  0  0  0  0  0  0  0  0  0]]
gen= [[24 21 23  0  0  0  0  0  0  0  0]
 [17 11  0  0  0  0  0  0  0  0  0]
 [27 26 15 24  1  0  0  0  0  0  0]
 [24 19  5  0  0  0  0  0  0  0  0]
 [28  2 22  0  0  0  0  0  0  0  0]
 [26  0  0  0  0  0  0  0  0  0  0]
 [14 20 12  5  0  0  0  0  0  0  0]
 [22  4  5  0  0  0  0  0  0  0  0]
 [ 2 18  0  0  0  0  0  0  0  0  0]
 [24  5  0  0  0  0  0  0  0  0  0]]
valid: gen=0.612
reward: norm=0.9041359203766682
[ 380 iterations]
real= [[28 19 12  4  0  0  0  0  0  0  0]
 [11 20 25 23 18  0  0  0  0  0  0]
 [20 14 16 24 15  5  0  0  0  0  0]
 [ 5 10  0  0  0  0  0  0  0  0  0]
 [18 15  4 23  0  0  0  0  0  0  0]
 [24 10 27  1  0  0  0  0  0  0  0]
 [ 7 19 28  2  9 12  0  0  0  0  0]
 [18 15  8  1  0  0  0  0  0  0  0]
 [13 26  7 28  0  0  0  0  0  0  0]
 [ 4  0  0  0  0  0  0  0  0  0  0]]
gen= [[28 19 12  4  0  0  0  0  0  0  0]
 [25 23 18 20 11  0  0  0  0  0  0]
 [24 16 15 20  0  0  0  0  0  0  0]
 [10  5  0  0  0  0  0  0  0  0  0]
 [23 18 15  4  0  0  0  0  0  0  0]
 [27 24 10  1  0  0  0  0  0  0  0]
 [28  2 19  0  0  0  0  0  0  0  0]
 [18 15  1  8  0  0  0  0  0  0  0]
 [28 26 13  0  0  0  0  0  0  0  0]
 [ 4  0  0  0  0  0  0  0  0  0  0]]
valid: gen=0.628
reward: norm=0.9049588033274678
[ 390 iterations]
real= [[11 15 23  0  0  0  0  0  0  0  0]
 [12  3 27 15 26  9  0  0  0  0  0]
 [ 4  6  3  0  0  0  0  0  0  0  0]
 [ 7 25  0  0  0  0  0  0  0  0  0]
 [20 25 16 14 18 12  7  0  0  0  0]
 [24 17  3  9  1 28  8  0  0  0  0]
 [20  2 27  4  0  0  0  0  0  0  0]
 [13 21 24 15  0  0  0  0  0  0  0]
 [27 26 18  3  9  1 25  8  4  7  0]
 [ 4  0  0  0  0  0  0  0  0  0  0]]
gen= [[23 15 11  0  0  0  0  0  0  0  0]
 [27 26 15  0  0  0  0  0  0  0  0]
 [ 6  3  4  0  0  0  0  0  0  0  0]
 [25  7  0  0  0  0  0  0  0  0  0]
 [25 16 18 14 12  0  0  0  0  0  0]
 [28 24 17  3  9  0  0  0  0  0  0]
 [27  2  4 20  0  0  0  0  0  0  0]
 [24 21 13  0  0  0  0  0  0  0  0]
 [27 26 25 18  3  0  0  0  0  0  0]
 [ 4  0  0  0  0  0  0  0  0  0  0]]
valid: gen=0.608
reward: norm=0.9079183576144126
[ 400 iterations]
real= [[12 16 27 20  0  0  0  0  0  0  0]
 [ 7 19  3 20  8  0  0  0  0  0  0]
 [ 8 10 24 22 26 23  0  0  0  0  0]
 [15 10 21 20  8 27  0  0  0  0  0]
 [18 13 25 19  0  0  0  0  0  0  0]
 [ 5  1 25 24 26  7  0  0  0  0  0]
 [12 21 16  4 23  0  0  0  0  0  0]
 [26  7 12  3  9  1  4  2  0  0  0]
 [14 26 23 24  0  0  0  0  0  0  0]
 [21 17  2  0  0  0  0  0  0  0  0]]
gen= [[27 16 12 20  0  0  0  0  0  0  0]
 [19  3 20  8  7  0  0  0  0  0  0]
 [26 24 22 23  8  0  0  0  0  0  0]
 [27 21 10 15 20  0  0  0  0  0  0]
 [25 18 13 19  0  0  0  0  0  0  0]
 [26 24 25  1  5  0  0  0  0  0  0]
 [16 21 23 12  0  0  0  0  0  0  0]
 [ 2 26  3  9  1  0  0  0  0  0  0]
 [26 24 23 14  0  0  0  0  0  0  0]
 [ 2 21  0  0  0  0  0  0  0  0  0]]
valid: gen=0.694
reward: norm=0.9147124885213059
[ 410 iterations]
real= [[20  1  2 28 16 19  0  0  0  0  0]
 [27 24 10 13  9 19  4  5  0  0  0]
 [22  4  0  0  0  0  0  0  0  0  0]
 [26  0  0  0  0  0  0  0  0  0  0]
 [18 27  8 25  0  0  0  0  0  0  0]
 [ 7  6 24 18 16  3  0  0  0  0  0]
 [13 19  8 20 27  0  0  0  0  0  0]
 [15 24  8  0  0  0  0  0  0  0  0]
 [20 16 12  1  7  0  0  0  0  0  0]
 [ 2  0  0  0  0  0  0  0  0  0  0]]
gen= [[28  2 16 19 20  0  0  0  0  0  0]
 [27 24 13 10  0  0  0  0  0  0  0]
 [22  4  0  0  0  0  0  0  0  0  0]
 [26  0  0  0  0  0  0  0  0  0  0]
 [27 25 18  8  0  0  0  0  0  0  0]
 [ 6 24 18  3  7  0  0  0  0  0  0]
 [27 13 19 20  8  0  0  0  0  0  0]
 [24 15  8  0  0  0  0  0  0  0  0]
 [16 12 20  1  7  0  0  0  0  0  0]
 [ 2  0  0  0  0  0  0  0  0  0  0]]
valid: gen=0.657
reward: norm=0.9068331813154066
[ 420 iterations]
real= [[23 21  9 24  0  0  0  0  0  0  0]
 [11 17  0  0  0  0  0  0  0  0  0]
 [15 24 27  1 26  0  0  0  0  0  0]
 [ 5 19 24  0  0  0  0  0  0  0  0]
 [22  2 28  4  0  0  0  0  0  0  0]
 [26  0  0  0  0  0  0  0  0  0  0]
 [ 5 14 12 20  0  0  0  0  0  0  0]
 [22  5  4  0  0  0  0  0  0  0  0]
 [18  2  8  0  0  0  0  0  0  0  0]
 [ 5 24  0  0  0  0  0  0  0  0  0]]
gen= [[24 21 23  0  0  0  0  0  0  0  0]
 [17 11  0  0  0  0  0  0  0  0  0]
 [27 24  0  0  0  0  0  0  0  0  0]
 [24 19  5  0  0  0  0  0  0  0  0]
 [28  2 22  0  0  0  0  0  0  0  0]
 [26  0  0  0  0  0  0  0  0  0  0]
 [14 12 20  5  0  0  0  0  0  0  0]
 [22  4  5  0  0  0  0  0  0  0  0]
 [ 2 18  0  0  0  0  0  0  0  0  0]
 [24  5  0  0  0  0  0  0  0  0  0]]
valid: gen=0.616
reward: norm=0.9035534059402246
[ 430 iterations]
real= [[28 19 12  4  0  0  0  0  0  0  0]
 [11 20 25 23 18  0  0  0  0  0  0]
 [20 14 16 24 15  5  0  0  0  0  0]
 [ 5 10  0  0  0  0  0  0  0  0  0]
 [18 15  4 23  0  0  0  0  0  0  0]
 [24 10 27  1  0  0  0  0  0  0  0]
 [ 7 19 28  2  9 12  0  0  0  0  0]
 [18 15  8  1  0  0  0  0  0  0  0]
 [13 26  7 28  0  0  0  0  0  0  0]
 [ 4  0  0  0  0  0  0  0  0  0  0]]
gen= [[28 19 12  4  0  0  0  0  0  0  0]
 [25 23 18 20 11  0  0  0  0  0  0]
 [24 16 15 20  0  0  0  0  0  0  0]
 [10  5  0  0  0  0  0  0  0  0  0]
 [23 18 15  4  0  0  0  0  0  0  0]
 [27 24 10  1  0  0  0  0  0  0  0]
 [28  2 19  0  0  0  0  0  0  0  0]
 [18 15  1  8  0  0  0  0  0  0  0]
 [28 26 13  0  0  0  0  0  0  0  0]
 [ 4  0  0  0  0  0  0  0  0  0  0]]
valid: gen=0.629
reward: norm=0.9046757007784453
[ 440 iterations]
real= [[11 15 23  0  0  0  0  0  0  0  0]
 [12  3 27 15 26  9  0  0  0  0  0]
 [ 4  6  3  0  0  0  0  0  0  0  0]
 [ 7 25  0  0  0  0  0  0  0  0  0]
 [20 25 16 14 18 12  7  0  0  0  0]
 [24 17  3  9  1 28  8  0  0  0  0]
 [20  2 27  4  0  0  0  0  0  0  0]
 [13 21 24 15  0  0  0  0  0  0  0]
 [27 26 18  3  9  1 25  8  4  7  0]
 [ 4  0  0  0  0  0  0  0  0  0  0]]
gen= [[23 15 11  0  0  0  0  0  0  0  0]
 [27 26 15  0  0  0  0  0  0  0  0]
 [ 6  3  4  0  0  0  0  0  0  0  0]
 [25  7  0  0  0  0  0  0  0  0  0]
 [25 16 18 14 12  0  0  0  0  0  0]
 [28 24 17  3  9  0  0  0  0  0  0]
 [27  2 20  4  0  0  0  0  0  0  0]
 [24 21 13  0  0  0  0  0  0  0  0]
 [27 26 25 18  3  0  0  0  0  0  0]
 [ 4  0  0  0  0  0  0  0  0  0  0]]
valid: gen=0.605
reward: norm=0.9082614505219194
[ 450 iterations]
real= [[12 16 27 20  0  0  0  0  0  0  0]
 [ 7 19  3 20  8  0  0  0  0  0  0]
 [ 8 10 24 22 26 23  0  0  0  0  0]
 [15 10 21 20  8 27  0  0  0  0  0]
 [18 13 25 19  0  0  0  0  0  0  0]
 [ 5  1 25 24 26  7  0  0  0  0  0]
 [12 21 16  4 23  0  0  0  0  0  0]
 [26  7 12  3  9  1  4  2  0  0  0]
 [14 26 23 24  0  0  0  0  0  0  0]
 [21 17  2  0  0  0  0  0  0  0  0]]
gen= [[27 16 20 12  0  0  0  0  0  0  0]
 [19  3 20  8  7  0  0  0  0  0  0]
 [24 26 22 23  8  0  0  0  0  0  0]
 [27 21 10 15  0  0  0  0  0  0  0]
 [25 18 13 19  0  0  0  0  0  0  0]
 [24 26 25  1  5  0  0  0  0  0  0]
 [16 21 23 12  0  0  0  0  0  0  0]
 [ 2 26  9  3 12  0  0  0  0  0  0]
 [24 26 23 14  0  0  0  0  0  0  0]
 [ 2 21  0  0  0  0  0  0  0  0  0]]
valid: gen=0.687
reward: norm=0.9156264258571349
[ 460 iterations]
real= [[20  1  2 28 16 19  0  0  0  0  0]
 [27 24 10 13  9 19  4  5  0  0  0]
 [22  4  0  0  0  0  0  0  0  0  0]
 [26  0  0  0  0  0  0  0  0  0  0]
 [18 27  8 25  0  0  0  0  0  0  0]
 [ 7  6 24 18 16  3  0  0  0  0  0]
 [13 19  8 20 27  0  0  0  0  0  0]
 [15 24  8  0  0  0  0  0  0  0  0]
 [20 16 12  1  7  0  0  0  0  0  0]
 [ 2  0  0  0  0  0  0  0  0  0  0]]
gen= [[28  2 16 19 20  0  0  0  0  0  0]
 [27 24 10 19  9  4  5  0  0  0  0]
 [22  4  0  0  0  0  0  0  0  0  0]
 [26  0  0  0  0  0  0  0  0  0  0]
 [27 25 18  8  0  0  0  0  0  0  0]
 [ 6 24 18  3  7  0  0  0  0  0  0]
 [27 13 19 20  8  0  0  0  0  0  0]
 [24 15  8  0  0  0  0  0  0  0  0]
 [16 20 12  1  0  0  0  0  0  0  0]
 [ 2  0  0  0  0  0  0  0  0  0  0]]
valid: gen=0.65
reward: norm=0.9078868175043546
[ 470 iterations]
real= [[23 21  9 24  0  0  0  0  0  0  0]
 [11 17  0  0  0  0  0  0  0  0  0]
 [15 24 27  1 26  0  0  0  0  0  0]
 [ 5 19 24  0  0  0  0  0  0  0  0]
 [22  2 28  4  0  0  0  0  0  0  0]
 [26  0  0  0  0  0  0  0  0  0  0]
 [ 5 14 12 20  0  0  0  0  0  0  0]
 [22  5  4  0  0  0  0  0  0  0  0]
 [18  2  8  0  0  0  0  0  0  0  0]
 [ 5 24  0  0  0  0  0  0  0  0  0]]
gen= [[24 21 23  0  0  0  0  0  0  0  0]
 [17 11  0  0  0  0  0  0  0  0  0]
 [27 24  0  0  0  0  0  0  0  0  0]
 [24 19  5  0  0  0  0  0  0  0  0]
 [28  2 22  0  0  0  0  0  0  0  0]
 [26  0  0  0  0  0  0  0  0  0  0]
 [14 20 12  5  0  0  0  0  0  0  0]
 [22  5  4  0  0  0  0  0  0  0  0]
 [ 2 18  0  0  0  0  0  0  0  0  0]
 [24  5  0  0  0  0  0  0  0  0  0]]
valid: gen=0.616
reward: norm=0.9033510902111025
[ 480 iterations]
real= [[28 19 12  4  0  0  0  0  0  0  0]
 [11 20 25 23 18  0  0  0  0  0  0]
 [20 14 16 24 15  5  0  0  0  0  0]
 [ 5 10  0  0  0  0  0  0  0  0  0]
 [18 15  4 23  0  0  0  0  0  0  0]
 [24 10 27  1  0  0  0  0  0  0  0]
 [ 7 19 28  2  9 12  0  0  0  0  0]
 [18 15  8  1  0  0  0  0  0  0  0]
 [13 26  7 28  0  0  0  0  0  0  0]
 [ 4  0  0  0  0  0  0  0  0  0  0]]
gen= [[28 19 12  4  0  0  0  0  0  0  0]
 [25 23 18 20 11  0  0  0  0  0  0]
 [24 16 15 20  0  0  0  0  0  0  0]
 [10  5  0  0  0  0  0  0  0  0  0]
 [23 18 15  4  0  0  0  0  0  0  0]
 [27 24 10  1  0  0  0  0  0  0  0]
 [28  2 19  0  0  0  0  0  0  0  0]
 [18 15  1  8  0  0  0  0  0  0  0]
 [28 26 13  0  0  0  0  0  0  0  0]
 [ 4  0  0  0  0  0  0  0  0  0  0]]
valid: gen=0.624
reward: norm=0.906575832284863
[ 490 iterations]
real= [[11 15 23  0  0  0  0  0  0  0  0]
 [12  3 27 15 26  9  0  0  0  0  0]
 [ 4  6  3  0  0  0  0  0  0  0  0]
 [ 7 25  0  0  0  0  0  0  0  0  0]
 [20 25 16 14 18 12  7  0  0  0  0]
 [24 17  3  9  1 28  8  0  0  0  0]
 [20  2 27  4  0  0  0  0  0  0  0]
 [13 21 24 15  0  0  0  0  0  0  0]
 [27 26 18  3  9  1 25  8  4  7  0]
 [ 4  0  0  0  0  0  0  0  0  0  0]]
gen= [[23 15 11  0  0  0  0  0  0  0  0]
 [27 26 15  0  0  0  0  0  0  0  0]
 [ 6  3  4  0  0  0  0  0  0  0  0]
 [25  7  0  0  0  0  0  0  0  0  0]
 [25 16 18 14 12  0  0  0  0  0  0]
 [28 24 17  9  0  0  0  0  0  0  0]
 [27  2 20  4  0  0  0  0  0  0  0]
 [24 21 13  0  0  0  0  0  0  0  0]
 [27 26 25 18  9  0  0  0  0  0  0]
 [ 4  0  0  0  0  0  0  0  0  0  0]]
valid: gen=0.603
reward: norm=0.9074969031017924
