read problem
[ 1 iterations]
real=[[26, 23, 4, 10, 16, 20, 19, 17, 0], [28, 24, 8, 4, 1, 23, 21, 22, 0], [27, 22, 14, 6, 8, 7, 19, 18, 0], [26, 21, 25, 0, 0, 0, 0, 0, 0], [26, 24, 23, 12, 16, 6, 13, 22, 0], [19, 17, 16, 2, 18, 10, 4, 12, 0], [28, 16, 14, 15, 8, 19, 5, 12, 0], [28, 23, 16, 6, 10, 7, 5, 25, 0], [26, 23, 17, 2, 3, 16, 19, 10, 0], [28, 27, 6, 10, 3, 26, 9, 18, 0]]
gen=[[26, 16, 17, 23, 19, 10, 4, 20, 0], [22, 24, 28, 1, 21, 23, 8, 4, 0], [22, 27, 19, 8, 18, 6, 14, 7, 0], [26, 25, 21, 0, 0, 0, 0, 0, 0], [26, 24, 22, 23, 12, 16, 13, 6, 0], [12, 17, 2, 19, 16, 10, 18, 4, 0], [28, 12, 15, 16, 14, 19, 5, 8, 0], [28, 25, 16, 23, 6, 7, 10, 5, 0], [26, 17, 2, 23, 16, 10, 3, 19, 0], [27, 28, 26, 3, 18, 6, 9, 10, 0]]
valid routes=1.0
norm-reward=0.7610319941579203
[ 2 iterations]
real=[[26, 15, 16, 1, 0, 0, 0, 0, 0], [19, 0, 0, 0, 0, 0, 0, 0, 0], [27, 26, 23, 2, 16, 22, 25, 12, 0], [20, 19, 14, 2, 16, 13, 7, 17, 0], [3, 12, 8, 4, 11, 7, 0, 0, 0], [28, 23, 11, 2, 3, 9, 21, 20, 0], [24, 21, 5, 2, 16, 7, 19, 15, 0], [19, 24, 16, 15, 10, 0, 0, 0, 0], [24, 17, 11, 15, 16, 13, 8, 1, 0], [28, 22, 9, 21, 3, 18, 7, 12, 0]]
gen=[[26, 16, 1, 15, 0, 0, 0, 0, 0], [19, 0, 0, 0, 0, 0, 0, 0, 0], [27, 26, 22, 25, 16, 2, 12, 23, 0], [16, 2, 7, 17, 13, 19, 20, 14, 0], [11, 12, 3, 8, 4, 7, 0, 0, 0], [28, 23, 21, 3, 2, 11, 9, 20, 0], [24, 21, 15, 7, 16, 2, 5, 19, 0], [24, 15, 16, 10, 19, 0, 0, 0, 0], [24, 16, 15, 13, 8, 17, 1, 11, 0], [28, 22, 21, 3, 12, 9, 18, 7, 0]]
valid routes=1.0
norm-reward=0.7678463554277242
[ 3 iterations]
real=[[28, 7, 14, 0, 0, 0, 0, 0, 0], [24, 22, 6, 16, 18, 9, 19, 13, 0], [28, 22, 26, 15, 14, 13, 21, 4, 0], [28, 27, 4, 1, 11, 20, 19, 17, 0], [3, 7, 17, 25, 27, 5, 0, 0, 0], [27, 24, 14, 2, 3, 11, 19, 16, 0], [24, 14, 8, 21, 27, 0, 0, 0, 0], [27, 22, 14, 4, 17, 20, 7, 12, 0], [27, 24, 20, 21, 11, 13, 26, 10, 0], [25, 24, 14, 6, 8, 7, 5, 16, 0]]
gen=[[28, 7, 14, 0, 0, 0, 0, 0, 0], [24, 22, 18, 6, 16, 13, 19, 9, 0], [28, 26, 22, 21, 15, 14, 13, 4, 0], [27, 28, 17, 11, 4, 19, 1, 20, 0], [27, 25, 3, 17, 5, 7, 0, 0, 0], [27, 24, 11, 16, 2, 3, 14, 19, 0], [27, 24, 21, 14, 8, 0, 0, 0, 0], [27, 22, 12, 7, 17, 4, 14, 20, 0], [27, 26, 24, 21, 11, 10, 13, 20, 0], [24, 25, 5, 8, 16, 6, 7, 14, 0]]
valid routes=1.0
norm-reward=0.7637534428225808
[ 4 iterations]
real=[[21, 0, 0, 0, 0, 0, 0, 0, 0], [13, 8, 0, 0, 0, 0, 0, 0, 0], [24, 23, 14, 21, 18, 9, 5, 20, 0], [22, 18, 16, 15, 3, 2, 19, 10, 0], [21, 19, 14, 6, 8, 9, 5, 18, 0], [28, 27, 24, 2, 18, 5, 21, 25, 0], [24, 17, 14, 15, 11, 13, 9, 12, 0], [25, 22, 14, 4, 3, 13, 24, 12, 0], [23, 21, 17, 2, 18, 20, 9, 1, 0], [3, 5, 8, 21, 27, 0, 0, 0, 0]]
gen=[[21, 0, 0, 0, 0, 0, 0, 0, 0], [8, 13, 0, 0, 0, 0, 0, 0, 0], [24, 5, 21, 14, 20, 23, 18, 9, 0], [22, 2, 10, 3, 15, 16, 18, 19, 0], [19, 18, 21, 5, 6, 8, 14, 9, 0], [27, 28, 24, 21, 25, 18, 5, 2, 0], [24, 11, 15, 12, 14, 17, 13, 9, 0], [24, 22, 25, 3, 12, 4, 14, 13, 0], [9, 21, 20, 17, 2, 1, 18, 23, 0], [27, 21, 5, 3, 8, 0, 0, 0, 0]]
valid routes=1.0
norm-reward=0.7698158344958734
[ 5 iterations]
real=[[26, 22, 8, 2, 3, 6, 7, 10, 0], [28, 16, 11, 2, 1, 4, 5, 20, 0], [26, 19, 14, 15, 17, 18, 7, 1, 0], [23, 16, 6, 15, 3, 7, 5, 13, 0], [27, 17, 20, 16, 3, 6, 5, 12, 0], [24, 22, 6, 10, 16, 9, 7, 17, 0], [21, 14, 5, 25, 1, 0, 0, 0, 0], [27, 24, 8, 12, 26, 6, 3, 4, 0], [3, 12, 23, 2, 17, 13, 0, 0, 0], [27, 26, 8, 15, 19, 6, 21, 17, 0]]
gen=[[26, 22, 8, 3, 6, 2, 7, 10, 0], [28, 20, 16, 11, 5, 4, 2, 1, 0], [26, 7, 15, 17, 14, 19, 18, 1, 0], [16, 15, 3, 6, 23, 7, 5, 13, 0], [27, 20, 3, 5, 17, 12, 6, 16, 0], [22, 24, 16, 17, 10, 6, 7, 9, 0], [14, 25, 21, 1, 5, 0, 0, 0, 0], [27, 26, 24, 8, 12, 3, 6, 4, 0], [3, 13, 12, 17, 2, 23, 0, 0, 0], [27, 26, 21, 15, 6, 17, 8, 19, 0]]
valid routes=1.0
norm-reward=0.7532168425814867
[ 6 iterations]
real=[[17, 14, 6, 16, 1, 7, 5, 4, 0], [22, 19, 14, 2, 8, 13, 5, 20, 0], [23, 17, 14, 21, 1, 7, 5, 13, 0], [27, 24, 26, 15, 3, 6, 2, 10, 0], [26, 23, 20, 15, 16, 13, 3, 25, 0], [26, 21, 11, 1, 18, 6, 4, 20, 0], [28, 23, 16, 6, 27, 13, 7, 4, 0], [26, 22, 8, 10, 3, 20, 4, 12, 0], [28, 24, 23, 15, 18, 10, 7, 12, 0], [3, 7, 14, 21, 2, 13, 0, 0, 0]]
gen=[[6, 7, 17, 5, 16, 14, 4, 1, 0], [22, 20, 13, 14, 2, 5, 8, 19, 0], [5, 21, 17, 1, 13, 14, 23, 7, 0], [27, 26, 24, 3, 15, 6, 2, 10, 0], [26, 25, 3, 15, 13, 16, 20, 23, 0], [26, 21, 18, 11, 6, 1, 20, 4, 0], [27, 28, 23, 6, 13, 16, 4, 7, 0], [26, 22, 3, 12, 8, 10, 4, 20, 0], [28, 24, 15, 12, 23, 10, 18, 7, 0], [2, 21, 3, 14, 13, 7, 0, 0, 0]]
valid routes=1.0
norm-reward=0.7617558978874065
[ 7 iterations]
real=[[27, 23, 6, 25, 2, 7, 5, 4, 0], [27, 20, 4, 2, 11, 7, 5, 10, 0], [28, 24, 11, 21, 27, 6, 3, 1, 0], [26, 24, 16, 18, 0, 0, 0, 0, 0], [28, 15, 11, 20, 27, 18, 21, 0, 0], [21, 27, 11, 0, 0, 0, 0, 0, 0], [27, 24, 8, 1, 11, 20, 7, 12, 0], [23, 15, 12, 6, 18, 9, 7, 10, 0], [19, 14, 20, 25, 0, 0, 0, 0, 0], [27, 26, 23, 21, 18, 9, 7, 17, 0]]
gen=[[27, 2, 5, 6, 25, 23, 7, 4, 0], [27, 4, 10, 7, 20, 5, 2, 11, 0], [27, 28, 24, 21, 3, 1, 6, 11, 0], [26, 24, 16, 18, 0, 0, 0, 0, 0], [27, 28, 21, 15, 11, 20, 18, 0, 0], [27, 21, 11, 0, 0, 0, 0, 0, 0], [27, 24, 12, 8, 11, 20, 1, 7, 0], [10, 23, 15, 6, 12, 7, 18, 9, 0], [25, 19, 14, 20, 0, 0, 0, 0, 0], [27, 26, 21, 7, 17, 18, 9, 23, 0]]
valid routes=1.0
norm-reward=0.7601798671381506
[ 8 iterations]
real=[[24, 22, 14, 15, 16, 18, 9, 1, 0], [25, 24, 6, 15, 16, 10, 9, 1, 0], [6, 12, 11, 0, 0, 0, 0, 0, 0], [26, 22, 21, 15, 2, 6, 5, 25, 0], [26, 20, 8, 4, 16, 13, 9, 18, 0], [28, 14, 4, 2, 11, 13, 9, 1, 0], [28, 22, 23, 2, 16, 6, 19, 20, 0], [26, 20, 16, 25, 11, 6, 8, 18, 0], [25, 23, 9, 2, 1, 5, 19, 20, 0], [24, 23, 11, 16, 18, 7, 5, 12, 0]]
gen=[[16, 24, 22, 15, 9, 1, 14, 18, 0], [24, 6, 9, 16, 25, 15, 10, 1, 0], [6, 11, 12, 0, 0, 0, 0, 0, 0], [26, 22, 21, 5, 15, 2, 25, 6, 0], [26, 13, 20, 8, 18, 16, 4, 9, 0], [28, 14, 1, 11, 13, 2, 4, 9, 0], [28, 22, 16, 6, 23, 20, 2, 19, 0], [26, 16, 18, 25, 6, 8, 11, 20, 0], [25, 20, 1, 2, 23, 5, 9, 19, 0], [12, 24, 5, 11, 16, 7, 23, 18, 0]]
valid routes=1.0
norm-reward=0.758452721894193
[ 9 iterations]
real=[[28, 23, 11, 15, 3, 9, 7, 19, 0], [27, 22, 16, 21, 10, 6, 5, 25, 0], [23, 22, 17, 5, 16, 7, 19, 20, 0], [26, 25, 8, 20, 18, 7, 21, 17, 0], [28, 17, 9, 15, 19, 7, 5, 4, 0], [28, 22, 21, 15, 27, 9, 2, 20, 0], [27, 23, 17, 25, 8, 13, 9, 22, 0], [28, 23, 17, 2, 1, 13, 19, 20, 0], [27, 22, 14, 6, 11, 9, 19, 17, 0], [16, 14, 5, 15, 0, 0, 0, 0, 0]]
gen=[[28, 23, 15, 3, 11, 9, 7, 19, 0], [27, 22, 21, 25, 6, 10, 5, 16, 0], [17, 22, 16, 5, 19, 20, 7, 23, 0], [26, 21, 25, 17, 8, 7, 20, 18, 0], [28, 7, 15, 5, 17, 19, 9, 4, 0], [27, 28, 22, 21, 15, 2, 20, 9, 0], [27, 22, 25, 8, 17, 23, 13, 9, 0], [28, 19, 2, 17, 20, 23, 13, 1, 0], [27, 22, 17, 6, 14, 9, 11, 19, 0], [15, 14, 5, 16, 0, 0, 0, 0, 0]]
valid routes=1.0
norm-reward=0.760759821856572
[ 10 iterations]
real=[[24, 22, 23, 12, 3, 20, 21, 17, 0], [25, 17, 16, 15, 11, 7, 21, 1, 0], [23, 22, 14, 15, 3, 18, 21, 12, 0], [24, 22, 23, 20, 3, 6, 7, 18, 0], [25, 22, 11, 15, 2, 9, 7, 4, 0], [24, 22, 23, 2, 11, 13, 4, 12, 0], [27, 1, 0, 0, 0, 0, 0, 0, 0], [26, 9, 23, 10, 3, 6, 0, 0, 0], [28, 22, 11, 20, 27, 6, 2, 10, 0], [23, 12, 22, 20, 16, 9, 5, 0, 0]]
gen=[[22, 24, 21, 23, 17, 12, 3, 20, 0], [16, 21, 1, 17, 15, 25, 7, 11, 0], [12, 22, 21, 15, 14, 3, 23, 18, 0], [18, 24, 22, 6, 20, 3, 23, 7, 0], [7, 22, 25, 2, 15, 4, 9, 11, 0], [24, 22, 13, 12, 2, 11, 4, 23, 0], [27, 1, 0, 0, 0, 0, 0, 0, 0], [26, 10, 9, 3, 6, 23, 0, 0, 0], [28, 27, 22, 2, 6, 20, 11, 10, 0], [22, 9, 12, 23, 20, 5, 16, 0, 0]]
valid routes=1.0
norm-reward=0.7706946380310318
[ 11 iterations]
real=[[26, 23, 4, 10, 16, 20, 19, 17, 0], [28, 24, 8, 4, 1, 23, 21, 22, 0], [27, 22, 14, 6, 8, 7, 19, 18, 0], [26, 21, 25, 0, 0, 0, 0, 0, 0], [26, 24, 23, 12, 16, 6, 13, 22, 0], [19, 17, 16, 2, 18, 10, 4, 12, 0], [28, 16, 14, 15, 8, 19, 5, 12, 0], [28, 23, 16, 6, 10, 7, 5, 25, 0], [26, 23, 17, 2, 3, 16, 19, 10, 0], [28, 27, 6, 10, 3, 26, 9, 18, 0]]
gen=[[26, 23, 17, 10, 20, 16, 4, 19, 0], [28, 24, 22, 21, 1, 8, 23, 4, 0], [27, 22, 14, 8, 18, 19, 6, 7, 0], [26, 21, 25, 0, 0, 0, 0, 0, 0], [26, 24, 22, 6, 12, 23, 13, 16, 0], [2, 17, 12, 4, 19, 18, 16, 10, 0], [28, 8, 14, 15, 12, 5, 19, 16, 0], [28, 10, 5, 25, 23, 16, 6, 7, 0], [26, 17, 3, 2, 16, 23, 19, 10, 0], [28, 27, 26, 3, 6, 18, 9, 10, 0]]
valid routes=1.0
norm-reward=0.7660246549046323
[ 12 iterations]
real=[[26, 15, 16, 1, 0, 0, 0, 0, 0], [19, 0, 0, 0, 0, 0, 0, 0, 0], [27, 26, 23, 2, 16, 22, 25, 12, 0], [20, 19, 14, 2, 16, 13, 7, 17, 0], [3, 12, 8, 4, 11, 7, 0, 0, 0], [28, 23, 11, 2, 3, 9, 21, 20, 0], [24, 21, 5, 2, 16, 7, 19, 15, 0], [19, 24, 16, 15, 10, 0, 0, 0, 0], [24, 17, 11, 15, 16, 13, 8, 1, 0], [28, 22, 9, 21, 3, 18, 7, 12, 0]]
gen=[[26, 15, 1, 16, 0, 0, 0, 0, 0], [19, 0, 0, 0, 0, 0, 0, 0, 0], [27, 26, 22, 25, 2, 23, 12, 16, 0], [17, 13, 2, 19, 14, 7, 20, 16, 0], [11, 3, 12, 8, 7, 4, 0, 0, 0], [28, 21, 3, 23, 20, 2, 11, 9, 0], [7, 24, 21, 15, 5, 2, 19, 16, 0], [10, 24, 15, 16, 19, 0, 0, 0, 0], [11, 24, 15, 17, 8, 16, 13, 1, 0], [28, 22, 21, 9, 3, 12, 18, 7, 0]]
valid routes=1.0
norm-reward=0.7648792719221896
[ 13 iterations]
real=[[28, 7, 14, 0, 0, 0, 0, 0, 0], [24, 22, 6, 16, 18, 9, 19, 13, 0], [28, 22, 26, 15, 14, 13, 21, 4, 0], [28, 27, 4, 1, 11, 20, 19, 17, 0], [3, 7, 17, 25, 27, 5, 0, 0, 0], [27, 24, 14, 2, 3, 11, 19, 16, 0], [24, 14, 8, 21, 27, 0, 0, 0, 0], [27, 22, 14, 4, 17, 20, 7, 12, 0], [27, 24, 20, 21, 11, 13, 26, 10, 0], [25, 24, 14, 6, 8, 7, 5, 16, 0]]
gen=[[28, 14, 7, 0, 0, 0, 0, 0, 0], [19, 24, 22, 6, 18, 16, 13, 9, 0], [28, 26, 22, 21, 15, 4, 14, 13, 0], [28, 27, 17, 11, 4, 20, 1, 19, 0], [27, 25, 17, 5, 3, 7, 0, 0, 0], [27, 24, 14, 11, 3, 16, 2, 19, 0], [27, 24, 21, 14, 8, 0, 0, 0, 0], [27, 22, 20, 7, 17, 14, 12, 4, 0], [27, 26, 24, 21, 10, 20, 11, 13, 0], [24, 25, 8, 5, 6, 16, 14, 7, 0]]
valid routes=1.0
norm-reward=0.7636068790314333
[ 14 iterations]
real=[[21, 0, 0, 0, 0, 0, 0, 0, 0], [13, 8, 0, 0, 0, 0, 0, 0, 0], [24, 23, 14, 21, 18, 9, 5, 20, 0], [22, 18, 16, 15, 3, 2, 19, 10, 0], [21, 19, 14, 6, 8, 9, 5, 18, 0], [28, 27, 24, 2, 18, 5, 21, 25, 0], [24, 17, 14, 15, 11, 13, 9, 12, 0], [25, 22, 14, 4, 3, 13, 24, 12, 0], [23, 21, 17, 2, 18, 20, 9, 1, 0], [3, 5, 8, 21, 27, 0, 0, 0, 0]]
gen=[[21, 0, 0, 0, 0, 0, 0, 0, 0], [8, 13, 0, 0, 0, 0, 0, 0, 0], [9, 24, 21, 14, 5, 18, 23, 20, 0], [2, 22, 18, 15, 3, 16, 19, 10, 0], [14, 21, 5, 9, 8, 19, 18, 6, 0], [28, 27, 24, 21, 25, 2, 18, 5, 0], [24, 15, 11, 12, 17, 9, 13, 14, 0], [14, 24, 22, 12, 3, 25, 13, 4, 0], [20, 21, 17, 2, 9, 23, 1, 18, 0], [27, 21, 5, 8, 3, 0, 0, 0, 0]]
valid routes=1.0
norm-reward=0.7664749052377371
[ 15 iterations]
real=[[26, 22, 8, 2, 3, 6, 7, 10, 0], [28, 16, 11, 2, 1, 4, 5, 20, 0], [26, 19, 14, 15, 17, 18, 7, 1, 0], [23, 16, 6, 15, 3, 7, 5, 13, 0], [27, 17, 20, 16, 3, 6, 5, 12, 0], [24, 22, 6, 10, 16, 9, 7, 17, 0], [21, 14, 5, 25, 1, 0, 0, 0, 0], [27, 24, 8, 12, 26, 6, 3, 4, 0], [3, 12, 23, 2, 17, 13, 0, 0, 0], [27, 26, 8, 15, 19, 6, 21, 17, 0]]
gen=[[26, 22, 2, 8, 3, 10, 7, 6, 0], [28, 11, 5, 2, 20, 16, 1, 4, 0], [26, 18, 15, 14, 17, 7, 1, 19, 0], [7, 15, 6, 3, 13, 5, 16, 23, 0], [27, 20, 17, 3, 12, 5, 6, 16, 0], [24, 22, 17, 6, 9, 10, 7, 16, 0], [14, 21, 5, 25, 1, 0, 0, 0, 0], [27, 26, 24, 6, 3, 8, 12, 4, 0], [17, 3, 12, 2, 23, 13, 0, 0, 0], [27, 26, 21, 15, 6, 8, 17, 19, 0]]
valid routes=1.0
norm-reward=0.7629091982478227
[ 16 iterations]
real=[[17, 14, 6, 16, 1, 7, 5, 4, 0], [22, 19, 14, 2, 8, 13, 5, 20, 0], [23, 17, 14, 21, 1, 7, 5, 13, 0], [27, 24, 26, 15, 3, 6, 2, 10, 0], [26, 23, 20, 15, 16, 13, 3, 25, 0], [26, 21, 11, 1, 18, 6, 4, 20, 0], [28, 23, 16, 6, 27, 13, 7, 4, 0], [26, 22, 8, 10, 3, 20, 4, 12, 0], [28, 24, 23, 15, 18, 10, 7, 12, 0], [3, 7, 14, 21, 2, 13, 0, 0, 0]]
gen=[[1, 5, 17, 14, 16, 6, 7, 4, 0], [22, 14, 5, 20, 13, 8, 2, 19, 0], [7, 21, 14, 17, 1, 5, 23, 13, 0], [27, 26, 24, 3, 6, 15, 2, 10, 0], [26, 25, 15, 20, 16, 3, 13, 23, 0], [26, 21, 20, 11, 6, 1, 18, 4, 0], [28, 27, 16, 13, 6, 7, 23, 4, 0], [26, 22, 3, 12, 20, 8, 4, 10, 0], [28, 24, 12, 15, 10, 7, 18, 23, 0], [2, 21, 3, 14, 13, 7, 0, 0, 0]]
valid routes=1.0
norm-reward=0.7621836169347688
[ 17 iterations]
real=[[27, 23, 6, 25, 2, 7, 5, 4, 0], [27, 20, 4, 2, 11, 7, 5, 10, 0], [28, 24, 11, 21, 27, 6, 3, 1, 0], [26, 24, 16, 18, 0, 0, 0, 0, 0], [28, 15, 11, 20, 27, 18, 21, 0, 0], [21, 27, 11, 0, 0, 0, 0, 0, 0], [27, 24, 8, 1, 11, 20, 7, 12, 0], [23, 15, 12, 6, 18, 9, 7, 10, 0], [19, 14, 20, 25, 0, 0, 0, 0, 0], [27, 26, 23, 21, 18, 9, 7, 17, 0]]
gen=[[27, 25, 5, 23, 2, 6, 4, 7, 0], [27, 20, 2, 10, 11, 5, 4, 7, 0], [28, 27, 24, 21, 3, 11, 6, 1, 0], [26, 24, 18, 16, 0, 0, 0, 0, 0], [28, 27, 21, 15, 11, 18, 20, 0, 0], [27, 21, 11, 0, 0, 0, 0, 0, 0], [27, 24, 8, 1, 12, 11, 20, 7, 0], [23, 6, 15, 12, 9, 10, 7, 18, 0], [25, 20, 14, 19, 0, 0, 0, 0, 0], [27, 26, 21, 17, 9, 18, 23, 7, 0]]
valid routes=1.0
norm-reward=0.7732564398784646
[ 18 iterations]
real=[[24, 22, 14, 15, 16, 18, 9, 1, 0], [25, 24, 6, 15, 16, 10, 9, 1, 0], [6, 12, 11, 0, 0, 0, 0, 0, 0], [26, 22, 21, 15, 2, 6, 5, 25, 0], [26, 20, 8, 4, 16, 13, 9, 18, 0], [28, 14, 4, 2, 11, 13, 9, 1, 0], [28, 22, 23, 2, 16, 6, 19, 20, 0], [26, 20, 16, 25, 11, 6, 8, 18, 0], [25, 23, 9, 2, 1, 5, 19, 20, 0], [24, 23, 11, 16, 18, 7, 5, 12, 0]]
gen=[[15, 24, 22, 14, 18, 16, 9, 1, 0], [16, 24, 25, 9, 15, 1, 10, 6, 0], [11, 12, 6, 0, 0, 0, 0, 0, 0], [26, 22, 21, 25, 15, 5, 6, 2, 0], [26, 4, 16, 13, 8, 18, 20, 9, 0], [28, 14, 2, 13, 9, 11, 1, 4, 0], [28, 22, 2, 16, 19, 6, 20, 23, 0], [26, 8, 25, 11, 20, 6, 16, 18, 0], [23, 1, 2, 5, 25, 20, 19, 9, 0], [23, 24, 12, 5, 11, 7, 18, 16, 0]]
valid routes=1.0
norm-reward=0.7668983466546978
[ 19 iterations]
real=[[28, 23, 11, 15, 3, 9, 7, 19, 0], [27, 22, 16, 21, 10, 6, 5, 25, 0], [23, 22, 17, 5, 16, 7, 19, 20, 0], [26, 25, 8, 20, 18, 7, 21, 17, 0], [28, 17, 9, 15, 19, 7, 5, 4, 0], [28, 22, 21, 15, 27, 9, 2, 20, 0], [27, 23, 17, 25, 8, 13, 9, 22, 0], [28, 23, 17, 2, 1, 13, 19, 20, 0], [27, 22, 14, 6, 11, 9, 19, 17, 0], [16, 14, 5, 15, 0, 0, 0, 0, 0]]
gen=[[28, 7, 15, 3, 9, 11, 23, 19, 0], [27, 22, 21, 25, 5, 6, 10, 16, 0], [19, 22, 16, 17, 5, 20, 23, 7, 0], [26, 21, 17, 25, 8, 18, 20, 7, 0], [28, 15, 17, 9, 5, 19, 4, 7, 0], [28, 27, 22, 21, 20, 15, 2, 9, 0], [27, 22, 25, 23, 17, 9, 8, 13, 0], [28, 2, 17, 1, 19, 13, 20, 23, 0], [27, 22, 17, 6, 14, 9, 11, 19, 0], [15, 16, 5, 14, 0, 0, 0, 0, 0]]
valid routes=1.0
norm-reward=0.7649988028512035
[ 20 iterations]
real=[[24, 22, 23, 12, 3, 20, 21, 17, 0], [25, 17, 16, 15, 11, 7, 21, 1, 0], [23, 22, 14, 15, 3, 18, 21, 12, 0], [24, 22, 23, 20, 3, 6, 7, 18, 0], [25, 22, 11, 15, 2, 9, 7, 4, 0], [24, 22, 23, 2, 11, 13, 4, 12, 0], [27, 1, 0, 0, 0, 0, 0, 0, 0], [26, 9, 23, 10, 3, 6, 0, 0, 0], [28, 22, 11, 20, 27, 6, 2, 10, 0], [23, 12, 22, 20, 16, 9, 5, 0, 0]]
gen=[[17, 24, 22, 21, 3, 23, 12, 20, 0], [15, 21, 25, 16, 17, 11, 7, 1, 0], [12, 15, 22, 21, 3, 14, 23, 18, 0], [22, 24, 23, 3, 7, 6, 20, 18, 0], [7, 22, 15, 25, 9, 2, 11, 4, 0], [23, 24, 22, 12, 2, 11, 4, 13, 0], [27, 1, 0, 0, 0, 0, 0, 0, 0], [26, 23, 6, 3, 10, 9, 0, 0, 0], [28, 27, 22, 2, 10, 11, 20, 6, 0], [23, 22, 5, 12, 20, 16, 9, 0, 0]]
valid routes=1.0
norm-reward=0.7727410859195888
[ 21 iterations]
real=[[26, 23, 4, 10, 16, 20, 19, 17, 0], [28, 24, 8, 4, 1, 23, 21, 22, 0], [27, 22, 14, 6, 8, 7, 19, 18, 0], [26, 21, 25, 0, 0, 0, 0, 0, 0], [26, 24, 23, 12, 16, 6, 13, 22, 0], [19, 17, 16, 2, 18, 10, 4, 12, 0], [28, 16, 14, 15, 8, 19, 5, 12, 0], [28, 23, 16, 6, 10, 7, 5, 25, 0], [26, 23, 17, 2, 3, 16, 19, 10, 0], [28, 27, 6, 10, 3, 26, 9, 18, 0]]
gen=[[26, 4, 16, 17, 10, 20, 23, 19, 0], [28, 24, 22, 21, 8, 23, 1, 4, 0], [27, 22, 8, 14, 7, 6, 19, 18, 0], [26, 25, 21, 0, 0, 0, 0, 0, 0], [26, 24, 22, 6, 12, 13, 16, 23, 0], [17, 4, 19, 2, 12, 18, 16, 10, 0], [28, 15, 12, 14, 5, 8, 16, 19, 0], [28, 25, 6, 5, 16, 10, 7, 23, 0], [26, 3, 17, 16, 10, 2, 19, 23, 0], [28, 27, 26, 3, 9, 10, 6, 18, 0]]
valid routes=1.0
norm-reward=0.7646118034428093
[ 22 iterations]
real=[[26, 15, 16, 1, 0, 0, 0, 0, 0], [19, 0, 0, 0, 0, 0, 0, 0, 0], [27, 26, 23, 2, 16, 22, 25, 12, 0], [20, 19, 14, 2, 16, 13, 7, 17, 0], [3, 12, 8, 4, 11, 7, 0, 0, 0], [28, 23, 11, 2, 3, 9, 21, 20, 0], [24, 21, 5, 2, 16, 7, 19, 15, 0], [19, 24, 16, 15, 10, 0, 0, 0, 0], [24, 17, 11, 15, 16, 13, 8, 1, 0], [28, 22, 9, 21, 3, 18, 7, 12, 0]]
gen=[[26, 15, 1, 16, 0, 0, 0, 0, 0], [19, 0, 0, 0, 0, 0, 0, 0, 0], [27, 26, 22, 12, 25, 2, 16, 23, 0], [17, 14, 2, 16, 13, 19, 7, 20, 0], [4, 8, 3, 12, 11, 7, 0, 0, 0], [28, 9, 21, 3, 11, 20, 2, 23, 0], [7, 24, 21, 2, 15, 5, 16, 19, 0], [19, 24, 15, 16, 10, 0, 0, 0, 0], [16, 24, 15, 1, 8, 13, 17, 11, 0], [28, 21, 22, 3, 9, 12, 7, 18, 0]]
valid routes=1.0
norm-reward=0.771769997256305
[ 23 iterations]
real=[[28, 7, 14, 0, 0, 0, 0, 0, 0], [24, 22, 6, 16, 18, 9, 19, 13, 0], [28, 22, 26, 15, 14, 13, 21, 4, 0], [28, 27, 4, 1, 11, 20, 19, 17, 0], [3, 7, 17, 25, 27, 5, 0, 0, 0], [27, 24, 14, 2, 3, 11, 19, 16, 0], [24, 14, 8, 21, 27, 0, 0, 0, 0], [27, 22, 14, 4, 17, 20, 7, 12, 0], [27, 24, 20, 21, 11, 13, 26, 10, 0], [25, 24, 14, 6, 8, 7, 5, 16, 0]]
gen=[[28, 14, 7, 0, 0, 0, 0, 0, 0], [19, 24, 22, 6, 13, 9, 16, 18, 0], [28, 26, 22, 21, 13, 14, 15, 4, 0], [28, 27, 17, 11, 1, 20, 19, 4, 0], [27, 25, 5, 3, 17, 7, 0, 0, 0], [27, 24, 14, 3, 2, 11, 16, 19, 0], [27, 24, 21, 14, 8, 0, 0, 0, 0], [27, 22, 14, 12, 20, 17, 7, 4, 0], [27, 26, 24, 21, 11, 20, 13, 10, 0], [14, 24, 25, 8, 5, 16, 6, 7, 0]]
valid routes=1.0
norm-reward=0.7629223531166461
[ 24 iterations]
real=[[21, 0, 0, 0, 0, 0, 0, 0, 0], [13, 8, 0, 0, 0, 0, 0, 0, 0], [24, 23, 14, 21, 18, 9, 5, 20, 0], [22, 18, 16, 15, 3, 2, 19, 10, 0], [21, 19, 14, 6, 8, 9, 5, 18, 0], [28, 27, 24, 2, 18, 5, 21, 25, 0], [24, 17, 14, 15, 11, 13, 9, 12, 0], [25, 22, 14, 4, 3, 13, 24, 12, 0], [23, 21, 17, 2, 18, 20, 9, 1, 0], [3, 5, 8, 21, 27, 0, 0, 0, 0]]
gen=[[21, 0, 0, 0, 0, 0, 0, 0, 0], [8, 13, 0, 0, 0, 0, 0, 0, 0], [9, 24, 21, 18, 23, 14, 5, 20, 0], [2, 15, 22, 10, 3, 16, 19, 18, 0], [6, 21, 14, 9, 8, 5, 19, 18, 0], [28, 27, 24, 21, 25, 5, 18, 2, 0], [15, 24, 11, 17, 14, 12, 9, 13, 0], [22, 24, 3, 25, 12, 14, 13, 4, 0], [21, 17, 1, 9, 18, 20, 2, 23, 0], [27, 21, 8, 3, 5, 0, 0, 0, 0]]
valid routes=1.0
norm-reward=0.7743226309857086
[ 25 iterations]
real=[[26, 22, 8, 2, 3, 6, 7, 10, 0], [28, 16, 11, 2, 1, 4, 5, 20, 0], [26, 19, 14, 15, 17, 18, 7, 1, 0], [23, 16, 6, 15, 3, 7, 5, 13, 0], [27, 17, 20, 16, 3, 6, 5, 12, 0], [24, 22, 6, 10, 16, 9, 7, 17, 0], [21, 14, 5, 25, 1, 0, 0, 0, 0], [27, 24, 8, 12, 26, 6, 3, 4, 0], [3, 12, 23, 2, 17, 13, 0, 0, 0], [27, 26, 8, 15, 19, 6, 21, 17, 0]]
gen=[[26, 22, 8, 6, 3, 10, 7, 2, 0], [28, 1, 16, 4, 11, 2, 5, 20, 0], [26, 7, 14, 15, 17, 19, 1, 18, 0], [5, 3, 15, 23, 13, 6, 16, 7, 0], [27, 16, 3, 20, 6, 17, 12, 5, 0], [6, 24, 22, 7, 16, 17, 10, 9, 0], [25, 21, 5, 14, 1, 0, 0, 0, 0], [27, 26, 24, 3, 8, 12, 6, 4, 0], [23, 3, 12, 17, 2, 13, 0, 0, 0], [27, 26, 21, 8, 15, 17, 6, 19, 0]]
valid routes=1.0
norm-reward=0.759449417236965
[ 26 iterations]
real=[[17, 14, 6, 16, 1, 7, 5, 4, 0], [22, 19, 14, 2, 8, 13, 5, 20, 0], [23, 17, 14, 21, 1, 7, 5, 13, 0], [27, 24, 26, 15, 3, 6, 2, 10, 0], [26, 23, 20, 15, 16, 13, 3, 25, 0], [26, 21, 11, 1, 18, 6, 4, 20, 0], [28, 23, 16, 6, 27, 13, 7, 4, 0], [26, 22, 8, 10, 3, 20, 4, 12, 0], [28, 24, 23, 15, 18, 10, 7, 12, 0], [3, 7, 14, 21, 2, 13, 0, 0, 0]]
gen=[[1, 4, 5, 14, 17, 6, 7, 16, 0], [20, 22, 13, 8, 14, 19, 5, 2, 0], [13, 21, 17, 14, 5, 23, 1, 7, 0], [27, 26, 24, 15, 6, 3, 2, 10, 0], [26, 25, 15, 23, 13, 3, 20, 16, 0], [26, 21, 6, 1, 11, 20, 18, 4, 0], [28, 27, 4, 7, 6, 13, 16, 23, 0], [26, 8, 22, 3, 12, 10, 20, 4, 0], [28, 24, 10, 12, 15, 23, 18, 7, 0], [3, 13, 21, 14, 2, 7, 0, 0, 0]]
valid routes=1.0
norm-reward=0.7659696536542588
[ 27 iterations]
real=[[27, 23, 6, 25, 2, 7, 5, 4, 0], [27, 20, 4, 2, 11, 7, 5, 10, 0], [28, 24, 11, 21, 27, 6, 3, 1, 0], [26, 24, 16, 18, 0, 0, 0, 0, 0], [28, 15, 11, 20, 27, 18, 21, 0, 0], [21, 27, 11, 0, 0, 0, 0, 0, 0], [27, 24, 8, 1, 11, 20, 7, 12, 0], [23, 15, 12, 6, 18, 9, 7, 10, 0], [19, 14, 20, 25, 0, 0, 0, 0, 0], [27, 26, 23, 21, 18, 9, 7, 17, 0]]
gen=[[27, 7, 25, 23, 6, 5, 2, 4, 0], [27, 5, 20, 7, 11, 4, 2, 10, 0], [28, 27, 24, 21, 3, 11, 6, 1, 0], [26, 24, 18, 16, 0, 0, 0, 0, 0], [28, 27, 21, 15, 18, 20, 11, 0, 0], [27, 21, 11, 0, 0, 0, 0, 0, 0], [27, 24, 12, 8, 11, 20, 1, 7, 0], [6, 7, 12, 15, 9, 10, 18, 23, 0], [19, 25, 14, 20, 0, 0, 0, 0, 0], [27, 26, 21, 9, 17, 7, 23, 18, 0]]
valid routes=1.0
norm-reward=0.772397817685537
[ 28 iterations]
real=[[24, 22, 14, 15, 16, 18, 9, 1, 0], [25, 24, 6, 15, 16, 10, 9, 1, 0], [6, 12, 11, 0, 0, 0, 0, 0, 0], [26, 22, 21, 15, 2, 6, 5, 25, 0], [26, 20, 8, 4, 16, 13, 9, 18, 0], [28, 14, 4, 2, 11, 13, 9, 1, 0], [28, 22, 23, 2, 16, 6, 19, 20, 0], [26, 20, 16, 25, 11, 6, 8, 18, 0], [25, 23, 9, 2, 1, 5, 19, 20, 0], [24, 23, 11, 16, 18, 7, 5, 12, 0]]
gen=[[18, 24, 22, 14, 15, 9, 1, 16, 0], [25, 24, 10, 15, 1, 9, 6, 16, 0], [12, 11, 6, 0, 0, 0, 0, 0, 0], [26, 22, 21, 2, 25, 5, 15, 6, 0], [26, 8, 16, 4, 9, 18, 13, 20, 0], [28, 9, 11, 14, 1, 2, 13, 4, 0], [28, 22, 20, 6, 23, 19, 2, 16, 0], [26, 25, 20, 11, 6, 8, 16, 18, 0], [1, 9, 5, 25, 20, 23, 2, 19, 0], [18, 24, 11, 12, 5, 23, 7, 16, 0]]
valid routes=1.0
norm-reward=0.7767823259839557
[ 29 iterations]
real=[[28, 23, 11, 15, 3, 9, 7, 19, 0], [27, 22, 16, 21, 10, 6, 5, 25, 0], [23, 22, 17, 5, 16, 7, 19, 20, 0], [26, 25, 8, 20, 18, 7, 21, 17, 0], [28, 17, 9, 15, 19, 7, 5, 4, 0], [28, 22, 21, 15, 27, 9, 2, 20, 0], [27, 23, 17, 25, 8, 13, 9, 22, 0], [28, 23, 17, 2, 1, 13, 19, 20, 0], [27, 22, 14, 6, 11, 9, 19, 17, 0], [16, 14, 5, 15, 0, 0, 0, 0, 0]]
gen=[[28, 15, 23, 11, 3, 19, 7, 9, 0], [27, 21, 22, 25, 6, 5, 16, 10, 0], [22, 19, 17, 20, 5, 16, 7, 23, 0], [26, 8, 21, 25, 18, 17, 20, 7, 0], [28, 15, 17, 5, 19, 4, 9, 7, 0], [28, 27, 22, 21, 9, 20, 15, 2, 0], [27, 22, 17, 13, 9, 25, 8, 23, 0], [28, 20, 13, 1, 17, 2, 23, 19, 0], [27, 22, 11, 14, 17, 9, 6, 19, 0], [5, 15, 14, 16, 0, 0, 0, 0, 0]]
valid routes=1.0
norm-reward=0.7721038302900846
[ 30 iterations]
real=[[24, 22, 23, 12, 3, 20, 21, 17, 0], [25, 17, 16, 15, 11, 7, 21, 1, 0], [23, 22, 14, 15, 3, 18, 21, 12, 0], [24, 22, 23, 20, 3, 6, 7, 18, 0], [25, 22, 11, 15, 2, 9, 7, 4, 0], [24, 22, 23, 2, 11, 13, 4, 12, 0], [27, 1, 0, 0, 0, 0, 0, 0, 0], [26, 9, 23, 10, 3, 6, 0, 0, 0], [28, 22, 11, 20, 27, 6, 2, 10, 0], [23, 12, 22, 20, 16, 9, 5, 0, 0]]
gen=[[22, 24, 21, 17, 3, 20, 12, 23, 0], [1, 25, 21, 15, 17, 11, 16, 7, 0], [22, 12, 21, 3, 14, 15, 18, 23, 0], [22, 24, 20, 3, 6, 23, 7, 18, 0], [22, 9, 15, 2, 11, 25, 4, 7, 0], [23, 24, 22, 12, 13, 11, 2, 4, 0], [27, 1, 0, 0, 0, 0, 0, 0, 0], [26, 23, 10, 3, 6, 9, 0, 0, 0], [28, 27, 22, 11, 20, 6, 10, 2, 0], [20, 22, 12, 5, 9, 23, 16, 0, 0]]
valid routes=1.0
norm-reward=0.7743486573895438
[ 31 iterations]
real=[[26, 23, 4, 10, 16, 20, 19, 17, 0], [28, 24, 8, 4, 1, 23, 21, 22, 0], [27, 22, 14, 6, 8, 7, 19, 18, 0], [26, 21, 25, 0, 0, 0, 0, 0, 0], [26, 24, 23, 12, 16, 6, 13, 22, 0], [19, 17, 16, 2, 18, 10, 4, 12, 0], [28, 16, 14, 15, 8, 19, 5, 12, 0], [28, 23, 16, 6, 10, 7, 5, 25, 0], [26, 23, 17, 2, 3, 16, 19, 10, 0], [28, 27, 6, 10, 3, 26, 9, 18, 0]]
gen=[[26, 20, 17, 23, 4, 10, 19, 16, 0], [28, 24, 22, 21, 8, 4, 1, 23, 0], [27, 8, 22, 14, 7, 6, 19, 18, 0], [26, 21, 25, 0, 0, 0, 0, 0, 0], [26, 24, 22, 16, 12, 23, 13, 6, 0], [16, 4, 17, 12, 18, 2, 10, 19, 0], [28, 15, 12, 14, 8, 5, 19, 16, 0], [28, 10, 25, 16, 5, 6, 23, 7, 0], [26, 19, 2, 3, 17, 10, 16, 23, 0], [28, 27, 26, 3, 10, 18, 9, 6, 0]]
valid routes=1.0
norm-reward=0.7677796821974839
[ 32 iterations]
real=[[26, 15, 16, 1, 0, 0, 0, 0, 0], [19, 0, 0, 0, 0, 0, 0, 0, 0], [27, 26, 23, 2, 16, 22, 25, 12, 0], [20, 19, 14, 2, 16, 13, 7, 17, 0], [3, 12, 8, 4, 11, 7, 0, 0, 0], [28, 23, 11, 2, 3, 9, 21, 20, 0], [24, 21, 5, 2, 16, 7, 19, 15, 0], [19, 24, 16, 15, 10, 0, 0, 0, 0], [24, 17, 11, 15, 16, 13, 8, 1, 0], [28, 22, 9, 21, 3, 18, 7, 12, 0]]
gen=[[26, 15, 1, 16, 0, 0, 0, 0, 0], [19, 0, 0, 0, 0, 0, 0, 0, 0], [27, 26, 22, 25, 12, 23, 2, 16, 0], [20, 14, 19, 17, 13, 7, 2, 16, 0], [8, 12, 4, 3, 11, 7, 0, 0, 0], [28, 21, 3, 2, 20, 9, 11, 23, 0], [24, 21, 5, 15, 2, 16, 7, 19, 0], [24, 15, 19, 10, 16, 0, 0, 0, 0], [11, 24, 8, 1, 15, 17, 13, 16, 0], [28, 22, 21, 3, 12, 9, 18, 7, 0]]
valid routes=1.0
norm-reward=0.7710424846266319
[ 33 iterations]
real=[[28, 7, 14, 0, 0, 0, 0, 0, 0], [24, 22, 6, 16, 18, 9, 19, 13, 0], [28, 22, 26, 15, 14, 13, 21, 4, 0], [28, 27, 4, 1, 11, 20, 19, 17, 0], [3, 7, 17, 25, 27, 5, 0, 0, 0], [27, 24, 14, 2, 3, 11, 19, 16, 0], [24, 14, 8, 21, 27, 0, 0, 0, 0], [27, 22, 14, 4, 17, 20, 7, 12, 0], [27, 24, 20, 21, 11, 13, 26, 10, 0], [25, 24, 14, 6, 8, 7, 5, 16, 0]]
gen=[[28, 7, 14, 0, 0, 0, 0, 0, 0], [22, 24, 19, 13, 18, 16, 6, 9, 0], [28, 26, 22, 21, 13, 15, 14, 4, 0], [28, 27, 1, 4, 20, 17, 11, 19, 0], [27, 17, 5, 3, 25, 7, 0, 0, 0], [27, 24, 14, 16, 3, 11, 2, 19, 0], [27, 24, 21, 14, 8, 0, 0, 0, 0], [27, 22, 12, 17, 14, 20, 7, 4, 0], [27, 26, 24, 21, 11, 20, 13, 10, 0], [7, 24, 14, 25, 5, 8, 6, 16, 0]]
valid routes=1.0
norm-reward=0.7607310856597164
[ 34 iterations]
real=[[21, 0, 0, 0, 0, 0, 0, 0, 0], [13, 8, 0, 0, 0, 0, 0, 0, 0], [24, 23, 14, 21, 18, 9, 5, 20, 0], [22, 18, 16, 15, 3, 2, 19, 10, 0], [21, 19, 14, 6, 8, 9, 5, 18, 0], [28, 27, 24, 2, 18, 5, 21, 25, 0], [24, 17, 14, 15, 11, 13, 9, 12, 0], [25, 22, 14, 4, 3, 13, 24, 12, 0], [23, 21, 17, 2, 18, 20, 9, 1, 0], [3, 5, 8, 21, 27, 0, 0, 0, 0]]
gen=[[21, 0, 0, 0, 0, 0, 0, 0, 0], [13, 8, 0, 0, 0, 0, 0, 0, 0], [18, 24, 21, 14, 20, 5, 23, 9, 0], [22, 18, 16, 3, 15, 2, 10, 19, 0], [19, 21, 14, 5, 8, 6, 9, 18, 0], [28, 27, 24, 21, 5, 25, 2, 18, 0], [24, 12, 17, 14, 11, 13, 15, 9, 0], [4, 24, 22, 13, 14, 12, 25, 3, 0], [23, 17, 21, 20, 1, 9, 18, 2, 0], [27, 21, 8, 5, 3, 0, 0, 0, 0]]
valid routes=1.0
norm-reward=0.7706252441398324
[ 35 iterations]
real=[[26, 22, 8, 2, 3, 6, 7, 10, 0], [28, 16, 11, 2, 1, 4, 5, 20, 0], [26, 19, 14, 15, 17, 18, 7, 1, 0], [23, 16, 6, 15, 3, 7, 5, 13, 0], [27, 17, 20, 16, 3, 6, 5, 12, 0], [24, 22, 6, 10, 16, 9, 7, 17, 0], [21, 14, 5, 25, 1, 0, 0, 0, 0], [27, 24, 8, 12, 26, 6, 3, 4, 0], [3, 12, 23, 2, 17, 13, 0, 0, 0], [27, 26, 8, 15, 19, 6, 21, 17, 0]]
gen=[[26, 22, 8, 3, 10, 6, 7, 2, 0], [28, 5, 1, 11, 20, 16, 2, 4, 0], [26, 18, 17, 14, 15, 1, 7, 19, 0], [23, 5, 3, 15, 6, 13, 7, 16, 0], [27, 20, 12, 5, 17, 3, 16, 6, 0], [22, 24, 6, 17, 7, 10, 9, 16, 0], [25, 21, 14, 5, 1, 0, 0, 0, 0], [27, 26, 24, 8, 3, 12, 6, 4, 0], [13, 12, 3, 17, 23, 2, 0, 0, 0], [27, 26, 21, 17, 15, 6, 8, 19, 0]]
valid routes=1.0
norm-reward=0.7626588995476014
[ 36 iterations]
real=[[17, 14, 6, 16, 1, 7, 5, 4, 0], [22, 19, 14, 2, 8, 13, 5, 20, 0], [23, 17, 14, 21, 1, 7, 5, 13, 0], [27, 24, 26, 15, 3, 6, 2, 10, 0], [26, 23, 20, 15, 16, 13, 3, 25, 0], [26, 21, 11, 1, 18, 6, 4, 20, 0], [28, 23, 16, 6, 27, 13, 7, 4, 0], [26, 22, 8, 10, 3, 20, 4, 12, 0], [28, 24, 23, 15, 18, 10, 7, 12, 0], [3, 7, 14, 21, 2, 13, 0, 0, 0]]
gen=[[17, 4, 5, 14, 1, 16, 6, 7, 0], [22, 2, 13, 20, 19, 5, 14, 8, 0], [13, 21, 14, 17, 5, 7, 23, 1, 0], [27, 26, 24, 3, 15, 10, 6, 2, 0], [26, 23, 13, 25, 3, 15, 20, 16, 0], [26, 21, 4, 20, 6, 1, 11, 18, 0], [28, 27, 6, 4, 13, 7, 16, 23, 0], [26, 22, 20, 12, 3, 8, 10, 4, 0], [28, 24, 12, 15, 10, 18, 23, 7, 0], [2, 21, 14, 3, 13, 7, 0, 0, 0]]
valid routes=1.0
norm-reward=0.7673980247317097
[ 37 iterations]
real=[[27, 23, 6, 25, 2, 7, 5, 4, 0], [27, 20, 4, 2, 11, 7, 5, 10, 0], [28, 24, 11, 21, 27, 6, 3, 1, 0], [26, 24, 16, 18, 0, 0, 0, 0, 0], [28, 15, 11, 20, 27, 18, 21, 0, 0], [21, 27, 11, 0, 0, 0, 0, 0, 0], [27, 24, 8, 1, 11, 20, 7, 12, 0], [23, 15, 12, 6, 18, 9, 7, 10, 0], [19, 14, 20, 25, 0, 0, 0, 0, 0], [27, 26, 23, 21, 18, 9, 7, 17, 0]]
gen=[[27, 25, 5, 7, 2, 6, 4, 23, 0], [27, 11, 5, 4, 20, 10, 2, 7, 0], [28, 27, 24, 21, 3, 6, 1, 11, 0], [26, 24, 18, 16, 0, 0, 0, 0, 0], [28, 27, 20, 21, 15, 11, 18, 0, 0], [27, 21, 11, 0, 0, 0, 0, 0, 0], [27, 24, 8, 11, 12, 20, 1, 7, 0], [6, 12, 15, 23, 10, 9, 18, 7, 0], [20, 14, 25, 19, 0, 0, 0, 0, 0], [27, 26, 21, 9, 18, 17, 23, 7, 0]]
valid routes=1.0
norm-reward=0.7687846848983203
[ 38 iterations]
real=[[24, 22, 14, 15, 16, 18, 9, 1, 0], [25, 24, 6, 15, 16, 10, 9, 1, 0], [6, 12, 11, 0, 0, 0, 0, 0, 0], [26, 22, 21, 15, 2, 6, 5, 25, 0], [26, 20, 8, 4, 16, 13, 9, 18, 0], [28, 14, 4, 2, 11, 13, 9, 1, 0], [28, 22, 23, 2, 16, 6, 19, 20, 0], [26, 20, 16, 25, 11, 6, 8, 18, 0], [25, 23, 9, 2, 1, 5, 19, 20, 0], [24, 23, 11, 16, 18, 7, 5, 12, 0]]
gen=[[22, 24, 15, 14, 1, 16, 18, 9, 0], [6, 24, 16, 25, 15, 10, 1, 9, 0], [12, 6, 11, 0, 0, 0, 0, 0, 0], [26, 21, 22, 25, 15, 5, 6, 2, 0], [26, 8, 4, 18, 20, 13, 9, 16, 0], [28, 13, 14, 9, 11, 2, 4, 1, 0], [28, 6, 22, 2, 16, 20, 23, 19, 0], [26, 20, 25, 16, 8, 6, 18, 11, 0], [20, 2, 25, 5, 19, 1, 23, 9, 0], [12, 24, 5, 11, 18, 23, 16, 7, 0]]
valid routes=1.0
norm-reward=0.764282170053484
[ 39 iterations]
real=[[28, 23, 11, 15, 3, 9, 7, 19, 0], [27, 22, 16, 21, 10, 6, 5, 25, 0], [23, 22, 17, 5, 16, 7, 19, 20, 0], [26, 25, 8, 20, 18, 7, 21, 17, 0], [28, 17, 9, 15, 19, 7, 5, 4, 0], [28, 22, 21, 15, 27, 9, 2, 20, 0], [27, 23, 17, 25, 8, 13, 9, 22, 0], [28, 23, 17, 2, 1, 13, 19, 20, 0], [27, 22, 14, 6, 11, 9, 19, 17, 0], [16, 14, 5, 15, 0, 0, 0, 0, 0]]
gen=[[28, 19, 3, 15, 11, 9, 23, 7, 0], [27, 21, 22, 5, 25, 10, 6, 16, 0], [22, 20, 17, 19, 5, 16, 23, 7, 0], [26, 21, 17, 8, 25, 20, 18, 7, 0], [28, 15, 17, 5, 19, 9, 7, 4, 0], [28, 27, 22, 21, 15, 9, 20, 2, 0], [27, 22, 17, 25, 13, 8, 9, 23, 0], [28, 2, 20, 17, 13, 1, 23, 19, 0], [27, 22, 9, 14, 11, 17, 6, 19, 0], [15, 5, 14, 16, 0, 0, 0, 0, 0]]
valid routes=1.0
norm-reward=0.7690703602616122
[ 40 iterations]
real=[[24, 22, 23, 12, 3, 20, 21, 17, 0], [25, 17, 16, 15, 11, 7, 21, 1, 0], [23, 22, 14, 15, 3, 18, 21, 12, 0], [24, 22, 23, 20, 3, 6, 7, 18, 0], [25, 22, 11, 15, 2, 9, 7, 4, 0], [24, 22, 23, 2, 11, 13, 4, 12, 0], [27, 1, 0, 0, 0, 0, 0, 0, 0], [26, 9, 23, 10, 3, 6, 0, 0, 0], [28, 22, 11, 20, 27, 6, 2, 10, 0], [23, 12, 22, 20, 16, 9, 5, 0, 0]]
gen=[[23, 24, 22, 21, 12, 3, 17, 20, 0], [21, 25, 15, 1, 7, 17, 11, 16, 0], [22, 15, 21, 12, 3, 23, 18, 14, 0], [20, 24, 22, 3, 23, 6, 18, 7, 0], [22, 25, 11, 9, 15, 2, 4, 7, 0], [24, 22, 11, 12, 2, 13, 4, 23, 0], [27, 1, 0, 0, 0, 0, 0, 0, 0], [26, 6, 10, 9, 3, 23, 0, 0, 0], [28, 27, 22, 11, 20, 10, 6, 2, 0], [23, 22, 5, 20, 12, 9, 16, 0, 0]]
valid routes=1.0
norm-reward=0.7749213201092237
[ 41 iterations]
real=[[26, 23, 4, 10, 16, 20, 19, 17, 0], [28, 24, 8, 4, 1, 23, 21, 22, 0], [27, 22, 14, 6, 8, 7, 19, 18, 0], [26, 21, 25, 0, 0, 0, 0, 0, 0], [26, 24, 23, 12, 16, 6, 13, 22, 0], [19, 17, 16, 2, 18, 10, 4, 12, 0], [28, 16, 14, 15, 8, 19, 5, 12, 0], [28, 23, 16, 6, 10, 7, 5, 25, 0], [26, 23, 17, 2, 3, 16, 19, 10, 0], [28, 27, 6, 10, 3, 26, 9, 18, 0]]
gen=[[26, 20, 4, 17, 16, 23, 10, 19, 0], [28, 24, 22, 21, 8, 1, 23, 4, 0], [27, 22, 14, 8, 18, 7, 6, 19, 0], [26, 21, 25, 0, 0, 0, 0, 0, 0], [26, 24, 22, 12, 6, 13, 23, 16, 0], [12, 10, 16, 17, 4, 2, 18, 19, 0], [28, 8, 5, 12, 15, 14, 16, 19, 0], [28, 6, 5, 23, 10, 25, 7, 16, 0], [26, 10, 17, 3, 2, 19, 16, 23, 0], [28, 27, 26, 10, 3, 18, 6, 9, 0]]
valid routes=1.0
norm-reward=0.7682008587149677
[ 42 iterations]
real=[[26, 15, 16, 1, 0, 0, 0, 0, 0], [19, 0, 0, 0, 0, 0, 0, 0, 0], [27, 26, 23, 2, 16, 22, 25, 12, 0], [20, 19, 14, 2, 16, 13, 7, 17, 0], [3, 12, 8, 4, 11, 7, 0, 0, 0], [28, 23, 11, 2, 3, 9, 21, 20, 0], [24, 21, 5, 2, 16, 7, 19, 15, 0], [19, 24, 16, 15, 10, 0, 0, 0, 0], [24, 17, 11, 15, 16, 13, 8, 1, 0], [28, 22, 9, 21, 3, 18, 7, 12, 0]]
gen=[[26, 15, 16, 1, 0, 0, 0, 0, 0], [19, 0, 0, 0, 0, 0, 0, 0, 0], [27, 26, 22, 12, 25, 23, 2, 16, 0], [16, 13, 20, 14, 2, 17, 7, 19, 0], [8, 12, 4, 11, 3, 7, 0, 0, 0], [28, 23, 21, 3, 20, 9, 11, 2, 0], [24, 21, 15, 5, 2, 7, 16, 19, 0], [24, 15, 10, 16, 19, 0, 0, 0, 0], [24, 15, 17, 11, 13, 8, 16, 1, 0], [28, 22, 21, 3, 12, 7, 18, 9, 0]]
valid routes=1.0
norm-reward=0.7684565879982185
[ 43 iterations]
real=[[28, 7, 14, 0, 0, 0, 0, 0, 0], [24, 22, 6, 16, 18, 9, 19, 13, 0], [28, 22, 26, 15, 14, 13, 21, 4, 0], [28, 27, 4, 1, 11, 20, 19, 17, 0], [3, 7, 17, 25, 27, 5, 0, 0, 0], [27, 24, 14, 2, 3, 11, 19, 16, 0], [24, 14, 8, 21, 27, 0, 0, 0, 0], [27, 22, 14, 4, 17, 20, 7, 12, 0], [27, 24, 20, 21, 11, 13, 26, 10, 0], [25, 24, 14, 6, 8, 7, 5, 16, 0]]
gen=[[28, 7, 14, 0, 0, 0, 0, 0, 0], [13, 24, 22, 18, 9, 6, 19, 16, 0], [28, 26, 22, 21, 14, 13, 15, 4, 0], [28, 27, 17, 1, 20, 19, 11, 4, 0], [27, 3, 5, 17, 25, 7, 0, 0, 0], [27, 24, 14, 3, 11, 19, 2, 16, 0], [27, 24, 21, 14, 8, 0, 0, 0, 0], [27, 22, 12, 14, 17, 20, 4, 7, 0], [27, 26, 24, 21, 13, 20, 10, 11, 0], [25, 24, 5, 8, 14, 7, 6, 16, 0]]
valid routes=1.0
norm-reward=0.7708296706035024
[ 44 iterations]
real=[[21, 0, 0, 0, 0, 0, 0, 0, 0], [13, 8, 0, 0, 0, 0, 0, 0, 0], [24, 23, 14, 21, 18, 9, 5, 20, 0], [22, 18, 16, 15, 3, 2, 19, 10, 0], [21, 19, 14, 6, 8, 9, 5, 18, 0], [28, 27, 24, 2, 18, 5, 21, 25, 0], [24, 17, 14, 15, 11, 13, 9, 12, 0], [25, 22, 14, 4, 3, 13, 24, 12, 0], [23, 21, 17, 2, 18, 20, 9, 1, 0], [3, 5, 8, 21, 27, 0, 0, 0, 0]]
gen=[[21, 0, 0, 0, 0, 0, 0, 0, 0], [13, 8, 0, 0, 0, 0, 0, 0, 0], [23, 24, 21, 14, 20, 9, 5, 18, 0], [22, 18, 15, 3, 10, 19, 2, 16, 0], [21, 5, 6, 14, 8, 19, 9, 18, 0], [28, 27, 24, 21, 25, 18, 2, 5, 0], [12, 24, 14, 17, 11, 15, 13, 9, 0], [22, 24, 25, 12, 3, 14, 13, 4, 0], [23, 20, 21, 17, 9, 2, 18, 1, 0], [27, 21, 8, 3, 5, 0, 0, 0, 0]]
valid routes=1.0
norm-reward=0.7708532729475887
[ 45 iterations]
real=[[26, 22, 8, 2, 3, 6, 7, 10, 0], [28, 16, 11, 2, 1, 4, 5, 20, 0], [26, 19, 14, 15, 17, 18, 7, 1, 0], [23, 16, 6, 15, 3, 7, 5, 13, 0], [27, 17, 20, 16, 3, 6, 5, 12, 0], [24, 22, 6, 10, 16, 9, 7, 17, 0], [21, 14, 5, 25, 1, 0, 0, 0, 0], [27, 24, 8, 12, 26, 6, 3, 4, 0], [3, 12, 23, 2, 17, 13, 0, 0, 0], [27, 26, 8, 15, 19, 6, 21, 17, 0]]
gen=[[26, 8, 22, 3, 6, 10, 2, 7, 0], [28, 20, 1, 2, 5, 16, 11, 4, 0], [26, 18, 14, 17, 15, 19, 1, 7, 0], [23, 6, 13, 3, 15, 5, 7, 16, 0], [27, 20, 5, 12, 3, 17, 6, 16, 0], [22, 24, 17, 6, 10, 9, 16, 7, 0], [21, 25, 14, 5, 1, 0, 0, 0, 0], [27, 26, 24, 12, 6, 3, 8, 4, 0], [23, 13, 12, 17, 2, 3, 0, 0, 0], [27, 26, 21, 17, 8, 15, 6, 19, 0]]
valid routes=1.0
norm-reward=0.7570687387342729
[ 46 iterations]
real=[[17, 14, 6, 16, 1, 7, 5, 4, 0], [22, 19, 14, 2, 8, 13, 5, 20, 0], [23, 17, 14, 21, 1, 7, 5, 13, 0], [27, 24, 26, 15, 3, 6, 2, 10, 0], [26, 23, 20, 15, 16, 13, 3, 25, 0], [26, 21, 11, 1, 18, 6, 4, 20, 0], [28, 23, 16, 6, 27, 13, 7, 4, 0], [26, 22, 8, 10, 3, 20, 4, 12, 0], [28, 24, 23, 15, 18, 10, 7, 12, 0], [3, 7, 14, 21, 2, 13, 0, 0, 0]]
gen=[[14, 17, 5, 6, 16, 1, 7, 4, 0], [22, 8, 14, 5, 13, 20, 19, 2, 0], [23, 21, 5, 1, 17, 14, 13, 7, 0], [27, 26, 24, 15, 2, 3, 10, 6, 0], [26, 20, 15, 23, 3, 25, 13, 16, 0], [26, 21, 11, 20, 18, 1, 6, 4, 0], [27, 28, 16, 6, 7, 13, 23, 4, 0], [26, 22, 8, 12, 3, 20, 4, 10, 0], [28, 24, 12, 15, 23, 18, 7, 10, 0], [13, 21, 14, 2, 3, 7, 0, 0, 0]]
valid routes=1.0
norm-reward=0.7691188119034413
[ 47 iterations]
real=[[27, 23, 6, 25, 2, 7, 5, 4, 0], [27, 20, 4, 2, 11, 7, 5, 10, 0], [28, 24, 11, 21, 27, 6, 3, 1, 0], [26, 24, 16, 18, 0, 0, 0, 0, 0], [28, 15, 11, 20, 27, 18, 21, 0, 0], [21, 27, 11, 0, 0, 0, 0, 0, 0], [27, 24, 8, 1, 11, 20, 7, 12, 0], [23, 15, 12, 6, 18, 9, 7, 10, 0], [19, 14, 20, 25, 0, 0, 0, 0, 0], [27, 26, 23, 21, 18, 9, 7, 17, 0]]
gen=[[27, 23, 25, 5, 2, 6, 4, 7, 0], [27, 20, 5, 4, 11, 7, 2, 10, 0], [27, 28, 24, 21, 6, 3, 11, 1, 0], [26, 24, 16, 18, 0, 0, 0, 0, 0], [27, 28, 21, 11, 15, 20, 18, 0, 0], [27, 21, 11, 0, 0, 0, 0, 0, 0], [27, 24, 8, 12, 1, 20, 11, 7, 0], [10, 23, 12, 15, 18, 6, 7, 9, 0], [20, 25, 14, 19, 0, 0, 0, 0, 0], [27, 26, 21, 23, 18, 17, 9, 7, 0]]
valid routes=1.0
norm-reward=0.7700741769745817
[ 48 iterations]
real=[[24, 22, 14, 15, 16, 18, 9, 1, 0], [25, 24, 6, 15, 16, 10, 9, 1, 0], [6, 12, 11, 0, 0, 0, 0, 0, 0], [26, 22, 21, 15, 2, 6, 5, 25, 0], [26, 20, 8, 4, 16, 13, 9, 18, 0], [28, 14, 4, 2, 11, 13, 9, 1, 0], [28, 22, 23, 2, 16, 6, 19, 20, 0], [26, 20, 16, 25, 11, 6, 8, 18, 0], [25, 23, 9, 2, 1, 5, 19, 20, 0], [24, 23, 11, 16, 18, 7, 5, 12, 0]]
gen=[[22, 24, 14, 15, 16, 18, 1, 9, 0], [24, 6, 1, 15, 25, 10, 16, 9, 0], [12, 6, 11, 0, 0, 0, 0, 0, 0], [26, 22, 21, 25, 15, 2, 6, 5, 0], [26, 4, 8, 20, 13, 9, 16, 18, 0], [28, 14, 1, 11, 13, 9, 2, 4, 0], [28, 20, 22, 6, 2, 16, 19, 23, 0], [26, 8, 25, 11, 18, 20, 6, 16, 0], [23, 20, 1, 5, 25, 19, 9, 2, 0], [23, 24, 5, 12, 11, 16, 18, 7, 0]]
valid routes=1.0
norm-reward=0.7653715576645062
[ 49 iterations]
real=[[28, 23, 11, 15, 3, 9, 7, 19, 0], [27, 22, 16, 21, 10, 6, 5, 25, 0], [23, 22, 17, 5, 16, 7, 19, 20, 0], [26, 25, 8, 20, 18, 7, 21, 17, 0], [28, 17, 9, 15, 19, 7, 5, 4, 0], [28, 22, 21, 15, 27, 9, 2, 20, 0], [27, 23, 17, 25, 8, 13, 9, 22, 0], [28, 23, 17, 2, 1, 13, 19, 20, 0], [27, 22, 14, 6, 11, 9, 19, 17, 0], [16, 14, 5, 15, 0, 0, 0, 0, 0]]
gen=[[28, 15, 7, 3, 11, 9, 23, 19, 0], [27, 22, 21, 25, 5, 16, 6, 10, 0], [20, 22, 17, 7, 16, 5, 19, 23, 0], [26, 8, 21, 25, 20, 17, 7, 18, 0], [28, 15, 19, 17, 5, 7, 4, 9, 0], [27, 28, 22, 21, 20, 15, 2, 9, 0], [27, 22, 17, 8, 25, 13, 9, 23, 0], [28, 20, 13, 1, 17, 23, 2, 19, 0], [27, 22, 6, 17, 14, 11, 9, 19, 0], [15, 5, 14, 16, 0, 0, 0, 0, 0]]
valid routes=1.0
norm-reward=0.7689482832502788
