read problem
[ 10 iterations]
real= [[ 6 21 14  3  9  0  0  0  0  0  0  0  0  0  0  0  0]
 [25 21 18  0  0  0  0  0  0  0  0  0  0  0  0  0  0]
 [15  0  0  0  0  0  0  0  0  0  0  0  0  0  0  0  0]
 [ 5  8 28 24 22  0  0  0  0  0  0  0  0  0  0  0  0]
 [17  1 15 26  0  0  0  0  0  0  0  0  0  0  0  0  0]
 [28 17 13  7 15  0  0  0  0  0  0  0  0  0  0  0  0]
 [17 19  9 14 11  0  0  0  0  0  0  0  0  0  0  0  0]
 [25 16 18 27  0  0  0  0  0  0  0  0  0  0  0  0  0]
 [23  0  0  0  0  0  0  0  0  0  0  0  0  0  0  0  0]
 [14 13 15  7  0  0  0  0  0  0  0  0  0  0  0  0  0]]
gen= [[ 0  0  0  0  0  0  0  0  0  0  0  0  0  0  0  0  0]
 [ 0  0  0  0  0  0  0  0  0  0  0  0  0  0  0  0  0]
 [15  0  0  0  0  0  0  0  0  0  0  0  0  0  0  0  0]
 [ 0  0  0  0  0  0  0  0  0  0  0  0  0  0  0  0  0]
 [ 0  0  0  0  0  0  0  0  0  0  0  0  0  0  0  0  0]
 [ 0  0  0  0  0  0  0  0  0  0  0  0  0  0  0  0  0]
 [14 14  0  0  0  0  0  0  0  0  0  0  0  0  0  0  0]
 [ 0  0  0  0  0  0  0  0  0  0  0  0  0  0  0  0  0]
 [ 0  0  0  0  0  0  0  0  0  0  0  0  0  0  0  0  0]
 [ 0  0  0  0  0  0  0  0  0  0  0  0  0  0  0  0  0]]
valid: gen=0.035
reward: norm=0.9667456975616597
[ 20 iterations]
real= [[ 8 10 23 27  0  0  0  0  0  0  0  0  0  0  0  0  0]
 [ 2 24  0  0  0  0  0  0  0  0  0  0  0  0  0  0  0]
 [19  0  0  0  0  0  0  0  0  0  0  0  0  0  0  0  0]
 [15  6  9 19  8 27  0  0  0  0  0  0  0  0  0  0  0]
 [17 15 23 11  0  0  0  0  0  0  0  0  0  0  0  0  0]
 [27 25  9 21 15 23  0  0  0  0  0  0  0  0  0  0  0]
 [26  4 15  0  0  0  0  0  0  0  0  0  0  0  0  0  0]
 [12  2 24  0  0  0  0  0  0  0  0  0  0  0  0  0  0]
 [21  0  0  0  0  0  0  0  0  0  0  0  0  0  0  0  0]
 [23  0  0  0  0  0  0  0  0  0  0  0  0  0  0  0  0]]
gen= [[0 0 0 0 0 0 0 0 0 0 0 0 0 0 0 0 0]
 [0 0 0 0 0 0 0 0 0 0 0 0 0 0 0 0 0]
 [0 0 0 0 0 0 0 0 0 0 0 0 0 0 0 0 0]
 [0 0 0 0 0 0 0 0 0 0 0 0 0 0 0 0 0]
 [0 0 0 0 0 0 0 0 0 0 0 0 0 0 0 0 0]
 [0 0 0 0 0 0 0 0 0 0 0 0 0 0 0 0 0]
 [0 0 0 0 0 0 0 0 0 0 0 0 0 0 0 0 0]
 [0 0 0 0 0 0 0 0 0 0 0 0 0 0 0 0 0]
 [0 0 0 0 0 0 0 0 0 0 0 0 0 0 0 0 0]
 [0 0 0 0 0 0 0 0 0 0 0 0 0 0 0 0 0]]
valid: gen=0.005
reward: norm=0.9578951162469487
[ 30 iterations]
real= [[ 1 10  0  0  0  0  0  0  0  0  0  0  0  0  0  0  0]
 [12 10 25 11  5 27  0  0  0  0  0  0  0  0  0  0  0]
 [28  0  0  0  0  0  0  0  0  0  0  0  0  0  0  0  0]
 [14 22 19  0  0  0  0  0  0  0  0  0  0  0  0  0  0]
 [ 5  2  7  0  0  0  0  0  0  0  0  0  0  0  0  0  0]
 [ 3 17  6 23 26  0  0  0  0  0  0  0  0  0  0  0  0]
 [24  4 25  2  0  0  0  0  0  0  0  0  0  0  0  0  0]
 [22  1  5  0  0  0  0  0  0  0  0  0  0  0  0  0  0]
 [12  4 20  6 26  0  0  0  0  0  0  0  0  0  0  0  0]
 [12  2 28 25  0  0  0  0  0  0  0  0  0  0  0  0  0]]
gen= [[0 0 0 0 0 0 0 0 0 0 0 0 0 0 0 0 0]
 [0 0 0 0 0 0 0 0 0 0 0 0 0 0 0 0 0]
 [0 0 0 0 0 0 0 0 0 0 0 0 0 0 0 0 0]
 [0 0 0 0 0 0 0 0 0 0 0 0 0 0 0 0 0]
 [0 0 0 0 0 0 0 0 0 0 0 0 0 0 0 0 0]
 [0 0 0 0 0 0 0 0 0 0 0 0 0 0 0 0 0]
 [0 0 0 0 0 0 0 0 0 0 0 0 0 0 0 0 0]
 [0 0 0 0 0 0 0 0 0 0 0 0 0 0 0 0 0]
 [0 0 0 0 0 0 0 0 0 0 0 0 0 0 0 0 0]
 [0 0 0 0 0 0 0 0 0 0 0 0 0 0 0 0 0]]
valid: gen=0.0
reward: norm=0.959471289317231
[ 40 iterations]
real= [[26 19  5 15  0  0  0  0  0  0  0  0  0  0  0  0  0]
 [27  0  0  0  0  0  0  0  0  0  0  0  0  0  0  0  0]
 [20  7 23 11  0  0  0  0  0  0  0  0  0  0  0  0  0]
 [17 22 23  0  0  0  0  0  0  0  0  0  0  0  0  0  0]
 [ 3 13 24 18 15  4  0  0  0  0  0  0  0  0  0  0  0]
 [17  5 18  0  0  0  0  0  0  0  0  0  0  0  0  0  0]
 [17 13  0  0  0  0  0  0  0  0  0  0  0  0  0  0  0]
 [28 19  3 17  1  8  5 27  0  0  0  0  0  0  0  0  0]
 [22 13 25  0  0  0  0  0  0  0  0  0  0  0  0  0  0]
 [ 8  2  1 14 12  0  0  0  0  0  0  0  0  0  0  0  0]]
gen= [[0 0 0 0 0 0 0 0 0 0 0 0 0 0 0 0 0]
 [0 0 0 0 0 0 0 0 0 0 0 0 0 0 0 0 0]
 [0 0 0 0 0 0 0 0 0 0 0 0 0 0 0 0 0]
 [0 0 0 0 0 0 0 0 0 0 0 0 0 0 0 0 0]
 [0 0 0 0 0 0 0 0 0 0 0 0 0 0 0 0 0]
 [0 0 0 0 0 0 0 0 0 0 0 0 0 0 0 0 0]
 [0 0 0 0 0 0 0 0 0 0 0 0 0 0 0 0 0]
 [0 0 0 0 0 0 0 0 0 0 0 0 0 0 0 0 0]
 [0 0 0 0 0 0 0 0 0 0 0 0 0 0 0 0 0]
 [0 0 0 0 0 0 0 0 0 0 0 0 0 0 0 0 0]]
valid: gen=0.0
reward: norm=0.9587820240768026
[ 50 iterations]
real= [[ 9 13 18 26 25  0  0  0  0  0  0  0  0  0  0  0  0]
 [27 22 18 13 17  3 12 20  5  0  0  0  0  0  0  0  0]
 [12 27  6 22  0  0  0  0  0  0  0  0  0  0  0  0  0]
 [ 5  8 25 21 26  0  0  0  0  0  0  0  0  0  0  0  0]
 [25  1 19 21 14 18 23  7  0  0  0  0  0  0  0  0  0]
 [27  9 16 22 26  0  0  0  0  0  0  0  0  0  0  0  0]
 [17  2 19  0  0  0  0  0  0  0  0  0  0  0  0  0  0]
 [22 11  0  0  0  0  0  0  0  0  0  0  0  0  0  0  0]
 [15  4  0  0  0  0  0  0  0  0  0  0  0  0  0  0  0]
 [14  6 18  0  0  0  0  0  0  0  0  0  0  0  0  0  0]]
gen= [[0 0 0 0 0 0 0 0 0 0 0 0 0 0 0 0 0]
 [0 0 0 0 0 0 0 0 0 0 0 0 0 0 0 0 0]
 [0 0 0 0 0 0 0 0 0 0 0 0 0 0 0 0 0]
 [0 0 0 0 0 0 0 0 0 0 0 0 0 0 0 0 0]
 [0 0 0 0 0 0 0 0 0 0 0 0 0 0 0 0 0]
 [0 0 0 0 0 0 0 0 0 0 0 0 0 0 0 0 0]
 [0 0 0 0 0 0 0 0 0 0 0 0 0 0 0 0 0]
 [0 0 0 0 0 0 0 0 0 0 0 0 0 0 0 0 0]
 [0 0 0 0 0 0 0 0 0 0 0 0 0 0 0 0 0]
 [0 0 0 0 0 0 0 0 0 0 0 0 0 0 0 0 0]]
valid: gen=0.001
reward: norm=0.9578941590420622
[ 60 iterations]
real= [[ 6 21 14  3  9  0  0  0  0  0  0  0  0  0  0  0  0]
 [25 21 18  0  0  0  0  0  0  0  0  0  0  0  0  0  0]
 [15  0  0  0  0  0  0  0  0  0  0  0  0  0  0  0  0]
 [ 5  8 28 24 22  0  0  0  0  0  0  0  0  0  0  0  0]
 [17  1 15 26  0  0  0  0  0  0  0  0  0  0  0  0  0]
 [28 17 13  7 15  0  0  0  0  0  0  0  0  0  0  0  0]
 [17 19  9 14 11  0  0  0  0  0  0  0  0  0  0  0  0]
 [25 16 18 27  0  0  0  0  0  0  0  0  0  0  0  0  0]
 [23  0  0  0  0  0  0  0  0  0  0  0  0  0  0  0  0]
 [14 13 15  7  0  0  0  0  0  0  0  0  0  0  0  0  0]]
gen= [[0 0 0 0 0 0 0 0 0 0 0 0 0 0 0 0 0]
 [0 0 0 0 0 0 0 0 0 0 0 0 0 0 0 0 0]
 [0 0 0 0 0 0 0 0 0 0 0 0 0 0 0 0 0]
 [0 0 0 0 0 0 0 0 0 0 0 0 0 0 0 0 0]
 [0 0 0 0 0 0 0 0 0 0 0 0 0 0 0 0 0]
 [0 0 0 0 0 0 0 0 0 0 0 0 0 0 0 0 0]
 [0 0 0 0 0 0 0 0 0 0 0 0 0 0 0 0 0]
 [0 0 0 0 0 0 0 0 0 0 0 0 0 0 0 0 0]
 [0 0 0 0 0 0 0 0 0 0 0 0 0 0 0 0 0]
 [7 0 0 0 0 0 0 0 0 0 0 0 0 0 0 0 0]]
valid: gen=0.009
reward: norm=0.9585870047843059
[ 70 iterations]
real= [[ 8 10 23 27  0  0  0  0  0  0  0  0  0  0  0  0  0]
 [ 2 24  0  0  0  0  0  0  0  0  0  0  0  0  0  0  0]
 [19  0  0  0  0  0  0  0  0  0  0  0  0  0  0  0  0]
 [15  6  9 19  8 27  0  0  0  0  0  0  0  0  0  0  0]
 [17 15 23 11  0  0  0  0  0  0  0  0  0  0  0  0  0]
 [27 25  9 21 15 23  0  0  0  0  0  0  0  0  0  0  0]
 [26  4 15  0  0  0  0  0  0  0  0  0  0  0  0  0  0]
 [12  2 24  0  0  0  0  0  0  0  0  0  0  0  0  0  0]
 [21  0  0  0  0  0  0  0  0  0  0  0  0  0  0  0  0]
 [23  0  0  0  0  0  0  0  0  0  0  0  0  0  0  0  0]]
gen= [[0 0 0 0 0 0 0 0 0 0 0 0 0 0 0 0 0]
 [0 0 0 0 0 0 0 0 0 0 0 0 0 0 0 0 0]
 [0 0 0 0 0 0 0 0 0 0 0 0 0 0 0 0 0]
 [0 0 0 0 0 0 0 0 0 0 0 0 0 0 0 0 0]
 [0 0 0 0 0 0 0 0 0 0 0 0 0 0 0 0 0]
 [0 0 0 0 0 0 0 0 0 0 0 0 0 0 0 0 0]
 [0 0 0 0 0 0 0 0 0 0 0 0 0 0 0 0 0]
 [0 0 0 0 0 0 0 0 0 0 0 0 0 0 0 0 0]
 [0 0 0 0 0 0 0 0 0 0 0 0 0 0 0 0 0]
 [0 0 0 0 0 0 0 0 0 0 0 0 0 0 0 0 0]]
valid: gen=0.016
reward: norm=0.959860502573465
[ 80 iterations]
real= [[ 1 10  0  0  0  0  0  0  0  0  0  0  0  0  0  0  0]
 [12 10 25 11  5 27  0  0  0  0  0  0  0  0  0  0  0]
 [28  0  0  0  0  0  0  0  0  0  0  0  0  0  0  0  0]
 [14 22 19  0  0  0  0  0  0  0  0  0  0  0  0  0  0]
 [ 5  2  7  0  0  0  0  0  0  0  0  0  0  0  0  0  0]
 [ 3 17  6 23 26  0  0  0  0  0  0  0  0  0  0  0  0]
 [24  4 25  2  0  0  0  0  0  0  0  0  0  0  0  0  0]
 [22  1  5  0  0  0  0  0  0  0  0  0  0  0  0  0  0]
 [12  4 20  6 26  0  0  0  0  0  0  0  0  0  0  0  0]
 [12  2 28 25  0  0  0  0  0  0  0  0  0  0  0  0  0]]
gen= [[0 0 0 0 0 0 0 0 0 0 0 0 0 0 0 0 0]
 [0 0 0 0 0 0 0 0 0 0 0 0 0 0 0 0 0]
 [0 0 0 0 0 0 0 0 0 0 0 0 0 0 0 0 0]
 [0 0 0 0 0 0 0 0 0 0 0 0 0 0 0 0 0]
 [0 0 0 0 0 0 0 0 0 0 0 0 0 0 0 0 0]
 [0 0 0 0 0 0 0 0 0 0 0 0 0 0 0 0 0]
 [0 0 0 0 0 0 0 0 0 0 0 0 0 0 0 0 0]
 [0 0 0 0 0 0 0 0 0 0 0 0 0 0 0 0 0]
 [0 0 0 0 0 0 0 0 0 0 0 0 0 0 0 0 0]
 [0 0 0 0 0 0 0 0 0 0 0 0 0 0 0 0 0]]
valid: gen=0.019
reward: norm=0.9619982713238364
[ 90 iterations]
real= [[26 19  5 15  0  0  0  0  0  0  0  0  0  0  0  0  0]
 [27  0  0  0  0  0  0  0  0  0  0  0  0  0  0  0  0]
 [20  7 23 11  0  0  0  0  0  0  0  0  0  0  0  0  0]
 [17 22 23  0  0  0  0  0  0  0  0  0  0  0  0  0  0]
 [ 3 13 24 18 15  4  0  0  0  0  0  0  0  0  0  0  0]
 [17  5 18  0  0  0  0  0  0  0  0  0  0  0  0  0  0]
 [17 13  0  0  0  0  0  0  0  0  0  0  0  0  0  0  0]
 [28 19  3 17  1  8  5 27  0  0  0  0  0  0  0  0  0]
 [22 13 25  0  0  0  0  0  0  0  0  0  0  0  0  0  0]
 [ 8  2  1 14 12  0  0  0  0  0  0  0  0  0  0  0  0]]
gen= [[0 0 0 0 0 0 0 0 0 0 0 0 0 0 0 0 0]
 [0 0 0 0 0 0 0 0 0 0 0 0 0 0 0 0 0]
 [0 0 0 0 0 0 0 0 0 0 0 0 0 0 0 0 0]
 [0 0 0 0 0 0 0 0 0 0 0 0 0 0 0 0 0]
 [0 0 0 0 0 0 0 0 0 0 0 0 0 0 0 0 0]
 [0 0 0 0 0 0 0 0 0 0 0 0 0 0 0 0 0]
 [0 0 0 0 0 0 0 0 0 0 0 0 0 0 0 0 0]
 [0 0 0 0 0 0 0 0 0 0 0 0 0 0 0 0 0]
 [0 0 0 0 0 0 0 0 0 0 0 0 0 0 0 0 0]
 [0 0 0 0 0 0 0 0 0 0 0 0 0 0 0 0 0]]
valid: gen=0.008
reward: norm=0.9603029511503717
[ 100 iterations]
real= [[ 9 13 18 26 25  0  0  0  0  0  0  0  0  0  0  0  0]
 [27 22 18 13 17  3 12 20  5  0  0  0  0  0  0  0  0]
 [12 27  6 22  0  0  0  0  0  0  0  0  0  0  0  0  0]
 [ 5  8 25 21 26  0  0  0  0  0  0  0  0  0  0  0  0]
 [25  1 19 21 14 18 23  7  0  0  0  0  0  0  0  0  0]
 [27  9 16 22 26  0  0  0  0  0  0  0  0  0  0  0  0]
 [17  2 19  0  0  0  0  0  0  0  0  0  0  0  0  0  0]
 [22 11  0  0  0  0  0  0  0  0  0  0  0  0  0  0  0]
 [15  4  0  0  0  0  0  0  0  0  0  0  0  0  0  0  0]
 [14  6 18  0  0  0  0  0  0  0  0  0  0  0  0  0  0]]
gen= [[ 0  0  0  0  0  0  0  0  0  0  0  0  0  0  0  0  0]
 [27  0  0  0  0  0  0  0  0  0  0  0  0  0  0  0  0]
 [ 0  0  0  0  0  0  0  0  0  0  0  0  0  0  0  0  0]
 [ 0  0  0  0  0  0  0  0  0  0  0  0  0  0  0  0  0]
 [ 7  0  0  0  0  0  0  0  0  0  0  0  0  0  0  0  0]
 [ 0  0  0  0  0  0  0  0  0  0  0  0  0  0  0  0  0]
 [ 0  0  0  0  0  0  0  0  0  0  0  0  0  0  0  0  0]
 [ 0  0  0  0  0  0  0  0  0  0  0  0  0  0  0  0  0]
 [ 0  0  0  0  0  0  0  0  0  0  0  0  0  0  0  0  0]
 [ 0  0  0  0  0  0  0  0  0  0  0  0  0  0  0  0  0]]
valid: gen=0.011
reward: norm=0.9599730069383668
[ 110 iterations]
real= [[ 6 21 14  3  9  0  0  0  0  0  0  0  0  0  0  0  0]
 [25 21 18  0  0  0  0  0  0  0  0  0  0  0  0  0  0]
 [15  0  0  0  0  0  0  0  0  0  0  0  0  0  0  0  0]
 [ 5  8 28 24 22  0  0  0  0  0  0  0  0  0  0  0  0]
 [17  1 15 26  0  0  0  0  0  0  0  0  0  0  0  0  0]
 [28 17 13  7 15  0  0  0  0  0  0  0  0  0  0  0  0]
 [17 19  9 14 11  0  0  0  0  0  0  0  0  0  0  0  0]
 [25 16 18 27  0  0  0  0  0  0  0  0  0  0  0  0  0]
 [23  0  0  0  0  0  0  0  0  0  0  0  0  0  0  0  0]
 [14 13 15  7  0  0  0  0  0  0  0  0  0  0  0  0  0]]
gen= [[ 0  0  0  0  0  0  0  0  0  0  0  0  0  0  0  0  0]
 [ 0  0  0  0  0  0  0  0  0  0  0  0  0  0  0  0  0]
 [ 0  0  0  0  0  0  0  0  0  0  0  0  0  0  0  0  0]
 [ 0  0  0  0  0  0  0  0  0  0  0  0  0  0  0  0  0]
 [ 0  0  0  0  0  0  0  0  0  0  0  0  0  0  0  0  0]
 [ 7  0  0  0  0  0  0  0  0  0  0  0  0  0  0  0  0]
 [ 0  0  0  0  0  0  0  0  0  0  0  0  0  0  0  0  0]
 [27  0  0  0  0  0  0  0  0  0  0  0  0  0  0  0  0]
 [ 0 23  0  0  0  0  0  0  0  0  0  0  0  0  0  0  0]
 [ 0  0  0  0  0  0  0  0  0  0  0  0  0  0  0  0  0]]
valid: gen=0.012
reward: norm=0.9593272842123229
[ 120 iterations]
real= [[ 8 10 23 27  0  0  0  0  0  0  0  0  0  0  0  0  0]
 [ 2 24  0  0  0  0  0  0  0  0  0  0  0  0  0  0  0]
 [19  0  0  0  0  0  0  0  0  0  0  0  0  0  0  0  0]
 [15  6  9 19  8 27  0  0  0  0  0  0  0  0  0  0  0]
 [17 15 23 11  0  0  0  0  0  0  0  0  0  0  0  0  0]
 [27 25  9 21 15 23  0  0  0  0  0  0  0  0  0  0  0]
 [26  4 15  0  0  0  0  0  0  0  0  0  0  0  0  0  0]
 [12  2 24  0  0  0  0  0  0  0  0  0  0  0  0  0  0]
 [21  0  0  0  0  0  0  0  0  0  0  0  0  0  0  0  0]
 [23  0  0  0  0  0  0  0  0  0  0  0  0  0  0  0  0]]
gen= [[ 0  0  0  0  0  0  0  0  0  0  0  0  0  0  0  0  0]
 [ 0  0  0  0  0  0  0  0  0  0  0  0  0  0  0  0  0]
 [ 0  0  0  0  0  0  0  0  0  0  0  0  0  0  0  0  0]
 [ 0  0  0  0  0  0  0  0  0  0  0  0  0  0  0  0  0]
 [ 0 11  0  0  0  0  0  0  0  0  0  0  0  0  0  0  0]
 [27 27  0  0  0  0  0  0  0  0  0  0  0  0  0  0  0]
 [ 0  4  0  0  0  0  0  0  0  0  0  0  0  0  0  0  0]
 [ 0  0  0  0  0  0  0  0  0  0  0  0  0  0  0  0  0]
 [ 0  0  0  0  0  0  0  0  0  0  0  0  0  0  0  0  0]
 [ 0  0  0  0  0  0  0  0  0  0  0  0  0  0  0  0  0]]
valid: gen=0.023
reward: norm=0.9608753666739007
[ 130 iterations]
real= [[ 1 10  0  0  0  0  0  0  0  0  0  0  0  0  0  0  0]
 [12 10 25 11  5 27  0  0  0  0  0  0  0  0  0  0  0]
 [28  0  0  0  0  0  0  0  0  0  0  0  0  0  0  0  0]
 [14 22 19  0  0  0  0  0  0  0  0  0  0  0  0  0  0]
 [ 5  2  7  0  0  0  0  0  0  0  0  0  0  0  0  0  0]
 [ 3 17  6 23 26  0  0  0  0  0  0  0  0  0  0  0  0]
 [24  4 25  2  0  0  0  0  0  0  0  0  0  0  0  0  0]
 [22  1  5  0  0  0  0  0  0  0  0  0  0  0  0  0  0]
 [12  4 20  6 26  0  0  0  0  0  0  0  0  0  0  0  0]
 [12  2 28 25  0  0  0  0  0  0  0  0  0  0  0  0  0]]
gen= [[0 0 0 0 0 0 0 0 0 0 0 0 0 0 0 0 0]
 [0 0 0 0 0 0 0 0 0 0 0 0 0 0 0 0 0]
 [0 0 0 0 0 0 0 0 0 0 0 0 0 0 0 0 0]
 [0 0 0 0 0 0 0 0 0 0 0 0 0 0 0 0 0]
 [7 0 0 0 0 0 0 0 0 0 0 0 0 0 0 0 0]
 [0 0 0 0 0 0 0 0 0 0 0 0 0 0 0 0 0]
 [0 0 0 0 0 0 0 0 0 0 0 0 0 0 0 0 0]
 [0 0 0 0 0 0 0 0 0 0 0 0 0 0 0 0 0]
 [4 4 0 0 0 0 0 0 0 0 0 0 0 0 0 0 0]
 [0 0 0 0 0 0 0 0 0 0 0 0 0 0 0 0 0]]
valid: gen=0.025
reward: norm=0.9647299599747073
[ 140 iterations]
real= [[26 19  5 15  0  0  0  0  0  0  0  0  0  0  0  0  0]
 [27  0  0  0  0  0  0  0  0  0  0  0  0  0  0  0  0]
 [20  7 23 11  0  0  0  0  0  0  0  0  0  0  0  0  0]
 [17 22 23  0  0  0  0  0  0  0  0  0  0  0  0  0  0]
 [ 3 13 24 18 15  4  0  0  0  0  0  0  0  0  0  0  0]
 [17  5 18  0  0  0  0  0  0  0  0  0  0  0  0  0  0]
 [17 13  0  0  0  0  0  0  0  0  0  0  0  0  0  0  0]
 [28 19  3 17  1  8  5 27  0  0  0  0  0  0  0  0  0]
 [22 13 25  0  0  0  0  0  0  0  0  0  0  0  0  0  0]
 [ 8  2  1 14 12  0  0  0  0  0  0  0  0  0  0  0  0]]
gen= [[19 15  0  0  0  0  0  0  0  0  0  0  0  0  0  0  0]
 [ 0  0  0  0  0  0  0  0  0  0  0  0  0  0  0  0  0]
 [ 7  0  0  0  0  0  0  0  0  0  0  0  0  0  0  0  0]
 [ 0  0  0  0  0  0  0  0  0  0  0  0  0  0  0  0  0]
 [13  0  0  0  0  0  0  0  0  0  0  0  0  0  0  0  0]
 [ 0  0  0  0  0  0  0  0  0  0  0  0  0  0  0  0  0]
 [ 0  0  0  0  0  0  0  0  0  0  0  0  0  0  0  0  0]
 [27  0  0  0  0  0  0  0  0  0  0  0  0  0  0  0  0]
 [ 0  0  0  0  0  0  0  0  0  0  0  0  0  0  0  0  0]
 [ 1  0  0  0  0  0  0  0  0  0  0  0  0  0  0  0  0]]
valid: gen=0.044
reward: norm=0.9638316116384557
[ 150 iterations]
real= [[ 9 13 18 26 25  0  0  0  0  0  0  0  0  0  0  0  0]
 [27 22 18 13 17  3 12 20  5  0  0  0  0  0  0  0  0]
 [12 27  6 22  0  0  0  0  0  0  0  0  0  0  0  0  0]
 [ 5  8 25 21 26  0  0  0  0  0  0  0  0  0  0  0  0]
 [25  1 19 21 14 18 23  7  0  0  0  0  0  0  0  0  0]
 [27  9 16 22 26  0  0  0  0  0  0  0  0  0  0  0  0]
 [17  2 19  0  0  0  0  0  0  0  0  0  0  0  0  0  0]
 [22 11  0  0  0  0  0  0  0  0  0  0  0  0  0  0  0]
 [15  4  0  0  0  0  0  0  0  0  0  0  0  0  0  0  0]
 [14  6 18  0  0  0  0  0  0  0  0  0  0  0  0  0  0]]
gen= [[13  0  0  0  0  0  0  0  0  0  0  0  0  0  0  0  0]
 [ 0  0  0  0  0  0  0  0  0  0  0  0  0  0  0  0  0]
 [27  0  0  0  0  0  0  0  0  0  0  0  0  0  0  0  0]
 [21  0  0  0  0  0  0  0  0  0  0  0  0  0  0  0  0]
 [ 7  7  0  0  0  0  0  0  0  0  0  0  0  0  0  0  0]
 [ 0  0  0  0  0  0  0  0  0  0  0  0  0  0  0  0  0]
 [ 0  0  0  0  0  0  0  0  0  0  0  0  0  0  0  0  0]
 [11  0  0  0  0  0  0  0  0  0  0  0  0  0  0  0  0]
 [ 0  0  0  0  0  0  0  0  0  0  0  0  0  0  0  0  0]
 [18  0  0  0  0  0  0  0  0  0  0  0  0  0  0  0  0]]
valid: gen=0.056
reward: norm=0.9685097143102606
[ 160 iterations]
real= [[ 6 21 14  3  9  0  0  0  0  0  0  0  0  0  0  0  0]
 [25 21 18  0  0  0  0  0  0  0  0  0  0  0  0  0  0]
 [15  0  0  0  0  0  0  0  0  0  0  0  0  0  0  0  0]
 [ 5  8 28 24 22  0  0  0  0  0  0  0  0  0  0  0  0]
 [17  1 15 26  0  0  0  0  0  0  0  0  0  0  0  0  0]
 [28 17 13  7 15  0  0  0  0  0  0  0  0  0  0  0  0]
 [17 19  9 14 11  0  0  0  0  0  0  0  0  0  0  0  0]
 [25 16 18 27  0  0  0  0  0  0  0  0  0  0  0  0  0]
 [23  0  0  0  0  0  0  0  0  0  0  0  0  0  0  0  0]
 [14 13 15  7  0  0  0  0  0  0  0  0  0  0  0  0  0]]
gen= [[ 0  0  0  0  0  0  0  0  0  0  0  0  0  0  0  0  0]
 [18  0  0  0  0  0  0  0  0  0  0  0  0  0  0  0  0]
 [15 15  0  0  0  0  0  0  0  0  0  0  0  0  0  0  0]
 [24  0  0  0  0  0  0  0  0  0  0  0  0  0  0  0  0]
 [17  0  0  0  0  0  0  0  0  0  0  0  0  0  0  0  0]
 [ 7  0  0  0  0  0  0  0  0  0  0  0  0  0  0  0  0]
 [11  0  0  0  0  0  0  0  0  0  0  0  0  0  0  0  0]
 [27  0  0  0  0  0  0  0  0  0  0  0  0  0  0  0  0]
 [23  0  0  0  0  0  0  0  0  0  0  0  0  0  0  0  0]
 [ 0  0  0  0  0  0  0  0  0  0  0  0  0  0  0  0  0]]
valid: gen=0.049
reward: norm=0.9688901082378585
[ 170 iterations]
real= [[ 8 10 23 27  0  0  0  0  0  0  0  0  0  0  0  0  0]
 [ 2 24  0  0  0  0  0  0  0  0  0  0  0  0  0  0  0]
 [19  0  0  0  0  0  0  0  0  0  0  0  0  0  0  0  0]
 [15  6  9 19  8 27  0  0  0  0  0  0  0  0  0  0  0]
 [17 15 23 11  0  0  0  0  0  0  0  0  0  0  0  0  0]
 [27 25  9 21 15 23  0  0  0  0  0  0  0  0  0  0  0]
 [26  4 15  0  0  0  0  0  0  0  0  0  0  0  0  0  0]
 [12  2 24  0  0  0  0  0  0  0  0  0  0  0  0  0  0]
 [21  0  0  0  0  0  0  0  0  0  0  0  0  0  0  0  0]
 [23  0  0  0  0  0  0  0  0  0  0  0  0  0  0  0  0]]
gen= [[27  0  0  0  0  0  0  0  0  0  0  0  0  0  0  0  0]
 [24  0  0  0  0  0  0  0  0  0  0  0  0  0  0  0  0]
 [19  0  0  0  0  0  0  0  0  0  0  0  0  0  0  0  0]
 [27  0  0  0  0  0  0  0  0  0  0  0  0  0  0  0  0]
 [11  0  0  0  0  0  0  0  0  0  0  0  0  0  0  0  0]
 [27 27  0  0  0  0  0  0  0  0  0  0  0  0  0  0  0]
 [ 4  0  0  0  0  0  0  0  0  0  0  0  0  0  0  0  0]
 [24  0  0  0  0  0  0  0  0  0  0  0  0  0  0  0  0]
 [21  0  0  0  0  0  0  0  0  0  0  0  0  0  0  0  0]
 [ 0  0  0  0  0  0  0  0  0  0  0  0  0  0  0  0  0]]
valid: gen=0.077
reward: norm=0.9731210358812581
[ 180 iterations]
real= [[ 1 10  0  0  0  0  0  0  0  0  0  0  0  0  0  0  0]
 [12 10 25 11  5 27  0  0  0  0  0  0  0  0  0  0  0]
 [28  0  0  0  0  0  0  0  0  0  0  0  0  0  0  0  0]
 [14 22 19  0  0  0  0  0  0  0  0  0  0  0  0  0  0]
 [ 5  2  7  0  0  0  0  0  0  0  0  0  0  0  0  0  0]
 [ 3 17  6 23 26  0  0  0  0  0  0  0  0  0  0  0  0]
 [24  4 25  2  0  0  0  0  0  0  0  0  0  0  0  0  0]
 [22  1  5  0  0  0  0  0  0  0  0  0  0  0  0  0  0]
 [12  4 20  6 26  0  0  0  0  0  0  0  0  0  0  0  0]
 [12  2 28 25  0  0  0  0  0  0  0  0  0  0  0  0  0]]
gen= [[10  1  0  0  0  0  0  0  0  0  0  0  0  0  0  0  0]
 [27 27 27  0  0  0  0  0  0  0  0  0  0  0  0  0  0]
 [28  0  0  0  0  0  0  0  0  0  0  0  0  0  0  0  0]
 [ 0  0  0  0  0  0  0  0  0  0  0  0  0  0  0  0  0]
 [ 7  0  0  0  0  0  0  0  0  0  0  0  0  0  0  0  0]
 [17 17  0  0  0  0  0  0  0  0  0  0  0  0  0  0  0]
 [ 4  4  0  0  0  0  0  0  0  0  0  0  0  0  0  0  0]
 [ 0  0  0  0  0  0  0  0  0  0  0  0  0  0  0  0  0]
 [ 4  4  0  0  0  0  0  0  0  0  0  0  0  0  0  0  0]
 [ 2  2  2  2  0  0  0  0  0  0  0  0  0  0  0  0  0]]
valid: gen=0.086
reward: norm=0.9701075817850292
[ 190 iterations]
real= [[26 19  5 15  0  0  0  0  0  0  0  0  0  0  0  0  0]
 [27  0  0  0  0  0  0  0  0  0  0  0  0  0  0  0  0]
 [20  7 23 11  0  0  0  0  0  0  0  0  0  0  0  0  0]
 [17 22 23  0  0  0  0  0  0  0  0  0  0  0  0  0  0]
 [ 3 13 24 18 15  4  0  0  0  0  0  0  0  0  0  0  0]
 [17  5 18  0  0  0  0  0  0  0  0  0  0  0  0  0  0]
 [17 13  0  0  0  0  0  0  0  0  0  0  0  0  0  0  0]
 [28 19  3 17  1  8  5 27  0  0  0  0  0  0  0  0  0]
 [22 13 25  0  0  0  0  0  0  0  0  0  0  0  0  0  0]
 [ 8  2  1 14 12  0  0  0  0  0  0  0  0  0  0  0  0]]
gen= [[19 19  0  0  0  0  0  0  0  0  0  0  0  0  0  0  0]
 [27 27  0  0  0  0  0  0  0  0  0  0  0  0  0  0  0]
 [11 11  0  0  0  0  0  0  0  0  0  0  0  0  0  0  0]
 [17 17  0  0  0  0  0  0  0  0  0  0  0  0  0  0  0]
 [ 4  4  4  0  0  0  0  0  0  0  0  0  0  0  0  0  0]
 [18 18  0  0  0  0  0  0  0  0  0  0  0  0  0  0  0]
 [13 13  0  0  0  0  0  0  0  0  0  0  0  0  0  0  0]
 [27 27  0  0  0  0  0  0  0  0  0  0  0  0  0  0  0]
 [13 13  0  0  0  0  0  0  0  0  0  0  0  0  0  0  0]
 [ 1  1  0  0  0  0  0  0  0  0  0  0  0  0  0  0  0]]
valid: gen=0.104
reward: norm=0.9621369244667447
[ 200 iterations]
real= [[ 9 13 18 26 25  0  0  0  0  0  0  0  0  0  0  0  0]
 [27 22 18 13 17  3 12 20  5  0  0  0  0  0  0  0  0]
 [12 27  6 22  0  0  0  0  0  0  0  0  0  0  0  0  0]
 [ 5  8 25 21 26  0  0  0  0  0  0  0  0  0  0  0  0]
 [25  1 19 21 14 18 23  7  0  0  0  0  0  0  0  0  0]
 [27  9 16 22 26  0  0  0  0  0  0  0  0  0  0  0  0]
 [17  2 19  0  0  0  0  0  0  0  0  0  0  0  0  0  0]
 [22 11  0  0  0  0  0  0  0  0  0  0  0  0  0  0  0]
 [15  4  0  0  0  0  0  0  0  0  0  0  0  0  0  0  0]
 [14  6 18  0  0  0  0  0  0  0  0  0  0  0  0  0  0]]
gen= [[18 25  0  0  0  0  0  0  0  0  0  0  0  0  0  0  0]
 [27 27  0  0  0  0  0  0  0  0  0  0  0  0  0  0  0]
 [27 27  0  0  0  0  0  0  0  0  0  0  0  0  0  0  0]
 [21  0  0  0  0  0  0  0  0  0  0  0  0  0  0  0  0]
 [ 7 21  0  0  0  0  0  0  0  0  0  0  0  0  0  0  0]
 [27 27  0  0  0  0  0  0  0  0  0  0  0  0  0  0  0]
 [ 2  2  0  0  0  0  0  0  0  0  0  0  0  0  0  0  0]
 [11 11  0  0  0  0  0  0  0  0  0  0  0  0  0  0  0]
 [ 4  4  0  0  0  0  0  0  0  0  0  0  0  0  0  0  0]
 [18  0  0  0  0  0  0  0  0  0  0  0  0  0  0  0  0]]
valid: gen=0.123
reward: norm=0.9668763236718577
[ 210 iterations]
real= [[ 6 21 14  3  9  0  0  0  0  0  0  0  0  0  0  0  0]
 [25 21 18  0  0  0  0  0  0  0  0  0  0  0  0  0  0]
 [15  0  0  0  0  0  0  0  0  0  0  0  0  0  0  0  0]
 [ 5  8 28 24 22  0  0  0  0  0  0  0  0  0  0  0  0]
 [17  1 15 26  0  0  0  0  0  0  0  0  0  0  0  0  0]
 [28 17 13  7 15  0  0  0  0  0  0  0  0  0  0  0  0]
 [17 19  9 14 11  0  0  0  0  0  0  0  0  0  0  0  0]
 [25 16 18 27  0  0  0  0  0  0  0  0  0  0  0  0  0]
 [23  0  0  0  0  0  0  0  0  0  0  0  0  0  0  0  0]
 [14 13 15  7  0  0  0  0  0  0  0  0  0  0  0  0  0]]
gen= [[21 21  0  0  0  0  0  0  0  0  0  0  0  0  0  0  0]
 [21 21  0  0  0  0  0  0  0  0  0  0  0  0  0  0  0]
 [15  0  0  0  0  0  0  0  0  0  0  0  0  0  0  0  0]
 [24  0  0  0  0  0  0  0  0  0  0  0  0  0  0  0  0]
 [ 1  1  0  0  0  0  0  0  0  0  0  0  0  0  0  0  0]
 [ 7  7  0  0  0  0  0  0  0  0  0  0  0  0  0  0  0]
 [11 11  0  0  0  0  0  0  0  0  0  0  0  0  0  0  0]
 [27  0  0  0  0  0  0  0  0  0  0  0  0  0  0  0  0]
 [23  0  0  0  0  0  0  0  0  0  0  0  0  0  0  0  0]
 [ 7  0  0  0  0  0  0  0  0  0  0  0  0  0  0  0  0]]
valid: gen=0.127
reward: norm=0.9790484111384997
[ 220 iterations]
real= [[ 8 10 23 27  0  0  0  0  0  0  0  0  0  0  0  0  0]
 [ 2 24  0  0  0  0  0  0  0  0  0  0  0  0  0  0  0]
 [19  0  0  0  0  0  0  0  0  0  0  0  0  0  0  0  0]
 [15  6  9 19  8 27  0  0  0  0  0  0  0  0  0  0  0]
 [17 15 23 11  0  0  0  0  0  0  0  0  0  0  0  0  0]
 [27 25  9 21 15 23  0  0  0  0  0  0  0  0  0  0  0]
 [26  4 15  0  0  0  0  0  0  0  0  0  0  0  0  0  0]
 [12  2 24  0  0  0  0  0  0  0  0  0  0  0  0  0  0]
 [21  0  0  0  0  0  0  0  0  0  0  0  0  0  0  0  0]
 [23  0  0  0  0  0  0  0  0  0  0  0  0  0  0  0  0]]
gen= [[10  0  0  0  0  0  0  0  0  0  0  0  0  0  0  0  0]
 [24  0  0  0  0  0  0  0  0  0  0  0  0  0  0  0  0]
 [19  0  0  0  0  0  0  0  0  0  0  0  0  0  0  0  0]
 [27  0  0  0  0  0  0  0  0  0  0  0  0  0  0  0  0]
 [11  0  0  0  0  0  0  0  0  0  0  0  0  0  0  0  0]
 [21 21  0  0  0  0  0  0  0  0  0  0  0  0  0  0  0]
 [ 4  0  0  0  0  0  0  0  0  0  0  0  0  0  0  0  0]
 [ 2  0  0  0  0  0  0  0  0  0  0  0  0  0  0  0  0]
 [21  0  0  0  0  0  0  0  0  0  0  0  0  0  0  0  0]
 [23  0  0  0  0  0  0  0  0  0  0  0  0  0  0  0  0]]
valid: gen=0.121
reward: norm=0.9819598411792219
[ 230 iterations]
real= [[ 1 10  0  0  0  0  0  0  0  0  0  0  0  0  0  0  0]
 [12 10 25 11  5 27  0  0  0  0  0  0  0  0  0  0  0]
 [28  0  0  0  0  0  0  0  0  0  0  0  0  0  0  0  0]
 [14 22 19  0  0  0  0  0  0  0  0  0  0  0  0  0  0]
 [ 5  2  7  0  0  0  0  0  0  0  0  0  0  0  0  0  0]
 [ 3 17  6 23 26  0  0  0  0  0  0  0  0  0  0  0  0]
 [24  4 25  2  0  0  0  0  0  0  0  0  0  0  0  0  0]
 [22  1  5  0  0  0  0  0  0  0  0  0  0  0  0  0  0]
 [12  4 20  6 26  0  0  0  0  0  0  0  0  0  0  0  0]
 [12  2 28 25  0  0  0  0  0  0  0  0  0  0  0  0  0]]
gen= [[ 1  0  0  0  0  0  0  0  0  0  0  0  0  0  0  0  0]
 [10  0  0  0  0  0  0  0  0  0  0  0  0  0  0  0  0]
 [28  0  0  0  0  0  0  0  0  0  0  0  0  0  0  0  0]
 [19  0  0  0  0  0  0  0  0  0  0  0  0  0  0  0  0]
 [ 2  0  0  0  0  0  0  0  0  0  0  0  0  0  0  0  0]
 [23  0  0  0  0  0  0  0  0  0  0  0  0  0  0  0  0]
 [24  0  0  0  0  0  0  0  0  0  0  0  0  0  0  0  0]
 [ 1  0  0  0  0  0  0  0  0  0  0  0  0  0  0  0  0]
 [ 4  0  0  0  0  0  0  0  0  0  0  0  0  0  0  0  0]
 [ 2  0  0  0  0  0  0  0  0  0  0  0  0  0  0  0  0]]
valid: gen=0.078
reward: norm=0.9813112823399803
[ 240 iterations]
real= [[26 19  5 15  0  0  0  0  0  0  0  0  0  0  0  0  0]
 [27  0  0  0  0  0  0  0  0  0  0  0  0  0  0  0  0]
 [20  7 23 11  0  0  0  0  0  0  0  0  0  0  0  0  0]
 [17 22 23  0  0  0  0  0  0  0  0  0  0  0  0  0  0]
 [ 3 13 24 18 15  4  0  0  0  0  0  0  0  0  0  0  0]
 [17  5 18  0  0  0  0  0  0  0  0  0  0  0  0  0  0]
 [17 13  0  0  0  0  0  0  0  0  0  0  0  0  0  0  0]
 [28 19  3 17  1  8  5 27  0  0  0  0  0  0  0  0  0]
 [22 13 25  0  0  0  0  0  0  0  0  0  0  0  0  0  0]
 [ 8  2  1 14 12  0  0  0  0  0  0  0  0  0  0  0  0]]
gen= [[15  0  0  0  0  0  0  0  0  0  0  0  0  0  0  0  0]
 [27  0  0  0  0  0  0  0  0  0  0  0  0  0  0  0  0]
 [ 7  0  0  0  0  0  0  0  0  0  0  0  0  0  0  0  0]
 [23  0  0  0  0  0  0  0  0  0  0  0  0  0  0  0  0]
 [24  0  0  0  0  0  0  0  0  0  0  0  0  0  0  0  0]
 [ 5  0  0  0  0  0  0  0  0  0  0  0  0  0  0  0  0]
 [13  0  0  0  0  0  0  0  0  0  0  0  0  0  0  0  0]
 [ 1  0  0  0  0  0  0  0  0  0  0  0  0  0  0  0  0]
 [25  0  0  0  0  0  0  0  0  0  0  0  0  0  0  0  0]
 [ 1  0  0  0  0  0  0  0  0  0  0  0  0  0  0  0  0]]
valid: gen=0.107
reward: norm=0.9784749562792698
[ 250 iterations]
real= [[ 9 13 18 26 25  0  0  0  0  0  0  0  0  0  0  0  0]
 [27 22 18 13 17  3 12 20  5  0  0  0  0  0  0  0  0]
 [12 27  6 22  0  0  0  0  0  0  0  0  0  0  0  0  0]
 [ 5  8 25 21 26  0  0  0  0  0  0  0  0  0  0  0  0]
 [25  1 19 21 14 18 23  7  0  0  0  0  0  0  0  0  0]
 [27  9 16 22 26  0  0  0  0  0  0  0  0  0  0  0  0]
 [17  2 19  0  0  0  0  0  0  0  0  0  0  0  0  0  0]
 [22 11  0  0  0  0  0  0  0  0  0  0  0  0  0  0  0]
 [15  4  0  0  0  0  0  0  0  0  0  0  0  0  0  0  0]
 [14  6 18  0  0  0  0  0  0  0  0  0  0  0  0  0  0]]
gen= [[25  0  0  0  0  0  0  0  0  0  0  0  0  0  0  0  0]
 [12  0  0  0  0  0  0  0  0  0  0  0  0  0  0  0  0]
 [12  0  0  0  0  0  0  0  0  0  0  0  0  0  0  0  0]
 [21  0  0  0  0  0  0  0  0  0  0  0  0  0  0  0  0]
 [ 1  0  0  0  0  0  0  0  0  0  0  0  0  0  0  0  0]
 [16  0  0  0  0  0  0  0  0  0  0  0  0  0  0  0  0]
 [ 2  0  0  0  0  0  0  0  0  0  0  0  0  0  0  0  0]
 [11 11  0  0  0  0  0  0  0  0  0  0  0  0  0  0  0]
 [ 4  0  0  0  0  0  0  0  0  0  0  0  0  0  0  0  0]
 [ 0  0  0  0  0  0  0  0  0  0  0  0  0  0  0  0  0]]
valid: gen=0.097
reward: norm=0.9786685483212308
[ 260 iterations]
real= [[ 6 21 14  3  9  0  0  0  0  0  0  0  0  0  0  0  0]
 [25 21 18  0  0  0  0  0  0  0  0  0  0  0  0  0  0]
 [15  0  0  0  0  0  0  0  0  0  0  0  0  0  0  0  0]
 [ 5  8 28 24 22  0  0  0  0  0  0  0  0  0  0  0  0]
 [17  1 15 26  0  0  0  0  0  0  0  0  0  0  0  0  0]
 [28 17 13  7 15  0  0  0  0  0  0  0  0  0  0  0  0]
 [17 19  9 14 11  0  0  0  0  0  0  0  0  0  0  0  0]
 [25 16 18 27  0  0  0  0  0  0  0  0  0  0  0  0  0]
 [23  0  0  0  0  0  0  0  0  0  0  0  0  0  0  0  0]
 [14 13 15  7  0  0  0  0  0  0  0  0  0  0  0  0  0]]
gen= [[21  0  0  0  0  0  0  0  0  0  0  0  0  0  0  0  0]
 [21  0  0  0  0  0  0  0  0  0  0  0  0  0  0  0  0]
 [15  0  0  0  0  0  0  0  0  0  0  0  0  0  0  0  0]
 [24  0  0  0  0  0  0  0  0  0  0  0  0  0  0  0  0]
 [ 1  0  0  0  0  0  0  0  0  0  0  0  0  0  0  0  0]
 [ 7  0  0  0  0  0  0  0  0  0  0  0  0  0  0  0  0]
 [11  0  0  0  0  0  0  0  0  0  0  0  0  0  0  0  0]
 [16  0  0  0  0  0  0  0  0  0  0  0  0  0  0  0  0]
 [23  0  0  0  0  0  0  0  0  0  0  0  0  0  0  0  0]
 [ 7  0  0  0  0  0  0  0  0  0  0  0  0  0  0  0  0]]
valid: gen=0.102
reward: norm=0.9799712479733015
[ 270 iterations]
real= [[ 8 10 23 27  0  0  0  0  0  0  0  0  0  0  0  0  0]
 [ 2 24  0  0  0  0  0  0  0  0  0  0  0  0  0  0  0]
 [19  0  0  0  0  0  0  0  0  0  0  0  0  0  0  0  0]
 [15  6  9 19  8 27  0  0  0  0  0  0  0  0  0  0  0]
 [17 15 23 11  0  0  0  0  0  0  0  0  0  0  0  0  0]
 [27 25  9 21 15 23  0  0  0  0  0  0  0  0  0  0  0]
 [26  4 15  0  0  0  0  0  0  0  0  0  0  0  0  0  0]
 [12  2 24  0  0  0  0  0  0  0  0  0  0  0  0  0  0]
 [21  0  0  0  0  0  0  0  0  0  0  0  0  0  0  0  0]
 [23  0  0  0  0  0  0  0  0  0  0  0  0  0  0  0  0]]
gen= [[23  0  0  0  0  0  0  0  0  0  0  0  0  0  0  0  0]
 [ 2 24  0  0  0  0  0  0  0  0  0  0  0  0  0  0  0]
 [19  0  0  0  0  0  0  0  0  0  0  0  0  0  0  0  0]
 [19  0  0  0  0  0  0  0  0  0  0  0  0  0  0  0  0]
 [23  0  0  0  0  0  0  0  0  0  0  0  0  0  0  0  0]
 [23  0  0  0  0  0  0  0  0  0  0  0  0  0  0  0  0]
 [ 4  0  0  0  0  0  0  0  0  0  0  0  0  0  0  0  0]
 [ 2  0  0  0  0  0  0  0  0  0  0  0  0  0  0  0  0]
 [21  0  0  0  0  0  0  0  0  0  0  0  0  0  0  0  0]
 [23  0  0  0  0  0  0  0  0  0  0  0  0  0  0  0  0]]
valid: gen=0.119
reward: norm=0.9802502082386733
[ 280 iterations]
real= [[ 1 10  0  0  0  0  0  0  0  0  0  0  0  0  0  0  0]
 [12 10 25 11  5 27  0  0  0  0  0  0  0  0  0  0  0]
 [28  0  0  0  0  0  0  0  0  0  0  0  0  0  0  0  0]
 [14 22 19  0  0  0  0  0  0  0  0  0  0  0  0  0  0]
 [ 5  2  7  0  0  0  0  0  0  0  0  0  0  0  0  0  0]
 [ 3 17  6 23 26  0  0  0  0  0  0  0  0  0  0  0  0]
 [24  4 25  2  0  0  0  0  0  0  0  0  0  0  0  0  0]
 [22  1  5  0  0  0  0  0  0  0  0  0  0  0  0  0  0]
 [12  4 20  6 26  0  0  0  0  0  0  0  0  0  0  0  0]
 [12  2 28 25  0  0  0  0  0  0  0  0  0  0  0  0  0]]
gen= [[ 1  0  0  0  0  0  0  0  0  0  0  0  0  0  0  0  0]
 [11  0  0  0  0  0  0  0  0  0  0  0  0  0  0  0  0]
 [ 0  0  0  0  0  0  0  0  0  0  0  0  0  0  0  0  0]
 [19  0  0  0  0  0  0  0  0  0  0  0  0  0  0  0  0]
 [ 7  0  0  0  0  0  0  0  0  0  0  0  0  0  0  0  0]
 [23  0  0  0  0  0  0  0  0  0  0  0  0  0  0  0  0]
 [ 2  0  0  0  0  0  0  0  0  0  0  0  0  0  0  0  0]
 [ 1  0  0  0  0  0  0  0  0  0  0  0  0  0  0  0  0]
 [20  0  0  0  0  0  0  0  0  0  0  0  0  0  0  0  0]
 [ 2  0  0  0  0  0  0  0  0  0  0  0  0  0  0  0  0]]
valid: gen=0.1
reward: norm=0.9766351003917668
[ 290 iterations]
real= [[26 19  5 15  0  0  0  0  0  0  0  0  0  0  0  0  0]
 [27  0  0  0  0  0  0  0  0  0  0  0  0  0  0  0  0]
 [20  7 23 11  0  0  0  0  0  0  0  0  0  0  0  0  0]
 [17 22 23  0  0  0  0  0  0  0  0  0  0  0  0  0  0]
 [ 3 13 24 18 15  4  0  0  0  0  0  0  0  0  0  0  0]
 [17  5 18  0  0  0  0  0  0  0  0  0  0  0  0  0  0]
 [17 13  0  0  0  0  0  0  0  0  0  0  0  0  0  0  0]
 [28 19  3 17  1  8  5 27  0  0  0  0  0  0  0  0  0]
 [22 13 25  0  0  0  0  0  0  0  0  0  0  0  0  0  0]
 [ 8  2  1 14 12  0  0  0  0  0  0  0  0  0  0  0  0]]
gen= [[19  0  0  0  0  0  0  0  0  0  0  0  0  0  0  0  0]
 [27  0  0  0  0  0  0  0  0  0  0  0  0  0  0  0  0]
 [ 7  0  0  0  0  0  0  0  0  0  0  0  0  0  0  0  0]
 [23  0  0  0  0  0  0  0  0  0  0  0  0  0  0  0  0]
 [ 4  0  0  0  0  0  0  0  0  0  0  0  0  0  0  0  0]
 [18 18  0  0  0  0  0  0  0  0  0  0  0  0  0  0  0]
 [17  0  0  0  0  0  0  0  0  0  0  0  0  0  0  0  0]
 [19  0  0  0  0  0  0  0  0  0  0  0  0  0  0  0  0]
 [22  0  0  0  0  0  0  0  0  0  0  0  0  0  0  0  0]
 [ 2  0  0  0  0  0  0  0  0  0  0  0  0  0  0  0  0]]
valid: gen=0.138
reward: norm=0.9717711538595316
[ 300 iterations]
real= [[ 9 13 18 26 25  0  0  0  0  0  0  0  0  0  0  0  0]
 [27 22 18 13 17  3 12 20  5  0  0  0  0  0  0  0  0]
 [12 27  6 22  0  0  0  0  0  0  0  0  0  0  0  0  0]
 [ 5  8 25 21 26  0  0  0  0  0  0  0  0  0  0  0  0]
 [25  1 19 21 14 18 23  7  0  0  0  0  0  0  0  0  0]
 [27  9 16 22 26  0  0  0  0  0  0  0  0  0  0  0  0]
 [17  2 19  0  0  0  0  0  0  0  0  0  0  0  0  0  0]
 [22 11  0  0  0  0  0  0  0  0  0  0  0  0  0  0  0]
 [15  4  0  0  0  0  0  0  0  0  0  0  0  0  0  0  0]
 [14  6 18  0  0  0  0  0  0  0  0  0  0  0  0  0  0]]
gen= [[18 18  0  0  0  0  0  0  0  0  0  0  0  0  0  0  0]
 [20 20  0  0  0  0  0  0  0  0  0  0  0  0  0  0  0]
 [22  0  0  0  0  0  0  0  0  0  0  0  0  0  0  0  0]
 [21  0  0  0  0  0  0  0  0  0  0  0  0  0  0  0  0]
 [ 7  7  0  0  0  0  0  0  0  0  0  0  0  0  0  0  0]
 [22 22  0  0  0  0  0  0  0  0  0  0  0  0  0  0  0]
 [19  0  0  0  0  0  0  0  0  0  0  0  0  0  0  0  0]
 [11  0  0  0  0  0  0  0  0  0  0  0  0  0  0  0  0]
 [ 4  0  0  0  0  0  0  0  0  0  0  0  0  0  0  0  0]
 [14  0  0  0  0  0  0  0  0  0  0  0  0  0  0  0  0]]
valid: gen=0.143
reward: norm=0.9680182774384656
[ 310 iterations]
real= [[ 6 21 14  3  9  0  0  0  0  0  0  0  0  0  0  0  0]
 [25 21 18  0  0  0  0  0  0  0  0  0  0  0  0  0  0]
 [15  0  0  0  0  0  0  0  0  0  0  0  0  0  0  0  0]
 [ 5  8 28 24 22  0  0  0  0  0  0  0  0  0  0  0  0]
 [17  1 15 26  0  0  0  0  0  0  0  0  0  0  0  0  0]
 [28 17 13  7 15  0  0  0  0  0  0  0  0  0  0  0  0]
 [17 19  9 14 11  0  0  0  0  0  0  0  0  0  0  0  0]
 [25 16 18 27  0  0  0  0  0  0  0  0  0  0  0  0  0]
 [23  0  0  0  0  0  0  0  0  0  0  0  0  0  0  0  0]
 [14 13 15  7  0  0  0  0  0  0  0  0  0  0  0  0  0]]
gen= [[21  0  0  0  0  0  0  0  0  0  0  0  0  0  0  0  0]
 [18  0  0  0  0  0  0  0  0  0  0  0  0  0  0  0  0]
 [15  0  0  0  0  0  0  0  0  0  0  0  0  0  0  0  0]
 [24 24  0  0  0  0  0  0  0  0  0  0  0  0  0  0  0]
 [ 1  0  0  0  0  0  0  0  0  0  0  0  0  0  0  0  0]
 [ 7  7  0  0  0  0  0  0  0  0  0  0  0  0  0  0  0]
 [11  0  0  0  0  0  0  0  0  0  0  0  0  0  0  0  0]
 [16  0  0  0  0  0  0  0  0  0  0  0  0  0  0  0  0]
 [23  0  0  0  0  0  0  0  0  0  0  0  0  0  0  0  0]
 [ 7  0  0  0  0  0  0  0  0  0  0  0  0  0  0  0  0]]
valid: gen=0.121
reward: norm=0.9691975061667589
[ 320 iterations]
real= [[ 8 10 23 27  0  0  0  0  0  0  0  0  0  0  0  0  0]
 [ 2 24  0  0  0  0  0  0  0  0  0  0  0  0  0  0  0]
 [19  0  0  0  0  0  0  0  0  0  0  0  0  0  0  0  0]
 [15  6  9 19  8 27  0  0  0  0  0  0  0  0  0  0  0]
 [17 15 23 11  0  0  0  0  0  0  0  0  0  0  0  0  0]
 [27 25  9 21 15 23  0  0  0  0  0  0  0  0  0  0  0]
 [26  4 15  0  0  0  0  0  0  0  0  0  0  0  0  0  0]
 [12  2 24  0  0  0  0  0  0  0  0  0  0  0  0  0  0]
 [21  0  0  0  0  0  0  0  0  0  0  0  0  0  0  0  0]
 [23  0  0  0  0  0  0  0  0  0  0  0  0  0  0  0  0]]
gen= [[27 27  0  0  0  0  0  0  0  0  0  0  0  0  0  0  0]
 [24  0  0  0  0  0  0  0  0  0  0  0  0  0  0  0  0]
 [19  0  0  0  0  0  0  0  0  0  0  0  0  0  0  0  0]
 [15  0  0  0  0  0  0  0  0  0  0  0  0  0  0  0  0]
 [11 11  0  0  0  0  0  0  0  0  0  0  0  0  0  0  0]
 [21 21 21 21 21 21 21 21  0  0  0  0  0  0  0  0  0]
 [ 4  4  0  0  0  0  0  0  0  0  0  0  0  0  0  0  0]
 [ 2  0  0  0  0  0  0  0  0  0  0  0  0  0  0  0  0]
 [21  0  0  0  0  0  0  0  0  0  0  0  0  0  0  0  0]
 [23  0  0  0  0  0  0  0  0  0  0  0  0  0  0  0  0]]
valid: gen=0.135
reward: norm=0.9702415665484531
[ 330 iterations]
real= [[ 1 10  0  0  0  0  0  0  0  0  0  0  0  0  0  0  0]
 [12 10 25 11  5 27  0  0  0  0  0  0  0  0  0  0  0]
 [28  0  0  0  0  0  0  0  0  0  0  0  0  0  0  0  0]
 [14 22 19  0  0  0  0  0  0  0  0  0  0  0  0  0  0]
 [ 5  2  7  0  0  0  0  0  0  0  0  0  0  0  0  0  0]
 [ 3 17  6 23 26  0  0  0  0  0  0  0  0  0  0  0  0]
 [24  4 25  2  0  0  0  0  0  0  0  0  0  0  0  0  0]
 [22  1  5  0  0  0  0  0  0  0  0  0  0  0  0  0  0]
 [12  4 20  6 26  0  0  0  0  0  0  0  0  0  0  0  0]
 [12  2 28 25  0  0  0  0  0  0  0  0  0  0  0  0  0]]
gen= [[ 1  0  0  0  0  0  0  0  0  0  0  0  0  0  0  0  0]
 [11 11  0  0  0  0  0  0  0  0  0  0  0  0  0  0  0]
 [28 28  0  0  0  0  0  0  0  0  0  0  0  0  0  0  0]
 [22 22 22 14  0  0  0  0  0  0  0  0  0  0  0  0  0]
 [ 7  0  0  0  0  0  0  0  0  0  0  0  0  0  0  0  0]
 [17  0  0  0  0  0  0  0  0  0  0  0  0  0  0  0  0]
 [ 4  0  0  0  0  0  0  0  0  0  0  0  0  0  0  0  0]
 [22  1  0  0  0  0  0  0  0  0  0  0  0  0  0  0  0]
 [ 4  0  0  0  0  0  0  0  0  0  0  0  0  0  0  0  0]
 [ 2  2  2  0  0  0  0  0  0  0  0  0  0  0  0  0  0]]
valid: gen=0.112
reward: norm=0.964352633251415
[ 340 iterations]
real= [[26 19  5 15  0  0  0  0  0  0  0  0  0  0  0  0  0]
 [27  0  0  0  0  0  0  0  0  0  0  0  0  0  0  0  0]
 [20  7 23 11  0  0  0  0  0  0  0  0  0  0  0  0  0]
 [17 22 23  0  0  0  0  0  0  0  0  0  0  0  0  0  0]
 [ 3 13 24 18 15  4  0  0  0  0  0  0  0  0  0  0  0]
 [17  5 18  0  0  0  0  0  0  0  0  0  0  0  0  0  0]
 [17 13  0  0  0  0  0  0  0  0  0  0  0  0  0  0  0]
 [28 19  3 17  1  8  5 27  0  0  0  0  0  0  0  0  0]
 [22 13 25  0  0  0  0  0  0  0  0  0  0  0  0  0  0]
 [ 8  2  1 14 12  0  0  0  0  0  0  0  0  0  0  0  0]]
gen= [[15 15 15  0  0  0  0  0  0  0  0  0  0  0  0  0  0]
 [27 27 27  0  0  0  0  0  0  0  0  0  0  0  0  0  0]
 [11 11 11 11  0  0  0  0  0  0  0  0  0  0  0  0  0]
 [17 22 17  0  0  0  0  0  0  0  0  0  0  0  0  0  0]
 [13 13 13 13 13  0  0  0  0  0  0  0  0  0  0  0  0]
 [17 18 18 17  0  0  0  0  0  0  0  0  0  0  0  0  0]
 [13 13 13 13  0  0  0  0  0  0  0  0  0  0  0  0  0]
 [17  1  1  1  1  1  1  0  0  0  0  0  0  0  0  0  0]
 [22 13 13  0  0  0  0  0  0  0  0  0  0  0  0  0  0]
 [ 2  2  1  1  0  0  0  0  0  0  0  0  0  0  0  0  0]]
valid: gen=0.096
reward: norm=0.9555724535489872
[ 350 iterations]
real= [[ 9 13 18 26 25  0  0  0  0  0  0  0  0  0  0  0  0]
 [27 22 18 13 17  3 12 20  5  0  0  0  0  0  0  0  0]
 [12 27  6 22  0  0  0  0  0  0  0  0  0  0  0  0  0]
 [ 5  8 25 21 26  0  0  0  0  0  0  0  0  0  0  0  0]
 [25  1 19 21 14 18 23  7  0  0  0  0  0  0  0  0  0]
 [27  9 16 22 26  0  0  0  0  0  0  0  0  0  0  0  0]
 [17  2 19  0  0  0  0  0  0  0  0  0  0  0  0  0  0]
 [22 11  0  0  0  0  0  0  0  0  0  0  0  0  0  0  0]
 [15  4  0  0  0  0  0  0  0  0  0  0  0  0  0  0  0]
 [14  6 18  0  0  0  0  0  0  0  0  0  0  0  0  0  0]]
gen= [[13 13 13 13 13 13 13 13 13  0  0  0  0  0  0  0  0]
 [22 13 13 13 13 13 13 13 13 13 13  0  0  0  0  0  0]
 [22 22 22  6  6  6  6  6  6  6  0  0  0  0  0  0  0]
 [21 21 21 21 21 21 21 21  0  0  0  0  0  0  0  0  0]
 [21 21 21  1  1  1  1  1  1  1  1  1  0  0  0  0  0]
 [16 16 16  0  0  0  0  0  0  0  0  0  0  0  0  0  0]
 [ 2  2  2  2  2  2  2  2  0  0  0  0  0  0  0  0  0]
 [11  0  0  0  0  0  0  0  0  0  0  0  0  0  0  0  0]
 [ 4  4  4  4  0  0  0  0  0  0  0  0  0  0  0  0  0]
 [14 18  6  6  6  6  6  0  0  0  0  0  0  0  0  0  0]]
valid: gen=0.057
reward: norm=0.928973682656875
[ 360 iterations]
real= [[ 6 21 14  3  9  0  0  0  0  0  0  0  0  0  0  0  0]
 [25 21 18  0  0  0  0  0  0  0  0  0  0  0  0  0  0]
 [15  0  0  0  0  0  0  0  0  0  0  0  0  0  0  0  0]
 [ 5  8 28 24 22  0  0  0  0  0  0  0  0  0  0  0  0]
 [17  1 15 26  0  0  0  0  0  0  0  0  0  0  0  0  0]
 [28 17 13  7 15  0  0  0  0  0  0  0  0  0  0  0  0]
 [17 19  9 14 11  0  0  0  0  0  0  0  0  0  0  0  0]
 [25 16 18 27  0  0  0  0  0  0  0  0  0  0  0  0  0]
 [23  0  0  0  0  0  0  0  0  0  0  0  0  0  0  0  0]
 [14 13 15  7  0  0  0  0  0  0  0  0  0  0  0  0  0]]
gen= [[21 21  6  6  6  0  0  0  0  0  0  0  0  0  0  0  0]
 [21 21 21 21  0  0  0  0  0  0  0  0  0  0  0  0  0]
 [15  0  0  0  0  0  0  0  0  0  0  0  0  0  0  0  0]
 [22 22 22 22 22  0  0  0  0  0  0  0  0  0  0  0  0]
 [17  1  1  1  0  0  0  0  0  0  0  0  0  0  0  0  0]
 [17 13 13 13  0  0  0  0  0  0  0  0  0  0  0  0  0]
 [ 9  9  9 11 11 11 11 11  0  0  0  0  0  0  0  0  0]
 [16 16 16 16  0  0  0  0  0  0  0  0  0  0  0  0  0]
 [23  0  0  0  0  0  0  0  0  0  0  0  0  0  0  0  0]
 [13 13 13 13 13  0  0  0  0  0  0  0  0  0  0  0  0]]
valid: gen=0.045
reward: norm=0.9419034777724721
[ 370 iterations]
real= [[ 8 10 23 27  0  0  0  0  0  0  0  0  0  0  0  0  0]
 [ 2 24  0  0  0  0  0  0  0  0  0  0  0  0  0  0  0]
 [19  0  0  0  0  0  0  0  0  0  0  0  0  0  0  0  0]
 [15  6  9 19  8 27  0  0  0  0  0  0  0  0  0  0  0]
 [17 15 23 11  0  0  0  0  0  0  0  0  0  0  0  0  0]
 [27 25  9 21 15 23  0  0  0  0  0  0  0  0  0  0  0]
 [26  4 15  0  0  0  0  0  0  0  0  0  0  0  0  0  0]
 [12  2 24  0  0  0  0  0  0  0  0  0  0  0  0  0  0]
 [21  0  0  0  0  0  0  0  0  0  0  0  0  0  0  0  0]
 [23  0  0  0  0  0  0  0  0  0  0  0  0  0  0  0  0]]
gen= [[23 23 23 27 27  0  0  0  0  0  0  0  0  0  0  0  0]
 [ 2  2  2  2  0  0  0  0  0  0  0  0  0  0  0  0  0]
 [19 19  0  0  0  0  0  0  0  0  0  0  0  0  0  0  0]
 [ 9  6  6  6  6  0  0  0  0  0  0  0  0  0  0  0  0]
 [23 23 11 11 11 11  0  0  0  0  0  0  0  0  0  0  0]
 [21 21 21 21 21  0  0  0  0  0  0  0  0  0  0  0  0]
 [15 15  4  4  0  0  0  0  0  0  0  0  0  0  0  0  0]
 [ 2  2  2  0  0  0  0  0  0  0  0  0  0  0  0  0  0]
 [21 21  0  0  0  0  0  0  0  0  0  0  0  0  0  0  0]
 [23 23 23 23 23 23 23  0  0  0  0  0  0  0  0  0  0]]
valid: gen=0.031
reward: norm=0.9503169679019402
[ 380 iterations]
real= [[ 1 10  0  0  0  0  0  0  0  0  0  0  0  0  0  0  0]
 [12 10 25 11  5 27  0  0  0  0  0  0  0  0  0  0  0]
 [28  0  0  0  0  0  0  0  0  0  0  0  0  0  0  0  0]
 [14 22 19  0  0  0  0  0  0  0  0  0  0  0  0  0  0]
 [ 5  2  7  0  0  0  0  0  0  0  0  0  0  0  0  0  0]
 [ 3 17  6 23 26  0  0  0  0  0  0  0  0  0  0  0  0]
 [24  4 25  2  0  0  0  0  0  0  0  0  0  0  0  0  0]
 [22  1  5  0  0  0  0  0  0  0  0  0  0  0  0  0  0]
 [12  4 20  6 26  0  0  0  0  0  0  0  0  0  0  0  0]
 [12  2 28 25  0  0  0  0  0  0  0  0  0  0  0  0  0]]
gen= [[ 1  1  0  0  0  0  0  0  0  0  0  0  0  0  0  0  0]
 [11 11 11 11 11 11  0  0  0  0  0  0  0  0  0  0  0]
 [28 28 28 28 28  0  0  0  0  0  0  0  0  0  0  0  0]
 [22 22 22 22 22 22  0  0  0  0  0  0  0  0  0  0  0]
 [ 2  2  2  0  0  0  0  0  0  0  0  0  0  0  0  0  0]
 [ 6  6  6  6  6  0  0  0  0  0  0  0  0  0  0  0  0]
 [ 2  2  2  2  0  0  0  0  0  0  0  0  0  0  0  0  0]
 [22  1  0  0  0  0  0  0  0  0  0  0  0  0  0  0  0]
 [ 6  6  6  6  6  6  0  0  0  0  0  0  0  0  0  0  0]
 [ 2  2  2  2  0  0  0  0  0  0  0  0  0  0  0  0  0]]
valid: gen=0.046
reward: norm=0.9511633567281923
[ 390 iterations]
real= [[26 19  5 15  0  0  0  0  0  0  0  0  0  0  0  0  0]
 [27  0  0  0  0  0  0  0  0  0  0  0  0  0  0  0  0]
 [20  7 23 11  0  0  0  0  0  0  0  0  0  0  0  0  0]
 [17 22 23  0  0  0  0  0  0  0  0  0  0  0  0  0  0]
 [ 3 13 24 18 15  4  0  0  0  0  0  0  0  0  0  0  0]
 [17  5 18  0  0  0  0  0  0  0  0  0  0  0  0  0  0]
 [17 13  0  0  0  0  0  0  0  0  0  0  0  0  0  0  0]
 [28 19  3 17  1  8  5 27  0  0  0  0  0  0  0  0  0]
 [22 13 25  0  0  0  0  0  0  0  0  0  0  0  0  0  0]
 [ 8  2  1 14 12  0  0  0  0  0  0  0  0  0  0  0  0]]
gen= [[15 15 15 15 15  0  0  0  0  0  0  0  0  0  0  0  0]
 [27 27 27  0  0  0  0  0  0  0  0  0  0  0  0  0  0]
 [23 23 23 11 11  0  0  0  0  0  0  0  0  0  0  0  0]
 [22 22  0  0  0  0  0  0  0  0  0  0  0  0  0  0  0]
 [13 13 13 13 13 24  0  0  0  0  0  0  0  0  0  0  0]
 [17 17 17 17 17 17  0  0  0  0  0  0  0  0  0  0  0]
 [13 13  0  0  0  0  0  0  0  0  0  0  0  0  0  0  0]
 [17  1  1  1  1  1  0  0  0  0  0  0  0  0  0  0  0]
 [22 22 22  0  0  0  0  0  0  0  0  0  0  0  0  0  0]
 [ 2  2  2  2  2  0  0  0  0  0  0  0  0  0  0  0  0]]
valid: gen=0.044
reward: norm=0.9540963456288758
[ 400 iterations]
real= [[ 9 13 18 26 25  0  0  0  0  0  0  0  0  0  0  0  0]
 [27 22 18 13 17  3 12 20  5  0  0  0  0  0  0  0  0]
 [12 27  6 22  0  0  0  0  0  0  0  0  0  0  0  0  0]
 [ 5  8 25 21 26  0  0  0  0  0  0  0  0  0  0  0  0]
 [25  1 19 21 14 18 23  7  0  0  0  0  0  0  0  0  0]
 [27  9 16 22 26  0  0  0  0  0  0  0  0  0  0  0  0]
 [17  2 19  0  0  0  0  0  0  0  0  0  0  0  0  0  0]
 [22 11  0  0  0  0  0  0  0  0  0  0  0  0  0  0  0]
 [15  4  0  0  0  0  0  0  0  0  0  0  0  0  0  0  0]
 [14  6 18  0  0  0  0  0  0  0  0  0  0  0  0  0  0]]
gen= [[ 9  9  9  9  9  9  0  0  0  0  0  0  0  0  0  0  0]
 [22 22 22 22 22 22  0  0  0  0  0  0  0  0  0  0  0]
 [ 6  6  0  0  0  0  0  0  0  0  0  0  0  0  0  0  0]
 [21 21 21 21  0  0  0  0  0  0  0  0  0  0  0  0  0]
 [23 21 21 21 21 21 21  0  0  0  0  0  0  0  0  0  0]
 [16 16 16 16 16  0  0  0  0  0  0  0  0  0  0  0  0]
 [ 2  2  2  2  2  2  0  0  0  0  0  0  0  0  0  0  0]
 [22 22  0  0  0  0  0  0  0  0  0  0  0  0  0  0  0]
 [ 4  4  0  0  0  0  0  0  0  0  0  0  0  0  0  0  0]
 [ 6  6  6  6  6  0  0  0  0  0  0  0  0  0  0  0  0]]
valid: gen=0.042
reward: norm=0.952668564455597
[ 410 iterations]
real= [[ 6 21 14  3  9  0  0  0  0  0  0  0  0  0  0  0  0]
 [25 21 18  0  0  0  0  0  0  0  0  0  0  0  0  0  0]
 [15  0  0  0  0  0  0  0  0  0  0  0  0  0  0  0  0]
 [ 5  8 28 24 22  0  0  0  0  0  0  0  0  0  0  0  0]
 [17  1 15 26  0  0  0  0  0  0  0  0  0  0  0  0  0]
 [28 17 13  7 15  0  0  0  0  0  0  0  0  0  0  0  0]
 [17 19  9 14 11  0  0  0  0  0  0  0  0  0  0  0  0]
 [25 16 18 27  0  0  0  0  0  0  0  0  0  0  0  0  0]
 [23  0  0  0  0  0  0  0  0  0  0  0  0  0  0  0  0]
 [14 13 15  7  0  0  0  0  0  0  0  0  0  0  0  0  0]]
gen= [[ 6  6  6  6  6  0  0  0  0  0  0  0  0  0  0  0  0]
 [21 21 21  0  0  0  0  0  0  0  0  0  0  0  0  0  0]
 [15 15 15 15 15  0  0  0  0  0  0  0  0  0  0  0  0]
 [22 22  0  0  0  0  0  0  0  0  0  0  0  0  0  0  0]
 [17  1  1  1  0  0  0  0  0  0  0  0  0  0  0  0  0]
 [13 13 13 13 13  0  0  0  0  0  0  0  0  0  0  0  0]
 [ 9  9  9  9  9  9  9  0  0  0  0  0  0  0  0  0  0]
 [16 16 16 16  0  0  0  0  0  0  0  0  0  0  0  0  0]
 [23 23  0  0  0  0  0  0  0  0  0  0  0  0  0  0  0]
 [13 13 13  0  0  0  0  0  0  0  0  0  0  0  0  0  0]]
valid: gen=0.032
reward: norm=0.9530096627587712
[ 420 iterations]
real= [[ 8 10 23 27  0  0  0  0  0  0  0  0  0  0  0  0  0]
 [ 2 24  0  0  0  0  0  0  0  0  0  0  0  0  0  0  0]
 [19  0  0  0  0  0  0  0  0  0  0  0  0  0  0  0  0]
 [15  6  9 19  8 27  0  0  0  0  0  0  0  0  0  0  0]
 [17 15 23 11  0  0  0  0  0  0  0  0  0  0  0  0  0]
 [27 25  9 21 15 23  0  0  0  0  0  0  0  0  0  0  0]
 [26  4 15  0  0  0  0  0  0  0  0  0  0  0  0  0  0]
 [12  2 24  0  0  0  0  0  0  0  0  0  0  0  0  0  0]
 [21  0  0  0  0  0  0  0  0  0  0  0  0  0  0  0  0]
 [23  0  0  0  0  0  0  0  0  0  0  0  0  0  0  0  0]]
gen= [[23 23 23 23 23 27  0  0  0  0  0  0  0  0  0  0  0]
 [ 2  2  2  2  2  2  0  0  0  0  0  0  0  0  0  0  0]
 [19 19  0  0  0  0  0  0  0  0  0  0  0  0  0  0  0]
 [ 9  6  6  6  6  6  6  0  0  0  0  0  0  0  0  0  0]
 [23 23 23 23 23 23  0  0  0  0  0  0  0  0  0  0  0]
 [ 9  9  9 21 21 21 21  0  0  0  0  0  0  0  0  0  0]
 [15 15  4  4  0  0  0  0  0  0  0  0  0  0  0  0  0]
 [ 2  2  2  2  0  0  0  0  0  0  0  0  0  0  0  0  0]
 [21  0  0  0  0  0  0  0  0  0  0  0  0  0  0  0  0]
 [23 23 23 23  0  0  0  0  0  0  0  0  0  0  0  0  0]]
valid: gen=0.038
reward: norm=0.9532483412484536
[ 430 iterations]
real= [[ 1 10  0  0  0  0  0  0  0  0  0  0  0  0  0  0  0]
 [12 10 25 11  5 27  0  0  0  0  0  0  0  0  0  0  0]
 [28  0  0  0  0  0  0  0  0  0  0  0  0  0  0  0  0]
 [14 22 19  0  0  0  0  0  0  0  0  0  0  0  0  0  0]
 [ 5  2  7  0  0  0  0  0  0  0  0  0  0  0  0  0  0]
 [ 3 17  6 23 26  0  0  0  0  0  0  0  0  0  0  0  0]
 [24  4 25  2  0  0  0  0  0  0  0  0  0  0  0  0  0]
 [22  1  5  0  0  0  0  0  0  0  0  0  0  0  0  0  0]
 [12  4 20  6 26  0  0  0  0  0  0  0  0  0  0  0  0]
 [12  2 28 25  0  0  0  0  0  0  0  0  0  0  0  0  0]]
gen= [[10  1  1  1  0  0  0  0  0  0  0  0  0  0  0  0  0]
 [11 12 27 27  0  0  0  0  0  0  0  0  0  0  0  0  0]
 [28  0  0  0  0  0  0  0  0  0  0  0  0  0  0  0  0]
 [22 22 22 22  0  0  0  0  0  0  0  0  0  0  0  0  0]
 [ 2  2  2  2  0  0  0  0  0  0  0  0  0  0  0  0  0]
 [ 6  6  6  6  6  0  0  0  0  0  0  0  0  0  0  0  0]
 [ 2  2  2  2  2  2  0  0  0  0  0  0  0  0  0  0  0]
 [22 22 22 22  0  0  0  0  0  0  0  0  0  0  0  0  0]
 [ 6  6  6  6  6  0  0  0  0  0  0  0  0  0  0  0  0]
 [ 2  2  2  2  2  0  0  0  0  0  0  0  0  0  0  0  0]]
valid: gen=0.039
reward: norm=0.955441135100921
[ 440 iterations]
real= [[26 19  5 15  0  0  0  0  0  0  0  0  0  0  0  0  0]
 [27  0  0  0  0  0  0  0  0  0  0  0  0  0  0  0  0]
 [20  7 23 11  0  0  0  0  0  0  0  0  0  0  0  0  0]
 [17 22 23  0  0  0  0  0  0  0  0  0  0  0  0  0  0]
 [ 3 13 24 18 15  4  0  0  0  0  0  0  0  0  0  0  0]
 [17  5 18  0  0  0  0  0  0  0  0  0  0  0  0  0  0]
 [17 13  0  0  0  0  0  0  0  0  0  0  0  0  0  0  0]
 [28 19  3 17  1  8  5 27  0  0  0  0  0  0  0  0  0]
 [22 13 25  0  0  0  0  0  0  0  0  0  0  0  0  0  0]
 [ 8  2  1 14 12  0  0  0  0  0  0  0  0  0  0  0  0]]
gen= [[15 15 15 15 15 15  0  0  0  0  0  0  0  0  0  0  0]
 [27 27 27 27  0  0  0  0  0  0  0  0  0  0  0  0  0]
 [11 23 23  0  0  0  0  0  0  0  0  0  0  0  0  0  0]
 [22 22 22 22 22  0  0  0  0  0  0  0  0  0  0  0  0]
 [24 13 24 24  0  0  0  0  0  0  0  0  0  0  0  0  0]
 [17 17 17 17  0  0  0  0  0  0  0  0  0  0  0  0  0]
 [13 13 13  0  0  0  0  0  0  0  0  0  0  0  0  0  0]
 [ 3  3  1  1  1  1  1  0  0  0  0  0  0  0  0  0  0]
 [22 22 22 22 22  0  0  0  0  0  0  0  0  0  0  0  0]
 [ 2  2  2  2  0  0  0  0  0  0  0  0  0  0  0  0  0]]
valid: gen=0.048
reward: norm=0.9578433037178371
[ 450 iterations]
real= [[ 9 13 18 26 25  0  0  0  0  0  0  0  0  0  0  0  0]
 [27 22 18 13 17  3 12 20  5  0  0  0  0  0  0  0  0]
 [12 27  6 22  0  0  0  0  0  0  0  0  0  0  0  0  0]
 [ 5  8 25 21 26  0  0  0  0  0  0  0  0  0  0  0  0]
 [25  1 19 21 14 18 23  7  0  0  0  0  0  0  0  0  0]
 [27  9 16 22 26  0  0  0  0  0  0  0  0  0  0  0  0]
 [17  2 19  0  0  0  0  0  0  0  0  0  0  0  0  0  0]
 [22 11  0  0  0  0  0  0  0  0  0  0  0  0  0  0  0]
 [15  4  0  0  0  0  0  0  0  0  0  0  0  0  0  0  0]
 [14  6 18  0  0  0  0  0  0  0  0  0  0  0  0  0  0]]
gen= [[ 9  9  9  9  9  0  0  0  0  0  0  0  0  0  0  0  0]
 [22 22 22 22 22 22  0  0  0  0  0  0  0  0  0  0  0]
 [ 6  6  6  6  0  0  0  0  0  0  0  0  0  0  0  0  0]
 [21 21 21 21 21 21  0  0  0  0  0  0  0  0  0  0  0]
 [23 23 21 21 21 21 21  0  0  0  0  0  0  0  0  0  0]
 [16 16 16 16 16 16  0  0  0  0  0  0  0  0  0  0  0]
 [ 2  2  2  2  2  2  0  0  0  0  0  0  0  0  0  0  0]
 [22 22  0  0  0  0  0  0  0  0  0  0  0  0  0  0  0]
 [ 4  4  0  0  0  0  0  0  0  0  0  0  0  0  0  0  0]
 [ 6  6  6  6  0  0  0  0  0  0  0  0  0  0  0  0  0]]
valid: gen=0.039
reward: norm=0.9547911373601162
[ 460 iterations]
real= [[ 6 21 14  3  9  0  0  0  0  0  0  0  0  0  0  0  0]
 [25 21 18  0  0  0  0  0  0  0  0  0  0  0  0  0  0]
 [15  0  0  0  0  0  0  0  0  0  0  0  0  0  0  0  0]
 [ 5  8 28 24 22  0  0  0  0  0  0  0  0  0  0  0  0]
 [17  1 15 26  0  0  0  0  0  0  0  0  0  0  0  0  0]
 [28 17 13  7 15  0  0  0  0  0  0  0  0  0  0  0  0]
 [17 19  9 14 11  0  0  0  0  0  0  0  0  0  0  0  0]
 [25 16 18 27  0  0  0  0  0  0  0  0  0  0  0  0  0]
 [23  0  0  0  0  0  0  0  0  0  0  0  0  0  0  0  0]
 [14 13 15  7  0  0  0  0  0  0  0  0  0  0  0  0  0]]
gen= [[ 9  6  6  6  6  6  0  0  0  0  0  0  0  0  0  0  0]
 [21 21 21  0  0  0  0  0  0  0  0  0  0  0  0  0  0]
 [15 15  0  0  0  0  0  0  0  0  0  0  0  0  0  0  0]
 [22 22 22 22 24  0  0  0  0  0  0  0  0  0  0  0  0]
 [17  1  1  1  1  0  0  0  0  0  0  0  0  0  0  0  0]
 [13 13 13 13 13 13  0  0  0  0  0  0  0  0  0  0  0]
 [ 9  9  9  9  0  0  0  0  0  0  0  0  0  0  0  0  0]
 [16 16 16 16 16 16  0  0  0  0  0  0  0  0  0  0  0]
 [23 23  0  0  0  0  0  0  0  0  0  0  0  0  0  0  0]
 [13 13 13 13 13 13  0  0  0  0  0  0  0  0  0  0  0]]
valid: gen=0.034
reward: norm=0.9556534961920036
[ 470 iterations]
real= [[ 8 10 23 27  0  0  0  0  0  0  0  0  0  0  0  0  0]
 [ 2 24  0  0  0  0  0  0  0  0  0  0  0  0  0  0  0]
 [19  0  0  0  0  0  0  0  0  0  0  0  0  0  0  0  0]
 [15  6  9 19  8 27  0  0  0  0  0  0  0  0  0  0  0]
 [17 15 23 11  0  0  0  0  0  0  0  0  0  0  0  0  0]
 [27 25  9 21 15 23  0  0  0  0  0  0  0  0  0  0  0]
 [26  4 15  0  0  0  0  0  0  0  0  0  0  0  0  0  0]
 [12  2 24  0  0  0  0  0  0  0  0  0  0  0  0  0  0]
 [21  0  0  0  0  0  0  0  0  0  0  0  0  0  0  0  0]
 [23  0  0  0  0  0  0  0  0  0  0  0  0  0  0  0  0]]
gen= [[23 23 10  0  0  0  0  0  0  0  0  0  0  0  0  0  0]
 [ 2  2  2  0  0  0  0  0  0  0  0  0  0  0  0  0  0]
 [19 19 19  0  0  0  0  0  0  0  0  0  0  0  0  0  0]
 [ 6  6  6  6  6  0  0  0  0  0  0  0  0  0  0  0  0]
 [17 23  0  0  0  0  0  0  0  0  0  0  0  0  0  0  0]
 [ 9  9  9 21 21 21  0  0  0  0  0  0  0  0  0  0  0]
 [26 15 15  4  0  0  0  0  0  0  0  0  0  0  0  0  0]
 [ 2  2  0  0  0  0  0  0  0  0  0  0  0  0  0  0  0]
 [21  0  0  0  0  0  0  0  0  0  0  0  0  0  0  0  0]
 [23 23  0  0  0  0  0  0  0  0  0  0  0  0  0  0  0]]
valid: gen=0.041
reward: norm=0.95604236961456
[ 480 iterations]
real= [[ 1 10  0  0  0  0  0  0  0  0  0  0  0  0  0  0  0]
 [12 10 25 11  5 27  0  0  0  0  0  0  0  0  0  0  0]
 [28  0  0  0  0  0  0  0  0  0  0  0  0  0  0  0  0]
 [14 22 19  0  0  0  0  0  0  0  0  0  0  0  0  0  0]
 [ 5  2  7  0  0  0  0  0  0  0  0  0  0  0  0  0  0]
 [ 3 17  6 23 26  0  0  0  0  0  0  0  0  0  0  0  0]
 [24  4 25  2  0  0  0  0  0  0  0  0  0  0  0  0  0]
 [22  1  5  0  0  0  0  0  0  0  0  0  0  0  0  0  0]
 [12  4 20  6 26  0  0  0  0  0  0  0  0  0  0  0  0]
 [12  2 28 25  0  0  0  0  0  0  0  0  0  0  0  0  0]]
gen= [[ 1  1  0  0  0  0  0  0  0  0  0  0  0  0  0  0  0]
 [11 27 27 10 10  0  0  0  0  0  0  0  0  0  0  0  0]
 [28  0  0  0  0  0  0  0  0  0  0  0  0  0  0  0  0]
 [22 22 22 22  0  0  0  0  0  0  0  0  0  0  0  0  0]
 [ 2  2  2  2  0  0  0  0  0  0  0  0  0  0  0  0  0]
 [ 6  6  6  6  6  0  0  0  0  0  0  0  0  0  0  0  0]
 [ 2  2  2  2  0  0  0  0  0  0  0  0  0  0  0  0  0]
 [22 22 22  0  0  0  0  0  0  0  0  0  0  0  0  0  0]
 [ 6  6  6  6  6  6  0  0  0  0  0  0  0  0  0  0  0]
 [ 2  2  2  2  2  0  0  0  0  0  0  0  0  0  0  0  0]]
valid: gen=0.05
reward: norm=0.9570567502057941
[ 490 iterations]
real= [[26 19  5 15  0  0  0  0  0  0  0  0  0  0  0  0  0]
 [27  0  0  0  0  0  0  0  0  0  0  0  0  0  0  0  0]
 [20  7 23 11  0  0  0  0  0  0  0  0  0  0  0  0  0]
 [17 22 23  0  0  0  0  0  0  0  0  0  0  0  0  0  0]
 [ 3 13 24 18 15  4  0  0  0  0  0  0  0  0  0  0  0]
 [17  5 18  0  0  0  0  0  0  0  0  0  0  0  0  0  0]
 [17 13  0  0  0  0  0  0  0  0  0  0  0  0  0  0  0]
 [28 19  3 17  1  8  5 27  0  0  0  0  0  0  0  0  0]
 [22 13 25  0  0  0  0  0  0  0  0  0  0  0  0  0  0]
 [ 8  2  1 14 12  0  0  0  0  0  0  0  0  0  0  0  0]]
gen= [[26 15 15 15  0  0  0  0  0  0  0  0  0  0  0  0  0]
 [27  0  0  0  0  0  0  0  0  0  0  0  0  0  0  0  0]
 [23 23 23 23 23  0  0  0  0  0  0  0  0  0  0  0  0]
 [22 22  0  0  0  0  0  0  0  0  0  0  0  0  0  0  0]
 [ 3  3  3 24 24  0  0  0  0  0  0  0  0  0  0  0  0]
 [17 17 17 17  0  0  0  0  0  0  0  0  0  0  0  0  0]
 [13 13 13 13  0  0  0  0  0  0  0  0  0  0  0  0  0]
 [ 3  3  3  1  1  1  0  0  0  0  0  0  0  0  0  0  0]
 [22 22 22 22  0  0  0  0  0  0  0  0  0  0  0  0  0]
 [ 2  2  2  2  2  0  0  0  0  0  0  0  0  0  0  0  0]]
valid: gen=0.042
reward: norm=0.9576566213400259
