read problem
[ 1 iterations]
real=[[27, 23, 22, 21, 19, 18, 17, 16, 14, 12, 15, 4, 6, 3, 9, 0, 0], [2, 21, 1, 0, 0, 0, 0, 0, 0, 0, 0, 0, 0, 0, 0, 0, 0], [1, 24, 0, 0, 0, 0, 0, 0, 0, 0, 0, 0, 0, 0, 0, 0, 0], [28, 27, 24, 22, 21, 19, 18, 16, 14, 12, 10, 6, 1, 11, 9, 8, 0], [28, 27, 26, 25, 20, 19, 18, 17, 15, 12, 8, 4, 7, 3, 14, 1, 0], [28, 27, 25, 23, 21, 20, 18, 17, 14, 12, 7, 10, 6, 5, 4, 13, 0], [11, 24, 27, 21, 12, 3, 0, 0, 0, 0, 0, 0, 0, 0, 0, 0, 0], [28, 27, 25, 24, 21, 20, 15, 13, 10, 9, 7, 6, 1, 5, 2, 8, 0], [28, 26, 24, 23, 22, 16, 1, 18, 8, 20, 0, 0, 0, 0, 0, 0, 0], [28, 26, 25, 23, 20, 19, 18, 16, 15, 13, 12, 4, 6, 11, 14, 3, 0]]
gen=[[16, 22, 15, 19, 21, 14, 17, 23, 18, 12, 6, 4, 9, 3, 27, 0, 0], [21, 2, 1, 0, 0, 0, 0, 0, 0, 0, 0, 0, 0, 0, 0, 0, 0], [24, 1, 0, 0, 0, 0, 0, 0, 0, 0, 0, 0, 0, 0, 0, 0, 0], [21, 16, 19, 22, 14, 18, 12, 24, 10, 11, 6, 1, 27, 9, 28, 8, 0], [20, 15, 19, 14, 17, 25, 18, 12, 7, 3, 4, 1, 26, 27, 8, 28, 0], [20, 23, 21, 14, 17, 18, 25, 12, 6, 7, 10, 5, 13, 4, 28, 27, 0], [21, 24, 12, 11, 3, 27, 0, 0, 0, 0, 0, 0, 0, 0, 0, 0, 0], [20, 15, 21, 25, 24, 13, 1, 6, 7, 5, 2, 28, 8, 10, 9, 27, 0], [22, 16, 20, 23, 18, 24, 1, 26, 28, 8, 0, 0, 0, 0, 0, 0, 0], [16, 15, 19, 20, 14, 23, 18, 25, 12, 6, 4, 28, 26, 3, 13, 11, 0]]
valid routes=1.0
norm-reward=0.8761264644337325
[ 2 iterations]
real=[[25, 15, 14, 3, 16, 8, 0, 0, 0, 0, 0, 0, 0, 0, 0, 0, 0], [28, 27, 26, 25, 24, 23, 16, 15, 12, 9, 4, 10, 7, 3, 2, 1, 0], [28, 27, 26, 25, 24, 20, 19, 18, 17, 14, 7, 10, 1, 5, 9, 8, 0], [22, 18, 20, 4, 12, 7, 15, 17, 0, 0, 0, 0, 0, 0, 0, 0, 0], [26, 15, 18, 23, 13, 7, 16, 0, 0, 0, 0, 0, 0, 0, 0, 0, 0], [14, 24, 18, 11, 0, 0, 0, 0, 0, 0, 0, 0, 0, 0, 0, 0, 0], [27, 26, 24, 22, 20, 18, 16, 15, 14, 11, 13, 10, 1, 5, 2, 8, 0], [28, 27, 6, 11, 15, 13, 10, 17, 0, 0, 0, 0, 0, 0, 0, 0, 0], [17, 7, 27, 3, 22, 0, 0, 0, 0, 0, 0, 0, 0, 0, 0, 0, 0], [17, 2, 5, 28, 14, 0, 0, 0, 0, 0, 0, 0, 0, 0, 0, 0, 0]]
gen=[[16, 25, 15, 14, 8, 3, 0, 0, 0, 0, 0, 0, 0, 0, 0, 0, 0], [25, 16, 23, 15, 24, 7, 10, 12, 1, 27, 26, 4, 3, 28, 9, 2, 0], [25, 18, 20, 24, 17, 14, 9, 28, 5, 26, 27, 7, 19, 1, 8, 10, 0], [22, 20, 15, 17, 18, 12, 4, 7, 0, 0, 0, 0, 0, 0, 0, 0, 0], [16, 23, 15, 18, 13, 26, 7, 0, 0, 0, 0, 0, 0, 0, 0, 0, 0], [18, 24, 14, 11, 0, 0, 0, 0, 0, 0, 0, 0, 0, 0, 0, 0, 0], [22, 16, 18, 15, 20, 14, 26, 13, 27, 1, 5, 24, 8, 11, 10, 2, 0], [13, 15, 17, 27, 28, 10, 6, 11, 0, 0, 0, 0, 0, 0, 0, 0, 0], [22, 27, 17, 7, 3, 0, 0, 0, 0, 0, 0, 0, 0, 0, 0, 0, 0], [17, 14, 5, 28, 2, 0, 0, 0, 0, 0, 0, 0, 0, 0, 0, 0, 0]]
valid routes=1.0
norm-reward=0.8803760564134002
[ 3 iterations]
real=[[28, 27, 25, 24, 22, 19, 17, 14, 12, 9, 10, 6, 5, 8, 2, 3, 0], [8, 0, 0, 0, 0, 0, 0, 0, 0, 0, 0, 0, 0, 0, 0, 0, 0], [2, 11, 5, 3, 0, 0, 0, 0, 0, 0, 0, 0, 0, 0, 0, 0, 0], [28, 27, 26, 23, 22, 21, 20, 15, 14, 11, 4, 10, 6, 5, 2, 3, 0], [26, 24, 21, 20, 14, 19, 3, 17, 8, 16, 0, 0, 0, 0, 0, 0, 0], [24, 20, 17, 4, 12, 9, 5, 2, 11, 0, 0, 0, 0, 0, 0, 0, 0], [28, 27, 26, 25, 23, 21, 20, 16, 15, 13, 12, 4, 1, 9, 14, 3, 0], [16, 24, 5, 4, 12, 9, 11, 0, 0, 0, 0, 0, 0, 0, 0, 0, 0], [28, 27, 26, 24, 23, 16, 14, 12, 8, 1, 7, 4, 5, 3, 6, 0, 0], [27, 25, 24, 23, 22, 20, 17, 16, 13, 12, 7, 10, 6, 3, 9, 4, 0]]
gen=[[22, 25, 19, 24, 17, 14, 12, 5, 2, 6, 27, 9, 10, 28, 8, 3, 0], [8, 0, 0, 0, 0, 0, 0, 0, 0, 0, 0, 0, 0, 0, 0, 0, 0], [2, 11, 3, 5, 0, 0, 0, 0, 0, 0, 0, 0, 0, 0, 0, 0, 0], [22, 21, 15, 20, 23, 26, 14, 4, 6, 2, 28, 11, 3, 5, 27, 10, 0], [16, 21, 20, 14, 17, 19, 8, 26, 24, 3, 0, 0, 0, 0, 0, 0, 0], [24, 20, 17, 4, 12, 5, 9, 2, 11, 0, 0, 0, 0, 0, 0, 0, 0], [25, 16, 21, 15, 23, 20, 13, 14, 4, 26, 3, 12, 28, 27, 1, 9, 0], [16, 24, 4, 12, 9, 5, 11, 0, 0, 0, 0, 0, 0, 0, 0, 0, 0], [16, 23, 26, 24, 14, 4, 5, 28, 7, 12, 8, 6, 27, 1, 3, 0, 0], [22, 16, 25, 20, 23, 17, 24, 13, 4, 7, 9, 12, 27, 6, 10, 3, 0]]
valid routes=1.0
norm-reward=0.8832559456462802
[ 4 iterations]
real=[[28, 25, 24, 19, 17, 14, 12, 8, 6, 1, 2, 10, 5, 3, 0, 0, 0], [25, 2, 15, 0, 0, 0, 0, 0, 0, 0, 0, 0, 0, 0, 0, 0, 0], [2, 0, 0, 0, 0, 0, 0, 0, 0, 0, 0, 0, 0, 0, 0, 0, 0], [19, 26, 5, 28, 6, 0, 0, 0, 0, 0, 0, 0, 0, 0, 0, 0, 0], [21, 0, 0, 0, 0, 0, 0, 0, 0, 0, 0, 0, 0, 0, 0, 0, 0], [10, 2, 0, 0, 0, 0, 0, 0, 0, 0, 0, 0, 0, 0, 0, 0, 0], [28, 27, 26, 25, 24, 22, 19, 18, 13, 11, 7, 6, 1, 8, 10, 3, 0], [1, 15, 4, 0, 0, 0, 0, 0, 0, 0, 0, 0, 0, 0, 0, 0, 0], [23, 7, 5, 0, 0, 0, 0, 0, 0, 0, 0, 0, 0, 0, 0, 0, 0], [27, 0, 0, 0, 0, 0, 0, 0, 0, 0, 0, 0, 0, 0, 0, 0, 0]]
gen=[[25, 19, 14, 28, 24, 17, 8, 1, 12, 5, 10, 3, 6, 2, 0, 0, 0], [25, 15, 2, 0, 0, 0, 0, 0, 0, 0, 0, 0, 0, 0, 0, 0, 0], [2, 0, 0, 0, 0, 0, 0, 0, 0, 0, 0, 0, 0, 0, 0, 0, 0], [26, 19, 28, 6, 5, 0, 0, 0, 0, 0, 0, 0, 0, 0, 0, 0, 0], [21, 0, 0, 0, 0, 0, 0, 0, 0, 0, 0, 0, 0, 0, 0, 0, 0], [2, 10, 0, 0, 0, 0, 0, 0, 0, 0, 0, 0, 0, 0, 0, 0, 0], [22, 25, 13, 18, 19, 24, 8, 7, 6, 26, 3, 27, 10, 1, 11, 28, 0], [15, 4, 1, 0, 0, 0, 0, 0, 0, 0, 0, 0, 0, 0, 0, 0, 0], [23, 7, 5, 0, 0, 0, 0, 0, 0, 0, 0, 0, 0, 0, 0, 0, 0], [27, 0, 0, 0, 0, 0, 0, 0, 0, 0, 0, 0, 0, 0, 0, 0, 0]]
valid routes=1.0
norm-reward=0.8898434337309822
[ 5 iterations]
real=[[28, 24, 23, 21, 15, 13, 5, 2, 12, 1, 0, 0, 0, 0, 0, 0, 0], [28, 27, 26, 24, 21, 18, 17, 14, 13, 1, 3, 4, 5, 8, 6, 0, 0], [28, 27, 26, 25, 22, 21, 17, 14, 11, 8, 7, 4, 1, 5, 6, 3, 0], [28, 27, 23, 20, 19, 17, 14, 13, 12, 11, 7, 4, 6, 8, 2, 1, 0], [28, 27, 24, 23, 20, 19, 18, 17, 15, 13, 4, 10, 7, 11, 12, 8, 0], [28, 22, 16, 10, 1, 6, 5, 2, 12, 0, 0, 0, 0, 0, 0, 0, 0], [28, 27, 25, 24, 20, 17, 16, 15, 13, 11, 4, 10, 5, 2, 9, 8, 0], [19, 22, 9, 0, 0, 0, 0, 0, 0, 0, 0, 0, 0, 0, 0, 0, 0], [10, 26, 22, 23, 16, 13, 0, 0, 0, 0, 0, 0, 0, 0, 0, 0, 0], [28, 27, 25, 24, 23, 21, 19, 18, 17, 15, 7, 10, 1, 11, 9, 3, 0]]
gen=[[23, 21, 15, 13, 28, 12, 5, 24, 1, 2, 0, 0, 0, 0, 0, 0, 0], [21, 13, 14, 28, 27, 18, 26, 17, 4, 5, 24, 6, 3, 8, 1, 0, 0], [22, 25, 21, 14, 27, 8, 26, 17, 4, 28, 3, 5, 7, 11, 1, 6, 0], [23, 20, 13, 19, 27, 4, 14, 17, 7, 6, 12, 8, 1, 2, 28, 11, 0], [23, 15, 19, 17, 27, 20, 28, 12, 7, 4, 24, 18, 10, 11, 8, 13, 0], [22, 16, 12, 28, 6, 2, 10, 1, 5, 0, 0, 0, 0, 0, 0, 0, 0], [16, 25, 15, 20, 13, 27, 8, 17, 4, 10, 24, 28, 5, 11, 2, 9, 0], [22, 19, 9, 0, 0, 0, 0, 0, 0, 0, 0, 0, 0, 0, 0, 0, 0], [22, 16, 23, 13, 26, 10, 0, 0, 0, 0, 0, 0, 0, 0, 0, 0, 0], [25, 21, 15, 23, 24, 18, 27, 3, 28, 7, 17, 9, 19, 1, 11, 10, 0]]
valid routes=1.0
norm-reward=0.8956326803068576
[ 6 iterations]
real=[[28, 26, 25, 24, 23, 21, 20, 18, 16, 15, 7, 4, 6, 2, 14, 8, 0], [11, 15, 6, 23, 12, 19, 0, 0, 0, 0, 0, 0, 0, 0, 0, 0, 0], [10, 26, 28, 0, 0, 0, 0, 0, 0, 0, 0, 0, 0, 0, 0, 0, 0], [27, 25, 24, 22, 20, 19, 18, 15, 14, 12, 10, 4, 7, 1, 9, 13, 0], [28, 27, 26, 24, 22, 20, 18, 16, 15, 13, 8, 9, 7, 2, 14, 3, 0], [16, 18, 5, 1, 14, 2, 0, 0, 0, 0, 0, 0, 0, 0, 0, 0, 0], [27, 25, 24, 23, 22, 17, 16, 12, 14, 9, 15, 10, 5, 0, 0, 0, 0], [4, 11, 5, 0, 0, 0, 0, 0, 0, 0, 0, 0, 0, 0, 0, 0, 0], [28, 25, 24, 23, 22, 21, 20, 17, 16, 13, 10, 4, 6, 5, 14, 2, 0], [28, 6, 27, 4, 14, 7, 13, 0, 0, 0, 0, 0, 0, 0, 0, 0, 0]]
gen=[[16, 25, 21, 15, 20, 26, 7, 6, 18, 4, 23, 24, 8, 14, 2, 28, 0], [23, 15, 19, 12, 6, 11, 0, 0, 0, 0, 0, 0, 0, 0, 0, 0, 0], [26, 28, 10, 0, 0, 0, 0, 0, 0, 0, 0, 0, 0, 0, 0, 0, 0], [22, 25, 15, 19, 27, 20, 14, 7, 24, 12, 4, 13, 10, 18, 9, 1, 0], [22, 16, 15, 18, 20, 27, 3, 26, 7, 14, 24, 13, 28, 9, 2, 8, 0], [16, 18, 14, 2, 5, 1, 0, 0, 0, 0, 0, 0, 0, 0, 0, 0, 0], [22, 16, 25, 15, 23, 27, 14, 9, 12, 24, 5, 17, 10, 0, 0, 0, 0], [5, 4, 11, 0, 0, 0, 0, 0, 0, 0, 0, 0, 0, 0, 0, 0, 0], [22, 16, 25, 21, 23, 14, 20, 28, 4, 24, 10, 5, 17, 2, 13, 6, 0], [13, 4, 27, 14, 7, 28, 6, 0, 0, 0, 0, 0, 0, 0, 0, 0, 0]]
valid routes=1.0
norm-reward=0.8886500450282271
[ 7 iterations]
real=[[28, 27, 26, 23, 22, 19, 18, 17, 16, 8, 7, 4, 1, 5, 14, 3, 0], [28, 27, 26, 25, 24, 23, 20, 16, 14, 12, 13, 10, 3, 11, 2, 4, 0], [10, 0, 0, 0, 0, 0, 0, 0, 0, 0, 0, 0, 0, 0, 0, 0, 0], [26, 25, 24, 21, 20, 19, 18, 14, 7, 11, 15, 6, 5, 3, 0, 0, 0], [28, 25, 22, 21, 19, 18, 17, 13, 12, 9, 7, 11, 1, 8, 2, 3, 0], [28, 26, 25, 20, 19, 17, 16, 14, 13, 11, 7, 10, 5, 3, 2, 0, 0], [10, 28, 14, 3, 22, 7, 0, 0, 0, 0, 0, 0, 0, 0, 0, 0, 0], [26, 21, 18, 17, 16, 15, 14, 13, 12, 11, 7, 6, 1, 5, 10, 8, 0], [27, 25, 23, 22, 21, 17, 16, 13, 12, 9, 7, 10, 6, 5, 2, 3, 0], [28, 24, 21, 10, 16, 19, 2, 18, 11, 0, 0, 0, 0, 0, 0, 0, 0]]
gen=[[22, 16, 23, 18, 14, 27, 26, 8, 28, 4, 7, 17, 1, 5, 3, 19, 0], [16, 25, 23, 27, 14, 26, 20, 13, 4, 28, 3, 24, 12, 11, 10, 2, 0], [10, 0, 0, 0, 0, 0, 0, 0, 0, 0, 0, 0, 0, 0, 0, 0, 0], [25, 21, 15, 18, 19, 26, 20, 14, 7, 3, 11, 24, 6, 5, 0, 0, 0], [22, 25, 21, 28, 13, 19, 8, 7, 12, 17, 18, 9, 3, 11, 2, 1, 0], [16, 25, 20, 13, 19, 14, 26, 28, 2, 7, 3, 17, 10, 5, 11, 0, 0], [22, 3, 14, 28, 7, 10, 0, 0, 0, 0, 0, 0, 0, 0, 0, 0, 0], [16, 21, 15, 13, 18, 26, 14, 17, 8, 7, 12, 10, 11, 5, 1, 6, 0], [22, 16, 25, 21, 23, 27, 13, 7, 12, 3, 5, 2, 9, 10, 17, 6, 0], [16, 21, 24, 19, 18, 28, 2, 11, 10, 0, 0, 0, 0, 0, 0, 0, 0]]
valid routes=1.0
norm-reward=0.8830010317725743
[ 8 iterations]
real=[[27, 26, 25, 23, 21, 20, 16, 10, 7, 9, 3, 6, 1, 5, 2, 0, 0], [28, 27, 26, 25, 21, 19, 18, 16, 13, 1, 7, 10, 6, 5, 2, 0, 0], [28, 27, 26, 23, 20, 19, 17, 16, 12, 9, 4, 10, 1, 8, 2, 3, 0], [24, 23, 17, 12, 13, 7, 10, 11, 8, 1, 0, 0, 0, 0, 0, 0, 0], [28, 27, 26, 22, 21, 20, 19, 17, 13, 9, 4, 18, 1, 0, 0, 0, 0], [28, 25, 22, 21, 20, 19, 16, 15, 12, 9, 7, 4, 6, 11, 2, 1, 0], [26, 25, 23, 22, 21, 7, 19, 17, 8, 1, 18, 0, 0, 0, 0, 0, 0], [27, 24, 23, 20, 16, 14, 12, 10, 8, 9, 7, 4, 6, 3, 2, 0, 0], [28, 24, 20, 4, 14, 6, 5, 12, 7, 0, 0, 0, 0, 0, 0, 0, 0], [25, 8, 21, 28, 22, 7, 0, 0, 0, 0, 0, 0, 0, 0, 0, 0, 0]]
gen=[[16, 25, 21, 23, 20, 27, 26, 7, 5, 3, 9, 2, 10, 6, 1, 0, 0], [16, 25, 21, 13, 18, 27, 7, 26, 28, 6, 10, 5, 2, 19, 1, 0, 0], [16, 23, 20, 19, 12, 27, 26, 8, 4, 28, 3, 10, 2, 9, 17, 1, 0], [23, 8, 24, 13, 12, 7, 17, 10, 11, 1, 0, 0, 0, 0, 0, 0, 0], [22, 21, 20, 27, 18, 19, 28, 26, 4, 9, 17, 13, 1, 0, 0, 0, 0], [22, 16, 25, 21, 15, 20, 4, 7, 6, 28, 12, 9, 2, 19, 11, 1, 0], [22, 25, 21, 23, 8, 26, 7, 17, 19, 18, 1, 0, 0, 0, 0, 0, 0], [16, 23, 20, 27, 4, 8, 14, 7, 12, 9, 3, 24, 2, 10, 6, 0, 0], [24, 20, 12, 7, 14, 28, 4, 6, 5, 0, 0, 0, 0, 0, 0, 0, 0], [22, 25, 21, 8, 28, 7, 0, 0, 0, 0, 0, 0, 0, 0, 0, 0, 0]]
valid routes=1.0
norm-reward=0.8805032310064463
[ 9 iterations]
real=[[8, 0, 0, 0, 0, 0, 0, 0, 0, 0, 0, 0, 0, 0, 0, 0, 0], [25, 24, 23, 21, 20, 18, 14, 17, 3, 9, 10, 6, 1, 0, 0, 0, 0], [26, 24, 20, 7, 14, 9, 25, 18, 0, 0, 0, 0, 0, 0, 0, 0, 0], [9, 6, 8, 25, 16, 0, 0, 0, 0, 0, 0, 0, 0, 0, 0, 0, 0], [27, 25, 24, 23, 18, 17, 5, 3, 8, 1, 11, 9, 0, 0, 0, 0, 0], [26, 24, 22, 21, 19, 17, 16, 14, 12, 3, 7, 10, 5, 8, 9, 0, 0], [26, 24, 23, 22, 18, 17, 14, 12, 11, 8, 7, 4, 1, 5, 6, 3, 0], [19, 6, 14, 11, 22, 8, 0, 0, 0, 0, 0, 0, 0, 0, 0, 0, 0], [28, 26, 23, 21, 20, 19, 18, 13, 12, 8, 7, 4, 6, 5, 10, 3, 0], [28, 26, 24, 18, 14, 13, 11, 12, 3, 1, 7, 9, 5, 0, 0, 0, 0]]
gen=[[8, 0, 0, 0, 0, 0, 0, 0, 0, 0, 0, 0, 0, 0, 0, 0, 0], [25, 23, 21, 20, 14, 3, 18, 9, 1, 24, 10, 17, 6, 0, 0, 0, 0], [25, 24, 18, 20, 14, 26, 7, 9, 0, 0, 0, 0, 0, 0, 0, 0, 0], [16, 25, 8, 9, 6, 0, 0, 0, 0, 0, 0, 0, 0, 0, 0, 0, 0], [25, 23, 24, 27, 18, 8, 9, 11, 17, 5, 1, 3, 0, 0, 0, 0, 0], [22, 16, 21, 19, 14, 26, 7, 8, 12, 9, 10, 24, 5, 17, 3, 0, 0], [22, 23, 8, 14, 7, 26, 4, 12, 17, 3, 24, 11, 5, 1, 6, 18, 0], [22, 19, 8, 14, 6, 11, 0, 0, 0, 0, 0, 0, 0, 0, 0, 0, 0], [23, 21, 13, 20, 28, 26, 8, 7, 12, 4, 10, 6, 5, 18, 19, 3, 0], [26, 24, 18, 12, 14, 7, 28, 9, 13, 1, 5, 11, 3, 0, 0, 0, 0]]
valid routes=1.0
norm-reward=0.8911246444347585
[ 10 iterations]
real=[[27, 26, 25, 24, 23, 22, 21, 20, 16, 12, 11, 9, 1, 5, 14, 2, 0], [27, 26, 24, 20, 16, 14, 5, 3, 7, 12, 10, 6, 0, 0, 0, 0, 0], [24, 23, 14, 10, 16, 9, 1, 2, 11, 0, 0, 0, 0, 0, 0, 0, 0], [26, 22, 17, 25, 12, 4, 10, 3, 0, 0, 0, 0, 0, 0, 0, 0, 0], [28, 26, 25, 24, 23, 20, 16, 13, 11, 4, 7, 6, 1, 5, 9, 0, 0], [17, 24, 5, 7, 6, 9, 16, 0, 0, 0, 0, 0, 0, 0, 0, 0, 0], [28, 22, 3, 0, 0, 0, 0, 0, 0, 0, 0, 0, 0, 0, 0, 0, 0], [22, 19, 20, 4, 10, 6, 1, 5, 0, 0, 0, 0, 0, 0, 0, 0, 0], [28, 27, 26, 23, 22, 20, 18, 16, 14, 11, 7, 10, 6, 5, 2, 8, 0], [28, 27, 24, 19, 12, 13, 5, 17, 4, 1, 0, 0, 0, 0, 0, 0, 0]]
gen=[[22, 16, 25, 21, 23, 27, 26, 20, 12, 14, 9, 24, 2, 5, 1, 11, 0], [16, 20, 24, 12, 3, 27, 26, 7, 14, 10, 5, 6, 0, 0, 0, 0, 0], [16, 23, 24, 14, 1, 9, 11, 2, 10, 0, 0, 0, 0, 0, 0, 0, 0], [22, 25, 12, 26, 3, 4, 17, 10, 0, 0, 0, 0, 0, 0, 0, 0, 0], [16, 25, 23, 20, 13, 26, 24, 7, 4, 28, 9, 5, 6, 1, 11, 0, 0], [16, 24, 9, 7, 17, 5, 6, 0, 0, 0, 0, 0, 0, 0, 0, 0, 0], [22, 3, 28, 0, 0, 0, 0, 0, 0, 0, 0, 0, 0, 0, 0, 0, 0], [22, 20, 19, 5, 4, 6, 1, 10, 0, 0, 0, 0, 0, 0, 0, 0, 0], [22, 16, 23, 27, 7, 20, 26, 28, 8, 2, 5, 14, 10, 18, 6, 11, 0], [13, 24, 28, 27, 19, 4, 17, 5, 1, 12, 0, 0, 0, 0, 0, 0, 0]]
valid routes=1.0
norm-reward=0.8866733793794447
[ 11 iterations]
real=[[27, 23, 22, 21, 19, 18, 17, 16, 14, 12, 15, 4, 6, 3, 9, 0, 0], [2, 21, 1, 0, 0, 0, 0, 0, 0, 0, 0, 0, 0, 0, 0, 0, 0], [1, 24, 0, 0, 0, 0, 0, 0, 0, 0, 0, 0, 0, 0, 0, 0, 0], [28, 27, 24, 22, 21, 19, 18, 16, 14, 12, 10, 6, 1, 11, 9, 8, 0], [28, 27, 26, 25, 20, 19, 18, 17, 15, 12, 8, 4, 7, 3, 14, 1, 0], [28, 27, 25, 23, 21, 20, 18, 17, 14, 12, 7, 10, 6, 5, 4, 13, 0], [11, 24, 27, 21, 12, 3, 0, 0, 0, 0, 0, 0, 0, 0, 0, 0, 0], [28, 27, 25, 24, 21, 20, 15, 13, 10, 9, 7, 6, 1, 5, 2, 8, 0], [28, 26, 24, 23, 22, 16, 1, 18, 8, 20, 0, 0, 0, 0, 0, 0, 0], [28, 26, 25, 23, 20, 19, 18, 16, 15, 13, 12, 4, 6, 11, 14, 3, 0]]
gen=[[22, 16, 23, 21, 15, 27, 3, 4, 14, 19, 9, 18, 12, 17, 6, 0, 0], [21, 2, 1, 0, 0, 0, 0, 0, 0, 0, 0, 0, 0, 0, 0, 0, 0], [24, 1, 0, 0, 0, 0, 0, 0, 0, 0, 0, 0, 0, 0, 0, 0, 0], [22, 16, 21, 12, 27, 8, 28, 19, 14, 18, 9, 10, 24, 6, 1, 11, 0], [25, 15, 20, 12, 26, 27, 8, 7, 28, 14, 4, 17, 19, 1, 18, 3, 0], [25, 23, 21, 12, 27, 20, 4, 7, 14, 17, 28, 13, 10, 5, 18, 6, 0], [21, 27, 24, 3, 12, 11, 0, 0, 0, 0, 0, 0, 0, 0, 0, 0, 0], [25, 21, 15, 13, 27, 7, 20, 28, 8, 9, 5, 10, 24, 1, 2, 6, 0], [22, 16, 23, 20, 8, 18, 26, 28, 24, 1, 0, 0, 0, 0, 0, 0, 0], [16, 25, 23, 15, 20, 14, 12, 26, 19, 4, 13, 28, 3, 11, 6, 18, 0]]
valid routes=1.0
norm-reward=0.8817637682214038
[ 12 iterations]
real=[[25, 15, 14, 3, 16, 8, 0, 0, 0, 0, 0, 0, 0, 0, 0, 0, 0], [28, 27, 26, 25, 24, 23, 16, 15, 12, 9, 4, 10, 7, 3, 2, 1, 0], [28, 27, 26, 25, 24, 20, 19, 18, 17, 14, 7, 10, 1, 5, 9, 8, 0], [22, 18, 20, 4, 12, 7, 15, 17, 0, 0, 0, 0, 0, 0, 0, 0, 0], [26, 15, 18, 23, 13, 7, 16, 0, 0, 0, 0, 0, 0, 0, 0, 0, 0], [14, 24, 18, 11, 0, 0, 0, 0, 0, 0, 0, 0, 0, 0, 0, 0, 0], [27, 26, 24, 22, 20, 18, 16, 15, 14, 11, 13, 10, 1, 5, 2, 8, 0], [28, 27, 6, 11, 15, 13, 10, 17, 0, 0, 0, 0, 0, 0, 0, 0, 0], [17, 7, 27, 3, 22, 0, 0, 0, 0, 0, 0, 0, 0, 0, 0, 0, 0], [17, 2, 5, 28, 14, 0, 0, 0, 0, 0, 0, 0, 0, 0, 0, 0, 0]]
gen=[[16, 25, 15, 8, 3, 14, 0, 0, 0, 0, 0, 0, 0, 0, 0, 0, 0], [16, 25, 23, 15, 12, 26, 4, 7, 27, 28, 9, 10, 24, 1, 2, 3, 0], [25, 20, 8, 27, 19, 26, 28, 7, 17, 9, 10, 14, 24, 1, 5, 18, 0], [22, 15, 20, 7, 4, 17, 12, 18, 0, 0, 0, 0, 0, 0, 0, 0, 0], [16, 23, 15, 13, 26, 7, 18, 0, 0, 0, 0, 0, 0, 0, 0, 0, 0], [11, 24, 14, 18, 0, 0, 0, 0, 0, 0, 0, 0, 0, 0, 0, 0, 0], [22, 16, 15, 26, 27, 20, 14, 8, 10, 11, 2, 5, 24, 13, 18, 1, 0], [15, 13, 10, 27, 28, 17, 11, 6, 0, 0, 0, 0, 0, 0, 0, 0, 0], [22, 7, 27, 3, 17, 0, 0, 0, 0, 0, 0, 0, 0, 0, 0, 0, 0], [2, 28, 14, 17, 5, 0, 0, 0, 0, 0, 0, 0, 0, 0, 0, 0, 0]]
valid routes=1.0
norm-reward=0.8788388477562814
[ 13 iterations]
real=[[28, 27, 25, 24, 22, 19, 17, 14, 12, 9, 10, 6, 5, 8, 2, 3, 0], [8, 0, 0, 0, 0, 0, 0, 0, 0, 0, 0, 0, 0, 0, 0, 0, 0], [2, 11, 5, 3, 0, 0, 0, 0, 0, 0, 0, 0, 0, 0, 0, 0, 0], [28, 27, 26, 23, 22, 21, 20, 15, 14, 11, 4, 10, 6, 5, 2, 3, 0], [26, 24, 21, 20, 14, 19, 3, 17, 8, 16, 0, 0, 0, 0, 0, 0, 0], [24, 20, 17, 4, 12, 9, 5, 2, 11, 0, 0, 0, 0, 0, 0, 0, 0], [28, 27, 26, 25, 23, 21, 20, 16, 15, 13, 12, 4, 1, 9, 14, 3, 0], [16, 24, 5, 4, 12, 9, 11, 0, 0, 0, 0, 0, 0, 0, 0, 0, 0], [28, 27, 26, 24, 23, 16, 14, 12, 8, 1, 7, 4, 5, 3, 6, 0, 0], [27, 25, 24, 23, 22, 20, 17, 16, 13, 12, 7, 10, 6, 3, 9, 4, 0]]
gen=[[22, 25, 19, 3, 27, 8, 24, 28, 9, 12, 10, 14, 5, 6, 17, 2, 0], [8, 0, 0, 0, 0, 0, 0, 0, 0, 0, 0, 0, 0, 0, 0, 0, 0], [3, 2, 11, 5, 0, 0, 0, 0, 0, 0, 0, 0, 0, 0, 0, 0, 0], [22, 23, 21, 15, 27, 26, 14, 4, 10, 20, 5, 6, 28, 11, 3, 2, 0], [16, 21, 20, 8, 3, 24, 26, 14, 19, 17, 0, 0, 0, 0, 0, 0, 0], [24, 20, 4, 12, 17, 9, 5, 2, 11, 0, 0, 0, 0, 0, 0, 0, 0], [16, 25, 23, 21, 15, 13, 26, 4, 27, 9, 20, 12, 1, 14, 28, 3, 0], [16, 24, 4, 12, 9, 5, 11, 0, 0, 0, 0, 0, 0, 0, 0, 0, 0], [16, 23, 8, 12, 4, 3, 26, 14, 27, 7, 1, 5, 24, 28, 6, 0, 0], [22, 16, 25, 23, 3, 27, 7, 4, 9, 13, 12, 10, 20, 24, 17, 6, 0]]
valid routes=1.0
norm-reward=0.8750576983110615
[ 14 iterations]
real=[[28, 25, 24, 19, 17, 14, 12, 8, 6, 1, 2, 10, 5, 3, 0, 0, 0], [25, 2, 15, 0, 0, 0, 0, 0, 0, 0, 0, 0, 0, 0, 0, 0, 0], [2, 0, 0, 0, 0, 0, 0, 0, 0, 0, 0, 0, 0, 0, 0, 0, 0], [19, 26, 5, 28, 6, 0, 0, 0, 0, 0, 0, 0, 0, 0, 0, 0, 0], [21, 0, 0, 0, 0, 0, 0, 0, 0, 0, 0, 0, 0, 0, 0, 0, 0], [10, 2, 0, 0, 0, 0, 0, 0, 0, 0, 0, 0, 0, 0, 0, 0, 0], [28, 27, 26, 25, 24, 22, 19, 18, 13, 11, 7, 6, 1, 8, 10, 3, 0], [1, 15, 4, 0, 0, 0, 0, 0, 0, 0, 0, 0, 0, 0, 0, 0, 0], [23, 7, 5, 0, 0, 0, 0, 0, 0, 0, 0, 0, 0, 0, 0, 0, 0], [27, 0, 0, 0, 0, 0, 0, 0, 0, 0, 0, 0, 0, 0, 0, 0, 0]]
gen=[[25, 8, 19, 12, 14, 28, 3, 5, 10, 2, 17, 24, 1, 6, 0, 0, 0], [25, 15, 2, 0, 0, 0, 0, 0, 0, 0, 0, 0, 0, 0, 0, 0, 0], [2, 0, 0, 0, 0, 0, 0, 0, 0, 0, 0, 0, 0, 0, 0, 0, 0], [26, 28, 19, 5, 6, 0, 0, 0, 0, 0, 0, 0, 0, 0, 0, 0, 0], [21, 0, 0, 0, 0, 0, 0, 0, 0, 0, 0, 0, 0, 0, 0, 0, 0], [10, 2, 0, 0, 0, 0, 0, 0, 0, 0, 0, 0, 0, 0, 0, 0, 0], [22, 25, 8, 27, 7, 26, 3, 28, 10, 11, 24, 13, 19, 6, 1, 18, 0], [15, 4, 1, 0, 0, 0, 0, 0, 0, 0, 0, 0, 0, 0, 0, 0, 0], [23, 7, 5, 0, 0, 0, 0, 0, 0, 0, 0, 0, 0, 0, 0, 0, 0], [27, 0, 0, 0, 0, 0, 0, 0, 0, 0, 0, 0, 0, 0, 0, 0, 0]]
valid routes=1.0
norm-reward=0.8702642743370332
[ 15 iterations]
real=[[28, 24, 23, 21, 15, 13, 5, 2, 12, 1, 0, 0, 0, 0, 0, 0, 0], [28, 27, 26, 24, 21, 18, 17, 14, 13, 1, 3, 4, 5, 8, 6, 0, 0], [28, 27, 26, 25, 22, 21, 17, 14, 11, 8, 7, 4, 1, 5, 6, 3, 0], [28, 27, 23, 20, 19, 17, 14, 13, 12, 11, 7, 4, 6, 8, 2, 1, 0], [28, 27, 24, 23, 20, 19, 18, 17, 15, 13, 4, 10, 7, 11, 12, 8, 0], [28, 22, 16, 10, 1, 6, 5, 2, 12, 0, 0, 0, 0, 0, 0, 0, 0], [28, 27, 25, 24, 20, 17, 16, 15, 13, 11, 4, 10, 5, 2, 9, 8, 0], [19, 22, 9, 0, 0, 0, 0, 0, 0, 0, 0, 0, 0, 0, 0, 0, 0], [10, 26, 22, 23, 16, 13, 0, 0, 0, 0, 0, 0, 0, 0, 0, 0, 0], [28, 27, 25, 24, 23, 21, 19, 18, 17, 15, 7, 10, 1, 11, 9, 3, 0]]
gen=[[23, 15, 21, 12, 1, 13, 2, 5, 28, 24, 0, 0, 0, 0, 0, 0, 0], [21, 8, 14, 3, 27, 26, 4, 28, 24, 6, 5, 18, 13, 17, 1, 0, 0], [22, 25, 21, 3, 7, 26, 27, 8, 4, 5, 28, 6, 14, 17, 1, 11, 0], [23, 8, 20, 13, 4, 7, 27, 11, 17, 28, 14, 2, 12, 1, 6, 19, 0], [23, 15, 12, 8, 7, 27, 28, 4, 18, 10, 11, 24, 19, 20, 13, 17, 0], [22, 16, 12, 1, 28, 5, 10, 2, 6, 0, 0, 0, 0, 0, 0, 0, 0], [16, 25, 15, 8, 17, 13, 20, 4, 10, 2, 9, 27, 24, 28, 5, 11, 0], [22, 19, 9, 0, 0, 0, 0, 0, 0, 0, 0, 0, 0, 0, 0, 0, 0], [22, 16, 23, 26, 13, 10, 0, 0, 0, 0, 0, 0, 0, 0, 0, 0, 0], [25, 21, 23, 15, 7, 27, 3, 9, 10, 24, 11, 1, 17, 18, 19, 28, 0]]
valid routes=1.0
norm-reward=0.8726283456277791
[ 16 iterations]
real=[[28, 26, 25, 24, 23, 21, 20, 18, 16, 15, 7, 4, 6, 2, 14, 8, 0], [11, 15, 6, 23, 12, 19, 0, 0, 0, 0, 0, 0, 0, 0, 0, 0, 0], [10, 26, 28, 0, 0, 0, 0, 0, 0, 0, 0, 0, 0, 0, 0, 0, 0], [27, 25, 24, 22, 20, 19, 18, 15, 14, 12, 10, 4, 7, 1, 9, 13, 0], [28, 27, 26, 24, 22, 20, 18, 16, 15, 13, 8, 9, 7, 2, 14, 3, 0], [16, 18, 5, 1, 14, 2, 0, 0, 0, 0, 0, 0, 0, 0, 0, 0, 0], [27, 25, 24, 23, 22, 17, 16, 12, 14, 9, 15, 10, 5, 0, 0, 0, 0], [4, 11, 5, 0, 0, 0, 0, 0, 0, 0, 0, 0, 0, 0, 0, 0, 0], [28, 25, 24, 23, 22, 21, 20, 17, 16, 13, 10, 4, 6, 5, 14, 2, 0], [28, 6, 27, 4, 14, 7, 13, 0, 0, 0, 0, 0, 0, 0, 0, 0, 0]]
gen=[[16, 25, 23, 15, 21, 8, 7, 4, 26, 24, 2, 28, 20, 18, 6, 14, 0], [23, 15, 12, 19, 6, 11, 0, 0, 0, 0, 0, 0, 0, 0, 0, 0, 0], [26, 28, 10, 0, 0, 0, 0, 0, 0, 0, 0, 0, 0, 0, 0, 0, 0], [22, 25, 15, 27, 7, 24, 4, 12, 10, 9, 1, 14, 19, 20, 13, 18, 0], [22, 16, 15, 8, 7, 3, 26, 27, 9, 28, 2, 13, 24, 20, 14, 18, 0], [16, 1, 14, 2, 5, 18, 0, 0, 0, 0, 0, 0, 0, 0, 0, 0, 0], [22, 16, 25, 15, 23, 27, 10, 14, 9, 5, 24, 17, 12, 0, 0, 0, 0], [4, 11, 5, 0, 0, 0, 0, 0, 0, 0, 0, 0, 0, 0, 0, 0, 0], [22, 16, 25, 21, 23, 4, 24, 2, 10, 14, 13, 17, 6, 20, 5, 28, 0], [14, 7, 27, 4, 6, 13, 28, 0, 0, 0, 0, 0, 0, 0, 0, 0, 0]]
valid routes=1.0
norm-reward=0.8696928633165594
[ 17 iterations]
real=[[28, 27, 26, 23, 22, 19, 18, 17, 16, 8, 7, 4, 1, 5, 14, 3, 0], [28, 27, 26, 25, 24, 23, 20, 16, 14, 12, 13, 10, 3, 11, 2, 4, 0], [10, 0, 0, 0, 0, 0, 0, 0, 0, 0, 0, 0, 0, 0, 0, 0, 0], [26, 25, 24, 21, 20, 19, 18, 14, 7, 11, 15, 6, 5, 3, 0, 0, 0], [28, 25, 22, 21, 19, 18, 17, 13, 12, 9, 7, 11, 1, 8, 2, 3, 0], [28, 26, 25, 20, 19, 17, 16, 14, 13, 11, 7, 10, 5, 3, 2, 0, 0], [10, 28, 14, 3, 22, 7, 0, 0, 0, 0, 0, 0, 0, 0, 0, 0, 0], [26, 21, 18, 17, 16, 15, 14, 13, 12, 11, 7, 6, 1, 5, 10, 8, 0], [27, 25, 23, 22, 21, 17, 16, 13, 12, 9, 7, 10, 6, 5, 2, 3, 0], [28, 24, 21, 10, 16, 19, 2, 18, 11, 0, 0, 0, 0, 0, 0, 0, 0]]
gen=[[22, 16, 23, 3, 7, 8, 27, 26, 4, 14, 28, 18, 1, 19, 5, 17, 0], [16, 25, 23, 12, 3, 20, 4, 26, 10, 14, 24, 2, 13, 27, 28, 11, 0], [10, 0, 0, 0, 0, 0, 0, 0, 0, 0, 0, 0, 0, 0, 0, 0, 0], [25, 21, 15, 20, 7, 26, 14, 3, 11, 5, 6, 19, 24, 18, 0, 0, 0], [22, 25, 21, 7, 18, 3, 8, 28, 13, 1, 2, 17, 9, 12, 19, 11, 0], [16, 25, 20, 3, 2, 13, 7, 26, 14, 10, 17, 28, 5, 11, 19, 0, 0], [22, 7, 14, 3, 28, 10, 0, 0, 0, 0, 0, 0, 0, 0, 0, 0, 0], [16, 21, 15, 8, 12, 17, 26, 7, 14, 10, 6, 1, 13, 5, 18, 11, 0], [22, 16, 25, 21, 7, 23, 27, 3, 9, 13, 6, 10, 12, 2, 5, 17, 0], [16, 21, 24, 28, 10, 19, 2, 11, 18, 0, 0, 0, 0, 0, 0, 0, 0]]
valid routes=1.0
norm-reward=0.8672930433596927
[ 18 iterations]
real=[[27, 26, 25, 23, 21, 20, 16, 10, 7, 9, 3, 6, 1, 5, 2, 0, 0], [28, 27, 26, 25, 21, 19, 18, 16, 13, 1, 7, 10, 6, 5, 2, 0, 0], [28, 27, 26, 23, 20, 19, 17, 16, 12, 9, 4, 10, 1, 8, 2, 3, 0], [24, 23, 17, 12, 13, 7, 10, 11, 8, 1, 0, 0, 0, 0, 0, 0, 0], [28, 27, 26, 22, 21, 20, 19, 17, 13, 9, 4, 18, 1, 0, 0, 0, 0], [28, 25, 22, 21, 20, 19, 16, 15, 12, 9, 7, 4, 6, 11, 2, 1, 0], [26, 25, 23, 22, 21, 7, 19, 17, 8, 1, 18, 0, 0, 0, 0, 0, 0], [27, 24, 23, 20, 16, 14, 12, 10, 8, 9, 7, 4, 6, 3, 2, 0, 0], [28, 24, 20, 4, 14, 6, 5, 12, 7, 0, 0, 0, 0, 0, 0, 0, 0], [25, 8, 21, 28, 22, 7, 0, 0, 0, 0, 0, 0, 0, 0, 0, 0, 0]]
gen=[[16, 25, 23, 21, 3, 7, 26, 1, 10, 2, 9, 27, 6, 5, 20, 0, 0], [16, 25, 21, 19, 2, 7, 26, 10, 1, 6, 27, 5, 28, 13, 18, 0, 0], [16, 23, 8, 12, 3, 27, 10, 1, 2, 4, 26, 9, 20, 17, 19, 28, 0], [23, 8, 12, 7, 1, 11, 24, 10, 17, 13, 0, 0, 0, 0, 0, 0, 0], [22, 21, 26, 27, 19, 4, 1, 9, 18, 28, 20, 13, 17, 0, 0, 0, 0], [22, 16, 25, 21, 15, 7, 4, 20, 28, 9, 6, 1, 2, 12, 19, 11, 0], [22, 23, 21, 8, 7, 26, 25, 1, 17, 18, 19, 0, 0, 0, 0, 0, 0], [16, 23, 8, 3, 12, 7, 10, 4, 14, 27, 6, 2, 24, 9, 20, 0, 0], [6, 12, 20, 7, 4, 14, 28, 5, 24, 0, 0, 0, 0, 0, 0, 0, 0], [22, 25, 21, 8, 7, 28, 0, 0, 0, 0, 0, 0, 0, 0, 0, 0, 0]]
valid routes=1.0
norm-reward=0.8526565605138074
[ 19 iterations]
real=[[8, 0, 0, 0, 0, 0, 0, 0, 0, 0, 0, 0, 0, 0, 0, 0, 0], [25, 24, 23, 21, 20, 18, 14, 17, 3, 9, 10, 6, 1, 0, 0, 0, 0], [26, 24, 20, 7, 14, 9, 25, 18, 0, 0, 0, 0, 0, 0, 0, 0, 0], [9, 6, 8, 25, 16, 0, 0, 0, 0, 0, 0, 0, 0, 0, 0, 0, 0], [27, 25, 24, 23, 18, 17, 5, 3, 8, 1, 11, 9, 0, 0, 0, 0, 0], [26, 24, 22, 21, 19, 17, 16, 14, 12, 3, 7, 10, 5, 8, 9, 0, 0], [26, 24, 23, 22, 18, 17, 14, 12, 11, 8, 7, 4, 1, 5, 6, 3, 0], [19, 6, 14, 11, 22, 8, 0, 0, 0, 0, 0, 0, 0, 0, 0, 0, 0], [28, 26, 23, 21, 20, 19, 18, 13, 12, 8, 7, 4, 6, 5, 10, 3, 0], [28, 26, 24, 18, 14, 13, 11, 12, 3, 1, 7, 9, 5, 0, 0, 0, 0]]
gen=[[8, 0, 0, 0, 0, 0, 0, 0, 0, 0, 0, 0, 0, 0, 0, 0, 0], [25, 23, 3, 21, 1, 6, 10, 14, 9, 24, 17, 20, 18, 0, 0, 0, 0], [25, 9, 26, 7, 14, 24, 20, 18, 0, 0, 0, 0, 0, 0, 0, 0, 0], [16, 25, 8, 6, 9, 0, 0, 0, 0, 0, 0, 0, 0, 0, 0, 0, 0], [23, 25, 8, 3, 18, 1, 11, 5, 27, 24, 9, 17, 0, 0, 0, 0, 0], [22, 16, 8, 3, 7, 26, 12, 14, 10, 19, 24, 5, 21, 17, 9, 0, 0], [22, 23, 8, 3, 7, 4, 6, 26, 1, 14, 24, 18, 17, 5, 11, 12, 0], [22, 8, 6, 14, 19, 11, 0, 0, 0, 0, 0, 0, 0, 0, 0, 0, 0], [8, 23, 3, 12, 21, 7, 6, 4, 10, 26, 19, 13, 20, 5, 18, 28, 0], [3, 9, 11, 7, 12, 1, 14, 26, 24, 13, 18, 5, 28, 0, 0, 0, 0]]
valid routes=1.0
norm-reward=0.8607730179410743
[ 20 iterations]
real=[[27, 26, 25, 24, 23, 22, 21, 20, 16, 12, 11, 9, 1, 5, 14, 2, 0], [27, 26, 24, 20, 16, 14, 5, 3, 7, 12, 10, 6, 0, 0, 0, 0, 0], [24, 23, 14, 10, 16, 9, 1, 2, 11, 0, 0, 0, 0, 0, 0, 0, 0], [26, 22, 17, 25, 12, 4, 10, 3, 0, 0, 0, 0, 0, 0, 0, 0, 0], [28, 26, 25, 24, 23, 20, 16, 13, 11, 4, 7, 6, 1, 5, 9, 0, 0], [17, 24, 5, 7, 6, 9, 16, 0, 0, 0, 0, 0, 0, 0, 0, 0, 0], [28, 22, 3, 0, 0, 0, 0, 0, 0, 0, 0, 0, 0, 0, 0, 0, 0], [22, 19, 20, 4, 10, 6, 1, 5, 0, 0, 0, 0, 0, 0, 0, 0, 0], [28, 27, 26, 23, 22, 20, 18, 16, 14, 11, 7, 10, 6, 5, 2, 8, 0], [28, 27, 24, 19, 12, 13, 5, 17, 4, 1, 0, 0, 0, 0, 0, 0, 0]]
gen=[[22, 16, 25, 23, 2, 20, 12, 1, 21, 11, 24, 5, 14, 26, 9, 27, 0], [16, 3, 6, 12, 7, 26, 24, 14, 10, 20, 5, 27, 0, 0, 0, 0, 0], [16, 23, 2, 1, 14, 9, 10, 24, 11, 0, 0, 0, 0, 0, 0, 0, 0], [22, 3, 25, 4, 26, 17, 10, 12, 0, 0, 0, 0, 0, 0, 0, 0, 0], [16, 25, 6, 23, 28, 1, 7, 4, 26, 24, 11, 5, 9, 20, 13, 0, 0], [16, 6, 17, 9, 7, 24, 5, 0, 0, 0, 0, 0, 0, 0, 0, 0, 0], [22, 3, 28, 0, 0, 0, 0, 0, 0, 0, 0, 0, 0, 0, 0, 0, 0], [22, 6, 1, 4, 19, 20, 5, 10, 0, 0, 0, 0, 0, 0, 0, 0, 0], [22, 16, 8, 6, 23, 2, 7, 14, 10, 26, 11, 20, 18, 28, 5, 27, 0], [13, 1, 12, 24, 4, 27, 17, 19, 28, 5, 0, 0, 0, 0, 0, 0, 0]]
valid routes=1.0
norm-reward=0.8501931458249301
[ 21 iterations]
real=[[27, 23, 22, 21, 19, 18, 17, 16, 14, 12, 15, 4, 6, 3, 9, 0, 0], [2, 21, 1, 0, 0, 0, 0, 0, 0, 0, 0, 0, 0, 0, 0, 0, 0], [1, 24, 0, 0, 0, 0, 0, 0, 0, 0, 0, 0, 0, 0, 0, 0, 0], [28, 27, 24, 22, 21, 19, 18, 16, 14, 12, 10, 6, 1, 11, 9, 8, 0], [28, 27, 26, 25, 20, 19, 18, 17, 15, 12, 8, 4, 7, 3, 14, 1, 0], [28, 27, 25, 23, 21, 20, 18, 17, 14, 12, 7, 10, 6, 5, 4, 13, 0], [11, 24, 27, 21, 12, 3, 0, 0, 0, 0, 0, 0, 0, 0, 0, 0, 0], [28, 27, 25, 24, 21, 20, 15, 13, 10, 9, 7, 6, 1, 5, 2, 8, 0], [28, 26, 24, 23, 22, 16, 1, 18, 8, 20, 0, 0, 0, 0, 0, 0, 0], [28, 26, 25, 23, 20, 19, 18, 16, 15, 13, 12, 4, 6, 11, 14, 3, 0]]
gen=[[22, 16, 3, 6, 23, 15, 21, 4, 12, 19, 17, 14, 27, 18, 9, 0, 0], [2, 21, 1, 0, 0, 0, 0, 0, 0, 0, 0, 0, 0, 0, 0, 0, 0], [1, 24, 0, 0, 0, 0, 0, 0, 0, 0, 0, 0, 0, 0, 0, 0, 0], [22, 16, 8, 6, 21, 12, 1, 10, 28, 19, 24, 11, 18, 14, 9, 27, 0], [8, 3, 25, 15, 12, 1, 7, 4, 19, 26, 20, 27, 17, 18, 14, 28, 0], [23, 25, 6, 21, 12, 18, 4, 7, 10, 14, 5, 20, 28, 13, 17, 27, 0], [3, 12, 21, 24, 27, 11, 0, 0, 0, 0, 0, 0, 0, 0, 0, 0, 0], [8, 25, 6, 2, 15, 21, 7, 1, 27, 10, 28, 24, 9, 20, 13, 5, 0], [22, 16, 8, 23, 1, 26, 24, 20, 18, 28, 0, 0, 0, 0, 0, 0, 0], [16, 3, 25, 6, 23, 15, 4, 26, 12, 14, 19, 20, 11, 18, 13, 28, 0]]
valid routes=1.0
norm-reward=0.8442698674229905
[ 22 iterations]
real=[[25, 15, 14, 3, 16, 8, 0, 0, 0, 0, 0, 0, 0, 0, 0, 0, 0], [28, 27, 26, 25, 24, 23, 16, 15, 12, 9, 4, 10, 7, 3, 2, 1, 0], [28, 27, 26, 25, 24, 20, 19, 18, 17, 14, 7, 10, 1, 5, 9, 8, 0], [22, 18, 20, 4, 12, 7, 15, 17, 0, 0, 0, 0, 0, 0, 0, 0, 0], [26, 15, 18, 23, 13, 7, 16, 0, 0, 0, 0, 0, 0, 0, 0, 0, 0], [14, 24, 18, 11, 0, 0, 0, 0, 0, 0, 0, 0, 0, 0, 0, 0, 0], [27, 26, 24, 22, 20, 18, 16, 15, 14, 11, 13, 10, 1, 5, 2, 8, 0], [28, 27, 6, 11, 15, 13, 10, 17, 0, 0, 0, 0, 0, 0, 0, 0, 0], [17, 7, 27, 3, 22, 0, 0, 0, 0, 0, 0, 0, 0, 0, 0, 0, 0], [17, 2, 5, 28, 14, 0, 0, 0, 0, 0, 0, 0, 0, 0, 0, 0, 0]]
gen=[[3, 16, 8, 25, 15, 14, 0, 0, 0, 0, 0, 0, 0, 0, 0, 0, 0], [16, 3, 25, 23, 2, 15, 4, 10, 7, 1, 12, 24, 27, 26, 9, 28, 0], [8, 25, 17, 7, 18, 10, 26, 1, 14, 9, 27, 24, 28, 19, 5, 20, 0], [22, 7, 15, 4, 17, 12, 20, 18, 0, 0, 0, 0, 0, 0, 0, 0, 0], [16, 15, 23, 13, 7, 26, 18, 0, 0, 0, 0, 0, 0, 0, 0, 0, 0], [11, 14, 18, 24, 0, 0, 0, 0, 0, 0, 0, 0, 0, 0, 0, 0, 0], [16, 22, 8, 2, 15, 1, 20, 14, 24, 13, 26, 10, 18, 5, 11, 27, 0], [15, 6, 10, 27, 13, 11, 17, 28, 0, 0, 0, 0, 0, 0, 0, 0, 0], [3, 22, 27, 7, 17, 0, 0, 0, 0, 0, 0, 0, 0, 0, 0, 0, 0], [2, 28, 14, 5, 17, 0, 0, 0, 0, 0, 0, 0, 0, 0, 0, 0, 0]]
valid routes=1.0
norm-reward=0.8562925260953481
[ 23 iterations]
real=[[28, 27, 25, 24, 22, 19, 17, 14, 12, 9, 10, 6, 5, 8, 2, 3, 0], [8, 0, 0, 0, 0, 0, 0, 0, 0, 0, 0, 0, 0, 0, 0, 0, 0], [2, 11, 5, 3, 0, 0, 0, 0, 0, 0, 0, 0, 0, 0, 0, 0, 0], [28, 27, 26, 23, 22, 21, 20, 15, 14, 11, 4, 10, 6, 5, 2, 3, 0], [26, 24, 21, 20, 14, 19, 3, 17, 8, 16, 0, 0, 0, 0, 0, 0, 0], [24, 20, 17, 4, 12, 9, 5, 2, 11, 0, 0, 0, 0, 0, 0, 0, 0], [28, 27, 26, 25, 23, 21, 20, 16, 15, 13, 12, 4, 1, 9, 14, 3, 0], [16, 24, 5, 4, 12, 9, 11, 0, 0, 0, 0, 0, 0, 0, 0, 0, 0], [28, 27, 26, 24, 23, 16, 14, 12, 8, 1, 7, 4, 5, 3, 6, 0, 0], [27, 25, 24, 23, 22, 20, 17, 16, 13, 12, 7, 10, 6, 3, 9, 4, 0]]
gen=[[3, 8, 22, 6, 2, 14, 27, 10, 9, 25, 12, 24, 19, 17, 28, 5, 0], [8, 0, 0, 0, 0, 0, 0, 0, 0, 0, 0, 0, 0, 0, 0, 0, 0], [3, 2, 11, 5, 0, 0, 0, 0, 0, 0, 0, 0, 0, 0, 0, 0, 0], [3, 22, 6, 15, 2, 21, 4, 26, 10, 27, 14, 5, 23, 28, 11, 20, 0], [16, 3, 8, 21, 24, 14, 19, 20, 17, 26, 0, 0, 0, 0, 0, 0, 0], [20, 2, 17, 12, 9, 4, 11, 24, 5, 0, 0, 0, 0, 0, 0, 0, 0], [16, 3, 25, 15, 23, 21, 4, 12, 1, 28, 26, 13, 20, 27, 9, 14, 0], [16, 11, 12, 5, 4, 24, 9, 0, 0, 0, 0, 0, 0, 0, 0, 0, 0], [16, 3, 8, 6, 4, 23, 7, 26, 12, 1, 14, 27, 24, 5, 28, 0, 0], [16, 22, 3, 6, 25, 23, 7, 4, 10, 12, 27, 9, 24, 20, 17, 13, 0]]
valid routes=1.0
norm-reward=0.861152902755611
[ 24 iterations]
real=[[28, 25, 24, 19, 17, 14, 12, 8, 6, 1, 2, 10, 5, 3, 0, 0, 0], [25, 2, 15, 0, 0, 0, 0, 0, 0, 0, 0, 0, 0, 0, 0, 0, 0], [2, 0, 0, 0, 0, 0, 0, 0, 0, 0, 0, 0, 0, 0, 0, 0, 0], [19, 26, 5, 28, 6, 0, 0, 0, 0, 0, 0, 0, 0, 0, 0, 0, 0], [21, 0, 0, 0, 0, 0, 0, 0, 0, 0, 0, 0, 0, 0, 0, 0, 0], [10, 2, 0, 0, 0, 0, 0, 0, 0, 0, 0, 0, 0, 0, 0, 0, 0], [28, 27, 26, 25, 24, 22, 19, 18, 13, 11, 7, 6, 1, 8, 10, 3, 0], [1, 15, 4, 0, 0, 0, 0, 0, 0, 0, 0, 0, 0, 0, 0, 0, 0], [23, 7, 5, 0, 0, 0, 0, 0, 0, 0, 0, 0, 0, 0, 0, 0, 0], [27, 0, 0, 0, 0, 0, 0, 0, 0, 0, 0, 0, 0, 0, 0, 0, 0]]
gen=[[8, 3, 6, 25, 2, 28, 1, 24, 19, 12, 10, 17, 14, 5, 0, 0, 0], [15, 2, 25, 0, 0, 0, 0, 0, 0, 0, 0, 0, 0, 0, 0, 0, 0], [2, 0, 0, 0, 0, 0, 0, 0, 0, 0, 0, 0, 0, 0, 0, 0, 0], [6, 26, 5, 28, 19, 0, 0, 0, 0, 0, 0, 0, 0, 0, 0, 0, 0], [21, 0, 0, 0, 0, 0, 0, 0, 0, 0, 0, 0, 0, 0, 0, 0, 0], [2, 10, 0, 0, 0, 0, 0, 0, 0, 0, 0, 0, 0, 0, 0, 0, 0], [3, 8, 22, 6, 25, 19, 1, 7, 27, 26, 18, 24, 10, 13, 28, 11, 0], [1, 15, 4, 0, 0, 0, 0, 0, 0, 0, 0, 0, 0, 0, 0, 0, 0], [23, 7, 5, 0, 0, 0, 0, 0, 0, 0, 0, 0, 0, 0, 0, 0, 0], [27, 0, 0, 0, 0, 0, 0, 0, 0, 0, 0, 0, 0, 0, 0, 0, 0]]
valid routes=1.0
norm-reward=0.8506806036479364
[ 25 iterations]
real=[[28, 24, 23, 21, 15, 13, 5, 2, 12, 1, 0, 0, 0, 0, 0, 0, 0], [28, 27, 26, 24, 21, 18, 17, 14, 13, 1, 3, 4, 5, 8, 6, 0, 0], [28, 27, 26, 25, 22, 21, 17, 14, 11, 8, 7, 4, 1, 5, 6, 3, 0], [28, 27, 23, 20, 19, 17, 14, 13, 12, 11, 7, 4, 6, 8, 2, 1, 0], [28, 27, 24, 23, 20, 19, 18, 17, 15, 13, 4, 10, 7, 11, 12, 8, 0], [28, 22, 16, 10, 1, 6, 5, 2, 12, 0, 0, 0, 0, 0, 0, 0, 0], [28, 27, 25, 24, 20, 17, 16, 15, 13, 11, 4, 10, 5, 2, 9, 8, 0], [19, 22, 9, 0, 0, 0, 0, 0, 0, 0, 0, 0, 0, 0, 0, 0, 0], [10, 26, 22, 23, 16, 13, 0, 0, 0, 0, 0, 0, 0, 0, 0, 0, 0], [28, 27, 25, 24, 23, 21, 19, 18, 17, 15, 7, 10, 1, 11, 9, 3, 0]]
gen=[[15, 2, 23, 21, 1, 12, 13, 28, 24, 5, 0, 0, 0, 0, 0, 0, 0], [3, 8, 24, 6, 21, 4, 13, 1, 14, 28, 17, 26, 5, 18, 27, 0, 0], [8, 3, 22, 6, 4, 21, 1, 7, 26, 27, 25, 5, 28, 11, 17, 14, 0], [8, 23, 2, 6, 4, 11, 7, 1, 14, 12, 17, 27, 20, 13, 19, 28, 0], [8, 15, 23, 4, 13, 7, 20, 28, 12, 19, 11, 10, 27, 24, 18, 17, 0], [16, 22, 6, 2, 28, 1, 12, 10, 5, 0, 0, 0, 0, 0, 0, 0, 0], [16, 8, 15, 25, 2, 4, 20, 24, 10, 13, 11, 28, 5, 9, 17, 27, 0], [22, 19, 9, 0, 0, 0, 0, 0, 0, 0, 0, 0, 0, 0, 0, 0, 0], [16, 22, 23, 26, 13, 10, 0, 0, 0, 0, 0, 0, 0, 0, 0, 0, 0], [3, 23, 25, 17, 15, 21, 7, 1, 10, 28, 11, 19, 9, 24, 18, 27, 0]]
valid routes=1.0
norm-reward=0.8520218673503175
[ 26 iterations]
real=[[28, 26, 25, 24, 23, 21, 20, 18, 16, 15, 7, 4, 6, 2, 14, 8, 0], [11, 15, 6, 23, 12, 19, 0, 0, 0, 0, 0, 0, 0, 0, 0, 0, 0], [10, 26, 28, 0, 0, 0, 0, 0, 0, 0, 0, 0, 0, 0, 0, 0, 0], [27, 25, 24, 22, 20, 19, 18, 15, 14, 12, 10, 4, 7, 1, 9, 13, 0], [28, 27, 26, 24, 22, 20, 18, 16, 15, 13, 8, 9, 7, 2, 14, 3, 0], [16, 18, 5, 1, 14, 2, 0, 0, 0, 0, 0, 0, 0, 0, 0, 0, 0], [27, 25, 24, 23, 22, 17, 16, 12, 14, 9, 15, 10, 5, 0, 0, 0, 0], [4, 11, 5, 0, 0, 0, 0, 0, 0, 0, 0, 0, 0, 0, 0, 0, 0], [28, 25, 24, 23, 22, 21, 20, 17, 16, 13, 10, 4, 6, 5, 14, 2, 0], [28, 6, 27, 4, 14, 7, 13, 0, 0, 0, 0, 0, 0, 0, 0, 0, 0]]
gen=[[16, 8, 25, 6, 2, 15, 23, 7, 4, 14, 21, 20, 18, 24, 26, 28, 0], [6, 23, 15, 12, 19, 11, 0, 0, 0, 0, 0, 0, 0, 0, 0, 0, 0], [28, 10, 26, 0, 0, 0, 0, 0, 0, 0, 0, 0, 0, 0, 0, 0, 0], [22, 25, 15, 4, 7, 14, 1, 19, 27, 9, 12, 10, 24, 18, 13, 20, 0], [16, 22, 3, 8, 15, 2, 7, 26, 24, 20, 18, 28, 9, 27, 14, 13, 0], [16, 2, 1, 5, 14, 18, 0, 0, 0, 0, 0, 0, 0, 0, 0, 0, 0], [16, 22, 25, 23, 15, 5, 12, 10, 14, 17, 27, 24, 9, 0, 0, 0, 0], [5, 11, 4, 0, 0, 0, 0, 0, 0, 0, 0, 0, 0, 0, 0, 0, 0], [16, 22, 25, 6, 23, 2, 21, 4, 28, 17, 10, 20, 24, 13, 5, 14, 0], [6, 7, 28, 4, 13, 14, 27, 0, 0, 0, 0, 0, 0, 0, 0, 0, 0]]
valid routes=1.0
norm-reward=0.8546269433033877
[ 27 iterations]
real=[[28, 27, 26, 23, 22, 19, 18, 17, 16, 8, 7, 4, 1, 5, 14, 3, 0], [28, 27, 26, 25, 24, 23, 20, 16, 14, 12, 13, 10, 3, 11, 2, 4, 0], [10, 0, 0, 0, 0, 0, 0, 0, 0, 0, 0, 0, 0, 0, 0, 0, 0], [26, 25, 24, 21, 20, 19, 18, 14, 7, 11, 15, 6, 5, 3, 0, 0, 0], [28, 25, 22, 21, 19, 18, 17, 13, 12, 9, 7, 11, 1, 8, 2, 3, 0], [28, 26, 25, 20, 19, 17, 16, 14, 13, 11, 7, 10, 5, 3, 2, 0, 0], [10, 28, 14, 3, 22, 7, 0, 0, 0, 0, 0, 0, 0, 0, 0, 0, 0], [26, 21, 18, 17, 16, 15, 14, 13, 12, 11, 7, 6, 1, 5, 10, 8, 0], [27, 25, 23, 22, 21, 17, 16, 13, 12, 9, 7, 10, 6, 5, 2, 3, 0], [28, 24, 21, 10, 16, 19, 2, 18, 11, 0, 0, 0, 0, 0, 0, 0, 0]]
gen=[[16, 22, 3, 8, 23, 17, 4, 7, 14, 19, 1, 28, 26, 27, 18, 5, 0], [16, 3, 25, 23, 2, 12, 4, 13, 10, 11, 20, 24, 27, 14, 26, 28, 0], [10, 0, 0, 0, 0, 0, 0, 0, 0, 0, 0, 0, 0, 0, 0, 0, 0], [3, 25, 15, 6, 7, 20, 18, 11, 14, 5, 19, 21, 26, 24, 0, 0, 0], [3, 8, 22, 2, 25, 21, 7, 19, 11, 1, 12, 17, 9, 28, 13, 18, 0], [16, 3, 25, 2, 17, 13, 7, 14, 26, 11, 19, 10, 20, 28, 5, 0, 0], [3, 22, 7, 14, 10, 28, 0, 0, 0, 0, 0, 0, 0, 0, 0, 0, 0], [16, 8, 6, 15, 21, 12, 1, 7, 14, 10, 26, 18, 11, 17, 13, 5, 0], [16, 22, 3, 2, 6, 23, 25, 7, 12, 10, 27, 17, 13, 9, 21, 5, 0], [16, 2, 21, 18, 24, 10, 19, 28, 11, 0, 0, 0, 0, 0, 0, 0, 0]]
valid routes=1.0
norm-reward=0.8545155579993143
[ 28 iterations]
real=[[27, 26, 25, 23, 21, 20, 16, 10, 7, 9, 3, 6, 1, 5, 2, 0, 0], [28, 27, 26, 25, 21, 19, 18, 16, 13, 1, 7, 10, 6, 5, 2, 0, 0], [28, 27, 26, 23, 20, 19, 17, 16, 12, 9, 4, 10, 1, 8, 2, 3, 0], [24, 23, 17, 12, 13, 7, 10, 11, 8, 1, 0, 0, 0, 0, 0, 0, 0], [28, 27, 26, 22, 21, 20, 19, 17, 13, 9, 4, 18, 1, 0, 0, 0, 0], [28, 25, 22, 21, 20, 19, 16, 15, 12, 9, 7, 4, 6, 11, 2, 1, 0], [26, 25, 23, 22, 21, 7, 19, 17, 8, 1, 18, 0, 0, 0, 0, 0, 0], [27, 24, 23, 20, 16, 14, 12, 10, 8, 9, 7, 4, 6, 3, 2, 0, 0], [28, 24, 20, 4, 14, 6, 5, 12, 7, 0, 0, 0, 0, 0, 0, 0, 0], [25, 8, 21, 28, 22, 7, 0, 0, 0, 0, 0, 0, 0, 0, 0, 0, 0]]
gen=[[16, 3, 25, 6, 23, 2, 21, 7, 1, 9, 10, 20, 26, 5, 27, 0, 0], [16, 2, 25, 6, 7, 21, 10, 1, 18, 19, 26, 5, 13, 28, 27, 0, 0], [16, 3, 8, 2, 23, 12, 4, 26, 1, 10, 20, 17, 27, 9, 28, 19, 0], [8, 7, 23, 12, 13, 1, 10, 11, 17, 24, 0, 0, 0, 0, 0, 0, 0], [22, 9, 21, 4, 1, 27, 26, 17, 18, 19, 28, 20, 13, 0, 0, 0, 0], [16, 22, 25, 15, 6, 2, 4, 12, 7, 1, 11, 19, 28, 9, 21, 20, 0], [8, 22, 23, 25, 7, 21, 26, 17, 1, 19, 18, 0, 0, 0, 0, 0, 0], [16, 3, 8, 6, 2, 23, 7, 4, 12, 10, 20, 24, 14, 9, 27, 0, 0], [14, 6, 7, 12, 4, 24, 20, 5, 28, 0, 0, 0, 0, 0, 0, 0, 0], [8, 22, 7, 21, 25, 28, 0, 0, 0, 0, 0, 0, 0, 0, 0, 0, 0]]
valid routes=1.0
norm-reward=0.8485364765989643
[ 29 iterations]
real=[[8, 0, 0, 0, 0, 0, 0, 0, 0, 0, 0, 0, 0, 0, 0, 0, 0], [25, 24, 23, 21, 20, 18, 14, 17, 3, 9, 10, 6, 1, 0, 0, 0, 0], [26, 24, 20, 7, 14, 9, 25, 18, 0, 0, 0, 0, 0, 0, 0, 0, 0], [9, 6, 8, 25, 16, 0, 0, 0, 0, 0, 0, 0, 0, 0, 0, 0, 0], [27, 25, 24, 23, 18, 17, 5, 3, 8, 1, 11, 9, 0, 0, 0, 0, 0], [26, 24, 22, 21, 19, 17, 16, 14, 12, 3, 7, 10, 5, 8, 9, 0, 0], [26, 24, 23, 22, 18, 17, 14, 12, 11, 8, 7, 4, 1, 5, 6, 3, 0], [19, 6, 14, 11, 22, 8, 0, 0, 0, 0, 0, 0, 0, 0, 0, 0, 0], [28, 26, 23, 21, 20, 19, 18, 13, 12, 8, 7, 4, 6, 5, 10, 3, 0], [28, 26, 24, 18, 14, 13, 11, 12, 3, 1, 7, 9, 5, 0, 0, 0, 0]]
gen=[[8, 0, 0, 0, 0, 0, 0, 0, 0, 0, 0, 0, 0, 0, 0, 0, 0], [3, 23, 25, 6, 21, 1, 20, 10, 14, 18, 9, 17, 24, 0, 0, 0, 0], [20, 25, 9, 7, 18, 26, 14, 24, 0, 0, 0, 0, 0, 0, 0, 0, 0], [16, 8, 25, 6, 9, 0, 0, 0, 0, 0, 0, 0, 0, 0, 0, 0, 0], [3, 8, 25, 23, 11, 27, 1, 5, 9, 18, 17, 24, 0, 0, 0, 0, 0], [16, 22, 3, 8, 21, 7, 26, 12, 10, 19, 9, 5, 24, 17, 14, 0, 0], [3, 8, 22, 6, 23, 7, 4, 1, 24, 26, 14, 12, 11, 17, 18, 5, 0], [8, 22, 6, 14, 19, 11, 0, 0, 0, 0, 0, 0, 0, 0, 0, 0, 0], [3, 8, 23, 6, 21, 7, 20, 10, 4, 12, 18, 19, 26, 28, 5, 13, 0], [3, 7, 28, 5, 12, 13, 1, 9, 14, 11, 26, 24, 18, 0, 0, 0, 0]]
valid routes=1.0
norm-reward=0.8499076731820456
[ 30 iterations]
real=[[27, 26, 25, 24, 23, 22, 21, 20, 16, 12, 11, 9, 1, 5, 14, 2, 0], [27, 26, 24, 20, 16, 14, 5, 3, 7, 12, 10, 6, 0, 0, 0, 0, 0], [24, 23, 14, 10, 16, 9, 1, 2, 11, 0, 0, 0, 0, 0, 0, 0, 0], [26, 22, 17, 25, 12, 4, 10, 3, 0, 0, 0, 0, 0, 0, 0, 0, 0], [28, 26, 25, 24, 23, 20, 16, 13, 11, 4, 7, 6, 1, 5, 9, 0, 0], [17, 24, 5, 7, 6, 9, 16, 0, 0, 0, 0, 0, 0, 0, 0, 0, 0], [28, 22, 3, 0, 0, 0, 0, 0, 0, 0, 0, 0, 0, 0, 0, 0, 0], [22, 19, 20, 4, 10, 6, 1, 5, 0, 0, 0, 0, 0, 0, 0, 0, 0], [28, 27, 26, 23, 22, 20, 18, 16, 14, 11, 7, 10, 6, 5, 2, 8, 0], [28, 27, 24, 19, 12, 13, 5, 17, 4, 1, 0, 0, 0, 0, 0, 0, 0]]
gen=[[16, 22, 25, 2, 23, 27, 20, 14, 12, 24, 1, 26, 9, 21, 5, 11, 0], [16, 3, 6, 27, 7, 12, 20, 14, 10, 24, 5, 26, 0, 0, 0, 0, 0], [16, 23, 2, 1, 9, 24, 10, 14, 11, 0, 0, 0, 0, 0, 0, 0, 0], [3, 22, 25, 4, 26, 10, 17, 12, 0, 0, 0, 0, 0, 0, 0, 0, 0], [16, 25, 23, 6, 4, 7, 5, 28, 1, 26, 9, 11, 24, 20, 13, 0, 0], [16, 7, 6, 9, 5, 24, 17, 0, 0, 0, 0, 0, 0, 0, 0, 0, 0], [3, 22, 28, 0, 0, 0, 0, 0, 0, 0, 0, 0, 0, 0, 0, 0, 0], [22, 6, 4, 1, 10, 19, 20, 5, 0, 0, 0, 0, 0, 0, 0, 0, 0], [16, 22, 8, 6, 2, 23, 20, 7, 10, 28, 5, 11, 27, 14, 18, 26, 0], [19, 24, 4, 17, 12, 1, 13, 28, 27, 5, 0, 0, 0, 0, 0, 0, 0]]
valid routes=1.0
norm-reward=0.8526489267675401
[ 31 iterations]
real=[[27, 23, 22, 21, 19, 18, 17, 16, 14, 12, 15, 4, 6, 3, 9, 0, 0], [2, 21, 1, 0, 0, 0, 0, 0, 0, 0, 0, 0, 0, 0, 0, 0, 0], [1, 24, 0, 0, 0, 0, 0, 0, 0, 0, 0, 0, 0, 0, 0, 0, 0], [28, 27, 24, 22, 21, 19, 18, 16, 14, 12, 10, 6, 1, 11, 9, 8, 0], [28, 27, 26, 25, 20, 19, 18, 17, 15, 12, 8, 4, 7, 3, 14, 1, 0], [28, 27, 25, 23, 21, 20, 18, 17, 14, 12, 7, 10, 6, 5, 4, 13, 0], [11, 24, 27, 21, 12, 3, 0, 0, 0, 0, 0, 0, 0, 0, 0, 0, 0], [28, 27, 25, 24, 21, 20, 15, 13, 10, 9, 7, 6, 1, 5, 2, 8, 0], [28, 26, 24, 23, 22, 16, 1, 18, 8, 20, 0, 0, 0, 0, 0, 0, 0], [28, 26, 25, 23, 20, 19, 18, 16, 15, 13, 12, 4, 6, 11, 14, 3, 0]]
gen=[[16, 22, 3, 6, 15, 4, 23, 12, 19, 9, 18, 14, 17, 21, 27, 0, 0], [21, 2, 1, 0, 0, 0, 0, 0, 0, 0, 0, 0, 0, 0, 0, 0, 0], [24, 1, 0, 0, 0, 0, 0, 0, 0, 0, 0, 0, 0, 0, 0, 0, 0], [16, 22, 8, 6, 14, 21, 12, 1, 10, 24, 19, 11, 9, 18, 28, 27, 0], [3, 8, 25, 1, 15, 4, 7, 12, 26, 19, 28, 18, 27, 14, 20, 17, 0], [13, 23, 4, 6, 25, 12, 21, 7, 5, 10, 14, 28, 27, 17, 18, 20, 0], [3, 21, 27, 12, 11, 24, 0, 0, 0, 0, 0, 0, 0, 0, 0, 0, 0], [8, 15, 25, 6, 2, 7, 27, 10, 28, 24, 1, 13, 5, 9, 20, 21, 0], [16, 22, 8, 23, 26, 20, 24, 1, 18, 28, 0, 0, 0, 0, 0, 0, 0], [16, 3, 15, 25, 6, 23, 4, 20, 12, 19, 11, 18, 14, 26, 13, 28, 0]]
valid routes=1.0
norm-reward=0.8496506738739777
[ 32 iterations]
real=[[25, 15, 14, 3, 16, 8, 0, 0, 0, 0, 0, 0, 0, 0, 0, 0, 0], [28, 27, 26, 25, 24, 23, 16, 15, 12, 9, 4, 10, 7, 3, 2, 1, 0], [28, 27, 26, 25, 24, 20, 19, 18, 17, 14, 7, 10, 1, 5, 9, 8, 0], [22, 18, 20, 4, 12, 7, 15, 17, 0, 0, 0, 0, 0, 0, 0, 0, 0], [26, 15, 18, 23, 13, 7, 16, 0, 0, 0, 0, 0, 0, 0, 0, 0, 0], [14, 24, 18, 11, 0, 0, 0, 0, 0, 0, 0, 0, 0, 0, 0, 0, 0], [27, 26, 24, 22, 20, 18, 16, 15, 14, 11, 13, 10, 1, 5, 2, 8, 0], [28, 27, 6, 11, 15, 13, 10, 17, 0, 0, 0, 0, 0, 0, 0, 0, 0], [17, 7, 27, 3, 22, 0, 0, 0, 0, 0, 0, 0, 0, 0, 0, 0, 0], [17, 2, 5, 28, 14, 0, 0, 0, 0, 0, 0, 0, 0, 0, 0, 0, 0]]
gen=[[16, 3, 8, 25, 15, 14, 0, 0, 0, 0, 0, 0, 0, 0, 0, 0, 0], [16, 3, 25, 23, 2, 15, 4, 1, 7, 10, 12, 24, 26, 9, 27, 28, 0], [8, 25, 17, 24, 20, 14, 7, 1, 26, 19, 10, 9, 28, 27, 18, 5, 0], [22, 15, 7, 4, 12, 20, 17, 18, 0, 0, 0, 0, 0, 0, 0, 0, 0], [16, 23, 15, 7, 13, 26, 18, 0, 0, 0, 0, 0, 0, 0, 0, 0, 0], [24, 11, 14, 18, 0, 0, 0, 0, 0, 0, 0, 0, 0, 0, 0, 0, 0], [16, 22, 8, 2, 15, 14, 20, 1, 10, 24, 11, 26, 27, 18, 13, 5, 0], [6, 15, 28, 13, 27, 10, 17, 11, 0, 0, 0, 0, 0, 0, 0, 0, 0], [3, 22, 7, 17, 27, 0, 0, 0, 0, 0, 0, 0, 0, 0, 0, 0, 0], [5, 2, 17, 28, 14, 0, 0, 0, 0, 0, 0, 0, 0, 0, 0, 0, 0]]
valid routes=1.0
norm-reward=0.8523393754676486
[ 33 iterations]
real=[[28, 27, 25, 24, 22, 19, 17, 14, 12, 9, 10, 6, 5, 8, 2, 3, 0], [8, 0, 0, 0, 0, 0, 0, 0, 0, 0, 0, 0, 0, 0, 0, 0, 0], [2, 11, 5, 3, 0, 0, 0, 0, 0, 0, 0, 0, 0, 0, 0, 0, 0], [28, 27, 26, 23, 22, 21, 20, 15, 14, 11, 4, 10, 6, 5, 2, 3, 0], [26, 24, 21, 20, 14, 19, 3, 17, 8, 16, 0, 0, 0, 0, 0, 0, 0], [24, 20, 17, 4, 12, 9, 5, 2, 11, 0, 0, 0, 0, 0, 0, 0, 0], [28, 27, 26, 25, 23, 21, 20, 16, 15, 13, 12, 4, 1, 9, 14, 3, 0], [16, 24, 5, 4, 12, 9, 11, 0, 0, 0, 0, 0, 0, 0, 0, 0, 0], [28, 27, 26, 24, 23, 16, 14, 12, 8, 1, 7, 4, 5, 3, 6, 0, 0], [27, 25, 24, 23, 22, 20, 17, 16, 13, 12, 7, 10, 6, 3, 9, 4, 0]]
gen=[[3, 22, 8, 6, 2, 25, 9, 27, 10, 12, 17, 19, 5, 28, 24, 14, 0], [8, 0, 0, 0, 0, 0, 0, 0, 0, 0, 0, 0, 0, 0, 0, 0, 0], [3, 2, 11, 5, 0, 0, 0, 0, 0, 0, 0, 0, 0, 0, 0, 0, 0], [3, 22, 6, 4, 2, 15, 14, 21, 23, 11, 27, 28, 10, 26, 20, 5, 0], [16, 3, 8, 21, 20, 17, 24, 19, 26, 14, 0, 0, 0, 0, 0, 0, 0], [20, 2, 4, 12, 24, 9, 17, 11, 5, 0, 0, 0, 0, 0, 0, 0, 0], [16, 3, 23, 25, 15, 21, 4, 12, 9, 1, 20, 13, 26, 27, 14, 28, 0], [16, 4, 9, 12, 11, 24, 5, 0, 0, 0, 0, 0, 0, 0, 0, 0, 0], [16, 3, 8, 6, 23, 12, 7, 4, 1, 28, 27, 24, 26, 5, 14, 0, 0], [16, 22, 3, 6, 25, 23, 4, 7, 24, 12, 10, 20, 9, 27, 17, 13, 0]]
valid routes=1.0
norm-reward=0.8541098997109186
[ 34 iterations]
real=[[28, 25, 24, 19, 17, 14, 12, 8, 6, 1, 2, 10, 5, 3, 0, 0, 0], [25, 2, 15, 0, 0, 0, 0, 0, 0, 0, 0, 0, 0, 0, 0, 0, 0], [2, 0, 0, 0, 0, 0, 0, 0, 0, 0, 0, 0, 0, 0, 0, 0, 0], [19, 26, 5, 28, 6, 0, 0, 0, 0, 0, 0, 0, 0, 0, 0, 0, 0], [21, 0, 0, 0, 0, 0, 0, 0, 0, 0, 0, 0, 0, 0, 0, 0, 0], [10, 2, 0, 0, 0, 0, 0, 0, 0, 0, 0, 0, 0, 0, 0, 0, 0], [28, 27, 26, 25, 24, 22, 19, 18, 13, 11, 7, 6, 1, 8, 10, 3, 0], [1, 15, 4, 0, 0, 0, 0, 0, 0, 0, 0, 0, 0, 0, 0, 0, 0], [23, 7, 5, 0, 0, 0, 0, 0, 0, 0, 0, 0, 0, 0, 0, 0, 0], [27, 0, 0, 0, 0, 0, 0, 0, 0, 0, 0, 0, 0, 0, 0, 0, 0]]
gen=[[3, 8, 6, 25, 2, 17, 1, 12, 10, 19, 24, 28, 14, 5, 0, 0, 0], [25, 2, 15, 0, 0, 0, 0, 0, 0, 0, 0, 0, 0, 0, 0, 0, 0], [2, 0, 0, 0, 0, 0, 0, 0, 0, 0, 0, 0, 0, 0, 0, 0, 0], [6, 26, 5, 19, 28, 0, 0, 0, 0, 0, 0, 0, 0, 0, 0, 0, 0], [21, 0, 0, 0, 0, 0, 0, 0, 0, 0, 0, 0, 0, 0, 0, 0, 0], [2, 10, 0, 0, 0, 0, 0, 0, 0, 0, 0, 0, 0, 0, 0, 0, 0], [3, 22, 8, 6, 25, 7, 24, 27, 1, 26, 10, 19, 28, 18, 13, 11, 0], [4, 15, 1, 0, 0, 0, 0, 0, 0, 0, 0, 0, 0, 0, 0, 0, 0], [23, 7, 5, 0, 0, 0, 0, 0, 0, 0, 0, 0, 0, 0, 0, 0, 0], [27, 0, 0, 0, 0, 0, 0, 0, 0, 0, 0, 0, 0, 0, 0, 0, 0]]
valid routes=1.0
norm-reward=0.8536124945006855
[ 35 iterations]
real=[[28, 24, 23, 21, 15, 13, 5, 2, 12, 1, 0, 0, 0, 0, 0, 0, 0], [28, 27, 26, 24, 21, 18, 17, 14, 13, 1, 3, 4, 5, 8, 6, 0, 0], [28, 27, 26, 25, 22, 21, 17, 14, 11, 8, 7, 4, 1, 5, 6, 3, 0], [28, 27, 23, 20, 19, 17, 14, 13, 12, 11, 7, 4, 6, 8, 2, 1, 0], [28, 27, 24, 23, 20, 19, 18, 17, 15, 13, 4, 10, 7, 11, 12, 8, 0], [28, 22, 16, 10, 1, 6, 5, 2, 12, 0, 0, 0, 0, 0, 0, 0, 0], [28, 27, 25, 24, 20, 17, 16, 15, 13, 11, 4, 10, 5, 2, 9, 8, 0], [19, 22, 9, 0, 0, 0, 0, 0, 0, 0, 0, 0, 0, 0, 0, 0, 0], [10, 26, 22, 23, 16, 13, 0, 0, 0, 0, 0, 0, 0, 0, 0, 0, 0], [28, 27, 25, 24, 23, 21, 19, 18, 17, 15, 7, 10, 1, 11, 9, 3, 0]]
gen=[[13, 23, 2, 15, 12, 21, 1, 24, 5, 28, 0, 0, 0, 0, 0, 0, 0], [3, 8, 6, 24, 13, 4, 21, 14, 1, 18, 27, 17, 5, 28, 26, 0, 0], [3, 8, 22, 25, 6, 7, 4, 1, 21, 27, 17, 14, 26, 5, 28, 11, 0], [8, 23, 4, 6, 2, 7, 12, 1, 27, 20, 28, 19, 17, 13, 11, 14, 0], [8, 15, 23, 27, 4, 7, 10, 12, 18, 20, 19, 17, 28, 24, 11, 13, 0], [16, 22, 6, 2, 10, 1, 12, 5, 28, 0, 0, 0, 0, 0, 0, 0, 0], [16, 8, 25, 4, 2, 15, 28, 24, 9, 10, 20, 11, 17, 27, 5, 13, 0], [9, 22, 19, 0, 0, 0, 0, 0, 0, 0, 0, 0, 0, 0, 0, 0, 0], [16, 22, 23, 26, 13, 10, 0, 0, 0, 0, 0, 0, 0, 0, 0, 0, 0], [3, 23, 25, 15, 21, 7, 9, 28, 24, 1, 27, 17, 10, 19, 18, 11, 0]]
valid routes=1.0
norm-reward=0.865498120386681
[ 36 iterations]
real=[[28, 26, 25, 24, 23, 21, 20, 18, 16, 15, 7, 4, 6, 2, 14, 8, 0], [11, 15, 6, 23, 12, 19, 0, 0, 0, 0, 0, 0, 0, 0, 0, 0, 0], [10, 26, 28, 0, 0, 0, 0, 0, 0, 0, 0, 0, 0, 0, 0, 0, 0], [27, 25, 24, 22, 20, 19, 18, 15, 14, 12, 10, 4, 7, 1, 9, 13, 0], [28, 27, 26, 24, 22, 20, 18, 16, 15, 13, 8, 9, 7, 2, 14, 3, 0], [16, 18, 5, 1, 14, 2, 0, 0, 0, 0, 0, 0, 0, 0, 0, 0, 0], [27, 25, 24, 23, 22, 17, 16, 12, 14, 9, 15, 10, 5, 0, 0, 0, 0], [4, 11, 5, 0, 0, 0, 0, 0, 0, 0, 0, 0, 0, 0, 0, 0, 0], [28, 25, 24, 23, 22, 21, 20, 17, 16, 13, 10, 4, 6, 5, 14, 2, 0], [28, 6, 27, 4, 14, 7, 13, 0, 0, 0, 0, 0, 0, 0, 0, 0, 0]]
gen=[[16, 8, 15, 2, 6, 25, 23, 7, 4, 20, 26, 21, 14, 18, 24, 28, 0], [6, 23, 15, 12, 19, 11, 0, 0, 0, 0, 0, 0, 0, 0, 0, 0, 0], [26, 10, 28, 0, 0, 0, 0, 0, 0, 0, 0, 0, 0, 0, 0, 0, 0], [22, 7, 20, 25, 15, 4, 13, 12, 24, 1, 9, 27, 10, 19, 14, 18, 0], [16, 22, 3, 8, 2, 15, 7, 20, 26, 24, 9, 14, 13, 27, 28, 18, 0], [16, 2, 1, 5, 18, 14, 0, 0, 0, 0, 0, 0, 0, 0, 0, 0, 0], [16, 22, 25, 23, 12, 15, 9, 24, 17, 14, 10, 27, 5, 0, 0, 0, 0], [5, 4, 11, 0, 0, 0, 0, 0, 0, 0, 0, 0, 0, 0, 0, 0, 0], [16, 22, 20, 2, 25, 6, 4, 23, 24, 28, 13, 10, 14, 21, 17, 5, 0], [7, 6, 13, 4, 28, 14, 27, 0, 0, 0, 0, 0, 0, 0, 0, 0, 0]]
valid routes=1.0
norm-reward=0.8572718670937614
[ 37 iterations]
real=[[28, 27, 26, 23, 22, 19, 18, 17, 16, 8, 7, 4, 1, 5, 14, 3, 0], [28, 27, 26, 25, 24, 23, 20, 16, 14, 12, 13, 10, 3, 11, 2, 4, 0], [10, 0, 0, 0, 0, 0, 0, 0, 0, 0, 0, 0, 0, 0, 0, 0, 0], [26, 25, 24, 21, 20, 19, 18, 14, 7, 11, 15, 6, 5, 3, 0, 0, 0], [28, 25, 22, 21, 19, 18, 17, 13, 12, 9, 7, 11, 1, 8, 2, 3, 0], [28, 26, 25, 20, 19, 17, 16, 14, 13, 11, 7, 10, 5, 3, 2, 0, 0], [10, 28, 14, 3, 22, 7, 0, 0, 0, 0, 0, 0, 0, 0, 0, 0, 0], [26, 21, 18, 17, 16, 15, 14, 13, 12, 11, 7, 6, 1, 5, 10, 8, 0], [27, 25, 23, 22, 21, 17, 16, 13, 12, 9, 7, 10, 6, 5, 2, 3, 0], [28, 24, 21, 10, 16, 19, 2, 18, 11, 0, 0, 0, 0, 0, 0, 0, 0]]
gen=[[16, 22, 3, 8, 7, 23, 4, 1, 26, 14, 5, 18, 27, 28, 17, 19, 0], [16, 3, 23, 2, 25, 12, 4, 13, 11, 26, 20, 10, 28, 27, 24, 14, 0], [10, 0, 0, 0, 0, 0, 0, 0, 0, 0, 0, 0, 0, 0, 0, 0, 0], [3, 25, 15, 6, 7, 18, 26, 20, 14, 5, 24, 21, 19, 11, 0, 0, 0], [3, 8, 22, 2, 25, 7, 21, 9, 13, 1, 12, 19, 18, 28, 17, 11, 0], [16, 3, 25, 2, 7, 13, 14, 10, 5, 11, 19, 28, 26, 20, 17, 0, 0], [3, 22, 7, 10, 14, 28, 0, 0, 0, 0, 0, 0, 0, 0, 0, 0, 0], [16, 8, 6, 15, 12, 7, 1, 21, 13, 11, 14, 5, 26, 10, 18, 17, 0], [16, 22, 3, 25, 2, 6, 23, 7, 12, 10, 27, 9, 5, 21, 13, 17, 0], [16, 2, 24, 21, 28, 10, 19, 11, 18, 0, 0, 0, 0, 0, 0, 0, 0]]
valid routes=1.0
norm-reward=0.8549222491314601
[ 38 iterations]
real=[[27, 26, 25, 23, 21, 20, 16, 10, 7, 9, 3, 6, 1, 5, 2, 0, 0], [28, 27, 26, 25, 21, 19, 18, 16, 13, 1, 7, 10, 6, 5, 2, 0, 0], [28, 27, 26, 23, 20, 19, 17, 16, 12, 9, 4, 10, 1, 8, 2, 3, 0], [24, 23, 17, 12, 13, 7, 10, 11, 8, 1, 0, 0, 0, 0, 0, 0, 0], [28, 27, 26, 22, 21, 20, 19, 17, 13, 9, 4, 18, 1, 0, 0, 0, 0], [28, 25, 22, 21, 20, 19, 16, 15, 12, 9, 7, 4, 6, 11, 2, 1, 0], [26, 25, 23, 22, 21, 7, 19, 17, 8, 1, 18, 0, 0, 0, 0, 0, 0], [27, 24, 23, 20, 16, 14, 12, 10, 8, 9, 7, 4, 6, 3, 2, 0, 0], [28, 24, 20, 4, 14, 6, 5, 12, 7, 0, 0, 0, 0, 0, 0, 0, 0], [25, 8, 21, 28, 22, 7, 0, 0, 0, 0, 0, 0, 0, 0, 0, 0, 0]]
gen=[[16, 3, 23, 2, 25, 6, 7, 1, 20, 9, 21, 27, 26, 10, 5, 0, 0], [16, 25, 2, 6, 7, 21, 1, 10, 27, 28, 13, 26, 19, 5, 18, 0, 0], [16, 3, 8, 2, 23, 4, 12, 1, 19, 20, 10, 27, 28, 9, 26, 17, 0], [8, 23, 7, 10, 12, 1, 24, 13, 17, 11, 0, 0, 0, 0, 0, 0, 0], [22, 4, 21, 13, 20, 9, 26, 1, 19, 27, 17, 28, 18, 0, 0, 0, 0], [16, 22, 25, 2, 6, 4, 15, 7, 1, 12, 9, 11, 19, 28, 20, 21, 0], [8, 22, 7, 25, 23, 21, 1, 26, 18, 19, 17, 0, 0, 0, 0, 0, 0], [16, 3, 8, 2, 6, 23, 4, 7, 12, 20, 10, 27, 14, 24, 9, 0, 0], [28, 6, 7, 4, 12, 14, 20, 5, 24, 0, 0, 0, 0, 0, 0, 0, 0], [8, 22, 7, 21, 25, 28, 0, 0, 0, 0, 0, 0, 0, 0, 0, 0, 0]]
valid routes=1.0
norm-reward=0.8579315648191735
[ 39 iterations]
real=[[8, 0, 0, 0, 0, 0, 0, 0, 0, 0, 0, 0, 0, 0, 0, 0, 0], [25, 24, 23, 21, 20, 18, 14, 17, 3, 9, 10, 6, 1, 0, 0, 0, 0], [26, 24, 20, 7, 14, 9, 25, 18, 0, 0, 0, 0, 0, 0, 0, 0, 0], [9, 6, 8, 25, 16, 0, 0, 0, 0, 0, 0, 0, 0, 0, 0, 0, 0], [27, 25, 24, 23, 18, 17, 5, 3, 8, 1, 11, 9, 0, 0, 0, 0, 0], [26, 24, 22, 21, 19, 17, 16, 14, 12, 3, 7, 10, 5, 8, 9, 0, 0], [26, 24, 23, 22, 18, 17, 14, 12, 11, 8, 7, 4, 1, 5, 6, 3, 0], [19, 6, 14, 11, 22, 8, 0, 0, 0, 0, 0, 0, 0, 0, 0, 0, 0], [28, 26, 23, 21, 20, 19, 18, 13, 12, 8, 7, 4, 6, 5, 10, 3, 0], [28, 26, 24, 18, 14, 13, 11, 12, 3, 1, 7, 9, 5, 0, 0, 0, 0]]
gen=[[8, 0, 0, 0, 0, 0, 0, 0, 0, 0, 0, 0, 0, 0, 0, 0, 0], [3, 25, 6, 23, 21, 1, 24, 17, 9, 20, 14, 10, 18, 0, 0, 0, 0], [25, 7, 20, 18, 14, 26, 9, 24, 0, 0, 0, 0, 0, 0, 0, 0, 0], [16, 8, 25, 6, 9, 0, 0, 0, 0, 0, 0, 0, 0, 0, 0, 0, 0], [3, 8, 25, 23, 9, 17, 1, 18, 11, 24, 5, 27, 0, 0, 0, 0, 0], [16, 22, 3, 8, 21, 7, 12, 24, 10, 17, 9, 19, 26, 5, 14, 0, 0], [3, 22, 8, 23, 6, 7, 4, 12, 1, 11, 24, 26, 17, 14, 5, 18, 0], [8, 22, 19, 6, 11, 14, 0, 0, 0, 0, 0, 0, 0, 0, 0, 0, 0], [3, 8, 6, 23, 4, 21, 12, 7, 13, 20, 19, 18, 26, 5, 28, 10, 0], [3, 9, 7, 5, 13, 12, 1, 14, 28, 11, 24, 18, 26, 0, 0, 0, 0]]
valid routes=1.0
norm-reward=0.8564771493364114
[ 40 iterations]
real=[[27, 26, 25, 24, 23, 22, 21, 20, 16, 12, 11, 9, 1, 5, 14, 2, 0], [27, 26, 24, 20, 16, 14, 5, 3, 7, 12, 10, 6, 0, 0, 0, 0, 0], [24, 23, 14, 10, 16, 9, 1, 2, 11, 0, 0, 0, 0, 0, 0, 0, 0], [26, 22, 17, 25, 12, 4, 10, 3, 0, 0, 0, 0, 0, 0, 0, 0, 0], [28, 26, 25, 24, 23, 20, 16, 13, 11, 4, 7, 6, 1, 5, 9, 0, 0], [17, 24, 5, 7, 6, 9, 16, 0, 0, 0, 0, 0, 0, 0, 0, 0, 0], [28, 22, 3, 0, 0, 0, 0, 0, 0, 0, 0, 0, 0, 0, 0, 0, 0], [22, 19, 20, 4, 10, 6, 1, 5, 0, 0, 0, 0, 0, 0, 0, 0, 0], [28, 27, 26, 23, 22, 20, 18, 16, 14, 11, 7, 10, 6, 5, 2, 8, 0], [28, 27, 24, 19, 12, 13, 5, 17, 4, 1, 0, 0, 0, 0, 0, 0, 0]]
gen=[[16, 22, 23, 2, 25, 14, 21, 26, 1, 24, 12, 11, 20, 9, 27, 5, 0], [16, 3, 12, 6, 7, 26, 24, 20, 14, 10, 5, 27, 0, 0, 0, 0, 0], [16, 23, 2, 1, 14, 24, 10, 9, 11, 0, 0, 0, 0, 0, 0, 0, 0], [3, 22, 25, 4, 26, 12, 10, 17, 0, 0, 0, 0, 0, 0, 0, 0, 0], [16, 7, 23, 25, 6, 4, 9, 26, 1, 20, 11, 24, 13, 5, 28, 0, 0], [16, 7, 6, 5, 9, 24, 17, 0, 0, 0, 0, 0, 0, 0, 0, 0, 0], [3, 22, 28, 0, 0, 0, 0, 0, 0, 0, 0, 0, 0, 0, 0, 0, 0], [4, 22, 6, 1, 20, 10, 5, 19, 0, 0, 0, 0, 0, 0, 0, 0, 0], [16, 22, 8, 2, 6, 23, 7, 28, 20, 10, 14, 27, 5, 26, 18, 11, 0], [28, 4, 13, 12, 24, 1, 19, 17, 27, 5, 0, 0, 0, 0, 0, 0, 0]]
valid routes=1.0
norm-reward=0.8609564966918278
[ 41 iterations]
real=[[27, 23, 22, 21, 19, 18, 17, 16, 14, 12, 15, 4, 6, 3, 9, 0, 0], [2, 21, 1, 0, 0, 0, 0, 0, 0, 0, 0, 0, 0, 0, 0, 0, 0], [1, 24, 0, 0, 0, 0, 0, 0, 0, 0, 0, 0, 0, 0, 0, 0, 0], [28, 27, 24, 22, 21, 19, 18, 16, 14, 12, 10, 6, 1, 11, 9, 8, 0], [28, 27, 26, 25, 20, 19, 18, 17, 15, 12, 8, 4, 7, 3, 14, 1, 0], [28, 27, 25, 23, 21, 20, 18, 17, 14, 12, 7, 10, 6, 5, 4, 13, 0], [11, 24, 27, 21, 12, 3, 0, 0, 0, 0, 0, 0, 0, 0, 0, 0, 0], [28, 27, 25, 24, 21, 20, 15, 13, 10, 9, 7, 6, 1, 5, 2, 8, 0], [28, 26, 24, 23, 22, 16, 1, 18, 8, 20, 0, 0, 0, 0, 0, 0, 0], [28, 26, 25, 23, 20, 19, 18, 16, 15, 13, 12, 4, 6, 11, 14, 3, 0]]
gen=[[16, 22, 3, 6, 23, 4, 15, 12, 9, 19, 18, 21, 17, 14, 27, 0, 0], [2, 1, 21, 0, 0, 0, 0, 0, 0, 0, 0, 0, 0, 0, 0, 0, 0], [1, 24, 0, 0, 0, 0, 0, 0, 0, 0, 0, 0, 0, 0, 0, 0, 0], [16, 22, 8, 6, 21, 10, 1, 12, 24, 14, 11, 9, 19, 28, 18, 27, 0], [8, 3, 4, 25, 12, 15, 7, 1, 20, 28, 19, 14, 27, 26, 17, 18, 0], [27, 25, 23, 4, 6, 7, 12, 14, 10, 20, 17, 28, 5, 21, 13, 18, 0], [3, 11, 21, 12, 27, 24, 0, 0, 0, 0, 0, 0, 0, 0, 0, 0, 0], [8, 7, 2, 25, 6, 15, 21, 9, 24, 1, 10, 20, 27, 5, 28, 13, 0], [16, 22, 8, 23, 26, 1, 24, 20, 28, 18, 0, 0, 0, 0, 0, 0, 0], [16, 3, 25, 6, 23, 12, 15, 4, 28, 18, 11, 26, 14, 20, 19, 13, 0]]
valid routes=1.0
norm-reward=0.8610512526522943
[ 42 iterations]
real=[[25, 15, 14, 3, 16, 8, 0, 0, 0, 0, 0, 0, 0, 0, 0, 0, 0], [28, 27, 26, 25, 24, 23, 16, 15, 12, 9, 4, 10, 7, 3, 2, 1, 0], [28, 27, 26, 25, 24, 20, 19, 18, 17, 14, 7, 10, 1, 5, 9, 8, 0], [22, 18, 20, 4, 12, 7, 15, 17, 0, 0, 0, 0, 0, 0, 0, 0, 0], [26, 15, 18, 23, 13, 7, 16, 0, 0, 0, 0, 0, 0, 0, 0, 0, 0], [14, 24, 18, 11, 0, 0, 0, 0, 0, 0, 0, 0, 0, 0, 0, 0, 0], [27, 26, 24, 22, 20, 18, 16, 15, 14, 11, 13, 10, 1, 5, 2, 8, 0], [28, 27, 6, 11, 15, 13, 10, 17, 0, 0, 0, 0, 0, 0, 0, 0, 0], [17, 7, 27, 3, 22, 0, 0, 0, 0, 0, 0, 0, 0, 0, 0, 0, 0], [17, 2, 5, 28, 14, 0, 0, 0, 0, 0, 0, 0, 0, 0, 0, 0, 0]]
gen=[[16, 3, 8, 25, 15, 14, 0, 0, 0, 0, 0, 0, 0, 0, 0, 0, 0], [16, 3, 25, 2, 23, 12, 15, 4, 7, 26, 1, 10, 9, 27, 28, 24, 0], [8, 7, 25, 28, 5, 20, 24, 1, 10, 9, 14, 27, 17, 19, 18, 26, 0], [22, 4, 7, 15, 12, 17, 20, 18, 0, 0, 0, 0, 0, 0, 0, 0, 0], [16, 23, 7, 15, 26, 18, 13, 0, 0, 0, 0, 0, 0, 0, 0, 0, 0], [14, 11, 24, 18, 0, 0, 0, 0, 0, 0, 0, 0, 0, 0, 0, 0, 0], [16, 22, 8, 2, 15, 20, 1, 26, 24, 13, 11, 14, 27, 10, 18, 5, 0], [27, 10, 15, 6, 13, 28, 17, 11, 0, 0, 0, 0, 0, 0, 0, 0, 0], [3, 22, 7, 27, 17, 0, 0, 0, 0, 0, 0, 0, 0, 0, 0, 0, 0], [2, 28, 5, 14, 17, 0, 0, 0, 0, 0, 0, 0, 0, 0, 0, 0, 0]]
valid routes=1.0
norm-reward=0.859306180390813
[ 43 iterations]
real=[[28, 27, 25, 24, 22, 19, 17, 14, 12, 9, 10, 6, 5, 8, 2, 3, 0], [8, 0, 0, 0, 0, 0, 0, 0, 0, 0, 0, 0, 0, 0, 0, 0, 0], [2, 11, 5, 3, 0, 0, 0, 0, 0, 0, 0, 0, 0, 0, 0, 0, 0], [28, 27, 26, 23, 22, 21, 20, 15, 14, 11, 4, 10, 6, 5, 2, 3, 0], [26, 24, 21, 20, 14, 19, 3, 17, 8, 16, 0, 0, 0, 0, 0, 0, 0], [24, 20, 17, 4, 12, 9, 5, 2, 11, 0, 0, 0, 0, 0, 0, 0, 0], [28, 27, 26, 25, 23, 21, 20, 16, 15, 13, 12, 4, 1, 9, 14, 3, 0], [16, 24, 5, 4, 12, 9, 11, 0, 0, 0, 0, 0, 0, 0, 0, 0, 0], [28, 27, 26, 24, 23, 16, 14, 12, 8, 1, 7, 4, 5, 3, 6, 0, 0], [27, 25, 24, 23, 22, 20, 17, 16, 13, 12, 7, 10, 6, 3, 9, 4, 0]]
gen=[[8, 3, 22, 2, 25, 6, 10, 27, 9, 24, 12, 14, 5, 28, 17, 19, 0], [8, 0, 0, 0, 0, 0, 0, 0, 0, 0, 0, 0, 0, 0, 0, 0, 0], [3, 2, 5, 11, 0, 0, 0, 0, 0, 0, 0, 0, 0, 0, 0, 0, 0], [3, 22, 2, 4, 23, 6, 15, 21, 11, 27, 5, 20, 14, 26, 10, 28, 0], [16, 3, 8, 21, 26, 20, 24, 19, 14, 17, 0, 0, 0, 0, 0, 0, 0], [2, 20, 4, 12, 5, 9, 24, 17, 11, 0, 0, 0, 0, 0, 0, 0, 0], [16, 3, 23, 25, 15, 4, 13, 14, 12, 20, 1, 28, 26, 21, 9, 27, 0], [16, 4, 12, 9, 5, 24, 11, 0, 0, 0, 0, 0, 0, 0, 0, 0, 0], [16, 3, 8, 23, 6, 12, 7, 4, 1, 5, 14, 26, 28, 24, 27, 0, 0], [16, 22, 3, 25, 6, 4, 23, 7, 12, 20, 10, 27, 9, 24, 13, 17, 0]]
valid routes=1.0
norm-reward=0.8638276137235231
[ 44 iterations]
real=[[28, 25, 24, 19, 17, 14, 12, 8, 6, 1, 2, 10, 5, 3, 0, 0, 0], [25, 2, 15, 0, 0, 0, 0, 0, 0, 0, 0, 0, 0, 0, 0, 0, 0], [2, 0, 0, 0, 0, 0, 0, 0, 0, 0, 0, 0, 0, 0, 0, 0, 0], [19, 26, 5, 28, 6, 0, 0, 0, 0, 0, 0, 0, 0, 0, 0, 0, 0], [21, 0, 0, 0, 0, 0, 0, 0, 0, 0, 0, 0, 0, 0, 0, 0, 0], [10, 2, 0, 0, 0, 0, 0, 0, 0, 0, 0, 0, 0, 0, 0, 0, 0], [28, 27, 26, 25, 24, 22, 19, 18, 13, 11, 7, 6, 1, 8, 10, 3, 0], [1, 15, 4, 0, 0, 0, 0, 0, 0, 0, 0, 0, 0, 0, 0, 0, 0], [23, 7, 5, 0, 0, 0, 0, 0, 0, 0, 0, 0, 0, 0, 0, 0, 0], [27, 0, 0, 0, 0, 0, 0, 0, 0, 0, 0, 0, 0, 0, 0, 0, 0]]
gen=[[3, 8, 2, 25, 6, 12, 1, 10, 24, 14, 19, 28, 5, 17, 0, 0, 0], [2, 25, 15, 0, 0, 0, 0, 0, 0, 0, 0, 0, 0, 0, 0, 0, 0], [2, 0, 0, 0, 0, 0, 0, 0, 0, 0, 0, 0, 0, 0, 0, 0, 0], [6, 26, 5, 19, 28, 0, 0, 0, 0, 0, 0, 0, 0, 0, 0, 0, 0], [21, 0, 0, 0, 0, 0, 0, 0, 0, 0, 0, 0, 0, 0, 0, 0, 0], [2, 10, 0, 0, 0, 0, 0, 0, 0, 0, 0, 0, 0, 0, 0, 0, 0], [3, 22, 8, 25, 6, 7, 11, 1, 26, 13, 24, 27, 10, 18, 19, 28, 0], [15, 4, 1, 0, 0, 0, 0, 0, 0, 0, 0, 0, 0, 0, 0, 0, 0], [23, 7, 5, 0, 0, 0, 0, 0, 0, 0, 0, 0, 0, 0, 0, 0, 0], [27, 0, 0, 0, 0, 0, 0, 0, 0, 0, 0, 0, 0, 0, 0, 0, 0]]
valid routes=1.0
norm-reward=0.8559726545337359
[ 45 iterations]
real=[[28, 24, 23, 21, 15, 13, 5, 2, 12, 1, 0, 0, 0, 0, 0, 0, 0], [28, 27, 26, 24, 21, 18, 17, 14, 13, 1, 3, 4, 5, 8, 6, 0, 0], [28, 27, 26, 25, 22, 21, 17, 14, 11, 8, 7, 4, 1, 5, 6, 3, 0], [28, 27, 23, 20, 19, 17, 14, 13, 12, 11, 7, 4, 6, 8, 2, 1, 0], [28, 27, 24, 23, 20, 19, 18, 17, 15, 13, 4, 10, 7, 11, 12, 8, 0], [28, 22, 16, 10, 1, 6, 5, 2, 12, 0, 0, 0, 0, 0, 0, 0, 0], [28, 27, 25, 24, 20, 17, 16, 15, 13, 11, 4, 10, 5, 2, 9, 8, 0], [19, 22, 9, 0, 0, 0, 0, 0, 0, 0, 0, 0, 0, 0, 0, 0, 0], [10, 26, 22, 23, 16, 13, 0, 0, 0, 0, 0, 0, 0, 0, 0, 0, 0], [28, 27, 25, 24, 23, 21, 19, 18, 17, 15, 7, 10, 1, 11, 9, 3, 0]]
gen=[[23, 2, 15, 21, 12, 1, 24, 28, 13, 5, 0, 0, 0, 0, 0, 0, 0], [3, 8, 6, 4, 17, 13, 21, 26, 1, 18, 24, 27, 5, 28, 14, 0, 0], [3, 22, 8, 7, 25, 6, 4, 21, 26, 1, 14, 27, 5, 11, 28, 17, 0], [8, 7, 2, 4, 6, 12, 23, 1, 20, 14, 17, 28, 27, 11, 13, 19, 0], [8, 23, 15, 4, 12, 7, 24, 20, 10, 13, 27, 28, 18, 17, 19, 11, 0], [16, 22, 2, 6, 12, 1, 10, 5, 28, 0, 0, 0, 0, 0, 0, 0, 0], [16, 8, 25, 2, 4, 15, 20, 13, 9, 24, 27, 11, 10, 5, 17, 28, 0], [9, 22, 19, 0, 0, 0, 0, 0, 0, 0, 0, 0, 0, 0, 0, 0, 0], [16, 22, 23, 10, 26, 13, 0, 0, 0, 0, 0, 0, 0, 0, 0, 0, 0], [3, 23, 25, 15, 7, 21, 1, 11, 9, 24, 18, 10, 19, 27, 28, 17, 0]]
valid routes=1.0
norm-reward=0.8639315174579286
[ 46 iterations]
real=[[28, 26, 25, 24, 23, 21, 20, 18, 16, 15, 7, 4, 6, 2, 14, 8, 0], [11, 15, 6, 23, 12, 19, 0, 0, 0, 0, 0, 0, 0, 0, 0, 0, 0], [10, 26, 28, 0, 0, 0, 0, 0, 0, 0, 0, 0, 0, 0, 0, 0, 0], [27, 25, 24, 22, 20, 19, 18, 15, 14, 12, 10, 4, 7, 1, 9, 13, 0], [28, 27, 26, 24, 22, 20, 18, 16, 15, 13, 8, 9, 7, 2, 14, 3, 0], [16, 18, 5, 1, 14, 2, 0, 0, 0, 0, 0, 0, 0, 0, 0, 0, 0], [27, 25, 24, 23, 22, 17, 16, 12, 14, 9, 15, 10, 5, 0, 0, 0, 0], [4, 11, 5, 0, 0, 0, 0, 0, 0, 0, 0, 0, 0, 0, 0, 0, 0], [28, 25, 24, 23, 22, 21, 20, 17, 16, 13, 10, 4, 6, 5, 14, 2, 0], [28, 6, 27, 4, 14, 7, 13, 0, 0, 0, 0, 0, 0, 0, 0, 0, 0]]
gen=[[16, 8, 2, 25, 23, 6, 15, 4, 7, 20, 26, 18, 21, 14, 24, 28, 0], [23, 15, 6, 12, 11, 19, 0, 0, 0, 0, 0, 0, 0, 0, 0, 0, 0], [26, 10, 28, 0, 0, 0, 0, 0, 0, 0, 0, 0, 0, 0, 0, 0, 0], [22, 7, 25, 4, 15, 20, 14, 9, 12, 19, 1, 24, 27, 18, 13, 10, 0], [16, 22, 3, 2, 8, 15, 7, 26, 24, 27, 28, 14, 9, 18, 20, 13, 0], [16, 2, 1, 5, 14, 18, 0, 0, 0, 0, 0, 0, 0, 0, 0, 0, 0], [16, 22, 25, 23, 15, 12, 10, 9, 27, 24, 17, 14, 5, 0, 0, 0, 0], [4, 11, 5, 0, 0, 0, 0, 0, 0, 0, 0, 0, 0, 0, 0, 0, 0], [16, 22, 2, 25, 4, 6, 21, 23, 24, 10, 20, 14, 5, 17, 13, 28, 0], [6, 7, 4, 13, 14, 27, 28, 0, 0, 0, 0, 0, 0, 0, 0, 0, 0]]
valid routes=1.0
norm-reward=0.8681865137514054
[ 47 iterations]
real=[[28, 27, 26, 23, 22, 19, 18, 17, 16, 8, 7, 4, 1, 5, 14, 3, 0], [28, 27, 26, 25, 24, 23, 20, 16, 14, 12, 13, 10, 3, 11, 2, 4, 0], [10, 0, 0, 0, 0, 0, 0, 0, 0, 0, 0, 0, 0, 0, 0, 0, 0], [26, 25, 24, 21, 20, 19, 18, 14, 7, 11, 15, 6, 5, 3, 0, 0, 0], [28, 25, 22, 21, 19, 18, 17, 13, 12, 9, 7, 11, 1, 8, 2, 3, 0], [28, 26, 25, 20, 19, 17, 16, 14, 13, 11, 7, 10, 5, 3, 2, 0, 0], [10, 28, 14, 3, 22, 7, 0, 0, 0, 0, 0, 0, 0, 0, 0, 0, 0], [26, 21, 18, 17, 16, 15, 14, 13, 12, 11, 7, 6, 1, 5, 10, 8, 0], [27, 25, 23, 22, 21, 17, 16, 13, 12, 9, 7, 10, 6, 5, 2, 3, 0], [28, 24, 21, 10, 16, 19, 2, 18, 11, 0, 0, 0, 0, 0, 0, 0, 0]]
gen=[[16, 22, 3, 8, 23, 4, 7, 1, 26, 14, 19, 18, 28, 5, 17, 27, 0], [16, 3, 2, 25, 23, 4, 12, 10, 26, 20, 28, 27, 14, 13, 24, 11, 0], [10, 0, 0, 0, 0, 0, 0, 0, 0, 0, 0, 0, 0, 0, 0, 0, 0], [3, 25, 15, 6, 7, 21, 24, 20, 19, 18, 14, 26, 11, 5, 0, 0, 0], [3, 22, 8, 2, 25, 7, 21, 1, 9, 11, 12, 28, 19, 13, 17, 18, 0], [16, 3, 2, 25, 7, 20, 26, 14, 19, 10, 13, 28, 5, 11, 17, 0, 0], [3, 22, 7, 10, 14, 28, 0, 0, 0, 0, 0, 0, 0, 0, 0, 0, 0], [16, 8, 5, 6, 15, 7, 10, 1, 26, 13, 12, 18, 11, 21, 17, 14, 0], [16, 22, 3, 2, 23, 6, 25, 7, 12, 9, 10, 27, 5, 13, 17, 21, 0], [16, 10, 2, 21, 18, 24, 19, 28, 11, 0, 0, 0, 0, 0, 0, 0, 0]]
valid routes=1.0
norm-reward=0.8668210315627929
[ 48 iterations]
real=[[27, 26, 25, 23, 21, 20, 16, 10, 7, 9, 3, 6, 1, 5, 2, 0, 0], [28, 27, 26, 25, 21, 19, 18, 16, 13, 1, 7, 10, 6, 5, 2, 0, 0], [28, 27, 26, 23, 20, 19, 17, 16, 12, 9, 4, 10, 1, 8, 2, 3, 0], [24, 23, 17, 12, 13, 7, 10, 11, 8, 1, 0, 0, 0, 0, 0, 0, 0], [28, 27, 26, 22, 21, 20, 19, 17, 13, 9, 4, 18, 1, 0, 0, 0, 0], [28, 25, 22, 21, 20, 19, 16, 15, 12, 9, 7, 4, 6, 11, 2, 1, 0], [26, 25, 23, 22, 21, 7, 19, 17, 8, 1, 18, 0, 0, 0, 0, 0, 0], [27, 24, 23, 20, 16, 14, 12, 10, 8, 9, 7, 4, 6, 3, 2, 0, 0], [28, 24, 20, 4, 14, 6, 5, 12, 7, 0, 0, 0, 0, 0, 0, 0, 0], [25, 8, 21, 28, 22, 7, 0, 0, 0, 0, 0, 0, 0, 0, 0, 0, 0]]
gen=[[16, 3, 2, 25, 6, 23, 7, 10, 9, 1, 20, 21, 26, 27, 5, 0, 0], [16, 6, 2, 25, 7, 21, 1, 10, 26, 19, 28, 27, 5, 13, 18, 0, 0], [16, 3, 8, 2, 23, 4, 12, 20, 1, 17, 10, 9, 19, 28, 26, 27, 0], [8, 7, 23, 13, 1, 12, 24, 17, 10, 11, 0, 0, 0, 0, 0, 0, 0], [22, 4, 27, 21, 17, 1, 26, 13, 9, 20, 28, 18, 19, 0, 0, 0, 0], [16, 22, 2, 7, 25, 6, 4, 12, 15, 1, 19, 9, 20, 21, 28, 11, 0], [22, 8, 25, 7, 21, 23, 18, 1, 26, 19, 17, 0, 0, 0, 0, 0, 0], [16, 3, 8, 2, 23, 6, 4, 7, 12, 20, 14, 24, 9, 10, 27, 0, 0], [6, 7, 4, 12, 24, 14, 20, 5, 28, 0, 0, 0, 0, 0, 0, 0, 0], [8, 22, 7, 25, 21, 28, 0, 0, 0, 0, 0, 0, 0, 0, 0, 0, 0]]
valid routes=1.0
norm-reward=0.864771475945629
[ 49 iterations]
real=[[8, 0, 0, 0, 0, 0, 0, 0, 0, 0, 0, 0, 0, 0, 0, 0, 0], [25, 24, 23, 21, 20, 18, 14, 17, 3, 9, 10, 6, 1, 0, 0, 0, 0], [26, 24, 20, 7, 14, 9, 25, 18, 0, 0, 0, 0, 0, 0, 0, 0, 0], [9, 6, 8, 25, 16, 0, 0, 0, 0, 0, 0, 0, 0, 0, 0, 0, 0], [27, 25, 24, 23, 18, 17, 5, 3, 8, 1, 11, 9, 0, 0, 0, 0, 0], [26, 24, 22, 21, 19, 17, 16, 14, 12, 3, 7, 10, 5, 8, 9, 0, 0], [26, 24, 23, 22, 18, 17, 14, 12, 11, 8, 7, 4, 1, 5, 6, 3, 0], [19, 6, 14, 11, 22, 8, 0, 0, 0, 0, 0, 0, 0, 0, 0, 0, 0], [28, 26, 23, 21, 20, 19, 18, 13, 12, 8, 7, 4, 6, 5, 10, 3, 0], [28, 26, 24, 18, 14, 13, 11, 12, 3, 1, 7, 9, 5, 0, 0, 0, 0]]
gen=[[8, 0, 0, 0, 0, 0, 0, 0, 0, 0, 0, 0, 0, 0, 0, 0, 0], [3, 25, 23, 6, 21, 14, 1, 9, 20, 24, 10, 17, 18, 0, 0, 0, 0], [20, 7, 25, 24, 18, 9, 14, 26, 0, 0, 0, 0, 0, 0, 0, 0, 0], [16, 8, 25, 6, 9, 0, 0, 0, 0, 0, 0, 0, 0, 0, 0, 0, 0], [3, 8, 23, 25, 24, 1, 9, 17, 5, 11, 18, 27, 0, 0, 0, 0, 0], [16, 22, 3, 8, 7, 10, 12, 26, 9, 24, 17, 21, 5, 14, 19, 0, 0], [3, 22, 8, 4, 7, 23, 6, 1, 12, 24, 11, 14, 17, 5, 26, 18, 0], [8, 22, 6, 19, 11, 14, 0, 0, 0, 0, 0, 0, 0, 0, 0, 0, 0], [3, 8, 23, 7, 12, 6, 4, 13, 26, 20, 10, 21, 28, 18, 5, 19, 0], [3, 7, 9, 26, 13, 24, 12, 1, 11, 14, 5, 28, 18, 0, 0, 0, 0]]
valid routes=1.0
norm-reward=0.8660503625692764
