read problem
[ 10 iterations]
real= [[ 6 21 14  3  9  0  0  0  0  0  0  0  0  0  0  0  0]
 [25 21 18  0  0  0  0  0  0  0  0  0  0  0  0  0  0]
 [15  0  0  0  0  0  0  0  0  0  0  0  0  0  0  0  0]
 [ 5  8 28 24 22  0  0  0  0  0  0  0  0  0  0  0  0]
 [17  1 15 26  0  0  0  0  0  0  0  0  0  0  0  0  0]
 [28 17 13  7 15  0  0  0  0  0  0  0  0  0  0  0  0]
 [17 19  9 14 11  0  0  0  0  0  0  0  0  0  0  0  0]
 [25 16 18 27  0  0  0  0  0  0  0  0  0  0  0  0  0]
 [23  0  0  0  0  0  0  0  0  0  0  0  0  0  0  0  0]
 [14 13 15  7  0  0  0  0  0  0  0  0  0  0  0  0  0]]
gen= [[21  9  3 14  0  0  0  0  0  0  0  0  0  0  0  0  0]
 [21 25  0  0  0  0  0  0  0  0  0  0  0  0  0  0  0]
 [15  0  0  0  0  0  0  0  0  0  0  0  0  0  0  0  0]
 [22 24  8 28  0  0  0  0  0  0  0  0  0  0  0  0  0]
 [26  1 15 17  0  0  0  0  0  0  0  0  0  0  0  0  0]
 [ 7 28 13 17 15  0  0  0  0  0  0  0  0  0  0  0  0]
 [11 17  9  0  0  0  0  0  0  0  0  0  0  0  0  0  0]
 [16 18 27  0  0  0  0  0  0  0  0  0  0  0  0  0  0]
 [23  0  0  0  0  0  0  0  0  0  0  0  0  0  0  0  0]
 [15  7 13 14  0  0  0  0  0  0  0  0  0  0  0  0  0]]
valid: gen=0.55
reward: norm=0.9459135007485523
[ 20 iterations]
real= [[ 8 10 23 27  0  0  0  0  0  0  0  0  0  0  0  0  0]
 [ 2 24  0  0  0  0  0  0  0  0  0  0  0  0  0  0  0]
 [19  0  0  0  0  0  0  0  0  0  0  0  0  0  0  0  0]
 [15  6  9 19  8 27  0  0  0  0  0  0  0  0  0  0  0]
 [17 15 23 11  0  0  0  0  0  0  0  0  0  0  0  0  0]
 [27 25  9 21 15 23  0  0  0  0  0  0  0  0  0  0  0]
 [26  4 15  0  0  0  0  0  0  0  0  0  0  0  0  0  0]
 [12  2 24  0  0  0  0  0  0  0  0  0  0  0  0  0  0]
 [21  0  0  0  0  0  0  0  0  0  0  0  0  0  0  0  0]
 [23  0  0  0  0  0  0  0  0  0  0  0  0  0  0  0  0]]
gen= [[10 23 27  8  0  0  0  0  0  0  0  0  0  0  0  0  0]
 [ 2 24  0  0  0  0  0  0  0  0  0  0  0  0  0  0  0]
 [19  0  0  0  0  0  0  0  0  0  0  0  0  0  0  0  0]
 [19  6 15 27  0  0  0  0  0  0  0  0  0  0  0  0  0]
 [17 23 15 11  0  0  0  0  0  0  0  0  0  0  0  0  0]
 [23 21  9 15 27  0  0  0  0  0  0  0  0  0  0  0  0]
 [ 4 26 15  0  0  0  0  0  0  0  0  0  0  0  0  0  0]
 [12 24  2  0  0  0  0  0  0  0  0  0  0  0  0  0  0]
 [21  0  0  0  0  0  0  0  0  0  0  0  0  0  0  0  0]
 [23  0  0  0  0  0  0  0  0  0  0  0  0  0  0  0  0]]
valid: gen=0.615
reward: norm=0.9422466382452237
[ 30 iterations]
real= [[ 1 10  0  0  0  0  0  0  0  0  0  0  0  0  0  0  0]
 [12 10 25 11  5 27  0  0  0  0  0  0  0  0  0  0  0]
 [28  0  0  0  0  0  0  0  0  0  0  0  0  0  0  0  0]
 [14 22 19  0  0  0  0  0  0  0  0  0  0  0  0  0  0]
 [ 5  2  7  0  0  0  0  0  0  0  0  0  0  0  0  0  0]
 [ 3 17  6 23 26  0  0  0  0  0  0  0  0  0  0  0  0]
 [24  4 25  2  0  0  0  0  0  0  0  0  0  0  0  0  0]
 [22  1  5  0  0  0  0  0  0  0  0  0  0  0  0  0  0]
 [12  4 20  6 26  0  0  0  0  0  0  0  0  0  0  0  0]
 [12  2 28 25  0  0  0  0  0  0  0  0  0  0  0  0  0]]
gen= [[ 1 10  0  0  0  0  0  0  0  0  0  0  0  0  0  0  0]
 [10  5 25 27  0  0  0  0  0  0  0  0  0  0  0  0  0]
 [28  0  0  0  0  0  0  0  0  0  0  0  0  0  0  0  0]
 [19 14 22  0  0  0  0  0  0  0  0  0  0  0  0  0  0]
 [ 5  7  2  0  0  0  0  0  0  0  0  0  0  0  0  0  0]
 [23  6 17  3  0  0  0  0  0  0  0  0  0  0  0  0  0]
 [ 2 24  0  0  0  0  0  0  0  0  0  0  0  0  0  0  0]
 [ 1  5 22  0  0  0  0  0  0  0  0  0  0  0  0  0  0]
 [ 6 12 26  4  0  0  0  0  0  0  0  0  0  0  0  0  0]
 [ 2 25 12 28  0  0  0  0  0  0  0  0  0  0  0  0  0]]
valid: gen=0.54
reward: norm=0.9448072333382169
[ 40 iterations]
real= [[26 19  5 15  0  0  0  0  0  0  0  0  0  0  0  0  0]
 [27  0  0  0  0  0  0  0  0  0  0  0  0  0  0  0  0]
 [20  7 23 11  0  0  0  0  0  0  0  0  0  0  0  0  0]
 [17 22 23  0  0  0  0  0  0  0  0  0  0  0  0  0  0]
 [ 3 13 24 18 15  4  0  0  0  0  0  0  0  0  0  0  0]
 [17  5 18  0  0  0  0  0  0  0  0  0  0  0  0  0  0]
 [17 13  0  0  0  0  0  0  0  0  0  0  0  0  0  0  0]
 [28 19  3 17  1  8  5 27  0  0  0  0  0  0  0  0  0]
 [22 13 25  0  0  0  0  0  0  0  0  0  0  0  0  0  0]
 [ 8  2  1 14 12  0  0  0  0  0  0  0  0  0  0  0  0]]
gen= [[ 5 19 15 26  0  0  0  0  0  0  0  0  0  0  0  0  0]
 [27  0  0  0  0  0  0  0  0  0  0  0  0  0  0  0  0]
 [23 11  7 20  0  0  0  0  0  0  0  0  0  0  0  0  0]
 [23 17 22  0  0  0  0  0  0  0  0  0  0  0  0  0  0]
 [15 24  4  3 18  0  0  0  0  0  0  0  0  0  0  0  0]
 [ 5 17 18  0  0  0  0  0  0  0  0  0  0  0  0  0  0]
 [13 17  0  0  0  0  0  0  0  0  0  0  0  0  0  0  0]
 [19  1  8 17  3  0  0  0  0  0  0  0  0  0  0  0  0]
 [22 25  0  0  0  0  0  0  0  0  0  0  0  0  0  0  0]
 [ 1 12 14  8  0  0  0  0  0  0  0  0  0  0  0  0  0]]
valid: gen=0.606
reward: norm=0.9408932652390469
[ 50 iterations]
real= [[ 9 13 18 26 25  0  0  0  0  0  0  0  0  0  0  0  0]
 [27 22 18 13 17  3 12 20  5  0  0  0  0  0  0  0  0]
 [12 27  6 22  0  0  0  0  0  0  0  0  0  0  0  0  0]
 [ 5  8 25 21 26  0  0  0  0  0  0  0  0  0  0  0  0]
 [25  1 19 21 14 18 23  7  0  0  0  0  0  0  0  0  0]
 [27  9 16 22 26  0  0  0  0  0  0  0  0  0  0  0  0]
 [17  2 19  0  0  0  0  0  0  0  0  0  0  0  0  0  0]
 [22 11  0  0  0  0  0  0  0  0  0  0  0  0  0  0  0]
 [15  4  0  0  0  0  0  0  0  0  0  0  0  0  0  0  0]
 [14  6 18  0  0  0  0  0  0  0  0  0  0  0  0  0  0]]
gen= [[18 13 26 25  0  0  0  0  0  0  0  0  0  0  0  0  0]
 [ 5 20 12 18  0  0  0  0  0  0  0  0  0  0  0  0  0]
 [ 6 12 22 27  0  0  0  0  0  0  0  0  0  0  0  0  0]
 [ 5  8 26 25  0  0  0  0  0  0  0  0  0  0  0  0  0]
 [ 1 19 23 14 18  0  0  0  0  0  0  0  0  0  0  0  0]
 [16 26  9  0  0  0  0  0  0  0  0  0  0  0  0  0  0]
 [19 17  2  0  0  0  0  0  0  0  0  0  0  0  0  0  0]
 [11 22  0  0  0  0  0  0  0  0  0  0  0  0  0  0  0]
 [ 4 15  0  0  0  0  0  0  0  0  0  0  0  0  0  0  0]
 [18 14  6  0  0  0  0  0  0  0  0  0  0  0  0  0  0]]
valid: gen=0.58
reward: norm=0.9365620540396721
[ 60 iterations]
real= [[ 6 21 14  3  9  0  0  0  0  0  0  0  0  0  0  0  0]
 [25 21 18  0  0  0  0  0  0  0  0  0  0  0  0  0  0]
 [15  0  0  0  0  0  0  0  0  0  0  0  0  0  0  0  0]
 [ 5  8 28 24 22  0  0  0  0  0  0  0  0  0  0  0  0]
 [17  1 15 26  0  0  0  0  0  0  0  0  0  0  0  0  0]
 [28 17 13  7 15  0  0  0  0  0  0  0  0  0  0  0  0]
 [17 19  9 14 11  0  0  0  0  0  0  0  0  0  0  0  0]
 [25 16 18 27  0  0  0  0  0  0  0  0  0  0  0  0  0]
 [23  0  0  0  0  0  0  0  0  0  0  0  0  0  0  0  0]
 [14 13 15  7  0  0  0  0  0  0  0  0  0  0  0  0  0]]
gen= [[14 21  6  0  0  0  0  0  0  0  0  0  0  0  0  0  0]
 [18 21 25  0  0  0  0  0  0  0  0  0  0  0  0  0  0]
 [15  0  0  0  0  0  0  0  0  0  0  0  0  0  0  0  0]
 [ 5 24  8  0  0  0  0  0  0  0  0  0  0  0  0  0  0]
 [ 1 15 26 17  0  0  0  0  0  0  0  0  0  0  0  0  0]
 [15  7 17 28  0  0  0  0  0  0  0  0  0  0  0  0  0]
 [19 14  0  0  0  0  0  0  0  0  0  0  0  0  0  0  0]
 [16 18 27  0  0  0  0  0  0  0  0  0  0  0  0  0  0]
 [23  0  0  0  0  0  0  0  0  0  0  0  0  0  0  0  0]
 [14 15  7  0  0  0  0  0  0  0  0  0  0  0  0  0  0]]
valid: gen=0.579
reward: norm=0.9351150400204699
[ 70 iterations]
real= [[ 8 10 23 27  0  0  0  0  0  0  0  0  0  0  0  0  0]
 [ 2 24  0  0  0  0  0  0  0  0  0  0  0  0  0  0  0]
 [19  0  0  0  0  0  0  0  0  0  0  0  0  0  0  0  0]
 [15  6  9 19  8 27  0  0  0  0  0  0  0  0  0  0  0]
 [17 15 23 11  0  0  0  0  0  0  0  0  0  0  0  0  0]
 [27 25  9 21 15 23  0  0  0  0  0  0  0  0  0  0  0]
 [26  4 15  0  0  0  0  0  0  0  0  0  0  0  0  0  0]
 [12  2 24  0  0  0  0  0  0  0  0  0  0  0  0  0  0]
 [21  0  0  0  0  0  0  0  0  0  0  0  0  0  0  0  0]
 [23  0  0  0  0  0  0  0  0  0  0  0  0  0  0  0  0]]
gen= [[23 27 10  8  0  0  0  0  0  0  0  0  0  0  0  0  0]
 [24  2  0  0  0  0  0  0  0  0  0  0  0  0  0  0  0]
 [19  0  0  0  0  0  0  0  0  0  0  0  0  0  0  0  0]
 [19 15 27  0  0  0  0  0  0  0  0  0  0  0  0  0  0]
 [23 15 11  0  0  0  0  0  0  0  0  0  0  0  0  0  0]
 [23 15 27  0  0  0  0  0  0  0  0  0  0  0  0  0  0]
 [ 4 15 26  0  0  0  0  0  0  0  0  0  0  0  0  0  0]
 [24 12  2  0  0  0  0  0  0  0  0  0  0  0  0  0  0]
 [21  0  0  0  0  0  0  0  0  0  0  0  0  0  0  0  0]
 [23  0  0  0  0  0  0  0  0  0  0  0  0  0  0  0  0]]
valid: gen=0.601
reward: norm=0.9324438319446122
[ 80 iterations]
real= [[ 1 10  0  0  0  0  0  0  0  0  0  0  0  0  0  0  0]
 [12 10 25 11  5 27  0  0  0  0  0  0  0  0  0  0  0]
 [28  0  0  0  0  0  0  0  0  0  0  0  0  0  0  0  0]
 [14 22 19  0  0  0  0  0  0  0  0  0  0  0  0  0  0]
 [ 5  2  7  0  0  0  0  0  0  0  0  0  0  0  0  0  0]
 [ 3 17  6 23 26  0  0  0  0  0  0  0  0  0  0  0  0]
 [24  4 25  2  0  0  0  0  0  0  0  0  0  0  0  0  0]
 [22  1  5  0  0  0  0  0  0  0  0  0  0  0  0  0  0]
 [12  4 20  6 26  0  0  0  0  0  0  0  0  0  0  0  0]
 [12  2 28 25  0  0  0  0  0  0  0  0  0  0  0  0  0]]
gen= [[ 1 10  0  0  0  0  0  0  0  0  0  0  0  0  0  0  0]
 [ 5 27 12 11  0  0  0  0  0  0  0  0  0  0  0  0  0]
 [28  0  0  0  0  0  0  0  0  0  0  0  0  0  0  0  0]
 [14 19 22  0  0  0  0  0  0  0  0  0  0  0  0  0  0]
 [ 5  7  2  0  0  0  0  0  0  0  0  0  0  0  0  0  0]
 [23 26  3 17  0  0  0  0  0  0  0  0  0  0  0  0  0]
 [ 4 24 25  0  0  0  0  0  0  0  0  0  0  0  0  0  0]
 [ 1  5 22  0  0  0  0  0  0  0  0  0  0  0  0  0  0]
 [ 4 20 26 12  0  0  0  0  0  0  0  0  0  0  0  0  0]
 [28 25 12  2  0  0  0  0  0  0  0  0  0  0  0  0  0]]
valid: gen=0.529
reward: norm=0.9418691980299569
[ 90 iterations]
real= [[26 19  5 15  0  0  0  0  0  0  0  0  0  0  0  0  0]
 [27  0  0  0  0  0  0  0  0  0  0  0  0  0  0  0  0]
 [20  7 23 11  0  0  0  0  0  0  0  0  0  0  0  0  0]
 [17 22 23  0  0  0  0  0  0  0  0  0  0  0  0  0  0]
 [ 3 13 24 18 15  4  0  0  0  0  0  0  0  0  0  0  0]
 [17  5 18  0  0  0  0  0  0  0  0  0  0  0  0  0  0]
 [17 13  0  0  0  0  0  0  0  0  0  0  0  0  0  0  0]
 [28 19  3 17  1  8  5 27  0  0  0  0  0  0  0  0  0]
 [22 13 25  0  0  0  0  0  0  0  0  0  0  0  0  0  0]
 [ 8  2  1 14 12  0  0  0  0  0  0  0  0  0  0  0  0]]
gen= [[ 5 19 15 26  0  0  0  0  0  0  0  0  0  0  0  0  0]
 [27  0  0  0  0  0  0  0  0  0  0  0  0  0  0  0  0]
 [23 20 11  7  0  0  0  0  0  0  0  0  0  0  0  0  0]
 [23 22 17  0  0  0  0  0  0  0  0  0  0  0  0  0  0]
 [ 4 18 15 24  3  0  0  0  0  0  0  0  0  0  0  0  0]
 [ 5 18 17  0  0  0  0  0  0  0  0  0  0  0  0  0  0]
 [17 13  0  0  0  0  0  0  0  0  0  0  0  0  0  0  0]
 [ 1 19 27  8  3  0  0  0  0  0  0  0  0  0  0  0  0]
 [13 22  0  0  0  0  0  0  0  0  0  0  0  0  0  0  0]
 [ 1 14  8 12  0  0  0  0  0  0  0  0  0  0  0  0  0]]
valid: gen=0.613
reward: norm=0.9308172857213692
[ 100 iterations]
real= [[ 9 13 18 26 25  0  0  0  0  0  0  0  0  0  0  0  0]
 [27 22 18 13 17  3 12 20  5  0  0  0  0  0  0  0  0]
 [12 27  6 22  0  0  0  0  0  0  0  0  0  0  0  0  0]
 [ 5  8 25 21 26  0  0  0  0  0  0  0  0  0  0  0  0]
 [25  1 19 21 14 18 23  7  0  0  0  0  0  0  0  0  0]
 [27  9 16 22 26  0  0  0  0  0  0  0  0  0  0  0  0]
 [17  2 19  0  0  0  0  0  0  0  0  0  0  0  0  0  0]
 [22 11  0  0  0  0  0  0  0  0  0  0  0  0  0  0  0]
 [15  4  0  0  0  0  0  0  0  0  0  0  0  0  0  0  0]
 [14  6 18  0  0  0  0  0  0  0  0  0  0  0  0  0  0]]
gen= [[18 26  9 13  0  0  0  0  0  0  0  0  0  0  0  0  0]
 [ 5 18  0  0  0  0  0  0  0  0  0  0  0  0  0  0  0]
 [27 12  6 22  0  0  0  0  0  0  0  0  0  0  0  0  0]
 [ 5 26  8 25  0  0  0  0  0  0  0  0  0  0  0  0  0]
 [ 1 19 23 14 18  7  0  0  0  0  0  0  0  0  0  0  0]
 [16 27 26  0  0  0  0  0  0  0  0  0  0  0  0  0  0]
 [19 17  2  0  0  0  0  0  0  0  0  0  0  0  0  0  0]
 [11 22  0  0  0  0  0  0  0  0  0  0  0  0  0  0  0]
 [ 4 15  0  0  0  0  0  0  0  0  0  0  0  0  0  0  0]
 [18 14  6  0  0  0  0  0  0  0  0  0  0  0  0  0  0]]
valid: gen=0.585
reward: norm=0.9344505687526495
[ 110 iterations]
real= [[ 6 21 14  3  9  0  0  0  0  0  0  0  0  0  0  0  0]
 [25 21 18  0  0  0  0  0  0  0  0  0  0  0  0  0  0]
 [15  0  0  0  0  0  0  0  0  0  0  0  0  0  0  0  0]
 [ 5  8 28 24 22  0  0  0  0  0  0  0  0  0  0  0  0]
 [17  1 15 26  0  0  0  0  0  0  0  0  0  0  0  0  0]
 [28 17 13  7 15  0  0  0  0  0  0  0  0  0  0  0  0]
 [17 19  9 14 11  0  0  0  0  0  0  0  0  0  0  0  0]
 [25 16 18 27  0  0  0  0  0  0  0  0  0  0  0  0  0]
 [23  0  0  0  0  0  0  0  0  0  0  0  0  0  0  0  0]
 [14 13 15  7  0  0  0  0  0  0  0  0  0  0  0  0  0]]
gen= [[14  9 21  3  0  0  0  0  0  0  0  0  0  0  0  0  0]
 [18 21 25  0  0  0  0  0  0  0  0  0  0  0  0  0  0]
 [15  0  0  0  0  0  0  0  0  0  0  0  0  0  0  0  0]
 [ 5 28 24 22  0  0  0  0  0  0  0  0  0  0  0  0  0]
 [ 1 15 26 17  0  0  0  0  0  0  0  0  0  0  0  0  0]
 [15  7 28 17  0  0  0  0  0  0  0  0  0  0  0  0  0]
 [19 14  0  0  0  0  0  0  0  0  0  0  0  0  0  0  0]
 [18 16 27  0  0  0  0  0  0  0  0  0  0  0  0  0  0]
 [23  0  0  0  0  0  0  0  0  0  0  0  0  0  0  0  0]
 [14 15  7  0  0  0  0  0  0  0  0  0  0  0  0  0  0]]
valid: gen=0.563
reward: norm=0.9335451878840285
[ 120 iterations]
real= [[ 8 10 23 27  0  0  0  0  0  0  0  0  0  0  0  0  0]
 [ 2 24  0  0  0  0  0  0  0  0  0  0  0  0  0  0  0]
 [19  0  0  0  0  0  0  0  0  0  0  0  0  0  0  0  0]
 [15  6  9 19  8 27  0  0  0  0  0  0  0  0  0  0  0]
 [17 15 23 11  0  0  0  0  0  0  0  0  0  0  0  0  0]
 [27 25  9 21 15 23  0  0  0  0  0  0  0  0  0  0  0]
 [26  4 15  0  0  0  0  0  0  0  0  0  0  0  0  0  0]
 [12  2 24  0  0  0  0  0  0  0  0  0  0  0  0  0  0]
 [21  0  0  0  0  0  0  0  0  0  0  0  0  0  0  0  0]
 [23  0  0  0  0  0  0  0  0  0  0  0  0  0  0  0  0]]
gen= [[23 27  8 10  0  0  0  0  0  0  0  0  0  0  0  0  0]
 [24  2  0  0  0  0  0  0  0  0  0  0  0  0  0  0  0]
 [19  0  0  0  0  0  0  0  0  0  0  0  0  0  0  0  0]
 [19 27 15  9  0  0  0  0  0  0  0  0  0  0  0  0  0]
 [23 15 11  0  0  0  0  0  0  0  0  0  0  0  0  0  0]
 [23 27 15 21  0  0  0  0  0  0  0  0  0  0  0  0  0]
 [ 4 15 26  0  0  0  0  0  0  0  0  0  0  0  0  0  0]
 [24  2 12  0  0  0  0  0  0  0  0  0  0  0  0  0  0]
 [21  0  0  0  0  0  0  0  0  0  0  0  0  0  0  0  0]
 [23  0  0  0  0  0  0  0  0  0  0  0  0  0  0  0  0]]
valid: gen=0.589
reward: norm=0.9334632026692463
[ 130 iterations]
real= [[ 1 10  0  0  0  0  0  0  0  0  0  0  0  0  0  0  0]
 [12 10 25 11  5 27  0  0  0  0  0  0  0  0  0  0  0]
 [28  0  0  0  0  0  0  0  0  0  0  0  0  0  0  0  0]
 [14 22 19  0  0  0  0  0  0  0  0  0  0  0  0  0  0]
 [ 5  2  7  0  0  0  0  0  0  0  0  0  0  0  0  0  0]
 [ 3 17  6 23 26  0  0  0  0  0  0  0  0  0  0  0  0]
 [24  4 25  2  0  0  0  0  0  0  0  0  0  0  0  0  0]
 [22  1  5  0  0  0  0  0  0  0  0  0  0  0  0  0  0]
 [12  4 20  6 26  0  0  0  0  0  0  0  0  0  0  0  0]
 [12  2 28 25  0  0  0  0  0  0  0  0  0  0  0  0  0]]
gen= [[ 1 10  0  0  0  0  0  0  0  0  0  0  0  0  0  0  0]
 [ 5 27 12 11  0  0  0  0  0  0  0  0  0  0  0  0  0]
 [28  0  0  0  0  0  0  0  0  0  0  0  0  0  0  0  0]
 [19 14 22  0  0  0  0  0  0  0  0  0  0  0  0  0  0]
 [ 5  7  2  0  0  0  0  0  0  0  0  0  0  0  0  0  0]
 [23 26 17  6  0  0  0  0  0  0  0  0  0  0  0  0  0]
 [ 4 24 25  0  0  0  0  0  0  0  0  0  0  0  0  0  0]
 [ 1  5 22  0  0  0  0  0  0  0  0  0  0  0  0  0  0]
 [ 4 20 26 12  0  0  0  0  0  0  0  0  0  0  0  0  0]
 [25 12  2 28  0  0  0  0  0  0  0  0  0  0  0  0  0]]
valid: gen=0.531
reward: norm=0.9414712111996373
[ 140 iterations]
real= [[26 19  5 15  0  0  0  0  0  0  0  0  0  0  0  0  0]
 [27  0  0  0  0  0  0  0  0  0  0  0  0  0  0  0  0]
 [20  7 23 11  0  0  0  0  0  0  0  0  0  0  0  0  0]
 [17 22 23  0  0  0  0  0  0  0  0  0  0  0  0  0  0]
 [ 3 13 24 18 15  4  0  0  0  0  0  0  0  0  0  0  0]
 [17  5 18  0  0  0  0  0  0  0  0  0  0  0  0  0  0]
 [17 13  0  0  0  0  0  0  0  0  0  0  0  0  0  0  0]
 [28 19  3 17  1  8  5 27  0  0  0  0  0  0  0  0  0]
 [22 13 25  0  0  0  0  0  0  0  0  0  0  0  0  0  0]
 [ 8  2  1 14 12  0  0  0  0  0  0  0  0  0  0  0  0]]
gen= [[19  5 26 15  0  0  0  0  0  0  0  0  0  0  0  0  0]
 [27  0  0  0  0  0  0  0  0  0  0  0  0  0  0  0  0]
 [23 20  7 11  0  0  0  0  0  0  0  0  0  0  0  0  0]
 [23 22 17  0  0  0  0  0  0  0  0  0  0  0  0  0  0]
 [ 4 18 15 13  3  0  0  0  0  0  0  0  0  0  0  0  0]
 [ 5 18 17  0  0  0  0  0  0  0  0  0  0  0  0  0  0]
 [17 13  0  0  0  0  0  0  0  0  0  0  0  0  0  0  0]
 [ 1 19  0  0  0  0  0  0  0  0  0  0  0  0  0  0  0]
 [13 22  0  0  0  0  0  0  0  0  0  0  0  0  0  0  0]
 [ 1 14  2 12  0  0  0  0  0  0  0  0  0  0  0  0  0]]
valid: gen=0.608
reward: norm=0.9329594329460406
[ 150 iterations]
real= [[ 9 13 18 26 25  0  0  0  0  0  0  0  0  0  0  0  0]
 [27 22 18 13 17  3 12 20  5  0  0  0  0  0  0  0  0]
 [12 27  6 22  0  0  0  0  0  0  0  0  0  0  0  0  0]
 [ 5  8 25 21 26  0  0  0  0  0  0  0  0  0  0  0  0]
 [25  1 19 21 14 18 23  7  0  0  0  0  0  0  0  0  0]
 [27  9 16 22 26  0  0  0  0  0  0  0  0  0  0  0  0]
 [17  2 19  0  0  0  0  0  0  0  0  0  0  0  0  0  0]
 [22 11  0  0  0  0  0  0  0  0  0  0  0  0  0  0  0]
 [15  4  0  0  0  0  0  0  0  0  0  0  0  0  0  0  0]
 [14  6 18  0  0  0  0  0  0  0  0  0  0  0  0  0  0]]
gen= [[18 26  9 25  0  0  0  0  0  0  0  0  0  0  0  0  0]
 [ 5 18  0  0  0  0  0  0  0  0  0  0  0  0  0  0  0]
 [27  6 12 22  0  0  0  0  0  0  0  0  0  0  0  0  0]
 [ 5 26 25  8  0  0  0  0  0  0  0  0  0  0  0  0  0]
 [ 1 19 23 14 18  0  0  0  0  0  0  0  0  0  0  0  0]
 [27 26 16  9  0  0  0  0  0  0  0  0  0  0  0  0  0]
 [19  2 17  0  0  0  0  0  0  0  0  0  0  0  0  0  0]
 [11 22  0  0  0  0  0  0  0  0  0  0  0  0  0  0  0]
 [ 4 15  0  0  0  0  0  0  0  0  0  0  0  0  0  0  0]
 [18 14  6  0  0  0  0  0  0  0  0  0  0  0  0  0  0]]
valid: gen=0.602
reward: norm=0.9319618211068271
[ 160 iterations]
real= [[ 6 21 14  3  9  0  0  0  0  0  0  0  0  0  0  0  0]
 [25 21 18  0  0  0  0  0  0  0  0  0  0  0  0  0  0]
 [15  0  0  0  0  0  0  0  0  0  0  0  0  0  0  0  0]
 [ 5  8 28 24 22  0  0  0  0  0  0  0  0  0  0  0  0]
 [17  1 15 26  0  0  0  0  0  0  0  0  0  0  0  0  0]
 [28 17 13  7 15  0  0  0  0  0  0  0  0  0  0  0  0]
 [17 19  9 14 11  0  0  0  0  0  0  0  0  0  0  0  0]
 [25 16 18 27  0  0  0  0  0  0  0  0  0  0  0  0  0]
 [23  0  0  0  0  0  0  0  0  0  0  0  0  0  0  0  0]
 [14 13 15  7  0  0  0  0  0  0  0  0  0  0  0  0  0]]
gen= [[14  6  9  3  0  0  0  0  0  0  0  0  0  0  0  0  0]
 [18 21 25  0  0  0  0  0  0  0  0  0  0  0  0  0  0]
 [15  0  0  0  0  0  0  0  0  0  0  0  0  0  0  0  0]
 [ 5 24 22  0  0  0  0  0  0  0  0  0  0  0  0  0  0]
 [ 1 26 15 17  0  0  0  0  0  0  0  0  0  0  0  0  0]
 [15 17 28  7  0  0  0  0  0  0  0  0  0  0  0  0  0]
 [19 14  0  0  0  0  0  0  0  0  0  0  0  0  0  0  0]
 [18 27 25  0  0  0  0  0  0  0  0  0  0  0  0  0  0]
 [23  0  0  0  0  0  0  0  0  0  0  0  0  0  0  0  0]
 [14 15 13  7  0  0  0  0  0  0  0  0  0  0  0  0  0]]
valid: gen=0.565
reward: norm=0.9278482806696167
[ 170 iterations]
real= [[ 8 10 23 27  0  0  0  0  0  0  0  0  0  0  0  0  0]
 [ 2 24  0  0  0  0  0  0  0  0  0  0  0  0  0  0  0]
 [19  0  0  0  0  0  0  0  0  0  0  0  0  0  0  0  0]
 [15  6  9 19  8 27  0  0  0  0  0  0  0  0  0  0  0]
 [17 15 23 11  0  0  0  0  0  0  0  0  0  0  0  0  0]
 [27 25  9 21 15 23  0  0  0  0  0  0  0  0  0  0  0]
 [26  4 15  0  0  0  0  0  0  0  0  0  0  0  0  0  0]
 [12  2 24  0  0  0  0  0  0  0  0  0  0  0  0  0  0]
 [21  0  0  0  0  0  0  0  0  0  0  0  0  0  0  0  0]
 [23  0  0  0  0  0  0  0  0  0  0  0  0  0  0  0  0]]
gen= [[23 27  8 10  0  0  0  0  0  0  0  0  0  0  0  0  0]
 [24  2  0  0  0  0  0  0  0  0  0  0  0  0  0  0  0]
 [19  0  0  0  0  0  0  0  0  0  0  0  0  0  0  0  0]
 [19 27 15  6  0  0  0  0  0  0  0  0  0  0  0  0  0]
 [23 15 17 11  0  0  0  0  0  0  0  0  0  0  0  0  0]
 [23 27 15 25  9  0  0  0  0  0  0  0  0  0  0  0  0]
 [ 4 26 15  0  0  0  0  0  0  0  0  0  0  0  0  0  0]
 [12 24  2  0  0  0  0  0  0  0  0  0  0  0  0  0  0]
 [21  0  0  0  0  0  0  0  0  0  0  0  0  0  0  0  0]
 [23  0  0  0  0  0  0  0  0  0  0  0  0  0  0  0  0]]
valid: gen=0.61
reward: norm=0.934267320318389
[ 180 iterations]
real= [[ 1 10  0  0  0  0  0  0  0  0  0  0  0  0  0  0  0]
 [12 10 25 11  5 27  0  0  0  0  0  0  0  0  0  0  0]
 [28  0  0  0  0  0  0  0  0  0  0  0  0  0  0  0  0]
 [14 22 19  0  0  0  0  0  0  0  0  0  0  0  0  0  0]
 [ 5  2  7  0  0  0  0  0  0  0  0  0  0  0  0  0  0]
 [ 3 17  6 23 26  0  0  0  0  0  0  0  0  0  0  0  0]
 [24  4 25  2  0  0  0  0  0  0  0  0  0  0  0  0  0]
 [22  1  5  0  0  0  0  0  0  0  0  0  0  0  0  0  0]
 [12  4 20  6 26  0  0  0  0  0  0  0  0  0  0  0  0]
 [12  2 28 25  0  0  0  0  0  0  0  0  0  0  0  0  0]]
gen= [[ 1 10  0  0  0  0  0  0  0  0  0  0  0  0  0  0  0]
 [ 5 27 12 25  0  0  0  0  0  0  0  0  0  0  0  0  0]
 [28  0  0  0  0  0  0  0  0  0  0  0  0  0  0  0  0]
 [19 14 22  0  0  0  0  0  0  0  0  0  0  0  0  0  0]
 [ 5  7  2  0  0  0  0  0  0  0  0  0  0  0  0  0  0]
 [23 26  6 17  0  0  0  0  0  0  0  0  0  0  0  0  0]
 [ 4  2 24  0  0  0  0  0  0  0  0  0  0  0  0  0  0]
 [ 1  5 22  0  0  0  0  0  0  0  0  0  0  0  0  0  0]
 [ 4 20 26 12  0  0  0  0  0  0  0  0  0  0  0  0  0]
 [12  2 25 28  0  0  0  0  0  0  0  0  0  0  0  0  0]]
valid: gen=0.523
reward: norm=0.9432582312807596
[ 190 iterations]
real= [[26 19  5 15  0  0  0  0  0  0  0  0  0  0  0  0  0]
 [27  0  0  0  0  0  0  0  0  0  0  0  0  0  0  0  0]
 [20  7 23 11  0  0  0  0  0  0  0  0  0  0  0  0  0]
 [17 22 23  0  0  0  0  0  0  0  0  0  0  0  0  0  0]
 [ 3 13 24 18 15  4  0  0  0  0  0  0  0  0  0  0  0]
 [17  5 18  0  0  0  0  0  0  0  0  0  0  0  0  0  0]
 [17 13  0  0  0  0  0  0  0  0  0  0  0  0  0  0  0]
 [28 19  3 17  1  8  5 27  0  0  0  0  0  0  0  0  0]
 [22 13 25  0  0  0  0  0  0  0  0  0  0  0  0  0  0]
 [ 8  2  1 14 12  0  0  0  0  0  0  0  0  0  0  0  0]]
gen= [[19  5 26 15  0  0  0  0  0  0  0  0  0  0  0  0  0]
 [27  0  0  0  0  0  0  0  0  0  0  0  0  0  0  0  0]
 [23 20 11  7  0  0  0  0  0  0  0  0  0  0  0  0  0]
 [23 17 22  0  0  0  0  0  0  0  0  0  0  0  0  0  0]
 [ 4 18 15 13  3  0  0  0  0  0  0  0  0  0  0  0  0]
 [ 5 18 17  0  0  0  0  0  0  0  0  0  0  0  0  0  0]
 [13 17  0  0  0  0  0  0  0  0  0  0  0  0  0  0  0]
 [ 1 19  0  0  0  0  0  0  0  0  0  0  0  0  0  0  0]
 [25 13 22  0  0  0  0  0  0  0  0  0  0  0  0  0  0]
 [ 1 14  8 12  0  0  0  0  0  0  0  0  0  0  0  0  0]]
valid: gen=0.617
reward: norm=0.9297053815485476
[ 200 iterations]
real= [[ 9 13 18 26 25  0  0  0  0  0  0  0  0  0  0  0  0]
 [27 22 18 13 17  3 12 20  5  0  0  0  0  0  0  0  0]
 [12 27  6 22  0  0  0  0  0  0  0  0  0  0  0  0  0]
 [ 5  8 25 21 26  0  0  0  0  0  0  0  0  0  0  0  0]
 [25  1 19 21 14 18 23  7  0  0  0  0  0  0  0  0  0]
 [27  9 16 22 26  0  0  0  0  0  0  0  0  0  0  0  0]
 [17  2 19  0  0  0  0  0  0  0  0  0  0  0  0  0  0]
 [22 11  0  0  0  0  0  0  0  0  0  0  0  0  0  0  0]
 [15  4  0  0  0  0  0  0  0  0  0  0  0  0  0  0  0]
 [14  6 18  0  0  0  0  0  0  0  0  0  0  0  0  0  0]]
gen= [[18 26  9 13  0  0  0  0  0  0  0  0  0  0  0  0  0]
 [ 5 18  0  0  0  0  0  0  0  0  0  0  0  0  0  0  0]
 [27  6 22 12  0  0  0  0  0  0  0  0  0  0  0  0  0]
 [ 5 26 21  0  0  0  0  0  0  0  0  0  0  0  0  0  0]
 [ 1 19 23 14 18  7  0  0  0  0  0  0  0  0  0  0  0]
 [27 26 16  9  0  0  0  0  0  0  0  0  0  0  0  0  0]
 [19 17  2  0  0  0  0  0  0  0  0  0  0  0  0  0  0]
 [11 22  0  0  0  0  0  0  0  0  0  0  0  0  0  0  0]
 [ 4 15  0  0  0  0  0  0  0  0  0  0  0  0  0  0  0]
 [18 14  6  0  0  0  0  0  0  0  0  0  0  0  0  0  0]]
valid: gen=0.589
reward: norm=0.9313166465496039
[ 210 iterations]
real= [[ 6 21 14  3  9  0  0  0  0  0  0  0  0  0  0  0  0]
 [25 21 18  0  0  0  0  0  0  0  0  0  0  0  0  0  0]
 [15  0  0  0  0  0  0  0  0  0  0  0  0  0  0  0  0]
 [ 5  8 28 24 22  0  0  0  0  0  0  0  0  0  0  0  0]
 [17  1 15 26  0  0  0  0  0  0  0  0  0  0  0  0  0]
 [28 17 13  7 15  0  0  0  0  0  0  0  0  0  0  0  0]
 [17 19  9 14 11  0  0  0  0  0  0  0  0  0  0  0  0]
 [25 16 18 27  0  0  0  0  0  0  0  0  0  0  0  0  0]
 [23  0  0  0  0  0  0  0  0  0  0  0  0  0  0  0  0]
 [14 13 15  7  0  0  0  0  0  0  0  0  0  0  0  0  0]]
gen= [[14  9 21  3  0  0  0  0  0  0  0  0  0  0  0  0  0]
 [18 21 25  0  0  0  0  0  0  0  0  0  0  0  0  0  0]
 [15  0  0  0  0  0  0  0  0  0  0  0  0  0  0  0  0]
 [ 5  8 28 22 24  0  0  0  0  0  0  0  0  0  0  0  0]
 [ 1 26 15 17  0  0  0  0  0  0  0  0  0  0  0  0  0]
 [15 28  7  0  0  0  0  0  0  0  0  0  0  0  0  0  0]
 [19 14  0  0  0  0  0  0  0  0  0  0  0  0  0  0  0]
 [18 27 25  0  0  0  0  0  0  0  0  0  0  0  0  0  0]
 [23  0  0  0  0  0  0  0  0  0  0  0  0  0  0  0  0]
 [14 15  7  0  0  0  0  0  0  0  0  0  0  0  0  0  0]]
valid: gen=0.556
reward: norm=0.9312997076966034
[ 220 iterations]
real= [[ 8 10 23 27  0  0  0  0  0  0  0  0  0  0  0  0  0]
 [ 2 24  0  0  0  0  0  0  0  0  0  0  0  0  0  0  0]
 [19  0  0  0  0  0  0  0  0  0  0  0  0  0  0  0  0]
 [15  6  9 19  8 27  0  0  0  0  0  0  0  0  0  0  0]
 [17 15 23 11  0  0  0  0  0  0  0  0  0  0  0  0  0]
 [27 25  9 21 15 23  0  0  0  0  0  0  0  0  0  0  0]
 [26  4 15  0  0  0  0  0  0  0  0  0  0  0  0  0  0]
 [12  2 24  0  0  0  0  0  0  0  0  0  0  0  0  0  0]
 [21  0  0  0  0  0  0  0  0  0  0  0  0  0  0  0  0]
 [23  0  0  0  0  0  0  0  0  0  0  0  0  0  0  0  0]]
gen= [[23 27  8 10  0  0  0  0  0  0  0  0  0  0  0  0  0]
 [24  2  0  0  0  0  0  0  0  0  0  0  0  0  0  0  0]
 [19  0  0  0  0  0  0  0  0  0  0  0  0  0  0  0  0]
 [19 27 15  8  0  0  0  0  0  0  0  0  0  0  0  0  0]
 [23 15 17 11  0  0  0  0  0  0  0  0  0  0  0  0  0]
 [23 27 15 21  0  0  0  0  0  0  0  0  0  0  0  0  0]
 [ 4 26 15  0  0  0  0  0  0  0  0  0  0  0  0  0  0]
 [24 12  2  0  0  0  0  0  0  0  0  0  0  0  0  0  0]
 [21  0  0  0  0  0  0  0  0  0  0  0  0  0  0  0  0]
 [23  0  0  0  0  0  0  0  0  0  0  0  0  0  0  0  0]]
valid: gen=0.601
reward: norm=0.9330218699206729
[ 230 iterations]
real= [[ 1 10  0  0  0  0  0  0  0  0  0  0  0  0  0  0  0]
 [12 10 25 11  5 27  0  0  0  0  0  0  0  0  0  0  0]
 [28  0  0  0  0  0  0  0  0  0  0  0  0  0  0  0  0]
 [14 22 19  0  0  0  0  0  0  0  0  0  0  0  0  0  0]
 [ 5  2  7  0  0  0  0  0  0  0  0  0  0  0  0  0  0]
 [ 3 17  6 23 26  0  0  0  0  0  0  0  0  0  0  0  0]
 [24  4 25  2  0  0  0  0  0  0  0  0  0  0  0  0  0]
 [22  1  5  0  0  0  0  0  0  0  0  0  0  0  0  0  0]
 [12  4 20  6 26  0  0  0  0  0  0  0  0  0  0  0  0]
 [12  2 28 25  0  0  0  0  0  0  0  0  0  0  0  0  0]]
gen= [[ 1 10  0  0  0  0  0  0  0  0  0  0  0  0  0  0  0]
 [ 5 27 11 12  0  0  0  0  0  0  0  0  0  0  0  0  0]
 [28  0  0  0  0  0  0  0  0  0  0  0  0  0  0  0  0]
 [19 14 22  0  0  0  0  0  0  0  0  0  0  0  0  0  0]
 [ 5  7  2  0  0  0  0  0  0  0  0  0  0  0  0  0  0]
 [23 26 17  3  0  0  0  0  0  0  0  0  0  0  0  0  0]
 [ 4 25 24  0  0  0  0  0  0  0  0  0  0  0  0  0  0]
 [ 1  5 22  0  0  0  0  0  0  0  0  0  0  0  0  0  0]
 [ 4 20 26 12  0  0  0  0  0  0  0  0  0  0  0  0  0]
 [ 2 28 12 25  0  0  0  0  0  0  0  0  0  0  0  0  0]]
valid: gen=0.531
reward: norm=0.9413167756607179
[ 240 iterations]
real= [[26 19  5 15  0  0  0  0  0  0  0  0  0  0  0  0  0]
 [27  0  0  0  0  0  0  0  0  0  0  0  0  0  0  0  0]
 [20  7 23 11  0  0  0  0  0  0  0  0  0  0  0  0  0]
 [17 22 23  0  0  0  0  0  0  0  0  0  0  0  0  0  0]
 [ 3 13 24 18 15  4  0  0  0  0  0  0  0  0  0  0  0]
 [17  5 18  0  0  0  0  0  0  0  0  0  0  0  0  0  0]
 [17 13  0  0  0  0  0  0  0  0  0  0  0  0  0  0  0]
 [28 19  3 17  1  8  5 27  0  0  0  0  0  0  0  0  0]
 [22 13 25  0  0  0  0  0  0  0  0  0  0  0  0  0  0]
 [ 8  2  1 14 12  0  0  0  0  0  0  0  0  0  0  0  0]]
gen= [[ 5 19 26 15  0  0  0  0  0  0  0  0  0  0  0  0  0]
 [27  0  0  0  0  0  0  0  0  0  0  0  0  0  0  0  0]
 [23 20 11  7  0  0  0  0  0  0  0  0  0  0  0  0  0]
 [23 22 17  0  0  0  0  0  0  0  0  0  0  0  0  0  0]
 [ 4 18 15  3 24  0  0  0  0  0  0  0  0  0  0  0  0]
 [ 5 18 17  0  0  0  0  0  0  0  0  0  0  0  0  0  0]
 [13 17  0  0  0  0  0  0  0  0  0  0  0  0  0  0  0]
 [ 1  5  0  0  0  0  0  0  0  0  0  0  0  0  0  0  0]
 [13 25  0  0  0  0  0  0  0  0  0  0  0  0  0  0  0]
 [ 1 14 12  8  0  0  0  0  0  0  0  0  0  0  0  0  0]]
valid: gen=0.608
reward: norm=0.9334012701062676
[ 250 iterations]
real= [[ 9 13 18 26 25  0  0  0  0  0  0  0  0  0  0  0  0]
 [27 22 18 13 17  3 12 20  5  0  0  0  0  0  0  0  0]
 [12 27  6 22  0  0  0  0  0  0  0  0  0  0  0  0  0]
 [ 5  8 25 21 26  0  0  0  0  0  0  0  0  0  0  0  0]
 [25  1 19 21 14 18 23  7  0  0  0  0  0  0  0  0  0]
 [27  9 16 22 26  0  0  0  0  0  0  0  0  0  0  0  0]
 [17  2 19  0  0  0  0  0  0  0  0  0  0  0  0  0  0]
 [22 11  0  0  0  0  0  0  0  0  0  0  0  0  0  0  0]
 [15  4  0  0  0  0  0  0  0  0  0  0  0  0  0  0  0]
 [14  6 18  0  0  0  0  0  0  0  0  0  0  0  0  0  0]]
gen= [[18 26  9 25  0  0  0  0  0  0  0  0  0  0  0  0  0]
 [ 5 27 20 12 18  0  0  0  0  0  0  0  0  0  0  0  0]
 [27 12 22  6  0  0  0  0  0  0  0  0  0  0  0  0  0]
 [ 5 26 25  8  0  0  0  0  0  0  0  0  0  0  0  0  0]
 [ 1 19 23 14 18  0  0  0  0  0  0  0  0  0  0  0  0]
 [27 26  9 22  0  0  0  0  0  0  0  0  0  0  0  0  0]
 [19 17  2  0  0  0  0  0  0  0  0  0  0  0  0  0  0]
 [22 11  0  0  0  0  0  0  0  0  0  0  0  0  0  0  0]
 [ 4 15  0  0  0  0  0  0  0  0  0  0  0  0  0  0  0]
 [18 14  6  0  0  0  0  0  0  0  0  0  0  0  0  0  0]]
valid: gen=0.606
reward: norm=0.931069757177227
[ 260 iterations]
real= [[ 6 21 14  3  9  0  0  0  0  0  0  0  0  0  0  0  0]
 [25 21 18  0  0  0  0  0  0  0  0  0  0  0  0  0  0]
 [15  0  0  0  0  0  0  0  0  0  0  0  0  0  0  0  0]
 [ 5  8 28 24 22  0  0  0  0  0  0  0  0  0  0  0  0]
 [17  1 15 26  0  0  0  0  0  0  0  0  0  0  0  0  0]
 [28 17 13  7 15  0  0  0  0  0  0  0  0  0  0  0  0]
 [17 19  9 14 11  0  0  0  0  0  0  0  0  0  0  0  0]
 [25 16 18 27  0  0  0  0  0  0  0  0  0  0  0  0  0]
 [23  0  0  0  0  0  0  0  0  0  0  0  0  0  0  0  0]
 [14 13 15  7  0  0  0  0  0  0  0  0  0  0  0  0  0]]
gen= [[14  9 21  3  0  0  0  0  0  0  0  0  0  0  0  0  0]
 [18 21 25  0  0  0  0  0  0  0  0  0  0  0  0  0  0]
 [15  0  0  0  0  0  0  0  0  0  0  0  0  0  0  0  0]
 [ 5  8 28 22 24  0  0  0  0  0  0  0  0  0  0  0  0]
 [ 1 15 26 17  0  0  0  0  0  0  0  0  0  0  0  0  0]
 [15  7 28 17  0  0  0  0  0  0  0  0  0  0  0  0  0]
 [19 14  0  0  0  0  0  0  0  0  0  0  0  0  0  0  0]
 [18 27 25  0  0  0  0  0  0  0  0  0  0  0  0  0  0]
 [23  0  0  0  0  0  0  0  0  0  0  0  0  0  0  0  0]
 [14 15  7  0  0  0  0  0  0  0  0  0  0  0  0  0  0]]
valid: gen=0.573
reward: norm=0.9317672216308284
[ 270 iterations]
real= [[ 8 10 23 27  0  0  0  0  0  0  0  0  0  0  0  0  0]
 [ 2 24  0  0  0  0  0  0  0  0  0  0  0  0  0  0  0]
 [19  0  0  0  0  0  0  0  0  0  0  0  0  0  0  0  0]
 [15  6  9 19  8 27  0  0  0  0  0  0  0  0  0  0  0]
 [17 15 23 11  0  0  0  0  0  0  0  0  0  0  0  0  0]
 [27 25  9 21 15 23  0  0  0  0  0  0  0  0  0  0  0]
 [26  4 15  0  0  0  0  0  0  0  0  0  0  0  0  0  0]
 [12  2 24  0  0  0  0  0  0  0  0  0  0  0  0  0  0]
 [21  0  0  0  0  0  0  0  0  0  0  0  0  0  0  0  0]
 [23  0  0  0  0  0  0  0  0  0  0  0  0  0  0  0  0]]
gen= [[23 27 10  8  0  0  0  0  0  0  0  0  0  0  0  0  0]
 [24  2  0  0  0  0  0  0  0  0  0  0  0  0  0  0  0]
 [19  0  0  0  0  0  0  0  0  0  0  0  0  0  0  0  0]
 [19 27 15  9  8  0  0  0  0  0  0  0  0  0  0  0  0]
 [23 15 11  0  0  0  0  0  0  0  0  0  0  0  0  0  0]
 [23 27 15 21  9  0  0  0  0  0  0  0  0  0  0  0  0]
 [ 4 15 26  0  0  0  0  0  0  0  0  0  0  0  0  0  0]
 [12 24  2  0  0  0  0  0  0  0  0  0  0  0  0  0  0]
 [21  0  0  0  0  0  0  0  0  0  0  0  0  0  0  0  0]
 [23  0  0  0  0  0  0  0  0  0  0  0  0  0  0  0  0]]
valid: gen=0.605
reward: norm=0.9330713179044282
[ 280 iterations]
real= [[ 1 10  0  0  0  0  0  0  0  0  0  0  0  0  0  0  0]
 [12 10 25 11  5 27  0  0  0  0  0  0  0  0  0  0  0]
 [28  0  0  0  0  0  0  0  0  0  0  0  0  0  0  0  0]
 [14 22 19  0  0  0  0  0  0  0  0  0  0  0  0  0  0]
 [ 5  2  7  0  0  0  0  0  0  0  0  0  0  0  0  0  0]
 [ 3 17  6 23 26  0  0  0  0  0  0  0  0  0  0  0  0]
 [24  4 25  2  0  0  0  0  0  0  0  0  0  0  0  0  0]
 [22  1  5  0  0  0  0  0  0  0  0  0  0  0  0  0  0]
 [12  4 20  6 26  0  0  0  0  0  0  0  0  0  0  0  0]
 [12  2 28 25  0  0  0  0  0  0  0  0  0  0  0  0  0]]
gen= [[ 1 10  0  0  0  0  0  0  0  0  0  0  0  0  0  0  0]
 [ 5 27 11 25  0  0  0  0  0  0  0  0  0  0  0  0  0]
 [28  0  0  0  0  0  0  0  0  0  0  0  0  0  0  0  0]
 [19 14 22  0  0  0  0  0  0  0  0  0  0  0  0  0  0]
 [ 5  7  2  0  0  0  0  0  0  0  0  0  0  0  0  0  0]
 [23 26  6 17  0  0  0  0  0  0  0  0  0  0  0  0  0]
 [ 4 25  2 24  0  0  0  0  0  0  0  0  0  0  0  0  0]
 [ 1  5 22  0  0  0  0  0  0  0  0  0  0  0  0  0  0]
 [ 4 20 26  6  0  0  0  0  0  0  0  0  0  0  0  0  0]
 [12 28 25  2  0  0  0  0  0  0  0  0  0  0  0  0  0]]
valid: gen=0.536
reward: norm=0.9412086622771088
[ 290 iterations]
real= [[26 19  5 15  0  0  0  0  0  0  0  0  0  0  0  0  0]
 [27  0  0  0  0  0  0  0  0  0  0  0  0  0  0  0  0]
 [20  7 23 11  0  0  0  0  0  0  0  0  0  0  0  0  0]
 [17 22 23  0  0  0  0  0  0  0  0  0  0  0  0  0  0]
 [ 3 13 24 18 15  4  0  0  0  0  0  0  0  0  0  0  0]
 [17  5 18  0  0  0  0  0  0  0  0  0  0  0  0  0  0]
 [17 13  0  0  0  0  0  0  0  0  0  0  0  0  0  0  0]
 [28 19  3 17  1  8  5 27  0  0  0  0  0  0  0  0  0]
 [22 13 25  0  0  0  0  0  0  0  0  0  0  0  0  0  0]
 [ 8  2  1 14 12  0  0  0  0  0  0  0  0  0  0  0  0]]
gen= [[ 5 19 15 26  0  0  0  0  0  0  0  0  0  0  0  0  0]
 [27  0  0  0  0  0  0  0  0  0  0  0  0  0  0  0  0]
 [23 20  7 11  0  0  0  0  0  0  0  0  0  0  0  0  0]
 [23 22 17  0  0  0  0  0  0  0  0  0  0  0  0  0  0]
 [ 4 18 15 24 13  3  0  0  0  0  0  0  0  0  0  0  0]
 [ 5 18 17  0  0  0  0  0  0  0  0  0  0  0  0  0  0]
 [13 17  0  0  0  0  0  0  0  0  0  0  0  0  0  0  0]
 [ 5  1 19  0  0  0  0  0  0  0  0  0  0  0  0  0  0]
 [22 25  0  0  0  0  0  0  0  0  0  0  0  0  0  0  0]
 [ 1 14  2  8  0  0  0  0  0  0  0  0  0  0  0  0  0]]
valid: gen=0.62
reward: norm=0.9379745851615175
[ 300 iterations]
real= [[ 9 13 18 26 25  0  0  0  0  0  0  0  0  0  0  0  0]
 [27 22 18 13 17  3 12 20  5  0  0  0  0  0  0  0  0]
 [12 27  6 22  0  0  0  0  0  0  0  0  0  0  0  0  0]
 [ 5  8 25 21 26  0  0  0  0  0  0  0  0  0  0  0  0]
 [25  1 19 21 14 18 23  7  0  0  0  0  0  0  0  0  0]
 [27  9 16 22 26  0  0  0  0  0  0  0  0  0  0  0  0]
 [17  2 19  0  0  0  0  0  0  0  0  0  0  0  0  0  0]
 [22 11  0  0  0  0  0  0  0  0  0  0  0  0  0  0  0]
 [15  4  0  0  0  0  0  0  0  0  0  0  0  0  0  0  0]
 [14  6 18  0  0  0  0  0  0  0  0  0  0  0  0  0  0]]
gen= [[18 26  9 13  0  0  0  0  0  0  0  0  0  0  0  0  0]
 [ 5 27 20 22  3 18  0  0  0  0  0  0  0  0  0  0  0]
 [27  6 22 12  0  0  0  0  0  0  0  0  0  0  0  0  0]
 [ 5 26  8 25  0  0  0  0  0  0  0  0  0  0  0  0  0]
 [ 1 19 23 14 18  7  0  0  0  0  0  0  0  0  0  0  0]
 [27 26  9 16  0  0  0  0  0  0  0  0  0  0  0  0  0]
 [19  2 17  0  0  0  0  0  0  0  0  0  0  0  0  0  0]
 [22 11  0  0  0  0  0  0  0  0  0  0  0  0  0  0  0]
 [ 4 15  0  0  0  0  0  0  0  0  0  0  0  0  0  0  0]
 [18 14  6  0  0  0  0  0  0  0  0  0  0  0  0  0  0]]
valid: gen=0.602
reward: norm=0.9342745351923756
[ 310 iterations]
real= [[ 6 21 14  3  9  0  0  0  0  0  0  0  0  0  0  0  0]
 [25 21 18  0  0  0  0  0  0  0  0  0  0  0  0  0  0]
 [15  0  0  0  0  0  0  0  0  0  0  0  0  0  0  0  0]
 [ 5  8 28 24 22  0  0  0  0  0  0  0  0  0  0  0  0]
 [17  1 15 26  0  0  0  0  0  0  0  0  0  0  0  0  0]
 [28 17 13  7 15  0  0  0  0  0  0  0  0  0  0  0  0]
 [17 19  9 14 11  0  0  0  0  0  0  0  0  0  0  0  0]
 [25 16 18 27  0  0  0  0  0  0  0  0  0  0  0  0  0]
 [23  0  0  0  0  0  0  0  0  0  0  0  0  0  0  0  0]
 [14 13 15  7  0  0  0  0  0  0  0  0  0  0  0  0  0]]
gen= [[14  9 21  3  0  0  0  0  0  0  0  0  0  0  0  0  0]
 [18 21 25  0  0  0  0  0  0  0  0  0  0  0  0  0  0]
 [15  0  0  0  0  0  0  0  0  0  0  0  0  0  0  0  0]
 [ 5  8 24 22  0  0  0  0  0  0  0  0  0  0  0  0  0]
 [ 1 15 26 17  0  0  0  0  0  0  0  0  0  0  0  0  0]
 [15 13  7  0  0  0  0  0  0  0  0  0  0  0  0  0  0]
 [19 14  0  0  0  0  0  0  0  0  0  0  0  0  0  0  0]
 [27 18 16 25  0  0  0  0  0  0  0  0  0  0  0  0  0]
 [23  0  0  0  0  0  0  0  0  0  0  0  0  0  0  0  0]
 [14 15  7  0  0  0  0  0  0  0  0  0  0  0  0  0  0]]
valid: gen=0.584
reward: norm=0.9322563291534207
[ 320 iterations]
real= [[ 8 10 23 27  0  0  0  0  0  0  0  0  0  0  0  0  0]
 [ 2 24  0  0  0  0  0  0  0  0  0  0  0  0  0  0  0]
 [19  0  0  0  0  0  0  0  0  0  0  0  0  0  0  0  0]
 [15  6  9 19  8 27  0  0  0  0  0  0  0  0  0  0  0]
 [17 15 23 11  0  0  0  0  0  0  0  0  0  0  0  0  0]
 [27 25  9 21 15 23  0  0  0  0  0  0  0  0  0  0  0]
 [26  4 15  0  0  0  0  0  0  0  0  0  0  0  0  0  0]
 [12  2 24  0  0  0  0  0  0  0  0  0  0  0  0  0  0]
 [21  0  0  0  0  0  0  0  0  0  0  0  0  0  0  0  0]
 [23  0  0  0  0  0  0  0  0  0  0  0  0  0  0  0  0]]
gen= [[23 27  8 10  0  0  0  0  0  0  0  0  0  0  0  0  0]
 [24  2  0  0  0  0  0  0  0  0  0  0  0  0  0  0  0]
 [19  0  0  0  0  0  0  0  0  0  0  0  0  0  0  0  0]
 [19 27 15  9  0  0  0  0  0  0  0  0  0  0  0  0  0]
 [23 15 11  0  0  0  0  0  0  0  0  0  0  0  0  0  0]
 [23 27 15  9 21  0  0  0  0  0  0  0  0  0  0  0  0]
 [ 4 26 15  0  0  0  0  0  0  0  0  0  0  0  0  0  0]
 [24 12  2  0  0  0  0  0  0  0  0  0  0  0  0  0  0]
 [21  0  0  0  0  0  0  0  0  0  0  0  0  0  0  0  0]
 [23  0  0  0  0  0  0  0  0  0  0  0  0  0  0  0  0]]
valid: gen=0.614
reward: norm=0.9342176383819093
[ 330 iterations]
real= [[ 1 10  0  0  0  0  0  0  0  0  0  0  0  0  0  0  0]
 [12 10 25 11  5 27  0  0  0  0  0  0  0  0  0  0  0]
 [28  0  0  0  0  0  0  0  0  0  0  0  0  0  0  0  0]
 [14 22 19  0  0  0  0  0  0  0  0  0  0  0  0  0  0]
 [ 5  2  7  0  0  0  0  0  0  0  0  0  0  0  0  0  0]
 [ 3 17  6 23 26  0  0  0  0  0  0  0  0  0  0  0  0]
 [24  4 25  2  0  0  0  0  0  0  0  0  0  0  0  0  0]
 [22  1  5  0  0  0  0  0  0  0  0  0  0  0  0  0  0]
 [12  4 20  6 26  0  0  0  0  0  0  0  0  0  0  0  0]
 [12  2 28 25  0  0  0  0  0  0  0  0  0  0  0  0  0]]
gen= [[ 1 10  0  0  0  0  0  0  0  0  0  0  0  0  0  0  0]
 [ 5 27 12 11  0  0  0  0  0  0  0  0  0  0  0  0  0]
 [28  0  0  0  0  0  0  0  0  0  0  0  0  0  0  0  0]
 [19 14 22  0  0  0  0  0  0  0  0  0  0  0  0  0  0]
 [ 5  7  2  0  0  0  0  0  0  0  0  0  0  0  0  0  0]
 [23 26  6 17  0  0  0  0  0  0  0  0  0  0  0  0  0]
 [ 4 24 25  0  0  0  0  0  0  0  0  0  0  0  0  0  0]
 [ 5  1  0  0  0  0  0  0  0  0  0  0  0  0  0  0  0]
 [ 4 20 26  6  0  0  0  0  0  0  0  0  0  0  0  0  0]
 [12 25 28  2  0  0  0  0  0  0  0  0  0  0  0  0  0]]
valid: gen=0.529
reward: norm=0.9448943326889335
[ 340 iterations]
real= [[26 19  5 15  0  0  0  0  0  0  0  0  0  0  0  0  0]
 [27  0  0  0  0  0  0  0  0  0  0  0  0  0  0  0  0]
 [20  7 23 11  0  0  0  0  0  0  0  0  0  0  0  0  0]
 [17 22 23  0  0  0  0  0  0  0  0  0  0  0  0  0  0]
 [ 3 13 24 18 15  4  0  0  0  0  0  0  0  0  0  0  0]
 [17  5 18  0  0  0  0  0  0  0  0  0  0  0  0  0  0]
 [17 13  0  0  0  0  0  0  0  0  0  0  0  0  0  0  0]
 [28 19  3 17  1  8  5 27  0  0  0  0  0  0  0  0  0]
 [22 13 25  0  0  0  0  0  0  0  0  0  0  0  0  0  0]
 [ 8  2  1 14 12  0  0  0  0  0  0  0  0  0  0  0  0]]
gen= [[ 5 19 26 15  0  0  0  0  0  0  0  0  0  0  0  0  0]
 [27  0  0  0  0  0  0  0  0  0  0  0  0  0  0  0  0]
 [23 20  7 11  0  0  0  0  0  0  0  0  0  0  0  0  0]
 [23 22 17  0  0  0  0  0  0  0  0  0  0  0  0  0  0]
 [ 4 18 15  3 24  0  0  0  0  0  0  0  0  0  0  0  0]
 [ 5 18 17  0  0  0  0  0  0  0  0  0  0  0  0  0  0]
 [13 17  0  0  0  0  0  0  0  0  0  0  0  0  0  0  0]
 [ 5 19  1 27  3  0  0  0  0  0  0  0  0  0  0  0  0]
 [13 22  0  0  0  0  0  0  0  0  0  0  0  0  0  0  0]
 [ 1 14  2  8  0  0  0  0  0  0  0  0  0  0  0  0  0]]
valid: gen=0.628
reward: norm=0.9334627982251237
[ 350 iterations]
real= [[ 9 13 18 26 25  0  0  0  0  0  0  0  0  0  0  0  0]
 [27 22 18 13 17  3 12 20  5  0  0  0  0  0  0  0  0]
 [12 27  6 22  0  0  0  0  0  0  0  0  0  0  0  0  0]
 [ 5  8 25 21 26  0  0  0  0  0  0  0  0  0  0  0  0]
 [25  1 19 21 14 18 23  7  0  0  0  0  0  0  0  0  0]
 [27  9 16 22 26  0  0  0  0  0  0  0  0  0  0  0  0]
 [17  2 19  0  0  0  0  0  0  0  0  0  0  0  0  0  0]
 [22 11  0  0  0  0  0  0  0  0  0  0  0  0  0  0  0]
 [15  4  0  0  0  0  0  0  0  0  0  0  0  0  0  0  0]
 [14  6 18  0  0  0  0  0  0  0  0  0  0  0  0  0  0]]
gen= [[18 26  9 25  0  0  0  0  0  0  0  0  0  0  0  0  0]
 [ 5 27 20 12 18  0  0  0  0  0  0  0  0  0  0  0  0]
 [27 12  6 22  0  0  0  0  0  0  0  0  0  0  0  0  0]
 [ 5 26  8 25  0  0  0  0  0  0  0  0  0  0  0  0  0]
 [19  1 23 14 18  0  0  0  0  0  0  0  0  0  0  0  0]
 [27 26  9 16  0  0  0  0  0  0  0  0  0  0  0  0  0]
 [19 17  2  0  0  0  0  0  0  0  0  0  0  0  0  0  0]
 [11 22  0  0  0  0  0  0  0  0  0  0  0  0  0  0  0]
 [ 4 15  0  0  0  0  0  0  0  0  0  0  0  0  0  0  0]
 [18 14  6  0  0  0  0  0  0  0  0  0  0  0  0  0  0]]
valid: gen=0.611
reward: norm=0.931803450854502
[ 360 iterations]
real= [[ 6 21 14  3  9  0  0  0  0  0  0  0  0  0  0  0  0]
 [25 21 18  0  0  0  0  0  0  0  0  0  0  0  0  0  0]
 [15  0  0  0  0  0  0  0  0  0  0  0  0  0  0  0  0]
 [ 5  8 28 24 22  0  0  0  0  0  0  0  0  0  0  0  0]
 [17  1 15 26  0  0  0  0  0  0  0  0  0  0  0  0  0]
 [28 17 13  7 15  0  0  0  0  0  0  0  0  0  0  0  0]
 [17 19  9 14 11  0  0  0  0  0  0  0  0  0  0  0  0]
 [25 16 18 27  0  0  0  0  0  0  0  0  0  0  0  0  0]
 [23  0  0  0  0  0  0  0  0  0  0  0  0  0  0  0  0]
 [14 13 15  7  0  0  0  0  0  0  0  0  0  0  0  0  0]]
gen= [[14  9 21  3  0  0  0  0  0  0  0  0  0  0  0  0  0]
 [18 21 25  0  0  0  0  0  0  0  0  0  0  0  0  0  0]
 [15  0  0  0  0  0  0  0  0  0  0  0  0  0  0  0  0]
 [ 5  8 28 22 24  0  0  0  0  0  0  0  0  0  0  0  0]
 [ 1 26 15 17  0  0  0  0  0  0  0  0  0  0  0  0  0]
 [15 13  7  0  0  0  0  0  0  0  0  0  0  0  0  0  0]
 [19 14  0  0  0  0  0  0  0  0  0  0  0  0  0  0  0]
 [27 18 16 25  0  0  0  0  0  0  0  0  0  0  0  0  0]
 [23  0  0  0  0  0  0  0  0  0  0  0  0  0  0  0  0]
 [14 15  7  0  0  0  0  0  0  0  0  0  0  0  0  0  0]]
valid: gen=0.575
reward: norm=0.9346892631369068
[ 370 iterations]
real= [[ 8 10 23 27  0  0  0  0  0  0  0  0  0  0  0  0  0]
 [ 2 24  0  0  0  0  0  0  0  0  0  0  0  0  0  0  0]
 [19  0  0  0  0  0  0  0  0  0  0  0  0  0  0  0  0]
 [15  6  9 19  8 27  0  0  0  0  0  0  0  0  0  0  0]
 [17 15 23 11  0  0  0  0  0  0  0  0  0  0  0  0  0]
 [27 25  9 21 15 23  0  0  0  0  0  0  0  0  0  0  0]
 [26  4 15  0  0  0  0  0  0  0  0  0  0  0  0  0  0]
 [12  2 24  0  0  0  0  0  0  0  0  0  0  0  0  0  0]
 [21  0  0  0  0  0  0  0  0  0  0  0  0  0  0  0  0]
 [23  0  0  0  0  0  0  0  0  0  0  0  0  0  0  0  0]]
gen= [[23 27 10  8  0  0  0  0  0  0  0  0  0  0  0  0  0]
 [24  2  0  0  0  0  0  0  0  0  0  0  0  0  0  0  0]
 [19  0  0  0  0  0  0  0  0  0  0  0  0  0  0  0  0]
 [19 27 15  9  8  0  0  0  0  0  0  0  0  0  0  0  0]
 [23 15 17 11  0  0  0  0  0  0  0  0  0  0  0  0  0]
 [23 27 15 25  9  0  0  0  0  0  0  0  0  0  0  0  0]
 [ 4 26 15  0  0  0  0  0  0  0  0  0  0  0  0  0  0]
 [24  2 12  0  0  0  0  0  0  0  0  0  0  0  0  0  0]
 [21  0  0  0  0  0  0  0  0  0  0  0  0  0  0  0  0]
 [23  0  0  0  0  0  0  0  0  0  0  0  0  0  0  0  0]]
valid: gen=0.614
reward: norm=0.9369575828507262
[ 380 iterations]
real= [[ 1 10  0  0  0  0  0  0  0  0  0  0  0  0  0  0  0]
 [12 10 25 11  5 27  0  0  0  0  0  0  0  0  0  0  0]
 [28  0  0  0  0  0  0  0  0  0  0  0  0  0  0  0  0]
 [14 22 19  0  0  0  0  0  0  0  0  0  0  0  0  0  0]
 [ 5  2  7  0  0  0  0  0  0  0  0  0  0  0  0  0  0]
 [ 3 17  6 23 26  0  0  0  0  0  0  0  0  0  0  0  0]
 [24  4 25  2  0  0  0  0  0  0  0  0  0  0  0  0  0]
 [22  1  5  0  0  0  0  0  0  0  0  0  0  0  0  0  0]
 [12  4 20  6 26  0  0  0  0  0  0  0  0  0  0  0  0]
 [12  2 28 25  0  0  0  0  0  0  0  0  0  0  0  0  0]]
gen= [[ 1 10  0  0  0  0  0  0  0  0  0  0  0  0  0  0  0]
 [ 5 27 10  0  0  0  0  0  0  0  0  0  0  0  0  0  0]
 [28  0  0  0  0  0  0  0  0  0  0  0  0  0  0  0  0]
 [19 14 22  0  0  0  0  0  0  0  0  0  0  0  0  0  0]
 [ 5  7  2  0  0  0  0  0  0  0  0  0  0  0  0  0  0]
 [23 26  6 17  0  0  0  0  0  0  0  0  0  0  0  0  0]
 [ 4 24 25  0  0  0  0  0  0  0  0  0  0  0  0  0  0]
 [ 5  1  0  0  0  0  0  0  0  0  0  0  0  0  0  0  0]
 [ 4 20 26  6  0  0  0  0  0  0  0  0  0  0  0  0  0]
 [ 2 25 12 28  0  0  0  0  0  0  0  0  0  0  0  0  0]]
valid: gen=0.529
reward: norm=0.9457636720251684
[ 390 iterations]
real= [[26 19  5 15  0  0  0  0  0  0  0  0  0  0  0  0  0]
 [27  0  0  0  0  0  0  0  0  0  0  0  0  0  0  0  0]
 [20  7 23 11  0  0  0  0  0  0  0  0  0  0  0  0  0]
 [17 22 23  0  0  0  0  0  0  0  0  0  0  0  0  0  0]
 [ 3 13 24 18 15  4  0  0  0  0  0  0  0  0  0  0  0]
 [17  5 18  0  0  0  0  0  0  0  0  0  0  0  0  0  0]
 [17 13  0  0  0  0  0  0  0  0  0  0  0  0  0  0  0]
 [28 19  3 17  1  8  5 27  0  0  0  0  0  0  0  0  0]
 [22 13 25  0  0  0  0  0  0  0  0  0  0  0  0  0  0]
 [ 8  2  1 14 12  0  0  0  0  0  0  0  0  0  0  0  0]]
gen= [[ 5 19 15 26  0  0  0  0  0  0  0  0  0  0  0  0  0]
 [27  0  0  0  0  0  0  0  0  0  0  0  0  0  0  0  0]
 [23 20  7 11  0  0  0  0  0  0  0  0  0  0  0  0  0]
 [23 17 22  0  0  0  0  0  0  0  0  0  0  0  0  0  0]
 [ 4 18 15 24 13  3  0  0  0  0  0  0  0  0  0  0  0]
 [ 5 18 17  0  0  0  0  0  0  0  0  0  0  0  0  0  0]
 [17 13  0  0  0  0  0  0  0  0  0  0  0  0  0  0  0]
 [ 5 19  1 27  3  0  0  0  0  0  0  0  0  0  0  0  0]
 [13 22  0  0  0  0  0  0  0  0  0  0  0  0  0  0  0]
 [ 1 14 12  2  8  0  0  0  0  0  0  0  0  0  0  0  0]]
valid: gen=0.635
reward: norm=0.9338771231250629
[ 400 iterations]
real= [[ 9 13 18 26 25  0  0  0  0  0  0  0  0  0  0  0  0]
 [27 22 18 13 17  3 12 20  5  0  0  0  0  0  0  0  0]
 [12 27  6 22  0  0  0  0  0  0  0  0  0  0  0  0  0]
 [ 5  8 25 21 26  0  0  0  0  0  0  0  0  0  0  0  0]
 [25  1 19 21 14 18 23  7  0  0  0  0  0  0  0  0  0]
 [27  9 16 22 26  0  0  0  0  0  0  0  0  0  0  0  0]
 [17  2 19  0  0  0  0  0  0  0  0  0  0  0  0  0  0]
 [22 11  0  0  0  0  0  0  0  0  0  0  0  0  0  0  0]
 [15  4  0  0  0  0  0  0  0  0  0  0  0  0  0  0  0]
 [14  6 18  0  0  0  0  0  0  0  0  0  0  0  0  0  0]]
gen= [[18 26 13  9  0  0  0  0  0  0  0  0  0  0  0  0  0]
 [ 5 27 20  3 17 18  0  0  0  0  0  0  0  0  0  0  0]
 [27  6 12 22  0  0  0  0  0  0  0  0  0  0  0  0  0]
 [ 5 26 21  0  0  0  0  0  0  0  0  0  0  0  0  0  0]
 [19  1 23 14 18  7  0  0  0  0  0  0  0  0  0  0  0]
 [27 26  9 16  0  0  0  0  0  0  0  0  0  0  0  0  0]
 [19 17  2  0  0  0  0  0  0  0  0  0  0  0  0  0  0]
 [11 22  0  0  0  0  0  0  0  0  0  0  0  0  0  0  0]
 [ 4 15  0  0  0  0  0  0  0  0  0  0  0  0  0  0  0]
 [18 14  6  0  0  0  0  0  0  0  0  0  0  0  0  0  0]]
valid: gen=0.615
reward: norm=0.9340324041007554
[ 410 iterations]
real= [[ 6 21 14  3  9  0  0  0  0  0  0  0  0  0  0  0  0]
 [25 21 18  0  0  0  0  0  0  0  0  0  0  0  0  0  0]
 [15  0  0  0  0  0  0  0  0  0  0  0  0  0  0  0  0]
 [ 5  8 28 24 22  0  0  0  0  0  0  0  0  0  0  0  0]
 [17  1 15 26  0  0  0  0  0  0  0  0  0  0  0  0  0]
 [28 17 13  7 15  0  0  0  0  0  0  0  0  0  0  0  0]
 [17 19  9 14 11  0  0  0  0  0  0  0  0  0  0  0  0]
 [25 16 18 27  0  0  0  0  0  0  0  0  0  0  0  0  0]
 [23  0  0  0  0  0  0  0  0  0  0  0  0  0  0  0  0]
 [14 13 15  7  0  0  0  0  0  0  0  0  0  0  0  0  0]]
gen= [[14  9  6  3  0  0  0  0  0  0  0  0  0  0  0  0  0]
 [18 21 25  0  0  0  0  0  0  0  0  0  0  0  0  0  0]
 [15  0  0  0  0  0  0  0  0  0  0  0  0  0  0  0  0]
 [ 5  8 24 28  0  0  0  0  0  0  0  0  0  0  0  0  0]
 [ 1 15 26 17  0  0  0  0  0  0  0  0  0  0  0  0  0]
 [15 13 28  7  0  0  0  0  0  0  0  0  0  0  0  0  0]
 [19 14  0  0  0  0  0  0  0  0  0  0  0  0  0  0  0]
 [27 18 16 25  0  0  0  0  0  0  0  0  0  0  0  0  0]
 [23  0  0  0  0  0  0  0  0  0  0  0  0  0  0  0  0]
 [15 14  0  0  0  0  0  0  0  0  0  0  0  0  0  0  0]]
valid: gen=0.565
reward: norm=0.9369842824596427
[ 420 iterations]
real= [[ 8 10 23 27  0  0  0  0  0  0  0  0  0  0  0  0  0]
 [ 2 24  0  0  0  0  0  0  0  0  0  0  0  0  0  0  0]
 [19  0  0  0  0  0  0  0  0  0  0  0  0  0  0  0  0]
 [15  6  9 19  8 27  0  0  0  0  0  0  0  0  0  0  0]
 [17 15 23 11  0  0  0  0  0  0  0  0  0  0  0  0  0]
 [27 25  9 21 15 23  0  0  0  0  0  0  0  0  0  0  0]
 [26  4 15  0  0  0  0  0  0  0  0  0  0  0  0  0  0]
 [12  2 24  0  0  0  0  0  0  0  0  0  0  0  0  0  0]
 [21  0  0  0  0  0  0  0  0  0  0  0  0  0  0  0  0]
 [23  0  0  0  0  0  0  0  0  0  0  0  0  0  0  0  0]]
gen= [[23 27 10  8  0  0  0  0  0  0  0  0  0  0  0  0  0]
 [ 2 24  0  0  0  0  0  0  0  0  0  0  0  0  0  0  0]
 [19  0  0  0  0  0  0  0  0  0  0  0  0  0  0  0  0]
 [19 27 15  8  0  0  0  0  0  0  0  0  0  0  0  0  0]
 [23 15 17 11  0  0  0  0  0  0  0  0  0  0  0  0  0]
 [23 27 15 25  9  0  0  0  0  0  0  0  0  0  0  0  0]
 [ 4 15 26  0  0  0  0  0  0  0  0  0  0  0  0  0  0]
 [24 12  2  0  0  0  0  0  0  0  0  0  0  0  0  0  0]
 [21  0  0  0  0  0  0  0  0  0  0  0  0  0  0  0  0]
 [23  0  0  0  0  0  0  0  0  0  0  0  0  0  0  0  0]]
valid: gen=0.618
reward: norm=0.9370276014890176
[ 430 iterations]
real= [[ 1 10  0  0  0  0  0  0  0  0  0  0  0  0  0  0  0]
 [12 10 25 11  5 27  0  0  0  0  0  0  0  0  0  0  0]
 [28  0  0  0  0  0  0  0  0  0  0  0  0  0  0  0  0]
 [14 22 19  0  0  0  0  0  0  0  0  0  0  0  0  0  0]
 [ 5  2  7  0  0  0  0  0  0  0  0  0  0  0  0  0  0]
 [ 3 17  6 23 26  0  0  0  0  0  0  0  0  0  0  0  0]
 [24  4 25  2  0  0  0  0  0  0  0  0  0  0  0  0  0]
 [22  1  5  0  0  0  0  0  0  0  0  0  0  0  0  0  0]
 [12  4 20  6 26  0  0  0  0  0  0  0  0  0  0  0  0]
 [12  2 28 25  0  0  0  0  0  0  0  0  0  0  0  0  0]]
gen= [[ 1 10  0  0  0  0  0  0  0  0  0  0  0  0  0  0  0]
 [ 5 27 25 11  0  0  0  0  0  0  0  0  0  0  0  0  0]
 [28  0  0  0  0  0  0  0  0  0  0  0  0  0  0  0  0]
 [19 14 22  0  0  0  0  0  0  0  0  0  0  0  0  0  0]
 [ 5  7  2  0  0  0  0  0  0  0  0  0  0  0  0  0  0]
 [23 26  6  3  0  0  0  0  0  0  0  0  0  0  0  0  0]
 [ 4  2 25 24  0  0  0  0  0  0  0  0  0  0  0  0  0]
 [ 5  1  0  0  0  0  0  0  0  0  0  0  0  0  0  0  0]
 [ 4 20 26  6  0  0  0  0  0  0  0  0  0  0  0  0  0]
 [25 12 28  2  0  0  0  0  0  0  0  0  0  0  0  0  0]]
valid: gen=0.531
reward: norm=0.9412713432600285
[ 440 iterations]
real= [[26 19  5 15  0  0  0  0  0  0  0  0  0  0  0  0  0]
 [27  0  0  0  0  0  0  0  0  0  0  0  0  0  0  0  0]
 [20  7 23 11  0  0  0  0  0  0  0  0  0  0  0  0  0]
 [17 22 23  0  0  0  0  0  0  0  0  0  0  0  0  0  0]
 [ 3 13 24 18 15  4  0  0  0  0  0  0  0  0  0  0  0]
 [17  5 18  0  0  0  0  0  0  0  0  0  0  0  0  0  0]
 [17 13  0  0  0  0  0  0  0  0  0  0  0  0  0  0  0]
 [28 19  3 17  1  8  5 27  0  0  0  0  0  0  0  0  0]
 [22 13 25  0  0  0  0  0  0  0  0  0  0  0  0  0  0]
 [ 8  2  1 14 12  0  0  0  0  0  0  0  0  0  0  0  0]]
gen= [[ 5 19 15 26  0  0  0  0  0  0  0  0  0  0  0  0  0]
 [27  0  0  0  0  0  0  0  0  0  0  0  0  0  0  0  0]
 [23 20 11  7  0  0  0  0  0  0  0  0  0  0  0  0  0]
 [23 17 22  0  0  0  0  0  0  0  0  0  0  0  0  0  0]
 [ 4 18 15 24 13  3  0  0  0  0  0  0  0  0  0  0  0]
 [ 5 18 17  0  0  0  0  0  0  0  0  0  0  0  0  0  0]
 [13 17  0  0  0  0  0  0  0  0  0  0  0  0  0  0  0]
 [ 5 19  1 27  3  0  0  0  0  0  0  0  0  0  0  0  0]
 [13 22  0  0  0  0  0  0  0  0  0  0  0  0  0  0  0]
 [ 1 14  2  8  0  0  0  0  0  0  0  0  0  0  0  0  0]]
valid: gen=0.633
reward: norm=0.9327845116620722
[ 450 iterations]
real= [[ 9 13 18 26 25  0  0  0  0  0  0  0  0  0  0  0  0]
 [27 22 18 13 17  3 12 20  5  0  0  0  0  0  0  0  0]
 [12 27  6 22  0  0  0  0  0  0  0  0  0  0  0  0  0]
 [ 5  8 25 21 26  0  0  0  0  0  0  0  0  0  0  0  0]
 [25  1 19 21 14 18 23  7  0  0  0  0  0  0  0  0  0]
 [27  9 16 22 26  0  0  0  0  0  0  0  0  0  0  0  0]
 [17  2 19  0  0  0  0  0  0  0  0  0  0  0  0  0  0]
 [22 11  0  0  0  0  0  0  0  0  0  0  0  0  0  0  0]
 [15  4  0  0  0  0  0  0  0  0  0  0  0  0  0  0  0]
 [14  6 18  0  0  0  0  0  0  0  0  0  0  0  0  0  0]]
gen= [[18 26  9 25  0  0  0  0  0  0  0  0  0  0  0  0  0]
 [ 5 27 20  3 22 12  0  0  0  0  0  0  0  0  0  0  0]
 [27  6 22 12  0  0  0  0  0  0  0  0  0  0  0  0  0]
 [ 5 26 21  0  0  0  0  0  0  0  0  0  0  0  0  0  0]
 [19  1 23 14 18  0  0  0  0  0  0  0  0  0  0  0  0]
 [27 26 16  9  0  0  0  0  0  0  0  0  0  0  0  0  0]
 [19  2 17  0  0  0  0  0  0  0  0  0  0  0  0  0  0]
 [11 22  0  0  0  0  0  0  0  0  0  0  0  0  0  0  0]
 [ 4 15  0  0  0  0  0  0  0  0  0  0  0  0  0  0  0]
 [18 14  6  0  0  0  0  0  0  0  0  0  0  0  0  0  0]]
valid: gen=0.608
reward: norm=0.9323212848109089
[ 460 iterations]
real= [[ 6 21 14  3  9  0  0  0  0  0  0  0  0  0  0  0  0]
 [25 21 18  0  0  0  0  0  0  0  0  0  0  0  0  0  0]
 [15  0  0  0  0  0  0  0  0  0  0  0  0  0  0  0  0]
 [ 5  8 28 24 22  0  0  0  0  0  0  0  0  0  0  0  0]
 [17  1 15 26  0  0  0  0  0  0  0  0  0  0  0  0  0]
 [28 17 13  7 15  0  0  0  0  0  0  0  0  0  0  0  0]
 [17 19  9 14 11  0  0  0  0  0  0  0  0  0  0  0  0]
 [25 16 18 27  0  0  0  0  0  0  0  0  0  0  0  0  0]
 [23  0  0  0  0  0  0  0  0  0  0  0  0  0  0  0  0]
 [14 13 15  7  0  0  0  0  0  0  0  0  0  0  0  0  0]]
gen= [[14  9 21  3  0  0  0  0  0  0  0  0  0  0  0  0  0]
 [18 21 25  0  0  0  0  0  0  0  0  0  0  0  0  0  0]
 [15  0  0  0  0  0  0  0  0  0  0  0  0  0  0  0  0]
 [ 5  8 24 22  0  0  0  0  0  0  0  0  0  0  0  0  0]
 [ 1 15 26 17  0  0  0  0  0  0  0  0  0  0  0  0  0]
 [15  7 17 28  0  0  0  0  0  0  0  0  0  0  0  0  0]
 [19 14  0  0  0  0  0  0  0  0  0  0  0  0  0  0  0]
 [27 18 16 25  0  0  0  0  0  0  0  0  0  0  0  0  0]
 [23  0  0  0  0  0  0  0  0  0  0  0  0  0  0  0  0]
 [15 14  0  0  0  0  0  0  0  0  0  0  0  0  0  0  0]]
valid: gen=0.577
reward: norm=0.9326721271638888
[ 470 iterations]
real= [[ 8 10 23 27  0  0  0  0  0  0  0  0  0  0  0  0  0]
 [ 2 24  0  0  0  0  0  0  0  0  0  0  0  0  0  0  0]
 [19  0  0  0  0  0  0  0  0  0  0  0  0  0  0  0  0]
 [15  6  9 19  8 27  0  0  0  0  0  0  0  0  0  0  0]
 [17 15 23 11  0  0  0  0  0  0  0  0  0  0  0  0  0]
 [27 25  9 21 15 23  0  0  0  0  0  0  0  0  0  0  0]
 [26  4 15  0  0  0  0  0  0  0  0  0  0  0  0  0  0]
 [12  2 24  0  0  0  0  0  0  0  0  0  0  0  0  0  0]
 [21  0  0  0  0  0  0  0  0  0  0  0  0  0  0  0  0]
 [23  0  0  0  0  0  0  0  0  0  0  0  0  0  0  0  0]]
gen= [[23 27  8 10  0  0  0  0  0  0  0  0  0  0  0  0  0]
 [24  2  0  0  0  0  0  0  0  0  0  0  0  0  0  0  0]
 [19  0  0  0  0  0  0  0  0  0  0  0  0  0  0  0  0]
 [19 27 15  6  0  0  0  0  0  0  0  0  0  0  0  0  0]
 [23 15 17 11  0  0  0  0  0  0  0  0  0  0  0  0  0]
 [23 27 15 21  0  0  0  0  0  0  0  0  0  0  0  0  0]
 [ 4 15 26  0  0  0  0  0  0  0  0  0  0  0  0  0  0]
 [24 12  2  0  0  0  0  0  0  0  0  0  0  0  0  0  0]
 [21  0  0  0  0  0  0  0  0  0  0  0  0  0  0  0  0]
 [23  0  0  0  0  0  0  0  0  0  0  0  0  0  0  0  0]]
valid: gen=0.612
reward: norm=0.9390063921725322
[ 480 iterations]
real= [[ 1 10  0  0  0  0  0  0  0  0  0  0  0  0  0  0  0]
 [12 10 25 11  5 27  0  0  0  0  0  0  0  0  0  0  0]
 [28  0  0  0  0  0  0  0  0  0  0  0  0  0  0  0  0]
 [14 22 19  0  0  0  0  0  0  0  0  0  0  0  0  0  0]
 [ 5  2  7  0  0  0  0  0  0  0  0  0  0  0  0  0  0]
 [ 3 17  6 23 26  0  0  0  0  0  0  0  0  0  0  0  0]
 [24  4 25  2  0  0  0  0  0  0  0  0  0  0  0  0  0]
 [22  1  5  0  0  0  0  0  0  0  0  0  0  0  0  0  0]
 [12  4 20  6 26  0  0  0  0  0  0  0  0  0  0  0  0]
 [12  2 28 25  0  0  0  0  0  0  0  0  0  0  0  0  0]]
gen= [[ 1 10  0  0  0  0  0  0  0  0  0  0  0  0  0  0  0]
 [ 5 27 12 25  0  0  0  0  0  0  0  0  0  0  0  0  0]
 [28  0  0  0  0  0  0  0  0  0  0  0  0  0  0  0  0]
 [19 14 22  0  0  0  0  0  0  0  0  0  0  0  0  0  0]
 [ 5  2  7  0  0  0  0  0  0  0  0  0  0  0  0  0  0]
 [23 26  6  3  0  0  0  0  0  0  0  0  0  0  0  0  0]
 [ 4 24 25  0  0  0  0  0  0  0  0  0  0  0  0  0  0]
 [ 5  1  0  0  0  0  0  0  0  0  0  0  0  0  0  0  0]
 [ 4 20 26  6  0  0  0  0  0  0  0  0  0  0  0  0  0]
 [28 25 12  2  0  0  0  0  0  0  0  0  0  0  0  0  0]]
valid: gen=0.529
reward: norm=0.9446790039497004
[ 490 iterations]
real= [[26 19  5 15  0  0  0  0  0  0  0  0  0  0  0  0  0]
 [27  0  0  0  0  0  0  0  0  0  0  0  0  0  0  0  0]
 [20  7 23 11  0  0  0  0  0  0  0  0  0  0  0  0  0]
 [17 22 23  0  0  0  0  0  0  0  0  0  0  0  0  0  0]
 [ 3 13 24 18 15  4  0  0  0  0  0  0  0  0  0  0  0]
 [17  5 18  0  0  0  0  0  0  0  0  0  0  0  0  0  0]
 [17 13  0  0  0  0  0  0  0  0  0  0  0  0  0  0  0]
 [28 19  3 17  1  8  5 27  0  0  0  0  0  0  0  0  0]
 [22 13 25  0  0  0  0  0  0  0  0  0  0  0  0  0  0]
 [ 8  2  1 14 12  0  0  0  0  0  0  0  0  0  0  0  0]]
gen= [[ 5 19 15 26  0  0  0  0  0  0  0  0  0  0  0  0  0]
 [27  0  0  0  0  0  0  0  0  0  0  0  0  0  0  0  0]
 [23 20  7 11  0  0  0  0  0  0  0  0  0  0  0  0  0]
 [23 17 22  0  0  0  0  0  0  0  0  0  0  0  0  0  0]
 [ 4 18 15 13  3  0  0  0  0  0  0  0  0  0  0  0  0]
 [ 5 18 17  0  0  0  0  0  0  0  0  0  0  0  0  0  0]
 [17 13  0  0  0  0  0  0  0  0  0  0  0  0  0  0  0]
 [ 5 19  1 27  3  0  0  0  0  0  0  0  0  0  0  0  0]
 [13 25  0  0  0  0  0  0  0  0  0  0  0  0  0  0  0]
 [ 1 14 12  2  8  0  0  0  0  0  0  0  0  0  0  0  0]]
valid: gen=0.652
reward: norm=0.9311821287432859
